11:10:34 INFO  - Executed action GD.API.Controllers.System.UserController.GetLoginUserInfoAsync (API) in 987ms
11:10:46 INFO  - Executed action GD.Host.Controllers.AccountController.LoginAdmin (PAPI) in 66ms
11:10:47 INFO  - Executed action GD.API.Controllers.System.UserController.GetLoginUserInfoAsync (API) in 372ms
11:10:47 INFO  - Executed action GD.API.Controllers.Utility.ArticleController.GetArticleListAsync (API) in 211ms
11:10:50 INFO  - Executed action GD.API.Controllers.Utility.ArticleController.GetArticleTypeAsync (API) in 2629ms
11:10:52 INFO  - Executed action GD.API.Controllers.Utility.CourseController.GetCourseListAsync (API) in 54ms
11:10:53 INFO  - Executed action GD.API.Controllers.Manager.RecommendController.GetRecommendPageAsync (API) in 52ms
11:10:54 INFO  - Executed action GD.API.Controllers.System.HeadlineController.GetHeadlinePageAsync (API) in 45ms
11:10:56 INFO  - Executed action GD.API.Controllers.System.BannerController.GetBannerType1 (API) in 42ms
11:10:56 INFO  - Executed action GD.API.Controllers.System.BannerController.GetBannerPageAsync (API) in 82ms
11:11:11 INFO  - Executed action GD.API.Controllers.Doctor.HospitalController.GetHospitalLevel (API) in 1ms
11:11:11 INFO  - Executed action GD.API.Controllers.Doctor.HospitalController.GetHospitalPageAsync (API) in 54ms
11:11:15 INFO  - Executed action GD.API.Controllers.Doctor.HospitalController.GetOfficeListAsync (API) in 49ms
11:11:15 INFO  - Executed action GD.API.Controllers.Doctor.HospitalController.GetFirstOfficeListAsync (API) in 36ms
11:14:59 INFO  - Executed action GD.API.Controllers.System.UserController.GetLoginUserInfoAsync (API) in 1087ms
11:14:59 INFO  - Executed action GD.API.Controllers.Doctor.HospitalController.GetFirstOfficeListAsync (API) in 44ms
11:15:00 INFO  - Executed action GD.API.Controllers.Doctor.HospitalController.GetOfficeListAsync (API) in 63ms
11:23:14 INFO  - Executed action GD.API.Controllers.Mall.MemberController.GetMemberPageAsync (API) in 718ms
11:23:16 INFO  - Executed action GD.API.Controllers.Doctor.DoctorController.GetDoctorPageAsync (API) in 92ms
11:23:16 INFO  - Executed action GD.API.Controllers.Doctor.HospitalController.GetHospitalAllSelectAsync (API) in 155ms
11:23:16 INFO  - Executed action GD.API.Controllers.Doctor.HospitalController.GetHospitalAllSelectAsync (API) in 38ms
11:23:18 INFO  - Executed action GD.API.Controllers.Doctor.DoctorController.GetDoctorJobTitlesAsync (API) in 2592ms
11:23:20 INFO  - Executed action GD.API.Controllers.Doctor.HospitalController.GetHospitalOfficeSelectAsync (API) in 37ms
11:23:29 INFO  - Executed action GD.API.Controllers.Doctor.DoctorController.GetDoctorIntegralPageAsync (API) in 199ms
11:23:31 INFO  - Executed action GD.API.Controllers.Doctor.HospitalController.GetHospitalLevel (API) in 1ms
11:23:31 INFO  - Executed action GD.API.Controllers.Doctor.HospitalController.GetHospitalPageAsync (API) in 74ms
11:23:34 INFO  - Executed action GD.API.Controllers.Doctor.HospitalController.GetHospitalOfficeSelectAsync (API) in 27ms
11:23:38 INFO  - Executed action GD.API.Controllers.Doctor.HospitalController.GetFirstOfficeListAsync (API) in 47ms
11:23:38 INFO  - Executed action GD.API.Controllers.Doctor.HospitalController.GetOfficeListAsync (API) in 77ms
11:24:15 INFO  - Executed action GD.API.Controllers.System.AccessoryController.GetAcessoryUrlAsync (API) in 30ms
11:24:26 INFO  - Executed action GD.API.Controllers.Doctor.HospitalController.UpdataOfficeAsync (API) in 177ms
11:24:27 INFO  - Executed action GD.API.Controllers.Doctor.HospitalController.GetFirstOfficeListAsync (API) in 37ms
11:24:27 INFO  - Executed action GD.API.Controllers.Doctor.HospitalController.GetOfficeListAsync (API) in 72ms
11:24:30 INFO  - Executed action GD.API.Controllers.System.AccessoryController.GetAcessoryUrlAsync (API) in 28ms
11:24:36 INFO  - Executed action GD.API.Controllers.Doctor.HospitalController.UpdataOfficeAsync (API) in 140ms
11:24:36 INFO  - Executed action GD.API.Controllers.Doctor.HospitalController.GetFirstOfficeListAsync (API) in 47ms
11:24:36 INFO  - Executed action GD.API.Controllers.Doctor.HospitalController.GetOfficeListAsync (API) in 67ms
11:24:43 INFO  - Executed action GD.API.Controllers.Doctor.HospitalController.UpdataOfficeAsync (API) in 137ms
11:24:43 INFO  - Executed action GD.API.Controllers.Doctor.HospitalController.GetFirstOfficeListAsync (API) in 42ms
11:24:43 INFO  - Executed action GD.API.Controllers.Doctor.HospitalController.GetOfficeListAsync (API) in 65ms
11:24:45 INFO  - Executed action GD.API.Controllers.System.AccessoryController.GetAcessoryUrlAsync (API) in 26ms
11:24:56 INFO  - Executed action GD.API.Controllers.System.AccessoryController.GetAcessoryUrlAsync (API) in 25ms
11:25:00 INFO  - Executed action GD.API.Controllers.Doctor.HospitalController.UpdataOfficeAsync (API) in 134ms
11:25:00 INFO  - Executed action GD.API.Controllers.Doctor.HospitalController.GetFirstOfficeListAsync (API) in 42ms
11:25:00 INFO  - Executed action GD.API.Controllers.Doctor.HospitalController.GetOfficeListAsync (API) in 73ms
11:25:19 INFO  - Executed action GD.API.Controllers.Doctor.HospitalController.UpdataOfficeAsync (API) in 196ms
11:25:19 INFO  - Executed action GD.API.Controllers.Doctor.HospitalController.GetFirstOfficeListAsync (API) in 44ms
11:25:19 INFO  - Executed action GD.API.Controllers.Doctor.HospitalController.GetOfficeListAsync (API) in 71ms
11:25:35 INFO  - Executed action GD.API.Controllers.Doctor.HospitalController.UpdataOfficeAsync (API) in 141ms
11:25:35 INFO  - Executed action GD.API.Controllers.Doctor.HospitalController.GetFirstOfficeListAsync (API) in 43ms
11:25:35 INFO  - Executed action GD.API.Controllers.Doctor.HospitalController.GetOfficeListAsync (API) in 70ms
11:25:44 INFO  - Executed action GD.API.Controllers.Doctor.HospitalController.UpdataOfficeAsync (API) in 135ms
11:25:44 INFO  - Executed action GD.API.Controllers.Doctor.HospitalController.GetFirstOfficeListAsync (API) in 44ms
11:25:44 INFO  - Executed action GD.API.Controllers.Doctor.HospitalController.GetOfficeListAsync (API) in 75ms
11:25:50 INFO  - Executed action GD.API.Controllers.Doctor.HospitalController.DisableEnableOfficeAsync (API) in 364ms
11:25:50 INFO  - Executed action GD.API.Controllers.Doctor.HospitalController.GetOfficeListAsync (API) in 67ms
11:26:02 INFO  - Executed action GD.API.Controllers.Doctor.HospitalController.UpdataOfficeAsync (API) in 177ms
11:26:02 INFO  - Executed action GD.API.Controllers.Doctor.HospitalController.GetFirstOfficeListAsync (API) in 42ms
11:26:02 INFO  - Executed action GD.API.Controllers.Doctor.HospitalController.GetOfficeListAsync (API) in 68ms
11:26:13 INFO  - Executed action GD.API.Controllers.Doctor.HospitalController.UpdataOfficeAsync (API) in 140ms
11:26:13 INFO  - Executed action GD.API.Controllers.Doctor.HospitalController.GetFirstOfficeListAsync (API) in 44ms
11:26:13 INFO  - Executed action GD.API.Controllers.Doctor.HospitalController.GetOfficeListAsync (API) in 69ms
11:26:18 INFO  - Executed action GD.API.Controllers.System.AccessoryController.GetAcessoryUrlAsync (API) in 26ms
11:26:24 INFO  - Executed action GD.API.Controllers.Doctor.HospitalController.UpdataOfficeAsync (API) in 172ms
11:26:24 INFO  - Executed action GD.API.Controllers.Doctor.HospitalController.GetFirstOfficeListAsync (API) in 46ms
11:26:24 INFO  - Executed action GD.API.Controllers.Doctor.HospitalController.GetOfficeListAsync (API) in 66ms
11:26:31 INFO  - Executed action GD.API.Controllers.Doctor.HospitalController.UpdataOfficeAsync (API) in 135ms
11:26:31 INFO  - Executed action GD.API.Controllers.Doctor.HospitalController.GetFirstOfficeListAsync (API) in 45ms
11:26:31 INFO  - Executed action GD.API.Controllers.Doctor.HospitalController.GetOfficeListAsync (API) in 72ms
11:26:37 INFO  - Executed action GD.API.Controllers.Doctor.HospitalController.UpdataOfficeAsync (API) in 136ms
11:26:37 INFO  - Executed action GD.API.Controllers.Doctor.HospitalController.GetFirstOfficeListAsync (API) in 47ms
11:26:37 INFO  - Executed action GD.API.Controllers.Doctor.HospitalController.GetOfficeListAsync (API) in 66ms
11:26:46 INFO  - Executed action GD.API.Controllers.Doctor.HospitalController.UpdataOfficeAsync (API) in 135ms
11:26:46 INFO  - Executed action GD.API.Controllers.Doctor.HospitalController.GetFirstOfficeListAsync (API) in 43ms
11:26:46 INFO  - Executed action GD.API.Controllers.Doctor.HospitalController.GetOfficeListAsync (API) in 71ms
11:27:09 INFO  - Executed action GD.API.Controllers.Doctor.HospitalController.GetHospitalAllSelectAsync (API) in 26ms
11:27:09 INFO  - Executed action GD.API.Controllers.Doctor.HospitalController.GetHospitalAllSelectAsync (API) in 27ms
11:27:09 INFO  - Executed action GD.API.Controllers.Doctor.DoctorController.GetDoctorPageAsync (API) in 72ms
11:27:09 INFO  - Executed action GD.API.Controllers.Doctor.DoctorController.GetDoctorJobTitlesAsync (API) in 121ms
11:27:12 INFO  - Executed action GD.API.Controllers.Doctor.HospitalController.GetHospitalLevel (API) in 0ms
11:27:12 INFO  - Executed action GD.API.Controllers.Doctor.HospitalController.GetHospitalPageAsync (API) in 64ms
11:27:13 INFO  - Executed action GD.API.Controllers.Doctor.HospitalController.GetHospitalOfficeSelectAsync (API) in 28ms
11:31:20 INFO  - Executed action GD.API.Controllers.Doctor.HospitalController.GetHospitalOfficeSelectAsync (API) in 28ms
11:31:21 INFO  - Executed action GD.API.Controllers.Doctor.HospitalController.GetHospitalOfficeSelectAsync (API) in 27ms
11:31:22 INFO  - Executed action GD.API.Controllers.Doctor.HospitalController.GetHospitalOfficeSelectAsync (API) in 32ms
11:31:30 INFO  - Executed action GD.API.Controllers.Doctor.HospitalController.GetHospitalInfoAsync (API) in 314ms
11:46:42 INFO  - Executed action GD.API.Controllers.System.UserController.GetRoleListAsync (API) in 93ms
11:46:42 INFO  - Executed action GD.API.Controllers.System.UserController.GetOrganizationTreeAsync (API) in 93ms
11:46:42 INFO  - Executed action GD.API.Controllers.System.UserController.GetAccountListAsync (API) in 126ms
11:47:25 INFO  - Executed action GD.API.Controllers.System.UserController.AddAccountAsync (API) in 113ms
11:47:25 INFO  - Executed action GD.API.Controllers.System.UserController.GetAccountListAsync (API) in 56ms
11:47:29 INFO  - Executed action GD.API.Controllers.System.UserController.GetAccountInfoAsync (API) in 118ms
11:47:49 INFO  - Executed action GD.API.Controllers.System.UserController.GetRoleListAsync (API) in 22ms
11:47:56 INFO  - Executed action GD.API.Controllers.System.UserController.GetRoleListAsync (API) in 22ms
11:47:56 INFO  - Executed action GD.API.Controllers.System.UserController.GetOrganizationTreeAsync (API) in 22ms
11:47:57 INFO  - Executed action GD.API.Controllers.System.UserController.GetAccountListAsync (API) in 59ms
11:48:03 INFO  - Executed action GD.API.Controllers.System.UserController.GetAccountInfoAsync (API) in 94ms
11:49:28 INFO  - Executed action GD.API.Controllers.System.UserController.GetRoleListAsync (API) in 23ms
11:49:30 INFO  - Executed action GD.API.Controllers.System.MenuController.GetMenuTreeAsync (API) in 31ms
11:49:30 INFO  - Executed action GD.API.Controllers.System.MenuController.GetRoleMenuAsync (API) in 25ms
11:49:35 INFO  - Executed action GD.API.Controllers.System.MenuController.GetRoleMenuAsync (API) in 21ms
11:50:02 INFO  - Executed action GD.API.Controllers.System.MenuController.GetMenuTreeAsync (API) in 23ms
11:50:40 INFO  - Executed action GD.API.Controllers.System.UserController.GetLoginUserInfoAsync (API) in 132ms
11:50:40 INFO  - Executed action GD.API.Controllers.System.MenuController.GetMenuTreeAsync (API) in 23ms
11:50:51 INFO  - Executed action GD.API.Controllers.System.MenuController.GetMenuTreeAsync (API) in 30ms
11:50:56 INFO  - Executed action GD.API.Controllers.System.MenuController.GetMenuTreeAsync (API) in 24ms
11:51:36 INFO  - Executed action GD.API.Controllers.System.MenuController.DisableEnableMenuAsync (API) in 53ms
11:51:36 INFO  - Executed action GD.API.Controllers.System.MenuController.GetMenuTreeAsync (API) in 24ms
11:51:37 INFO  - Executed action GD.API.Controllers.System.MenuController.DisableEnableMenuAsync (API) in 55ms
11:51:37 INFO  - Executed action GD.API.Controllers.System.MenuController.GetMenuTreeAsync (API) in 24ms
11:51:42 INFO  - Executed action GD.API.Controllers.System.MenuController.DisableEnableMenuAsync (API) in 46ms
11:51:42 INFO  - Executed action GD.API.Controllers.System.MenuController.GetMenuTreeAsync (API) in 23ms
11:51:43 INFO  - Executed action GD.API.Controllers.System.UserController.GetLoginUserInfoAsync (API) in 118ms
11:51:44 INFO  - Executed action GD.API.Controllers.System.MenuController.GetMenuTreeAsync (API) in 24ms
11:51:45 INFO  - Executed action GD.API.Controllers.System.MenuController.DisableEnableMenuAsync (API) in 46ms
11:51:45 INFO  - Executed action GD.API.Controllers.System.MenuController.GetMenuTreeAsync (API) in 27ms
11:51:46 INFO  - Executed action GD.API.Controllers.System.MenuController.DisableEnableMenuAsync (API) in 47ms
11:51:46 INFO  - Executed action GD.API.Controllers.System.MenuController.GetMenuTreeAsync (API) in 24ms
11:51:49 INFO  - Executed action GD.API.Controllers.System.MenuController.DisableEnableMenuAsync (API) in 44ms
11:51:49 INFO  - Executed action GD.API.Controllers.System.MenuController.GetMenuTreeAsync (API) in 25ms
11:51:49 INFO  - Executed action GD.API.Controllers.System.MenuController.DisableEnableMenuAsync (API) in 49ms
11:51:49 INFO  - Executed action GD.API.Controllers.System.MenuController.GetMenuTreeAsync (API) in 24ms
11:51:51 INFO  - Executed action GD.API.Controllers.System.UserController.GetLoginUserInfoAsync (API) in 116ms
11:51:51 INFO  - Executed action GD.API.Controllers.System.MenuController.GetMenuTreeAsync (API) in 22ms
14:03:16 INFO  - Executed action GD.Host.Controllers.AccountController.LoginAdmin (PAPI) in 619ms
14:03:17 INFO  - Executed action GD.API.Controllers.System.UserController.GetLoginUserInfoAsync (API) in 672ms
14:03:18 INFO  - Executed action GD.API.Controllers.System.HomeController.GetOrderQtyAsync (API) in 125ms
14:03:18 INFO  - Executed action GD.API.Controllers.System.HomeController.GetUserQtyAsync (API) in 119ms
14:03:18 INFO  - Executed action GD.API.Controllers.System.HomeController.GetDoctorsQtyAsync (API) in 148ms
14:03:18 INFO  - Executed action GD.API.Controllers.System.HomeController.GetMerchantQtyAsync (API) in 161ms
14:03:28 INFO  - Executed action GD.API.Controllers.System.MenuController.GetMenuTreeAsync (API) in 20ms
14:03:34 INFO  - Executed action GD.API.Controllers.System.BannerController.GetBannerPageAsync (API) in 427ms
14:03:36 INFO  - Executed action GD.API.Controllers.System.BannerController.GetBannerType1 (API) in 2607ms
14:03:37 INFO  - Executed action GD.API.Controllers.Mall.MemberController.GetMemberPageAsync (API) in 216ms
14:03:40 INFO  - Executed action GD.API.Controllers.Doctor.DoctorController.GetDoctorIntegralPageAsync (API) in 171ms
14:03:42 INFO  - Executed action GD.API.Controllers.Doctor.HospitalController.GetHospitalAllSelectAsync (API) in 28ms
14:03:42 INFO  - Executed action GD.API.Controllers.Doctor.HospitalController.GetHospitalAllSelectAsync (API) in 29ms
14:03:42 INFO  - Executed action GD.API.Controllers.Doctor.DoctorController.GetDoctorJobTitlesAsync (API) in 58ms
14:03:43 INFO  - Executed action GD.API.Controllers.Doctor.DoctorController.GetDoctorPageAsync (API) in 351ms
14:04:06 INFO  - Executed action GD.API.Controllers.System.UserController.GetLoginUserInfoAsync (API) in 131ms
14:04:06 INFO  - Executed action GD.API.Controllers.Doctor.HospitalController.GetHospitalAllSelectAsync (API) in 29ms
14:04:06 INFO  - Executed action GD.API.Controllers.Doctor.DoctorController.GetDoctorJobTitlesAsync (API) in 45ms
14:04:06 INFO  - Executed action GD.API.Controllers.Doctor.HospitalController.GetHospitalAllSelectAsync (API) in 29ms
14:04:06 INFO  - Executed action GD.API.Controllers.Doctor.DoctorController.GetDoctorPageAsync (API) in 65ms
14:04:54 INFO  - Executed action GD.API.Controllers.Doctor.HospitalController.GetHospitalAllSelectAsync (API) in 56ms
14:04:54 INFO  - Executed action GD.API.Controllers.Doctor.DoctorController.GetDoctorJobTitlesAsync (API) in 66ms
14:04:54 INFO  - Executed action GD.API.Controllers.Doctor.DoctorController.GetDoctorPageAsync (API) in 86ms
14:04:54 INFO  - Executed action GD.API.Controllers.Doctor.HospitalController.GetHospitalAllSelectAsync (API) in 28ms
14:04:56 INFO  - Executed action GD.API.Controllers.Doctor.HospitalController.GetHospitalAllSelectAsync (API) in 50ms
14:04:56 INFO  - Executed action GD.API.Controllers.Doctor.HospitalController.GetHospitalAllSelectAsync (API) in 18ms
14:04:56 INFO  - Executed action GD.API.Controllers.Doctor.DoctorController.GetDoctorJobTitlesAsync (API) in 57ms
14:04:56 INFO  - Executed action GD.API.Controllers.Doctor.DoctorController.GetDoctorPageAsync (API) in 105ms
14:05:00 INFO  - Executed action GD.API.Controllers.System.UserController.GetLoginUserInfoAsync (API) in 127ms
14:05:00 INFO  - Executed action GD.API.Controllers.Doctor.HospitalController.GetHospitalAllSelectAsync (API) in 58ms
14:05:00 INFO  - Executed action GD.API.Controllers.Doctor.DoctorController.GetDoctorJobTitlesAsync (API) in 43ms
14:05:00 INFO  - Executed action GD.API.Controllers.Doctor.HospitalController.GetHospitalAllSelectAsync (API) in 26ms
14:05:00 INFO  - Executed action GD.API.Controllers.Doctor.DoctorController.GetDoctorPageAsync (API) in 74ms
14:05:02 INFO  - Executed action GD.API.Controllers.Doctor.DoctorController.RecommendDoctorAsync (API) in 221ms
14:07:13 INFO  - Executed action GD.API.Controllers.System.UserController.GetLoginUserInfoAsync (API) in 1148ms
14:07:13 INFO  - Executed action GD.API.Controllers.Doctor.HospitalController.GetHospitalAllSelectAsync (API) in 34ms
14:07:13 INFO  - Executed action GD.API.Controllers.Doctor.HospitalController.GetHospitalAllSelectAsync (API) in 29ms
14:07:14 INFO  - Executed action GD.API.Controllers.Doctor.DoctorController.GetDoctorPageAsync (API) in 120ms
14:07:15 INFO  - Executed action GD.API.Controllers.Doctor.DoctorController.RecommendDoctorAsync (API) in 196ms
14:07:17 INFO  - Executed action GD.API.Controllers.Doctor.DoctorController.GetDoctorJobTitlesAsync (API) in 3736ms
14:07:18 INFO  - Executed action GD.API.Controllers.Doctor.DoctorController.RecommendDoctorAsync (API) in 137ms
14:08:19 INFO  - Executed action GD.API.Controllers.Doctor.DoctorController.RecommendDoctorAsync (API) in 21068ms
14:10:37 INFO  - Executed action GD.API.Controllers.System.UserController.GetLoginUserInfoAsync (API) in 1079ms
14:10:37 INFO  - Executed action GD.API.Controllers.Doctor.HospitalController.GetHospitalAllSelectAsync (API) in 32ms
14:10:37 INFO  - Executed action GD.API.Controllers.Doctor.HospitalController.GetHospitalAllSelectAsync (API) in 27ms
14:10:38 INFO  - Executed action GD.API.Controllers.Doctor.DoctorController.GetDoctorPageAsync (API) in 141ms
14:10:50 INFO  - Executed action GD.API.Controllers.Doctor.DoctorController.RecommendDoctorAsync (API) in 10257ms
14:10:50 INFO  - Executed action GD.API.Controllers.Doctor.DoctorController.GetDoctorJobTitlesAsync (API) in 12351ms
14:10:53 INFO  - Executed action GD.API.Controllers.Doctor.DoctorController.GetDoctorPageAsync (API) in 60ms
14:10:54 INFO  - Executed action GD.API.Controllers.Doctor.DoctorController.RecommendDoctorAsync (API) in 57ms
14:10:55 INFO  - Executed action GD.API.Controllers.Doctor.DoctorController.RecommendDoctorAsync (API) in 60ms
14:10:58 INFO  - Executed action GD.API.Controllers.Doctor.DoctorController.RecommendDoctorAsync (API) in 61ms
14:10:59 INFO  - Executed action GD.API.Controllers.Doctor.DoctorController.RecommendDoctorAsync (API) in 59ms
14:11:00 INFO  - Executed action GD.API.Controllers.Doctor.DoctorController.RecommendDoctorAsync (API) in 57ms
14:11:01 INFO  - Executed action GD.API.Controllers.Doctor.DoctorController.RecommendDoctorAsync (API) in 57ms
14:11:02 INFO  - Executed action GD.API.Controllers.Doctor.DoctorController.RecommendDoctorAsync (API) in 62ms
15:01:27 INFO  - Executed action GD.Host.Controllers.AccountController.LoginAdmin (PAPI) in 629ms
15:01:28 INFO  - Executed action GD.API.Controllers.System.UserController.GetLoginUserInfoAsync (API) in 488ms
15:01:29 INFO  - Executed action GD.API.Controllers.System.HomeController.GetOrderQtyAsync (API) in 28ms
15:01:29 INFO  - Executed action GD.API.Controllers.System.HomeController.GetDoctorsQtyAsync (API) in 78ms
15:01:29 INFO  - Executed action GD.API.Controllers.System.HomeController.GetMerchantQtyAsync (API) in 92ms
15:01:29 INFO  - Executed action GD.API.Controllers.System.HomeController.GetUserQtyAsync (API) in 107ms
15:01:35 INFO  - Executed action GD.API.Controllers.Doctor.HospitalController.GetHospitalAllSelectAsync (API) in 33ms
15:01:35 INFO  - Executed action GD.API.Controllers.Doctor.HospitalController.GetHospitalAllSelectAsync (API) in 36ms
15:01:35 INFO  - Executed action GD.API.Controllers.Doctor.DoctorController.GetDoctorPageAsync (API) in 87ms
15:01:37 INFO  - Executed action GD.API.Controllers.Doctor.DoctorController.GetDoctorJobTitlesAsync (API) in 2517ms
15:01:39 INFO  - Executed action GD.API.Controllers.Doctor.DoctorController.GetDoctorTopicAsync (API) in 740ms
15:02:48 INFO  - Executed action GD.API.Controllers.Doctor.HospitalController.GetHospitalAllSelectAsync (API) in 29ms
15:02:48 INFO  - Executed action GD.API.Controllers.Doctor.DoctorController.GetDoctorJobTitlesAsync (API) in 42ms
15:02:48 INFO  - Executed action GD.API.Controllers.Doctor.DoctorController.GetDoctorPageAsync (API) in 50ms
15:02:48 INFO  - Executed action GD.API.Controllers.Doctor.HospitalController.GetHospitalAllSelectAsync (API) in 19ms
15:03:24 INFO  - Executed action GD.API.Controllers.System.UserController.GetLoginUserInfoAsync (API) in 124ms
15:03:24 INFO  - Executed action GD.API.Controllers.Doctor.HospitalController.GetHospitalAllSelectAsync (API) in 21ms
15:03:24 INFO  - Executed action GD.API.Controllers.Doctor.HospitalController.GetHospitalAllSelectAsync (API) in 16ms
15:03:24 INFO  - Executed action GD.API.Controllers.Doctor.DoctorController.GetDoctorJobTitlesAsync (API) in 56ms
15:03:24 INFO  - Executed action GD.API.Controllers.Doctor.DoctorController.GetDoctorPageAsync (API) in 63ms
15:03:26 INFO  - Executed action GD.API.Controllers.Doctor.HospitalController.GetHospitalAllSelectAsync (API) in 17ms
15:03:26 INFO  - Executed action GD.API.Controllers.Doctor.HospitalController.GetHospitalAllSelectAsync (API) in 16ms
15:03:26 INFO  - Executed action GD.API.Controllers.Doctor.DoctorController.GetDoctorJobTitlesAsync (API) in 48ms
15:03:26 INFO  - Executed action GD.API.Controllers.Doctor.DoctorController.GetDoctorPageAsync (API) in 66ms
15:03:28 INFO  - Executed action GD.API.Controllers.Doctor.HospitalController.GetHospitalAllSelectAsync (API) in 41ms
15:03:28 INFO  - Executed action GD.API.Controllers.Doctor.DoctorController.GetDoctorJobTitlesAsync (API) in 45ms
15:03:28 INFO  - Executed action GD.API.Controllers.Doctor.DoctorController.GetDoctorPageAsync (API) in 75ms
15:03:28 INFO  - Executed action GD.API.Controllers.Doctor.HospitalController.GetHospitalAllSelectAsync (API) in 19ms
15:03:30 INFO  - Executed action GD.API.Controllers.Doctor.HospitalController.GetHospitalAllSelectAsync (API) in 24ms
15:03:30 INFO  - Executed action GD.API.Controllers.Doctor.DoctorController.GetDoctorJobTitlesAsync (API) in 36ms
15:03:30 INFO  - Executed action GD.API.Controllers.Doctor.DoctorController.GetDoctorPageAsync (API) in 57ms
15:03:30 INFO  - Executed action GD.API.Controllers.Doctor.HospitalController.GetHospitalAllSelectAsync (API) in 24ms
15:03:48 INFO  - Executed action GD.API.Controllers.System.UserController.GetLoginUserInfoAsync (API) in 124ms
15:03:50 INFO  - Executed action GD.API.Controllers.Doctor.HospitalController.GetHospitalAllSelectAsync (API) in 22ms
15:03:50 INFO  - Executed action GD.API.Controllers.Doctor.DoctorController.GetDoctorPageAsync (API) in 47ms
15:03:50 INFO  - Executed action GD.API.Controllers.Doctor.DoctorController.GetDoctorPageAsync (API) in 66ms
15:04:20 INFO  - Executed action GD.API.Controllers.System.UserController.GetLoginUserInfoAsync (API) in 121ms
15:04:20 INFO  - Executed action GD.API.Controllers.Doctor.HospitalController.GetHospitalAllSelectAsync (API) in 26ms
15:04:20 INFO  - Executed action GD.API.Controllers.Doctor.HospitalController.GetHospitalAllSelectAsync (API) in 17ms
15:04:20 INFO  - Executed action GD.API.Controllers.Doctor.DoctorController.GetDoctorPageAsync (API) in 50ms
15:04:20 INFO  - Executed action GD.API.Controllers.Doctor.DoctorController.GetDoctorJobTitlesAsync (API) in 54ms
15:04:53 INFO  - Executed action GD.API.Controllers.Doctor.HospitalController.GetHospitalAllSelectAsync (API) in 19ms
15:04:53 INFO  - Executed action GD.API.Controllers.Doctor.DoctorController.GetDoctorJobTitlesAsync (API) in 44ms
15:04:53 INFO  - Executed action GD.API.Controllers.Doctor.HospitalController.GetHospitalAllSelectAsync (API) in 20ms
15:04:53 INFO  - Executed action GD.API.Controllers.Doctor.DoctorController.GetDoctorPageAsync (API) in 62ms
15:04:58 INFO  - Executed action GD.API.Controllers.System.UserController.GetLoginUserInfoAsync (API) in 124ms
15:04:59 INFO  - Executed action GD.API.Controllers.Doctor.HospitalController.GetHospitalAllSelectAsync (API) in 15ms
15:04:59 INFO  - Executed action GD.API.Controllers.Doctor.HospitalController.GetHospitalAllSelectAsync (API) in 16ms
15:04:59 INFO  - Executed action GD.API.Controllers.Doctor.DoctorController.GetDoctorJobTitlesAsync (API) in 49ms
15:04:59 INFO  - Executed action GD.API.Controllers.Doctor.DoctorController.GetDoctorPageAsync (API) in 59ms
15:05:30 INFO  - Executed action GD.API.Controllers.Doctor.DoctorController.GetDoctorCertificateDetailAsync (API) in 58ms
15:05:30 INFO  - Executed action GD.API.Controllers.Doctor.DoctorController.GetDoctorInfoAsync (API) in 88ms
15:05:30 INFO  - Executed action GD.API.Controllers.Doctor.HospitalController.GetHospitalOfficeSelectAsync (API) in 36ms
15:06:23 INFO  - Executed action GD.API.Controllers.System.UserController.GetLoginUserInfoAsync (API) in 139ms
15:06:24 INFO  - Executed action GD.API.Controllers.Doctor.HospitalController.GetHospitalAllSelectAsync (API) in 23ms
15:06:24 INFO  - Executed action GD.API.Controllers.Doctor.DoctorController.GetDoctorJobTitlesAsync (API) in 45ms
15:06:24 INFO  - Executed action GD.API.Controllers.Doctor.DoctorController.GetDoctorPageAsync (API) in 51ms
15:06:24 INFO  - Executed action GD.API.Controllers.Doctor.HospitalController.GetHospitalAllSelectAsync (API) in 20ms
15:06:31 INFO  - Executed action GD.API.Controllers.Doctor.HospitalController.GetHospitalAllSelectAsync (API) in 24ms
15:06:31 INFO  - Executed action GD.API.Controllers.Doctor.DoctorController.GetDoctorJobTitlesAsync (API) in 35ms
15:06:31 INFO  - Executed action GD.API.Controllers.Doctor.HospitalController.GetHospitalAllSelectAsync (API) in 24ms
15:06:31 INFO  - Executed action GD.API.Controllers.Doctor.DoctorController.GetDoctorPageAsync (API) in 60ms
15:06:35 INFO  - Executed action GD.API.Controllers.System.UserController.GetLoginUserInfoAsync (API) in 121ms
15:06:35 INFO  - Executed action GD.API.Controllers.Doctor.HospitalController.GetHospitalAllSelectAsync (API) in 57ms
15:06:35 INFO  - Executed action GD.API.Controllers.Doctor.DoctorController.GetDoctorJobTitlesAsync (API) in 35ms
15:06:35 INFO  - Executed action GD.API.Controllers.Doctor.HospitalController.GetHospitalAllSelectAsync (API) in 18ms
15:06:35 INFO  - Executed action GD.API.Controllers.Doctor.DoctorController.GetDoctorPageAsync (API) in 101ms
15:07:09 INFO  - Executed action GD.API.Controllers.Doctor.HospitalController.GetHospitalAllSelectAsync (API) in 19ms
15:07:09 INFO  - Executed action GD.API.Controllers.Doctor.DoctorController.GetDoctorJobTitlesAsync (API) in 40ms
15:07:10 INFO  - Executed action GD.API.Controllers.Doctor.HospitalController.GetHospitalAllSelectAsync (API) in 29ms
15:07:10 INFO  - Executed action GD.API.Controllers.Doctor.DoctorController.GetDoctorJobTitlesAsync (API) in 43ms
15:07:30 INFO  - Executed action GD.API.Controllers.Doctor.HospitalController.GetHospitalAllSelectAsync (API) in 19ms
15:07:30 INFO  - Executed action GD.API.Controllers.Doctor.DoctorController.GetDoctorJobTitlesAsync (API) in 44ms
15:07:35 INFO  - Executed action GD.API.Controllers.System.UserController.GetLoginUserInfoAsync (API) in 128ms
15:07:35 INFO  - Executed action GD.API.Controllers.Doctor.HospitalController.GetHospitalAllSelectAsync (API) in 21ms
15:07:35 INFO  - Executed action GD.API.Controllers.Doctor.DoctorController.GetDoctorJobTitlesAsync (API) in 65ms
15:07:35 INFO  - Executed action GD.API.Controllers.Doctor.HospitalController.GetHospitalAllSelectAsync (API) in 16ms
15:07:35 INFO  - Executed action GD.API.Controllers.Doctor.DoctorController.GetDoctorPageAsync (API) in 65ms
15:07:41 INFO  - Executed action GD.API.Controllers.Doctor.DoctorController.GetDoctorCertificateDetailAsync (API) in 28ms
15:07:41 INFO  - Executed action GD.API.Controllers.Doctor.DoctorController.GetDoctorInfoAsync (API) in 58ms
15:07:41 INFO  - Executed action GD.API.Controllers.Doctor.HospitalController.GetHospitalOfficeSelectAsync (API) in 17ms
15:07:52 INFO  - Executed action GD.API.Controllers.Doctor.DoctorController.GetDoctorCertificateDetailAsync (API) in 29ms
15:07:52 INFO  - Executed action GD.API.Controllers.Doctor.DoctorController.GetDoctorInfoAsync (API) in 58ms
15:07:52 INFO  - Executed action GD.API.Controllers.Doctor.HospitalController.GetHospitalOfficeSelectAsync (API) in 24ms
15:08:58 INFO  - Executed action GD.API.Controllers.Doctor.HospitalController.GetHospitalAllSelectAsync (API) in 22ms
15:08:58 INFO  - Executed action GD.API.Controllers.Doctor.DoctorController.GetDoctorJobTitlesAsync (API) in 41ms
15:08:58 INFO  - Executed action GD.API.Controllers.Doctor.HospitalController.GetHospitalAllSelectAsync (API) in 20ms
15:08:58 INFO  - Executed action GD.API.Controllers.Doctor.DoctorController.GetDoctorPageAsync (API) in 63ms
15:09:02 INFO  - Executed action GD.API.Controllers.Doctor.DoctorController.GetDoctorCertificateDetailAsync (API) in 28ms
15:09:02 INFO  - Executed action GD.API.Controllers.Doctor.DoctorController.GetDoctorInfoAsync (API) in 58ms
15:09:02 INFO  - Executed action GD.API.Controllers.Doctor.HospitalController.GetHospitalOfficeSelectAsync (API) in 25ms
15:10:03 INFO  - Executed action GD.API.Controllers.Doctor.HospitalController.GetHospitalAllSelectAsync (API) in 19ms
15:10:03 INFO  - Executed action GD.API.Controllers.Doctor.DoctorController.GetDoctorJobTitlesAsync (API) in 45ms
15:10:06 INFO  - Executed action GD.API.Controllers.Doctor.HospitalController.GetHospitalAllSelectAsync (API) in 24ms
15:10:06 INFO  - Executed action GD.API.Controllers.Doctor.DoctorController.GetDoctorJobTitlesAsync (API) in 47ms
15:10:07 INFO  - Executed action GD.API.Controllers.Doctor.HospitalController.GetHospitalAllSelectAsync (API) in 17ms
15:10:07 INFO  - Executed action GD.API.Controllers.Doctor.DoctorController.GetDoctorJobTitlesAsync (API) in 45ms
15:10:09 INFO  - Executed action GD.API.Controllers.Doctor.HospitalController.GetHospitalAllSelectAsync (API) in 29ms
15:10:09 INFO  - Executed action GD.API.Controllers.Doctor.DoctorController.GetDoctorJobTitlesAsync (API) in 36ms
15:10:20 INFO  - Executed action GD.API.Controllers.Doctor.HospitalController.GetHospitalAllSelectAsync (API) in 24ms
15:10:20 INFO  - Executed action GD.API.Controllers.Doctor.DoctorController.GetDoctorJobTitlesAsync (API) in 44ms
15:11:27 INFO  - Executed action GD.API.Controllers.System.UserController.GetLoginUserInfoAsync (API) in 114ms
15:11:28 INFO  - Executed action GD.API.Controllers.Doctor.HospitalController.GetHospitalAllSelectAsync (API) in 30ms
15:11:28 INFO  - Executed action GD.API.Controllers.Doctor.DoctorController.GetDoctorJobTitlesAsync (API) in 38ms
15:11:28 INFO  - Executed action GD.API.Controllers.Doctor.DoctorController.GetDoctorPageAsync (API) in 53ms
15:11:28 INFO  - Executed action GD.API.Controllers.Doctor.HospitalController.GetHospitalAllSelectAsync (API) in 25ms
15:11:29 INFO  - Executed action GD.API.Controllers.Doctor.HospitalController.GetHospitalAllSelectAsync (API) in 30ms
15:11:29 INFO  - Executed action GD.API.Controllers.Doctor.DoctorController.GetDoctorJobTitlesAsync (API) in 34ms
15:11:33 INFO  - Executed action GD.API.Controllers.System.UserController.GetLoginUserInfoAsync (API) in 115ms
15:11:35 INFO  - Executed action GD.API.Controllers.Doctor.HospitalController.GetHospitalAllSelectAsync (API) in 32ms
15:11:35 INFO  - Executed action GD.API.Controllers.Doctor.DoctorController.GetDoctorJobTitlesAsync (API) in 36ms
15:11:35 INFO  - Executed action GD.API.Controllers.Doctor.HospitalController.GetHospitalAllSelectAsync (API) in 19ms
15:11:35 INFO  - Executed action GD.API.Controllers.Doctor.DoctorController.GetDoctorPageAsync (API) in 57ms
15:11:37 INFO  - Executed action GD.API.Controllers.System.UserController.GetLoginUserInfoAsync (API) in 118ms
15:11:37 INFO  - Executed action GD.API.Controllers.Doctor.HospitalController.GetHospitalAllSelectAsync (API) in 19ms
15:11:37 INFO  - Executed action GD.API.Controllers.Doctor.DoctorController.GetDoctorJobTitlesAsync (API) in 38ms
15:11:37 INFO  - Executed action GD.API.Controllers.Doctor.HospitalController.GetHospitalAllSelectAsync (API) in 19ms
15:11:37 INFO  - Executed action GD.API.Controllers.Doctor.DoctorController.GetDoctorPageAsync (API) in 67ms
15:11:55 INFO  - Executed action GD.API.Controllers.Doctor.HospitalController.GetHospitalAllSelectAsync (API) in 25ms
15:11:55 INFO  - Executed action GD.API.Controllers.Doctor.DoctorController.GetDoctorJobTitlesAsync (API) in 34ms
15:12:00 INFO  - Executed action GD.API.Controllers.Doctor.HospitalController.GetHospitalAllSelectAsync (API) in 29ms
15:12:00 INFO  - Executed action GD.API.Controllers.Doctor.DoctorController.GetDoctorJobTitlesAsync (API) in 40ms
15:12:07 INFO  - Executed action GD.API.Controllers.Doctor.HospitalController.GetHospitalAllSelectAsync (API) in 21ms
15:12:07 INFO  - Executed action GD.API.Controllers.Doctor.DoctorController.GetDoctorJobTitlesAsync (API) in 45ms
15:12:12 INFO  - Executed action GD.API.Controllers.Doctor.HospitalController.GetHospitalAllSelectAsync (API) in 17ms
15:12:12 INFO  - Executed action GD.API.Controllers.Doctor.DoctorController.GetDoctorJobTitlesAsync (API) in 44ms
15:12:15 INFO  - Executed action GD.API.Controllers.System.UserController.GetLoginUserInfoAsync (API) in 121ms
15:12:16 INFO  - Executed action GD.API.Controllers.Doctor.HospitalController.GetHospitalAllSelectAsync (API) in 19ms
15:12:16 INFO  - Executed action GD.API.Controllers.Doctor.DoctorController.GetDoctorJobTitlesAsync (API) in 40ms
15:12:16 INFO  - Executed action GD.API.Controllers.Doctor.HospitalController.GetHospitalAllSelectAsync (API) in 23ms
15:12:16 INFO  - Executed action GD.API.Controllers.Doctor.DoctorController.GetDoctorPageAsync (API) in 66ms
15:12:22 INFO  - Executed action GD.API.Controllers.Doctor.DoctorController.GetDoctorCertificateDetailAsync (API) in 22ms
15:12:22 INFO  - Executed action GD.API.Controllers.Doctor.DoctorController.GetDoctorInfoAsync (API) in 67ms
15:12:22 INFO  - Executed action GD.API.Controllers.Doctor.HospitalController.GetHospitalOfficeSelectAsync (API) in 19ms
15:12:40 INFO  - Executed action GD.API.Controllers.System.UserController.GetLoginUserInfoAsync (API) in 130ms
15:12:40 INFO  - Executed action GD.API.Controllers.Doctor.HospitalController.GetHospitalAllSelectAsync (API) in 40ms
15:12:40 INFO  - Executed action GD.API.Controllers.Doctor.HospitalController.GetHospitalAllSelectAsync (API) in 20ms
15:12:40 INFO  - Executed action GD.API.Controllers.Doctor.DoctorController.GetDoctorJobTitlesAsync (API) in 44ms
15:12:40 INFO  - Executed action GD.API.Controllers.Doctor.DoctorController.GetDoctorPageAsync (API) in 56ms
15:12:44 INFO  - Executed action GD.API.Controllers.Doctor.DoctorController.GetDoctorCertificateDetailAsync (API) in 19ms
15:12:44 INFO  - Executed action GD.API.Controllers.Doctor.DoctorController.GetDoctorInfoAsync (API) in 69ms
15:12:45 INFO  - Executed action GD.API.Controllers.Doctor.HospitalController.GetHospitalOfficeSelectAsync (API) in 20ms
15:12:55 INFO  - Executed action GD.API.Controllers.Doctor.DoctorController.GetDoctorCertificateDetailAsync (API) in 29ms
15:12:55 INFO  - Executed action GD.API.Controllers.Doctor.DoctorController.GetDoctorInfoAsync (API) in 59ms
15:12:55 INFO  - Executed action GD.API.Controllers.Doctor.HospitalController.GetHospitalOfficeSelectAsync (API) in 17ms
15:14:01 INFO  - Executed action GD.API.Controllers.Doctor.HospitalController.GetHospitalAllSelectAsync (API) in 31ms
15:14:01 INFO  - Executed action GD.API.Controllers.Doctor.HospitalController.GetHospitalAllSelectAsync (API) in 24ms
15:14:01 INFO  - Executed action GD.API.Controllers.Doctor.DoctorController.GetDoctorPageAsync (API) in 66ms
15:14:01 INFO  - Executed action GD.API.Controllers.Doctor.DoctorController.GetDoctorJobTitlesAsync (API) in 46ms
15:14:04 INFO  - Executed action GD.API.Controllers.Doctor.DoctorController.GetDoctorCertificateDetailAsync (API) in 15ms
15:14:04 INFO  - Executed action GD.API.Controllers.Doctor.DoctorController.GetDoctorInfoAsync (API) in 71ms
15:14:04 INFO  - Executed action GD.API.Controllers.Doctor.HospitalController.GetHospitalOfficeSelectAsync (API) in 16ms
15:14:16 INFO  - Executed action GD.API.Controllers.Doctor.DoctorController.GetDoctorCertificateDetailAsync (API) in 22ms
15:14:16 INFO  - Executed action GD.API.Controllers.Doctor.DoctorController.GetDoctorInfoAsync (API) in 64ms
15:14:16 INFO  - Executed action GD.API.Controllers.Doctor.HospitalController.GetHospitalOfficeSelectAsync (API) in 21ms
15:14:36 INFO  - Executed action GD.API.Controllers.Doctor.HospitalController.GetHospitalAllSelectAsync (API) in 27ms
15:14:36 INFO  - Executed action GD.API.Controllers.Doctor.DoctorController.GetDoctorJobTitlesAsync (API) in 46ms
15:15:05 INFO  - Executed action GD.API.Controllers.Doctor.HospitalController.GetHospitalOfficeSelectAsync (API) in 20ms
15:15:18 INFO  - Bad request GD.API.Controllers.Doctor.DoctorController.AddDoctorInfoAsync (API) with Error converting value {null} to type 'System.Int32'. Path 'workAge', line 1, position 595.
15:16:09 INFO  - Executed action GD.API.Controllers.Doctor.HospitalController.GetHospitalAllSelectAsync (API) in 25ms
15:16:09 INFO  - Executed action GD.API.Controllers.Doctor.DoctorController.GetDoctorJobTitlesAsync (API) in 48ms
15:17:00 INFO  - Executed action GD.API.Controllers.Doctor.HospitalController.GetHospitalAllSelectAsync (API) in 24ms
15:17:00 INFO  - Executed action GD.API.Controllers.Doctor.DoctorController.GetDoctorJobTitlesAsync (API) in 52ms
15:17:08 INFO  - Executed action GD.API.Controllers.Doctor.HospitalController.GetHospitalAllSelectAsync (API) in 19ms
15:17:08 INFO  - Executed action GD.API.Controllers.Doctor.DoctorController.GetDoctorJobTitlesAsync (API) in 40ms
15:17:20 INFO  - Executed action GD.API.Controllers.Doctor.HospitalController.GetHospitalAllSelectAsync (API) in 16ms
15:17:20 INFO  - Executed action GD.API.Controllers.Doctor.DoctorController.GetDoctorJobTitlesAsync (API) in 50ms
15:17:23 INFO  - Executed action GD.API.Controllers.Doctor.HospitalController.GetHospitalAllSelectAsync (API) in 23ms
15:17:23 INFO  - Executed action GD.API.Controllers.Doctor.DoctorController.GetDoctorJobTitlesAsync (API) in 50ms
15:18:20 INFO  - Executed action GD.API.Controllers.Doctor.HospitalController.GetHospitalAllSelectAsync (API) in 22ms
15:18:20 INFO  - Executed action GD.API.Controllers.Doctor.DoctorController.GetDoctorJobTitlesAsync (API) in 38ms
15:18:21 INFO  - Executed action GD.API.Controllers.Doctor.HospitalController.GetHospitalAllSelectAsync (API) in 33ms
15:18:21 INFO  - Executed action GD.API.Controllers.Doctor.DoctorController.GetDoctorJobTitlesAsync (API) in 36ms
15:18:25 INFO  - Executed action GD.API.Controllers.Doctor.HospitalController.GetHospitalAllSelectAsync (API) in 15ms
15:18:25 INFO  - Executed action GD.API.Controllers.Doctor.DoctorController.GetDoctorJobTitlesAsync (API) in 55ms
15:18:26 INFO  - Executed action GD.API.Controllers.Doctor.HospitalController.GetHospitalAllSelectAsync (API) in 24ms
15:18:26 INFO  - Executed action GD.API.Controllers.Doctor.DoctorController.GetDoctorJobTitlesAsync (API) in 41ms
15:18:52 INFO  - Executed action GD.API.Controllers.System.UserController.GetLoginUserInfoAsync (API) in 132ms
15:18:52 INFO  - Executed action GD.API.Controllers.Doctor.HospitalController.GetHospitalAllSelectAsync (API) in 24ms
15:18:52 INFO  - Executed action GD.API.Controllers.Doctor.DoctorController.GetDoctorJobTitlesAsync (API) in 47ms
15:18:52 INFO  - Executed action GD.API.Controllers.Doctor.DoctorController.GetDoctorPageAsync (API) in 50ms
15:18:52 INFO  - Executed action GD.API.Controllers.Doctor.HospitalController.GetHospitalAllSelectAsync (API) in 21ms
15:19:24 INFO  - Executed action GD.API.Controllers.Doctor.HospitalController.GetHospitalOfficeSelectAsync (API) in 25ms
15:19:39 INFO  - Executed action GD.API.Controllers.Doctor.DoctorController.AddDoctorInfoAsync (API) in 135ms
15:19:53 INFO  - Executed action GD.API.Controllers.Doctor.DoctorController.AddDoctorInfoAsync (API) in 1831ms
15:20:52 INFO  - Executed action GD.API.Controllers.Doctor.DoctorController.AddDoctorInfoAsync (API) in 22532ms
15:20:52 INFO  - Executed action GD.API.Controllers.Doctor.DoctorController.GetDoctorPageAsync (API) in 82ms
15:21:02 INFO  - Executed action GD.API.Controllers.Doctor.DoctorController.GetDoctorInfoAsync (API) in 71ms
15:21:02 INFO  - Executed action GD.API.Controllers.Doctor.DoctorController.GetDoctorCertificateDetailAsync (API) in 78ms
15:21:02 INFO  - Executed action GD.API.Controllers.Doctor.HospitalController.GetHospitalOfficeSelectAsync (API) in 30ms
15:28:03 INFO  - Executed action GD.Host.Controllers.AccountController.LoginAdmin (PAPI) in 677ms
15:28:03 INFO  - Executed action GD.API.Controllers.System.UserController.GetLoginUserInfoAsync (API) in 560ms
15:28:04 INFO  - Executed action GD.API.Controllers.System.HomeController.GetUserQtyAsync (API) in 47ms
15:28:04 INFO  - Executed action GD.API.Controllers.System.HomeController.GetMerchantQtyAsync (API) in 75ms
15:28:04 INFO  - Executed action GD.API.Controllers.System.HomeController.GetDoctorsQtyAsync (API) in 107ms
15:28:04 INFO  - Executed action GD.API.Controllers.System.HomeController.GetOrderQtyAsync (API) in 101ms
15:28:12 INFO  - Executed action GD.API.Controllers.System.UserController.GetRoleListAsync (API) in 33ms
15:28:12 INFO  - Executed action GD.API.Controllers.System.UserController.GetOrganizationTreeAsync (API) in 36ms
15:28:12 INFO  - Executed action GD.API.Controllers.System.UserController.GetAccountListAsync (API) in 83ms
15:28:25 INFO  - Executed action GD.API.Controllers.System.UserController.GetAccountInfoAsync (API) in 111ms
15:39:31 INFO  - Executed action GD.API.Controllers.System.UserController.GetLoginUserInfoAsync (API) in 1213ms
15:39:44 INFO  - Executed action GD.Host.Controllers.AccountController.LoginAdmin (PAPI) in 47ms
15:39:44 INFO  - Executed action GD.API.Controllers.System.UserController.GetLoginUserInfoAsync (API) in 159ms
15:39:49 INFO  - Executed action GD.Host.Controllers.AccountController.LoginAdmin (PAPI) in 24ms
15:39:49 INFO  - Executed action GD.API.Controllers.System.UserController.GetLoginUserInfoAsync (API) in 157ms
15:39:53 INFO  - Executed action GD.Host.Controllers.AccountController.LoginAdmin (PAPI) in 23ms
15:39:53 INFO  - Executed action GD.API.Controllers.System.UserController.GetLoginUserInfoAsync (API) in 159ms
15:39:57 INFO  - Executed action GD.Host.Controllers.AccountController.LoginAdmin (PAPI) in 23ms
15:39:57 INFO  - Executed action GD.API.Controllers.System.UserController.GetLoginUserInfoAsync (API) in 157ms
15:40:11 INFO  - Executed action GD.Host.Controllers.AccountController.LoginAdmin (PAPI) in 23ms
15:40:11 INFO  - Executed action GD.API.Controllers.System.UserController.GetLoginUserInfoAsync (API) in 159ms
15:40:23 INFO  - Executed action GD.Host.Controllers.AccountController.LoginAdmin (PAPI) in 23ms
15:40:24 INFO  - Executed action GD.API.Controllers.System.UserController.GetLoginUserInfoAsync (API) in 199ms
15:40:44 INFO  - Executed action GD.Host.Controllers.AccountController.LoginAdmin (PAPI) in 24ms
15:40:49 INFO  - Executed action GD.API.Controllers.System.UserController.GetLoginUserInfoAsync (API) in 5742ms
15:40:58 INFO  - Executed action GD.Host.Controllers.AccountController.LoginAdmin (PAPI) in 2703ms
15:41:29 INFO  - Executed action GD.Host.Controllers.AccountController.LoginAdmin (PAPI) in 674ms
15:41:37 INFO  - Executed action GD.API.Controllers.System.UserController.GetLoginUserInfoAsync (API) in 8211ms
15:41:38 INFO  - Executed action GD.API.Controllers.System.HomeController.GetUserQtyAsync (API) in 34ms
15:41:38 INFO  - Executed action GD.API.Controllers.System.HomeController.GetDoctorsQtyAsync (API) in 77ms
15:41:38 INFO  - Executed action GD.API.Controllers.System.HomeController.GetOrderQtyAsync (API) in 98ms
15:41:38 INFO  - Executed action GD.API.Controllers.System.HomeController.GetMerchantQtyAsync (API) in 101ms
15:41:54 INFO  - Executed action GD.API.Controllers.System.UserController.GetLoginUserInfoAsync (API) in 2918ms
15:41:54 INFO  - Executed action GD.API.Controllers.System.HomeController.GetDoctorsQtyAsync (API) in 16ms
15:41:54 INFO  - Executed action GD.API.Controllers.System.HomeController.GetOrderQtyAsync (API) in 16ms
15:41:54 INFO  - Executed action GD.API.Controllers.System.HomeController.GetMerchantQtyAsync (API) in 22ms
15:41:54 INFO  - Executed action GD.API.Controllers.System.HomeController.GetUserQtyAsync (API) in 26ms
15:42:04 INFO  - Executed action GD.API.Controllers.System.UserController.GetRoleListAsync (API) in 24ms
15:42:04 INFO  - Executed action GD.API.Controllers.System.UserController.GetOrganizationTreeAsync (API) in 26ms
15:42:04 INFO  - Executed action GD.API.Controllers.System.UserController.GetAccountListAsync (API) in 87ms
15:42:07 INFO  - Executed action GD.API.Controllers.System.UserController.GetAccountInfoAsync (API) in 112ms
15:42:09 INFO  - Executed action GD.API.Controllers.System.UserController.GetAccountInfoAsync (API) in 109ms
15:42:11 INFO  - Executed action GD.API.Controllers.System.UserController.GetAccountInfoAsync (API) in 114ms
15:42:14 INFO  - Executed action GD.API.Controllers.System.UserController.GetAccountInfoAsync (API) in 143ms
15:42:58 INFO  - Executed action GD.API.Controllers.System.UserController.GetLoginUserInfoAsync (API) in 122ms
15:42:59 INFO  - Executed action GD.API.Controllers.System.UserController.GetOrganizationTreeAsync (API) in 17ms
15:42:59 INFO  - Executed action GD.API.Controllers.System.UserController.GetRoleListAsync (API) in 27ms
15:42:59 INFO  - Executed action GD.API.Controllers.System.UserController.GetAccountListAsync (API) in 104ms
15:43:00 INFO  - Executed action GD.API.Controllers.System.UserController.GetAccountInfoAsync (API) in 125ms
15:44:02 INFO  - Executed action GD.API.Controllers.System.UserController.GetRoleListAsync (API) in 17ms
15:44:02 INFO  - Executed action GD.API.Controllers.System.UserController.GetOrganizationTreeAsync (API) in 27ms
15:44:02 INFO  - Executed action GD.API.Controllers.System.UserController.GetAccountListAsync (API) in 57ms
15:44:12 INFO  - Executed action GD.API.Controllers.System.UserController.GetAccountInfoAsync (API) in 305ms
15:44:34 INFO  - Executed action GD.API.Controllers.System.UserController.GetOrganizationTreeAsync (API) in 24ms
15:44:34 INFO  - Executed action GD.API.Controllers.System.UserController.GetRoleListAsync (API) in 16ms
15:44:34 INFO  - Executed action GD.API.Controllers.System.UserController.GetAccountListAsync (API) in 55ms
15:44:37 INFO  - Executed action GD.API.Controllers.System.UserController.GetOrganizationTreeAsync (API) in 16ms
15:44:37 INFO  - Executed action GD.API.Controllers.System.UserController.GetRoleListAsync (API) in 26ms
15:44:37 INFO  - Executed action GD.API.Controllers.System.UserController.GetAccountListAsync (API) in 52ms
15:44:38 INFO  - Executed action GD.API.Controllers.System.UserController.GetAccountInfoAsync (API) in 106ms
15:48:15 INFO  - Executed action GD.API.Controllers.System.UserController.GetRoleListAsync (API) in 19ms
15:48:15 INFO  - Executed action GD.API.Controllers.System.UserController.GetOrganizationTreeAsync (API) in 33ms
15:48:15 INFO  - Executed action GD.API.Controllers.System.UserController.GetAccountListAsync (API) in 66ms
15:48:55 INFO  - Executed action GD.API.Controllers.System.UserController.GetOrganizationTreeAsync (API) in 23ms
15:48:55 INFO  - Executed action GD.API.Controllers.System.UserController.GetRoleListAsync (API) in 28ms
15:48:55 INFO  - Executed action GD.API.Controllers.System.UserController.GetAccountListAsync (API) in 45ms
15:49:06 INFO  - Executed action GD.API.Controllers.System.UserController.GetLoginUserInfoAsync (API) in 133ms
15:49:07 INFO  - Executed action GD.API.Controllers.System.UserController.GetRoleListAsync (API) in 16ms
15:49:07 INFO  - Executed action GD.API.Controllers.System.UserController.GetOrganizationTreeAsync (API) in 30ms
15:49:07 INFO  - Executed action GD.API.Controllers.System.UserController.GetAccountListAsync (API) in 54ms
15:49:25 INFO  - Executed action GD.API.Controllers.System.UserController.GetLoginUserInfoAsync (API) in 118ms
15:49:25 INFO  - Executed action GD.API.Controllers.System.UserController.GetRoleListAsync (API) in 17ms
15:49:25 INFO  - Executed action GD.API.Controllers.System.UserController.GetOrganizationTreeAsync (API) in 24ms
15:49:25 INFO  - Executed action GD.API.Controllers.System.UserController.GetAccountListAsync (API) in 55ms
15:49:29 INFO  - Executed action GD.API.Controllers.System.UserController.GetRoleListAsync (API) in 23ms
15:49:29 INFO  - Executed action GD.API.Controllers.System.UserController.GetOrganizationTreeAsync (API) in 26ms
15:49:29 INFO  - Executed action GD.API.Controllers.System.UserController.GetAccountListAsync (API) in 45ms
15:49:36 INFO  - Executed action GD.API.Controllers.System.UserController.GetLoginUserInfoAsync (API) in 131ms
15:49:37 INFO  - Executed action GD.API.Controllers.System.UserController.GetRoleListAsync (API) in 28ms
15:49:37 INFO  - Executed action GD.API.Controllers.System.UserController.GetOrganizationTreeAsync (API) in 28ms
15:49:37 INFO  - Executed action GD.API.Controllers.System.UserController.GetAccountListAsync (API) in 88ms
15:49:39 INFO  - Executed action GD.API.Controllers.System.UserController.GetRoleListAsync (API) in 19ms
15:49:39 INFO  - Executed action GD.API.Controllers.System.UserController.GetOrganizationTreeAsync (API) in 19ms
15:49:39 INFO  - Executed action GD.API.Controllers.System.UserController.GetAccountListAsync (API) in 69ms
15:49:47 INFO  - Executed action GD.API.Controllers.System.UserController.GetOrganizationTreeAsync (API) in 18ms
15:49:47 INFO  - Executed action GD.API.Controllers.System.UserController.GetRoleListAsync (API) in 26ms
15:49:47 INFO  - Executed action GD.API.Controllers.System.UserController.GetAccountListAsync (API) in 56ms
15:49:50 INFO  - Executed action GD.API.Controllers.System.UserController.GetOrganizationTreeAsync (API) in 16ms
15:49:50 INFO  - Executed action GD.API.Controllers.System.UserController.GetRoleListAsync (API) in 27ms
15:49:50 INFO  - Executed action GD.API.Controllers.System.UserController.GetAccountListAsync (API) in 56ms
15:49:54 INFO  - Executed action GD.API.Controllers.System.UserController.GetLoginUserInfoAsync (API) in 134ms
15:49:54 INFO  - Executed action GD.API.Controllers.System.UserController.GetRoleListAsync (API) in 15ms
15:49:54 INFO  - Executed action GD.API.Controllers.System.UserController.GetOrganizationTreeAsync (API) in 27ms
15:49:54 INFO  - Executed action GD.API.Controllers.System.UserController.GetAccountListAsync (API) in 49ms
15:49:56 INFO  - Executed action GD.API.Controllers.System.UserController.GetAccountInfoAsync (API) in 108ms
15:50:22 INFO  - Executed action GD.API.Controllers.System.UserController.UpdateAccountAsync (API) in 151ms
15:50:22 INFO  - Executed action GD.API.Controllers.System.UserController.GetAccountListAsync (API) in 52ms
15:50:41 INFO  - Executed action GD.API.Controllers.System.UserController.GetLoginUserInfoAsync (API) in 133ms
15:50:41 INFO  - Executed action GD.API.Controllers.System.UserController.GetOrganizationTreeAsync (API) in 17ms
15:50:41 INFO  - Executed action GD.API.Controllers.System.UserController.GetRoleListAsync (API) in 29ms
15:50:41 INFO  - Executed action GD.API.Controllers.System.UserController.GetAccountListAsync (API) in 57ms
15:50:45 INFO  - Executed action GD.API.Controllers.System.UserController.GetLoginUserInfoAsync (API) in 133ms
15:50:46 INFO  - Executed action GD.API.Controllers.System.UserController.GetRoleListAsync (API) in 17ms
15:50:46 INFO  - Executed action GD.API.Controllers.System.UserController.GetOrganizationTreeAsync (API) in 28ms
15:50:46 INFO  - Executed action GD.API.Controllers.System.UserController.GetAccountListAsync (API) in 56ms
15:50:48 INFO  - Executed action GD.API.Controllers.System.UserController.GetRoleListAsync (API) in 19ms
15:50:48 INFO  - Executed action GD.API.Controllers.System.UserController.GetOrganizationTreeAsync (API) in 20ms
15:50:48 INFO  - Executed action GD.API.Controllers.System.UserController.GetAccountListAsync (API) in 68ms
15:50:50 INFO  - Executed action GD.API.Controllers.System.UserController.GetOrganizationTreeAsync (API) in 16ms
15:50:50 INFO  - Executed action GD.API.Controllers.System.UserController.GetRoleListAsync (API) in 28ms
15:50:50 INFO  - Executed action GD.API.Controllers.System.UserController.GetAccountListAsync (API) in 59ms
15:50:53 INFO  - Executed action GD.API.Controllers.System.UserController.GetLoginUserInfoAsync (API) in 133ms
15:50:53 INFO  - Executed action GD.API.Controllers.System.UserController.GetRoleListAsync (API) in 18ms
15:50:53 INFO  - Executed action GD.API.Controllers.System.UserController.GetOrganizationTreeAsync (API) in 29ms
15:50:53 INFO  - Executed action GD.API.Controllers.System.UserController.GetAccountListAsync (API) in 52ms
15:51:03 INFO  - Executed action GD.API.Controllers.System.UserController.GetOrganizationTreeAsync (API) in 17ms
15:51:03 INFO  - Executed action GD.API.Controllers.System.UserController.GetRoleListAsync (API) in 24ms
15:51:03 INFO  - Executed action GD.API.Controllers.System.UserController.GetAccountListAsync (API) in 53ms
15:51:07 INFO  - Executed action GD.API.Controllers.System.UserController.GetOrganizationTreeAsync (API) in 26ms
15:51:07 INFO  - Executed action GD.API.Controllers.System.UserController.GetRoleListAsync (API) in 29ms
15:51:07 INFO  - Executed action GD.API.Controllers.System.UserController.GetAccountListAsync (API) in 47ms
15:51:09 INFO  - Executed action GD.API.Controllers.System.UserController.GetOrganizationTreeAsync (API) in 28ms
15:51:09 INFO  - Executed action GD.API.Controllers.System.UserController.GetRoleListAsync (API) in 27ms
15:51:09 INFO  - Executed action GD.API.Controllers.System.UserController.GetAccountListAsync (API) in 45ms
15:51:11 INFO  - Executed action GD.API.Controllers.System.UserController.GetRoleListAsync (API) in 24ms
15:51:11 INFO  - Executed action GD.API.Controllers.System.UserController.GetOrganizationTreeAsync (API) in 26ms
15:51:11 INFO  - Executed action GD.API.Controllers.System.UserController.GetAccountListAsync (API) in 46ms
15:51:19 INFO  - Executed action GD.API.Controllers.System.UserController.GetOrganizationTreeAsync (API) in 46ms
15:51:19 INFO  - Executed action GD.API.Controllers.System.UserController.GetRoleListAsync (API) in 66ms
15:51:19 INFO  - Executed action GD.API.Controllers.System.UserController.GetAccountListAsync (API) in 115ms
15:51:21 INFO  - Executed action GD.API.Controllers.System.UserController.GetLoginUserInfoAsync (API) in 139ms
15:51:21 INFO  - Executed action GD.API.Controllers.System.UserController.GetRoleListAsync (API) in 16ms
15:51:21 INFO  - Executed action GD.API.Controllers.System.UserController.GetOrganizationTreeAsync (API) in 30ms
15:51:21 INFO  - Executed action GD.API.Controllers.System.UserController.GetAccountListAsync (API) in 58ms
15:51:25 INFO  - Executed action GD.API.Controllers.System.UserController.GetAccountInfoAsync (API) in 109ms
15:51:37 INFO  - Executed action GD.API.Controllers.System.UserController.UpdateAccountAsync (API) in 111ms
15:51:37 INFO  - Executed action GD.API.Controllers.System.UserController.GetAccountListAsync (API) in 43ms
15:51:39 INFO  - Executed action GD.API.Controllers.System.UserController.GetAccountInfoAsync (API) in 116ms
15:51:41 INFO  - Executed action GD.API.Controllers.System.UserController.GetAccountInfoAsync (API) in 115ms
15:51:52 INFO  - Executed action GD.API.Controllers.System.UserController.UpdateAccountAsync (API) in 108ms
15:51:52 INFO  - Executed action GD.API.Controllers.System.UserController.GetAccountListAsync (API) in 48ms
15:52:18 INFO  - Executed action GD.API.Controllers.System.UserController.GetLoginUserInfoAsync (API) in 143ms
15:52:19 INFO  - Executed action GD.API.Controllers.System.UserController.GetOrganizationTreeAsync (API) in 17ms
15:52:19 INFO  - Executed action GD.API.Controllers.System.UserController.GetRoleListAsync (API) in 21ms
15:52:19 INFO  - Executed action GD.API.Controllers.System.UserController.GetAccountListAsync (API) in 71ms
15:52:25 INFO  - Executed action GD.API.Controllers.System.UserController.GetAccountInfoAsync (API) in 105ms
15:52:29 INFO  - Executed action GD.API.Controllers.System.UserController.UpdateAccountAsync (API) in 114ms
15:52:29 INFO  - Executed action GD.API.Controllers.System.UserController.GetAccountListAsync (API) in 45ms
15:53:03 INFO  - Executed action GD.API.Controllers.System.UserController.GetAccountInfoAsync (API) in 112ms
15:53:06 INFO  - Executed action GD.API.Controllers.System.UserController.UpdateAccountAsync (API) in 87ms
15:53:06 INFO  - Executed action GD.API.Controllers.System.UserController.GetAccountListAsync (API) in 66ms
15:53:17 INFO  - Executed action GD.API.Controllers.System.UserController.GetOrganizationTreeAsync (API) in 17ms
15:53:17 INFO  - Executed action GD.API.Controllers.System.UserController.GetOrganizationTreeAsync (API) in 19ms
15:53:21 INFO  - Executed action GD.API.Controllers.System.UserController.GetRoleListAsync (API) in 16ms
15:53:21 INFO  - Executed action GD.API.Controllers.System.UserController.GetOrganizationTreeAsync (API) in 23ms
15:53:21 INFO  - Executed action GD.API.Controllers.System.UserController.GetAccountListAsync (API) in 55ms
15:53:25 INFO  - Executed action GD.API.Controllers.System.UserController.GetOrganizationTreeAsync (API) in 16ms
15:53:25 INFO  - Executed action GD.API.Controllers.System.UserController.GetOrganizationTreeAsync (API) in 22ms
15:53:27 INFO  - Executed action GD.API.Controllers.System.UserController.DisableEnableOrganizationAsync (API) in 95ms
15:53:27 INFO  - Executed action GD.API.Controllers.System.UserController.GetOrganizationTreeAsync (API) in 25ms
15:53:27 INFO  - Executed action GD.API.Controllers.System.UserController.GetOrganizationTreeAsync (API) in 28ms
15:53:28 INFO  - Executed action GD.API.Controllers.System.UserController.GetOrganizationTreeAsync (API) in 17ms
15:53:28 INFO  - Executed action GD.API.Controllers.System.UserController.GetRoleListAsync (API) in 16ms
15:53:28 INFO  - Executed action GD.API.Controllers.System.UserController.GetAccountListAsync (API) in 68ms
15:53:30 INFO  - Executed action GD.API.Controllers.System.UserController.GetOrganizationTreeAsync (API) in 17ms
15:53:30 INFO  - Executed action GD.API.Controllers.System.UserController.GetOrganizationTreeAsync (API) in 18ms
15:53:34 INFO  - Executed action GD.API.Controllers.System.UserController.GetOrganizationTreeAsync (API) in 25ms
15:53:34 INFO  - Executed action GD.API.Controllers.System.UserController.GetRoleListAsync (API) in 16ms
15:53:34 INFO  - Executed action GD.API.Controllers.System.UserController.GetAccountListAsync (API) in 54ms
15:53:35 INFO  - Executed action GD.API.Controllers.System.UserController.GetAccountInfoAsync (API) in 112ms
15:53:46 INFO  - Executed action GD.API.Controllers.System.UserController.GetAccountListAsync (API) in 58ms
15:53:47 INFO  - Executed action GD.API.Controllers.System.UserController.GetAccountListAsync (API) in 56ms
15:53:47 INFO  - Executed action GD.API.Controllers.System.UserController.GetAccountListAsync (API) in 61ms
15:53:50 INFO  - Executed action GD.API.Controllers.System.UserController.GetOrganizationTreeAsync (API) in 17ms
15:53:50 INFO  - Executed action GD.API.Controllers.System.UserController.GetOrganizationTreeAsync (API) in 22ms
15:53:51 INFO  - Executed action GD.API.Controllers.System.UserController.DisableEnableOrganizationAsync (API) in 90ms
15:53:51 INFO  - Executed action GD.API.Controllers.System.UserController.GetOrganizationTreeAsync (API) in 16ms
15:53:51 INFO  - Executed action GD.API.Controllers.System.UserController.GetOrganizationTreeAsync (API) in 23ms
16:19:49 INFO  - Executed action GD.API.Controllers.System.UserController.GetAccountListAsync (API) in 794ms
16:19:51 INFO  - Executed action GD.API.Controllers.System.UserController.GetAccountInfoAsync (API) in 563ms
16:20:01 INFO  - Executed action GD.API.Controllers.System.UserController.GetLoginUserInfoAsync (API) in 183ms
16:20:01 INFO  - Executed action GD.API.Controllers.System.UserController.GetAccountListAsync (API) in 71ms
16:20:01 INFO  - Executed action GD.API.Controllers.System.UserController.GetRoleListAsync (API) in 75ms
16:20:01 INFO  - Executed action GD.API.Controllers.System.UserController.GetOrganizationTreeAsync (API) in 99ms
16:20:02 INFO  - Executed action GD.API.Controllers.System.UserController.GetAccountInfoAsync (API) in 118ms
16:20:13 INFO  - Executed action GD.API.Controllers.System.UserController.GetRoleListAsync (API) in 24ms
16:20:16 INFO  - Executed action GD.API.Controllers.System.UserController.DisableEnableRoleAsync (API) in 74ms
16:20:18 INFO  - Executed action GD.API.Controllers.System.UserController.GetRoleListAsync (API) in 18ms
16:20:18 INFO  - Executed action GD.API.Controllers.System.UserController.GetOrganizationTreeAsync (API) in 24ms
16:20:18 INFO  - Executed action GD.API.Controllers.System.UserController.GetAccountListAsync (API) in 55ms
16:20:20 INFO  - Executed action GD.API.Controllers.System.UserController.GetAccountInfoAsync (API) in 126ms
16:20:38 INFO  - Executed action GD.API.Controllers.System.UserController.GetRoleListAsync (API) in 19ms
16:20:55 INFO  - Executed action GD.API.Controllers.System.UserController.GetOrganizationTreeAsync (API) in 24ms
16:20:55 INFO  - Executed action GD.API.Controllers.System.UserController.GetOrganizationTreeAsync (API) in 26ms
16:20:56 INFO  - Executed action GD.API.Controllers.System.UserController.GetOrganizationTreeAsync (API) in 18ms
16:20:56 INFO  - Executed action GD.API.Controllers.System.UserController.GetRoleListAsync (API) in 25ms
16:20:56 INFO  - Executed action GD.API.Controllers.System.UserController.GetAccountListAsync (API) in 54ms
16:20:59 INFO  - Executed action GD.API.Controllers.System.UserController.GetAccountInfoAsync (API) in 126ms
16:21:06 INFO  - Executed action GD.API.Controllers.System.UserController.GetOrganizationTreeAsync (API) in 19ms
16:21:06 INFO  - Executed action GD.API.Controllers.System.UserController.GetOrganizationTreeAsync (API) in 25ms
16:21:07 INFO  - Executed action GD.API.Controllers.System.UserController.GetRoleListAsync (API) in 28ms
16:21:51 INFO  - Executed action GD.Host.Controllers.AccountController.LoginAdmin (PAPI) in 41ms
16:21:51 INFO  - Executed action GD.API.Controllers.System.UserController.GetLoginUserInfoAsync (API) in 151ms
16:21:52 INFO  - Executed action GD.API.Controllers.System.UserController.GetRoleListAsync (API) in 24ms
16:21:59 INFO  - Executed action GD.API.Controllers.System.MenuController.GetMenuTreeAsync (API) in 43ms
16:22:00 INFO  - Executed action GD.API.Controllers.System.MenuController.GetRoleMenuAsync (API) in 22ms
16:22:10 INFO  - Executed action GD.API.Controllers.System.UserController.DisableEnableRoleAsync (API) in 53ms
16:22:13 INFO  - Executed action GD.API.Controllers.System.UserController.GetLoginUserInfoAsync (API) in 160ms
16:22:13 INFO  - Executed action GD.API.Controllers.System.UserController.GetRoleListAsync (API) in 29ms
16:22:20 INFO  - Executed action GD.API.Controllers.System.MenuController.GetMenuTreeAsync (API) in 25ms
16:22:20 INFO  - Executed action GD.API.Controllers.System.MenuController.GetRoleMenuAsync (API) in 30ms
16:22:22 INFO  - Executed action GD.API.Controllers.System.UserController.DisableEnableRoleAsync (API) in 48ms
16:22:23 INFO  - Executed action GD.API.Controllers.System.UserController.DisableEnableRoleAsync (API) in 49ms
16:22:24 INFO  - Executed action GD.API.Controllers.System.UserController.GetLoginUserInfoAsync (API) in 169ms
16:22:24 INFO  - Executed action GD.API.Controllers.System.UserController.GetRoleListAsync (API) in 25ms
18:35:26 INFO  - Executed action GD.Host.Controllers.AccountController.LoginAdmin (PAPI) in 704ms
18:35:27 INFO  - Executed action GD.API.Controllers.System.UserController.GetLoginUserInfoAsync (API) in 614ms
18:35:27 INFO  - Executed action GD.API.Controllers.System.HomeController.GetOrderQtyAsync (API) in 41ms
18:35:27 INFO  - Executed action GD.API.Controllers.System.HomeController.GetUserQtyAsync (API) in 70ms
18:35:27 INFO  - Executed action GD.API.Controllers.System.HomeController.GetDoctorsQtyAsync (API) in 100ms
18:35:27 INFO  - Executed action GD.API.Controllers.System.HomeController.GetMerchantQtyAsync (API) in 118ms
18:35:33 INFO  - Executed action GD.API.Controllers.System.MenuController.GetMenuTreeAsync (API) in 30ms
18:36:10 INFO  - Executed action GD.API.Controllers.System.MenuController.UpdateMenuAsync (API) in 66ms
18:36:10 INFO  - Executed action GD.API.Controllers.System.MenuController.GetMenuTreeAsync (API) in 29ms
18:36:14 INFO  - Executed action GD.API.Controllers.System.UserController.GetLoginUserInfoAsync (API) in 141ms
18:36:14 INFO  - Executed action GD.API.Controllers.System.MenuController.GetMenuTreeAsync (API) in 26ms
19:41:17 INFO  - Executed action GD.API.Controllers.System.UserController.GetLoginUserInfoAsync (API) in 1088ms
19:41:17 INFO  - Executed action GD.API.Controllers.System.HomeController.GetUserQtyAsync (API) in 18ms
19:41:17 INFO  - Executed action GD.API.Controllers.System.HomeController.GetOrderQtyAsync (API) in 92ms
19:41:17 INFO  - Executed action GD.API.Controllers.System.HomeController.GetDoctorsQtyAsync (API) in 101ms
19:41:17 INFO  - Executed action GD.API.Controllers.System.HomeController.GetMerchantQtyAsync (API) in 116ms
19:41:25 INFO  - Executed action GD.API.Controllers.Mall.MemberController.GetMemberPageAsync (API) in 87ms
19:41:27 INFO  - Executed action GD.API.Controllers.Doctor.HospitalController.GetHospitalAllSelectAsync (API) in 57ms
19:41:27 INFO  - Executed action GD.API.Controllers.Doctor.HospitalController.GetHospitalAllSelectAsync (API) in 16ms
19:41:27 INFO  - Executed action GD.API.Controllers.Doctor.DoctorController.GetDoctorPageAsync (API) in 109ms
19:41:28 INFO  - Executed action GD.API.Controllers.Doctor.DoctorController.GetDoctorIntegralPageAsync (API) in 160ms
19:41:30 INFO  - Executed action GD.API.Controllers.Doctor.DoctorController.GetDoctorJobTitlesAsync (API) in 3254ms
19:41:31 INFO  - Executed action GD.API.Controllers.Merchant.MerchantController.GetBusinessScopeListAsync (API) in 30ms
19:41:31 INFO  - Executed action GD.API.Controllers.Merchant.MerchantController.GetMerchantPageAsync (API) in 85ms
19:41:32 INFO  - Executed action GD.API.Controllers.Mall.MemberController.GetMemberPageAsync (API) in 64ms
19:41:36 INFO  - Executed action GD.API.Controllers.Doctor.DoctorController.GetDoctorIntegralPageAsync (API) in 149ms
19:41:38 INFO  - Executed action GD.API.Controllers.Doctor.HospitalController.GetHospitalAllSelectAsync (API) in 18ms
19:41:38 INFO  - Executed action GD.API.Controllers.Doctor.DoctorController.GetDoctorPageAsync (API) in 59ms
19:41:38 INFO  - Executed action GD.API.Controllers.Doctor.HospitalController.GetHospitalAllSelectAsync (API) in 33ms
19:41:38 INFO  - Executed action GD.API.Controllers.Doctor.DoctorController.GetDoctorJobTitlesAsync (API) in 54ms
19:44:18 INFO  - Executed action GD.API.Controllers.System.UserController.GetLoginUserInfoAsync (API) in 150ms
19:44:58 INFO  - Executed action GD.API.Controllers.System.UserController.GetLoginUserInfoAsync (API) in 171ms
19:44:59 INFO  - Executed action GD.API.Controllers.System.HomeController.GetOrderQtyAsync (API) in 14ms
19:44:59 INFO  - Executed action GD.API.Controllers.System.HomeController.GetDoctorsQtyAsync (API) in 25ms
19:44:59 INFO  - Executed action GD.API.Controllers.System.HomeController.GetUserQtyAsync (API) in 27ms
19:44:59 INFO  - Executed action GD.API.Controllers.System.HomeController.GetMerchantQtyAsync (API) in 27ms
19:45:04 INFO  - Executed action GD.API.Controllers.Doctor.HospitalController.GetHospitalAllSelectAsync (API) in 27ms
19:45:04 INFO  - Executed action GD.API.Controllers.Doctor.DoctorController.GetDoctorJobTitlesAsync (API) in 40ms
19:45:04 INFO  - Executed action GD.API.Controllers.Doctor.HospitalController.GetHospitalAllSelectAsync (API) in 26ms
19:45:04 INFO  - Executed action GD.API.Controllers.Doctor.DoctorController.GetDoctorPageAsync (API) in 63ms
19:45:06 INFO  - Executed action GD.API.Controllers.Doctor.DoctorController.RecommendDoctorAsync (API) in 69ms
19:45:07 INFO  - Executed action GD.API.Controllers.Doctor.DoctorController.RecommendDoctorAsync (API) in 55ms
19:45:10 INFO  - Executed action GD.API.Controllers.Doctor.DoctorController.GetDoctorCertificateDetailAsync (API) in 18ms
19:45:10 INFO  - Executed action GD.API.Controllers.Doctor.DoctorController.GetDoctorInfoAsync (API) in 91ms
19:45:10 INFO  - Executed action GD.API.Controllers.Doctor.HospitalController.GetHospitalOfficeSelectAsync (API) in 49ms
19:47:12 INFO  - Executed action GD.API.Controllers.Doctor.HospitalController.GetHospitalAllSelectAsync (API) in 27ms
19:47:12 INFO  - Executed action GD.API.Controllers.Doctor.DoctorController.GetDoctorJobTitlesAsync (API) in 51ms
19:47:14 INFO  - Executed action GD.API.Controllers.Doctor.HospitalController.GetHospitalAllSelectAsync (API) in 16ms
19:47:14 INFO  - Executed action GD.API.Controllers.Doctor.DoctorController.GetDoctorJobTitlesAsync (API) in 57ms
19:47:15 INFO  - Executed action GD.API.Controllers.Doctor.HospitalController.GetHospitalAllSelectAsync (API) in 16ms
19:47:15 INFO  - Executed action GD.API.Controllers.Doctor.DoctorController.GetDoctorJobTitlesAsync (API) in 58ms
19:47:17 INFO  - Executed action GD.API.Controllers.Doctor.HospitalController.GetHospitalAllSelectAsync (API) in 29ms
19:47:17 INFO  - Executed action GD.API.Controllers.Doctor.DoctorController.GetDoctorJobTitlesAsync (API) in 44ms
19:47:21 INFO  - Executed action GD.API.Controllers.Doctor.HospitalController.GetHospitalAllSelectAsync (API) in 31ms
19:47:21 INFO  - Executed action GD.API.Controllers.Doctor.DoctorController.GetDoctorJobTitlesAsync (API) in 40ms
19:47:27 INFO  - Executed action GD.API.Controllers.System.UserController.GetLoginUserInfoAsync (API) in 150ms
19:47:27 INFO  - Executed action GD.API.Controllers.Doctor.HospitalController.GetHospitalAllSelectAsync (API) in 27ms
19:47:27 INFO  - Executed action GD.API.Controllers.Doctor.DoctorController.GetDoctorJobTitlesAsync (API) in 44ms
19:47:27 INFO  - Executed action GD.API.Controllers.Doctor.HospitalController.GetHospitalAllSelectAsync (API) in 30ms
19:47:27 INFO  - Executed action GD.API.Controllers.Doctor.DoctorController.GetDoctorPageAsync (API) in 78ms
19:48:37 INFO  - Executed action GD.API.Controllers.System.UserController.GetLoginUserInfoAsync (API) in 28ms
19:50:37 INFO  - Executed action GD.API.Controllers.Merchant.MerchantController.GetBusinessScopeListAsync (API) in 16ms
19:50:37 INFO  - Executed action GD.API.Controllers.Merchant.MerchantController.GetMerchantPageAsync (API) in 73ms
19:51:28 INFO  - Executed action GD.API.Controllers.Doctor.HospitalController.GetHospitalAllSelectAsync (API) in 16ms
19:51:28 INFO  - Executed action GD.API.Controllers.Doctor.HospitalController.GetHospitalAllSelectAsync (API) in 16ms
19:51:28 INFO  - Executed action GD.API.Controllers.Doctor.DoctorController.GetDoctorJobTitlesAsync (API) in 52ms
19:51:28 INFO  - Executed action GD.API.Controllers.Doctor.DoctorController.GetDoctorPageAsync (API) in 72ms
19:52:08 INFO  - Executed action GD.API.Controllers.Doctor.HospitalController.GetHospitalOfficeSelectAsync (API) in 29ms
19:52:15 INFO  - Bad request GD.API.Controllers.Doctor.DoctorController.AddDoctorInfoAsync (API) with 所获荣誉必填
19:52:25 INFO  - Executed action GD.API.Controllers.Doctor.DoctorController.AddDoctorInfoAsync (API) in 1808ms
19:53:35 INFO  - Executed action GD.API.Controllers.Doctor.DoctorController.AddDoctorInfoAsync (API) in 64731ms
19:53:35 INFO  - Executed action GD.API.Controllers.System.UserController.GetLoginUserInfoAsync (API) in 2560ms
19:54:37 INFO  - Executed action GD.API.Controllers.Doctor.DoctorController.AddDoctorInfoAsync (API) in 7604ms
19:54:50 INFO  - Executed action GD.API.Controllers.Doctor.DoctorController.AddDoctorInfoAsync (API) in 1876ms
19:54:50 INFO  - Executed action GD.API.Controllers.Doctor.DoctorController.GetDoctorPageAsync (API) in 74ms
19:55:08 INFO  - Executed action GD.API.Controllers.System.UserController.GetLoginUserInfoAsync (API) in 423ms
19:55:08 INFO  - Executed action GD.API.Controllers.Doctor.DoctorController.GetDoctorPageAsync (API) in 53ms
19:55:08 INFO  - Executed action GD.API.Controllers.Doctor.HospitalController.GetHospitalAllSelectAsync (API) in 76ms
19:55:08 INFO  - Executed action GD.API.Controllers.Doctor.HospitalController.GetHospitalAllSelectAsync (API) in 23ms
19:55:12 INFO  - Executed action GD.API.Controllers.Doctor.DoctorController.GetDoctorJobTitlesAsync (API) in 3267ms
19:55:16 INFO  - Executed action GD.API.Controllers.Doctor.DoctorController.GetDoctorPageAsync (API) in 63ms
19:55:18 INFO  - Executed action GD.API.Controllers.Doctor.DoctorController.GetDoctorPageAsync (API) in 65ms
19:56:11 INFO  - Executed action GD.API.Controllers.Mall.MemberController.GetMemberPageAsync (API) in 60ms
19:56:19 INFO  - Executed action GD.API.Controllers.Mall.MemberController.GetMemberInfoAsync (API) in 259ms
19:56:19 INFO  - Executed action GD.API.Controllers.Mall.MemberController.GetMemberOrderPageAsync (API) in 76ms
19:56:41 INFO  - Executed action GD.API.Controllers.Doctor.HospitalController.GetHospitalAllSelectAsync (API) in 19ms
19:56:41 INFO  - Executed action GD.API.Controllers.Doctor.HospitalController.GetHospitalAllSelectAsync (API) in 20ms
19:56:41 INFO  - Executed action GD.API.Controllers.Doctor.DoctorController.GetDoctorPageAsync (API) in 49ms
19:56:41 INFO  - Executed action GD.API.Controllers.Doctor.DoctorController.GetDoctorJobTitlesAsync (API) in 52ms
19:56:46 INFO  - Executed action GD.API.Controllers.Doctor.DoctorController.GetDoctorCertificateDetailAsync (API) in 22ms
19:56:46 INFO  - Executed action GD.API.Controllers.Doctor.DoctorController.GetDoctorInfoAsync (API) in 70ms
19:56:46 INFO  - Executed action GD.API.Controllers.Doctor.HospitalController.GetHospitalOfficeSelectAsync (API) in 24ms
