10:44:24 INFO  - Executed action GD.API.Controllers.System.UserController.GetLoginUserInfoAsync (API) in 1582ms
10:44:25 INFO  - Executed action GD.API.Controllers.System.HomeController.GetUserQtyAsync (API) in 64ms
10:44:25 INFO  - Executed action GD.API.Controllers.System.HomeController.GetOrderQtyAsync (API) in 128ms
10:44:25 INFO  - Executed action GD.API.Controllers.System.HomeController.GetDoctorsQtyAsync (API) in 136ms
10:44:25 INFO  - Executed action GD.API.Controllers.System.HomeController.GetMerchantQtyAsync (API) in 162ms
10:47:40 INFO  - Executed action GD.API.Controllers.Doctor.HospitalController.GetHospitalAllSelectAsync (API) in 191ms
10:47:40 INFO  - Executed action GD.API.Controllers.Doctor.DoctorController.GetDoctorPageAsync (API) in 270ms
10:47:43 INFO  - Executed action GD.API.Controllers.Doctor.DoctorController.GetDoctorJobTitlesAsync (API) in 3298ms
10:47:45 INFO  - Executed action GD.API.Controllers.Doctor.DoctorController.GetDoctorIntegralPageAsync (API) in 125ms
10:47:47 INFO  - Executed action GD.API.Controllers.Doctor.DoctorController.GetDoctorJobTitlesAsync (API) in 88ms
10:47:47 INFO  - Executed action GD.API.Controllers.Doctor.DoctorController.GetDoctorPageAsync (API) in 111ms
10:47:50 INFO  - Executed action GD.API.Controllers.Doctor.DoctorController.GetDoctorCertificateDetailAsync (API) in 45ms
10:47:50 INFO  - Executed action GD.API.Controllers.Doctor.DoctorController.GetDoctorInfoAsync (API) in 152ms
10:47:50 INFO  - Executed action GD.API.Controllers.Doctor.HospitalController.GetHospitalOfficeSelectAsync (API) in 55ms
10:51:40 INFO  - Executed action GD.API.Controllers.Doctor.DoctorController.GetDoctorIntegralPageAsync (API) in 111ms
10:51:42 INFO  - Executed action GD.API.Controllers.Merchant.MerchantController.GetBusinessScopeListAsync (API) in 18ms
10:51:42 INFO  - Executed action GD.API.Controllers.Merchant.MerchantController.GetMerchantPageAsync (API) in 59ms
10:51:44 INFO  - Executed action GD.API.Controllers.Mall.MemberController.GetMemberPageAsync (API) in 63ms
10:51:50 INFO  - Executed action GD.API.Controllers.Utility.ArticleController.GetArticleTypeAsync (API) in 18ms
10:51:50 INFO  - Executed action GD.API.Controllers.Utility.ArticleController.GetArticleListAsync (API) in 91ms
10:51:51 INFO  - Executed action GD.API.Controllers.Utility.ArticleController.GetArticleTypeAsync (API) in 16ms
10:51:52 INFO  - Executed action GD.API.Controllers.Utility.ArticleController.GetArticleListAsync (API) in 83ms
10:52:06 INFO  - Executed action GD.API.Controllers.System.BannerController.GetBannerType1 (API) in 44ms
10:52:06 INFO  - Executed action GD.API.Controllers.System.BannerController.GetBannerPageAsync (API) in 112ms
10:52:09 INFO  - Executed action GD.API.Controllers.System.DictionaryController.GetDictionaryMatedata (API) in 25ms
10:52:09 INFO  - Executed action GD.API.Controllers.System.DictionaryController.GetDictionaryTreeAsync (API) in 27ms
10:52:09 INFO  - Executed action GD.API.Controllers.System.DictionaryController.GetDictionaryTreeAsync (API) in 27ms
10:52:15 INFO  - Executed action GD.API.Controllers.System.UserController.GetOrganizationTreeAsync (API) in 24ms
10:52:15 INFO  - Executed action GD.API.Controllers.System.UserController.GetOrganizationTreeAsync (API) in 24ms
10:52:16 INFO  - Executed action GD.API.Controllers.System.UserController.GetOrganizationTreeAsync (API) in 26ms
10:52:16 INFO  - Executed action GD.API.Controllers.System.UserController.GetRoleListAsync (API) in 21ms
10:52:16 INFO  - Executed action GD.API.Controllers.System.UserController.GetAccountListAsync (API) in 57ms
10:52:20 INFO  - Executed action GD.API.Controllers.System.UserController.GetRoleListAsync (API) in 17ms
10:52:20 INFO  - Executed action GD.API.Controllers.System.MenuController.GetMenuTree2Async (API) in 142ms
10:52:41 INFO  - Executed action GD.API.Controllers.Doctor.DoctorController.GetDoctorJobTitlesAsync (API) in 40ms
10:52:41 INFO  - Executed action GD.API.Controllers.Doctor.DoctorController.GetDoctorPageAsync (API) in 49ms
10:52:54 INFO  - Executed action GD.API.Controllers.Doctor.HospitalController.GetHospitalLevel (API) in 3ms
10:52:54 INFO  - Executed action GD.API.Controllers.Doctor.HospitalController.GetHospitalPageAsync (API) in 59ms
10:52:58 INFO  - Executed action GD.API.Controllers.System.MenuController.GetMenuTreeAsync (API) in 22ms
10:53:00 INFO  - Executed action GD.API.Controllers.System.ButtonController.GetButtonListAsync (API) in 19ms
11:00:53 INFO  - Executed action GD.Host.Controllers.AccountController.LoginAdmin (PAPI) in 167ms
11:00:53 INFO  - Executed action GD.API.Controllers.System.UserController.GetLoginUserInfoAsync (API) in 188ms
11:00:53 INFO  - Executed action GD.API.Controllers.System.MenuController.GetMenuTreeAsync (API) in 29ms
11:06:11 INFO  - Executed action GD.API.Controllers.System.MenuController.GetMenuTreeAsync (API) in 55ms
11:14:54 INFO  - Executed action GD.API.Controllers.System.UserController.GetLoginUserInfoAsync (API) in 239ms
11:14:54 INFO  - Executed action GD.API.Controllers.System.BannerController.GetBannerType1 (API) in 56ms
11:14:54 INFO  - Executed action GD.API.Controllers.System.BannerController.GetBannerPageAsync (API) in 81ms
11:15:01 INFO  - Executed action GD.API.Controllers.Manager.RecommendController.GetRecommendPageAsync (API) in 109ms
11:15:04 INFO  - Executed action GD.API.Controllers.Manager.RecommendController.GetOwnerGuidsAsync (API) in 17ms
11:15:05 INFO  - Executed action GD.API.Controllers.Doctor.DoctorController.SearchDoctorAsync (API) in 79ms
11:15:07 INFO  - Executed action GD.API.Controllers.Doctor.DoctorController.SearchDoctorAsync (API) in 106ms
11:15:08 INFO  - Executed action GD.API.Controllers.Doctor.DoctorController.SearchDoctorAsync (API) in 111ms
11:15:10 INFO  - Executed action GD.API.Controllers.Doctor.DoctorController.SearchDoctorAsync (API) in 100ms
11:15:10 INFO  - Executed action GD.API.Controllers.Doctor.DoctorController.SearchDoctorAsync (API) in 68ms
11:15:11 INFO  - Executed action GD.API.Controllers.Doctor.DoctorController.SearchDoctorAsync (API) in 46ms
11:16:13 INFO  - Executed action GD.API.Controllers.System.HomeController.GetDoctorsQtyAsync (API) in 46ms
11:16:13 INFO  - Executed action GD.API.Controllers.System.HomeController.GetOrderQtyAsync (API) in 77ms
11:16:13 INFO  - Executed action GD.API.Controllers.System.HomeController.GetMerchantQtyAsync (API) in 103ms
11:16:13 INFO  - Executed action GD.API.Controllers.System.HomeController.GetUserQtyAsync (API) in 108ms
11:16:17 INFO  - Executed action GD.API.Controllers.Merchant.MerchantController.GetBusinessScopeListAsync (API) in 26ms
11:16:17 INFO  - Executed action GD.API.Controllers.Merchant.MerchantController.GetMerchantPageAsync (API) in 85ms
11:16:19 INFO  - Executed action GD.API.Controllers.Doctor.HospitalController.GetHospitalAllSelectAsync (API) in 42ms
11:16:19 INFO  - Executed action GD.API.Controllers.Doctor.DoctorController.GetDoctorJobTitlesAsync (API) in 93ms
11:16:19 INFO  - Executed action GD.API.Controllers.Doctor.DoctorController.GetDoctorPageAsync (API) in 125ms
11:16:56 INFO  - Executed action GD.API.Controllers.Doctor.HospitalController.GetHospitalOfficeSelectAsync (API) in 43ms
11:16:59 INFO  - Executed action GD.API.Controllers.Doctor.DoctorController.GetDoctorPageAsync (API) in 60ms
11:20:14 INFO  - Executed action GD.API.Controllers.Doctor.DoctorController.GetDoctorCertificateDetailAsync (API) in 23ms
11:20:14 INFO  - Executed action GD.API.Controllers.Doctor.DoctorController.GetDoctorInfoAsync (API) in 58ms
11:34:30 INFO  - Executed action GD.API.Controllers.Manager.RecommendController.GetRecommendPageAsync (API) in 687ms
11:35:52 INFO  - Executed action GD.API.Controllers.Manager.RecommendController.GetRecommendProductListAsync (API) in 90ms
11:36:12 INFO  - Executed action GD.API.Controllers.Manager.RecommendController.GetRecommendProductListAsync (API) in 64ms
11:36:27 INFO  - Executed action GD.API.Controllers.Manager.RecommendController.DeleteRecommendAsync (API) in 218ms
11:36:27 INFO  - Executed action GD.API.Controllers.Manager.RecommendController.GetRecommendPageAsync (API) in 60ms
11:36:31 INFO  - Executed action GD.API.Controllers.Manager.RecommendController.DeleteRecommendAsync (API) in 68ms
11:36:31 INFO  - Executed action GD.API.Controllers.Manager.RecommendController.GetRecommendPageAsync (API) in 59ms
11:36:36 INFO  - Executed action GD.API.Controllers.Manager.RecommendController.DeleteRecommendAsync (API) in 60ms
11:36:36 INFO  - Executed action GD.API.Controllers.Manager.RecommendController.GetRecommendPageAsync (API) in 60ms
11:42:33 INFO  - Executed action GD.API.Controllers.System.UserController.GetLoginUserInfoAsync (API) in 738ms
11:42:45 INFO  - Executed action GD.API.Controllers.System.UserController.GetLoginUserInfoAsync (API) in 187ms
11:42:45 INFO  - Executed action GD.API.Controllers.System.UserController.GetLoginUserInfoAsync (API) in 229ms
11:42:45 INFO  - Executed action GD.API.Controllers.System.HomeController.GetOrderQtyAsync (API) in 41ms
11:42:45 INFO  - Executed action GD.API.Controllers.System.HomeController.GetDoctorsQtyAsync (API) in 79ms
11:42:45 INFO  - Executed action GD.API.Controllers.System.HomeController.GetMerchantQtyAsync (API) in 80ms
11:42:46 INFO  - Executed action GD.API.Controllers.System.HomeController.GetUserQtyAsync (API) in 99ms
11:42:46 INFO  - Executed action GD.API.Controllers.System.MenuController.GetMenuTreeAsync (API) in 30ms
11:43:05 INFO  - Executed action GD.API.Controllers.Utility.ArticleController.GetArticleTypeAsync (API) in 2584ms
11:43:05 INFO  - Executed action GD.API.Controllers.Utility.ArticleController.GetArticleListAsync (API) in 111ms
11:43:09 INFO  - Executed action GD.API.Controllers.Manager.RecommendController.GetRecommendPageAsync (API) in 43ms
11:43:11 INFO  - Executed action GD.API.Controllers.Manager.RecommendController.GetOwnerGuidsAsync (API) in 29ms
11:43:14 INFO  - Executed action GD.API.Controllers.Manager.RecommendController.GetOwnerGuidsAsync (API) in 26ms
11:43:16 INFO  - Executed action GD.API.Controllers.Manager.RecommendController.GetOwnerGuidsAsync (API) in 17ms
11:43:18 INFO  - Executed action GD.API.Controllers.Utility.ArticleController.SearchArticleAsync (API) in 63ms
11:58:23 INFO  - Executed action GD.API.Controllers.System.UserController.GetLoginUserInfoAsync (API) in 166ms
11:58:24 INFO  - Executed action GD.API.Controllers.Manager.RecommendController.GetRecommendPageAsync (API) in 41ms
11:58:25 INFO  - Executed action GD.API.Controllers.Manager.RecommendController.GetOwnerGuidsAsync (API) in 14ms
11:58:27 INFO  - Executed action GD.API.Controllers.Manager.RecommendController.GetOwnerGuidsAsync (API) in 15ms
14:52:31 INFO  - Executed action GD.API.Controllers.System.UserController.GetLoginUserInfoAsync (API) in 172ms
14:52:31 INFO  - Executed action GD.API.Controllers.System.UserController.GetLoginUserInfoAsync (API) in 105ms
14:52:31 INFO  - Executed action GD.API.Controllers.System.MenuController.GetMenuTreeAsync (API) in 16ms
14:52:31 INFO  - Executed action GD.API.Controllers.Manager.RecommendController.GetRecommendPageAsync (API) in 35ms
14:52:38 INFO  - Executed action GD.API.Controllers.System.UserController.GetLoginUserInfoAsync (API) in 119ms
14:52:38 INFO  - Executed action GD.API.Controllers.System.UserController.GetLoginUserInfoAsync (API) in 112ms
14:52:39 INFO  - Executed action GD.API.Controllers.Manager.RecommendController.GetRecommendPageAsync (API) in 37ms
14:52:39 INFO  - Executed action GD.API.Controllers.System.MenuController.GetMenuTreeAsync (API) in 109ms
14:52:43 INFO  - Executed action GD.API.Controllers.System.UserController.GetLoginUserInfoAsync (API) in 145ms
14:52:43 INFO  - Executed action GD.API.Controllers.Manager.RecommendController.GetRecommendPageAsync (API) in 49ms
14:53:26 INFO  - Executed action GD.API.Controllers.System.UserController.GetLoginUserInfoAsync (API) in 164ms
14:53:26 INFO  - Executed action GD.API.Controllers.System.UserController.GetLoginUserInfoAsync (API) in 148ms
14:53:26 INFO  - Executed action GD.API.Controllers.Manager.RecommendController.GetRecommendPageAsync (API) in 48ms
14:53:26 INFO  - Executed action GD.API.Controllers.System.MenuController.GetMenuTreeAsync (API) in 29ms
14:58:48 INFO  - Executed action GD.API.Controllers.System.UserController.GetLoginUserInfoAsync (API) in 279ms
14:58:48 INFO  - Executed action GD.API.Controllers.System.UserController.GetLoginUserInfoAsync (API) in 197ms
14:58:49 INFO  - Executed action GD.API.Controllers.Manager.RecommendController.GetRecommendPageAsync (API) in 72ms
14:58:49 INFO  - Executed action GD.API.Controllers.System.MenuController.GetMenuTreeAsync (API) in 29ms
15:05:56 INFO  - Executed action GD.API.Controllers.System.UserController.GetLoginUserInfoAsync (API) in 165ms
15:05:56 INFO  - Executed action GD.API.Controllers.Manager.RecommendController.GetRecommendPageAsync (API) in 38ms
15:06:00 INFO  - Executed action GD.API.Controllers.Manager.RecommendController.GetOwnerGuidsAsync (API) in 12ms
15:06:07 INFO  - Executed action GD.API.Controllers.Manager.RecommendController.GetOwnerGuidsAsync (API) in 15ms
15:06:10 INFO  - Executed action GD.API.Controllers.Manager.RecommendController.GetOwnerGuidsAsync (API) in 12ms
15:06:13 INFO  - Executed action GD.API.Controllers.Manager.RecommendController.GetOwnerGuidsAsync (API) in 12ms
15:10:52 INFO  - Executed action GD.API.Controllers.System.UserController.GetLoginUserInfoAsync (API) in 153ms
15:10:53 INFO  - Executed action GD.API.Controllers.Manager.RecommendController.GetRecommendPageAsync (API) in 37ms
15:11:12 INFO  - Executed action GD.API.Controllers.Manager.RecommendController.GetOwnerGuidsAsync (API) in 14ms
15:11:14 INFO  - Executed action GD.API.Controllers.Manager.RecommendController.GetOwnerGuidsAsync (API) in 14ms
15:11:17 INFO  - Executed action GD.API.Controllers.Manager.RecommendController.GetOwnerGuidsAsync (API) in 14ms
15:12:19 INFO  - Executed action GD.API.Controllers.System.UserController.GetLoginUserInfoAsync (API) in 124ms
15:12:19 INFO  - Executed action GD.API.Controllers.Manager.RecommendController.GetRecommendPageAsync (API) in 43ms
15:12:36 INFO  - Executed action GD.API.Controllers.Manager.RecommendController.GetOwnerGuidsAsync (API) in 13ms
15:29:57 INFO  - Executed action GD.API.Controllers.System.UserController.GetLoginUserInfoAsync (API) in 191ms
15:29:57 INFO  - Executed action GD.API.Controllers.Manager.RecommendController.GetRecommendPageAsync (API) in 46ms
15:32:30 INFO  - Executed action GD.API.Controllers.System.UserController.GetLoginUserInfoAsync (API) in 151ms
15:32:30 INFO  - Executed action GD.API.Controllers.Manager.RecommendController.GetRecommendPageAsync (API) in 45ms
15:37:46 INFO  - Executed action GD.API.Controllers.System.UserController.GetLoginUserInfoAsync (API) in 200ms
15:37:46 INFO  - Executed action GD.API.Controllers.System.UserController.GetLoginUserInfoAsync (API) in 135ms
15:37:46 INFO  - Executed action GD.API.Controllers.System.MenuController.GetMenuTreeAsync (API) in 16ms
15:37:46 INFO  - Executed action GD.API.Controllers.Manager.RecommendController.GetRecommendPageAsync (API) in 32ms
15:38:43 INFO  - Executed action GD.API.Controllers.System.UserController.GetLoginUserInfoAsync (API) in 102ms
15:38:43 INFO  - Executed action GD.API.Controllers.System.MenuController.GetMenuTreeAsync (API) in 17ms
15:38:43 INFO  - Executed action GD.API.Controllers.System.UserController.GetLoginUserInfoAsync (API) in 136ms
15:38:43 INFO  - Executed action GD.API.Controllers.Manager.RecommendController.GetRecommendPageAsync (API) in 36ms
15:43:35 INFO  - Executed action GD.API.Controllers.Manager.RecommendController.GetRecommendPageAsync (API) in 41ms
15:43:37 INFO  - Executed action GD.API.Controllers.Manager.RecommendController.GetOwnerGuidsAsync (API) in 14ms
15:43:37 INFO  - Executed action GD.API.Controllers.Utility.ArticleController.SearchArticleAsync (API) in 39ms
15:43:40 INFO  - Executed action GD.API.Controllers.Utility.ArticleController.SearchArticleAsync (API) in 37ms
15:43:41 INFO  - Executed action GD.API.Controllers.Utility.ArticleController.SearchArticleAsync (API) in 37ms
15:43:41 INFO  - Executed action GD.API.Controllers.Utility.ArticleController.SearchArticleAsync (API) in 36ms
15:43:42 INFO  - Executed action GD.API.Controllers.Utility.ArticleController.SearchArticleAsync (API) in 36ms
15:44:01 INFO  - Executed action GD.API.Controllers.Utility.ArticleController.SearchArticleAsync (API) in 36ms
15:44:09 INFO  - Executed action GD.API.Controllers.Utility.ArticleController.SearchArticleAsync (API) in 36ms
15:44:11 INFO  - Executed action GD.API.Controllers.Utility.ArticleController.SearchArticleAsync (API) in 37ms
15:44:20 INFO  - Executed action GD.API.Controllers.System.UserController.GetLoginUserInfoAsync (API) in 114ms
15:44:21 INFO  - Executed action GD.API.Controllers.Manager.RecommendController.GetRecommendPageAsync (API) in 37ms
15:44:22 INFO  - Executed action GD.API.Controllers.Manager.RecommendController.GetOwnerGuidsAsync (API) in 48ms
15:44:22 INFO  - Executed action GD.API.Controllers.Utility.ArticleController.SearchArticleAsync (API) in 81ms
15:44:24 INFO  - Executed action GD.API.Controllers.Utility.ArticleController.SearchArticleAsync (API) in 38ms
15:44:26 INFO  - Executed action GD.API.Controllers.Utility.ArticleController.SearchArticleAsync (API) in 37ms
15:44:28 INFO  - Executed action GD.API.Controllers.Manager.RecommendController.AddRecommendDetailAsync (API) in 80ms
15:44:30 INFO  - Executed action GD.API.Controllers.System.UserController.GetLoginUserInfoAsync (API) in 106ms
15:44:30 INFO  - Executed action GD.API.Controllers.Manager.RecommendController.GetRecommendPageAsync (API) in 36ms
15:44:31 INFO  - Executed action GD.API.Controllers.Manager.RecommendController.GetOwnerGuidsAsync (API) in 13ms
15:44:31 INFO  - Executed action GD.API.Controllers.Utility.ArticleController.SearchArticleAsync (API) in 37ms
15:44:56 INFO  - Executed action GD.API.Controllers.Utility.ArticleController.SearchArticleAsync (API) in 38ms
15:45:02 INFO  - Executed action GD.API.Controllers.Utility.ArticleController.SearchArticleAsync (API) in 36ms
15:45:03 INFO  - Executed action GD.API.Controllers.System.UserController.GetLoginUserInfoAsync (API) in 108ms
15:45:03 INFO  - Executed action GD.API.Controllers.Manager.RecommendController.GetRecommendPageAsync (API) in 39ms
15:45:04 INFO  - Executed action GD.API.Controllers.Manager.RecommendController.GetOwnerGuidsAsync (API) in 14ms
15:45:04 INFO  - Executed action GD.API.Controllers.Utility.ArticleController.SearchArticleAsync (API) in 36ms
15:46:04 INFO  - Executed action GD.API.Controllers.System.UserController.GetLoginUserInfoAsync (API) in 105ms
15:46:04 INFO  - Executed action GD.API.Controllers.Manager.RecommendController.GetRecommendPageAsync (API) in 39ms
15:46:06 INFO  - Executed action GD.API.Controllers.Manager.RecommendController.GetOwnerGuidsAsync (API) in 14ms
15:46:06 INFO  - Executed action GD.API.Controllers.Utility.ArticleController.SearchArticleAsync (API) in 38ms
15:46:06 INFO  - Executed action GD.API.Controllers.Manager.RecommendController.GetOwnerGuidsAsync (API) in 11ms
15:46:45 INFO  - Executed action GD.API.Controllers.Utility.ArticleController.SearchArticleAsync (API) in 36ms
15:46:45 INFO  - Executed action GD.API.Controllers.Manager.RecommendController.GetOwnerGuidsAsync (API) in 14ms
15:47:13 INFO  - Executed action GD.API.Controllers.System.UserController.GetLoginUserInfoAsync (API) in 108ms
15:47:13 INFO  - Executed action GD.API.Controllers.System.UserController.GetLoginUserInfoAsync (API) in 113ms
15:47:15 INFO  - Executed action GD.API.Controllers.Manager.RecommendController.GetRecommendPageAsync (API) in 36ms
15:47:16 INFO  - Executed action GD.API.Controllers.System.MenuController.GetMenuTreeAsync (API) in 15ms
15:47:16 INFO  - Executed action GD.API.Controllers.Manager.RecommendController.GetRecommendPageAsync (API) in 36ms
15:48:59 INFO  - Executed action GD.API.Controllers.System.UserController.GetLoginUserInfoAsync (API) in 132ms
15:48:59 INFO  - Executed action GD.API.Controllers.Manager.RecommendController.GetRecommendPageAsync (API) in 37ms
15:49:00 INFO  - Executed action GD.API.Controllers.Manager.RecommendController.GetOwnerGuidsAsync (API) in 12ms
15:49:00 INFO  - Executed action GD.API.Controllers.Manager.RecommendController.GetOwnerGuidsAsync (API) in 15ms
15:49:22 INFO  - Executed action GD.API.Controllers.Manager.RecommendController.GetOwnerGuidsAsync (API) in 13ms
15:49:22 INFO  - Executed action GD.API.Controllers.Utility.ArticleController.SearchArticleAsync (API) in 35ms
15:49:33 INFO  - Executed action GD.API.Controllers.System.UserController.GetLoginUserInfoAsync (API) in 109ms
15:49:34 INFO  - Executed action GD.API.Controllers.Manager.RecommendController.GetRecommendPageAsync (API) in 40ms
15:49:35 INFO  - Executed action GD.API.Controllers.Manager.RecommendController.GetOwnerGuidsAsync (API) in 12ms
15:49:35 INFO  - Executed action GD.API.Controllers.Manager.RecommendController.GetOwnerGuidsAsync (API) in 14ms
15:49:35 INFO  - Executed action GD.API.Controllers.Utility.ArticleController.SearchArticleAsync (API) in 37ms
15:50:15 INFO  - Executed action GD.API.Controllers.Manager.RecommendController.GetOwnerGuidsAsync (API) in 13ms
15:50:18 INFO  - Executed action GD.API.Controllers.Manager.RecommendController.GetOwnerGuidsAsync (API) in 14ms
15:50:18 INFO  - Executed action GD.API.Controllers.Utility.ArticleController.SearchArticleAsync (API) in 40ms
15:50:18 INFO  - Executed action GD.API.Controllers.Manager.RecommendController.GetOwnerGuidsAsync (API) in 12ms
15:50:20 INFO  - Executed action GD.API.Controllers.Manager.RecommendController.GetOwnerGuidsAsync (API) in 14ms
15:50:20 INFO  - Executed action GD.API.Controllers.Utility.ArticleController.SearchArticleAsync (API) in 39ms
15:50:21 INFO  - Executed action GD.API.Controllers.Manager.RecommendController.GetOwnerGuidsAsync (API) in 14ms
15:50:24 INFO  - Executed action GD.API.Controllers.Manager.RecommendController.GetOwnerGuidsAsync (API) in 13ms
15:50:24 INFO  - Executed action GD.API.Controllers.Utility.ArticleController.SearchArticleAsync (API) in 35ms
15:50:24 INFO  - Executed action GD.API.Controllers.Manager.RecommendController.GetOwnerGuidsAsync (API) in 14ms
15:50:27 INFO  - Executed action GD.API.Controllers.Manager.RecommendController.GetOwnerGuidsAsync (API) in 14ms
15:50:27 INFO  - Executed action GD.API.Controllers.Utility.ArticleController.SearchArticleAsync (API) in 35ms
15:50:34 INFO  - Executed action GD.API.Controllers.Manager.RecommendController.GetOwnerGuidsAsync (API) in 13ms
15:50:34 INFO  - Executed action GD.API.Controllers.Utility.ArticleController.SearchArticleAsync (API) in 39ms
15:50:36 INFO  - Executed action GD.API.Controllers.Manager.RecommendController.GetOwnerGuidsAsync (API) in 11ms
15:50:36 INFO  - Executed action GD.API.Controllers.Utility.ArticleController.SearchArticleAsync (API) in 35ms
15:50:41 INFO  - Executed action GD.API.Controllers.Manager.RecommendController.GetOwnerGuidsAsync (API) in 14ms
15:50:41 INFO  - Executed action GD.API.Controllers.Utility.ArticleController.SearchArticleAsync (API) in 38ms
15:50:44 INFO  - Executed action GD.API.Controllers.System.UserController.GetLoginUserInfoAsync (API) in 109ms
15:50:45 INFO  - Executed action GD.API.Controllers.Manager.RecommendController.GetRecommendPageAsync (API) in 34ms
15:50:47 INFO  - Executed action GD.API.Controllers.Manager.RecommendController.GetOwnerGuidsAsync (API) in 14ms
15:50:47 INFO  - Executed action GD.API.Controllers.Manager.RecommendController.GetOwnerGuidsAsync (API) in 15ms
15:50:47 INFO  - Executed action GD.API.Controllers.Utility.ArticleController.SearchArticleAsync (API) in 39ms
15:52:26 INFO  - Executed action GD.API.Controllers.Manager.RecommendController.GetOwnerGuidsAsync (API) in 15ms
15:52:26 INFO  - Executed action GD.API.Controllers.Utility.ArticleController.SearchArticleAsync (API) in 41ms
15:52:36 INFO  - Executed action GD.API.Controllers.Manager.RecommendController.GetOwnerGuidsAsync (API) in 13ms
15:52:36 INFO  - Executed action GD.API.Controllers.Utility.ArticleController.SearchArticleAsync (API) in 36ms
15:52:48 INFO  - Executed action GD.API.Controllers.Manager.RecommendController.GetOwnerGuidsAsync (API) in 14ms
15:52:48 INFO  - Executed action GD.API.Controllers.Utility.ArticleController.SearchArticleAsync (API) in 39ms
15:52:56 INFO  - Executed action GD.API.Controllers.Manager.RecommendController.GetOwnerGuidsAsync (API) in 12ms
15:52:56 INFO  - Executed action GD.API.Controllers.Utility.ArticleController.SearchArticleAsync (API) in 36ms
15:53:04 INFO  - Executed action GD.API.Controllers.Manager.RecommendController.GetOwnerGuidsAsync (API) in 14ms
15:53:04 INFO  - Executed action GD.API.Controllers.Utility.ArticleController.SearchArticleAsync (API) in 38ms
15:53:06 INFO  - Executed action GD.API.Controllers.Manager.RecommendController.GetOwnerGuidsAsync (API) in 13ms
15:53:06 INFO  - Executed action GD.API.Controllers.Utility.ArticleController.SearchArticleAsync (API) in 35ms
15:53:16 INFO  - Executed action GD.API.Controllers.Manager.RecommendController.GetOwnerGuidsAsync (API) in 13ms
15:53:16 INFO  - Executed action GD.API.Controllers.Utility.ArticleController.SearchArticleAsync (API) in 39ms
15:53:23 INFO  - Executed action GD.API.Controllers.Manager.RecommendController.GetOwnerGuidsAsync (API) in 11ms
15:53:23 INFO  - Executed action GD.API.Controllers.Utility.ArticleController.SearchArticleAsync (API) in 38ms
15:53:40 INFO  - Executed action GD.API.Controllers.Manager.RecommendController.GetOwnerGuidsAsync (API) in 15ms
15:53:40 INFO  - Executed action GD.API.Controllers.Utility.ArticleController.SearchArticleAsync (API) in 38ms
15:56:08 INFO  - Executed action GD.API.Controllers.System.UserController.GetLoginUserInfoAsync (API) in 115ms
15:56:08 INFO  - Executed action GD.API.Controllers.Manager.RecommendController.GetRecommendPageAsync (API) in 36ms
15:56:09 INFO  - Executed action GD.API.Controllers.System.UserController.GetLoginUserInfoAsync (API) in 113ms
15:56:09 INFO  - Executed action GD.API.Controllers.System.MenuController.GetMenuTreeAsync (API) in 17ms
15:56:12 INFO  - Executed action GD.API.Controllers.Manager.RecommendController.GetRecommendPageAsync (API) in 35ms
15:57:51 INFO  - Executed action GD.API.Controllers.System.UserController.GetLoginUserInfoAsync (API) in 112ms
15:57:51 INFO  - Executed action GD.API.Controllers.System.UserController.GetLoginUserInfoAsync (API) in 113ms
15:57:51 INFO  - Executed action GD.API.Controllers.Manager.RecommendController.GetRecommendPageAsync (API) in 38ms
15:57:52 INFO  - Executed action GD.API.Controllers.System.MenuController.GetMenuTreeAsync (API) in 21ms
15:58:13 INFO  - Executed action GD.API.Controllers.System.UserController.GetLoginUserInfoAsync (API) in 162ms
15:58:13 INFO  - Executed action GD.API.Controllers.System.UserController.GetLoginUserInfoAsync (API) in 114ms
15:58:13 INFO  - Executed action GD.API.Controllers.Manager.RecommendController.GetRecommendPageAsync (API) in 34ms
15:58:14 INFO  - Executed action GD.API.Controllers.System.MenuController.GetMenuTreeAsync (API) in 22ms
15:58:20 INFO  - Executed action GD.API.Controllers.System.UserController.GetLoginUserInfoAsync (API) in 114ms
15:58:21 INFO  - Executed action GD.API.Controllers.Manager.RecommendController.GetRecommendPageAsync (API) in 35ms
15:58:21 INFO  - Executed action GD.API.Controllers.System.UserController.GetLoginUserInfoAsync (API) in 127ms
15:58:21 INFO  - Executed action GD.API.Controllers.System.MenuController.GetMenuTreeAsync (API) in 15ms
15:59:26 INFO  - Executed action GD.API.Controllers.System.UserController.GetLoginUserInfoAsync (API) in 112ms
15:59:26 INFO  - Executed action GD.API.Controllers.Manager.RecommendController.GetRecommendPageAsync (API) in 39ms
15:59:44 INFO  - Executed action GD.API.Controllers.System.UserController.GetLoginUserInfoAsync (API) in 112ms
15:59:44 INFO  - Executed action GD.API.Controllers.Manager.RecommendController.GetRecommendPageAsync (API) in 35ms
15:59:57 INFO  - Executed action GD.API.Controllers.Manager.RecommendController.GetRecommendPageAsync (API) in 35ms
16:00:08 INFO  - Executed action GD.API.Controllers.Manager.RecommendController.GetRecommendPageAsync (API) in 34ms
16:00:11 INFO  - Executed action GD.API.Controllers.Manager.RecommendController.GetRecommendPageAsync (API) in 32ms
16:01:06 INFO  - Executed action GD.API.Controllers.System.UserController.GetLoginUserInfoAsync (API) in 129ms
16:01:07 INFO  - Executed action GD.API.Controllers.Manager.RecommendController.GetRecommendPageAsync (API) in 36ms
16:01:09 INFO  - Executed action GD.API.Controllers.Manager.RecommendController.GetOwnerGuidsAsync (API) in 11ms
16:01:09 INFO  - Executed action GD.API.Controllers.Utility.ArticleController.SearchArticleAsync (API) in 36ms
16:01:11 INFO  - Executed action GD.API.Controllers.Utility.ArticleController.SearchArticleAsync (API) in 35ms
16:01:14 INFO  - Executed action GD.API.Controllers.Utility.ArticleController.SearchArticleAsync (API) in 35ms
16:01:14 INFO  - Executed action GD.API.Controllers.Utility.ArticleController.SearchArticleAsync (API) in 35ms
16:01:16 INFO  - Executed action GD.API.Controllers.Utility.ArticleController.SearchArticleAsync (API) in 34ms
16:01:18 INFO  - Executed action GD.API.Controllers.Utility.ArticleController.SearchArticleAsync (API) in 35ms
16:01:40 INFO  - Executed action GD.API.Controllers.Manager.RecommendController.AddRecommendDetailAsync (API) in 47ms
16:01:41 INFO  - Executed action GD.API.Controllers.Manager.RecommendController.AddRecommendDetailAsync (API) in 44ms
16:01:45 INFO  - Executed action GD.API.Controllers.Utility.ArticleController.SearchArticleAsync (API) in 35ms
16:01:46 INFO  - Executed action GD.API.Controllers.Utility.ArticleController.SearchArticleAsync (API) in 36ms
16:03:26 INFO  - Executed action GD.API.Controllers.System.UserController.GetLoginUserInfoAsync (API) in 414ms
16:03:26 INFO  - Executed action GD.API.Controllers.Manager.RecommendController.GetRecommendPageAsync (API) in 36ms
16:03:28 INFO  - Executed action GD.API.Controllers.Manager.RecommendController.GetOwnerGuidsAsync (API) in 11ms
16:03:28 INFO  - Executed action GD.API.Controllers.Utility.ArticleController.SearchArticleAsync (API) in 328ms
16:04:27 INFO  - Executed action GD.API.Controllers.Manager.RecommendController.GetRecommendPageAsync (API) in 35ms
16:04:28 INFO  - Executed action GD.API.Controllers.Manager.RecommendController.GetOwnerGuidsAsync (API) in 14ms
16:04:29 INFO  - Executed action GD.API.Controllers.Utility.ArticleController.SearchArticleAsync (API) in 53ms
16:04:31 INFO  - Executed action GD.API.Controllers.Utility.ArticleController.SearchArticleAsync (API) in 41ms
16:04:32 INFO  - Executed action GD.API.Controllers.Utility.ArticleController.SearchArticleAsync (API) in 50ms
16:04:33 INFO  - Executed action GD.API.Controllers.Utility.ArticleController.SearchArticleAsync (API) in 43ms
16:04:34 INFO  - Executed action GD.API.Controllers.Utility.ArticleController.SearchArticleAsync (API) in 44ms
16:06:12 INFO  - Executed action GD.API.Controllers.Manager.RecommendController.GetOwnerGuidsAsync (API) in 13ms
16:06:12 INFO  - Executed action GD.API.Controllers.Utility.ArticleController.SearchArticleAsync (API) in 52ms
16:06:51 INFO  - Executed action GD.API.Controllers.System.UserController.GetLoginUserInfoAsync (API) in 125ms
16:06:52 INFO  - Executed action GD.API.Controllers.Manager.RecommendController.GetRecommendPageAsync (API) in 37ms
16:06:53 INFO  - Executed action GD.API.Controllers.Manager.RecommendController.GetOwnerGuidsAsync (API) in 11ms
16:06:53 INFO  - Executed action GD.API.Controllers.Utility.ArticleController.SearchArticleAsync (API) in 43ms
16:08:09 INFO  - Executed action GD.API.Controllers.Manager.RecommendController.GetOwnerGuidsAsync (API) in 13ms
16:08:09 INFO  - Executed action GD.API.Controllers.Utility.ArticleController.SearchArticleAsync (API) in 42ms
16:08:23 INFO  - Executed action GD.API.Controllers.Manager.RecommendController.GetOwnerGuidsAsync (API) in 13ms
16:08:28 INFO  - Executed action GD.API.Controllers.System.UserController.GetLoginUserInfoAsync (API) in 151ms
16:08:29 INFO  - Executed action GD.API.Controllers.Manager.RecommendController.GetRecommendPageAsync (API) in 41ms
16:10:52 INFO  - Executed action GD.API.Controllers.System.UserController.GetLoginUserInfoAsync (API) in 132ms
16:10:52 INFO  - Executed action GD.API.Controllers.Manager.RecommendController.GetRecommendPageAsync (API) in 36ms
16:11:33 INFO  - Executed action GD.API.Controllers.System.UserController.GetLoginUserInfoAsync (API) in 115ms
16:11:34 INFO  - Executed action GD.API.Controllers.Manager.RecommendController.GetRecommendPageAsync (API) in 37ms
16:11:34 INFO  - Executed action GD.API.Controllers.System.UserController.GetLoginUserInfoAsync (API) in 118ms
16:11:34 INFO  - Executed action GD.API.Controllers.System.MenuController.GetMenuTreeAsync (API) in 17ms
16:11:56 INFO  - Executed action GD.API.Controllers.Manager.RecommendController.GetOwnerGuidsAsync (API) in 13ms
16:11:56 INFO  - Executed action GD.API.Controllers.Doctor.DoctorController.SearchDoctorAsync (API) in 46ms
16:11:59 INFO  - Executed action GD.API.Controllers.Manager.RecommendController.AddRecommendDetailAsync (API) in 46ms
16:12:06 INFO  - Executed action GD.API.Controllers.Manager.RecommendController.GetOwnerGuidsAsync (API) in 12ms
16:12:06 INFO  - Executed action GD.API.Controllers.Utility.ArticleController.SearchArticleAsync (API) in 37ms
16:12:11 INFO  - Executed action GD.API.Controllers.Manager.RecommendController.GetOwnerGuidsAsync (API) in 13ms
16:12:12 INFO  - Executed action GD.API.Controllers.Utility.ArticleController.SearchArticleAsync (API) in 41ms
16:16:00 INFO  - Executed action GD.API.Controllers.System.UserController.GetLoginUserInfoAsync (API) in 108ms
16:16:00 INFO  - Executed action GD.API.Controllers.Manager.RecommendController.GetRecommendPageAsync (API) in 35ms
16:16:04 INFO  - Executed action GD.API.Controllers.Manager.RecommendController.GetOwnerGuidsAsync (API) in 13ms
16:16:04 INFO  - Executed action GD.API.Controllers.Doctor.HospitalController.SearchHospitalAsync (API) in 41ms
16:16:06 INFO  - Executed action GD.API.Controllers.Manager.RecommendController.AddRecommendDetailAsync (API) in 46ms
16:16:09 INFO  - Executed action GD.API.Controllers.Manager.RecommendController.GetRecommendHospitalListAsync (API) in 47ms
16:16:15 INFO  - Executed action GD.API.Controllers.Manager.RecommendController.DeleteRecommendDetail2Async (API) in 21ms
16:16:20 INFO  - Executed action GD.API.Controllers.Manager.RecommendController.GetRecommendHospitalListAsync (API) in 41ms
16:16:30 INFO  - Executed action GD.API.Controllers.Manager.RecommendController.GetOwnerGuidsAsync (API) in 13ms
16:16:30 INFO  - Executed action GD.API.Controllers.Utility.ArticleController.SearchArticleAsync (API) in 38ms
16:16:33 INFO  - Executed action GD.API.Controllers.Manager.RecommendController.GetOwnerGuidsAsync (API) in 12ms
16:16:33 INFO  - Executed action GD.API.Controllers.Utility.ArticleController.SearchArticleAsync (API) in 37ms
16:16:38 INFO  - Executed action GD.API.Controllers.Manager.RecommendController.GetOwnerGuidsAsync (API) in 14ms
16:16:38 INFO  - Executed action GD.API.Controllers.Utility.ArticleController.SearchArticleAsync (API) in 36ms
16:16:42 INFO  - Executed action GD.API.Controllers.Manager.RecommendController.GetRecommendArticleListAsync (API) in 86ms
16:16:45 INFO  - Executed action GD.API.Controllers.Manager.RecommendController.GetRecommendArticleListAsync (API) in 35ms
16:20:04 INFO  - Executed action GD.API.Controllers.Manager.RecommendController.GetOwnerGuidsAsync (API) in 12ms
16:20:04 INFO  - Executed action GD.API.Controllers.Doctor.HospitalController.SearchHospitalAsync (API) in 36ms
16:23:21 INFO  - Executed action GD.API.Controllers.System.UserController.GetLoginUserInfoAsync (API) in 112ms
16:23:21 INFO  - Executed action GD.API.Controllers.Manager.RecommendController.GetRecommendPageAsync (API) in 38ms
16:23:23 INFO  - Executed action GD.API.Controllers.Manager.RecommendController.GetOwnerGuidsAsync (API) in 11ms
16:23:23 INFO  - Executed action GD.API.Controllers.Doctor.HospitalController.SearchHospitalAsync (API) in 37ms
16:23:27 INFO  - Executed action GD.API.Controllers.Manager.RecommendController.GetOwnerGuidsAsync (API) in 13ms
16:23:27 INFO  - Executed action GD.API.Controllers.Utility.ArticleController.SearchArticleAsync (API) in 37ms
16:23:29 INFO  - Executed action GD.API.Controllers.Manager.RecommendController.GetOwnerGuidsAsync (API) in 12ms
16:23:29 INFO  - Executed action GD.API.Controllers.Utility.ArticleController.SearchArticleAsync (API) in 40ms
16:23:31 INFO  - Executed action GD.API.Controllers.Manager.RecommendController.GetOwnerGuidsAsync (API) in 14ms
16:23:31 INFO  - Executed action GD.API.Controllers.Doctor.DoctorController.SearchDoctorAsync (API) in 38ms
16:23:34 INFO  - Executed action GD.API.Controllers.Manager.RecommendController.GetOwnerGuidsAsync (API) in 12ms
16:23:35 INFO  - Executed action GD.API.Controllers.Utility.ArticleController.SearchArticleAsync (API) in 42ms
16:24:25 INFO  - Executed action GD.API.Controllers.Manager.RecommendController.GetOwnerGuidsAsync (API) in 12ms
16:24:25 INFO  - Executed action GD.API.Controllers.Manager.RecommendController.GetOwnerGuidsAsync (API) in 17ms
16:24:25 INFO  - Executed action GD.API.Controllers.Manager.RecommendController.GetOwnerGuidsAsync (API) in 59ms
16:24:25 INFO  - Executed action GD.API.Controllers.Manager.RecommendController.GetOwnerGuidsAsync (API) in 93ms
16:24:25 INFO  - Executed action GD.API.Controllers.Manager.RecommendController.GetOwnerGuidsAsync (API) in 95ms
16:24:25 INFO  - Executed action GD.API.Controllers.Mall.ProductController.SearchProductAsync (API) in 42ms
16:24:25 INFO  - Executed action GD.API.Controllers.Mall.ProductController.SearchProductAsync (API) in 45ms
16:24:25 INFO  - Executed action GD.API.Controllers.Mall.ProductController.SearchProductAsync (API) in 59ms
16:24:25 INFO  - Executed action GD.API.Controllers.Mall.ProductController.SearchProductAsync (API) in 49ms
16:24:25 INFO  - Executed action GD.API.Controllers.Mall.ProductController.SearchProductAsync (API) in 34ms
16:28:27 INFO  - Executed action GD.API.Controllers.System.UserController.GetLoginUserInfoAsync (API) in 176ms
16:28:27 INFO  - Executed action GD.API.Controllers.System.UserController.GetLoginUserInfoAsync (API) in 133ms
16:28:27 INFO  - Executed action GD.API.Controllers.Manager.RecommendController.GetRecommendPageAsync (API) in 54ms
16:28:27 INFO  - Executed action GD.API.Controllers.System.MenuController.GetMenuTreeAsync (API) in 29ms
16:28:35 INFO  - Executed action GD.API.Controllers.System.UserController.GetLoginUserInfoAsync (API) in 146ms
16:28:35 INFO  - Executed action GD.API.Controllers.Manager.RecommendController.GetRecommendPageAsync (API) in 58ms
16:29:20 INFO  - Executed action GD.API.Controllers.System.UserController.GetLoginUserInfoAsync (API) in 167ms
16:29:21 INFO  - Executed action GD.API.Controllers.System.MenuController.GetMenuTreeAsync (API) in 18ms
16:29:21 INFO  - Executed action GD.API.Controllers.System.UserController.GetLoginUserInfoAsync (API) in 159ms
16:29:24 INFO  - Executed action GD.API.Controllers.System.UserController.GetLoginUserInfoAsync (API) in 148ms
16:29:24 INFO  - Executed action GD.API.Controllers.System.UserController.GetLoginUserInfoAsync (API) in 130ms
16:29:24 INFO  - Executed action GD.API.Controllers.System.HomeController.GetMerchantQtyAsync (API) in 12ms
16:29:24 INFO  - Executed action GD.API.Controllers.System.HomeController.GetOrderQtyAsync (API) in 14ms
16:29:24 INFO  - Executed action GD.API.Controllers.System.HomeController.GetUserQtyAsync (API) in 26ms
16:29:24 INFO  - Executed action GD.API.Controllers.System.HomeController.GetDoctorsQtyAsync (API) in 28ms
16:29:24 INFO  - Executed action GD.API.Controllers.System.MenuController.GetMenuTreeAsync (API) in 16ms
16:29:43 INFO  - Executed action GD.API.Controllers.System.UserController.GetLoginUserInfoAsync (API) in 155ms
16:29:43 INFO  - Executed action GD.API.Controllers.System.UserController.GetLoginUserInfoAsync (API) in 175ms
16:29:43 INFO  - Executed action GD.API.Controllers.System.MenuController.GetMenuTreeAsync (API) in 15ms
16:29:43 INFO  - Executed action GD.API.Controllers.System.HomeController.GetUserQtyAsync (API) in 14ms
16:29:43 INFO  - Executed action GD.API.Controllers.System.HomeController.GetDoctorsQtyAsync (API) in 14ms
16:29:43 INFO  - Executed action GD.API.Controllers.System.HomeController.GetOrderQtyAsync (API) in 23ms
16:29:43 INFO  - Executed action GD.API.Controllers.System.HomeController.GetMerchantQtyAsync (API) in 24ms
16:30:01 INFO  - Executed action GD.API.Controllers.System.UserController.GetLoginUserInfoAsync (API) in 146ms
16:30:01 INFO  - Executed action GD.API.Controllers.System.UserController.GetLoginUserInfoAsync (API) in 154ms
16:30:01 INFO  - Executed action GD.API.Controllers.System.HomeController.GetOrderQtyAsync (API) in 11ms
16:30:01 INFO  - Executed action GD.API.Controllers.System.HomeController.GetDoctorsQtyAsync (API) in 12ms
16:30:01 INFO  - Executed action GD.API.Controllers.System.HomeController.GetMerchantQtyAsync (API) in 12ms
16:30:01 INFO  - Executed action GD.API.Controllers.System.HomeController.GetUserQtyAsync (API) in 26ms
16:30:01 INFO  - Executed action GD.API.Controllers.System.MenuController.GetMenuTreeAsync (API) in 33ms
16:34:43 INFO  - Executed action GD.API.Controllers.System.UserController.GetLoginUserInfoAsync (API) in 139ms
16:34:43 INFO  - Executed action GD.API.Controllers.System.UserController.GetLoginUserInfoAsync (API) in 150ms
16:34:43 INFO  - Executed action GD.API.Controllers.System.HomeController.GetDoctorsQtyAsync (API) in 16ms
16:34:43 INFO  - Executed action GD.API.Controllers.System.HomeController.GetMerchantQtyAsync (API) in 17ms
16:34:43 INFO  - Executed action GD.API.Controllers.System.HomeController.GetOrderQtyAsync (API) in 15ms
16:34:43 INFO  - Executed action GD.API.Controllers.System.HomeController.GetUserQtyAsync (API) in 27ms
16:34:44 INFO  - Executed action GD.API.Controllers.System.MenuController.GetMenuTreeAsync (API) in 30ms
16:36:28 INFO  - Executed action GD.API.Controllers.System.UserController.GetLoginUserInfoAsync (API) in 613ms
16:36:28 INFO  - Executed action GD.API.Controllers.System.UserController.GetLoginUserInfoAsync (API) in 390ms
16:36:28 INFO  - Executed action GD.API.Controllers.System.HomeController.GetMerchantQtyAsync (API) in 13ms
16:36:28 INFO  - Executed action GD.API.Controllers.System.HomeController.GetDoctorsQtyAsync (API) in 13ms
16:36:28 INFO  - Executed action GD.API.Controllers.System.HomeController.GetOrderQtyAsync (API) in 14ms
16:36:28 INFO  - Executed action GD.API.Controllers.System.HomeController.GetUserQtyAsync (API) in 27ms
16:36:29 INFO  - Executed action GD.API.Controllers.System.MenuController.GetMenuTreeAsync (API) in 44ms
16:36:39 INFO  - Executed action GD.API.Controllers.System.UserController.GetLoginUserInfoAsync (API) in 189ms
16:36:39 INFO  - Executed action GD.API.Controllers.System.HomeController.GetMerchantQtyAsync (API) in 12ms
16:36:39 INFO  - Executed action GD.API.Controllers.System.HomeController.GetOrderQtyAsync (API) in 13ms
16:36:39 INFO  - Executed action GD.API.Controllers.System.HomeController.GetUserQtyAsync (API) in 25ms
16:36:39 INFO  - Executed action GD.API.Controllers.System.HomeController.GetDoctorsQtyAsync (API) in 25ms
16:36:40 INFO  - Executed action GD.API.Controllers.System.UserController.GetLoginUserInfoAsync (API) in 453ms
16:36:40 INFO  - Executed action GD.API.Controllers.System.MenuController.GetMenuTreeAsync (API) in 26ms
16:36:46 INFO  - Executed action GD.API.Controllers.System.UserController.GetLoginUserInfoAsync (API) in 196ms
16:36:46 INFO  - Executed action GD.API.Controllers.System.UserController.GetLoginUserInfoAsync (API) in 144ms
16:36:46 INFO  - Executed action GD.API.Controllers.System.MenuController.GetMenuTreeAsync (API) in 21ms
16:36:46 INFO  - Executed action GD.API.Controllers.System.HomeController.GetOrderQtyAsync (API) in 14ms
16:36:46 INFO  - Executed action GD.API.Controllers.System.HomeController.GetUserQtyAsync (API) in 25ms
16:36:46 INFO  - Executed action GD.API.Controllers.System.HomeController.GetDoctorsQtyAsync (API) in 24ms
16:36:46 INFO  - Executed action GD.API.Controllers.System.HomeController.GetMerchantQtyAsync (API) in 21ms
16:36:59 INFO  - Executed action GD.API.Controllers.System.UserController.GetLoginUserInfoAsync (API) in 152ms
16:36:59 INFO  - Executed action GD.API.Controllers.System.UserController.GetLoginUserInfoAsync (API) in 174ms
16:36:59 INFO  - Executed action GD.API.Controllers.System.HomeController.GetUserQtyAsync (API) in 14ms
16:36:59 INFO  - Executed action GD.API.Controllers.System.HomeController.GetMerchantQtyAsync (API) in 14ms
16:36:59 INFO  - Executed action GD.API.Controllers.System.HomeController.GetDoctorsQtyAsync (API) in 16ms
16:36:59 INFO  - Executed action GD.API.Controllers.System.HomeController.GetOrderQtyAsync (API) in 25ms
16:37:00 INFO  - Executed action GD.API.Controllers.System.MenuController.GetMenuTreeAsync (API) in 36ms
16:37:13 INFO  - Executed action GD.API.Controllers.System.UserController.GetLoginUserInfoAsync (API) in 141ms
16:37:13 INFO  - Executed action GD.API.Controllers.System.UserController.GetLoginUserInfoAsync (API) in 153ms
16:37:13 INFO  - Executed action GD.API.Controllers.System.HomeController.GetDoctorsQtyAsync (API) in 10ms
16:37:13 INFO  - Executed action GD.API.Controllers.System.HomeController.GetUserQtyAsync (API) in 38ms
16:37:13 INFO  - Executed action GD.API.Controllers.System.HomeController.GetMerchantQtyAsync (API) in 15ms
16:37:13 INFO  - Executed action GD.API.Controllers.System.HomeController.GetOrderQtyAsync (API) in 16ms
16:37:13 INFO  - Executed action GD.API.Controllers.System.MenuController.GetMenuTreeAsync (API) in 29ms
16:37:33 INFO  - Executed action GD.API.Controllers.Manager.RecommendController.GetRecommendPageAsync (API) in 82ms
16:38:47 INFO  - Executed action GD.API.Controllers.System.UserController.GetLoginUserInfoAsync (API) in 163ms
16:38:47 INFO  - Executed action GD.API.Controllers.Manager.RecommendController.GetRecommendPageAsync (API) in 54ms
16:39:03 INFO  - Executed action GD.API.Controllers.System.UserController.GetLoginUserInfoAsync (API) in 178ms
16:39:04 INFO  - Executed action GD.API.Controllers.Manager.RecommendController.GetRecommendPageAsync (API) in 64ms
16:39:56 INFO  - Executed action GD.API.Controllers.Manager.RecommendController.GetRecommendPageAsync (API) in 55ms
16:40:00 INFO  - Executed action GD.API.Controllers.Manager.RecommendController.GetRecommendPageAsync (API) in 50ms
16:40:03 INFO  - Executed action GD.API.Controllers.System.UserController.GetLoginUserInfoAsync (API) in 153ms
16:40:03 INFO  - Executed action GD.API.Controllers.Manager.RecommendController.GetRecommendPageAsync (API) in 51ms
16:40:32 INFO  - Executed action GD.API.Controllers.System.UserController.GetLoginUserInfoAsync (API) in 166ms
16:40:33 INFO  - Executed action GD.API.Controllers.Manager.RecommendController.GetRecommendPageAsync (API) in 54ms
16:40:59 INFO  - Executed action GD.API.Controllers.System.UserController.GetLoginUserInfoAsync (API) in 155ms
16:40:59 INFO  - Executed action GD.API.Controllers.Manager.RecommendController.GetRecommendPageAsync (API) in 52ms
16:41:42 INFO  - Executed action GD.API.Controllers.System.UserController.GetLoginUserInfoAsync (API) in 152ms
16:41:43 INFO  - Executed action GD.API.Controllers.Manager.RecommendController.GetRecommendPageAsync (API) in 62ms
16:43:42 INFO  - Executed action GD.API.Controllers.System.UserController.GetLoginUserInfoAsync (API) in 163ms
16:43:42 INFO  - Executed action GD.API.Controllers.System.UserController.GetLoginUserInfoAsync (API) in 143ms
16:43:43 INFO  - Executed action GD.API.Controllers.System.MenuController.GetMenuTreeAsync (API) in 30ms
16:43:48 INFO  - Executed action GD.API.Controllers.System.UserController.GetLoginUserInfoAsync (API) in 156ms
16:43:48 INFO  - Executed action GD.API.Controllers.System.UserController.GetLoginUserInfoAsync (API) in 144ms
16:43:49 INFO  - Executed action GD.API.Controllers.System.HomeController.GetUserQtyAsync (API) in 12ms
16:43:49 INFO  - Executed action GD.API.Controllers.System.HomeController.GetOrderQtyAsync (API) in 13ms
16:43:49 INFO  - Executed action GD.API.Controllers.System.HomeController.GetMerchantQtyAsync (API) in 25ms
16:43:49 INFO  - Executed action GD.API.Controllers.System.HomeController.GetDoctorsQtyAsync (API) in 31ms
16:43:49 INFO  - Executed action GD.API.Controllers.System.MenuController.GetMenuTreeAsync (API) in 19ms
16:43:53 INFO  - Executed action GD.API.Controllers.System.UserController.GetLoginUserInfoAsync (API) in 150ms
16:43:54 INFO  - Executed action GD.API.Controllers.System.UserController.GetLoginUserInfoAsync (API) in 168ms
16:43:54 INFO  - Executed action GD.API.Controllers.System.HomeController.GetOrderQtyAsync (API) in 15ms
16:43:54 INFO  - Executed action GD.API.Controllers.System.HomeController.GetUserQtyAsync (API) in 14ms
16:43:54 INFO  - Executed action GD.API.Controllers.System.HomeController.GetDoctorsQtyAsync (API) in 14ms
16:43:54 INFO  - Executed action GD.API.Controllers.System.HomeController.GetMerchantQtyAsync (API) in 25ms
16:43:55 INFO  - Executed action GD.API.Controllers.System.MenuController.GetMenuTreeAsync (API) in 31ms
16:44:34 INFO  - Executed action GD.API.Controllers.System.UserController.GetLoginUserInfoAsync (API) in 145ms
16:44:34 INFO  - Executed action GD.API.Controllers.System.HomeController.GetUserQtyAsync (API) in 16ms
16:44:34 INFO  - Executed action GD.API.Controllers.System.HomeController.GetOrderQtyAsync (API) in 15ms
16:44:34 INFO  - Executed action GD.API.Controllers.System.HomeController.GetDoctorsQtyAsync (API) in 28ms
16:44:34 INFO  - Executed action GD.API.Controllers.System.HomeController.GetMerchantQtyAsync (API) in 34ms
16:44:34 INFO  - Executed action GD.API.Controllers.System.UserController.GetLoginUserInfoAsync (API) in 155ms
16:44:34 INFO  - Executed action GD.API.Controllers.System.MenuController.GetMenuTreeAsync (API) in 33ms
16:44:39 INFO  - Executed action GD.API.Controllers.System.UserController.GetLoginUserInfoAsync (API) in 177ms
16:44:39 INFO  - Executed action GD.API.Controllers.System.HomeController.GetUserQtyAsync (API) in 16ms
16:44:39 INFO  - Executed action GD.API.Controllers.System.HomeController.GetDoctorsQtyAsync (API) in 14ms
16:44:39 INFO  - Executed action GD.API.Controllers.System.HomeController.GetOrderQtyAsync (API) in 14ms
16:44:39 INFO  - Executed action GD.API.Controllers.System.HomeController.GetMerchantQtyAsync (API) in 24ms
16:44:47 INFO  - Executed action GD.API.Controllers.Utility.ArticleController.GetArticleTypeAsync (API) in 28ms
16:44:47 INFO  - Executed action GD.API.Controllers.Utility.ArticleController.GetArticleListAsync (API) in 92ms
16:44:51 INFO  - Executed action GD.API.Controllers.Utility.ArticleController.GetArticleTypeAsync (API) in 16ms
16:44:51 INFO  - Executed action GD.API.Controllers.Utility.ArticleController.GetArticleListAsync (API) in 106ms
16:44:55 INFO  - Executed action GD.API.Controllers.System.HeadlineController.GetHeadlinePageAsync (API) in 41ms
16:44:58 INFO  - Executed action GD.API.Controllers.Manager.RecommendController.GetRecommendPageAsync (API) in 70ms
16:46:01 INFO  - Executed action GD.API.Controllers.Manager.RecommendController.GetRecommendPageAsync (API) in 50ms
16:46:03 INFO  - Executed action GD.API.Controllers.Manager.RecommendController.GetRecommendPageAsync (API) in 43ms
16:46:30 INFO  - Executed action GD.API.Controllers.System.UserController.GetLoginUserInfoAsync (API) in 165ms
16:46:30 INFO  - Executed action GD.API.Controllers.Manager.RecommendController.GetRecommendPageAsync (API) in 38ms
16:46:39 INFO  - Executed action GD.API.Controllers.Manager.RecommendController.GetOwnerGuidsAsync (API) in 16ms
16:46:39 INFO  - Executed action GD.API.Controllers.Utility.ArticleController.SearchArticleAsync (API) in 75ms
16:46:49 INFO  - Executed action GD.API.Controllers.Manager.RecommendController.GetRecommendPageAsync (API) in 44ms
16:47:03 INFO  - Executed action GD.API.Controllers.System.UserController.GetLoginUserInfoAsync (API) in 171ms
16:47:03 INFO  - Executed action GD.API.Controllers.Manager.RecommendController.GetRecommendPageAsync (API) in 54ms
16:47:04 INFO  - Executed action GD.API.Controllers.Manager.RecommendController.GetOwnerGuidsAsync (API) in 13ms
16:47:05 INFO  - Executed action GD.API.Controllers.Utility.ArticleController.SearchArticleAsync (API) in 61ms
16:49:46 INFO  - Executed action GD.API.Controllers.System.UserController.GetLoginUserInfoAsync (API) in 152ms
16:49:47 INFO  - Executed action GD.API.Controllers.Manager.RecommendController.GetRecommendPageAsync (API) in 38ms
16:49:51 INFO  - Executed action GD.API.Controllers.Manager.RecommendController.GetOwnerGuidsAsync (API) in 25ms
16:49:51 INFO  - Executed action GD.API.Controllers.Utility.ArticleController.SearchArticleAsync (API) in 47ms
16:50:02 INFO  - Executed action GD.API.Controllers.Utility.ArticleController.SearchArticleAsync (API) in 40ms
16:50:03 INFO  - Executed action GD.API.Controllers.Utility.ArticleController.SearchArticleAsync (API) in 72ms
16:50:04 INFO  - Executed action GD.API.Controllers.Utility.ArticleController.SearchArticleAsync (API) in 36ms
16:50:04 INFO  - Executed action GD.API.Controllers.Utility.ArticleController.SearchArticleAsync (API) in 61ms
16:50:05 INFO  - Executed action GD.API.Controllers.Utility.ArticleController.SearchArticleAsync (API) in 48ms
16:50:06 INFO  - Executed action GD.API.Controllers.Utility.ArticleController.SearchArticleAsync (API) in 39ms
16:50:09 INFO  - Executed action GD.API.Controllers.System.UserController.GetLoginUserInfoAsync (API) in 175ms
16:50:10 INFO  - Executed action GD.API.Controllers.Manager.RecommendController.GetRecommendPageAsync (API) in 39ms
16:50:11 INFO  - Executed action GD.API.Controllers.Manager.RecommendController.GetOwnerGuidsAsync (API) in 15ms
16:50:11 INFO  - Executed action GD.API.Controllers.Utility.ArticleController.SearchArticleAsync (API) in 71ms
16:51:57 INFO  - Executed action GD.API.Controllers.System.UserController.GetLoginUserInfoAsync (API) in 160ms
16:51:57 INFO  - Executed action GD.API.Controllers.Manager.RecommendController.GetRecommendPageAsync (API) in 63ms
16:51:59 INFO  - Executed action GD.API.Controllers.Manager.RecommendController.GetOwnerGuidsAsync (API) in 28ms
16:51:59 INFO  - Executed action GD.API.Controllers.Utility.ArticleController.SearchArticleAsync (API) in 39ms
16:52:01 INFO  - Executed action GD.API.Controllers.Manager.RecommendController.AddRecommendDetailAsync (API) in 73ms
16:52:03 INFO  - Executed action GD.API.Controllers.Utility.ArticleController.SearchArticleAsync (API) in 54ms
16:53:40 INFO  - Executed action GD.API.Controllers.Manager.RecommendController.GetOwnerGuidsAsync (API) in 14ms
16:53:40 INFO  - Executed action GD.API.Controllers.Utility.ArticleController.SearchArticleAsync (API) in 61ms
16:53:41 INFO  - Executed action GD.API.Controllers.Manager.RecommendController.GetOwnerGuidsAsync (API) in 30ms
16:53:41 INFO  - Executed action GD.API.Controllers.Utility.ArticleController.SearchArticleAsync (API) in 39ms
16:53:42 INFO  - Executed action GD.API.Controllers.System.UserController.GetLoginUserInfoAsync (API) in 156ms
16:53:43 INFO  - Executed action GD.API.Controllers.Manager.RecommendController.GetRecommendPageAsync (API) in 51ms
16:53:44 INFO  - Executed action GD.API.Controllers.Manager.RecommendController.GetOwnerGuidsAsync (API) in 14ms
16:53:44 INFO  - Executed action GD.API.Controllers.Utility.ArticleController.SearchArticleAsync (API) in 57ms
16:53:46 INFO  - Executed action GD.API.Controllers.Manager.RecommendController.GetOwnerGuidsAsync (API) in 28ms
16:53:47 INFO  - Executed action GD.API.Controllers.Doctor.DoctorController.SearchDoctorAsync (API) in 38ms
16:53:50 INFO  - Executed action GD.API.Controllers.Manager.RecommendController.GetOwnerGuidsAsync (API) in 13ms
16:53:50 INFO  - Executed action GD.API.Controllers.Utility.ArticleController.SearchArticleAsync (API) in 70ms
16:53:57 INFO  - Executed action GD.API.Controllers.Manager.RecommendController.GetOwnerGuidsAsync (API) in 13ms
16:53:57 INFO  - Executed action GD.API.Controllers.Doctor.HospitalController.SearchHospitalAsync (API) in 37ms
16:54:03 INFO  - Executed action GD.API.Controllers.Manager.RecommendController.GetOwnerGuidsAsync (API) in 24ms
16:54:03 INFO  - Executed action GD.API.Controllers.Utility.ArticleController.SearchArticleAsync (API) in 48ms
16:54:06 INFO  - Executed action GD.API.Controllers.Manager.RecommendController.AddRecommendDetailAsync (API) in 45ms
16:54:06 INFO  - Executed action GD.API.Controllers.Manager.RecommendController.AddRecommendDetailAsync (API) in 82ms
16:54:08 INFO  - Executed action GD.API.Controllers.Manager.RecommendController.GetOwnerGuidsAsync (API) in 12ms
16:54:08 INFO  - Executed action GD.API.Controllers.Doctor.DoctorController.SearchDoctorAsync (API) in 40ms
16:54:12 INFO  - Executed action GD.API.Controllers.Manager.RecommendController.GetOwnerGuidsAsync (API) in 26ms
16:54:12 INFO  - Executed action GD.API.Controllers.Utility.ArticleController.SearchArticleAsync (API) in 47ms
16:54:32 INFO  - Executed action GD.API.Controllers.Manager.RecommendController.GetOwnerGuidsAsync (API) in 14ms
16:54:33 INFO  - Executed action GD.API.Controllers.Doctor.DoctorController.SearchDoctorAsync (API) in 60ms
16:54:35 INFO  - Executed action GD.API.Controllers.Manager.RecommendController.GetOwnerGuidsAsync (API) in 27ms
16:54:35 INFO  - Executed action GD.API.Controllers.Utility.ArticleController.SearchArticleAsync (API) in 40ms
16:55:11 INFO  - Executed action GD.API.Controllers.System.UserController.GetLoginUserInfoAsync (API) in 163ms
16:55:11 INFO  - Executed action GD.API.Controllers.Manager.RecommendController.GetRecommendPageAsync (API) in 51ms
16:55:12 INFO  - Executed action GD.API.Controllers.Manager.RecommendController.GetOwnerGuidsAsync (API) in 13ms
16:55:12 INFO  - Executed action GD.API.Controllers.Utility.ArticleController.SearchArticleAsync (API) in 61ms
16:55:35 INFO  - Executed action GD.API.Controllers.Manager.RecommendController.GetOwnerGuidsAsync (API) in 29ms
16:55:35 INFO  - Executed action GD.API.Controllers.Mall.ProductController.SearchProductAsync (API) in 39ms
16:55:43 INFO  - Executed action GD.API.Controllers.Manager.RecommendController.GetOwnerGuidsAsync (API) in 14ms
16:55:43 INFO  - Executed action GD.API.Controllers.Doctor.HospitalController.SearchHospitalAsync (API) in 68ms
16:55:45 INFO  - Executed action GD.API.Controllers.Manager.RecommendController.GetOwnerGuidsAsync (API) in 11ms
16:55:46 INFO  - Executed action GD.API.Controllers.Utility.CourseController.SearchCourseAsync (API) in 44ms
16:55:48 INFO  - Executed action GD.API.Controllers.Manager.RecommendController.GetOwnerGuidsAsync (API) in 24ms
16:55:48 INFO  - Executed action GD.API.Controllers.Doctor.DoctorController.SearchDoctorAsync (API) in 49ms
16:55:50 INFO  - Executed action GD.API.Controllers.Manager.RecommendController.GetOwnerGuidsAsync (API) in 13ms
16:55:50 INFO  - Executed action GD.API.Controllers.Doctor.HospitalController.SearchOfficeAsync (API) in 63ms
16:55:57 INFO  - Executed action GD.API.Controllers.System.UserController.GetLoginUserInfoAsync (API) in 157ms
16:55:57 INFO  - Executed action GD.API.Controllers.Manager.RecommendController.GetRecommendPageAsync (API) in 40ms
16:55:59 INFO  - Executed action GD.API.Controllers.Manager.RecommendController.GetOwnerGuidsAsync (API) in 25ms
16:55:59 INFO  - Executed action GD.API.Controllers.Manager.RecommendController.GetOwnerGuidsAsync (API) in 27ms
16:55:59 INFO  - Executed action GD.API.Controllers.Manager.RecommendController.GetOwnerGuidsAsync (API) in 13ms
16:55:59 INFO  - Executed action GD.API.Controllers.Manager.RecommendController.GetOwnerGuidsAsync (API) in 16ms
16:55:59 INFO  - Executed action GD.API.Controllers.Manager.RecommendController.GetOwnerGuidsAsync (API) in 14ms
16:55:59 INFO  - Executed action GD.API.Controllers.Mall.ProductController.SearchProductAsync (API) in 62ms
16:55:59 INFO  - Executed action GD.API.Controllers.Manager.RecommendController.GetOwnerGuidsAsync (API) in 13ms
16:55:59 INFO  - Executed action GD.API.Controllers.Utility.CourseController.SearchCourseAsync (API) in 56ms
16:55:59 INFO  - Executed action GD.API.Controllers.Doctor.DoctorController.SearchDoctorAsync (API) in 60ms
16:55:59 INFO  - Executed action GD.API.Controllers.Utility.ArticleController.SearchArticleAsync (API) in 62ms
16:55:59 INFO  - Executed action GD.API.Controllers.Doctor.HospitalController.SearchHospitalAsync (API) in 48ms
16:55:59 INFO  - Executed action GD.API.Controllers.Doctor.HospitalController.SearchOfficeAsync (API) in 59ms
17:01:28 INFO  - Executed action GD.API.Controllers.System.UserController.GetLoginUserInfoAsync (API) in 179ms
17:01:28 INFO  - Executed action GD.API.Controllers.System.UserController.GetLoginUserInfoAsync (API) in 131ms
17:01:29 INFO  - Executed action GD.API.Controllers.System.MenuController.GetMenuTreeAsync (API) in 27ms
17:01:29 INFO  - Executed action GD.API.Controllers.Manager.RecommendController.GetRecommendPageAsync (API) in 45ms
17:01:37 INFO  - Executed action GD.API.Controllers.System.UserController.GetLoginUserInfoAsync (API) in 153ms
17:01:37 INFO  - Executed action GD.API.Controllers.System.UserController.GetLoginUserInfoAsync (API) in 175ms
17:01:38 INFO  - Executed action GD.API.Controllers.System.MenuController.GetMenuTreeAsync (API) in 15ms
17:01:38 INFO  - Executed action GD.API.Controllers.Manager.RecommendController.GetRecommendPageAsync (API) in 41ms
17:01:48 INFO  - Executed action GD.API.Controllers.System.UserController.GetLoginUserInfoAsync (API) in 158ms
17:01:48 INFO  - Executed action GD.API.Controllers.Manager.RecommendController.GetRecommendPageAsync (API) in 38ms
17:01:50 INFO  - Executed action GD.API.Controllers.Manager.RecommendController.GetOwnerGuidsAsync (API) in 22ms
17:01:50 INFO  - Executed action GD.API.Controllers.Manager.RecommendController.GetOwnerGuidsAsync (API) in 26ms
17:01:50 INFO  - Executed action GD.API.Controllers.Manager.RecommendController.GetOwnerGuidsAsync (API) in 12ms
17:01:50 INFO  - Executed action GD.API.Controllers.Mall.ProductController.SearchProductAsync (API) in 52ms
17:01:50 INFO  - Executed action GD.API.Controllers.Manager.RecommendController.GetOwnerGuidsAsync (API) in 18ms
17:01:50 INFO  - Executed action GD.API.Controllers.Manager.RecommendController.GetOwnerGuidsAsync (API) in 12ms
17:01:50 INFO  - Executed action GD.API.Controllers.Manager.RecommendController.GetOwnerGuidsAsync (API) in 16ms
17:01:50 INFO  - Executed action GD.API.Controllers.Doctor.HospitalController.SearchHospitalAsync (API) in 74ms
17:01:50 INFO  - Executed action GD.API.Controllers.Utility.CourseController.SearchCourseAsync (API) in 67ms
17:01:50 INFO  - Executed action GD.API.Controllers.Doctor.DoctorController.SearchDoctorAsync (API) in 39ms
17:01:50 INFO  - Executed action GD.API.Controllers.Utility.ArticleController.SearchArticleAsync (API) in 60ms
17:01:50 INFO  - Executed action GD.API.Controllers.Doctor.HospitalController.SearchOfficeAsync (API) in 49ms
17:01:53 INFO  - Executed action GD.API.Controllers.Doctor.DoctorController.SearchDoctorAsync (API) in 45ms
17:01:56 INFO  - Executed action GD.API.Controllers.Utility.ArticleController.SearchArticleAsync (API) in 70ms
17:02:03 INFO  - Executed action GD.API.Controllers.Utility.ArticleController.SearchArticleAsync (API) in 37ms
17:04:27 INFO  - Executed action GD.API.Controllers.System.UserController.GetLoginUserInfoAsync (API) in 176ms
17:04:27 INFO  - Executed action GD.API.Controllers.System.UserController.GetLoginUserInfoAsync (API) in 143ms
17:04:27 INFO  - Executed action GD.API.Controllers.Manager.RecommendController.GetRecommendPageAsync (API) in 49ms
17:04:27 INFO  - Executed action GD.API.Controllers.System.MenuController.GetMenuTreeAsync (API) in 33ms
17:04:43 INFO  - Executed action GD.API.Controllers.System.UserController.GetLoginUserInfoAsync (API) in 151ms
17:04:43 INFO  - Executed action GD.API.Controllers.Manager.RecommendController.GetRecommendPageAsync (API) in 46ms
17:04:44 INFO  - Executed action GD.API.Controllers.Manager.RecommendController.GetOwnerGuidsAsync (API) in 27ms
17:04:44 INFO  - Executed action GD.API.Controllers.Utility.ArticleController.SearchArticleAsync (API) in 51ms
17:04:47 INFO  - Executed action GD.API.Controllers.Manager.RecommendController.GetOwnerGuidsAsync (API) in 14ms
17:04:47 INFO  - Executed action GD.API.Controllers.Doctor.DoctorController.SearchDoctorAsync (API) in 61ms
17:04:50 INFO  - Executed action GD.API.Controllers.Manager.RecommendController.GetOwnerGuidsAsync (API) in 25ms
17:04:50 INFO  - Executed action GD.API.Controllers.Utility.ArticleController.SearchArticleAsync (API) in 36ms
17:04:52 INFO  - Executed action GD.API.Controllers.Manager.RecommendController.GetOwnerGuidsAsync (API) in 14ms
17:04:52 INFO  - Executed action GD.API.Controllers.Utility.ArticleController.SearchArticleAsync (API) in 69ms
17:04:56 INFO  - Executed action GD.API.Controllers.Manager.RecommendController.GetRecommendArticleListAsync (API) in 36ms
17:04:58 INFO  - Executed action GD.API.Controllers.Manager.RecommendController.GetOwnerGuidsAsync (API) in 15ms
17:04:58 INFO  - Executed action GD.API.Controllers.Doctor.HospitalController.SearchHospitalAsync (API) in 69ms
17:05:01 INFO  - Executed action GD.API.Controllers.Manager.RecommendController.GetOwnerGuidsAsync (API) in 12ms
17:05:01 INFO  - Executed action GD.API.Controllers.Doctor.DoctorController.SearchDoctorAsync (API) in 41ms
17:05:03 INFO  - Executed action GD.API.Controllers.Manager.RecommendController.GetOwnerGuidsAsync (API) in 27ms
17:05:03 INFO  - Executed action GD.API.Controllers.Utility.ArticleController.SearchArticleAsync (API) in 51ms
17:05:05 INFO  - Executed action GD.API.Controllers.Manager.RecommendController.GetOwnerGuidsAsync (API) in 13ms
17:05:05 INFO  - Executed action GD.API.Controllers.Utility.ArticleController.SearchArticleAsync (API) in 63ms
17:05:09 INFO  - Executed action GD.API.Controllers.Utility.ArticleController.SearchArticleAsync (API) in 47ms
17:05:10 INFO  - Executed action GD.API.Controllers.Utility.ArticleController.SearchArticleAsync (API) in 42ms
17:05:10 INFO  - Executed action GD.API.Controllers.Utility.ArticleController.SearchArticleAsync (API) in 71ms
17:05:11 INFO  - Executed action GD.API.Controllers.Utility.ArticleController.SearchArticleAsync (API) in 46ms
17:05:13 INFO  - Executed action GD.API.Controllers.Manager.RecommendController.GetOwnerGuidsAsync (API) in 14ms
17:05:13 INFO  - Executed action GD.API.Controllers.Utility.ArticleController.SearchArticleAsync (API) in 72ms
17:05:15 INFO  - Executed action GD.API.Controllers.Utility.ArticleController.SearchArticleAsync (API) in 37ms
17:05:16 INFO  - Executed action GD.API.Controllers.Utility.ArticleController.SearchArticleAsync (API) in 61ms
17:06:07 INFO  - Executed action GD.API.Controllers.System.UserController.GetLoginUserInfoAsync (API) in 174ms
17:06:08 INFO  - Executed action GD.API.Controllers.Manager.RecommendController.GetRecommendPageAsync (API) in 47ms
17:06:09 INFO  - Executed action GD.API.Controllers.Manager.RecommendController.GetOwnerGuidsAsync (API) in 27ms
17:06:09 INFO  - Executed action GD.API.Controllers.Utility.ArticleController.SearchArticleAsync (API) in 49ms
17:06:16 INFO  - Executed action GD.API.Controllers.Manager.RecommendController.GetOwnerGuidsAsync (API) in 14ms
17:06:16 INFO  - Executed action GD.API.Controllers.Doctor.DoctorController.SearchDoctorAsync (API) in 64ms
17:06:19 INFO  - Executed action GD.API.Controllers.Manager.RecommendController.GetOwnerGuidsAsync (API) in 25ms
17:06:19 INFO  - Executed action GD.API.Controllers.Utility.ArticleController.SearchArticleAsync (API) in 38ms
17:06:22 INFO  - Executed action GD.API.Controllers.Manager.RecommendController.GetOwnerGuidsAsync (API) in 14ms
17:06:22 INFO  - Executed action GD.API.Controllers.Utility.ArticleController.SearchArticleAsync (API) in 72ms
17:07:09 INFO  - Executed action GD.API.Controllers.System.UserController.GetLoginUserInfoAsync (API) in 144ms
17:07:09 INFO  - Executed action GD.API.Controllers.System.UserController.GetLoginUserInfoAsync (API) in 161ms
17:07:25 INFO  - Executed action GD.API.Controllers.System.UserController.GetLoginUserInfoAsync (API) in 153ms
17:07:25 INFO  - Executed action GD.API.Controllers.System.UserController.GetLoginUserInfoAsync (API) in 145ms
17:07:25 INFO  - Executed action GD.API.Controllers.System.HomeController.GetUserQtyAsync (API) in 29ms
17:07:25 INFO  - Executed action GD.API.Controllers.System.HomeController.GetOrderQtyAsync (API) in 12ms
17:07:25 INFO  - Executed action GD.API.Controllers.System.HomeController.GetDoctorsQtyAsync (API) in 25ms
17:07:25 INFO  - Executed action GD.API.Controllers.System.HomeController.GetMerchantQtyAsync (API) in 14ms
17:07:25 INFO  - Executed action GD.API.Controllers.System.HomeController.GetDoctorsQtyAsync (API) in 15ms
17:07:25 INFO  - Executed action GD.API.Controllers.System.HomeController.GetMerchantQtyAsync (API) in 11ms
17:07:25 INFO  - Executed action GD.API.Controllers.System.HomeController.GetUserQtyAsync (API) in 25ms
17:07:25 INFO  - Executed action GD.API.Controllers.System.HomeController.GetOrderQtyAsync (API) in 26ms
17:07:30 INFO  - Executed action GD.API.Controllers.Manager.RecommendController.GetRecommendPageAsync (API) in 39ms
17:07:52 INFO  - Executed action GD.API.Controllers.Manager.RecommendController.AddRecommendAsync (API) in 25ms
17:07:52 INFO  - Executed action GD.API.Controllers.Manager.RecommendController.GetRecommendPageAsync (API) in 71ms
17:07:55 INFO  - Executed action GD.API.Controllers.Manager.RecommendController.GetOwnerGuidsAsync (API) in 14ms
17:07:55 INFO  - Executed action GD.API.Controllers.Mall.ProductController.SearchProductAsync (API) in 37ms
17:08:01 INFO  - Executed action GD.API.Controllers.Manager.RecommendController.AddRecommendDetailAsync (API) in 90ms
17:08:02 INFO  - Executed action GD.API.Controllers.Manager.RecommendController.AddRecommendDetailAsync (API) in 50ms
17:08:03 INFO  - Executed action GD.API.Controllers.Manager.RecommendController.AddRecommendDetailAsync (API) in 73ms
17:08:09 INFO  - Executed action GD.API.Controllers.Manager.RecommendController.GetOwnerGuidsAsync (API) in 25ms
17:08:10 INFO  - Executed action GD.API.Controllers.Doctor.HospitalController.SearchHospitalAsync (API) in 43ms
17:08:11 INFO  - Executed action GD.API.Controllers.Manager.RecommendController.GetOwnerGuidsAsync (API) in 11ms
17:08:11 INFO  - Executed action GD.API.Controllers.Mall.ProductController.SearchProductAsync (API) in 71ms
17:08:42 INFO  - Executed action GD.API.Controllers.Manager.RecommendController.AddRecommendAsync (API) in 20ms
17:08:42 INFO  - Executed action GD.API.Controllers.Manager.RecommendController.GetRecommendPageAsync (API) in 35ms
17:08:53 INFO  - Executed action GD.API.Controllers.Manager.RecommendController.GetOwnerGuidsAsync (API) in 28ms
17:08:53 INFO  - Executed action GD.API.Controllers.Doctor.HospitalController.SearchOfficeAsync (API) in 51ms
17:08:59 INFO  - Executed action GD.API.Controllers.Manager.RecommendController.AddRecommendDetailAsync (API) in 49ms
17:09:00 INFO  - Executed action GD.API.Controllers.Manager.RecommendController.AddRecommendDetailAsync (API) in 89ms
17:09:01 INFO  - Executed action GD.API.Controllers.Manager.RecommendController.AddRecommendDetailAsync (API) in 48ms
17:10:21 INFO  - Executed action GD.API.Controllers.Manager.RecommendController.AddRecommendAsync (API) in 18ms
17:10:21 INFO  - Executed action GD.API.Controllers.Manager.RecommendController.GetRecommendPageAsync (API) in 73ms
17:10:29 INFO  - Executed action GD.API.Controllers.Manager.RecommendController.GetOwnerGuidsAsync (API) in 15ms
17:10:29 INFO  - Executed action GD.API.Controllers.Utility.CourseController.SearchCourseAsync (API) in 36ms
17:10:31 INFO  - Executed action GD.API.Controllers.Manager.RecommendController.AddRecommendDetailAsync (API) in 87ms
17:10:32 INFO  - Executed action GD.API.Controllers.Manager.RecommendController.AddRecommendDetailAsync (API) in 47ms
17:10:33 INFO  - Executed action GD.API.Controllers.Manager.RecommendController.AddRecommendDetailAsync (API) in 71ms
17:10:33 INFO  - Executed action GD.API.Controllers.Manager.RecommendController.AddRecommendDetailAsync (API) in 62ms
17:10:34 INFO  - Executed action GD.API.Controllers.Manager.RecommendController.AddRecommendDetailAsync (API) in 47ms
17:10:53 INFO  - Executed action GD.API.Controllers.Manager.RecommendController.GetRecommendPageAsync (API) in 72ms
17:10:57 INFO  - Executed action GD.API.Controllers.Manager.RecommendController.GetRecommendPageAsync (API) in 38ms
17:11:05 INFO  - Executed action GD.API.Controllers.Manager.RecommendController.DeleteRecommendAsync (API) in 34ms
17:11:05 INFO  - Executed action GD.API.Controllers.Manager.RecommendController.GetRecommendPageAsync (API) in 73ms
17:11:07 INFO  - Executed action GD.API.Controllers.Manager.RecommendController.DeleteRecommendAsync (API) in 37ms
17:11:07 INFO  - Executed action GD.API.Controllers.Manager.RecommendController.GetRecommendPageAsync (API) in 35ms
17:11:10 INFO  - Executed action GD.API.Controllers.Manager.RecommendController.DeleteRecommendAsync (API) in 69ms
17:11:10 INFO  - Executed action GD.API.Controllers.Manager.RecommendController.GetRecommendPageAsync (API) in 48ms
17:11:35 INFO  - Executed action GD.API.Controllers.Doctor.HospitalController.GetHospitalLevel (API) in 3ms
17:11:36 INFO  - Executed action GD.API.Controllers.Doctor.HospitalController.GetHospitalPageAsync (API) in 41ms
17:11:40 INFO  - Executed action GD.API.Controllers.Doctor.HospitalController.GetHospitalOfficeSelectAsync (API) in 61ms
17:11:52 INFO  - Executed action GD.API.Controllers.Doctor.HospitalController.GetOfficeListAsync (API) in 45ms
17:11:52 INFO  - Executed action GD.API.Controllers.Doctor.HospitalController.GetFirstOfficeListAsync (API) in 50ms
17:16:31 INFO  - Executed action GD.API.Controllers.System.UserController.GetLoginUserInfoAsync (API) in 163ms
17:16:32 INFO  - Executed action GD.API.Controllers.Doctor.HospitalController.GetFirstOfficeListAsync (API) in 30ms
17:16:32 INFO  - Executed action GD.API.Controllers.Doctor.HospitalController.GetOfficeListAsync (API) in 52ms
17:16:37 INFO  - Executed action GD.API.Controllers.System.UserController.GetLoginUserInfoAsync (API) in 174ms
17:16:38 INFO  - Executed action GD.API.Controllers.Doctor.HospitalController.GetFirstOfficeListAsync (API) in 36ms
17:16:38 INFO  - Executed action GD.API.Controllers.Doctor.HospitalController.GetOfficeListAsync (API) in 54ms
17:16:44 INFO  - Executed action GD.API.Controllers.Manager.RecommendController.GetRecommendPageAsync (API) in 62ms
17:16:46 INFO  - Executed action GD.API.Controllers.Manager.RecommendController.GetOwnerGuidsAsync (API) in 13ms
17:16:47 INFO  - Executed action GD.API.Controllers.Utility.ArticleController.SearchArticleAsync (API) in 61ms
17:16:55 INFO  - Executed action GD.API.Controllers.Manager.RecommendController.GetOwnerGuidsAsync (API) in 11ms
17:16:55 INFO  - Executed action GD.API.Controllers.Utility.ArticleController.SearchArticleAsync (API) in 50ms
18:08:34 INFO  - Executed action GD.API.Controllers.System.UserController.GetLoginUserInfoAsync (API) in 171ms
18:08:34 INFO  - Executed action GD.API.Controllers.Manager.RecommendController.GetRecommendPageAsync (API) in 39ms
18:08:37 INFO  - Executed action GD.API.Controllers.Manager.RecommendController.GetOwnerGuidsAsync (API) in 16ms
18:08:37 INFO  - Executed action GD.API.Controllers.Utility.ArticleController.SearchArticleAsync (API) in 42ms
18:16:44 INFO  - Executed action GD.API.Controllers.System.UserController.GetLoginUserInfoAsync (API) in 259ms
18:16:44 INFO  - Executed action GD.API.Controllers.Manager.RecommendController.GetRecommendPageAsync (API) in 63ms
