09:18:13 INFO  - Executed action GD.API.Controllers.Mall.MemberController.GetMemberPageAsync (API) in 140ms
09:18:16 INFO  - Executed action GD.API.Controllers.Doctor.DoctorController.GetDoctorPageAsync (API) in 87ms
09:18:16 INFO  - Executed action GD.API.Controllers.Doctor.DoctorController.GetDoctorJobTitlesAsync (API) in 95ms
09:18:16 INFO  - Executed action GD.API.Controllers.Doctor.HospitalController.GetHospitalAllSelectAsync (API) in 100ms
09:25:13 INFO  - Executed action GD.API.Controllers.Utility.ArticleController.GetArticleTypeAsync (API) in 97ms
09:25:13 INFO  - Executed action GD.API.Controllers.Utility.ArticleController.GetArticleListAsync (API) in 86ms
10:05:57 INFO  - Executed action GD.API.Controllers.Utility.ArticleController.GetArticleListAsync (API) in 167ms
10:56:13 INFO  - Executed action GD.API.Controllers.System.UserController.GetLoginUserInfoAsync (API) in 302ms
10:56:13 INFO  - Executed action GD.API.Controllers.Utility.ArticleController.GetArticleTypeAsync (API) in 27ms
10:56:13 INFO  - Executed action GD.API.Controllers.Utility.ArticleController.GetArticleListAsync (API) in 96ms
11:52:46 INFO  - Executed action GD.API.Controllers.System.UserController.GetLoginUserInfoAsync (API) in 193ms
11:52:47 INFO  - Executed action GD.API.Controllers.System.UserController.GetLoginUserInfoAsync (API) in 133ms
11:52:47 INFO  - Executed action GD.API.Controllers.Doctor.HospitalController.GetOfficeListAsync (API) in 47ms
11:52:47 INFO  - Executed action GD.API.Controllers.Doctor.HospitalController.GetFirstOfficeListAsync (API) in 109ms
11:52:47 INFO  - Executed action GD.API.Controllers.System.HomeController.GetUserQtyAsync (API) in 31ms
11:52:47 INFO  - Executed action GD.API.Controllers.System.HomeController.GetOrderQtyAsync (API) in 34ms
11:52:47 INFO  - Executed action GD.API.Controllers.System.HomeController.GetDoctorsQtyAsync (API) in 89ms
11:52:47 INFO  - Executed action GD.API.Controllers.System.HomeController.GetMerchantQtyAsync (API) in 115ms
11:52:47 INFO  - Executed action GD.API.Controllers.System.UserController.GetLoginUserInfoAsync (API) in 163ms
11:52:48 INFO  - Executed action GD.API.Controllers.Utility.ArticleController.GetArticleTypeAsync (API) in 28ms
11:52:48 INFO  - Executed action GD.API.Controllers.Utility.ArticleController.GetArticleListAsync (API) in 81ms
11:54:38 INFO  - Executed action GD.API.Controllers.System.UserController.GetLoginUserInfoAsync (API) in 186ms
11:54:38 INFO  - Executed action GD.API.Controllers.System.HomeController.GetDoctorsQtyAsync (API) in 16ms
11:54:38 INFO  - Executed action GD.API.Controllers.System.HomeController.GetUserQtyAsync (API) in 22ms
11:54:38 INFO  - Executed action GD.API.Controllers.System.HomeController.GetOrderQtyAsync (API) in 24ms
11:54:38 INFO  - Executed action GD.API.Controllers.System.HomeController.GetMerchantQtyAsync (API) in 17ms
11:54:38 INFO  - Executed action GD.API.Controllers.System.UserController.GetLoginUserInfoAsync (API) in 175ms
11:54:38 INFO  - Executed action GD.API.Controllers.Doctor.HospitalController.GetFirstOfficeListAsync (API) in 47ms
11:54:38 INFO  - Executed action GD.API.Controllers.Doctor.HospitalController.GetOfficeListAsync (API) in 56ms
11:54:39 INFO  - Executed action GD.API.Controllers.System.UserController.GetLoginUserInfoAsync (API) in 178ms
11:54:39 INFO  - Executed action GD.API.Controllers.Utility.ArticleController.GetArticleTypeAsync (API) in 18ms
11:54:39 INFO  - Executed action GD.API.Controllers.Utility.ArticleController.GetArticleListAsync (API) in 91ms
11:54:45 INFO  - Executed action GD.API.Controllers.System.UserController.GetLoginUserInfoAsync (API) in 165ms
11:54:46 INFO  - Executed action GD.API.Controllers.System.UserController.GetLoginUserInfoAsync (API) in 170ms
11:54:46 INFO  - Executed action GD.API.Controllers.System.HomeController.GetOrderQtyAsync (API) in 22ms
11:54:46 INFO  - Executed action GD.API.Controllers.System.HomeController.GetUserQtyAsync (API) in 52ms
11:54:46 INFO  - Executed action GD.API.Controllers.System.HomeController.GetDoctorsQtyAsync (API) in 28ms
11:54:46 INFO  - Executed action GD.API.Controllers.System.HomeController.GetMerchantQtyAsync (API) in 17ms
11:54:46 INFO  - Executed action GD.API.Controllers.Doctor.HospitalController.GetFirstOfficeListAsync (API) in 40ms
11:54:46 INFO  - Executed action GD.API.Controllers.Doctor.HospitalController.GetOfficeListAsync (API) in 64ms
11:54:46 INFO  - Executed action GD.API.Controllers.System.UserController.GetLoginUserInfoAsync (API) in 170ms
11:54:46 INFO  - Executed action GD.API.Controllers.Utility.ArticleController.GetArticleTypeAsync (API) in 26ms
11:54:47 INFO  - Executed action GD.API.Controllers.Utility.ArticleController.GetArticleListAsync (API) in 85ms
11:55:46 INFO  - Executed action GD.API.Controllers.System.UserController.GetLoginUserInfoAsync (API) in 159ms
11:55:47 INFO  - Executed action GD.API.Controllers.Utility.ArticleController.GetArticleTypeAsync (API) in 24ms
11:55:47 INFO  - Executed action GD.API.Controllers.Utility.ArticleController.GetArticleListAsync (API) in 95ms
11:55:52 INFO  - Executed action GD.API.Controllers.System.UserController.GetRoleListAsync (API) in 24ms
11:55:53 INFO  - Executed action GD.API.Controllers.System.UserController.GetRoleListAsync (API) in 25ms
11:55:53 INFO  - Executed action GD.API.Controllers.System.MenuController.GetMenuTree2Async (API) in 86ms
11:56:32 INFO  - Executed action GD.API.Controllers.System.UserController.GetLoginUserInfoAsync (API) in 163ms
11:56:32 INFO  - Executed action GD.API.Controllers.System.UserController.GetRoleListAsync (API) in 25ms
11:56:32 INFO  - Executed action GD.API.Controllers.System.MenuController.GetMenuTree2Async (API) in 58ms
11:56:51 INFO  - Executed action GD.API.Controllers.System.UserController.GetRoleListAsync (API) in 23ms
11:56:54 INFO  - Executed action GD.API.Controllers.System.UserController.GetRoleListAsync (API) in 40ms
11:56:56 INFO  - Executed action GD.API.Controllers.System.MenuController.GetRoleMenuAsync (API) in 28ms
11:56:57 INFO  - Executed action GD.API.Controllers.System.UserController.GetLoginUserInfoAsync (API) in 159ms
11:56:57 INFO  - Executed action GD.API.Controllers.System.UserController.GetRoleListAsync (API) in 26ms
11:56:57 INFO  - Executed action GD.API.Controllers.System.MenuController.GetMenuTree2Async (API) in 76ms
11:57:01 INFO  - Executed action GD.API.Controllers.System.MenuController.GetRoleMenuAsync (API) in 17ms
11:57:03 INFO  - Executed action GD.API.Controllers.System.MenuController.GetRoleMenuAsync (API) in 24ms
11:58:07 INFO  - Executed action GD.API.Controllers.System.UserController.GetRoleListAsync (API) in 57ms
11:58:07 INFO  - Executed action GD.API.Controllers.System.UserController.GetOrganizationTreeAsync (API) in 40ms
11:58:07 INFO  - Executed action GD.API.Controllers.System.UserController.GetAccountListAsync (API) in 65ms
11:58:10 INFO  - Executed action GD.API.Controllers.System.MenuController.GetMenuTreeAsync (API) in 32ms
11:58:15 INFO  - Executed action GD.API.Controllers.System.ButtonController.GetButtonListAsync (API) in 22ms
11:58:26 INFO  - Executed action GD.API.Controllers.System.ButtonController.UpdateButtonAsync (API) in 48ms
11:58:26 INFO  - Executed action GD.API.Controllers.System.ButtonController.GetButtonListAsync (API) in 23ms
11:58:31 INFO  - Executed action GD.API.Controllers.System.UserController.GetOrganizationTreeAsync (API) in 17ms
11:58:31 INFO  - Executed action GD.API.Controllers.System.UserController.GetOrganizationTreeAsync (API) in 22ms
11:58:33 INFO  - Executed action GD.API.Controllers.System.UserController.GetRoleListAsync (API) in 24ms
11:58:33 INFO  - Executed action GD.API.Controllers.System.UserController.GetOrganizationTreeAsync (API) in 28ms
11:58:33 INFO  - Executed action GD.API.Controllers.System.UserController.GetAccountListAsync (API) in 58ms
11:58:43 INFO  - Executed action GD.API.Controllers.System.MenuController.GetMenuTreeAsync (API) in 21ms
11:58:56 INFO  - Executed action GD.API.Controllers.System.ButtonController.GetButtonListAsync (API) in 25ms
11:59:01 INFO  - Executed action GD.API.Controllers.System.ButtonController.DeleteButtonAsync (API) in 36ms
11:59:01 INFO  - Executed action GD.API.Controllers.System.ButtonController.GetButtonListAsync (API) in 24ms
14:52:51 INFO  - Executed action GD.API.Controllers.System.UserController.GetLoginUserInfoAsync (API) in 192ms
14:52:51 INFO  - Executed action GD.API.Controllers.System.HomeController.GetUserQtyAsync (API) in 18ms
14:52:51 INFO  - Executed action GD.API.Controllers.System.HomeController.GetOrderQtyAsync (API) in 58ms
14:52:51 INFO  - Executed action GD.API.Controllers.System.HomeController.GetMerchantQtyAsync (API) in 58ms
14:52:51 INFO  - Executed action GD.API.Controllers.System.HomeController.GetDoctorsQtyAsync (API) in 56ms
14:52:52 INFO  - Executed action GD.API.Controllers.System.UserController.GetLoginUserInfoAsync (API) in 113ms
14:52:52 INFO  - Executed action GD.API.Controllers.System.MenuController.GetMenuTreeAsync (API) in 16ms
14:53:22 INFO  - Executed action GD.API.Controllers.System.UserController.GetLoginUserInfoAsync (API) in 132ms
14:53:23 INFO  - Executed action GD.API.Controllers.System.HomeController.GetOrderQtyAsync (API) in 23ms
14:53:23 INFO  - Executed action GD.API.Controllers.System.HomeController.GetDoctorsQtyAsync (API) in 13ms
14:53:23 INFO  - Executed action GD.API.Controllers.System.HomeController.GetUserQtyAsync (API) in 27ms
14:53:23 INFO  - Executed action GD.API.Controllers.System.HomeController.GetMerchantQtyAsync (API) in 12ms
14:53:25 INFO  - Executed action GD.API.Controllers.Doctor.HospitalController.GetHospitalAllSelectAsync (API) in 17ms
14:53:25 INFO  - Executed action GD.API.Controllers.Doctor.DoctorController.GetDoctorJobTitlesAsync (API) in 33ms
14:53:25 INFO  - Executed action GD.API.Controllers.Doctor.DoctorController.GetDoctorPageAsync (API) in 126ms
14:54:18 INFO  - Executed action GD.API.Controllers.Doctor.HospitalController.GetHospitalOfficeSelectAsync (API) in 146ms
14:54:28 INFO  - Bad request GD.API.Controllers.Doctor.DoctorController.AddDoctorInfoAsync (API) with 一寸照附件必填
14:54:50 INFO  - Executed action GD.API.Controllers.Doctor.DoctorController.AddDoctorInfoAsync (API) in 2373ms
14:54:50 INFO  - Executed action GD.API.Controllers.Doctor.DoctorController.GetDoctorPageAsync (API) in 72ms
14:55:03 INFO  - Executed action GD.API.Controllers.Doctor.DoctorController.GetDoctorPageAsync (API) in 112ms
14:55:23 INFO  - Executed action GD.API.Controllers.Doctor.DoctorController.GetDoctorPageAsync (API) in 112ms
14:55:27 INFO  - Executed action GD.API.Controllers.Doctor.DoctorController.GetDoctorPageAsync (API) in 72ms
14:55:33 INFO  - Executed action GD.API.Controllers.Doctor.DoctorController.GetDoctorCertificateDetailAsync (API) in 26ms
14:55:33 INFO  - Executed action GD.API.Controllers.Doctor.DoctorController.GetDoctorInfoAsync (API) in 66ms
14:56:44 INFO  - Executed action GD.API.Controllers.System.UserController.GetLoginUserInfoAsync (API) in 169ms
14:56:45 INFO  - Executed action GD.API.Controllers.Doctor.HospitalController.GetHospitalAllSelectAsync (API) in 18ms
14:56:45 INFO  - Executed action GD.API.Controllers.Doctor.DoctorController.GetDoctorJobTitlesAsync (API) in 33ms
14:56:45 INFO  - Executed action GD.API.Controllers.Doctor.DoctorController.GetDoctorPageAsync (API) in 45ms
14:57:16 INFO  - Executed action GD.API.Controllers.System.UserController.GetLoginUserInfoAsync (API) in 482ms
14:57:17 INFO  - Executed action GD.API.Controllers.Doctor.HospitalController.GetHospitalAllSelectAsync (API) in 15ms
14:57:17 INFO  - Executed action GD.API.Controllers.Doctor.DoctorController.GetDoctorJobTitlesAsync (API) in 98ms
14:57:17 INFO  - Executed action GD.API.Controllers.Doctor.DoctorController.GetDoctorPageAsync (API) in 103ms
14:57:17 INFO  - Executed action GD.API.Controllers.System.UserController.GetLoginUserInfoAsync (API) in 128ms
14:57:17 INFO  - Executed action GD.API.Controllers.System.MenuController.GetMenuTreeAsync (API) in 18ms
14:57:43 INFO  - Executed action GD.API.Controllers.Doctor.DoctorController.GetDoctorJobTitlesAsync (API) in 29ms
14:57:48 INFO  - Executed action GD.API.Controllers.System.UserController.GetLoginUserInfoAsync (API) in 117ms
14:57:48 INFO  - Executed action GD.API.Controllers.Doctor.HospitalController.GetHospitalAllSelectAsync (API) in 14ms
14:57:48 INFO  - Executed action GD.API.Controllers.Doctor.DoctorController.GetDoctorJobTitlesAsync (API) in 32ms
14:57:48 INFO  - Executed action GD.API.Controllers.Doctor.DoctorController.GetDoctorPageAsync (API) in 43ms
14:59:03 INFO  - Executed action GD.API.Controllers.Doctor.DoctorController.GetDoctorIntegralPageAsync (API) in 118ms
14:59:09 INFO  - Executed action GD.API.Controllers.Doctor.DoctorController.GetIntegralInfoPageAsync (API) in 57ms
14:59:11 INFO  - Executed action GD.API.Controllers.Doctor.DoctorController.GetIntegralInfoPageAsync (API) in 42ms
14:59:17 INFO  - Executed action GD.API.Controllers.Doctor.DoctorController.GetReviewDoctorPageAsync (API) in 214ms
14:59:18 INFO  - Executed action GD.API.Controllers.Merchant.MerchantController.GetReviewMerchantPageAsync (API) in 110ms
14:59:20 INFO  - Executed action GD.API.Controllers.Doctor.DoctorController.GetReviewDoctorPageAsync (API) in 41ms
14:59:38 INFO  - Executed action GD.API.Controllers.Doctor.DoctorController.GetDoctorIntegralPageAsync (API) in 114ms
14:59:41 INFO  - Executed action GD.API.Controllers.Doctor.DoctorController.GetDoctorJobTitlesAsync (API) in 34ms
14:59:41 INFO  - Executed action GD.API.Controllers.Doctor.DoctorController.GetDoctorPageAsync (API) in 44ms
14:59:52 INFO  - Executed action GD.API.Controllers.System.UserController.GetLoginUserInfoAsync (API) in 178ms
14:59:52 INFO  - Executed action GD.API.Controllers.Doctor.HospitalController.GetHospitalAllSelectAsync (API) in 17ms
14:59:52 INFO  - Executed action GD.API.Controllers.Doctor.DoctorController.GetDoctorJobTitlesAsync (API) in 155ms
14:59:52 INFO  - Executed action GD.API.Controllers.Doctor.DoctorController.GetDoctorPageAsync (API) in 166ms
15:00:05 INFO  - Executed action GD.API.Controllers.System.MenuController.GetMenuTreeAsync (API) in 18ms
15:02:02 INFO  - Executed action GD.API.Controllers.System.MenuController.AddMenuAsync (API) in 246ms
15:02:02 INFO  - Executed action GD.API.Controllers.System.MenuController.GetMenuTreeAsync (API) in 18ms
15:02:27 INFO  - Executed action GD.API.Controllers.System.MenuController.UpdateMenuAsync (API) in 214ms
15:02:27 INFO  - Executed action GD.API.Controllers.System.MenuController.GetMenuTreeAsync (API) in 18ms
15:02:37 INFO  - Executed action GD.API.Controllers.System.MenuController.UpdateMenuAsync (API) in 36ms
15:02:37 INFO  - Executed action GD.API.Controllers.System.MenuController.GetMenuTreeAsync (API) in 14ms
15:02:44 INFO  - Executed action GD.API.Controllers.System.MenuController.UpdateMenuAsync (API) in 34ms
15:02:44 INFO  - Executed action GD.API.Controllers.System.MenuController.GetMenuTreeAsync (API) in 20ms
15:03:02 INFO  - Executed action GD.API.Controllers.System.MenuController.UpdateMenuAsync (API) in 255ms
15:03:02 INFO  - Executed action GD.API.Controllers.System.MenuController.GetMenuTreeAsync (API) in 28ms
15:03:04 INFO  - Executed action GD.API.Controllers.System.UserController.GetLoginUserInfoAsync (API) in 115ms
15:03:04 INFO  - Executed action GD.API.Controllers.System.MenuController.GetMenuTreeAsync (API) in 17ms
15:03:09 INFO  - Executed action GD.API.Controllers.Mall.MemberController.GetMemberPageAsync (API) in 46ms
15:03:21 INFO  - Executed action GD.API.Controllers.Doctor.HospitalController.GetHospitalAllSelectAsync (API) in 73ms
15:03:21 INFO  - Executed action GD.API.Controllers.Doctor.DoctorController.GetDoctorJobTitlesAsync (API) in 157ms
15:03:21 INFO  - Executed action GD.API.Controllers.Doctor.DoctorController.GetDoctorPageAsync (API) in 210ms
15:10:32 INFO  - Executed action GD.API.Controllers.Doctor.DoctorController.GetDoctorIntegralPageAsync (API) in 294ms
15:10:37 INFO  - Executed action GD.API.Controllers.System.UserController.GetRoleListAsync (API) in 64ms
15:10:37 INFO  - Executed action GD.API.Controllers.System.MenuController.GetMenuTree2Async (API) in 69ms
15:10:42 INFO  - Bad request GD.API.Controllers.System.MenuController.SaveRoleMenuAsync (API) with The RoleGuid field is required.
15:10:43 INFO  - Bad request GD.API.Controllers.System.MenuController.SaveRoleMenuAsync (API) with The RoleGuid field is required.
15:10:50 INFO  - Bad request GD.API.Controllers.System.MenuController.SaveRoleMenuAsync (API) with The RoleGuid field is required.
15:12:03 INFO  - Executed action GD.API.Controllers.System.UserController.GetLoginUserInfoAsync (API) in 515ms
15:12:04 INFO  - Executed action GD.API.Controllers.System.UserController.GetLoginUserInfoAsync (API) in 149ms
15:12:04 INFO  - Executed action GD.API.Controllers.System.UserController.GetRoleListAsync (API) in 14ms
15:12:04 INFO  - Executed action GD.API.Controllers.System.MenuController.GetMenuTree2Async (API) in 57ms
15:12:05 INFO  - Executed action GD.API.Controllers.System.MenuController.GetMenuTreeAsync (API) in 26ms
15:12:05 INFO  - Executed action GD.API.Controllers.System.UserController.GetRoleListAsync (API) in 14ms
15:12:32 INFO  - Executed action GD.API.Controllers.System.UserController.GetLoginUserInfoAsync (API) in 452ms
15:12:32 INFO  - Executed action GD.API.Controllers.System.UserController.GetRoleListAsync (API) in 25ms
15:12:32 INFO  - Executed action GD.API.Controllers.System.MenuController.GetMenuTree2Async (API) in 58ms
15:12:42 INFO  - Executed action GD.API.Controllers.System.MenuController.GetRoleMenuAsync (API) in 23ms
15:12:47 INFO  - Executed action GD.API.Controllers.System.MenuController.GetRoleMenuAsync (API) in 13ms
16:36:10 INFO  - Executed action GD.Host.Controllers.AccountController.LoginAdmin (PAPI) in 412ms
16:36:11 INFO  - Executed action GD.API.Controllers.System.UserController.GetLoginUserInfoAsync (API) in 290ms
16:36:11 INFO  - Executed action GD.API.Controllers.System.UserController.GetRoleListAsync (API) in 67ms
16:36:11 INFO  - Executed action GD.API.Controllers.System.UserController.GetOrganizationTreeAsync (API) in 93ms
16:36:11 INFO  - Executed action GD.API.Controllers.System.UserController.GetAccountListAsync (API) in 109ms
16:36:19 INFO  - Executed action GD.API.Controllers.System.UserController.GetRoleListAsync (API) in 342ms
16:36:19 INFO  - Executed action GD.API.Controllers.System.MenuController.GetMenuTree2Async (API) in 391ms
17:05:19 INFO  - Executed action GD.API.Controllers.System.DictionaryController.GetDictionaryMatedata (API) in 83ms
17:05:19 INFO  - Executed action GD.API.Controllers.System.DictionaryController.GetDictionaryTreeAsync (API) in 91ms
17:05:19 INFO  - Executed action GD.API.Controllers.System.DictionaryController.GetDictionaryTreeAsync (API) in 118ms
17:05:37 INFO  - Executed action GD.API.Controllers.System.DictionaryController.GetBusinessScopeType (API) in 65ms
17:05:37 INFO  - Executed action GD.API.Controllers.System.DictionaryController.GetBusinessScopePageAsync (API) in 75ms
17:05:38 INFO  - Executed action GD.API.Controllers.System.AccessoryController.GetAcessoryUrlAsync (API) in 48ms
17:06:06 INFO  - Executed action GD.API.Controllers.System.DictionaryController.UpdateBusinessScopeAsync (API) in 7811ms
17:06:07 INFO  - Executed action GD.API.Controllers.System.DictionaryController.GetBusinessScopePageAsync (API) in 63ms
17:15:01 INFO  - Executed action GD.API.Controllers.Doctor.HospitalController.GetHospitalAllSelectAsync (API) in 306ms
17:15:01 INFO  - Executed action GD.API.Controllers.Doctor.DoctorController.GetDoctorJobTitlesAsync (API) in 395ms
17:15:01 INFO  - Executed action GD.API.Controllers.Doctor.DoctorController.GetDoctorPageAsync (API) in 504ms
17:15:27 INFO  - Executed action GD.API.Controllers.Doctor.HospitalController.GetHospitalOfficeSelectAsync (API) in 206ms
17:15:47 INFO  - Executed action GD.API.Controllers.System.MenuController.GetMenuTreeAsync (API) in 39ms
17:16:00 INFO  - Executed action GD.API.Controllers.System.ButtonController.GetButtonListAsync (API) in 444ms
17:16:15 INFO  - Executed action GD.API.Controllers.System.ButtonController.AddButtonAsync (API) in 185ms
17:16:15 INFO  - Executed action GD.API.Controllers.System.ButtonController.GetButtonListAsync (API) in 23ms
17:16:33 INFO  - Executed action GD.API.Controllers.System.ButtonController.AddButtonAsync (API) in 195ms
17:16:33 INFO  - Executed action GD.API.Controllers.System.ButtonController.GetButtonListAsync (API) in 25ms
17:16:46 INFO  - Executed action GD.API.Controllers.System.ButtonController.AddButtonAsync (API) in 60ms
17:16:46 INFO  - Executed action GD.API.Controllers.System.ButtonController.GetButtonListAsync (API) in 24ms
17:17:41 INFO  - Executed action GD.API.Controllers.Mall.MemberController.GetMemberPageAsync (API) in 174ms
17:17:43 INFO  - Executed action GD.API.Controllers.Merchant.MerchantController.GetBusinessScopeListAsync (API) in 81ms
17:17:43 INFO  - Executed action GD.API.Controllers.Merchant.MerchantController.GetMerchantPageAsync (API) in 113ms
17:17:58 INFO  - Executed action GD.API.Controllers.System.MenuController.GetMenuTreeAsync (API) in 30ms
17:18:02 INFO  - Executed action GD.API.Controllers.System.ButtonController.GetButtonListAsync (API) in 20ms
17:18:06 INFO  - Executed action GD.API.Controllers.System.ButtonController.GetButtonListAsync (API) in 14ms
17:18:26 INFO  - Executed action GD.API.Controllers.System.ButtonController.GetButtonListAsync (API) in 156ms
17:18:37 INFO  - Executed action GD.API.Controllers.System.ButtonController.AddButtonAsync (API) in 52ms
17:18:37 INFO  - Executed action GD.API.Controllers.System.ButtonController.GetButtonListAsync (API) in 24ms
17:18:52 INFO  - Executed action GD.API.Controllers.System.ButtonController.AddButtonAsync (API) in 52ms
17:18:53 INFO  - Executed action GD.API.Controllers.System.ButtonController.GetButtonListAsync (API) in 26ms
17:19:00 INFO  - Executed action GD.API.Controllers.System.ButtonController.GetButtonListAsync (API) in 16ms
17:20:22 INFO  - Executed action GD.API.Controllers.System.UserController.GetLoginUserInfoAsync (API) in 180ms
17:20:22 INFO  - Executed action GD.API.Controllers.System.MenuController.GetMenuTreeAsync (API) in 27ms
17:39:22 INFO  - Executed action GD.API.Controllers.System.UserController.GetLoginUserInfoAsync (API) in 535ms
17:39:22 INFO  - Executed action GD.API.Controllers.System.HomeController.GetUserQtyAsync (API) in 21ms
17:39:22 INFO  - Executed action GD.API.Controllers.System.HomeController.GetMerchantQtyAsync (API) in 50ms
17:39:22 INFO  - Executed action GD.API.Controllers.System.HomeController.GetDoctorsQtyAsync (API) in 95ms
17:39:22 INFO  - Executed action GD.API.Controllers.System.HomeController.GetOrderQtyAsync (API) in 118ms
17:41:59 INFO  - Executed action GD.API.Controllers.System.UserController.GetLoginUserInfoAsync (API) in 181ms
17:41:59 INFO  - Executed action GD.API.Controllers.System.MenuController.GetMenuTreeAsync (API) in 30ms
17:42:03 INFO  - Executed action GD.API.Controllers.System.DictionaryController.GetDictionaryMatedata (API) in 69ms
17:42:03 INFO  - Executed action GD.API.Controllers.System.DictionaryController.GetDictionaryTreeAsync (API) in 75ms
17:42:03 INFO  - Executed action GD.API.Controllers.System.DictionaryController.GetDictionaryTreeAsync (API) in 77ms
17:43:28 INFO  - Executed action GD.API.Controllers.System.DictionaryController.UpdateDictionaryAsync (API) in 116ms
17:44:49 INFO  - Executed action GD.API.Controllers.System.DictionaryController.UpdateDictionaryAsync (API) in 65ms
17:45:15 INFO  - Executed action GD.API.Controllers.System.DictionaryController.UpdateDictionaryAsync (API) in 112ms
17:46:38 INFO  - Executed action GD.API.Controllers.System.DictionaryController.UpdateDictionaryAsync (API) in 19ms
17:46:39 INFO  - Executed action GD.API.Controllers.System.DictionaryController.UpdateDictionaryAsync (API) in 29ms
17:48:06 INFO  - Executed action GD.API.Controllers.System.UserController.GetLoginUserInfoAsync (API) in 1459ms
17:48:10 INFO  - Executed action GD.API.Controllers.System.DictionaryController.GetDictionaryTreeAsync (API) in 3992ms
17:48:10 INFO  - Executed action GD.API.Controllers.System.DictionaryController.GetDictionaryMatedata (API) in 4272ms
17:48:10 INFO  - Executed action GD.API.Controllers.System.DictionaryController.GetDictionaryTreeAsync (API) in 4282ms
17:48:41 INFO  - Executed action GD.API.Controllers.System.MenuController.GetMenuTreeAsync (API) in 59ms
17:48:44 INFO  - Executed action GD.API.Controllers.System.ButtonController.GetButtonListAsync (API) in 31ms
17:48:58 INFO  - Executed action GD.API.Controllers.System.ButtonController.UpdateButtonAsync (API) in 292ms
17:48:58 INFO  - Executed action GD.API.Controllers.System.ButtonController.GetButtonListAsync (API) in 52ms
17:53:18 INFO  - Executed action GD.API.Controllers.System.DictionaryController.GetDictionaryMatedata (API) in 35ms
17:53:18 INFO  - Executed action GD.API.Controllers.System.DictionaryController.GetDictionaryTreeAsync (API) in 51ms
17:53:18 INFO  - Executed action GD.API.Controllers.System.DictionaryController.GetDictionaryTreeAsync (API) in 46ms
17:54:51 INFO  - Executed action GD.API.Controllers.System.UserController.GetLoginUserInfoAsync (API) in 228ms
17:54:51 INFO  - Executed action GD.API.Controllers.System.DictionaryController.GetDictionaryMatedata (API) in 37ms
17:54:51 INFO  - Executed action GD.API.Controllers.System.DictionaryController.GetDictionaryTreeAsync (API) in 53ms
17:54:51 INFO  - Executed action GD.API.Controllers.System.DictionaryController.GetDictionaryTreeAsync (API) in 54ms
17:55:14 INFO  - Executed action GD.API.Controllers.System.DictionaryController.UpdateDictionaryAsync (API) in 71ms
17:55:21 INFO  - Executed action GD.API.Controllers.System.DictionaryController.DisableEnableDictionaryAsync (API) in 286ms
17:55:23 INFO  - Executed action GD.API.Controllers.System.DictionaryController.UpdateDictionaryAsync (API) in 142ms
17:55:24 INFO  - Executed action GD.API.Controllers.System.DictionaryController.GetDictionaryTreeAsync (API) in 35ms
17:55:24 INFO  - Executed action GD.API.Controllers.System.DictionaryController.GetDictionaryTreeAsync (API) in 37ms
18:11:09 INFO  - Executed action GD.Host.Controllers.AccountController.LoginAdmin (PAPI) in 144ms
18:11:13 INFO  - Executed action GD.Host.Controllers.AccountController.LoginAdmin (PAPI) in 28ms
18:11:13 INFO  - Executed action GD.Host.Controllers.AccountController.LoginAdmin (PAPI) in 23ms
18:11:14 INFO  - Executed action GD.Host.Controllers.AccountController.LoginAdmin (PAPI) in 23ms
18:11:14 INFO  - Executed action GD.Host.Controllers.AccountController.LoginAdmin (PAPI) in 24ms
18:11:23 INFO  - Executed action GD.Host.Controllers.AccountController.LoginAdmin (PAPI) in 28ms
18:11:23 INFO  - Executed action GD.API.Controllers.System.UserController.GetLoginUserInfoAsync (API) in 399ms
18:11:24 INFO  - Executed action GD.API.Controllers.System.HomeController.GetOrderQtyAsync (API) in 61ms
18:11:24 INFO  - Executed action GD.API.Controllers.System.HomeController.GetDoctorsQtyAsync (API) in 278ms
18:11:24 INFO  - Executed action GD.API.Controllers.System.HomeController.GetUserQtyAsync (API) in 270ms
18:11:24 INFO  - Executed action GD.API.Controllers.System.HomeController.GetMerchantQtyAsync (API) in 276ms
18:11:28 INFO  - Executed action GD.API.Controllers.Doctor.HospitalController.GetHospitalAllSelectAsync (API) in 22ms
18:11:28 INFO  - Executed action GD.API.Controllers.Doctor.DoctorController.GetDoctorJobTitlesAsync (API) in 86ms
18:11:28 INFO  - Executed action GD.API.Controllers.Doctor.DoctorController.GetDoctorPageAsync (API) in 128ms
18:11:40 INFO  - Executed action GD.API.Controllers.Doctor.DoctorController.GetDoctorIntegralPageAsync (API) in 151ms
18:11:44 INFO  - Executed action GD.API.Controllers.System.HomeController.GetDoctorsQtyAsync (API) in 15ms
18:11:44 INFO  - Executed action GD.API.Controllers.System.HomeController.GetOrderQtyAsync (API) in 17ms
18:11:44 INFO  - Executed action GD.API.Controllers.System.HomeController.GetUserQtyAsync (API) in 24ms
18:11:44 INFO  - Executed action GD.API.Controllers.System.HomeController.GetMerchantQtyAsync (API) in 23ms
18:11:49 INFO  - Executed action GD.API.Controllers.Doctor.DoctorController.GetReviewDoctorPageAsync (API) in 57ms
18:11:51 INFO  - Executed action GD.API.Controllers.Merchant.MerchantController.GetReviewMerchantPageAsync (API) in 164ms
18:11:55 INFO  - Executed action GD.API.Controllers.Doctor.DoctorController.GetDoctorJobTitlesAsync (API) in 44ms
18:11:55 INFO  - Executed action GD.API.Controllers.Doctor.DoctorController.GetDoctorPageAsync (API) in 62ms
18:12:04 INFO  - Executed action GD.API.Controllers.Doctor.DoctorController.GetDoctorCertificateDetailAsync (API) in 42ms
18:12:04 INFO  - Executed action GD.API.Controllers.Doctor.DoctorController.GetDoctorInfoAsync (API) in 81ms
18:12:05 INFO  - Executed action GD.API.Controllers.Doctor.HospitalController.GetHospitalOfficeSelectAsync (API) in 34ms
18:12:11 INFO  - Executed action GD.API.Controllers.Doctor.DoctorController.GetDoctorIntegralPageAsync (API) in 119ms
18:12:13 INFO  - Executed action GD.API.Controllers.Merchant.MerchantController.GetBusinessScopeListAsync (API) in 30ms
18:12:13 INFO  - Executed action GD.API.Controllers.Merchant.MerchantController.GetMerchantPageAsync (API) in 73ms
18:12:14 INFO  - Executed action GD.API.Controllers.Mall.MemberController.GetMemberPageAsync (API) in 66ms
18:12:16 INFO  - Executed action GD.API.Controllers.Doctor.DoctorController.GetReviewDoctorPageAsync (API) in 51ms
18:12:17 INFO  - Executed action GD.API.Controllers.Merchant.MerchantController.GetReviewMerchantPageAsync (API) in 55ms
18:12:20 INFO  - Executed action GD.API.Controllers.Utility.ArticleController.GetArticleTypeAsync (API) in 26ms
18:12:20 INFO  - Executed action GD.API.Controllers.Utility.ArticleController.GetArticleListAsync (API) in 89ms
18:12:23 INFO  - Executed action GD.API.Controllers.Utility.ArticleController.GetArticleInfoAsync (API) in 85ms
18:12:46 INFO  - Executed action GD.API.Controllers.System.UserController.GetOrganizationTreeAsync (API) in 50ms
18:12:46 INFO  - Executed action GD.API.Controllers.System.UserController.GetOrganizationTreeAsync (API) in 50ms
18:12:54 INFO  - Executed action GD.API.Controllers.System.UserController.UpdateOrganizationAsync (API) in 86ms
18:12:54 INFO  - Executed action GD.API.Controllers.System.UserController.GetOrganizationTreeAsync (API) in 26ms
18:13:04 INFO  - Executed action GD.API.Controllers.System.UserController.UpdateOrganizationAsync (API) in 282ms
18:13:05 INFO  - Executed action GD.API.Controllers.System.UserController.GetOrganizationTreeAsync (API) in 32ms
18:13:13 INFO  - Executed action GD.API.Controllers.System.UserController.UpdateOrganizationAsync (API) in 127ms
18:13:13 INFO  - Executed action GD.API.Controllers.System.UserController.GetOrganizationTreeAsync (API) in 66ms
18:13:16 INFO  - Executed action GD.API.Controllers.System.UserController.GetOrganizationTreeAsync (API) in 17ms
18:13:17 INFO  - Executed action GD.API.Controllers.System.UserController.GetOrganizationTreeAsync (API) in 26ms
18:13:24 INFO  - Executed action GD.API.Controllers.System.UserController.GetLoginUserInfoAsync (API) in 149ms
18:13:24 INFO  - Executed action GD.API.Controllers.System.UserController.GetOrganizationTreeAsync (API) in 15ms
18:13:24 INFO  - Executed action GD.API.Controllers.System.UserController.GetOrganizationTreeAsync (API) in 25ms
18:13:35 INFO  - Executed action GD.API.Controllers.System.UserController.UpdateOrganizationAsync (API) in 128ms
18:13:35 INFO  - Executed action GD.API.Controllers.System.UserController.GetOrganizationTreeAsync (API) in 15ms
18:13:41 INFO  - Executed action GD.API.Controllers.System.BannerController.GetBannerType1 (API) in 104ms
18:13:41 INFO  - Executed action GD.API.Controllers.System.BannerController.GetBannerPageAsync (API) in 274ms
18:13:43 INFO  - Executed action GD.API.Controllers.Utility.ArticleController.GetArticleTypeAsync (API) in 17ms
18:13:43 INFO  - Executed action GD.API.Controllers.Utility.ArticleController.GetArticleListAsync (API) in 166ms
18:13:47 INFO  - Executed action GD.API.Controllers.System.DictionaryController.GetDictionaryMatedata (API) in 15ms
18:13:47 INFO  - Executed action GD.API.Controllers.System.DictionaryController.GetDictionaryTreeAsync (API) in 26ms
18:13:47 INFO  - Executed action GD.API.Controllers.System.DictionaryController.GetDictionaryTreeAsync (API) in 35ms
18:13:49 INFO  - Executed action GD.API.Controllers.System.DictionaryController.GetBusinessScopeType (API) in 22ms
18:13:49 INFO  - Executed action GD.API.Controllers.System.DictionaryController.GetBusinessScopePageAsync (API) in 34ms
18:14:22 INFO  - Executed action GD.API.Controllers.System.DictionaryController.DisableEnableDictionaryAsync (API) in 587ms
18:14:22 INFO  - Executed action GD.API.Controllers.System.DictionaryController.GetBusinessScopePageAsync (API) in 32ms
18:14:24 INFO  - Executed action GD.API.Controllers.System.DictionaryController.DisableEnableDictionaryAsync (API) in 90ms
18:14:24 INFO  - Executed action GD.API.Controllers.System.DictionaryController.GetBusinessScopePageAsync (API) in 33ms
18:14:25 INFO  - Executed action GD.API.Controllers.System.DictionaryController.DisableEnableDictionaryAsync (API) in 90ms
18:14:25 INFO  - Executed action GD.API.Controllers.System.DictionaryController.GetBusinessScopePageAsync (API) in 31ms
18:14:27 INFO  - Executed action GD.API.Controllers.System.DictionaryController.DisableEnableDictionaryAsync (API) in 89ms
18:14:27 INFO  - Executed action GD.API.Controllers.System.DictionaryController.GetBusinessScopePageAsync (API) in 34ms
18:14:29 INFO  - Executed action GD.API.Controllers.System.DictionaryController.GetBusinessScopePageAsync (API) in 25ms
18:14:33 INFO  - Executed action GD.API.Controllers.Doctor.DoctorController.GetReviewDoctorPageAsync (API) in 59ms
18:14:59 INFO  - Executed action GD.API.Controllers.Doctor.DoctorController.GetDoctorCertificateDetailAsync (API) in 386ms
18:15:11 INFO  - Executed action GD.API.Controllers.Doctor.DoctorController.GetDoctorCertificateDetailAsync (API) in 164ms
18:15:31 INFO  - Executed action GD.API.Controllers.Merchant.MerchantController.GetReviewMerchantPageAsync (API) in 332ms
18:15:38 INFO  - Executed action GD.API.Controllers.Doctor.HospitalController.GetHospitalAllSelectAsync (API) in 34ms
18:15:38 INFO  - Executed action GD.API.Controllers.Doctor.DoctorController.GetDoctorJobTitlesAsync (API) in 51ms
18:15:38 INFO  - Executed action GD.API.Controllers.Doctor.DoctorController.GetDoctorPageAsync (API) in 81ms
18:15:40 INFO  - Executed action GD.API.Controllers.Doctor.DoctorController.GetDoctorIntegralPageAsync (API) in 117ms
