10:29:55 INFO  - Executed action GD.API.Controllers.System.MenuController.GetMenuTreeAsync (API) in 131ms
10:29:55 INFO  - Executed action GD.API.Controllers.System.MenuController.GetMenuTreeAsync (API) in 131ms
10:29:55 INFO  - Executed action GD.API.Controllers.System.UserController.GetRoleListAsync (API) in 17ms
10:29:55 INFO  - Executed action GD.API.Controllers.System.MenuController.GetMenuTreeAsync (API) in 24ms
10:31:31 INFO  - Executed action GD.API.Controllers.System.MenuController.UpdateMenuAsync (API) in 35ms
10:31:31 INFO  - Executed action GD.API.Controllers.System.MenuController.GetMenuTreeAsync (API) in 17ms
10:31:40 INFO  - Executed action GD.API.Controllers.System.MenuController.DeleteMenuAsync (API) in 17ms
10:31:40 INFO  - Executed action GD.API.Controllers.System.MenuController.GetMenuTreeAsync (API) in 17ms
10:32:17 INFO  - Executed action GD.API.Controllers.System.MenuController.GetMenuTreeAsync (API) in 17ms
10:32:17 INFO  - Executed action GD.API.Controllers.System.MenuController.GetMenuTreeAsync (API) in 20ms
14:29:33 INFO  - Executed action GD.API.Controllers.System.MenuController.GetMenuTreeAsync (API) in 781ms
14:29:33 INFO  - Executed action GD.API.Controllers.System.UserController.GetRoleListAsync (API) in 781ms
14:30:16 INFO  - Executed action GD.API.Controllers.System.MenuController.GetMenuTreeAsync (API) in 15ms
14:30:16 INFO  - Executed action GD.API.Controllers.System.UserController.GetRoleListAsync (API) in 26ms
14:30:41 INFO  - Executed action GD.API.Controllers.System.MenuController.GetMenuTreeAsync (API) in 13ms
14:30:41 INFO  - Executed action GD.API.Controllers.System.UserController.GetRoleListAsync (API) in 28ms
14:30:53 INFO  - Executed action GD.API.Controllers.System.MenuController.GetMenuTreeAsync (API) in 16ms
14:31:05 INFO  - Executed action GD.API.Controllers.System.MenuController.DeleteMenuAsync (API) in 198ms
14:31:05 INFO  - Executed action GD.API.Controllers.System.MenuController.GetMenuTreeAsync (API) in 14ms
14:31:09 INFO  - Executed action GD.API.Controllers.System.MenuController.DeleteMenuAsync (API) in 26ms
14:31:09 INFO  - Executed action GD.API.Controllers.System.MenuController.GetMenuTreeAsync (API) in 14ms
14:32:55 INFO  - Executed action GD.API.Controllers.System.UserController.GetRoleListAsync (API) in 19ms
14:32:55 INFO  - Executed action GD.API.Controllers.System.MenuController.GetMenuTreeAsync (API) in 29ms
14:36:19 INFO  - Executed action GD.API.Controllers.System.BannerController.GetBannerPageAsync (API) in 164ms
14:36:21 INFO  - Executed action GD.API.Controllers.System.BannerController.GetBannerType1 (API) in 2373ms
14:47:37 INFO  - Executed action GD.Host.Controllers.AccountController.LoginAdmin (PAPI) in 144ms
14:47:38 INFO  - Executed action GD.API.Controllers.System.MenuController.GetMenuTreeAsync (API) in 21ms
14:47:44 INFO  - Executed action GD.API.Controllers.System.UserController.GetRoleListAsync (API) in 16ms
14:47:44 INFO  - Executed action GD.API.Controllers.System.MenuController.GetMenuTreeAsync (API) in 130ms
14:48:09 INFO  - Executed action GD.API.Controllers.System.MenuController.GetMenuTreeAsync (API) in 18ms
14:48:14 INFO  - Executed action GD.API.Controllers.System.MenuController.DeleteMenuAsync (API) in 18ms
14:48:14 INFO  - Executed action GD.API.Controllers.System.MenuController.GetMenuTreeAsync (API) in 18ms
14:58:53 INFO  - Executed action GD.API.Controllers.System.MenuController.GetMenuTreeAsync (API) in 58ms
14:58:53 INFO  - Executed action GD.API.Controllers.System.UserController.GetRoleListAsync (API) in 128ms
17:37:34 INFO  - Executed action GD.API.Controllers.System.MenuController.GetMenuTreeAsync (API) in 819ms
17:37:34 INFO  - Executed action GD.API.Controllers.System.UserController.GetRoleListAsync (API) in 819ms
17:37:36 INFO  - Executed action GD.API.Controllers.System.MenuController.GetMenuTreeAsync (API) in 26ms
17:38:39 INFO  - Executed action GD.API.Controllers.System.UserController.GetRoleListAsync (API) in 32ms
17:38:44 INFO  - Executed action GD.API.Controllers.System.UserController.GetRoleListAsync (API) in 25ms
17:39:04 INFO  - Executed action GD.API.Controllers.System.UserController.GetRoleListAsync (API) in 27ms
17:39:07 INFO  - Executed action GD.API.Controllers.System.MenuController.GetMenuTreeAsync (API) in 24ms
17:39:17 INFO  - Executed action GD.API.Controllers.System.MenuController.GetMenuTreeAsync (API) in 41ms
17:39:49 INFO  - Executed action GD.API.Controllers.System.UserController.GetRoleListAsync (API) in 25ms
17:39:52 INFO  - Executed action GD.API.Controllers.System.MenuController.GetMenuTreeAsync (API) in 26ms
17:39:53 INFO  - Executed action GD.API.Controllers.System.MenuController.GetRoleMenuAsync (API) in 40ms
17:40:05 INFO  - Executed action GD.API.Controllers.System.MenuController.SaveRoleMenuAsync (API) in 77ms
17:40:10 INFO  - Executed action GD.API.Controllers.System.UserController.GetRoleListAsync (API) in 39ms
17:40:11 INFO  - Executed action GD.API.Controllers.System.MenuController.GetMenuTreeAsync (API) in 24ms
17:40:12 INFO  - Executed action GD.API.Controllers.System.MenuController.GetRoleMenuAsync (API) in 24ms
17:41:01 INFO  - Executed action GD.API.Controllers.System.MenuController.SaveRoleMenuAsync (API) in 70ms
17:45:08 INFO  - Executed action GD.API.Controllers.System.BannerController.GetBannerPageAsync (API) in 264ms
17:45:10 INFO  - Executed action GD.API.Controllers.System.BannerController.GetBannerType1 (API) in 2539ms
17:45:26 INFO  - Executed action GD.API.Controllers.System.UserController.GetRoleListAsync (API) in 27ms
17:45:28 INFO  - Executed action GD.API.Controllers.System.MenuController.GetMenuTreeAsync (API) in 26ms
17:45:31 INFO  - Executed action GD.API.Controllers.System.MenuController.GetRoleMenuAsync (API) in 28ms
17:46:01 INFO  - Executed action GD.API.Controllers.System.MenuController.SaveRoleMenuAsync (API) in 127ms
17:51:37 INFO  - Executed action GD.API.Controllers.System.MenuController.GetRoleMenuAsync (API) in 65ms
17:52:19 INFO  - Executed action GD.API.Controllers.System.MenuController.SaveRoleMenuAsync (API) in 42ms
17:53:28 INFO  - Executed action GD.API.Controllers.System.UserController.GetRoleListAsync (API) in 16ms
17:53:29 INFO  - Executed action GD.API.Controllers.System.MenuController.GetMenuTreeAsync (API) in 16ms
17:53:42 INFO  - Executed action GD.API.Controllers.System.MenuController.GetRoleMenuAsync (API) in 15ms
18:02:27 INFO  - Executed action GD.API.Controllers.System.MenuController.SaveRoleMenuAsync (API) in 30035ms
18:04:01 INFO  - Executed action GD.API.Controllers.System.MenuController.SaveRoleMenuAsync (API) in 54685ms
18:04:09 INFO  - Executed action GD.API.Controllers.System.UserController.GetRoleListAsync (API) in 28ms
18:04:11 INFO  - Executed action GD.API.Controllers.System.MenuController.GetMenuTreeAsync (API) in 28ms
18:04:14 INFO  - Executed action GD.API.Controllers.System.MenuController.GetRoleMenuAsync (API) in 26ms
18:05:05 INFO  - Executed action GD.API.Controllers.System.MenuController.SaveRoleMenuAsync (API) in 33385ms
18:05:41 INFO  - Executed action GD.API.Controllers.System.MenuController.SaveRoleMenuAsync (API) in 15897ms
18:07:32 INFO  - Executed action GD.API.Controllers.System.UserController.GetRoleListAsync (API) in 191ms
18:07:35 INFO  - Executed action GD.API.Controllers.System.MenuController.GetMenuTreeAsync (API) in 36ms
18:07:37 INFO  - Executed action GD.API.Controllers.System.MenuController.GetRoleMenuAsync (API) in 28ms
18:10:05 INFO  - Executed action GD.API.Controllers.System.UserController.GetRoleListAsync (API) in 14524ms
18:10:06 INFO  - Executed action GD.API.Controllers.System.UserController.GetRoleListAsync (API) in 7302ms
18:10:08 INFO  - Executed action GD.API.Controllers.System.MenuController.GetMenuTreeAsync (API) in 30ms
18:10:08 INFO  - Executed action GD.API.Controllers.System.MenuController.GetRoleMenuAsync (API) in 22ms
18:10:35 INFO  - Executed action GD.API.Controllers.System.MenuController.SaveRoleMenuAsync (API) in 3156ms
18:11:00 INFO  - Executed action GD.API.Controllers.System.UserController.GetRoleListAsync (API) in 48ms
18:11:02 INFO  - Executed action GD.API.Controllers.System.MenuController.GetMenuTreeAsync (API) in 24ms
18:11:02 INFO  - Executed action GD.API.Controllers.System.MenuController.GetRoleMenuAsync (API) in 30ms
18:11:05 INFO  - Executed action GD.API.Controllers.System.MenuController.GetRoleMenuAsync (API) in 22ms
18:11:07 INFO  - Executed action GD.API.Controllers.System.MenuController.GetRoleMenuAsync (API) in 26ms
18:12:25 INFO  - Executed action GD.API.Controllers.System.MenuController.SaveRoleMenuAsync (API) in 57671ms
18:13:00 INFO  - Executed action GD.API.Controllers.System.UserController.GetRoleListAsync (API) in 38379ms
18:16:49 INFO  - Executed action GD.API.Controllers.System.UserController.GetRoleListAsync (API) in 80ms
18:16:51 INFO  - Executed action GD.API.Controllers.System.MenuController.GetMenuTreeAsync (API) in 17ms
18:16:51 INFO  - Executed action GD.API.Controllers.System.MenuController.GetRoleMenuAsync (API) in 15ms
18:17:03 INFO  - Executed action GD.API.Controllers.System.MenuController.SaveRoleMenuAsync (API) in 5939ms
18:17:51 INFO  - Executed action GD.API.Controllers.System.UserController.GetRoleListAsync (API) in 16ms
18:17:52 INFO  - Executed action GD.API.Controllers.System.MenuController.GetMenuTreeAsync (API) in 15ms
18:17:53 INFO  - Executed action GD.API.Controllers.System.MenuController.GetRoleMenuAsync (API) in 14ms
18:17:56 INFO  - Bad request GD.API.Controllers.System.MenuController.SaveRoleMenuAsync (API) with The RoleGuid field is required.; The RightGuids field is required.
18:18:14 INFO  - Executed action GD.API.Controllers.System.UserController.GetRoleListAsync (API) in 16ms
18:18:15 INFO  - Executed action GD.API.Controllers.System.MenuController.GetMenuTreeAsync (API) in 18ms
18:18:15 INFO  - Executed action GD.API.Controllers.System.MenuController.GetRoleMenuAsync (API) in 14ms
18:18:18 INFO  - Bad request GD.API.Controllers.System.MenuController.SaveRoleMenuAsync (API) with The RoleGuid field is required.; The RightGuids field is required.
18:19:08 INFO  - Bad request GD.API.Controllers.System.MenuController.SaveRoleMenuAsync (API) with The RoleGuid field is required.; The RightGuids field is required.
18:19:49 INFO  - Bad request GD.API.Controllers.System.MenuController.SaveRoleMenuAsync (API) with The RoleGuid field is required.; The RightGuids field is required.
18:20:02 INFO  - Executed action GD.API.Controllers.System.UserController.GetRoleListAsync (API) in 17ms
18:20:03 INFO  - Executed action GD.API.Controllers.System.MenuController.GetMenuTreeAsync (API) in 17ms
18:20:04 INFO  - Executed action GD.API.Controllers.System.MenuController.GetRoleMenuAsync (API) in 14ms
18:20:18 INFO  - Executed action GD.API.Controllers.System.MenuController.SaveRoleMenuAsync (API) in 4088ms
18:20:28 INFO  - Executed action GD.API.Controllers.System.UserController.GetRoleListAsync (API) in 16ms
18:20:30 INFO  - Executed action GD.API.Controllers.System.MenuController.GetMenuTreeAsync (API) in 16ms
18:20:30 INFO  - Executed action GD.API.Controllers.System.MenuController.GetRoleMenuAsync (API) in 16ms
18:21:09 INFO  - Executed action GD.API.Controllers.System.MenuController.SaveRoleMenuAsync (API) in 6799ms
18:21:14 INFO  - Executed action GD.API.Controllers.System.UserController.GetRoleListAsync (API) in 17ms
18:21:15 INFO  - Executed action GD.API.Controllers.System.MenuController.GetMenuTreeAsync (API) in 17ms
18:21:15 INFO  - Executed action GD.API.Controllers.System.MenuController.GetRoleMenuAsync (API) in 14ms
18:21:21 INFO  - Executed action GD.API.Controllers.System.MenuController.SaveRoleMenuAsync (API) in 45ms
18:21:23 INFO  - Executed action GD.API.Controllers.System.UserController.GetRoleListAsync (API) in 19ms
18:21:24 INFO  - Executed action GD.API.Controllers.System.MenuController.GetMenuTreeAsync (API) in 18ms
18:21:25 INFO  - Executed action GD.API.Controllers.System.MenuController.GetRoleMenuAsync (API) in 16ms
18:21:36 INFO  - Executed action GD.API.Controllers.System.MenuController.SaveRoleMenuAsync (API) in 58ms
18:21:38 INFO  - Executed action GD.API.Controllers.System.UserController.GetRoleListAsync (API) in 21ms
18:21:39 INFO  - Executed action GD.API.Controllers.System.MenuController.GetMenuTreeAsync (API) in 15ms
18:21:39 INFO  - Executed action GD.API.Controllers.System.MenuController.GetRoleMenuAsync (API) in 15ms
18:21:56 INFO  - Executed action GD.API.Controllers.System.MenuController.SaveRoleMenuAsync (API) in 46ms
18:22:00 INFO  - Executed action GD.API.Controllers.System.UserController.GetRoleListAsync (API) in 17ms
18:22:01 INFO  - Executed action GD.API.Controllers.System.MenuController.GetMenuTreeAsync (API) in 15ms
18:22:01 INFO  - Executed action GD.API.Controllers.System.MenuController.GetRoleMenuAsync (API) in 16ms
18:22:13 INFO  - Executed action GD.API.Controllers.System.MenuController.GetRoleMenuAsync (API) in 14ms
18:22:21 INFO  - Executed action GD.API.Controllers.System.MenuController.SaveRoleMenuAsync (API) in 265ms
18:22:24 INFO  - Executed action GD.API.Controllers.System.MenuController.GetRoleMenuAsync (API) in 14ms
18:22:27 INFO  - Executed action GD.API.Controllers.System.MenuController.GetRoleMenuAsync (API) in 36ms
18:22:31 INFO  - Executed action GD.API.Controllers.System.MenuController.GetRoleMenuAsync (API) in 15ms
18:22:35 INFO  - Executed action GD.API.Controllers.System.MenuController.SaveRoleMenuAsync (API) in 56ms
18:22:37 INFO  - Executed action GD.API.Controllers.System.MenuController.GetRoleMenuAsync (API) in 15ms
18:22:40 INFO  - Executed action GD.API.Controllers.System.MenuController.GetRoleMenuAsync (API) in 14ms
18:22:43 INFO  - Executed action GD.API.Controllers.System.MenuController.GetRoleMenuAsync (API) in 15ms
18:22:59 INFO  - Executed action GD.API.Controllers.System.MenuController.GetRoleMenuAsync (API) in 15ms
18:25:13 INFO  - Executed action GD.API.Controllers.System.MenuController.GetRoleMenuAsync (API) in 16ms
18:30:58 INFO  - Executed action GD.API.Controllers.System.UserController.GetRoleListAsync (API) in 94ms
18:30:59 INFO  - Executed action GD.API.Controllers.System.MenuController.GetMenuTreeAsync (API) in 24ms
18:30:59 INFO  - Executed action GD.API.Controllers.System.MenuController.GetRoleMenuAsync (API) in 22ms
18:31:25 INFO  - Executed action GD.API.Controllers.System.MenuController.SaveRoleMenuAsync (API) in 108ms
18:31:49 INFO  - Executed action GD.API.Controllers.System.MenuController.SaveRoleMenuAsync (API) in 71ms
18:31:53 INFO  - Executed action GD.API.Controllers.System.UserController.GetRoleListAsync (API) in 30ms
18:31:54 INFO  - Executed action GD.API.Controllers.System.MenuController.GetMenuTreeAsync (API) in 24ms
18:31:54 INFO  - Executed action GD.API.Controllers.System.MenuController.GetRoleMenuAsync (API) in 23ms
18:35:43 INFO  - Executed action GD.API.Controllers.System.UserController.GetRoleListAsync (API) in 26ms
18:35:44 INFO  - Executed action GD.API.Controllers.System.MenuController.GetMenuTreeAsync (API) in 24ms
18:35:44 INFO  - Executed action GD.API.Controllers.System.MenuController.GetRoleMenuAsync (API) in 22ms
18:36:11 INFO  - Executed action GD.API.Controllers.System.MenuController.SaveRoleMenuAsync (API) in 105ms
18:36:49 INFO  - Executed action GD.API.Controllers.System.MenuController.SaveRoleMenuAsync (API) in 59ms
18:36:55 INFO  - Executed action GD.API.Controllers.System.UserController.GetRoleListAsync (API) in 24ms
18:36:57 INFO  - Executed action GD.API.Controllers.System.MenuController.GetMenuTreeAsync (API) in 25ms
18:36:57 INFO  - Executed action GD.API.Controllers.System.MenuController.GetRoleMenuAsync (API) in 23ms
18:38:51 INFO  - Executed action GD.API.Controllers.System.UserController.GetRoleListAsync (API) in 29ms
18:38:53 INFO  - Executed action GD.API.Controllers.System.MenuController.GetMenuTreeAsync (API) in 45ms
18:38:53 INFO  - Executed action GD.API.Controllers.System.MenuController.GetRoleMenuAsync (API) in 22ms
18:39:04 INFO  - Executed action GD.API.Controllers.System.UserController.GetRoleListAsync (API) in 24ms
18:39:05 INFO  - Executed action GD.API.Controllers.System.MenuController.GetMenuTreeAsync (API) in 23ms
18:39:05 INFO  - Executed action GD.API.Controllers.System.MenuController.GetRoleMenuAsync (API) in 22ms
18:40:04 INFO  - Executed action GD.API.Controllers.System.UserController.GetRoleListAsync (API) in 27ms
18:40:06 INFO  - Executed action GD.API.Controllers.System.MenuController.GetMenuTreeAsync (API) in 24ms
18:40:06 INFO  - Executed action GD.API.Controllers.System.MenuController.GetRoleMenuAsync (API) in 22ms
18:40:26 INFO  - Executed action GD.API.Controllers.System.UserController.GetRoleListAsync (API) in 27ms
18:40:27 INFO  - Executed action GD.API.Controllers.System.MenuController.GetMenuTreeAsync (API) in 24ms
18:40:27 INFO  - Executed action GD.API.Controllers.System.MenuController.GetRoleMenuAsync (API) in 22ms
18:46:19 INFO  - Executed action GD.API.Controllers.System.MenuController.SaveRoleMenuAsync (API) in 116ms
18:46:34 INFO  - Executed action GD.API.Controllers.System.UserController.GetRoleListAsync (API) in 17ms
18:46:35 INFO  - Executed action GD.API.Controllers.System.MenuController.GetMenuTreeAsync (API) in 19ms
18:46:35 INFO  - Executed action GD.API.Controllers.System.MenuController.GetRoleMenuAsync (API) in 16ms
18:46:45 INFO  - Executed action GD.API.Controllers.System.UserController.GetRoleListAsync (API) in 18ms
18:46:47 INFO  - Executed action GD.API.Controllers.System.MenuController.GetMenuTreeAsync (API) in 17ms
18:46:47 INFO  - Executed action GD.API.Controllers.System.MenuController.GetRoleMenuAsync (API) in 16ms
18:46:57 INFO  - Executed action GD.API.Controllers.System.UserController.GetRoleListAsync (API) in 21ms
18:46:58 INFO  - Executed action GD.API.Controllers.System.MenuController.GetMenuTreeAsync (API) in 17ms
18:46:58 INFO  - Executed action GD.API.Controllers.System.MenuController.GetRoleMenuAsync (API) in 15ms
18:48:47 INFO  - Executed action GD.API.Controllers.System.UserController.GetRoleListAsync (API) in 19ms
18:48:48 INFO  - Executed action GD.API.Controllers.System.MenuController.GetMenuTreeAsync (API) in 19ms
18:48:48 INFO  - Executed action GD.API.Controllers.System.MenuController.GetRoleMenuAsync (API) in 15ms
18:49:24 INFO  - Executed action GD.API.Controllers.System.MenuController.SaveRoleMenuAsync (API) in 57ms
18:50:10 INFO  - Executed action GD.API.Controllers.System.MenuController.SaveRoleMenuAsync (API) in 39409ms
18:50:10 INFO  - Executed action GD.API.Controllers.System.UserController.GetRoleListAsync (API) in 16ms
18:50:13 INFO  - Executed action GD.API.Controllers.System.MenuController.GetMenuTreeAsync (API) in 17ms
18:50:13 INFO  - Executed action GD.API.Controllers.System.MenuController.GetRoleMenuAsync (API) in 18ms
18:50:39 INFO  - Executed action GD.API.Controllers.System.MenuController.SaveRoleMenuAsync (API) in 1959ms
18:50:42 INFO  - Executed action GD.API.Controllers.System.UserController.GetRoleListAsync (API) in 18ms
18:50:43 INFO  - Executed action GD.API.Controllers.System.MenuController.GetMenuTreeAsync (API) in 17ms
18:50:43 INFO  - Executed action GD.API.Controllers.System.MenuController.GetRoleMenuAsync (API) in 15ms
18:51:36 INFO  - Executed action GD.API.Controllers.System.MenuController.SaveRoleMenuAsync (API) in 2141ms
18:52:39 INFO  - Executed action GD.API.Controllers.System.UserController.GetRoleListAsync (API) in 17ms
18:57:32 INFO  - Executed action GD.API.Controllers.System.MenuController.GetMenuTreeAsync (API) in 126ms
18:57:32 INFO  - Executed action GD.API.Controllers.System.MenuController.GetRoleMenuAsync (API) in 24ms
19:00:42 INFO  - Executed action GD.API.Controllers.System.UserController.GetRoleListAsync (API) in 27ms
19:00:46 INFO  - Executed action GD.API.Controllers.System.MenuController.GetMenuTreeAsync (API) in 25ms
19:00:46 INFO  - Executed action GD.API.Controllers.System.MenuController.GetRoleMenuAsync (API) in 23ms
19:01:18 INFO  - Executed action GD.API.Controllers.System.MenuController.SaveRoleMenuAsync (API) in 1417ms
19:01:25 INFO  - Executed action GD.API.Controllers.System.UserController.GetRoleListAsync (API) in 24ms
19:01:26 INFO  - Executed action GD.API.Controllers.System.MenuController.GetMenuTreeAsync (API) in 24ms
19:01:26 INFO  - Executed action GD.API.Controllers.System.MenuController.GetRoleMenuAsync (API) in 26ms
19:01:43 INFO  - Executed action GD.API.Controllers.System.MenuController.SaveRoleMenuAsync (API) in 99ms
19:01:45 INFO  - Executed action GD.API.Controllers.System.MenuController.GetRoleMenuAsync (API) in 29ms
19:01:49 INFO  - Executed action GD.API.Controllers.System.MenuController.GetRoleMenuAsync (API) in 22ms
19:02:00 INFO  - Executed action GD.API.Controllers.System.MenuController.SaveRoleMenuAsync (API) in 77ms
19:02:02 INFO  - Executed action GD.API.Controllers.System.MenuController.GetRoleMenuAsync (API) in 24ms
19:02:15 INFO  - Executed action GD.API.Controllers.System.MenuController.SaveRoleMenuAsync (API) in 89ms
19:02:16 INFO  - Executed action GD.API.Controllers.System.MenuController.GetRoleMenuAsync (API) in 28ms
19:02:23 INFO  - Executed action GD.API.Controllers.System.MenuController.GetRoleMenuAsync (API) in 23ms
19:02:37 INFO  - Executed action GD.API.Controllers.System.MenuController.SaveRoleMenuAsync (API) in 89ms
19:02:46 INFO  - Executed action GD.API.Controllers.System.UserController.GetRoleListAsync (API) in 27ms
19:02:47 INFO  - Executed action GD.API.Controllers.System.MenuController.GetMenuTreeAsync (API) in 24ms
19:02:47 INFO  - Executed action GD.API.Controllers.System.MenuController.GetRoleMenuAsync (API) in 24ms
19:03:01 INFO  - Executed action GD.API.Controllers.System.MenuController.SaveRoleMenuAsync (API) in 82ms
19:03:06 INFO  - Executed action GD.API.Controllers.System.UserController.GetRoleListAsync (API) in 30ms
19:03:08 INFO  - Executed action GD.API.Controllers.System.MenuController.GetMenuTreeAsync (API) in 26ms
19:03:08 INFO  - Executed action GD.API.Controllers.System.MenuController.GetRoleMenuAsync (API) in 27ms
19:03:20 INFO  - Executed action GD.API.Controllers.System.MenuController.SaveRoleMenuAsync (API) in 83ms
19:03:23 INFO  - Executed action GD.API.Controllers.System.UserController.GetRoleListAsync (API) in 26ms
19:03:24 INFO  - Executed action GD.API.Controllers.System.MenuController.GetMenuTreeAsync (API) in 28ms
19:03:24 INFO  - Executed action GD.API.Controllers.System.MenuController.GetRoleMenuAsync (API) in 23ms
19:03:51 INFO  - Executed action GD.API.Controllers.System.MenuController.SaveRoleMenuAsync (API) in 86ms
19:03:56 INFO  - Executed action GD.API.Controllers.System.UserController.GetRoleListAsync (API) in 28ms
19:03:57 INFO  - Executed action GD.API.Controllers.System.MenuController.GetMenuTreeAsync (API) in 24ms
19:03:57 INFO  - Executed action GD.API.Controllers.System.MenuController.GetRoleMenuAsync (API) in 24ms
19:04:06 INFO  - Executed action GD.API.Controllers.System.MenuController.SaveRoleMenuAsync (API) in 76ms
19:04:13 INFO  - Executed action GD.API.Controllers.System.UserController.GetRoleListAsync (API) in 25ms
19:04:14 INFO  - Executed action GD.API.Controllers.System.MenuController.GetMenuTreeAsync (API) in 24ms
19:04:14 INFO  - Executed action GD.API.Controllers.System.MenuController.GetRoleMenuAsync (API) in 24ms
19:04:25 INFO  - Executed action GD.API.Controllers.System.UserController.GetRoleListAsync (API) in 36ms
19:04:27 INFO  - Executed action GD.API.Controllers.System.MenuController.GetMenuTreeAsync (API) in 26ms
19:04:27 INFO  - Executed action GD.API.Controllers.System.MenuController.GetRoleMenuAsync (API) in 23ms
19:04:40 INFO  - Executed action GD.API.Controllers.System.MenuController.SaveRoleMenuAsync (API) in 84ms
19:04:47 INFO  - Executed action GD.API.Controllers.System.MenuController.GetRoleMenuAsync (API) in 25ms
19:04:51 INFO  - Executed action GD.API.Controllers.System.MenuController.GetRoleMenuAsync (API) in 24ms
