11:09:58 INFO  - Executed action GD.API.Controllers.Merchant.MerchantController.GetMerchantPageAsync (API) in 1602ms
11:11:00 INFO  - Executed action GD.API.Controllers.Merchant.MerchantController.GetMerchantPageAsync (API) in 78ms
11:11:03 INFO  - Executed action GD.API.Controllers.Merchant.MerchantController.GetMerchantPageAsync (API) in 83ms
11:11:07 INFO  - Executed action GD.API.Controllers.Merchant.MerchantController.GetBusinessScopeListAsync (API) in 4519ms
11:11:09 INFO  - Executed action GD.API.Controllers.Merchant.MerchantController.GetMerchantPageAsync (API) in 85ms
11:11:09 INFO  - Executed action GD.API.Controllers.Merchant.MerchantController.GetBusinessScopeListAsync (API) in 92ms
11:13:35 INFO  - Executed action GD.API.Controllers.Utility.CourseController.GetCourseListAsync (API) in 69ms
11:13:49 INFO  - Executed action GD.API.Controllers.Utility.CourseController.GetCourseListAsync (API) in 75ms
11:14:08 INFO  - Executed action GD.API.Controllers.Utility.CourseController.GetCourseListAsync (API) in 68ms
11:15:08 INFO  - Bad request GD.API.Controllers.Utility.HelpController.GetHelpPageAsync (API) with The PlatformType field is required.
11:15:15 INFO  - Executed action GD.API.Controllers.Consumer.AdviseController.GetAdvisePageAsync (API) in 95ms
11:15:15 INFO  - Executed action GD.API.Controllers.Consumer.AdviseController.GetAdvisePageAsync (API) in 105ms
11:15:17 INFO  - Bad request GD.API.Controllers.Utility.HelpController.GetHelpPageAsync (API) with The PlatformType field is required.
11:15:53 INFO  - Executed action GD.API.Controllers.Consumer.AdviseController.GetAdvisePageAsync (API) in 71ms
11:15:55 INFO  - Bad request GD.API.Controllers.Utility.HelpController.GetHelpPageAsync (API) with The PlatformType field is required.
11:15:57 INFO  - Executed action GD.API.Controllers.Consumer.AdviseController.GetAdvisePageAsync (API) in 72ms
11:19:09 INFO  - Bad request GD.API.Controllers.Utility.HelpController.GetHelpPageAsync (API) with The PlatformType field is required.
11:19:13 INFO  - Bad request GD.API.Controllers.Utility.HelpController.GetHelpPageAsync (API) with The PlatformType field is required.
11:21:04 INFO  - Executed action GD.API.Controllers.Utility.HelpController.GetHelpPageAsync (API) in 664ms
11:21:06 INFO  - Executed action GD.API.Controllers.Consumer.AdviseController.GetAdvisePageAsync (API) in 71ms
11:21:09 INFO  - Executed action GD.API.Controllers.Utility.HelpController.GetHelpPageAsync (API) in 62ms
11:22:00 INFO  - Executed action GD.API.Controllers.Utility.HelpController.GetHelpPageAsync (API) in 63ms
11:22:10 INFO  - Executed action GD.API.Controllers.System.DictionaryController.GetDictionaryMatedata (API) in 3536ms
11:22:10 INFO  - Executed action GD.API.Controllers.System.DictionaryController.GetDictionaryTreeAsync (API) in 3630ms
11:22:10 INFO  - Executed action GD.API.Controllers.System.DictionaryController.GetDictionaryTreeAsync (API) in 3673ms
11:22:12 INFO  - Executed action GD.API.Controllers.Utility.HelpController.GetHelpPageAsync (API) in 71ms
11:22:18 INFO  - Executed action GD.API.Controllers.Consumer.AdviseController.GetAdvisePageAsync (API) in 1384ms
11:22:19 INFO  - Executed action GD.API.Controllers.System.DictionaryController.GetDictionaryMatedata (API) in 32ms
11:22:19 INFO  - Executed action GD.API.Controllers.System.DictionaryController.GetDictionaryTreeAsync (API) in 41ms
11:22:19 INFO  - Executed action GD.API.Controllers.System.DictionaryController.GetDictionaryTreeAsync (API) in 52ms
11:22:23 INFO  - Executed action GD.API.Controllers.Manager.RecommendController.GetRecommendPageAsync (API) in 80ms
11:22:29 INFO  - Executed action GD.API.Controllers.System.BannerController.GetBannerType1 (API) in 82ms
11:22:29 INFO  - Executed action GD.API.Controllers.System.BannerController.GetBannerPageAsync (API) in 78ms
11:22:36 INFO  - Executed action GD.API.Controllers.Utility.CourseController.GetCourseListAsync (API) in 94ms
11:22:39 INFO  - Executed action GD.API.Controllers.System.HeadlineController.GetHeadlinePageAsync (API) in 522ms
11:22:46 INFO  - Executed action GD.API.Controllers.Manager.RecommendController.GetRecommendPageAsync (API) in 69ms
11:22:47 INFO  - Executed action GD.API.Controllers.Utility.HelpController.GetHelpPageAsync (API) in 78ms
11:22:49 INFO  - Executed action GD.API.Controllers.Consumer.AdviseController.GetAdvisePageAsync (API) in 530ms
11:23:26 INFO  - Executed action GD.API.Controllers.Utility.HelpController.GetHelpPageAsync (API) in 72ms
11:23:37 INFO  - Executed action GD.API.Controllers.Utility.HelpController.GetHelpPageAsync (API) in 78ms
11:23:45 INFO  - Executed action GD.API.Controllers.Utility.HelpController.GetHelpPageAsync (API) in 91ms
11:25:04 INFO  - Executed action GD.API.Controllers.Utility.HelpController.GetHelpPageAsync (API) in 69ms
11:25:06 INFO  - Executed action GD.API.Controllers.Manager.RecommendController.GetRecommendPageAsync (API) in 88ms
11:25:07 INFO  - Executed action GD.API.Controllers.Utility.CourseController.GetCourseListAsync (API) in 95ms
11:25:09 INFO  - Executed action GD.API.Controllers.System.HeadlineController.GetHeadlinePageAsync (API) in 64ms
11:25:13 INFO  - Executed action GD.API.Controllers.Utility.CourseController.GetCourseListAsync (API) in 92ms
11:25:15 INFO  - Executed action GD.API.Controllers.System.HeadlineController.GetHeadlinePageAsync (API) in 93ms
11:25:28 INFO  - Executed action GD.API.Controllers.System.HeadlineController.GetHeadlinePageAsync (API) in 71ms
11:25:35 INFO  - Executed action GD.API.Controllers.System.HeadlineController.GetHeadlinePageAsync (API) in 79ms
11:26:35 INFO  - Executed action GD.API.Controllers.System.DictionaryController.GetDictionaryTreeAsync (API) in 39ms
11:26:35 INFO  - Executed action GD.API.Controllers.System.DictionaryController.GetDictionaryMatedata (API) in 39ms
11:26:35 INFO  - Executed action GD.API.Controllers.System.DictionaryController.GetDictionaryTreeAsync (API) in 52ms
11:26:55 INFO  - Executed action GD.API.Controllers.System.DictionaryController.GetDictionaryMatedata (API) in 24ms
11:26:55 INFO  - Executed action GD.API.Controllers.System.DictionaryController.GetDictionaryTreeAsync (API) in 36ms
11:26:55 INFO  - Executed action GD.API.Controllers.System.DictionaryController.GetDictionaryTreeAsync (API) in 87ms
11:27:17 INFO  - Executed action GD.API.Controllers.System.DictionaryController.GetDictionaryTreeAsync (API) in 39ms
11:27:17 INFO  - Executed action GD.API.Controllers.System.DictionaryController.GetDictionaryMatedata (API) in 43ms
11:27:17 INFO  - Executed action GD.API.Controllers.System.DictionaryController.GetDictionaryTreeAsync (API) in 50ms
11:28:19 INFO  - Executed action GD.API.Controllers.System.DictionaryController.GetDictionaryTreeAsync (API) in 42ms
11:28:19 INFO  - Executed action GD.API.Controllers.System.DictionaryController.GetDictionaryTreeAsync (API) in 41ms
11:28:19 INFO  - Executed action GD.API.Controllers.System.DictionaryController.GetDictionaryMatedata (API) in 42ms
11:28:42 INFO  - Executed action GD.API.Controllers.System.DictionaryController.GetDictionaryTreeAsync (API) in 34ms
11:28:42 INFO  - Executed action GD.API.Controllers.System.DictionaryController.GetDictionaryTreeAsync (API) in 40ms
11:28:42 INFO  - Executed action GD.API.Controllers.System.DictionaryController.GetDictionaryMatedata (API) in 41ms
11:29:03 INFO  - Executed action GD.API.Controllers.System.DictionaryController.GetDictionaryTreeAsync (API) in 37ms
11:29:03 INFO  - Executed action GD.API.Controllers.System.DictionaryController.GetDictionaryTreeAsync (API) in 39ms
11:29:03 INFO  - Executed action GD.API.Controllers.System.DictionaryController.GetDictionaryMatedata (API) in 41ms
11:29:39 INFO  - Executed action GD.API.Controllers.System.DictionaryController.GetDictionaryMatedata (API) in 28ms
11:29:39 INFO  - Executed action GD.API.Controllers.System.DictionaryController.GetDictionaryTreeAsync (API) in 41ms
11:29:39 INFO  - Executed action GD.API.Controllers.System.DictionaryController.GetDictionaryTreeAsync (API) in 68ms
11:30:43 INFO  - Executed action GD.API.Controllers.System.DictionaryController.GetDictionaryMatedata (API) in 30ms
11:30:43 INFO  - Executed action GD.API.Controllers.System.DictionaryController.GetDictionaryTreeAsync (API) in 38ms
11:30:43 INFO  - Executed action GD.API.Controllers.System.DictionaryController.GetDictionaryTreeAsync (API) in 67ms
11:31:20 INFO  - Executed action GD.API.Controllers.System.DictionaryController.GetDictionaryTreeAsync (API) in 34ms
11:31:20 INFO  - Executed action GD.API.Controllers.System.DictionaryController.GetDictionaryTreeAsync (API) in 38ms
11:31:20 INFO  - Executed action GD.API.Controllers.System.DictionaryController.GetDictionaryMatedata (API) in 42ms
11:32:16 INFO  - Executed action GD.API.Controllers.System.DictionaryController.GetDictionaryTreeAsync (API) in 35ms
11:32:16 INFO  - Executed action GD.API.Controllers.System.DictionaryController.GetDictionaryTreeAsync (API) in 38ms
11:32:16 INFO  - Executed action GD.API.Controllers.System.DictionaryController.GetDictionaryMatedata (API) in 44ms
11:33:10 INFO  - Executed action GD.API.Controllers.System.UserController.GetOrganizationTreeAsync (API) in 36ms
11:33:10 INFO  - Executed action GD.API.Controllers.System.UserController.GetRoleListAsync (API) in 44ms
11:33:10 INFO  - Executed action GD.API.Controllers.System.UserController.GetAccountListAsync (API) in 74ms
11:33:19 INFO  - Executed action GD.API.Controllers.System.UserController.GetOrganizationTreeAsync (API) in 29ms
11:33:19 INFO  - Executed action GD.API.Controllers.System.UserController.GetOrganizationTreeAsync (API) in 40ms
11:34:36 INFO  - Executed action GD.API.Controllers.System.UserController.GetOrganizationTreeAsync (API) in 25ms
11:34:36 INFO  - Executed action GD.API.Controllers.System.UserController.GetOrganizationTreeAsync (API) in 31ms
11:35:47 INFO  - Executed action GD.API.Controllers.System.UserController.GetRoleListAsync (API) in 28ms
11:35:47 INFO  - Executed action GD.API.Controllers.System.UserController.GetOrganizationTreeAsync (API) in 37ms
11:35:47 INFO  - Executed action GD.API.Controllers.System.UserController.GetAccountListAsync (API) in 65ms
11:35:51 INFO  - Executed action GD.API.Controllers.System.UserController.GetRoleListAsync (API) in 29ms
11:39:17 INFO  - Executed action GD.API.Controllers.System.UserController.GetRoleListAsync (API) in 98ms
11:39:31 INFO  - Executed action GD.API.Controllers.System.DictionaryController.GetDictionaryTreeAsync (API) in 39ms
11:39:31 INFO  - Executed action GD.API.Controllers.System.DictionaryController.GetDictionaryTreeAsync (API) in 135ms
11:39:31 INFO  - Executed action GD.API.Controllers.System.DictionaryController.GetDictionaryMatedata (API) in 144ms
11:39:35 INFO  - Executed action GD.API.Controllers.Manager.RecommendController.GetRecommendPageAsync (API) in 82ms
11:41:32 INFO  - Executed action GD.API.Controllers.Manager.RecommendController.GetRecommendPageAsync (API) in 79ms
11:43:24 INFO  - Executed action GD.API.Controllers.Manager.RecommendController.GetRecommendPageAsync (API) in 96ms
11:43:31 INFO  - Executed action GD.API.Controllers.Manager.RecommendController.GetRecommendPageAsync (API) in 84ms
11:43:44 INFO  - Executed action GD.API.Controllers.Manager.RecommendController.GetRecommendPageAsync (API) in 81ms
11:43:55 INFO  - Executed action GD.API.Controllers.Manager.RecommendController.GetRecommendPageAsync (API) in 94ms
11:44:13 INFO  - Executed action GD.API.Controllers.Manager.RecommendController.GetRecommendPageAsync (API) in 80ms
11:48:29 INFO  - Executed action GD.API.Controllers.Manager.RecommendController.GetRecommendPageAsync (API) in 187ms
11:54:35 INFO  - Executed action GD.API.Controllers.Manager.RecommendController.GetRecommendPageAsync (API) in 204ms
11:55:38 INFO  - Executed action GD.API.Controllers.Manager.RecommendController.GetRecommendPageAsync (API) in 103ms
11:55:40 INFO  - Executed action GD.API.Controllers.Utility.CourseController.GetCourseListAsync (API) in 97ms
11:55:46 INFO  - Executed action GD.API.Controllers.Manager.RecommendController.GetRecommendPageAsync (API) in 107ms
12:01:35 INFO  - Executed action GD.Host.Controllers.AccountController.LoginAdmin (PAPI) in 95ms
12:01:35 INFO  - Executed action GD.API.Controllers.Manager.RecommendController.GetRecommendPageAsync (API) in 60ms
12:01:47 INFO  - Executed action GD.API.Controllers.Manager.RecommendController.DisableEnableRecommendAsync (API) in 81ms
12:01:48 INFO  - Executed action GD.API.Controllers.Manager.RecommendController.DisableEnableRecommendAsync (API) in 49ms
12:02:00 INFO  - Executed action GD.API.Controllers.System.BannerController.GetBannerType1 (API) in 45ms
12:02:00 INFO  - Executed action GD.API.Controllers.System.BannerController.GetBannerPageAsync (API) in 170ms
12:02:03 INFO  - Executed action GD.API.Controllers.System.BannerController.GetBannerPageAsync (API) in 67ms
12:02:04 INFO  - Executed action GD.API.Controllers.System.BannerController.GetBannerPageAsync (API) in 71ms
13:44:20 INFO  - Executed action GD.API.Controllers.System.UserController.GetOrganizationTreeAsync (API) in 104ms
13:44:20 INFO  - Executed action GD.API.Controllers.System.UserController.GetOrganizationTreeAsync (API) in 122ms
