09:11:07 INFO  - Executed action GD.Host.Controllers.AccountController.LoginAdmin (PAPI) in 1307ms
09:11:12 INFO  - Executed action GD.API.Controllers.System.HomeController.GetUserQtyAsync (API) in 158ms
09:11:12 INFO  - Executed action GD.API.Controllers.System.HomeController.GetMerchantQtyAsync (API) in 219ms
09:11:12 INFO  - Executed action GD.API.Controllers.System.HomeController.GetDoctorsQtyAsync (API) in 245ms
09:11:12 INFO  - Executed action GD.API.Controllers.System.HomeController.GetOrderQtyAsync (API) in 247ms
09:11:17 INFO  - Executed action GD.API.Controllers.Merchant.MerchantController.GetReviewMerchantPageAsync (API) in 142ms
09:11:20 INFO  - Executed action GD.API.Controllers.Doctor.DoctorController.GetReviewDoctorPageAsync (API) in 95ms
09:12:26 INFO  - Executed action GD.API.Controllers.Doctor.DoctorController.GetDoctorCertificateDetailAsync (API) in 25ms
09:12:31 INFO  - Executed action GD.API.Controllers.Merchant.MerchantController.GetReviewMerchantPageAsync (API) in 77ms
09:12:35 INFO  - Executed action GD.API.Controllers.Doctor.HospitalController.GetHospitalLevel (API) in 1ms
09:12:35 INFO  - Executed action GD.API.Controllers.Doctor.HospitalController.GetHospitalPageAsync (API) in 507ms
09:12:38 INFO  - Executed action GD.API.Controllers.Doctor.HospitalController.GetOfficeListAsync (API) in 27ms
09:12:38 INFO  - Executed action GD.API.Controllers.Doctor.HospitalController.GetOfficeListAsync (API) in 35ms
09:12:47 INFO  - Executed action GD.API.Controllers.System.BannerController.GetBannerType1 (API) in 6966ms
09:12:51 INFO  - Executed action GD.API.Controllers.Manager.RecommendController.GetRecommendPageAsync (API) in 160ms
09:12:54 INFO  - Executed action GD.API.Controllers.Utility.CourseController.GetCourseListAsync (API) in 69ms
09:12:58 INFO  - Executed action GD.API.Controllers.System.HeadlineController.GetHeadlinePageAsync (API) in 91ms
09:13:06 INFO  - Executed action GD.API.Controllers.Merchant.MerchantController.GetBusinessScopeList (API) in 22ms
09:13:06 INFO  - Executed action GD.API.Controllers.Merchant.MerchantController.GetBusinessScopeList (API) in 36ms
09:13:06 INFO  - Executed action GD.API.Controllers.Merchant.MerchantController.GetMerchantPageAsync (API) in 75ms
09:13:07 INFO  - Executed action GD.API.Controllers.Merchant.MerchantController.GetMerchantPageAsync (API) in 281ms
09:13:17 INFO  - Executed action GD.API.Controllers.System.UserController.GetOrganizationTreeAsync (API) in 30ms
09:13:17 INFO  - Executed action GD.API.Controllers.System.UserController.GetRoleListAsync (API) in 45ms
09:13:18 INFO  - Executed action GD.API.Controllers.System.UserController.GetAccountListAsync (API) in 76ms
09:13:19 INFO  - Executed action GD.API.Controllers.System.UserController.GetOrganizationTreeAsync (API) in 23ms
09:13:20 INFO  - Executed action GD.API.Controllers.System.UserController.GetOrganizationTreeAsync (API) in 996ms
09:13:23 INFO  - Executed action GD.API.Controllers.System.UserController.GetRoleListAsync (API) in 521ms
10:26:11 INFO  - Executed action GD.API.Controllers.System.HeadlineController.GetHeadlinePageAsync (API) in 923ms
10:30:33 INFO  - Executed action GD.API.Controllers.System.HeadlineController.GetHeadlinePageAsync (API) in 113ms
10:30:58 INFO  - Executed action GD.API.Controllers.System.HeadlineController.UpdateHeadlineAsync (API) in 283ms
10:31:00 INFO  - Executed action GD.API.Controllers.System.HeadlineController.UpdateHeadlineAsync (API) in 105ms
10:31:00 INFO  - Executed action GD.API.Controllers.System.HeadlineController.UpdateHeadlineAsync (API) in 109ms
10:31:01 INFO  - Executed action GD.API.Controllers.System.HeadlineController.UpdateHeadlineAsync (API) in 112ms
10:31:10 INFO  - Executed action GD.API.Controllers.System.HeadlineController.UpdateHeadlineAsync (API) in 312ms
10:31:16 INFO  - Executed action GD.API.Controllers.System.HeadlineController.UpdateHeadlineAsync (API) in 261ms
10:31:16 INFO  - Executed action GD.API.Controllers.System.HeadlineController.GetHeadlinePageAsync (API) in 57ms
10:31:58 INFO  - Executed action GD.API.Controllers.System.HeadlineController.GetHeadlinePageAsync (API) in 53ms
10:32:40 INFO  - Executed action GD.API.Controllers.System.HeadlineController.UpdateHeadlineAsync (API) in 130ms
10:32:52 INFO  - Executed action GD.API.Controllers.System.HeadlineController.GetHeadlinePageAsync (API) in 55ms
10:32:57 INFO  - Executed action GD.API.Controllers.System.HeadlineController.UpdateHeadlineAsync (API) in 101ms
10:33:08 INFO  - Executed action GD.API.Controllers.System.HeadlineController.GetHeadlinePageAsync (API) in 489ms
10:33:32 INFO  - Executed action GD.API.Controllers.System.HeadlineController.UpdateHeadlineAsync (API) in 513ms
10:33:32 INFO  - Executed action GD.API.Controllers.System.HeadlineController.GetHeadlinePageAsync (API) in 83ms
10:33:41 INFO  - Executed action GD.API.Controllers.System.HeadlineController.GetHeadlinePageAsync (API) in 59ms
10:33:51 INFO  - Executed action GD.API.Controllers.System.HeadlineController.UpdateHeadlineAsync (API) in 49ms
10:33:51 INFO  - Executed action GD.API.Controllers.System.HeadlineController.GetHeadlinePageAsync (API) in 56ms
10:34:03 INFO  - Executed action GD.API.Controllers.System.HeadlineController.GetHeadlinePageAsync (API) in 57ms
10:34:12 INFO  - Executed action GD.API.Controllers.System.HeadlineController.UpdateHeadlineAsync (API) in 45ms
10:34:12 INFO  - Executed action GD.API.Controllers.System.HeadlineController.GetHeadlinePageAsync (API) in 54ms
10:34:19 INFO  - Executed action GD.API.Controllers.System.HeadlineController.GetHeadlinePageAsync (API) in 53ms
10:34:42 INFO  - Executed action GD.API.Controllers.System.HeadlineController.UpdateHeadlineAsync (API) in 46ms
10:34:42 INFO  - Executed action GD.API.Controllers.System.HeadlineController.GetHeadlinePageAsync (API) in 57ms
10:35:21 INFO  - Executed action GD.API.Controllers.System.HeadlineController.GetHeadlinePageAsync (API) in 50ms
10:35:47 INFO  - Executed action GD.API.Controllers.System.HeadlineController.GetHeadlinePageAsync (API) in 59ms
10:35:55 INFO  - Executed action GD.API.Controllers.Doctor.HospitalController.GetHospitalLevel (API) in 0ms
10:35:55 INFO  - Executed action GD.API.Controllers.Doctor.HospitalController.GetHospitalPageAsync (API) in 56ms
10:37:00 INFO  - Executed action GD.API.Controllers.Doctor.HospitalController.GetHospitalAllSelectAsync (API) in 28ms
10:37:00 INFO  - Executed action GD.API.Controllers.Doctor.HospitalController.GetHospitalAllSelectAsync (API) in 21ms
10:37:00 INFO  - Executed action GD.API.Controllers.Doctor.DoctorController.GetDoctorJobTitles (API) in 170ms
10:37:00 INFO  - Executed action GD.API.Controllers.Doctor.DoctorController.GetDoctorPageAsync (API) in 200ms
10:37:10 INFO  - Executed action GD.API.Controllers.Merchant.MerchantController.GetReviewMerchantPageAsync (API) in 69ms
10:37:11 INFO  - Executed action GD.API.Controllers.Doctor.DoctorController.GetReviewDoctorPageAsync (API) in 86ms
10:37:15 INFO  - Executed action GD.API.Controllers.Doctor.DoctorController.GetDoctorCertificateDetailAsync (API) in 20ms
10:41:30 INFO  - Executed action GD.API.Controllers.Doctor.DoctorController.GetReviewDoctorPageAsync (API) in 128ms
10:41:40 INFO  - Executed action GD.API.Controllers.Doctor.DoctorController.GetDoctorPageAsync (API) in 68ms
10:41:40 INFO  - Executed action GD.API.Controllers.Doctor.HospitalController.GetHospitalAllSelectAsync (API) in 83ms
10:41:40 INFO  - Executed action GD.API.Controllers.Doctor.HospitalController.GetHospitalAllSelectAsync (API) in 26ms
10:41:40 INFO  - Executed action GD.API.Controllers.Doctor.DoctorController.GetDoctorJobTitles (API) in 173ms
10:41:46 INFO  - Executed action GD.API.Controllers.Doctor.DoctorController.GetReviewDoctorPageAsync (API) in 72ms
10:42:19 INFO  - Executed action GD.API.Controllers.Doctor.HospitalController.GetHospitalAllSelectAsync (API) in 27ms
10:42:19 INFO  - Executed action GD.API.Controllers.Doctor.DoctorController.GetDoctorPageAsync (API) in 61ms
10:42:19 INFO  - Executed action GD.API.Controllers.Doctor.HospitalController.GetHospitalAllSelectAsync (API) in 28ms
10:42:19 INFO  - Executed action GD.API.Controllers.Doctor.DoctorController.GetDoctorJobTitles (API) in 61ms
10:42:21 INFO  - Executed action GD.API.Controllers.Doctor.DoctorController.GetDoctorCertificateDetailAsync (API) in 21ms
10:42:22 INFO  - Executed action GD.API.Controllers.Doctor.DoctorController.GetDoctorInfoAsync (API) in 334ms
10:45:12 INFO  - Executed action GD.API.Controllers.Doctor.HospitalController.GetHospitalAllSelectAsync (API) in 23ms
10:45:13 INFO  - Executed action GD.API.Controllers.Doctor.HospitalController.GetHospitalAllSelectAsync (API) in 30ms
10:45:13 INFO  - Executed action GD.API.Controllers.Doctor.DoctorController.GetDoctorJobTitles (API) in 64ms
10:45:13 INFO  - Executed action GD.API.Controllers.Doctor.DoctorController.GetDoctorPageAsync (API) in 68ms
10:45:17 INFO  - Executed action GD.API.Controllers.Doctor.DoctorController.GetReviewDoctorPageAsync (API) in 69ms
10:45:46 INFO  - Executed action GD.API.Controllers.Doctor.DoctorController.GetReviewDoctorPageAsync (API) in 71ms
10:46:24 INFO  - Executed action GD.API.Controllers.Doctor.DoctorController.GetReviewDoctorPageAsync (API) in 279ms
10:51:02 INFO  - Executed action GD.API.Controllers.Doctor.DoctorController.GetReviewDoctorPageAsync (API) in 633ms
10:52:37 INFO  - Executed action GD.API.Controllers.System.BannerController.GetBannerType1 (API) in 12548ms
15:10:38 INFO  - Executed action GD.API.Controllers.Doctor.DoctorController.GetDoctorPageAsync (API) in 588ms
15:10:38 INFO  - Executed action GD.API.Controllers.Doctor.HospitalController.GetHospitalAllSelectAsync (API) in 718ms
15:10:38 INFO  - Executed action GD.API.Controllers.Doctor.HospitalController.GetHospitalAllSelectAsync (API) in 33ms
15:10:42 INFO  - Executed action GD.API.Controllers.Doctor.DoctorController.GetDoctorJobTitles (API) in 4827ms
15:11:10 INFO  - Executed action GD.API.Controllers.Merchant.MerchantController.GetBusinessScopeList (API) in 35ms
15:11:10 INFO  - Executed action GD.API.Controllers.Merchant.MerchantController.GetMerchantPageAsync (API) in 94ms
15:11:13 INFO  - Executed action GD.API.Controllers.Merchant.MerchantController.GetBusinessScopeList (API) in 34ms
15:11:13 INFO  - Executed action GD.API.Controllers.Merchant.MerchantController.GetMerchantPageAsync (API) in 91ms
15:11:16 INFO  - Executed action GD.API.Controllers.Doctor.HospitalController.GetHospitalAllSelectAsync (API) in 37ms
15:11:16 INFO  - Executed action GD.API.Controllers.Doctor.DoctorController.GetDoctorJobTitles (API) in 93ms
15:11:16 INFO  - Executed action GD.API.Controllers.Doctor.HospitalController.GetHospitalAllSelectAsync (API) in 26ms
15:11:16 INFO  - Executed action GD.API.Controllers.Doctor.DoctorController.GetDoctorPageAsync (API) in 106ms
15:11:18 INFO  - Executed action GD.API.Controllers.Merchant.MerchantController.GetBusinessScopeList (API) in 26ms
15:11:18 INFO  - Executed action GD.API.Controllers.Merchant.MerchantController.GetMerchantPageAsync (API) in 98ms
15:11:20 INFO  - Executed action GD.API.Controllers.Doctor.HospitalController.GetHospitalAllSelectAsync (API) in 36ms
15:11:20 INFO  - Executed action GD.API.Controllers.Doctor.DoctorController.GetDoctorPageAsync (API) in 73ms
15:11:20 INFO  - Executed action GD.API.Controllers.Doctor.HospitalController.GetHospitalAllSelectAsync (API) in 34ms
15:11:20 INFO  - Executed action GD.API.Controllers.Doctor.DoctorController.GetDoctorJobTitles (API) in 99ms
15:11:21 INFO  - Executed action GD.API.Controllers.Merchant.MerchantController.GetBusinessScopeList (API) in 33ms
15:11:22 INFO  - Executed action GD.API.Controllers.Merchant.MerchantController.GetMerchantPageAsync (API) in 97ms
15:11:27 INFO  - Executed action GD.API.Controllers.Merchant.MerchantController.GetMerchantOrderDetailPageAsync (API) in 90ms
15:11:42 INFO  - Executed action GD.API.Controllers.Mall.MemberController.GetMemberPageAsync (API) in 91ms
15:11:46 INFO  - Executed action GD.API.Controllers.Merchant.MerchantController.GetReviewMerchantPageAsync (API) in 100ms
15:11:48 INFO  - Executed action GD.API.Controllers.Doctor.DoctorController.GetReviewDoctorPageAsync (API) in 84ms
15:11:53 INFO  - Executed action GD.API.Controllers.Merchant.MerchantController.GetBusinessScopeList (API) in 27ms
15:11:53 INFO  - Executed action GD.API.Controllers.Merchant.MerchantController.GetMerchantPageAsync (API) in 93ms
15:11:55 INFO  - Executed action GD.API.Controllers.Merchant.MerchantController.GetMerchantOrderDetailPageAsync (API) in 87ms
15:12:03 INFO  - Executed action GD.API.Controllers.Merchant.MerchantController.GetUserShopCountAsync (API) in 65ms
15:12:03 INFO  - Executed action GD.API.Controllers.Mall.MemberController.GetMemberOrderPageAsync (API) in 81ms
15:12:03 INFO  - Executed action GD.API.Controllers.Mall.MemberController.GetOrderDetailPageAsync (API) in 93ms
15:12:03 INFO  - Executed action GD.API.Controllers.Mall.MemberController.GetOrderInfoAsync (API) in 220ms
15:13:42 INFO  - Executed action GD.API.Controllers.System.BannerController.GetBannerType1 (API) in 64ms
15:17:53 INFO  - Executed action GD.API.Controllers.Merchant.MerchantController.GetReviewMerchantPageAsync (API) in 172ms
15:17:55 INFO  - Executed action GD.API.Controllers.Doctor.DoctorController.GetReviewDoctorPageAsync (API) in 91ms
15:18:16 INFO  - Executed action GD.API.Controllers.System.BannerController.GetBannerType1 (API) in 68ms
15:19:29 INFO  - Executed action GD.API.Controllers.Mall.MemberController.GetMemberPageAsync (API) in 90ms
15:19:31 INFO  - Executed action GD.API.Controllers.Mall.MemberController.GetMemberInfoAsync (API) in 550ms
15:19:31 INFO  - Executed action GD.API.Controllers.Mall.MemberController.GetMemberOrderPageAsync (API) in 88ms
15:19:34 INFO  - Executed action GD.API.Controllers.Merchant.MerchantController.GetBusinessScopeList (API) in 32ms
15:19:34 INFO  - Executed action GD.API.Controllers.Merchant.MerchantController.GetMerchantPageAsync (API) in 134ms
15:19:36 INFO  - Executed action GD.API.Controllers.Merchant.MerchantController.GetMerchantOrderDetailPageAsync (API) in 77ms
15:19:40 INFO  - Executed action GD.API.Controllers.System.BannerController.GetBannerType1 (API) in 55ms
15:20:08 INFO  - Executed action GD.API.Controllers.System.BannerController.GetBannerType1 (API) in 59ms
15:20:14 INFO  - Executed action GD.API.Controllers.System.BannerController.GetBannerType1 (API) in 60ms
15:23:02 INFO  - Executed action GD.API.Controllers.System.BannerController.GetBannerType1 (API) in 3506ms
15:23:20 INFO  - Executed action GD.API.Controllers.System.DictionaryController.GetDictionaryMatedata (API) in 28ms
15:23:20 INFO  - Executed action GD.API.Controllers.System.DictionaryController.GetDictionaryTreeAsync (API) in 99ms
15:23:20 INFO  - Executed action GD.API.Controllers.System.DictionaryController.GetDictionaryTreeAsync (API) in 139ms
15:23:22 INFO  - Executed action GD.API.Controllers.System.BannerController.GetBannerType1 (API) in 50ms
15:23:41 INFO  - Executed action GD.API.Controllers.System.BannerController.GetBannerType1 (API) in 64ms
15:23:45 INFO  - Executed action GD.API.Controllers.System.BannerController.GetBannerPageAsync (API) in 109ms
15:23:46 INFO  - Executed action GD.API.Controllers.System.BannerController.GetBannerPageAsync (API) in 60ms
15:23:46 INFO  - Executed action GD.API.Controllers.System.BannerController.GetBannerPageAsync (API) in 80ms
15:26:54 INFO  - Executed action GD.API.Controllers.System.BannerController.GetBannerType1 (API) in 4400ms
15:27:10 INFO  - Executed action GD.API.Controllers.System.BannerController.GetBannerPageAsync (API) in 10763ms
15:27:47 INFO  - Executed action GD.API.Controllers.System.BannerController.GetBannerPageAsync (API) in 34163ms
15:28:04 INFO  - Executed action GD.API.Controllers.System.BannerController.GetBannerType1 (API) in 4163ms
15:28:04 INFO  - Executed action GD.API.Controllers.System.BannerController.GetBannerPageAsync (API) in 4257ms
15:28:09 INFO  - Executed action GD.API.Controllers.System.BannerController.GetBannerPageAsync (API) in 90ms
15:29:25 INFO  - Executed action GD.API.Controllers.System.BannerController.AddBannerAsync (API) in 65ms
15:29:25 INFO  - Executed action GD.API.Controllers.System.BannerController.GetBannerPageAsync (API) in 88ms
15:29:44 INFO  - Executed action GD.API.Controllers.System.HomeController.GetOrderQtyAsync (API) in 34ms
15:29:44 INFO  - Executed action GD.API.Controllers.System.HomeController.GetUserQtyAsync (API) in 46ms
15:29:44 INFO  - Executed action GD.API.Controllers.System.HomeController.GetDoctorsQtyAsync (API) in 89ms
15:29:44 INFO  - Executed action GD.API.Controllers.System.HomeController.GetMerchantQtyAsync (API) in 143ms
15:29:46 INFO  - Executed action GD.API.Controllers.System.BannerController.GetBannerPageAsync (API) in 62ms
15:29:47 INFO  - Executed action GD.API.Controllers.System.BannerController.GetBannerType1 (API) in 74ms
15:29:49 INFO  - Executed action GD.API.Controllers.System.BannerController.GetBannerPageAsync (API) in 95ms
15:29:50 INFO  - Executed action GD.API.Controllers.System.BannerController.GetBannerPageAsync (API) in 84ms
15:30:22 INFO  - Executed action GD.API.Controllers.System.BannerController.AddBannerAsync (API) in 33ms
15:30:22 INFO  - Executed action GD.API.Controllers.System.BannerController.GetBannerPageAsync (API) in 74ms
15:30:27 INFO  - Executed action GD.API.Controllers.System.BannerController.GetBannerPageAsync (API) in 80ms
15:30:28 INFO  - Executed action GD.API.Controllers.System.BannerController.GetBannerPageAsync (API) in 72ms
15:30:31 INFO  - Executed action GD.API.Controllers.System.BannerController.GetBannerPageAsync (API) in 87ms
15:30:33 INFO  - Executed action GD.API.Controllers.System.BannerController.GetBannerType1 (API) in 62ms
15:30:33 INFO  - Executed action GD.API.Controllers.System.BannerController.GetBannerPageAsync (API) in 90ms
15:30:59 INFO  - Executed action GD.API.Controllers.System.BannerController.GetBannerPageAsync (API) in 81ms
15:31:05 INFO  - Executed action GD.API.Controllers.System.BannerController.GetBannerPageAsync (API) in 86ms
15:31:51 INFO  - Executed action GD.API.Controllers.System.BannerController.GetBannerType1 (API) in 73ms
15:31:51 INFO  - Executed action GD.API.Controllers.System.BannerController.GetBannerPageAsync (API) in 80ms
15:32:48 INFO  - Executed action GD.API.Controllers.System.BannerController.GetBannerPageAsync (API) in 89ms
15:32:49 INFO  - Executed action GD.API.Controllers.System.BannerController.GetBannerPageAsync (API) in 89ms
15:32:51 INFO  - Executed action GD.API.Controllers.System.BannerController.GetBannerPageAsync (API) in 86ms
15:32:52 INFO  - Executed action GD.API.Controllers.System.BannerController.GetBannerPageAsync (API) in 87ms
15:32:53 INFO  - Executed action GD.API.Controllers.System.BannerController.GetBannerPageAsync (API) in 84ms
15:32:54 INFO  - Executed action GD.API.Controllers.System.BannerController.GetBannerPageAsync (API) in 86ms
15:32:55 INFO  - Executed action GD.API.Controllers.System.BannerController.GetBannerPageAsync (API) in 85ms
15:32:57 INFO  - Executed action GD.API.Controllers.System.BannerController.GetBannerPageAsync (API) in 91ms
15:32:59 INFO  - Executed action GD.API.Controllers.System.BannerController.GetBannerPageAsync (API) in 85ms
15:34:53 INFO  - Executed action GD.API.Controllers.Manager.RecommendController.GetRecommendPageAsync (API) in 96ms
15:34:55 INFO  - Executed action GD.API.Controllers.Utility.CourseController.GetCourseListAsync (API) in 89ms
15:34:57 INFO  - Executed action GD.API.Controllers.System.HeadlineController.GetHeadlinePageAsync (API) in 94ms
15:35:01 INFO  - Executed action GD.API.Controllers.System.DictionaryController.GetDictionaryTreeAsync (API) in 35ms
15:35:01 INFO  - Executed action GD.API.Controllers.System.DictionaryController.GetDictionaryTreeAsync (API) in 33ms
15:35:01 INFO  - Executed action GD.API.Controllers.System.DictionaryController.GetDictionaryMatedata (API) in 37ms
15:35:17 INFO  - Executed action GD.API.Controllers.System.UserController.GetOrganizationTreeAsync (API) in 41ms
15:35:17 INFO  - Executed action GD.API.Controllers.System.UserController.GetOrganizationTreeAsync (API) in 41ms
15:35:19 INFO  - Executed action GD.API.Controllers.System.UserController.GetOrganizationTreeAsync (API) in 30ms
15:35:19 INFO  - Executed action GD.API.Controllers.System.UserController.GetRoleListAsync (API) in 27ms
15:35:19 INFO  - Executed action GD.API.Controllers.System.UserController.GetAccountListAsync (API) in 106ms
15:35:20 INFO  - Executed action GD.API.Controllers.System.UserController.GetOrganizationTreeAsync (API) in 25ms
15:35:20 INFO  - Executed action GD.API.Controllers.System.UserController.GetOrganizationTreeAsync (API) in 31ms
15:35:24 INFO  - Executed action GD.API.Controllers.System.UserController.GetRoleListAsync (API) in 35ms
15:35:27 INFO  - Executed action GD.API.Controllers.Utility.HelpController.GetHelpPageAsync (API) in 75ms
15:35:27 INFO  - Executed action GD.API.Controllers.Utility.HelpController.GetHelpPageAsync (API) in 101ms
15:35:30 INFO  - Executed action GD.API.Controllers.Consumer.AdviseController.GetAdvisePageAsync (API) in 77ms
15:35:30 INFO  - Executed action GD.API.Controllers.Consumer.AdviseController.GetAdvisePageAsync (API) in 103ms
15:35:31 INFO  - Executed action GD.API.Controllers.System.DictionaryController.GetDictionaryTreeAsync (API) in 25ms
15:35:31 INFO  - Executed action GD.API.Controllers.System.DictionaryController.GetDictionaryMatedata (API) in 32ms
15:35:31 INFO  - Executed action GD.API.Controllers.System.DictionaryController.GetDictionaryTreeAsync (API) in 37ms
15:35:39 INFO  - Executed action GD.API.Controllers.System.BannerController.GetBannerPageAsync (API) in 68ms
15:35:39 INFO  - Executed action GD.API.Controllers.System.BannerController.GetBannerType1 (API) in 76ms
15:35:43 INFO  - Executed action GD.API.Controllers.System.BannerController.GetBannerPageAsync (API) in 81ms
15:36:25 INFO  - Executed action GD.API.Controllers.System.BannerController.AddBannerAsync (API) in 32ms
15:36:25 INFO  - Executed action GD.API.Controllers.System.BannerController.GetBannerPageAsync (API) in 79ms
15:36:30 INFO  - Executed action GD.API.Controllers.System.BannerController.GetBannerPageAsync (API) in 70ms
15:36:30 INFO  - Executed action GD.API.Controllers.System.BannerController.GetBannerType1 (API) in 71ms
16:12:55 INFO  - Executed action GD.Host.Controllers.AccountController.LoginAdmin (PAPI) in 225ms
16:12:55 INFO  - Executed action GD.API.Controllers.System.HomeController.GetMerchantQtyAsync (API) in 28ms
16:12:55 INFO  - Executed action GD.API.Controllers.System.HomeController.GetDoctorsQtyAsync (API) in 99ms
16:12:55 INFO  - Executed action GD.API.Controllers.System.HomeController.GetOrderQtyAsync (API) in 100ms
16:12:55 INFO  - Executed action GD.API.Controllers.System.HomeController.GetUserQtyAsync (API) in 109ms
16:13:18 INFO  - Executed action GD.API.Controllers.Merchant.MerchantController.GetReviewMerchantPageAsync (API) in 86ms
16:31:01 INFO  - Executed action GD.Host.Controllers.AccountController.LoginAdmin (PAPI) in 120ms
16:31:01 INFO  - Executed action GD.API.Controllers.System.HomeController.GetUserQtyAsync (API) in 31ms
16:31:01 INFO  - Executed action GD.API.Controllers.System.HomeController.GetMerchantQtyAsync (API) in 82ms
16:31:01 INFO  - Executed action GD.API.Controllers.System.HomeController.GetDoctorsQtyAsync (API) in 106ms
16:31:01 INFO  - Executed action GD.API.Controllers.System.HomeController.GetOrderQtyAsync (API) in 126ms
16:31:25 INFO  - Executed action GD.API.Controllers.Merchant.MerchantController.GetBusinessScopeList (API) in 28ms
16:31:26 INFO  - Executed action GD.API.Controllers.Merchant.MerchantController.GetMerchantPageAsync (API) in 93ms
16:31:27 INFO  - Executed action GD.API.Controllers.Doctor.HospitalController.GetHospitalAllSelectAsync (API) in 32ms
16:31:27 INFO  - Executed action GD.API.Controllers.Doctor.DoctorController.GetDoctorJobTitles (API) in 80ms
16:31:27 INFO  - Executed action GD.API.Controllers.Doctor.HospitalController.GetHospitalAllSelectAsync (API) in 31ms
16:31:27 INFO  - Executed action GD.API.Controllers.Doctor.DoctorController.GetDoctorPageAsync (API) in 85ms
16:31:28 INFO  - Executed action GD.API.Controllers.Merchant.MerchantController.GetBusinessScopeList (API) in 30ms
16:31:28 INFO  - Executed action GD.API.Controllers.Merchant.MerchantController.GetMerchantPageAsync (API) in 78ms
16:31:30 INFO  - Executed action GD.API.Controllers.Doctor.HospitalController.GetHospitalAllSelectAsync (API) in 27ms
16:31:31 INFO  - Executed action GD.API.Controllers.Doctor.HospitalController.GetHospitalAllSelectAsync (API) in 30ms
16:31:31 INFO  - Executed action GD.API.Controllers.Doctor.DoctorController.GetDoctorPageAsync (API) in 77ms
16:31:31 INFO  - Executed action GD.API.Controllers.Doctor.DoctorController.GetDoctorJobTitles (API) in 77ms
16:31:32 INFO  - Executed action GD.API.Controllers.Mall.MemberController.GetMemberPageAsync (API) in 86ms
16:31:35 INFO  - Executed action GD.API.Controllers.System.BannerController.GetBannerType1 (API) in 58ms
16:31:35 INFO  - Executed action GD.API.Controllers.System.BannerController.GetBannerPageAsync (API) in 75ms
16:35:50 INFO  - Executed action GD.Host.Controllers.AccountController.LoginAdmin (PAPI) in 37ms
16:35:50 INFO  - Executed action GD.API.Controllers.System.HomeController.GetMerchantQtyAsync (API) in 20ms
16:35:50 INFO  - Executed action GD.API.Controllers.System.HomeController.GetOrderQtyAsync (API) in 28ms
16:35:50 INFO  - Executed action GD.API.Controllers.System.HomeController.GetDoctorsQtyAsync (API) in 34ms
16:35:50 INFO  - Executed action GD.API.Controllers.System.HomeController.GetUserQtyAsync (API) in 35ms
