15:44:14 INFO  - Executed action GD.Host.Controllers.AccountController.LoginAdmin (PAPI) in 770ms
15:44:15 INFO  - Executed action GD.API.Controllers.System.HomeController.GetUserQtyAsync (API) in 165ms
15:44:15 INFO  - Executed action GD.API.Controllers.System.HomeController.GetMerchantQtyAsync (API) in 215ms
15:44:15 INFO  - Executed action GD.API.Controllers.System.HomeController.GetOrderQtyAsync (API) in 235ms
15:44:15 INFO  - Executed action GD.API.Controllers.System.HomeController.GetDoctorsQtyAsync (API) in 265ms
15:44:19 INFO  - Executed action GD.API.Controllers.Merchant.MerchantController.GetMerchantPageAsync (API) in 145ms
15:44:21 INFO  - Executed action GD.API.Controllers.Doctor.HospitalController.GetHospitalAllSelectAsync (API) in 39ms
15:44:22 INFO  - Executed action GD.API.Controllers.Doctor.HospitalController.GetHospitalAllSelectAsync (API) in 24ms
15:44:22 INFO  - Executed action GD.API.Controllers.Doctor.DoctorController.GetDoctorPageAsync (API) in 96ms
15:44:23 INFO  - Executed action GD.API.Controllers.Merchant.MerchantController.GetBusinessScopeListAsync (API) in 3760ms
15:44:23 INFO  - Executed action GD.API.Controllers.Doctor.DoctorController.GetDoctorJobTitlesAsync (API) in 1209ms
15:44:39 INFO  - Executed action GD.API.Controllers.Doctor.DoctorController.GetDoctorCertificateDetailAsync (API) in 40ms
15:44:40 INFO  - Executed action GD.API.Controllers.Doctor.DoctorController.GetDoctorInfoAsync (API) in 128ms
15:44:40 INFO  - Executed action GD.API.Controllers.Doctor.HospitalController.GetHospitalOfficeSelectAsync (API) in 31ms
15:44:53 INFO  - Executed action GD.API.Controllers.Mall.MemberController.GetMemberPageAsync (API) in 94ms
15:45:37 INFO  - Executed action GD.API.Controllers.Utility.ExecuteSqlController.QueryAsync (API) in 124ms
16:12:51 INFO  - Executed action GD.API.Controllers.Utility.ExecuteSqlController.QueryAsync (API) in 25315ms
16:13:28 INFO  - Executed action GD.API.Controllers.Utility.ExecuteSqlController.QueryAsync (API) in 2893ms
16:13:38 INFO  - Executed action GD.API.Controllers.Utility.ExecuteSqlController.QueryAsync (API) in 91ms
16:13:49 INFO  - Executed action GD.API.Controllers.Utility.ExecuteSqlController.QueryAsync (API) in 170ms
16:13:56 INFO  - Executed action GD.API.Controllers.Utility.ExecuteSqlController.QueryAsync (API) in 103ms
16:13:57 INFO  - Executed action GD.API.Controllers.Utility.ExecuteSqlController.QueryAsync (API) in 114ms
16:14:29 INFO  - Executed action GD.API.Controllers.Utility.ExecuteSqlController.QueryAsync (API) in 656ms
16:14:31 INFO  - Executed action GD.API.Controllers.Utility.ExecuteSqlController.QueryAsync (API) in 76ms
16:14:33 INFO  - Executed action GD.API.Controllers.Utility.ExecuteSqlController.QueryAsync (API) in 79ms
16:14:35 INFO  - Executed action GD.API.Controllers.Utility.ExecuteSqlController.QueryAsync (API) in 70ms
16:14:36 INFO  - Executed action GD.API.Controllers.Utility.ExecuteSqlController.QueryAsync (API) in 71ms
16:14:38 INFO  - Executed action GD.API.Controllers.Utility.ExecuteSqlController.QueryAsync (API) in 73ms
16:15:43 INFO  - Executed action GD.API.Controllers.Utility.ExecuteSqlController.QueryAsync (API) in 4859ms
16:15:48 INFO  - Executed action GD.API.Controllers.Utility.ExecuteSqlController.QueryAsync (API) in 120ms
16:15:49 INFO  - Executed action GD.API.Controllers.Utility.ExecuteSqlController.QueryAsync (API) in 81ms
16:15:50 INFO  - Executed action GD.API.Controllers.Utility.ExecuteSqlController.QueryAsync (API) in 77ms
16:15:52 INFO  - Executed action GD.API.Controllers.Utility.ExecuteSqlController.QueryAsync (API) in 73ms
16:15:53 INFO  - Executed action GD.API.Controllers.Utility.ExecuteSqlController.QueryAsync (API) in 73ms
16:15:54 INFO  - Executed action GD.API.Controllers.Utility.ExecuteSqlController.QueryAsync (API) in 74ms
16:15:55 INFO  - Executed action GD.API.Controllers.Utility.ExecuteSqlController.QueryAsync (API) in 81ms
16:16:01 INFO  - Executed action GD.API.Controllers.Utility.ExecuteSqlController.QueryAsync (API) in 4987ms
16:20:55 INFO  - Executed action GD.API.Controllers.Utility.ExecuteSqlController.QueryAsync (API) in 265ms
16:21:20 INFO  - Executed action GD.API.Controllers.Utility.ExecuteSqlController.QueryAsync (API) in 161ms
16:22:04 INFO  - Executed action GD.API.Controllers.Utility.ExecuteSqlController.QueryAsync (API) in 132ms
16:25:06 INFO  - Executed action GD.API.Controllers.Utility.ExecuteSqlController.QueryAsync (API) in 133ms
16:25:30 INFO  - Executed action GD.API.Controllers.Utility.ExecuteSqlController.QueryAsync (API) in 130ms
16:27:52 INFO  - Executed action GD.API.Controllers.Utility.ExecuteSqlController.QueryAsync (API) in 101ms
16:56:53 INFO  - Executed action GD.API.Controllers.Utility.ExecuteSqlController.QueryAsync (API) in 11971ms
16:57:45 INFO  - Executed action GD.API.Controllers.Utility.ExecuteSqlController.QueryAsync (API) in 6319ms
17:03:57 INFO  - Executed action GD.API.Controllers.Utility.ExecuteSqlController.QueryAsync (API) in 14828ms
17:05:13 INFO  - Executed action GD.API.Controllers.Utility.ExecuteSqlController.QueryAsync (API) in 2654ms
17:06:12 INFO  - Executed action GD.API.Controllers.Utility.ExecuteSqlController.QueryAsync (API) in 3477ms
17:06:27 INFO  - Executed action GD.API.Controllers.Utility.ExecuteSqlController.QueryAsync (API) in 0ms
17:06:28 INFO  - Executed action GD.API.Controllers.Utility.ExecuteSqlController.QueryAsync (API) in 0ms
17:06:29 INFO  - Executed action GD.API.Controllers.Utility.ExecuteSqlController.QueryAsync (API) in 0ms
17:06:33 INFO  - Executed action GD.API.Controllers.Utility.ExecuteSqlController.QueryAsync (API) in 1ms
17:06:35 INFO  - Executed action GD.API.Controllers.Utility.ExecuteSqlController.QueryAsync (API) in 0ms
17:06:43 INFO  - Executed action GD.API.Controllers.Utility.ExecuteSqlController.QueryAsync (API) in 0ms
17:06:47 INFO  - Executed action GD.API.Controllers.Utility.ExecuteSqlController.QueryAsync (API) in 0ms
17:06:49 INFO  - Executed action GD.API.Controllers.Utility.ExecuteSqlController.QueryAsync (API) in 0ms
17:06:55 INFO  - Executed action GD.API.Controllers.Utility.ExecuteSqlController.QueryAsync (API) in 0ms
17:24:38 INFO  - Executed action GD.API.Controllers.Utility.ExecuteSqlController.QueryAsync (API) in 0ms
17:24:51 INFO  - Executed action GD.API.Controllers.Utility.ExecuteSqlController.QueryAsync (API) in 0ms
17:24:56 INFO  - Executed action GD.API.Controllers.Utility.ExecuteSqlController.QueryAsync (API) in 442ms
17:25:26 INFO  - Executed action GD.API.Controllers.Utility.ExecuteSqlController.QueryAsync (API) in 59ms
17:26:46 INFO  - Executed action GD.API.Controllers.Merchant.MerchantController.GetMerchantPageAsync (API) in 286ms
17:26:48 INFO  - Executed action GD.API.Controllers.Doctor.HospitalController.GetHospitalAllSelectAsync (API) in 36ms
17:26:48 INFO  - Executed action GD.API.Controllers.Doctor.HospitalController.GetHospitalAllSelectAsync (API) in 23ms
17:26:48 INFO  - Executed action GD.API.Controllers.Doctor.DoctorController.GetDoctorPageAsync (API) in 167ms
17:26:49 INFO  - Executed action GD.API.Controllers.Mall.MemberController.GetMemberPageAsync (API) in 93ms
17:26:51 INFO  - Executed action GD.API.Controllers.Doctor.DoctorController.GetDoctorJobTitlesAsync (API) in 3076ms
17:26:51 INFO  - Executed action GD.API.Controllers.Merchant.MerchantController.GetBusinessScopeListAsync (API) in 4924ms
17:26:53 INFO  - Bad request GD.API.Controllers.Utility.ExecuteSqlController.QueryAsync (API) with sql必填
17:26:54 INFO  - Bad request GD.API.Controllers.Utility.ExecuteSqlController.QueryAsync (API) with sql必填
17:27:08 INFO  - Executed action GD.API.Controllers.Utility.ExecuteSqlController.QueryAsync (API) in 98ms
17:28:34 INFO  - Executed action GD.API.Controllers.Utility.ExecuteSqlController.QueryAsync (API) in 89ms
