16:14:08 INFO  - Executed action GD.API.Controllers.System.UserController.GetLoginUserInfoAsync (API) in 1393ms
16:14:09 INFO  - Executed action GD.API.Controllers.System.HomeController.GetOrderQtyAsync (API) in 32ms
16:14:09 INFO  - Executed action GD.API.Controllers.System.HomeController.GetUserQtyAsync (API) in 76ms
16:14:09 INFO  - Executed action GD.API.Controllers.System.HomeController.GetDoctorsQtyAsync (API) in 111ms
16:14:09 INFO  - Executed action GD.API.Controllers.System.HomeController.GetMerchantQtyAsync (API) in 111ms
16:14:25 INFO  - Executed action GD.API.Controllers.Mall.MemberController.GetMemberPageAsync (API) in 76ms
16:15:51 INFO  - Executed action GD.API.Controllers.Utility.ArticleController.GetArticleListAsync (API) in 19634ms
16:15:55 INFO  - Executed action GD.API.Controllers.Utility.ArticleController.GetArticleTypeAsync (API) in 23400ms
16:22:13 INFO  - Executed action GD.API.Controllers.Utility.ArticleController.GetArticleListAsync (API) in 75212ms
16:24:39 INFO  - Executed action GD.API.Controllers.Utility.ArticleController.GetArticleListAsync (API) in 3531ms
16:25:15 INFO  - Executed action GD.API.Controllers.Utility.ArticleController.GetArticleListAsync (API) in 6940ms
16:25:19 INFO  - Executed action GD.API.Controllers.Utility.ArticleController.GetArticleListAsync (API) in 49ms
16:25:23 INFO  - Executed action GD.API.Controllers.Utility.ArticleController.GetArticleListAsync (API) in 56ms
16:25:27 INFO  - Executed action GD.API.Controllers.Utility.ArticleController.GetArticleListAsync (API) in 53ms
16:25:29 INFO  - Executed action GD.API.Controllers.Utility.ArticleController.GetArticleListAsync (API) in 48ms
16:28:12 INFO  - Executed action GD.API.Controllers.System.UserController.GetLoginUserInfoAsync (API) in 1202ms
16:28:12 INFO  - Executed action GD.API.Controllers.Utility.ArticleController.GetArticleListAsync (API) in 142ms
16:28:14 INFO  - Executed action GD.API.Controllers.Utility.ArticleController.GetArticleListAsync (API) in 82ms
16:28:15 INFO  - Executed action GD.API.Controllers.Utility.ArticleController.GetArticleListAsync (API) in 83ms
16:28:15 INFO  - Executed action GD.API.Controllers.Utility.ArticleController.GetArticleTypeAsync (API) in 2629ms
16:28:15 INFO  - Executed action GD.API.Controllers.Utility.ArticleController.GetArticleListAsync (API) in 76ms
16:28:21 INFO  - Executed action GD.API.Controllers.Utility.ArticleController.GetArticleListAsync (API) in 78ms
16:31:18 INFO  - Executed action GD.API.Controllers.Utility.ArticleController.GetArticleTypeAsync (API) in 29ms
16:31:18 INFO  - Executed action GD.API.Controllers.Utility.ArticleController.GetArticleListAsync (API) in 85ms
16:32:22 INFO  - Executed action GD.API.Controllers.Utility.ArticleController.GetArticleTypeAsync (API) in 31ms
16:32:22 INFO  - Executed action GD.API.Controllers.Utility.ArticleController.GetArticleListAsync (API) in 85ms
16:32:50 INFO  - Executed action GD.API.Controllers.System.UserController.GetLoginUserInfoAsync (API) in 189ms
16:32:50 INFO  - Executed action GD.API.Controllers.Utility.ArticleController.GetArticleTypeAsync (API) in 31ms
16:32:50 INFO  - Executed action GD.API.Controllers.Utility.ArticleController.GetArticleListAsync (API) in 79ms
16:32:55 INFO  - Executed action GD.API.Controllers.Utility.ArticleController.GetArticleTypeAsync (API) in 24ms
16:32:55 INFO  - Executed action GD.API.Controllers.Utility.ArticleController.GetArticleListAsync (API) in 79ms
16:33:18 INFO  - Executed action GD.API.Controllers.Utility.ArticleController.GetArticleTypeAsync (API) in 23ms
16:33:18 INFO  - Executed action GD.API.Controllers.Utility.ArticleController.GetArticleListAsync (API) in 79ms
16:33:19 INFO  - Executed action GD.API.Controllers.Utility.ArticleController.GetArticleTypeAsync (API) in 23ms
16:33:19 INFO  - Executed action GD.API.Controllers.Utility.ArticleController.GetArticleListAsync (API) in 77ms
16:33:44 INFO  - Executed action GD.API.Controllers.Utility.ArticleController.GetArticleTypeAsync (API) in 24ms
16:33:44 INFO  - Executed action GD.API.Controllers.Utility.ArticleController.GetArticleListAsync (API) in 80ms
16:33:47 INFO  - Executed action GD.API.Controllers.System.UserController.GetLoginUserInfoAsync (API) in 181ms
16:33:47 INFO  - Executed action GD.API.Controllers.Utility.ArticleController.GetArticleTypeAsync (API) in 24ms
16:33:47 INFO  - Executed action GD.API.Controllers.Utility.ArticleController.GetArticleListAsync (API) in 84ms
16:34:00 INFO  - Executed action GD.API.Controllers.System.UserController.GetLoginUserInfoAsync (API) in 191ms
16:34:00 INFO  - Executed action GD.API.Controllers.Utility.ArticleController.GetArticleTypeAsync (API) in 26ms
16:34:00 INFO  - Executed action GD.API.Controllers.Utility.ArticleController.GetArticleListAsync (API) in 78ms
16:34:02 INFO  - Executed action GD.API.Controllers.Utility.ArticleController.GetArticleListAsync (API) in 75ms
16:48:48 INFO  - Executed action GD.API.Controllers.System.UserController.GetLoginUserInfoAsync (API) in 197ms
16:48:48 INFO  - Executed action GD.API.Controllers.Utility.ArticleController.GetArticleTypeAsync (API) in 67ms
16:48:48 INFO  - Executed action GD.API.Controllers.Utility.ArticleController.GetArticleListAsync (API) in 71ms
16:49:05 INFO  - Executed action GD.API.Controllers.Utility.ArticleController.GetArticleTypeAsync (API) in 16ms
16:49:05 INFO  - Executed action GD.API.Controllers.Utility.ArticleController.GetArticleListAsync (API) in 57ms
16:49:17 INFO  - Executed action GD.API.Controllers.Utility.ArticleController.GetArticleTypeAsync (API) in 16ms
16:49:17 INFO  - Executed action GD.API.Controllers.Utility.ArticleController.GetArticleListAsync (API) in 54ms
16:49:37 INFO  - Executed action GD.API.Controllers.Utility.ArticleController.GetArticleTypeAsync (API) in 20ms
16:49:37 INFO  - Executed action GD.API.Controllers.Utility.ArticleController.GetArticleListAsync (API) in 59ms
16:49:54 INFO  - Executed action GD.API.Controllers.Utility.ArticleController.GetArticleTypeAsync (API) in 16ms
16:49:55 INFO  - Executed action GD.API.Controllers.Utility.ArticleController.GetArticleListAsync (API) in 63ms
16:50:00 INFO  - Executed action GD.API.Controllers.Utility.ArticleController.GetArticleListAsync (API) in 58ms
16:50:15 INFO  - Executed action GD.API.Controllers.Utility.ArticleController.GetArticleListAsync (API) in 84ms
16:51:20 INFO  - Executed action GD.API.Controllers.System.UserController.GetLoginUserInfoAsync (API) in 182ms
16:51:20 INFO  - Executed action GD.API.Controllers.Utility.ArticleController.GetArticleTypeAsync (API) in 22ms
16:51:20 INFO  - Executed action GD.API.Controllers.Utility.ArticleController.GetArticleListAsync (API) in 57ms
16:51:44 INFO  - Executed action GD.API.Controllers.System.UserController.GetLoginUserInfoAsync (API) in 139ms
16:51:44 INFO  - Executed action GD.API.Controllers.Utility.ArticleController.GetArticleTypeAsync (API) in 17ms
16:51:44 INFO  - Executed action GD.API.Controllers.Utility.ArticleController.GetArticleListAsync (API) in 55ms
16:52:07 INFO  - Bad request GD.API.Controllers.Utility.ArticleController.AddArticleAsync (API) with 文章类型必填
16:54:14 INFO  - Executed action GD.API.Controllers.System.UserController.GetLoginUserInfoAsync (API) in 1295ms
16:54:15 INFO  - Executed action GD.API.Controllers.Utility.ArticleController.GetArticleListAsync (API) in 116ms
16:54:17 INFO  - Executed action GD.API.Controllers.Utility.ArticleController.GetArticleTypeAsync (API) in 2756ms
16:57:24 INFO  - Executed action GD.API.Controllers.System.UserController.GetLoginUserInfoAsync (API) in 260ms
16:57:25 INFO  - Executed action GD.API.Controllers.Utility.ArticleController.GetArticleTypeAsync (API) in 25ms
16:57:25 INFO  - Executed action GD.API.Controllers.Utility.ArticleController.GetArticleListAsync (API) in 125ms
16:58:00 INFO  - Executed action GD.API.Controllers.Utility.ArticleController.AddArticleAsync (API) in 235ms
17:00:49 INFO  - Executed action GD.API.Controllers.Utility.ArticleController.GetArticleListAsync (API) in 593ms
17:00:52 INFO  - Executed action GD.API.Controllers.Utility.ArticleController.GetArticleTypeAsync (API) in 4179ms
17:00:55 INFO  - Executed action GD.API.Controllers.Utility.ArticleController.GetArticleTypeAsync (API) in 29ms
17:00:55 INFO  - Executed action GD.API.Controllers.Utility.ArticleController.GetArticleListAsync (API) in 83ms
17:02:41 INFO  - Executed action GD.API.Controllers.Utility.ArticleController.AddArticleAsync (API) in 3398ms
17:02:41 INFO  - Executed action GD.API.Controllers.Utility.ArticleController.GetArticleListAsync (API) in 140ms
17:05:03 INFO  - Executed action GD.API.Controllers.Utility.ArticleController.GetArticleListAsync (API) in 84ms
17:05:06 INFO  - Executed action GD.API.Controllers.Utility.ArticleController.GetArticleTypeAsync (API) in 3177ms
17:05:18 INFO  - Executed action GD.API.Controllers.Utility.ArticleController.GetArticleInfoAsync (API) in 92ms
17:05:27 INFO  - Executed action GD.API.Controllers.System.UserController.GetLoginUserInfoAsync (API) in 468ms
17:05:27 INFO  - Executed action GD.API.Controllers.Utility.ArticleController.GetArticleTypeAsync (API) in 20ms
17:05:27 INFO  - Executed action GD.API.Controllers.Utility.ArticleController.GetArticleListAsync (API) in 63ms
17:05:29 INFO  - Executed action GD.API.Controllers.Utility.ArticleController.GetArticleInfoAsync (API) in 64ms
17:05:32 INFO  - Bad request GD.API.Controllers.Utility.ArticleController.DisableEnableArticleAsync (API) with The Guid field is required.
17:05:49 INFO  - Executed action GD.API.Controllers.Utility.ArticleController.GetArticleTypeAsync (API) in 34ms
17:05:49 INFO  - Executed action GD.API.Controllers.Utility.ArticleController.GetArticleListAsync (API) in 81ms
17:05:51 INFO  - Executed action GD.API.Controllers.Utility.ArticleController.GetArticleTypeAsync (API) in 34ms
17:05:51 INFO  - Executed action GD.API.Controllers.Utility.ArticleController.GetArticleListAsync (API) in 77ms
17:05:59 INFO  - Executed action GD.API.Controllers.System.UserController.GetLoginUserInfoAsync (API) in 427ms
17:05:59 INFO  - Executed action GD.API.Controllers.Utility.ArticleController.GetArticleTypeAsync (API) in 64ms
17:05:59 INFO  - Executed action GD.API.Controllers.Utility.ArticleController.GetArticleListAsync (API) in 189ms
17:06:01 INFO  - Executed action GD.API.Controllers.Utility.ArticleController.DisableEnableArticleAsync (API) in 166ms
17:06:01 INFO  - Executed action GD.API.Controllers.Utility.ArticleController.GetArticleListAsync (API) in 121ms
17:09:22 INFO  - Executed action GD.API.Controllers.System.UserController.GetLoginUserInfoAsync (API) in 1277ms
17:09:23 INFO  - Executed action GD.API.Controllers.Utility.ArticleController.GetArticleListAsync (API) in 145ms
17:09:26 INFO  - Executed action GD.API.Controllers.Utility.ArticleController.GetArticleTypeAsync (API) in 3812ms
17:09:30 INFO  - Executed action GD.API.Controllers.Utility.ArticleController.DisableEnableArticleAsync (API) in 89ms
17:09:30 INFO  - Executed action GD.API.Controllers.Utility.ArticleController.GetArticleListAsync (API) in 92ms
17:10:08 INFO  - Executed action GD.API.Controllers.Utility.ArticleController.GetArticleListAsync (API) in 685ms
17:10:12 INFO  - Executed action GD.API.Controllers.Utility.ArticleController.DisableEnableArticleAsync (API) in 200ms
17:10:12 INFO  - Executed action GD.API.Controllers.Utility.ArticleController.GetArticleListAsync (API) in 57ms
17:10:13 INFO  - Executed action GD.API.Controllers.Utility.ArticleController.DisableEnableArticleAsync (API) in 33ms
17:10:13 INFO  - Executed action GD.API.Controllers.Utility.ArticleController.GetArticleListAsync (API) in 56ms
17:10:15 INFO  - Executed action GD.API.Controllers.Utility.ArticleController.GetArticleInfoAsync (API) in 55ms
17:14:46 INFO  - Executed action GD.API.Controllers.System.UserController.GetLoginUserInfoAsync (API) in 1223ms
17:14:47 INFO  - Executed action GD.API.Controllers.Utility.ArticleController.GetArticleListAsync (API) in 128ms
17:14:50 INFO  - Executed action GD.API.Controllers.Utility.ArticleController.GetArticleInfoAsync (API) in 84ms
17:14:50 INFO  - Executed action GD.API.Controllers.Utility.ArticleController.GetArticleTypeAsync (API) in 3546ms
17:14:53 INFO  - Executed action GD.API.Controllers.Utility.ArticleController.UpdateArticleAsync (API) in 142ms
17:14:53 INFO  - Executed action GD.API.Controllers.Utility.ArticleController.GetArticleListAsync (API) in 74ms
17:14:56 INFO  - Executed action GD.API.Controllers.Utility.ArticleController.GetArticleInfoAsync (API) in 73ms
17:15:01 INFO  - Executed action GD.API.Controllers.Utility.ArticleController.UpdateArticleAsync (API) in 109ms
17:15:02 INFO  - Executed action GD.API.Controllers.Utility.ArticleController.GetArticleListAsync (API) in 77ms
17:15:03 INFO  - Executed action GD.API.Controllers.Utility.ArticleController.GetArticleInfoAsync (API) in 73ms
17:15:50 INFO  - Executed action GD.API.Controllers.Utility.ArticleController.AddArticleAsync (API) in 1767ms
17:15:50 INFO  - Executed action GD.API.Controllers.Utility.ArticleController.GetArticleListAsync (API) in 75ms
17:23:33 INFO  - Executed action GD.API.Controllers.System.UserController.GetLoginUserInfoAsync (API) in 1300ms
17:23:34 INFO  - Executed action GD.API.Controllers.Utility.ArticleController.GetArticleListAsync (API) in 120ms
17:23:37 INFO  - Executed action GD.API.Controllers.Utility.ArticleController.GetArticleTypeAsync (API) in 3307ms
17:23:38 INFO  - Executed action GD.API.Controllers.Utility.ArticleController.DisableEnableArticleAsync (API) in 79ms
17:23:38 INFO  - Executed action GD.API.Controllers.Utility.ArticleController.GetArticleListAsync (API) in 73ms
17:23:39 INFO  - Executed action GD.API.Controllers.Utility.ArticleController.DisableEnableArticleAsync (API) in 50ms
17:23:39 INFO  - Executed action GD.API.Controllers.Utility.ArticleController.GetArticleListAsync (API) in 74ms
17:24:40 INFO  - Executed action GD.API.Controllers.System.UserController.GetLoginUserInfoAsync (API) in 172ms
17:24:41 INFO  - Executed action GD.API.Controllers.Utility.ArticleController.GetArticleTypeAsync (API) in 75ms
17:24:41 INFO  - Executed action GD.API.Controllers.Utility.ArticleController.GetArticleListAsync (API) in 76ms
17:24:46 INFO  - Executed action GD.API.Controllers.System.UserController.GetLoginUserInfoAsync (API) in 141ms
17:24:46 INFO  - Executed action GD.API.Controllers.Utility.ArticleController.GetArticleTypeAsync (API) in 22ms
17:24:46 INFO  - Executed action GD.API.Controllers.Utility.ArticleController.GetArticleListAsync (API) in 62ms
17:24:49 INFO  - Bad request GD.API.Controllers.Utility.ArticleController.DeleteArticleAsync (API) with The Guid field is required.
17:25:25 INFO  - Executed action GD.API.Controllers.Utility.ArticleController.GetArticleTypeAsync (API) in 17ms
17:25:25 INFO  - Executed action GD.API.Controllers.Utility.ArticleController.GetArticleListAsync (API) in 66ms
17:25:31 INFO  - Executed action GD.API.Controllers.System.UserController.GetLoginUserInfoAsync (API) in 153ms
17:25:31 INFO  - Executed action GD.API.Controllers.Utility.ArticleController.GetArticleTypeAsync (API) in 23ms
17:25:31 INFO  - Executed action GD.API.Controllers.Utility.ArticleController.GetArticleListAsync (API) in 69ms
17:25:38 INFO  - Executed action GD.API.Controllers.Utility.ArticleController.DeleteArticleAsync (API) in 4048ms
17:25:38 INFO  - Executed action GD.API.Controllers.Utility.ArticleController.GetArticleListAsync (API) in 70ms
17:26:16 INFO  - Executed action GD.API.Controllers.System.UserController.GetLoginUserInfoAsync (API) in 155ms
17:26:16 INFO  - Executed action GD.API.Controllers.Utility.ArticleController.GetArticleTypeAsync (API) in 22ms
17:26:17 INFO  - Executed action GD.API.Controllers.Utility.ArticleController.GetArticleListAsync (API) in 66ms
17:26:39 INFO  - Executed action GD.API.Controllers.System.UserController.GetLoginUserInfoAsync (API) in 174ms
17:26:40 INFO  - Executed action GD.API.Controllers.Utility.ArticleController.GetArticleTypeAsync (API) in 24ms
17:26:40 INFO  - Executed action GD.API.Controllers.Utility.ArticleController.GetArticleListAsync (API) in 76ms
17:26:58 INFO  - Executed action GD.API.Controllers.System.UserController.GetLoginUserInfoAsync (API) in 152ms
17:26:58 INFO  - Executed action GD.API.Controllers.Utility.ArticleController.GetArticleTypeAsync (API) in 27ms
17:26:58 INFO  - Executed action GD.API.Controllers.Utility.ArticleController.GetArticleListAsync (API) in 75ms
17:27:08 INFO  - Executed action GD.API.Controllers.Utility.ArticleController.GetArticleTypeAsync (API) in 23ms
17:27:08 INFO  - Executed action GD.API.Controllers.Utility.ArticleController.GetArticleListAsync (API) in 69ms
17:27:12 INFO  - Executed action GD.API.Controllers.System.UserController.GetLoginUserInfoAsync (API) in 238ms
17:27:12 INFO  - Executed action GD.API.Controllers.Utility.ArticleController.GetArticleTypeAsync (API) in 21ms
17:27:12 INFO  - Executed action GD.API.Controllers.Utility.ArticleController.GetArticleListAsync (API) in 68ms
17:27:29 INFO  - Executed action GD.API.Controllers.Utility.ArticleController.AddArticleAsync (API) in 2916ms
17:27:29 INFO  - Executed action GD.API.Controllers.Utility.ArticleController.GetArticleListAsync (API) in 70ms
17:27:34 INFO  - Executed action GD.API.Controllers.Utility.ArticleController.GetArticleInfoAsync (API) in 67ms
17:27:40 INFO  - Executed action GD.API.Controllers.Utility.ArticleController.UpdateArticleAsync (API) in 105ms
17:27:40 INFO  - Executed action GD.API.Controllers.Utility.ArticleController.GetArticleListAsync (API) in 73ms
17:27:44 INFO  - Executed action GD.API.Controllers.Utility.ArticleController.DeleteArticleAsync (API) in 77ms
17:27:44 INFO  - Executed action GD.API.Controllers.Utility.ArticleController.GetArticleListAsync (API) in 72ms
17:27:51 INFO  - Executed action GD.API.Controllers.Utility.ArticleController.GetArticleInfoAsync (API) in 60ms
17:30:18 INFO  - Executed action GD.API.Controllers.Utility.ArticleController.GetArticleTypeAsync (API) in 26ms
17:30:19 INFO  - Executed action GD.API.Controllers.Utility.ArticleController.GetArticleListAsync (API) in 70ms
17:30:24 INFO  - Executed action GD.API.Controllers.System.UserController.GetLoginUserInfoAsync (API) in 154ms
17:30:24 INFO  - Executed action GD.API.Controllers.Utility.ArticleController.GetArticleTypeAsync (API) in 26ms
17:30:24 INFO  - Executed action GD.API.Controllers.Utility.ArticleController.GetArticleListAsync (API) in 73ms
17:30:36 INFO  - Executed action GD.API.Controllers.System.UserController.GetLoginUserInfoAsync (API) in 182ms
17:30:36 INFO  - Executed action GD.API.Controllers.Utility.ArticleController.GetArticleTypeAsync (API) in 23ms
17:30:36 INFO  - Executed action GD.API.Controllers.Utility.ArticleController.GetArticleListAsync (API) in 72ms
17:30:39 INFO  - Executed action GD.API.Controllers.Utility.ArticleController.GetArticleInfoAsync (API) in 60ms
17:37:34 INFO  - Executed action GD.API.Controllers.System.UserController.GetLoginUserInfoAsync (API) in 245ms
17:37:34 INFO  - Executed action GD.API.Controllers.Utility.ArticleController.GetArticleTypeAsync (API) in 21ms
17:37:34 INFO  - Executed action GD.API.Controllers.Utility.ArticleController.GetArticleListAsync (API) in 70ms
17:38:03 INFO  - Executed action GD.API.Controllers.System.UserController.GetLoginUserInfoAsync (API) in 158ms
17:38:03 INFO  - Executed action GD.API.Controllers.Utility.ArticleController.GetArticleTypeAsync (API) in 23ms
17:38:04 INFO  - Executed action GD.API.Controllers.Utility.ArticleController.GetArticleListAsync (API) in 70ms
17:38:24 INFO  - Executed action GD.API.Controllers.Utility.ArticleController.GetArticleTypeAsync (API) in 23ms
17:38:24 INFO  - Executed action GD.API.Controllers.Utility.ArticleController.GetArticleListAsync (API) in 81ms
17:38:28 INFO  - Executed action GD.API.Controllers.Utility.ArticleController.GetArticleTypeAsync (API) in 24ms
17:38:28 INFO  - Executed action GD.API.Controllers.Utility.ArticleController.GetArticleListAsync (API) in 70ms
17:38:33 INFO  - Executed action GD.API.Controllers.Utility.ArticleController.GetArticleTypeAsync (API) in 24ms
17:38:33 INFO  - Executed action GD.API.Controllers.Utility.ArticleController.GetArticleListAsync (API) in 74ms
17:38:38 INFO  - Executed action GD.API.Controllers.Utility.ArticleController.GetArticleTypeAsync (API) in 24ms
17:38:38 INFO  - Executed action GD.API.Controllers.Utility.ArticleController.GetArticleListAsync (API) in 71ms
17:38:44 INFO  - Executed action GD.API.Controllers.Utility.ArticleController.GetArticleTypeAsync (API) in 22ms
17:38:44 INFO  - Executed action GD.API.Controllers.Utility.ArticleController.GetArticleListAsync (API) in 80ms
17:38:47 INFO  - Executed action GD.API.Controllers.System.UserController.GetLoginUserInfoAsync (API) in 205ms
17:38:47 INFO  - Executed action GD.API.Controllers.Utility.ArticleController.GetArticleTypeAsync (API) in 25ms
17:38:47 INFO  - Executed action GD.API.Controllers.Utility.ArticleController.GetArticleListAsync (API) in 72ms
17:39:23 INFO  - Executed action GD.API.Controllers.System.UserController.GetLoginUserInfoAsync (API) in 184ms
17:39:24 INFO  - Executed action GD.API.Controllers.Utility.ArticleController.GetArticleTypeAsync (API) in 22ms
17:39:24 INFO  - Executed action GD.API.Controllers.Utility.ArticleController.GetArticleListAsync (API) in 74ms
17:39:28 INFO  - Executed action GD.API.Controllers.Utility.ArticleController.GetArticleListAsync (API) in 75ms
17:39:34 INFO  - Executed action GD.API.Controllers.Utility.ArticleController.GetArticleListAsync (API) in 69ms
17:40:36 INFO  - Executed action GD.API.Controllers.System.UserController.GetLoginUserInfoAsync (API) in 158ms
17:40:37 INFO  - Executed action GD.API.Controllers.Utility.ArticleController.GetArticleTypeAsync (API) in 22ms
17:40:37 INFO  - Executed action GD.API.Controllers.Utility.ArticleController.GetArticleListAsync (API) in 71ms
17:40:40 INFO  - Executed action GD.API.Controllers.Utility.ArticleController.GetArticleTypeAsync (API) in 22ms
17:40:40 INFO  - Executed action GD.API.Controllers.Utility.ArticleController.GetArticleListAsync (API) in 70ms
17:40:42 INFO  - Executed action GD.API.Controllers.Utility.ArticleController.GetArticleTypeAsync (API) in 21ms
17:40:42 INFO  - Executed action GD.API.Controllers.Utility.ArticleController.GetArticleListAsync (API) in 72ms
17:40:50 INFO  - Executed action GD.API.Controllers.Utility.ArticleController.GetArticleTypeAsync (API) in 21ms
17:40:52 INFO  - Executed action GD.API.Controllers.Utility.ArticleController.GetArticleTypeAsync (API) in 20ms
17:40:52 INFO  - Executed action GD.API.Controllers.Utility.ArticleController.GetArticleListAsync (API) in 70ms
17:40:56 INFO  - Executed action GD.API.Controllers.Utility.ArticleController.GetArticleTypeAsync (API) in 22ms
17:40:56 INFO  - Executed action GD.API.Controllers.Utility.ArticleController.GetArticleListAsync (API) in 72ms
17:41:02 INFO  - Executed action GD.API.Controllers.Utility.ArticleController.GetArticleTypeAsync (API) in 22ms
17:41:02 INFO  - Executed action GD.API.Controllers.Utility.ArticleController.GetArticleListAsync (API) in 69ms
17:41:09 INFO  - Executed action GD.API.Controllers.System.UserController.GetLoginUserInfoAsync (API) in 156ms
17:41:09 INFO  - Executed action GD.API.Controllers.Utility.ArticleController.GetArticleTypeAsync (API) in 21ms
17:41:09 INFO  - Executed action GD.API.Controllers.Utility.ArticleController.GetArticleListAsync (API) in 70ms
17:41:45 INFO  - Executed action GD.API.Controllers.System.UserController.GetLoginUserInfoAsync (API) in 157ms
17:41:45 INFO  - Executed action GD.API.Controllers.Utility.ArticleController.GetArticleTypeAsync (API) in 24ms
17:41:45 INFO  - Executed action GD.API.Controllers.Utility.ArticleController.GetArticleListAsync (API) in 73ms
17:41:49 INFO  - Executed action GD.API.Controllers.Utility.ArticleController.GetArticleTypeAsync (API) in 22ms
17:41:49 INFO  - Executed action GD.API.Controllers.Utility.ArticleController.GetArticleListAsync (API) in 70ms
17:41:51 INFO  - Executed action GD.API.Controllers.Utility.ArticleController.GetArticleListAsync (API) in 74ms
17:41:52 INFO  - Executed action GD.API.Controllers.Utility.ArticleController.GetArticleListAsync (API) in 74ms
17:41:53 INFO  - Executed action GD.API.Controllers.Utility.ArticleController.GetArticleListAsync (API) in 73ms
17:41:53 INFO  - Executed action GD.API.Controllers.Utility.ArticleController.GetArticleListAsync (API) in 71ms
17:41:53 INFO  - Executed action GD.API.Controllers.Utility.ArticleController.GetArticleListAsync (API) in 81ms
17:41:53 INFO  - Executed action GD.API.Controllers.Utility.ArticleController.GetArticleListAsync (API) in 75ms
17:41:54 INFO  - Executed action GD.API.Controllers.Utility.ArticleController.GetArticleListAsync (API) in 73ms
17:43:27 INFO  - Executed action GD.API.Controllers.System.UserController.GetLoginUserInfoAsync (API) in 176ms
17:43:28 INFO  - Executed action GD.API.Controllers.Utility.ArticleController.GetArticleTypeAsync (API) in 21ms
17:43:28 INFO  - Executed action GD.API.Controllers.Utility.ArticleController.GetArticleListAsync (API) in 76ms
17:43:41 INFO  - Executed action GD.API.Controllers.System.UserController.GetLoginUserInfoAsync (API) in 160ms
17:43:42 INFO  - Executed action GD.API.Controllers.Utility.ArticleController.GetArticleTypeAsync (API) in 21ms
17:43:42 INFO  - Executed action GD.API.Controllers.Utility.ArticleController.GetArticleListAsync (API) in 73ms
17:44:15 INFO  - Executed action GD.API.Controllers.System.UserController.GetLoginUserInfoAsync (API) in 185ms
17:44:15 INFO  - Executed action GD.API.Controllers.Utility.ArticleController.GetArticleTypeAsync (API) in 23ms
17:44:16 INFO  - Executed action GD.API.Controllers.Utility.ArticleController.GetArticleListAsync (API) in 69ms
17:44:22 INFO  - Executed action GD.API.Controllers.Utility.ArticleController.GetArticleTypeAsync (API) in 21ms
17:44:22 INFO  - Executed action GD.API.Controllers.Utility.ArticleController.GetArticleListAsync (API) in 75ms
17:44:38 INFO  - Executed action GD.API.Controllers.Utility.ArticleController.GetArticleTypeAsync (API) in 22ms
17:44:38 INFO  - Executed action GD.API.Controllers.Utility.ArticleController.GetArticleListAsync (API) in 73ms
17:45:04 INFO  - Executed action GD.API.Controllers.System.UserController.GetLoginUserInfoAsync (API) in 170ms
17:45:05 INFO  - Executed action GD.API.Controllers.Utility.ArticleController.GetArticleTypeAsync (API) in 27ms
17:45:05 INFO  - Executed action GD.API.Controllers.Utility.ArticleController.GetArticleListAsync (API) in 76ms
17:45:17 INFO  - Executed action GD.API.Controllers.Utility.ArticleController.GetArticleListAsync (API) in 78ms
17:45:20 INFO  - Executed action GD.API.Controllers.Utility.ArticleController.GetArticleListAsync (API) in 80ms
17:45:22 INFO  - Executed action GD.API.Controllers.Utility.ArticleController.GetArticleListAsync (API) in 75ms
17:45:33 INFO  - Executed action GD.API.Controllers.Utility.ArticleController.GetArticleInfoAsync (API) in 84ms
17:45:39 INFO  - Executed action GD.API.Controllers.Utility.ArticleController.GetArticleInfoAsync (API) in 68ms
17:45:43 INFO  - Executed action GD.API.Controllers.Utility.ArticleController.GetArticleListAsync (API) in 74ms
17:45:44 INFO  - Executed action GD.API.Controllers.Utility.ArticleController.GetArticleInfoAsync (API) in 65ms
17:45:56 INFO  - Executed action GD.API.Controllers.Utility.ArticleController.GetArticleListAsync (API) in 105ms
17:45:58 INFO  - Executed action GD.API.Controllers.Utility.ArticleController.GetArticleListAsync (API) in 78ms
17:46:00 INFO  - Executed action GD.API.Controllers.Utility.ArticleController.GetArticleListAsync (API) in 83ms
17:46:01 INFO  - Executed action GD.API.Controllers.Utility.ArticleController.GetArticleListAsync (API) in 102ms
17:48:31 INFO  - Executed action GD.API.Controllers.System.UserController.GetLoginUserInfoAsync (API) in 175ms
17:48:31 INFO  - Executed action GD.API.Controllers.Utility.ArticleController.GetArticleTypeAsync (API) in 22ms
17:48:31 INFO  - Executed action GD.API.Controllers.Utility.ArticleController.GetArticleListAsync (API) in 77ms
17:48:54 INFO  - Executed action GD.API.Controllers.Utility.ArticleController.DeleteArticleAsync (API) in 75ms
17:48:55 INFO  - Executed action GD.API.Controllers.Utility.ArticleController.GetArticleListAsync (API) in 71ms
17:49:01 INFO  - Executed action GD.API.Controllers.Utility.ArticleController.GetArticleInfoAsync (API) in 65ms
17:49:32 INFO  - Executed action GD.API.Controllers.Utility.ArticleController.GetArticleTypeAsync (API) in 23ms
17:49:32 INFO  - Executed action GD.API.Controllers.Utility.ArticleController.GetArticleListAsync (API) in 72ms
17:49:36 INFO  - Executed action GD.API.Controllers.Utility.ArticleController.GetArticleListAsync (API) in 74ms
17:49:38 INFO  - Executed action GD.API.Controllers.Utility.ArticleController.GetArticleListAsync (API) in 70ms
17:49:40 INFO  - Executed action GD.API.Controllers.Utility.ArticleController.GetArticleListAsync (API) in 70ms
17:49:41 INFO  - Executed action GD.API.Controllers.Utility.ArticleController.GetArticleListAsync (API) in 69ms
17:50:41 INFO  - Executed action GD.API.Controllers.System.UserController.GetLoginUserInfoAsync (API) in 383ms
17:50:42 INFO  - Executed action GD.API.Controllers.Utility.ArticleController.GetArticleTypeAsync (API) in 26ms
17:50:42 INFO  - Executed action GD.API.Controllers.Utility.ArticleController.GetArticleListAsync (API) in 78ms
17:50:48 INFO  - Executed action GD.API.Controllers.Utility.ArticleController.GetArticleTypeAsync (API) in 21ms
17:50:48 INFO  - Executed action GD.API.Controllers.Utility.ArticleController.GetArticleListAsync (API) in 74ms
17:50:56 INFO  - Executed action GD.Host.Controllers.AccountController.LoginAdmin (PAPI) in 59ms
17:50:56 INFO  - Executed action GD.API.Controllers.System.UserController.GetLoginUserInfoAsync (API) in 182ms
17:50:57 INFO  - Executed action GD.API.Controllers.System.HomeController.GetUserQtyAsync (API) in 35ms
17:50:57 INFO  - Executed action GD.API.Controllers.System.HomeController.GetMerchantQtyAsync (API) in 85ms
17:50:57 INFO  - Executed action GD.API.Controllers.System.HomeController.GetOrderQtyAsync (API) in 84ms
17:50:57 INFO  - Executed action GD.API.Controllers.System.HomeController.GetDoctorsQtyAsync (API) in 110ms
17:51:09 INFO  - Executed action GD.API.Controllers.System.UserController.GetLoginUserInfoAsync (API) in 174ms
17:51:09 INFO  - Executed action GD.API.Controllers.Utility.ArticleController.GetArticleTypeAsync (API) in 30ms
17:51:10 INFO  - Executed action GD.API.Controllers.Utility.ArticleController.GetArticleListAsync (API) in 66ms
17:51:23 INFO  - Executed action GD.API.Controllers.Utility.ArticleController.GetArticleListAsync (API) in 79ms
17:51:25 INFO  - Executed action GD.API.Controllers.Utility.ArticleController.GetArticleListAsync (API) in 68ms
17:51:27 INFO  - Executed action GD.API.Controllers.Utility.ArticleController.GetArticleListAsync (API) in 72ms
17:51:30 INFO  - Executed action GD.API.Controllers.Utility.ArticleController.GetArticleListAsync (API) in 64ms
17:51:33 INFO  - Executed action GD.API.Controllers.Utility.ArticleController.GetArticleListAsync (API) in 77ms
17:51:39 INFO  - Executed action GD.API.Controllers.Utility.ArticleController.GetArticleTypeAsync (API) in 23ms
17:51:39 INFO  - Executed action GD.API.Controllers.Utility.ArticleController.GetArticleListAsync (API) in 55ms
17:51:46 INFO  - Executed action GD.API.Controllers.Utility.ArticleController.GetArticleInfoAsync (API) in 73ms
17:51:51 INFO  - Executed action GD.API.Controllers.Manager.RecommendController.GetRecommendPageAsync (API) in 81ms
17:52:14 INFO  - Executed action GD.API.Controllers.Manager.RecommendController.GetOwnerGuidsAsync (API) in 23ms
17:52:28 INFO  - Executed action GD.API.Controllers.Utility.ArticleController.SearchArticleAsync (API) in 52ms
18:03:27 INFO  - Executed action GD.API.Controllers.Utility.ArticleController.GetArticleTypeAsync (API) in 114ms
18:03:27 INFO  - Executed action GD.API.Controllers.Utility.ArticleController.GetArticleListAsync (API) in 89ms
