09:10:37 INFO  - Executed action GD.API.Controllers.System.BannerController.GetBannerPageAsync (API) in 143ms
09:10:38 INFO  - Executed action GD.API.Controllers.System.BannerController.GetBannerType1 (API) in 2131ms
09:10:42 INFO  - Executed action GD.API.Controllers.Merchant.MerchantController.GetReviewMerchantPageAsync (API) in 58ms
09:11:37 INFO  - Executed action GD.API.Controllers.Merchant.MerchantController.GetBusinessScopeLicenseListAsync (API) in 22ms
09:11:37 INFO  - Executed action GD.API.Controllers.System.CertificateController.GetCertificateListAsync (API) in 27ms
09:13:13 INFO  - Executed action GD.API.Controllers.System.ReviewRecordController.GetReviewRecordPageAsync (API) in 56ms
09:13:23 INFO  - Executed action GD.API.Controllers.System.ReviewRecordController.GetReviewRecordPageAsync (API) in 52ms
09:13:25 INFO  - Executed action GD.API.Controllers.System.ReviewRecordController.GetReviewRecordPageAsync (API) in 51ms
09:13:33 INFO  - Executed action GD.API.Controllers.Doctor.HospitalController.GetHospitalLevel (API) in 1ms
09:13:33 INFO  - Executed action GD.API.Controllers.Doctor.HospitalController.GetHospitalPageAsync (API) in 67ms
09:13:38 INFO  - Executed action GD.API.Controllers.System.DictionaryController.GetBusinessScopeType (API) in 36ms
09:13:38 INFO  - Executed action GD.API.Controllers.System.DictionaryController.GetBusinessScopePageAsync (API) in 37ms
09:13:43 INFO  - Executed action GD.API.Controllers.System.UserController.GetOrganizationTreeAsync (API) in 23ms
09:13:43 INFO  - Executed action GD.API.Controllers.System.UserController.GetRoleListAsync (API) in 27ms
09:13:43 INFO  - Executed action GD.API.Controllers.System.UserController.GetAccountListAsync (API) in 94ms
09:13:45 INFO  - Executed action GD.API.Controllers.System.UserController.GetOrganizationTreeAsync (API) in 15ms
09:13:45 INFO  - Executed action GD.API.Controllers.System.UserController.GetOrganizationTreeAsync (API) in 23ms
09:13:48 INFO  - Executed action GD.API.Controllers.System.UserController.GetRoleListAsync (API) in 16ms
10:04:23 INFO  - Executed action GD.API.Controllers.Doctor.DoctorController.GetDoctorIntegralPageAsync (API) in 132ms
10:04:29 INFO  - Executed action GD.API.Controllers.Doctor.DoctorController.ExportDoctorIntegralAsync (API) in 20ms
10:08:36 INFO  - Executed action GD.API.Controllers.Doctor.DoctorController.ExportDoctorIntegralAsync (API) in 19ms
10:10:07 INFO  - Executed action GD.API.Controllers.Doctor.DoctorController.GetDoctorIntegralPageAsync (API) in 97ms
11:30:48 INFO  - Executed action GD.Host.Controllers.AccountController.LoginAdmin (PAPI) in 112ms
11:30:49 INFO  - Executed action GD.API.Controllers.Doctor.DoctorController.GetDoctorIntegralPageAsync (API) in 141ms
11:30:54 INFO  - Executed action GD.API.Controllers.Doctor.DoctorController.GetDoctorIntegralPageAsync (API) in 60ms
11:40:22 INFO  - Executed action GD.API.Controllers.System.BannerController.GetBannerType1 (API) in 86ms
11:40:22 INFO  - Executed action GD.API.Controllers.System.BannerController.GetBannerPageAsync (API) in 157ms
11:40:30 INFO  - Executed action GD.API.Controllers.Utility.ArticleController.GetArticleTypeAsync (API) in 25ms
11:40:30 INFO  - Executed action GD.API.Controllers.Utility.ArticleController.GetArticleListAsync (API) in 65ms
11:40:36 INFO  - Executed action GD.API.Controllers.Utility.ArticleController.GetArticleListAsync (API) in 57ms
17:45:39 INFO  - Executed action GD.API.Controllers.System.UserController.GetRoleListAsync (API) in 754ms
17:45:40 INFO  - Executed action GD.API.Controllers.System.UserController.GetOrganizationTreeAsync (API) in 61ms
17:45:40 INFO  - Executed action GD.API.Controllers.System.UserController.GetRoleListAsync (API) in 113ms
17:45:40 INFO  - Executed action GD.API.Controllers.System.UserController.GetAccountListAsync (API) in 149ms
17:57:55 INFO  - Executed action GD.API.Controllers.System.UserController.GetAccountListAsync (API) in 129ms
17:57:55 INFO  - Executed action GD.API.Controllers.System.UserController.GetOrganizationTreeAsync (API) in 86ms
17:57:55 INFO  - Executed action GD.API.Controllers.System.UserController.GetRoleListAsync (API) in 126ms
17:57:57 INFO  - Executed action GD.API.Controllers.System.UserController.GetRoleListAsync (API) in 18ms
18:08:53 INFO  - Bad request GD.API.Controllers.System.MenuController.AddMenuAsync (API) with ID必填
18:10:14 INFO  - Executed action GD.API.Controllers.System.MenuController.AddMenuAsync (API) in 789ms
18:15:15 INFO  - Executed action GD.API.Controllers.System.MenuController.GetMenuTreeAsync (API) in 170ms
18:15:17 INFO  - Executed action GD.API.Controllers.System.MenuController.GetMenuTreeAsync (API) in 19ms
18:15:38 INFO  - Executed action GD.API.Controllers.System.MenuController.GetMenuTreeAsync (API) in 17ms
18:18:30 INFO  - Executed action GD.API.Controllers.System.MenuController.GetMenuTreeAsync (API) in 22ms
18:19:10 INFO  - Executed action GD.API.Controllers.System.MenuController.GetMenuTreeAsync (API) in 18ms
18:21:23 INFO  - Executed action GD.API.Controllers.System.MenuController.GetMenuTreeAsync (API) in 20ms
18:21:30 INFO  - Executed action GD.API.Controllers.System.MenuController.GetMenuTreeAsync (API) in 18ms
18:22:28 INFO  - Executed action GD.API.Controllers.System.MenuController.GetMenuTreeAsync (API) in 18ms
18:22:35 INFO  - Executed action GD.API.Controllers.System.MenuController.GetMenuTreeAsync (API) in 18ms
18:22:35 INFO  - Executed action GD.API.Controllers.System.MenuController.GetMenuTreeAsync (API) in 19ms
18:23:36 INFO  - Executed action GD.API.Controllers.System.MenuController.GetMenuTreeAsync (API) in 19ms
18:25:56 INFO  - Executed action GD.API.Controllers.System.MenuController.GetMenuTreeAsync (API) in 19ms
18:26:06 INFO  - Executed action GD.API.Controllers.System.MenuController.GetMenuTreeAsync (API) in 18ms
18:26:20 INFO  - Executed action GD.API.Controllers.System.MenuController.GetMenuTreeAsync (API) in 18ms
18:26:31 INFO  - Executed action GD.API.Controllers.System.MenuController.GetMenuTreeAsync (API) in 18ms
18:26:43 INFO  - Executed action GD.API.Controllers.System.MenuController.GetMenuTreeAsync (API) in 18ms
18:29:00 INFO  - Executed action GD.API.Controllers.System.MenuController.GetMenuTreeAsync (API) in 20ms
18:29:03 INFO  - Executed action GD.API.Controllers.System.MenuController.GetMenuTreeAsync (API) in 19ms
18:31:22 INFO  - Executed action GD.API.Controllers.System.MenuController.GetMenuTreeAsync (API) in 20ms
18:31:26 INFO  - Executed action GD.API.Controllers.System.MenuController.GetMenuTreeAsync (API) in 18ms
18:32:19 INFO  - Executed action GD.API.Controllers.System.MenuController.GetMenuTreeAsync (API) in 20ms
18:32:22 INFO  - Executed action GD.API.Controllers.System.MenuController.GetMenuTreeAsync (API) in 19ms
18:33:21 INFO  - Executed action GD.API.Controllers.System.MenuController.GetMenuTreeAsync (API) in 18ms
18:33:25 INFO  - Executed action GD.API.Controllers.System.MenuController.GetMenuTreeAsync (API) in 24ms
18:34:10 INFO  - Executed action GD.API.Controllers.System.MenuController.GetMenuTreeAsync (API) in 17ms
18:34:12 INFO  - Executed action GD.API.Controllers.System.MenuController.GetMenuTreeAsync (API) in 19ms
18:34:12 INFO  - Executed action GD.API.Controllers.System.MenuController.GetMenuTreeAsync (API) in 20ms
18:34:13 INFO  - Executed action GD.API.Controllers.System.MenuController.GetMenuTreeAsync (API) in 22ms
18:34:18 INFO  - Executed action GD.API.Controllers.System.MenuController.GetMenuTreeAsync (API) in 18ms
18:34:27 INFO  - Executed action GD.API.Controllers.System.MenuController.GetMenuTreeAsync (API) in 21ms
18:35:14 INFO  - Executed action GD.API.Controllers.System.MenuController.GetMenuTreeAsync (API) in 18ms
18:38:16 INFO  - Executed action GD.API.Controllers.System.MenuController.GetMenuTreeAsync (API) in 20ms
18:39:04 INFO  - Executed action GD.API.Controllers.System.MenuController.GetMenuTreeAsync (API) in 18ms
18:40:12 INFO  - Executed action GD.API.Controllers.System.MenuController.GetMenuTreeAsync (API) in 20ms
18:40:30 INFO  - Executed action GD.API.Controllers.System.MenuController.GetMenuTreeAsync (API) in 17ms
18:42:05 INFO  - Executed action GD.API.Controllers.System.MenuController.GetMenuTreeAsync (API) in 19ms
18:42:24 INFO  - Executed action GD.API.Controllers.System.MenuController.GetMenuTreeAsync (API) in 20ms
18:42:26 INFO  - Executed action GD.API.Controllers.System.MenuController.GetMenuTreeAsync (API) in 19ms
18:42:40 INFO  - Executed action GD.API.Controllers.System.MenuController.GetMenuTreeAsync (API) in 21ms
18:43:35 INFO  - Executed action GD.API.Controllers.System.MenuController.GetMenuTreeAsync (API) in 20ms
18:44:28 INFO  - Executed action GD.API.Controllers.System.MenuController.GetMenuTreeAsync (API) in 21ms
18:44:38 INFO  - Executed action GD.API.Controllers.System.MenuController.GetMenuTreeAsync (API) in 20ms
18:45:03 INFO  - Executed action GD.API.Controllers.System.MenuController.GetMenuTreeAsync (API) in 17ms
18:45:17 INFO  - Executed action GD.API.Controllers.System.MenuController.UpdateMenuAsync (API) in 36ms
18:45:19 INFO  - Executed action GD.API.Controllers.System.MenuController.UpdateMenuAsync (API) in 19ms
18:45:52 INFO  - Executed action GD.API.Controllers.System.MenuController.GetMenuTreeAsync (API) in 17ms
18:47:03 INFO  - Executed action GD.API.Controllers.System.MenuController.UpdateMenuAsync (API) in 34297ms
18:48:06 INFO  - Executed action GD.API.Controllers.System.MenuController.GetMenuTreeAsync (API) in 673ms
18:48:26 INFO  - Executed action GD.API.Controllers.System.MenuController.UpdateMenuAsync (API) in 1615ms
18:48:26 INFO  - Executed action GD.API.Controllers.System.MenuController.GetMenuTreeAsync (API) in 29ms
18:49:25 INFO  - Executed action GD.API.Controllers.System.MenuController.GetMenuTreeAsync (API) in 24ms
