09:12:18 INFO  - Executed action GD.API.Controllers.Manager.RecommendController.GetRecommendPageAsync (API) in 15565ms
09:12:22 INFO  - Executed action GD.API.Controllers.Utility.CourseController.GetCourseListAsync (API) in 15119ms
11:18:00 INFO  - Executed action GD.Host.Controllers.AccountController.LoginAdmin (PAPI) in 276ms
11:18:01 INFO  - Executed action GD.API.Controllers.Utility.CourseController.GetCourseListAsync (API) in 84ms
11:18:06 INFO  - Executed action GD.API.Controllers.System.UserController.GetRoleListAsync (API) in 145ms
11:18:08 INFO  - Executed action GD.API.Controllers.System.MenuController.GetMenuTreeAsync (API) in 40ms
11:18:11 INFO  - Executed action GD.API.Controllers.System.UserController.GetOrganizationTreeAsync (API) in 33ms
11:18:11 INFO  - Executed action GD.API.Controllers.System.UserController.GetOrganizationTreeAsync (API) in 71ms
11:18:13 INFO  - Executed action GD.API.Controllers.System.UserController.GetOrganizationTreeAsync (API) in 30ms
11:18:13 INFO  - Executed action GD.API.Controllers.System.UserController.GetRoleListAsync (API) in 17ms
11:18:13 INFO  - Executed action GD.API.Controllers.System.UserController.GetAccountListAsync (API) in 117ms
11:18:19 INFO  - Executed action GD.API.Controllers.System.UserController.GetRoleListAsync (API) in 17ms
11:18:20 INFO  - Executed action GD.API.Controllers.System.MenuController.GetMenuTreeAsync (API) in 15ms
11:18:20 INFO  - Executed action GD.API.Controllers.System.MenuController.GetRoleMenuAsync (API) in 28ms
11:18:23 INFO  - Executed action GD.API.Controllers.System.MenuController.GetRoleMenuAsync (API) in 16ms
11:18:25 INFO  - Executed action GD.API.Controllers.System.MenuController.GetRoleMenuAsync (API) in 13ms
11:18:28 INFO  - Executed action GD.API.Controllers.System.MenuController.GetRoleMenuAsync (API) in 24ms
11:44:39 INFO  - Executed action GD.API.Controllers.Doctor.HospitalController.GetFirstOfficeListAsync (API) in 78ms
11:44:39 INFO  - Executed action GD.API.Controllers.Doctor.HospitalController.GetOfficeListAsync (API) in 133ms
11:45:02 INFO  - Executed action GD.API.Controllers.Doctor.HospitalController.AddOfficeAsync (API) in 140ms
11:45:02 INFO  - Executed action GD.API.Controllers.Doctor.HospitalController.GetFirstOfficeListAsync (API) in 27ms
11:45:02 INFO  - Executed action GD.API.Controllers.Doctor.HospitalController.GetOfficeListAsync (API) in 39ms
11:45:18 INFO  - Executed action GD.API.Controllers.System.AccessoryController.GetAcessoryUrlAsync (API) in 44ms
11:46:04 INFO  - Executed action GD.API.Controllers.System.AccessoryController.GetAcessoryUrlAsync (API) in 13ms
11:46:08 INFO  - Executed action GD.API.Controllers.Doctor.HospitalController.GetFirstOfficeListAsync (API) in 22ms
11:46:08 INFO  - Executed action GD.API.Controllers.Doctor.HospitalController.GetOfficeListAsync (API) in 54ms
11:46:22 INFO  - Executed action GD.API.Controllers.Doctor.HospitalController.GetFirstOfficeListAsync (API) in 23ms
11:46:22 INFO  - Executed action GD.API.Controllers.Doctor.HospitalController.GetOfficeListAsync (API) in 67ms
11:46:27 INFO  - Executed action GD.API.Controllers.Doctor.HospitalController.GetOfficeListAsync (API) in 47ms
11:47:00 INFO  - Executed action GD.API.Controllers.Doctor.HospitalController.UpdataOfficeAsync (API) in 158ms
11:47:00 INFO  - Executed action GD.API.Controllers.Doctor.HospitalController.GetFirstOfficeListAsync (API) in 22ms
11:47:00 INFO  - Executed action GD.API.Controllers.Doctor.HospitalController.GetOfficeListAsync (API) in 51ms
11:47:03 INFO  - Executed action GD.API.Controllers.Doctor.HospitalController.GetFirstOfficeListAsync (API) in 21ms
11:47:03 INFO  - Executed action GD.API.Controllers.Doctor.HospitalController.GetOfficeListAsync (API) in 55ms
11:47:05 INFO  - Executed action GD.API.Controllers.Doctor.HospitalController.GetOfficeListAsync (API) in 54ms
11:47:21 INFO  - Executed action GD.API.Controllers.System.AccessoryController.GetAcessoryUrlAsync (API) in 24ms
15:31:01 INFO  - Executed action GD.Host.Controllers.AccountController.LoginAdmin (PAPI) in 760ms
15:31:01 INFO  - Executed action GD.API.Controllers.System.UserController.GetLoginUserInfoAsync (API) in 560ms
15:38:29 INFO  - Executed action GD.Host.Controllers.AccountController.LoginAdmin (PAPI) in 628ms
15:38:39 INFO  - Executed action GD.Host.Controllers.AccountController.LoginAdmin (PAPI) in 13ms
15:38:40 INFO  - Executed action GD.Host.Controllers.AccountController.LoginAdmin (PAPI) in 14ms
15:38:41 INFO  - Executed action GD.Host.Controllers.AccountController.LoginAdmin (PAPI) in 11ms
15:39:44 INFO  - Executed action GD.API.Controllers.System.UserController.GetLoginUserInfoAsync (API) in 599ms
15:39:50 INFO  - Executed action GD.API.Controllers.System.UserController.GetLoginUserInfoAsync (API) in 72ms
15:40:13 INFO  - Executed action GD.API.Controllers.System.UserController.GetLoginUserInfoAsync (API) in 74ms
15:40:32 INFO  - Executed action GD.API.Controllers.System.UserController.GetLoginUserInfoAsync (API) in 70ms
15:41:56 INFO  - Executed action GD.API.Controllers.System.UserController.GetLoginUserInfoAsync (API) in 139ms
15:42:21 INFO  - Executed action GD.API.Controllers.System.UserController.GetLoginUserInfoAsync (API) in 87ms
15:43:19 INFO  - Executed action GD.API.Controllers.System.UserController.GetLoginUserInfoAsync (API) in 72ms
15:44:30 INFO  - Executed action GD.API.Controllers.System.UserController.GetLoginUserInfoAsync (API) in 73ms
15:45:11 INFO  - Executed action GD.API.Controllers.System.UserController.GetLoginUserInfoAsync (API) in 70ms
15:46:00 INFO  - Executed action GD.API.Controllers.System.UserController.GetLoginUserInfoAsync (API) in 76ms
15:46:31 INFO  - Executed action GD.API.Controllers.System.HomeController.GetOrderQtyAsync (API) in 19ms
15:46:31 INFO  - Executed action GD.API.Controllers.System.HomeController.GetUserQtyAsync (API) in 95ms
15:46:31 INFO  - Executed action GD.API.Controllers.System.HomeController.GetDoctorsQtyAsync (API) in 120ms
15:46:31 INFO  - Executed action GD.API.Controllers.System.HomeController.GetMerchantQtyAsync (API) in 125ms
15:47:10 INFO  - Executed action GD.API.Controllers.System.UserController.GetLoginUserInfoAsync (API) in 105ms
15:47:11 INFO  - Executed action GD.API.Controllers.System.UserController.GetLoginUserInfoAsync (API) in 111ms
15:47:40 INFO  - Executed action GD.API.Controllers.System.UserController.GetLoginUserInfoAsync (API) in 119ms
15:47:43 INFO  - Executed action GD.API.Controllers.System.UserController.GetLoginUserInfoAsync (API) in 119ms
15:47:53 INFO  - Executed action GD.API.Controllers.System.UserController.GetLoginUserInfoAsync (API) in 110ms
15:48:15 INFO  - Executed action GD.API.Controllers.System.UserController.GetLoginUserInfoAsync (API) in 112ms
15:53:01 INFO  - Executed action GD.API.Controllers.System.UserController.GetLoginUserInfoAsync (API) in 121ms
15:53:45 INFO  - Executed action GD.API.Controllers.System.UserController.GetLoginUserInfoAsync (API) in 121ms
15:54:24 INFO  - Executed action GD.API.Controllers.System.UserController.GetLoginUserInfoAsync (API) in 101ms
15:54:26 INFO  - Executed action GD.API.Controllers.System.HomeController.GetOrderQtyAsync (API) in 10ms
15:54:26 INFO  - Executed action GD.API.Controllers.System.HomeController.GetUserQtyAsync (API) in 21ms
15:54:26 INFO  - Executed action GD.API.Controllers.System.HomeController.GetMerchantQtyAsync (API) in 27ms
15:54:26 INFO  - Executed action GD.API.Controllers.System.HomeController.GetDoctorsQtyAsync (API) in 27ms
15:54:29 INFO  - Executed action GD.API.Controllers.System.UserController.GetLoginUserInfoAsync (API) in 188ms
15:54:31 INFO  - Executed action GD.API.Controllers.System.HomeController.GetMerchantQtyAsync (API) in 11ms
15:54:31 INFO  - Executed action GD.API.Controllers.System.HomeController.GetUserQtyAsync (API) in 20ms
15:54:31 INFO  - Executed action GD.API.Controllers.System.HomeController.GetOrderQtyAsync (API) in 22ms
15:54:31 INFO  - Executed action GD.API.Controllers.System.HomeController.GetDoctorsQtyAsync (API) in 24ms
15:54:36 INFO  - Executed action GD.API.Controllers.System.UserController.GetLoginUserInfoAsync (API) in 102ms
15:54:52 INFO  - Executed action GD.API.Controllers.System.HomeController.GetMerchantQtyAsync (API) in 11ms
15:54:52 INFO  - Executed action GD.API.Controllers.System.HomeController.GetOrderQtyAsync (API) in 21ms
15:54:52 INFO  - Executed action GD.API.Controllers.System.HomeController.GetDoctorsQtyAsync (API) in 24ms
15:54:52 INFO  - Executed action GD.API.Controllers.System.HomeController.GetUserQtyAsync (API) in 24ms
15:54:55 INFO  - Executed action GD.API.Controllers.Merchant.MerchantController.GetReviewMerchantPageAsync (API) in 74ms
15:54:57 INFO  - Executed action GD.API.Controllers.Doctor.DoctorController.GetReviewDoctorPageAsync (API) in 73ms
15:54:58 INFO  - Executed action GD.API.Controllers.Merchant.MerchantController.GetReviewMerchantPageAsync (API) in 49ms
15:55:00 INFO  - Executed action GD.API.Controllers.Merchant.MerchantController.GetMerchantPageAsync (API) in 74ms
15:55:02 INFO  - Executed action GD.API.Controllers.Merchant.MerchantController.GetBusinessScopeListAsync (API) in 2064ms
15:55:04 INFO  - Executed action GD.API.Controllers.Doctor.HospitalController.GetHospitalAllSelectAsync (API) in 22ms
15:55:04 INFO  - Executed action GD.API.Controllers.Doctor.HospitalController.GetHospitalAllSelectAsync (API) in 15ms
15:55:04 INFO  - Executed action GD.API.Controllers.Doctor.DoctorController.GetDoctorJobTitlesAsync (API) in 57ms
15:55:04 INFO  - Executed action GD.API.Controllers.Doctor.DoctorController.GetDoctorPageAsync (API) in 77ms
15:55:36 INFO  - Executed action GD.API.Controllers.System.UserController.GetRoleListAsync (API) in 29ms
15:55:36 INFO  - Executed action GD.API.Controllers.System.UserController.GetOrganizationTreeAsync (API) in 32ms
15:55:36 INFO  - Executed action GD.API.Controllers.System.UserController.GetAccountListAsync (API) in 60ms
15:55:42 INFO  - Executed action GD.API.Controllers.System.UserController.GetAccountInfoAsync (API) in 121ms
15:56:13 INFO  - Executed action GD.API.Controllers.System.UserController.UpdateAccountAsync (API) in 186ms
15:56:13 INFO  - Executed action GD.API.Controllers.System.UserController.GetAccountListAsync (API) in 43ms
15:56:23 INFO  - Executed action GD.API.Controllers.System.UserController.GetRoleListAsync (API) in 26ms
15:56:28 INFO  - Executed action GD.API.Controllers.System.MenuController.GetMenuTreeAsync (API) in 32ms
15:56:28 INFO  - Executed action GD.API.Controllers.System.MenuController.GetRoleMenuAsync (API) in 22ms
15:56:49 INFO  - Executed action GD.Host.Controllers.AccountController.LoginAdmin (PAPI) in 13ms
15:56:49 INFO  - Executed action GD.API.Controllers.System.UserController.GetLoginUserInfoAsync (API) in 184ms
15:57:12 INFO  - Executed action GD.API.Controllers.System.UserController.GetRoleListAsync (API) in 25ms
15:57:38 INFO  - Executed action GD.API.Controllers.System.UserController.GetLoginUserInfoAsync (API) in 158ms
15:59:56 INFO  - Executed action GD.API.Controllers.System.HomeController.GetOrderQtyAsync (API) in 13ms
15:59:56 INFO  - Executed action GD.API.Controllers.System.HomeController.GetDoctorsQtyAsync (API) in 23ms
15:59:56 INFO  - Executed action GD.API.Controllers.System.HomeController.GetUserQtyAsync (API) in 24ms
15:59:56 INFO  - Executed action GD.API.Controllers.System.HomeController.GetMerchantQtyAsync (API) in 27ms
16:01:50 INFO  - Executed action GD.API.Controllers.System.UserController.GetLoginUserInfoAsync (API) in 175ms
16:01:52 INFO  - Executed action GD.API.Controllers.System.HomeController.GetOrderQtyAsync (API) in 31ms
16:01:52 INFO  - Executed action GD.API.Controllers.System.HomeController.GetUserQtyAsync (API) in 32ms
16:01:52 INFO  - Executed action GD.API.Controllers.System.HomeController.GetMerchantQtyAsync (API) in 13ms
16:01:52 INFO  - Executed action GD.API.Controllers.System.HomeController.GetDoctorsQtyAsync (API) in 26ms
16:03:04 INFO  - Executed action GD.API.Controllers.System.UserController.GetLoginUserInfoAsync (API) in 155ms
16:03:06 INFO  - Executed action GD.API.Controllers.System.HomeController.GetUserQtyAsync (API) in 13ms
16:03:06 INFO  - Executed action GD.API.Controllers.System.HomeController.GetOrderQtyAsync (API) in 21ms
16:03:06 INFO  - Executed action GD.API.Controllers.System.HomeController.GetMerchantQtyAsync (API) in 21ms
16:03:06 INFO  - Executed action GD.API.Controllers.System.HomeController.GetDoctorsQtyAsync (API) in 73ms
16:03:54 INFO  - Executed action GD.API.Controllers.System.UserController.GetLoginUserInfoAsync (API) in 161ms
16:03:56 INFO  - Executed action GD.API.Controllers.System.HomeController.GetOrderQtyAsync (API) in 11ms
16:03:56 INFO  - Executed action GD.API.Controllers.System.HomeController.GetUserQtyAsync (API) in 22ms
16:03:56 INFO  - Executed action GD.API.Controllers.System.HomeController.GetDoctorsQtyAsync (API) in 25ms
16:03:56 INFO  - Executed action GD.API.Controllers.System.HomeController.GetMerchantQtyAsync (API) in 25ms
16:09:08 INFO  - Executed action GD.API.Controllers.System.UserController.GetLoginUserInfoAsync (API) in 199ms
16:09:09 INFO  - Executed action GD.API.Controllers.System.HomeController.GetDoctorsQtyAsync (API) in 16ms
16:09:09 INFO  - Executed action GD.API.Controllers.System.HomeController.GetOrderQtyAsync (API) in 13ms
16:09:09 INFO  - Executed action GD.API.Controllers.System.HomeController.GetUserQtyAsync (API) in 58ms
16:09:09 INFO  - Executed action GD.API.Controllers.System.HomeController.GetMerchantQtyAsync (API) in 123ms
16:10:26 INFO  - Executed action GD.API.Controllers.System.UserController.GetLoginUserInfoAsync (API) in 154ms
16:10:29 INFO  - Executed action GD.API.Controllers.System.HomeController.GetDoctorsQtyAsync (API) in 26ms
16:10:29 INFO  - Executed action GD.API.Controllers.System.HomeController.GetMerchantQtyAsync (API) in 20ms
16:10:29 INFO  - Executed action GD.API.Controllers.System.HomeController.GetUserQtyAsync (API) in 23ms
16:10:29 INFO  - Executed action GD.API.Controllers.System.HomeController.GetOrderQtyAsync (API) in 22ms
16:10:37 INFO  - Executed action GD.API.Controllers.System.UserController.GetLoginUserInfoAsync (API) in 136ms
16:10:38 INFO  - Executed action GD.API.Controllers.System.HomeController.GetDoctorsQtyAsync (API) in 13ms
16:10:38 INFO  - Executed action GD.API.Controllers.System.HomeController.GetOrderQtyAsync (API) in 13ms
16:10:38 INFO  - Executed action GD.API.Controllers.System.HomeController.GetUserQtyAsync (API) in 23ms
16:10:38 INFO  - Executed action GD.API.Controllers.System.HomeController.GetMerchantQtyAsync (API) in 57ms
16:11:26 INFO  - Executed action GD.API.Controllers.System.UserController.GetLoginUserInfoAsync (API) in 158ms
16:11:32 INFO  - Executed action GD.API.Controllers.System.HomeController.GetUserQtyAsync (API) in 12ms
16:11:32 INFO  - Executed action GD.API.Controllers.System.HomeController.GetOrderQtyAsync (API) in 15ms
16:11:32 INFO  - Executed action GD.API.Controllers.System.HomeController.GetDoctorsQtyAsync (API) in 16ms
16:11:32 INFO  - Executed action GD.API.Controllers.System.HomeController.GetMerchantQtyAsync (API) in 21ms
16:13:38 INFO  - Executed action GD.API.Controllers.System.UserController.GetLoginUserInfoAsync (API) in 135ms
16:13:39 INFO  - Executed action GD.API.Controllers.System.HomeController.GetDoctorsQtyAsync (API) in 18ms
16:13:39 INFO  - Executed action GD.API.Controllers.System.HomeController.GetMerchantQtyAsync (API) in 17ms
16:13:39 INFO  - Executed action GD.API.Controllers.System.HomeController.GetOrderQtyAsync (API) in 12ms
16:13:39 INFO  - Executed action GD.API.Controllers.System.HomeController.GetUserQtyAsync (API) in 21ms
16:17:28 INFO  - Executed action GD.API.Controllers.System.UserController.GetLoginUserInfoAsync (API) in 144ms
16:17:29 INFO  - Executed action GD.API.Controllers.System.HomeController.GetUserQtyAsync (API) in 13ms
16:17:29 INFO  - Executed action GD.API.Controllers.System.HomeController.GetOrderQtyAsync (API) in 14ms
16:17:29 INFO  - Executed action GD.API.Controllers.System.HomeController.GetDoctorsQtyAsync (API) in 14ms
16:17:29 INFO  - Executed action GD.API.Controllers.System.HomeController.GetMerchantQtyAsync (API) in 22ms
16:19:37 INFO  - Executed action GD.API.Controllers.System.UserController.GetLoginUserInfoAsync (API) in 138ms
16:19:39 INFO  - Executed action GD.API.Controllers.System.HomeController.GetDoctorsQtyAsync (API) in 15ms
16:19:39 INFO  - Executed action GD.API.Controllers.System.HomeController.GetUserQtyAsync (API) in 14ms
16:19:39 INFO  - Executed action GD.API.Controllers.System.HomeController.GetOrderQtyAsync (API) in 12ms
16:19:39 INFO  - Executed action GD.API.Controllers.System.HomeController.GetMerchantQtyAsync (API) in 22ms
16:21:54 INFO  - Executed action GD.API.Controllers.System.UserController.GetLoginUserInfoAsync (API) in 138ms
16:21:56 INFO  - Executed action GD.API.Controllers.System.HomeController.GetUserQtyAsync (API) in 17ms
16:21:56 INFO  - Executed action GD.API.Controllers.System.HomeController.GetDoctorsQtyAsync (API) in 23ms
16:21:56 INFO  - Executed action GD.API.Controllers.System.HomeController.GetMerchantQtyAsync (API) in 16ms
16:21:56 INFO  - Executed action GD.API.Controllers.System.HomeController.GetOrderQtyAsync (API) in 24ms
16:23:08 INFO  - Executed action GD.API.Controllers.System.UserController.GetLoginUserInfoAsync (API) in 135ms
16:23:10 INFO  - Executed action GD.API.Controllers.System.HomeController.GetUserQtyAsync (API) in 22ms
16:23:10 INFO  - Executed action GD.API.Controllers.System.HomeController.GetOrderQtyAsync (API) in 20ms
16:23:10 INFO  - Executed action GD.API.Controllers.System.HomeController.GetMerchantQtyAsync (API) in 15ms
16:23:10 INFO  - Executed action GD.API.Controllers.System.HomeController.GetDoctorsQtyAsync (API) in 21ms
16:29:46 INFO  - Executed action GD.Host.Controllers.AccountController.LoginAdmin (PAPI) in 93ms
16:29:46 INFO  - Executed action GD.API.Controllers.System.UserController.GetLoginUserInfoAsync (API) in 126ms
16:29:46 INFO  - Executed action GD.API.Controllers.System.HomeController.GetUserQtyAsync (API) in 23ms
16:29:46 INFO  - Executed action GD.API.Controllers.System.HomeController.GetOrderQtyAsync (API) in 67ms
16:29:46 INFO  - Executed action GD.API.Controllers.System.HomeController.GetDoctorsQtyAsync (API) in 74ms
16:29:46 INFO  - Executed action GD.API.Controllers.System.HomeController.GetMerchantQtyAsync (API) in 82ms
16:32:03 INFO  - Executed action GD.Host.Controllers.AccountController.LoginAdmin (PAPI) in 26ms
16:32:03 INFO  - Executed action GD.API.Controllers.System.UserController.GetLoginUserInfoAsync (API) in 100ms
16:32:04 INFO  - Executed action GD.API.Controllers.System.HomeController.GetMerchantQtyAsync (API) in 15ms
16:32:04 INFO  - Executed action GD.API.Controllers.System.HomeController.GetUserQtyAsync (API) in 17ms
16:32:04 INFO  - Executed action GD.API.Controllers.System.HomeController.GetOrderQtyAsync (API) in 16ms
16:32:04 INFO  - Executed action GD.API.Controllers.System.HomeController.GetDoctorsQtyAsync (API) in 27ms
16:33:02 INFO  - Executed action GD.API.Controllers.Merchant.MerchantController.GetBusinessScopeListAsync (API) in 17ms
16:33:02 INFO  - Executed action GD.API.Controllers.Merchant.MerchantController.GetMerchantPageAsync (API) in 45ms
16:33:03 INFO  - Executed action GD.API.Controllers.Doctor.HospitalController.GetHospitalAllSelectAsync (API) in 16ms
16:33:03 INFO  - Executed action GD.API.Controllers.Doctor.DoctorController.GetDoctorJobTitlesAsync (API) in 35ms
16:33:03 INFO  - Executed action GD.API.Controllers.Doctor.HospitalController.GetHospitalAllSelectAsync (API) in 16ms
16:33:03 INFO  - Executed action GD.API.Controllers.Doctor.DoctorController.GetDoctorPageAsync (API) in 66ms
16:34:49 INFO  - Executed action GD.Host.Controllers.AccountController.LoginAdmin (PAPI) in 26ms
16:34:50 INFO  - Executed action GD.API.Controllers.System.UserController.GetLoginUserInfoAsync (API) in 145ms
16:34:50 INFO  - Executed action GD.API.Controllers.Doctor.HospitalController.GetHospitalAllSelectAsync (API) in 22ms
16:34:50 INFO  - Executed action GD.API.Controllers.Doctor.DoctorController.GetDoctorPageAsync (API) in 53ms
16:34:50 INFO  - Executed action GD.API.Controllers.Doctor.HospitalController.GetHospitalAllSelectAsync (API) in 17ms
16:34:50 INFO  - Executed action GD.API.Controllers.Doctor.DoctorController.GetDoctorJobTitlesAsync (API) in 46ms
16:35:18 INFO  - Executed action GD.API.Controllers.Doctor.DoctorController.GetDoctorTopicAsync (API) in 127ms
16:35:22 INFO  - Executed action GD.API.Controllers.Doctor.DoctorController.TopicMessageAsync (API) in 57ms
16:35:24 INFO  - Executed action GD.API.Controllers.Doctor.DoctorController.TopicMessageAsync (API) in 42ms
16:35:28 INFO  - Executed action GD.API.Controllers.Doctor.DoctorController.TopicMessageAsync (API) in 50ms
16:35:29 INFO  - Executed action GD.API.Controllers.Doctor.DoctorController.TopicMessageAsync (API) in 42ms
16:35:31 INFO  - Executed action GD.API.Controllers.Doctor.DoctorController.TopicMessageAsync (API) in 51ms
16:35:33 INFO  - Executed action GD.API.Controllers.Doctor.DoctorController.TopicMessageAsync (API) in 48ms
16:35:50 INFO  - Executed action GD.API.Controllers.Merchant.MerchantController.GetBusinessScopeListAsync (API) in 25ms
16:35:50 INFO  - Executed action GD.API.Controllers.Merchant.MerchantController.GetMerchantPageAsync (API) in 47ms
16:35:53 INFO  - Executed action GD.API.Controllers.Doctor.HospitalController.GetHospitalAllSelectAsync (API) in 27ms
16:35:53 INFO  - Executed action GD.API.Controllers.Doctor.DoctorController.GetDoctorJobTitlesAsync (API) in 31ms
16:35:53 INFO  - Executed action GD.API.Controllers.Doctor.DoctorController.GetDoctorPageAsync (API) in 50ms
16:35:53 INFO  - Executed action GD.API.Controllers.Doctor.HospitalController.GetHospitalAllSelectAsync (API) in 18ms
16:35:55 INFO  - Executed action GD.API.Controllers.Doctor.DoctorController.GetDoctorCertificateDetailAsync (API) in 21ms
16:35:55 INFO  - Executed action GD.API.Controllers.Doctor.DoctorController.GetDoctorInfoAsync (API) in 103ms
16:35:55 INFO  - Executed action GD.API.Controllers.Doctor.HospitalController.GetHospitalOfficeSelectAsync (API) in 45ms
16:36:34 INFO  - Executed action GD.API.Controllers.Merchant.MerchantController.GetReviewMerchantPageAsync (API) in 79ms
16:36:36 INFO  - Executed action GD.API.Controllers.Doctor.DoctorController.GetReviewDoctorPageAsync (API) in 43ms
16:36:37 INFO  - Executed action GD.API.Controllers.Doctor.DoctorController.GetDoctorCertificateDetailAsync (API) in 26ms
16:47:44 INFO  - Executed action GD.API.Controllers.System.UserController.GetLoginUserInfoAsync (API) in 231ms
16:47:44 INFO  - Executed action GD.API.Controllers.Doctor.DoctorController.GetReviewDoctorPageAsync (API) in 53ms
16:52:45 INFO  - Executed action GD.API.Controllers.System.UserController.GetLoginUserInfoAsync (API) in 15304ms
17:00:43 INFO  - Executed action GD.Host.Controllers.AccountController.LoginAdmin (PAPI) in 59ms
17:00:43 INFO  - Executed action GD.API.Controllers.System.UserController.GetLoginUserInfoAsync (API) in 130ms
17:00:47 INFO  - Executed action GD.Host.Controllers.AccountController.LoginAdmin (PAPI) in 15ms
17:00:47 INFO  - Executed action GD.API.Controllers.System.HomeController.GetDoctorsQtyAsync (API) in 15ms
17:00:47 INFO  - Executed action GD.API.Controllers.System.HomeController.GetOrderQtyAsync (API) in 62ms
17:00:47 INFO  - Executed action GD.API.Controllers.System.HomeController.GetMerchantQtyAsync (API) in 71ms
17:00:47 INFO  - Executed action GD.API.Controllers.System.HomeController.GetUserQtyAsync (API) in 99ms
17:00:52 INFO  - Executed action GD.API.Controllers.System.UserController.GetLoginUserInfoAsync (API) in 153ms
17:01:01 INFO  - Executed action GD.Host.Controllers.AccountController.LoginAdmin (PAPI) in 15ms
17:01:01 INFO  - Executed action GD.API.Controllers.System.HomeController.GetOrderQtyAsync (API) in 23ms
17:01:01 INFO  - Executed action GD.API.Controllers.System.HomeController.GetMerchantQtyAsync (API) in 14ms
17:01:01 INFO  - Executed action GD.API.Controllers.System.HomeController.GetDoctorsQtyAsync (API) in 24ms
17:01:01 INFO  - Executed action GD.API.Controllers.System.HomeController.GetUserQtyAsync (API) in 15ms
17:01:19 INFO  - Executed action GD.Host.Controllers.AccountController.LoginAdmin (PAPI) in 17ms
17:01:19 INFO  - Executed action GD.API.Controllers.System.UserController.GetLoginUserInfoAsync (API) in 149ms
17:03:05 INFO  - Executed action GD.Host.Controllers.AccountController.LoginAdmin (PAPI) in 25ms
17:03:06 INFO  - Executed action GD.API.Controllers.System.UserController.GetLoginUserInfoAsync (API) in 144ms
17:03:08 INFO  - Executed action GD.API.Controllers.System.HomeController.GetUserQtyAsync (API) in 15ms
17:03:08 INFO  - Executed action GD.API.Controllers.System.HomeController.GetOrderQtyAsync (API) in 16ms
17:03:08 INFO  - Executed action GD.API.Controllers.System.HomeController.GetDoctorsQtyAsync (API) in 13ms
17:03:08 INFO  - Executed action GD.API.Controllers.System.HomeController.GetMerchantQtyAsync (API) in 25ms
17:03:37 INFO  - Executed action GD.API.Controllers.System.UserController.GetLoginUserInfoAsync (API) in 160ms
17:03:41 INFO  - Executed action GD.API.Controllers.System.UserController.GetLoginUserInfoAsync (API) in 157ms
17:04:56 INFO  - Executed action GD.API.Controllers.System.UserController.GetLoginUserInfoAsync (API) in 1249ms
17:05:34 INFO  - Executed action GD.API.Controllers.System.UserController.GetLoginUserInfoAsync (API) in 161ms
17:09:11 INFO  - Executed action GD.API.Controllers.System.UserController.GetLoginUserInfoAsync (API) in 177ms
17:09:16 INFO  - Executed action GD.API.Controllers.System.HomeController.GetOrderQtyAsync (API) in 47ms
17:09:16 INFO  - Executed action GD.API.Controllers.System.HomeController.GetMerchantQtyAsync (API) in 69ms
17:09:16 INFO  - Executed action GD.API.Controllers.System.HomeController.GetDoctorsQtyAsync (API) in 65ms
17:09:16 INFO  - Executed action GD.API.Controllers.System.HomeController.GetUserQtyAsync (API) in 66ms
17:09:36 INFO  - Executed action GD.API.Controllers.System.UserController.GetLoginUserInfoAsync (API) in 218ms
18:50:42 INFO  - Executed action GD.API.Controllers.System.UserController.GetLoginUserInfoAsync (API) in 280ms
18:51:34 INFO  - Executed action GD.API.Controllers.System.UserController.GetLoginUserInfoAsync (API) in 186ms
18:52:55 INFO  - Executed action GD.API.Controllers.System.UserController.GetLoginUserInfoAsync (API) in 192ms
18:52:59 INFO  - Executed action GD.API.Controllers.System.HomeController.GetMerchantQtyAsync (API) in 29ms
18:52:59 INFO  - Executed action GD.API.Controllers.System.HomeController.GetDoctorsQtyAsync (API) in 57ms
18:52:59 INFO  - Executed action GD.API.Controllers.System.HomeController.GetOrderQtyAsync (API) in 65ms
18:52:59 INFO  - Executed action GD.API.Controllers.System.HomeController.GetUserQtyAsync (API) in 95ms
18:53:04 INFO  - Executed action GD.API.Controllers.System.UserController.GetLoginUserInfoAsync (API) in 179ms
18:53:49 INFO  - Executed action GD.API.Controllers.System.HomeController.GetMerchantQtyAsync (API) in 15ms
18:53:49 INFO  - Executed action GD.API.Controllers.System.HomeController.GetDoctorsQtyAsync (API) in 22ms
18:53:49 INFO  - Executed action GD.API.Controllers.System.HomeController.GetOrderQtyAsync (API) in 25ms
18:53:49 INFO  - Executed action GD.API.Controllers.System.HomeController.GetUserQtyAsync (API) in 29ms
18:53:54 INFO  - Executed action GD.API.Controllers.System.UserController.GetRoleListAsync (API) in 22ms
18:53:58 INFO  - Executed action GD.API.Controllers.System.MenuController.GetMenuTreeAsync (API) in 23ms
18:53:58 INFO  - Executed action GD.API.Controllers.System.MenuController.GetRoleMenuAsync (API) in 28ms
18:54:09 INFO  - Executed action GD.API.Controllers.System.MenuController.SaveRoleMenuAsync (API) in 88ms
18:54:12 INFO  - Executed action GD.API.Controllers.System.UserController.GetLoginUserInfoAsync (API) in 152ms
18:55:49 INFO  - Executed action GD.API.Controllers.System.UserController.GetLoginUserInfoAsync (API) in 177ms
18:56:36 INFO  - Executed action GD.API.Controllers.System.UserController.GetLoginUserInfoAsync (API) in 202ms
18:56:54 INFO  - Executed action GD.API.Controllers.System.UserController.GetLoginUserInfoAsync (API) in 158ms
19:02:46 INFO  - Executed action GD.API.Controllers.System.UserController.GetLoginUserInfoAsync (API) in 175ms
19:02:49 INFO  - Executed action GD.API.Controllers.System.UserController.GetLoginUserInfoAsync (API) in 131ms
19:02:53 INFO  - Executed action GD.API.Controllers.System.UserController.GetRoleListAsync (API) in 18ms
19:03:33 INFO  - Executed action GD.API.Controllers.System.UserController.GetLoginUserInfoAsync (API) in 145ms
19:03:46 INFO  - Executed action GD.API.Controllers.System.UserController.GetRoleListAsync (API) in 14ms
19:04:11 INFO  - Executed action GD.API.Controllers.System.UserController.GetLoginUserInfoAsync (API) in 125ms
19:04:14 INFO  - Executed action GD.API.Controllers.System.UserController.GetRoleListAsync (API) in 14ms
19:04:37 INFO  - Executed action GD.API.Controllers.System.UserController.GetLoginUserInfoAsync (API) in 136ms
19:04:43 INFO  - Executed action GD.API.Controllers.System.UserController.GetRoleListAsync (API) in 15ms
19:04:43 INFO  - Executed action GD.API.Controllers.System.UserController.GetLoginUserInfoAsync (API) in 136ms
19:04:46 INFO  - Executed action GD.API.Controllers.System.UserController.GetRoleListAsync (API) in 15ms
19:05:08 INFO  - Executed action GD.Host.Controllers.AccountController.LoginAdmin (PAPI) in 37ms
19:05:09 INFO  - Executed action GD.API.Controllers.System.UserController.GetLoginUserInfoAsync (API) in 97ms
19:05:09 INFO  - Executed action GD.API.Controllers.System.UserController.GetRoleListAsync (API) in 14ms
19:05:15 INFO  - Executed action GD.API.Controllers.System.UserController.GetRoleListAsync (API) in 19ms
19:05:15 INFO  - Executed action GD.API.Controllers.System.UserController.GetOrganizationTreeAsync (API) in 110ms
19:05:15 INFO  - Executed action GD.API.Controllers.System.UserController.GetAccountListAsync (API) in 130ms
19:05:17 INFO  - Executed action GD.API.Controllers.System.UserController.GetRoleListAsync (API) in 21ms
19:05:19 INFO  - Executed action GD.API.Controllers.System.MenuController.GetMenuTreeAsync (API) in 30ms
19:05:19 INFO  - Executed action GD.API.Controllers.System.MenuController.GetRoleMenuAsync (API) in 15ms
19:05:23 INFO  - Executed action GD.API.Controllers.System.MenuController.GetRoleMenuAsync (API) in 21ms
19:05:29 INFO  - Executed action GD.API.Controllers.System.MenuController.SaveRoleMenuAsync (API) in 66ms
19:05:35 INFO  - Executed action GD.API.Controllers.System.UserController.GetLoginUserInfoAsync (API) in 218ms
19:05:37 INFO  - Executed action GD.API.Controllers.System.UserController.GetRoleListAsync (API) in 14ms
19:05:43 INFO  - Executed action GD.API.Controllers.System.UserController.GetLoginUserInfoAsync (API) in 173ms
19:05:52 INFO  - Executed action GD.API.Controllers.System.UserController.GetRoleListAsync (API) in 24ms
19:05:52 INFO  - Executed action GD.API.Controllers.System.UserController.GetOrganizationTreeAsync (API) in 32ms
19:05:52 INFO  - Executed action GD.API.Controllers.System.UserController.GetAccountListAsync (API) in 45ms
19:06:36 INFO  - Executed action GD.API.Controllers.System.UserController.GetLoginUserInfoAsync (API) in 293ms
19:06:37 INFO  - Executed action GD.API.Controllers.System.UserController.GetLoginUserInfoAsync (API) in 111ms
19:06:37 INFO  - Executed action GD.API.Controllers.System.UserController.GetRoleListAsync (API) in 35ms
19:06:42 INFO  - Executed action GD.API.Controllers.System.UserController.GetLoginUserInfoAsync (API) in 189ms
19:06:42 INFO  - Executed action GD.API.Controllers.System.UserController.GetLoginUserInfoAsync (API) in 180ms
19:06:42 INFO  - Executed action GD.API.Controllers.System.UserController.GetRoleListAsync (API) in 27ms
19:06:50 INFO  - Executed action GD.API.Controllers.System.UserController.GetLoginUserInfoAsync (API) in 165ms
19:07:32 INFO  - Executed action GD.API.Controllers.System.UserController.GetLoginUserInfoAsync (API) in 190ms
19:07:32 INFO  - Executed action GD.API.Controllers.System.UserController.GetLoginUserInfoAsync (API) in 119ms
19:07:33 INFO  - Executed action GD.API.Controllers.System.UserController.GetRoleListAsync (API) in 25ms
19:07:37 INFO  - Executed action GD.API.Controllers.System.UserController.GetLoginUserInfoAsync (API) in 116ms
19:07:37 INFO  - Executed action GD.API.Controllers.System.UserController.GetLoginUserInfoAsync (API) in 182ms
19:07:37 INFO  - Executed action GD.API.Controllers.System.UserController.GetRoleListAsync (API) in 22ms
19:07:41 INFO  - Executed action GD.API.Controllers.System.UserController.GetLoginUserInfoAsync (API) in 193ms
19:07:42 INFO  - Executed action GD.API.Controllers.System.UserController.GetOrganizationTreeAsync (API) in 40ms
19:07:42 INFO  - Executed action GD.API.Controllers.System.UserController.GetRoleListAsync (API) in 28ms
19:07:42 INFO  - Executed action GD.API.Controllers.System.UserController.GetAccountListAsync (API) in 54ms
19:07:45 INFO  - Executed action GD.API.Controllers.Manager.RecommendController.GetRecommendPageAsync (API) in 62ms
19:07:46 INFO  - Executed action GD.API.Controllers.Utility.CourseController.GetCourseListAsync (API) in 52ms
19:07:48 INFO  - Executed action GD.API.Controllers.System.HeadlineController.GetHeadlinePageAsync (API) in 64ms
19:07:49 INFO  - Executed action GD.API.Controllers.Utility.CourseController.GetCourseListAsync (API) in 63ms
19:07:50 INFO  - Executed action GD.API.Controllers.Manager.RecommendController.GetRecommendPageAsync (API) in 50ms
19:07:52 INFO  - Executed action GD.API.Controllers.Merchant.MerchantController.GetReviewMerchantPageAsync (API) in 70ms
19:07:59 INFO  - Executed action GD.API.Controllers.System.MenuController.GetMenuTreeAsync (API) in 20ms
19:08:00 INFO  - Executed action GD.API.Controllers.System.MenuController.GetRoleMenuAsync (API) in 25ms
19:08:04 INFO  - Executed action GD.API.Controllers.System.MenuController.SaveRoleMenuAsync (API) in 57ms
19:08:13 INFO  - Executed action GD.API.Controllers.System.UserController.GetLoginUserInfoAsync (API) in 219ms
19:08:13 INFO  - Executed action GD.API.Controllers.Merchant.MerchantController.GetReviewMerchantPageAsync (API) in 57ms
19:08:21 INFO  - Executed action GD.API.Controllers.System.UserController.GetLoginUserInfoAsync (API) in 117ms
19:08:22 INFO  - Executed action GD.API.Controllers.System.UserController.GetRoleListAsync (API) in 65ms
19:08:23 INFO  - Executed action GD.API.Controllers.System.MenuController.GetMenuTreeAsync (API) in 23ms
19:08:23 INFO  - Executed action GD.API.Controllers.System.MenuController.GetRoleMenuAsync (API) in 34ms
19:08:26 INFO  - Executed action GD.API.Controllers.System.MenuController.GetRoleMenuAsync (API) in 25ms
19:09:50 INFO  - Executed action GD.API.Controllers.System.BannerController.GetBannerPageAsync (API) in 137ms
19:09:52 INFO  - Executed action GD.API.Controllers.System.UserController.GetRoleListAsync (API) in 26ms
19:09:54 INFO  - Executed action GD.API.Controllers.System.BannerController.GetBannerType1 (API) in 3982ms
19:09:54 INFO  - Executed action GD.API.Controllers.System.MenuController.GetMenuTreeAsync (API) in 26ms
19:09:57 INFO  - Executed action GD.API.Controllers.System.UserController.GetRoleListAsync (API) in 22ms
19:09:57 INFO  - Executed action GD.API.Controllers.System.UserController.GetOrganizationTreeAsync (API) in 30ms
19:09:57 INFO  - Executed action GD.API.Controllers.System.UserController.GetAccountListAsync (API) in 56ms
19:09:59 INFO  - Executed action GD.API.Controllers.System.UserController.GetRoleListAsync (API) in 15ms
19:10:00 INFO  - Executed action GD.API.Controllers.System.MenuController.GetRoleMenuAsync (API) in 28ms
19:10:52 INFO  - Executed action GD.API.Controllers.System.UserController.GetLoginUserInfoAsync (API) in 123ms
19:10:53 INFO  - Executed action GD.API.Controllers.System.UserController.GetRoleListAsync (API) in 25ms
19:11:00 INFO  - Executed action GD.API.Controllers.System.UserController.GetLoginUserInfoAsync (API) in 161ms
19:11:01 INFO  - Executed action GD.API.Controllers.Merchant.MerchantController.GetReviewMerchantPageAsync (API) in 63ms
19:11:06 INFO  - Executed action GD.API.Controllers.System.UserController.GetLoginUserInfoAsync (API) in 176ms
19:11:06 INFO  - Executed action GD.API.Controllers.Merchant.MerchantController.GetReviewMerchantPageAsync (API) in 51ms
19:11:11 INFO  - Executed action GD.API.Controllers.System.ReviewRecordController.GetReviewRecordPageAsync (API) in 66ms
19:11:13 INFO  - Executed action GD.API.Controllers.System.ReviewRecordController.GetReviewRecordPageAsync (API) in 56ms
19:11:14 INFO  - Executed action GD.API.Controllers.System.ReviewRecordController.GetReviewRecordPageAsync (API) in 42ms
19:11:16 INFO  - Executed action GD.API.Controllers.System.ReviewRecordController.GetReviewRecordPageAsync (API) in 59ms
19:11:17 INFO  - Executed action GD.API.Controllers.System.ReviewRecordController.GetReviewRecordPageAsync (API) in 59ms
19:11:18 INFO  - Executed action GD.API.Controllers.System.ReviewRecordController.GetReviewRecordPageAsync (API) in 43ms
19:11:19 INFO  - Executed action GD.API.Controllers.System.ReviewRecordController.GetReviewRecordPageAsync (API) in 60ms
19:11:20 INFO  - Executed action GD.API.Controllers.System.ReviewRecordController.GetReviewRecordPageAsync (API) in 58ms
19:11:22 INFO  - Executed action GD.API.Controllers.System.ReviewRecordController.GetReviewRecordPageAsync (API) in 43ms
19:11:30 INFO  - Executed action GD.API.Controllers.System.UserController.GetLoginUserInfoAsync (API) in 202ms
19:11:31 INFO  - Executed action GD.API.Controllers.Merchant.MerchantController.GetReviewMerchantPageAsync (API) in 59ms
19:13:11 INFO  - Executed action GD.API.Controllers.System.UserController.GetLoginUserInfoAsync (API) in 205ms
19:13:11 INFO  - Executed action GD.API.Controllers.System.UserController.GetLoginUserInfoAsync (API) in 123ms
19:13:11 INFO  - Executed action GD.API.Controllers.System.UserController.GetRoleListAsync (API) in 30ms
19:13:11 INFO  - Executed action GD.API.Controllers.Merchant.MerchantController.GetReviewMerchantPageAsync (API) in 51ms
19:13:12 INFO  - Executed action GD.API.Controllers.System.UserController.GetLoginUserInfoAsync (API) in 183ms
19:13:12 INFO  - Executed action GD.API.Controllers.Merchant.MerchantController.GetReviewMerchantPageAsync (API) in 50ms
19:13:14 INFO  - Executed action GD.API.Controllers.System.UserController.GetLoginUserInfoAsync (API) in 198ms
19:13:14 INFO  - Executed action GD.API.Controllers.Merchant.MerchantController.GetReviewMerchantPageAsync (API) in 60ms
19:13:24 INFO  - Executed action GD.API.Controllers.System.MenuController.GetMenuTreeAsync (API) in 22ms
19:13:24 INFO  - Executed action GD.API.Controllers.System.MenuController.GetRoleMenuAsync (API) in 32ms
19:14:19 INFO  - Executed action GD.API.Controllers.System.UserController.GetLoginUserInfoAsync (API) in 261ms
19:14:19 INFO  - Executed action GD.API.Controllers.System.UserController.GetLoginUserInfoAsync (API) in 185ms
19:14:19 INFO  - Executed action GD.API.Controllers.System.UserController.GetRoleListAsync (API) in 23ms
19:14:19 INFO  - Executed action GD.API.Controllers.Merchant.MerchantController.GetReviewMerchantPageAsync (API) in 66ms
19:14:25 INFO  - Executed action GD.API.Controllers.System.UserController.GetLoginUserInfoAsync (API) in 104ms
19:14:25 INFO  - Executed action GD.API.Controllers.System.UserController.GetRoleListAsync (API) in 25ms
19:14:25 INFO  - Executed action GD.API.Controllers.System.UserController.GetLoginUserInfoAsync (API) in 172ms
19:14:26 INFO  - Executed action GD.API.Controllers.Merchant.MerchantController.GetReviewMerchantPageAsync (API) in 55ms
19:14:26 INFO  - Executed action GD.API.Controllers.System.UserController.GetLoginUserInfoAsync (API) in 201ms
19:14:26 INFO  - Executed action GD.API.Controllers.Merchant.MerchantController.GetReviewMerchantPageAsync (API) in 60ms
19:16:09 INFO  - Executed action GD.API.Controllers.System.MenuController.GetMenuTreeAsync (API) in 17ms
19:16:59 INFO  - Executed action GD.API.Controllers.System.UserController.GetLoginUserInfoAsync (API) in 193ms
19:17:03 INFO  - Executed action GD.API.Controllers.Merchant.MerchantController.GetReviewMerchantPageAsync (API) in 59ms
19:17:10 INFO  - Executed action GD.API.Controllers.System.UserController.GetLoginUserInfoAsync (API) in 184ms
19:17:14 INFO  - Executed action GD.API.Controllers.Merchant.MerchantController.GetReviewMerchantPageAsync (API) in 64ms
19:17:20 INFO  - Executed action GD.API.Controllers.Merchant.MerchantController.GetReviewMerchantPageAsync (API) in 57ms
19:17:57 INFO  - Executed action GD.API.Controllers.System.UserController.GetLoginUserInfoAsync (API) in 100ms
19:17:58 INFO  - Executed action GD.API.Controllers.System.UserController.GetLoginUserInfoAsync (API) in 215ms
19:17:58 INFO  - Executed action GD.API.Controllers.System.MenuController.GetMenuTreeAsync (API) in 27ms
19:17:59 INFO  - Executed action GD.API.Controllers.System.UserController.GetLoginUserInfoAsync (API) in 183ms
19:20:16 INFO  - Executed action GD.API.Controllers.System.MenuController.UpdateMenuAsync (API) in 66ms
19:20:16 INFO  - Executed action GD.API.Controllers.System.MenuController.GetMenuTreeAsync (API) in 23ms
19:20:41 INFO  - Executed action GD.API.Controllers.System.MenuController.UpdateMenuAsync (API) in 49ms
19:20:41 INFO  - Executed action GD.API.Controllers.System.MenuController.GetMenuTreeAsync (API) in 26ms
19:20:56 INFO  - Executed action GD.API.Controllers.System.UserController.GetLoginUserInfoAsync (API) in 179ms
19:23:21 INFO  - Executed action GD.API.Controllers.System.UserController.GetLoginUserInfoAsync (API) in 199ms
19:25:19 INFO  - Executed action GD.API.Controllers.System.UserController.GetRoleListAsync (API) in 15ms
19:25:21 INFO  - Executed action GD.API.Controllers.System.MenuController.GetMenuTreeAsync (API) in 34ms
19:25:21 INFO  - Executed action GD.API.Controllers.System.MenuController.GetRoleMenuAsync (API) in 26ms
19:26:00 INFO  - Executed action GD.API.Controllers.System.MenuController.SaveRoleMenuAsync (API) in 65ms
19:26:03 INFO  - Executed action GD.API.Controllers.System.UserController.GetLoginUserInfoAsync (API) in 128ms
19:26:03 INFO  - Executed action GD.API.Controllers.System.UserController.GetRoleListAsync (API) in 25ms
19:26:06 INFO  - Executed action GD.API.Controllers.System.UserController.GetLoginUserInfoAsync (API) in 176ms
19:27:10 INFO  - Executed action GD.API.Controllers.System.UserController.GetLoginUserInfoAsync (API) in 118ms
19:27:10 INFO  - Executed action GD.API.Controllers.System.UserController.GetLoginUserInfoAsync (API) in 239ms
19:27:10 INFO  - Executed action GD.API.Controllers.System.UserController.GetRoleListAsync (API) in 25ms
19:27:12 INFO  - Executed action GD.API.Controllers.System.UserController.GetLoginUserInfoAsync (API) in 200ms
19:27:15 INFO  - Executed action GD.API.Controllers.Merchant.MerchantController.GetReviewMerchantPageAsync (API) in 67ms
19:27:18 INFO  - Executed action GD.API.Controllers.Manager.RecommendController.GetRecommendPageAsync (API) in 49ms
19:27:18 INFO  - Executed action GD.API.Controllers.System.HeadlineController.GetHeadlinePageAsync (API) in 51ms
19:27:22 INFO  - Executed action GD.API.Controllers.System.MenuController.GetMenuTreeAsync (API) in 21ms
19:27:22 INFO  - Executed action GD.API.Controllers.System.MenuController.GetRoleMenuAsync (API) in 39ms
19:27:26 INFO  - Executed action GD.API.Controllers.System.MenuController.SaveRoleMenuAsync (API) in 80ms
19:27:33 INFO  - Executed action GD.API.Controllers.System.UserController.GetLoginUserInfoAsync (API) in 178ms
19:27:34 INFO  - Executed action GD.API.Controllers.System.HeadlineController.GetHeadlinePageAsync (API) in 66ms
19:27:36 INFO  - Executed action GD.API.Controllers.System.UserController.GetLoginUserInfoAsync (API) in 181ms
19:27:37 INFO  - Executed action GD.API.Controllers.System.HeadlineController.GetHeadlinePageAsync (API) in 48ms
19:27:48 INFO  - Executed action GD.API.Controllers.System.UserController.GetLoginUserInfoAsync (API) in 215ms
19:27:49 INFO  - Executed action GD.API.Controllers.System.HeadlineController.GetHeadlinePageAsync (API) in 49ms
19:27:54 INFO  - Executed action GD.API.Controllers.System.UserController.GetLoginUserInfoAsync (API) in 130ms
19:27:55 INFO  - Executed action GD.API.Controllers.System.UserController.GetRoleListAsync (API) in 22ms
19:27:57 INFO  - Executed action GD.API.Controllers.System.MenuController.GetMenuTreeAsync (API) in 28ms
19:27:57 INFO  - Executed action GD.API.Controllers.System.MenuController.GetRoleMenuAsync (API) in 13ms
19:29:24 INFO  - Executed action GD.API.Controllers.System.UserController.GetLoginUserInfoAsync (API) in 347ms
19:29:24 INFO  - Executed action GD.API.Controllers.System.UserController.GetLoginUserInfoAsync (API) in 447ms
19:29:25 INFO  - Executed action GD.API.Controllers.System.UserController.GetRoleListAsync (API) in 135ms
19:29:25 INFO  - Executed action GD.API.Controllers.System.HeadlineController.GetHeadlinePageAsync (API) in 56ms
19:29:33 INFO  - Executed action GD.API.Controllers.System.UserController.GetLoginUserInfoAsync (API) in 211ms
19:29:33 INFO  - Executed action GD.API.Controllers.System.UserController.GetLoginUserInfoAsync (API) in 133ms
19:29:34 INFO  - Executed action GD.API.Controllers.System.UserController.GetRoleListAsync (API) in 22ms
19:29:34 INFO  - Executed action GD.API.Controllers.System.HeadlineController.GetHeadlinePageAsync (API) in 65ms
19:29:36 INFO  - Executed action GD.API.Controllers.System.UserController.GetLoginUserInfoAsync (API) in 109ms
19:29:36 INFO  - Executed action GD.API.Controllers.System.UserController.GetLoginUserInfoAsync (API) in 210ms
19:29:37 INFO  - Executed action GD.API.Controllers.System.UserController.GetRoleListAsync (API) in 44ms
19:29:37 INFO  - Executed action GD.API.Controllers.System.HeadlineController.GetHeadlinePageAsync (API) in 53ms
19:29:42 INFO  - Executed action GD.API.Controllers.System.UserController.GetLoginUserInfoAsync (API) in 118ms
19:29:42 INFO  - Executed action GD.API.Controllers.System.UserController.GetLoginUserInfoAsync (API) in 228ms
19:29:43 INFO  - Executed action GD.API.Controllers.System.HeadlineController.GetHeadlinePageAsync (API) in 63ms
19:29:43 INFO  - Executed action GD.API.Controllers.System.UserController.GetRoleListAsync (API) in 21ms
19:29:50 INFO  - Executed action GD.API.Controllers.System.UserController.GetLoginUserInfoAsync (API) in 185ms
19:29:50 INFO  - Executed action GD.API.Controllers.System.UserController.GetLoginUserInfoAsync (API) in 107ms
19:29:51 INFO  - Executed action GD.API.Controllers.System.HeadlineController.GetHeadlinePageAsync (API) in 58ms
19:29:51 INFO  - Executed action GD.API.Controllers.System.UserController.GetRoleListAsync (API) in 18ms
19:29:53 INFO  - Executed action GD.API.Controllers.System.UserController.GetLoginUserInfoAsync (API) in 195ms
19:29:53 INFO  - Executed action GD.API.Controllers.System.UserController.GetLoginUserInfoAsync (API) in 122ms
19:29:53 INFO  - Executed action GD.API.Controllers.System.HeadlineController.GetHeadlinePageAsync (API) in 47ms
19:29:53 INFO  - Executed action GD.API.Controllers.System.UserController.GetRoleListAsync (API) in 26ms
19:29:55 INFO  - Executed action GD.API.Controllers.System.UserController.GetLoginUserInfoAsync (API) in 120ms
19:29:55 INFO  - Executed action GD.API.Controllers.System.UserController.GetLoginUserInfoAsync (API) in 203ms
19:29:55 INFO  - Executed action GD.API.Controllers.System.UserController.GetRoleListAsync (API) in 30ms
19:29:55 INFO  - Executed action GD.API.Controllers.System.HeadlineController.GetHeadlinePageAsync (API) in 51ms
19:30:01 INFO  - Executed action GD.API.Controllers.System.UserController.GetLoginUserInfoAsync (API) in 324ms
19:30:02 INFO  - Executed action GD.API.Controllers.System.UserController.GetLoginUserInfoAsync (API) in 753ms
19:30:03 INFO  - Executed action GD.API.Controllers.System.UserController.GetRoleListAsync (API) in 337ms
19:30:03 INFO  - Executed action GD.API.Controllers.System.UserController.GetLoginUserInfoAsync (API) in 1528ms
19:30:04 INFO  - Executed action GD.API.Controllers.System.HeadlineController.GetHeadlinePageAsync (API) in 284ms
19:31:02 INFO  - Executed action GD.API.Controllers.System.UserController.GetLoginUserInfoAsync (API) in 119ms
19:31:02 INFO  - Executed action GD.API.Controllers.System.UserController.GetLoginUserInfoAsync (API) in 332ms
19:31:02 INFO  - Executed action GD.API.Controllers.System.UserController.GetRoleListAsync (API) in 28ms
19:31:08 INFO  - Executed action GD.API.Controllers.System.UserController.GetLoginUserInfoAsync (API) in 125ms
19:31:08 INFO  - Executed action GD.API.Controllers.System.UserController.GetLoginUserInfoAsync (API) in 220ms
19:31:09 INFO  - Executed action GD.API.Controllers.System.UserController.GetRoleListAsync (API) in 21ms
19:31:09 INFO  - Executed action GD.API.Controllers.System.HeadlineController.GetHeadlinePageAsync (API) in 193ms
19:31:13 INFO  - Executed action GD.API.Controllers.System.UserController.GetLoginUserInfoAsync (API) in 126ms
19:31:14 INFO  - Executed action GD.API.Controllers.System.UserController.GetRoleListAsync (API) in 15ms
19:31:14 INFO  - Executed action GD.API.Controllers.System.UserController.GetLoginUserInfoAsync (API) in 198ms
19:31:15 INFO  - Executed action GD.API.Controllers.System.HeadlineController.GetHeadlinePageAsync (API) in 47ms
19:31:37 INFO  - Executed action GD.API.Controllers.System.UserController.GetLoginUserInfoAsync (API) in 518ms
19:31:37 INFO  - Executed action GD.API.Controllers.System.UserController.GetLoginUserInfoAsync (API) in 612ms
19:31:38 INFO  - Executed action GD.API.Controllers.System.UserController.GetRoleListAsync (API) in 16ms
19:31:38 INFO  - Executed action GD.API.Controllers.System.HeadlineController.GetHeadlinePageAsync (API) in 66ms
19:32:16 INFO  - Executed action GD.API.Controllers.System.UserController.GetLoginUserInfoAsync (API) in 250ms
19:32:16 INFO  - Executed action GD.API.Controllers.System.UserController.GetLoginUserInfoAsync (API) in 523ms
19:32:17 INFO  - Executed action GD.API.Controllers.System.UserController.GetRoleListAsync (API) in 37ms
19:32:17 INFO  - Executed action GD.API.Controllers.System.HeadlineController.GetHeadlinePageAsync (API) in 78ms
19:32:33 INFO  - Executed action GD.API.Controllers.System.UserController.GetLoginUserInfoAsync (API) in 438ms
19:32:33 INFO  - Executed action GD.API.Controllers.System.UserController.GetLoginUserInfoAsync (API) in 626ms
19:32:33 INFO  - Executed action GD.API.Controllers.System.UserController.GetRoleListAsync (API) in 21ms
19:32:33 INFO  - Executed action GD.API.Controllers.System.HeadlineController.GetHeadlinePageAsync (API) in 89ms
19:32:37 INFO  - Executed action GD.API.Controllers.System.UserController.GetLoginUserInfoAsync (API) in 260ms
19:32:37 INFO  - Executed action GD.API.Controllers.System.UserController.GetLoginUserInfoAsync (API) in 111ms
19:32:37 INFO  - Executed action GD.API.Controllers.System.UserController.GetRoleListAsync (API) in 23ms
19:32:37 INFO  - Executed action GD.API.Controllers.System.HeadlineController.GetHeadlinePageAsync (API) in 62ms
19:33:08 INFO  - Executed action GD.API.Controllers.System.UserController.GetLoginUserInfoAsync (API) in 362ms
19:33:08 INFO  - Executed action GD.API.Controllers.System.UserController.GetLoginUserInfoAsync (API) in 511ms
19:33:09 INFO  - Executed action GD.API.Controllers.System.UserController.GetRoleListAsync (API) in 58ms
19:33:09 INFO  - Executed action GD.API.Controllers.System.HeadlineController.GetHeadlinePageAsync (API) in 125ms
19:33:47 INFO  - Executed action GD.API.Controllers.System.UserController.GetLoginUserInfoAsync (API) in 117ms
19:33:47 INFO  - Executed action GD.API.Controllers.System.UserController.GetLoginUserInfoAsync (API) in 271ms
19:33:47 INFO  - Executed action GD.API.Controllers.System.UserController.GetRoleListAsync (API) in 45ms
19:33:47 INFO  - Executed action GD.API.Controllers.System.HeadlineController.GetHeadlinePageAsync (API) in 51ms
19:33:53 INFO  - Executed action GD.API.Controllers.System.UserController.GetLoginUserInfoAsync (API) in 409ms
19:33:54 INFO  - Executed action GD.API.Controllers.System.UserController.GetLoginUserInfoAsync (API) in 662ms
19:33:56 INFO  - Executed action GD.API.Controllers.System.UserController.GetLoginUserInfoAsync (API) in 387ms
19:33:56 INFO  - Executed action GD.API.Controllers.System.UserController.GetLoginUserInfoAsync (API) in 120ms
19:33:58 INFO  - Executed action GD.API.Controllers.System.UserController.GetLoginUserInfoAsync (API) in 199ms
19:33:58 INFO  - Executed action GD.API.Controllers.System.UserController.GetLoginUserInfoAsync (API) in 118ms
19:33:59 INFO  - Executed action GD.API.Controllers.System.UserController.GetRoleListAsync (API) in 16ms
19:33:59 INFO  - Executed action GD.API.Controllers.System.HeadlineController.GetHeadlinePageAsync (API) in 63ms
19:34:05 INFO  - Executed action GD.API.Controllers.System.UserController.GetLoginUserInfoAsync (API) in 194ms
19:34:05 INFO  - Executed action GD.API.Controllers.System.UserController.GetLoginUserInfoAsync (API) in 299ms
19:34:06 INFO  - Executed action GD.API.Controllers.System.HeadlineController.GetHeadlinePageAsync (API) in 94ms
19:34:06 INFO  - Executed action GD.API.Controllers.System.UserController.GetRoleListAsync (API) in 32ms
19:34:09 INFO  - Executed action GD.API.Controllers.System.UserController.GetLoginUserInfoAsync (API) in 120ms
19:34:09 INFO  - Executed action GD.API.Controllers.System.UserController.GetLoginUserInfoAsync (API) in 218ms
19:34:09 INFO  - Executed action GD.API.Controllers.System.UserController.GetRoleListAsync (API) in 23ms
19:34:09 INFO  - Executed action GD.API.Controllers.System.HeadlineController.GetHeadlinePageAsync (API) in 75ms
19:34:11 INFO  - Executed action GD.API.Controllers.System.UserController.GetLoginUserInfoAsync (API) in 111ms
19:34:11 INFO  - Executed action GD.API.Controllers.System.UserController.GetLoginUserInfoAsync (API) in 200ms
19:34:12 INFO  - Executed action GD.API.Controllers.System.UserController.GetRoleListAsync (API) in 17ms
19:34:12 INFO  - Executed action GD.API.Controllers.System.HeadlineController.GetHeadlinePageAsync (API) in 66ms
19:34:18 INFO  - Executed action GD.API.Controllers.System.UserController.GetLoginUserInfoAsync (API) in 127ms
19:34:18 INFO  - Executed action GD.API.Controllers.System.UserController.GetLoginUserInfoAsync (API) in 257ms
19:34:19 INFO  - Executed action GD.API.Controllers.System.UserController.GetRoleListAsync (API) in 25ms
19:35:31 INFO  - Executed action GD.API.Controllers.System.UserController.GetLoginUserInfoAsync (API) in 207ms
19:35:31 INFO  - Executed action GD.API.Controllers.System.UserController.GetLoginUserInfoAsync (API) in 606ms
19:35:31 INFO  - Executed action GD.API.Controllers.System.UserController.GetLoginUserInfoAsync (API) in 258ms
19:35:32 INFO  - Executed action GD.API.Controllers.System.UserController.GetRoleListAsync (API) in 21ms
19:35:32 INFO  - Executed action GD.API.Controllers.System.HeadlineController.GetHeadlinePageAsync (API) in 95ms
19:35:39 INFO  - Executed action GD.API.Controllers.System.UserController.GetLoginUserInfoAsync (API) in 176ms
19:35:39 INFO  - Executed action GD.API.Controllers.System.HeadlineController.GetHeadlinePageAsync (API) in 113ms
19:35:43 INFO  - Executed action GD.API.Controllers.System.MenuController.GetMenuTreeAsync (API) in 41ms
19:35:44 INFO  - Executed action GD.API.Controllers.System.MenuController.GetRoleMenuAsync (API) in 23ms
19:35:53 INFO  - Executed action GD.API.Controllers.System.UserController.GetLoginUserInfoAsync (API) in 213ms
19:35:54 INFO  - Executed action GD.API.Controllers.System.HeadlineController.GetHeadlinePageAsync (API) in 59ms
19:36:55 INFO  - Executed action GD.API.Controllers.System.MenuController.SaveRoleMenuAsync (API) in 502ms
19:37:00 INFO  - Executed action GD.API.Controllers.System.UserController.GetLoginUserInfoAsync (API) in 400ms
19:37:00 INFO  - Executed action GD.API.Controllers.System.HeadlineController.GetHeadlinePageAsync (API) in 307ms
19:37:14 INFO  - Executed action GD.API.Controllers.System.UserController.GetLoginUserInfoAsync (API) in 130ms
19:38:24 INFO  - Executed action GD.API.Controllers.System.HeadlineController.GetHeadlinePageAsync (API) in 34066ms
19:38:28 INFO  - Executed action GD.API.Controllers.System.UserController.GetLoginUserInfoAsync (API) in 31278ms
19:38:28 INFO  - Executed action GD.API.Controllers.System.UserController.GetLoginUserInfoAsync (API) in 37840ms
19:38:34 INFO  - Executed action GD.API.Controllers.System.UserController.GetLoginUserInfoAsync (API) in 357ms
19:45:34 INFO  - Executed action GD.API.Controllers.System.UserController.GetLoginUserInfoAsync (API) in 162ms
19:45:39 INFO  - Executed action GD.API.Controllers.System.UserController.GetLoginUserInfoAsync (API) in 100ms
19:45:40 INFO  - Executed action GD.API.Controllers.System.HeadlineController.GetHeadlinePageAsync (API) in 49ms
19:45:41 INFO  - Executed action GD.API.Controllers.System.UserController.GetLoginUserInfoAsync (API) in 101ms
19:45:41 INFO  - Executed action GD.API.Controllers.System.HeadlineController.GetHeadlinePageAsync (API) in 45ms
