15:33:08 INFO  - Executed action GD.Host.Controllers.AccountController.LoginAdmin (PAPI) in 585ms
15:33:08 INFO  - Executed action GD.API.Controllers.Doctor.DoctorController.GetDoctorIntegralPageAsync (API) in 150ms
15:35:11 INFO  - Executed action GD.API.Controllers.Doctor.DoctorController.GetDoctorIntegralPageAsync (API) in 99ms
15:35:22 INFO  - Executed action GD.API.Controllers.Doctor.DoctorController.GetDoctorIntegralPageAsync (API) in 104ms
15:35:26 INFO  - Executed action GD.API.Controllers.Doctor.DoctorController.GetDoctorIntegralPageAsync (API) in 97ms
15:39:18 INFO  - Executed action GD.API.Controllers.Doctor.DoctorController.GetDoctorIntegralPageAsync (API) in 149ms
16:46:06 INFO  - Executed action GD.API.Controllers.Doctor.DoctorController.GetDoctorIntegralPageAsync (API) in 795ms
16:46:08 INFO  - Executed action GD.API.Controllers.Doctor.DoctorController.GetDoctorIntegralPageAsync (API) in 100ms
16:46:26 INFO  - Executed action GD.API.Controllers.Doctor.DoctorController.GetDoctorIntegralPageAsync (API) in 106ms
16:47:14 INFO  - Executed action GD.API.Controllers.Doctor.DoctorController.GetDoctorIntegralPageAsync (API) in 116ms
16:47:16 INFO  - Executed action GD.API.Controllers.Doctor.DoctorController.ExportDoctorIntegralAsync (API) in 149ms
16:47:18 INFO  - Executed action GD.API.Controllers.Doctor.DoctorController.ExportDoctorIntegralAsync (API) in 81ms
16:49:12 INFO  - Executed action GD.API.Controllers.Doctor.DoctorController.ExportDoctorIntegralAsync (API) in 101025ms
16:49:27 INFO  - Executed action GD.API.Controllers.Doctor.DoctorController.ExportDoctorIntegralAsync (API) in 3086ms
16:50:03 INFO  - Executed action GD.API.Controllers.Doctor.DoctorController.ExportDoctorIntegralAsync (API) in 28016ms
16:50:40 INFO  - Executed action GD.API.Controllers.Doctor.DoctorController.ExportDoctorIntegralAsync (API) in 13828ms
17:17:56 INFO  - Executed action GD.API.Controllers.System.HomeController.GetOrderQtyAsync (API) in 706ms
17:17:56 INFO  - Executed action GD.API.Controllers.System.HomeController.GetDoctorsQtyAsync (API) in 706ms
17:17:56 INFO  - Executed action GD.API.Controllers.System.HomeController.GetMerchantQtyAsync (API) in 706ms
17:17:56 INFO  - Executed action GD.API.Controllers.System.HomeController.GetUserQtyAsync (API) in 706ms
17:18:00 INFO  - Executed action GD.API.Controllers.Utility.ArticleController.GetArticleListAsync (API) in 114ms
17:18:02 INFO  - Executed action GD.API.Controllers.Utility.ArticleController.GetArticleInfoAsync (API) in 80ms
17:18:03 INFO  - Executed action GD.API.Controllers.Utility.ArticleController.GetArticleTypeAsync (API) in 3378ms
17:18:10 INFO  - Executed action GD.API.Controllers.Merchant.MerchantController.GetReviewMerchantPageAsync (API) in 62ms
17:18:11 INFO  - Executed action GD.API.Controllers.Doctor.HospitalController.GetHospitalAllSelectAsync (API) in 43ms
17:18:11 INFO  - Executed action GD.API.Controllers.Doctor.DoctorController.GetDoctorJobTitlesAsync (API) in 45ms
17:18:11 INFO  - Executed action GD.API.Controllers.Doctor.DoctorController.GetDoctorPageAsync (API) in 64ms
17:18:12 INFO  - Executed action GD.API.Controllers.Doctor.HospitalController.GetHospitalAllSelectAsync (API) in 26ms
17:21:04 INFO  - Executed action GD.API.Controllers.Doctor.HospitalController.GetHospitalAllSelectAsync (API) in 18ms
17:21:04 INFO  - Executed action GD.API.Controllers.Doctor.DoctorController.GetDoctorJobTitlesAsync (API) in 44ms
17:21:04 INFO  - Executed action GD.API.Controllers.Doctor.HospitalController.GetHospitalAllSelectAsync (API) in 18ms
17:21:04 INFO  - Executed action GD.API.Controllers.Doctor.DoctorController.GetDoctorPageAsync (API) in 57ms
17:21:12 INFO  - Executed action GD.API.Controllers.Doctor.HospitalController.GetHospitalAllSelectAsync (API) in 23ms
17:21:12 INFO  - Executed action GD.API.Controllers.Doctor.DoctorController.GetDoctorJobTitlesAsync (API) in 34ms
17:21:12 INFO  - Executed action GD.API.Controllers.Doctor.DoctorController.GetDoctorPageAsync (API) in 53ms
17:21:12 INFO  - Executed action GD.API.Controllers.Doctor.HospitalController.GetHospitalAllSelectAsync (API) in 27ms
17:21:27 INFO  - Executed action GD.API.Controllers.Doctor.HospitalController.GetHospitalAllSelectAsync (API) in 32ms
17:21:27 INFO  - Executed action GD.API.Controllers.Doctor.HospitalController.GetHospitalAllSelectAsync (API) in 18ms
17:21:27 INFO  - Executed action GD.API.Controllers.Doctor.DoctorController.GetDoctorJobTitlesAsync (API) in 38ms
17:21:27 INFO  - Executed action GD.API.Controllers.Doctor.DoctorController.GetDoctorPageAsync (API) in 81ms
17:23:24 INFO  - Executed action GD.API.Controllers.Doctor.HospitalController.GetHospitalAllSelectAsync (API) in 18ms
17:23:24 INFO  - Executed action GD.API.Controllers.Doctor.HospitalController.GetHospitalAllSelectAsync (API) in 21ms
17:23:24 INFO  - Executed action GD.API.Controllers.Doctor.DoctorController.GetDoctorJobTitlesAsync (API) in 47ms
17:23:24 INFO  - Executed action GD.API.Controllers.Doctor.DoctorController.GetDoctorPageAsync (API) in 53ms
17:24:46 INFO  - Executed action GD.API.Controllers.Utility.ArticleController.GetArticleTypeAsync (API) in 18ms
17:24:46 INFO  - Executed action GD.API.Controllers.Utility.ArticleController.GetArticleListAsync (API) in 75ms
17:24:48 INFO  - Executed action GD.API.Controllers.Utility.ArticleController.GetArticleInfoAsync (API) in 53ms
17:25:20 INFO  - Executed action GD.API.Controllers.Doctor.DoctorController.GetDoctorIntegralPageAsync (API) in 152ms
17:25:57 INFO  - Executed action GD.API.Controllers.Doctor.DoctorController.ExportDoctorIntegralAsync (API) in 36326ms
17:26:17 INFO  - Executed action GD.API.Controllers.Doctor.DoctorController.ExportDoctorIntegralAsync (API) in 22ms
17:26:42 INFO  - Executed action GD.API.Controllers.Doctor.DoctorController.ExportDoctorIntegralAsync (API) in 24ms
17:26:56 INFO  - Executed action GD.API.Controllers.Doctor.DoctorController.ExportDoctorIntegralAsync (API) in 29ms
17:28:47 INFO  - Executed action GD.API.Controllers.Doctor.DoctorController.GetDoctorIntegralPageAsync (API) in 791ms
17:28:48 INFO  - Executed action GD.API.Controllers.Doctor.DoctorController.ExportDoctorIntegralAsync (API) in 23ms
17:29:38 INFO  - Executed action GD.API.Controllers.Doctor.DoctorController.GetDoctorIntegralPageAsync (API) in 112ms
17:29:50 INFO  - Executed action GD.API.Controllers.Doctor.DoctorController.GetDoctorIntegralPageAsync (API) in 98ms
17:29:51 INFO  - Executed action GD.API.Controllers.Doctor.DoctorController.ExportDoctorIntegralAsync (API) in 20ms
17:30:51 INFO  - Executed action GD.API.Controllers.Doctor.DoctorController.GetIntegralInfoPageAsync (API) in 58ms
17:31:24 INFO  - Executed action GD.API.Controllers.Doctor.DoctorController.GetDoctorIntegralPageAsync (API) in 99ms
17:32:45 INFO  - Executed action GD.API.Controllers.Doctor.DoctorController.GetDoctorIntegralPageAsync (API) in 101ms
17:32:49 INFO  - Executed action GD.API.Controllers.Doctor.DoctorController.ExportDoctorIntegralAsync (API) in 19ms
18:52:24 INFO  - Executed action GD.API.Controllers.Doctor.HospitalController.GetFirstOfficeListAsync (API) in 686ms
18:52:24 INFO  - Executed action GD.API.Controllers.Doctor.HospitalController.GetOfficeListAsync (API) in 457ms
18:52:28 INFO  - Executed action GD.API.Controllers.Doctor.DoctorController.GetDoctorIntegralPageAsync (API) in 175ms
18:52:35 INFO  - Executed action GD.API.Controllers.Doctor.DoctorController.GetIntegralInfoPageAsync (API) in 55ms
18:52:39 INFO  - Executed action GD.API.Controllers.Doctor.DoctorController.ExportIntegralInfoAsync (API) in 108ms
18:53:10 INFO  - Executed action GD.API.Controllers.Doctor.DoctorController.ExportIntegralInfoAsync (API) in 3545ms
18:54:10 INFO  - Executed action GD.API.Controllers.Doctor.DoctorController.ExportIntegralInfoAsync (API) in 6622ms
18:54:20 INFO  - Executed action GD.API.Controllers.Doctor.DoctorController.GetIntegralInfoPageAsync (API) in 83ms
18:54:23 INFO  - Executed action GD.API.Controllers.Doctor.DoctorController.ExportIntegralInfoAsync (API) in 1991ms
18:55:18 INFO  - Executed action GD.API.Controllers.Doctor.DoctorController.GetDoctorIntegralPageAsync (API) in 201ms
18:55:21 INFO  - Executed action GD.API.Controllers.Doctor.DoctorController.GetIntegralInfoPageAsync (API) in 62ms
18:55:25 INFO  - Executed action GD.API.Controllers.Doctor.DoctorController.GetIntegralInfoPageAsync (API) in 62ms
18:55:28 INFO  - Executed action GD.API.Controllers.Doctor.DoctorController.ExportIntegralInfoAsync (API) in 22ms
18:56:07 INFO  - Executed action GD.API.Controllers.Doctor.DoctorController.GetDoctorIntegralPageAsync (API) in 140ms
18:56:09 INFO  - Executed action GD.API.Controllers.Doctor.DoctorController.GetIntegralInfoPageAsync (API) in 61ms
18:56:30 INFO  - Executed action GD.API.Controllers.Doctor.DoctorController.GetDoctorIntegralPageAsync (API) in 154ms
18:56:32 INFO  - Executed action GD.API.Controllers.Doctor.DoctorController.GetIntegralInfoPageAsync (API) in 61ms
18:56:35 INFO  - Executed action GD.API.Controllers.Doctor.DoctorController.GetIntegralInfoPageAsync (API) in 59ms
18:58:34 INFO  - Executed action GD.API.Controllers.Doctor.DoctorController.GetDoctorIntegralPageAsync (API) in 142ms
18:58:42 INFO  - Executed action GD.API.Controllers.Doctor.DoctorController.GetDoctorIntegralPageAsync (API) in 156ms
18:58:45 INFO  - Executed action GD.API.Controllers.Doctor.DoctorController.GetIntegralInfoPageAsync (API) in 61ms
18:58:45 INFO  - Executed action GD.API.Controllers.Doctor.DoctorController.ExportIntegralInfoAsync (API) in 23ms
18:59:10 INFO  - Executed action GD.API.Controllers.Doctor.DoctorController.GetDoctorIntegralPageAsync (API) in 147ms
18:59:12 INFO  - Executed action GD.API.Controllers.Doctor.DoctorController.GetIntegralInfoPageAsync (API) in 63ms
18:59:13 INFO  - Executed action GD.API.Controllers.Doctor.DoctorController.GetIntegralInfoPageAsync (API) in 66ms
18:59:14 INFO  - Executed action GD.API.Controllers.Doctor.DoctorController.ExportIntegralInfoAsync (API) in 26ms
18:59:28 INFO  - Executed action GD.API.Controllers.Doctor.DoctorController.GetDoctorIntegralPageAsync (API) in 144ms
18:59:30 INFO  - Executed action GD.API.Controllers.Doctor.DoctorController.GetIntegralInfoPageAsync (API) in 65ms
18:59:31 INFO  - Executed action GD.API.Controllers.Doctor.DoctorController.ExportIntegralInfoAsync (API) in 24ms
18:59:35 INFO  - Executed action GD.API.Controllers.Doctor.DoctorController.ExportIntegralInfoAsync (API) in 23ms
18:59:37 INFO  - Executed action GD.API.Controllers.Doctor.DoctorController.ExportIntegralInfoAsync (API) in 23ms
18:59:54 INFO  - Executed action GD.API.Controllers.Doctor.DoctorController.GetDoctorIntegralPageAsync (API) in 145ms
18:59:56 INFO  - Executed action GD.API.Controllers.Doctor.DoctorController.GetIntegralInfoPageAsync (API) in 64ms
18:59:57 INFO  - Executed action GD.API.Controllers.Doctor.DoctorController.GetIntegralInfoPageAsync (API) in 62ms
18:59:58 INFO  - Executed action GD.API.Controllers.Doctor.DoctorController.ExportIntegralInfoAsync (API) in 24ms
18:59:59 INFO  - Executed action GD.API.Controllers.Doctor.DoctorController.ExportIntegralInfoAsync (API) in 25ms
18:59:59 INFO  - Executed action GD.API.Controllers.Doctor.DoctorController.ExportIntegralInfoAsync (API) in 23ms
19:00:00 INFO  - Executed action GD.API.Controllers.Doctor.DoctorController.ExportIntegralInfoAsync (API) in 22ms
19:00:58 INFO  - Executed action GD.API.Controllers.Doctor.DoctorController.GetDoctorIntegralPageAsync (API) in 147ms
19:01:00 INFO  - Executed action GD.API.Controllers.Doctor.DoctorController.GetDoctorIntegralPageAsync (API) in 147ms
19:01:03 INFO  - Executed action GD.API.Controllers.Doctor.DoctorController.GetIntegralInfoPageAsync (API) in 62ms
19:01:05 INFO  - Executed action GD.API.Controllers.Doctor.DoctorController.ExportIntegralInfoAsync (API) in 41ms
19:01:06 INFO  - Executed action GD.API.Controllers.Doctor.DoctorController.ExportIntegralInfoAsync (API) in 23ms
19:01:06 INFO  - Executed action GD.API.Controllers.Doctor.DoctorController.ExportIntegralInfoAsync (API) in 25ms
19:01:08 INFO  - Executed action GD.API.Controllers.Doctor.DoctorController.GetIntegralInfoPageAsync (API) in 62ms
19:01:09 INFO  - Executed action GD.API.Controllers.Doctor.DoctorController.ExportIntegralInfoAsync (API) in 25ms
19:01:15 INFO  - Executed action GD.API.Controllers.Doctor.DoctorController.GetIntegralInfoPageAsync (API) in 61ms
19:01:17 INFO  - Executed action GD.API.Controllers.Doctor.DoctorController.ExportIntegralInfoAsync (API) in 23ms
19:01:18 INFO  - Executed action GD.API.Controllers.Doctor.DoctorController.ExportIntegralInfoAsync (API) in 22ms
19:01:18 INFO  - Executed action GD.API.Controllers.Doctor.DoctorController.ExportIntegralInfoAsync (API) in 23ms
19:01:19 INFO  - Executed action GD.API.Controllers.Doctor.DoctorController.ExportIntegralInfoAsync (API) in 24ms
19:01:22 INFO  - Executed action GD.API.Controllers.Doctor.DoctorController.ExportIntegralInfoAsync (API) in 22ms
19:01:33 INFO  - Executed action GD.API.Controllers.Doctor.DoctorController.GetIntegralInfoPageAsync (API) in 61ms
19:01:36 INFO  - Executed action GD.API.Controllers.Doctor.DoctorController.ExportIntegralInfoAsync (API) in 24ms
19:02:42 INFO  - Executed action GD.API.Controllers.Doctor.DoctorController.GetDoctorIntegralPageAsync (API) in 134ms
19:02:45 INFO  - Executed action GD.API.Controllers.Doctor.DoctorController.ExportDoctorIntegralAsync (API) in 31ms
19:02:51 INFO  - Executed action GD.API.Controllers.Doctor.DoctorController.GetDoctorIntegralPageAsync (API) in 134ms
19:02:55 INFO  - Executed action GD.API.Controllers.Doctor.DoctorController.GetDoctorIntegralPageAsync (API) in 63ms
19:02:57 INFO  - Executed action GD.API.Controllers.Doctor.DoctorController.ExportDoctorIntegralAsync (API) in 26ms
19:02:57 INFO  - Executed action GD.API.Controllers.Doctor.DoctorController.ExportDoctorIntegralAsync (API) in 26ms
19:02:58 INFO  - Executed action GD.API.Controllers.Doctor.DoctorController.ExportDoctorIntegralAsync (API) in 30ms
19:03:14 INFO  - Executed action GD.API.Controllers.Doctor.DoctorController.ExportDoctorIntegralAsync (API) in 25ms
19:03:15 INFO  - Executed action GD.API.Controllers.Doctor.DoctorController.ExportDoctorIntegralAsync (API) in 25ms
19:03:16 INFO  - Executed action GD.API.Controllers.Doctor.DoctorController.ExportDoctorIntegralAsync (API) in 28ms
