16:39:41 INFO  - Executed action GD.Host.Controllers.AccountController.LoginAdmin (PAPI) in 595ms
16:39:46 INFO  - Executed action GD.Host.Controllers.AccountController.LoginAdmin (PAPI) in 41ms
16:39:47 INFO  - Executed action GD.API.Controllers.Merchant.MerchantController.GetReviewMerchantPageAsync (API) in 123ms
16:39:52 INFO  - Executed action GD.API.Controllers.Merchant.MerchantController.GetMerchantPageAsync (API) in 90ms
16:39:52 INFO  - Executed action GD.API.Controllers.Merchant.MerchantController.GetMerchantPageAsync (API) in 168ms
16:39:54 INFO  - Executed action GD.API.Controllers.Doctor.HospitalController.GetHospitalAllSelectAsync (API) in 44ms
16:39:54 INFO  - Executed action GD.API.Controllers.Doctor.HospitalController.GetHospitalAllSelectAsync (API) in 29ms
16:39:54 INFO  - Executed action GD.API.Controllers.Doctor.DoctorController.GetDoctorPageAsync (API) in 99ms
16:39:55 INFO  - Executed action GD.API.Controllers.Merchant.MerchantController.GetBusinessScopeList (API) in 3077ms
16:39:55 INFO  - Executed action GD.API.Controllers.Doctor.DoctorController.GetDoctorJobTitles (API) in 855ms
16:39:55 INFO  - Executed action GD.API.Controllers.Merchant.MerchantController.GetBusinessScopeList (API) in 34ms
16:39:59 INFO  - Executed action GD.API.Controllers.Merchant.MerchantController.GetBusinessScopeList (API) in 27ms
16:39:59 INFO  - Executed action GD.API.Controllers.Merchant.MerchantController.GetBusinessScopeList (API) in 29ms
16:39:59 INFO  - Executed action GD.API.Controllers.Merchant.MerchantController.GetMerchantPageAsync (API) in 67ms
16:39:59 INFO  - Executed action GD.API.Controllers.Merchant.MerchantController.GetMerchantPageAsync (API) in 150ms
16:40:01 INFO  - Executed action GD.API.Controllers.Merchant.MerchantController.GetMerchantOrderDetailPageAsync (API) in 79ms
16:40:02 INFO  - Executed action GD.API.Controllers.Mall.MemberController.GetOrderDetailPageAsync (API) in 86ms
16:40:02 INFO  - Executed action GD.API.Controllers.Mall.MemberController.GetMemberOrderPageAsync (API) in 88ms
16:40:02 INFO  - Executed action GD.API.Controllers.Merchant.MerchantController.GetUserShopCountAsync (API) in 50ms
16:40:02 INFO  - Executed action GD.API.Controllers.Mall.MemberController.GetOrderInfoAsync (API) in 154ms
16:40:07 INFO  - Executed action GD.API.Controllers.Mall.MemberController.GetOrderDetailPageAsync (API) in 67ms
16:40:13 INFO  - Executed action GD.API.Controllers.Merchant.MerchantController.GetUserShopCountAsync (API) in 33ms
16:40:13 INFO  - Executed action GD.API.Controllers.Mall.MemberController.GetOrderInfoAsync (API) in 172ms
16:40:13 INFO  - Executed action GD.API.Controllers.Mall.MemberController.GetMemberOrderPageAsync (API) in 67ms
16:40:13 INFO  - Executed action GD.API.Controllers.Mall.MemberController.GetOrderDetailPageAsync (API) in 71ms
16:40:16 INFO  - Executed action GD.API.Controllers.Mall.MemberController.GetOrderDetailPageAsync (API) in 65ms
16:40:22 INFO  - Executed action GD.API.Controllers.Merchant.MerchantController.GetMerchantOrderDetailPageAsync (API) in 71ms
16:40:24 INFO  - Executed action GD.API.Controllers.Merchant.MerchantController.GetMerchantOrderDetailPageAsync (API) in 62ms
16:40:31 INFO  - Executed action GD.API.Controllers.Doctor.HospitalController.GetHospitalAllSelectAsync (API) in 28ms
16:40:31 INFO  - Executed action GD.API.Controllers.Doctor.HospitalController.GetHospitalAllSelectAsync (API) in 27ms
16:40:31 INFO  - Executed action GD.API.Controllers.Doctor.DoctorController.GetDoctorJobTitles (API) in 59ms
16:40:31 INFO  - Executed action GD.API.Controllers.Doctor.DoctorController.GetDoctorPageAsync (API) in 77ms
16:40:34 INFO  - Executed action GD.API.Controllers.Doctor.DoctorController.GetDoctorTopicAsync (API) in 490ms
16:40:37 INFO  - Executed action GD.API.Controllers.Doctor.DoctorController.TopicMessageAsync (API) in 70ms
16:40:44 INFO  - Executed action GD.API.Controllers.Doctor.DoctorController.GetDoctorCertificateDetailAsync (API) in 33ms
16:40:44 INFO  - Executed action GD.API.Controllers.Doctor.DoctorController.GetDoctorInfoAsync (API) in 116ms
16:41:06 INFO  - Executed action GD.API.Controllers.Doctor.DoctorController.UpdateDoctorInfoAsync (API) in 234ms
16:41:06 INFO  - Executed action GD.API.Controllers.Doctor.DoctorController.GetDoctorPageAsync (API) in 69ms
16:41:09 INFO  - Executed action GD.API.Controllers.Mall.MemberController.GetMemberPageAsync (API) in 77ms
16:41:11 INFO  - Executed action GD.API.Controllers.Mall.MemberController.GetMemberInfoAsync (API) in 471ms
16:41:12 INFO  - Executed action GD.API.Controllers.Mall.MemberController.GetMemberOrderPageAsync (API) in 67ms
16:41:17 INFO  - Executed action GD.API.Controllers.Mall.MemberController.GetMemberInfoAsync (API) in 157ms
16:41:17 INFO  - Executed action GD.API.Controllers.Mall.MemberController.GetMemberOrderPageAsync (API) in 67ms
16:41:20 INFO  - Executed action GD.API.Controllers.Merchant.MerchantController.GetReviewMerchantPageAsync (API) in 68ms
16:41:22 INFO  - Executed action GD.API.Controllers.Merchant.MerchantController.GetBusinessScopeLicenseListAsync (API) in 27ms
16:41:22 INFO  - Executed action GD.API.Controllers.System.CertificateController.GetCertificateListAsync (API) in 31ms
16:41:33 INFO  - Executed action GD.API.Controllers.Doctor.DoctorController.GetReviewDoctorPageAsync (API) in 70ms
16:41:36 INFO  - Executed action GD.API.Controllers.Doctor.DoctorController.GetDoctorCertificateDetailAsync (API) in 26ms
16:41:42 INFO  - Executed action GD.API.Controllers.Doctor.HospitalController.GetHospitalLevel (API) in 1ms
16:41:42 INFO  - Executed action GD.API.Controllers.Doctor.HospitalController.GetHospitalPageAsync (API) in 66ms
16:41:44 INFO  - Executed action GD.API.Controllers.Doctor.HospitalController.GetHospitalInfoAsync (API) in 94ms
16:41:49 INFO  - Executed action GD.API.Controllers.Doctor.HospitalController.GetOfficeListAsync (API) in 25ms
16:41:49 INFO  - Executed action GD.API.Controllers.Doctor.HospitalController.GetOfficeListAsync (API) in 31ms
16:41:53 INFO  - Executed action GD.API.Controllers.System.BannerController.GetBannerType1 (API) in 61ms
16:41:54 INFO  - Executed action GD.API.Controllers.System.BannerController.GetBannerType2 (API) in 23ms
16:41:57 INFO  - Executed action GD.API.Controllers.Manager.RecommendController.GetRecommendPageAsync (API) in 82ms
16:41:58 INFO  - Executed action GD.API.Controllers.Utility.CourseController.GetCourseListAsync (API) in 69ms
16:41:59 INFO  - Executed action GD.API.Controllers.System.HeadlineController.GetHeadlinePageAsync (API) in 78ms
16:42:06 INFO  - Executed action GD.API.Controllers.System.DictionaryController.GetDictionaryMatedata (API) in 31ms
16:42:06 INFO  - Executed action GD.API.Controllers.System.DictionaryController.GetDictionaryTreeAsync (API) in 31ms
16:42:06 INFO  - Executed action GD.API.Controllers.System.DictionaryController.GetDictionaryTreeAsync (API) in 33ms
16:42:11 INFO  - Executed action GD.API.Controllers.Utility.HelpController.GetHelpPageAsync (API) in 67ms
16:42:11 INFO  - Executed action GD.API.Controllers.Utility.HelpController.GetHelpPageAsync (API) in 74ms
16:42:14 INFO  - Executed action GD.API.Controllers.Consumer.AdviseController.GetAdvisePageAsync (API) in 66ms
16:42:14 INFO  - Executed action GD.API.Controllers.Consumer.AdviseController.GetAdvisePageAsync (API) in 83ms
16:42:15 INFO  - Executed action GD.API.Controllers.Utility.HelpController.GetHelpPageAsync (API) in 59ms
16:42:16 INFO  - Executed action GD.API.Controllers.Utility.HelpController.GetHelpPageAsync (API) in 78ms
16:42:20 INFO  - Executed action GD.API.Controllers.Utility.HelpController.AddHelpAsync (API) in 42ms
16:42:20 INFO  - Executed action GD.API.Controllers.Utility.HelpController.GetHelpPageAsync (API) in 71ms
16:42:24 INFO  - Executed action GD.API.Controllers.System.UserController.GetRoleListAsync (API) in 24ms
16:42:24 INFO  - Executed action GD.API.Controllers.System.UserController.GetOrganizationTreeAsync (API) in 34ms
16:42:24 INFO  - Executed action GD.API.Controllers.System.UserController.GetAccountListAsync (API) in 81ms
16:42:32 INFO  - Executed action GD.API.Controllers.System.UserController.GetAccountInfoAsync (API) in 331ms
16:42:37 INFO  - Executed action GD.API.Controllers.System.UserController.GetOrganizationTreeAsync (API) in 22ms
16:42:37 INFO  - Executed action GD.API.Controllers.System.UserController.GetOrganizationTreeAsync (API) in 26ms
16:43:01 INFO  - Executed action GD.API.Controllers.System.UserController.GetRoleListAsync (API) in 29ms
16:43:17 INFO  - Executed action GD.API.Controllers.System.UserController.UpdateRoleAsync (API) in 52ms
16:43:17 INFO  - Executed action GD.API.Controllers.System.UserController.GetRoleListAsync (API) in 29ms
17:16:05 INFO  - Executed action GD.API.Controllers.System.BannerController.GetBannerType1 (API) in 4321ms
17:16:11 INFO  - Executed action GD.API.Controllers.Merchant.MerchantController.GetReviewMerchantPageAsync (API) in 99ms
17:16:14 INFO  - Executed action GD.API.Controllers.Doctor.DoctorController.GetReviewDoctorPageAsync (API) in 89ms
17:16:25 INFO  - Executed action GD.API.Controllers.System.ReviewRecordController.GetReviewRecordPageAsync (API) in 78ms
17:19:01 INFO  - Executed action GD.API.Controllers.Doctor.DoctorController.GetDoctorCertificateDetailAsync (API) in 31ms
17:19:07 INFO  - Executed action GD.API.Controllers.Doctor.DoctorController.GetDoctorCertificateDetailAsync (API) in 26ms
17:19:10 INFO  - Executed action GD.API.Controllers.Doctor.DoctorController.GetReviewDoctorPageAsync (API) in 299ms
17:19:12 INFO  - Executed action GD.API.Controllers.Doctor.DoctorController.GetDoctorCertificateDetailAsync (API) in 28ms
17:19:51 INFO  - Executed action GD.API.Controllers.Doctor.DoctorController.GetDoctorCertificateDetailAsync (API) in 28ms
17:20:25 INFO  - Executed action GD.API.Controllers.Doctor.DoctorController.GetDoctorCertificateDetailAsync (API) in 28ms
17:23:42 INFO  - Executed action GD.API.Controllers.Mall.MemberController.GetMemberPageAsync (API) in 80ms
17:23:47 INFO  - Executed action GD.API.Controllers.Mall.MemberController.GetMemberInfoAsync (API) in 466ms
17:23:47 INFO  - Executed action GD.API.Controllers.Mall.MemberController.GetMemberOrderPageAsync (API) in 79ms
17:24:54 INFO  - Executed action GD.API.Controllers.Mall.MemberController.GetMemberPageAsync (API) in 84ms
17:28:45 INFO  - Executed action GD.API.Controllers.Mall.MemberController.GetMemberPageAsync (API) in 142ms
17:31:47 INFO  - Executed action GD.API.Controllers.System.UserController.GetRoleListAsync (API) in 765ms
17:31:48 INFO  - Executed action GD.API.Controllers.System.UserController.GetRoleListAsync (API) in 45ms
17:31:48 INFO  - Executed action GD.API.Controllers.System.UserController.GetOrganizationTreeAsync (API) in 106ms
17:31:48 INFO  - Executed action GD.API.Controllers.System.UserController.GetAccountListAsync (API) in 175ms
17:31:50 INFO  - Executed action GD.API.Controllers.System.UserController.GetAccountInfoAsync (API) in 215ms
17:31:59 INFO  - Executed action GD.API.Controllers.System.UserController.UpdateAccountAsync (API) in 177ms
17:31:59 INFO  - Executed action GD.API.Controllers.System.UserController.GetAccountListAsync (API) in 77ms
17:32:41 INFO  - Executed action GD.API.Controllers.System.UserController.GetAccountInfoAsync (API) in 1202ms
17:32:43 INFO  - Bad request GD.API.Controllers.System.UserController.UpdateAccountAsync (API) with email格式不正确
17:32:44 INFO  - Bad request GD.API.Controllers.System.UserController.UpdateAccountAsync (API) with email格式不正确
17:32:45 INFO  - Bad request GD.API.Controllers.System.UserController.UpdateAccountAsync (API) with email格式不正确
17:32:52 INFO  - Executed action GD.API.Controllers.System.UserController.UpdateAccountAsync (API) in 255ms
17:32:53 INFO  - Executed action GD.API.Controllers.System.UserController.GetAccountListAsync (API) in 129ms
17:34:57 INFO  - Executed action GD.API.Controllers.System.UserController.GetOrganizationTreeAsync (API) in 638ms
17:35:06 INFO  - Executed action GD.API.Controllers.System.UserController.GetOrganizationTreeAsync (API) in 49ms
17:35:10 INFO  - Executed action GD.API.Controllers.System.UserController.GetOrganizationTreeAsync (API) in 27ms
17:35:28 INFO  - Executed action GD.API.Controllers.System.UserController.GetOrganizationTreeAsync (API) in 25ms
17:35:34 INFO  - Executed action GD.API.Controllers.System.UserController.GetOrganizationTreeAsync (API) in 28ms
17:35:56 INFO  - Executed action GD.API.Controllers.System.UserController.UpdateOrganizationAsync (API) in 222ms
17:35:56 INFO  - Executed action GD.API.Controllers.System.UserController.GetOrganizationTreeAsync (API) in 26ms
17:35:59 INFO  - Executed action GD.API.Controllers.System.UserController.GetOrganizationTreeAsync (API) in 22ms
17:36:03 INFO  - Executed action GD.API.Controllers.System.UserController.GetOrganizationTreeAsync (API) in 29ms
17:40:09 INFO  - Executed action GD.API.Controllers.Doctor.HospitalController.GetHospitalAllSelectAsync (API) in 54ms
17:40:09 INFO  - Executed action GD.API.Controllers.Doctor.HospitalController.GetHospitalAllSelectAsync (API) in 25ms
17:40:10 INFO  - Executed action GD.API.Controllers.Doctor.DoctorController.GetDoctorPageAsync (API) in 571ms
17:40:13 INFO  - Executed action GD.API.Controllers.Merchant.MerchantController.GetMerchantPageAsync (API) in 69ms
17:40:13 INFO  - Executed action GD.API.Controllers.Merchant.MerchantController.GetMerchantPageAsync (API) in 82ms
17:40:14 INFO  - Executed action GD.API.Controllers.Merchant.MerchantController.GetBusinessScopeList (API) in 1192ms
17:40:14 INFO  - Executed action GD.API.Controllers.Doctor.DoctorController.GetDoctorJobTitles (API) in 4794ms
17:40:14 INFO  - Executed action GD.API.Controllers.Merchant.MerchantController.GetBusinessScopeList (API) in 34ms
17:40:18 INFO  - Executed action GD.API.Controllers.Merchant.MerchantController.GetReviewMerchantPageAsync (API) in 71ms
17:40:25 INFO  - Executed action GD.API.Controllers.Merchant.MerchantController.GetBusinessScopeList (API) in 27ms
17:40:25 INFO  - Executed action GD.API.Controllers.Merchant.MerchantController.GetMerchantPageAsync (API) in 53ms
17:40:25 INFO  - Executed action GD.API.Controllers.Merchant.MerchantController.GetMerchantPageAsync (API) in 79ms
17:40:26 INFO  - Executed action GD.API.Controllers.Merchant.MerchantController.GetBusinessScopeList (API) in 258ms
17:40:32 INFO  - Executed action GD.API.Controllers.Merchant.MerchantController.GetMerchantPageAsync (API) in 67ms
17:40:33 INFO  - Executed action GD.API.Controllers.Merchant.MerchantController.GetMerchantPageAsync (API) in 287ms
17:40:33 INFO  - Executed action GD.API.Controllers.Merchant.MerchantController.GetMerchantPageAsync (API) in 58ms
17:40:33 INFO  - Executed action GD.API.Controllers.Merchant.MerchantController.GetMerchantPageAsync (API) in 319ms
17:40:33 INFO  - Executed action GD.API.Controllers.Merchant.MerchantController.GetMerchantPageAsync (API) in 272ms
17:40:33 INFO  - Executed action GD.API.Controllers.Merchant.MerchantController.GetMerchantPageAsync (API) in 299ms
17:40:38 INFO  - Executed action GD.API.Controllers.Merchant.MerchantController.GetMerchantPageAsync (API) in 79ms
17:45:23 INFO  - Executed action GD.API.Controllers.Merchant.MerchantController.GetMerchantPageAsync (API) in 6513ms
17:45:30 INFO  - Executed action GD.API.Controllers.Merchant.MerchantController.GetMerchantPageAsync (API) in 284ms
17:45:32 INFO  - Executed action GD.API.Controllers.Merchant.MerchantController.GetMerchantPageAsync (API) in 285ms
17:45:59 INFO  - Executed action GD.API.Controllers.Merchant.MerchantController.GetMerchantPageAsync (API) in 75ms
17:46:05 INFO  - Executed action GD.API.Controllers.Merchant.MerchantController.GetMerchantPageAsync (API) in 83ms
17:46:10 INFO  - Executed action GD.API.Controllers.Merchant.MerchantController.GetMerchantPageAsync (API) in 74ms
17:46:14 INFO  - Executed action GD.API.Controllers.Merchant.MerchantController.GetMerchantPageAsync (API) in 73ms
17:46:17 INFO  - Executed action GD.API.Controllers.Merchant.MerchantController.GetMerchantPageAsync (API) in 73ms
17:47:28 INFO  - Executed action GD.API.Controllers.Merchant.MerchantController.GetMerchantPageAsync (API) in 71ms
17:47:31 INFO  - Executed action GD.API.Controllers.Merchant.MerchantController.GetReviewMerchantPageAsync (API) in 71ms
17:47:32 INFO  - Executed action GD.API.Controllers.Merchant.MerchantController.GetReviewMerchantPageAsync (API) in 70ms
17:50:07 INFO  - Executed action GD.API.Controllers.Merchant.MerchantController.GetReviewMerchantPageAsync (API) in 767ms
17:51:16 INFO  - Executed action GD.API.Controllers.Doctor.DoctorController.GetReviewDoctorPageAsync (API) in 340ms
17:51:19 INFO  - Executed action GD.API.Controllers.System.ReviewRecordController.GetReviewRecordPageAsync (API) in 76ms
17:51:27 INFO  - Executed action GD.API.Controllers.Merchant.MerchantController.GetReviewMerchantPageAsync (API) in 584ms
17:51:57 INFO  - Executed action GD.API.Controllers.Merchant.MerchantController.GetReviewMerchantPageAsync (API) in 73ms
17:55:14 INFO  - Executed action GD.API.Controllers.Merchant.MerchantController.GetMerchantPageAsync (API) in 77ms
17:55:14 INFO  - Executed action GD.API.Controllers.Merchant.MerchantController.GetMerchantPageAsync (API) in 142ms
17:55:17 INFO  - Executed action GD.API.Controllers.Doctor.HospitalController.GetHospitalAllSelectAsync (API) in 35ms
17:55:17 INFO  - Executed action GD.API.Controllers.Doctor.HospitalController.GetHospitalAllSelectAsync (API) in 30ms
17:55:17 INFO  - Executed action GD.API.Controllers.Doctor.DoctorController.GetDoctorPageAsync (API) in 75ms
17:55:18 INFO  - Executed action GD.API.Controllers.Merchant.MerchantController.GetBusinessScopeList (API) in 4031ms
17:55:18 INFO  - Executed action GD.API.Controllers.Doctor.DoctorController.GetDoctorJobTitles (API) in 1202ms
17:55:18 INFO  - Executed action GD.API.Controllers.Merchant.MerchantController.GetBusinessScopeList (API) in 27ms
17:56:28 INFO  - Executed action GD.API.Controllers.Doctor.DoctorController.GetReviewDoctorPageAsync (API) in 75ms
17:56:32 INFO  - Executed action GD.API.Controllers.Merchant.MerchantController.GetReviewMerchantPageAsync (API) in 64ms
17:56:35 INFO  - Executed action GD.API.Controllers.Doctor.DoctorController.GetReviewDoctorPageAsync (API) in 76ms
17:56:37 INFO  - Executed action GD.API.Controllers.Merchant.MerchantController.GetReviewMerchantPageAsync (API) in 64ms
18:03:50 INFO  - Executed action GD.API.Controllers.Merchant.MerchantController.GetBusinessScopeLicenseListAsync (API) in 649ms
18:03:50 INFO  - Executed action GD.API.Controllers.System.CertificateController.GetCertificateListAsync (API) in 40ms
18:03:52 INFO  - Executed action GD.API.Controllers.Merchant.MerchantController.GetReviewMerchantPageAsync (API) in 100ms
18:03:56 INFO  - Executed action GD.API.Controllers.System.ReviewRecordController.GetReviewRecordPageAsync (API) in 78ms
18:04:00 INFO  - Executed action GD.API.Controllers.System.ReviewRecordController.GetReviewRecordPageAsync (API) in 76ms
18:04:00 INFO  - Executed action GD.API.Controllers.System.ReviewRecordController.GetReviewRecordPageAsync (API) in 80ms
18:09:27 INFO  - Executed action GD.API.Controllers.System.ReviewRecordController.GetReviewRecordPageAsync (API) in 73ms
18:15:08 INFO  - Executed action GD.API.Controllers.Manager.RecommendController.GetRecommendPageAsync (API) in 635ms
18:15:13 INFO  - Executed action GD.API.Controllers.Manager.RecommendController.GetOwnerGuidsAsync (API) in 40ms
18:15:15 INFO  - Executed action GD.API.Controllers.Doctor.DoctorController.SearchDoctorAsync (API) in 65ms
18:15:23 INFO  - Executed action GD.API.Controllers.Manager.RecommendController.AddRecommendDetailAsync (API) in 221ms
18:15:23 INFO  - Executed action GD.API.Controllers.Manager.RecommendController.AddRecommendDetailAsync (API) in 72ms
18:15:25 INFO  - Executed action GD.API.Controllers.Manager.RecommendController.AddRecommendDetailAsync (API) in 68ms
18:15:26 INFO  - Executed action GD.API.Controllers.Manager.RecommendController.AddRecommendDetailAsync (API) in 70ms
18:15:34 INFO  - Executed action GD.API.Controllers.Doctor.DoctorController.SearchDoctorAsync (API) in 59ms
18:15:37 INFO  - Executed action GD.API.Controllers.Doctor.DoctorController.SearchDoctorAsync (API) in 59ms
18:15:44 INFO  - Executed action GD.API.Controllers.Doctor.DoctorController.SearchDoctorAsync (API) in 59ms
18:15:50 INFO  - Executed action GD.API.Controllers.Doctor.DoctorController.SearchDoctorAsync (API) in 60ms
18:16:05 INFO  - Executed action GD.API.Controllers.Manager.RecommendController.AddRecommendDetailAsync (API) in 64ms
18:16:13 INFO  - Executed action GD.API.Controllers.Manager.RecommendController.GetRecommendDoctorListAsync (API) in 3607ms
18:16:20 INFO  - Executed action GD.API.Controllers.Manager.RecommendController.GetOwnerGuidsAsync (API) in 22ms
18:16:28 INFO  - Executed action GD.API.Controllers.Manager.RecommendController.GetOwnerGuidsAsync (API) in 20ms
18:16:32 INFO  - Executed action GD.API.Controllers.Manager.RecommendController.GetRecommendPageAsync (API) in 61ms
18:16:34 INFO  - Executed action GD.API.Controllers.Manager.RecommendController.GetRecommendDoctorListAsync (API) in 124ms
18:16:53 INFO  - Executed action GD.API.Controllers.Manager.RecommendController.GetOwnerGuidsAsync (API) in 21ms
18:16:57 INFO  - Executed action GD.API.Controllers.Manager.RecommendController.AddRecommendDetailAsync (API) in 70ms
18:16:58 INFO  - Executed action GD.API.Controllers.Manager.RecommendController.AddRecommendDetailAsync (API) in 68ms
18:16:59 INFO  - Executed action GD.API.Controllers.Manager.RecommendController.AddRecommendDetailAsync (API) in 69ms
18:17:01 INFO  - Executed action GD.API.Controllers.Manager.RecommendController.DeleteRecommendDetail2Async (API) in 28ms
18:17:21 INFO  - Executed action GD.API.Controllers.Doctor.DoctorController.SearchDoctorAsync (API) in 62ms
18:17:32 INFO  - Executed action GD.API.Controllers.Doctor.DoctorController.SearchDoctorAsync (API) in 59ms
18:18:10 INFO  - Executed action GD.API.Controllers.Manager.RecommendController.GetRecommendDoctorListAsync (API) in 154ms
18:20:53 INFO  - Executed action GD.API.Controllers.Manager.RecommendController.GetRecommendPageAsync (API) in 690ms
18:20:58 INFO  - Executed action GD.API.Controllers.Manager.RecommendController.GetRecommendDoctorListAsync (API) in 2876ms
18:21:14 INFO  - Executed action GD.API.Controllers.Manager.RecommendController.GetOwnerGuidsAsync (API) in 37ms
18:21:33 INFO  - Executed action GD.API.Controllers.Manager.RecommendController.DeleteRecommendDetail2Async (API) in 132ms
18:21:55 INFO  - Executed action GD.API.Controllers.Manager.RecommendController.GetRecommendDoctorListAsync (API) in 66ms
18:21:56 INFO  - Executed action GD.API.Controllers.Manager.RecommendController.GetRecommendDoctorListAsync (API) in 66ms
18:21:57 INFO  - Executed action GD.API.Controllers.Manager.RecommendController.GetRecommendDoctorListAsync (API) in 67ms
18:21:58 INFO  - Executed action GD.API.Controllers.Manager.RecommendController.GetRecommendDoctorListAsync (API) in 69ms
18:21:58 INFO  - Executed action GD.API.Controllers.Manager.RecommendController.GetRecommendDoctorListAsync (API) in 80ms
18:22:01 INFO  - Executed action GD.API.Controllers.Manager.RecommendController.GetRecommendDoctorListAsync (API) in 68ms
18:22:18 INFO  - Executed action GD.API.Controllers.Doctor.HospitalController.GetHospitalLevel (API) in 2ms
18:22:18 INFO  - Executed action GD.API.Controllers.Doctor.HospitalController.GetHospitalPageAsync (API) in 73ms
18:37:33 INFO  - Executed action GD.API.Controllers.System.HomeController.GetMerchantQtyAsync (API) in 690ms
18:37:33 INFO  - Executed action GD.API.Controllers.System.HomeController.GetUserQtyAsync (API) in 692ms
18:37:33 INFO  - Executed action GD.API.Controllers.System.HomeController.GetDoctorsQtyAsync (API) in 692ms
18:37:33 INFO  - Executed action GD.API.Controllers.System.HomeController.GetOrderQtyAsync (API) in 692ms
19:45:17 INFO  - Executed action GD.Host.Controllers.AccountController.LoginAdmin (PAPI) in 739ms
19:45:22 INFO  - Executed action GD.Host.Controllers.AccountController.LoginAdmin (PAPI) in 59ms
19:45:22 INFO  - Executed action GD.API.Controllers.System.HomeController.GetUserQtyAsync (API) in 165ms
19:45:22 INFO  - Executed action GD.API.Controllers.System.HomeController.GetMerchantQtyAsync (API) in 216ms
19:45:22 INFO  - Executed action GD.API.Controllers.System.HomeController.GetDoctorsQtyAsync (API) in 220ms
19:45:22 INFO  - Executed action GD.API.Controllers.System.HomeController.GetOrderQtyAsync (API) in 224ms
19:45:28 INFO  - Executed action GD.API.Controllers.Merchant.MerchantController.GetMerchantPageAsync (API) in 194ms
19:45:28 INFO  - Executed action GD.API.Controllers.Merchant.MerchantController.GetMerchantPageAsync (API) in 198ms
19:45:29 INFO  - Executed action GD.API.Controllers.Doctor.HospitalController.GetHospitalAllSelectAsync (API) in 31ms
19:45:29 INFO  - Executed action GD.API.Controllers.Doctor.HospitalController.GetHospitalAllSelectAsync (API) in 32ms
19:45:29 INFO  - Executed action GD.API.Controllers.Doctor.DoctorController.GetDoctorPageAsync (API) in 114ms
19:45:30 INFO  - Executed action GD.API.Controllers.Mall.MemberController.GetMemberPageAsync (API) in 75ms
19:45:31 INFO  - Executed action GD.API.Controllers.Merchant.MerchantController.GetBusinessScopeList (API) in 3423ms
19:45:31 INFO  - Executed action GD.API.Controllers.Merchant.MerchantController.GetBusinessScopeList (API) in 3423ms
19:45:31 INFO  - Executed action GD.API.Controllers.Doctor.DoctorController.GetDoctorJobTitles (API) in 1674ms
19:45:32 INFO  - Executed action GD.API.Controllers.Merchant.MerchantController.GetReviewMerchantPageAsync (API) in 84ms
19:45:33 INFO  - Executed action GD.API.Controllers.Doctor.DoctorController.GetReviewDoctorPageAsync (API) in 76ms
19:45:34 INFO  - Executed action GD.API.Controllers.Doctor.HospitalController.GetHospitalLevel (API) in 3ms
19:45:34 INFO  - Executed action GD.API.Controllers.Doctor.HospitalController.GetHospitalPageAsync (API) in 87ms
19:45:35 INFO  - Executed action GD.API.Controllers.Doctor.HospitalController.GetOfficeListAsync (API) in 28ms
19:45:35 INFO  - Executed action GD.API.Controllers.Doctor.HospitalController.GetOfficeListAsync (API) in 34ms
