16:44:48 INFO  - Executed action GD.Host.Controllers.AccountController.LoginAdmin (PAPI) in 716ms
16:44:49 INFO  - Executed action GD.API.Controllers.System.HomeController.GetOrderQtyAsync (API) in 163ms
16:44:49 INFO  - Executed action GD.API.Controllers.System.HomeController.GetDoctorsQtyAsync (API) in 226ms
16:44:49 INFO  - Executed action GD.API.Controllers.System.HomeController.GetUserQtyAsync (API) in 236ms
16:44:49 INFO  - Executed action GD.API.Controllers.System.HomeController.GetMerchantQtyAsync (API) in 266ms
16:45:17 INFO  - Executed action GD.API.Controllers.Utility.ExecuteSqlController.QueryAsync (API) in 203ms
16:47:30 INFO  - Bad request GD.API.Controllers.Utility.ExecuteSqlController.QueryAsync (API) with sql必填
16:47:32 INFO  - Bad request GD.API.Controllers.Utility.ExecuteSqlController.QueryAsync (API) with sql必填
16:47:32 INFO  - Bad request GD.API.Controllers.Utility.ExecuteSqlController.QueryAsync (API) with sql必填
16:47:33 INFO  - Bad request GD.API.Controllers.Utility.ExecuteSqlController.QueryAsync (API) with sql必填
16:48:51 INFO  - Bad request GD.API.Controllers.Utility.ExecuteSqlController.QueryAsync (API) with sql必填
16:49:42 INFO  - Executed action GD.API.Controllers.Utility.ExecuteSqlController.QueryAsync (API) in 5066ms
16:50:20 INFO  - Executed action GD.API.Controllers.Utility.ExecuteSqlController.QueryAsync (API) in 19378ms
16:50:55 INFO  - Executed action GD.API.Controllers.Utility.ExecuteSqlController.QueryAsync (API) in 2792ms
16:52:39 INFO  - Executed action GD.API.Controllers.Utility.ExecuteSqlController.QueryAsync (API) in 15333ms
16:55:44 INFO  - Executed action GD.API.Controllers.Utility.ExecuteSqlController.QueryAsync (API) in 2984ms
16:58:06 INFO  - Executed action GD.API.Controllers.Utility.ExecuteSqlController.QueryAsync (API) in 13599ms
17:06:42 INFO  - Executed action GD.API.Controllers.Utility.ExecuteSqlController.QueryAsync (API) in 6240ms
17:09:09 INFO  - Executed action GD.API.Controllers.Utility.ExecuteSqlController.QueryAsync (API) in 53ms
17:09:43 INFO  - Executed action GD.API.Controllers.Utility.ExecuteSqlController.QueryAsync (API) in 52ms
17:10:18 INFO  - Bad request GD.API.Controllers.Utility.ExecuteSqlController.QueryAsync (API) with sql必填
17:10:21 INFO  - Executed action GD.API.Controllers.Utility.ExecuteSqlController.QueryAsync (API) in 50ms
17:12:28 INFO  - Executed action GD.API.Controllers.Utility.ExecuteSqlController.QueryAsync (API) in 53ms
17:12:32 INFO  - Executed action GD.API.Controllers.Utility.ExecuteSqlController.QueryAsync (API) in 50ms
17:12:37 INFO  - Executed action GD.API.Controllers.Utility.ExecuteSqlController.QueryAsync (API) in 49ms
17:13:05 INFO  - Executed action GD.API.Controllers.Utility.ExecuteSqlController.QueryAsync (API) in 257ms
17:13:32 INFO  - Executed action GD.API.Controllers.Utility.ExecuteSqlController.QueryAsync (API) in 50ms
17:14:06 INFO  - Executed action GD.API.Controllers.Utility.ExecuteSqlController.QueryAsync (API) in 49ms
17:14:07 INFO  - Executed action GD.API.Controllers.Utility.ExecuteSqlController.QueryAsync (API) in 48ms
17:14:45 INFO  - Executed action GD.API.Controllers.Utility.ExecuteSqlController.QueryAsync (API) in 111ms
17:15:00 INFO  - Executed action GD.API.Controllers.Utility.ExecuteSqlController.QueryAsync (API) in 67ms
17:15:49 INFO  - Executed action GD.API.Controllers.Utility.ExecuteSqlController.QueryAsync (API) in 52ms
17:15:55 INFO  - Executed action GD.API.Controllers.Utility.ExecuteSqlController.QueryAsync (API) in 46ms
17:15:57 INFO  - Executed action GD.API.Controllers.Utility.ExecuteSqlController.QueryAsync (API) in 49ms
17:16:48 INFO  - Executed action GD.API.Controllers.Utility.ExecuteSqlController.QueryAsync (API) in 52ms
17:16:49 INFO  - Executed action GD.API.Controllers.Utility.ExecuteSqlController.QueryAsync (API) in 61ms
17:16:50 INFO  - Executed action GD.API.Controllers.Utility.ExecuteSqlController.QueryAsync (API) in 89ms
17:17:02 INFO  - Executed action GD.API.Controllers.Utility.ExecuteSqlController.QueryAsync (API) in 117ms
17:17:14 INFO  - Executed action GD.API.Controllers.Utility.ExecuteSqlController.QueryAsync (API) in 112ms
17:17:15 INFO  - Executed action GD.API.Controllers.Utility.ExecuteSqlController.QueryAsync (API) in 120ms
17:17:18 INFO  - Executed action GD.API.Controllers.Utility.ExecuteSqlController.QueryAsync (API) in 54ms
17:17:19 INFO  - Executed action GD.API.Controllers.Utility.ExecuteSqlController.QueryAsync (API) in 51ms
17:17:47 INFO  - Executed action GD.API.Controllers.Utility.ExecuteSqlController.QueryAsync (API) in 45ms
17:18:33 INFO  - Executed action GD.API.Controllers.Utility.ExecuteSqlController.QueryAsync (API) in 66ms
17:18:46 INFO  - Executed action GD.API.Controllers.Utility.ExecuteSqlController.QueryAsync (API) in 54ms
17:18:49 INFO  - Executed action GD.API.Controllers.Utility.ExecuteSqlController.QueryAsync (API) in 62ms
17:19:51 INFO  - Executed action GD.API.Controllers.Utility.ExecuteSqlController.QueryAsync (API) in 65ms
17:23:59 INFO  - Executed action GD.API.Controllers.Utility.ExecuteSqlController.QueryAsync (API) in 60ms
17:24:50 INFO  - Executed action GD.API.Controllers.Utility.ExecuteSqlController.QueryAsync (API) in 54ms
17:26:01 INFO  - Executed action GD.API.Controllers.Utility.ExecuteSqlController.QueryAsync (API) in 68ms
17:26:06 INFO  - Executed action GD.API.Controllers.Utility.ExecuteSqlController.QueryAsync (API) in 272ms
17:26:35 INFO  - Executed action GD.API.Controllers.Utility.ExecuteSqlController.QueryAsync (API) in 73ms
17:28:39 INFO  - Executed action GD.API.Controllers.Utility.ExecuteSqlController.QueryAsync (API) in 73ms
17:28:56 INFO  - Bad request GD.API.Controllers.Utility.ExecuteSqlController.QueryAsync (API) with sql必填
17:28:58 INFO  - Executed action GD.API.Controllers.Utility.ExecuteSqlController.QueryAsync (API) in 62ms
17:30:31 INFO  - Executed action GD.API.Controllers.Utility.ExecuteSqlController.QueryAsync (API) in 62ms
17:31:01 INFO  - Executed action GD.API.Controllers.Utility.ExecuteSqlController.QueryAsync (API) in 60ms
17:32:01 INFO  - Executed action GD.API.Controllers.Utility.ExecuteSqlController.QueryAsync (API) in 57ms
17:32:36 INFO  - Executed action GD.API.Controllers.Utility.ExecuteSqlController.QueryAsync (API) in 58ms
17:35:15 INFO  - Executed action GD.API.Controllers.Utility.ExecuteSqlController.QueryAsync (API) in 49ms
17:41:46 INFO  - Executed action GD.API.Controllers.Utility.ExecuteSqlController.QueryAsync (API) in 133ms
17:42:02 INFO  - Executed action GD.API.Controllers.Utility.ExecuteSqlController.QueryAsync (API) in 63ms
17:42:20 INFO  - Executed action GD.API.Controllers.Utility.ExecuteSqlController.QueryAsync (API) in 278ms
17:42:45 INFO  - Executed action GD.API.Controllers.Utility.ExecuteSqlController.QueryAsync (API) in 1262ms
17:43:02 INFO  - Executed action GD.API.Controllers.Utility.ExecuteSqlController.QueryAsync (API) in 116ms
17:43:08 INFO  - Executed action GD.API.Controllers.Utility.ExecuteSqlController.QueryAsync (API) in 63ms
17:43:16 INFO  - Executed action GD.API.Controllers.Utility.ExecuteSqlController.QueryAsync (API) in 61ms
17:43:17 INFO  - Executed action GD.API.Controllers.Utility.ExecuteSqlController.QueryAsync (API) in 61ms
17:43:17 INFO  - Executed action GD.API.Controllers.Utility.ExecuteSqlController.QueryAsync (API) in 62ms
17:43:19 INFO  - Executed action GD.API.Controllers.Utility.ExecuteSqlController.QueryAsync (API) in 62ms
17:43:22 INFO  - Executed action GD.API.Controllers.Utility.ExecuteSqlController.QueryAsync (API) in 57ms
17:44:04 INFO  - Executed action GD.API.Controllers.Utility.ExecuteSqlController.QueryAsync (API) in 65ms
17:44:05 INFO  - Executed action GD.API.Controllers.Utility.ExecuteSqlController.QueryAsync (API) in 63ms
17:44:06 INFO  - Executed action GD.API.Controllers.Utility.ExecuteSqlController.QueryAsync (API) in 63ms
17:44:10 INFO  - Executed action GD.API.Controllers.Utility.ExecuteSqlController.QueryAsync (API) in 63ms
17:44:36 INFO  - Executed action GD.API.Controllers.Utility.ExecuteSqlController.QueryAsync (API) in 89ms
17:44:57 INFO  - Executed action GD.API.Controllers.Utility.ExecuteSqlController.QueryAsync (API) in 62ms
17:45:05 INFO  - Executed action GD.API.Controllers.Utility.ExecuteSqlController.QueryAsync (API) in 64ms
17:45:34 INFO  - Executed action GD.API.Controllers.Utility.ExecuteSqlController.QueryAsync (API) in 63ms
17:45:39 INFO  - Executed action GD.API.Controllers.Utility.ExecuteSqlController.QueryAsync (API) in 59ms
17:45:57 INFO  - Executed action GD.API.Controllers.Utility.ExecuteSqlController.QueryAsync (API) in 63ms
17:46:47 INFO  - Executed action GD.API.Controllers.Utility.ExecuteSqlController.QueryAsync (API) in 64ms
17:47:25 INFO  - Executed action GD.API.Controllers.Utility.ExecuteSqlController.QueryAsync (API) in 63ms
17:48:02 INFO  - Executed action GD.API.Controllers.Utility.ExecuteSqlController.QueryAsync (API) in 59ms
17:48:07 INFO  - Executed action GD.API.Controllers.Utility.ExecuteSqlController.QueryAsync (API) in 62ms
17:49:34 INFO  - Executed action GD.API.Controllers.Utility.ExecuteSqlController.QueryAsync (API) in 62ms
17:52:19 INFO  - Executed action GD.API.Controllers.Utility.ExecuteSqlController.QueryAsync (API) in 64ms
17:52:26 INFO  - Executed action GD.API.Controllers.Utility.ExecuteSqlController.QueryAsync (API) in 63ms
17:56:55 INFO  - Executed action GD.API.Controllers.Utility.ExecuteSqlController.QueryAsync (API) in 116ms
17:56:59 INFO  - Executed action GD.API.Controllers.Utility.ExecuteSqlController.QueryAsync (API) in 80ms
17:57:18 INFO  - Executed action GD.API.Controllers.Utility.ExecuteSqlController.QueryAsync (API) in 74ms
17:57:25 INFO  - Executed action GD.API.Controllers.Utility.ExecuteSqlController.QueryAsync (API) in 63ms
18:01:30 INFO  - Executed action GD.API.Controllers.Utility.ExecuteSqlController.QueryAsync (API) in 153ms
18:03:48 INFO  - Executed action GD.API.Controllers.Utility.ExecuteSqlController.QueryAsync (API) in 86ms
18:04:08 INFO  - Executed action GD.API.Controllers.Utility.ExecuteSqlController.QueryAsync (API) in 163ms
