11:52:47 INFO  - Executed action GD.Host.Controllers.AccountController.LoginAdmin (PAPI) in 990ms
11:52:48 INFO  - Executed action GD.API.Controllers.System.UserController.GetLoginUserInfoAsync (API) in 822ms
11:52:48 INFO  - Executed action GD.API.Controllers.System.HomeController.GetUserQtyAsync (API) in 57ms
11:52:48 INFO  - Executed action GD.API.Controllers.System.HomeController.GetOrderQtyAsync (API) in 143ms
11:52:48 INFO  - Executed action GD.API.Controllers.System.HomeController.GetMerchantQtyAsync (API) in 164ms
11:52:48 INFO  - Executed action GD.API.Controllers.System.HomeController.GetDoctorsQtyAsync (API) in 187ms
11:52:53 INFO  - Executed action GD.API.Controllers.Doctor.HospitalController.GetHospitalLevel (API) in 1ms
11:52:53 INFO  - Executed action GD.API.Controllers.Doctor.HospitalController.GetHospitalPageAsync (API) in 134ms
11:52:56 INFO  - Executed action GD.API.Controllers.Doctor.HospitalController.GetHospitalInfoAsync (API) in 160ms
11:53:08 INFO  - Executed action GD.API.Controllers.Utility.ArticleController.GetArticleTypeAsync (API) in 4913ms
11:53:08 INFO  - Executed action GD.API.Controllers.Utility.ArticleController.GetArticleListAsync (API) in 133ms
11:53:10 INFO  - Executed action GD.API.Controllers.Utility.ArticleController.GetArticleInfoAsync (API) in 141ms
13:43:03 INFO  - Executed action GD.API.Controllers.System.UserController.GetLoginUserInfoAsync (API) in 193ms
13:43:04 INFO  - Executed action GD.API.Controllers.Utility.ArticleController.GetArticleTypeAsync (API) in 17ms
13:43:04 INFO  - Executed action GD.API.Controllers.Utility.ArticleController.GetArticleListAsync (API) in 74ms
13:43:05 INFO  - Executed action GD.API.Controllers.Utility.ArticleController.GetArticleInfoAsync (API) in 54ms
13:59:09 INFO  - Executed action GD.API.Controllers.System.DictionaryController.GetDictionaryMatedata (API) in 152ms
13:59:09 INFO  - Executed action GD.API.Controllers.System.DictionaryController.GetDictionaryTreeAsync (API) in 177ms
13:59:09 INFO  - Executed action GD.API.Controllers.System.DictionaryController.GetDictionaryTreeAsync (API) in 176ms
14:08:43 INFO  - Executed action GD.API.Controllers.Utility.ArticleController.GetArticleTypeAsync (API) in 87ms
14:08:43 INFO  - Executed action GD.API.Controllers.Utility.ArticleController.GetArticleListAsync (API) in 89ms
14:08:44 INFO  - Executed action GD.API.Controllers.Utility.ArticleController.GetArticleInfoAsync (API) in 74ms
14:10:45 INFO  - Executed action GD.API.Controllers.System.UserController.GetLoginUserInfoAsync (API) in 186ms
14:10:45 INFO  - Executed action GD.API.Controllers.Utility.ArticleController.GetArticleTypeAsync (API) in 27ms
14:10:45 INFO  - Executed action GD.API.Controllers.Utility.ArticleController.GetArticleListAsync (API) in 95ms
14:10:47 INFO  - Executed action GD.API.Controllers.Utility.ArticleController.GetArticleInfoAsync (API) in 75ms
14:11:38 INFO  - Executed action GD.API.Controllers.System.UserController.GetLoginUserInfoAsync (API) in 183ms
14:11:39 INFO  - Executed action GD.API.Controllers.Utility.ArticleController.GetArticleTypeAsync (API) in 25ms
14:11:39 INFO  - Executed action GD.API.Controllers.Utility.ArticleController.GetArticleListAsync (API) in 97ms
14:11:40 INFO  - Executed action GD.API.Controllers.Utility.ArticleController.GetArticleInfoAsync (API) in 73ms
14:11:59 INFO  - Executed action GD.API.Controllers.System.UserController.GetLoginUserInfoAsync (API) in 185ms
14:11:59 INFO  - Executed action GD.API.Controllers.Utility.ArticleController.GetArticleTypeAsync (API) in 26ms
14:12:00 INFO  - Executed action GD.API.Controllers.Utility.ArticleController.GetArticleListAsync (API) in 97ms
14:12:29 INFO  - Executed action GD.API.Controllers.Utility.ArticleController.DisableEnableArticleAsync (API) in 137ms
14:12:29 INFO  - Executed action GD.API.Controllers.Utility.ArticleController.GetArticleListAsync (API) in 98ms
14:15:39 INFO  - Executed action GD.API.Controllers.Utility.ArticleController.DisableEnableArticleAsync (API) in 56ms
14:15:39 INFO  - Executed action GD.API.Controllers.Utility.ArticleController.GetArticleListAsync (API) in 92ms
14:15:55 INFO  - Executed action GD.API.Controllers.Utility.ArticleController.GetArticleTypeAsync (API) in 26ms
14:15:55 INFO  - Executed action GD.API.Controllers.Utility.ArticleController.GetArticleListAsync (API) in 94ms
16:14:23 INFO  - Executed action GD.API.Controllers.Utility.ArticleController.GetArticleInfoAsync (API) in 851ms
16:14:31 INFO  - Executed action GD.API.Controllers.Utility.ArticleController.UpdateArticleAsync (API) in 204ms
16:14:31 INFO  - Executed action GD.API.Controllers.Utility.ArticleController.GetArticleListAsync (API) in 119ms
16:14:32 INFO  - Executed action GD.API.Controllers.Utility.ArticleController.GetArticleInfoAsync (API) in 98ms
16:16:23 INFO  - Executed action GD.API.Controllers.System.UserController.GetLoginUserInfoAsync (API) in 1069ms
16:16:27 INFO  - Executed action GD.API.Controllers.Utility.ArticleController.GetArticleTypeAsync (API) in 3711ms
16:16:28 INFO  - Executed action GD.API.Controllers.Utility.ArticleController.GetArticleListAsync (API) in 90ms
16:16:30 INFO  - Executed action GD.API.Controllers.Utility.ArticleController.GetArticleInfoAsync (API) in 76ms
16:16:34 INFO  - Executed action GD.API.Controllers.Utility.ArticleController.GetArticleInfoAsync (API) in 40ms
16:16:37 INFO  - Executed action GD.API.Controllers.Utility.ArticleController.GetArticleInfoAsync (API) in 40ms
16:16:42 INFO  - Executed action GD.API.Controllers.Doctor.DoctorController.GetReviewDoctorPageAsync (API) in 44ms
16:16:44 INFO  - Executed action GD.API.Controllers.System.UserController.GetLoginUserInfoAsync (API) in 94ms
16:16:44 INFO  - Executed action GD.API.Controllers.Doctor.DoctorController.GetReviewDoctorPageAsync (API) in 40ms
16:16:47 INFO  - Executed action GD.API.Controllers.Doctor.DoctorController.GetDoctorCertificateDetailAsync (API) in 14ms
16:16:59 INFO  - Executed action GD.API.Controllers.Doctor.HospitalController.GetHospitalAllSelectAsync (API) in 22ms
16:16:59 INFO  - Executed action GD.API.Controllers.Doctor.DoctorController.GetDoctorJobTitlesAsync (API) in 35ms
16:16:59 INFO  - Executed action GD.API.Controllers.Doctor.DoctorController.GetDoctorPageAsync (API) in 119ms
16:17:02 INFO  - Executed action GD.API.Controllers.Doctor.DoctorController.GetDoctorIntegralPageAsync (API) in 133ms
16:17:07 INFO  - Executed action GD.API.Controllers.Merchant.MerchantController.GetBusinessScopeListAsync (API) in 17ms
16:17:07 INFO  - Executed action GD.API.Controllers.Merchant.MerchantController.GetMerchantPageAsync (API) in 40ms
16:43:01 INFO  - Executed action GD.API.Controllers.System.MenuController.GetMenuTree2Async (API) in 829ms
16:43:01 INFO  - Executed action GD.API.Controllers.System.UserController.GetRoleListAsync (API) in 779ms
16:43:08 INFO  - Executed action GD.API.Controllers.System.MenuController.GetMenuTreeAsync (API) in 26ms
16:43:14 INFO  - Executed action GD.API.Controllers.System.ButtonController.GetButtonListAsync (API) in 27ms
17:03:35 INFO  - Executed action GD.Host.Controllers.AccountController.LoginAdmin (PAPI) in 676ms
17:03:35 INFO  - Executed action GD.API.Controllers.System.UserController.GetLoginUserInfoAsync (API) in 598ms
17:03:36 INFO  - Executed action GD.API.Controllers.System.HomeController.GetUserQtyAsync (API) in 59ms
17:03:36 INFO  - Executed action GD.API.Controllers.System.HomeController.GetMerchantQtyAsync (API) in 149ms
17:03:36 INFO  - Executed action GD.API.Controllers.System.HomeController.GetDoctorsQtyAsync (API) in 152ms
17:03:36 INFO  - Executed action GD.API.Controllers.System.HomeController.GetOrderQtyAsync (API) in 155ms
17:03:55 INFO  - Executed action GD.API.Controllers.Doctor.HospitalController.GetHospitalLevel (API) in 1ms
17:03:55 INFO  - Executed action GD.API.Controllers.Doctor.HospitalController.GetHospitalPageAsync (API) in 142ms
17:04:01 INFO  - Executed action GD.API.Controllers.Doctor.HospitalController.GetHospitalAllSelectAsync (API) in 27ms
17:04:01 INFO  - Executed action GD.API.Controllers.Doctor.DoctorController.GetDoctorPageAsync (API) in 73ms
17:04:03 INFO  - Executed action GD.API.Controllers.Merchant.MerchantController.GetMerchantPageAsync (API) in 62ms
17:04:03 INFO  - Executed action GD.API.Controllers.Merchant.MerchantController.GetBusinessScopeListAsync (API) in 106ms
17:04:03 INFO  - Executed action GD.API.Controllers.Doctor.DoctorController.GetDoctorJobTitlesAsync (API) in 2510ms
17:04:26 INFO  - Executed action GD.Host.Controllers.AccountController.LoginAdmin (PAPI) in 25ms
17:04:27 INFO  - Executed action GD.API.Controllers.System.UserController.GetLoginUserInfoAsync (API) in 318ms
17:04:27 INFO  - Executed action GD.API.Controllers.Merchant.MerchantController.GetBusinessScopeListAsync (API) in 16ms
17:04:27 INFO  - Executed action GD.API.Controllers.Merchant.MerchantController.GetMerchantPageAsync (API) in 63ms
17:05:50 INFO  - Executed action GD.API.Controllers.System.UserController.GetLoginUserInfoAsync (API) in 194ms
17:05:51 INFO  - Executed action GD.API.Controllers.Merchant.MerchantController.GetBusinessScopeListAsync (API) in 29ms
17:05:51 INFO  - Executed action GD.API.Controllers.Merchant.MerchantController.GetMerchantPageAsync (API) in 65ms
17:06:08 INFO  - Executed action GD.API.Controllers.System.UserController.GetLoginUserInfoAsync (API) in 146ms
17:06:08 INFO  - Executed action GD.API.Controllers.Merchant.MerchantController.GetBusinessScopeListAsync (API) in 25ms
17:06:08 INFO  - Executed action GD.API.Controllers.Merchant.MerchantController.GetMerchantPageAsync (API) in 52ms
17:06:23 INFO  - Executed action GD.API.Controllers.System.UserController.GetLoginUserInfoAsync (API) in 231ms
17:06:24 INFO  - Executed action GD.API.Controllers.Merchant.MerchantController.GetBusinessScopeListAsync (API) in 20ms
17:06:24 INFO  - Executed action GD.API.Controllers.Merchant.MerchantController.GetMerchantPageAsync (API) in 59ms
17:06:41 INFO  - Executed action GD.API.Controllers.Merchant.MerchantController.DisableEnableMerchantAsync (API) in 130ms
17:06:43 INFO  - Executed action GD.API.Controllers.Merchant.MerchantController.DisableEnableMerchantAsync (API) in 94ms
17:14:24 INFO  - Executed action GD.API.Controllers.Utility.ArticleController.GetArticleTypeAsync (API) in 2840ms
17:14:24 INFO  - Executed action GD.API.Controllers.Utility.ArticleController.GetArticleListAsync (API) in 108ms
17:14:31 INFO  - Executed action GD.API.Controllers.Manager.RecommendController.GetRecommendPageAsync (API) in 49ms
17:14:42 INFO  - Executed action GD.API.Controllers.Manager.RecommendController.GetOwnerGuidsAsync (API) in 19ms
17:14:44 INFO  - Executed action GD.API.Controllers.Utility.ArticleController.SearchArticleAsync (API) in 51ms
17:14:48 INFO  - Executed action GD.API.Controllers.Utility.ArticleController.SearchArticleAsync (API) in 41ms
17:14:49 INFO  - Executed action GD.API.Controllers.Utility.ArticleController.SearchArticleAsync (API) in 43ms
17:14:52 INFO  - Executed action GD.API.Controllers.Utility.ArticleController.SearchArticleAsync (API) in 39ms
17:14:53 INFO  - Executed action GD.API.Controllers.Utility.ArticleController.SearchArticleAsync (API) in 43ms
17:14:53 INFO  - Executed action GD.API.Controllers.Utility.ArticleController.SearchArticleAsync (API) in 40ms
17:15:15 INFO  - Executed action GD.API.Controllers.Utility.ArticleController.GetArticleTypeAsync (API) in 16ms
17:15:15 INFO  - Executed action GD.API.Controllers.Utility.ArticleController.GetArticleListAsync (API) in 71ms
17:15:17 INFO  - Executed action GD.API.Controllers.Doctor.HospitalController.GetHospitalLevel (API) in 3ms
17:15:17 INFO  - Executed action GD.API.Controllers.Doctor.HospitalController.GetHospitalPageAsync (API) in 49ms
17:15:20 INFO  - Executed action GD.API.Controllers.Doctor.HospitalController.GetHospitalInfoAsync (API) in 315ms
17:16:24 INFO  - Executed action GD.API.Controllers.Doctor.DoctorController.GetDoctorJobTitlesAsync (API) in 37ms
17:16:24 INFO  - Executed action GD.API.Controllers.Doctor.DoctorController.GetDoctorPageAsync (API) in 141ms
17:16:29 INFO  - Executed action GD.API.Controllers.Doctor.DoctorController.GetReviewDoctorPageAsync (API) in 59ms
17:22:13 INFO  - Executed action GD.API.Controllers.Doctor.DoctorController.GetDoctorCertificateDetailAsync (API) in 102ms
17:22:41 INFO  - Executed action GD.API.Controllers.System.UserController.GetLoginUserInfoAsync (API) in 238ms
17:22:41 INFO  - Executed action GD.API.Controllers.Doctor.DoctorController.GetReviewDoctorPageAsync (API) in 80ms
17:22:54 INFO  - Executed action GD.Host.Controllers.AccountController.LoginAdmin (PAPI) in 44ms
17:22:54 INFO  - Executed action GD.API.Controllers.System.UserController.GetLoginUserInfoAsync (API) in 199ms
17:22:54 INFO  - Executed action GD.API.Controllers.Doctor.DoctorController.GetReviewDoctorPageAsync (API) in 70ms
17:22:56 INFO  - Executed action GD.API.Controllers.Doctor.DoctorController.GetDoctorCertificateDetailAsync (API) in 25ms
17:23:19 INFO  - Executed action GD.API.Controllers.System.UserController.GetLoginUserInfoAsync (API) in 194ms
17:23:19 INFO  - Executed action GD.API.Controllers.System.UserController.GetLoginUserInfoAsync (API) in 203ms
17:23:19 INFO  - Executed action GD.API.Controllers.Doctor.DoctorController.GetReviewDoctorPageAsync (API) in 67ms
17:23:19 INFO  - Executed action GD.API.Controllers.Merchant.MerchantController.GetBusinessScopeListAsync (API) in 30ms
17:23:19 INFO  - Executed action GD.API.Controllers.Merchant.MerchantController.GetMerchantPageAsync (API) in 150ms
17:23:20 INFO  - Executed action GD.API.Controllers.Doctor.DoctorController.GetDoctorCertificateDetailAsync (API) in 22ms
17:23:43 INFO  - Executed action GD.API.Controllers.Doctor.DoctorController.GetReviewDoctorPageAsync (API) in 67ms
17:23:47 INFO  - Executed action GD.API.Controllers.System.UserController.GetLoginUserInfoAsync (API) in 198ms
17:23:47 INFO  - Executed action GD.API.Controllers.Doctor.DoctorController.GetReviewDoctorPageAsync (API) in 67ms
17:23:48 INFO  - Executed action GD.API.Controllers.Doctor.DoctorController.GetDoctorCertificateDetailAsync (API) in 44ms
17:25:00 INFO  - Executed action GD.API.Controllers.Merchant.MerchantController.GetReviewMerchantPageAsync (API) in 77ms
17:25:02 INFO  - Executed action GD.API.Controllers.Merchant.MerchantController.GetBusinessScopeLicenseListAsync (API) in 31ms
17:25:02 INFO  - Executed action GD.API.Controllers.System.CertificateController.GetCertificateListAsync (API) in 25ms
17:25:25 INFO  - Executed action GD.API.Controllers.Merchant.MerchantController.GetBusinessScopeLicenseListAsync (API) in 51ms
17:25:25 INFO  - Executed action GD.API.Controllers.System.CertificateController.GetCertificateListAsync (API) in 49ms
17:25:56 INFO  - Executed action GD.API.Controllers.System.UserController.GetLoginUserInfoAsync (API) in 377ms
17:25:56 INFO  - Executed action GD.API.Controllers.Merchant.MerchantController.GetReviewMerchantPageAsync (API) in 134ms
17:25:58 INFO  - Executed action GD.API.Controllers.Merchant.MerchantController.GetBusinessScopeLicenseListAsync (API) in 49ms
17:25:58 INFO  - Executed action GD.API.Controllers.System.CertificateController.GetCertificateListAsync (API) in 51ms
17:26:31 INFO  - Executed action GD.API.Controllers.System.UserController.GetLoginUserInfoAsync (API) in 370ms
17:26:31 INFO  - Executed action GD.API.Controllers.Merchant.MerchantController.GetReviewMerchantPageAsync (API) in 132ms
17:26:32 INFO  - Executed action GD.API.Controllers.Merchant.MerchantController.GetBusinessScopeLicenseListAsync (API) in 49ms
17:26:32 INFO  - Executed action GD.API.Controllers.System.CertificateController.GetCertificateListAsync (API) in 47ms
17:26:38 INFO  - Executed action GD.API.Controllers.Doctor.DoctorController.GetReviewDoctorPageAsync (API) in 132ms
17:26:40 INFO  - Executed action GD.API.Controllers.Doctor.DoctorController.GetDoctorCertificateDetailAsync (API) in 49ms
17:27:03 INFO  - Executed action GD.API.Controllers.System.UserController.GetLoginUserInfoAsync (API) in 191ms
17:27:03 INFO  - Executed action GD.API.Controllers.Doctor.DoctorController.GetReviewDoctorPageAsync (API) in 66ms
17:27:04 INFO  - Executed action GD.API.Controllers.Doctor.DoctorController.GetDoctorCertificateDetailAsync (API) in 26ms
17:27:36 INFO  - Executed action GD.API.Controllers.System.UserController.GetLoginUserInfoAsync (API) in 180ms
17:27:36 INFO  - Executed action GD.API.Controllers.System.UserController.GetLoginUserInfoAsync (API) in 196ms
17:27:37 INFO  - Executed action GD.API.Controllers.Doctor.DoctorController.GetReviewDoctorPageAsync (API) in 67ms
17:27:40 INFO  - Executed action GD.API.Controllers.Merchant.MerchantController.GetReviewMerchantPageAsync (API) in 64ms
17:27:42 INFO  - Executed action GD.API.Controllers.Merchant.MerchantController.GetBusinessScopeLicenseListAsync (API) in 22ms
17:27:42 INFO  - Executed action GD.API.Controllers.System.CertificateController.GetCertificateListAsync (API) in 25ms
17:29:53 INFO  - Executed action GD.API.Controllers.Doctor.DoctorController.GetDoctorIntegralPageAsync (API) in 164ms
17:29:57 INFO  - Executed action GD.API.Controllers.Merchant.MerchantController.GetBusinessScopeListAsync (API) in 27ms
17:29:57 INFO  - Executed action GD.API.Controllers.Merchant.MerchantController.GetMerchantPageAsync (API) in 70ms
17:29:58 INFO  - Executed action GD.API.Controllers.Merchant.MerchantController.GetMerchantOrderDetailPageAsync (API) in 72ms
17:30:01 INFO  - Executed action GD.API.Controllers.Mall.MemberController.GetMemberPageAsync (API) in 91ms
17:30:03 INFO  - Executed action GD.API.Controllers.Mall.MemberController.GetMemberInfoAsync (API) in 309ms
17:30:03 INFO  - Executed action GD.API.Controllers.Mall.MemberController.GetMemberOrderPageAsync (API) in 75ms
17:30:11 INFO  - Executed action GD.API.Controllers.Utility.ArticleController.GetArticleTypeAsync (API) in 28ms
17:30:11 INFO  - Executed action GD.API.Controllers.Utility.ArticleController.GetArticleListAsync (API) in 93ms
17:30:12 INFO  - Executed action GD.API.Controllers.Utility.ArticleController.GetArticleInfoAsync (API) in 112ms
17:30:16 INFO  - Executed action GD.API.Controllers.Manager.RecommendController.GetRecommendPageAsync (API) in 65ms
17:31:50 INFO  - Executed action GD.API.Controllers.Manager.RecommendController.GetRecommendPageAsync (API) in 97ms
17:32:12 INFO  - Executed action GD.API.Controllers.System.UserController.GetLoginUserInfoAsync (API) in 181ms
17:32:12 INFO  - Executed action GD.API.Controllers.Manager.RecommendController.GetRecommendPageAsync (API) in 66ms
17:32:28 INFO  - Executed action GD.API.Controllers.Manager.RecommendController.GetRecommendPageAsync (API) in 67ms
17:32:58 INFO  - Executed action GD.API.Controllers.System.UserController.GetLoginUserInfoAsync (API) in 196ms
17:32:59 INFO  - Executed action GD.API.Controllers.Manager.RecommendController.GetRecommendPageAsync (API) in 65ms
17:33:21 INFO  - Executed action GD.API.Controllers.Manager.RecommendController.GetRecommendPageAsync (API) in 132ms
17:33:23 INFO  - Executed action GD.API.Controllers.Manager.RecommendController.GetRecommendPageAsync (API) in 67ms
17:33:25 INFO  - Executed action GD.API.Controllers.Manager.RecommendController.GetRecommendPageAsync (API) in 62ms
17:33:35 INFO  - Executed action GD.API.Controllers.Manager.RecommendController.GetRecommendPageAsync (API) in 134ms
17:33:36 INFO  - Executed action GD.API.Controllers.Manager.RecommendController.GetRecommendPageAsync (API) in 132ms
17:33:38 INFO  - Executed action GD.API.Controllers.System.UserController.GetLoginUserInfoAsync (API) in 213ms
17:33:39 INFO  - Executed action GD.API.Controllers.Manager.RecommendController.GetRecommendPageAsync (API) in 62ms
17:34:10 INFO  - Executed action GD.API.Controllers.System.UserController.GetLoginUserInfoAsync (API) in 383ms
17:34:10 INFO  - Executed action GD.API.Controllers.Manager.RecommendController.GetRecommendPageAsync (API) in 131ms
17:34:30 INFO  - Executed action GD.API.Controllers.Manager.RecommendController.GetRecommendPageAsync (API) in 69ms
17:35:18 INFO  - Executed action GD.API.Controllers.System.UserController.GetLoginUserInfoAsync (API) in 352ms
17:35:18 INFO  - Executed action GD.API.Controllers.Manager.RecommendController.GetRecommendPageAsync (API) in 72ms
17:35:33 INFO  - Executed action GD.API.Controllers.System.UserController.GetLoginUserInfoAsync (API) in 737ms
17:35:33 INFO  - Executed action GD.API.Controllers.Manager.RecommendController.GetRecommendPageAsync (API) in 141ms
17:36:06 INFO  - Executed action GD.API.Controllers.System.HeadlineController.GetHeadlinePageAsync (API) in 95ms
17:36:17 INFO  - Executed action GD.API.Controllers.Doctor.HospitalController.GetHospitalLevel (API) in 0ms
17:36:17 INFO  - Executed action GD.API.Controllers.Doctor.HospitalController.GetHospitalPageAsync (API) in 69ms
17:36:20 INFO  - Executed action GD.API.Controllers.Doctor.HospitalController.GetHospitalInfoAsync (API) in 91ms
17:36:31 INFO  - Executed action GD.API.Controllers.Utility.ArticleController.GetArticleTypeAsync (API) in 26ms
17:36:32 INFO  - Executed action GD.API.Controllers.Utility.ArticleController.GetArticleListAsync (API) in 102ms
17:36:35 INFO  - Executed action GD.API.Controllers.System.BannerController.GetBannerType1 (API) in 61ms
17:36:35 INFO  - Executed action GD.API.Controllers.System.BannerController.GetBannerPageAsync (API) in 127ms
17:37:52 INFO  - Executed action GD.API.Controllers.System.BannerController.GetBannerType1 (API) in 51ms
17:37:52 INFO  - Executed action GD.API.Controllers.System.BannerController.GetBannerPageAsync (API) in 114ms
17:38:47 INFO  - Executed action GD.API.Controllers.System.BannerController.GetBannerType1 (API) in 53ms
17:38:47 INFO  - Executed action GD.API.Controllers.System.BannerController.GetBannerPageAsync (API) in 113ms
17:39:11 INFO  - Executed action GD.API.Controllers.System.BannerController.GetBannerType1 (API) in 57ms
17:39:11 INFO  - Executed action GD.API.Controllers.System.BannerController.GetBannerPageAsync (API) in 109ms
17:39:13 INFO  - Executed action GD.API.Controllers.System.BannerController.GetBannerType1 (API) in 56ms
17:39:13 INFO  - Executed action GD.API.Controllers.System.BannerController.GetBannerPageAsync (API) in 112ms
17:39:16 INFO  - Executed action GD.API.Controllers.System.UserController.GetLoginUserInfoAsync (API) in 182ms
17:39:16 INFO  - Executed action GD.API.Controllers.System.BannerController.GetBannerPageAsync (API) in 109ms
17:39:17 INFO  - Executed action GD.API.Controllers.System.BannerController.GetBannerType1 (API) in 301ms
17:41:05 INFO  - Executed action GD.API.Controllers.System.BannerController.GetBannerType1 (API) in 52ms
17:41:05 INFO  - Executed action GD.API.Controllers.System.BannerController.GetBannerPageAsync (API) in 115ms
17:41:11 INFO  - Executed action GD.API.Controllers.System.BannerController.GetBannerType1 (API) in 47ms
17:41:11 INFO  - Executed action GD.API.Controllers.System.BannerController.GetBannerPageAsync (API) in 120ms
17:41:24 INFO  - Executed action GD.API.Controllers.System.DictionaryController.GetBusinessScopeType (API) in 39ms
17:41:24 INFO  - Executed action GD.API.Controllers.System.DictionaryController.GetBusinessScopePageAsync (API) in 49ms
17:41:27 INFO  - Executed action GD.API.Controllers.System.UserController.GetOrganizationTreeAsync (API) in 29ms
17:41:27 INFO  - Executed action GD.API.Controllers.System.UserController.GetOrganizationTreeAsync (API) in 29ms
17:41:29 INFO  - Executed action GD.API.Controllers.System.DictionaryController.GetBusinessScopeType (API) in 33ms
17:41:29 INFO  - Executed action GD.API.Controllers.System.DictionaryController.GetBusinessScopePageAsync (API) in 45ms
17:41:30 INFO  - Executed action GD.API.Controllers.System.AccessoryController.GetAcessoryUrlAsync (API) in 25ms
17:41:34 INFO  - Executed action GD.API.Controllers.Doctor.DoctorController.GetReviewDoctorPageAsync (API) in 67ms
17:41:35 INFO  - Executed action GD.API.Controllers.Doctor.DoctorController.GetDoctorCertificateDetailAsync (API) in 24ms
17:41:47 INFO  - Executed action GD.API.Controllers.Doctor.DoctorController.GetDoctorCertificateDetailAsync (API) in 24ms
17:41:54 INFO  - Executed action GD.API.Controllers.Doctor.DoctorController.GetDoctorIntegralPageAsync (API) in 153ms
17:41:56 INFO  - Executed action GD.API.Controllers.Merchant.MerchantController.GetBusinessScopeListAsync (API) in 24ms
17:41:56 INFO  - Executed action GD.API.Controllers.Merchant.MerchantController.GetMerchantPageAsync (API) in 65ms
17:41:58 INFO  - Executed action GD.API.Controllers.Mall.MemberController.GetMemberPageAsync (API) in 65ms
17:42:03 INFO  - Executed action GD.API.Controllers.Mall.MemberController.GetMemberInfoAsync (API) in 152ms
17:42:03 INFO  - Executed action GD.API.Controllers.Mall.MemberController.GetMemberOrderPageAsync (API) in 62ms
17:42:08 INFO  - Executed action GD.API.Controllers.Doctor.DoctorController.GetDoctorIntegralPageAsync (API) in 156ms
17:42:11 INFO  - Executed action GD.API.Controllers.Doctor.DoctorController.GetDoctorJobTitlesAsync (API) in 55ms
17:42:11 INFO  - Executed action GD.API.Controllers.Doctor.HospitalController.GetHospitalAllSelectAsync (API) in 61ms
17:42:11 INFO  - Executed action GD.API.Controllers.Doctor.DoctorController.GetDoctorPageAsync (API) in 70ms
17:42:14 INFO  - Executed action GD.API.Controllers.System.HomeController.GetUserQtyAsync (API) in 22ms
17:42:14 INFO  - Executed action GD.API.Controllers.System.HomeController.GetDoctorsQtyAsync (API) in 34ms
17:42:14 INFO  - Executed action GD.API.Controllers.System.HomeController.GetOrderQtyAsync (API) in 30ms
17:42:14 INFO  - Executed action GD.API.Controllers.System.HomeController.GetMerchantQtyAsync (API) in 102ms
17:42:19 INFO  - Executed action GD.API.Controllers.Utility.ArticleController.GetArticleTypeAsync (API) in 14ms
17:42:19 INFO  - Executed action GD.API.Controllers.Utility.ArticleController.GetArticleListAsync (API) in 96ms
17:52:18 INFO  - Executed action GD.API.Controllers.System.UserController.GetLoginUserInfoAsync (API) in 217ms
17:52:18 INFO  - Executed action GD.API.Controllers.System.UserController.GetLoginUserInfoAsync (API) in 155ms
17:52:18 INFO  - Executed action GD.API.Controllers.Merchant.MerchantController.GetBusinessScopeListAsync (API) in 21ms
17:52:18 INFO  - Executed action GD.API.Controllers.Merchant.MerchantController.GetMerchantPageAsync (API) in 131ms
17:52:18 INFO  - Executed action GD.API.Controllers.Utility.ArticleController.GetArticleTypeAsync (API) in 26ms
17:52:18 INFO  - Executed action GD.API.Controllers.Utility.ArticleController.GetArticleListAsync (API) in 101ms
17:52:28 INFO  - Executed action GD.API.Controllers.System.HeadlineController.GetHeadlinePageAsync (API) in 64ms
17:52:33 INFO  - Executed action GD.API.Controllers.System.BannerController.GetBannerType1 (API) in 47ms
17:52:33 INFO  - Executed action GD.API.Controllers.System.BannerController.GetBannerPageAsync (API) in 118ms
17:53:52 INFO  - Executed action GD.API.Controllers.System.UserController.GetLoginUserInfoAsync (API) in 455ms
17:53:53 INFO  - Executed action GD.API.Controllers.System.BannerController.GetBannerType1 (API) in 60ms
17:53:53 INFO  - Executed action GD.API.Controllers.System.BannerController.GetBannerPageAsync (API) in 112ms
17:53:55 INFO  - Executed action GD.API.Controllers.System.BannerController.GetBannerPageAsync (API) in 116ms
17:54:05 INFO  - Executed action GD.API.Controllers.System.BannerController.GetBannerPageAsync (API) in 114ms
17:54:11 INFO  - Executed action GD.API.Controllers.System.BannerController.GetBannerPageAsync (API) in 117ms
17:54:14 INFO  - Executed action GD.API.Controllers.System.BannerController.GetBannerPageAsync (API) in 173ms
17:56:30 INFO  - Executed action GD.API.Controllers.System.UserController.GetLoginUserInfoAsync (API) in 188ms
17:56:31 INFO  - Executed action GD.API.Controllers.System.BannerController.GetBannerType1 (API) in 56ms
17:56:31 INFO  - Executed action GD.API.Controllers.System.BannerController.GetBannerPageAsync (API) in 121ms
17:56:34 INFO  - Executed action GD.API.Controllers.System.UserController.GetLoginUserInfoAsync (API) in 183ms
17:56:34 INFO  - Executed action GD.API.Controllers.System.BannerController.GetBannerType1 (API) in 49ms
17:56:34 INFO  - Executed action GD.API.Controllers.System.BannerController.GetBannerPageAsync (API) in 126ms
17:56:41 INFO  - Executed action GD.API.Controllers.System.UserController.GetLoginUserInfoAsync (API) in 178ms
17:56:41 INFO  - Executed action GD.API.Controllers.System.BannerController.GetBannerType1 (API) in 41ms
17:56:41 INFO  - Executed action GD.API.Controllers.System.BannerController.GetBannerPageAsync (API) in 117ms
17:56:48 INFO  - Executed action GD.API.Controllers.System.BannerController.GetBannerPageAsync (API) in 471ms
17:57:15 INFO  - Executed action GD.API.Controllers.System.UserController.GetLoginUserInfoAsync (API) in 196ms
17:57:15 INFO  - Executed action GD.API.Controllers.System.BannerController.GetBannerType1 (API) in 43ms
17:57:15 INFO  - Executed action GD.API.Controllers.System.BannerController.GetBannerPageAsync (API) in 128ms
17:57:24 INFO  - Executed action GD.API.Controllers.System.UserController.GetLoginUserInfoAsync (API) in 196ms
17:57:25 INFO  - Executed action GD.API.Controllers.System.BannerController.GetBannerType1 (API) in 57ms
17:57:25 INFO  - Executed action GD.API.Controllers.System.BannerController.GetBannerPageAsync (API) in 121ms
17:57:27 INFO  - Executed action GD.API.Controllers.System.UserController.GetLoginUserInfoAsync (API) in 208ms
17:57:27 INFO  - Executed action GD.API.Controllers.System.BannerController.GetBannerType1 (API) in 43ms
17:57:27 INFO  - Executed action GD.API.Controllers.System.BannerController.GetBannerPageAsync (API) in 120ms
17:58:40 INFO  - Executed action GD.API.Controllers.System.UserController.GetLoginUserInfoAsync (API) in 181ms
17:58:40 INFO  - Executed action GD.API.Controllers.System.UserController.GetLoginUserInfoAsync (API) in 182ms
17:58:41 INFO  - Executed action GD.API.Controllers.Merchant.MerchantController.GetBusinessScopeListAsync (API) in 28ms
17:58:41 INFO  - Executed action GD.API.Controllers.Merchant.MerchantController.GetMerchantPageAsync (API) in 56ms
17:58:41 INFO  - Executed action GD.API.Controllers.System.BannerController.GetBannerType1 (API) in 48ms
17:58:41 INFO  - Executed action GD.API.Controllers.System.BannerController.GetBannerPageAsync (API) in 132ms
17:58:58 INFO  - Executed action GD.API.Controllers.System.BannerController.GetBannerType1 (API) in 50ms
17:58:58 INFO  - Executed action GD.API.Controllers.System.BannerController.GetBannerPageAsync (API) in 116ms
17:59:00 INFO  - Executed action GD.API.Controllers.System.UserController.GetLoginUserInfoAsync (API) in 191ms
17:59:01 INFO  - Executed action GD.API.Controllers.System.BannerController.GetBannerType1 (API) in 56ms
17:59:01 INFO  - Executed action GD.API.Controllers.System.BannerController.GetBannerPageAsync (API) in 121ms
17:59:10 INFO  - Executed action GD.API.Controllers.System.BannerController.GetBannerPageAsync (API) in 105ms
17:59:11 INFO  - Executed action GD.API.Controllers.System.BannerController.GetBannerPageAsync (API) in 108ms
17:59:12 INFO  - Executed action GD.API.Controllers.System.BannerController.GetBannerPageAsync (API) in 113ms
17:59:13 INFO  - Executed action GD.API.Controllers.System.BannerController.GetBannerPageAsync (API) in 110ms
