09:36:35 INFO  - Executed action GD.API.Controllers.System.BannerController.GetBannerType1 (API) in 124ms
09:36:35 INFO  - Executed action GD.API.Controllers.System.BannerController.GetBannerPageAsync (API) in 233ms
09:36:47 INFO  - Executed action GD.API.Controllers.System.UserController.GetRoleListAsync (API) in 340ms
13:48:41 INFO  - Executed action GD.API.Controllers.Doctor.HospitalController.GetHospitalLevel (API) in 9ms
13:48:41 INFO  - Executed action GD.API.Controllers.Doctor.HospitalController.GetHospitalPageAsync (API) in 157ms
13:48:45 INFO  - Executed action GD.API.Controllers.Doctor.HospitalController.GetHospitalInfoAsync (API) in 119ms
15:38:11 INFO  - Executed action GD.API.Controllers.Doctor.HospitalController.GetHospitalLevel (API) in 0ms
15:38:11 INFO  - Executed action GD.API.Controllers.Doctor.HospitalController.GetHospitalPageAsync (API) in 191ms
17:37:27 INFO  - Executed action GD.Host.Controllers.AccountController.LoginAdmin (PAPI) in 623ms
17:37:33 INFO  - Executed action GD.Host.Controllers.AccountController.LoginAdmin (PAPI) in 45ms
17:37:33 INFO  - Executed action GD.API.Controllers.Doctor.DoctorController.GetDoctorPageAsync (API) in 116ms
17:37:33 INFO  - Executed action GD.API.Controllers.Doctor.HospitalController.GetHospitalAllSelectAsync (API) in 196ms
17:37:33 INFO  - Executed action GD.API.Controllers.Doctor.HospitalController.GetHospitalAllSelectAsync (API) in 39ms
17:37:37 INFO  - Executed action GD.API.Controllers.Doctor.DoctorController.GetDoctorJobTitlesAsync (API) in 3926ms
17:37:40 INFO  - Executed action GD.API.Controllers.Doctor.DoctorController.GetDoctorTopicAsync (API) in 72ms
17:38:06 INFO  - Executed action GD.API.Controllers.Doctor.DoctorController.GetDoctorPageAsync (API) in 81ms
17:38:07 INFO  - Executed action GD.API.Controllers.Doctor.DoctorController.GetDoctorPageAsync (API) in 80ms
17:38:09 INFO  - Executed action GD.API.Controllers.Doctor.DoctorController.GetDoctorPageAsync (API) in 77ms
17:38:12 INFO  - Executed action GD.API.Controllers.Doctor.DoctorController.GetDoctorPageAsync (API) in 80ms
17:41:49 INFO  - Executed action GD.API.Controllers.Utility.ExecuteSqlController.QueryAsync (API) in 163ms
17:42:09 INFO  - Executed action GD.API.Controllers.Utility.ExecuteSqlController.QueryAsync (API) in 81ms
17:42:20 INFO  - Executed action GD.API.Controllers.Utility.ExecuteSqlController.QueryAsync (API) in 114ms
17:42:31 INFO  - Executed action GD.API.Controllers.Utility.ExecuteSqlController.QueryAsync (API) in 124ms
17:42:35 INFO  - Executed action GD.API.Controllers.Utility.ExecuteSqlController.QueryAsync (API) in 121ms
17:43:04 INFO  - Executed action GD.API.Controllers.Utility.ExecuteSqlController.QueryAsync (API) in 130ms
17:43:10 INFO  - Executed action GD.API.Controllers.Utility.ExecuteSqlController.QueryAsync (API) in 123ms
17:43:13 INFO  - Executed action GD.API.Controllers.Utility.ExecuteSqlController.QueryAsync (API) in 119ms
17:43:54 INFO  - Executed action GD.API.Controllers.Utility.ExecuteSqlController.QueryAsync (API) in 157ms
17:43:56 INFO  - Executed action GD.API.Controllers.Utility.ExecuteSqlController.QueryAsync (API) in 109ms
17:44:24 INFO  - Executed action GD.API.Controllers.Utility.ExecuteSqlController.QueryAsync (API) in 118ms
17:44:39 INFO  - Executed action GD.API.Controllers.Utility.ExecuteSqlController.QueryAsync (API) in 124ms
17:44:56 INFO  - Executed action GD.API.Controllers.Utility.ExecuteSqlController.QueryAsync (API) in 115ms
17:45:11 INFO  - Executed action GD.API.Controllers.Utility.ExecuteSqlController.QueryAsync (API) in 29ms
17:45:31 INFO  - Executed action GD.API.Controllers.Utility.ExecuteSqlController.QueryAsync (API) in 113ms
17:46:31 INFO  - Executed action GD.API.Controllers.Utility.ExecuteSqlController.QueryAsync (API) in 72ms
17:47:10 INFO  - Executed action GD.API.Controllers.Utility.ExecuteSqlController.QueryAsync (API) in 0ms
17:47:11 INFO  - Executed action GD.API.Controllers.Utility.ExecuteSqlController.QueryAsync (API) in 0ms
17:47:11 INFO  - Executed action GD.API.Controllers.Utility.ExecuteSqlController.QueryAsync (API) in 0ms
18:11:00 INFO  - Executed action GD.API.Controllers.System.HomeController.GetUserQtyAsync (API) in 86ms
18:11:00 INFO  - Executed action GD.API.Controllers.System.HomeController.GetOrderQtyAsync (API) in 97ms
18:11:00 INFO  - Executed action GD.API.Controllers.System.HomeController.GetMerchantQtyAsync (API) in 93ms
18:11:00 INFO  - Executed action GD.API.Controllers.System.HomeController.GetDoctorsQtyAsync (API) in 120ms
18:11:19 INFO  - Executed action GD.Host.Controllers.AccountController.LoginAdmin (PAPI) in 25ms
18:11:19 INFO  - Executed action GD.API.Controllers.System.HomeController.GetDoctorsQtyAsync (API) in 24ms
18:11:19 INFO  - Executed action GD.API.Controllers.System.HomeController.GetUserQtyAsync (API) in 20ms
18:11:19 INFO  - Executed action GD.API.Controllers.System.HomeController.GetOrderQtyAsync (API) in 25ms
18:11:19 INFO  - Executed action GD.API.Controllers.System.HomeController.GetMerchantQtyAsync (API) in 28ms
18:11:54 INFO  - Executed action GD.API.Controllers.System.HomeController.GetMerchantQtyAsync (API) in 22ms
18:11:54 INFO  - Executed action GD.API.Controllers.System.HomeController.GetDoctorsQtyAsync (API) in 23ms
18:11:54 INFO  - Executed action GD.API.Controllers.System.HomeController.GetUserQtyAsync (API) in 25ms
18:11:54 INFO  - Executed action GD.API.Controllers.System.HomeController.GetOrderQtyAsync (API) in 31ms
18:11:56 INFO  - Executed action GD.API.Controllers.System.HomeController.GetUserQtyAsync (API) in 33ms
18:11:56 INFO  - Executed action GD.API.Controllers.System.HomeController.GetDoctorsQtyAsync (API) in 21ms
18:11:56 INFO  - Executed action GD.API.Controllers.System.HomeController.GetOrderQtyAsync (API) in 26ms
18:11:56 INFO  - Executed action GD.API.Controllers.System.HomeController.GetMerchantQtyAsync (API) in 31ms
18:12:29 INFO  - Executed action GD.API.Controllers.System.HomeController.GetDoctorsQtyAsync (API) in 24ms
18:12:29 INFO  - Executed action GD.API.Controllers.System.HomeController.GetMerchantQtyAsync (API) in 23ms
18:12:29 INFO  - Executed action GD.API.Controllers.System.HomeController.GetUserQtyAsync (API) in 25ms
18:12:29 INFO  - Executed action GD.API.Controllers.System.HomeController.GetOrderQtyAsync (API) in 25ms
18:12:32 INFO  - Executed action GD.API.Controllers.Doctor.HospitalController.GetHospitalLevel (API) in 2ms
18:12:32 INFO  - Executed action GD.API.Controllers.Doctor.HospitalController.GetHospitalPageAsync (API) in 67ms
18:13:03 INFO  - Executed action GD.API.Controllers.Doctor.HospitalController.GetHospitalLevel (API) in 0ms
18:13:03 INFO  - Executed action GD.API.Controllers.Doctor.HospitalController.GetHospitalPageAsync (API) in 77ms
18:13:37 INFO  - Executed action GD.API.Controllers.Doctor.HospitalController.GetHospitalLevel (API) in 3ms
18:13:37 INFO  - Executed action GD.API.Controllers.Doctor.HospitalController.GetHospitalPageAsync (API) in 67ms
18:13:39 INFO  - Executed action GD.API.Controllers.Doctor.HospitalController.GetHospitalOfficeSelectAsync (API) in 31ms
18:15:04 INFO  - Executed action GD.API.Controllers.Doctor.HospitalController.GetHospitalLevel (API) in 3ms
18:15:04 INFO  - Executed action GD.API.Controllers.Doctor.HospitalController.GetHospitalPageAsync (API) in 77ms
18:15:06 INFO  - Executed action GD.API.Controllers.Doctor.HospitalController.GetHospitalOfficeSelectAsync (API) in 27ms
18:15:33 INFO  - Executed action GD.API.Controllers.Doctor.HospitalController.GetHospitalLevel (API) in 0ms
18:15:33 INFO  - Executed action GD.API.Controllers.Doctor.HospitalController.GetHospitalPageAsync (API) in 76ms
18:15:36 INFO  - Executed action GD.API.Controllers.Doctor.HospitalController.GetHospitalOfficeSelectAsync (API) in 26ms
18:16:56 INFO  - Executed action GD.API.Controllers.Doctor.HospitalController.GetHospitalLevel (API) in 5ms
18:16:56 INFO  - Executed action GD.API.Controllers.Doctor.HospitalController.GetHospitalPageAsync (API) in 65ms
18:16:58 INFO  - Executed action GD.API.Controllers.Doctor.HospitalController.GetHospitalOfficeSelectAsync (API) in 32ms
18:18:09 INFO  - Executed action GD.API.Controllers.Doctor.HospitalController.GetHospitalLevel (API) in 0ms
18:18:09 INFO  - Executed action GD.API.Controllers.Doctor.HospitalController.GetHospitalPageAsync (API) in 66ms
18:18:13 INFO  - Executed action GD.API.Controllers.Doctor.HospitalController.GetHospitalOfficeSelectAsync (API) in 27ms
18:19:04 INFO  - Executed action GD.API.Controllers.Doctor.HospitalController.GetHospitalLevel (API) in 0ms
18:19:04 INFO  - Executed action GD.API.Controllers.Doctor.HospitalController.GetHospitalPageAsync (API) in 81ms
18:19:06 INFO  - Executed action GD.API.Controllers.Doctor.HospitalController.GetHospitalOfficeSelectAsync (API) in 26ms
18:19:12 INFO  - Executed action GD.API.Controllers.Doctor.HospitalController.GetHospitalOfficeSelectAsync (API) in 26ms
18:19:19 INFO  - Executed action GD.API.Controllers.Doctor.HospitalController.GetHospitalOfficeSelectAsync (API) in 32ms
18:19:21 INFO  - Executed action GD.API.Controllers.Doctor.HospitalController.GetHospitalOfficeSelectAsync (API) in 25ms
18:19:23 INFO  - Executed action GD.API.Controllers.Doctor.HospitalController.GetHospitalOfficeSelectAsync (API) in 26ms
18:19:34 INFO  - Executed action GD.API.Controllers.Doctor.HospitalController.GetOfficeListAsync (API) in 30ms
18:19:34 INFO  - Executed action GD.API.Controllers.Doctor.HospitalController.GetOfficeListAsync (API) in 35ms
18:19:35 INFO  - Executed action GD.API.Controllers.Doctor.HospitalController.GetHospitalLevel (API) in 0ms
18:19:35 INFO  - Executed action GD.API.Controllers.Doctor.HospitalController.GetHospitalPageAsync (API) in 68ms
18:19:41 INFO  - Executed action GD.API.Controllers.Doctor.HospitalController.GetHospitalAllSelectAsync (API) in 30ms
18:19:41 INFO  - Executed action GD.API.Controllers.Doctor.DoctorController.GetDoctorJobTitlesAsync (API) in 49ms
18:19:41 INFO  - Executed action GD.API.Controllers.Doctor.HospitalController.GetHospitalAllSelectAsync (API) in 32ms
18:19:41 INFO  - Executed action GD.API.Controllers.Doctor.DoctorController.GetDoctorPageAsync (API) in 70ms
18:23:30 INFO  - Executed action GD.API.Controllers.Merchant.MerchantController.GetBusinessScopeListAsync (API) in 26ms
18:23:30 INFO  - Executed action GD.API.Controllers.Merchant.MerchantController.GetMerchantPageAsync (API) in 87ms
18:23:33 INFO  - Executed action GD.API.Controllers.Doctor.HospitalController.GetHospitalLevel (API) in 0ms
18:23:33 INFO  - Executed action GD.API.Controllers.Doctor.HospitalController.GetHospitalPageAsync (API) in 65ms
18:23:35 INFO  - Executed action GD.API.Controllers.System.BannerController.GetBannerType1 (API) in 53ms
18:23:35 INFO  - Executed action GD.API.Controllers.System.BannerController.GetBannerPageAsync (API) in 134ms
18:23:41 INFO  - Executed action GD.API.Controllers.Manager.RecommendController.GetRecommendPageAsync (API) in 72ms
18:33:55 INFO  - Executed action GD.API.Controllers.System.HomeController.GetOrderQtyAsync (API) in 113ms
18:33:55 INFO  - Executed action GD.API.Controllers.System.HomeController.GetUserQtyAsync (API) in 99ms
18:33:55 INFO  - Executed action GD.API.Controllers.System.HomeController.GetDoctorsQtyAsync (API) in 138ms
18:33:55 INFO  - Executed action GD.API.Controllers.System.HomeController.GetMerchantQtyAsync (API) in 130ms
18:36:07 INFO  - Executed action GD.API.Controllers.Manager.RecommendController.GetRecommendPageAsync (API) in 70ms
