09:22:18 INFO  - Executed action GD.Host.Controllers.AccountController.LoginAdmin (PAPI) in 857ms
09:22:23 INFO  - Executed action GD.API.Controllers.Utility.ArticleController.GetArticleListAsync (API) in 111ms
09:22:25 INFO  - Executed action GD.API.Controllers.Utility.ArticleController.GetArticleTypeAsync (API) in 2629ms
09:22:27 INFO  - Executed action GD.API.Controllers.Utility.HelpController.GetHelpPageAsync (API) in 72ms
09:23:10 INFO  - Executed action GD.API.Controllers.Doctor.HospitalController.GetOfficeListAsync (API) in 34ms
09:23:10 INFO  - Executed action GD.API.Controllers.Doctor.HospitalController.GetOfficeListAsync (API) in 61ms
10:23:01 INFO  - Executed action GD.API.Controllers.System.UserController.GetOrganizationTreeAsync (API) in 110ms
10:23:01 INFO  - Executed action GD.API.Controllers.System.UserController.GetRoleListAsync (API) in 99ms
10:23:01 INFO  - Executed action GD.API.Controllers.System.UserController.GetAccountListAsync (API) in 164ms
10:23:06 INFO  - Executed action GD.API.Controllers.Utility.ArticleController.GetArticleTypeAsync (API) in 27ms
10:23:06 INFO  - Executed action GD.API.Controllers.Utility.ArticleController.GetArticleListAsync (API) in 65ms
10:37:25 INFO  - Executed action GD.API.Controllers.Utility.ArticleController.GetArticleInfoAsync (API) in 178ms
10:39:28 INFO  - Executed action GD.API.Controllers.Utility.ArticleController.GetArticleInfoAsync (API) in 82ms
11:26:50 INFO  - Executed action GD.API.Controllers.Doctor.HospitalController.GetOfficeListAsync (API) in 67ms
11:26:50 INFO  - Executed action GD.API.Controllers.Doctor.HospitalController.GetOfficeListAsync (API) in 85ms
11:27:06 INFO  - Executed action GD.API.Controllers.Doctor.HospitalController.UpdataOfficeAsync (API) in 153ms
11:27:06 INFO  - Executed action GD.API.Controllers.Doctor.HospitalController.GetOfficeListAsync (API) in 16ms
11:27:06 INFO  - Executed action GD.API.Controllers.Doctor.HospitalController.GetOfficeListAsync (API) in 23ms
11:27:17 INFO  - Executed action GD.API.Controllers.Doctor.HospitalController.GetOfficeListAsync (API) in 20ms
11:27:17 INFO  - Executed action GD.API.Controllers.Doctor.HospitalController.GetOfficeListAsync (API) in 28ms
11:32:29 INFO  - Executed action GD.API.Controllers.Doctor.HospitalController.GetOfficeListAsync (API) in 583ms
11:32:29 INFO  - Executed action GD.API.Controllers.Doctor.HospitalController.GetOfficeListAsync (API) in 583ms
11:40:35 INFO  - Executed action GD.API.Controllers.System.AccessoryController.GetAcessoryUrlAsync (API) in 227ms
11:40:52 INFO  - Executed action GD.API.Controllers.Doctor.HospitalController.GetOfficeListAsync (API) in 25ms
11:40:52 INFO  - Executed action GD.API.Controllers.Doctor.HospitalController.GetOfficeListAsync (API) in 73ms
11:40:53 INFO  - Executed action GD.API.Controllers.System.AccessoryController.GetAcessoryUrlAsync (API) in 30ms
11:41:16 INFO  - Executed action GD.API.Controllers.Doctor.HospitalController.GetOfficeListAsync (API) in 17ms
11:41:16 INFO  - Executed action GD.API.Controllers.Doctor.HospitalController.GetOfficeListAsync (API) in 24ms
11:41:24 INFO  - Executed action GD.API.Controllers.System.AccessoryController.GetAcessoryUrlAsync (API) in 322ms
11:45:23 INFO  - Executed action GD.API.Controllers.Doctor.HospitalController.GetOfficeListAsync (API) in 65ms
11:45:23 INFO  - Executed action GD.API.Controllers.Doctor.HospitalController.GetOfficeListAsync (API) in 82ms
11:45:37 INFO  - Executed action GD.API.Controllers.Doctor.HospitalController.GetOfficeListAsync (API) in 14ms
11:45:37 INFO  - Executed action GD.API.Controllers.Doctor.HospitalController.GetOfficeListAsync (API) in 21ms
11:46:05 INFO  - Executed action GD.API.Controllers.Doctor.HospitalController.UpdataOfficeAsync (API) in 10354ms
11:46:05 INFO  - Executed action GD.API.Controllers.Doctor.HospitalController.GetOfficeListAsync (API) in 15ms
11:46:05 INFO  - Executed action GD.API.Controllers.Doctor.HospitalController.GetOfficeListAsync (API) in 21ms
11:46:11 INFO  - Executed action GD.API.Controllers.System.AccessoryController.GetAcessoryUrlAsync (API) in 18ms
11:46:16 INFO  - Executed action GD.API.Controllers.System.AccessoryController.GetAcessoryUrlAsync (API) in 23ms
11:48:39 INFO  - Executed action GD.API.Controllers.Doctor.HospitalController.GetOfficeListAsync (API) in 610ms
11:48:39 INFO  - Executed action GD.API.Controllers.Doctor.HospitalController.GetOfficeListAsync (API) in 610ms
11:48:42 INFO  - Executed action GD.API.Controllers.System.AccessoryController.GetAcessoryUrlAsync (API) in 186ms
11:48:49 INFO  - Executed action GD.API.Controllers.System.AccessoryController.GetAcessoryUrlAsync (API) in 24ms
11:49:48 INFO  - Executed action GD.API.Controllers.Doctor.HospitalController.GetOfficeListAsync (API) in 25ms
11:49:48 INFO  - Executed action GD.API.Controllers.Doctor.HospitalController.GetOfficeListAsync (API) in 25ms
11:49:49 INFO  - Executed action GD.API.Controllers.System.AccessoryController.GetAcessoryUrlAsync (API) in 26ms
11:49:52 INFO  - Executed action GD.API.Controllers.System.AccessoryController.GetAcessoryUrlAsync (API) in 25ms
11:50:00 INFO  - Executed action GD.API.Controllers.System.AccessoryController.GetAcessoryUrlAsync (API) in 26ms
11:50:54 INFO  - Executed action GD.API.Controllers.Doctor.HospitalController.GetOfficeListAsync (API) in 26ms
11:50:54 INFO  - Executed action GD.API.Controllers.Doctor.HospitalController.GetOfficeListAsync (API) in 32ms
11:50:55 INFO  - Executed action GD.API.Controllers.System.AccessoryController.GetAcessoryUrlAsync (API) in 22ms
11:50:57 INFO  - Executed action GD.API.Controllers.System.AccessoryController.GetAcessoryUrlAsync (API) in 24ms
11:50:58 INFO  - Executed action GD.API.Controllers.System.AccessoryController.GetAcessoryUrlAsync (API) in 23ms
11:50:58 INFO  - Executed action GD.API.Controllers.System.AccessoryController.GetAcessoryUrlAsync (API) in 26ms
11:50:58 INFO  - Executed action GD.API.Controllers.System.AccessoryController.GetAcessoryUrlAsync (API) in 24ms
11:51:04 INFO  - Executed action GD.API.Controllers.System.AccessoryController.GetAcessoryUrlAsync (API) in 27ms
11:51:12 INFO  - Executed action GD.API.Controllers.Doctor.HospitalController.GetOfficeListAsync (API) in 24ms
11:51:12 INFO  - Executed action GD.API.Controllers.Doctor.HospitalController.GetOfficeListAsync (API) in 24ms
11:51:18 INFO  - Executed action GD.API.Controllers.System.AccessoryController.GetAcessoryUrlAsync (API) in 24ms
11:58:51 INFO  - Executed action GD.API.Controllers.Doctor.HospitalController.GetOfficeListAsync (API) in 74ms
11:58:51 INFO  - Executed action GD.API.Controllers.Doctor.HospitalController.GetOfficeListAsync (API) in 69ms
11:58:53 INFO  - Executed action GD.API.Controllers.System.AccessoryController.GetAcessoryUrlAsync (API) in 18ms
11:58:57 INFO  - Executed action GD.API.Controllers.System.AccessoryController.GetAcessoryUrlAsync (API) in 22ms
12:00:09 INFO  - Executed action GD.API.Controllers.System.AccessoryController.GetAcessoryUrlAsync (API) in 20ms
12:00:15 INFO  - Executed action GD.API.Controllers.Utility.ArticleController.GetArticleListAsync (API) in 107ms
12:00:16 INFO  - Executed action GD.API.Controllers.Utility.ArticleController.GetArticleInfoAsync (API) in 80ms
12:00:18 INFO  - Executed action GD.API.Controllers.Utility.ArticleController.GetArticleTypeAsync (API) in 3858ms
12:00:54 INFO  - Executed action GD.API.Controllers.Utility.ArticleController.GetArticleTypeAsync (API) in 17ms
12:00:54 INFO  - Executed action GD.API.Controllers.Utility.ArticleController.GetArticleListAsync (API) in 49ms
12:01:03 INFO  - Executed action GD.API.Controllers.Utility.ArticleController.GetArticleInfoAsync (API) in 55ms
12:01:06 INFO  - Executed action GD.API.Controllers.Doctor.HospitalController.GetOfficeListAsync (API) in 17ms
12:01:06 INFO  - Executed action GD.API.Controllers.Doctor.HospitalController.GetOfficeListAsync (API) in 17ms
12:01:08 INFO  - Executed action GD.API.Controllers.Doctor.HospitalController.GetHospitalLevel (API) in 5ms
12:01:08 INFO  - Executed action GD.API.Controllers.Doctor.HospitalController.GetHospitalPageAsync (API) in 61ms
13:38:59 INFO  - Executed action GD.API.Controllers.Doctor.HospitalController.GetHospitalInfoAsync (API) in 335ms
15:52:56 INFO  - Executed action GD.API.Controllers.Utility.ArticleController.GetArticleListAsync (API) in 592ms
15:52:59 INFO  - Executed action GD.API.Controllers.Utility.ArticleController.GetArticleTypeAsync (API) in 4196ms
15:53:08 INFO  - Executed action GD.API.Controllers.Utility.ArticleController.GetArticleListAsync (API) in 49ms
15:57:46 INFO  - Executed action GD.API.Controllers.Merchant.MerchantController.GetBusinessScopeListAsync (API) in 28ms
15:57:47 INFO  - Executed action GD.API.Controllers.Merchant.MerchantController.GetMerchantPageAsync (API) in 139ms
15:57:48 INFO  - Executed action GD.API.Controllers.Doctor.HospitalController.GetHospitalAllSelectAsync (API) in 34ms
15:57:48 INFO  - Executed action GD.API.Controllers.Doctor.HospitalController.GetHospitalAllSelectAsync (API) in 24ms
15:57:48 INFO  - Executed action GD.API.Controllers.Doctor.DoctorController.GetDoctorPageAsync (API) in 65ms
15:57:48 INFO  - Executed action GD.API.Controllers.Doctor.DoctorController.GetDoctorJobTitlesAsync (API) in 112ms
15:57:56 INFO  - Executed action GD.API.Controllers.Doctor.HospitalController.GetHospitalAllSelectAsync (API) in 21ms
15:57:56 INFO  - Executed action GD.API.Controllers.Doctor.DoctorController.GetDoctorJobTitlesAsync (API) in 42ms
15:57:56 INFO  - Executed action GD.API.Controllers.Doctor.DoctorController.GetDoctorPageAsync (API) in 48ms
15:57:56 INFO  - Executed action GD.API.Controllers.Doctor.HospitalController.GetHospitalAllSelectAsync (API) in 23ms
15:58:07 INFO  - Executed action GD.API.Controllers.Doctor.DoctorController.GetDoctorCertificateDetailAsync (API) in 47ms
15:58:07 INFO  - Executed action GD.API.Controllers.Doctor.DoctorController.GetDoctorInfoAsync (API) in 98ms
15:58:07 INFO  - Executed action GD.API.Controllers.Doctor.HospitalController.GetHospitalOfficeSelectAsync (API) in 30ms
15:58:36 INFO  - Executed action GD.API.Controllers.Doctor.DoctorController.GetDoctorCertificateDetailAsync (API) in 22ms
15:58:36 INFO  - Executed action GD.API.Controllers.Doctor.DoctorController.GetDoctorInfoAsync (API) in 65ms
15:58:36 INFO  - Executed action GD.API.Controllers.Doctor.HospitalController.GetHospitalOfficeSelectAsync (API) in 18ms
16:03:01 INFO  - Executed action GD.API.Controllers.Doctor.HospitalController.GetHospitalAllSelectAsync (API) in 64ms
16:03:01 INFO  - Executed action GD.API.Controllers.Doctor.HospitalController.GetHospitalAllSelectAsync (API) in 19ms
16:03:01 INFO  - Executed action GD.API.Controllers.Doctor.DoctorController.GetDoctorPageAsync (API) in 122ms
16:03:01 INFO  - Executed action GD.API.Controllers.Doctor.DoctorController.GetDoctorJobTitlesAsync (API) in 137ms
16:04:29 INFO  - Executed action GD.API.Controllers.Doctor.HospitalController.GetHospitalAllSelectAsync (API) in 18ms
16:04:29 INFO  - Executed action GD.API.Controllers.Doctor.HospitalController.GetHospitalAllSelectAsync (API) in 19ms
16:04:29 INFO  - Executed action GD.API.Controllers.Doctor.DoctorController.GetDoctorJobTitlesAsync (API) in 44ms
16:04:29 INFO  - Executed action GD.API.Controllers.Doctor.DoctorController.GetDoctorPageAsync (API) in 80ms
16:04:47 INFO  - Executed action GD.API.Controllers.Doctor.DoctorController.GetDoctorPageAsync (API) in 52ms
16:04:52 INFO  - Executed action GD.API.Controllers.Doctor.DoctorController.GetDoctorPageAsync (API) in 62ms
16:04:56 INFO  - Executed action GD.API.Controllers.Doctor.DoctorController.GetDoctorPageAsync (API) in 66ms
16:04:59 INFO  - Executed action GD.API.Controllers.Doctor.DoctorController.GetDoctorPageAsync (API) in 51ms
16:05:01 INFO  - Executed action GD.API.Controllers.Doctor.DoctorController.GetDoctorPageAsync (API) in 61ms
16:05:15 INFO  - Executed action GD.API.Controllers.Doctor.DoctorController.GetDoctorPageAsync (API) in 113ms
16:06:44 INFO  - Executed action GD.API.Controllers.Doctor.HospitalController.GetHospitalAllSelectAsync (API) in 32ms
16:06:44 INFO  - Executed action GD.API.Controllers.Doctor.DoctorController.GetDoctorJobTitlesAsync (API) in 41ms
16:06:44 INFO  - Executed action GD.API.Controllers.Doctor.DoctorController.GetDoctorPageAsync (API) in 49ms
16:06:44 INFO  - Executed action GD.API.Controllers.Doctor.HospitalController.GetHospitalAllSelectAsync (API) in 27ms
16:06:49 INFO  - Executed action GD.API.Controllers.Doctor.HospitalController.GetHospitalAllSelectAsync (API) in 27ms
16:06:49 INFO  - Executed action GD.API.Controllers.Doctor.DoctorController.GetDoctorJobTitlesAsync (API) in 34ms
16:06:49 INFO  - Executed action GD.API.Controllers.Doctor.DoctorController.GetDoctorPageAsync (API) in 61ms
16:06:49 INFO  - Executed action GD.API.Controllers.Doctor.HospitalController.GetHospitalAllSelectAsync (API) in 28ms
16:06:56 INFO  - Executed action GD.API.Controllers.Doctor.HospitalController.GetHospitalAllSelectAsync (API) in 25ms
16:06:56 INFO  - Executed action GD.API.Controllers.Doctor.DoctorController.GetDoctorJobTitlesAsync (API) in 41ms
16:06:56 INFO  - Executed action GD.API.Controllers.Doctor.DoctorController.GetDoctorPageAsync (API) in 51ms
16:06:56 INFO  - Executed action GD.API.Controllers.Doctor.HospitalController.GetHospitalAllSelectAsync (API) in 28ms
16:07:01 INFO  - Executed action GD.API.Controllers.Doctor.DoctorController.GetDoctorPageAsync (API) in 51ms
16:07:13 INFO  - Executed action GD.API.Controllers.Doctor.DoctorController.DisableEnableDoctorAsync (API) in 91ms
16:07:19 INFO  - Executed action GD.API.Controllers.Doctor.DoctorController.DisableEnableDoctorAsync (API) in 61ms
16:07:24 INFO  - Executed action GD.API.Controllers.Doctor.DoctorController.GetDoctorPageAsync (API) in 50ms
16:08:00 INFO  - Executed action GD.API.Controllers.Doctor.HospitalController.GetHospitalAllSelectAsync (API) in 69ms
16:08:00 INFO  - Executed action GD.API.Controllers.Doctor.DoctorController.GetDoctorJobTitlesAsync (API) in 34ms
16:08:00 INFO  - Executed action GD.API.Controllers.Doctor.HospitalController.GetHospitalAllSelectAsync (API) in 25ms
16:08:00 INFO  - Executed action GD.API.Controllers.Doctor.DoctorController.GetDoctorPageAsync (API) in 82ms
16:09:18 INFO  - Executed action GD.API.Controllers.Merchant.MerchantController.GetBusinessScopeListAsync (API) in 17ms
16:09:18 INFO  - Executed action GD.API.Controllers.Merchant.MerchantController.GetMerchantPageAsync (API) in 63ms
16:09:23 INFO  - Executed action GD.API.Controllers.Merchant.MerchantController.GetReviewMerchantPageAsync (API) in 50ms
16:09:25 INFO  - Executed action GD.API.Controllers.Doctor.DoctorController.GetReviewDoctorPageAsync (API) in 57ms
16:09:35 INFO  - Executed action GD.API.Controllers.Doctor.DoctorController.GetReviewDoctorPageAsync (API) in 62ms
16:09:38 INFO  - Executed action GD.API.Controllers.Doctor.DoctorController.GetReviewDoctorPageAsync (API) in 47ms
16:09:47 INFO  - Executed action GD.API.Controllers.Doctor.DoctorController.GetReviewDoctorPageAsync (API) in 52ms
16:09:52 INFO  - Executed action GD.API.Controllers.Doctor.DoctorController.GetReviewDoctorPageAsync (API) in 62ms
16:09:54 INFO  - Executed action GD.API.Controllers.Doctor.DoctorController.GetReviewDoctorPageAsync (API) in 46ms
16:09:56 INFO  - Executed action GD.API.Controllers.Doctor.DoctorController.GetReviewDoctorPageAsync (API) in 52ms
16:10:49 INFO  - Executed action GD.API.Controllers.Merchant.MerchantController.GetBusinessScopeListAsync (API) in 19ms
16:10:49 INFO  - Executed action GD.API.Controllers.Merchant.MerchantController.GetMerchantPageAsync (API) in 68ms
16:10:51 INFO  - Executed action GD.API.Controllers.Doctor.HospitalController.GetHospitalAllSelectAsync (API) in 19ms
16:10:51 INFO  - Executed action GD.API.Controllers.Doctor.DoctorController.GetDoctorJobTitlesAsync (API) in 36ms
16:10:51 INFO  - Executed action GD.API.Controllers.Doctor.HospitalController.GetHospitalAllSelectAsync (API) in 18ms
16:10:51 INFO  - Executed action GD.API.Controllers.Doctor.DoctorController.GetDoctorPageAsync (API) in 75ms
16:10:54 INFO  - Executed action GD.API.Controllers.Doctor.HospitalController.GetHospitalAllSelectAsync (API) in 26ms
16:10:54 INFO  - Executed action GD.API.Controllers.Doctor.DoctorController.GetDoctorJobTitlesAsync (API) in 52ms
16:10:54 INFO  - Executed action GD.API.Controllers.Doctor.HospitalController.GetHospitalAllSelectAsync (API) in 20ms
16:10:54 INFO  - Executed action GD.API.Controllers.Doctor.DoctorController.GetDoctorPageAsync (API) in 83ms
16:11:45 INFO  - Executed action GD.API.Controllers.Doctor.HospitalController.GetHospitalAllSelectAsync (API) in 26ms
16:11:45 INFO  - Executed action GD.API.Controllers.Doctor.DoctorController.GetDoctorJobTitlesAsync (API) in 42ms
16:11:45 INFO  - Executed action GD.API.Controllers.Doctor.DoctorController.GetDoctorPageAsync (API) in 60ms
16:11:45 INFO  - Executed action GD.API.Controllers.Doctor.HospitalController.GetHospitalAllSelectAsync (API) in 27ms
16:12:19 INFO  - Executed action GD.API.Controllers.Doctor.HospitalController.GetHospitalAllSelectAsync (API) in 17ms
16:12:19 INFO  - Executed action GD.API.Controllers.Doctor.HospitalController.GetHospitalAllSelectAsync (API) in 20ms
16:12:19 INFO  - Executed action GD.API.Controllers.Doctor.DoctorController.GetDoctorPageAsync (API) in 51ms
16:12:19 INFO  - Executed action GD.API.Controllers.Doctor.DoctorController.GetDoctorJobTitlesAsync (API) in 54ms
16:13:19 INFO  - Executed action GD.API.Controllers.Doctor.HospitalController.GetHospitalAllSelectAsync (API) in 28ms
16:13:19 INFO  - Executed action GD.API.Controllers.Doctor.DoctorController.GetDoctorJobTitlesAsync (API) in 43ms
16:13:19 INFO  - Executed action GD.API.Controllers.Doctor.DoctorController.GetDoctorPageAsync (API) in 57ms
16:13:19 INFO  - Executed action GD.API.Controllers.Doctor.HospitalController.GetHospitalAllSelectAsync (API) in 27ms
16:13:26 INFO  - Executed action GD.API.Controllers.Merchant.MerchantController.GetReviewMerchantPageAsync (API) in 46ms
16:13:27 INFO  - Executed action GD.API.Controllers.Doctor.DoctorController.GetReviewDoctorPageAsync (API) in 60ms
16:13:55 INFO  - Executed action GD.API.Controllers.Doctor.DoctorController.GetDoctorCertificateDetailAsync (API) in 17ms
16:14:17 INFO  - Executed action GD.API.Controllers.Doctor.DoctorController.GetDoctorCertificateDetailAsync (API) in 34ms
16:16:31 INFO  - Executed action GD.API.Controllers.Doctor.DoctorController.GetReviewDoctorPageAsync (API) in 48ms
16:17:03 INFO  - Executed action GD.API.Controllers.Doctor.DoctorController.GetReviewDoctorPageAsync (API) in 52ms
16:17:11 INFO  - Executed action GD.API.Controllers.Doctor.DoctorController.GetReviewDoctorPageAsync (API) in 63ms
16:17:15 INFO  - Executed action GD.API.Controllers.Doctor.HospitalController.GetHospitalAllSelectAsync (API) in 23ms
16:17:15 INFO  - Executed action GD.API.Controllers.Doctor.HospitalController.GetHospitalAllSelectAsync (API) in 18ms
16:17:15 INFO  - Executed action GD.API.Controllers.Doctor.DoctorController.GetDoctorJobTitlesAsync (API) in 53ms
16:17:15 INFO  - Executed action GD.API.Controllers.Doctor.DoctorController.GetDoctorPageAsync (API) in 304ms
16:21:53 INFO  - Executed action GD.API.Controllers.Doctor.HospitalController.GetHospitalAllSelectAsync (API) in 18ms
16:21:53 INFO  - Executed action GD.API.Controllers.Doctor.HospitalController.GetHospitalAllSelectAsync (API) in 17ms
16:21:53 INFO  - Executed action GD.API.Controllers.Doctor.DoctorController.GetDoctorJobTitlesAsync (API) in 36ms
16:21:53 INFO  - Executed action GD.API.Controllers.Doctor.DoctorController.GetDoctorPageAsync (API) in 82ms
16:41:05 INFO  - Executed action GD.API.Controllers.Doctor.DoctorController.GetDoctorIntegralPageAsync (API) in 298ms
16:41:23 INFO  - Executed action GD.API.Controllers.Doctor.DoctorController.GetDoctorIntegralPageAsync (API) in 162ms
16:41:30 INFO  - Executed action GD.API.Controllers.Doctor.DoctorController.GetDoctorIntegralPageAsync (API) in 132ms
16:41:33 INFO  - Executed action GD.API.Controllers.Doctor.DoctorController.GetDoctorIntegralPageAsync (API) in 124ms
16:42:17 INFO  - Executed action GD.API.Controllers.Doctor.DoctorController.GetDoctorIntegralPageAsync (API) in 24952ms
16:45:14 INFO  - Executed action GD.API.Controllers.Doctor.DoctorController.GetDoctorIntegralPageAsync (API) in 28637ms
16:45:30 INFO  - Executed action GD.API.Controllers.Doctor.DoctorController.GetDoctorIntegralPageAsync (API) in 2737ms
16:45:37 INFO  - Executed action GD.API.Controllers.Doctor.DoctorController.GetDoctorIntegralPageAsync (API) in 139ms
16:45:38 INFO  - Executed action GD.API.Controllers.Doctor.DoctorController.GetDoctorIntegralPageAsync (API) in 134ms
16:45:39 INFO  - Executed action GD.API.Controllers.Doctor.DoctorController.GetDoctorIntegralPageAsync (API) in 169ms
16:45:42 INFO  - Executed action GD.API.Controllers.Doctor.DoctorController.GetDoctorIntegralPageAsync (API) in 139ms
16:45:45 INFO  - Executed action GD.API.Controllers.Doctor.DoctorController.GetDoctorIntegralPageAsync (API) in 144ms
16:45:45 INFO  - Executed action GD.API.Controllers.Doctor.DoctorController.GetDoctorIntegralPageAsync (API) in 139ms
16:45:47 INFO  - Executed action GD.API.Controllers.Doctor.DoctorController.GetDoctorIntegralPageAsync (API) in 132ms
16:46:25 INFO  - Executed action GD.API.Controllers.Doctor.DoctorController.GetDoctorIntegralPageAsync (API) in 141ms
16:46:28 INFO  - Executed action GD.API.Controllers.Doctor.DoctorController.GetDoctorIntegralPageAsync (API) in 153ms
16:46:43 INFO  - Executed action GD.API.Controllers.Doctor.DoctorController.GetDoctorIntegralPageAsync (API) in 138ms
16:46:47 INFO  - Executed action GD.API.Controllers.Doctor.DoctorController.GetDoctorIntegralPageAsync (API) in 136ms
16:46:48 INFO  - Executed action GD.API.Controllers.Doctor.DoctorController.GetDoctorIntegralPageAsync (API) in 136ms
16:46:50 INFO  - Executed action GD.API.Controllers.Doctor.DoctorController.GetDoctorIntegralPageAsync (API) in 132ms
16:46:51 INFO  - Executed action GD.API.Controllers.Doctor.DoctorController.GetDoctorIntegralPageAsync (API) in 133ms
16:47:03 INFO  - Executed action GD.API.Controllers.Merchant.MerchantController.GetMerchantPageAsync (API) in 85ms
16:47:06 INFO  - Executed action GD.API.Controllers.Doctor.HospitalController.GetHospitalAllSelectAsync (API) in 42ms
16:47:06 INFO  - Executed action GD.API.Controllers.Doctor.HospitalController.GetHospitalAllSelectAsync (API) in 25ms
16:47:06 INFO  - Executed action GD.API.Controllers.Doctor.DoctorController.GetDoctorPageAsync (API) in 126ms
16:47:07 INFO  - Executed action GD.API.Controllers.Merchant.MerchantController.GetBusinessScopeListAsync (API) in 3764ms
16:47:07 INFO  - Executed action GD.API.Controllers.Doctor.DoctorController.GetDoctorJobTitlesAsync (API) in 1448ms
16:47:08 INFO  - Executed action GD.API.Controllers.Doctor.DoctorController.GetDoctorPageAsync (API) in 67ms
16:47:11 INFO  - Executed action GD.API.Controllers.Doctor.DoctorController.GetDoctorPageAsync (API) in 63ms
16:47:13 INFO  - Executed action GD.API.Controllers.Doctor.DoctorController.GetDoctorPageAsync (API) in 62ms
16:47:16 INFO  - Executed action GD.API.Controllers.Doctor.DoctorController.GetDoctorCertificateDetailAsync (API) in 22ms
16:49:11 INFO  - Executed action GD.API.Controllers.Doctor.DoctorController.GetDoctorPageAsync (API) in 621ms
16:49:13 INFO  - Executed action GD.API.Controllers.Doctor.DoctorController.GetDoctorPageAsync (API) in 49ms
16:49:18 INFO  - Executed action GD.API.Controllers.Doctor.DoctorController.GetDoctorPageAsync (API) in 49ms
16:49:20 INFO  - Executed action GD.API.Controllers.Doctor.DoctorController.GetDoctorPageAsync (API) in 46ms
16:49:23 INFO  - Executed action GD.API.Controllers.Doctor.DoctorController.GetDoctorPageAsync (API) in 48ms
16:49:25 INFO  - Executed action GD.API.Controllers.Doctor.DoctorController.GetDoctorPageAsync (API) in 45ms
16:49:30 INFO  - Executed action GD.API.Controllers.Doctor.DoctorController.GetDoctorIntegralPageAsync (API) in 133ms
16:49:33 INFO  - Executed action GD.API.Controllers.Doctor.DoctorController.GetDoctorIntegralPageAsync (API) in 85ms
16:49:36 INFO  - Executed action GD.API.Controllers.Doctor.DoctorController.GetDoctorIntegralPageAsync (API) in 83ms
16:49:38 INFO  - Executed action GD.API.Controllers.Doctor.DoctorController.GetDoctorIntegralPageAsync (API) in 84ms
16:49:40 INFO  - Executed action GD.API.Controllers.Doctor.DoctorController.GetDoctorIntegralPageAsync (API) in 84ms
16:49:41 INFO  - Executed action GD.API.Controllers.Doctor.DoctorController.GetDoctorIntegralPageAsync (API) in 83ms
16:49:42 INFO  - Executed action GD.API.Controllers.Doctor.DoctorController.GetDoctorIntegralPageAsync (API) in 85ms
16:49:43 INFO  - Executed action GD.API.Controllers.Doctor.DoctorController.GetDoctorIntegralPageAsync (API) in 86ms
16:49:45 INFO  - Executed action GD.API.Controllers.Doctor.DoctorController.GetDoctorIntegralPageAsync (API) in 159ms
16:49:45 INFO  - Executed action GD.API.Controllers.Doctor.DoctorController.GetDoctorIntegralPageAsync (API) in 85ms
16:49:47 INFO  - Executed action GD.API.Controllers.Doctor.DoctorController.GetDoctorIntegralPageAsync (API) in 84ms
16:49:48 INFO  - Executed action GD.API.Controllers.Doctor.DoctorController.GetDoctorIntegralPageAsync (API) in 84ms
16:49:49 INFO  - Executed action GD.API.Controllers.Doctor.DoctorController.GetDoctorIntegralPageAsync (API) in 84ms
16:49:50 INFO  - Executed action GD.API.Controllers.Doctor.DoctorController.GetDoctorIntegralPageAsync (API) in 86ms
16:49:56 INFO  - Executed action GD.API.Controllers.Doctor.DoctorController.GetDoctorPageAsync (API) in 67ms
16:49:56 INFO  - Executed action GD.API.Controllers.Doctor.HospitalController.GetHospitalAllSelectAsync (API) in 150ms
16:49:56 INFO  - Executed action GD.API.Controllers.Doctor.HospitalController.GetHospitalAllSelectAsync (API) in 15ms
16:49:58 INFO  - Executed action GD.API.Controllers.Doctor.DoctorController.GetDoctorPageAsync (API) in 70ms
16:49:59 INFO  - Executed action GD.API.Controllers.Doctor.DoctorController.GetDoctorJobTitlesAsync (API) in 2813ms
16:50:01 INFO  - Executed action GD.API.Controllers.Doctor.DoctorController.DisableEnableDoctorAsync (API) in 98ms
16:50:05 INFO  - Executed action GD.API.Controllers.Doctor.DoctorController.GetDoctorPageAsync (API) in 68ms
16:50:07 INFO  - Executed action GD.API.Controllers.Doctor.DoctorController.GetDoctorPageAsync (API) in 66ms
16:50:10 INFO  - Executed action GD.API.Controllers.Doctor.DoctorController.GetDoctorIntegralPageAsync (API) in 115ms
16:50:12 INFO  - Executed action GD.API.Controllers.Doctor.DoctorController.GetDoctorIntegralPageAsync (API) in 116ms
16:50:14 INFO  - Executed action GD.API.Controllers.Doctor.DoctorController.GetDoctorIntegralPageAsync (API) in 115ms
16:50:16 INFO  - Executed action GD.API.Controllers.Doctor.DoctorController.GetDoctorIntegralPageAsync (API) in 120ms
16:50:18 INFO  - Executed action GD.API.Controllers.Doctor.DoctorController.GetDoctorIntegralPageAsync (API) in 113ms
16:50:20 INFO  - Executed action GD.API.Controllers.Doctor.DoctorController.GetDoctorIntegralPageAsync (API) in 119ms
16:50:37 INFO  - Executed action GD.API.Controllers.Doctor.HospitalController.GetHospitalAllSelectAsync (API) in 26ms
16:50:37 INFO  - Executed action GD.API.Controllers.Doctor.DoctorController.GetDoctorPageAsync (API) in 51ms
16:50:37 INFO  - Executed action GD.API.Controllers.Doctor.HospitalController.GetHospitalAllSelectAsync (API) in 30ms
16:50:37 INFO  - Executed action GD.API.Controllers.Doctor.DoctorController.GetDoctorJobTitlesAsync (API) in 109ms
16:50:40 INFO  - Executed action GD.API.Controllers.Doctor.DoctorController.GetDoctorPageAsync (API) in 72ms
16:50:42 INFO  - Executed action GD.API.Controllers.Doctor.DoctorController.GetDoctorCertificateDetailAsync (API) in 29ms
16:50:42 INFO  - Executed action GD.API.Controllers.Doctor.DoctorController.GetDoctorInfoAsync (API) in 67ms
16:50:42 INFO  - Executed action GD.API.Controllers.Doctor.HospitalController.GetHospitalOfficeSelectAsync (API) in 35ms
16:51:28 INFO  - Executed action GD.API.Controllers.Doctor.HospitalController.GetHospitalAllSelectAsync (API) in 15ms
16:51:28 INFO  - Executed action GD.API.Controllers.Doctor.HospitalController.GetHospitalAllSelectAsync (API) in 17ms
16:51:28 INFO  - Executed action GD.API.Controllers.Doctor.DoctorController.GetDoctorJobTitlesAsync (API) in 56ms
16:51:28 INFO  - Executed action GD.API.Controllers.Doctor.DoctorController.GetDoctorPageAsync (API) in 72ms
16:51:31 INFO  - Executed action GD.API.Controllers.Doctor.DoctorController.GetDoctorIntegralPageAsync (API) in 123ms
16:51:38 INFO  - Executed action GD.API.Controllers.Doctor.HospitalController.GetHospitalAllSelectAsync (API) in 27ms
16:51:38 INFO  - Executed action GD.API.Controllers.Doctor.HospitalController.GetHospitalAllSelectAsync (API) in 15ms
16:51:38 INFO  - Executed action GD.API.Controllers.Doctor.DoctorController.GetDoctorJobTitlesAsync (API) in 54ms
16:51:38 INFO  - Executed action GD.API.Controllers.Doctor.DoctorController.GetDoctorPageAsync (API) in 60ms
16:51:59 INFO  - Executed action GD.API.Controllers.Doctor.HospitalController.GetHospitalAllSelectAsync (API) in 24ms
16:51:59 INFO  - Executed action GD.API.Controllers.Doctor.DoctorController.GetDoctorPageAsync (API) in 45ms
16:51:59 INFO  - Executed action GD.API.Controllers.Doctor.DoctorController.GetDoctorJobTitlesAsync (API) in 53ms
16:51:59 INFO  - Executed action GD.API.Controllers.Doctor.HospitalController.GetHospitalAllSelectAsync (API) in 26ms
16:52:14 INFO  - Executed action GD.API.Controllers.Doctor.HospitalController.GetHospitalAllSelectAsync (API) in 35ms
16:52:14 INFO  - Executed action GD.API.Controllers.Doctor.DoctorController.GetDoctorPageAsync (API) in 49ms
16:52:14 INFO  - Executed action GD.API.Controllers.Doctor.DoctorController.GetDoctorJobTitlesAsync (API) in 53ms
16:52:14 INFO  - Executed action GD.API.Controllers.Doctor.HospitalController.GetHospitalAllSelectAsync (API) in 33ms
16:52:17 INFO  - Executed action GD.API.Controllers.Doctor.DoctorController.GetDoctorIntegralPageAsync (API) in 126ms
16:55:15 INFO  - Executed action GD.API.Controllers.Doctor.DoctorController.GetDoctorIntegralPageAsync (API) in 138ms
16:55:52 INFO  - Executed action GD.API.Controllers.Doctor.HospitalController.GetHospitalAllSelectAsync (API) in 29ms
16:55:52 INFO  - Executed action GD.API.Controllers.Doctor.DoctorController.GetDoctorJobTitlesAsync (API) in 33ms
16:55:52 INFO  - Executed action GD.API.Controllers.Doctor.HospitalController.GetHospitalAllSelectAsync (API) in 30ms
16:55:52 INFO  - Executed action GD.API.Controllers.Doctor.DoctorController.GetDoctorPageAsync (API) in 76ms
16:56:18 INFO  - Executed action GD.API.Controllers.Doctor.HospitalController.GetHospitalAllSelectAsync (API) in 25ms
16:56:18 INFO  - Executed action GD.API.Controllers.Doctor.DoctorController.GetDoctorPageAsync (API) in 48ms
16:56:18 INFO  - Executed action GD.API.Controllers.Doctor.HospitalController.GetHospitalAllSelectAsync (API) in 25ms
16:56:18 INFO  - Executed action GD.API.Controllers.Doctor.DoctorController.GetDoctorJobTitlesAsync (API) in 62ms
16:59:44 INFO  - Executed action GD.API.Controllers.Doctor.DoctorController.GetDoctorPageAsync (API) in 66ms
17:01:33 INFO  - Executed action GD.API.Controllers.Doctor.DoctorController.GetDoctorIntegralPageAsync (API) in 123ms
17:01:38 INFO  - Executed action GD.API.Controllers.Doctor.HospitalController.GetHospitalAllSelectAsync (API) in 17ms
17:01:38 INFO  - Executed action GD.API.Controllers.Doctor.HospitalController.GetHospitalAllSelectAsync (API) in 25ms
17:01:38 INFO  - Executed action GD.API.Controllers.Doctor.DoctorController.GetDoctorPageAsync (API) in 57ms
17:01:38 INFO  - Executed action GD.API.Controllers.Doctor.DoctorController.GetDoctorJobTitlesAsync (API) in 79ms
17:01:52 INFO  - Executed action GD.API.Controllers.Doctor.DoctorController.GetDoctorIntegralPageAsync (API) in 97ms
17:19:25 INFO  - Executed action GD.API.Controllers.Merchant.MerchantController.GetBusinessScopeListAsync (API) in 103ms
17:19:25 INFO  - Executed action GD.API.Controllers.Merchant.MerchantController.GetMerchantPageAsync (API) in 110ms
17:19:26 INFO  - Executed action GD.API.Controllers.Merchant.MerchantController.GetMerchantOrderDetailPageAsync (API) in 67ms
17:20:39 INFO  - Executed action GD.API.Controllers.Merchant.MerchantController.GetBusinessScopeListAsync (API) in 18ms
17:20:39 INFO  - Executed action GD.API.Controllers.Merchant.MerchantController.GetMerchantPageAsync (API) in 64ms
17:21:53 INFO  - Executed action GD.API.Controllers.Doctor.HospitalController.GetHospitalAllSelectAsync (API) in 20ms
17:21:53 INFO  - Executed action GD.API.Controllers.Doctor.HospitalController.GetHospitalAllSelectAsync (API) in 20ms
17:21:53 INFO  - Executed action GD.API.Controllers.Doctor.DoctorController.GetDoctorPageAsync (API) in 78ms
17:21:53 INFO  - Executed action GD.API.Controllers.Doctor.DoctorController.GetDoctorJobTitlesAsync (API) in 112ms
17:22:00 INFO  - Executed action GD.API.Controllers.Doctor.DoctorController.GetDoctorIntegralPageAsync (API) in 146ms
17:33:28 INFO  - Executed action GD.API.Controllers.Doctor.DoctorController.GetDoctorIntegralPageAsync (API) in 130ms
17:33:49 INFO  - Executed action GD.API.Controllers.Doctor.DoctorController.GetDoctorIntegralPageAsync (API) in 109ms
17:33:55 INFO  - Executed action GD.API.Controllers.Doctor.DoctorController.GetDoctorIntegralPageAsync (API) in 97ms
17:34:05 INFO  - Executed action GD.API.Controllers.Doctor.DoctorController.GetDoctorIntegralPageAsync (API) in 105ms
17:34:08 INFO  - Executed action GD.API.Controllers.Doctor.DoctorController.GetDoctorIntegralPageAsync (API) in 101ms
17:35:04 INFO  - Executed action GD.API.Controllers.Doctor.DoctorController.GetDoctorIntegralPageAsync (API) in 95ms
17:35:22 INFO  - Executed action GD.API.Controllers.Doctor.DoctorController.GetDoctorIntegralPageAsync (API) in 94ms
17:35:49 INFO  - Executed action GD.API.Controllers.Doctor.DoctorController.GetDoctorIntegralPageAsync (API) in 94ms
17:36:16 INFO  - Executed action GD.API.Controllers.Doctor.DoctorController.GetDoctorIntegralPageAsync (API) in 109ms
17:36:24 INFO  - Executed action GD.API.Controllers.Doctor.DoctorController.GetDoctorIntegralPageAsync (API) in 105ms
17:37:13 INFO  - Executed action GD.API.Controllers.Doctor.DoctorController.GetDoctorIntegralPageAsync (API) in 99ms
17:37:29 INFO  - Executed action GD.API.Controllers.Doctor.DoctorController.GetIntegralInfoPageAsync (API) in 10524ms
17:38:57 INFO  - Executed action GD.API.Controllers.Doctor.DoctorController.GetDoctorIntegralPageAsync (API) in 720ms
17:39:10 INFO  - Executed action GD.API.Controllers.Doctor.DoctorController.GetIntegralInfoPageAsync (API) in 7739ms
17:39:51 INFO  - Executed action GD.API.Controllers.Doctor.DoctorController.GetDoctorIntegralPageAsync (API) in 99ms
17:39:59 INFO  - Executed action GD.API.Controllers.Doctor.DoctorController.GetIntegralInfoPageAsync (API) in 3030ms
17:40:35 INFO  - Executed action GD.API.Controllers.Doctor.DoctorController.GetDoctorIntegralPageAsync (API) in 97ms
17:40:39 INFO  - Executed action GD.API.Controllers.Doctor.DoctorController.GetIntegralInfoPageAsync (API) in 38ms
17:41:36 INFO  - Executed action GD.API.Controllers.Doctor.DoctorController.GetDoctorIntegralPageAsync (API) in 699ms
17:41:49 INFO  - Executed action GD.API.Controllers.Doctor.DoctorController.GetIntegralInfoPageAsync (API) in 48ms
17:41:50 INFO  - Executed action GD.API.Controllers.Doctor.DoctorController.GetDoctorIntegralPageAsync (API) in 137ms
17:41:51 INFO  - Executed action GD.API.Controllers.Doctor.DoctorController.GetIntegralInfoPageAsync (API) in 39ms
17:42:09 INFO  - Executed action GD.API.Controllers.Doctor.DoctorController.GetDoctorIntegralPageAsync (API) in 94ms
17:42:11 INFO  - Executed action GD.API.Controllers.Doctor.DoctorController.GetIntegralInfoPageAsync (API) in 66ms
17:42:35 INFO  - Executed action GD.API.Controllers.Doctor.DoctorController.GetDoctorIntegralPageAsync (API) in 90ms
17:42:36 INFO  - Executed action GD.API.Controllers.Doctor.DoctorController.GetIntegralInfoPageAsync (API) in 42ms
17:43:12 INFO  - Executed action GD.API.Controllers.Doctor.DoctorController.GetDoctorIntegralPageAsync (API) in 95ms
17:43:14 INFO  - Executed action GD.API.Controllers.Doctor.DoctorController.GetIntegralInfoPageAsync (API) in 41ms
17:43:29 INFO  - Executed action GD.API.Controllers.Doctor.DoctorController.GetDoctorIntegralPageAsync (API) in 92ms
17:43:31 INFO  - Executed action GD.API.Controllers.Doctor.DoctorController.GetIntegralInfoPageAsync (API) in 39ms
17:43:46 INFO  - Executed action GD.API.Controllers.Doctor.DoctorController.GetIntegralInfoPageAsync (API) in 39ms
17:43:56 INFO  - Executed action GD.API.Controllers.Doctor.DoctorController.GetDoctorIntegralPageAsync (API) in 95ms
17:43:59 INFO  - Executed action GD.API.Controllers.Doctor.DoctorController.GetDoctorIntegralPageAsync (API) in 91ms
17:44:01 INFO  - Executed action GD.API.Controllers.Doctor.DoctorController.GetDoctorIntegralPageAsync (API) in 91ms
17:47:12 INFO  - Executed action GD.API.Controllers.Mall.MemberController.GetMemberPageAsync (API) in 685ms
17:49:23 INFO  - Executed action GD.API.Controllers.Mall.MemberController.GetMemberPageAsync (API) in 75ms
17:49:29 INFO  - Executed action GD.API.Controllers.Doctor.DoctorController.GetDoctorIntegralPageAsync (API) in 178ms
17:50:09 INFO  - Executed action GD.API.Controllers.Doctor.DoctorController.GetDoctorIntegralPageAsync (API) in 158ms
17:50:13 INFO  - Executed action GD.API.Controllers.Doctor.DoctorController.GetDoctorIntegralPageAsync (API) in 160ms
17:50:18 INFO  - Executed action GD.API.Controllers.Doctor.DoctorController.GetDoctorIntegralPageAsync (API) in 147ms
17:50:22 INFO  - Executed action GD.API.Controllers.Doctor.DoctorController.GetDoctorIntegralPageAsync (API) in 157ms
17:50:27 INFO  - Executed action GD.API.Controllers.Doctor.DoctorController.GetDoctorIntegralPageAsync (API) in 137ms
17:50:28 INFO  - Executed action GD.API.Controllers.Doctor.DoctorController.GetDoctorIntegralPageAsync (API) in 136ms
17:51:29 INFO  - Executed action GD.API.Controllers.Doctor.DoctorController.GetDoctorIntegralPageAsync (API) in 47256ms
17:51:29 INFO  - Executed action GD.API.Controllers.Doctor.DoctorController.GetDoctorIntegralPageAsync (API) in 195ms
17:51:43 INFO  - Executed action GD.API.Controllers.Doctor.DoctorController.GetDoctorIntegralPageAsync (API) in 8263ms
17:51:51 INFO  - Executed action GD.API.Controllers.Doctor.DoctorController.GetDoctorIntegralPageAsync (API) in 2251ms
17:53:23 INFO  - Executed action GD.API.Controllers.Doctor.DoctorController.GetDoctorIntegralPageAsync (API) in 654ms
17:53:26 INFO  - Executed action GD.API.Controllers.Doctor.DoctorController.GetDoctorIntegralPageAsync (API) in 116ms
17:53:29 INFO  - Executed action GD.API.Controllers.Doctor.DoctorController.GetDoctorIntegralPageAsync (API) in 106ms
17:53:35 INFO  - Executed action GD.API.Controllers.Doctor.DoctorController.GetDoctorIntegralPageAsync (API) in 107ms
17:53:49 INFO  - Executed action GD.API.Controllers.Doctor.DoctorController.GetIntegralInfoPageAsync (API) in 48ms
17:53:53 INFO  - Executed action GD.API.Controllers.Doctor.DoctorController.GetDoctorIntegralPageAsync (API) in 107ms
17:53:54 INFO  - Executed action GD.API.Controllers.Doctor.DoctorController.GetIntegralInfoPageAsync (API) in 50ms
17:54:07 INFO  - Executed action GD.API.Controllers.Doctor.DoctorController.GetDoctorPageAsync (API) in 75ms
17:54:07 INFO  - Executed action GD.API.Controllers.Doctor.HospitalController.GetHospitalAllSelectAsync (API) in 128ms
17:54:07 INFO  - Executed action GD.API.Controllers.Doctor.HospitalController.GetHospitalAllSelectAsync (API) in 22ms
17:54:09 INFO  - Executed action GD.API.Controllers.Doctor.DoctorController.GetDoctorJobTitlesAsync (API) in 2137ms
17:54:24 INFO  - Executed action GD.API.Controllers.Doctor.DoctorController.GetDoctorCertificateDetailAsync (API) in 22ms
17:54:25 INFO  - Executed action GD.API.Controllers.Doctor.DoctorController.GetDoctorInfoAsync (API) in 120ms
17:54:25 INFO  - Executed action GD.API.Controllers.Doctor.HospitalController.GetHospitalOfficeSelectAsync (API) in 27ms
17:54:27 INFO  - Executed action GD.API.Controllers.Doctor.DoctorController.GetDoctorTopicAsync (API) in 54ms
17:54:57 INFO  - Executed action GD.API.Controllers.Merchant.MerchantController.GetBusinessScopeListAsync (API) in 28ms
17:54:57 INFO  - Executed action GD.API.Controllers.Merchant.MerchantController.GetMerchantPageAsync (API) in 68ms
17:54:59 INFO  - Executed action GD.API.Controllers.Doctor.HospitalController.GetHospitalAllSelectAsync (API) in 19ms
17:54:59 INFO  - Executed action GD.API.Controllers.Doctor.HospitalController.GetHospitalAllSelectAsync (API) in 19ms
17:54:59 INFO  - Executed action GD.API.Controllers.Doctor.DoctorController.GetDoctorPageAsync (API) in 75ms
17:54:59 INFO  - Executed action GD.API.Controllers.Doctor.DoctorController.GetDoctorJobTitlesAsync (API) in 115ms
17:59:12 INFO  - Executed action GD.API.Controllers.Doctor.DoctorController.GetDoctorIntegralPageAsync (API) in 153ms
17:59:17 INFO  - Executed action GD.API.Controllers.Doctor.DoctorController.GetIntegralInfoPageAsync (API) in 57ms
17:59:25 INFO  - Executed action GD.API.Controllers.Merchant.MerchantController.GetBusinessScopeListAsync (API) in 24ms
17:59:25 INFO  - Executed action GD.API.Controllers.Merchant.MerchantController.GetMerchantPageAsync (API) in 68ms
17:59:27 INFO  - Executed action GD.API.Controllers.Merchant.MerchantController.GetMerchantOrderDetailPageAsync (API) in 66ms
18:01:19 INFO  - Executed action GD.API.Controllers.Doctor.HospitalController.GetHospitalAllSelectAsync (API) in 19ms
18:01:19 INFO  - Executed action GD.API.Controllers.Doctor.DoctorController.GetDoctorJobTitlesAsync (API) in 40ms
18:01:19 INFO  - Executed action GD.API.Controllers.Doctor.HospitalController.GetHospitalAllSelectAsync (API) in 26ms
18:01:19 INFO  - Executed action GD.API.Controllers.Doctor.DoctorController.GetDoctorPageAsync (API) in 68ms
18:01:21 INFO  - Executed action GD.API.Controllers.Doctor.DoctorController.GetDoctorTopicAsync (API) in 56ms
18:03:13 INFO  - Executed action GD.API.Controllers.Doctor.DoctorController.GetDoctorTopicAsync (API) in 59ms
18:03:46 INFO  - Executed action GD.API.Controllers.Doctor.HospitalController.GetHospitalAllSelectAsync (API) in 27ms
18:03:46 INFO  - Executed action GD.API.Controllers.Doctor.DoctorController.GetDoctorJobTitlesAsync (API) in 37ms
18:03:46 INFO  - Executed action GD.API.Controllers.Doctor.HospitalController.GetHospitalAllSelectAsync (API) in 25ms
18:03:46 INFO  - Executed action GD.API.Controllers.Doctor.DoctorController.GetDoctorPageAsync (API) in 75ms
18:03:48 INFO  - Executed action GD.API.Controllers.Doctor.DoctorController.GetDoctorTopicAsync (API) in 56ms
18:03:55 INFO  - Executed action GD.API.Controllers.Merchant.MerchantController.GetBusinessScopeListAsync (API) in 25ms
18:03:55 INFO  - Executed action GD.API.Controllers.Merchant.MerchantController.GetMerchantPageAsync (API) in 70ms
18:03:57 INFO  - Executed action GD.API.Controllers.Merchant.MerchantController.GetMerchantOrderDetailPageAsync (API) in 56ms
18:04:13 INFO  - Executed action GD.API.Controllers.Merchant.MerchantController.GetBusinessScopeListAsync (API) in 18ms
18:04:13 INFO  - Executed action GD.API.Controllers.Merchant.MerchantController.GetMerchantPageAsync (API) in 66ms
18:04:14 INFO  - Executed action GD.API.Controllers.Merchant.MerchantController.GetMerchantOrderDetailPageAsync (API) in 60ms
18:04:18 INFO  - Executed action GD.API.Controllers.Doctor.HospitalController.GetHospitalAllSelectAsync (API) in 20ms
18:04:18 INFO  - Executed action GD.API.Controllers.Doctor.DoctorController.GetDoctorJobTitlesAsync (API) in 41ms
18:04:18 INFO  - Executed action GD.API.Controllers.Doctor.HospitalController.GetHospitalAllSelectAsync (API) in 25ms
18:04:18 INFO  - Executed action GD.API.Controllers.Doctor.DoctorController.GetDoctorPageAsync (API) in 72ms
18:04:19 INFO  - Executed action GD.API.Controllers.Doctor.DoctorController.GetDoctorTopicAsync (API) in 58ms
18:04:25 INFO  - Executed action GD.API.Controllers.Merchant.MerchantController.GetBusinessScopeListAsync (API) in 18ms
18:04:25 INFO  - Executed action GD.API.Controllers.Merchant.MerchantController.GetMerchantPageAsync (API) in 67ms
18:04:26 INFO  - Executed action GD.API.Controllers.Merchant.MerchantController.GetMerchantOrderDetailPageAsync (API) in 56ms
18:04:45 INFO  - Executed action GD.API.Controllers.Merchant.MerchantController.GetBusinessScopeListAsync (API) in 26ms
18:04:45 INFO  - Executed action GD.API.Controllers.Merchant.MerchantController.GetMerchantPageAsync (API) in 66ms
18:04:48 INFO  - Executed action GD.API.Controllers.Doctor.HospitalController.GetHospitalAllSelectAsync (API) in 19ms
18:04:48 INFO  - Executed action GD.API.Controllers.Doctor.HospitalController.GetHospitalAllSelectAsync (API) in 20ms
18:04:48 INFO  - Executed action GD.API.Controllers.Doctor.DoctorController.GetDoctorJobTitlesAsync (API) in 54ms
18:04:48 INFO  - Executed action GD.API.Controllers.Doctor.DoctorController.GetDoctorPageAsync (API) in 69ms
18:04:49 INFO  - Executed action GD.API.Controllers.Doctor.DoctorController.GetDoctorCertificateDetailAsync (API) in 26ms
18:04:49 INFO  - Executed action GD.API.Controllers.Doctor.DoctorController.GetDoctorInfoAsync (API) in 79ms
18:04:49 INFO  - Executed action GD.API.Controllers.Doctor.HospitalController.GetHospitalOfficeSelectAsync (API) in 21ms
18:04:51 INFO  - Executed action GD.API.Controllers.Doctor.DoctorController.GetDoctorTopicAsync (API) in 63ms
18:05:28 INFO  - Executed action GD.API.Controllers.Doctor.DoctorController.GetDoctorPageAsync (API) in 63ms
18:05:33 INFO  - Executed action GD.API.Controllers.Doctor.DoctorController.GetDoctorTopicAsync (API) in 412ms
18:05:57 INFO  - Executed action GD.API.Controllers.Doctor.DoctorController.GetDoctorIntegralPageAsync (API) in 125ms
18:05:59 INFO  - Executed action GD.API.Controllers.Doctor.DoctorController.GetIntegralInfoPageAsync (API) in 64ms
18:07:08 INFO  - Executed action GD.API.Controllers.Doctor.DoctorController.GetDoctorIntegralPageAsync (API) in 144ms
18:07:09 INFO  - Executed action GD.API.Controllers.Doctor.DoctorController.GetIntegralInfoPageAsync (API) in 51ms
18:07:24 INFO  - Executed action GD.API.Controllers.Doctor.DoctorController.GetDoctorIntegralPageAsync (API) in 152ms
18:07:25 INFO  - Executed action GD.API.Controllers.Doctor.DoctorController.GetIntegralInfoPageAsync (API) in 54ms
18:08:20 INFO  - Executed action GD.API.Controllers.Doctor.DoctorController.GetDoctorIntegralPageAsync (API) in 133ms
18:08:22 INFO  - Executed action GD.API.Controllers.Doctor.DoctorController.GetIntegralInfoPageAsync (API) in 63ms
18:08:39 INFO  - Executed action GD.API.Controllers.Doctor.DoctorController.GetDoctorIntegralPageAsync (API) in 136ms
18:08:42 INFO  - Executed action GD.API.Controllers.Doctor.DoctorController.GetIntegralInfoPageAsync (API) in 54ms
18:08:53 INFO  - Executed action GD.API.Controllers.Doctor.DoctorController.GetDoctorIntegralPageAsync (API) in 203ms
18:08:54 INFO  - Executed action GD.API.Controllers.Doctor.DoctorController.GetIntegralInfoPageAsync (API) in 59ms
18:09:53 INFO  - Executed action GD.API.Controllers.Doctor.DoctorController.GetDoctorIntegralPageAsync (API) in 125ms
18:09:55 INFO  - Executed action GD.API.Controllers.Doctor.DoctorController.GetIntegralInfoPageAsync (API) in 63ms
18:10:13 INFO  - Executed action GD.API.Controllers.Doctor.DoctorController.GetDoctorIntegralPageAsync (API) in 133ms
18:10:16 INFO  - Executed action GD.API.Controllers.Doctor.DoctorController.GetIntegralInfoPageAsync (API) in 51ms
18:10:30 INFO  - Executed action GD.API.Controllers.Merchant.MerchantController.GetBusinessScopeListAsync (API) in 24ms
18:10:30 INFO  - Executed action GD.API.Controllers.Merchant.MerchantController.GetMerchantPageAsync (API) in 54ms
18:10:34 INFO  - Executed action GD.API.Controllers.Doctor.DoctorController.GetDoctorIntegralPageAsync (API) in 135ms
18:10:36 INFO  - Executed action GD.API.Controllers.Doctor.HospitalController.GetHospitalAllSelectAsync (API) in 26ms
18:10:36 INFO  - Executed action GD.API.Controllers.Doctor.DoctorController.GetDoctorJobTitlesAsync (API) in 39ms
18:10:36 INFO  - Executed action GD.API.Controllers.Doctor.HospitalController.GetHospitalAllSelectAsync (API) in 29ms
18:10:36 INFO  - Executed action GD.API.Controllers.Doctor.DoctorController.GetDoctorPageAsync (API) in 71ms
18:11:19 INFO  - Executed action GD.API.Controllers.Merchant.MerchantController.GetReviewMerchantPageAsync (API) in 67ms
18:11:21 INFO  - Executed action GD.API.Controllers.Doctor.DoctorController.GetReviewDoctorPageAsync (API) in 67ms
18:11:25 INFO  - Executed action GD.API.Controllers.Doctor.DoctorController.GetReviewDoctorPageAsync (API) in 91ms
18:12:31 INFO  - Executed action GD.API.Controllers.Doctor.HospitalController.GetHospitalAllSelectAsync (API) in 21ms
18:12:31 INFO  - Executed action GD.API.Controllers.Doctor.DoctorController.GetDoctorJobTitlesAsync (API) in 43ms
18:12:31 INFO  - Executed action GD.API.Controllers.Doctor.HospitalController.GetHospitalAllSelectAsync (API) in 26ms
18:12:31 INFO  - Executed action GD.API.Controllers.Doctor.DoctorController.GetDoctorPageAsync (API) in 74ms
18:12:34 INFO  - Executed action GD.API.Controllers.Doctor.DoctorController.GetDoctorCertificateDetailAsync (API) in 22ms
18:12:34 INFO  - Executed action GD.API.Controllers.Doctor.DoctorController.GetDoctorInfoAsync (API) in 74ms
18:12:34 INFO  - Executed action GD.API.Controllers.Doctor.HospitalController.GetHospitalOfficeSelectAsync (API) in 22ms
18:12:48 INFO  - Executed action GD.API.Controllers.Doctor.DoctorController.GetDoctorTopicAsync (API) in 73ms
18:12:53 INFO  - Executed action GD.API.Controllers.Doctor.HospitalController.GetHospitalLevel (API) in 4ms
18:12:54 INFO  - Executed action GD.API.Controllers.Doctor.HospitalController.GetHospitalPageAsync (API) in 63ms
18:12:56 INFO  - Executed action GD.API.Controllers.Doctor.HospitalController.GetOfficeListAsync (API) in 23ms
18:12:56 INFO  - Executed action GD.API.Controllers.Doctor.HospitalController.GetOfficeListAsync (API) in 25ms
18:13:00 INFO  - Executed action GD.API.Controllers.System.AccessoryController.GetAcessoryUrlAsync (API) in 26ms
18:14:40 INFO  - Executed action GD.API.Controllers.Doctor.HospitalController.GetOfficeListAsync (API) in 17ms
18:14:40 INFO  - Executed action GD.API.Controllers.Doctor.HospitalController.GetOfficeListAsync (API) in 24ms
18:15:41 INFO  - Executed action GD.API.Controllers.System.BannerController.GetBannerType1 (API) in 53ms
18:15:41 INFO  - Executed action GD.API.Controllers.System.BannerController.GetBannerPageAsync (API) in 104ms
18:15:56 INFO  - Executed action GD.API.Controllers.Merchant.MerchantController.GetReviewMerchantPageAsync (API) in 64ms
18:16:01 INFO  - Executed action GD.API.Controllers.Doctor.DoctorController.GetReviewDoctorPageAsync (API) in 59ms
18:17:46 INFO  - Executed action GD.API.Controllers.Merchant.MerchantController.GetBusinessScopeListAsync (API) in 18ms
18:17:46 INFO  - Executed action GD.API.Controllers.Merchant.MerchantController.GetMerchantPageAsync (API) in 66ms
18:17:48 INFO  - Executed action GD.API.Controllers.Doctor.DoctorController.GetDoctorIntegralPageAsync (API) in 127ms
18:17:58 INFO  - Executed action GD.API.Controllers.Mall.MemberController.GetMemberPageAsync (API) in 60ms
18:17:59 INFO  - Executed action GD.API.Controllers.Merchant.MerchantController.GetReviewMerchantPageAsync (API) in 70ms
18:18:48 INFO  - Executed action GD.API.Controllers.Doctor.DoctorController.GetReviewDoctorPageAsync (API) in 64ms
18:19:11 INFO  - Executed action GD.API.Controllers.Doctor.DoctorController.GetReviewDoctorPageAsync (API) in 55ms
18:19:16 INFO  - Executed action GD.API.Controllers.Doctor.DoctorController.GetDoctorCertificateDetailAsync (API) in 23ms
18:19:47 INFO  - Executed action GD.API.Controllers.Doctor.DoctorController.GetReviewDoctorPageAsync (API) in 62ms
18:19:49 INFO  - Executed action GD.API.Controllers.Doctor.DoctorController.GetDoctorCertificateDetailAsync (API) in 24ms
18:19:52 INFO  - Executed action GD.API.Controllers.Doctor.DoctorController.GetDoctorCertificateDetailAsync (API) in 23ms
18:20:27 INFO  - Executed action GD.API.Controllers.System.ReviewRecordController.GetReviewRecordPageAsync (API) in 63ms
18:20:29 INFO  - Executed action GD.API.Controllers.System.ReviewRecordController.GetReviewRecordPageAsync (API) in 50ms
18:20:32 INFO  - Executed action GD.API.Controllers.System.ReviewRecordController.GetReviewRecordPageAsync (API) in 61ms
18:20:35 INFO  - Executed action GD.API.Controllers.Doctor.HospitalController.GetHospitalLevel (API) in 0ms
18:20:35 INFO  - Executed action GD.API.Controllers.Doctor.HospitalController.GetHospitalPageAsync (API) in 58ms
18:20:38 INFO  - Executed action GD.API.Controllers.Doctor.HospitalController.GetHospitalOfficeSelectAsync (API) in 23ms
18:20:45 INFO  - Executed action GD.API.Controllers.Doctor.HospitalController.GetHospitalOfficeSelectAsync (API) in 18ms
18:20:49 INFO  - Executed action GD.API.Controllers.Doctor.HospitalController.GetHospitalOfficeSelectAsync (API) in 25ms
18:20:58 INFO  - Executed action GD.API.Controllers.Doctor.HospitalController.GetHospitalInfoAsync (API) in 310ms
18:21:14 INFO  - Executed action GD.API.Controllers.Doctor.HospitalController.UpdateHospitalAsync (API) in 137ms
18:21:14 INFO  - Executed action GD.API.Controllers.Doctor.HospitalController.GetHospitalPageAsync (API) in 55ms
18:21:18 INFO  - Executed action GD.API.Controllers.Doctor.DoctorController.GetReviewDoctorPageAsync (API) in 67ms
18:21:21 INFO  - Executed action GD.API.Controllers.Merchant.MerchantController.GetBusinessScopeListAsync (API) in 18ms
18:21:21 INFO  - Executed action GD.API.Controllers.Merchant.MerchantController.GetMerchantPageAsync (API) in 64ms
18:21:22 INFO  - Executed action GD.API.Controllers.Merchant.MerchantController.GetMerchantOrderDetailPageAsync (API) in 57ms
18:21:26 INFO  - Executed action GD.API.Controllers.Doctor.DoctorController.GetDoctorIntegralPageAsync (API) in 126ms
18:21:28 INFO  - Executed action GD.API.Controllers.Mall.MemberController.GetMemberPageAsync (API) in 68ms
18:21:29 INFO  - Executed action GD.API.Controllers.Mall.MemberController.GetMemberInfoAsync (API) in 209ms
18:21:29 INFO  - Executed action GD.API.Controllers.Mall.MemberController.GetMemberOrderPageAsync (API) in 60ms
18:21:42 INFO  - Executed action GD.API.Controllers.Mall.MemberController.GetOrderDetailPageAsync (API) in 70ms
18:21:44 INFO  - Executed action GD.API.Controllers.Mall.MemberController.GetOrderDetailPageAsync (API) in 56ms
18:21:50 INFO  - Executed action GD.API.Controllers.Mall.MemberController.GetMemberInfoAsync (API) in 142ms
18:21:50 INFO  - Executed action GD.API.Controllers.Mall.MemberController.GetMemberOrderPageAsync (API) in 61ms
18:21:56 INFO  - Executed action GD.API.Controllers.System.BannerController.GetBannerType1 (API) in 43ms
18:21:56 INFO  - Executed action GD.API.Controllers.System.BannerController.GetBannerPageAsync (API) in 100ms
18:22:00 INFO  - Executed action GD.API.Controllers.Manager.RecommendController.GetRecommendPageAsync (API) in 72ms
18:23:56 INFO  - Executed action GD.API.Controllers.Manager.RecommendController.GetRecommendPageAsync (API) in 60ms
18:24:34 INFO  - Executed action GD.API.Controllers.Manager.RecommendController.GetRecommendPageAsync (API) in 55ms
18:25:05 INFO  - Executed action GD.API.Controllers.Manager.RecommendController.GetRecommendArticleListAsync (API) in 84ms
18:25:07 INFO  - Executed action GD.API.Controllers.Manager.RecommendController.GetRecommendHospitalListAsync (API) in 61ms
18:25:09 INFO  - Executed action GD.API.Controllers.Manager.RecommendController.GetRecommendHospitalListAsync (API) in 53ms
18:25:24 INFO  - Executed action GD.API.Controllers.Manager.RecommendController.UpdateRecommendAsync (API) in 61ms
18:25:24 INFO  - Executed action GD.API.Controllers.Manager.RecommendController.GetRecommendPageAsync (API) in 60ms
18:25:47 INFO  - Executed action GD.API.Controllers.Manager.RecommendController.UpdateRecommendAsync (API) in 55ms
18:25:47 INFO  - Executed action GD.API.Controllers.Manager.RecommendController.GetRecommendPageAsync (API) in 77ms
19:12:24 INFO  - Executed action GD.API.Controllers.System.HomeController.GetDoctorsQtyAsync (API) in 78ms
19:12:24 INFO  - Executed action GD.API.Controllers.System.HomeController.GetUserQtyAsync (API) in 93ms
19:12:24 INFO  - Executed action GD.API.Controllers.System.HomeController.GetOrderQtyAsync (API) in 108ms
19:12:24 INFO  - Executed action GD.API.Controllers.System.HomeController.GetMerchantQtyAsync (API) in 116ms
19:13:56 INFO  - Executed action GD.API.Controllers.System.UserController.GetRoleListAsync (API) in 26ms
19:13:56 INFO  - Executed action GD.API.Controllers.System.UserController.GetOrganizationTreeAsync (API) in 33ms
19:13:56 INFO  - Executed action GD.API.Controllers.System.UserController.GetAccountListAsync (API) in 87ms
19:14:00 INFO  - Executed action GD.API.Controllers.System.UserController.GetAccountInfoAsync (API) in 193ms
19:14:04 INFO  - Bad request GD.API.Controllers.System.UserController.UpdateAccountAsync (API) with email格式不正确
19:14:27 INFO  - Executed action GD.API.Controllers.System.UserController.GetOrganizationTreeAsync (API) in 17ms
19:14:27 INFO  - Executed action GD.API.Controllers.System.UserController.GetOrganizationTreeAsync (API) in 24ms
19:14:32 INFO  - Executed action GD.API.Controllers.System.UserController.GetOrganizationTreeAsync (API) in 26ms
19:14:32 INFO  - Executed action GD.API.Controllers.System.UserController.GetRoleListAsync (API) in 18ms
19:14:32 INFO  - Executed action GD.API.Controllers.System.UserController.GetAccountListAsync (API) in 71ms
19:14:59 INFO  - Executed action GD.API.Controllers.System.UserController.GetOrganizationTreeAsync (API) in 17ms
19:14:59 INFO  - Executed action GD.API.Controllers.System.UserController.GetRoleListAsync (API) in 30ms
19:14:59 INFO  - Executed action GD.API.Controllers.System.UserController.GetAccountListAsync (API) in 64ms
19:15:33 INFO  - Executed action GD.API.Controllers.System.UserController.GetAccountInfoAsync (API) in 101ms
19:17:40 INFO  - Executed action GD.API.Controllers.System.UserController.GetOrganizationTreeAsync (API) in 28ms
19:17:40 INFO  - Executed action GD.API.Controllers.System.UserController.GetRoleListAsync (API) in 32ms
19:17:40 INFO  - Executed action GD.API.Controllers.System.UserController.GetAccountListAsync (API) in 60ms
19:17:42 INFO  - Executed action GD.API.Controllers.System.UserController.GetAccountInfoAsync (API) in 127ms
19:17:51 INFO  - Executed action GD.API.Controllers.System.UserController.GetOrganizationTreeAsync (API) in 26ms
19:17:51 INFO  - Executed action GD.API.Controllers.System.UserController.GetRoleListAsync (API) in 28ms
19:17:51 INFO  - Executed action GD.API.Controllers.System.UserController.GetAccountListAsync (API) in 56ms
19:17:52 INFO  - Executed action GD.API.Controllers.System.UserController.GetAccountInfoAsync (API) in 126ms
19:19:36 INFO  - Executed action GD.API.Controllers.System.UserController.GetAccountInfoAsync (API) in 107ms
19:19:58 INFO  - Executed action GD.API.Controllers.System.UserController.AddAccountAsync (API) in 21ms
19:29:23 INFO  - Executed action GD.API.Controllers.Utility.ArticleController.GetArticleListAsync (API) in 479ms
19:29:25 INFO  - Executed action GD.API.Controllers.Utility.ArticleController.GetArticleTypeAsync (API) in 3093ms
19:29:25 INFO  - Executed action GD.API.Controllers.Utility.ArticleController.GetArticleInfoAsync (API) in 79ms
19:30:16 INFO  - Executed action GD.API.Controllers.Utility.ArticleController.GetArticleTypeAsync (API) in 21ms
19:30:16 INFO  - Executed action GD.API.Controllers.Utility.ArticleController.GetArticleListAsync (API) in 52ms
19:30:17 INFO  - Executed action GD.API.Controllers.Utility.ArticleController.GetArticleInfoAsync (API) in 52ms
19:30:29 INFO  - Executed action GD.API.Controllers.Utility.ArticleController.GetArticleInfoAsync (API) in 53ms
19:31:33 INFO  - Executed action GD.API.Controllers.Utility.ArticleController.GetArticleTypeAsync (API) in 18ms
19:31:33 INFO  - Executed action GD.API.Controllers.Utility.ArticleController.GetArticleListAsync (API) in 48ms
19:31:53 INFO  - Executed action GD.API.Controllers.Utility.ArticleController.GetArticleTypeAsync (API) in 17ms
19:31:53 INFO  - Executed action GD.API.Controllers.Utility.ArticleController.GetArticleListAsync (API) in 47ms
19:31:55 INFO  - Executed action GD.API.Controllers.Utility.ArticleController.GetArticleInfoAsync (API) in 56ms
19:32:02 INFO  - Executed action GD.API.Controllers.Utility.ArticleController.GetArticleTypeAsync (API) in 24ms
19:32:02 INFO  - Executed action GD.API.Controllers.Utility.ArticleController.GetArticleListAsync (API) in 51ms
19:32:03 INFO  - Executed action GD.API.Controllers.Utility.ArticleController.GetArticleInfoAsync (API) in 53ms
19:32:17 INFO  - Executed action GD.API.Controllers.Utility.ArticleController.GetArticleTypeAsync (API) in 17ms
19:32:17 INFO  - Executed action GD.API.Controllers.Utility.ArticleController.GetArticleListAsync (API) in 47ms
19:32:19 INFO  - Executed action GD.API.Controllers.Utility.ArticleController.GetArticleTypeAsync (API) in 19ms
19:32:19 INFO  - Executed action GD.API.Controllers.Utility.ArticleController.GetArticleListAsync (API) in 55ms
19:32:20 INFO  - Executed action GD.API.Controllers.Utility.ArticleController.GetArticleInfoAsync (API) in 52ms
19:32:25 INFO  - Executed action GD.API.Controllers.Utility.ArticleController.GetArticleInfoAsync (API) in 53ms
19:32:33 INFO  - Executed action GD.API.Controllers.Utility.ArticleController.GetArticleTypeAsync (API) in 20ms
19:32:33 INFO  - Executed action GD.API.Controllers.Utility.ArticleController.GetArticleListAsync (API) in 50ms
19:32:34 INFO  - Executed action GD.API.Controllers.Utility.ArticleController.GetArticleInfoAsync (API) in 53ms
19:32:37 INFO  - Executed action GD.API.Controllers.Utility.ArticleController.GetArticleInfoAsync (API) in 53ms
19:32:40 INFO  - Executed action GD.API.Controllers.Utility.ArticleController.GetArticleInfoAsync (API) in 58ms
19:32:56 INFO  - Executed action GD.API.Controllers.Utility.ArticleController.GetArticleTypeAsync (API) in 18ms
19:32:56 INFO  - Executed action GD.API.Controllers.Utility.ArticleController.GetArticleListAsync (API) in 48ms
19:32:57 INFO  - Executed action GD.API.Controllers.Utility.ArticleController.GetArticleInfoAsync (API) in 53ms
19:33:14 INFO  - Executed action GD.API.Controllers.Utility.ArticleController.GetArticleInfoAsync (API) in 54ms
19:33:16 INFO  - Executed action GD.API.Controllers.Utility.ArticleController.GetArticleInfoAsync (API) in 58ms
19:33:27 INFO  - Executed action GD.API.Controllers.Utility.ArticleController.UpdateArticleAsync (API) in 109ms
19:33:28 INFO  - Executed action GD.API.Controllers.Utility.ArticleController.GetArticleListAsync (API) in 47ms
19:33:29 INFO  - Executed action GD.API.Controllers.Utility.ArticleController.GetArticleInfoAsync (API) in 53ms
19:33:32 INFO  - Executed action GD.API.Controllers.Utility.ArticleController.GetArticleInfoAsync (API) in 51ms
19:33:34 INFO  - Executed action GD.API.Controllers.Utility.ArticleController.GetArticleInfoAsync (API) in 53ms
19:33:36 INFO  - Executed action GD.API.Controllers.Utility.ArticleController.GetArticleInfoAsync (API) in 54ms
19:33:38 INFO  - Executed action GD.API.Controllers.Utility.ArticleController.GetArticleInfoAsync (API) in 54ms
19:33:40 INFO  - Executed action GD.API.Controllers.Utility.ArticleController.GetArticleInfoAsync (API) in 54ms
19:33:43 INFO  - Executed action GD.API.Controllers.Utility.ArticleController.GetArticleTypeAsync (API) in 18ms
19:33:43 INFO  - Executed action GD.API.Controllers.Utility.ArticleController.GetArticleListAsync (API) in 51ms
19:33:45 INFO  - Executed action GD.API.Controllers.Utility.ArticleController.GetArticleInfoAsync (API) in 52ms
19:33:56 INFO  - Executed action GD.API.Controllers.System.DictionaryController.GetDictionaryTreeAsync (API) in 29ms
19:33:56 INFO  - Executed action GD.API.Controllers.System.DictionaryController.GetDictionaryTreeAsync (API) in 27ms
19:33:56 INFO  - Executed action GD.API.Controllers.System.DictionaryController.GetDictionaryMatedata (API) in 108ms
19:33:58 INFO  - Executed action GD.API.Controllers.System.DictionaryController.GetBusinessScopePageAsync (API) in 25ms
19:33:58 INFO  - Executed action GD.API.Controllers.System.DictionaryController.GetBusinessScopeType (API) in 26ms
19:34:04 INFO  - Executed action GD.API.Controllers.System.AccessoryController.GetAcessoryUrlAsync (API) in 36ms
19:34:06 INFO  - Executed action GD.API.Controllers.System.AccessoryController.GetAcessoryUrlAsync (API) in 19ms
19:34:10 INFO  - Executed action GD.API.Controllers.Merchant.MerchantController.GetReviewMerchantPageAsync (API) in 67ms
19:34:11 INFO  - Executed action GD.API.Controllers.Doctor.DoctorController.GetReviewDoctorPageAsync (API) in 54ms
19:34:17 INFO  - Executed action GD.API.Controllers.Doctor.DoctorController.GetDoctorCertificateDetailAsync (API) in 31ms
19:34:24 INFO  - Executed action GD.API.Controllers.Doctor.HospitalController.GetHospitalLevel (API) in 2ms
19:34:24 INFO  - Executed action GD.API.Controllers.Doctor.HospitalController.GetHospitalPageAsync (API) in 53ms
19:34:26 INFO  - Executed action GD.API.Controllers.Doctor.HospitalController.GetOfficeListAsync (API) in 25ms
19:34:26 INFO  - Executed action GD.API.Controllers.Doctor.HospitalController.GetOfficeListAsync (API) in 29ms
19:34:58 INFO  - Executed action GD.API.Controllers.Doctor.HospitalController.UpdataOfficeAsync (API) in 8454ms
19:34:58 INFO  - Executed action GD.API.Controllers.Doctor.HospitalController.GetOfficeListAsync (API) in 18ms
19:34:58 INFO  - Executed action GD.API.Controllers.Doctor.HospitalController.GetOfficeListAsync (API) in 27ms
19:35:07 INFO  - Executed action GD.API.Controllers.Doctor.HospitalController.UpdataOfficeAsync (API) in 72ms
19:35:07 INFO  - Executed action GD.API.Controllers.Doctor.HospitalController.GetOfficeListAsync (API) in 17ms
19:35:07 INFO  - Executed action GD.API.Controllers.Doctor.HospitalController.GetOfficeListAsync (API) in 27ms
19:35:15 INFO  - Executed action GD.API.Controllers.Merchant.MerchantController.GetBusinessScopeListAsync (API) in 41ms
19:35:15 INFO  - Executed action GD.API.Controllers.Merchant.MerchantController.GetMerchantPageAsync (API) in 70ms
19:35:17 INFO  - Executed action GD.API.Controllers.Doctor.HospitalController.GetHospitalAllSelectAsync (API) in 38ms
19:35:17 INFO  - Executed action GD.API.Controllers.Doctor.DoctorController.GetDoctorJobTitlesAsync (API) in 43ms
19:35:17 INFO  - Executed action GD.API.Controllers.Doctor.HospitalController.GetHospitalAllSelectAsync (API) in 19ms
19:35:17 INFO  - Executed action GD.API.Controllers.Doctor.DoctorController.GetDoctorPageAsync (API) in 68ms
19:35:19 INFO  - Executed action GD.API.Controllers.Doctor.DoctorController.GetDoctorIntegralPageAsync (API) in 148ms
19:35:28 INFO  - Executed action GD.API.Controllers.Consumer.AdviseController.GetAdvisePageAsync (API) in 86ms
19:35:29 INFO  - Executed action GD.API.Controllers.Utility.HelpController.GetHelpPageAsync (API) in 49ms
19:35:34 INFO  - Executed action GD.API.Controllers.System.UserController.GetRoleListAsync (API) in 36ms
19:35:38 INFO  - Executed action GD.API.Controllers.System.UserController.GetOrganizationTreeAsync (API) in 30ms
19:35:38 INFO  - Executed action GD.API.Controllers.System.UserController.GetOrganizationTreeAsync (API) in 30ms
19:35:39 INFO  - Executed action GD.API.Controllers.System.UserController.GetOrganizationTreeAsync (API) in 30ms
19:35:39 INFO  - Executed action GD.API.Controllers.System.UserController.GetRoleListAsync (API) in 20ms
19:35:39 INFO  - Executed action GD.API.Controllers.System.UserController.GetAccountListAsync (API) in 68ms
19:35:45 INFO  - Executed action GD.API.Controllers.Merchant.MerchantController.GetBusinessScopeListAsync (API) in 18ms
19:35:45 INFO  - Executed action GD.API.Controllers.Merchant.MerchantController.GetMerchantPageAsync (API) in 65ms
19:35:48 INFO  - Executed action GD.API.Controllers.Merchant.MerchantController.GetMerchantOrderDetailPageAsync (API) in 49ms
19:36:13 INFO  - Executed action GD.API.Controllers.Doctor.HospitalController.GetHospitalAllSelectAsync (API) in 18ms
19:36:13 INFO  - Executed action GD.API.Controllers.Doctor.DoctorController.GetDoctorJobTitlesAsync (API) in 42ms
19:36:13 INFO  - Executed action GD.API.Controllers.Doctor.HospitalController.GetHospitalAllSelectAsync (API) in 20ms
19:36:13 INFO  - Executed action GD.API.Controllers.Doctor.DoctorController.GetDoctorPageAsync (API) in 84ms
19:36:15 INFO  - Executed action GD.API.Controllers.Doctor.DoctorController.GetDoctorTopicAsync (API) in 51ms
19:36:19 INFO  - Executed action GD.API.Controllers.Merchant.MerchantController.GetReviewMerchantPageAsync (API) in 56ms
19:36:21 INFO  - Executed action GD.API.Controllers.Doctor.DoctorController.GetReviewDoctorPageAsync (API) in 64ms
19:36:23 INFO  - Executed action GD.API.Controllers.Merchant.MerchantController.GetReviewMerchantPageAsync (API) in 46ms
19:36:38 INFO  - Executed action GD.API.Controllers.Merchant.MerchantController.GetBusinessScopeLicenseListAsync (API) in 31ms
19:36:38 INFO  - Executed action GD.API.Controllers.System.CertificateController.GetCertificateListAsync (API) in 22ms
19:36:43 INFO  - Executed action GD.API.Controllers.Doctor.HospitalController.GetHospitalLevel (API) in 0ms
19:36:43 INFO  - Executed action GD.API.Controllers.Doctor.HospitalController.GetHospitalPageAsync (API) in 62ms
19:36:46 INFO  - Executed action GD.API.Controllers.Doctor.HospitalController.GetOfficeListAsync (API) in 18ms
19:36:46 INFO  - Executed action GD.API.Controllers.Doctor.HospitalController.GetOfficeListAsync (API) in 18ms
19:36:47 INFO  - Executed action GD.API.Controllers.System.BannerController.GetBannerType1 (API) in 50ms
19:36:47 INFO  - Executed action GD.API.Controllers.System.BannerController.GetBannerPageAsync (API) in 99ms
19:37:42 INFO  - Executed action GD.API.Controllers.System.BannerController.GetBannerPageAsync (API) in 93ms
20:02:13 INFO  - Executed action GD.API.Controllers.System.HomeController.GetDoctorsQtyAsync (API) in 693ms
20:02:13 INFO  - Executed action GD.API.Controllers.System.HomeController.GetMerchantQtyAsync (API) in 693ms
20:02:13 INFO  - Executed action GD.API.Controllers.System.HomeController.GetUserQtyAsync (API) in 703ms
20:02:13 INFO  - Executed action GD.API.Controllers.System.HomeController.GetOrderQtyAsync (API) in 740ms
20:02:17 INFO  - Executed action GD.API.Controllers.Utility.ArticleController.GetArticleListAsync (API) in 405ms
20:02:19 INFO  - Executed action GD.API.Controllers.Utility.ArticleController.GetArticleTypeAsync (API) in 2453ms
20:02:20 INFO  - Executed action GD.API.Controllers.Utility.ArticleController.GetArticleInfoAsync (API) in 138ms
20:02:22 INFO  - Executed action GD.API.Controllers.Utility.ArticleController.GetArticleInfoAsync (API) in 83ms
20:02:22 INFO  - Executed action GD.API.Controllers.Utility.ArticleController.GetArticleInfoAsync (API) in 79ms
20:02:23 INFO  - Executed action GD.API.Controllers.Utility.ArticleController.GetArticleInfoAsync (API) in 88ms
20:02:23 INFO  - Executed action GD.API.Controllers.Utility.ArticleController.GetArticleInfoAsync (API) in 84ms
20:02:32 INFO  - Executed action GD.API.Controllers.Utility.ArticleController.GetArticleInfoAsync (API) in 151ms
20:03:42 INFO  - Executed action GD.API.Controllers.Utility.ArticleController.GetArticleInfoAsync (API) in 3944ms
20:07:55 INFO  - Executed action GD.API.Controllers.Utility.ArticleController.GetArticleInfoAsync (API) in 23784ms
20:07:59 INFO  - Executed action GD.API.Controllers.Utility.ArticleController.GetArticleListAsync (API) in 75ms
20:08:03 INFO  - Executed action GD.API.Controllers.Utility.ArticleController.GetArticleInfoAsync (API) in 1571ms
20:08:23 INFO  - Executed action GD.API.Controllers.Utility.HelpController.GetHelpPageAsync (API) in 40ms
20:08:33 INFO  - Executed action GD.API.Controllers.Utility.CourseController.GetCourseListAsync (API) in 39ms
20:08:35 INFO  - Executed action GD.API.Controllers.System.HeadlineController.GetHeadlinePageAsync (API) in 35ms
20:12:52 INFO  - Executed action GD.API.Controllers.System.BannerController.GetBannerPageAsync (API) in 89ms
20:12:57 INFO  - Executed action GD.API.Controllers.System.BannerController.GetBannerType1 (API) in 4412ms
20:15:41 INFO  - Executed action GD.API.Controllers.Doctor.DoctorController.GetDoctorIntegralPageAsync (API) in 111ms
20:15:45 INFO  - Executed action GD.API.Controllers.Doctor.HospitalController.GetOfficeListAsync (API) in 18ms
20:15:45 INFO  - Executed action GD.API.Controllers.Doctor.HospitalController.GetOfficeListAsync (API) in 16ms
