17:54:53 INFO  - Executed action GD.API.Controllers.System.HomeController.GetMerchantQtyAsync (API) in 668ms
17:54:53 INFO  - Executed action GD.API.Controllers.System.HomeController.GetUserQtyAsync (API) in 706ms
17:54:53 INFO  - Executed action GD.API.Controllers.System.HomeController.GetOrderQtyAsync (API) in 668ms
17:54:53 INFO  - Executed action GD.API.Controllers.System.HomeController.GetDoctorsQtyAsync (API) in 813ms
17:55:00 INFO  - Executed action GD.API.Controllers.System.UserController.GetRoleListAsync (API) in 141ms
17:55:00 INFO  - Executed action GD.API.Controllers.System.UserController.GetOrganizationTreeAsync (API) in 143ms
17:55:00 INFO  - Executed action GD.API.Controllers.System.UserController.GetAccountListAsync (API) in 202ms
17:55:04 INFO  - Executed action GD.API.Controllers.System.UserController.GetOrganizationTreeAsync (API) in 23ms
17:55:04 INFO  - Executed action GD.API.Controllers.System.UserController.GetOrganizationTreeAsync (API) in 25ms
17:55:11 INFO  - Executed action GD.API.Controllers.System.UserController.GetRoleListAsync (API) in 23ms
17:55:22 INFO  - Executed action GD.API.Controllers.System.BannerController.GetBannerPageAsync (API) in 270ms
17:55:25 INFO  - Executed action GD.API.Controllers.System.BannerController.GetBannerType1 (API) in 4056ms
17:55:31 INFO  - Executed action GD.API.Controllers.System.BannerController.GetBannerPageAsync (API) in 121ms
17:55:34 INFO  - Executed action GD.API.Controllers.System.BannerController.GetBannerPageAsync (API) in 112ms
17:55:35 INFO  - Executed action GD.API.Controllers.System.BannerController.GetBannerPageAsync (API) in 121ms
17:55:37 INFO  - Executed action GD.API.Controllers.System.BannerController.GetBannerPageAsync (API) in 113ms
17:55:53 INFO  - Executed action GD.API.Controllers.Doctor.DoctorController.GetReviewDoctorPageAsync (API) in 110ms
17:55:58 INFO  - Executed action GD.API.Controllers.System.ReviewRecordController.GetReviewRecordPageAsync (API) in 96ms
17:56:01 INFO  - Executed action GD.API.Controllers.Doctor.DoctorController.GetDoctorCertificateDetailAsync (API) in 94ms
17:56:07 INFO  - Executed action GD.API.Controllers.Doctor.HospitalController.GetHospitalAllSelectAsync (API) in 31ms
17:56:07 INFO  - Executed action GD.API.Controllers.Doctor.HospitalController.GetHospitalAllSelectAsync (API) in 25ms
17:56:07 INFO  - Executed action GD.API.Controllers.Doctor.DoctorController.GetDoctorJobTitlesAsync (API) in 85ms
17:56:07 INFO  - Executed action GD.API.Controllers.Doctor.DoctorController.GetDoctorPageAsync (API) in 256ms
17:56:10 INFO  - Executed action GD.API.Controllers.Merchant.MerchantController.GetReviewMerchantPageAsync (API) in 96ms
17:57:03 INFO  - Executed action GD.API.Controllers.Merchant.MerchantController.GetBusinessScopeLicenseListAsync (API) in 25ms
17:57:03 INFO  - Executed action GD.API.Controllers.System.CertificateController.GetCertificateListAsync (API) in 26ms
17:57:10 INFO  - Executed action GD.API.Controllers.Doctor.DoctorController.GetReviewDoctorPageAsync (API) in 69ms
18:09:13 INFO  - Executed action GD.API.Controllers.Merchant.MerchantController.GetReviewMerchantPageAsync (API) in 695ms
18:09:20 INFO  - Executed action GD.API.Controllers.Merchant.MerchantController.GetBusinessScopeLicenseListAsync (API) in 54ms
18:09:20 INFO  - Executed action GD.API.Controllers.System.CertificateController.GetCertificateListAsync (API) in 37ms
18:09:42 INFO  - Executed action GD.API.Controllers.Merchant.MerchantController.GetReviewMerchantPageAsync (API) in 83ms
18:10:05 INFO  - Executed action GD.API.Controllers.Merchant.MerchantController.GetReviewMerchantPageAsync (API) in 86ms
18:10:06 INFO  - Executed action GD.API.Controllers.Merchant.MerchantController.GetBusinessScopeLicenseListAsync (API) in 31ms
18:10:06 INFO  - Executed action GD.API.Controllers.System.CertificateController.GetCertificateListAsync (API) in 31ms
18:10:21 INFO  - Executed action GD.API.Controllers.Doctor.DoctorController.GetReviewDoctorPageAsync (API) in 95ms
18:10:24 INFO  - Executed action GD.API.Controllers.Merchant.MerchantController.GetMerchantPageAsync (API) in 104ms
18:10:26 INFO  - Executed action GD.API.Controllers.Merchant.MerchantController.GetMerchantOrderDetailPageAsync (API) in 82ms
18:10:28 INFO  - Executed action GD.API.Controllers.Merchant.MerchantController.GetBusinessScopeListAsync (API) in 3753ms
18:10:53 INFO  - Executed action GD.API.Controllers.Doctor.HospitalController.GetHospitalAllSelectAsync (API) in 41ms
18:10:53 INFO  - Executed action GD.API.Controllers.Doctor.HospitalController.GetHospitalAllSelectAsync (API) in 33ms
18:10:53 INFO  - Executed action GD.API.Controllers.Doctor.DoctorController.GetDoctorPageAsync (API) in 147ms
18:10:53 INFO  - Executed action GD.API.Controllers.Doctor.DoctorController.GetDoctorJobTitlesAsync (API) in 168ms
18:10:56 INFO  - Executed action GD.API.Controllers.Doctor.DoctorController.GetDoctorCertificateDetailAsync (API) in 38ms
18:10:56 INFO  - Executed action GD.API.Controllers.Doctor.DoctorController.GetDoctorInfoAsync (API) in 124ms
18:13:23 INFO  - Executed action GD.API.Controllers.Merchant.MerchantController.GetBusinessScopeListAsync (API) in 31ms
18:13:23 INFO  - Executed action GD.API.Controllers.Merchant.MerchantController.GetMerchantPageAsync (API) in 78ms
18:14:34 INFO  - Executed action GD.API.Controllers.Merchant.MerchantController.GetMerchantOrderDetailPageAsync (API) in 78ms
18:15:40 INFO  - Executed action GD.API.Controllers.Merchant.MerchantController.GetBusinessScopeListAsync (API) in 24ms
18:15:40 INFO  - Executed action GD.API.Controllers.Merchant.MerchantController.GetMerchantPageAsync (API) in 86ms
18:15:52 INFO  - Executed action GD.API.Controllers.Merchant.MerchantController.GetBusinessScopeListAsync (API) in 24ms
18:15:52 INFO  - Executed action GD.API.Controllers.Merchant.MerchantController.GetMerchantPageAsync (API) in 83ms
18:15:57 INFO  - Executed action GD.API.Controllers.Merchant.MerchantController.GetMerchantOrderDetailPageAsync (API) in 77ms
18:18:57 INFO  - Executed action GD.API.Controllers.Merchant.MerchantController.GetMerchantOrderDetailPageAsync (API) in 73ms
18:19:01 INFO  - Executed action GD.API.Controllers.Merchant.MerchantController.GetBusinessScopeListAsync (API) in 31ms
18:19:01 INFO  - Executed action GD.API.Controllers.Merchant.MerchantController.GetMerchantPageAsync (API) in 73ms
18:19:03 INFO  - Executed action GD.API.Controllers.Merchant.MerchantController.GetMerchantOrderDetailPageAsync (API) in 79ms
18:19:25 INFO  - Executed action GD.API.Controllers.Merchant.MerchantController.GetBusinessScopeListAsync (API) in 24ms
18:19:25 INFO  - Executed action GD.API.Controllers.Merchant.MerchantController.GetMerchantPageAsync (API) in 86ms
18:19:27 INFO  - Executed action GD.API.Controllers.Merchant.MerchantController.GetMerchantOrderDetailPageAsync (API) in 77ms
18:19:44 INFO  - Executed action GD.API.Controllers.Merchant.MerchantController.GetBusinessScopeListAsync (API) in 33ms
18:19:44 INFO  - Executed action GD.API.Controllers.Merchant.MerchantController.GetMerchantPageAsync (API) in 77ms
18:19:47 INFO  - Executed action GD.API.Controllers.Merchant.MerchantController.GetMerchantOrderDetailPageAsync (API) in 75ms
18:20:45 INFO  - Executed action GD.API.Controllers.Merchant.MerchantController.GetBusinessScopeListAsync (API) in 31ms
18:20:45 INFO  - Executed action GD.API.Controllers.Merchant.MerchantController.GetMerchantPageAsync (API) in 75ms
18:20:46 INFO  - Executed action GD.API.Controllers.Merchant.MerchantController.GetMerchantOrderDetailPageAsync (API) in 85ms
18:21:49 INFO  - Executed action GD.API.Controllers.Merchant.MerchantController.GetBusinessScopeListAsync (API) in 23ms
18:21:49 INFO  - Executed action GD.API.Controllers.Merchant.MerchantController.GetMerchantPageAsync (API) in 89ms
18:21:51 INFO  - Executed action GD.API.Controllers.Merchant.MerchantController.GetMerchantOrderDetailPageAsync (API) in 78ms
18:22:14 INFO  - Executed action GD.API.Controllers.Merchant.MerchantController.GetBusinessScopeListAsync (API) in 34ms
18:22:14 INFO  - Executed action GD.API.Controllers.Merchant.MerchantController.GetMerchantPageAsync (API) in 76ms
18:22:15 INFO  - Executed action GD.API.Controllers.Merchant.MerchantController.GetMerchantPageAsync (API) in 79ms
18:22:16 INFO  - Executed action GD.API.Controllers.Merchant.MerchantController.GetMerchantOrderDetailPageAsync (API) in 75ms
18:22:31 INFO  - Executed action GD.API.Controllers.Merchant.MerchantController.GetBusinessScopeListAsync (API) in 32ms
18:22:32 INFO  - Executed action GD.API.Controllers.Merchant.MerchantController.GetMerchantPageAsync (API) in 72ms
18:22:33 INFO  - Executed action GD.API.Controllers.Merchant.MerchantController.GetMerchantOrderDetailPageAsync (API) in 86ms
18:23:50 INFO  - Executed action GD.API.Controllers.System.DictionaryController.GetDictionaryTreeAsync (API) in 52ms
18:23:50 INFO  - Executed action GD.API.Controllers.System.DictionaryController.GetDictionaryMatedata (API) in 60ms
18:23:50 INFO  - Executed action GD.API.Controllers.System.DictionaryController.GetDictionaryTreeAsync (API) in 40ms
18:23:52 INFO  - Executed action GD.API.Controllers.System.BannerController.GetBannerType1 (API) in 60ms
18:23:52 INFO  - Executed action GD.API.Controllers.System.BannerController.GetBannerPageAsync (API) in 143ms
18:23:59 INFO  - Executed action GD.API.Controllers.Utility.CourseController.GetCourseListAsync (API) in 169ms
18:24:31 INFO  - Executed action GD.API.Controllers.Merchant.MerchantController.GetBusinessScopeListAsync (API) in 28ms
18:24:31 INFO  - Executed action GD.API.Controllers.Merchant.MerchantController.GetMerchantPageAsync (API) in 77ms
18:24:33 INFO  - Executed action GD.API.Controllers.Merchant.MerchantController.GetMerchantOrderDetailPageAsync (API) in 75ms
18:25:00 INFO  - Executed action GD.API.Controllers.Merchant.MerchantController.GetUserShopCountAsync (API) in 58ms
18:25:00 INFO  - Executed action GD.API.Controllers.Mall.MemberController.GetOrderDetailPageAsync (API) in 76ms
18:25:00 INFO  - Executed action GD.API.Controllers.Mall.MemberController.GetOrderInfoAsync (API) in 88ms
18:25:00 INFO  - Executed action GD.API.Controllers.Mall.MemberController.GetMemberOrderPageAsync (API) in 158ms
18:25:12 INFO  - Executed action GD.API.Controllers.Mall.MemberController.GetMemberPageAsync (API) in 186ms
18:25:16 INFO  - Executed action GD.API.Controllers.Mall.MemberController.GetMemberInfoAsync (API) in 567ms
18:25:16 INFO  - Executed action GD.API.Controllers.Mall.MemberController.GetMemberOrderPageAsync (API) in 70ms
18:27:09 INFO  - Executed action GD.API.Controllers.Mall.MemberController.GetMemberPageAsync (API) in 81ms
18:27:11 INFO  - Executed action GD.API.Controllers.Mall.MemberController.GetMemberInfoAsync (API) in 206ms
18:27:12 INFO  - Executed action GD.API.Controllers.Mall.MemberController.GetMemberOrderPageAsync (API) in 75ms
18:27:28 INFO  - Executed action GD.API.Controllers.Doctor.HospitalController.GetHospitalAllSelectAsync (API) in 37ms
18:27:28 INFO  - Executed action GD.API.Controllers.Doctor.DoctorController.GetDoctorJobTitlesAsync (API) in 56ms
18:27:28 INFO  - Executed action GD.API.Controllers.Doctor.HospitalController.GetHospitalAllSelectAsync (API) in 32ms
18:27:28 INFO  - Executed action GD.API.Controllers.Doctor.DoctorController.GetDoctorPageAsync (API) in 74ms
18:27:31 INFO  - Executed action GD.API.Controllers.Doctor.DoctorController.GetDoctorTopicAsync (API) in 811ms
18:27:49 INFO  - Executed action GD.API.Controllers.Doctor.DoctorController.GetDoctorCertificateDetailAsync (API) in 34ms
18:27:49 INFO  - Executed action GD.API.Controllers.Doctor.DoctorController.GetDoctorInfoAsync (API) in 98ms
18:27:58 INFO  - Executed action GD.API.Controllers.Mall.MemberController.GetMemberPageAsync (API) in 75ms
18:28:01 INFO  - Executed action GD.API.Controllers.Mall.MemberController.GetMemberInfoAsync (API) in 209ms
18:28:01 INFO  - Executed action GD.API.Controllers.Mall.MemberController.GetMemberOrderPageAsync (API) in 81ms
18:28:11 INFO  - Executed action GD.API.Controllers.Doctor.HospitalController.GetHospitalAllSelectAsync (API) in 25ms
18:28:11 INFO  - Executed action GD.API.Controllers.Doctor.DoctorController.GetDoctorJobTitlesAsync (API) in 61ms
18:28:11 INFO  - Executed action GD.API.Controllers.Doctor.HospitalController.GetHospitalAllSelectAsync (API) in 32ms
18:28:11 INFO  - Executed action GD.API.Controllers.Doctor.DoctorController.GetDoctorPageAsync (API) in 72ms
18:28:14 INFO  - Executed action GD.API.Controllers.Doctor.DoctorController.GetDoctorPageAsync (API) in 87ms
18:29:54 INFO  - Executed action GD.API.Controllers.System.BannerController.GetBannerType1 (API) in 56ms
18:29:54 INFO  - Executed action GD.API.Controllers.System.BannerController.GetBannerPageAsync (API) in 123ms
18:29:58 INFO  - Executed action GD.API.Controllers.System.DictionaryController.GetDictionaryMatedata (API) in 30ms
18:29:58 INFO  - Executed action GD.API.Controllers.System.DictionaryController.GetDictionaryTreeAsync (API) in 35ms
18:29:58 INFO  - Executed action GD.API.Controllers.System.DictionaryController.GetDictionaryTreeAsync (API) in 42ms
18:30:05 INFO  - Executed action GD.API.Controllers.Utility.HelpController.GetHelpPageAsync (API) in 134ms
18:30:07 INFO  - Executed action GD.API.Controllers.Consumer.AdviseController.GetAdvisePageAsync (API) in 113ms
18:30:10 INFO  - Executed action GD.API.Controllers.System.UserController.GetOrganizationTreeAsync (API) in 31ms
18:30:10 INFO  - Executed action GD.API.Controllers.System.UserController.GetRoleListAsync (API) in 32ms
18:30:10 INFO  - Executed action GD.API.Controllers.System.UserController.GetAccountListAsync (API) in 86ms
18:30:11 INFO  - Executed action GD.API.Controllers.System.UserController.GetOrganizationTreeAsync (API) in 26ms
18:30:11 INFO  - Executed action GD.API.Controllers.System.UserController.GetOrganizationTreeAsync (API) in 28ms
18:30:15 INFO  - Executed action GD.API.Controllers.System.UserController.GetRoleListAsync (API) in 33ms
18:30:19 INFO  - Executed action GD.API.Controllers.Manager.RecommendController.GetRecommendPageAsync (API) in 78ms
18:30:53 INFO  - Executed action GD.API.Controllers.Manager.RecommendController.GetRecommendPageAsync (API) in 75ms
18:31:35 INFO  - Executed action GD.API.Controllers.Manager.RecommendController.GetRecommendPageAsync (API) in 72ms
18:31:47 INFO  - Executed action GD.API.Controllers.Manager.RecommendController.GetRecommendPageAsync (API) in 79ms
18:32:58 INFO  - Executed action GD.API.Controllers.Manager.RecommendController.GetRecommendPageAsync (API) in 74ms
18:33:19 INFO  - Executed action GD.API.Controllers.Manager.RecommendController.GetRecommendPageAsync (API) in 76ms
18:33:34 INFO  - Executed action GD.API.Controllers.Manager.RecommendController.GetRecommendPageAsync (API) in 78ms
18:36:38 INFO  - Executed action GD.API.Controllers.Manager.RecommendController.GetRecommendPageAsync (API) in 69ms
18:40:32 INFO  - Executed action GD.API.Controllers.Manager.RecommendController.GetRecommendPageAsync (API) in 75ms
18:40:47 INFO  - Executed action GD.API.Controllers.Manager.RecommendController.GetRecommendPageAsync (API) in 69ms
18:45:04 INFO  - Executed action GD.API.Controllers.Manager.RecommendController.GetRecommendPageAsync (API) in 70ms
18:47:23 INFO  - Executed action GD.API.Controllers.Manager.RecommendController.GetRecommendPageAsync (API) in 77ms
18:47:37 INFO  - Executed action GD.API.Controllers.Manager.RecommendController.GetRecommendPageAsync (API) in 69ms
18:48:11 INFO  - Executed action GD.API.Controllers.Manager.RecommendController.GetRecommendArticleListAsync (API) in 100ms
18:48:32 INFO  - Executed action GD.API.Controllers.Utility.CourseController.GetCourseListAsync (API) in 75ms
18:48:35 INFO  - Executed action GD.API.Controllers.System.HeadlineController.GetHeadlinePageAsync (API) in 85ms
18:51:19 INFO  - Executed action GD.API.Controllers.Merchant.MerchantController.GetBusinessScopeListAsync (API) in 23ms
18:51:19 INFO  - Executed action GD.API.Controllers.Merchant.MerchantController.GetMerchantPageAsync (API) in 79ms
18:51:21 INFO  - Executed action GD.API.Controllers.Doctor.HospitalController.GetHospitalAllSelectAsync (API) in 25ms
18:51:21 INFO  - Executed action GD.API.Controllers.Doctor.HospitalController.GetHospitalAllSelectAsync (API) in 35ms
18:51:21 INFO  - Executed action GD.API.Controllers.Doctor.DoctorController.GetDoctorPageAsync (API) in 78ms
18:51:21 INFO  - Executed action GD.API.Controllers.Doctor.DoctorController.GetDoctorJobTitlesAsync (API) in 119ms
18:52:08 INFO  - Executed action GD.API.Controllers.Doctor.HospitalController.GetHospitalAllSelectAsync (API) in 33ms
18:52:08 INFO  - Executed action GD.API.Controllers.Doctor.DoctorController.GetDoctorJobTitlesAsync (API) in 57ms
18:52:08 INFO  - Executed action GD.API.Controllers.Doctor.DoctorController.GetDoctorPageAsync (API) in 81ms
18:52:08 INFO  - Executed action GD.API.Controllers.Doctor.HospitalController.GetHospitalAllSelectAsync (API) in 35ms
18:53:03 INFO  - Executed action GD.API.Controllers.Doctor.HospitalController.GetHospitalAllSelectAsync (API) in 27ms
18:53:03 INFO  - Executed action GD.API.Controllers.Doctor.DoctorController.GetDoctorJobTitlesAsync (API) in 59ms
18:53:03 INFO  - Executed action GD.API.Controllers.Doctor.HospitalController.GetHospitalAllSelectAsync (API) in 34ms
18:53:03 INFO  - Executed action GD.API.Controllers.Doctor.DoctorController.GetDoctorPageAsync (API) in 72ms
18:53:12 INFO  - Executed action GD.API.Controllers.Doctor.HospitalController.GetHospitalAllSelectAsync (API) in 25ms
18:53:12 INFO  - Executed action GD.API.Controllers.Doctor.DoctorController.GetDoctorJobTitlesAsync (API) in 78ms
18:53:12 INFO  - Executed action GD.API.Controllers.Doctor.DoctorController.GetDoctorPageAsync (API) in 93ms
18:53:12 INFO  - Executed action GD.API.Controllers.Doctor.HospitalController.GetHospitalAllSelectAsync (API) in 33ms
18:54:05 INFO  - Executed action GD.API.Controllers.Doctor.HospitalController.GetHospitalAllSelectAsync (API) in 25ms
18:54:05 INFO  - Executed action GD.API.Controllers.Doctor.DoctorController.GetDoctorPageAsync (API) in 88ms
18:54:05 INFO  - Executed action GD.API.Controllers.Doctor.DoctorController.GetDoctorJobTitlesAsync (API) in 85ms
18:54:05 INFO  - Executed action GD.API.Controllers.Doctor.HospitalController.GetHospitalAllSelectAsync (API) in 31ms
18:54:11 INFO  - Executed action GD.API.Controllers.Merchant.MerchantController.GetBusinessScopeListAsync (API) in 25ms
18:54:11 INFO  - Executed action GD.API.Controllers.Merchant.MerchantController.GetMerchantPageAsync (API) in 84ms
18:54:14 INFO  - Executed action GD.API.Controllers.Mall.MemberController.GetMemberPageAsync (API) in 68ms
18:54:33 INFO  - Executed action GD.API.Controllers.Mall.MemberController.GetMemberPageAsync (API) in 76ms
18:55:30 INFO  - Executed action GD.API.Controllers.Mall.MemberController.GetMemberPageAsync (API) in 83ms
18:55:37 INFO  - Executed action GD.API.Controllers.Doctor.HospitalController.GetHospitalAllSelectAsync (API) in 37ms
18:55:37 INFO  - Executed action GD.API.Controllers.Doctor.DoctorController.GetDoctorJobTitlesAsync (API) in 49ms
18:55:37 INFO  - Executed action GD.API.Controllers.Doctor.DoctorController.GetDoctorPageAsync (API) in 71ms
18:55:37 INFO  - Executed action GD.API.Controllers.Doctor.HospitalController.GetHospitalAllSelectAsync (API) in 39ms
18:55:42 INFO  - Executed action GD.API.Controllers.Merchant.MerchantController.GetBusinessScopeListAsync (API) in 23ms
18:55:42 INFO  - Executed action GD.API.Controllers.Merchant.MerchantController.GetMerchantPageAsync (API) in 85ms
18:55:44 INFO  - Executed action GD.API.Controllers.Doctor.HospitalController.GetHospitalAllSelectAsync (API) in 29ms
18:55:44 INFO  - Executed action GD.API.Controllers.Doctor.DoctorController.GetDoctorJobTitlesAsync (API) in 56ms
18:55:44 INFO  - Executed action GD.API.Controllers.Doctor.DoctorController.GetDoctorPageAsync (API) in 62ms
18:55:44 INFO  - Executed action GD.API.Controllers.Doctor.HospitalController.GetHospitalAllSelectAsync (API) in 30ms
18:55:45 INFO  - Executed action GD.API.Controllers.Mall.MemberController.GetMemberPageAsync (API) in 66ms
18:55:50 INFO  - Executed action GD.API.Controllers.Merchant.MerchantController.GetReviewMerchantPageAsync (API) in 72ms
18:55:52 INFO  - Executed action GD.API.Controllers.Doctor.DoctorController.GetReviewDoctorPageAsync (API) in 84ms
18:55:54 INFO  - Executed action GD.API.Controllers.Merchant.MerchantController.GetReviewMerchantPageAsync (API) in 67ms
18:56:24 INFO  - Executed action GD.API.Controllers.Merchant.MerchantController.GetReviewMerchantPageAsync (API) in 71ms
18:56:26 INFO  - Executed action GD.API.Controllers.Doctor.DoctorController.GetReviewDoctorPageAsync (API) in 79ms
18:56:39 INFO  - Executed action GD.API.Controllers.Doctor.HospitalController.GetHospitalAllSelectAsync (API) in 51ms
18:56:39 INFO  - Executed action GD.API.Controllers.Doctor.DoctorController.GetDoctorJobTitlesAsync (API) in 61ms
18:56:39 INFO  - Executed action GD.API.Controllers.Doctor.HospitalController.GetHospitalAllSelectAsync (API) in 27ms
18:56:39 INFO  - Executed action GD.API.Controllers.Doctor.DoctorController.GetDoctorPageAsync (API) in 551ms
18:57:31 INFO  - Executed action GD.API.Controllers.Doctor.HospitalController.GetHospitalAllSelectAsync (API) in 26ms
18:57:31 INFO  - Executed action GD.API.Controllers.Doctor.DoctorController.GetDoctorJobTitlesAsync (API) in 55ms
18:57:31 INFO  - Executed action GD.API.Controllers.Doctor.DoctorController.GetDoctorPageAsync (API) in 70ms
18:57:31 INFO  - Executed action GD.API.Controllers.Doctor.HospitalController.GetHospitalAllSelectAsync (API) in 37ms
18:57:45 INFO  - Executed action GD.API.Controllers.Doctor.HospitalController.GetHospitalLevel (API) in 1ms
18:57:45 INFO  - Executed action GD.API.Controllers.Doctor.HospitalController.GetHospitalPageAsync (API) in 67ms
18:57:47 INFO  - Executed action GD.API.Controllers.Doctor.HospitalController.GetOfficeListAsync (API) in 52ms
18:57:47 INFO  - Executed action GD.API.Controllers.Doctor.HospitalController.GetOfficeListAsync (API) in 53ms
19:09:43 INFO  - Executed action GD.API.Controllers.Doctor.HospitalController.GetHospitalAllSelectAsync (API) in 102ms
19:09:43 INFO  - Executed action GD.API.Controllers.Doctor.DoctorController.GetDoctorJobTitlesAsync (API) in 131ms
19:09:43 INFO  - Executed action GD.API.Controllers.Doctor.DoctorController.GetDoctorPageAsync (API) in 141ms
19:09:43 INFO  - Executed action GD.API.Controllers.Doctor.HospitalController.GetHospitalAllSelectAsync (API) in 35ms
19:09:45 INFO  - Executed action GD.API.Controllers.Doctor.DoctorController.GetDoctorCertificateDetailAsync (API) in 27ms
19:09:45 INFO  - Executed action GD.API.Controllers.Doctor.DoctorController.GetDoctorInfoAsync (API) in 99ms
19:38:46 INFO  - Executed action GD.API.Controllers.Doctor.HospitalController.GetHospitalAllSelectAsync (API) in 138ms
19:38:46 INFO  - Executed action GD.API.Controllers.Doctor.DoctorController.GetDoctorJobTitlesAsync (API) in 165ms
19:38:54 INFO  - Executed action GD.API.Controllers.Doctor.HospitalController.GetHospitalAllSelectAsync (API) in 43ms
19:38:54 INFO  - Executed action GD.API.Controllers.Doctor.DoctorController.GetDoctorPageAsync (API) in 120ms
19:38:54 INFO  - Executed action GD.API.Controllers.Doctor.HospitalController.GetHospitalAllSelectAsync (API) in 41ms
19:38:54 INFO  - Executed action GD.API.Controllers.Doctor.DoctorController.GetDoctorJobTitlesAsync (API) in 173ms
19:38:55 INFO  - Executed action GD.API.Controllers.Doctor.DoctorController.GetDoctorCertificateDetailAsync (API) in 40ms
19:38:55 INFO  - Executed action GD.API.Controllers.Doctor.DoctorController.GetDoctorInfoAsync (API) in 141ms
19:39:30 INFO  - Executed action GD.API.Controllers.Doctor.HospitalController.GetHospitalAllSelectAsync (API) in 40ms
19:39:30 INFO  - Executed action GD.API.Controllers.Doctor.DoctorController.GetDoctorJobTitlesAsync (API) in 74ms
19:39:48 INFO  - Executed action GD.API.Controllers.Doctor.HospitalController.GetHospitalAllSelectAsync (API) in 42ms
19:39:48 INFO  - Executed action GD.API.Controllers.Doctor.DoctorController.GetDoctorJobTitlesAsync (API) in 102ms
19:40:46 INFO  - Executed action GD.API.Controllers.Doctor.HospitalController.GetHospitalAllSelectAsync (API) in 41ms
19:40:46 INFO  - Executed action GD.API.Controllers.Doctor.DoctorController.GetDoctorJobTitlesAsync (API) in 83ms
19:40:49 INFO  - Executed action GD.API.Controllers.Doctor.HospitalController.GetHospitalAllSelectAsync (API) in 46ms
19:40:49 INFO  - Executed action GD.API.Controllers.Doctor.DoctorController.GetDoctorJobTitlesAsync (API) in 77ms
19:40:49 INFO  - Executed action GD.API.Controllers.Doctor.HospitalController.GetHospitalAllSelectAsync (API) in 35ms
19:40:49 INFO  - Executed action GD.API.Controllers.Doctor.DoctorController.GetDoctorPageAsync (API) in 110ms
19:40:52 INFO  - Executed action GD.API.Controllers.Doctor.DoctorController.GetDoctorCertificateDetailAsync (API) in 41ms
19:40:52 INFO  - Executed action GD.API.Controllers.Doctor.DoctorController.GetDoctorInfoAsync (API) in 141ms
19:40:52 INFO  - Executed action GD.API.Controllers.Doctor.HospitalController.GetHospitalOfficeSelectAsync (API) in 42ms
19:41:06 INFO  - Executed action GD.API.Controllers.Doctor.DoctorController.UpdateDoctorInfoAsync (API) in 336ms
19:41:07 INFO  - Executed action GD.API.Controllers.Doctor.DoctorController.GetDoctorPageAsync (API) in 100ms
19:41:10 INFO  - Executed action GD.API.Controllers.Doctor.DoctorController.GetDoctorPageAsync (API) in 109ms
19:41:10 INFO  - Executed action GD.API.Controllers.Doctor.HospitalController.GetHospitalAllSelectAsync (API) in 40ms
19:41:10 INFO  - Executed action GD.API.Controllers.Doctor.DoctorController.GetDoctorJobTitlesAsync (API) in 73ms
19:41:10 INFO  - Executed action GD.API.Controllers.Doctor.HospitalController.GetHospitalAllSelectAsync (API) in 43ms
19:41:11 INFO  - Executed action GD.API.Controllers.Doctor.DoctorController.GetDoctorCertificateDetailAsync (API) in 37ms
19:41:11 INFO  - Executed action GD.API.Controllers.Doctor.DoctorController.GetDoctorInfoAsync (API) in 143ms
19:41:11 INFO  - Executed action GD.API.Controllers.Doctor.HospitalController.GetHospitalOfficeSelectAsync (API) in 39ms
19:41:35 INFO  - Executed action GD.API.Controllers.Doctor.HospitalController.GetHospitalAllSelectAsync (API) in 40ms
19:41:35 INFO  - Executed action GD.API.Controllers.Doctor.DoctorController.GetDoctorJobTitlesAsync (API) in 66ms
19:41:36 INFO  - Executed action GD.API.Controllers.Doctor.DoctorController.GetDoctorJobTitlesAsync (API) in 67ms
19:41:36 INFO  - Executed action GD.API.Controllers.Doctor.HospitalController.GetHospitalAllSelectAsync (API) in 80ms
19:41:36 INFO  - Executed action GD.API.Controllers.Doctor.HospitalController.GetHospitalAllSelectAsync (API) in 31ms
19:41:36 INFO  - Executed action GD.API.Controllers.Doctor.DoctorController.GetDoctorPageAsync (API) in 317ms
19:41:43 INFO  - Executed action GD.API.Controllers.Doctor.DoctorController.GetDoctorCertificateDetailAsync (API) in 35ms
19:41:43 INFO  - Executed action GD.API.Controllers.Doctor.DoctorController.GetDoctorInfoAsync (API) in 121ms
19:41:43 INFO  - Executed action GD.API.Controllers.Doctor.HospitalController.GetHospitalOfficeSelectAsync (API) in 30ms
19:42:57 INFO  - Executed action GD.API.Controllers.Doctor.HospitalController.GetHospitalAllSelectAsync (API) in 33ms
19:42:57 INFO  - Executed action GD.API.Controllers.Doctor.DoctorController.GetDoctorJobTitlesAsync (API) in 65ms
19:42:59 INFO  - Executed action GD.API.Controllers.Doctor.HospitalController.GetHospitalAllSelectAsync (API) in 70ms
19:42:59 INFO  - Executed action GD.API.Controllers.Doctor.DoctorController.GetDoctorJobTitlesAsync (API) in 99ms
19:42:59 INFO  - Executed action GD.API.Controllers.Doctor.HospitalController.GetHospitalAllSelectAsync (API) in 38ms
19:42:59 INFO  - Executed action GD.API.Controllers.Doctor.DoctorController.GetDoctorPageAsync (API) in 80ms
19:43:00 INFO  - Executed action GD.API.Controllers.Doctor.DoctorController.GetDoctorCertificateDetailAsync (API) in 40ms
19:43:00 INFO  - Executed action GD.API.Controllers.Doctor.DoctorController.GetDoctorInfoAsync (API) in 124ms
19:43:01 INFO  - Executed action GD.API.Controllers.Doctor.HospitalController.GetHospitalOfficeSelectAsync (API) in 43ms
19:43:30 INFO  - Executed action GD.API.Controllers.Doctor.HospitalController.GetHospitalAllSelectAsync (API) in 28ms
19:43:30 INFO  - Executed action GD.API.Controllers.Doctor.DoctorController.GetDoctorJobTitlesAsync (API) in 70ms
19:43:31 INFO  - Executed action GD.API.Controllers.Doctor.HospitalController.GetHospitalAllSelectAsync (API) in 29ms
19:43:31 INFO  - Executed action GD.API.Controllers.Doctor.HospitalController.GetHospitalAllSelectAsync (API) in 29ms
19:43:31 INFO  - Executed action GD.API.Controllers.Doctor.DoctorController.GetDoctorJobTitlesAsync (API) in 71ms
19:43:31 INFO  - Executed action GD.API.Controllers.Doctor.DoctorController.GetDoctorPageAsync (API) in 92ms
19:43:32 INFO  - Executed action GD.API.Controllers.Doctor.DoctorController.GetDoctorCertificateDetailAsync (API) in 37ms
19:43:32 INFO  - Executed action GD.API.Controllers.Doctor.DoctorController.GetDoctorInfoAsync (API) in 121ms
19:43:32 INFO  - Executed action GD.API.Controllers.Doctor.HospitalController.GetHospitalOfficeSelectAsync (API) in 29ms
19:44:10 INFO  - Executed action GD.API.Controllers.Doctor.HospitalController.GetHospitalAllSelectAsync (API) in 36ms
19:44:10 INFO  - Executed action GD.API.Controllers.Doctor.DoctorController.GetDoctorJobTitlesAsync (API) in 63ms
19:44:12 INFO  - Executed action GD.API.Controllers.Doctor.HospitalController.GetHospitalAllSelectAsync (API) in 44ms
19:44:13 INFO  - Executed action GD.API.Controllers.Doctor.DoctorController.GetDoctorJobTitlesAsync (API) in 82ms
19:44:13 INFO  - Executed action GD.API.Controllers.Doctor.HospitalController.GetHospitalAllSelectAsync (API) in 37ms
19:44:13 INFO  - Executed action GD.API.Controllers.Doctor.DoctorController.GetDoctorPageAsync (API) in 87ms
19:44:15 INFO  - Executed action GD.API.Controllers.Doctor.DoctorController.GetDoctorCertificateDetailAsync (API) in 35ms
19:44:16 INFO  - Executed action GD.API.Controllers.Doctor.DoctorController.GetDoctorInfoAsync (API) in 131ms
19:44:16 INFO  - Executed action GD.API.Controllers.Doctor.HospitalController.GetHospitalOfficeSelectAsync (API) in 41ms
19:44:26 INFO  - Executed action GD.API.Controllers.Doctor.HospitalController.GetHospitalOfficeSelectAsync (API) in 42ms
19:44:31 INFO  - Executed action GD.API.Controllers.Doctor.DoctorController.UpdateDoctorInfoAsync (API) in 247ms
19:44:31 INFO  - Executed action GD.API.Controllers.Doctor.DoctorController.GetDoctorPageAsync (API) in 95ms
19:44:35 INFO  - Executed action GD.API.Controllers.Doctor.DoctorController.GetDoctorPageAsync (API) in 87ms
19:44:35 INFO  - Executed action GD.API.Controllers.Doctor.HospitalController.GetHospitalAllSelectAsync (API) in 38ms
19:44:35 INFO  - Executed action GD.API.Controllers.Doctor.DoctorController.GetDoctorJobTitlesAsync (API) in 65ms
19:44:35 INFO  - Executed action GD.API.Controllers.Doctor.HospitalController.GetHospitalAllSelectAsync (API) in 35ms
19:44:37 INFO  - Executed action GD.API.Controllers.Doctor.DoctorController.GetDoctorCertificateDetailAsync (API) in 29ms
19:44:38 INFO  - Executed action GD.API.Controllers.Doctor.DoctorController.GetDoctorInfoAsync (API) in 129ms
19:44:38 INFO  - Executed action GD.API.Controllers.Doctor.HospitalController.GetHospitalOfficeSelectAsync (API) in 40ms
21:56:19 INFO  - Executed action GD.API.Controllers.Doctor.HospitalController.GetHospitalAllSelectAsync (API) in 122ms
21:56:19 INFO  - Executed action GD.API.Controllers.Doctor.DoctorController.GetDoctorJobTitlesAsync (API) in 187ms
21:57:36 INFO  - Executed action GD.API.Controllers.Doctor.HospitalController.GetHospitalAllSelectAsync (API) in 31ms
21:57:36 INFO  - Executed action GD.API.Controllers.Doctor.HospitalController.GetHospitalAllSelectAsync (API) in 45ms
21:57:36 INFO  - Executed action GD.API.Controllers.Doctor.DoctorController.GetDoctorPageAsync (API) in 96ms
21:57:36 INFO  - Executed action GD.API.Controllers.Doctor.DoctorController.GetDoctorJobTitlesAsync (API) in 157ms
21:57:43 INFO  - Executed action GD.API.Controllers.Doctor.HospitalController.GetHospitalAllSelectAsync (API) in 30ms
21:57:43 INFO  - Executed action GD.API.Controllers.Doctor.DoctorController.GetDoctorPageAsync (API) in 87ms
21:57:43 INFO  - Executed action GD.API.Controllers.Doctor.HospitalController.GetHospitalAllSelectAsync (API) in 28ms
21:57:43 INFO  - Executed action GD.API.Controllers.Doctor.DoctorController.GetDoctorJobTitlesAsync (API) in 84ms
22:12:33 INFO  - Executed action GD.API.Controllers.Doctor.HospitalController.GetHospitalAllSelectAsync (API) in 142ms
22:12:33 INFO  - Executed action GD.API.Controllers.Doctor.DoctorController.GetDoctorPageAsync (API) in 146ms
22:12:33 INFO  - Executed action GD.API.Controllers.Doctor.DoctorController.GetDoctorJobTitlesAsync (API) in 164ms
22:12:33 INFO  - Executed action GD.API.Controllers.Doctor.HospitalController.GetHospitalAllSelectAsync (API) in 38ms
22:12:33 INFO  - Executed action GD.API.Controllers.Doctor.HospitalController.GetHospitalAllSelectAsync (API) in 39ms
22:12:33 INFO  - Executed action GD.API.Controllers.Doctor.DoctorController.GetDoctorPageAsync (API) in 76ms
22:12:33 INFO  - Executed action GD.API.Controllers.Doctor.DoctorController.GetDoctorJobTitlesAsync (API) in 73ms
22:12:33 INFO  - Executed action GD.API.Controllers.Doctor.HospitalController.GetHospitalAllSelectAsync (API) in 40ms
22:16:43 INFO  - Executed action GD.API.Controllers.System.UserController.GetOrganizationTreeAsync (API) in 27ms
22:16:43 INFO  - Executed action GD.API.Controllers.System.UserController.GetOrganizationTreeAsync (API) in 38ms
22:16:46 INFO  - Executed action GD.API.Controllers.System.UserController.DisableEnableOrganizationAsync (API) in 75ms
22:16:49 INFO  - Executed action GD.API.Controllers.System.UserController.GetOrganizationTreeAsync (API) in 36ms
22:16:53 INFO  - Executed action GD.API.Controllers.System.UserController.GetOrganizationTreeAsync (API) in 39ms
22:16:54 INFO  - Executed action GD.API.Controllers.System.UserController.GetOrganizationTreeAsync (API) in 29ms
22:16:54 INFO  - Executed action GD.API.Controllers.System.UserController.GetOrganizationTreeAsync (API) in 41ms
22:16:55 INFO  - Executed action GD.API.Controllers.System.UserController.GetOrganizationTreeAsync (API) in 39ms
22:16:55 INFO  - Executed action GD.API.Controllers.System.UserController.GetOrganizationTreeAsync (API) in 28ms
22:16:56 INFO  - Executed action GD.API.Controllers.System.UserController.GetOrganizationTreeAsync (API) in 39ms
22:16:56 INFO  - Executed action GD.API.Controllers.System.UserController.GetOrganizationTreeAsync (API) in 40ms
22:19:10 INFO  - Executed action GD.API.Controllers.System.UserController.GetOrganizationTreeAsync (API) in 570ms
22:19:10 INFO  - Executed action GD.API.Controllers.System.UserController.GetOrganizationTreeAsync (API) in 570ms
22:19:15 INFO  - Executed action GD.API.Controllers.System.UserController.DisableEnableOrganizationAsync (API) in 334ms
22:19:15 INFO  - Executed action GD.API.Controllers.System.UserController.GetOrganizationTreeAsync (API) in 30ms
22:19:17 INFO  - Executed action GD.API.Controllers.System.UserController.DisableEnableOrganizationAsync (API) in 113ms
22:19:18 INFO  - Executed action GD.API.Controllers.System.UserController.GetOrganizationTreeAsync (API) in 29ms
22:19:18 INFO  - Executed action GD.API.Controllers.System.UserController.DisableEnableOrganizationAsync (API) in 110ms
22:19:18 INFO  - Executed action GD.API.Controllers.System.UserController.GetOrganizationTreeAsync (API) in 29ms
22:19:19 INFO  - Executed action GD.API.Controllers.System.UserController.DisableEnableOrganizationAsync (API) in 108ms
22:19:19 INFO  - Executed action GD.API.Controllers.System.UserController.GetOrganizationTreeAsync (API) in 28ms
