14:23:07 INFO  - Executed action GD.API.Controllers.System.HomeController.GetDoctorsQtyAsync (API) in 138ms
14:23:07 INFO  - Executed action GD.API.Controllers.System.HomeController.GetUserQtyAsync (API) in 139ms
14:23:07 INFO  - Executed action GD.API.Controllers.System.HomeController.GetOrderQtyAsync (API) in 135ms
14:23:07 INFO  - Executed action GD.API.Controllers.System.HomeController.GetMerchantQtyAsync (API) in 185ms
14:26:42 INFO  - Executed action GD.API.Controllers.System.DictionaryController.GetDictionaryMatedata (API) in 99ms
14:26:42 INFO  - Executed action GD.API.Controllers.System.DictionaryController.GetBusinessScopePageAsync (API) in 175ms
14:26:42 INFO  - Executed action GD.API.Controllers.System.DictionaryController.GetBusinessScopePageAsync (API) in 184ms
14:26:52 INFO  - Executed action GD.API.Controllers.System.DictionaryController.GetBusinessScopePageAsync (API) in 36ms
14:26:52 INFO  - Executed action GD.API.Controllers.System.DictionaryController.GetDictionaryMatedata (API) in 37ms
14:26:52 INFO  - Executed action GD.API.Controllers.System.DictionaryController.GetBusinessScopePageAsync (API) in 54ms
15:02:41 INFO  - Executed action GD.API.Controllers.System.DictionaryController.GetBusinessScopePageAsync (API) in 3857ms
15:02:41 INFO  - Executed action GD.API.Controllers.System.DictionaryController.GetBusinessScopePageAsync (API) in 3763ms
15:03:03 INFO  - Executed action GD.API.Controllers.System.DictionaryController.GetBusinessScopePageAsync (API) in 36ms
15:03:03 INFO  - Executed action GD.API.Controllers.System.DictionaryController.GetBusinessScopePageAsync (API) in 43ms
15:03:28 INFO  - Executed action GD.API.Controllers.System.DictionaryController.GetBusinessScopePageAsync (API) in 34ms
15:03:28 INFO  - Executed action GD.API.Controllers.System.DictionaryController.GetBusinessScopePageAsync (API) in 42ms
15:03:34 INFO  - Executed action GD.API.Controllers.System.DictionaryController.GetBusinessScopePageAsync (API) in 36ms
15:03:34 INFO  - Executed action GD.API.Controllers.System.DictionaryController.GetBusinessScopePageAsync (API) in 51ms
15:03:36 INFO  - Executed action GD.API.Controllers.System.DictionaryController.GetBusinessScopePageAsync (API) in 36ms
15:03:36 INFO  - Executed action GD.API.Controllers.System.DictionaryController.GetBusinessScopePageAsync (API) in 37ms
15:03:37 INFO  - Executed action GD.API.Controllers.System.DictionaryController.GetBusinessScopePageAsync (API) in 34ms
15:03:37 INFO  - Executed action GD.API.Controllers.System.DictionaryController.GetBusinessScopePageAsync (API) in 41ms
15:03:39 INFO  - Executed action GD.API.Controllers.System.DictionaryController.GetBusinessScopePageAsync (API) in 35ms
15:03:39 INFO  - Executed action GD.API.Controllers.System.DictionaryController.GetBusinessScopePageAsync (API) in 41ms
15:03:59 INFO  - Executed action GD.API.Controllers.System.DictionaryController.GetBusinessScopePageAsync (API) in 36ms
15:03:59 INFO  - Executed action GD.API.Controllers.System.DictionaryController.GetBusinessScopePageAsync (API) in 43ms
15:04:01 INFO  - Executed action GD.API.Controllers.System.AccessoryController.GetAcessoryUrlAsync (API) in 56ms
15:04:06 INFO  - Executed action GD.API.Controllers.System.DictionaryController.GetBusinessScopePageAsync (API) in 35ms
15:04:06 INFO  - Executed action GD.API.Controllers.System.DictionaryController.GetBusinessScopePageAsync (API) in 40ms
15:04:08 INFO  - Executed action GD.API.Controllers.System.DictionaryController.GetBusinessScopePageAsync (API) in 35ms
15:04:08 INFO  - Executed action GD.API.Controllers.System.DictionaryController.GetBusinessScopePageAsync (API) in 41ms
15:04:11 INFO  - Executed action GD.API.Controllers.System.DictionaryController.GetBusinessScopePageAsync (API) in 35ms
15:04:11 INFO  - Executed action GD.API.Controllers.System.DictionaryController.GetBusinessScopePageAsync (API) in 41ms
15:05:04 INFO  - Executed action GD.API.Controllers.System.DictionaryController.GetBusinessScopePageAsync (API) in 34ms
15:05:04 INFO  - Executed action GD.API.Controllers.System.DictionaryController.GetBusinessScopePageAsync (API) in 39ms
15:05:04 INFO  - Executed action GD.API.Controllers.System.DictionaryController.GetBusinessScopeType (API) in 127ms
15:05:37 INFO  - Executed action GD.API.Controllers.System.DictionaryController.GetBusinessScopePageAsync (API) in 38ms
15:05:37 INFO  - Executed action GD.API.Controllers.System.DictionaryController.GetBusinessScopeType (API) in 40ms
15:05:37 INFO  - Executed action GD.API.Controllers.System.DictionaryController.GetBusinessScopePageAsync (API) in 46ms
15:06:14 INFO  - Executed action GD.API.Controllers.System.DictionaryController.GetBusinessScopeType (API) in 35ms
15:06:14 INFO  - Executed action GD.API.Controllers.System.DictionaryController.GetBusinessScopePageAsync (API) in 42ms
15:06:14 INFO  - Executed action GD.API.Controllers.System.DictionaryController.GetBusinessScopePageAsync (API) in 41ms
15:06:50 INFO  - Executed action GD.API.Controllers.System.DictionaryController.DeleteDictionaryAsync (API) in 50ms
15:06:50 INFO  - Executed action GD.API.Controllers.System.DictionaryController.GetBusinessScopePageAsync (API) in 37ms
15:09:06 INFO  - Executed action GD.API.Controllers.System.DictionaryController.GetBusinessScopeType (API) in 8601ms
15:09:06 INFO  - Executed action GD.API.Controllers.System.DictionaryController.GetBusinessScopePageAsync (API) in 8398ms
15:09:06 INFO  - Executed action GD.API.Controllers.System.DictionaryController.GetBusinessScopePageAsync (API) in 8327ms
15:10:49 INFO  - Executed action GD.API.Controllers.System.DictionaryController.DeleteDictionaryAsync (API) in 61ms
15:10:49 INFO  - Executed action GD.API.Controllers.System.DictionaryController.GetBusinessScopePageAsync (API) in 43ms
15:27:42 INFO  - Executed action GD.API.Controllers.System.DictionaryController.GetBusinessScopePageAsync (API) in 96ms
15:27:42 INFO  - Executed action GD.API.Controllers.System.DictionaryController.GetDictionaryMatedata (API) in 126ms
15:27:46 INFO  - Executed action GD.API.Controllers.System.DictionaryController.DisableEnableDictionaryAsync (API) in 91ms
15:27:46 INFO  - Executed action GD.API.Controllers.System.DictionaryController.GetDictionaryMatedata (API) in 27ms
15:27:46 INFO  - Executed action GD.API.Controllers.System.DictionaryController.GetBusinessScopePageAsync (API) in 45ms
15:29:25 INFO  - Executed action GD.API.Controllers.System.DictionaryController.GetDictionaryMatedata (API) in 5435ms
15:29:25 INFO  - Executed action GD.API.Controllers.System.DictionaryController.GetBusinessScopePageAsync (API) in 5542ms
15:29:29 INFO  - Executed action GD.API.Controllers.System.DictionaryController.DisableEnableDictionaryAsync (API) in 459ms
15:29:29 INFO  - Executed action GD.API.Controllers.System.DictionaryController.GetDictionaryMatedata (API) in 40ms
15:29:29 INFO  - Executed action GD.API.Controllers.System.DictionaryController.GetBusinessScopePageAsync (API) in 51ms
15:29:43 INFO  - Executed action GD.API.Controllers.System.DictionaryController.DisableEnableDictionaryAsync (API) in 372ms
15:29:43 INFO  - Executed action GD.API.Controllers.System.DictionaryController.GetDictionaryMatedata (API) in 37ms
15:29:43 INFO  - Executed action GD.API.Controllers.System.DictionaryController.GetBusinessScopePageAsync (API) in 50ms
15:29:49 INFO  - Executed action GD.API.Controllers.System.AccessoryController.GetAcessoryUrlAsync (API) in 41ms
15:29:58 INFO  - Executed action GD.API.Controllers.System.AccessoryController.GetAcessoryUrlAsync (API) in 37ms
15:30:28 INFO  - Executed action GD.API.Controllers.System.AccessoryController.GetAcessoryUrlAsync (API) in 38ms
15:30:56 INFO  - Executed action GD.API.Controllers.System.AccessoryController.GetAcessoryUrlAsync (API) in 49ms
15:33:22 INFO  - Executed action GD.API.Controllers.System.DictionaryController.GetBusinessScopePageAsync (API) in 3431ms
15:33:22 INFO  - Executed action GD.API.Controllers.System.DictionaryController.GetDictionaryMatedata (API) in 3336ms
15:33:26 INFO  - Executed action GD.API.Controllers.System.AccessoryController.GetAcessoryUrlAsync (API) in 59ms
15:35:03 INFO  - Executed action GD.API.Controllers.System.DictionaryController.UpdateBusinessScopeAsync (API) in 3046ms
15:36:06 INFO  - Executed action GD.API.Controllers.System.DictionaryController.UpdateBusinessScopeAsync (API) in 42474ms
15:36:17 INFO  - Executed action GD.API.Controllers.System.DictionaryController.UpdateBusinessScopeAsync (API) in 2729ms
15:36:29 INFO  - Executed action GD.API.Controllers.System.DictionaryController.DisableEnableDictionaryAsync (API) in 313ms
15:36:29 INFO  - Executed action GD.API.Controllers.System.DictionaryController.GetBusinessScopePageAsync (API) in 48ms
15:36:29 INFO  - Executed action GD.API.Controllers.System.DictionaryController.GetDictionaryMatedata (API) in 146ms
15:36:30 INFO  - Executed action GD.API.Controllers.System.AccessoryController.GetAcessoryUrlAsync (API) in 27ms
15:36:44 INFO  - Executed action GD.API.Controllers.System.DictionaryController.UpdateBusinessScopeAsync (API) in 2235ms
15:36:44 INFO  - Executed action GD.API.Controllers.System.DictionaryController.GetBusinessScopePageAsync (API) in 41ms
15:36:53 INFO  - Executed action GD.API.Controllers.System.AccessoryController.GetAcessoryUrlAsync (API) in 42ms
15:37:12 INFO  - Executed action GD.API.Controllers.System.DictionaryController.GetBusinessScopePageAsync (API) in 36ms
15:37:12 INFO  - Executed action GD.API.Controllers.System.DictionaryController.GetDictionaryMatedata (API) in 44ms
15:37:17 INFO  - Executed action GD.API.Controllers.System.AccessoryController.GetAcessoryUrlAsync (API) in 25ms
15:37:41 INFO  - Executed action GD.API.Controllers.System.DictionaryController.GetDictionaryMatedata (API) in 29ms
15:37:41 INFO  - Executed action GD.API.Controllers.System.DictionaryController.GetBusinessScopePageAsync (API) in 55ms
15:38:41 INFO  - Executed action GD.API.Controllers.System.DictionaryController.GetBusinessScopePageAsync (API) in 36ms
15:38:41 INFO  - Executed action GD.API.Controllers.System.DictionaryController.GetBusinessScopeType (API) in 42ms
15:38:52 INFO  - Executed action GD.API.Controllers.System.DictionaryController.GetDictionaryMatedata (API) in 25ms
15:38:52 INFO  - Executed action GD.API.Controllers.System.DictionaryController.GetDictionaryTreeAsync (API) in 54ms
15:38:52 INFO  - Executed action GD.API.Controllers.System.DictionaryController.GetDictionaryTreeAsync (API) in 98ms
15:42:14 INFO  - Executed action GD.API.Controllers.System.DictionaryController.GetDictionaryTreeAsync (API) in 5758ms
15:42:14 INFO  - Executed action GD.API.Controllers.System.DictionaryController.GetDictionaryTreeAsync (API) in 5758ms
15:42:14 INFO  - Executed action GD.API.Controllers.System.DictionaryController.GetDictionaryMatedata (API) in 5621ms
15:48:31 INFO  - Executed action GD.API.Controllers.System.DictionaryController.GetDictionaryMatedata (API) in 4193ms
15:48:31 INFO  - Executed action GD.API.Controllers.System.DictionaryController.GetDictionaryTreeAsync (API) in 4274ms
15:48:31 INFO  - Executed action GD.API.Controllers.System.DictionaryController.GetDictionaryTreeAsync (API) in 4282ms
16:14:03 INFO  - Executed action GD.API.Controllers.System.HomeController.GetDoctorsQtyAsync (API) in 695ms
16:14:03 INFO  - Executed action GD.API.Controllers.System.HomeController.GetOrderQtyAsync (API) in 692ms
16:14:03 INFO  - Executed action GD.API.Controllers.System.HomeController.GetMerchantQtyAsync (API) in 695ms
16:14:03 INFO  - Executed action GD.API.Controllers.System.HomeController.GetUserQtyAsync (API) in 695ms
16:26:35 INFO  - Executed action GD.Host.Controllers.AccountController.LoginAdmin (PAPI) in 566ms
16:26:35 INFO  - Executed action GD.API.Controllers.System.HomeController.GetUserQtyAsync (API) in 143ms
16:26:35 INFO  - Executed action GD.API.Controllers.System.HomeController.GetDoctorsQtyAsync (API) in 201ms
16:26:35 INFO  - Executed action GD.API.Controllers.System.HomeController.GetOrderQtyAsync (API) in 236ms
16:26:35 INFO  - Executed action GD.API.Controllers.System.HomeController.GetMerchantQtyAsync (API) in 260ms
16:26:49 INFO  - Executed action GD.API.Controllers.System.HomeController.GetDoctorsQtyAsync (API) in 30ms
16:26:49 INFO  - Executed action GD.API.Controllers.System.HomeController.GetUserQtyAsync (API) in 24ms
16:26:49 INFO  - Executed action GD.API.Controllers.System.HomeController.GetMerchantQtyAsync (API) in 31ms
16:26:49 INFO  - Executed action GD.API.Controllers.System.HomeController.GetOrderQtyAsync (API) in 41ms
16:32:51 INFO  - Executed action GD.API.Controllers.Merchant.MerchantController.GetMerchantPageAsync (API) in 204ms
16:32:52 INFO  - Executed action GD.API.Controllers.Doctor.HospitalController.GetHospitalAllSelectAsync (API) in 45ms
16:32:52 INFO  - Executed action GD.API.Controllers.Doctor.HospitalController.GetHospitalAllSelectAsync (API) in 26ms
16:32:52 INFO  - Executed action GD.API.Controllers.Doctor.DoctorController.GetDoctorPageAsync (API) in 96ms
16:32:55 INFO  - Executed action GD.API.Controllers.Merchant.MerchantController.GetBusinessScopeListAsync (API) in 4367ms
16:32:55 INFO  - Executed action GD.API.Controllers.Doctor.DoctorController.GetDoctorJobTitlesAsync (API) in 2492ms
16:32:56 INFO  - Executed action GD.API.Controllers.Doctor.DoctorController.GetDoctorCertificateDetailAsync (API) in 47ms
16:32:56 INFO  - Executed action GD.API.Controllers.Doctor.DoctorController.GetDoctorInfoAsync (API) in 126ms
16:32:56 INFO  - Executed action GD.API.Controllers.Doctor.HospitalController.GetHospitalOfficeSelectAsync (API) in 39ms
16:33:05 INFO  - Executed action GD.API.Controllers.Doctor.DoctorController.UpdateDoctorInfoAsync (API) in 240ms
16:33:05 INFO  - Executed action GD.API.Controllers.Doctor.DoctorController.GetDoctorPageAsync (API) in 84ms
16:33:12 INFO  - Executed action GD.API.Controllers.Doctor.DoctorController.GetDoctorJobTitlesAsync (API) in 52ms
16:33:12 INFO  - Executed action GD.API.Controllers.Doctor.DoctorController.GetDoctorPageAsync (API) in 96ms
16:33:12 INFO  - Executed action GD.API.Controllers.Doctor.HospitalController.GetHospitalAllSelectAsync (API) in 111ms
16:33:12 INFO  - Executed action GD.API.Controllers.Doctor.HospitalController.GetHospitalAllSelectAsync (API) in 26ms
16:33:13 INFO  - Executed action GD.API.Controllers.Doctor.DoctorController.GetDoctorCertificateDetailAsync (API) in 35ms
16:33:14 INFO  - Executed action GD.API.Controllers.Doctor.DoctorController.GetDoctorInfoAsync (API) in 114ms
16:33:14 INFO  - Executed action GD.API.Controllers.Doctor.HospitalController.GetHospitalOfficeSelectAsync (API) in 33ms
16:36:45 INFO  - Executed action GD.API.Controllers.Doctor.DoctorController.UpdateDoctorInfoAsync (API) in 1189ms
16:36:45 INFO  - Executed action GD.API.Controllers.Doctor.DoctorController.GetDoctorPageAsync (API) in 135ms
16:36:49 INFO  - Executed action GD.API.Controllers.Doctor.DoctorController.GetDoctorPageAsync (API) in 111ms
16:36:49 INFO  - Executed action GD.API.Controllers.Doctor.HospitalController.GetHospitalAllSelectAsync (API) in 94ms
16:36:49 INFO  - Executed action GD.API.Controllers.Doctor.HospitalController.GetHospitalAllSelectAsync (API) in 39ms
16:36:50 INFO  - Executed action GD.API.Controllers.Doctor.DoctorController.GetDoctorPageAsync (API) in 72ms
16:36:51 INFO  - Executed action GD.API.Controllers.Doctor.DoctorController.GetDoctorCertificateDetailAsync (API) in 28ms
16:36:51 INFO  - Executed action GD.API.Controllers.Doctor.DoctorController.GetDoctorInfoAsync (API) in 117ms
16:36:51 INFO  - Executed action GD.API.Controllers.Doctor.HospitalController.GetHospitalOfficeSelectAsync (API) in 44ms
16:36:52 INFO  - Executed action GD.API.Controllers.Doctor.DoctorController.GetDoctorJobTitlesAsync (API) in 3029ms
16:49:07 INFO  - Executed action GD.API.Controllers.Doctor.DoctorController.UpdateDoctorInfoAsync (API) in 329ms
16:49:08 INFO  - Executed action GD.API.Controllers.Doctor.DoctorController.GetDoctorPageAsync (API) in 74ms
16:51:05 INFO  - Executed action GD.API.Controllers.Doctor.DoctorController.GetDoctorPageAsync (API) in 77ms
16:51:05 INFO  - Executed action GD.API.Controllers.Doctor.DoctorController.GetDoctorJobTitlesAsync (API) in 120ms
16:51:05 INFO  - Executed action GD.API.Controllers.Doctor.HospitalController.GetHospitalAllSelectAsync (API) in 367ms
16:51:05 INFO  - Executed action GD.API.Controllers.Doctor.HospitalController.GetHospitalAllSelectAsync (API) in 23ms
16:52:36 INFO  - Executed action GD.Host.Controllers.AccountController.LoginAdmin (PAPI) in 41ms
16:52:37 INFO  - Executed action GD.API.Controllers.System.HomeController.GetMerchantQtyAsync (API) in 56ms
16:52:37 INFO  - Executed action GD.API.Controllers.System.HomeController.GetOrderQtyAsync (API) in 54ms
16:52:37 INFO  - Executed action GD.API.Controllers.System.HomeController.GetDoctorsQtyAsync (API) in 30ms
16:52:37 INFO  - Executed action GD.API.Controllers.System.HomeController.GetUserQtyAsync (API) in 103ms
16:52:53 INFO  - Executed action GD.API.Controllers.Merchant.MerchantController.GetBusinessScopeListAsync (API) in 24ms
16:52:53 INFO  - Executed action GD.API.Controllers.Merchant.MerchantController.GetMerchantPageAsync (API) in 79ms
16:52:59 INFO  - Executed action GD.API.Controllers.Merchant.MerchantController.GetMerchantPageAsync (API) in 68ms
16:57:09 INFO  - Executed action GD.API.Controllers.Merchant.MerchantController.GetBusinessScopeListAsync (API) in 23ms
16:57:09 INFO  - Executed action GD.API.Controllers.Merchant.MerchantController.GetMerchantPageAsync (API) in 78ms
17:16:24 INFO  - Executed action GD.API.Controllers.System.DictionaryController.GetDictionaryMatedata (API) in 115ms
17:16:24 INFO  - Executed action GD.API.Controllers.System.DictionaryController.GetDictionaryTreeAsync (API) in 123ms
17:16:24 INFO  - Executed action GD.API.Controllers.System.DictionaryController.GetDictionaryTreeAsync (API) in 110ms
17:16:34 INFO  - Executed action GD.API.Controllers.System.DictionaryController.GetDictionaryTreeAsync (API) in 33ms
