11:37:17 INFO  - Executed action GD.Host.Controllers.AccountController.LoginAdmin (PAPI) in 709ms
11:37:23 INFO  - Executed action GD.Host.Controllers.AccountController.LoginAdmin (PAPI) in 26ms
11:37:24 INFO  - Executed action GD.API.Controllers.Utility.ArticleController.GetArticleListAsync (API) in 94ms
11:37:26 INFO  - Executed action GD.API.Controllers.Utility.ArticleController.GetArticleTypeAsync (API) in 2224ms
11:37:29 INFO  - Executed action GD.API.Controllers.System.UserController.GetOrganizationTreeAsync (API) in 48ms
11:37:29 INFO  - Executed action GD.API.Controllers.System.UserController.GetRoleListAsync (API) in 125ms
11:37:29 INFO  - Executed action GD.API.Controllers.System.UserController.GetAccountListAsync (API) in 156ms
11:37:31 INFO  - Executed action GD.API.Controllers.System.UserController.GetOrganizationTreeAsync (API) in 27ms
11:37:31 INFO  - Executed action GD.API.Controllers.System.UserController.GetOrganizationTreeAsync (API) in 30ms
11:37:32 INFO  - Executed action GD.API.Controllers.System.UserController.GetOrganizationTreeAsync (API) in 26ms
11:37:32 INFO  - Executed action GD.API.Controllers.System.UserController.GetRoleListAsync (API) in 28ms
11:37:32 INFO  - Executed action GD.API.Controllers.System.UserController.GetAccountListAsync (API) in 60ms
11:37:36 INFO  - Executed action GD.API.Controllers.System.UserController.GetAccountInfoAsync (API) in 201ms
15:29:56 INFO  - Executed action GD.API.Controllers.System.UserController.GetOrganizationTreeAsync (API) in 87ms
15:29:56 INFO  - Executed action GD.API.Controllers.System.UserController.GetRoleListAsync (API) in 95ms
15:29:56 INFO  - Executed action GD.API.Controllers.System.UserController.GetAccountListAsync (API) in 116ms
15:29:58 INFO  - Executed action GD.API.Controllers.Utility.ArticleController.GetArticleTypeAsync (API) in 22ms
15:29:58 INFO  - Executed action GD.API.Controllers.Utility.ArticleController.GetArticleListAsync (API) in 44ms
15:30:04 INFO  - Executed action GD.API.Controllers.Utility.ArticleController.GetArticleInfoAsync (API) in 4743ms
15:30:36 INFO  - Executed action GD.API.Controllers.Doctor.HospitalController.GetOfficeListAsync (API) in 22ms
15:30:36 INFO  - Executed action GD.API.Controllers.Doctor.HospitalController.GetOfficeListAsync (API) in 24ms
15:30:45 INFO  - Executed action GD.API.Controllers.System.AccessoryController.GetAcessoryUrlAsync (API) in 17ms
15:32:53 INFO  - Executed action GD.API.Controllers.System.AccessoryController.GetAcessoryUrlAsync (API) in 19ms
15:33:04 INFO  - Executed action GD.API.Controllers.Doctor.HospitalController.GetOfficeListAsync (API) in 22ms
15:33:06 INFO  - Executed action GD.API.Controllers.Doctor.HospitalController.GetOfficeListAsync (API) in 19ms
15:33:06 INFO  - Executed action GD.API.Controllers.Doctor.HospitalController.GetOfficeListAsync (API) in 18ms
15:33:07 INFO  - Executed action GD.API.Controllers.System.AccessoryController.GetAcessoryUrlAsync (API) in 21ms
15:33:16 INFO  - Executed action GD.API.Controllers.System.AccessoryController.GetAcessoryUrlAsync (API) in 16ms
15:33:18 INFO  - Executed action GD.API.Controllers.System.AccessoryController.GetAcessoryUrlAsync (API) in 15ms
15:59:16 INFO  - Executed action GD.API.Controllers.Doctor.HospitalController.GetOfficeListAsync (API) in 89ms
15:59:16 INFO  - Executed action GD.API.Controllers.Doctor.HospitalController.GetOfficeListAsync (API) in 103ms
15:59:18 INFO  - Executed action GD.API.Controllers.Utility.ArticleController.GetArticleTypeAsync (API) in 26ms
15:59:18 INFO  - Executed action GD.API.Controllers.Utility.ArticleController.GetArticleListAsync (API) in 73ms
15:59:21 INFO  - Executed action GD.API.Controllers.Doctor.HospitalController.GetOfficeListAsync (API) in 23ms
15:59:21 INFO  - Executed action GD.API.Controllers.Doctor.HospitalController.GetOfficeListAsync (API) in 25ms
15:59:22 INFO  - Executed action GD.API.Controllers.System.AccessoryController.GetAcessoryUrlAsync (API) in 23ms
16:02:18 INFO  - Executed action GD.API.Controllers.Doctor.HospitalController.GetOfficeListAsync (API) in 24ms
16:02:18 INFO  - Executed action GD.API.Controllers.Doctor.HospitalController.GetOfficeListAsync (API) in 28ms
16:02:20 INFO  - Executed action GD.API.Controllers.System.AccessoryController.GetAcessoryUrlAsync (API) in 25ms
16:02:48 INFO  - Executed action GD.API.Controllers.Doctor.HospitalController.UpdataOfficeAsync (API) in 193ms
16:02:48 INFO  - Executed action GD.API.Controllers.Doctor.HospitalController.GetOfficeListAsync (API) in 23ms
16:02:48 INFO  - Executed action GD.API.Controllers.Doctor.HospitalController.GetOfficeListAsync (API) in 27ms
16:02:58 INFO  - Executed action GD.API.Controllers.Doctor.HospitalController.UpdataOfficeAsync (API) in 96ms
16:02:59 INFO  - Executed action GD.API.Controllers.Doctor.HospitalController.GetOfficeListAsync (API) in 25ms
16:02:59 INFO  - Executed action GD.API.Controllers.Doctor.HospitalController.GetOfficeListAsync (API) in 33ms
16:03:04 INFO  - Executed action GD.API.Controllers.Doctor.HospitalController.UpdataOfficeAsync (API) in 96ms
16:03:04 INFO  - Executed action GD.API.Controllers.Doctor.HospitalController.GetOfficeListAsync (API) in 24ms
16:03:04 INFO  - Executed action GD.API.Controllers.Doctor.HospitalController.GetOfficeListAsync (API) in 26ms
16:04:39 INFO  - Executed action GD.API.Controllers.System.AccessoryController.GetAcessoryUrlAsync (API) in 24ms
16:05:08 INFO  - Executed action GD.API.Controllers.Doctor.HospitalController.UpdataOfficeAsync (API) in 94ms
16:05:08 INFO  - Executed action GD.API.Controllers.Doctor.HospitalController.GetOfficeListAsync (API) in 23ms
16:05:08 INFO  - Executed action GD.API.Controllers.Doctor.HospitalController.GetOfficeListAsync (API) in 26ms
16:05:11 INFO  - Executed action GD.API.Controllers.System.AccessoryController.GetAcessoryUrlAsync (API) in 24ms
16:08:50 INFO  - Executed action GD.API.Controllers.System.AccessoryController.GetAcessoryUrlAsync (API) in 28ms
17:02:24 INFO  - Executed action GD.API.Controllers.Doctor.HospitalController.GetOfficeListAsync (API) in 434ms
17:02:24 INFO  - Executed action GD.API.Controllers.Doctor.HospitalController.GetFirstOfficeListAsync (API) in 659ms
17:02:29 INFO  - Executed action GD.API.Controllers.System.AccessoryController.GetAcessoryUrlAsync (API) in 48ms
17:03:08 INFO  - Executed action GD.API.Controllers.Doctor.HospitalController.GetFirstOfficeListAsync (API) in 661ms
17:03:08 INFO  - Executed action GD.API.Controllers.Doctor.HospitalController.GetOfficeListAsync (API) in 439ms
17:03:10 INFO  - Executed action GD.API.Controllers.System.AccessoryController.GetAcessoryUrlAsync (API) in 70ms
17:03:14 INFO  - Executed action GD.API.Controllers.Doctor.HospitalController.GetOfficeListAsync (API) in 26ms
17:03:14 INFO  - Executed action GD.API.Controllers.Doctor.HospitalController.GetFirstOfficeListAsync (API) in 27ms
17:03:15 INFO  - Executed action GD.API.Controllers.System.AccessoryController.GetAcessoryUrlAsync (API) in 24ms
17:03:49 INFO  - Executed action GD.API.Controllers.System.AccessoryController.GetAcessoryUrlAsync (API) in 725ms
17:03:52 INFO  - Executed action GD.API.Controllers.Doctor.HospitalController.GetFirstOfficeListAsync (API) in 59ms
17:03:53 INFO  - Executed action GD.API.Controllers.Doctor.HospitalController.GetOfficeListAsync (API) in 85ms
17:03:54 INFO  - Executed action GD.API.Controllers.System.AccessoryController.GetAcessoryUrlAsync (API) in 32ms
17:04:26 INFO  - Executed action GD.API.Controllers.Doctor.HospitalController.UpdataOfficeAsync (API) in 153ms
17:04:26 INFO  - Executed action GD.API.Controllers.Doctor.HospitalController.GetOfficeListAsync (API) in 24ms
17:04:26 INFO  - Executed action GD.API.Controllers.Doctor.HospitalController.GetFirstOfficeListAsync (API) in 37ms
17:04:36 INFO  - Executed action GD.API.Controllers.Doctor.HospitalController.UpdataOfficeAsync (API) in 126ms
17:04:36 INFO  - Executed action GD.API.Controllers.Doctor.HospitalController.GetOfficeListAsync (API) in 22ms
17:04:37 INFO  - Executed action GD.API.Controllers.Doctor.HospitalController.GetFirstOfficeListAsync (API) in 40ms
17:04:56 INFO  - Executed action GD.API.Controllers.Doctor.HospitalController.UpdataOfficeAsync (API) in 92ms
17:04:56 INFO  - Executed action GD.API.Controllers.Doctor.HospitalController.GetOfficeListAsync (API) in 15ms
17:04:56 INFO  - Executed action GD.API.Controllers.Doctor.HospitalController.GetFirstOfficeListAsync (API) in 29ms
17:05:03 INFO  - Executed action GD.API.Controllers.System.AccessoryController.GetAcessoryUrlAsync (API) in 18ms
17:05:27 INFO  - Executed action GD.API.Controllers.Doctor.HospitalController.UpdataOfficeAsync (API) in 89ms
17:05:27 INFO  - Executed action GD.API.Controllers.Doctor.HospitalController.GetFirstOfficeListAsync (API) in 17ms
17:05:27 INFO  - Executed action GD.API.Controllers.Doctor.HospitalController.GetOfficeListAsync (API) in 28ms
17:05:43 INFO  - Executed action GD.API.Controllers.Doctor.HospitalController.UpdataOfficeAsync (API) in 94ms
17:05:43 INFO  - Executed action GD.API.Controllers.Doctor.HospitalController.GetOfficeListAsync (API) in 15ms
17:05:43 INFO  - Executed action GD.API.Controllers.Doctor.HospitalController.GetFirstOfficeListAsync (API) in 30ms
17:05:48 INFO  - Executed action GD.API.Controllers.System.AccessoryController.GetAcessoryUrlAsync (API) in 17ms
17:05:52 INFO  - Executed action GD.API.Controllers.Doctor.HospitalController.UpdataOfficeAsync (API) in 74ms
17:05:52 INFO  - Executed action GD.API.Controllers.Doctor.HospitalController.GetFirstOfficeListAsync (API) in 18ms
17:05:52 INFO  - Executed action GD.API.Controllers.Doctor.HospitalController.GetOfficeListAsync (API) in 26ms
17:06:11 INFO  - Executed action GD.API.Controllers.Doctor.HospitalController.UpdataOfficeAsync (API) in 92ms
17:06:11 INFO  - Executed action GD.API.Controllers.Doctor.HospitalController.GetOfficeListAsync (API) in 17ms
17:06:11 INFO  - Executed action GD.API.Controllers.Doctor.HospitalController.GetFirstOfficeListAsync (API) in 30ms
17:06:17 INFO  - Executed action GD.API.Controllers.Doctor.HospitalController.UpdataOfficeAsync (API) in 89ms
17:06:17 INFO  - Executed action GD.API.Controllers.Doctor.HospitalController.GetOfficeListAsync (API) in 15ms
17:06:17 INFO  - Executed action GD.API.Controllers.Doctor.HospitalController.GetFirstOfficeListAsync (API) in 29ms
17:13:29 INFO  - Executed action GD.API.Controllers.Doctor.HospitalController.GetOfficeListAsync (API) in 422ms
17:13:29 INFO  - Executed action GD.API.Controllers.Doctor.HospitalController.GetFirstOfficeListAsync (API) in 645ms
17:13:39 INFO  - Executed action GD.API.Controllers.System.AccessoryController.GetAcessoryUrlAsync (API) in 50ms
17:13:42 INFO  - Executed action GD.API.Controllers.System.AccessoryController.GetAcessoryUrlAsync (API) in 19ms
17:14:19 INFO  - Executed action GD.API.Controllers.Doctor.HospitalController.GetFirstOfficeListAsync (API) in 20ms
17:14:19 INFO  - Executed action GD.API.Controllers.Doctor.HospitalController.GetOfficeListAsync (API) in 27ms
17:14:20 INFO  - Executed action GD.API.Controllers.System.AccessoryController.GetAcessoryUrlAsync (API) in 17ms
17:15:35 INFO  - Executed action GD.API.Controllers.Doctor.HospitalController.GetFirstOfficeListAsync (API) in 21ms
17:15:35 INFO  - Executed action GD.API.Controllers.Doctor.HospitalController.GetOfficeListAsync (API) in 26ms
17:15:37 INFO  - Executed action GD.API.Controllers.System.AccessoryController.GetAcessoryUrlAsync (API) in 18ms
17:15:48 INFO  - Executed action GD.API.Controllers.Doctor.HospitalController.GetOfficeListAsync (API) in 20ms
17:15:48 INFO  - Executed action GD.API.Controllers.Doctor.HospitalController.GetFirstOfficeListAsync (API) in 26ms
17:15:58 INFO  - Executed action GD.API.Controllers.System.AccessoryController.GetAcessoryUrlAsync (API) in 17ms
17:16:18 INFO  - Executed action GD.API.Controllers.System.AccessoryController.GetAcessoryUrlAsync (API) in 25ms
17:16:32 INFO  - Executed action GD.API.Controllers.System.AccessoryController.GetAcessoryUrlAsync (API) in 19ms
17:16:36 INFO  - Executed action GD.API.Controllers.Doctor.HospitalController.UpdataOfficeAsync (API) in 29ms
17:16:41 INFO  - Executed action GD.API.Controllers.Doctor.HospitalController.UpdataOfficeAsync (API) in 20ms
17:16:41 INFO  - Executed action GD.API.Controllers.Doctor.HospitalController.UpdataOfficeAsync (API) in 28ms
17:16:41 INFO  - Executed action GD.API.Controllers.Doctor.HospitalController.UpdataOfficeAsync (API) in 19ms
17:17:14 INFO  - Executed action GD.API.Controllers.Doctor.HospitalController.UpdataOfficeAsync (API) in 154ms
17:17:14 INFO  - Executed action GD.API.Controllers.Doctor.HospitalController.GetOfficeListAsync (API) in 19ms
17:17:14 INFO  - Executed action GD.API.Controllers.Doctor.HospitalController.GetFirstOfficeListAsync (API) in 28ms
17:17:29 INFO  - Executed action GD.API.Controllers.Doctor.HospitalController.UpdataOfficeAsync (API) in 94ms
17:17:29 INFO  - Executed action GD.API.Controllers.Doctor.HospitalController.GetOfficeListAsync (API) in 19ms
17:17:29 INFO  - Executed action GD.API.Controllers.Doctor.HospitalController.GetFirstOfficeListAsync (API) in 28ms
17:17:42 INFO  - Executed action GD.API.Controllers.Doctor.HospitalController.UpdataOfficeAsync (API) in 90ms
17:17:42 INFO  - Executed action GD.API.Controllers.Doctor.HospitalController.GetOfficeListAsync (API) in 19ms
17:17:42 INFO  - Executed action GD.API.Controllers.Doctor.HospitalController.GetFirstOfficeListAsync (API) in 27ms
17:17:53 INFO  - Executed action GD.API.Controllers.Doctor.HospitalController.UpdataOfficeAsync (API) in 90ms
17:17:53 INFO  - Executed action GD.API.Controllers.Doctor.HospitalController.GetFirstOfficeListAsync (API) in 20ms
17:17:53 INFO  - Executed action GD.API.Controllers.Doctor.HospitalController.GetOfficeListAsync (API) in 25ms
17:17:57 INFO  - Executed action GD.API.Controllers.Doctor.HospitalController.UpdataOfficeAsync (API) in 92ms
17:17:57 INFO  - Executed action GD.API.Controllers.Doctor.HospitalController.GetOfficeListAsync (API) in 19ms
17:17:57 INFO  - Executed action GD.API.Controllers.Doctor.HospitalController.GetFirstOfficeListAsync (API) in 29ms
17:18:17 INFO  - Executed action GD.API.Controllers.Doctor.HospitalController.UpdataOfficeAsync (API) in 119ms
17:18:17 INFO  - Executed action GD.API.Controllers.Doctor.HospitalController.GetOfficeListAsync (API) in 21ms
17:18:17 INFO  - Executed action GD.API.Controllers.Doctor.HospitalController.GetFirstOfficeListAsync (API) in 31ms
17:18:51 INFO  - Executed action GD.API.Controllers.Doctor.HospitalController.AddOfficeAsync (API) in 102ms
17:18:51 INFO  - Executed action GD.API.Controllers.Doctor.HospitalController.GetFirstOfficeListAsync (API) in 20ms
17:18:51 INFO  - Executed action GD.API.Controllers.Doctor.HospitalController.GetOfficeListAsync (API) in 25ms
17:18:58 INFO  - Executed action GD.API.Controllers.Doctor.HospitalController.UpdataOfficeAsync (API) in 139ms
17:18:58 INFO  - Executed action GD.API.Controllers.Doctor.HospitalController.GetOfficeListAsync (API) in 19ms
17:18:58 INFO  - Executed action GD.API.Controllers.Doctor.HospitalController.GetFirstOfficeListAsync (API) in 29ms
17:19:10 INFO  - Executed action GD.API.Controllers.Doctor.HospitalController.UpdataOfficeAsync (API) in 93ms
17:19:10 INFO  - Executed action GD.API.Controllers.Doctor.HospitalController.GetOfficeListAsync (API) in 19ms
17:19:10 INFO  - Executed action GD.API.Controllers.Doctor.HospitalController.GetFirstOfficeListAsync (API) in 28ms
17:19:22 INFO  - Executed action GD.API.Controllers.Doctor.HospitalController.UpdataOfficeAsync (API) in 95ms
17:19:22 INFO  - Executed action GD.API.Controllers.Doctor.HospitalController.GetOfficeListAsync (API) in 18ms
17:19:22 INFO  - Executed action GD.API.Controllers.Doctor.HospitalController.GetFirstOfficeListAsync (API) in 28ms
17:19:29 INFO  - Executed action GD.API.Controllers.Doctor.HospitalController.UpdataOfficeAsync (API) in 92ms
17:19:29 INFO  - Executed action GD.API.Controllers.Doctor.HospitalController.GetOfficeListAsync (API) in 18ms
17:19:29 INFO  - Executed action GD.API.Controllers.Doctor.HospitalController.GetFirstOfficeListAsync (API) in 28ms
17:19:42 INFO  - Executed action GD.API.Controllers.Doctor.HospitalController.UpdataOfficeAsync (API) in 124ms
17:19:42 INFO  - Executed action GD.API.Controllers.Doctor.HospitalController.GetFirstOfficeListAsync (API) in 28ms
17:19:42 INFO  - Executed action GD.API.Controllers.Doctor.HospitalController.GetOfficeListAsync (API) in 31ms
17:20:11 INFO  - Executed action GD.API.Controllers.Doctor.HospitalController.UpdataOfficeAsync (API) in 84ms
17:20:11 INFO  - Executed action GD.API.Controllers.Doctor.HospitalController.GetFirstOfficeListAsync (API) in 20ms
17:20:11 INFO  - Executed action GD.API.Controllers.Doctor.HospitalController.GetOfficeListAsync (API) in 25ms
17:24:40 INFO  - Executed action GD.API.Controllers.Doctor.HospitalController.GetOfficeListAsync (API) in 613ms
17:24:46 INFO  - Executed action GD.API.Controllers.Doctor.HospitalController.UpdataOfficeAsync (API) in 2572ms
17:24:46 INFO  - Executed action GD.API.Controllers.Doctor.HospitalController.GetFirstOfficeListAsync (API) in 40ms
17:24:46 INFO  - Executed action GD.API.Controllers.Doctor.HospitalController.GetOfficeListAsync (API) in 86ms
17:29:56 INFO  - Executed action GD.API.Controllers.Doctor.HospitalController.UpdataOfficeAsync (API) in 2557ms
17:29:56 INFO  - Executed action GD.API.Controllers.Doctor.HospitalController.GetFirstOfficeListAsync (API) in 27ms
17:29:57 INFO  - Executed action GD.API.Controllers.Doctor.HospitalController.GetOfficeListAsync (API) in 88ms
17:36:54 INFO  - Executed action GD.API.Controllers.Doctor.HospitalController.GetOfficeListAsync (API) in 576ms
17:37:01 INFO  - Executed action GD.API.Controllers.Doctor.HospitalController.UpdataOfficeAsync (API) in 2297ms
17:37:01 INFO  - Executed action GD.API.Controllers.Doctor.HospitalController.GetOfficeListAsync (API) in 15ms
17:37:01 INFO  - Executed action GD.API.Controllers.Doctor.HospitalController.GetFirstOfficeListAsync (API) in 55ms
17:37:18 INFO  - Executed action GD.API.Controllers.Doctor.HospitalController.UpdataOfficeAsync (API) in 2189ms
17:37:18 INFO  - Executed action GD.API.Controllers.Doctor.HospitalController.GetFirstOfficeListAsync (API) in 13ms
17:37:18 INFO  - Executed action GD.API.Controllers.Doctor.HospitalController.GetOfficeListAsync (API) in 15ms
17:40:44 INFO  - Executed action GD.API.Controllers.Doctor.HospitalController.UpdataOfficeAsync (API) in 6035ms
17:40:44 INFO  - Executed action GD.API.Controllers.Doctor.HospitalController.GetFirstOfficeListAsync (API) in 31ms
17:40:44 INFO  - Executed action GD.API.Controllers.Doctor.HospitalController.GetOfficeListAsync (API) in 117ms
17:41:00 INFO  - Executed action GD.API.Controllers.Doctor.HospitalController.UpdataOfficeAsync (API) in 5815ms
17:43:28 INFO  - Executed action GD.API.Controllers.Doctor.HospitalController.GetFirstOfficeListAsync (API) in 666ms
17:43:28 INFO  - Executed action GD.API.Controllers.Doctor.HospitalController.GetOfficeListAsync (API) in 438ms
17:43:33 INFO  - Executed action GD.API.Controllers.System.AccessoryController.GetAcessoryUrlAsync (API) in 44ms
17:47:52 INFO  - Executed action GD.API.Controllers.Doctor.HospitalController.GetOfficeListAsync (API) in 446ms
17:47:52 INFO  - Executed action GD.API.Controllers.Doctor.HospitalController.GetFirstOfficeListAsync (API) in 668ms
17:48:17 INFO  - Executed action GD.API.Controllers.Doctor.HospitalController.GetOfficeListAsync (API) in 15ms
17:48:17 INFO  - Executed action GD.API.Controllers.Doctor.HospitalController.GetFirstOfficeListAsync (API) in 26ms
17:48:20 INFO  - Executed action GD.API.Controllers.Doctor.HospitalController.GetOfficeListAsync (API) in 15ms
17:48:20 INFO  - Executed action GD.API.Controllers.Doctor.HospitalController.GetFirstOfficeListAsync (API) in 27ms
17:48:29 INFO  - Executed action GD.API.Controllers.Doctor.HospitalController.GetOfficeListAsync (API) in 16ms
17:48:29 INFO  - Executed action GD.API.Controllers.Doctor.HospitalController.GetFirstOfficeListAsync (API) in 25ms
17:49:05 INFO  - Executed action GD.API.Controllers.Doctor.HospitalController.GetOfficeListAsync (API) in 15ms
17:49:05 INFO  - Executed action GD.API.Controllers.Doctor.HospitalController.GetFirstOfficeListAsync (API) in 27ms
17:49:31 INFO  - Executed action GD.API.Controllers.Doctor.HospitalController.GetFirstOfficeListAsync (API) in 17ms
17:49:31 INFO  - Executed action GD.API.Controllers.Doctor.HospitalController.GetOfficeListAsync (API) in 28ms
17:49:34 INFO  - Executed action GD.API.Controllers.Doctor.HospitalController.GetOfficeListAsync (API) in 14ms
17:49:34 INFO  - Executed action GD.API.Controllers.Doctor.HospitalController.GetFirstOfficeListAsync (API) in 26ms
17:49:42 INFO  - Executed action GD.API.Controllers.Doctor.HospitalController.DisableEnableOfficeAsync (API) in 233ms
17:49:46 INFO  - Executed action GD.API.Controllers.Doctor.HospitalController.GetOfficeListAsync (API) in 15ms
17:49:46 INFO  - Executed action GD.API.Controllers.Doctor.HospitalController.GetFirstOfficeListAsync (API) in 28ms
17:50:13 INFO  - Executed action GD.API.Controllers.Doctor.HospitalController.GetFirstOfficeListAsync (API) in 22ms
17:50:13 INFO  - Executed action GD.API.Controllers.Doctor.HospitalController.GetOfficeListAsync (API) in 24ms
17:50:24 INFO  - Executed action GD.API.Controllers.Doctor.HospitalController.DisableEnableOfficeAsync (API) in 202ms
17:50:24 INFO  - Executed action GD.API.Controllers.Doctor.HospitalController.GetOfficeListAsync (API) in 15ms
17:50:34 INFO  - Executed action GD.API.Controllers.Doctor.HospitalController.DisableEnableOfficeAsync (API) in 85ms
17:50:34 INFO  - Executed action GD.API.Controllers.Doctor.HospitalController.GetOfficeListAsync (API) in 25ms
17:50:42 INFO  - Executed action GD.API.Controllers.Doctor.HospitalController.DisableEnableOfficeAsync (API) in 113ms
17:50:42 INFO  - Executed action GD.API.Controllers.Doctor.HospitalController.GetOfficeListAsync (API) in 15ms
17:50:48 INFO  - Executed action GD.API.Controllers.Doctor.HospitalController.DisableEnableOfficeAsync (API) in 89ms
17:50:48 INFO  - Executed action GD.API.Controllers.Doctor.HospitalController.GetOfficeListAsync (API) in 25ms
17:51:57 INFO  - Executed action GD.API.Controllers.Doctor.HospitalController.GetOfficeListAsync (API) in 469ms
17:51:57 INFO  - Executed action GD.API.Controllers.Doctor.HospitalController.GetFirstOfficeListAsync (API) in 689ms
17:52:01 INFO  - Executed action GD.API.Controllers.Doctor.HospitalController.DisableEnableOfficeAsync (API) in 199ms
17:52:01 INFO  - Executed action GD.API.Controllers.Doctor.HospitalController.GetOfficeListAsync (API) in 17ms
17:52:02 INFO  - Executed action GD.API.Controllers.Doctor.HospitalController.DisableEnableOfficeAsync (API) in 165ms
17:52:02 INFO  - Executed action GD.API.Controllers.Doctor.HospitalController.GetOfficeListAsync (API) in 24ms
17:52:06 INFO  - Executed action GD.API.Controllers.Doctor.HospitalController.DisableEnableOfficeAsync (API) in 242ms
17:52:06 INFO  - Executed action GD.API.Controllers.Doctor.HospitalController.GetOfficeListAsync (API) in 17ms
17:52:10 INFO  - Executed action GD.API.Controllers.Doctor.HospitalController.DisableEnableOfficeAsync (API) in 152ms
17:52:10 INFO  - Executed action GD.API.Controllers.Doctor.HospitalController.GetOfficeListAsync (API) in 17ms
17:52:55 INFO  - Executed action GD.API.Controllers.Doctor.HospitalController.GetFirstOfficeListAsync (API) in 751ms
17:52:55 INFO  - Executed action GD.API.Controllers.Doctor.HospitalController.GetOfficeListAsync (API) in 476ms
17:54:41 INFO  - Executed action GD.API.Controllers.Doctor.HospitalController.GetFirstOfficeListAsync (API) in 612ms
17:54:41 INFO  - Executed action GD.API.Controllers.Doctor.HospitalController.GetOfficeListAsync (API) in 387ms
17:55:24 INFO  - Executed action GD.API.Controllers.Doctor.HospitalController.GetFirstOfficeListAsync (API) in 741ms
17:55:24 INFO  - Executed action GD.API.Controllers.Doctor.HospitalController.GetOfficeListAsync (API) in 463ms
17:55:46 INFO  - Executed action GD.API.Controllers.Doctor.HospitalController.GetFirstOfficeListAsync (API) in 622ms
17:55:46 INFO  - Executed action GD.API.Controllers.Doctor.HospitalController.GetOfficeListAsync (API) in 444ms
17:57:55 INFO  - Executed action GD.API.Controllers.Doctor.HospitalController.GetFirstOfficeListAsync (API) in 638ms
17:57:55 INFO  - Executed action GD.API.Controllers.Doctor.HospitalController.GetOfficeListAsync (API) in 400ms
18:00:28 INFO  - Executed action GD.API.Controllers.Doctor.HospitalController.DisableEnableOfficeAsync (API) in 165ms
18:00:28 INFO  - Executed action GD.API.Controllers.Doctor.HospitalController.GetOfficeListAsync (API) in 22ms
18:00:35 INFO  - Executed action GD.API.Controllers.Doctor.HospitalController.DisableEnableOfficeAsync (API) in 181ms
18:00:35 INFO  - Executed action GD.API.Controllers.Doctor.HospitalController.GetOfficeListAsync (API) in 22ms
18:00:52 INFO  - Executed action GD.API.Controllers.System.DictionaryController.GetDictionaryMatedata (API) in 2542ms
18:00:52 INFO  - Executed action GD.API.Controllers.System.DictionaryController.GetDictionaryTreeAsync (API) in 2528ms
18:00:52 INFO  - Executed action GD.API.Controllers.System.DictionaryController.GetDictionaryTreeAsync (API) in 2592ms
18:01:20 INFO  - Executed action GD.API.Controllers.System.DictionaryController.GetDictionaryTreeAsync (API) in 32ms
18:01:30 INFO  - Executed action GD.API.Controllers.System.DictionaryController.GetDictionaryTreeAsync (API) in 32ms
18:01:35 INFO  - Executed action GD.API.Controllers.Doctor.HospitalController.GetFirstOfficeListAsync (API) in 2322ms
18:11:32 INFO  - Executed action GD.API.Controllers.Doctor.HospitalController.GetOfficeListAsync (API) in 2456ms
18:12:50 INFO  - Executed action GD.API.Controllers.Doctor.HospitalController.GetFirstOfficeListAsync (API) in 789ms
18:12:50 INFO  - Executed action GD.API.Controllers.Doctor.HospitalController.GetOfficeListAsync (API) in 497ms
18:14:10 INFO  - Executed action GD.API.Controllers.Doctor.HospitalController.GetOfficeListAsync (API) in 442ms
18:14:10 INFO  - Executed action GD.API.Controllers.Doctor.HospitalController.GetFirstOfficeListAsync (API) in 671ms
18:15:47 INFO  - Executed action GD.API.Controllers.Doctor.HospitalController.GetOfficeListAsync (API) in 668ms
18:15:55 INFO  - Executed action GD.API.Controllers.Doctor.HospitalController.DisableEnableOfficeAsync (API) in 267ms
18:15:55 INFO  - Executed action GD.API.Controllers.Doctor.HospitalController.GetOfficeListAsync (API) in 44ms
18:15:56 INFO  - Executed action GD.API.Controllers.Doctor.HospitalController.DisableEnableOfficeAsync (API) in 95ms
18:15:56 INFO  - Executed action GD.API.Controllers.Doctor.HospitalController.GetOfficeListAsync (API) in 43ms
18:15:58 INFO  - Executed action GD.API.Controllers.Doctor.HospitalController.DisableEnableOfficeAsync (API) in 147ms
18:15:58 INFO  - Executed action GD.API.Controllers.Doctor.HospitalController.GetOfficeListAsync (API) in 45ms
18:15:59 INFO  - Executed action GD.API.Controllers.Doctor.HospitalController.DisableEnableOfficeAsync (API) in 159ms
18:15:59 INFO  - Executed action GD.API.Controllers.Doctor.HospitalController.GetOfficeListAsync (API) in 45ms
18:16:49 INFO  - Executed action GD.API.Controllers.Doctor.HospitalController.UpdataOfficeAsync (API) in 2567ms
18:16:49 INFO  - Executed action GD.API.Controllers.Doctor.HospitalController.GetOfficeListAsync (API) in 45ms
18:16:49 INFO  - Executed action GD.API.Controllers.Doctor.HospitalController.GetFirstOfficeListAsync (API) in 68ms
18:16:58 INFO  - Executed action GD.API.Controllers.Doctor.HospitalController.UpdataOfficeAsync (API) in 75ms
18:16:58 INFO  - Executed action GD.API.Controllers.Doctor.HospitalController.GetFirstOfficeListAsync (API) in 21ms
18:16:58 INFO  - Executed action GD.API.Controllers.Doctor.HospitalController.GetOfficeListAsync (API) in 47ms
18:17:01 INFO  - Executed action GD.API.Controllers.System.AccessoryController.GetAcessoryUrlAsync (API) in 35ms
18:17:05 INFO  - Executed action GD.API.Controllers.Doctor.HospitalController.UpdataOfficeAsync (API) in 73ms
18:17:06 INFO  - Executed action GD.API.Controllers.Doctor.HospitalController.GetFirstOfficeListAsync (API) in 19ms
18:17:06 INFO  - Executed action GD.API.Controllers.Doctor.HospitalController.GetOfficeListAsync (API) in 45ms
18:17:12 INFO  - Executed action GD.API.Controllers.Doctor.HospitalController.UpdataOfficeAsync (API) in 76ms
18:17:12 INFO  - Executed action GD.API.Controllers.Doctor.HospitalController.GetFirstOfficeListAsync (API) in 19ms
18:17:12 INFO  - Executed action GD.API.Controllers.Doctor.HospitalController.GetOfficeListAsync (API) in 43ms
18:17:15 INFO  - Executed action GD.API.Controllers.Doctor.HospitalController.DisableEnableOfficeAsync (API) in 143ms
18:17:16 INFO  - Executed action GD.API.Controllers.Doctor.HospitalController.GetOfficeListAsync (API) in 44ms
18:17:55 INFO  - Executed action GD.API.Controllers.Doctor.HospitalController.UpdataOfficeAsync (API) in 67ms
18:17:55 INFO  - Executed action GD.API.Controllers.Doctor.HospitalController.GetFirstOfficeListAsync (API) in 20ms
18:17:55 INFO  - Executed action GD.API.Controllers.Doctor.HospitalController.GetOfficeListAsync (API) in 45ms
18:18:01 INFO  - Executed action GD.API.Controllers.Doctor.HospitalController.DisableEnableOfficeAsync (API) in 85ms
18:18:01 INFO  - Executed action GD.API.Controllers.Doctor.HospitalController.GetOfficeListAsync (API) in 45ms
18:18:02 INFO  - Executed action GD.API.Controllers.Doctor.HospitalController.DisableEnableOfficeAsync (API) in 84ms
18:18:02 INFO  - Executed action GD.API.Controllers.Doctor.HospitalController.GetOfficeListAsync (API) in 45ms
18:19:22 INFO  - Executed action GD.API.Controllers.Doctor.HospitalController.GetOfficeListAsync (API) in 435ms
18:19:22 INFO  - Executed action GD.API.Controllers.Doctor.HospitalController.GetFirstOfficeListAsync (API) in 635ms
18:19:46 INFO  - Executed action GD.API.Controllers.System.AccessoryController.GetAcessoryUrlAsync (API) in 45ms
18:19:51 INFO  - Executed action GD.API.Controllers.Doctor.HospitalController.UpdataOfficeAsync (API) in 122ms
18:19:51 INFO  - Executed action GD.API.Controllers.Doctor.HospitalController.GetFirstOfficeListAsync (API) in 29ms
18:19:51 INFO  - Executed action GD.API.Controllers.Doctor.HospitalController.GetOfficeListAsync (API) in 47ms
