09:13:44 INFO  - Executed action GD.API.Controllers.Doctor.HospitalController.GetHospitalLevel (API) in 0ms
09:13:46 INFO  - Executed action GD.API.Controllers.Doctor.HospitalController.GetHospitalPageAsync (API) in 2372ms
09:13:50 INFO  - Executed action GD.API.Controllers.Doctor.HospitalController.GetHospitalOfficeSelectAsync (API) in 740ms
09:14:00 INFO  - Executed action GD.API.Controllers.Doctor.HospitalController.GetHospitalInfoAsync (API) in 602ms
09:16:01 INFO  - Executed action GD.API.Controllers.Doctor.HospitalController.GetHospitalInfoAsync (API) in 1466ms
10:39:09 INFO  - Executed action GD.API.Controllers.Utility.HelpController.GetHelpPageAsync (API) in 178ms
10:39:16 INFO  - Executed action GD.API.Controllers.Utility.HelpController.AddHelpAsync (API) in 73ms
10:39:22 INFO  - Executed action GD.API.Controllers.Utility.HelpController.AddHelpAsync (API) in 31ms
10:39:39 INFO  - Executed action GD.API.Controllers.Utility.HelpController.AddHelpAsync (API) in 3802ms
10:41:12 INFO  - Executed action GD.API.Controllers.Utility.HelpController.AddHelpAsync (API) in 6465ms
10:41:12 INFO  - Executed action GD.API.Controllers.Utility.HelpController.GetHelpPageAsync (API) in 154ms
10:42:20 INFO  - Executed action GD.API.Controllers.Utility.HelpController.GetHelpPageAsync (API) in 101ms
10:42:21 INFO  - Executed action GD.API.Controllers.Utility.HelpController.GetHelpPageAsync (API) in 90ms
10:42:30 INFO  - Executed action GD.API.Controllers.Utility.HelpController.GetHelpPageAsync (API) in 96ms
10:43:01 INFO  - Executed action GD.API.Controllers.Utility.HelpController.GetHelpPageAsync (API) in 94ms
10:43:13 INFO  - Executed action GD.API.Controllers.Utility.HelpController.AddHelpAsync (API) in 2211ms
10:43:13 INFO  - Executed action GD.API.Controllers.Utility.HelpController.GetHelpPageAsync (API) in 89ms
10:43:26 INFO  - Executed action GD.API.Controllers.Utility.HelpController.UpdateHelpAsync (API) in 105ms
10:43:26 INFO  - Executed action GD.API.Controllers.Utility.HelpController.GetHelpPageAsync (API) in 86ms
10:43:32 INFO  - Executed action GD.API.Controllers.Merchant.MerchantController.GetMerchantPageAsync (API) in 116ms
10:43:34 INFO  - Executed action GD.API.Controllers.Doctor.HospitalController.GetHospitalAllSelectAsync (API) in 31ms
10:43:34 INFO  - Executed action GD.API.Controllers.Doctor.HospitalController.GetHospitalAllSelectAsync (API) in 28ms
10:43:34 INFO  - Executed action GD.API.Controllers.Doctor.DoctorController.GetDoctorPageAsync (API) in 105ms
10:43:35 INFO  - Executed action GD.API.Controllers.Merchant.MerchantController.GetBusinessScopeListAsync (API) in 3167ms
10:43:35 INFO  - Executed action GD.API.Controllers.Doctor.DoctorController.GetDoctorJobTitlesAsync (API) in 1163ms
10:43:36 INFO  - Executed action GD.API.Controllers.Mall.MemberController.GetMemberPageAsync (API) in 79ms
10:46:04 INFO  - Executed action GD.API.Controllers.Mall.MemberController.GetMemberPageAsync (API) in 83ms
10:46:08 INFO  - Executed action GD.API.Controllers.Mall.MemberController.GetMemberPageAsync (API) in 84ms
10:46:11 INFO  - Executed action GD.API.Controllers.Utility.ArticleController.GetArticleListAsync (API) in 85ms
10:46:29 INFO  - Executed action GD.API.Controllers.Utility.ArticleController.GetArticleListAsync (API) in 76ms
10:46:31 INFO  - Executed action GD.API.Controllers.Utility.ArticleController.GetArticleListAsync (API) in 76ms
10:46:34 INFO  - Executed action GD.API.Controllers.Utility.ArticleController.GetArticleListAsync (API) in 87ms
10:47:12 INFO  - Executed action GD.API.Controllers.Utility.ArticleController.GetArticleListAsync (API) in 80ms
10:48:20 INFO  - Executed action GD.API.Controllers.Utility.ArticleController.GetArticleListAsync (API) in 78ms
10:48:41 INFO  - Executed action GD.API.Controllers.Utility.ArticleController.GetArticleListAsync (API) in 80ms
10:48:58 INFO  - Executed action GD.API.Controllers.Utility.ArticleController.GetArticleListAsync (API) in 4389ms
10:49:01 INFO  - Executed action GD.API.Controllers.Utility.ArticleController.GetArticleTypeAsync (API) in 6583ms
10:53:09 INFO  - Executed action GD.API.Controllers.Utility.ArticleController.GetArticleListAsync (API) in 523ms
10:53:14 INFO  - Executed action GD.API.Controllers.Utility.ArticleController.GetArticleTypeAsync (API) in 6080ms
10:53:56 INFO  - Executed action GD.API.Controllers.Utility.ArticleController.GetArticleTypeAsync (API) in 32ms
10:53:56 INFO  - Executed action GD.API.Controllers.Utility.ArticleController.GetArticleListAsync (API) in 74ms
10:54:24 INFO  - Executed action GD.API.Controllers.Utility.ArticleController.GetArticleListAsync (API) in 81ms
10:57:42 INFO  - Executed action GD.API.Controllers.Utility.ArticleController.GetArticleListAsync (API) in 537ms
10:57:46 INFO  - Executed action GD.API.Controllers.Utility.ArticleController.GetArticleTypeAsync (API) in 5310ms
10:57:52 INFO  - Executed action GD.API.Controllers.Utility.ArticleController.GetArticleInfoAsync (API) in 126ms
10:57:59 INFO  - Executed action GD.API.Controllers.Utility.ArticleController.GetArticleInfoAsync (API) in 99ms
11:09:51 INFO  - Executed action GD.API.Controllers.Utility.ArticleController.GetArticleListAsync (API) in 15325ms
11:09:51 INFO  - Executed action GD.API.Controllers.Utility.ArticleController.GetArticleTypeAsync (API) in 15585ms
11:11:16 INFO  - Executed action GD.API.Controllers.Utility.ArticleController.GetArticleTypeAsync (API) in 30ms
11:11:21 INFO  - Executed action GD.API.Controllers.Utility.ArticleController.GetArticleTypeAsync (API) in 34ms
11:11:28 INFO  - Executed action GD.API.Controllers.Utility.ArticleController.GetArticleTypeAsync (API) in 31ms
11:11:31 INFO  - Executed action GD.API.Controllers.Utility.ArticleController.GetArticleListAsync (API) in 15073ms
11:11:32 INFO  - Executed action GD.API.Controllers.Utility.ArticleController.GetArticleTypeAsync (API) in 39ms
11:11:36 INFO  - Executed action GD.API.Controllers.Utility.ArticleController.GetArticleListAsync (API) in 15073ms
11:11:43 INFO  - Executed action GD.API.Controllers.Utility.ArticleController.GetArticleListAsync (API) in 15066ms
11:11:48 INFO  - Executed action GD.API.Controllers.Utility.ArticleController.GetArticleListAsync (API) in 15087ms
11:13:27 INFO  - Executed action GD.API.Controllers.Utility.ArticleController.GetArticleTypeAsync (API) in 32ms
11:13:42 INFO  - Executed action GD.API.Controllers.Utility.ArticleController.GetArticleListAsync (API) in 15064ms
11:14:04 INFO  - Executed action GD.API.Controllers.Utility.ArticleController.GetArticleListAsync (API) in 15062ms
11:30:15 INFO  - Executed action GD.API.Controllers.Utility.ArticleController.GetArticleTypeAsync (API) in 34ms
11:30:16 INFO  - Executed action GD.API.Controllers.Utility.ArticleController.GetArticleListAsync (API) in 363ms
11:30:23 INFO  - Executed action GD.API.Controllers.Utility.ArticleController.GetArticleInfoAsync (API) in 141ms
11:37:44 INFO  - Executed action GD.API.Controllers.Utility.ArticleController.GetArticleTypeAsync (API) in 40ms
11:37:44 INFO  - Executed action GD.API.Controllers.Utility.ArticleController.GetArticleListAsync (API) in 142ms
11:37:47 INFO  - Executed action GD.API.Controllers.Utility.ArticleController.GetArticleTypeAsync (API) in 60ms
11:37:47 INFO  - Executed action GD.API.Controllers.Utility.ArticleController.GetArticleListAsync (API) in 84ms
11:38:01 INFO  - Executed action GD.API.Controllers.Utility.ArticleController.GetArticleTypeAsync (API) in 30ms
11:38:01 INFO  - Executed action GD.API.Controllers.Utility.ArticleController.GetArticleListAsync (API) in 97ms
11:38:16 INFO  - Executed action GD.API.Controllers.Utility.ArticleController.GetArticleInfoAsync (API) in 63ms
11:40:17 INFO  - Executed action GD.API.Controllers.Utility.ArticleController.GetArticleTypeAsync (API) in 14776ms
11:40:17 INFO  - Executed action GD.API.Controllers.Utility.ArticleController.GetArticleListAsync (API) in 14779ms
11:40:32 INFO  - Executed action GD.API.Controllers.Utility.ArticleController.GetArticleListAsync (API) in 527ms
11:40:36 INFO  - Executed action GD.API.Controllers.Utility.ArticleController.GetArticleTypeAsync (API) in 7619ms
11:40:39 INFO  - Executed action GD.API.Controllers.Utility.ArticleController.GetArticleListAsync (API) in 52ms
11:41:00 INFO  - Executed action GD.API.Controllers.Utility.ArticleController.GetArticleInfoAsync (API) in 114ms
11:46:03 INFO  - Executed action GD.API.Controllers.Utility.ArticleController.GetArticleTypeAsync (API) in 15061ms
11:46:03 INFO  - Executed action GD.API.Controllers.Utility.ArticleController.GetArticleListAsync (API) in 15097ms
11:47:42 INFO  - Executed action GD.API.Controllers.Utility.ArticleController.GetArticleListAsync (API) in 683ms
11:49:06 INFO  - Executed action GD.API.Controllers.Utility.ArticleController.GetArticleListAsync (API) in 73ms
11:49:07 INFO  - Executed action GD.API.Controllers.Utility.ArticleController.GetArticleInfoAsync (API) in 137ms
11:49:10 INFO  - Executed action GD.API.Controllers.Utility.ArticleController.GetArticleTypeAsync (API) in 3533ms
11:49:18 INFO  - Executed action GD.API.Controllers.Utility.ArticleController.DeleteArticleAsync (API) in 2072ms
11:49:18 INFO  - Executed action GD.API.Controllers.Utility.ArticleController.GetArticleListAsync (API) in 75ms
11:49:20 INFO  - Executed action GD.API.Controllers.Utility.ArticleController.GetArticleListAsync (API) in 68ms
11:50:13 INFO  - Executed action GD.API.Controllers.Utility.ArticleController.GetArticleInfoAsync (API) in 76ms
12:00:14 INFO  - Executed action GD.API.Controllers.Utility.ArticleController.GetArticleListAsync (API) in 539ms
12:00:16 INFO  - Executed action GD.API.Controllers.Utility.ArticleController.GetArticleTypeAsync (API) in 3232ms
12:00:16 INFO  - Executed action GD.API.Controllers.Utility.ArticleController.GetArticleInfoAsync (API) in 112ms
12:00:24 INFO  - Executed action GD.API.Controllers.Utility.ArticleController.GetArticleTypeAsync (API) in 22ms
12:00:24 INFO  - Executed action GD.API.Controllers.Utility.ArticleController.GetArticleListAsync (API) in 61ms
12:00:29 INFO  - Executed action GD.API.Controllers.Utility.ArticleController.GetArticleListAsync (API) in 65ms
12:01:24 INFO  - Executed action GD.API.Controllers.Utility.ArticleController.GetArticleListAsync (API) in 554ms
12:01:27 INFO  - Executed action GD.API.Controllers.Utility.ArticleController.GetArticleTypeAsync (API) in 4112ms
12:01:39 INFO  - Executed action GD.API.Controllers.Doctor.HospitalController.GetOfficeListAsync (API) in 28ms
12:01:39 INFO  - Executed action GD.API.Controllers.Doctor.HospitalController.GetOfficeListAsync (API) in 30ms
