09:20:05 INFO  - Executed action GD.API.Controllers.Manager.RecommendController.GetOwnerGuidsAsync (API) in 136ms
09:20:05 INFO  - Executed action GD.API.Controllers.Utility.ArticleController.SearchArticleAsync (API) in 77ms
09:20:13 INFO  - Executed action GD.API.Controllers.Manager.RecommendController.GetRecommendArticleListAsync (API) in 84ms
09:20:17 INFO  - Executed action GD.API.Controllers.Utility.ArticleController.SearchArticleAsync (API) in 75ms
09:20:19 INFO  - Executed action GD.API.Controllers.Utility.ArticleController.SearchArticleAsync (API) in 74ms
09:20:22 INFO  - Executed action GD.API.Controllers.Utility.ArticleController.SearchArticleAsync (API) in 75ms
09:20:23 INFO  - Executed action GD.API.Controllers.Utility.ArticleController.SearchArticleAsync (API) in 77ms
09:20:24 INFO  - Executed action GD.API.Controllers.Utility.ArticleController.SearchArticleAsync (API) in 73ms
09:20:25 INFO  - Executed action GD.API.Controllers.Utility.ArticleController.SearchArticleAsync (API) in 77ms
09:20:26 INFO  - Executed action GD.API.Controllers.Utility.ArticleController.SearchArticleAsync (API) in 73ms
09:20:27 INFO  - Executed action GD.API.Controllers.Utility.ArticleController.SearchArticleAsync (API) in 74ms
09:20:29 INFO  - Executed action GD.API.Controllers.Utility.ArticleController.SearchArticleAsync (API) in 73ms
09:23:02 INFO  - Executed action GD.API.Controllers.Manager.RecommendController.AddRecommendDetailAsync (API) in 89ms
09:23:08 INFO  - Executed action GD.API.Controllers.Manager.RecommendController.GetRecommendArticleListAsync (API) in 90ms
09:23:11 INFO  - Executed action GD.API.Controllers.Manager.RecommendController.GetOwnerGuidsAsync (API) in 29ms
09:23:11 INFO  - Executed action GD.API.Controllers.Doctor.DoctorController.SearchDoctorAsync (API) in 73ms
09:23:13 INFO  - Executed action GD.API.Controllers.Manager.RecommendController.GetOwnerGuidsAsync (API) in 27ms
09:23:13 INFO  - Executed action GD.API.Controllers.Utility.ArticleController.SearchArticleAsync (API) in 74ms
09:27:34 INFO  - Executed action GD.API.Controllers.Doctor.HospitalController.GetHospitalAllSelectAsync (API) in 111ms
09:27:34 INFO  - Executed action GD.API.Controllers.Doctor.DoctorController.GetDoctorPageAsync (API) in 109ms
09:27:34 INFO  - Executed action GD.API.Controllers.Doctor.DoctorController.GetDoctorJobTitlesAsync (API) in 121ms
09:27:36 INFO  - Executed action GD.API.Controllers.Doctor.DoctorController.GetDoctorCertificateDetailAsync (API) in 33ms
09:27:36 INFO  - Executed action GD.API.Controllers.Doctor.DoctorController.GetDoctorInfoAsync (API) in 75ms
09:27:37 INFO  - Executed action GD.API.Controllers.Doctor.HospitalController.GetHospitalOfficeSelectAsync (API) in 32ms
09:27:44 INFO  - Executed action GD.API.Controllers.Doctor.DoctorController.GetReviewDoctorPageAsync (API) in 58ms
09:27:45 INFO  - Executed action GD.API.Controllers.Doctor.DoctorController.GetDoctorCertificateDetailAsync (API) in 27ms
09:27:52 INFO  - Executed action GD.API.Controllers.System.ReviewRecordController.GetReviewRecordPageAsync (API) in 56ms
09:27:53 INFO  - Executed action GD.API.Controllers.System.ReviewRecordController.GetReviewRecordPageAsync (API) in 63ms
09:27:54 INFO  - Executed action GD.API.Controllers.System.ReviewRecordController.GetReviewRecordPageAsync (API) in 56ms
09:27:56 INFO  - Executed action GD.API.Controllers.System.ReviewRecordController.GetReviewRecordPageAsync (API) in 52ms
11:03:04 INFO  - Executed action GD.API.Controllers.System.UserController.GetLoginUserInfoAsync (API) in 193ms
11:03:05 INFO  - Executed action GD.API.Controllers.Doctor.DoctorController.GetReviewDoctorPageAsync (API) in 48ms
11:09:20 INFO  - Executed action GD.Host.Controllers.AccountController.LoginAdmin (PAPI) in 93ms
11:09:20 INFO  - Executed action GD.API.Controllers.System.UserController.GetLoginUserInfoAsync (API) in 126ms
11:09:21 INFO  - Executed action GD.API.Controllers.Utility.ArticleController.GetArticleTypeAsync (API) in 16ms
11:09:21 INFO  - Executed action GD.API.Controllers.Utility.ArticleController.GetArticleListAsync (API) in 85ms
11:10:16 INFO  - Executed action GD.API.Controllers.Manager.RecommendController.GetRecommendPageAsync (API) in 43ms
11:10:17 INFO  - Executed action GD.API.Controllers.Manager.RecommendController.GetOwnerGuidsAsync (API) in 18ms
11:10:17 INFO  - Executed action GD.API.Controllers.Utility.ArticleController.SearchArticleAsync (API) in 44ms
11:12:04 INFO  - Executed action GD.API.Controllers.Utility.ArticleController.SearchArticleAsync (API) in 43ms
11:12:05 INFO  - Executed action GD.API.Controllers.Utility.ArticleController.SearchArticleAsync (API) in 44ms
11:12:06 INFO  - Executed action GD.API.Controllers.Utility.ArticleController.SearchArticleAsync (API) in 44ms
11:12:08 INFO  - Executed action GD.API.Controllers.Utility.ArticleController.SearchArticleAsync (API) in 43ms
11:12:09 INFO  - Executed action GD.API.Controllers.Utility.ArticleController.SearchArticleAsync (API) in 44ms
11:12:10 INFO  - Executed action GD.API.Controllers.Utility.ArticleController.SearchArticleAsync (API) in 44ms
11:12:13 INFO  - Executed action GD.API.Controllers.Utility.ArticleController.SearchArticleAsync (API) in 46ms
11:19:58 INFO  - Executed action GD.API.Controllers.Manager.RecommendController.GetRecommendPageAsync (API) in 674ms
11:20:00 INFO  - Executed action GD.API.Controllers.Manager.RecommendController.GetOwnerGuidsAsync (API) in 34ms
11:20:00 INFO  - Executed action GD.API.Controllers.Utility.ArticleController.SearchArticleAsync (API) in 48ms
11:20:11 INFO  - Executed action GD.API.Controllers.Manager.RecommendController.GetRecommendArticleListAsync (API) in 3710ms
11:20:33 INFO  - Executed action GD.API.Controllers.System.UserController.GetLoginUserInfoAsync (API) in 447ms
11:20:33 INFO  - Executed action GD.API.Controllers.Manager.RecommendController.GetRecommendPageAsync (API) in 42ms
11:20:36 INFO  - Executed action GD.API.Controllers.Manager.RecommendController.GetOwnerGuidsAsync (API) in 13ms
11:20:36 INFO  - Executed action GD.API.Controllers.Utility.ArticleController.SearchArticleAsync (API) in 43ms
11:21:40 INFO  - Executed action GD.API.Controllers.System.UserController.GetLoginUserInfoAsync (API) in 108ms
11:21:40 INFO  - Executed action GD.API.Controllers.Manager.RecommendController.GetRecommendPageAsync (API) in 41ms
11:21:49 INFO  - Executed action GD.API.Controllers.System.UserController.GetLoginUserInfoAsync (API) in 120ms
11:21:49 INFO  - Executed action GD.API.Controllers.Manager.RecommendController.GetRecommendPageAsync (API) in 44ms
11:21:51 INFO  - Executed action GD.API.Controllers.Manager.RecommendController.GetOwnerGuidsAsync (API) in 14ms
11:21:51 INFO  - Executed action GD.API.Controllers.Utility.ArticleController.SearchArticleAsync (API) in 41ms
11:22:41 INFO  - Executed action GD.API.Controllers.Utility.ArticleController.SearchArticleAsync (API) in 39ms
11:22:43 INFO  - Executed action GD.API.Controllers.Utility.ArticleController.SearchArticleAsync (API) in 39ms
11:22:45 INFO  - Executed action GD.API.Controllers.Utility.ArticleController.SearchArticleAsync (API) in 39ms
11:22:46 INFO  - Executed action GD.API.Controllers.Utility.ArticleController.SearchArticleAsync (API) in 39ms
11:22:48 INFO  - Executed action GD.API.Controllers.Utility.ArticleController.SearchArticleAsync (API) in 40ms
11:22:50 INFO  - Executed action GD.API.Controllers.Utility.ArticleController.SearchArticleAsync (API) in 46ms
11:22:52 INFO  - Executed action GD.API.Controllers.Utility.ArticleController.SearchArticleAsync (API) in 39ms
11:25:08 INFO  - Executed action GD.API.Controllers.System.UserController.GetLoginUserInfoAsync (API) in 129ms
11:25:08 INFO  - Executed action GD.API.Controllers.Manager.RecommendController.GetRecommendPageAsync (API) in 38ms
11:25:12 INFO  - Executed action GD.API.Controllers.Manager.RecommendController.GetOwnerGuidsAsync (API) in 13ms
11:25:12 INFO  - Executed action GD.API.Controllers.Utility.ArticleController.SearchArticleAsync (API) in 38ms
13:42:46 INFO  - Executed action GD.Host.Controllers.AccountController.LoginAdmin (PAPI) in 662ms
13:42:46 INFO  - Executed action GD.API.Controllers.System.UserController.GetLoginUserInfoAsync (API) in 529ms
13:42:47 INFO  - Executed action GD.API.Controllers.Manager.RecommendController.GetRecommendPageAsync (API) in 78ms
13:42:52 INFO  - Executed action GD.API.Controllers.Manager.RecommendController.GetOwnerGuidsAsync (API) in 18ms
13:42:52 INFO  - Executed action GD.API.Controllers.Utility.ArticleController.SearchArticleAsync (API) in 50ms
13:43:27 INFO  - Executed action GD.API.Controllers.System.UserController.GetLoginUserInfoAsync (API) in 146ms
13:43:27 INFO  - Executed action GD.API.Controllers.Manager.RecommendController.GetRecommendPageAsync (API) in 45ms
13:43:29 INFO  - Executed action GD.API.Controllers.Manager.RecommendController.GetOwnerGuidsAsync (API) in 16ms
13:43:29 INFO  - Executed action GD.API.Controllers.Utility.ArticleController.SearchArticleAsync (API) in 44ms
13:43:32 INFO  - Executed action GD.API.Controllers.Manager.RecommendController.SaveRecommendDetailAllAsync (API) in 139ms
13:43:39 INFO  - Executed action GD.API.Controllers.System.UserController.GetLoginUserInfoAsync (API) in 141ms
13:43:40 INFO  - Executed action GD.API.Controllers.Manager.RecommendController.GetRecommendPageAsync (API) in 46ms
13:43:46 INFO  - Executed action GD.API.Controllers.Manager.RecommendController.GetRecommendArticleListAsync (API) in 3814ms
13:43:52 INFO  - Executed action GD.API.Controllers.Manager.RecommendController.GetOwnerGuidsAsync (API) in 17ms
13:43:52 INFO  - Executed action GD.API.Controllers.Utility.ArticleController.SearchArticleAsync (API) in 46ms
13:43:54 INFO  - Executed action GD.API.Controllers.Utility.ArticleController.SearchArticleAsync (API) in 53ms
13:43:56 INFO  - Executed action GD.API.Controllers.Manager.RecommendController.SaveRecommendDetailAllAsync (API) in 135ms
13:44:03 INFO  - Executed action GD.API.Controllers.Manager.RecommendController.GetRecommendArticleListAsync (API) in 206ms
13:44:07 INFO  - Executed action GD.API.Controllers.Manager.RecommendController.GetRecommendArticleListAsync (API) in 129ms
13:44:09 INFO  - Executed action GD.API.Controllers.Manager.RecommendController.GetRecommendArticleListAsync (API) in 130ms
13:44:11 INFO  - Executed action GD.API.Controllers.Manager.RecommendController.GetRecommendArticleListAsync (API) in 132ms
13:44:15 INFO  - Executed action GD.API.Controllers.Manager.RecommendController.SaveRecommendDetailAllAsync (API) in 51ms
13:44:18 INFO  - Executed action GD.API.Controllers.Manager.RecommendController.GetRecommendArticleListAsync (API) in 133ms
13:44:20 INFO  - Executed action GD.API.Controllers.Manager.RecommendController.GetRecommendArticleListAsync (API) in 129ms
13:44:21 INFO  - Executed action GD.API.Controllers.Manager.RecommendController.GetRecommendArticleListAsync (API) in 127ms
13:44:22 INFO  - Executed action GD.API.Controllers.Manager.RecommendController.GetRecommendArticleListAsync (API) in 128ms
13:44:24 INFO  - Executed action GD.API.Controllers.Manager.RecommendController.GetRecommendArticleListAsync (API) in 134ms
13:44:26 INFO  - Executed action GD.API.Controllers.Manager.RecommendController.GetRecommendArticleListAsync (API) in 147ms
13:44:27 INFO  - Executed action GD.API.Controllers.Manager.RecommendController.GetRecommendArticleListAsync (API) in 124ms
13:44:31 INFO  - Executed action GD.API.Controllers.Utility.ArticleController.SearchArticleAsync (API) in 44ms
13:44:31 INFO  - Executed action GD.API.Controllers.Utility.ArticleController.SearchArticleAsync (API) in 47ms
13:44:33 INFO  - Executed action GD.API.Controllers.Utility.ArticleController.SearchArticleAsync (API) in 45ms
13:44:35 INFO  - Executed action GD.API.Controllers.Utility.ArticleController.SearchArticleAsync (API) in 43ms
13:44:36 INFO  - Executed action GD.API.Controllers.Utility.ArticleController.SearchArticleAsync (API) in 45ms
13:44:38 INFO  - Executed action GD.API.Controllers.Utility.ArticleController.SearchArticleAsync (API) in 43ms
13:44:40 INFO  - Executed action GD.API.Controllers.Utility.ArticleController.SearchArticleAsync (API) in 43ms
13:44:41 INFO  - Executed action GD.API.Controllers.Utility.ArticleController.SearchArticleAsync (API) in 43ms
13:44:41 INFO  - Executed action GD.API.Controllers.Utility.ArticleController.SearchArticleAsync (API) in 45ms
13:44:44 INFO  - Executed action GD.API.Controllers.Utility.ArticleController.SearchArticleAsync (API) in 47ms
13:44:45 INFO  - Executed action GD.API.Controllers.Utility.ArticleController.SearchArticleAsync (API) in 44ms
13:44:50 INFO  - Executed action GD.API.Controllers.Manager.RecommendController.GetRecommendArticleListAsync (API) in 139ms
13:44:52 INFO  - Executed action GD.API.Controllers.Manager.RecommendController.GetRecommendArticleListAsync (API) in 133ms
13:44:54 INFO  - Executed action GD.API.Controllers.System.UserController.GetLoginUserInfoAsync (API) in 127ms
13:44:54 INFO  - Executed action GD.API.Controllers.Manager.RecommendController.GetRecommendPageAsync (API) in 53ms
13:44:56 INFO  - Executed action GD.API.Controllers.Manager.RecommendController.GetOwnerGuidsAsync (API) in 18ms
13:44:56 INFO  - Executed action GD.API.Controllers.Utility.ArticleController.SearchArticleAsync (API) in 47ms
13:44:57 INFO  - Executed action GD.API.Controllers.Utility.ArticleController.SearchArticleAsync (API) in 44ms
13:44:59 INFO  - Executed action GD.API.Controllers.Utility.ArticleController.SearchArticleAsync (API) in 44ms
13:44:59 INFO  - Executed action GD.API.Controllers.Utility.ArticleController.SearchArticleAsync (API) in 43ms
13:45:01 INFO  - Executed action GD.API.Controllers.Utility.ArticleController.SearchArticleAsync (API) in 47ms
13:45:05 INFO  - Executed action GD.API.Controllers.Manager.RecommendController.GetRecommendArticleListAsync (API) in 131ms
13:45:14 INFO  - Executed action GD.API.Controllers.Manager.RecommendController.SaveRecommendDetailAllAsync (API) in 47ms
13:45:16 INFO  - Executed action GD.API.Controllers.Utility.ArticleController.SearchArticleAsync (API) in 43ms
13:45:17 INFO  - Executed action GD.API.Controllers.Utility.ArticleController.SearchArticleAsync (API) in 45ms
13:45:19 INFO  - Executed action GD.API.Controllers.Utility.ArticleController.SearchArticleAsync (API) in 44ms
13:45:20 INFO  - Executed action GD.API.Controllers.Utility.ArticleController.SearchArticleAsync (API) in 44ms
13:45:20 INFO  - Executed action GD.API.Controllers.Utility.ArticleController.SearchArticleAsync (API) in 43ms
13:45:27 INFO  - Executed action GD.API.Controllers.Manager.RecommendController.GetRecommendArticleListAsync (API) in 128ms
13:45:30 INFO  - Executed action GD.API.Controllers.System.UserController.GetLoginUserInfoAsync (API) in 129ms
13:45:30 INFO  - Executed action GD.API.Controllers.Manager.RecommendController.GetRecommendPageAsync (API) in 48ms
13:45:31 INFO  - Executed action GD.API.Controllers.Manager.RecommendController.GetOwnerGuidsAsync (API) in 18ms
13:45:31 INFO  - Executed action GD.API.Controllers.Utility.ArticleController.SearchArticleAsync (API) in 47ms
13:46:46 INFO  - Executed action GD.API.Controllers.Manager.RecommendController.SaveRecommendDetailAllAsync (API) in 65267ms
13:49:34 INFO  - Executed action GD.API.Controllers.Manager.RecommendController.GetRecommendPageAsync (API) in 705ms
13:49:42 INFO  - Executed action GD.API.Controllers.System.UserController.GetLoginUserInfoAsync (API) in 618ms
13:49:42 INFO  - Executed action GD.API.Controllers.Manager.RecommendController.GetRecommendPageAsync (API) in 69ms
13:49:45 INFO  - Executed action GD.API.Controllers.Manager.RecommendController.GetOwnerGuidsAsync (API) in 33ms
13:49:45 INFO  - Executed action GD.API.Controllers.Utility.ArticleController.SearchArticleAsync (API) in 84ms
13:51:40 INFO  - Executed action GD.API.Controllers.System.UserController.GetLoginUserInfoAsync (API) in 1105ms
13:51:41 INFO  - Executed action GD.API.Controllers.Manager.RecommendController.GetRecommendPageAsync (API) in 72ms
13:51:50 INFO  - Executed action GD.API.Controllers.Manager.RecommendController.GetOwnerGuidsAsync (API) in 20ms
13:51:50 INFO  - Executed action GD.API.Controllers.Utility.ArticleController.SearchArticleAsync (API) in 55ms
13:52:11 INFO  - Executed action GD.API.Controllers.Manager.RecommendController.SaveRecommendDetailAllAsync (API) in 19218ms
13:55:27 INFO  - Executed action GD.API.Controllers.Manager.RecommendController.GetOwnerGuidsAsync (API) in 575ms
13:55:27 INFO  - Executed action GD.API.Controllers.Doctor.DoctorController.SearchDoctorAsync (API) in 91ms
13:55:30 INFO  - Executed action GD.API.Controllers.Manager.RecommendController.GetOwnerGuidsAsync (API) in 17ms
13:55:30 INFO  - Executed action GD.API.Controllers.Utility.ArticleController.SearchArticleAsync (API) in 48ms
13:55:32 INFO  - Executed action GD.API.Controllers.Utility.ArticleController.SearchArticleAsync (API) in 45ms
13:55:33 INFO  - Executed action GD.API.Controllers.Utility.ArticleController.SearchArticleAsync (API) in 44ms
13:55:43 INFO  - Executed action GD.API.Controllers.Manager.RecommendController.SaveRecommendDetailAllAsync (API) in 6531ms
13:55:50 INFO  - Executed action GD.API.Controllers.Utility.ArticleController.SearchArticleAsync (API) in 44ms
13:55:51 INFO  - Executed action GD.API.Controllers.Utility.ArticleController.SearchArticleAsync (API) in 45ms
13:55:52 INFO  - Executed action GD.API.Controllers.Utility.ArticleController.SearchArticleAsync (API) in 45ms
13:55:53 INFO  - Executed action GD.API.Controllers.Utility.ArticleController.SearchArticleAsync (API) in 45ms
13:55:54 INFO  - Executed action GD.API.Controllers.Utility.ArticleController.SearchArticleAsync (API) in 48ms
13:55:55 INFO  - Executed action GD.API.Controllers.Utility.ArticleController.SearchArticleAsync (API) in 45ms
13:55:58 INFO  - Executed action GD.API.Controllers.Manager.RecommendController.DeleteRecommendDetail2Async (API) in 25ms
13:56:00 INFO  - Executed action GD.API.Controllers.Utility.ArticleController.SearchArticleAsync (API) in 48ms
13:56:01 INFO  - Executed action GD.API.Controllers.Manager.RecommendController.DeleteRecommendDetail2Async (API) in 21ms
13:56:05 INFO  - Executed action GD.API.Controllers.Utility.ArticleController.SearchArticleAsync (API) in 45ms
13:56:05 INFO  - Executed action GD.API.Controllers.Utility.ArticleController.SearchArticleAsync (API) in 46ms
13:56:19 INFO  - Executed action GD.API.Controllers.Manager.RecommendController.SaveRecommendDetailAllAsync (API) in 12145ms
13:57:57 INFO  - Executed action GD.API.Controllers.System.UserController.GetLoginUserInfoAsync (API) in 1228ms
13:57:57 INFO  - Executed action GD.API.Controllers.Manager.RecommendController.GetRecommendPageAsync (API) in 57ms
13:57:59 INFO  - Executed action GD.API.Controllers.Manager.RecommendController.GetOwnerGuidsAsync (API) in 17ms
13:57:59 INFO  - Executed action GD.API.Controllers.Doctor.DoctorController.SearchDoctorAsync (API) in 53ms
13:59:05 INFO  - Executed action GD.API.Controllers.System.UserController.GetLoginUserInfoAsync (API) in 157ms
13:59:05 INFO  - Executed action GD.API.Controllers.Manager.RecommendController.GetRecommendPageAsync (API) in 47ms
13:59:07 INFO  - Executed action GD.API.Controllers.Manager.RecommendController.GetOwnerGuidsAsync (API) in 18ms
13:59:07 INFO  - Executed action GD.API.Controllers.Doctor.DoctorController.SearchDoctorAsync (API) in 53ms
14:00:24 INFO  - Executed action GD.API.Controllers.System.UserController.GetLoginUserInfoAsync (API) in 136ms
14:00:25 INFO  - Executed action GD.API.Controllers.Manager.RecommendController.GetRecommendPageAsync (API) in 46ms
14:00:27 INFO  - Executed action GD.API.Controllers.System.UserController.GetLoginUserInfoAsync (API) in 131ms
14:00:27 INFO  - Executed action GD.API.Controllers.Manager.RecommendController.GetRecommendPageAsync (API) in 45ms
14:00:29 INFO  - Executed action GD.API.Controllers.Manager.RecommendController.GetRecommendPageAsync (API) in 46ms
14:00:33 INFO  - Executed action GD.API.Controllers.Manager.RecommendController.GetOwnerGuidsAsync (API) in 18ms
14:00:33 INFO  - Executed action GD.API.Controllers.Doctor.DoctorController.SearchDoctorAsync (API) in 45ms
14:02:00 INFO  - Executed action GD.API.Controllers.System.UserController.GetLoginUserInfoAsync (API) in 134ms
14:02:00 INFO  - Executed action GD.API.Controllers.Manager.RecommendController.GetRecommendPageAsync (API) in 52ms
14:02:02 INFO  - Executed action GD.API.Controllers.Manager.RecommendController.GetOwnerGuidsAsync (API) in 17ms
14:02:03 INFO  - Executed action GD.API.Controllers.Doctor.DoctorController.SearchDoctorAsync (API) in 46ms
14:02:10 INFO  - Executed action GD.API.Controllers.Manager.RecommendController.SaveRecommendDetailAllAsync (API) in 5657ms
14:02:25 INFO  - Executed action GD.API.Controllers.Manager.RecommendController.SaveRecommendDetailAllAsync (API) in 9129ms
14:02:31 INFO  - Executed action GD.API.Controllers.Doctor.DoctorController.SearchDoctorAsync (API) in 46ms
14:02:33 INFO  - Executed action GD.API.Controllers.Manager.RecommendController.SaveRecommendDetailAllAsync (API) in 114ms
14:02:34 INFO  - Executed action GD.API.Controllers.Doctor.DoctorController.SearchDoctorAsync (API) in 50ms
14:02:36 INFO  - Executed action GD.API.Controllers.Doctor.DoctorController.SearchDoctorAsync (API) in 45ms
14:02:37 INFO  - Executed action GD.API.Controllers.Doctor.DoctorController.SearchDoctorAsync (API) in 52ms
14:02:38 INFO  - Executed action GD.API.Controllers.Doctor.DoctorController.SearchDoctorAsync (API) in 51ms
14:02:38 INFO  - Executed action GD.API.Controllers.Doctor.DoctorController.SearchDoctorAsync (API) in 55ms
14:02:39 INFO  - Executed action GD.API.Controllers.Manager.RecommendController.SaveRecommendDetailAllAsync (API) in 125ms
14:02:41 INFO  - Executed action GD.API.Controllers.Doctor.DoctorController.SearchDoctorAsync (API) in 47ms
14:02:42 INFO  - Executed action GD.API.Controllers.Manager.RecommendController.SaveRecommendDetailAllAsync (API) in 111ms
14:02:44 INFO  - Executed action GD.API.Controllers.Doctor.DoctorController.SearchDoctorAsync (API) in 46ms
14:02:45 INFO  - Executed action GD.API.Controllers.Doctor.DoctorController.SearchDoctorAsync (API) in 48ms
14:02:46 INFO  - Executed action GD.API.Controllers.Doctor.DoctorController.SearchDoctorAsync (API) in 45ms
14:02:46 INFO  - Executed action GD.API.Controllers.Doctor.DoctorController.SearchDoctorAsync (API) in 48ms
14:08:11 INFO  - Executed action GD.API.Controllers.System.UserController.GetLoginUserInfoAsync (API) in 1118ms
14:08:12 INFO  - Executed action GD.API.Controllers.Manager.RecommendController.GetRecommendPageAsync (API) in 63ms
14:08:13 INFO  - Executed action GD.API.Controllers.Manager.RecommendController.GetOwnerGuidsAsync (API) in 19ms
14:08:13 INFO  - Executed action GD.API.Controllers.Utility.ArticleController.SearchArticleAsync (API) in 56ms
14:08:17 INFO  - Executed action GD.API.Controllers.Utility.ArticleController.SearchArticleAsync (API) in 48ms
14:08:20 INFO  - Executed action GD.API.Controllers.Manager.RecommendController.GetOwnerGuidsAsync (API) in 17ms
14:08:20 INFO  - Executed action GD.API.Controllers.Doctor.DoctorController.SearchDoctorAsync (API) in 53ms
14:08:22 INFO  - Executed action GD.API.Controllers.Doctor.DoctorController.SearchDoctorAsync (API) in 49ms
14:08:23 INFO  - Executed action GD.API.Controllers.Doctor.DoctorController.SearchDoctorAsync (API) in 46ms
14:08:24 INFO  - Executed action GD.API.Controllers.Doctor.DoctorController.SearchDoctorAsync (API) in 47ms
14:08:34 INFO  - Executed action GD.API.Controllers.Doctor.DoctorController.SearchDoctorAsync (API) in 48ms
14:08:36 INFO  - Executed action GD.API.Controllers.Doctor.DoctorController.SearchDoctorAsync (API) in 48ms
14:09:21 INFO  - Executed action GD.API.Controllers.Manager.RecommendController.GetOwnerGuidsAsync (API) in 17ms
14:09:21 INFO  - Executed action GD.API.Controllers.Utility.ArticleController.SearchArticleAsync (API) in 51ms
14:15:18 INFO  - Executed action GD.API.Controllers.System.UserController.GetLoginUserInfoAsync (API) in 1180ms
14:15:19 INFO  - Executed action GD.API.Controllers.Manager.RecommendController.GetRecommendPageAsync (API) in 80ms
14:15:23 INFO  - Executed action GD.API.Controllers.Manager.RecommendController.GetOwnerGuidsAsync (API) in 24ms
14:15:23 INFO  - Executed action GD.API.Controllers.Utility.ArticleController.SearchArticleAsync (API) in 69ms
14:15:27 INFO  - Executed action GD.API.Controllers.Manager.RecommendController.GetOwnerGuidsAsync (API) in 24ms
14:15:28 INFO  - Executed action GD.API.Controllers.Doctor.DoctorController.SearchDoctorAsync (API) in 64ms
14:15:32 INFO  - Executed action GD.API.Controllers.Manager.RecommendController.GetOwnerGuidsAsync (API) in 22ms
14:15:32 INFO  - Executed action GD.API.Controllers.Utility.ArticleController.SearchArticleAsync (API) in 59ms
14:17:12 INFO  - Executed action GD.API.Controllers.System.UserController.GetLoginUserInfoAsync (API) in 178ms
14:17:12 INFO  - Executed action GD.API.Controllers.System.UserController.GetLoginUserInfoAsync (API) in 166ms
14:17:12 INFO  - Executed action GD.API.Controllers.Manager.RecommendController.GetRecommendPageAsync (API) in 101ms
14:17:13 INFO  - Executed action GD.API.Controllers.System.HomeController.GetOrderQtyAsync (API) in 17ms
14:17:13 INFO  - Executed action GD.API.Controllers.System.HomeController.GetUserQtyAsync (API) in 25ms
14:17:13 INFO  - Executed action GD.API.Controllers.System.HomeController.GetDoctorsQtyAsync (API) in 83ms
14:17:13 INFO  - Executed action GD.API.Controllers.System.HomeController.GetMerchantQtyAsync (API) in 99ms
14:18:24 INFO  - Executed action GD.API.Controllers.System.UserController.GetLoginUserInfoAsync (API) in 157ms
14:18:25 INFO  - Executed action GD.API.Controllers.Manager.RecommendController.GetRecommendPageAsync (API) in 51ms
14:18:26 INFO  - Executed action GD.API.Controllers.Manager.RecommendController.GetOwnerGuidsAsync (API) in 22ms
14:18:26 INFO  - Executed action GD.API.Controllers.Utility.ArticleController.SearchArticleAsync (API) in 86ms
14:18:29 INFO  - Executed action GD.API.Controllers.Utility.ArticleController.GetArticleTypeAsync (API) in 2759ms
14:18:32 INFO  - Executed action GD.API.Controllers.Utility.ArticleController.SearchArticleAsync (API) in 62ms
14:18:38 INFO  - Executed action GD.API.Controllers.Utility.ArticleController.SearchArticleAsync (API) in 53ms
14:18:55 INFO  - Executed action GD.API.Controllers.Utility.ArticleController.GetArticleTypeAsync (API) in 18ms
14:18:56 INFO  - Executed action GD.API.Controllers.Utility.ArticleController.GetArticleTypeAsync (API) in 26ms
14:19:01 INFO  - Executed action GD.API.Controllers.System.UserController.GetLoginUserInfoAsync (API) in 157ms
14:19:01 INFO  - Executed action GD.API.Controllers.Manager.RecommendController.GetRecommendPageAsync (API) in 49ms
14:19:02 INFO  - Executed action GD.API.Controllers.Utility.ArticleController.GetArticleTypeAsync (API) in 19ms
14:19:02 INFO  - Executed action GD.API.Controllers.Manager.RecommendController.GetOwnerGuidsAsync (API) in 21ms
14:19:03 INFO  - Executed action GD.API.Controllers.Utility.ArticleController.SearchArticleAsync (API) in 51ms
14:19:06 INFO  - Executed action GD.API.Controllers.Manager.RecommendController.GetOwnerGuidsAsync (API) in 17ms
14:19:06 INFO  - Executed action GD.API.Controllers.Utility.ArticleController.SearchArticleAsync (API) in 67ms
14:20:30 INFO  - Executed action GD.API.Controllers.System.UserController.GetLoginUserInfoAsync (API) in 168ms
14:20:30 INFO  - Executed action GD.API.Controllers.Manager.RecommendController.GetRecommendPageAsync (API) in 53ms
14:20:34 INFO  - Executed action GD.API.Controllers.Manager.RecommendController.GetOwnerGuidsAsync (API) in 18ms
14:20:34 INFO  - Executed action GD.API.Controllers.Utility.ArticleController.GetArticleTypeAsync (API) in 23ms
14:20:35 INFO  - Executed action GD.API.Controllers.Doctor.HospitalController.SearchOfficeAsync (API) in 57ms
14:20:42 INFO  - Executed action GD.API.Controllers.Manager.RecommendController.GetOwnerGuidsAsync (API) in 16ms
14:20:43 INFO  - Executed action GD.API.Controllers.Utility.CourseController.SearchCourseAsync (API) in 68ms
14:21:05 INFO  - Executed action GD.API.Controllers.Manager.RecommendController.GetRecommendPageAsync (API) in 47ms
14:21:07 INFO  - Executed action GD.API.Controllers.Manager.RecommendController.GetRecommendPageAsync (API) in 64ms
14:21:09 INFO  - Executed action GD.API.Controllers.Manager.RecommendController.GetRecommendPageAsync (API) in 43ms
14:21:12 INFO  - Executed action GD.API.Controllers.Manager.RecommendController.GetRecommendPageAsync (API) in 62ms
14:21:43 INFO  - Executed action GD.API.Controllers.Doctor.DoctorController.GetReviewDoctorPageAsync (API) in 53ms
14:21:44 INFO  - Executed action GD.API.Controllers.System.ReviewRecordController.GetReviewRecordPageAsync (API) in 79ms
14:21:46 INFO  - Executed action GD.API.Controllers.System.ReviewRecordController.GetReviewRecordPageAsync (API) in 43ms
14:21:47 INFO  - Executed action GD.API.Controllers.System.ReviewRecordController.GetReviewRecordPageAsync (API) in 64ms
14:21:51 INFO  - Executed action GD.API.Controllers.Doctor.DoctorController.GetDoctorCertificateDetailAsync (API) in 21ms
14:26:44 INFO  - Executed action GD.API.Controllers.Manager.RecommendController.GetRecommendPageAsync (API) in 638ms
14:27:04 INFO  - Executed action GD.API.Controllers.Manager.RecommendController.UpdateRecommendAsync (API) in 215ms
14:27:05 INFO  - Executed action GD.API.Controllers.Manager.RecommendController.GetRecommendPageAsync (API) in 33ms
14:27:17 INFO  - Executed action GD.API.Controllers.Manager.RecommendController.UpdateRecommendAsync (API) in 32ms
14:27:17 INFO  - Executed action GD.API.Controllers.Manager.RecommendController.GetRecommendPageAsync (API) in 38ms
14:41:46 INFO  - Executed action GD.API.Controllers.System.UserController.GetLoginUserInfoAsync (API) in 1050ms
14:41:46 INFO  - Executed action GD.API.Controllers.Manager.RecommendController.GetRecommendPageAsync (API) in 90ms
14:54:19 INFO  - Executed action GD.API.Controllers.Manager.RecommendController.GetRecommendPageAsync (API) in 177ms
14:54:21 INFO  - Executed action GD.API.Controllers.System.UserController.GetLoginUserInfoAsync (API) in 148ms
14:54:21 INFO  - Executed action GD.API.Controllers.Manager.RecommendController.GetRecommendPageAsync (API) in 49ms
14:54:25 INFO  - Executed action GD.API.Controllers.System.HeadlineController.GetHeadlinePageAsync (API) in 57ms
14:55:02 INFO  - Executed action GD.API.Controllers.System.HeadlineController.GetHeadlinePageAsync (API) in 47ms
14:55:03 INFO  - Executed action GD.API.Controllers.System.HeadlineController.GetHeadlinePageAsync (API) in 46ms
14:56:08 INFO  - Executed action GD.API.Controllers.Utility.ArticleController.GetArticleTypeAsync (API) in 9535ms
14:56:08 INFO  - Executed action GD.API.Controllers.Utility.ArticleController.GetArticleListAsync (API) in 111ms
14:56:11 INFO  - Executed action GD.API.Controllers.Utility.ArticleController.GetArticleListAsync (API) in 87ms
14:56:13 INFO  - Executed action GD.API.Controllers.Utility.ArticleController.GetArticleInfoAsync (API) in 134ms
14:56:28 INFO  - Executed action GD.API.Controllers.Utility.ArticleController.UpdateArticleAsync (API) in 630ms
14:56:28 INFO  - Executed action GD.API.Controllers.Utility.ArticleController.GetArticleListAsync (API) in 105ms
14:56:29 INFO  - Executed action GD.API.Controllers.Utility.ArticleController.GetArticleInfoAsync (API) in 88ms
14:56:33 INFO  - Executed action GD.API.Controllers.Utility.ArticleController.GetArticleInfoAsync (API) in 65ms
14:57:02 INFO  - Executed action GD.API.Controllers.System.HeadlineController.GetHeadlinePageAsync (API) in 46ms
14:57:15 INFO  - Executed action GD.API.Controllers.System.HeadlineController.GetHeadlinePageAsync (API) in 136ms
14:57:23 INFO  - Executed action GD.API.Controllers.System.HeadlineController.GetHeadlinePageAsync (API) in 45ms
14:57:26 INFO  - Executed action GD.API.Controllers.System.HeadlineController.GetHeadlinePageAsync (API) in 44ms
14:57:31 INFO  - Executed action GD.API.Controllers.System.UserController.GetLoginUserInfoAsync (API) in 259ms
14:57:31 INFO  - Executed action GD.API.Controllers.System.HeadlineController.GetHeadlinePageAsync (API) in 54ms
14:58:07 INFO  - Executed action GD.API.Controllers.System.HeadlineController.GetHeadlinePageAsync (API) in 70ms
14:58:31 INFO  - Executed action GD.API.Controllers.Utility.ArticleController.GetArticleTypeAsync (API) in 19ms
14:58:31 INFO  - Executed action GD.API.Controllers.Utility.ArticleController.GetArticleListAsync (API) in 115ms
14:58:38 INFO  - Executed action GD.API.Controllers.System.HeadlineController.GetHeadlinePageAsync (API) in 44ms
14:58:44 INFO  - Executed action GD.API.Controllers.Utility.ArticleController.GetArticleTypeAsync (API) in 25ms
14:58:44 INFO  - Executed action GD.API.Controllers.Utility.ArticleController.GetArticleListAsync (API) in 105ms
14:58:49 INFO  - Executed action GD.API.Controllers.Utility.ArticleController.GetArticleTypeAsync (API) in 42ms
14:58:49 INFO  - Executed action GD.API.Controllers.Utility.ArticleController.GetArticleListAsync (API) in 147ms
14:58:56 INFO  - Executed action GD.API.Controllers.System.HeadlineController.GetHeadlinePageAsync (API) in 44ms
14:59:55 INFO  - Executed action GD.API.Controllers.Utility.ArticleController.GetArticleTypeAsync (API) in 78ms
14:59:55 INFO  - Executed action GD.API.Controllers.Utility.ArticleController.GetArticleListAsync (API) in 197ms
14:59:58 INFO  - Executed action GD.API.Controllers.System.HeadlineController.GetHeadlinePageAsync (API) in 109ms
15:00:01 INFO  - Executed action GD.API.Controllers.Utility.ArticleController.GetArticleTypeAsync (API) in 52ms
15:00:01 INFO  - Executed action GD.API.Controllers.Utility.ArticleController.GetArticleListAsync (API) in 207ms
15:00:48 INFO  - Executed action GD.API.Controllers.Utility.ArticleController.GetArticleTypeAsync (API) in 172ms
15:00:48 INFO  - Executed action GD.API.Controllers.Utility.ArticleController.GetArticleListAsync (API) in 156ms
15:01:19 INFO  - Executed action GD.API.Controllers.Utility.ArticleController.GetArticleInfoAsync (API) in 200ms
15:01:50 INFO  - Executed action GD.API.Controllers.Doctor.DoctorController.GetDoctorJobTitlesAsync (API) in 274ms
15:01:50 INFO  - Executed action GD.API.Controllers.Doctor.HospitalController.GetHospitalAllSelectAsync (API) in 323ms
15:01:50 INFO  - Executed action GD.API.Controllers.Doctor.DoctorController.GetDoctorPageAsync (API) in 469ms
15:02:45 INFO  - Executed action GD.API.Controllers.Doctor.DoctorController.GetDoctorJobTitlesAsync (API) in 208ms
15:02:45 INFO  - Executed action GD.API.Controllers.Doctor.DoctorController.GetDoctorPageAsync (API) in 312ms
15:02:49 INFO  - Executed action GD.API.Controllers.Doctor.DoctorController.GetDoctorJobTitlesAsync (API) in 280ms
15:02:49 INFO  - Executed action GD.API.Controllers.Doctor.DoctorController.GetDoctorPageAsync (API) in 294ms
15:02:51 INFO  - Executed action GD.API.Controllers.Doctor.DoctorController.GetDoctorJobTitlesAsync (API) in 147ms
15:02:51 INFO  - Executed action GD.API.Controllers.Doctor.DoctorController.GetDoctorPageAsync (API) in 198ms
15:03:11 INFO  - Executed action GD.API.Controllers.Doctor.DoctorController.GetDoctorPageAsync (API) in 421ms
15:03:14 INFO  - Executed action GD.API.Controllers.Doctor.DoctorController.GetDoctorPageAsync (API) in 105ms
15:03:17 INFO  - Executed action GD.API.Controllers.Doctor.DoctorController.GetDoctorPageAsync (API) in 375ms
15:03:22 INFO  - Executed action GD.API.Controllers.Doctor.DoctorController.GetDoctorCertificateDetailAsync (API) in 200ms
15:03:22 INFO  - Executed action GD.API.Controllers.Doctor.DoctorController.GetDoctorInfoAsync (API) in 226ms
15:03:22 INFO  - Executed action GD.API.Controllers.Doctor.HospitalController.GetHospitalOfficeSelectAsync (API) in 63ms
15:03:31 INFO  - Executed action GD.API.Controllers.Doctor.HospitalController.GetHospitalLevel (API) in 1ms
15:03:31 INFO  - Executed action GD.API.Controllers.Doctor.HospitalController.GetHospitalPageAsync (API) in 395ms
15:03:45 INFO  - Executed action GD.API.Controllers.Mall.MemberController.GetMemberPageAsync (API) in 94ms
15:03:47 INFO  - Executed action GD.API.Controllers.Doctor.DoctorController.GetDoctorJobTitlesAsync (API) in 172ms
15:03:47 INFO  - Executed action GD.API.Controllers.Doctor.DoctorController.GetDoctorPageAsync (API) in 211ms
15:03:56 INFO  - Executed action GD.API.Controllers.Doctor.DoctorController.GetDoctorTopicAsync (API) in 321ms
15:03:59 INFO  - Executed action GD.API.Controllers.Doctor.DoctorController.GetDoctorCertificateDetailAsync (API) in 253ms
15:03:59 INFO  - Executed action GD.API.Controllers.Doctor.DoctorController.GetDoctorInfoAsync (API) in 300ms
15:04:00 INFO  - Executed action GD.API.Controllers.Doctor.HospitalController.GetHospitalOfficeSelectAsync (API) in 231ms
15:13:30 INFO  - Executed action GD.API.Controllers.Doctor.DoctorController.GetDoctorPageAsync (API) in 325ms
15:13:40 INFO  - Executed action GD.API.Controllers.Utility.ArticleController.GetArticleTypeAsync (API) in 18ms
15:13:40 INFO  - Executed action GD.API.Controllers.Utility.ArticleController.GetArticleListAsync (API) in 97ms
15:13:42 INFO  - Executed action GD.API.Controllers.Manager.RecommendController.GetRecommendPageAsync (API) in 42ms
15:13:46 INFO  - Executed action GD.API.Controllers.Utility.ArticleController.GetArticleTypeAsync (API) in 18ms
15:13:46 INFO  - Executed action GD.API.Controllers.Utility.ArticleController.GetArticleListAsync (API) in 122ms
15:13:48 INFO  - Executed action GD.API.Controllers.Utility.ArticleController.GetArticleTypeAsync (API) in 17ms
15:13:48 INFO  - Executed action GD.API.Controllers.Utility.ArticleController.GetArticleListAsync (API) in 100ms
15:14:03 INFO  - Executed action GD.API.Controllers.Doctor.DoctorController.GetDoctorPageAsync (API) in 55ms
15:14:03 INFO  - Executed action GD.API.Controllers.Doctor.DoctorController.GetDoctorJobTitlesAsync (API) in 145ms
15:14:23 INFO  - Executed action GD.API.Controllers.Doctor.DoctorController.GetDoctorInfoAsync (API) in 49ms
15:14:23 INFO  - Executed action GD.API.Controllers.Doctor.DoctorController.GetDoctorCertificateDetailAsync (API) in 67ms
15:14:27 INFO  - Executed action GD.API.Controllers.Doctor.DoctorController.GetDoctorPageAsync (API) in 59ms
15:14:28 INFO  - Executed action GD.API.Controllers.Doctor.DoctorController.GetDoctorCertificateDetailAsync (API) in 16ms
15:14:28 INFO  - Executed action GD.API.Controllers.Doctor.DoctorController.GetDoctorInfoAsync (API) in 44ms
15:16:55 INFO  - Executed action GD.API.Controllers.Doctor.DoctorController.UpdateDoctorInfoAsync (API) in 142ms
15:16:55 INFO  - Executed action GD.API.Controllers.Doctor.DoctorController.GetDoctorPageAsync (API) in 48ms
15:17:06 INFO  - Executed action GD.API.Controllers.Doctor.DoctorController.UpdateDoctorInfoAsync (API) in 327ms
15:17:06 INFO  - Executed action GD.API.Controllers.Doctor.DoctorController.GetDoctorPageAsync (API) in 87ms
15:17:07 INFO  - Executed action GD.API.Controllers.Doctor.DoctorController.GetDoctorTopicAsync (API) in 124ms
15:17:16 INFO  - Executed action GD.API.Controllers.Doctor.DoctorController.GetDoctorCertificateDetailAsync (API) in 111ms
15:17:16 INFO  - Executed action GD.API.Controllers.Doctor.DoctorController.GetDoctorInfoAsync (API) in 140ms
15:17:18 INFO  - Executed action GD.API.Controllers.Doctor.DoctorController.GetDoctorCertificateDetailAsync (API) in 15ms
15:17:18 INFO  - Executed action GD.API.Controllers.Doctor.DoctorController.GetDoctorInfoAsync (API) in 48ms
15:17:28 INFO  - Executed action GD.API.Controllers.Doctor.DoctorController.GetDoctorPageAsync (API) in 409ms
15:17:31 INFO  - Executed action GD.API.Controllers.Doctor.DoctorController.GetDoctorCertificateDetailAsync (API) in 62ms
15:17:31 INFO  - Executed action GD.API.Controllers.Doctor.DoctorController.GetDoctorInfoAsync (API) in 98ms
15:18:12 INFO  - Executed action GD.API.Controllers.Doctor.DoctorController.UpdateDoctorInfoAsync (API) in 105ms
15:18:13 INFO  - Executed action GD.API.Controllers.Doctor.DoctorController.GetDoctorPageAsync (API) in 49ms
15:18:26 INFO  - Executed action GD.API.Controllers.Doctor.DoctorController.UpdateDoctorInfoAsync (API) in 614ms
15:18:27 INFO  - Executed action GD.API.Controllers.Doctor.DoctorController.GetDoctorPageAsync (API) in 129ms
15:18:45 INFO  - Executed action GD.API.Controllers.Doctor.DoctorController.GetDoctorPageAsync (API) in 244ms
15:19:27 INFO  - Executed action GD.API.Controllers.Doctor.DoctorController.GetDoctorCertificateDetailAsync (API) in 31457ms
15:19:49 INFO  - Executed action GD.API.Controllers.Doctor.DoctorController.GetDoctorInfoAsync (API) in 53501ms
15:19:50 INFO  - Executed action GD.API.Controllers.Doctor.DoctorController.GetDoctorInfoAsync (API) in 15126ms
15:19:50 INFO  - Executed action GD.API.Controllers.Doctor.DoctorController.GetDoctorCertificateDetailAsync (API) in 15126ms
15:20:26 INFO  - Executed action GD.API.Controllers.Doctor.DoctorController.GetDoctorTopicAsync (API) in 744ms
15:20:31 INFO  - Executed action GD.API.Controllers.Doctor.DoctorController.GetDoctorInfoAsync (API) in 364ms
15:20:31 INFO  - Executed action GD.API.Controllers.Doctor.HospitalController.GetHospitalOfficeSelectAsync (API) in 87ms
15:20:31 INFO  - Executed action GD.API.Controllers.Doctor.DoctorController.GetDoctorCertificateDetailAsync (API) in 599ms
15:24:54 INFO  - Executed action GD.API.Controllers.Doctor.DoctorController.UpdateDoctorInfoAsync (API) in 235ms
15:24:54 INFO  - Executed action GD.API.Controllers.Doctor.DoctorController.GetDoctorPageAsync (API) in 75ms
15:25:07 INFO  - Executed action GD.API.Controllers.Doctor.DoctorController.GetDoctorPageAsync (API) in 73ms
15:25:10 INFO  - Executed action GD.API.Controllers.Doctor.DoctorController.GetDoctorPageAsync (API) in 73ms
15:25:12 INFO  - Executed action GD.API.Controllers.Doctor.DoctorController.GetDoctorPageAsync (API) in 70ms
15:25:19 INFO  - Executed action GD.API.Controllers.Doctor.DoctorController.DisableEnableDoctorAsync (API) in 63ms
15:25:21 INFO  - Executed action GD.API.Controllers.Doctor.DoctorController.DisableEnableDoctorAsync (API) in 57ms
15:25:26 INFO  - Executed action GD.API.Controllers.Utility.ArticleController.GetArticleTypeAsync (API) in 25ms
15:25:26 INFO  - Executed action GD.API.Controllers.Utility.ArticleController.GetArticleListAsync (API) in 114ms
15:25:27 INFO  - Executed action GD.API.Controllers.Utility.ArticleController.GetArticleTypeAsync (API) in 25ms
15:25:27 INFO  - Executed action GD.API.Controllers.Utility.ArticleController.GetArticleListAsync (API) in 107ms
15:25:29 INFO  - Executed action GD.API.Controllers.System.HeadlineController.GetHeadlinePageAsync (API) in 63ms
15:26:15 INFO  - Executed action GD.API.Controllers.Doctor.DoctorController.GetDoctorPageAsync (API) in 71ms
15:26:15 INFO  - Executed action GD.API.Controllers.Doctor.DoctorController.GetDoctorJobTitlesAsync (API) in 79ms
15:26:17 INFO  - Executed action GD.API.Controllers.Doctor.DoctorController.GetDoctorIntegralPageAsync (API) in 134ms
15:26:20 INFO  - Executed action GD.API.Controllers.Merchant.MerchantController.GetBusinessScopeListAsync (API) in 19ms
15:26:20 INFO  - Executed action GD.API.Controllers.Merchant.MerchantController.GetMerchantPageAsync (API) in 93ms
15:26:23 INFO  - Executed action GD.API.Controllers.Mall.MemberController.GetMemberPageAsync (API) in 56ms
15:26:25 INFO  - Executed action GD.API.Controllers.Doctor.DoctorController.GetDoctorIntegralPageAsync (API) in 122ms
15:26:26 INFO  - Executed action GD.API.Controllers.Doctor.DoctorController.GetDoctorPageAsync (API) in 44ms
15:26:26 INFO  - Executed action GD.API.Controllers.Doctor.DoctorController.GetDoctorJobTitlesAsync (API) in 49ms
15:26:29 INFO  - Executed action GD.API.Controllers.Doctor.DoctorController.GetDoctorPageAsync (API) in 77ms
15:26:31 INFO  - Executed action GD.API.Controllers.Doctor.DoctorController.GetDoctorPageAsync (API) in 62ms
15:32:09 INFO  - Executed action GD.API.Controllers.System.MenuController.GetMenuTreeAsync (API) in 74ms
15:32:11 INFO  - Executed action GD.API.Controllers.System.ButtonController.GetButtonListAsync (API) in 25ms
15:33:03 INFO  - Executed action GD.API.Controllers.System.UserController.GetLoginUserInfoAsync (API) in 219ms
15:33:03 INFO  - Executed action GD.API.Controllers.System.MenuController.GetMenuTreeAsync (API) in 20ms
15:33:24 INFO  - Executed action GD.API.Controllers.System.UserController.GetLoginUserInfoAsync (API) in 146ms
15:33:24 INFO  - Executed action GD.API.Controllers.System.MenuController.GetMenuTreeAsync (API) in 19ms
15:33:26 INFO  - Executed action GD.API.Controllers.System.ButtonController.GetButtonListAsync (API) in 17ms
15:33:45 INFO  - Executed action GD.API.Controllers.System.UserController.GetLoginUserInfoAsync (API) in 143ms
15:33:45 INFO  - Executed action GD.API.Controllers.System.MenuController.GetMenuTreeAsync (API) in 20ms
15:33:47 INFO  - Executed action GD.API.Controllers.System.ButtonController.GetButtonListAsync (API) in 16ms
15:34:26 INFO  - Executed action GD.API.Controllers.System.ButtonController.GetButtonListAsync (API) in 30ms
15:34:52 INFO  - Executed action GD.API.Controllers.System.UserController.GetLoginUserInfoAsync (API) in 137ms
15:34:52 INFO  - Executed action GD.API.Controllers.System.MenuController.GetMenuTreeAsync (API) in 20ms
15:34:54 INFO  - Executed action GD.API.Controllers.System.ButtonController.GetButtonListAsync (API) in 19ms
15:35:37 INFO  - Executed action GD.API.Controllers.System.ButtonController.GetButtonListAsync (API) in 16ms
15:35:45 INFO  - Executed action GD.API.Controllers.System.ButtonController.GetButtonListAsync (API) in 29ms
15:35:52 INFO  - Executed action GD.API.Controllers.System.ButtonController.GetButtonListAsync (API) in 18ms
15:35:53 INFO  - Executed action GD.API.Controllers.System.ButtonController.GetButtonListAsync (API) in 16ms
15:35:54 INFO  - Executed action GD.API.Controllers.System.ButtonController.GetButtonListAsync (API) in 16ms
15:36:13 INFO  - Executed action GD.API.Controllers.System.UserController.GetLoginUserInfoAsync (API) in 140ms
15:36:14 INFO  - Executed action GD.API.Controllers.System.MenuController.GetMenuTreeAsync (API) in 21ms
15:36:16 INFO  - Executed action GD.API.Controllers.System.ButtonController.GetButtonListAsync (API) in 16ms
15:37:23 INFO  - Executed action GD.API.Controllers.System.UserController.GetLoginUserInfoAsync (API) in 138ms
15:37:24 INFO  - Executed action GD.API.Controllers.System.MenuController.GetMenuTreeAsync (API) in 21ms
15:37:27 INFO  - Executed action GD.API.Controllers.System.ButtonController.GetButtonListAsync (API) in 19ms
15:37:52 INFO  - Executed action GD.API.Controllers.System.ButtonController.AddButtonAsync (API) in 73ms
15:37:52 INFO  - Executed action GD.API.Controllers.System.ButtonController.GetButtonListAsync (API) in 15ms
15:39:40 INFO  - Executed action GD.API.Controllers.System.UserController.GetLoginUserInfoAsync (API) in 131ms
15:39:42 INFO  - Executed action GD.API.Controllers.System.MenuController.GetMenuTreeAsync (API) in 21ms
15:40:39 INFO  - Executed action GD.API.Controllers.System.UserController.GetLoginUserInfoAsync (API) in 140ms
15:40:39 INFO  - Executed action GD.API.Controllers.System.MenuController.GetMenuTreeAsync (API) in 20ms
15:40:52 INFO  - Executed action GD.API.Controllers.System.UserController.GetLoginUserInfoAsync (API) in 135ms
15:40:53 INFO  - Executed action GD.API.Controllers.System.MenuController.GetMenuTreeAsync (API) in 22ms
15:41:05 INFO  - Executed action GD.API.Controllers.System.UserController.GetLoginUserInfoAsync (API) in 139ms
15:41:07 INFO  - Executed action GD.API.Controllers.System.MenuController.GetMenuTreeAsync (API) in 20ms
15:42:08 INFO  - Executed action GD.API.Controllers.System.UserController.GetLoginUserInfoAsync (API) in 123ms
15:42:08 INFO  - Executed action GD.API.Controllers.System.MenuController.GetMenuTreeAsync (API) in 20ms
15:42:09 INFO  - Executed action GD.API.Controllers.System.ButtonController.GetButtonListAsync (API) in 20ms
15:42:17 INFO  - Executed action GD.API.Controllers.System.ButtonController.AddButtonAsync (API) in 25ms
15:42:21 INFO  - Executed action GD.API.Controllers.System.ButtonController.AddButtonAsync (API) in 48ms
15:42:21 INFO  - Executed action GD.API.Controllers.System.ButtonController.GetButtonListAsync (API) in 16ms
15:42:26 INFO  - Executed action GD.API.Controllers.System.ButtonController.AddButtonAsync (API) in 55ms
15:42:26 INFO  - Executed action GD.API.Controllers.System.ButtonController.GetButtonListAsync (API) in 15ms
15:42:30 INFO  - Executed action GD.API.Controllers.System.ButtonController.AddButtonAsync (API) in 47ms
15:42:30 INFO  - Executed action GD.API.Controllers.System.ButtonController.GetButtonListAsync (API) in 16ms
15:42:34 INFO  - Executed action GD.API.Controllers.System.ButtonController.AddButtonAsync (API) in 50ms
15:42:34 INFO  - Executed action GD.API.Controllers.System.ButtonController.GetButtonListAsync (API) in 17ms
15:43:23 INFO  - Executed action GD.API.Controllers.System.ButtonController.GetButtonListAsync (API) in 16ms
15:44:23 INFO  - Executed action GD.API.Controllers.System.ButtonController.GetButtonListAsync (API) in 17ms
15:44:24 INFO  - Executed action GD.API.Controllers.System.ButtonController.GetButtonListAsync (API) in 251ms
15:44:29 INFO  - Executed action GD.API.Controllers.System.UserController.GetLoginUserInfoAsync (API) in 134ms
15:44:29 INFO  - Executed action GD.API.Controllers.System.MenuController.GetMenuTreeAsync (API) in 20ms
15:44:31 INFO  - Executed action GD.API.Controllers.System.ButtonController.GetButtonListAsync (API) in 18ms
15:45:15 INFO  - Executed action GD.API.Controllers.System.ButtonController.GetButtonListAsync (API) in 15ms
15:45:18 INFO  - Executed action GD.API.Controllers.System.ButtonController.GetButtonListAsync (API) in 15ms
15:45:24 INFO  - Executed action GD.API.Controllers.System.ButtonController.GetButtonListAsync (API) in 16ms
15:46:16 INFO  - Executed action GD.API.Controllers.System.UserController.GetLoginUserInfoAsync (API) in 386ms
15:46:17 INFO  - Executed action GD.API.Controllers.System.MenuController.GetMenuTreeAsync (API) in 275ms
15:46:32 INFO  - Executed action GD.API.Controllers.System.UserController.GetLoginUserInfoAsync (API) in 141ms
15:46:33 INFO  - Executed action GD.API.Controllers.System.MenuController.GetMenuTreeAsync (API) in 26ms
15:47:08 INFO  - Executed action GD.API.Controllers.System.ButtonController.GetButtonListAsync (API) in 16ms
15:48:02 INFO  - Executed action GD.API.Controllers.System.UserController.GetLoginUserInfoAsync (API) in 153ms
15:48:03 INFO  - Executed action GD.API.Controllers.System.MenuController.GetMenuTreeAsync (API) in 20ms
15:48:05 INFO  - Executed action GD.API.Controllers.System.ButtonController.GetButtonListAsync (API) in 17ms
15:48:43 INFO  - Bad request GD.API.Controllers.System.ButtonController.DeleteButtonAsync (API) with The Guid field is required.
15:50:06 INFO  - Executed action GD.API.Controllers.System.UserController.GetLoginUserInfoAsync (API) in 133ms
15:50:07 INFO  - Executed action GD.API.Controllers.System.MenuController.GetMenuTreeAsync (API) in 19ms
15:51:26 INFO  - Executed action GD.API.Controllers.System.ButtonController.GetButtonListAsync (API) in 17ms
15:51:52 INFO  - Executed action GD.API.Controllers.System.UserController.GetLoginUserInfoAsync (API) in 131ms
15:51:52 INFO  - Executed action GD.API.Controllers.System.MenuController.GetMenuTreeAsync (API) in 20ms
15:51:54 INFO  - Executed action GD.API.Controllers.System.ButtonController.GetButtonListAsync (API) in 16ms
15:52:51 INFO  - Executed action GD.API.Controllers.System.ButtonController.GetButtonListAsync (API) in 16ms
15:53:27 INFO  - Executed action GD.API.Controllers.System.ButtonController.DeleteButtonAsync (API) in 25ms
15:53:27 INFO  - Executed action GD.API.Controllers.System.ButtonController.GetButtonListAsync (API) in 16ms
15:53:29 INFO  - Executed action GD.API.Controllers.System.ButtonController.DeleteButtonAsync (API) in 20ms
15:53:29 INFO  - Executed action GD.API.Controllers.System.ButtonController.GetButtonListAsync (API) in 16ms
15:53:31 INFO  - Executed action GD.API.Controllers.System.ButtonController.DeleteButtonAsync (API) in 21ms
15:53:31 INFO  - Executed action GD.API.Controllers.System.ButtonController.GetButtonListAsync (API) in 16ms
15:53:33 INFO  - Executed action GD.API.Controllers.System.ButtonController.DeleteButtonAsync (API) in 21ms
15:53:33 INFO  - Executed action GD.API.Controllers.System.ButtonController.GetButtonListAsync (API) in 15ms
15:53:35 INFO  - Executed action GD.API.Controllers.System.ButtonController.DeleteButtonAsync (API) in 22ms
15:53:35 INFO  - Executed action GD.API.Controllers.System.ButtonController.GetButtonListAsync (API) in 15ms
15:54:09 INFO  - Executed action GD.API.Controllers.System.ButtonController.GetButtonListAsync (API) in 15ms
15:54:19 INFO  - Executed action GD.API.Controllers.System.UserController.GetLoginUserInfoAsync (API) in 146ms
15:54:19 INFO  - Executed action GD.API.Controllers.System.MenuController.GetMenuTreeAsync (API) in 28ms
15:54:20 INFO  - Executed action GD.API.Controllers.System.ButtonController.GetButtonListAsync (API) in 15ms
15:54:53 INFO  - Executed action GD.API.Controllers.System.UserController.GetLoginUserInfoAsync (API) in 143ms
15:54:53 INFO  - Executed action GD.API.Controllers.System.MenuController.GetMenuTreeAsync (API) in 19ms
15:54:54 INFO  - Executed action GD.API.Controllers.System.ButtonController.GetButtonListAsync (API) in 17ms
15:55:37 INFO  - Executed action GD.API.Controllers.System.ButtonController.GetButtonListAsync (API) in 17ms
15:55:40 INFO  - Executed action GD.API.Controllers.System.ButtonController.GetButtonListAsync (API) in 15ms
15:56:00 INFO  - Executed action GD.API.Controllers.System.UserController.GetLoginUserInfoAsync (API) in 128ms
15:56:00 INFO  - Executed action GD.API.Controllers.System.MenuController.GetMenuTreeAsync (API) in 21ms
15:56:02 INFO  - Executed action GD.API.Controllers.System.ButtonController.GetButtonListAsync (API) in 15ms
15:56:04 INFO  - Executed action GD.API.Controllers.System.ButtonController.GetButtonListAsync (API) in 19ms
15:56:08 INFO  - Executed action GD.API.Controllers.System.ButtonController.GetButtonListAsync (API) in 20ms
15:57:09 INFO  - Executed action GD.API.Controllers.System.ButtonController.GetButtonListAsync (API) in 17ms
15:57:16 INFO  - Executed action GD.API.Controllers.System.ButtonController.GetButtonListAsync (API) in 16ms
15:57:41 INFO  - Executed action GD.API.Controllers.System.ButtonController.UpdateButtonAsync (API) in 42ms
15:57:41 INFO  - Executed action GD.API.Controllers.System.ButtonController.GetButtonListAsync (API) in 16ms
15:57:49 INFO  - Executed action GD.API.Controllers.Doctor.DoctorController.GetDoctorPageAsync (API) in 73ms
15:57:49 INFO  - Executed action GD.API.Controllers.Doctor.HospitalController.GetHospitalAllSelectAsync (API) in 68ms
15:57:49 INFO  - Executed action GD.API.Controllers.Doctor.DoctorController.GetDoctorJobTitlesAsync (API) in 85ms
15:57:51 INFO  - Executed action GD.API.Controllers.Doctor.DoctorController.GetDoctorIntegralPageAsync (API) in 112ms
15:57:53 INFO  - Executed action GD.API.Controllers.Merchant.MerchantController.GetBusinessScopeListAsync (API) in 16ms
15:57:53 INFO  - Executed action GD.API.Controllers.Merchant.MerchantController.GetMerchantPageAsync (API) in 46ms
15:57:56 INFO  - Executed action GD.API.Controllers.Mall.MemberController.GetMemberPageAsync (API) in 47ms
15:58:08 INFO  - Executed action GD.API.Controllers.System.MenuController.GetMenuTreeAsync (API) in 21ms
15:58:47 INFO  - Executed action GD.API.Controllers.System.UserController.GetLoginUserInfoAsync (API) in 134ms
15:58:48 INFO  - Executed action GD.API.Controllers.System.MenuController.GetMenuTreeAsync (API) in 34ms
15:58:50 INFO  - Executed action GD.API.Controllers.System.ButtonController.GetButtonListAsync (API) in 18ms
15:58:54 INFO  - Executed action GD.API.Controllers.System.ButtonController.GetButtonListAsync (API) in 16ms
15:58:59 INFO  - Executed action GD.API.Controllers.System.ButtonController.UpdateButtonAsync (API) in 36ms
15:58:59 INFO  - Executed action GD.API.Controllers.System.ButtonController.GetButtonListAsync (API) in 15ms
15:59:31 INFO  - Executed action GD.API.Controllers.System.ButtonController.GetButtonListAsync (API) in 14ms
15:59:57 INFO  - Executed action GD.API.Controllers.System.UserController.GetLoginUserInfoAsync (API) in 153ms
15:59:57 INFO  - Executed action GD.API.Controllers.System.MenuController.GetMenuTreeAsync (API) in 20ms
15:59:59 INFO  - Executed action GD.API.Controllers.System.ButtonController.GetButtonListAsync (API) in 14ms
16:00:06 INFO  - Bad request GD.API.Controllers.System.ButtonController.AddButtonAsync (API) with 编码必填; 名称必填
16:00:07 INFO  - Bad request GD.API.Controllers.System.ButtonController.AddButtonAsync (API) with 编码必填; 名称必填
16:00:07 INFO  - Bad request GD.API.Controllers.System.ButtonController.AddButtonAsync (API) with 编码必填; 名称必填
16:00:18 INFO  - Executed action GD.API.Controllers.System.ButtonController.GetButtonListAsync (API) in 18ms
16:00:40 INFO  - Executed action GD.API.Controllers.System.ButtonController.GetButtonListAsync (API) in 16ms
16:01:01 INFO  - Executed action GD.API.Controllers.System.UserController.GetLoginUserInfoAsync (API) in 305ms
16:01:01 INFO  - Executed action GD.API.Controllers.System.MenuController.GetMenuTreeAsync (API) in 20ms
16:01:03 INFO  - Executed action GD.API.Controllers.System.ButtonController.GetButtonListAsync (API) in 15ms
16:01:10 INFO  - Executed action GD.API.Controllers.System.ButtonController.GetButtonListAsync (API) in 15ms
16:01:31 INFO  - Executed action GD.API.Controllers.System.ButtonController.GetButtonListAsync (API) in 18ms
16:03:13 INFO  - Executed action GD.API.Controllers.System.ButtonController.GetButtonListAsync (API) in 18ms
16:03:17 INFO  - Executed action GD.API.Controllers.System.ButtonController.GetButtonListAsync (API) in 15ms
16:04:46 INFO  - Executed action GD.API.Controllers.System.UserController.GetLoginUserInfoAsync (API) in 146ms
16:04:46 INFO  - Executed action GD.API.Controllers.System.MenuController.GetMenuTreeAsync (API) in 20ms
16:04:53 INFO  - Executed action GD.API.Controllers.System.ButtonController.GetButtonListAsync (API) in 17ms
16:05:00 INFO  - Executed action GD.API.Controllers.System.ButtonController.AddButtonAsync (API) in 49ms
16:05:00 INFO  - Executed action GD.API.Controllers.System.ButtonController.GetButtonListAsync (API) in 15ms
16:05:59 INFO  - Executed action GD.API.Controllers.System.MenuController.GetMenuTreeAsync (API) in 18ms
16:06:07 INFO  - Executed action GD.API.Controllers.System.ButtonController.GetButtonListAsync (API) in 18ms
16:06:10 INFO  - Executed action GD.API.Controllers.System.ButtonController.DeleteButtonAsync (API) in 21ms
16:06:10 INFO  - Executed action GD.API.Controllers.System.ButtonController.GetButtonListAsync (API) in 16ms
16:06:12 INFO  - Executed action GD.API.Controllers.System.ButtonController.GetButtonListAsync (API) in 18ms
16:06:14 INFO  - Executed action GD.API.Controllers.System.ButtonController.GetButtonListAsync (API) in 15ms
16:06:17 INFO  - Executed action GD.API.Controllers.System.ButtonController.GetButtonListAsync (API) in 15ms
16:06:25 INFO  - Executed action GD.API.Controllers.System.ButtonController.GetButtonListAsync (API) in 15ms
16:06:28 INFO  - Executed action GD.API.Controllers.System.ButtonController.GetButtonListAsync (API) in 15ms
16:06:58 INFO  - Executed action GD.API.Controllers.Utility.ArticleController.GetArticleTypeAsync (API) in 21ms
16:06:58 INFO  - Executed action GD.API.Controllers.Utility.ArticleController.GetArticleListAsync (API) in 84ms
16:07:13 INFO  - Executed action GD.API.Controllers.Utility.ArticleController.GetArticleInfoAsync (API) in 59ms
16:07:24 INFO  - Executed action GD.API.Controllers.Utility.ArticleController.GetArticleInfoAsync (API) in 58ms
16:07:40 INFO  - Executed action GD.API.Controllers.Doctor.DoctorController.GetReviewDoctorPageAsync (API) in 51ms
16:07:48 INFO  - Executed action GD.API.Controllers.Doctor.HospitalController.GetHospitalAllSelectAsync (API) in 67ms
16:07:48 INFO  - Executed action GD.API.Controllers.Doctor.DoctorController.GetDoctorJobTitlesAsync (API) in 129ms
16:07:48 INFO  - Executed action GD.API.Controllers.Doctor.DoctorController.GetDoctorPageAsync (API) in 184ms
16:07:55 INFO  - Executed action GD.API.Controllers.Doctor.DoctorController.GetReviewDoctorPageAsync (API) in 44ms
16:07:58 INFO  - Executed action GD.API.Controllers.Doctor.DoctorController.GetDoctorCertificateDetailAsync (API) in 15ms
16:11:37 INFO  - Executed action GD.API.Controllers.Doctor.DoctorController.GetReviewDoctorPageAsync (API) in 47ms
16:12:43 INFO  - Executed action GD.API.Controllers.System.UserController.GetLoginUserInfoAsync (API) in 131ms
16:12:43 INFO  - Executed action GD.API.Controllers.Doctor.DoctorController.GetReviewDoctorPageAsync (API) in 42ms
16:12:57 INFO  - Executed action GD.API.Controllers.System.UserController.GetLoginUserInfoAsync (API) in 144ms
16:12:58 INFO  - Executed action GD.API.Controllers.Doctor.DoctorController.GetReviewDoctorPageAsync (API) in 53ms
16:13:09 INFO  - Executed action GD.API.Controllers.System.UserController.GetLoginUserInfoAsync (API) in 114ms
16:13:10 INFO  - Executed action GD.API.Controllers.Doctor.DoctorController.GetReviewDoctorPageAsync (API) in 44ms
16:13:15 INFO  - Executed action GD.API.Controllers.System.UserController.GetLoginUserInfoAsync (API) in 348ms
16:13:15 INFO  - Executed action GD.API.Controllers.Doctor.DoctorController.GetReviewDoctorPageAsync (API) in 296ms
16:13:23 INFO  - Executed action GD.API.Controllers.System.UserController.GetLoginUserInfoAsync (API) in 328ms
16:13:23 INFO  - Executed action GD.API.Controllers.Doctor.DoctorController.GetReviewDoctorPageAsync (API) in 105ms
16:13:38 INFO  - Executed action GD.API.Controllers.Doctor.DoctorController.GetReviewDoctorPageAsync (API) in 44ms
16:13:51 INFO  - Executed action GD.API.Controllers.Doctor.DoctorController.GetReviewDoctorPageAsync (API) in 44ms
16:14:02 INFO  - Executed action GD.API.Controllers.System.UserController.GetLoginUserInfoAsync (API) in 125ms
16:14:03 INFO  - Executed action GD.API.Controllers.Doctor.DoctorController.GetReviewDoctorPageAsync (API) in 44ms
16:14:07 INFO  - Executed action GD.API.Controllers.Doctor.DoctorController.GetDoctorCertificateDetailAsync (API) in 15ms
16:14:14 INFO  - Executed action GD.API.Controllers.Doctor.DoctorController.GetDoctorCertificateDetailAsync (API) in 18ms
16:14:29 INFO  - Executed action GD.API.Controllers.Doctor.DoctorController.GetDoctorCertificateDetailAsync (API) in 18ms
16:15:01 INFO  - Executed action GD.API.Controllers.System.UserController.GetLoginUserInfoAsync (API) in 144ms
16:15:02 INFO  - Executed action GD.API.Controllers.Doctor.DoctorController.GetReviewDoctorPageAsync (API) in 44ms
16:15:02 INFO  - Executed action GD.API.Controllers.Doctor.DoctorController.GetDoctorCertificateDetailAsync (API) in 78ms
16:15:10 INFO  - Executed action GD.API.Controllers.System.BannerController.GetBannerType1 (API) in 36ms
16:15:10 INFO  - Executed action GD.API.Controllers.System.BannerController.GetBannerPageAsync (API) in 87ms
16:16:04 INFO  - Executed action GD.API.Controllers.System.BannerController.GetBannerType1 (API) in 35ms
16:16:04 INFO  - Executed action GD.API.Controllers.System.BannerController.GetBannerPageAsync (API) in 72ms
16:16:19 INFO  - Executed action GD.API.Controllers.System.BannerController.GetBannerType1 (API) in 37ms
16:16:19 INFO  - Executed action GD.API.Controllers.System.BannerController.GetBannerPageAsync (API) in 74ms
16:16:33 INFO  - Executed action GD.API.Controllers.System.UserController.GetLoginUserInfoAsync (API) in 136ms
16:16:33 INFO  - Executed action GD.API.Controllers.System.BannerController.GetBannerType1 (API) in 35ms
16:16:34 INFO  - Executed action GD.API.Controllers.System.BannerController.GetBannerPageAsync (API) in 78ms
16:17:37 INFO  - Executed action GD.API.Controllers.System.BannerController.DisableEnableBannerAsync (API) in 56ms
16:17:38 INFO  - Executed action GD.API.Controllers.System.BannerController.DisableEnableBannerAsync (API) in 40ms
16:18:34 INFO  - Executed action GD.API.Controllers.System.UserController.GetLoginUserInfoAsync (API) in 140ms
16:18:34 INFO  - Executed action GD.API.Controllers.System.BannerController.GetBannerType1 (API) in 39ms
16:18:34 INFO  - Executed action GD.API.Controllers.System.BannerController.GetBannerPageAsync (API) in 72ms
16:52:13 INFO  - Executed action GD.API.Controllers.System.MenuController.GetMenuTreeAsync (API) in 778ms
17:07:59 INFO  - Executed action GD.API.Controllers.System.ButtonController.GetButtonListAsync (API) in 135ms
17:08:03 INFO  - Executed action GD.API.Controllers.System.ButtonController.GetButtonListAsync (API) in 26ms
17:08:09 INFO  - Bad request GD.API.Controllers.System.ButtonController.AddButtonAsync (API) with 编码必填; 名称必填
17:10:22 INFO  - Executed action GD.API.Controllers.System.MenuController.AddMenuAsync (API) in 122ms
17:10:22 INFO  - Executed action GD.API.Controllers.System.MenuController.GetMenuTreeAsync (API) in 28ms
17:10:27 INFO  - Executed action GD.API.Controllers.System.ButtonController.GetButtonListAsync (API) in 27ms
17:11:17 INFO  - Executed action GD.API.Controllers.System.MenuController.AddMenuAsync (API) in 68ms
17:11:17 INFO  - Executed action GD.API.Controllers.System.MenuController.GetMenuTreeAsync (API) in 28ms
17:11:34 INFO  - Executed action GD.API.Controllers.System.MenuController.UpdateMenuAsync (API) in 95ms
17:11:34 INFO  - Executed action GD.API.Controllers.System.MenuController.GetMenuTreeAsync (API) in 30ms
17:11:50 INFO  - Executed action GD.API.Controllers.System.MenuController.UpdateMenuAsync (API) in 61ms
17:11:50 INFO  - Executed action GD.API.Controllers.System.MenuController.GetMenuTreeAsync (API) in 30ms
17:11:52 INFO  - Executed action GD.API.Controllers.System.UserController.GetLoginUserInfoAsync (API) in 281ms
17:11:53 INFO  - Executed action GD.API.Controllers.System.MenuController.GetMenuTreeAsync (API) in 31ms
17:12:03 INFO  - Executed action GD.API.Controllers.System.MenuController.GetMenuTreeAsync (API) in 31ms
17:12:05 INFO  - Executed action GD.API.Controllers.System.UserController.GetLoginUserInfoAsync (API) in 217ms
17:12:05 INFO  - Executed action GD.API.Controllers.System.MenuController.GetMenuTreeAsync (API) in 33ms
17:12:18 INFO  - Executed action GD.API.Controllers.System.MenuController.GetMenuTreeAsync (API) in 28ms
17:12:22 INFO  - Executed action GD.API.Controllers.System.MenuController.DisableEnableMenuAsync (API) in 56ms
17:12:22 INFO  - Executed action GD.API.Controllers.System.MenuController.GetMenuTreeAsync (API) in 35ms
17:12:23 INFO  - Executed action GD.API.Controllers.System.MenuController.DisableEnableMenuAsync (API) in 62ms
17:12:24 INFO  - Executed action GD.API.Controllers.System.MenuController.GetMenuTreeAsync (API) in 29ms
17:39:34 INFO  - Executed action GD.API.Controllers.Manager.RecommendController.GetRecommendPageAsync (API) in 99ms
17:39:39 INFO  - Executed action GD.API.Controllers.Manager.RecommendController.GetOwnerGuidsAsync (API) in 18ms
17:39:39 INFO  - Executed action GD.API.Controllers.Doctor.DoctorController.SearchDoctorAsync (API) in 73ms
17:39:42 INFO  - Executed action GD.API.Controllers.Doctor.DoctorController.SearchDoctorAsync (API) in 40ms
17:39:43 INFO  - Executed action GD.API.Controllers.Utility.ArticleController.GetArticleTypeAsync (API) in 3954ms
17:39:43 INFO  - Executed action GD.API.Controllers.Doctor.DoctorController.SearchDoctorAsync (API) in 40ms
17:39:44 INFO  - Executed action GD.API.Controllers.Doctor.DoctorController.SearchDoctorAsync (API) in 40ms
17:39:45 INFO  - Executed action GD.API.Controllers.Doctor.DoctorController.SearchDoctorAsync (API) in 41ms
17:39:46 INFO  - Executed action GD.API.Controllers.Doctor.DoctorController.SearchDoctorAsync (API) in 40ms
17:39:46 INFO  - Executed action GD.API.Controllers.Doctor.DoctorController.SearchDoctorAsync (API) in 43ms
17:39:47 INFO  - Executed action GD.API.Controllers.Doctor.DoctorController.SearchDoctorAsync (API) in 40ms
17:39:49 INFO  - Executed action GD.API.Controllers.Doctor.DoctorController.SearchDoctorAsync (API) in 40ms
17:39:50 INFO  - Executed action GD.API.Controllers.Doctor.DoctorController.SearchDoctorAsync (API) in 40ms
17:39:51 INFO  - Executed action GD.API.Controllers.Doctor.DoctorController.SearchDoctorAsync (API) in 41ms
17:39:52 INFO  - Executed action GD.API.Controllers.Doctor.DoctorController.SearchDoctorAsync (API) in 39ms
17:39:52 INFO  - Executed action GD.API.Controllers.Doctor.DoctorController.SearchDoctorAsync (API) in 43ms
17:39:53 INFO  - Executed action GD.API.Controllers.Doctor.DoctorController.SearchDoctorAsync (API) in 40ms
17:39:55 INFO  - Executed action GD.API.Controllers.Doctor.DoctorController.SearchDoctorAsync (API) in 40ms
17:40:04 INFO  - Executed action GD.API.Controllers.Manager.RecommendController.GetRecommendDoctorListAsync (API) in 47ms
17:40:11 INFO  - Executed action GD.API.Controllers.Doctor.DoctorController.SearchDoctorAsync (API) in 41ms
17:41:50 INFO  - Executed action GD.API.Controllers.Doctor.HospitalController.GetHospitalAllSelectAsync (API) in 21ms
17:41:50 INFO  - Executed action GD.API.Controllers.Doctor.DoctorController.GetDoctorPageAsync (API) in 97ms
17:41:50 INFO  - Executed action GD.API.Controllers.Doctor.DoctorController.GetDoctorJobTitlesAsync (API) in 122ms
17:41:52 INFO  - Executed action GD.API.Controllers.Doctor.DoctorController.GetDoctorPageAsync (API) in 67ms
17:41:53 INFO  - Executed action GD.API.Controllers.Doctor.DoctorController.GetDoctorPageAsync (API) in 41ms
17:41:53 INFO  - Executed action GD.API.Controllers.Doctor.DoctorController.GetDoctorPageAsync (API) in 55ms
17:41:54 INFO  - Executed action GD.API.Controllers.Doctor.DoctorController.GetDoctorPageAsync (API) in 61ms
17:41:56 INFO  - Executed action GD.API.Controllers.Doctor.DoctorController.GetDoctorPageAsync (API) in 44ms
17:45:47 INFO  - Executed action GD.API.Controllers.System.UserController.GetLoginUserInfoAsync (API) in 1086ms
17:45:48 INFO  - Executed action GD.API.Controllers.Doctor.HospitalController.GetHospitalAllSelectAsync (API) in 25ms
17:45:51 INFO  - Executed action GD.API.Controllers.Doctor.DoctorController.GetDoctorPageAsync (API) in 3561ms
17:45:54 INFO  - Executed action GD.API.Controllers.Doctor.DoctorController.GetDoctorJobTitlesAsync (API) in 6283ms
17:46:01 INFO  - Executed action GD.API.Controllers.Manager.RecommendController.GetRecommendPageAsync (API) in 48ms
17:46:03 INFO  - Executed action GD.API.Controllers.Utility.ArticleController.GetArticleTypeAsync (API) in 16ms
17:46:03 INFO  - Executed action GD.API.Controllers.Manager.RecommendController.GetOwnerGuidsAsync (API) in 24ms
17:46:03 INFO  - Executed action GD.API.Controllers.Doctor.DoctorController.SearchDoctorAsync (API) in 48ms
17:46:07 INFO  - Executed action GD.API.Controllers.Manager.RecommendController.GetRecommendDoctorListAsync (API) in 49ms
17:46:14 INFO  - Executed action GD.API.Controllers.Doctor.DoctorController.SearchDoctorAsync (API) in 43ms
17:49:31 INFO  - Executed action GD.API.Controllers.Manager.RecommendController.GetRecommendArticleListAsync (API) in 48ms
17:49:34 INFO  - Executed action GD.API.Controllers.Manager.RecommendController.GetRecommendArticleListAsync (API) in 44ms
17:49:35 INFO  - Executed action GD.API.Controllers.Manager.RecommendController.GetRecommendArticleListAsync (API) in 44ms
17:49:37 INFO  - Executed action GD.API.Controllers.Manager.RecommendController.GetOwnerGuidsAsync (API) in 11ms
17:49:37 INFO  - Executed action GD.API.Controllers.Utility.ArticleController.SearchArticleAsync (API) in 43ms
17:49:40 INFO  - Executed action GD.API.Controllers.Utility.ArticleController.SearchArticleAsync (API) in 36ms
17:49:41 INFO  - Executed action GD.API.Controllers.Utility.ArticleController.SearchArticleAsync (API) in 40ms
17:49:41 INFO  - Executed action GD.API.Controllers.Utility.ArticleController.SearchArticleAsync (API) in 39ms
17:49:42 INFO  - Executed action GD.API.Controllers.Utility.ArticleController.SearchArticleAsync (API) in 40ms
17:49:43 INFO  - Executed action GD.API.Controllers.Utility.ArticleController.SearchArticleAsync (API) in 52ms
17:49:43 INFO  - Executed action GD.API.Controllers.Utility.ArticleController.SearchArticleAsync (API) in 38ms
17:49:44 INFO  - Executed action GD.API.Controllers.Utility.ArticleController.SearchArticleAsync (API) in 38ms
17:49:44 INFO  - Executed action GD.API.Controllers.Utility.ArticleController.SearchArticleAsync (API) in 40ms
17:49:45 INFO  - Executed action GD.API.Controllers.Utility.ArticleController.SearchArticleAsync (API) in 39ms
17:49:47 INFO  - Executed action GD.API.Controllers.Utility.ArticleController.SearchArticleAsync (API) in 39ms
17:49:48 INFO  - Executed action GD.API.Controllers.Utility.ArticleController.SearchArticleAsync (API) in 39ms
17:49:48 INFO  - Executed action GD.API.Controllers.Utility.ArticleController.SearchArticleAsync (API) in 39ms
17:55:07 INFO  - Executed action GD.API.Controllers.Manager.RecommendController.GetRecommendArticleListAsync (API) in 4456ms
17:55:20 INFO  - Executed action GD.API.Controllers.Manager.RecommendController.AddRecommendDetailAsync (API) in 84ms
17:55:22 INFO  - Executed action GD.API.Controllers.Manager.RecommendController.AddRecommendDetailAsync (API) in 55ms
17:55:26 INFO  - Executed action GD.API.Controllers.Manager.RecommendController.GetRecommendPageAsync (API) in 83ms
17:55:27 INFO  - Executed action GD.API.Controllers.Manager.RecommendController.GetRecommendArticleListAsync (API) in 93ms
17:55:43 INFO  - Executed action GD.API.Controllers.Utility.ArticleController.SearchArticleAsync (API) in 71ms
17:55:45 INFO  - Executed action GD.API.Controllers.Utility.ArticleController.SearchArticleAsync (API) in 68ms
17:55:46 INFO  - Executed action GD.API.Controllers.Utility.ArticleController.SearchArticleAsync (API) in 68ms
17:55:46 INFO  - Executed action GD.API.Controllers.Utility.ArticleController.SearchArticleAsync (API) in 68ms
17:56:14 INFO  - Executed action GD.API.Controllers.Utility.ArticleController.GetArticleTypeAsync (API) in 32ms
17:56:14 INFO  - Executed action GD.API.Controllers.Utility.ArticleController.GetArticleListAsync (API) in 117ms
17:56:17 INFO  - Executed action GD.API.Controllers.Manager.RecommendController.GetRecommendPageAsync (API) in 69ms
17:56:30 INFO  - Executed action GD.API.Controllers.Manager.RecommendController.UpdateRecommendAsync (API) in 94ms
17:56:30 INFO  - Executed action GD.API.Controllers.Manager.RecommendController.GetRecommendPageAsync (API) in 67ms
17:56:37 INFO  - Executed action GD.API.Controllers.Manager.RecommendController.UpdateRecommendAsync (API) in 59ms
17:56:37 INFO  - Executed action GD.API.Controllers.Manager.RecommendController.GetRecommendPageAsync (API) in 65ms
17:56:48 INFO  - Executed action GD.API.Controllers.Doctor.DoctorController.GetDoctorIntegralPageAsync (API) in 173ms
17:56:49 INFO  - Executed action GD.API.Controllers.Merchant.MerchantController.GetBusinessScopeListAsync (API) in 31ms
17:56:49 INFO  - Executed action GD.API.Controllers.Merchant.MerchantController.GetMerchantPageAsync (API) in 129ms
17:56:51 INFO  - Executed action GD.API.Controllers.Doctor.DoctorController.GetDoctorIntegralPageAsync (API) in 124ms
17:56:52 INFO  - Executed action GD.API.Controllers.Utility.ArticleController.GetArticleTypeAsync (API) in 27ms
17:56:52 INFO  - Executed action GD.API.Controllers.Utility.ArticleController.GetArticleListAsync (API) in 98ms
17:56:54 INFO  - Executed action GD.API.Controllers.Manager.RecommendController.GetRecommendPageAsync (API) in 57ms
17:56:57 INFO  - Executed action GD.API.Controllers.System.HeadlineController.GetHeadlinePageAsync (API) in 65ms
17:57:14 INFO  - Executed action GD.API.Controllers.Utility.ArticleController.GetArticleTypeAsync (API) in 17ms
17:57:14 INFO  - Executed action GD.API.Controllers.Utility.ArticleController.GetArticleListAsync (API) in 93ms
17:58:08 INFO  - Executed action GD.API.Controllers.Utility.ArticleController.GetArticleTypeAsync (API) in 26ms
17:58:08 INFO  - Executed action GD.API.Controllers.Utility.ArticleController.GetArticleListAsync (API) in 103ms
17:58:09 INFO  - Executed action GD.API.Controllers.Utility.ArticleController.GetArticleTypeAsync (API) in 18ms
17:58:09 INFO  - Executed action GD.API.Controllers.Utility.ArticleController.GetArticleListAsync (API) in 94ms
17:59:05 INFO  - Executed action GD.API.Controllers.Doctor.DoctorController.GetDoctorIntegralPageAsync (API) in 132ms
17:59:06 INFO  - Executed action GD.API.Controllers.Merchant.MerchantController.GetBusinessScopeListAsync (API) in 26ms
17:59:06 INFO  - Executed action GD.API.Controllers.Merchant.MerchantController.GetMerchantPageAsync (API) in 51ms
17:59:09 INFO  - Executed action GD.API.Controllers.Mall.MemberController.GetMemberPageAsync (API) in 63ms
17:59:11 INFO  - Executed action GD.API.Controllers.Utility.ArticleController.GetArticleTypeAsync (API) in 25ms
17:59:11 INFO  - Executed action GD.API.Controllers.Utility.ArticleController.GetArticleListAsync (API) in 118ms
17:59:12 INFO  - Executed action GD.API.Controllers.Manager.RecommendController.GetRecommendPageAsync (API) in 56ms
17:59:13 INFO  - Executed action GD.API.Controllers.Utility.ArticleController.GetArticleTypeAsync (API) in 15ms
17:59:13 INFO  - Executed action GD.API.Controllers.Utility.ArticleController.GetArticleListAsync (API) in 91ms
17:59:16 INFO  - Executed action GD.API.Controllers.System.HeadlineController.GetHeadlinePageAsync (API) in 49ms
17:59:24 INFO  - Executed action GD.API.Controllers.System.DictionaryController.GetDictionaryMatedata (API) in 34ms
17:59:24 INFO  - Executed action GD.API.Controllers.System.DictionaryController.GetDictionaryTreeAsync (API) in 32ms
17:59:24 INFO  - Executed action GD.API.Controllers.System.DictionaryController.GetDictionaryTreeAsync (API) in 73ms
18:18:16 INFO  - Executed action GD.API.Controllers.Doctor.DoctorController.GetDoctorJobTitlesAsync (API) in 90ms
18:18:16 INFO  - Executed action GD.API.Controllers.Doctor.DoctorController.GetDoctorPageAsync (API) in 124ms
