10:58:32 INFO  - Executed action GD.API.Controllers.System.UserController.GetLoginUserInfoAsync (API) in 232ms
10:58:32 INFO  - Executed action GD.API.Controllers.System.HeadlineController.GetHeadlinePageAsync (API) in 36ms
10:58:42 INFO  - Executed action GD.API.Controllers.System.UserController.GetRoleListAsync (API) in 38ms
10:58:43 INFO  - Executed action GD.API.Controllers.System.UserController.GetLoginUserInfoAsync (API) in 91ms
10:58:46 INFO  - Executed action GD.API.Controllers.System.UserController.GetLoginUserInfoAsync (API) in 99ms
10:58:55 INFO  - Executed action GD.API.Controllers.System.UserController.GetRoleListAsync (API) in 18ms
10:58:59 INFO  - Executed action GD.API.Controllers.System.MenuController.GetMenuTreeAsync (API) in 13ms
10:58:59 INFO  - Executed action GD.API.Controllers.System.MenuController.GetRoleMenuAsync (API) in 18ms
10:59:03 INFO  - Executed action GD.API.Controllers.System.MenuController.GetRoleMenuAsync (API) in 13ms
11:35:52 INFO  - Executed action GD.API.Controllers.System.MenuController.GetMenuTreeAsync (API) in 31247ms
11:38:27 INFO  - Executed action GD.API.Controllers.System.MenuController.GetMenuTreeAsync (API) in 4299ms
11:45:24 INFO  - Executed action GD.API.Controllers.System.UserController.GetLoginUserInfoAsync (API) in 1237ms
11:45:24 INFO  - Executed action GD.API.Controllers.System.UserController.GetLoginUserInfoAsync (API) in 445ms
11:45:26 INFO  - Executed action GD.API.Controllers.System.HeadlineController.GetHeadlinePageAsync (API) in 85ms
11:45:28 INFO  - Executed action GD.API.Controllers.System.MenuController.GetMenuTreeAsync (API) in 21ms
11:46:19 INFO  - Executed action GD.API.Controllers.System.UserController.GetLoginUserInfoAsync (API) in 114ms
11:46:20 INFO  - Executed action GD.API.Controllers.System.UserController.GetLoginUserInfoAsync (API) in 106ms
11:46:20 INFO  - Executed action GD.API.Controllers.System.HeadlineController.GetHeadlinePageAsync (API) in 49ms
11:46:26 INFO  - Executed action GD.API.Controllers.System.UserController.GetLoginUserInfoAsync (API) in 115ms
11:46:26 INFO  - Executed action GD.API.Controllers.System.HeadlineController.GetHeadlinePageAsync (API) in 56ms
11:46:31 INFO  - Executed action GD.API.Controllers.System.UserController.GetLoginUserInfoAsync (API) in 105ms
11:46:31 INFO  - Executed action GD.API.Controllers.System.HeadlineController.GetHeadlinePageAsync (API) in 49ms
11:46:56 INFO  - Executed action GD.API.Controllers.System.UserController.GetLoginUserInfoAsync (API) in 111ms
11:47:01 INFO  - Executed action GD.API.Controllers.System.UserController.GetLoginUserInfoAsync (API) in 110ms
11:47:01 INFO  - Executed action GD.API.Controllers.System.HeadlineController.GetHeadlinePageAsync (API) in 51ms
11:48:09 INFO  - Executed action GD.API.Controllers.System.UserController.GetLoginUserInfoAsync (API) in 117ms
11:48:09 INFO  - Executed action GD.API.Controllers.System.HeadlineController.GetHeadlinePageAsync (API) in 57ms
11:48:20 INFO  - Executed action GD.API.Controllers.System.UserController.GetLoginUserInfoAsync (API) in 104ms
11:48:21 INFO  - Executed action GD.API.Controllers.System.HeadlineController.GetHeadlinePageAsync (API) in 49ms
11:48:25 INFO  - Executed action GD.API.Controllers.System.UserController.GetLoginUserInfoAsync (API) in 111ms
11:48:26 INFO  - Executed action GD.API.Controllers.System.HeadlineController.GetHeadlinePageAsync (API) in 58ms
11:48:30 INFO  - Executed action GD.API.Controllers.System.UserController.GetLoginUserInfoAsync (API) in 109ms
11:48:30 INFO  - Executed action GD.API.Controllers.System.HeadlineController.GetHeadlinePageAsync (API) in 52ms
11:50:25 INFO  - Executed action GD.API.Controllers.System.UserController.GetLoginUserInfoAsync (API) in 126ms
11:50:28 INFO  - Executed action GD.API.Controllers.System.MenuController.GetMenuTreeAsync (API) in 16ms
11:52:02 INFO  - Executed action GD.API.Controllers.System.UserController.GetLoginUserInfoAsync (API) in 111ms
11:52:04 INFO  - Executed action GD.API.Controllers.System.UserController.GetLoginUserInfoAsync (API) in 104ms
11:52:04 INFO  - Executed action GD.API.Controllers.System.HeadlineController.GetHeadlinePageAsync (API) in 48ms
11:52:09 INFO  - Executed action GD.API.Controllers.System.MenuController.GetMenuTreeAsync (API) in 27ms
11:52:25 INFO  - Executed action GD.API.Controllers.System.UserController.GetLoginUserInfoAsync (API) in 101ms
11:52:25 INFO  - Executed action GD.API.Controllers.System.MenuController.GetMenuTreeAsync (API) in 26ms
11:52:26 INFO  - Executed action GD.API.Controllers.System.UserController.GetLoginUserInfoAsync (API) in 104ms
11:52:27 INFO  - Executed action GD.API.Controllers.System.HeadlineController.GetHeadlinePageAsync (API) in 51ms
11:53:51 INFO  - Executed action GD.API.Controllers.System.UserController.GetLoginUserInfoAsync (API) in 116ms
11:53:52 INFO  - Executed action GD.API.Controllers.System.MenuController.GetMenuTreeAsync (API) in 19ms
11:53:53 INFO  - Executed action GD.API.Controllers.System.UserController.GetLoginUserInfoAsync (API) in 117ms
11:53:54 INFO  - Executed action GD.API.Controllers.System.UserController.GetLoginUserInfoAsync (API) in 116ms
11:53:54 INFO  - Executed action GD.API.Controllers.System.MenuController.GetMenuTreeAsync (API) in 16ms
11:53:54 INFO  - Executed action GD.API.Controllers.System.HeadlineController.GetHeadlinePageAsync (API) in 66ms
11:53:59 INFO  - Executed action GD.API.Controllers.System.UserController.GetLoginUserInfoAsync (API) in 101ms
11:54:00 INFO  - Executed action GD.API.Controllers.System.MenuController.GetMenuTreeAsync (API) in 26ms
11:54:01 INFO  - Executed action GD.API.Controllers.System.UserController.GetLoginUserInfoAsync (API) in 98ms
11:54:01 INFO  - Executed action GD.API.Controllers.System.HeadlineController.GetHeadlinePageAsync (API) in 49ms
11:54:09 INFO  - Executed action GD.API.Controllers.System.UserController.GetLoginUserInfoAsync (API) in 110ms
11:54:09 INFO  - Executed action GD.API.Controllers.System.MenuController.GetMenuTreeAsync (API) in 21ms
11:54:11 INFO  - Executed action GD.API.Controllers.System.UserController.GetLoginUserInfoAsync (API) in 132ms
11:54:11 INFO  - Executed action GD.API.Controllers.System.HeadlineController.GetHeadlinePageAsync (API) in 56ms
11:54:20 INFO  - Executed action GD.API.Controllers.System.UserController.GetLoginUserInfoAsync (API) in 108ms
11:54:21 INFO  - Executed action GD.API.Controllers.System.MenuController.GetMenuTreeAsync (API) in 27ms
11:54:22 INFO  - Executed action GD.API.Controllers.System.UserController.GetLoginUserInfoAsync (API) in 96ms
11:54:22 INFO  - Executed action GD.API.Controllers.System.HeadlineController.GetHeadlinePageAsync (API) in 59ms
11:54:27 INFO  - Executed action GD.API.Controllers.System.UserController.GetLoginUserInfoAsync (API) in 115ms
11:54:28 INFO  - Executed action GD.API.Controllers.System.MenuController.GetMenuTreeAsync (API) in 18ms
11:54:30 INFO  - Executed action GD.API.Controllers.System.UserController.GetLoginUserInfoAsync (API) in 112ms
11:54:30 INFO  - Executed action GD.API.Controllers.System.UserController.GetLoginUserInfoAsync (API) in 115ms
11:54:30 INFO  - Executed action GD.API.Controllers.System.MenuController.GetMenuTreeAsync (API) in 17ms
11:54:31 INFO  - Executed action GD.API.Controllers.System.HeadlineController.GetHeadlinePageAsync (API) in 48ms
11:54:34 INFO  - Executed action GD.API.Controllers.System.UserController.GetLoginUserInfoAsync (API) in 111ms
11:54:35 INFO  - Executed action GD.API.Controllers.System.MenuController.GetMenuTreeAsync (API) in 16ms
11:54:36 INFO  - Executed action GD.API.Controllers.System.UserController.GetLoginUserInfoAsync (API) in 110ms
11:54:37 INFO  - Executed action GD.API.Controllers.System.UserController.GetLoginUserInfoAsync (API) in 102ms
11:54:37 INFO  - Executed action GD.API.Controllers.System.HeadlineController.GetHeadlinePageAsync (API) in 50ms
11:54:37 INFO  - Executed action GD.API.Controllers.System.MenuController.GetMenuTreeAsync (API) in 28ms
11:57:15 INFO  - Executed action GD.API.Controllers.System.UserController.GetLoginUserInfoAsync (API) in 105ms
11:57:15 INFO  - Executed action GD.API.Controllers.System.MenuController.GetMenuTreeAsync (API) in 26ms
11:57:17 INFO  - Executed action GD.API.Controllers.System.UserController.GetLoginUserInfoAsync (API) in 109ms
11:57:17 INFO  - Executed action GD.API.Controllers.System.HeadlineController.GetHeadlinePageAsync (API) in 48ms
12:46:14 INFO  - Executed action GD.API.Controllers.System.UserController.GetLoginUserInfoAsync (API) in 212ms
12:46:15 INFO  - Executed action GD.API.Controllers.System.MenuController.GetMenuTreeAsync (API) in 27ms
12:46:22 INFO  - Executed action GD.API.Controllers.System.UserController.GetLoginUserInfoAsync (API) in 139ms
12:47:15 INFO  - Executed action GD.API.Controllers.System.UserController.GetLoginUserInfoAsync (API) in 146ms
12:47:15 INFO  - Executed action GD.API.Controllers.System.UserController.GetLoginUserInfoAsync (API) in 221ms
12:47:16 INFO  - Executed action GD.API.Controllers.System.MenuController.GetMenuTreeAsync (API) in 26ms
12:47:16 INFO  - Executed action GD.API.Controllers.System.UserController.GetLoginUserInfoAsync (API) in 154ms
12:47:45 INFO  - Executed action GD.API.Controllers.System.UserController.GetLoginUserInfoAsync (API) in 136ms
12:47:46 INFO  - Executed action GD.API.Controllers.System.UserController.GetLoginUserInfoAsync (API) in 136ms
12:48:08 INFO  - Executed action GD.API.Controllers.System.UserController.GetLoginUserInfoAsync (API) in 138ms
12:48:09 INFO  - Executed action GD.API.Controllers.System.MenuController.GetMenuTreeAsync (API) in 31ms
12:49:14 INFO  - Executed action GD.API.Controllers.System.UserController.GetLoginUserInfoAsync (API) in 141ms
12:50:02 INFO  - Executed action GD.API.Controllers.System.UserController.GetLoginUserInfoAsync (API) in 136ms
12:50:25 INFO  - Executed action GD.API.Controllers.System.UserController.GetLoginUserInfoAsync (API) in 137ms
13:44:40 INFO  - Executed action GD.API.Controllers.System.UserController.GetLoginUserInfoAsync (API) in 195ms
13:45:41 INFO  - Executed action GD.API.Controllers.System.UserController.GetLoginUserInfoAsync (API) in 127ms
13:45:42 INFO  - Executed action GD.API.Controllers.System.MenuController.GetMenuTreeAsync (API) in 24ms
13:45:47 INFO  - Executed action GD.API.Controllers.System.UserController.GetLoginUserInfoAsync (API) in 131ms
13:45:55 INFO  - Executed action GD.API.Controllers.System.UserController.GetLoginUserInfoAsync (API) in 123ms
13:46:29 INFO  - Executed action GD.API.Controllers.System.UserController.GetLoginUserInfoAsync (API) in 133ms
13:46:29 INFO  - Executed action GD.API.Controllers.System.UserController.GetLoginUserInfoAsync (API) in 133ms
13:46:30 INFO  - Executed action GD.API.Controllers.System.MenuController.GetMenuTreeAsync (API) in 19ms
13:46:30 INFO  - Executed action GD.API.Controllers.System.UserController.GetLoginUserInfoAsync (API) in 143ms
13:46:44 INFO  - Executed action GD.API.Controllers.System.UserController.GetLoginUserInfoAsync (API) in 83ms
13:46:44 INFO  - Executed action GD.API.Controllers.System.UserController.GetLoginUserInfoAsync (API) in 117ms
13:46:44 INFO  - Executed action GD.API.Controllers.System.MenuController.GetMenuTreeAsync (API) in 25ms
13:46:47 INFO  - Executed action GD.API.Controllers.System.UserController.GetLoginUserInfoAsync (API) in 101ms
13:46:47 INFO  - Executed action GD.API.Controllers.System.UserController.GetLoginUserInfoAsync (API) in 115ms
13:46:48 INFO  - Executed action GD.API.Controllers.System.MenuController.GetMenuTreeAsync (API) in 23ms
13:46:48 INFO  - Executed action GD.API.Controllers.System.UserController.GetLoginUserInfoAsync (API) in 114ms
13:46:48 INFO  - Executed action GD.API.Controllers.System.HeadlineController.GetHeadlinePageAsync (API) in 59ms
13:46:52 INFO  - Executed action GD.API.Controllers.System.UserController.GetLoginUserInfoAsync (API) in 104ms
13:46:53 INFO  - Executed action GD.API.Controllers.System.HeadlineController.GetHeadlinePageAsync (API) in 49ms
13:47:12 INFO  - Executed action GD.API.Controllers.System.UserController.GetLoginUserInfoAsync (API) in 108ms
13:47:14 INFO  - Executed action GD.API.Controllers.System.UserController.GetLoginUserInfoAsync (API) in 114ms
13:47:14 INFO  - Executed action GD.API.Controllers.System.UserController.GetLoginUserInfoAsync (API) in 127ms
13:47:16 INFO  - Executed action GD.API.Controllers.System.MenuController.GetMenuTreeAsync (API) in 17ms
13:47:19 INFO  - Executed action GD.API.Controllers.System.UserController.GetLoginUserInfoAsync (API) in 117ms
13:47:19 INFO  - Executed action GD.API.Controllers.System.UserController.GetLoginUserInfoAsync (API) in 124ms
13:47:19 INFO  - Executed action GD.API.Controllers.System.MenuController.GetMenuTreeAsync (API) in 23ms
13:47:52 INFO  - Executed action GD.API.Controllers.System.UserController.GetLoginUserInfoAsync (API) in 115ms
13:47:52 INFO  - Executed action GD.API.Controllers.System.MenuController.GetMenuTreeAsync (API) in 18ms
13:48:01 INFO  - Executed action GD.API.Controllers.System.UserController.GetLoginUserInfoAsync (API) in 83ms
13:48:01 INFO  - Executed action GD.API.Controllers.System.UserController.GetLoginUserInfoAsync (API) in 143ms
13:48:01 INFO  - Executed action GD.API.Controllers.System.MenuController.GetMenuTreeAsync (API) in 16ms
13:49:51 INFO  - Executed action GD.API.Controllers.System.HeadlineController.GetHeadlinePageAsync (API) in 53ms
13:50:09 INFO  - Executed action GD.API.Controllers.System.UserController.GetLoginUserInfoAsync (API) in 116ms
13:50:11 INFO  - Executed action GD.API.Controllers.System.UserController.GetLoginUserInfoAsync (API) in 95ms
13:50:12 INFO  - Executed action GD.API.Controllers.System.MenuController.GetMenuTreeAsync (API) in 24ms
13:50:56 INFO  - Executed action GD.API.Controllers.System.UserController.GetLoginUserInfoAsync (API) in 104ms
13:50:56 INFO  - Executed action GD.API.Controllers.System.MenuController.GetMenuTreeAsync (API) in 24ms
13:51:17 INFO  - Executed action GD.API.Controllers.System.UserController.GetLoginUserInfoAsync (API) in 101ms
13:51:17 INFO  - Executed action GD.API.Controllers.System.MenuController.GetMenuTreeAsync (API) in 26ms
13:51:20 INFO  - Executed action GD.API.Controllers.System.UserController.GetLoginUserInfoAsync (API) in 103ms
13:51:20 INFO  - Executed action GD.API.Controllers.System.MenuController.GetMenuTreeAsync (API) in 33ms
13:51:37 INFO  - Executed action GD.API.Controllers.System.UserController.GetLoginUserInfoAsync (API) in 101ms
13:51:37 INFO  - Executed action GD.API.Controllers.System.MenuController.GetMenuTreeAsync (API) in 29ms
13:51:42 INFO  - Executed action GD.API.Controllers.System.HeadlineController.GetHeadlinePageAsync (API) in 53ms
13:51:43 INFO  - Executed action GD.API.Controllers.System.UserController.GetLoginUserInfoAsync (API) in 96ms
13:51:59 INFO  - Executed action GD.API.Controllers.System.HeadlineController.GetHeadlinePageAsync (API) in 48ms
13:52:21 INFO  - Executed action GD.API.Controllers.System.UserController.GetLoginUserInfoAsync (API) in 114ms
13:53:20 INFO  - Executed action GD.API.Controllers.System.HeadlineController.GetHeadlinePageAsync (API) in 51ms
13:54:02 INFO  - Executed action GD.API.Controllers.System.UserController.GetLoginUserInfoAsync (API) in 101ms
13:54:02 INFO  - Executed action GD.API.Controllers.System.UserController.GetLoginUserInfoAsync (API) in 95ms
13:54:05 INFO  - Executed action GD.API.Controllers.System.MenuController.GetMenuTreeAsync (API) in 15ms
13:54:09 INFO  - Executed action GD.API.Controllers.System.UserController.GetLoginUserInfoAsync (API) in 112ms
13:54:10 INFO  - Executed action GD.API.Controllers.System.MenuController.GetMenuTreeAsync (API) in 19ms
13:54:10 INFO  - Executed action GD.API.Controllers.System.UserController.GetLoginUserInfoAsync (API) in 113ms
13:55:19 INFO  - Executed action GD.API.Controllers.System.UserController.GetLoginUserInfoAsync (API) in 102ms
13:55:19 INFO  - Executed action GD.API.Controllers.System.MenuController.GetMenuTreeAsync (API) in 25ms
13:55:24 INFO  - Executed action GD.API.Controllers.System.UserController.GetLoginUserInfoAsync (API) in 103ms
13:55:24 INFO  - Executed action GD.API.Controllers.System.MenuController.GetMenuTreeAsync (API) in 24ms
13:55:36 INFO  - Executed action GD.API.Controllers.System.HeadlineController.GetHeadlinePageAsync (API) in 57ms
13:55:37 INFO  - Executed action GD.API.Controllers.System.UserController.GetLoginUserInfoAsync (API) in 95ms
13:55:47 INFO  - Executed action GD.API.Controllers.System.HeadlineController.GetHeadlinePageAsync (API) in 51ms
13:55:49 INFO  - Executed action GD.API.Controllers.System.UserController.GetLoginUserInfoAsync (API) in 117ms
13:55:57 INFO  - Executed action GD.API.Controllers.System.UserController.GetLoginUserInfoAsync (API) in 99ms
13:56:14 INFO  - Executed action GD.API.Controllers.System.HeadlineController.GetHeadlinePageAsync (API) in 48ms
13:57:01 INFO  - Executed action GD.API.Controllers.System.UserController.GetRoleListAsync (API) in 34ms
13:57:02 INFO  - Executed action GD.API.Controllers.System.MenuController.GetMenuTreeAsync (API) in 16ms
13:57:02 INFO  - Executed action GD.API.Controllers.System.MenuController.GetRoleMenuAsync (API) in 30ms
13:57:06 INFO  - Executed action GD.API.Controllers.System.MenuController.SaveRoleMenuAsync (API) in 131ms
13:57:10 INFO  - Executed action GD.API.Controllers.System.UserController.GetLoginUserInfoAsync (API) in 98ms
13:57:20 INFO  - Executed action GD.API.Controllers.System.HeadlineController.GetHeadlinePageAsync (API) in 45ms
13:57:38 INFO  - Executed action GD.API.Controllers.System.UserController.GetLoginUserInfoAsync (API) in 86ms
13:57:38 INFO  - Executed action GD.API.Controllers.System.UserController.GetLoginUserInfoAsync (API) in 122ms
13:57:40 INFO  - Executed action GD.API.Controllers.System.UserController.GetRoleListAsync (API) in 28ms
13:57:40 INFO  - Executed action GD.API.Controllers.System.UserController.GetLoginUserInfoAsync (API) in 103ms
14:01:58 INFO  - Executed action GD.API.Controllers.System.UserController.GetLoginUserInfoAsync (API) in 120ms
14:01:58 INFO  - Executed action GD.API.Controllers.System.UserController.GetRoleListAsync (API) in 16ms
14:02:07 INFO  - Executed action GD.API.Controllers.System.UserController.GetLoginUserInfoAsync (API) in 114ms
14:02:08 INFO  - Executed action GD.API.Controllers.System.UserController.GetRoleListAsync (API) in 16ms
14:02:11 INFO  - Executed action GD.API.Controllers.System.UserController.GetLoginUserInfoAsync (API) in 119ms
14:02:11 INFO  - Executed action GD.API.Controllers.System.UserController.GetRoleListAsync (API) in 17ms
14:07:11 INFO  - Executed action GD.API.Controllers.System.UserController.GetLoginUserInfoAsync (API) in 148ms
14:07:11 INFO  - Executed action GD.API.Controllers.System.UserController.GetRoleListAsync (API) in 23ms
14:07:15 INFO  - Executed action GD.API.Controllers.System.UserController.GetLoginUserInfoAsync (API) in 98ms
14:07:15 INFO  - Executed action GD.API.Controllers.System.UserController.GetRoleListAsync (API) in 21ms
14:07:24 INFO  - Executed action GD.API.Controllers.System.UserController.GetLoginUserInfoAsync (API) in 101ms
14:07:24 INFO  - Executed action GD.API.Controllers.System.UserController.GetRoleListAsync (API) in 20ms
14:09:36 INFO  - Executed action GD.API.Controllers.System.UserController.GetLoginUserInfoAsync (API) in 108ms
14:09:36 INFO  - Executed action GD.API.Controllers.System.UserController.GetRoleListAsync (API) in 16ms
14:11:13 INFO  - Executed action GD.API.Controllers.System.UserController.GetLoginUserInfoAsync (API) in 105ms
14:11:13 INFO  - Executed action GD.API.Controllers.System.UserController.GetRoleListAsync (API) in 19ms
14:11:22 INFO  - Executed action GD.API.Controllers.System.UserController.GetLoginUserInfoAsync (API) in 99ms
14:11:23 INFO  - Executed action GD.API.Controllers.System.UserController.GetRoleListAsync (API) in 22ms
14:11:25 INFO  - Executed action GD.API.Controllers.System.UserController.GetLoginUserInfoAsync (API) in 120ms
14:11:26 INFO  - Executed action GD.API.Controllers.System.UserController.GetRoleListAsync (API) in 21ms
14:11:28 INFO  - Executed action GD.API.Controllers.System.UserController.GetLoginUserInfoAsync (API) in 93ms
14:11:28 INFO  - Executed action GD.API.Controllers.System.UserController.GetRoleListAsync (API) in 16ms
14:11:37 INFO  - Executed action GD.API.Controllers.System.UserController.GetLoginUserInfoAsync (API) in 97ms
14:11:37 INFO  - Executed action GD.API.Controllers.System.UserController.GetRoleListAsync (API) in 18ms
14:11:46 INFO  - Executed action GD.API.Controllers.System.HeadlineController.GetHeadlinePageAsync (API) in 75ms
14:11:47 INFO  - Executed action GD.API.Controllers.System.UserController.GetLoginUserInfoAsync (API) in 94ms
14:11:49 INFO  - Executed action GD.API.Controllers.System.HeadlineController.GetHeadlinePageAsync (API) in 48ms
14:11:52 INFO  - Executed action GD.API.Controllers.System.UserController.GetLoginUserInfoAsync (API) in 300ms
14:11:53 INFO  - Executed action GD.API.Controllers.System.HeadlineController.GetHeadlinePageAsync (API) in 47ms
14:12:01 INFO  - Executed action GD.API.Controllers.System.UserController.GetLoginUserInfoAsync (API) in 99ms
14:13:04 INFO  - Executed action GD.API.Controllers.System.UserController.GetLoginUserInfoAsync (API) in 135ms
14:13:04 INFO  - Executed action GD.API.Controllers.System.UserController.GetRoleListAsync (API) in 19ms
14:13:08 INFO  - Executed action GD.API.Controllers.System.UserController.GetLoginUserInfoAsync (API) in 112ms
14:13:08 INFO  - Executed action GD.API.Controllers.System.UserController.GetRoleListAsync (API) in 18ms
14:13:10 INFO  - Executed action GD.API.Controllers.System.UserController.GetLoginUserInfoAsync (API) in 257ms
14:13:11 INFO  - Executed action GD.API.Controllers.System.UserController.GetRoleListAsync (API) in 18ms
14:13:28 INFO  - Executed action GD.API.Controllers.System.UserController.GetLoginUserInfoAsync (API) in 253ms
14:13:29 INFO  - Executed action GD.API.Controllers.System.UserController.GetRoleListAsync (API) in 18ms
14:13:31 INFO  - Executed action GD.API.Controllers.System.UserController.GetLoginUserInfoAsync (API) in 96ms
14:13:31 INFO  - Executed action GD.API.Controllers.System.UserController.GetRoleListAsync (API) in 19ms
14:13:34 INFO  - Executed action GD.API.Controllers.System.UserController.GetLoginUserInfoAsync (API) in 119ms
14:13:36 INFO  - Executed action GD.API.Controllers.System.UserController.GetRoleListAsync (API) in 25ms
14:13:43 INFO  - Executed action GD.API.Controllers.System.UserController.GetLoginUserInfoAsync (API) in 141ms
14:14:07 INFO  - Executed action GD.API.Controllers.System.HeadlineController.GetHeadlinePageAsync (API) in 275ms
14:14:11 INFO  - Executed action GD.API.Controllers.System.BannerController.GetBannerPageAsync (API) in 317ms
14:14:14 INFO  - Executed action GD.API.Controllers.System.HeadlineController.GetHeadlinePageAsync (API) in 41ms
14:14:15 INFO  - Executed action GD.API.Controllers.System.BannerController.GetBannerType1 (API) in 3828ms
14:14:15 INFO  - Executed action GD.API.Controllers.Manager.RecommendController.GetRecommendPageAsync (API) in 49ms
14:14:16 INFO  - Executed action GD.API.Controllers.Utility.CourseController.GetCourseListAsync (API) in 137ms
14:14:18 INFO  - Executed action GD.API.Controllers.Manager.RecommendController.GetRecommendPageAsync (API) in 43ms
14:14:18 INFO  - Executed action GD.API.Controllers.System.HeadlineController.GetHeadlinePageAsync (API) in 40ms
14:14:20 INFO  - Executed action GD.API.Controllers.Manager.RecommendController.GetRecommendPageAsync (API) in 46ms
14:14:21 INFO  - Executed action GD.API.Controllers.Utility.CourseController.GetCourseListAsync (API) in 47ms
14:14:21 INFO  - Executed action GD.API.Controllers.Manager.RecommendController.GetRecommendPageAsync (API) in 41ms
14:14:22 INFO  - Executed action GD.API.Controllers.System.HeadlineController.GetHeadlinePageAsync (API) in 46ms
14:14:22 INFO  - Executed action GD.API.Controllers.System.BannerController.GetBannerType1 (API) in 40ms
14:14:22 INFO  - Executed action GD.API.Controllers.System.BannerController.GetBannerPageAsync (API) in 78ms
14:15:16 INFO  - Executed action GD.API.Controllers.System.MenuController.GetMenuTreeAsync (API) in 19ms
14:15:17 INFO  - Executed action GD.API.Controllers.System.MenuController.GetRoleMenuAsync (API) in 18ms
14:15:20 INFO  - Executed action GD.API.Controllers.System.MenuController.SaveRoleMenuAsync (API) in 192ms
14:15:25 INFO  - Executed action GD.API.Controllers.System.UserController.GetLoginUserInfoAsync (API) in 371ms
14:15:25 INFO  - Executed action GD.API.Controllers.System.BannerController.GetBannerType1 (API) in 96ms
14:15:25 INFO  - Executed action GD.API.Controllers.System.BannerController.GetBannerPageAsync (API) in 191ms
14:15:31 INFO  - Executed action GD.API.Controllers.System.MenuController.SaveRoleMenuAsync (API) in 53ms
14:15:33 INFO  - Executed action GD.API.Controllers.System.UserController.GetLoginUserInfoAsync (API) in 159ms
14:15:33 INFO  - Executed action GD.API.Controllers.System.BannerController.GetBannerType1 (API) in 36ms
14:15:33 INFO  - Executed action GD.API.Controllers.System.BannerController.GetBannerPageAsync (API) in 76ms
14:15:45 INFO  - Executed action GD.API.Controllers.System.MenuController.SaveRoleMenuAsync (API) in 64ms
14:15:48 INFO  - Executed action GD.API.Controllers.System.UserController.GetLoginUserInfoAsync (API) in 204ms
14:15:48 INFO  - Executed action GD.API.Controllers.System.BannerController.GetBannerType1 (API) in 98ms
14:15:48 INFO  - Executed action GD.API.Controllers.System.BannerController.GetBannerPageAsync (API) in 288ms
14:15:56 INFO  - Executed action GD.API.Controllers.System.MenuController.SaveRoleMenuAsync (API) in 101ms
14:16:01 INFO  - Executed action GD.API.Controllers.System.UserController.GetLoginUserInfoAsync (API) in 105ms
14:16:01 INFO  - Executed action GD.API.Controllers.System.BannerController.GetBannerType1 (API) in 35ms
14:16:01 INFO  - Executed action GD.API.Controllers.System.BannerController.GetBannerPageAsync (API) in 77ms
14:17:06 INFO  - Executed action GD.API.Controllers.System.DictionaryController.GetBusinessScopeType (API) in 25ms
14:17:06 INFO  - Executed action GD.API.Controllers.System.DictionaryController.GetBusinessScopePageAsync (API) in 32ms
14:50:18 INFO  - Executed action GD.API.Controllers.System.UserController.GetLoginUserInfoAsync (API) in 285ms
14:50:19 INFO  - Executed action GD.API.Controllers.System.UserController.GetRoleListAsync (API) in 17ms
14:50:19 INFO  - Executed action GD.API.Controllers.System.UserController.GetLoginUserInfoAsync (API) in 68ms
14:50:19 INFO  - Executed action GD.API.Controllers.System.DictionaryController.GetBusinessScopePageAsync (API) in 18ms
14:50:19 INFO  - Executed action GD.API.Controllers.System.DictionaryController.GetBusinessScopeType (API) in 101ms
16:20:26 INFO  - Executed action GD.API.Controllers.System.MenuController.GetMenuTreeAsync (API) in 53ms
16:20:27 INFO  - Executed action GD.API.Controllers.System.MenuController.GetRoleMenuAsync (API) in 13ms
16:20:29 INFO  - Executed action GD.API.Controllers.System.MenuController.GetRoleMenuAsync (API) in 11ms
16:20:38 INFO  - Executed action GD.API.Controllers.System.MenuController.GetRoleMenuAsync (API) in 16ms
16:20:55 INFO  - Executed action GD.API.Controllers.System.MenuController.SaveRoleMenuAsync (API) in 50ms
16:21:11 INFO  - Executed action GD.API.Controllers.System.MenuController.GetRoleMenuAsync (API) in 13ms
16:21:14 INFO  - Executed action GD.API.Controllers.System.MenuController.GetRoleMenuAsync (API) in 21ms
16:21:17 INFO  - Executed action GD.API.Controllers.System.MenuController.GetRoleMenuAsync (API) in 12ms
16:21:21 INFO  - Executed action GD.API.Controllers.System.MenuController.GetRoleMenuAsync (API) in 13ms
16:21:24 INFO  - Executed action GD.API.Controllers.System.MenuController.GetRoleMenuAsync (API) in 11ms
16:21:31 INFO  - Executed action GD.API.Controllers.System.UserController.GetRoleListAsync (API) in 21ms
16:21:31 INFO  - Executed action GD.API.Controllers.System.UserController.GetOrganizationTreeAsync (API) in 69ms
16:21:31 INFO  - Executed action GD.API.Controllers.System.UserController.GetAccountListAsync (API) in 95ms
16:21:33 INFO  - Executed action GD.API.Controllers.System.UserController.GetAccountInfoAsync (API) in 73ms
16:21:36 INFO  - Executed action GD.API.Controllers.System.UserController.UpdateAccountAsync (API) in 105ms
16:21:36 INFO  - Executed action GD.API.Controllers.System.UserController.GetAccountListAsync (API) in 53ms
16:21:41 INFO  - Executed action GD.API.Controllers.System.UserController.GetLoginUserInfoAsync (API) in 71ms
16:21:42 INFO  - Executed action GD.API.Controllers.System.DictionaryController.GetBusinessScopePageAsync (API) in 20ms
16:21:42 INFO  - Executed action GD.API.Controllers.System.DictionaryController.GetBusinessScopeType (API) in 18ms
16:22:05 INFO  - Executed action GD.API.Controllers.System.BannerController.GetBannerType1 (API) in 28ms
16:22:05 INFO  - Executed action GD.API.Controllers.System.BannerController.GetBannerPageAsync (API) in 53ms
16:22:16 INFO  - Executed action GD.API.Controllers.System.UserController.GetRoleListAsync (API) in 12ms
16:22:18 INFO  - Executed action GD.API.Controllers.System.MenuController.GetRoleMenuAsync (API) in 12ms
16:22:24 INFO  - Executed action GD.API.Controllers.System.MenuController.GetRoleMenuAsync (API) in 11ms
16:22:33 INFO  - Executed action GD.API.Controllers.System.MenuController.GetRoleMenuAsync (API) in 13ms
16:22:40 INFO  - Executed action GD.API.Controllers.System.UserController.GetLoginUserInfoAsync (API) in 68ms
16:22:40 INFO  - Executed action GD.API.Controllers.System.BannerController.GetBannerType1 (API) in 90ms
16:22:40 INFO  - Executed action GD.API.Controllers.System.BannerController.GetBannerPageAsync (API) in 56ms
16:23:08 INFO  - Executed action GD.API.Controllers.System.UserController.GetLoginUserInfoAsync (API) in 87ms
16:23:08 INFO  - Executed action GD.API.Controllers.System.UserController.GetLoginUserInfoAsync (API) in 80ms
16:23:08 INFO  - Executed action GD.API.Controllers.System.BannerController.GetBannerType1 (API) in 26ms
16:23:08 INFO  - Executed action GD.API.Controllers.System.BannerController.GetBannerPageAsync (API) in 57ms
16:23:09 INFO  - Executed action GD.API.Controllers.System.UserController.GetRoleListAsync (API) in 12ms
16:27:09 INFO  - Executed action GD.API.Controllers.System.UserController.GetLoginUserInfoAsync (API) in 80ms
16:27:09 INFO  - Executed action GD.API.Controllers.System.UserController.GetLoginUserInfoAsync (API) in 79ms
16:27:12 INFO  - Executed action GD.API.Controllers.System.UserController.GetLoginUserInfoAsync (API) in 88ms
16:27:12 INFO  - Executed action GD.API.Controllers.System.UserController.GetLoginUserInfoAsync (API) in 71ms
16:27:16 INFO  - Executed action GD.API.Controllers.System.UserController.GetLoginUserInfoAsync (API) in 68ms
16:27:16 INFO  - Executed action GD.API.Controllers.System.UserController.GetLoginUserInfoAsync (API) in 96ms
16:27:23 INFO  - Executed action GD.API.Controllers.System.UserController.GetLoginUserInfoAsync (API) in 72ms
16:27:23 INFO  - Executed action GD.API.Controllers.System.UserController.GetLoginUserInfoAsync (API) in 82ms
16:27:23 INFO  - Executed action GD.API.Controllers.System.UserController.GetRoleListAsync (API) in 18ms
16:27:23 INFO  - Executed action GD.API.Controllers.System.BannerController.GetBannerPageAsync (API) in 72ms
16:27:24 INFO  - Executed action GD.API.Controllers.System.BannerController.GetBannerType1 (API) in 85ms
16:28:32 INFO  - Executed action GD.API.Controllers.System.UserController.GetLoginUserInfoAsync (API) in 88ms
16:28:33 INFO  - Executed action GD.API.Controllers.System.BannerController.GetBannerType1 (API) in 32ms
16:28:33 INFO  - Executed action GD.API.Controllers.System.BannerController.GetBannerPageAsync (API) in 66ms
16:28:41 INFO  - Executed action GD.API.Controllers.System.UserController.GetLoginUserInfoAsync (API) in 81ms
16:28:41 INFO  - Executed action GD.API.Controllers.System.BannerController.GetBannerType1 (API) in 26ms
16:28:41 INFO  - Executed action GD.API.Controllers.System.BannerController.GetBannerPageAsync (API) in 70ms
16:29:51 INFO  - Executed action GD.API.Controllers.System.UserController.GetLoginUserInfoAsync (API) in 58584ms
16:30:16 INFO  - Executed action GD.Host.Controllers.AccountController.LoginAdmin (PAPI) in 36ms
16:30:18 INFO  - Executed action GD.API.Controllers.System.UserController.GetLoginUserInfoAsync (API) in 1789ms
16:30:18 INFO  - Executed action GD.API.Controllers.System.HomeController.GetMerchantQtyAsync (API) in 24ms
16:30:18 INFO  - Executed action GD.API.Controllers.System.HomeController.GetDoctorsQtyAsync (API) in 23ms
16:30:18 INFO  - Executed action GD.API.Controllers.System.HomeController.GetOrderQtyAsync (API) in 31ms
16:30:18 INFO  - Executed action GD.API.Controllers.System.HomeController.GetUserQtyAsync (API) in 82ms
16:31:20 INFO  - Executed action GD.API.Controllers.System.MenuController.GetMenuTreeAsync (API) in 16ms
16:31:20 INFO  - Executed action GD.API.Controllers.System.MenuController.GetRoleMenuAsync (API) in 13ms
16:31:24 INFO  - Executed action GD.API.Controllers.System.MenuController.GetRoleMenuAsync (API) in 16ms
16:31:29 INFO  - Executed action GD.API.Controllers.System.MenuController.SaveRoleMenuAsync (API) in 51ms
16:31:40 INFO  - Executed action GD.API.Controllers.System.UserController.GetLoginUserInfoAsync (API) in 2522ms
16:31:40 INFO  - Executed action GD.API.Controllers.System.HomeController.GetUserQtyAsync (API) in 66ms
16:31:40 INFO  - Executed action GD.API.Controllers.System.HomeController.GetOrderQtyAsync (API) in 73ms
16:31:40 INFO  - Executed action GD.API.Controllers.System.HomeController.GetDoctorsQtyAsync (API) in 76ms
16:31:40 INFO  - Executed action GD.API.Controllers.System.HomeController.GetMerchantQtyAsync (API) in 84ms
16:37:34 INFO  - Executed action GD.API.Controllers.System.UserController.GetLoginUserInfoAsync (API) in 144ms
16:53:35 INFO  - Executed action GD.API.Controllers.System.UserController.GetLoginUserInfoAsync (API) in 214ms
17:00:43 INFO  - Executed action GD.API.Controllers.System.UserController.GetLoginUserInfoAsync (API) in 163ms
17:01:44 INFO  - Executed action GD.API.Controllers.System.UserController.GetLoginUserInfoAsync (API) in 87ms
17:02:03 INFO  - Executed action GD.API.Controllers.System.UserController.GetLoginUserInfoAsync (API) in 96ms
17:02:04 INFO  - Executed action GD.API.Controllers.System.UserController.GetRoleListAsync (API) in 17ms
17:02:11 INFO  - Executed action GD.API.Controllers.System.MenuController.GetMenuTreeAsync (API) in 23ms
17:04:05 INFO  - Executed action GD.API.Controllers.System.UserController.GetLoginUserInfoAsync (API) in 105ms
17:04:06 INFO  - Executed action GD.API.Controllers.System.MenuController.GetMenuTreeAsync (API) in 19ms
17:05:48 INFO  - Executed action GD.API.Controllers.System.MenuController.GetMenuTreeAsync (API) in 19ms
17:06:02 INFO  - Executed action GD.API.Controllers.System.MenuController.GetMenuTreeAsync (API) in 17ms
17:06:14 INFO  - Executed action GD.API.Controllers.System.UserController.GetLoginUserInfoAsync (API) in 113ms
17:06:14 INFO  - Executed action GD.API.Controllers.System.MenuController.GetMenuTreeAsync (API) in 19ms
17:07:19 INFO  - Executed action GD.API.Controllers.Utility.CourseController.GetCourseListAsync (API) in 43ms
17:08:00 INFO  - Executed action GD.API.Controllers.System.UserController.GetLoginUserInfoAsync (API) in 95ms
17:08:01 INFO  - Executed action GD.API.Controllers.System.MenuController.GetMenuTreeAsync (API) in 39ms
17:09:32 INFO  - Executed action GD.API.Controllers.System.MenuController.GetMenuTreeAsync (API) in 19ms
17:10:39 INFO  - Executed action GD.API.Controllers.System.UserController.GetLoginUserInfoAsync (API) in 83ms
17:10:40 INFO  - Executed action GD.API.Controllers.System.MenuController.GetMenuTreeAsync (API) in 17ms
17:11:03 INFO  - Executed action GD.API.Controllers.System.UserController.GetLoginUserInfoAsync (API) in 94ms
17:11:04 INFO  - Executed action GD.API.Controllers.System.MenuController.GetMenuTreeAsync (API) in 19ms
17:11:24 INFO  - Executed action GD.API.Controllers.Utility.CourseController.GetCourseInfoAsync (API) in 74ms
17:12:52 INFO  - Executed action GD.API.Controllers.System.MenuController.GetMenuTreeAsync (API) in 21ms
17:12:54 INFO  - Executed action GD.API.Controllers.System.MenuController.GetMenuTreeAsync (API) in 20ms
17:13:03 INFO  - Executed action GD.API.Controllers.System.UserController.GetLoginUserInfoAsync (API) in 223ms
17:13:03 INFO  - Executed action GD.API.Controllers.System.MenuController.GetMenuTreeAsync (API) in 18ms
17:13:44 INFO  - Executed action GD.API.Controllers.System.UserController.GetLoginUserInfoAsync (API) in 130ms
17:13:45 INFO  - Executed action GD.API.Controllers.System.MenuController.GetMenuTreeAsync (API) in 19ms
17:14:16 INFO  - Executed action GD.API.Controllers.System.MenuController.GetMenuTreeAsync (API) in 122ms
17:15:36 INFO  - Executed action GD.API.Controllers.System.UserController.GetLoginUserInfoAsync (API) in 125ms
17:15:36 INFO  - Executed action GD.API.Controllers.System.MenuController.GetMenuTreeAsync (API) in 17ms
17:16:07 INFO  - Executed action GD.API.Controllers.System.UserController.GetLoginUserInfoAsync (API) in 95ms
17:16:10 INFO  - Executed action GD.API.Controllers.System.UserController.GetLoginUserInfoAsync (API) in 113ms
17:16:11 INFO  - Executed action GD.API.Controllers.System.HomeController.GetUserQtyAsync (API) in 26ms
17:16:11 INFO  - Executed action GD.API.Controllers.System.HomeController.GetDoctorsQtyAsync (API) in 29ms
17:16:11 INFO  - Executed action GD.API.Controllers.System.HomeController.GetOrderQtyAsync (API) in 66ms
17:16:11 INFO  - Executed action GD.API.Controllers.System.HomeController.GetMerchantQtyAsync (API) in 109ms
17:17:05 INFO  - Executed action GD.API.Controllers.System.UserController.GetLoginUserInfoAsync (API) in 126ms
17:17:06 INFO  - Executed action GD.API.Controllers.System.HomeController.GetUserQtyAsync (API) in 14ms
17:17:06 INFO  - Executed action GD.API.Controllers.System.HomeController.GetOrderQtyAsync (API) in 18ms
17:17:06 INFO  - Executed action GD.API.Controllers.System.HomeController.GetDoctorsQtyAsync (API) in 27ms
17:17:06 INFO  - Executed action GD.API.Controllers.System.HomeController.GetMerchantQtyAsync (API) in 100ms
17:17:09 INFO  - Executed action GD.API.Controllers.System.MenuController.GetMenuTreeAsync (API) in 15ms
17:18:20 INFO  - Executed action GD.API.Controllers.System.UserController.GetLoginUserInfoAsync (API) in 108ms
17:18:21 INFO  - Executed action GD.API.Controllers.System.MenuController.GetMenuTreeAsync (API) in 29ms
17:19:05 INFO  - Executed action GD.API.Controllers.System.UserController.GetLoginUserInfoAsync (API) in 116ms
17:19:05 INFO  - Executed action GD.API.Controllers.Utility.CourseController.GetCourseListAsync (API) in 43ms
17:19:08 INFO  - Executed action GD.API.Controllers.System.UserController.GetLoginUserInfoAsync (API) in 126ms
17:19:08 INFO  - Executed action GD.API.Controllers.System.MenuController.GetMenuTreeAsync (API) in 26ms
17:19:45 INFO  - Executed action GD.API.Controllers.System.UserController.GetLoginUserInfoAsync (API) in 126ms
17:19:45 INFO  - Executed action GD.API.Controllers.System.MenuController.GetMenuTreeAsync (API) in 25ms
17:20:48 INFO  - Executed action GD.API.Controllers.System.UserController.GetLoginUserInfoAsync (API) in 133ms
17:20:48 INFO  - Executed action GD.API.Controllers.System.MenuController.GetMenuTreeAsync (API) in 24ms
17:21:41 INFO  - Executed action GD.API.Controllers.System.UserController.GetLoginUserInfoAsync (API) in 132ms
17:21:42 INFO  - Executed action GD.API.Controllers.System.MenuController.GetMenuTreeAsync (API) in 16ms
17:23:00 INFO  - Executed action GD.API.Controllers.System.UserController.GetLoginUserInfoAsync (API) in 127ms
17:23:00 INFO  - Executed action GD.API.Controllers.System.MenuController.GetMenuTreeAsync (API) in 25ms
17:23:32 INFO  - Executed action GD.API.Controllers.System.UserController.GetLoginUserInfoAsync (API) in 106ms
17:23:33 INFO  - Executed action GD.API.Controllers.System.MenuController.GetMenuTreeAsync (API) in 18ms
17:23:54 INFO  - Executed action GD.API.Controllers.System.UserController.GetLoginUserInfoAsync (API) in 113ms
17:23:54 INFO  - Executed action GD.API.Controllers.System.MenuController.GetMenuTreeAsync (API) in 24ms
17:25:15 INFO  - Executed action GD.API.Controllers.System.UserController.GetLoginUserInfoAsync (API) in 121ms
17:25:15 INFO  - Executed action GD.API.Controllers.System.MenuController.GetMenuTreeAsync (API) in 18ms
17:25:31 INFO  - Executed action GD.API.Controllers.System.UserController.GetLoginUserInfoAsync (API) in 120ms
17:25:31 INFO  - Executed action GD.API.Controllers.System.MenuController.GetMenuTreeAsync (API) in 25ms
17:25:32 INFO  - Executed action GD.API.Controllers.System.UserController.GetLoginUserInfoAsync (API) in 105ms
17:25:32 INFO  - Executed action GD.API.Controllers.Utility.CourseController.GetCourseListAsync (API) in 59ms
17:26:12 INFO  - Executed action GD.API.Controllers.System.UserController.GetLoginUserInfoAsync (API) in 117ms
17:26:13 INFO  - Executed action GD.API.Controllers.System.MenuController.GetMenuTreeAsync (API) in 16ms
17:26:13 INFO  - Executed action GD.API.Controllers.System.UserController.GetLoginUserInfoAsync (API) in 105ms
17:26:14 INFO  - Executed action GD.API.Controllers.Utility.CourseController.GetCourseListAsync (API) in 72ms
17:26:39 INFO  - Executed action GD.API.Controllers.System.MenuController.GetMenuTreeAsync (API) in 17ms
17:28:11 INFO  - Executed action GD.API.Controllers.System.UserController.GetLoginUserInfoAsync (API) in 109ms
17:28:20 INFO  - Executed action GD.API.Controllers.System.UserController.GetLoginUserInfoAsync (API) in 119ms
17:28:20 INFO  - Executed action GD.API.Controllers.System.HomeController.GetDoctorsQtyAsync (API) in 15ms
17:28:20 INFO  - Executed action GD.API.Controllers.System.HomeController.GetOrderQtyAsync (API) in 15ms
17:28:20 INFO  - Executed action GD.API.Controllers.System.HomeController.GetUserQtyAsync (API) in 23ms
17:28:20 INFO  - Executed action GD.API.Controllers.System.HomeController.GetMerchantQtyAsync (API) in 26ms
17:28:29 INFO  - Executed action GD.API.Controllers.System.UserController.GetLoginUserInfoAsync (API) in 135ms
17:28:29 INFO  - Executed action GD.API.Controllers.System.HomeController.GetUserQtyAsync (API) in 18ms
17:28:29 INFO  - Executed action GD.API.Controllers.System.HomeController.GetOrderQtyAsync (API) in 35ms
17:28:29 INFO  - Executed action GD.API.Controllers.System.HomeController.GetDoctorsQtyAsync (API) in 16ms
17:28:29 INFO  - Executed action GD.API.Controllers.System.HomeController.GetMerchantQtyAsync (API) in 25ms
17:28:56 INFO  - Executed action GD.API.Controllers.System.UserController.GetLoginUserInfoAsync (API) in 109ms
17:29:12 INFO  - Executed action GD.API.Controllers.System.UserController.GetLoginUserInfoAsync (API) in 117ms
17:29:13 INFO  - Executed action GD.API.Controllers.System.HomeController.GetUserQtyAsync (API) in 17ms
17:29:13 INFO  - Executed action GD.API.Controllers.System.HomeController.GetDoctorsQtyAsync (API) in 18ms
17:29:13 INFO  - Executed action GD.API.Controllers.System.HomeController.GetMerchantQtyAsync (API) in 25ms
17:29:13 INFO  - Executed action GD.API.Controllers.System.HomeController.GetOrderQtyAsync (API) in 27ms
17:29:53 INFO  - Executed action GD.API.Controllers.System.UserController.GetLoginUserInfoAsync (API) in 112ms
17:29:54 INFO  - Executed action GD.API.Controllers.System.HomeController.GetDoctorsQtyAsync (API) in 21ms
17:29:54 INFO  - Executed action GD.API.Controllers.System.HomeController.GetUserQtyAsync (API) in 15ms
17:29:54 INFO  - Executed action GD.API.Controllers.System.HomeController.GetMerchantQtyAsync (API) in 23ms
17:29:54 INFO  - Executed action GD.API.Controllers.System.HomeController.GetOrderQtyAsync (API) in 28ms
17:31:58 INFO  - Executed action GD.API.Controllers.System.MenuController.GetMenuTreeAsync (API) in 44ms
17:32:37 INFO  - Executed action GD.API.Controllers.System.UserController.GetLoginUserInfoAsync (API) in 128ms
17:32:37 INFO  - Executed action GD.API.Controllers.System.MenuController.GetMenuTreeAsync (API) in 24ms
17:33:21 INFO  - Executed action GD.API.Controllers.System.UserController.GetLoginUserInfoAsync (API) in 122ms
17:33:22 INFO  - Executed action GD.API.Controllers.Utility.CourseController.GetCourseListAsync (API) in 40ms
17:33:25 INFO  - Executed action GD.API.Controllers.System.UserController.GetLoginUserInfoAsync (API) in 137ms
17:33:25 INFO  - Executed action GD.API.Controllers.System.MenuController.GetMenuTreeAsync (API) in 31ms
17:34:00 INFO  - Executed action GD.API.Controllers.System.UserController.GetLoginUserInfoAsync (API) in 120ms
17:34:00 INFO  - Executed action GD.API.Controllers.System.MenuController.GetMenuTreeAsync (API) in 18ms
17:34:27 INFO  - Executed action GD.API.Controllers.System.MenuController.GetMenuTreeAsync (API) in 24ms
17:34:29 INFO  - Executed action GD.API.Controllers.System.MenuController.GetMenuTreeAsync (API) in 32ms
17:35:08 INFO  - Executed action GD.API.Controllers.System.UserController.GetLoginUserInfoAsync (API) in 263ms
17:35:08 INFO  - Executed action GD.API.Controllers.System.MenuController.GetMenuTreeAsync (API) in 15ms
17:35:39 INFO  - Executed action GD.API.Controllers.System.MenuController.GetMenuTreeAsync (API) in 24ms
17:37:58 INFO  - Executed action GD.API.Controllers.System.UserController.GetLoginUserInfoAsync (API) in 132ms
17:37:58 INFO  - Executed action GD.API.Controllers.System.MenuController.GetMenuTreeAsync (API) in 16ms
17:39:17 INFO  - Executed action GD.API.Controllers.System.UserController.GetLoginUserInfoAsync (API) in 116ms
17:39:18 INFO  - Executed action GD.API.Controllers.System.MenuController.GetMenuTreeAsync (API) in 28ms
17:39:19 INFO  - Executed action GD.API.Controllers.System.UserController.GetLoginUserInfoAsync (API) in 119ms
17:39:19 INFO  - Executed action GD.API.Controllers.Utility.CourseController.GetCourseListAsync (API) in 43ms
17:39:22 INFO  - Executed action GD.API.Controllers.System.MenuController.GetMenuTreeAsync (API) in 25ms
17:39:26 INFO  - Executed action GD.API.Controllers.System.UserController.GetLoginUserInfoAsync (API) in 123ms
17:39:27 INFO  - Executed action GD.API.Controllers.System.MenuController.GetMenuTreeAsync (API) in 18ms
17:39:28 INFO  - Executed action GD.API.Controllers.System.UserController.GetLoginUserInfoAsync (API) in 100ms
17:39:28 INFO  - Executed action GD.API.Controllers.Utility.CourseController.GetCourseListAsync (API) in 69ms
17:39:40 INFO  - Executed action GD.API.Controllers.System.MenuController.GetMenuTreeAsync (API) in 18ms
17:39:42 INFO  - Executed action GD.API.Controllers.System.MenuController.GetMenuTreeAsync (API) in 24ms
17:39:44 INFO  - Executed action GD.API.Controllers.System.MenuController.GetMenuTreeAsync (API) in 28ms
17:39:46 INFO  - Executed action GD.API.Controllers.System.MenuController.GetMenuTreeAsync (API) in 26ms
17:39:48 INFO  - Executed action GD.API.Controllers.System.MenuController.GetMenuTreeAsync (API) in 17ms
17:39:49 INFO  - Executed action GD.API.Controllers.System.MenuController.GetMenuTreeAsync (API) in 15ms
17:39:57 INFO  - Executed action GD.API.Controllers.System.MenuController.GetMenuTreeAsync (API) in 29ms
17:40:00 INFO  - Executed action GD.API.Controllers.System.MenuController.GetMenuTreeAsync (API) in 27ms
17:40:02 INFO  - Executed action GD.API.Controllers.System.MenuController.GetMenuTreeAsync (API) in 18ms
17:40:04 INFO  - Executed action GD.API.Controllers.System.MenuController.GetMenuTreeAsync (API) in 17ms
17:40:31 INFO  - Executed action GD.API.Controllers.System.UserController.GetLoginUserInfoAsync (API) in 114ms
17:40:31 INFO  - Executed action GD.API.Controllers.System.MenuController.GetMenuTreeAsync (API) in 27ms
17:40:56 INFO  - Executed action GD.API.Controllers.System.MenuController.UpdateMenuAsync (API) in 50ms
17:40:56 INFO  - Executed action GD.API.Controllers.System.MenuController.GetMenuTreeAsync (API) in 25ms
17:41:55 INFO  - Executed action GD.API.Controllers.System.MenuController.GetMenuTreeAsync (API) in 27ms
17:42:04 INFO  - Executed action GD.API.Controllers.System.UserController.GetLoginUserInfoAsync (API) in 112ms
17:42:05 INFO  - Executed action GD.API.Controllers.System.MenuController.GetMenuTreeAsync (API) in 16ms
17:42:17 INFO  - Executed action GD.API.Controllers.System.MenuController.UpdateMenuAsync (API) in 54ms
17:42:17 INFO  - Executed action GD.API.Controllers.System.MenuController.GetMenuTreeAsync (API) in 19ms
17:44:18 INFO  - Executed action GD.API.Controllers.System.MenuController.UpdateMenuAsync (API) in 46ms
17:44:18 INFO  - Executed action GD.API.Controllers.System.MenuController.GetMenuTreeAsync (API) in 27ms
17:44:35 INFO  - Executed action GD.API.Controllers.System.UserController.GetLoginUserInfoAsync (API) in 114ms
17:44:35 INFO  - Executed action GD.API.Controllers.Utility.CourseController.GetCourseListAsync (API) in 56ms
17:44:52 INFO  - Executed action GD.API.Controllers.System.MenuController.UpdateMenuAsync (API) in 45ms
17:44:52 INFO  - Executed action GD.API.Controllers.System.MenuController.GetMenuTreeAsync (API) in 17ms
17:45:07 INFO  - Executed action GD.API.Controllers.System.MenuController.UpdateMenuAsync (API) in 51ms
17:45:07 INFO  - Executed action GD.API.Controllers.System.MenuController.GetMenuTreeAsync (API) in 19ms
17:45:11 INFO  - Executed action GD.API.Controllers.System.UserController.GetLoginUserInfoAsync (API) in 103ms
17:45:11 INFO  - Executed action GD.API.Controllers.Utility.CourseController.GetCourseListAsync (API) in 65ms
17:45:28 INFO  - Executed action GD.API.Controllers.System.MenuController.UpdateMenuAsync (API) in 38ms
17:45:29 INFO  - Executed action GD.API.Controllers.System.MenuController.GetMenuTreeAsync (API) in 25ms
17:45:33 INFO  - Executed action GD.API.Controllers.System.UserController.GetLoginUserInfoAsync (API) in 119ms
17:45:33 INFO  - Executed action GD.API.Controllers.Utility.CourseController.GetCourseListAsync (API) in 55ms
17:45:42 INFO  - Executed action GD.API.Controllers.Manager.RecommendController.GetRecommendPageAsync (API) in 71ms
17:45:44 INFO  - Executed action GD.API.Controllers.System.HeadlineController.GetHeadlinePageAsync (API) in 42ms
17:45:48 INFO  - Executed action GD.API.Controllers.Utility.ArticleController.GetArticleTypeAsync (API) in 30ms
17:45:48 INFO  - Executed action GD.API.Controllers.Utility.ArticleController.GetArticleListAsync (API) in 66ms
17:45:57 INFO  - Executed action GD.API.Controllers.System.UserController.GetRoleListAsync (API) in 25ms
17:45:59 INFO  - Executed action GD.API.Controllers.System.MenuController.GetMenuTreeAsync (API) in 25ms
17:45:59 INFO  - Executed action GD.API.Controllers.System.MenuController.GetRoleMenuAsync (API) in 25ms
17:46:19 INFO  - Executed action GD.API.Controllers.System.MenuController.SaveRoleMenuAsync (API) in 65ms
17:46:27 INFO  - Executed action GD.API.Controllers.System.UserController.GetLoginUserInfoAsync (API) in 134ms
17:46:37 INFO  - Executed action GD.API.Controllers.System.UserController.GetRoleListAsync (API) in 25ms
17:46:40 INFO  - Executed action GD.API.Controllers.System.MenuController.GetMenuTreeAsync (API) in 16ms
17:47:01 INFO  - Executed action GD.API.Controllers.Utility.ArticleController.GetArticleTypeAsync (API) in 15ms
17:47:01 INFO  - Executed action GD.API.Controllers.Utility.ArticleController.GetArticleListAsync (API) in 76ms
17:47:20 INFO  - Executed action GD.API.Controllers.System.MenuController.GetRoleMenuAsync (API) in 17ms
17:47:24 INFO  - Executed action GD.API.Controllers.System.MenuController.GetRoleMenuAsync (API) in 14ms
17:54:59 INFO  - Executed action GD.API.Controllers.System.UserController.GetLoginUserInfoAsync (API) in 1274ms
17:55:15 INFO  - Executed action GD.API.Controllers.System.UserController.GetLoginUserInfoAsync (API) in 137ms
17:55:15 INFO  - Executed action GD.API.Controllers.System.UserController.GetRoleListAsync (API) in 28ms
17:56:05 INFO  - Executed action GD.API.Controllers.System.UserController.GetLoginUserInfoAsync (API) in 139ms
17:56:05 INFO  - Executed action GD.API.Controllers.System.UserController.GetLoginUserInfoAsync (API) in 125ms
17:56:06 INFO  - Executed action GD.API.Controllers.System.UserController.GetRoleListAsync (API) in 23ms
17:56:15 INFO  - Executed action GD.API.Controllers.System.UserController.GetLoginUserInfoAsync (API) in 176ms
17:56:15 INFO  - Executed action GD.API.Controllers.System.UserController.GetLoginUserInfoAsync (API) in 244ms
17:56:15 INFO  - Executed action GD.API.Controllers.System.UserController.GetRoleListAsync (API) in 56ms
17:56:19 INFO  - Executed action GD.API.Controllers.System.UserController.GetLoginUserInfoAsync (API) in 111ms
17:56:24 INFO  - Executed action GD.API.Controllers.System.UserController.GetLoginUserInfoAsync (API) in 119ms
17:56:24 INFO  - Executed action GD.API.Controllers.System.UserController.GetRoleListAsync (API) in 22ms
17:56:41 INFO  - Executed action GD.API.Controllers.System.MenuController.GetMenuTreeAsync (API) in 25ms
17:56:50 INFO  - Executed action GD.API.Controllers.System.MenuController.DisableEnableMenuAsync (API) in 69ms
17:56:50 INFO  - Executed action GD.API.Controllers.System.MenuController.GetMenuTreeAsync (API) in 20ms
17:56:55 INFO  - Executed action GD.API.Controllers.System.UserController.GetLoginUserInfoAsync (API) in 114ms
17:56:55 INFO  - Executed action GD.API.Controllers.System.MenuController.GetMenuTreeAsync (API) in 24ms
17:57:05 INFO  - Executed action GD.API.Controllers.System.MenuController.DisableEnableMenuAsync (API) in 56ms
17:57:05 INFO  - Executed action GD.API.Controllers.System.MenuController.GetMenuTreeAsync (API) in 29ms
17:57:07 INFO  - Executed action GD.API.Controllers.System.UserController.GetLoginUserInfoAsync (API) in 147ms
17:57:08 INFO  - Executed action GD.API.Controllers.System.MenuController.GetMenuTreeAsync (API) in 23ms
17:57:16 INFO  - Executed action GD.API.Controllers.System.MenuController.DisableEnableMenuAsync (API) in 46ms
17:57:16 INFO  - Executed action GD.API.Controllers.System.MenuController.GetMenuTreeAsync (API) in 20ms
17:57:20 INFO  - Executed action GD.API.Controllers.System.UserController.GetLoginUserInfoAsync (API) in 121ms
17:57:20 INFO  - Executed action GD.API.Controllers.System.MenuController.GetMenuTreeAsync (API) in 22ms
17:57:42 INFO  - Executed action GD.API.Controllers.System.MenuController.DisableEnableMenuAsync (API) in 45ms
17:57:42 INFO  - Executed action GD.API.Controllers.System.MenuController.GetMenuTreeAsync (API) in 22ms
17:57:45 INFO  - Executed action GD.API.Controllers.System.UserController.GetLoginUserInfoAsync (API) in 115ms
17:57:45 INFO  - Executed action GD.API.Controllers.System.MenuController.GetMenuTreeAsync (API) in 22ms
17:59:06 INFO  - Executed action GD.API.Controllers.System.MenuController.GetMenuTreeAsync (API) in 20ms
17:59:10 INFO  - Executed action GD.API.Controllers.System.MenuController.GetMenuTreeAsync (API) in 23ms
18:00:06 INFO  - Executed action GD.API.Controllers.System.UserController.GetLoginUserInfoAsync (API) in 127ms
18:00:06 INFO  - Executed action GD.API.Controllers.System.MenuController.GetMenuTreeAsync (API) in 28ms
18:00:35 INFO  - Executed action GD.API.Controllers.System.MenuController.GetMenuTreeAsync (API) in 22ms
18:06:05 INFO  - Executed action GD.API.Controllers.Doctor.HospitalController.GetFirstOfficeListAsync (API) in 87ms
18:06:05 INFO  - Executed action GD.API.Controllers.Doctor.HospitalController.GetOfficeListAsync (API) in 117ms
18:08:42 INFO  - Executed action GD.API.Controllers.Doctor.HospitalController.GetFirstOfficeListAsync (API) in 25ms
18:08:55 INFO  - Executed action GD.API.Controllers.System.UserController.GetLoginUserInfoAsync (API) in 83ms
18:09:00 INFO  - Executed action GD.API.Controllers.System.UserController.GetLoginUserInfoAsync (API) in 98ms
18:09:00 INFO  - Executed action GD.API.Controllers.Doctor.HospitalController.GetFirstOfficeListAsync (API) in 23ms
18:09:05 INFO  - Executed action GD.API.Controllers.System.HomeController.GetUserQtyAsync (API) in 30ms
18:09:05 INFO  - Executed action GD.API.Controllers.System.HomeController.GetMerchantQtyAsync (API) in 24ms
18:09:05 INFO  - Executed action GD.API.Controllers.System.HomeController.GetDoctorsQtyAsync (API) in 69ms
18:09:05 INFO  - Executed action GD.API.Controllers.System.HomeController.GetOrderQtyAsync (API) in 99ms
18:09:07 INFO  - Executed action GD.API.Controllers.System.UserController.GetLoginUserInfoAsync (API) in 114ms
18:09:07 INFO  - Executed action GD.API.Controllers.System.HomeController.GetUserQtyAsync (API) in 15ms
18:09:07 INFO  - Executed action GD.API.Controllers.System.HomeController.GetOrderQtyAsync (API) in 20ms
18:09:07 INFO  - Executed action GD.API.Controllers.System.HomeController.GetDoctorsQtyAsync (API) in 22ms
18:09:07 INFO  - Executed action GD.API.Controllers.System.HomeController.GetMerchantQtyAsync (API) in 39ms
18:09:11 INFO  - Executed action GD.API.Controllers.Doctor.HospitalController.GetFirstOfficeListAsync (API) in 26ms
18:09:38 INFO  - Executed action GD.API.Controllers.System.UserController.GetLoginUserInfoAsync (API) in 101ms
18:09:39 INFO  - Executed action GD.API.Controllers.Doctor.HospitalController.GetFirstOfficeListAsync (API) in 25ms
18:10:58 INFO  - Executed action GD.API.Controllers.System.UserController.GetLoginUserInfoAsync (API) in 120ms
18:10:59 INFO  - Executed action GD.API.Controllers.System.UserController.GetLoginUserInfoAsync (API) in 94ms
18:10:59 INFO  - Executed action GD.API.Controllers.Doctor.HospitalController.GetFirstOfficeListAsync (API) in 25ms
18:11:02 INFO  - Executed action GD.API.Controllers.Doctor.HospitalController.GetFirstOfficeListAsync (API) in 26ms
18:11:02 INFO  - Executed action GD.API.Controllers.Doctor.HospitalController.GetOfficeListAsync (API) in 59ms
18:11:07 INFO  - Executed action GD.API.Controllers.System.AccessoryController.GetAcessoryUrlAsync (API) in 18ms
18:14:27 INFO  - Executed action GD.API.Controllers.Doctor.HospitalController.GetHospitalLevel (API) in 3ms
18:14:28 INFO  - Executed action GD.API.Controllers.Doctor.HospitalController.GetHospitalPageAsync (API) in 85ms
18:14:29 INFO  - Executed action GD.API.Controllers.Doctor.HospitalController.GetHospitalInfoAsync (API) in 67ms
18:16:49 INFO  - Executed action GD.API.Controllers.Utility.ArticleController.GetArticleListAsync (API) in 71ms
18:16:51 INFO  - Executed action GD.API.Controllers.Utility.ArticleController.GetArticleTypeAsync (API) in 2194ms
18:23:02 INFO  - Executed action GD.API.Controllers.System.UserController.GetLoginUserInfoAsync (API) in 145ms
18:23:03 INFO  - Executed action GD.API.Controllers.Utility.ArticleController.GetArticleTypeAsync (API) in 20ms
18:23:03 INFO  - Executed action GD.API.Controllers.Utility.ArticleController.GetArticleListAsync (API) in 134ms
18:23:40 INFO  - Executed action GD.API.Controllers.Utility.ArticleController.GetArticleInfoAsync (API) in 91ms
18:24:01 INFO  - Executed action GD.API.Controllers.Utility.ArticleController.GetArticleInfoAsync (API) in 57ms
18:24:04 INFO  - Executed action GD.API.Controllers.Utility.ArticleController.GetArticleInfoAsync (API) in 79ms
18:25:10 INFO  - Executed action GD.API.Controllers.Utility.ArticleController.GetArticleInfoAsync (API) in 60ms
18:34:35 INFO  - Executed action GD.API.Controllers.System.UserController.GetLoginUserInfoAsync (API) in 1215ms
18:34:35 INFO  - Executed action GD.API.Controllers.Utility.ArticleController.GetArticleListAsync (API) in 115ms
18:34:38 INFO  - Executed action GD.API.Controllers.Utility.ArticleController.GetArticleTypeAsync (API) in 3483ms
18:34:42 INFO  - Executed action GD.API.Controllers.System.MenuController.GetMenuTreeAsync (API) in 32ms
18:34:49 INFO  - Executed action GD.API.Controllers.System.UserController.GetRoleListAsync (API) in 34ms
18:34:51 INFO  - Executed action GD.API.Controllers.System.MenuController.GetMenuTreeAsync (API) in 25ms
18:34:51 INFO  - Executed action GD.API.Controllers.System.MenuController.GetRoleMenuAsync (API) in 26ms
18:35:03 INFO  - Executed action GD.API.Controllers.Utility.CourseController.GetCourseListAsync (API) in 220ms
18:35:50 INFO  - Executed action GD.API.Controllers.System.UserController.GetLoginUserInfoAsync (API) in 1147ms
18:35:51 INFO  - Executed action GD.API.Controllers.Utility.CourseController.GetCourseListAsync (API) in 76ms
18:36:17 INFO  - Executed action GD.API.Controllers.Utility.CourseController.GetCourseInfoAsync (API) in 74ms
18:41:05 INFO  - Executed action GD.API.Controllers.System.UserController.GetLoginUserInfoAsync (API) in 1312ms
18:41:05 INFO  - Executed action GD.API.Controllers.Utility.CourseController.GetCourseListAsync (API) in 92ms
18:42:16 INFO  - Executed action GD.API.Controllers.System.MenuController.GetMenuTreeAsync (API) in 30ms
18:43:25 INFO  - Executed action GD.API.Controllers.System.MenuController.UpdateMenuAsync (API) in 80ms
18:43:25 INFO  - Executed action GD.API.Controllers.System.MenuController.GetMenuTreeAsync (API) in 26ms
18:45:00 INFO  - Executed action GD.API.Controllers.Utility.CourseController.GetCourseListAsync (API) in 76ms
18:45:04 INFO  - Executed action GD.API.Controllers.System.BannerController.GetBannerPageAsync (API) in 248ms
18:45:07 INFO  - Executed action GD.API.Controllers.System.BannerController.GetBannerType1 (API) in 3455ms
18:54:48 INFO  - Executed action GD.API.Controllers.System.UserController.GetLoginUserInfoAsync (API) in 1438ms
18:54:49 INFO  - Executed action GD.API.Controllers.System.BannerController.GetBannerPageAsync (API) in 190ms
18:54:52 INFO  - Executed action GD.API.Controllers.System.BannerController.GetBannerType1 (API) in 2954ms
18:54:53 INFO  - Executed action GD.API.Controllers.Utility.ArticleController.GetArticleTypeAsync (API) in 27ms
18:54:53 INFO  - Executed action GD.API.Controllers.Utility.ArticleController.GetArticleListAsync (API) in 172ms
18:57:49 INFO  - Executed action GD.API.Controllers.System.UserController.GetLoginUserInfoAsync (API) in 207ms
18:57:50 INFO  - Executed action GD.API.Controllers.Doctor.HospitalController.GetHospitalLevel (API) in 5ms
18:57:50 INFO  - Executed action GD.API.Controllers.Doctor.HospitalController.GetHospitalPageAsync (API) in 70ms
19:01:53 INFO  - Executed action GD.API.Controllers.System.MenuController.GetMenuTreeAsync (API) in 275ms
19:01:54 INFO  - Executed action GD.API.Controllers.Utility.ArticleController.GetArticleTypeAsync (API) in 68ms
19:01:54 INFO  - Executed action GD.API.Controllers.Utility.ArticleController.GetArticleListAsync (API) in 414ms
19:03:46 INFO  - Executed action GD.API.Controllers.System.UserController.GetLoginUserInfoAsync (API) in 1295ms
19:03:49 INFO  - Executed action GD.API.Controllers.Utility.ArticleController.GetArticleListAsync (API) in 3075ms
19:03:52 INFO  - Executed action GD.API.Controllers.Utility.ArticleController.GetArticleTypeAsync (API) in 6107ms
19:12:50 INFO  - Executed action GD.API.Controllers.System.UserController.GetLoginUserInfoAsync (API) in 241ms
19:12:51 INFO  - Executed action GD.API.Controllers.Utility.ArticleController.GetArticleTypeAsync (API) in 22ms
19:12:51 INFO  - Executed action GD.API.Controllers.Utility.ArticleController.GetArticleListAsync (API) in 156ms
19:16:55 INFO  - Executed action GD.API.Controllers.System.UserController.GetLoginUserInfoAsync (API) in 359ms
19:16:55 INFO  - Executed action GD.API.Controllers.Utility.ArticleController.GetArticleListAsync (API) in 86ms
19:16:55 INFO  - Executed action GD.API.Controllers.Utility.ArticleController.GetArticleTypeAsync (API) in 149ms
19:31:28 INFO  - Executed action GD.Host.Controllers.AccountController.LoginAdmin (PAPI) in 721ms
19:31:28 INFO  - Executed action GD.API.Controllers.System.UserController.GetLoginUserInfoAsync (API) in 594ms
19:31:29 INFO  - Executed action GD.API.Controllers.System.HomeController.GetOrderQtyAsync (API) in 44ms
19:31:29 INFO  - Executed action GD.API.Controllers.System.HomeController.GetUserQtyAsync (API) in 71ms
19:31:29 INFO  - Executed action GD.API.Controllers.System.HomeController.GetMerchantQtyAsync (API) in 72ms
19:31:29 INFO  - Executed action GD.API.Controllers.System.HomeController.GetDoctorsQtyAsync (API) in 117ms
19:31:35 INFO  - Executed action GD.API.Controllers.Doctor.HospitalController.GetHospitalLevel (API) in 1ms
19:31:35 INFO  - Executed action GD.API.Controllers.Doctor.HospitalController.GetHospitalPageAsync (API) in 84ms
19:36:42 INFO  - Executed action GD.API.Controllers.System.UserController.GetLoginUserInfoAsync (API) in 1280ms
19:36:43 INFO  - Executed action GD.API.Controllers.Doctor.HospitalController.GetHospitalLevel (API) in 1ms
19:36:43 INFO  - Executed action GD.API.Controllers.Doctor.HospitalController.GetHospitalPageAsync (API) in 96ms
19:36:56 INFO  - Executed action GD.API.Controllers.Doctor.HospitalController.DeleteHospitalAsync (API) in 62ms
19:36:56 INFO  - Executed action GD.API.Controllers.Doctor.HospitalController.GetHospitalPageAsync (API) in 54ms
19:36:59 INFO  - Executed action GD.API.Controllers.Doctor.HospitalController.DeleteHospitalAsync (API) in 45ms
19:36:59 INFO  - Executed action GD.API.Controllers.Doctor.HospitalController.GetHospitalPageAsync (API) in 47ms
19:37:02 INFO  - Executed action GD.API.Controllers.Doctor.HospitalController.DeleteHospitalAsync (API) in 44ms
19:37:02 INFO  - Executed action GD.API.Controllers.Doctor.HospitalController.GetHospitalPageAsync (API) in 52ms
19:37:03 INFO  - Executed action GD.API.Controllers.Doctor.HospitalController.DeleteHospitalAsync (API) in 44ms
19:37:03 INFO  - Executed action GD.API.Controllers.Doctor.HospitalController.GetHospitalPageAsync (API) in 57ms
19:37:32 INFO  - Bad request GD.API.Controllers.Doctor.HospitalController.AddHospitalAsync (API) with 医院logo必填
19:37:41 INFO  - Executed action GD.API.Controllers.Doctor.HospitalController.AddHospitalAsync (API) in 172ms
19:38:06 INFO  - Executed action GD.API.Controllers.Doctor.HospitalController.AddHospitalAsync (API) in 7400ms
19:39:55 INFO  - Executed action GD.API.Controllers.Doctor.HospitalController.AddHospitalAsync (API) in 35175ms
19:39:55 INFO  - Executed action GD.API.Controllers.Doctor.HospitalController.GetHospitalPageAsync (API) in 82ms
