10:18:20 ERROR - ::1
10:18:20 ERROR - StackExchange.Redis.RedisConnectionException: No connection is available to service this operation: EXISTS CloudDoctor:WechatJsAPITicket:wx805e49616e3c0451; IOCP: (Busy=0,Free=1000,Min=4,Max=1000), WORKER: (Busy=4,Free=32763,Min=4,Max=32767), Local-CPU: n/a
   at StackExchange.Redis.ConnectionMultiplexer.ThrowFailed[T](TaskCompletionSource`1 source, Exception unthrownException) in C:\projects\stackexchange-redis\src\StackExchange.Redis\ConnectionMultiplexer.cs:line 2201
--- End of stack trace from previous location where exception was thrown ---
   at GD.Module.WeChat.WeChartApi.GetJsAPITicket(String appId, String secret) in D:\WorkProjects\MultiServices\trunk\BackEnd\Medical\MedicalClient\Module\WeChat\WeChartApi.cs:line 97
   at GD.Module.WeChat.WechatJSSDKHelper.GetSignatureAsync(String appId, String appSecret, String url) in D:\WorkProjects\MultiServices\trunk\BackEnd\Medical\MedicalClient\Module\WeChat\WechatJSSDKHelper.cs:line 24
   at GD.API.Controllers.Consumer.ConsumerController.GetClientWechatJSSDKSignatureAsync(String url) in D:\WorkProjects\MultiServices\trunk\BackEnd\Medical\MedicalClient\API\Controllers\Consumer\ConsumerController.cs:line 336
   at Microsoft.AspNetCore.Mvc.Internal.ActionMethodExecutor.TaskOfIActionResultExecutor.Execute(IActionResultTypeMapper mapper, ObjectMethodExecutor executor, Object controller, Object[] arguments)
   at Microsoft.AspNetCore.Mvc.Internal.ControllerActionInvoker.InvokeActionMethodAsync()
   at Microsoft.AspNetCore.Mvc.Internal.ControllerActionInvoker.InvokeNextActionFilterAsync()
   at Microsoft.AspNetCore.Mvc.Internal.ControllerActionInvoker.Rethrow(ActionExecutedContext context)
   at Microsoft.AspNetCore.Mvc.Internal.ControllerActionInvoker.Next(State& next, Scope& scope, Object& state, Boolean& isCompleted)
   at Microsoft.AspNetCore.Mvc.Internal.ControllerActionInvoker.InvokeInnerFilterAsync()
   at Microsoft.AspNetCore.Mvc.Internal.ResourceInvoker.InvokeNextExceptionFilterAsync()
17:20:17 ERROR - userGuid:d9cceb7807694360a8a048d805ee464e   rulesType:Login   message:Sequence contains no elements
17:20:18 ERROR - 获取公众号二维码报错 https://api.weixin.qq.com/cgi-bin/qrcode/create?access_token=25_lP5HX0Jki4r8R6OdC4-DPv_JU7gq3uz-Kr0wWSO-XQz54DJSgyMYhVQHtNpLVfsocHyba1yuvOfwYuk5dZZM5y1Cl8FxhSafbz3lmySf2M_wl0D0_QsWa5lKEuzJHNTkcCrOyPZ4diUdOz_6AYLiAHAMKX：invalid credential, access_token is invalid or not latest hint: [4lM3RA0818sz30!] 
 at GD.Module.WeChat.WeChartApi+<CreateTemporaryQRCodeAsync>d__8.MoveNext:
 {
  "expire_seconds": 2592000,
  "action_name": "QR_STR_SCENE",
  "action_info": {
    "scene": {
      "scene_str": "d9cceb7807694360a8a048d805ee464e_Consumer"
    }
  }
}
17:20:26 ERROR - 获取公众号二维码报错 https://api.weixin.qq.com/cgi-bin/qrcode/create?access_token=25_lP5HX0Jki4r8R6OdC4-DPv_JU7gq3uz-Kr0wWSO-XQz54DJSgyMYhVQHtNpLVfsocHyba1yuvOfwYuk5dZZM5y1Cl8FxhSafbz3lmySf2M_wl0D0_QsWa5lKEuzJHNTkcCrOyPZ4diUdOz_6AYLiAHAMKX：invalid credential, access_token is invalid or not latest hint: [ObjfDA08264685!] 
 at GD.Module.WeChat.WeChartApi+<CreateTemporaryQRCodeAsync>d__8.MoveNext:
 {
  "expire_seconds": 2592000,
  "action_name": "QR_STR_SCENE",
  "action_info": {
    "scene": {
      "scene_str": "d9cceb7807694360a8a048d805ee464e_Consumer"
    }
  }
}
17:21:04 ERROR - 获取公众号二维码报错 https://api.weixin.qq.com/cgi-bin/qrcode/create?access_token=25_lP5HX0Jki4r8R6OdC4-DPv_JU7gq3uz-Kr0wWSO-XQz54DJSgyMYhVQHtNpLVfsocHyba1yuvOfwYuk5dZZM5y1Cl8FxhSafbz3lmySf2M_wl0D0_QsWa5lKEuzJHNTkcCrOyPZ4diUdOz_6AYLiAHAMKX：invalid credential, access_token is invalid or not latest hint: [JJTZWa08641530!] 
 at GD.Module.WeChat.WeChartApi+<CreateTemporaryQRCodeAsync>d__8.MoveNext:
 {
  "expire_seconds": 2592000,
  "action_name": "QR_STR_SCENE",
  "action_info": {
    "scene": {
      "scene_str": "d9cceb7807694360a8a048d805ee464e_Consumer"
    }
  }
}
17:21:42 ERROR - 获取公众号二维码报错 https://api.weixin.qq.com/cgi-bin/qrcode/create?access_token=25_lP5HX0Jki4r8R6OdC4-DPv_JU7gq3uz-Kr0wWSO-XQz54DJSgyMYhVQHtNpLVfsocHyba1yuvOfwYuk5dZZM5y1Cl8FxhSafbz3lmySf2M_wl0D0_QsWa5lKEuzJHNTkcCrOyPZ4diUdOz_6AYLiAHAMKX：invalid credential, access_token is invalid or not latest hint: [zMitTa0902sz91!] 
 at GD.Module.WeChat.WeChartApi+<CreateTemporaryQRCodeAsync>d__8.MoveNext:
 {
  "expire_seconds": 2592000,
  "action_name": "QR_STR_SCENE",
  "action_info": {
    "scene": {
      "scene_str": "d9cceb7807694360a8a048d805ee464e_Consumer"
    }
  }
}
17:21:51 ERROR - 获取公众号二维码报错 https://api.weixin.qq.com/cgi-bin/qrcode/create?access_token=25_lP5HX0Jki4r8R6OdC4-DPv_JU7gq3uz-Kr0wWSO-XQz54DJSgyMYhVQHtNpLVfsocHyba1yuvOfwYuk5dZZM5y1Cl8FxhSafbz3lmySf2M_wl0D0_QsWa5lKEuzJHNTkcCrOyPZ4diUdOz_6AYLiAHAMKX：invalid credential, access_token is invalid or not latest hint: [43vHSa0912sz23!] 
 at GD.Module.WeChat.WeChartApi+<CreateTemporaryQRCodeAsync>d__8.MoveNext:
 {
  "expire_seconds": 2592000,
  "action_name": "QR_STR_SCENE",
  "action_info": {
    "scene": {
      "scene_str": "d9cceb7807694360a8a048d805ee464e_Consumer"
    }
  }
}
17:22:13 ERROR - 获取公众号二维码报错 https://api.weixin.qq.com/cgi-bin/qrcode/create?access_token=25_lP5HX0Jki4r8R6OdC4-DPv_JU7gq3uz-Kr0wWSO-XQz54DJSgyMYhVQHtNpLVfsocHyba1yuvOfwYuk5dZZM5y1Cl8FxhSafbz3lmySf2M_wl0D0_QsWa5lKEuzJHNTkcCrOyPZ4diUdOz_6AYLiAHAMKX：invalid credential, access_token is invalid or not latest hint: [SwUipa0934z104!] 
 at GD.Module.WeChat.WeChartApi+<CreateTemporaryQRCodeAsync>d__8.MoveNext:
 {
  "expire_seconds": 2592000,
  "action_name": "QR_STR_SCENE",
  "action_info": {
    "scene": {
      "scene_str": "d9cceb7807694360a8a048d805ee464e_Consumer"
    }
  }
}
17:23:07 ERROR - 获取公众号二维码报错 https://api.weixin.qq.com/cgi-bin/qrcode/create?access_token=25_lP5HX0Jki4r8R6OdC4-DPv_JU7gq3uz-Kr0wWSO-XQz54DJSgyMYhVQHtNpLVfsocHyba1yuvOfwYuk5dZZM5y1Cl8FxhSafbz3lmySf2M_wl0D0_QsWa5lKEuzJHNTkcCrOyPZ4diUdOz_6AYLiAHAMKX：invalid credential, access_token is invalid or not latest hint: [Ds58VA09874682!] 
 at GD.Module.WeChat.WeChartApi+<CreateTemporaryQRCodeAsync>d__8.MoveNext:
 {
  "expire_seconds": 2592000,
  "action_name": "QR_STR_SCENE",
  "action_info": {
    "scene": {
      "scene_str": "d9cceb7807694360a8a048d805ee464e_Consumer"
    }
  }
}
17:23:24 ERROR - 获取公众号二维码报错 https://api.weixin.qq.com/cgi-bin/qrcode/create?access_token=25_lP5HX0Jki4r8R6OdC4-DPv_JU7gq3uz-Kr0wWSO-XQz54DJSgyMYhVQHtNpLVfsocHyba1yuvOfwYuk5dZZM5y1Cl8FxhSafbz3lmySf2M_wl0D0_QsWa5lKEuzJHNTkcCrOyPZ4diUdOz_6AYLiAHAMKX：invalid credential, access_token is invalid or not latest hint: [NWbQSA00046925!] 
 at GD.Module.WeChat.WeChartApi+<CreateTemporaryQRCodeAsync>d__8.MoveNext:
 {
  "expire_seconds": 2592000,
  "action_name": "QR_STR_SCENE",
  "action_info": {
    "scene": {
      "scene_str": "d9cceb7807694360a8a048d805ee464e_Consumer"
    }
  }
}
