15:24:11 ERROR - ::1
15:24:11 ERROR - MySql.Data.MySqlClient.MySqlException (0x80004005): Column 'enable' in where clause is ambiguous
   at MySql.Data.MySqlClient.MySqlStream.ReadPacket()
   at MySql.Data.MySqlClient.NativeDriver.GetResult(Int32& affectedRow, Int64& insertedId)
   at MySql.Data.MySqlClient.Driver.NextResult(Int32 statementId, Boolean force)
   at MySql.Data.MySqlClient.MySqlDataReader.NextResult()
   at MySql.Data.MySqlClient.MySqlCommand.ExecuteReader(CommandBehavior behavior)
   at System.Data.Common.DbCommand.ExecuteDbDataReaderAsync(CommandBehavior behavior, CancellationToken cancellationToken)
--- End of stack trace from previous location where exception was thrown ---
   at Dapper.SqlMapper.QueryAsync[T](IDbConnection cnn, Type effectiveType, CommandDefinition command) in C:\projects\dapper\Dapper\SqlMapper.Async.cs:line 419
   at GD.DataAccess.MySqlHelper.QueryByPageAsync[TRequest,TResponse,TDto](String sql, TRequest request)
   at GD.FAQs.FaqsQuestionBiz.GetFaqsQuestionPageAsync(GetFaqsQuestionPageRequestDto request) in D:\WorkProjects\MultiServices\trunk\BackEnd\Medical\MedicalClient\FAQs\FaqsQuestionBiz.cs:line 177
   at GD.API.Controllers.FAQs.FAQsDoctorClientController.GetFaqsQuestionPageAsync(GetFaqsQuestionPageRequestDto request) in D:\WorkProjects\MultiServices\trunk\BackEnd\Medical\MedicalClient\API\Controllers\FAQs\FAQsDoctorClientController.cs:line 60
   at Microsoft.AspNetCore.Mvc.Internal.ActionMethodExecutor.TaskOfIActionResultExecutor.Execute(IActionResultTypeMapper mapper, ObjectMethodExecutor executor, Object controller, Object[] arguments)
   at Microsoft.AspNetCore.Mvc.Internal.ControllerActionInvoker.InvokeActionMethodAsync()
   at Microsoft.AspNetCore.Mvc.Internal.ControllerActionInvoker.InvokeNextActionFilterAsync()
   at Microsoft.AspNetCore.Mvc.Internal.ControllerActionInvoker.Rethrow(ActionExecutedContext context)
   at Microsoft.AspNetCore.Mvc.Internal.ControllerActionInvoker.Next(State& next, Scope& scope, Object& state, Boolean& isCompleted)
   at Microsoft.AspNetCore.Mvc.Internal.ControllerActionInvoker.InvokeInnerFilterAsync()
   at Microsoft.AspNetCore.Mvc.Internal.ResourceInvoker.InvokeNextExceptionFilterAsync()
15:24:55 ERROR - ::1
15:24:55 ERROR - MySql.Data.MySqlClient.MySqlException (0x80004005): Column 'enable' in where clause is ambiguous
   at MySql.Data.MySqlClient.MySqlStream.ReadPacket()
   at MySql.Data.MySqlClient.NativeDriver.GetResult(Int32& affectedRow, Int64& insertedId)
   at MySql.Data.MySqlClient.Driver.NextResult(Int32 statementId, Boolean force)
   at MySql.Data.MySqlClient.MySqlDataReader.NextResult()
   at MySql.Data.MySqlClient.MySqlCommand.ExecuteReader(CommandBehavior behavior)
   at System.Data.Common.DbCommand.ExecuteDbDataReaderAsync(CommandBehavior behavior, CancellationToken cancellationToken)
--- End of stack trace from previous location where exception was thrown ---
   at Dapper.SqlMapper.QueryAsync[T](IDbConnection cnn, Type effectiveType, CommandDefinition command) in C:\projects\dapper\Dapper\SqlMapper.Async.cs:line 419
   at GD.DataAccess.MySqlHelper.QueryByPageAsync[TRequest,TResponse,TDto](String sql, TRequest request)
   at GD.FAQs.FaqsQuestionBiz.GetFaqsQuestionPageAsync(GetFaqsQuestionPageRequestDto request) in D:\WorkProjects\MultiServices\trunk\BackEnd\Medical\MedicalClient\FAQs\FaqsQuestionBiz.cs:line 177
   at GD.API.Controllers.FAQs.FAQsDoctorClientController.GetFaqsQuestionPageAsync(GetFaqsQuestionPageRequestDto request) in D:\WorkProjects\MultiServices\trunk\BackEnd\Medical\MedicalClient\API\Controllers\FAQs\FAQsDoctorClientController.cs:line 60
   at Microsoft.AspNetCore.Mvc.Internal.ActionMethodExecutor.TaskOfIActionResultExecutor.Execute(IActionResultTypeMapper mapper, ObjectMethodExecutor executor, Object controller, Object[] arguments)
   at Microsoft.AspNetCore.Mvc.Internal.ControllerActionInvoker.InvokeActionMethodAsync()
   at Microsoft.AspNetCore.Mvc.Internal.ControllerActionInvoker.InvokeNextActionFilterAsync()
   at Microsoft.AspNetCore.Mvc.Internal.ControllerActionInvoker.Rethrow(ActionExecutedContext context)
   at Microsoft.AspNetCore.Mvc.Internal.ControllerActionInvoker.Next(State& next, Scope& scope, Object& state, Boolean& isCompleted)
   at Microsoft.AspNetCore.Mvc.Internal.ControllerActionInvoker.InvokeInnerFilterAsync()
   at Microsoft.AspNetCore.Mvc.Internal.ResourceInvoker.InvokeNextExceptionFilterAsync()
