14:01:40 ERROR - 获取微信公众号TOKEN报错 https://api.weixin.qq.com/cgi-bin/token?grant_type=client_credential&appid=wx805e49616e3c0451&secret=03584b2a09e82ef7806c883a74677685：invalid ip 113.118.191.70 ipv6 ::ffff:113.118.191.70, not in whitelist hint: [6UAZfA01003612] 
 at GD.Module.WeChat.WeChartApi+<GetAccessToken>d__2.MoveNext:
14:01:40 ERROR - 获取微信JS接口的临时票据出错 https://api.weixin.qq.com/cgi-bin/ticket/getticket?access_token=&type=jsapi：access_token missing hint: [VVUzgA0100szb9!] 
 at GD.Module.WeChat.WeChartApi+<GetJsAPITicket>d__4.MoveNext:
14:01:40 ERROR - ::1
14:01:40 ERROR - System.ArgumentNullException: Value cannot be null.
Parameter name: value
   at Newtonsoft.Json.JsonConvert.DeserializeObject(String value, Type type, JsonSerializerSettings settings) in /_/Src/Newtonsoft.Json/JsonConvert.cs:line 818
   at Newtonsoft.Json.JsonConvert.DeserializeObject[T](String value, JsonSerializerSettings settings) in /_/Src/Newtonsoft.Json/JsonConvert.cs:line 786
   at GD.Module.WeChat.WeChartApi.GetJsAPITicket(String appId, String secret) in D:\WorkProjects\MultiServices\trunk\BackEnd\Medical\MedicalClient\Module\WeChat\WeChartApi.cs:line 117
   at GD.Module.WeChat.WechatJSSDKHelper.GetSignatureAsync(String appId, String appSecret, String url) in D:\WorkProjects\MultiServices\trunk\BackEnd\Medical\MedicalClient\Module\WeChat\WechatJSSDKHelper.cs:line 24
   at GD.API.Controllers.Consumer.ConsumerController.GetClientWechatJSSDKSignatureAsync(String url) in D:\WorkProjects\MultiServices\trunk\BackEnd\Medical\MedicalClient\API\Controllers\Consumer\ConsumerController.cs:line 336
   at Microsoft.AspNetCore.Mvc.Internal.ActionMethodExecutor.TaskOfIActionResultExecutor.Execute(IActionResultTypeMapper mapper, ObjectMethodExecutor executor, Object controller, Object[] arguments)
   at Microsoft.AspNetCore.Mvc.Internal.ControllerActionInvoker.InvokeActionMethodAsync()
   at Microsoft.AspNetCore.Mvc.Internal.ControllerActionInvoker.InvokeNextActionFilterAsync()
   at Microsoft.AspNetCore.Mvc.Internal.ControllerActionInvoker.Rethrow(ActionExecutedContext context)
   at Microsoft.AspNetCore.Mvc.Internal.ControllerActionInvoker.Next(State& next, Scope& scope, Object& state, Boolean& isCompleted)
   at Microsoft.AspNetCore.Mvc.Internal.ControllerActionInvoker.InvokeInnerFilterAsync()
   at Microsoft.AspNetCore.Mvc.Internal.ResourceInvoker.InvokeNextExceptionFilterAsync()
14:01:49 ERROR - 获取微信公众号TOKEN报错 https://api.weixin.qq.com/cgi-bin/token?grant_type=client_credential&appid=wx805e49616e3c0451&secret=03584b2a09e82ef7806c883a74677685：invalid ip 113.118.191.70 ipv6 ::ffff:113.118.191.70, not in whitelist hint: [mzli6a01093064] 
 at GD.Module.WeChat.WeChartApi+<GetAccessToken>d__2.MoveNext:
14:01:49 ERROR - 获取微信JS接口的临时票据出错 https://api.weixin.qq.com/cgi-bin/ticket/getticket?access_token=&type=jsapi：access_token missing hint: [ih1MtA01096964!] 
 at GD.Module.WeChat.WeChartApi+<GetJsAPITicket>d__4.MoveNext:
14:01:49 ERROR - ::1
14:01:49 ERROR - System.ArgumentNullException: Value cannot be null.
Parameter name: value
   at Newtonsoft.Json.JsonConvert.DeserializeObject(String value, Type type, JsonSerializerSettings settings) in /_/Src/Newtonsoft.Json/JsonConvert.cs:line 818
   at Newtonsoft.Json.JsonConvert.DeserializeObject[T](String value, JsonSerializerSettings settings) in /_/Src/Newtonsoft.Json/JsonConvert.cs:line 786
   at GD.Module.WeChat.WeChartApi.GetJsAPITicket(String appId, String secret) in D:\WorkProjects\MultiServices\trunk\BackEnd\Medical\MedicalClient\Module\WeChat\WeChartApi.cs:line 117
   at GD.Module.WeChat.WechatJSSDKHelper.GetSignatureAsync(String appId, String appSecret, String url) in D:\WorkProjects\MultiServices\trunk\BackEnd\Medical\MedicalClient\Module\WeChat\WechatJSSDKHelper.cs:line 24
   at GD.API.Controllers.Consumer.ConsumerController.GetClientWechatJSSDKSignatureAsync(String url) in D:\WorkProjects\MultiServices\trunk\BackEnd\Medical\MedicalClient\API\Controllers\Consumer\ConsumerController.cs:line 336
   at Microsoft.AspNetCore.Mvc.Internal.ActionMethodExecutor.TaskOfIActionResultExecutor.Execute(IActionResultTypeMapper mapper, ObjectMethodExecutor executor, Object controller, Object[] arguments)
   at Microsoft.AspNetCore.Mvc.Internal.ControllerActionInvoker.InvokeActionMethodAsync()
   at Microsoft.AspNetCore.Mvc.Internal.ControllerActionInvoker.InvokeNextActionFilterAsync()
   at Microsoft.AspNetCore.Mvc.Internal.ControllerActionInvoker.Rethrow(ActionExecutedContext context)
   at Microsoft.AspNetCore.Mvc.Internal.ControllerActionInvoker.Next(State& next, Scope& scope, Object& state, Boolean& isCompleted)
   at Microsoft.AspNetCore.Mvc.Internal.ControllerActionInvoker.InvokeInnerFilterAsync()
   at Microsoft.AspNetCore.Mvc.Internal.ResourceInvoker.InvokeNextExceptionFilterAsync()
