18:01:26 ERROR - ::1
18:01:26 ERROR - ::1
18:01:26 ERROR - MySql.Data.MySqlClient.MySqlException (0x80004005): Reading from the stream has failed. ---> System.IO.IOException: Unable to read data from the transport connection: 由于连接方在一段时间后没有正确答复或连接的主机没有反应，连接尝试失败。. ---> System.Net.Sockets.SocketException: 由于连接方在一段时间后没有正确答复或连接的主机没有反应，连接尝试失败。
   at System.Net.Sockets.NetworkStream.Read(Byte[] buffer, Int32 offset, Int32 size)
   --- End of inner exception stack trace ---
   at System.Net.Sockets.NetworkStream.Read(Byte[] buffer, Int32 offset, Int32 size)
   at MySql.Data.MySqlClient.TimedStream.Read(Byte[] buffer, Int32 offset, Int32 count)
   at MySql.Data.MySqlClient.MySqlStream.ReadFully(Stream stream, Byte[] buffer, Int32 offset, Int32 count)
   at MySql.Data.MySqlClient.MySqlStream.LoadPacket()
   at MySql.Data.MySqlClient.MySqlStream.LoadPacket()
   at MySql.Data.MySqlClient.MySqlStream.ReadPacket()
   at MySql.Data.MySqlClient.NativeDriver.Open()
   at MySql.Data.MySqlClient.Driver.Open()
   at MySql.Data.MySqlClient.Driver.Create(MySqlConnectionStringBuilder settings)
   at MySql.Data.MySqlClient.MySqlPool.CreateNewPooledConnection()
   at MySql.Data.MySqlClient.MySqlPool.GetPooledConnection()
   at MySql.Data.MySqlClient.MySqlPool.TryToGetDriver()
   at MySql.Data.MySqlClient.MySqlPool.GetConnection()
   at MySql.Data.MySqlClient.MySqlConnection.Open()
   at System.Data.Common.DbConnection.OpenAsync(CancellationToken cancellationToken)
--- End of stack trace from previous location where exception was thrown ---
   at Dapper.SqlMapper.QueryAsync[T](IDbConnection cnn, Type effectiveType, CommandDefinition command) in C:\projects\dapper\Dapper\SqlMapper.Async.cs:line 419
   at GD.DataAccess.MySqlHelperEx.SelectByPageAsync[TRequest,TResponse,TDto](MySqlConnection connection, String sql, TRequest request)
   at GD.DataAccess.MySqlHelper.QueryByPageAsync[TRequest,TResponse,TDto](String sql, TRequest request)
   at GD.Consumer.DoctorAppointmentBiz.GetAppointmentPageListTodayAsync(GetAppointmentPageListTodayRequestDto requestDto) in D:\WorkProjects\MultiServices\trunk\BackEnd\Medical\MedicalClient\Consumer\DoctorAppointmentBiz.cs:line 78
   at GD.API.Controllers.Doctor.HospitalManagerController.GetAppointmentPageListTodayAsync(GetAppointmentPageListTodayRequestDto requestDto) in D:\WorkProjects\MultiServices\trunk\BackEnd\Medical\MedicalClient\API\Controllers\Doctor\HospitalManagerController.cs:line 276
   at Microsoft.AspNetCore.Mvc.Internal.ActionMethodExecutor.TaskOfIActionResultExecutor.Execute(IActionResultTypeMapper mapper, ObjectMethodExecutor executor, Object controller, Object[] arguments)
   at Microsoft.AspNetCore.Mvc.Internal.ControllerActionInvoker.InvokeActionMethodAsync()
   at Microsoft.AspNetCore.Mvc.Internal.ControllerActionInvoker.InvokeNextActionFilterAsync()
   at Microsoft.AspNetCore.Mvc.Internal.ControllerActionInvoker.Rethrow(ActionExecutedContext context)
   at Microsoft.AspNetCore.Mvc.Internal.ControllerActionInvoker.Next(State& next, Scope& scope, Object& state, Boolean& isCompleted)
   at Microsoft.AspNetCore.Mvc.Internal.ControllerActionInvoker.InvokeInnerFilterAsync()
   at Microsoft.AspNetCore.Mvc.Internal.ResourceInvoker.InvokeNextExceptionFilterAsync()
18:01:26 ERROR - MySql.Data.MySqlClient.MySqlException (0x80004005): Reading from the stream has failed. ---> System.IO.IOException: Unable to read data from the transport connection: 由于连接方在一段时间后没有正确答复或连接的主机没有反应，连接尝试失败。. ---> System.Net.Sockets.SocketException: 由于连接方在一段时间后没有正确答复或连接的主机没有反应，连接尝试失败。
   at System.Net.Sockets.NetworkStream.Read(Byte[] buffer, Int32 offset, Int32 size)
   --- End of inner exception stack trace ---
   at System.Net.Sockets.NetworkStream.Read(Byte[] buffer, Int32 offset, Int32 size)
   at MySql.Data.MySqlClient.TimedStream.Read(Byte[] buffer, Int32 offset, Int32 count)
   at MySql.Data.MySqlClient.MySqlStream.ReadFully(Stream stream, Byte[] buffer, Int32 offset, Int32 count)
   at MySql.Data.MySqlClient.MySqlStream.LoadPacket()
   at MySql.Data.MySqlClient.MySqlStream.LoadPacket()
   at MySql.Data.MySqlClient.MySqlStream.ReadPacket()
   at MySql.Data.MySqlClient.NativeDriver.Open()
   at MySql.Data.MySqlClient.Driver.Open()
   at MySql.Data.MySqlClient.Driver.Create(MySqlConnectionStringBuilder settings)
   at MySql.Data.MySqlClient.MySqlPool.CreateNewPooledConnection()
   at MySql.Data.MySqlClient.MySqlPool.GetPooledConnection()
   at MySql.Data.MySqlClient.MySqlPool.TryToGetDriver()
   at MySql.Data.MySqlClient.MySqlPool.GetConnection()
   at MySql.Data.MySqlClient.MySqlConnection.Open()
   at System.Data.Common.DbConnection.OpenAsync(CancellationToken cancellationToken)
--- End of stack trace from previous location where exception was thrown ---
   at Dapper.SqlMapper.QueryAsync[T](IDbConnection cnn, Type effectiveType, CommandDefinition command) in C:\projects\dapper\Dapper\SqlMapper.Async.cs:line 419
   at GD.Doctor.OfficeBiz.GetOfficeListWithDoctorOfHospitalAsync(String hospitalGuid) in D:\WorkProjects\MultiServices\trunk\BackEnd\Medical\MedicalClient\Doctor\OfficeBiz.cs:line 327
   at GD.API.Controllers.Doctor.HospitalManagerController.GetOfficeSelectListWithDoctorOfHospitalAsync(String hospitalGuid) in D:\WorkProjects\MultiServices\trunk\BackEnd\Medical\MedicalClient\API\Controllers\Doctor\HospitalManagerController.cs:line 525
   at Microsoft.AspNetCore.Mvc.Internal.ActionMethodExecutor.TaskOfIActionResultExecutor.Execute(IActionResultTypeMapper mapper, ObjectMethodExecutor executor, Object controller, Object[] arguments)
   at Microsoft.AspNetCore.Mvc.Internal.ControllerActionInvoker.InvokeActionMethodAsync()
   at Microsoft.AspNetCore.Mvc.Internal.ControllerActionInvoker.InvokeNextActionFilterAsync()
   at Microsoft.AspNetCore.Mvc.Internal.ControllerActionInvoker.Rethrow(ActionExecutedContext context)
   at Microsoft.AspNetCore.Mvc.Internal.ControllerActionInvoker.Next(State& next, Scope& scope, Object& state, Boolean& isCompleted)
   at Microsoft.AspNetCore.Mvc.Internal.ControllerActionInvoker.InvokeInnerFilterAsync()
   at Microsoft.AspNetCore.Mvc.Internal.ResourceInvoker.InvokeNextExceptionFilterAsync()
18:35:48 ERROR - 运营IM账号登录失败，本轮医生出席定时任务取消执行 at DoctorPresent.Run
19:35:47 ERROR - 运营IM账号登录失败，本轮医生出席定时任务取消执行 at DoctorPresent.Run
20:35:47 ERROR - 运营IM账号登录失败，本轮医生出席定时任务取消执行 at DoctorPresent.Run
