10:15:54 ERROR - ::ffff:192.168.0.135
10:15:55 ERROR - MySql.Data.MySqlClient.MySqlException (0x80004005): Column 'creation_date' in order clause is ambiguous
   at MySql.Data.MySqlClient.MySqlStream.ReadPacket()
   at MySql.Data.MySqlClient.NativeDriver.GetResult(Int32& affectedRow, Int64& insertedId)
   at MySql.Data.MySqlClient.Driver.NextResult(Int32 statementId, Boolean force)
   at MySql.Data.MySqlClient.MySqlDataReader.NextResult()
   at MySql.Data.MySqlClient.MySqlCommand.ExecuteReader(CommandBehavior behavior)
   at System.Data.Common.DbCommand.ExecuteDbDataReaderAsync(CommandBehavior behavior, CancellationToken cancellationToken)
--- End of stack trace from previous location where exception was thrown ---
   at Dapper.SqlMapper.QueryAsync[T](IDbConnection cnn, Type effectiveType, CommandDefinition command) in C:\projects\dapper\Dapper\SqlMapper.Async.cs:line 419
   at GD.Consumer.GoodsBiz.GetAvailableGoods(String userId) in D:\WorkProjects\MultiServices\trunk\BackEnd\Medical\MedicalClient\Consumer\GoodsBiz.cs:line 156
   at GD.API.Controllers.Consumer.StoreManageAppointmentController.AddAppointment(AddAppointmentRequestDto requestDto) in D:\WorkProjects\MultiServices\trunk\BackEnd\Medical\MedicalClient\API\Controllers\Consumer\StoreManageAppointmentController.cs:line 94
   at Microsoft.AspNetCore.Mvc.Internal.ActionMethodExecutor.TaskOfIActionResultExecutor.Execute(IActionResultTypeMapper mapper, ObjectMethodExecutor executor, Object controller, Object[] arguments)
   at Microsoft.AspNetCore.Mvc.Internal.ControllerActionInvoker.InvokeActionMethodAsync()
   at Microsoft.AspNetCore.Mvc.Internal.ControllerActionInvoker.InvokeNextActionFilterAsync()
   at Microsoft.AspNetCore.Mvc.Internal.ControllerActionInvoker.Rethrow(ActionExecutedContext context)
   at Microsoft.AspNetCore.Mvc.Internal.ControllerActionInvoker.Next(State& next, Scope& scope, Object& state, Boolean& isCompleted)
   at Microsoft.AspNetCore.Mvc.Internal.ControllerActionInvoker.InvokeInnerFilterAsync()
   at Microsoft.AspNetCore.Mvc.Internal.ResourceInvoker.InvokeNextExceptionFilterAsync()
10:16:04 ERROR - ::ffff:192.168.0.135
10:16:04 ERROR - MySql.Data.MySqlClient.MySqlException (0x80004005): Column 'creation_date' in order clause is ambiguous
   at MySql.Data.MySqlClient.MySqlStream.ReadPacket()
   at MySql.Data.MySqlClient.NativeDriver.GetResult(Int32& affectedRow, Int64& insertedId)
   at MySql.Data.MySqlClient.Driver.NextResult(Int32 statementId, Boolean force)
   at MySql.Data.MySqlClient.MySqlDataReader.NextResult()
   at MySql.Data.MySqlClient.MySqlCommand.ExecuteReader(CommandBehavior behavior)
   at System.Data.Common.DbCommand.ExecuteDbDataReaderAsync(CommandBehavior behavior, CancellationToken cancellationToken)
--- End of stack trace from previous location where exception was thrown ---
   at Dapper.SqlMapper.QueryAsync[T](IDbConnection cnn, Type effectiveType, CommandDefinition command) in C:\projects\dapper\Dapper\SqlMapper.Async.cs:line 419
   at GD.Consumer.GoodsBiz.GetAvailableGoods(String userId) in D:\WorkProjects\MultiServices\trunk\BackEnd\Medical\MedicalClient\Consumer\GoodsBiz.cs:line 156
   at GD.API.Controllers.Consumer.StoreManageAppointmentController.AddAppointment(AddAppointmentRequestDto requestDto) in D:\WorkProjects\MultiServices\trunk\BackEnd\Medical\MedicalClient\API\Controllers\Consumer\StoreManageAppointmentController.cs:line 94
   at Microsoft.AspNetCore.Mvc.Internal.ActionMethodExecutor.TaskOfIActionResultExecutor.Execute(IActionResultTypeMapper mapper, ObjectMethodExecutor executor, Object controller, Object[] arguments)
   at Microsoft.AspNetCore.Mvc.Internal.ControllerActionInvoker.InvokeActionMethodAsync()
   at Microsoft.AspNetCore.Mvc.Internal.ControllerActionInvoker.InvokeNextActionFilterAsync()
   at Microsoft.AspNetCore.Mvc.Internal.ControllerActionInvoker.Rethrow(ActionExecutedContext context)
   at Microsoft.AspNetCore.Mvc.Internal.ControllerActionInvoker.Next(State& next, Scope& scope, Object& state, Boolean& isCompleted)
   at Microsoft.AspNetCore.Mvc.Internal.ControllerActionInvoker.InvokeInnerFilterAsync()
   at Microsoft.AspNetCore.Mvc.Internal.ResourceInvoker.InvokeNextExceptionFilterAsync()
