10:41:38 INFO  - 开始保存聊天消息数据
10:41:38 INFO  - 聊天消息数据保存完成，共处理条 0 数据。耗时：0时0分0秒680毫秒
10:42:37 INFO  - 开始保存聊天消息数据
10:42:37 INFO  - 聊天消息数据保存完成，共处理条 0 数据。耗时：0时0分0秒11毫秒
10:43:37 INFO  - 开始保存聊天消息数据
10:43:37 INFO  - 聊天消息数据保存完成，共处理条 0 数据。耗时：0时0分0秒12毫秒
10:44:37 INFO  - 开始保存聊天消息数据
10:44:37 INFO  - 聊天消息数据保存完成，共处理条 0 数据。耗时：0时0分0秒12毫秒
10:45:37 INFO  - 开始保存聊天消息数据
10:45:37 INFO  - 聊天消息数据保存完成，共处理条 0 数据。耗时：0时0分0秒11毫秒
10:46:37 INFO  - 开始保存聊天消息数据
10:46:37 INFO  - 聊天消息数据保存完成，共处理条 0 数据。耗时：0时0分0秒11毫秒
10:47:37 INFO  - 开始保存聊天消息数据
10:47:37 INFO  - 聊天消息数据保存完成，共处理条 0 数据。耗时：0时0分0秒11毫秒
10:48:37 INFO  - 开始保存聊天消息数据
10:48:37 INFO  - 聊天消息数据保存完成，共处理条 0 数据。耗时：0时0分0秒11毫秒
10:49:37 INFO  - 开始保存聊天消息数据
10:49:37 INFO  - 聊天消息数据保存完成，共处理条 0 数据。耗时：0时0分0秒13毫秒
10:50:37 INFO  - 开始保存聊天消息数据
10:50:37 INFO  - 聊天消息数据保存完成，共处理条 0 数据。耗时：0时0分0秒8毫秒
10:51:37 INFO  - 开始保存聊天消息数据
10:51:37 INFO  - 聊天消息数据保存完成，共处理条 0 数据。耗时：0时0分0秒10毫秒
10:52:37 INFO  - 开始保存聊天消息数据
10:52:37 INFO  - 聊天消息数据保存完成，共处理条 0 数据。耗时：0时0分0秒13毫秒
10:53:37 INFO  - 开始保存聊天消息数据
10:53:37 INFO  - 聊天消息数据保存完成，共处理条 0 数据。耗时：0时0分0秒11毫秒
10:54:37 INFO  - 开始保存聊天消息数据
10:54:37 INFO  - 聊天消息数据保存完成，共处理条 0 数据。耗时：0时0分0秒12毫秒
10:55:37 INFO  - 开始保存聊天消息数据
10:55:37 INFO  - 聊天消息数据保存完成，共处理条 0 数据。耗时：0时0分0秒11毫秒
10:56:14 INFO  - Executed action GD.API.Controllers.Meal.MealAdminController.Login (API) in 621ms
10:56:18 INFO  - Executed action GD.API.Controllers.Meal.MealAdminController.Login (API) in 78ms
10:56:21 INFO  - Executed action GD.API.Controllers.Meal.MealAdminController.GetMealDishes (API) in 89ms
10:56:22 INFO  - Executed action GD.API.Controllers.Meal.MealAdminController.GetMealCategories (API) in 181ms
10:56:23 INFO  - Executed action GD.API.Controllers.Meal.MealAdminController.GetMealAccounts (API) in 32ms
10:56:25 INFO  - Executed action GD.API.Controllers.Meal.MealAdminController.GetMealAccounts (API) in 22ms
10:56:26 INFO  - Executed action GD.API.Controllers.Meal.MealAdminController.GetMealOperators (API) in 26ms
10:56:28 INFO  - Executed action GD.API.Controllers.Meal.MealAdminController.GetMealAccounts (API) in 23ms
10:56:37 INFO  - 开始保存聊天消息数据
10:56:37 INFO  - 聊天消息数据保存完成，共处理条 0 数据。耗时：0时0分0秒8毫秒
10:56:41 INFO  - Executed action GD.API.Controllers.Meal.MealAdminController.GetMealCategories (API) in 24ms
10:56:44 INFO  - Executed action GD.API.Controllers.Meal.MealAdminController.GetMealDishes (API) in 61ms
10:57:37 INFO  - 开始保存聊天消息数据
10:57:37 INFO  - 聊天消息数据保存完成，共处理条 0 数据。耗时：0时0分0秒15毫秒
10:58:37 INFO  - 开始保存聊天消息数据
10:58:37 INFO  - 聊天消息数据保存完成，共处理条 0 数据。耗时：0时0分0秒11毫秒
10:59:37 INFO  - 开始保存聊天消息数据
10:59:37 INFO  - 聊天消息数据保存完成，共处理条 0 数据。耗时：0时0分0秒11毫秒
11:00:37 INFO  - 开始保存聊天消息数据
11:00:37 INFO  - 聊天消息数据保存完成，共处理条 0 数据。耗时：0时0分0秒10毫秒
11:01:37 INFO  - 开始保存聊天消息数据
11:01:37 INFO  - 聊天消息数据保存完成，共处理条 0 数据。耗时：0时0分0秒11毫秒
11:02:37 INFO  - 开始保存聊天消息数据
11:02:37 INFO  - 聊天消息数据保存完成，共处理条 0 数据。耗时：0时0分0秒11毫秒
11:03:37 INFO  - 开始保存聊天消息数据
11:03:37 INFO  - 聊天消息数据保存完成，共处理条 0 数据。耗时：0时0分0秒11毫秒
11:04:37 INFO  - 开始保存聊天消息数据
11:04:37 INFO  - 聊天消息数据保存完成，共处理条 0 数据。耗时：0时0分0秒11毫秒
11:05:37 INFO  - 开始保存聊天消息数据
11:05:37 INFO  - 聊天消息数据保存完成，共处理条 0 数据。耗时：0时0分0秒11毫秒
11:06:37 INFO  - 开始保存聊天消息数据
11:06:37 INFO  - 聊天消息数据保存完成，共处理条 0 数据。耗时：0时0分0秒11毫秒
11:06:42 INFO  - Executed action GD.API.Controllers.Meal.MealAdminController.GetMealOperators (API) in 65ms
11:06:44 INFO  - Executed action GD.API.Controllers.Meal.MealAdminController.GetMealAccounts (API) in 16ms
11:07:37 INFO  - 开始保存聊天消息数据
11:07:37 INFO  - 聊天消息数据保存完成，共处理条 0 数据。耗时：0时0分0秒11毫秒
11:08:37 INFO  - 开始保存聊天消息数据
11:08:37 INFO  - 聊天消息数据保存完成，共处理条 0 数据。耗时：0时0分0秒11毫秒
11:09:37 INFO  - 开始保存聊天消息数据
11:09:37 INFO  - 聊天消息数据保存完成，共处理条 0 数据。耗时：0时0分0秒11毫秒
11:10:37 INFO  - 开始保存聊天消息数据
11:10:37 INFO  - 聊天消息数据保存完成，共处理条 0 数据。耗时：0时0分0秒8毫秒
11:11:37 INFO  - 开始保存聊天消息数据
11:11:37 INFO  - 聊天消息数据保存完成，共处理条 0 数据。耗时：0时0分0秒10毫秒
11:12:37 INFO  - 开始保存聊天消息数据
11:12:37 INFO  - 聊天消息数据保存完成，共处理条 0 数据。耗时：0时0分0秒9毫秒
11:13:37 INFO  - 开始保存聊天消息数据
11:13:37 INFO  - 聊天消息数据保存完成，共处理条 0 数据。耗时：0时0分0秒11毫秒
11:14:37 INFO  - 开始保存聊天消息数据
11:14:37 INFO  - 聊天消息数据保存完成，共处理条 0 数据。耗时：0时0分0秒11毫秒
11:15:37 INFO  - 开始保存聊天消息数据
11:15:37 INFO  - 聊天消息数据保存完成，共处理条 0 数据。耗时：0时0分0秒12毫秒
11:16:37 INFO  - 开始保存聊天消息数据
11:16:37 INFO  - 聊天消息数据保存完成，共处理条 0 数据。耗时：0时0分0秒12毫秒
11:17:37 INFO  - 开始保存聊天消息数据
11:17:37 INFO  - 聊天消息数据保存完成，共处理条 0 数据。耗时：0时0分0秒11毫秒
11:18:37 INFO  - 开始保存聊天消息数据
11:18:37 INFO  - 聊天消息数据保存完成，共处理条 0 数据。耗时：0时0分0秒8毫秒
11:19:37 INFO  - 开始保存聊天消息数据
11:19:37 INFO  - 聊天消息数据保存完成，共处理条 0 数据。耗时：0时0分0秒11毫秒
11:20:37 INFO  - 开始保存聊天消息数据
11:20:37 INFO  - 聊天消息数据保存完成，共处理条 0 数据。耗时：0时0分0秒12毫秒
11:21:37 INFO  - 开始保存聊天消息数据
11:21:37 INFO  - 聊天消息数据保存完成，共处理条 0 数据。耗时：0时0分0秒11毫秒
11:22:37 INFO  - 开始保存聊天消息数据
11:22:37 INFO  - 聊天消息数据保存完成，共处理条 0 数据。耗时：0时0分0秒11毫秒
11:23:37 INFO  - 开始保存聊天消息数据
11:23:37 INFO  - 聊天消息数据保存完成，共处理条 0 数据。耗时：0时0分0秒8毫秒
11:24:37 INFO  - 开始保存聊天消息数据
11:24:37 INFO  - 聊天消息数据保存完成，共处理条 0 数据。耗时：0时0分0秒16毫秒
11:25:37 INFO  - 开始保存聊天消息数据
11:25:37 INFO  - 聊天消息数据保存完成，共处理条 0 数据。耗时：0时0分0秒8毫秒
11:26:37 INFO  - 开始保存聊天消息数据
11:26:37 INFO  - 聊天消息数据保存完成，共处理条 0 数据。耗时：0时0分0秒11毫秒
11:27:37 INFO  - 开始保存聊天消息数据
11:27:37 INFO  - 聊天消息数据保存完成，共处理条 0 数据。耗时：0时0分0秒11毫秒
11:28:37 INFO  - 开始保存聊天消息数据
11:28:37 INFO  - 聊天消息数据保存完成，共处理条 0 数据。耗时：0时0分0秒11毫秒
11:29:37 INFO  - 开始保存聊天消息数据
11:29:37 INFO  - 聊天消息数据保存完成，共处理条 0 数据。耗时：0时0分0秒10毫秒
11:30:37 INFO  - 开始保存聊天消息数据
11:30:37 INFO  - 聊天消息数据保存完成，共处理条 0 数据。耗时：0时0分0秒11毫秒
11:31:37 INFO  - 开始保存聊天消息数据
11:31:37 INFO  - 聊天消息数据保存完成，共处理条 0 数据。耗时：0时0分0秒12毫秒
11:32:37 INFO  - 开始保存聊天消息数据
11:32:37 INFO  - 聊天消息数据保存完成，共处理条 0 数据。耗时：0时0分0秒11毫秒
11:33:37 INFO  - 开始保存聊天消息数据
11:33:37 INFO  - 聊天消息数据保存完成，共处理条 0 数据。耗时：0时0分0秒8毫秒
11:34:37 INFO  - 开始保存聊天消息数据
11:34:37 INFO  - 聊天消息数据保存完成，共处理条 0 数据。耗时：0时0分0秒12毫秒
11:35:37 INFO  - 开始保存聊天消息数据
11:35:37 INFO  - 聊天消息数据保存完成，共处理条 0 数据。耗时：0时0分0秒12毫秒
11:36:37 INFO  - 开始保存聊天消息数据
11:36:37 INFO  - 聊天消息数据保存完成，共处理条 0 数据。耗时：0时0分0秒17毫秒
11:37:37 INFO  - 开始保存聊天消息数据
11:37:37 INFO  - 聊天消息数据保存完成，共处理条 0 数据。耗时：0时0分0秒10毫秒
11:38:37 INFO  - 开始保存聊天消息数据
11:38:37 INFO  - 聊天消息数据保存完成，共处理条 0 数据。耗时：0时0分0秒11毫秒
11:39:37 INFO  - 开始保存聊天消息数据
11:39:37 INFO  - 聊天消息数据保存完成，共处理条 0 数据。耗时：0时0分0秒11毫秒
11:40:37 INFO  - 开始保存聊天消息数据
11:40:37 INFO  - 聊天消息数据保存完成，共处理条 0 数据。耗时：0时0分0秒14毫秒
11:41:37 INFO  - 开始保存聊天消息数据
11:41:37 INFO  - 聊天消息数据保存完成，共处理条 0 数据。耗时：0时0分0秒13毫秒
11:42:37 INFO  - 开始保存聊天消息数据
11:42:37 INFO  - 聊天消息数据保存完成，共处理条 0 数据。耗时：0时0分0秒11毫秒
11:43:37 INFO  - 开始保存聊天消息数据
11:43:37 INFO  - 聊天消息数据保存完成，共处理条 0 数据。耗时：0时0分0秒13毫秒
11:44:37 INFO  - 开始保存聊天消息数据
11:44:37 INFO  - 聊天消息数据保存完成，共处理条 0 数据。耗时：0时0分0秒13毫秒
11:45:37 INFO  - 开始保存聊天消息数据
11:45:37 INFO  - 聊天消息数据保存完成，共处理条 0 数据。耗时：0时0分0秒16毫秒
11:46:37 INFO  - 开始保存聊天消息数据
11:46:37 INFO  - 聊天消息数据保存完成，共处理条 0 数据。耗时：0时0分0秒8毫秒
11:47:37 INFO  - 开始保存聊天消息数据
11:47:37 INFO  - 聊天消息数据保存完成，共处理条 0 数据。耗时：0时0分0秒11毫秒
11:48:37 INFO  - 开始保存聊天消息数据
11:48:37 INFO  - 聊天消息数据保存完成，共处理条 0 数据。耗时：0时0分0秒12毫秒
11:49:37 INFO  - 开始保存聊天消息数据
11:49:37 INFO  - 聊天消息数据保存完成，共处理条 0 数据。耗时：0时0分0秒12毫秒
11:50:37 INFO  - 开始保存聊天消息数据
11:50:37 INFO  - 聊天消息数据保存完成，共处理条 0 数据。耗时：0时0分0秒12毫秒
11:51:37 INFO  - 开始保存聊天消息数据
11:51:37 INFO  - 聊天消息数据保存完成，共处理条 0 数据。耗时：0时0分0秒12毫秒
11:52:37 INFO  - 开始保存聊天消息数据
11:52:37 INFO  - 聊天消息数据保存完成，共处理条 0 数据。耗时：0时0分0秒12毫秒
11:53:37 INFO  - 开始保存聊天消息数据
11:53:37 INFO  - 聊天消息数据保存完成，共处理条 0 数据。耗时：0时0分0秒12毫秒
11:54:37 INFO  - 开始保存聊天消息数据
11:54:37 INFO  - 聊天消息数据保存完成，共处理条 0 数据。耗时：0时0分0秒11毫秒
11:55:37 INFO  - 开始保存聊天消息数据
11:55:37 INFO  - 聊天消息数据保存完成，共处理条 0 数据。耗时：0时0分0秒12毫秒
11:56:37 INFO  - 开始保存聊天消息数据
11:56:37 INFO  - 聊天消息数据保存完成，共处理条 0 数据。耗时：0时0分0秒11毫秒
11:57:37 INFO  - 开始保存聊天消息数据
11:57:37 INFO  - 聊天消息数据保存完成，共处理条 0 数据。耗时：0时0分0秒10毫秒
11:58:37 INFO  - 开始保存聊天消息数据
11:58:37 INFO  - 聊天消息数据保存完成，共处理条 0 数据。耗时：0时0分0秒11毫秒
11:59:37 INFO  - 开始保存聊天消息数据
11:59:37 INFO  - 聊天消息数据保存完成，共处理条 0 数据。耗时：0时0分0秒11毫秒
12:00:37 INFO  - 开始保存聊天消息数据
12:00:37 INFO  - 聊天消息数据保存完成，共处理条 0 数据。耗时：0时0分0秒14毫秒
12:01:37 INFO  - 开始保存聊天消息数据
12:01:37 INFO  - 聊天消息数据保存完成，共处理条 0 数据。耗时：0时0分0秒12毫秒
12:02:37 INFO  - 开始保存聊天消息数据
12:02:37 INFO  - 聊天消息数据保存完成，共处理条 0 数据。耗时：0时0分0秒12毫秒
12:03:37 INFO  - 开始保存聊天消息数据
12:03:37 INFO  - 聊天消息数据保存完成，共处理条 0 数据。耗时：0时0分0秒12毫秒
12:04:37 INFO  - 开始保存聊天消息数据
12:04:37 INFO  - 聊天消息数据保存完成，共处理条 0 数据。耗时：0时0分0秒12毫秒
12:05:37 INFO  - 开始保存聊天消息数据
12:05:37 INFO  - 聊天消息数据保存完成，共处理条 0 数据。耗时：0时0分0秒12毫秒
12:06:37 INFO  - 开始保存聊天消息数据
12:06:37 INFO  - 聊天消息数据保存完成，共处理条 0 数据。耗时：0时0分0秒11毫秒
12:07:37 INFO  - 开始保存聊天消息数据
12:07:37 INFO  - 聊天消息数据保存完成，共处理条 0 数据。耗时：0时0分0秒10毫秒
12:08:37 INFO  - 开始保存聊天消息数据
12:08:37 INFO  - 聊天消息数据保存完成，共处理条 0 数据。耗时：0时0分0秒11毫秒
12:09:37 INFO  - 开始保存聊天消息数据
12:09:37 INFO  - 聊天消息数据保存完成，共处理条 0 数据。耗时：0时0分0秒11毫秒
12:10:37 INFO  - 开始保存聊天消息数据
12:10:37 INFO  - 聊天消息数据保存完成，共处理条 0 数据。耗时：0时0分0秒18毫秒
12:11:37 INFO  - 开始保存聊天消息数据
12:11:37 INFO  - 聊天消息数据保存完成，共处理条 0 数据。耗时：0时0分0秒8毫秒
12:12:37 INFO  - 开始保存聊天消息数据
12:12:37 INFO  - 聊天消息数据保存完成，共处理条 0 数据。耗时：0时0分0秒12毫秒
12:13:37 INFO  - 开始保存聊天消息数据
12:13:37 INFO  - 聊天消息数据保存完成，共处理条 0 数据。耗时：0时0分0秒12毫秒
12:14:37 INFO  - 开始保存聊天消息数据
12:14:37 INFO  - 聊天消息数据保存完成，共处理条 0 数据。耗时：0时0分0秒21毫秒
12:15:37 INFO  - 开始保存聊天消息数据
12:15:37 INFO  - 聊天消息数据保存完成，共处理条 0 数据。耗时：0时0分0秒13毫秒
12:16:37 INFO  - 开始保存聊天消息数据
12:16:37 INFO  - 聊天消息数据保存完成，共处理条 0 数据。耗时：0时0分0秒12毫秒
12:17:37 INFO  - 开始保存聊天消息数据
12:17:37 INFO  - 聊天消息数据保存完成，共处理条 0 数据。耗时：0时0分0秒11毫秒
12:18:37 INFO  - 开始保存聊天消息数据
12:18:37 INFO  - 聊天消息数据保存完成，共处理条 0 数据。耗时：0时0分0秒11毫秒
12:19:37 INFO  - 开始保存聊天消息数据
12:19:37 INFO  - 聊天消息数据保存完成，共处理条 0 数据。耗时：0时0分0秒11毫秒
12:20:37 INFO  - 开始保存聊天消息数据
12:20:37 INFO  - 聊天消息数据保存完成，共处理条 0 数据。耗时：0时0分0秒19毫秒
12:21:37 INFO  - 开始保存聊天消息数据
12:21:37 INFO  - 聊天消息数据保存完成，共处理条 0 数据。耗时：0时0分0秒24毫秒
12:22:37 INFO  - 开始保存聊天消息数据
12:22:37 INFO  - 聊天消息数据保存完成，共处理条 0 数据。耗时：0时0分0秒11毫秒
12:23:37 INFO  - 开始保存聊天消息数据
12:23:37 INFO  - 聊天消息数据保存完成，共处理条 0 数据。耗时：0时0分0秒7毫秒
12:24:37 INFO  - 开始保存聊天消息数据
12:24:37 INFO  - 聊天消息数据保存完成，共处理条 0 数据。耗时：0时0分0秒7毫秒
12:25:37 INFO  - 开始保存聊天消息数据
12:25:37 INFO  - 聊天消息数据保存完成，共处理条 0 数据。耗时：0时0分0秒12毫秒
12:26:37 INFO  - 开始保存聊天消息数据
12:26:37 INFO  - 聊天消息数据保存完成，共处理条 0 数据。耗时：0时0分0秒13毫秒
12:27:37 INFO  - 开始保存聊天消息数据
12:27:37 INFO  - 聊天消息数据保存完成，共处理条 0 数据。耗时：0时0分0秒11毫秒
12:28:37 INFO  - 开始保存聊天消息数据
12:28:37 INFO  - 聊天消息数据保存完成，共处理条 0 数据。耗时：0时0分0秒12毫秒
12:29:37 INFO  - 开始保存聊天消息数据
12:29:37 INFO  - 聊天消息数据保存完成，共处理条 0 数据。耗时：0时0分0秒11毫秒
12:30:37 INFO  - 开始保存聊天消息数据
12:30:37 INFO  - 聊天消息数据保存完成，共处理条 0 数据。耗时：0时0分0秒11毫秒
12:31:37 INFO  - 开始保存聊天消息数据
12:31:37 INFO  - 聊天消息数据保存完成，共处理条 0 数据。耗时：0时0分0秒16毫秒
12:32:37 INFO  - 开始保存聊天消息数据
12:32:37 INFO  - 聊天消息数据保存完成，共处理条 0 数据。耗时：0时0分0秒11毫秒
12:33:37 INFO  - 开始保存聊天消息数据
12:33:37 INFO  - 聊天消息数据保存完成，共处理条 0 数据。耗时：0时0分0秒11毫秒
12:34:37 INFO  - 开始保存聊天消息数据
12:34:37 INFO  - 聊天消息数据保存完成，共处理条 0 数据。耗时：0时0分0秒15毫秒
12:35:37 INFO  - 开始保存聊天消息数据
12:35:37 INFO  - 聊天消息数据保存完成，共处理条 0 数据。耗时：0时0分0秒13毫秒
12:36:37 INFO  - 开始保存聊天消息数据
12:36:37 INFO  - 聊天消息数据保存完成，共处理条 0 数据。耗时：0时0分0秒11毫秒
12:37:37 INFO  - 开始保存聊天消息数据
12:37:37 INFO  - 聊天消息数据保存完成，共处理条 0 数据。耗时：0时0分0秒8毫秒
12:38:37 INFO  - 开始保存聊天消息数据
12:38:37 INFO  - 聊天消息数据保存完成，共处理条 0 数据。耗时：0时0分0秒11毫秒
12:39:37 INFO  - 开始保存聊天消息数据
12:39:37 INFO  - 聊天消息数据保存完成，共处理条 0 数据。耗时：0时0分0秒11毫秒
12:40:37 INFO  - 开始保存聊天消息数据
12:40:37 INFO  - 聊天消息数据保存完成，共处理条 0 数据。耗时：0时0分0秒11毫秒
12:41:37 INFO  - 开始保存聊天消息数据
12:41:37 INFO  - 聊天消息数据保存完成，共处理条 0 数据。耗时：0时0分0秒11毫秒
12:42:37 INFO  - 开始保存聊天消息数据
12:42:37 INFO  - 聊天消息数据保存完成，共处理条 0 数据。耗时：0时0分0秒11毫秒
12:43:37 INFO  - 开始保存聊天消息数据
12:43:37 INFO  - 聊天消息数据保存完成，共处理条 0 数据。耗时：0时0分0秒13毫秒
12:44:37 INFO  - 开始保存聊天消息数据
12:44:37 INFO  - 聊天消息数据保存完成，共处理条 0 数据。耗时：0时0分0秒11毫秒
12:45:37 INFO  - 开始保存聊天消息数据
12:45:37 INFO  - 聊天消息数据保存完成，共处理条 0 数据。耗时：0时0分0秒10毫秒
12:46:37 INFO  - 开始保存聊天消息数据
12:46:37 INFO  - 聊天消息数据保存完成，共处理条 0 数据。耗时：0时0分0秒13毫秒
12:47:37 INFO  - 开始保存聊天消息数据
12:47:37 INFO  - 聊天消息数据保存完成，共处理条 0 数据。耗时：0时0分0秒11毫秒
12:48:37 INFO  - 开始保存聊天消息数据
12:48:37 INFO  - 聊天消息数据保存完成，共处理条 0 数据。耗时：0时0分0秒12毫秒
12:49:37 INFO  - 开始保存聊天消息数据
12:49:37 INFO  - 聊天消息数据保存完成，共处理条 0 数据。耗时：0时0分0秒11毫秒
12:50:37 INFO  - 开始保存聊天消息数据
12:50:37 INFO  - 聊天消息数据保存完成，共处理条 0 数据。耗时：0时0分0秒14毫秒
12:51:37 INFO  - 开始保存聊天消息数据
12:51:37 INFO  - 聊天消息数据保存完成，共处理条 0 数据。耗时：0时0分0秒31毫秒
12:52:37 INFO  - 开始保存聊天消息数据
12:52:37 INFO  - 聊天消息数据保存完成，共处理条 0 数据。耗时：0时0分0秒11毫秒
12:53:37 INFO  - 开始保存聊天消息数据
12:53:37 INFO  - 聊天消息数据保存完成，共处理条 0 数据。耗时：0时0分0秒11毫秒
12:54:37 INFO  - 开始保存聊天消息数据
12:54:37 INFO  - 聊天消息数据保存完成，共处理条 0 数据。耗时：0时0分0秒14毫秒
12:55:37 INFO  - 开始保存聊天消息数据
12:55:37 INFO  - 聊天消息数据保存完成，共处理条 0 数据。耗时：0时0分0秒11毫秒
12:56:37 INFO  - 开始保存聊天消息数据
12:56:37 INFO  - 聊天消息数据保存完成，共处理条 0 数据。耗时：0时0分0秒11毫秒
12:57:37 INFO  - 开始保存聊天消息数据
12:57:37 INFO  - 聊天消息数据保存完成，共处理条 0 数据。耗时：0时0分0秒8毫秒
12:58:37 INFO  - 开始保存聊天消息数据
12:58:37 INFO  - 聊天消息数据保存完成，共处理条 0 数据。耗时：0时0分0秒11毫秒
12:59:37 INFO  - 开始保存聊天消息数据
12:59:37 INFO  - 聊天消息数据保存完成，共处理条 0 数据。耗时：0时0分0秒11毫秒
13:00:37 INFO  - 开始保存聊天消息数据
13:00:37 INFO  - 聊天消息数据保存完成，共处理条 0 数据。耗时：0时0分0秒11毫秒
13:01:37 INFO  - 开始保存聊天消息数据
13:01:37 INFO  - 聊天消息数据保存完成，共处理条 0 数据。耗时：0时0分0秒15毫秒
13:02:37 INFO  - 开始保存聊天消息数据
13:02:37 INFO  - 聊天消息数据保存完成，共处理条 0 数据。耗时：0时0分0秒11毫秒
13:03:37 INFO  - 开始保存聊天消息数据
13:03:37 INFO  - 聊天消息数据保存完成，共处理条 0 数据。耗时：0时0分0秒11毫秒
13:04:37 INFO  - 开始保存聊天消息数据
13:04:37 INFO  - 聊天消息数据保存完成，共处理条 0 数据。耗时：0时0分0秒12毫秒
13:05:37 INFO  - 开始保存聊天消息数据
13:05:37 INFO  - 聊天消息数据保存完成，共处理条 0 数据。耗时：0时0分0秒7毫秒
13:06:37 INFO  - 开始保存聊天消息数据
13:06:37 INFO  - 聊天消息数据保存完成，共处理条 0 数据。耗时：0时0分0秒12毫秒
13:07:37 INFO  - 开始保存聊天消息数据
13:07:37 INFO  - 聊天消息数据保存完成，共处理条 0 数据。耗时：0时0分0秒11毫秒
13:08:37 INFO  - 开始保存聊天消息数据
13:08:37 INFO  - 聊天消息数据保存完成，共处理条 0 数据。耗时：0时0分0秒11毫秒
13:09:37 INFO  - 开始保存聊天消息数据
13:09:37 INFO  - 聊天消息数据保存完成，共处理条 0 数据。耗时：0时0分0秒17毫秒
13:10:37 INFO  - 开始保存聊天消息数据
13:10:37 INFO  - 聊天消息数据保存完成，共处理条 0 数据。耗时：0时0分0秒19毫秒
13:11:37 INFO  - 开始保存聊天消息数据
13:11:37 INFO  - 聊天消息数据保存完成，共处理条 0 数据。耗时：0时0分0秒10毫秒
13:12:37 INFO  - 开始保存聊天消息数据
13:12:37 INFO  - 聊天消息数据保存完成，共处理条 0 数据。耗时：0时0分0秒13毫秒
13:13:37 INFO  - 开始保存聊天消息数据
13:13:37 INFO  - 聊天消息数据保存完成，共处理条 0 数据。耗时：0时0分0秒8毫秒
13:14:37 INFO  - 开始保存聊天消息数据
13:14:37 INFO  - 聊天消息数据保存完成，共处理条 0 数据。耗时：0时0分0秒11毫秒
13:15:37 INFO  - 开始保存聊天消息数据
13:15:37 INFO  - 聊天消息数据保存完成，共处理条 0 数据。耗时：0时0分0秒19毫秒
13:16:37 INFO  - 开始保存聊天消息数据
13:16:37 INFO  - 聊天消息数据保存完成，共处理条 0 数据。耗时：0时0分0秒7毫秒
13:17:37 INFO  - 开始保存聊天消息数据
13:17:37 INFO  - 聊天消息数据保存完成，共处理条 0 数据。耗时：0时0分0秒7毫秒
13:18:37 INFO  - 开始保存聊天消息数据
13:18:37 INFO  - 聊天消息数据保存完成，共处理条 0 数据。耗时：0时0分0秒11毫秒
13:19:37 INFO  - 开始保存聊天消息数据
13:19:37 INFO  - 聊天消息数据保存完成，共处理条 0 数据。耗时：0时0分0秒10毫秒
13:20:37 INFO  - 开始保存聊天消息数据
13:20:37 INFO  - 聊天消息数据保存完成，共处理条 0 数据。耗时：0时0分0秒11毫秒
13:21:37 INFO  - 开始保存聊天消息数据
13:21:37 INFO  - 聊天消息数据保存完成，共处理条 0 数据。耗时：0时0分0秒12毫秒
13:22:37 INFO  - 开始保存聊天消息数据
13:22:37 INFO  - 聊天消息数据保存完成，共处理条 0 数据。耗时：0时0分0秒11毫秒
13:23:37 INFO  - 开始保存聊天消息数据
13:23:37 INFO  - 聊天消息数据保存完成，共处理条 0 数据。耗时：0时0分0秒11毫秒
13:24:37 INFO  - 开始保存聊天消息数据
13:24:37 INFO  - 聊天消息数据保存完成，共处理条 0 数据。耗时：0时0分0秒11毫秒
13:25:37 INFO  - 开始保存聊天消息数据
13:25:37 INFO  - 聊天消息数据保存完成，共处理条 0 数据。耗时：0时0分0秒14毫秒
13:26:37 INFO  - 开始保存聊天消息数据
13:26:37 INFO  - 聊天消息数据保存完成，共处理条 0 数据。耗时：0时0分0秒11毫秒
13:27:37 INFO  - 开始保存聊天消息数据
13:27:37 INFO  - 聊天消息数据保存完成，共处理条 0 数据。耗时：0时0分0秒16毫秒
13:28:37 INFO  - 开始保存聊天消息数据
13:28:37 INFO  - 聊天消息数据保存完成，共处理条 0 数据。耗时：0时0分0秒13毫秒
13:29:37 INFO  - 开始保存聊天消息数据
13:29:37 INFO  - 聊天消息数据保存完成，共处理条 0 数据。耗时：0时0分0秒12毫秒
13:30:37 INFO  - 开始保存聊天消息数据
13:30:37 INFO  - 聊天消息数据保存完成，共处理条 0 数据。耗时：0时0分0秒11毫秒
13:31:37 INFO  - 开始保存聊天消息数据
13:31:37 INFO  - 聊天消息数据保存完成，共处理条 0 数据。耗时：0时0分0秒12毫秒
13:32:37 INFO  - 开始保存聊天消息数据
13:32:37 INFO  - 聊天消息数据保存完成，共处理条 0 数据。耗时：0时0分0秒13毫秒
13:33:37 INFO  - 开始保存聊天消息数据
13:33:37 INFO  - 聊天消息数据保存完成，共处理条 0 数据。耗时：0时0分0秒25毫秒
13:34:37 INFO  - 开始保存聊天消息数据
13:34:37 INFO  - 聊天消息数据保存完成，共处理条 0 数据。耗时：0时0分0秒12毫秒
13:35:37 INFO  - 开始保存聊天消息数据
13:35:37 INFO  - 聊天消息数据保存完成，共处理条 0 数据。耗时：0时0分0秒12毫秒
13:36:37 INFO  - 开始保存聊天消息数据
13:36:37 INFO  - 聊天消息数据保存完成，共处理条 0 数据。耗时：0时0分0秒12毫秒
13:37:37 INFO  - 开始保存聊天消息数据
13:37:37 INFO  - 聊天消息数据保存完成，共处理条 0 数据。耗时：0时0分0秒11毫秒
13:38:37 INFO  - 开始保存聊天消息数据
13:38:37 INFO  - 聊天消息数据保存完成，共处理条 0 数据。耗时：0时0分0秒7毫秒
13:39:37 INFO  - 开始保存聊天消息数据
13:39:37 INFO  - 聊天消息数据保存完成，共处理条 0 数据。耗时：0时0分0秒11毫秒
13:40:37 INFO  - 开始保存聊天消息数据
13:40:37 INFO  - 聊天消息数据保存完成，共处理条 0 数据。耗时：0时0分0秒12毫秒
13:41:37 INFO  - 开始保存聊天消息数据
13:41:37 INFO  - 聊天消息数据保存完成，共处理条 0 数据。耗时：0时0分0秒11毫秒
13:41:59 INFO  - Executed action GD.API.Controllers.Meal.MealAdminController.GetMealOperators (API) in 96ms
13:42:28 INFO  - Executed action GD.API.Controllers.Meal.MealAdminController.CreateMealOperator (API) in 406ms
13:42:28 INFO  - Executed action GD.API.Controllers.Meal.MealAdminController.GetMealOperators (API) in 26ms
13:42:37 INFO  - 开始保存聊天消息数据
13:42:37 INFO  - 聊天消息数据保存完成，共处理条 0 数据。耗时：0时0分0秒9毫秒
13:42:46 INFO  - Executed action GD.API.Controllers.Meal.MealAdminController.GetMealAccounts (API) in 24ms
13:43:37 INFO  - 开始保存聊天消息数据
13:43:37 INFO  - 聊天消息数据保存完成，共处理条 0 数据。耗时：0时0分0秒11毫秒
13:44:37 INFO  - 开始保存聊天消息数据
13:44:37 INFO  - 聊天消息数据保存完成，共处理条 0 数据。耗时：0时0分0秒11毫秒
13:45:37 INFO  - 开始保存聊天消息数据
13:45:37 INFO  - 聊天消息数据保存完成，共处理条 0 数据。耗时：0时0分0秒11毫秒
13:46:37 INFO  - 开始保存聊天消息数据
13:46:37 INFO  - 聊天消息数据保存完成，共处理条 0 数据。耗时：0时0分0秒16毫秒
13:47:37 INFO  - 开始保存聊天消息数据
13:47:37 INFO  - 聊天消息数据保存完成，共处理条 0 数据。耗时：0时0分0秒8毫秒
13:48:37 INFO  - 开始保存聊天消息数据
13:48:37 INFO  - 聊天消息数据保存完成，共处理条 0 数据。耗时：0时0分0秒12毫秒
13:49:37 INFO  - 开始保存聊天消息数据
13:49:37 INFO  - 聊天消息数据保存完成，共处理条 0 数据。耗时：0时0分0秒10毫秒
13:50:37 INFO  - 开始保存聊天消息数据
13:50:37 INFO  - 聊天消息数据保存完成，共处理条 0 数据。耗时：0时0分0秒11毫秒
13:51:37 INFO  - 开始保存聊天消息数据
13:51:37 INFO  - 聊天消息数据保存完成，共处理条 0 数据。耗时：0时0分0秒12毫秒
13:52:37 INFO  - 开始保存聊天消息数据
13:52:37 INFO  - 聊天消息数据保存完成，共处理条 0 数据。耗时：0时0分0秒11毫秒
13:53:37 INFO  - 开始保存聊天消息数据
13:53:37 INFO  - 聊天消息数据保存完成，共处理条 0 数据。耗时：0时0分0秒10毫秒
13:54:37 INFO  - 开始保存聊天消息数据
13:54:37 INFO  - 聊天消息数据保存完成，共处理条 0 数据。耗时：0时0分0秒10毫秒
13:55:37 INFO  - 开始保存聊天消息数据
13:55:37 INFO  - 聊天消息数据保存完成，共处理条 0 数据。耗时：0时0分0秒11毫秒
13:56:37 INFO  - 开始保存聊天消息数据
13:56:37 INFO  - 聊天消息数据保存完成，共处理条 0 数据。耗时：0时0分0秒19毫秒
13:57:37 INFO  - 开始保存聊天消息数据
13:57:37 INFO  - 聊天消息数据保存完成，共处理条 0 数据。耗时：0时0分0秒11毫秒
13:58:37 INFO  - 开始保存聊天消息数据
13:58:37 INFO  - 聊天消息数据保存完成，共处理条 0 数据。耗时：0时0分0秒11毫秒
13:59:37 INFO  - 开始保存聊天消息数据
13:59:37 INFO  - 聊天消息数据保存完成，共处理条 0 数据。耗时：0时0分0秒11毫秒
14:00:37 INFO  - 开始保存聊天消息数据
14:00:37 INFO  - 聊天消息数据保存完成，共处理条 0 数据。耗时：0时0分0秒12毫秒
14:01:37 INFO  - 开始保存聊天消息数据
14:01:37 INFO  - 聊天消息数据保存完成，共处理条 0 数据。耗时：0时0分0秒27毫秒
14:02:37 INFO  - 开始保存聊天消息数据
14:02:37 INFO  - 聊天消息数据保存完成，共处理条 0 数据。耗时：0时0分0秒12毫秒
14:03:37 INFO  - 开始保存聊天消息数据
14:03:37 INFO  - 聊天消息数据保存完成，共处理条 0 数据。耗时：0时0分0秒11毫秒
14:03:58 INFO  - Executed action GD.API.Controllers.Meal.MealAdminController.GetMealAccounts (API) in 101ms
14:03:58 INFO  - Executed action GD.API.Controllers.Meal.MealAdminController.GetMealAccounts (API) in 28ms
14:04:36 INFO  - Executed action GD.API.Controllers.Meal.MealAdminController.GetMealAccounts (API) in 52ms
14:04:37 INFO  - 开始保存聊天消息数据
14:04:37 INFO  - 聊天消息数据保存完成，共处理条 0 数据。耗时：0时0分0秒8毫秒
14:04:39 INFO  - Executed action GD.API.Controllers.Meal.MealAdminController.GetMealAccounts (API) in 57ms
14:04:39 INFO  - Executed action GD.API.Controllers.Meal.MealAdminController.GetMealAccounts (API) in 51ms
14:04:41 INFO  - Executed action GD.API.Controllers.Meal.MealAdminController.GetMealAccounts (API) in 27ms
14:04:50 INFO  - Executed action GD.API.Controllers.Meal.MealAdminController.GetMealAccounts (API) in 27ms
14:04:55 INFO  - Executed action GD.API.Controllers.Meal.MealAdminController.GetMealAccounts (API) in 49ms
14:05:07 INFO  - Executed action GD.API.Controllers.Meal.MealAdminController.GetMealAccounts (API) in 53ms
14:05:13 INFO  - Executed action GD.API.Controllers.Meal.MealAdminController.GetMealAccountDetails (API) in 93ms
14:05:15 INFO  - Executed action GD.API.Controllers.Meal.MealAdminController.GetMealAccounts (API) in 26ms
14:05:16 INFO  - Executed action GD.API.Controllers.Meal.MealAdminController.GetMealAccounts (API) in 26ms
14:05:17 INFO  - Executed action GD.API.Controllers.Meal.MealAdminController.GetMealAccounts (API) in 26ms
14:05:18 INFO  - Executed action GD.API.Controllers.Meal.MealAdminController.GetMealAccounts (API) in 25ms
14:05:18 INFO  - Executed action GD.API.Controllers.Meal.MealAdminController.GetMealAccounts (API) in 26ms
14:05:32 INFO  - Executed action GD.API.Controllers.Meal.MealAdminController.GetMealAccounts (API) in 26ms
14:05:37 INFO  - 开始保存聊天消息数据
14:05:37 INFO  - 聊天消息数据保存完成，共处理条 0 数据。耗时：0时0分0秒8毫秒
14:05:45 INFO  - Executed action GD.API.Controllers.Meal.MealAdminController.GetMealAccounts (API) in 51ms
14:05:54 INFO  - Executed action GD.API.Controllers.Meal.MealAdminController.GetMealAccountDetails (API) in 69ms
14:05:55 INFO  - Executed action GD.API.Controllers.Meal.MealAdminController.GetMealAccounts (API) in 26ms
14:05:57 INFO  - Executed action GD.API.Controllers.Meal.MealAdminController.GetMealAccounts (API) in 51ms
14:05:59 INFO  - Executed action GD.API.Controllers.Meal.MealAdminController.GetMealAccounts (API) in 26ms
14:06:19 INFO  - Executed action GD.API.Controllers.Meal.MealAdminController.GetMealAccounts (API) in 51ms
14:06:31 INFO  - Executed action GD.API.Controllers.Meal.MealAdminController.UpdateMealAccountIdentity (API) in 127ms
14:06:31 INFO  - Executed action GD.API.Controllers.Meal.MealAdminController.GetMealAccounts (API) in 25ms
14:06:35 INFO  - Executed action GD.API.Controllers.Meal.MealAdminController.GetMealAccountDetails (API) in 70ms
14:06:37 INFO  - Executed action GD.API.Controllers.Meal.MealAdminController.GetMealAccounts (API) in 26ms
14:06:37 INFO  - 开始保存聊天消息数据
14:06:37 INFO  - 聊天消息数据保存完成，共处理条 0 数据。耗时：0时0分0秒8毫秒
14:06:38 INFO  - Executed action GD.API.Controllers.Meal.MealAdminController.GetMealAccounts (API) in 25ms
14:07:18 INFO  - Executed action GD.API.Controllers.Meal.MealAdminController.RechargeAccountRechargeOrDeduction (API) in 107ms
14:07:18 INFO  - Executed action GD.API.Controllers.Meal.MealAdminController.GetMealAccounts (API) in 27ms
14:07:29 INFO  - Executed action GD.API.Controllers.Meal.MealAdminController.GrantAccountRechargeOrDeduction (API) in 96ms
14:07:29 INFO  - Executed action GD.API.Controllers.Meal.MealAdminController.GetMealAccounts (API) in 27ms
14:07:37 INFO  - 开始保存聊天消息数据
14:07:37 INFO  - 聊天消息数据保存完成，共处理条 0 数据。耗时：0时0分0秒8毫秒
14:08:37 INFO  - 开始保存聊天消息数据
14:08:37 INFO  - 聊天消息数据保存完成，共处理条 0 数据。耗时：0时0分0秒13毫秒
14:09:37 INFO  - 开始保存聊天消息数据
14:09:37 INFO  - 聊天消息数据保存完成，共处理条 0 数据。耗时：0时0分0秒12毫秒
14:10:37 INFO  - 开始保存聊天消息数据
14:10:37 INFO  - 聊天消息数据保存完成，共处理条 0 数据。耗时：0时0分0秒11毫秒
14:11:37 INFO  - 开始保存聊天消息数据
14:11:37 INFO  - 聊天消息数据保存完成，共处理条 0 数据。耗时：0时0分0秒12毫秒
14:12:37 INFO  - 开始保存聊天消息数据
14:12:37 INFO  - 聊天消息数据保存完成，共处理条 0 数据。耗时：0时0分0秒9毫秒
14:13:37 INFO  - 开始保存聊天消息数据
14:13:37 INFO  - 聊天消息数据保存完成，共处理条 0 数据。耗时：0时0分0秒12毫秒
14:14:37 INFO  - 开始保存聊天消息数据
14:14:37 INFO  - 聊天消息数据保存完成，共处理条 0 数据。耗时：0时0分0秒13毫秒
14:15:37 INFO  - 开始保存聊天消息数据
14:15:37 INFO  - 聊天消息数据保存完成，共处理条 0 数据。耗时：0时0分0秒8毫秒
14:16:37 INFO  - 开始保存聊天消息数据
14:16:37 INFO  - 聊天消息数据保存完成，共处理条 0 数据。耗时：0时0分0秒28毫秒
14:17:37 INFO  - 开始保存聊天消息数据
14:17:37 INFO  - 聊天消息数据保存完成，共处理条 0 数据。耗时：0时0分0秒12毫秒
14:18:37 INFO  - 开始保存聊天消息数据
14:18:37 INFO  - 聊天消息数据保存完成，共处理条 0 数据。耗时：0时0分0秒12毫秒
14:19:37 INFO  - 开始保存聊天消息数据
14:19:37 INFO  - 聊天消息数据保存完成，共处理条 0 数据。耗时：0时0分0秒8毫秒
14:20:37 INFO  - 开始保存聊天消息数据
14:20:37 INFO  - 聊天消息数据保存完成，共处理条 0 数据。耗时：0时0分0秒11毫秒
14:21:37 INFO  - 开始保存聊天消息数据
14:21:37 INFO  - 聊天消息数据保存完成，共处理条 0 数据。耗时：0时0分0秒11毫秒
14:22:37 INFO  - 开始保存聊天消息数据
14:22:37 INFO  - 聊天消息数据保存完成，共处理条 0 数据。耗时：0时0分0秒12毫秒
14:23:37 INFO  - 开始保存聊天消息数据
14:23:37 INFO  - 聊天消息数据保存完成，共处理条 0 数据。耗时：0时0分0秒11毫秒
14:24:37 INFO  - 开始保存聊天消息数据
14:24:37 INFO  - 聊天消息数据保存完成，共处理条 0 数据。耗时：0时0分0秒12毫秒
14:25:37 INFO  - 开始保存聊天消息数据
14:25:37 INFO  - 聊天消息数据保存完成，共处理条 0 数据。耗时：0时0分0秒12毫秒
14:26:37 INFO  - 开始保存聊天消息数据
14:26:37 INFO  - 聊天消息数据保存完成，共处理条 0 数据。耗时：0时0分0秒19毫秒
14:27:37 INFO  - 开始保存聊天消息数据
14:27:37 INFO  - 聊天消息数据保存完成，共处理条 0 数据。耗时：0时0分0秒7毫秒
14:28:37 INFO  - 开始保存聊天消息数据
14:28:37 INFO  - 聊天消息数据保存完成，共处理条 0 数据。耗时：0时0分0秒11毫秒
14:29:37 INFO  - 开始保存聊天消息数据
14:29:37 INFO  - 聊天消息数据保存完成，共处理条 0 数据。耗时：0时0分0秒12毫秒
14:30:37 INFO  - 开始保存聊天消息数据
14:30:37 INFO  - 聊天消息数据保存完成，共处理条 0 数据。耗时：0时0分0秒11毫秒
14:30:45 INFO  - Executed action GD.API.Controllers.Meal.MealAdminController.GetMealOperators (API) in 86ms
14:30:53 INFO  - Executed action GD.API.Controllers.Meal.MealAdminController.GetMealAccounts (API) in 24ms
14:30:54 INFO  - Executed action GD.API.Controllers.Meal.MealAdminController.GetMealAccountDetails (API) in 72ms
14:31:37 INFO  - 开始保存聊天消息数据
14:31:37 INFO  - 聊天消息数据保存完成，共处理条 0 数据。耗时：0时0分0秒24毫秒
14:32:37 INFO  - 开始保存聊天消息数据
14:32:37 INFO  - 聊天消息数据保存完成，共处理条 0 数据。耗时：0时0分0秒11毫秒
14:33:37 INFO  - 开始保存聊天消息数据
14:33:37 INFO  - 聊天消息数据保存完成，共处理条 0 数据。耗时：0时0分0秒44毫秒
14:34:37 INFO  - 开始保存聊天消息数据
14:34:37 INFO  - 聊天消息数据保存完成，共处理条 0 数据。耗时：0时0分0秒21毫秒
14:35:37 INFO  - 开始保存聊天消息数据
14:35:37 INFO  - 聊天消息数据保存完成，共处理条 0 数据。耗时：0时0分0秒11毫秒
14:36:37 INFO  - 开始保存聊天消息数据
14:36:37 INFO  - 聊天消息数据保存完成，共处理条 0 数据。耗时：0时0分0秒11毫秒
14:37:37 INFO  - 开始保存聊天消息数据
14:37:37 INFO  - 聊天消息数据保存完成，共处理条 0 数据。耗时：0时0分0秒12毫秒
14:38:37 INFO  - 开始保存聊天消息数据
14:38:37 INFO  - 聊天消息数据保存完成，共处理条 0 数据。耗时：0时0分0秒13毫秒
14:39:37 INFO  - 开始保存聊天消息数据
14:39:37 INFO  - 聊天消息数据保存完成，共处理条 0 数据。耗时：0时0分0秒7毫秒
14:40:37 INFO  - 开始保存聊天消息数据
14:40:37 INFO  - 聊天消息数据保存完成，共处理条 0 数据。耗时：0时0分0秒11毫秒
14:41:37 INFO  - 开始保存聊天消息数据
14:41:37 INFO  - 聊天消息数据保存完成，共处理条 0 数据。耗时：0时0分0秒12毫秒
14:42:37 INFO  - 开始保存聊天消息数据
14:42:37 INFO  - 聊天消息数据保存完成，共处理条 0 数据。耗时：0时0分0秒12毫秒
14:43:37 INFO  - 开始保存聊天消息数据
14:43:37 INFO  - 聊天消息数据保存完成，共处理条 0 数据。耗时：0时0分0秒12毫秒
14:44:37 INFO  - 开始保存聊天消息数据
14:44:37 INFO  - 聊天消息数据保存完成，共处理条 0 数据。耗时：0时0分0秒11毫秒
14:45:37 INFO  - 开始保存聊天消息数据
14:45:37 INFO  - 聊天消息数据保存完成，共处理条 0 数据。耗时：0时0分0秒10毫秒
14:46:37 INFO  - 开始保存聊天消息数据
14:46:37 INFO  - 聊天消息数据保存完成，共处理条 0 数据。耗时：0时0分0秒15毫秒
14:47:37 INFO  - 开始保存聊天消息数据
14:47:37 INFO  - 聊天消息数据保存完成，共处理条 0 数据。耗时：0时0分0秒30毫秒
14:48:37 INFO  - 开始保存聊天消息数据
14:48:37 INFO  - 聊天消息数据保存完成，共处理条 0 数据。耗时：0时0分0秒12毫秒
14:49:37 INFO  - 开始保存聊天消息数据
14:49:37 INFO  - 聊天消息数据保存完成，共处理条 0 数据。耗时：0时0分0秒12毫秒
14:50:37 INFO  - 开始保存聊天消息数据
14:50:37 INFO  - 聊天消息数据保存完成，共处理条 0 数据。耗时：0时0分0秒12毫秒
14:51:37 INFO  - 开始保存聊天消息数据
14:51:37 INFO  - 聊天消息数据保存完成，共处理条 0 数据。耗时：0时0分0秒11毫秒
14:52:37 INFO  - 开始保存聊天消息数据
14:52:37 INFO  - 聊天消息数据保存完成，共处理条 0 数据。耗时：0时0分0秒11毫秒
14:53:37 INFO  - 开始保存聊天消息数据
14:53:37 INFO  - 聊天消息数据保存完成，共处理条 0 数据。耗时：0时0分0秒12毫秒
14:54:37 INFO  - 开始保存聊天消息数据
14:54:37 INFO  - 聊天消息数据保存完成，共处理条 0 数据。耗时：0时0分0秒11毫秒
14:55:37 INFO  - 开始保存聊天消息数据
14:55:37 INFO  - 聊天消息数据保存完成，共处理条 0 数据。耗时：0时0分0秒11毫秒
14:56:37 INFO  - 开始保存聊天消息数据
14:56:37 INFO  - 聊天消息数据保存完成，共处理条 0 数据。耗时：0时0分0秒12毫秒
14:57:37 INFO  - 开始保存聊天消息数据
14:57:37 INFO  - 聊天消息数据保存完成，共处理条 0 数据。耗时：0时0分0秒12毫秒
14:58:37 INFO  - 开始保存聊天消息数据
14:58:37 INFO  - 聊天消息数据保存完成，共处理条 0 数据。耗时：0时0分0秒12毫秒
14:59:37 INFO  - 开始保存聊天消息数据
14:59:37 INFO  - 聊天消息数据保存完成，共处理条 0 数据。耗时：0时0分0秒13毫秒
15:00:37 INFO  - 开始保存聊天消息数据
15:00:37 INFO  - 聊天消息数据保存完成，共处理条 0 数据。耗时：0时0分0秒12毫秒
15:01:37 INFO  - 开始保存聊天消息数据
15:01:37 INFO  - 聊天消息数据保存完成，共处理条 0 数据。耗时：0时0分0秒11毫秒
15:02:37 INFO  - 开始保存聊天消息数据
15:02:37 INFO  - 聊天消息数据保存完成，共处理条 0 数据。耗时：0时0分0秒12毫秒
15:03:37 INFO  - 开始保存聊天消息数据
15:03:37 INFO  - 聊天消息数据保存完成，共处理条 0 数据。耗时：0时0分0秒12毫秒
15:04:37 INFO  - 开始保存聊天消息数据
15:04:37 INFO  - 聊天消息数据保存完成，共处理条 0 数据。耗时：0时0分0秒21毫秒
15:05:37 INFO  - 开始保存聊天消息数据
15:05:37 INFO  - 聊天消息数据保存完成，共处理条 0 数据。耗时：0时0分0秒11毫秒
15:06:37 INFO  - 开始保存聊天消息数据
15:06:37 INFO  - 聊天消息数据保存完成，共处理条 0 数据。耗时：0时0分0秒8毫秒
15:07:37 INFO  - 开始保存聊天消息数据
15:07:37 INFO  - 聊天消息数据保存完成，共处理条 0 数据。耗时：0时0分0秒8毫秒
15:08:37 INFO  - 开始保存聊天消息数据
15:08:37 INFO  - 聊天消息数据保存完成，共处理条 0 数据。耗时：0时0分0秒12毫秒
15:09:37 INFO  - 开始保存聊天消息数据
15:09:37 INFO  - 聊天消息数据保存完成，共处理条 0 数据。耗时：0时0分0秒11毫秒
15:10:37 INFO  - 开始保存聊天消息数据
15:10:37 INFO  - 聊天消息数据保存完成，共处理条 0 数据。耗时：0时0分0秒13毫秒
15:11:37 INFO  - 开始保存聊天消息数据
15:11:37 INFO  - 聊天消息数据保存完成，共处理条 0 数据。耗时：0时0分0秒11毫秒
15:12:37 INFO  - 开始保存聊天消息数据
15:12:37 INFO  - 聊天消息数据保存完成，共处理条 0 数据。耗时：0时0分0秒12毫秒
15:13:37 INFO  - 开始保存聊天消息数据
15:13:37 INFO  - 聊天消息数据保存完成，共处理条 0 数据。耗时：0时0分0秒8毫秒
15:14:37 INFO  - 开始保存聊天消息数据
15:14:37 INFO  - 聊天消息数据保存完成，共处理条 0 数据。耗时：0时0分0秒11毫秒
15:15:37 INFO  - 开始保存聊天消息数据
15:15:37 INFO  - 聊天消息数据保存完成，共处理条 0 数据。耗时：0时0分0秒8毫秒
15:16:37 INFO  - 开始保存聊天消息数据
15:16:37 INFO  - 聊天消息数据保存完成，共处理条 0 数据。耗时：0时0分0秒11毫秒
15:17:37 INFO  - 开始保存聊天消息数据
15:17:37 INFO  - 聊天消息数据保存完成，共处理条 0 数据。耗时：0时0分0秒11毫秒
15:18:37 INFO  - 开始保存聊天消息数据
15:18:37 INFO  - 聊天消息数据保存完成，共处理条 0 数据。耗时：0时0分0秒7毫秒
15:19:37 INFO  - 开始保存聊天消息数据
15:19:37 INFO  - 聊天消息数据保存完成，共处理条 0 数据。耗时：0时0分0秒12毫秒
15:20:37 INFO  - 开始保存聊天消息数据
15:20:37 INFO  - 聊天消息数据保存完成，共处理条 0 数据。耗时：0时0分0秒8毫秒
15:20:52 INFO  - Executed action GD.API.Controllers.Meal.MealAdminController.GetMealAccounts (API) in 76ms
15:20:52 INFO  - Executed action GD.API.Controllers.Meal.MealAdminController.GetMealOperators (API) in 16ms
15:20:53 INFO  - Executed action GD.API.Controllers.Meal.MealAdminController.GetMealAccounts (API) in 19ms
15:20:55 INFO  - Executed action GD.API.Controllers.Meal.MealAdminController.GetMealAccountDetails (API) in 47ms
15:21:37 INFO  - 开始保存聊天消息数据
15:21:37 INFO  - 聊天消息数据保存完成，共处理条 0 数据。耗时：0时0分0秒12毫秒
15:22:37 INFO  - 开始保存聊天消息数据
15:22:37 INFO  - 聊天消息数据保存完成，共处理条 0 数据。耗时：0时0分0秒12毫秒
15:23:37 INFO  - 开始保存聊天消息数据
15:23:37 INFO  - 聊天消息数据保存完成，共处理条 0 数据。耗时：0时0分0秒11毫秒
15:24:37 INFO  - 开始保存聊天消息数据
15:24:37 INFO  - 聊天消息数据保存完成，共处理条 0 数据。耗时：0时0分0秒12毫秒
15:25:37 INFO  - 开始保存聊天消息数据
15:25:37 INFO  - 聊天消息数据保存完成，共处理条 0 数据。耗时：0时0分0秒11毫秒
15:26:37 INFO  - 开始保存聊天消息数据
15:26:37 INFO  - 聊天消息数据保存完成，共处理条 0 数据。耗时：0时0分0秒10毫秒
15:27:37 INFO  - 开始保存聊天消息数据
15:27:37 INFO  - 聊天消息数据保存完成，共处理条 0 数据。耗时：0时0分0秒11毫秒
15:28:37 INFO  - 开始保存聊天消息数据
15:28:37 INFO  - 聊天消息数据保存完成，共处理条 0 数据。耗时：0时0分0秒11毫秒
15:29:37 INFO  - 开始保存聊天消息数据
15:29:37 INFO  - 聊天消息数据保存完成，共处理条 0 数据。耗时：0时0分0秒8毫秒
15:30:37 INFO  - 开始保存聊天消息数据
15:30:37 INFO  - 聊天消息数据保存完成，共处理条 0 数据。耗时：0时0分0秒12毫秒
15:31:37 INFO  - 开始保存聊天消息数据
15:31:37 INFO  - 聊天消息数据保存完成，共处理条 0 数据。耗时：0时0分0秒11毫秒
15:32:37 INFO  - 开始保存聊天消息数据
15:32:37 INFO  - 聊天消息数据保存完成，共处理条 0 数据。耗时：0时0分0秒12毫秒
15:33:37 INFO  - 开始保存聊天消息数据
15:33:37 INFO  - 聊天消息数据保存完成，共处理条 0 数据。耗时：0时0分0秒11毫秒
15:34:37 INFO  - 开始保存聊天消息数据
15:34:37 INFO  - 聊天消息数据保存完成，共处理条 0 数据。耗时：0时0分0秒22毫秒
15:35:37 INFO  - 开始保存聊天消息数据
15:35:37 INFO  - 聊天消息数据保存完成，共处理条 0 数据。耗时：0时0分0秒21毫秒
15:36:37 INFO  - 开始保存聊天消息数据
15:36:37 INFO  - 聊天消息数据保存完成，共处理条 0 数据。耗时：0时0分0秒14毫秒
15:37:37 INFO  - 开始保存聊天消息数据
15:37:37 INFO  - 聊天消息数据保存完成，共处理条 0 数据。耗时：0时0分0秒80毫秒
15:38:37 INFO  - 开始保存聊天消息数据
15:38:37 INFO  - 聊天消息数据保存完成，共处理条 0 数据。耗时：0时0分0秒11毫秒
15:39:37 INFO  - 开始保存聊天消息数据
15:39:37 INFO  - 聊天消息数据保存完成，共处理条 0 数据。耗时：0时0分0秒12毫秒
15:40:37 INFO  - 开始保存聊天消息数据
15:40:37 INFO  - 聊天消息数据保存完成，共处理条 0 数据。耗时：0时0分0秒8毫秒
15:41:37 INFO  - 开始保存聊天消息数据
15:41:37 INFO  - 聊天消息数据保存完成，共处理条 0 数据。耗时：0时0分0秒8毫秒
15:42:37 INFO  - 开始保存聊天消息数据
15:42:37 INFO  - 聊天消息数据保存完成，共处理条 0 数据。耗时：0时0分0秒11毫秒
15:43:37 INFO  - 开始保存聊天消息数据
15:43:37 INFO  - 聊天消息数据保存完成，共处理条 0 数据。耗时：0时0分0秒12毫秒
15:44:37 INFO  - 开始保存聊天消息数据
15:44:37 INFO  - 聊天消息数据保存完成，共处理条 0 数据。耗时：0时0分0秒13毫秒
15:45:37 INFO  - 开始保存聊天消息数据
15:45:37 INFO  - 聊天消息数据保存完成，共处理条 0 数据。耗时：0时0分0秒11毫秒
15:46:37 INFO  - 开始保存聊天消息数据
15:46:37 INFO  - 聊天消息数据保存完成，共处理条 0 数据。耗时：0时0分0秒20毫秒
15:47:37 INFO  - 开始保存聊天消息数据
15:47:37 INFO  - 聊天消息数据保存完成，共处理条 0 数据。耗时：0时0分0秒12毫秒
15:48:37 INFO  - 开始保存聊天消息数据
15:48:37 INFO  - 聊天消息数据保存完成，共处理条 0 数据。耗时：0时0分0秒11毫秒
15:49:37 INFO  - 开始保存聊天消息数据
15:49:37 INFO  - 聊天消息数据保存完成，共处理条 0 数据。耗时：0时0分0秒12毫秒
15:50:37 INFO  - 开始保存聊天消息数据
15:50:37 INFO  - 聊天消息数据保存完成，共处理条 0 数据。耗时：0时0分0秒12毫秒
15:51:37 INFO  - 开始保存聊天消息数据
15:51:37 INFO  - 聊天消息数据保存完成，共处理条 0 数据。耗时：0时0分0秒12毫秒
15:52:37 INFO  - 开始保存聊天消息数据
15:52:37 INFO  - 聊天消息数据保存完成，共处理条 0 数据。耗时：0时0分0秒11毫秒
15:53:37 INFO  - 开始保存聊天消息数据
15:53:37 INFO  - 聊天消息数据保存完成，共处理条 0 数据。耗时：0时0分0秒11毫秒
15:54:37 INFO  - 开始保存聊天消息数据
15:54:37 INFO  - 聊天消息数据保存完成，共处理条 0 数据。耗时：0时0分0秒8毫秒
15:55:37 INFO  - 开始保存聊天消息数据
15:55:37 INFO  - 聊天消息数据保存完成，共处理条 0 数据。耗时：0时0分0秒12毫秒
15:56:37 INFO  - 开始保存聊天消息数据
15:56:37 INFO  - 聊天消息数据保存完成，共处理条 0 数据。耗时：0时0分0秒12毫秒
15:57:37 INFO  - 开始保存聊天消息数据
15:57:37 INFO  - 聊天消息数据保存完成，共处理条 0 数据。耗时：0时0分0秒24毫秒
15:58:37 INFO  - 开始保存聊天消息数据
15:58:37 INFO  - 聊天消息数据保存完成，共处理条 0 数据。耗时：0时0分0秒12毫秒
15:59:37 INFO  - 开始保存聊天消息数据
15:59:37 INFO  - 聊天消息数据保存完成，共处理条 0 数据。耗时：0时0分0秒21毫秒
16:00:37 INFO  - 开始保存聊天消息数据
16:00:37 INFO  - 聊天消息数据保存完成，共处理条 0 数据。耗时：0时0分0秒11毫秒
16:01:37 INFO  - 开始保存聊天消息数据
16:01:37 INFO  - 聊天消息数据保存完成，共处理条 0 数据。耗时：0时0分0秒12毫秒
16:02:37 INFO  - 开始保存聊天消息数据
16:02:37 INFO  - 聊天消息数据保存完成，共处理条 0 数据。耗时：0时0分0秒11毫秒
16:03:37 INFO  - 开始保存聊天消息数据
16:03:37 INFO  - 聊天消息数据保存完成，共处理条 0 数据。耗时：0时0分0秒11毫秒
16:04:37 INFO  - 开始保存聊天消息数据
16:04:37 INFO  - 聊天消息数据保存完成，共处理条 0 数据。耗时：0时0分0秒7毫秒
16:05:37 INFO  - 开始保存聊天消息数据
16:05:37 INFO  - 聊天消息数据保存完成，共处理条 0 数据。耗时：0时0分0秒11毫秒
16:06:37 INFO  - 开始保存聊天消息数据
16:06:37 INFO  - 聊天消息数据保存完成，共处理条 0 数据。耗时：0时0分0秒11毫秒
16:07:37 INFO  - 开始保存聊天消息数据
16:07:37 INFO  - 聊天消息数据保存完成，共处理条 0 数据。耗时：0时0分0秒22毫秒
16:08:37 INFO  - 开始保存聊天消息数据
16:08:37 INFO  - 聊天消息数据保存完成，共处理条 0 数据。耗时：0时0分0秒12毫秒
16:09:37 INFO  - 开始保存聊天消息数据
16:09:37 INFO  - 聊天消息数据保存完成，共处理条 0 数据。耗时：0时0分0秒13毫秒
16:10:37 INFO  - 开始保存聊天消息数据
16:10:37 INFO  - 聊天消息数据保存完成，共处理条 0 数据。耗时：0时0分0秒8毫秒
16:11:37 INFO  - 开始保存聊天消息数据
16:11:37 INFO  - 聊天消息数据保存完成，共处理条 0 数据。耗时：0时0分0秒19毫秒
16:12:37 INFO  - 开始保存聊天消息数据
16:12:37 INFO  - 聊天消息数据保存完成，共处理条 0 数据。耗时：0时0分0秒11毫秒
16:13:37 INFO  - 开始保存聊天消息数据
16:13:37 INFO  - 聊天消息数据保存完成，共处理条 0 数据。耗时：0时0分0秒11毫秒
16:14:37 INFO  - 开始保存聊天消息数据
16:14:37 INFO  - 聊天消息数据保存完成，共处理条 0 数据。耗时：0时0分0秒11毫秒
16:15:37 INFO  - 开始保存聊天消息数据
16:15:37 INFO  - 聊天消息数据保存完成，共处理条 0 数据。耗时：0时0分0秒12毫秒
16:16:37 INFO  - 开始保存聊天消息数据
16:16:37 INFO  - 聊天消息数据保存完成，共处理条 0 数据。耗时：0时0分0秒17毫秒
16:17:37 INFO  - 开始保存聊天消息数据
16:17:37 INFO  - 聊天消息数据保存完成，共处理条 0 数据。耗时：0时0分0秒12毫秒
16:18:37 INFO  - 开始保存聊天消息数据
16:18:37 INFO  - 聊天消息数据保存完成，共处理条 0 数据。耗时：0时0分0秒8毫秒
16:19:37 INFO  - 开始保存聊天消息数据
16:19:37 INFO  - 聊天消息数据保存完成，共处理条 0 数据。耗时：0时0分0秒17毫秒
16:20:37 INFO  - 开始保存聊天消息数据
16:20:37 INFO  - 聊天消息数据保存完成，共处理条 0 数据。耗时：0时0分0秒11毫秒
16:21:37 INFO  - 开始保存聊天消息数据
16:21:37 INFO  - 聊天消息数据保存完成，共处理条 0 数据。耗时：0时0分0秒20毫秒
16:22:37 INFO  - 开始保存聊天消息数据
16:22:37 INFO  - 聊天消息数据保存完成，共处理条 0 数据。耗时：0时0分0秒7毫秒
16:23:37 INFO  - 开始保存聊天消息数据
16:23:37 INFO  - 聊天消息数据保存完成，共处理条 0 数据。耗时：0时0分0秒8毫秒
16:24:37 INFO  - 开始保存聊天消息数据
16:24:37 INFO  - 聊天消息数据保存完成，共处理条 0 数据。耗时：0时0分0秒11毫秒
16:25:37 INFO  - 开始保存聊天消息数据
16:25:37 INFO  - 聊天消息数据保存完成，共处理条 0 数据。耗时：0时0分0秒11毫秒
16:26:37 INFO  - 开始保存聊天消息数据
16:26:37 INFO  - 聊天消息数据保存完成，共处理条 0 数据。耗时：0时0分0秒12毫秒
16:27:37 INFO  - 开始保存聊天消息数据
16:27:37 INFO  - 聊天消息数据保存完成，共处理条 0 数据。耗时：0时0分0秒7毫秒
16:28:37 INFO  - 开始保存聊天消息数据
16:28:37 INFO  - 聊天消息数据保存完成，共处理条 0 数据。耗时：0时0分0秒17毫秒
16:29:37 INFO  - 开始保存聊天消息数据
16:29:37 INFO  - 聊天消息数据保存完成，共处理条 0 数据。耗时：0时0分0秒11毫秒
16:30:37 INFO  - 开始保存聊天消息数据
16:30:37 INFO  - 聊天消息数据保存完成，共处理条 0 数据。耗时：0时0分0秒8毫秒
16:31:37 INFO  - 开始保存聊天消息数据
16:31:37 INFO  - 聊天消息数据保存完成，共处理条 0 数据。耗时：0时0分0秒11毫秒
16:32:37 INFO  - 开始保存聊天消息数据
16:32:37 INFO  - 聊天消息数据保存完成，共处理条 0 数据。耗时：0时0分0秒12毫秒
16:33:37 INFO  - 开始保存聊天消息数据
16:33:37 INFO  - 聊天消息数据保存完成，共处理条 0 数据。耗时：0时0分0秒12毫秒
16:34:37 INFO  - 开始保存聊天消息数据
16:34:37 INFO  - 聊天消息数据保存完成，共处理条 0 数据。耗时：0时0分0秒20毫秒
16:35:37 INFO  - 开始保存聊天消息数据
16:35:37 INFO  - 聊天消息数据保存完成，共处理条 0 数据。耗时：0时0分0秒8毫秒
16:36:37 INFO  - 开始保存聊天消息数据
16:36:37 INFO  - 聊天消息数据保存完成，共处理条 0 数据。耗时：0时0分0秒12毫秒
16:37:25 INFO  - Executed action GD.API.Controllers.Meal.MealAdminController.GetMealAccountDetails (API) in 103ms
16:37:37 INFO  - 开始保存聊天消息数据
16:37:37 INFO  - 聊天消息数据保存完成，共处理条 0 数据。耗时：0时0分0秒10毫秒
16:38:37 INFO  - 开始保存聊天消息数据
16:38:37 INFO  - 聊天消息数据保存完成，共处理条 0 数据。耗时：0时0分0秒12毫秒
16:38:39 INFO  - Executed action GD.API.Controllers.Meal.MealAdminController.GetMealAccounts (API) in 18ms
16:39:20 INFO  - Executed action GD.API.Controllers.Meal.MealAdminController.GetMealAccounts (API) in 18ms
16:39:23 INFO  - Executed action GD.API.Controllers.Meal.MealAdminController.GetMealAccounts (API) in 21ms
16:39:37 INFO  - 开始保存聊天消息数据
16:39:37 INFO  - 聊天消息数据保存完成，共处理条 0 数据。耗时：0时0分0秒9毫秒
16:40:21 INFO  - Executed action GD.API.Controllers.Meal.MealAdminController.GetMealOperators (API) in 17ms
16:40:24 INFO  - Executed action GD.API.Controllers.Meal.MealAdminController.GetMealAccounts (API) in 17ms
16:40:25 INFO  - Executed action GD.API.Controllers.Meal.MealAdminController.GetMealAccounts (API) in 17ms
16:40:26 INFO  - Executed action GD.API.Controllers.Meal.MealAdminController.GetMealCategories (API) in 20ms
16:40:27 INFO  - Executed action GD.API.Controllers.Meal.MealAdminController.GetMealDishes (API) in 46ms
16:40:30 INFO  - Executed action GD.API.Controllers.Meal.MealAdminController.GetMealAccounts (API) in 18ms
16:40:37 INFO  - 开始保存聊天消息数据
16:40:37 INFO  - 聊天消息数据保存完成，共处理条 0 数据。耗时：0时0分0秒7毫秒
16:41:37 INFO  - 开始保存聊天消息数据
16:41:37 INFO  - 聊天消息数据保存完成，共处理条 0 数据。耗时：0时0分0秒8毫秒
16:42:37 INFO  - 开始保存聊天消息数据
16:42:37 INFO  - 聊天消息数据保存完成，共处理条 0 数据。耗时：0时0分0秒11毫秒
16:43:37 INFO  - 开始保存聊天消息数据
16:43:37 INFO  - 聊天消息数据保存完成，共处理条 0 数据。耗时：0时0分0秒25毫秒
16:44:37 INFO  - 开始保存聊天消息数据
16:44:37 INFO  - 聊天消息数据保存完成，共处理条 0 数据。耗时：0时0分0秒8毫秒
16:45:37 INFO  - 开始保存聊天消息数据
16:45:37 INFO  - 聊天消息数据保存完成，共处理条 0 数据。耗时：0时0分0秒16毫秒
16:46:37 INFO  - 开始保存聊天消息数据
16:46:37 INFO  - 聊天消息数据保存完成，共处理条 0 数据。耗时：0时0分0秒12毫秒
16:47:37 INFO  - 开始保存聊天消息数据
16:47:37 INFO  - 聊天消息数据保存完成，共处理条 0 数据。耗时：0时0分0秒11毫秒
16:48:37 INFO  - 开始保存聊天消息数据
16:48:37 INFO  - 聊天消息数据保存完成，共处理条 0 数据。耗时：0时0分0秒15毫秒
16:49:37 INFO  - 开始保存聊天消息数据
16:49:37 INFO  - 聊天消息数据保存完成，共处理条 0 数据。耗时：0时0分0秒12毫秒
16:50:37 INFO  - 开始保存聊天消息数据
16:50:37 INFO  - 聊天消息数据保存完成，共处理条 0 数据。耗时：0时0分0秒12毫秒
16:51:37 INFO  - 开始保存聊天消息数据
16:51:37 INFO  - 聊天消息数据保存完成，共处理条 0 数据。耗时：0时0分0秒15毫秒
16:52:37 INFO  - 开始保存聊天消息数据
16:52:37 INFO  - 聊天消息数据保存完成，共处理条 0 数据。耗时：0时0分0秒11毫秒
16:53:37 INFO  - 开始保存聊天消息数据
16:53:37 INFO  - 聊天消息数据保存完成，共处理条 0 数据。耗时：0时0分0秒12毫秒
16:54:37 INFO  - 开始保存聊天消息数据
16:54:37 INFO  - 聊天消息数据保存完成，共处理条 0 数据。耗时：0时0分0秒12毫秒
16:55:37 INFO  - 开始保存聊天消息数据
16:55:37 INFO  - 聊天消息数据保存完成，共处理条 0 数据。耗时：0时0分0秒12毫秒
16:56:37 INFO  - 开始保存聊天消息数据
16:56:37 INFO  - 聊天消息数据保存完成，共处理条 0 数据。耗时：0时0分0秒12毫秒
16:57:37 INFO  - 开始保存聊天消息数据
16:57:37 INFO  - 聊天消息数据保存完成，共处理条 0 数据。耗时：0时0分0秒11毫秒
16:58:37 INFO  - 开始保存聊天消息数据
16:58:37 INFO  - 聊天消息数据保存完成，共处理条 0 数据。耗时：0时0分0秒10毫秒
16:59:37 INFO  - 开始保存聊天消息数据
16:59:37 INFO  - 聊天消息数据保存完成，共处理条 0 数据。耗时：0时0分0秒17毫秒
17:00:37 INFO  - 开始保存聊天消息数据
17:00:37 INFO  - 聊天消息数据保存完成，共处理条 0 数据。耗时：0时0分0秒12毫秒
17:01:37 INFO  - 开始保存聊天消息数据
17:01:37 INFO  - 聊天消息数据保存完成，共处理条 0 数据。耗时：0时0分0秒8毫秒
17:02:37 INFO  - 开始保存聊天消息数据
17:02:37 INFO  - 聊天消息数据保存完成，共处理条 0 数据。耗时：0时0分0秒13毫秒
17:03:37 INFO  - 开始保存聊天消息数据
17:03:37 INFO  - 聊天消息数据保存完成，共处理条 0 数据。耗时：0时0分0秒11毫秒
17:04:37 INFO  - 开始保存聊天消息数据
17:04:37 INFO  - 聊天消息数据保存完成，共处理条 0 数据。耗时：0时0分0秒12毫秒
17:05:37 INFO  - 开始保存聊天消息数据
17:05:37 INFO  - 聊天消息数据保存完成，共处理条 0 数据。耗时：0时0分0秒11毫秒
17:06:37 INFO  - 开始保存聊天消息数据
17:06:37 INFO  - 聊天消息数据保存完成，共处理条 0 数据。耗时：0时0分0秒17毫秒
17:07:37 INFO  - 开始保存聊天消息数据
17:07:37 INFO  - 聊天消息数据保存完成，共处理条 0 数据。耗时：0时0分0秒10毫秒
17:08:37 INFO  - 开始保存聊天消息数据
17:08:37 INFO  - 聊天消息数据保存完成，共处理条 0 数据。耗时：0时0分0秒12毫秒
17:09:37 INFO  - 开始保存聊天消息数据
17:09:37 INFO  - 聊天消息数据保存完成，共处理条 0 数据。耗时：0时0分0秒11毫秒
17:10:37 INFO  - 开始保存聊天消息数据
17:10:37 INFO  - 聊天消息数据保存完成，共处理条 0 数据。耗时：0时0分0秒11毫秒
17:11:37 INFO  - 开始保存聊天消息数据
17:11:37 INFO  - 聊天消息数据保存完成，共处理条 0 数据。耗时：0时0分0秒11毫秒
17:12:37 INFO  - 开始保存聊天消息数据
17:12:37 INFO  - 聊天消息数据保存完成，共处理条 0 数据。耗时：0时0分0秒11毫秒
17:13:37 INFO  - 开始保存聊天消息数据
17:13:37 INFO  - 聊天消息数据保存完成，共处理条 0 数据。耗时：0时0分0秒11毫秒
17:14:37 INFO  - 开始保存聊天消息数据
17:14:37 INFO  - 聊天消息数据保存完成，共处理条 0 数据。耗时：0时0分0秒11毫秒
17:15:37 INFO  - 开始保存聊天消息数据
17:15:37 INFO  - 聊天消息数据保存完成，共处理条 0 数据。耗时：0时0分0秒11毫秒
17:16:37 INFO  - 开始保存聊天消息数据
17:16:37 INFO  - 聊天消息数据保存完成，共处理条 0 数据。耗时：0时0分0秒12毫秒
17:17:37 INFO  - 开始保存聊天消息数据
17:17:37 INFO  - 聊天消息数据保存完成，共处理条 0 数据。耗时：0时0分0秒11毫秒
17:18:37 INFO  - 开始保存聊天消息数据
17:18:37 INFO  - 聊天消息数据保存完成，共处理条 0 数据。耗时：0时0分0秒13毫秒
17:19:37 INFO  - 开始保存聊天消息数据
17:19:37 INFO  - 聊天消息数据保存完成，共处理条 0 数据。耗时：0时0分0秒11毫秒
17:20:37 INFO  - 开始保存聊天消息数据
17:20:37 INFO  - 聊天消息数据保存完成，共处理条 0 数据。耗时：0时0分0秒22毫秒
17:21:37 INFO  - 开始保存聊天消息数据
17:21:37 INFO  - 聊天消息数据保存完成，共处理条 0 数据。耗时：0时0分0秒13毫秒
17:22:37 INFO  - 开始保存聊天消息数据
17:22:37 INFO  - 聊天消息数据保存完成，共处理条 0 数据。耗时：0时0分0秒14毫秒
17:23:37 INFO  - 开始保存聊天消息数据
17:23:37 INFO  - 聊天消息数据保存完成，共处理条 0 数据。耗时：0时0分0秒11毫秒
17:24:37 INFO  - 开始保存聊天消息数据
17:24:37 INFO  - 聊天消息数据保存完成，共处理条 0 数据。耗时：0时0分0秒11毫秒
17:24:43 INFO  - Executed action GD.API.Controllers.Meal.MealAdminController.Login (API) in 112ms
17:24:46 INFO  - Executed action GD.API.Controllers.Meal.MealAdminController.Login (API) in 41ms
17:24:47 INFO  - Executed action GD.API.Controllers.Meal.MealAdminController.GetMealCategories (API) in 26ms
17:25:37 INFO  - 开始保存聊天消息数据
17:25:37 INFO  - 聊天消息数据保存完成，共处理条 0 数据。耗时：0时0分0秒7毫秒
17:26:37 INFO  - 开始保存聊天消息数据
17:26:37 INFO  - 聊天消息数据保存完成，共处理条 0 数据。耗时：0时0分0秒11毫秒
17:26:42 INFO  - Executed action GD.API.Controllers.Meal.MealAdminController.GetMealCategories (API) in 29ms
17:26:57 INFO  - Executed action GD.API.Controllers.Meal.MealAdminController.GetMealCategories (API) in 25ms
17:27:37 INFO  - 开始保存聊天消息数据
17:27:37 INFO  - 聊天消息数据保存完成，共处理条 0 数据。耗时：0时0分0秒29毫秒
17:28:37 INFO  - 开始保存聊天消息数据
17:28:37 INFO  - 聊天消息数据保存完成，共处理条 0 数据。耗时：0时0分0秒12毫秒
17:29:37 INFO  - 开始保存聊天消息数据
17:29:37 INFO  - 聊天消息数据保存完成，共处理条 0 数据。耗时：0时0分0秒12毫秒
17:30:37 INFO  - 开始保存聊天消息数据
17:30:37 INFO  - 聊天消息数据保存完成，共处理条 0 数据。耗时：0时0分0秒8毫秒
17:31:37 INFO  - 开始保存聊天消息数据
17:31:37 INFO  - 聊天消息数据保存完成，共处理条 0 数据。耗时：0时0分0秒9毫秒
17:32:37 INFO  - 开始保存聊天消息数据
17:32:37 INFO  - 聊天消息数据保存完成，共处理条 0 数据。耗时：0时0分0秒54毫秒
17:33:37 INFO  - 开始保存聊天消息数据
17:33:37 INFO  - 聊天消息数据保存完成，共处理条 0 数据。耗时：0时0分0秒8毫秒
17:34:37 INFO  - 开始保存聊天消息数据
17:34:37 INFO  - 聊天消息数据保存完成，共处理条 0 数据。耗时：0时0分0秒12毫秒
17:35:37 INFO  - 开始保存聊天消息数据
17:35:37 INFO  - 聊天消息数据保存完成，共处理条 0 数据。耗时：0时0分0秒19毫秒
17:36:37 INFO  - 开始保存聊天消息数据
17:36:37 INFO  - 聊天消息数据保存完成，共处理条 0 数据。耗时：0时0分0秒13毫秒
17:37:37 INFO  - 开始保存聊天消息数据
17:37:37 INFO  - 聊天消息数据保存完成，共处理条 0 数据。耗时：0时0分0秒11毫秒
17:38:37 INFO  - 开始保存聊天消息数据
17:38:37 INFO  - 聊天消息数据保存完成，共处理条 0 数据。耗时：0时0分0秒23毫秒
17:39:37 INFO  - 开始保存聊天消息数据
17:39:37 INFO  - 聊天消息数据保存完成，共处理条 0 数据。耗时：0时0分0秒11毫秒
17:40:37 INFO  - 开始保存聊天消息数据
17:40:37 INFO  - 聊天消息数据保存完成，共处理条 0 数据。耗时：0时0分0秒11毫秒
17:41:37 INFO  - 开始保存聊天消息数据
17:41:37 INFO  - 聊天消息数据保存完成，共处理条 0 数据。耗时：0时0分0秒11毫秒
17:42:37 INFO  - 开始保存聊天消息数据
17:42:37 INFO  - 聊天消息数据保存完成，共处理条 0 数据。耗时：0时0分0秒20毫秒
17:43:37 INFO  - 开始保存聊天消息数据
17:43:37 INFO  - 聊天消息数据保存完成，共处理条 0 数据。耗时：0时0分0秒10毫秒
17:44:37 INFO  - 开始保存聊天消息数据
17:44:37 INFO  - 聊天消息数据保存完成，共处理条 0 数据。耗时：0时0分0秒11毫秒
17:45:37 INFO  - 开始保存聊天消息数据
17:45:37 INFO  - 聊天消息数据保存完成，共处理条 0 数据。耗时：0时0分0秒13毫秒
17:46:37 INFO  - 开始保存聊天消息数据
17:46:37 INFO  - 聊天消息数据保存完成，共处理条 0 数据。耗时：0时0分0秒13毫秒
17:47:37 INFO  - 开始保存聊天消息数据
17:47:37 INFO  - 聊天消息数据保存完成，共处理条 0 数据。耗时：0时0分0秒11毫秒
17:48:37 INFO  - 开始保存聊天消息数据
17:48:37 INFO  - 聊天消息数据保存完成，共处理条 0 数据。耗时：0时0分0秒8毫秒
17:49:37 INFO  - 开始保存聊天消息数据
17:49:37 INFO  - 聊天消息数据保存完成，共处理条 0 数据。耗时：0时0分0秒12毫秒
17:50:37 INFO  - 开始保存聊天消息数据
17:50:37 INFO  - 聊天消息数据保存完成，共处理条 0 数据。耗时：0时0分0秒18毫秒
17:51:37 INFO  - 开始保存聊天消息数据
17:51:37 INFO  - 聊天消息数据保存完成，共处理条 0 数据。耗时：0时0分0秒12毫秒
17:52:37 INFO  - 开始保存聊天消息数据
17:52:37 INFO  - 聊天消息数据保存完成，共处理条 0 数据。耗时：0时0分0秒12毫秒
17:53:37 INFO  - 开始保存聊天消息数据
17:53:37 INFO  - 聊天消息数据保存完成，共处理条 0 数据。耗时：0时0分0秒11毫秒
17:54:37 INFO  - 开始保存聊天消息数据
17:54:37 INFO  - 聊天消息数据保存完成，共处理条 0 数据。耗时：0时0分0秒8毫秒
17:55:37 INFO  - 开始保存聊天消息数据
17:55:37 INFO  - 聊天消息数据保存完成，共处理条 0 数据。耗时：0时0分0秒11毫秒
17:56:35 INFO  - Executed action GD.API.Controllers.Meal.MealAdminController.GetMealAccounts (API) in 78ms
17:56:37 INFO  - 开始保存聊天消息数据
17:56:37 INFO  - 聊天消息数据保存完成，共处理条 0 数据。耗时：0时0分0秒8毫秒
17:56:44 INFO  - Executed action GD.API.Controllers.Meal.MealAdminController.GetMealAccounts (API) in 20ms
17:56:46 INFO  - Executed action GD.API.Controllers.Meal.MealAdminController.GetMealOperators (API) in 41ms
17:57:01 INFO  - Executed action GD.API.Controllers.Meal.MealAdminController.GetMealCategories (API) in 18ms
17:57:03 INFO  - Executed action GD.API.Controllers.Meal.MealAdminController.GetMealDishes (API) in 53ms
17:57:06 INFO  - Executed action GD.API.Controllers.Meal.MealAdminController.GetMealCategories (API) in 18ms
17:57:11 INFO  - Executed action GD.API.Controllers.Meal.MealAdminController.DeleteCategory (API) in 185ms
17:57:11 INFO  - Executed action GD.API.Controllers.Meal.MealAdminController.GetMealCategories (API) in 19ms
17:57:29 INFO  - Executed action GD.API.Controllers.Meal.MealAdminController.CreateCategory (API) in 6546ms
17:57:37 INFO  - 开始保存聊天消息数据
17:57:37 INFO  - 聊天消息数据保存完成，共处理条 0 数据。耗时：0时0分0秒8毫秒
17:58:37 INFO  - 开始保存聊天消息数据
17:58:37 INFO  - 聊天消息数据保存完成，共处理条 0 数据。耗时：0时0分0秒10毫秒
17:59:37 INFO  - 开始保存聊天消息数据
17:59:37 INFO  - 聊天消息数据保存完成，共处理条 0 数据。耗时：0时0分0秒11毫秒
18:00:37 INFO  - 开始保存聊天消息数据
18:00:37 INFO  - 聊天消息数据保存完成，共处理条 0 数据。耗时：0时0分0秒92毫秒
18:01:37 INFO  - 开始保存聊天消息数据
18:01:37 INFO  - 聊天消息数据保存完成，共处理条 0 数据。耗时：0时0分0秒18毫秒
18:02:37 INFO  - 开始保存聊天消息数据
18:02:37 INFO  - 聊天消息数据保存完成，共处理条 0 数据。耗时：0时0分0秒23毫秒
18:03:37 INFO  - 开始保存聊天消息数据
18:03:37 INFO  - 聊天消息数据保存完成，共处理条 0 数据。耗时：0时0分0秒12毫秒
18:04:37 INFO  - 开始保存聊天消息数据
18:04:37 INFO  - 聊天消息数据保存完成，共处理条 0 数据。耗时：0时0分0秒16毫秒
18:05:37 INFO  - 开始保存聊天消息数据
18:05:37 INFO  - 聊天消息数据保存完成，共处理条 0 数据。耗时：0时0分0秒12毫秒
18:06:37 INFO  - 开始保存聊天消息数据
18:06:37 INFO  - 聊天消息数据保存完成，共处理条 0 数据。耗时：0时0分0秒11毫秒
18:07:37 INFO  - 开始保存聊天消息数据
18:07:37 INFO  - 聊天消息数据保存完成，共处理条 0 数据。耗时：0时0分0秒11毫秒
18:08:37 INFO  - 开始保存聊天消息数据
18:08:37 INFO  - 聊天消息数据保存完成，共处理条 0 数据。耗时：0时0分0秒16毫秒
18:09:37 INFO  - 开始保存聊天消息数据
18:09:37 INFO  - 聊天消息数据保存完成，共处理条 0 数据。耗时：0时0分0秒13毫秒
18:10:37 INFO  - 开始保存聊天消息数据
18:10:37 INFO  - 聊天消息数据保存完成，共处理条 0 数据。耗时：0时0分0秒22毫秒
18:11:37 INFO  - 开始保存聊天消息数据
18:11:37 INFO  - 聊天消息数据保存完成，共处理条 0 数据。耗时：0时0分0秒12毫秒
18:12:37 INFO  - 开始保存聊天消息数据
18:12:37 INFO  - 聊天消息数据保存完成，共处理条 0 数据。耗时：0时0分0秒11毫秒
18:13:37 INFO  - 开始保存聊天消息数据
18:13:37 INFO  - 聊天消息数据保存完成，共处理条 0 数据。耗时：0时0分0秒12毫秒
18:14:37 INFO  - 开始保存聊天消息数据
18:14:37 INFO  - 聊天消息数据保存完成，共处理条 0 数据。耗时：0时0分0秒12毫秒
18:15:37 INFO  - 开始保存聊天消息数据
18:15:37 INFO  - 聊天消息数据保存完成，共处理条 0 数据。耗时：0时0分0秒8毫秒
18:16:37 INFO  - 开始保存聊天消息数据
18:16:37 INFO  - 聊天消息数据保存完成，共处理条 0 数据。耗时：0时0分0秒13毫秒
18:17:37 INFO  - 开始保存聊天消息数据
18:17:37 INFO  - 聊天消息数据保存完成，共处理条 0 数据。耗时：0时0分0秒12毫秒
18:18:37 INFO  - 开始保存聊天消息数据
18:18:37 INFO  - 聊天消息数据保存完成，共处理条 0 数据。耗时：0时0分0秒8毫秒
18:19:37 INFO  - 开始保存聊天消息数据
18:19:37 INFO  - 聊天消息数据保存完成，共处理条 0 数据。耗时：0时0分0秒15毫秒
18:20:37 INFO  - 开始保存聊天消息数据
18:20:37 INFO  - 聊天消息数据保存完成，共处理条 0 数据。耗时：0时0分0秒12毫秒
18:21:37 INFO  - 开始保存聊天消息数据
18:21:37 INFO  - 聊天消息数据保存完成，共处理条 0 数据。耗时：0时0分0秒26毫秒
18:22:37 INFO  - 开始保存聊天消息数据
18:22:37 INFO  - 聊天消息数据保存完成，共处理条 0 数据。耗时：0时0分0秒21毫秒
18:23:37 INFO  - 开始保存聊天消息数据
18:23:37 INFO  - 聊天消息数据保存完成，共处理条 0 数据。耗时：0时0分0秒12毫秒
18:24:37 INFO  - 开始保存聊天消息数据
18:24:37 INFO  - 聊天消息数据保存完成，共处理条 0 数据。耗时：0时0分0秒8毫秒
18:25:37 INFO  - 开始保存聊天消息数据
18:25:37 INFO  - 聊天消息数据保存完成，共处理条 0 数据。耗时：0时0分0秒8毫秒
18:26:37 INFO  - 开始保存聊天消息数据
18:26:37 INFO  - 聊天消息数据保存完成，共处理条 0 数据。耗时：0时0分0秒13毫秒
18:27:37 INFO  - 开始保存聊天消息数据
18:27:37 INFO  - 聊天消息数据保存完成，共处理条 0 数据。耗时：0时0分0秒12毫秒
18:28:37 INFO  - 开始保存聊天消息数据
18:28:37 INFO  - 聊天消息数据保存完成，共处理条 0 数据。耗时：0时0分0秒8毫秒
18:29:37 INFO  - 开始保存聊天消息数据
18:29:37 INFO  - 聊天消息数据保存完成，共处理条 0 数据。耗时：0时0分0秒12毫秒
18:30:37 INFO  - 开始保存聊天消息数据
18:30:37 INFO  - 聊天消息数据保存完成，共处理条 0 数据。耗时：0时0分0秒12毫秒
18:31:37 INFO  - 开始保存聊天消息数据
18:31:37 INFO  - 聊天消息数据保存完成，共处理条 0 数据。耗时：0时0分0秒13毫秒
18:32:37 INFO  - 开始保存聊天消息数据
18:32:37 INFO  - 聊天消息数据保存完成，共处理条 0 数据。耗时：0时0分0秒11毫秒
18:33:37 INFO  - 开始保存聊天消息数据
18:33:37 INFO  - 聊天消息数据保存完成，共处理条 0 数据。耗时：0时0分0秒12毫秒
18:34:37 INFO  - 开始保存聊天消息数据
18:34:37 INFO  - 聊天消息数据保存完成，共处理条 0 数据。耗时：0时0分0秒13毫秒
18:35:37 INFO  - 开始保存聊天消息数据
18:35:37 INFO  - 聊天消息数据保存完成，共处理条 0 数据。耗时：0时0分0秒19毫秒
18:36:37 INFO  - 开始保存聊天消息数据
18:36:37 INFO  - 聊天消息数据保存完成，共处理条 0 数据。耗时：0时0分0秒12毫秒
18:37:37 INFO  - 开始保存聊天消息数据
18:37:37 INFO  - 聊天消息数据保存完成，共处理条 0 数据。耗时：0时0分0秒12毫秒
18:38:37 INFO  - 开始保存聊天消息数据
18:38:37 INFO  - 聊天消息数据保存完成，共处理条 0 数据。耗时：0时0分0秒12毫秒
18:39:37 INFO  - 开始保存聊天消息数据
18:39:37 INFO  - 聊天消息数据保存完成，共处理条 0 数据。耗时：0时0分0秒12毫秒
18:40:37 INFO  - 开始保存聊天消息数据
18:40:37 INFO  - 聊天消息数据保存完成，共处理条 0 数据。耗时：0时0分0秒17毫秒
18:41:37 INFO  - 开始保存聊天消息数据
18:41:37 INFO  - 聊天消息数据保存完成，共处理条 0 数据。耗时：0时0分0秒12毫秒
18:42:37 INFO  - 开始保存聊天消息数据
18:42:37 INFO  - 聊天消息数据保存完成，共处理条 0 数据。耗时：0时0分0秒8毫秒
18:43:37 INFO  - 开始保存聊天消息数据
18:43:37 INFO  - 聊天消息数据保存完成，共处理条 0 数据。耗时：0时0分0秒12毫秒
18:44:37 INFO  - 开始保存聊天消息数据
18:44:37 INFO  - 聊天消息数据保存完成，共处理条 0 数据。耗时：0时0分0秒12毫秒
18:45:37 INFO  - 开始保存聊天消息数据
18:45:37 INFO  - 聊天消息数据保存完成，共处理条 0 数据。耗时：0时0分0秒7毫秒
18:46:37 INFO  - 开始保存聊天消息数据
18:46:37 INFO  - 聊天消息数据保存完成，共处理条 0 数据。耗时：0时0分0秒12毫秒
18:47:37 INFO  - 开始保存聊天消息数据
18:47:37 INFO  - 聊天消息数据保存完成，共处理条 0 数据。耗时：0时0分0秒7毫秒
18:48:37 INFO  - 开始保存聊天消息数据
18:48:37 INFO  - 聊天消息数据保存完成，共处理条 0 数据。耗时：0时0分0秒12毫秒
18:49:37 INFO  - 开始保存聊天消息数据
18:49:37 INFO  - 聊天消息数据保存完成，共处理条 0 数据。耗时：0时0分0秒17毫秒
18:50:37 INFO  - 开始保存聊天消息数据
18:50:37 INFO  - 聊天消息数据保存完成，共处理条 0 数据。耗时：0时0分0秒11毫秒
18:51:37 INFO  - 开始保存聊天消息数据
18:51:37 INFO  - 聊天消息数据保存完成，共处理条 0 数据。耗时：0时0分0秒15毫秒
18:52:37 INFO  - 开始保存聊天消息数据
18:52:37 INFO  - 聊天消息数据保存完成，共处理条 0 数据。耗时：0时0分0秒12毫秒
18:53:37 INFO  - 开始保存聊天消息数据
18:53:37 INFO  - 聊天消息数据保存完成，共处理条 0 数据。耗时：0时0分0秒11毫秒
18:54:37 INFO  - 开始保存聊天消息数据
18:54:37 INFO  - 聊天消息数据保存完成，共处理条 0 数据。耗时：0时0分0秒11毫秒
18:55:37 INFO  - 开始保存聊天消息数据
18:55:37 INFO  - 聊天消息数据保存完成，共处理条 0 数据。耗时：0时0分0秒12毫秒
18:56:37 INFO  - 开始保存聊天消息数据
18:56:37 INFO  - 聊天消息数据保存完成，共处理条 0 数据。耗时：0时0分0秒12毫秒
18:57:37 INFO  - 开始保存聊天消息数据
18:57:37 INFO  - 聊天消息数据保存完成，共处理条 0 数据。耗时：0时0分0秒12毫秒
18:58:37 INFO  - 开始保存聊天消息数据
18:58:37 INFO  - 聊天消息数据保存完成，共处理条 0 数据。耗时：0时0分0秒12毫秒
18:59:37 INFO  - 开始保存聊天消息数据
18:59:37 INFO  - 聊天消息数据保存完成，共处理条 0 数据。耗时：0时0分0秒14毫秒
19:00:37 INFO  - 开始保存聊天消息数据
19:00:37 INFO  - 聊天消息数据保存完成，共处理条 0 数据。耗时：0时0分0秒12毫秒
19:01:37 INFO  - 开始保存聊天消息数据
19:01:37 INFO  - 聊天消息数据保存完成，共处理条 0 数据。耗时：0时0分0秒18毫秒
19:02:37 INFO  - 开始保存聊天消息数据
19:02:37 INFO  - 聊天消息数据保存完成，共处理条 0 数据。耗时：0时0分0秒12毫秒
19:03:37 INFO  - 开始保存聊天消息数据
19:03:37 INFO  - 聊天消息数据保存完成，共处理条 0 数据。耗时：0时0分0秒12毫秒
19:04:37 INFO  - 开始保存聊天消息数据
19:04:37 INFO  - 聊天消息数据保存完成，共处理条 0 数据。耗时：0时0分0秒12毫秒
19:05:37 INFO  - 开始保存聊天消息数据
19:05:37 INFO  - 聊天消息数据保存完成，共处理条 0 数据。耗时：0时0分0秒11毫秒
19:06:37 INFO  - 开始保存聊天消息数据
19:06:37 INFO  - 聊天消息数据保存完成，共处理条 0 数据。耗时：0时0分0秒12毫秒
19:07:37 INFO  - 开始保存聊天消息数据
19:07:37 INFO  - 聊天消息数据保存完成，共处理条 0 数据。耗时：0时0分0秒14毫秒
19:08:37 INFO  - 开始保存聊天消息数据
19:08:37 INFO  - 聊天消息数据保存完成，共处理条 0 数据。耗时：0时0分0秒12毫秒
19:09:37 INFO  - 开始保存聊天消息数据
19:09:37 INFO  - 聊天消息数据保存完成，共处理条 0 数据。耗时：0时0分0秒12毫秒
19:10:37 INFO  - 开始保存聊天消息数据
19:10:37 INFO  - 聊天消息数据保存完成，共处理条 0 数据。耗时：0时0分0秒13毫秒
19:11:37 INFO  - 开始保存聊天消息数据
19:11:37 INFO  - 聊天消息数据保存完成，共处理条 0 数据。耗时：0时0分0秒11毫秒
19:12:37 INFO  - 开始保存聊天消息数据
19:12:37 INFO  - 聊天消息数据保存完成，共处理条 0 数据。耗时：0时0分0秒11毫秒
19:13:37 INFO  - 开始保存聊天消息数据
19:13:37 INFO  - 聊天消息数据保存完成，共处理条 0 数据。耗时：0时0分0秒11毫秒
19:14:37 INFO  - 开始保存聊天消息数据
19:14:37 INFO  - 聊天消息数据保存完成，共处理条 0 数据。耗时：0时0分0秒11毫秒
19:15:37 INFO  - 开始保存聊天消息数据
19:15:37 INFO  - 聊天消息数据保存完成，共处理条 0 数据。耗时：0时0分0秒12毫秒
19:16:37 INFO  - 开始保存聊天消息数据
19:16:37 INFO  - 聊天消息数据保存完成，共处理条 0 数据。耗时：0时0分0秒12毫秒
19:17:37 INFO  - 开始保存聊天消息数据
19:17:37 INFO  - 聊天消息数据保存完成，共处理条 0 数据。耗时：0时0分0秒14毫秒
19:18:37 INFO  - 开始保存聊天消息数据
19:18:37 INFO  - 聊天消息数据保存完成，共处理条 0 数据。耗时：0时0分0秒12毫秒
19:19:37 INFO  - 开始保存聊天消息数据
19:19:37 INFO  - 聊天消息数据保存完成，共处理条 0 数据。耗时：0时0分0秒12毫秒
19:20:37 INFO  - 开始保存聊天消息数据
19:20:37 INFO  - 聊天消息数据保存完成，共处理条 0 数据。耗时：0时0分0秒12毫秒
19:21:37 INFO  - 开始保存聊天消息数据
19:21:37 INFO  - 聊天消息数据保存完成，共处理条 0 数据。耗时：0时0分0秒11毫秒
19:22:37 INFO  - 开始保存聊天消息数据
19:22:37 INFO  - 聊天消息数据保存完成，共处理条 0 数据。耗时：0时0分0秒20毫秒
19:23:37 INFO  - 开始保存聊天消息数据
19:23:37 INFO  - 聊天消息数据保存完成，共处理条 0 数据。耗时：0时0分0秒11毫秒
19:24:37 INFO  - 开始保存聊天消息数据
19:24:37 INFO  - 聊天消息数据保存完成，共处理条 0 数据。耗时：0时0分0秒10毫秒
19:25:37 INFO  - 开始保存聊天消息数据
19:25:37 INFO  - 聊天消息数据保存完成，共处理条 0 数据。耗时：0时0分0秒11毫秒
19:26:37 INFO  - 开始保存聊天消息数据
19:26:37 INFO  - 聊天消息数据保存完成，共处理条 0 数据。耗时：0时0分0秒12毫秒
19:27:37 INFO  - 开始保存聊天消息数据
19:27:37 INFO  - 聊天消息数据保存完成，共处理条 0 数据。耗时：0时0分0秒12毫秒
19:28:37 INFO  - 开始保存聊天消息数据
19:28:37 INFO  - 聊天消息数据保存完成，共处理条 0 数据。耗时：0时0分0秒13毫秒
19:29:37 INFO  - 开始保存聊天消息数据
19:29:37 INFO  - 聊天消息数据保存完成，共处理条 0 数据。耗时：0时0分0秒10毫秒
19:30:37 INFO  - 开始保存聊天消息数据
19:30:37 INFO  - 聊天消息数据保存完成，共处理条 0 数据。耗时：0时0分0秒12毫秒
19:31:37 INFO  - 开始保存聊天消息数据
19:31:37 INFO  - 聊天消息数据保存完成，共处理条 0 数据。耗时：0时0分0秒12毫秒
19:32:37 INFO  - 开始保存聊天消息数据
19:32:37 INFO  - 聊天消息数据保存完成，共处理条 0 数据。耗时：0时0分0秒12毫秒
19:33:37 INFO  - 开始保存聊天消息数据
19:33:37 INFO  - 聊天消息数据保存完成，共处理条 0 数据。耗时：0时0分0秒13毫秒
19:34:37 INFO  - 开始保存聊天消息数据
19:34:37 INFO  - 聊天消息数据保存完成，共处理条 0 数据。耗时：0时0分0秒13毫秒
19:35:37 INFO  - 开始保存聊天消息数据
19:35:37 INFO  - 聊天消息数据保存完成，共处理条 0 数据。耗时：0时0分0秒11毫秒
19:36:37 INFO  - 开始保存聊天消息数据
19:36:37 INFO  - 聊天消息数据保存完成，共处理条 0 数据。耗时：0时0分0秒15毫秒
19:37:37 INFO  - 开始保存聊天消息数据
19:37:37 INFO  - 聊天消息数据保存完成，共处理条 0 数据。耗时：0时0分0秒12毫秒
19:38:37 INFO  - 开始保存聊天消息数据
19:38:37 INFO  - 聊天消息数据保存完成，共处理条 0 数据。耗时：0时0分0秒11毫秒
19:39:37 INFO  - 开始保存聊天消息数据
19:39:37 INFO  - 聊天消息数据保存完成，共处理条 0 数据。耗时：0时0分0秒11毫秒
19:40:37 INFO  - 开始保存聊天消息数据
19:40:37 INFO  - 聊天消息数据保存完成，共处理条 0 数据。耗时：0时0分0秒12毫秒
19:41:37 INFO  - 开始保存聊天消息数据
19:41:37 INFO  - 聊天消息数据保存完成，共处理条 0 数据。耗时：0时0分0秒13毫秒
19:42:37 INFO  - 开始保存聊天消息数据
19:42:37 INFO  - 聊天消息数据保存完成，共处理条 0 数据。耗时：0时0分0秒12毫秒
19:43:37 INFO  - 开始保存聊天消息数据
19:43:37 INFO  - 聊天消息数据保存完成，共处理条 0 数据。耗时：0时0分0秒12毫秒
19:44:37 INFO  - 开始保存聊天消息数据
19:44:37 INFO  - 聊天消息数据保存完成，共处理条 0 数据。耗时：0时0分0秒12毫秒
19:45:37 INFO  - 开始保存聊天消息数据
19:45:37 INFO  - 聊天消息数据保存完成，共处理条 0 数据。耗时：0时0分0秒12毫秒
19:46:37 INFO  - 开始保存聊天消息数据
19:46:37 INFO  - 聊天消息数据保存完成，共处理条 0 数据。耗时：0时0分0秒12毫秒
19:47:37 INFO  - 开始保存聊天消息数据
19:47:37 INFO  - 聊天消息数据保存完成，共处理条 0 数据。耗时：0时0分0秒12毫秒
19:48:37 INFO  - 开始保存聊天消息数据
19:48:37 INFO  - 聊天消息数据保存完成，共处理条 0 数据。耗时：0时0分0秒11毫秒
19:49:37 INFO  - 开始保存聊天消息数据
19:49:37 INFO  - 聊天消息数据保存完成，共处理条 0 数据。耗时：0时0分0秒12毫秒
19:50:37 INFO  - 开始保存聊天消息数据
19:50:37 INFO  - 聊天消息数据保存完成，共处理条 0 数据。耗时：0时0分0秒10毫秒
19:51:37 INFO  - 开始保存聊天消息数据
19:51:37 INFO  - 聊天消息数据保存完成，共处理条 0 数据。耗时：0时0分0秒12毫秒
19:52:37 INFO  - 开始保存聊天消息数据
19:52:37 INFO  - 聊天消息数据保存完成，共处理条 0 数据。耗时：0时0分0秒12毫秒
19:53:37 INFO  - 开始保存聊天消息数据
19:53:37 INFO  - 聊天消息数据保存完成，共处理条 0 数据。耗时：0时0分0秒12毫秒
19:54:37 INFO  - 开始保存聊天消息数据
19:54:37 INFO  - 聊天消息数据保存完成，共处理条 0 数据。耗时：0时0分0秒20毫秒
19:55:37 INFO  - 开始保存聊天消息数据
19:55:37 INFO  - 聊天消息数据保存完成，共处理条 0 数据。耗时：0时0分0秒11毫秒
19:56:37 INFO  - 开始保存聊天消息数据
19:56:37 INFO  - 聊天消息数据保存完成，共处理条 0 数据。耗时：0时0分0秒8毫秒
19:57:37 INFO  - 开始保存聊天消息数据
19:57:37 INFO  - 聊天消息数据保存完成，共处理条 0 数据。耗时：0时0分0秒13毫秒
19:58:37 INFO  - 开始保存聊天消息数据
19:58:37 INFO  - 聊天消息数据保存完成，共处理条 0 数据。耗时：0时0分0秒15毫秒
19:59:37 INFO  - 开始保存聊天消息数据
19:59:37 INFO  - 聊天消息数据保存完成，共处理条 0 数据。耗时：0时0分0秒12毫秒
20:00:37 INFO  - 开始保存聊天消息数据
20:00:37 INFO  - 聊天消息数据保存完成，共处理条 0 数据。耗时：0时0分0秒20毫秒
20:01:37 INFO  - 开始保存聊天消息数据
20:01:37 INFO  - 聊天消息数据保存完成，共处理条 0 数据。耗时：0时0分0秒11毫秒
20:02:37 INFO  - 开始保存聊天消息数据
20:02:37 INFO  - 聊天消息数据保存完成，共处理条 0 数据。耗时：0时0分0秒8毫秒
20:03:37 INFO  - 开始保存聊天消息数据
20:03:37 INFO  - 聊天消息数据保存完成，共处理条 0 数据。耗时：0时0分0秒11毫秒
20:04:37 INFO  - 开始保存聊天消息数据
20:04:37 INFO  - 聊天消息数据保存完成，共处理条 0 数据。耗时：0时0分0秒12毫秒
20:05:37 INFO  - 开始保存聊天消息数据
20:05:37 INFO  - 聊天消息数据保存完成，共处理条 0 数据。耗时：0时0分0秒12毫秒
20:06:37 INFO  - 开始保存聊天消息数据
20:06:37 INFO  - 聊天消息数据保存完成，共处理条 0 数据。耗时：0时0分0秒11毫秒
20:07:37 INFO  - 开始保存聊天消息数据
20:07:37 INFO  - 聊天消息数据保存完成，共处理条 0 数据。耗时：0时0分0秒11毫秒
20:08:37 INFO  - 开始保存聊天消息数据
20:08:37 INFO  - 聊天消息数据保存完成，共处理条 0 数据。耗时：0时0分0秒12毫秒
20:09:37 INFO  - 开始保存聊天消息数据
20:09:38 INFO  - 聊天消息数据保存完成，共处理条 0 数据。耗时：0时0分1秒154毫秒
20:10:37 INFO  - 开始保存聊天消息数据
20:10:39 INFO  - 聊天消息数据保存完成，共处理条 0 数据。耗时：0时0分1秒345毫秒
20:11:37 INFO  - 开始保存聊天消息数据
20:11:38 INFO  - 聊天消息数据保存完成，共处理条 0 数据。耗时：0时0分0秒652毫秒
20:12:37 INFO  - 开始保存聊天消息数据
20:12:38 INFO  - 聊天消息数据保存完成，共处理条 0 数据。耗时：0时0分0秒654毫秒
20:13:37 INFO  - 开始保存聊天消息数据
20:13:38 INFO  - 聊天消息数据保存完成，共处理条 0 数据。耗时：0时0分1秒48毫秒
20:14:37 INFO  - 开始保存聊天消息数据
20:14:39 INFO  - 聊天消息数据保存完成，共处理条 0 数据。耗时：0时0分1秒547毫秒
20:15:37 INFO  - 开始保存聊天消息数据
20:15:38 INFO  - 聊天消息数据保存完成，共处理条 0 数据。耗时：0时0分1秒54毫秒
20:16:37 INFO  - 开始保存聊天消息数据
20:16:39 INFO  - 聊天消息数据保存完成，共处理条 0 数据。耗时：0时0分1秒844毫秒
20:17:37 INFO  - 开始保存聊天消息数据
20:17:39 INFO  - 聊天消息数据保存完成，共处理条 0 数据。耗时：0时0分1秒753毫秒
20:18:37 INFO  - 开始保存聊天消息数据
20:18:39 INFO  - 聊天消息数据保存完成，共处理条 0 数据。耗时：0时0分1秒350毫秒
20:19:37 INFO  - 开始保存聊天消息数据
20:19:40 INFO  - 聊天消息数据保存完成，共处理条 0 数据。耗时：0时0分2秒645毫秒
20:20:37 INFO  - 开始保存聊天消息数据
20:20:39 INFO  - 聊天消息数据保存完成，共处理条 0 数据。耗时：0时0分1秒453毫秒
20:21:37 INFO  - 开始保存聊天消息数据
20:21:39 INFO  - 聊天消息数据保存完成，共处理条 0 数据。耗时：0时0分1秒645毫秒
20:22:37 INFO  - 开始保存聊天消息数据
20:22:37 INFO  - 聊天消息数据保存完成，共处理条 0 数据。耗时：0时0分0秒11毫秒
20:23:37 INFO  - 开始保存聊天消息数据
20:23:37 INFO  - 聊天消息数据保存完成，共处理条 0 数据。耗时：0时0分0秒12毫秒
20:24:37 INFO  - 开始保存聊天消息数据
20:24:37 INFO  - 聊天消息数据保存完成，共处理条 0 数据。耗时：0时0分0秒12毫秒
20:25:37 INFO  - 开始保存聊天消息数据
20:25:37 INFO  - 聊天消息数据保存完成，共处理条 0 数据。耗时：0时0分0秒13毫秒
20:26:37 INFO  - 开始保存聊天消息数据
20:26:37 INFO  - 聊天消息数据保存完成，共处理条 0 数据。耗时：0时0分0秒21毫秒
20:27:37 INFO  - 开始保存聊天消息数据
20:27:37 INFO  - 聊天消息数据保存完成，共处理条 0 数据。耗时：0时0分0秒12毫秒
20:28:37 INFO  - 开始保存聊天消息数据
20:28:37 INFO  - 聊天消息数据保存完成，共处理条 0 数据。耗时：0时0分0秒11毫秒
20:29:37 INFO  - 开始保存聊天消息数据
20:29:37 INFO  - 聊天消息数据保存完成，共处理条 0 数据。耗时：0时0分0秒11毫秒
20:30:37 INFO  - 开始保存聊天消息数据
20:30:37 INFO  - 聊天消息数据保存完成，共处理条 0 数据。耗时：0时0分0秒12毫秒
20:31:37 INFO  - 开始保存聊天消息数据
20:31:37 INFO  - 聊天消息数据保存完成，共处理条 0 数据。耗时：0时0分0秒11毫秒
20:32:37 INFO  - 开始保存聊天消息数据
20:32:37 INFO  - 聊天消息数据保存完成，共处理条 0 数据。耗时：0时0分0秒11毫秒
20:33:37 INFO  - 开始保存聊天消息数据
20:33:37 INFO  - 聊天消息数据保存完成，共处理条 0 数据。耗时：0时0分0秒12毫秒
20:34:37 INFO  - 开始保存聊天消息数据
20:34:37 INFO  - 聊天消息数据保存完成，共处理条 0 数据。耗时：0时0分0秒8毫秒
20:35:37 INFO  - 开始保存聊天消息数据
20:35:37 INFO  - 聊天消息数据保存完成，共处理条 0 数据。耗时：0时0分0秒22毫秒
20:36:37 INFO  - 开始保存聊天消息数据
20:36:37 INFO  - 聊天消息数据保存完成，共处理条 0 数据。耗时：0时0分0秒7毫秒
20:37:37 INFO  - 开始保存聊天消息数据
20:37:37 INFO  - 聊天消息数据保存完成，共处理条 0 数据。耗时：0时0分0秒17毫秒
20:38:37 INFO  - 开始保存聊天消息数据
20:38:37 INFO  - 聊天消息数据保存完成，共处理条 0 数据。耗时：0时0分0秒16毫秒
20:39:37 INFO  - 开始保存聊天消息数据
20:39:37 INFO  - 聊天消息数据保存完成，共处理条 0 数据。耗时：0时0分0秒12毫秒
20:40:37 INFO  - 开始保存聊天消息数据
20:40:37 INFO  - 聊天消息数据保存完成，共处理条 0 数据。耗时：0时0分0秒10毫秒
20:41:37 INFO  - 开始保存聊天消息数据
20:41:37 INFO  - 聊天消息数据保存完成，共处理条 0 数据。耗时：0时0分0秒12毫秒
20:42:37 INFO  - 开始保存聊天消息数据
20:42:37 INFO  - 聊天消息数据保存完成，共处理条 0 数据。耗时：0时0分0秒14毫秒
20:43:37 INFO  - 开始保存聊天消息数据
20:43:37 INFO  - 聊天消息数据保存完成，共处理条 0 数据。耗时：0时0分0秒11毫秒
20:44:37 INFO  - 开始保存聊天消息数据
20:44:37 INFO  - 聊天消息数据保存完成，共处理条 0 数据。耗时：0时0分0秒11毫秒
20:45:37 INFO  - 开始保存聊天消息数据
20:45:37 INFO  - 聊天消息数据保存完成，共处理条 0 数据。耗时：0时0分0秒19毫秒
20:46:37 INFO  - 开始保存聊天消息数据
20:46:37 INFO  - 聊天消息数据保存完成，共处理条 0 数据。耗时：0时0分0秒11毫秒
20:47:37 INFO  - 开始保存聊天消息数据
20:47:37 INFO  - 聊天消息数据保存完成，共处理条 0 数据。耗时：0时0分0秒11毫秒
20:48:37 INFO  - 开始保存聊天消息数据
20:48:37 INFO  - 聊天消息数据保存完成，共处理条 0 数据。耗时：0时0分0秒22毫秒
20:49:37 INFO  - 开始保存聊天消息数据
20:49:37 INFO  - 聊天消息数据保存完成，共处理条 0 数据。耗时：0时0分0秒11毫秒
20:50:37 INFO  - 开始保存聊天消息数据
20:50:37 INFO  - 聊天消息数据保存完成，共处理条 0 数据。耗时：0时0分0秒7毫秒
20:51:37 INFO  - 开始保存聊天消息数据
20:51:37 INFO  - 聊天消息数据保存完成，共处理条 0 数据。耗时：0时0分0秒13毫秒
20:52:37 INFO  - 开始保存聊天消息数据
20:52:37 INFO  - 聊天消息数据保存完成，共处理条 0 数据。耗时：0时0分0秒11毫秒
20:53:37 INFO  - 开始保存聊天消息数据
20:53:37 INFO  - 聊天消息数据保存完成，共处理条 0 数据。耗时：0时0分0秒17毫秒
20:54:37 INFO  - 开始保存聊天消息数据
20:54:37 INFO  - 聊天消息数据保存完成，共处理条 0 数据。耗时：0时0分0秒12毫秒
20:55:37 INFO  - 开始保存聊天消息数据
20:55:37 INFO  - 聊天消息数据保存完成，共处理条 0 数据。耗时：0时0分0秒19毫秒
20:56:37 INFO  - 开始保存聊天消息数据
20:56:37 INFO  - 聊天消息数据保存完成，共处理条 0 数据。耗时：0时0分0秒8毫秒
20:57:37 INFO  - 开始保存聊天消息数据
20:57:37 INFO  - 聊天消息数据保存完成，共处理条 0 数据。耗时：0时0分0秒13毫秒
20:58:37 INFO  - 开始保存聊天消息数据
20:58:37 INFO  - 聊天消息数据保存完成，共处理条 0 数据。耗时：0时0分0秒11毫秒
20:59:37 INFO  - 开始保存聊天消息数据
20:59:37 INFO  - 聊天消息数据保存完成，共处理条 0 数据。耗时：0时0分0秒11毫秒
21:00:37 INFO  - 开始保存聊天消息数据
21:00:37 INFO  - 聊天消息数据保存完成，共处理条 0 数据。耗时：0时0分0秒11毫秒
21:01:37 INFO  - 开始保存聊天消息数据
21:01:37 INFO  - 聊天消息数据保存完成，共处理条 0 数据。耗时：0时0分0秒11毫秒
21:02:37 INFO  - 开始保存聊天消息数据
21:02:37 INFO  - 聊天消息数据保存完成，共处理条 0 数据。耗时：0时0分0秒12毫秒
21:03:37 INFO  - 开始保存聊天消息数据
21:03:37 INFO  - 聊天消息数据保存完成，共处理条 0 数据。耗时：0时0分0秒19毫秒
21:04:37 INFO  - 开始保存聊天消息数据
21:04:37 INFO  - 聊天消息数据保存完成，共处理条 0 数据。耗时：0时0分0秒11毫秒
21:05:37 INFO  - 开始保存聊天消息数据
21:05:37 INFO  - 聊天消息数据保存完成，共处理条 0 数据。耗时：0时0分0秒8毫秒
21:06:37 INFO  - 开始保存聊天消息数据
21:06:37 INFO  - 聊天消息数据保存完成，共处理条 0 数据。耗时：0时0分0秒21毫秒
21:07:37 INFO  - 开始保存聊天消息数据
21:07:37 INFO  - 聊天消息数据保存完成，共处理条 0 数据。耗时：0时0分0秒11毫秒
21:08:37 INFO  - 开始保存聊天消息数据
21:08:37 INFO  - 聊天消息数据保存完成，共处理条 0 数据。耗时：0时0分0秒11毫秒
21:09:37 INFO  - 开始保存聊天消息数据
21:09:37 INFO  - 聊天消息数据保存完成，共处理条 0 数据。耗时：0时0分0秒10毫秒
21:10:37 INFO  - 开始保存聊天消息数据
21:10:37 INFO  - 聊天消息数据保存完成，共处理条 0 数据。耗时：0时0分0秒7毫秒
21:11:37 INFO  - 开始保存聊天消息数据
21:11:37 INFO  - 聊天消息数据保存完成，共处理条 0 数据。耗时：0时0分0秒12毫秒
21:12:37 INFO  - 开始保存聊天消息数据
21:12:37 INFO  - 聊天消息数据保存完成，共处理条 0 数据。耗时：0时0分0秒11毫秒
21:13:37 INFO  - 开始保存聊天消息数据
21:13:37 INFO  - 聊天消息数据保存完成，共处理条 0 数据。耗时：0时0分0秒7毫秒
21:14:37 INFO  - 开始保存聊天消息数据
21:14:37 INFO  - 聊天消息数据保存完成，共处理条 0 数据。耗时：0时0分0秒12毫秒
21:15:37 INFO  - 开始保存聊天消息数据
21:15:37 INFO  - 聊天消息数据保存完成，共处理条 0 数据。耗时：0时0分0秒16毫秒
21:16:37 INFO  - 开始保存聊天消息数据
21:16:37 INFO  - 聊天消息数据保存完成，共处理条 0 数据。耗时：0时0分0秒11毫秒
21:17:37 INFO  - 开始保存聊天消息数据
21:17:37 INFO  - 聊天消息数据保存完成，共处理条 0 数据。耗时：0时0分0秒12毫秒
21:18:37 INFO  - 开始保存聊天消息数据
21:18:37 INFO  - 聊天消息数据保存完成，共处理条 0 数据。耗时：0时0分0秒12毫秒
21:19:37 INFO  - 开始保存聊天消息数据
21:19:37 INFO  - 聊天消息数据保存完成，共处理条 0 数据。耗时：0时0分0秒8毫秒
21:20:37 INFO  - 开始保存聊天消息数据
21:20:37 INFO  - 聊天消息数据保存完成，共处理条 0 数据。耗时：0时0分0秒13毫秒
21:21:37 INFO  - 开始保存聊天消息数据
21:21:37 INFO  - 聊天消息数据保存完成，共处理条 0 数据。耗时：0时0分0秒12毫秒
21:22:37 INFO  - 开始保存聊天消息数据
21:22:37 INFO  - 聊天消息数据保存完成，共处理条 0 数据。耗时：0时0分0秒13毫秒
21:23:37 INFO  - 开始保存聊天消息数据
21:23:37 INFO  - 聊天消息数据保存完成，共处理条 0 数据。耗时：0时0分0秒12毫秒
21:24:37 INFO  - 开始保存聊天消息数据
21:24:37 INFO  - 聊天消息数据保存完成，共处理条 0 数据。耗时：0时0分0秒12毫秒
21:25:37 INFO  - 开始保存聊天消息数据
21:25:37 INFO  - 聊天消息数据保存完成，共处理条 0 数据。耗时：0时0分0秒12毫秒
21:26:37 INFO  - 开始保存聊天消息数据
21:26:37 INFO  - 聊天消息数据保存完成，共处理条 0 数据。耗时：0时0分0秒13毫秒
21:27:37 INFO  - 开始保存聊天消息数据
21:27:37 INFO  - 聊天消息数据保存完成，共处理条 0 数据。耗时：0时0分0秒11毫秒
21:28:37 INFO  - 开始保存聊天消息数据
21:28:37 INFO  - 聊天消息数据保存完成，共处理条 0 数据。耗时：0时0分0秒18毫秒
21:29:37 INFO  - 开始保存聊天消息数据
21:29:37 INFO  - 聊天消息数据保存完成，共处理条 0 数据。耗时：0时0分0秒13毫秒
21:30:37 INFO  - 开始保存聊天消息数据
21:30:37 INFO  - 聊天消息数据保存完成，共处理条 0 数据。耗时：0时0分0秒8毫秒
21:31:37 INFO  - 开始保存聊天消息数据
21:31:37 INFO  - 聊天消息数据保存完成，共处理条 0 数据。耗时：0时0分0秒23毫秒
21:32:37 INFO  - 开始保存聊天消息数据
21:32:37 INFO  - 聊天消息数据保存完成，共处理条 0 数据。耗时：0时0分0秒12毫秒
21:33:37 INFO  - 开始保存聊天消息数据
21:33:37 INFO  - 聊天消息数据保存完成，共处理条 0 数据。耗时：0时0分0秒12毫秒
21:34:37 INFO  - 开始保存聊天消息数据
21:34:37 INFO  - 聊天消息数据保存完成，共处理条 0 数据。耗时：0时0分0秒13毫秒
21:35:37 INFO  - 开始保存聊天消息数据
21:35:37 INFO  - 聊天消息数据保存完成，共处理条 0 数据。耗时：0时0分0秒10毫秒
21:36:37 INFO  - 开始保存聊天消息数据
21:36:37 INFO  - 聊天消息数据保存完成，共处理条 0 数据。耗时：0时0分0秒12毫秒
21:37:37 INFO  - 开始保存聊天消息数据
21:37:37 INFO  - 聊天消息数据保存完成，共处理条 0 数据。耗时：0时0分0秒17毫秒
21:38:37 INFO  - 开始保存聊天消息数据
21:38:37 INFO  - 聊天消息数据保存完成，共处理条 0 数据。耗时：0时0分0秒11毫秒
21:39:37 INFO  - 开始保存聊天消息数据
21:39:37 INFO  - 聊天消息数据保存完成，共处理条 0 数据。耗时：0时0分0秒17毫秒
21:40:37 INFO  - 开始保存聊天消息数据
21:40:37 INFO  - 聊天消息数据保存完成，共处理条 0 数据。耗时：0时0分0秒15毫秒
21:41:37 INFO  - 开始保存聊天消息数据
21:41:37 INFO  - 聊天消息数据保存完成，共处理条 0 数据。耗时：0时0分0秒16毫秒
21:42:37 INFO  - 开始保存聊天消息数据
21:42:37 INFO  - 聊天消息数据保存完成，共处理条 0 数据。耗时：0时0分0秒8毫秒
21:43:37 INFO  - 开始保存聊天消息数据
21:43:37 INFO  - 聊天消息数据保存完成，共处理条 0 数据。耗时：0时0分0秒11毫秒
21:44:37 INFO  - 开始保存聊天消息数据
21:44:37 INFO  - 聊天消息数据保存完成，共处理条 0 数据。耗时：0时0分0秒8毫秒
21:45:37 INFO  - 开始保存聊天消息数据
21:45:37 INFO  - 聊天消息数据保存完成，共处理条 0 数据。耗时：0时0分0秒13毫秒
21:46:37 INFO  - 开始保存聊天消息数据
21:46:37 INFO  - 聊天消息数据保存完成，共处理条 0 数据。耗时：0时0分0秒14毫秒
21:47:37 INFO  - 开始保存聊天消息数据
21:47:37 INFO  - 聊天消息数据保存完成，共处理条 0 数据。耗时：0时0分0秒11毫秒
21:48:37 INFO  - 开始保存聊天消息数据
21:48:37 INFO  - 聊天消息数据保存完成，共处理条 0 数据。耗时：0时0分0秒12毫秒
21:49:37 INFO  - 开始保存聊天消息数据
21:49:37 INFO  - 聊天消息数据保存完成，共处理条 0 数据。耗时：0时0分0秒12毫秒
21:50:37 INFO  - 开始保存聊天消息数据
21:50:37 INFO  - 聊天消息数据保存完成，共处理条 0 数据。耗时：0时0分0秒11毫秒
21:51:37 INFO  - 开始保存聊天消息数据
21:51:37 INFO  - 聊天消息数据保存完成，共处理条 0 数据。耗时：0时0分0秒11毫秒
21:52:37 INFO  - 开始保存聊天消息数据
21:52:37 INFO  - 聊天消息数据保存完成，共处理条 0 数据。耗时：0时0分0秒12毫秒
21:53:37 INFO  - 开始保存聊天消息数据
21:53:37 INFO  - 聊天消息数据保存完成，共处理条 0 数据。耗时：0时0分0秒12毫秒
21:54:37 INFO  - 开始保存聊天消息数据
21:54:37 INFO  - 聊天消息数据保存完成，共处理条 0 数据。耗时：0时0分0秒21毫秒
21:55:37 INFO  - 开始保存聊天消息数据
21:55:37 INFO  - 聊天消息数据保存完成，共处理条 0 数据。耗时：0时0分0秒12毫秒
21:56:37 INFO  - 开始保存聊天消息数据
21:56:37 INFO  - 聊天消息数据保存完成，共处理条 0 数据。耗时：0时0分0秒11毫秒
21:57:37 INFO  - 开始保存聊天消息数据
21:57:37 INFO  - 聊天消息数据保存完成，共处理条 0 数据。耗时：0时0分0秒10毫秒
21:58:37 INFO  - 开始保存聊天消息数据
21:58:37 INFO  - 聊天消息数据保存完成，共处理条 0 数据。耗时：0时0分0秒12毫秒
21:59:37 INFO  - 开始保存聊天消息数据
21:59:37 INFO  - 聊天消息数据保存完成，共处理条 0 数据。耗时：0时0分0秒20毫秒
22:00:37 INFO  - 开始保存聊天消息数据
22:00:37 INFO  - 聊天消息数据保存完成，共处理条 0 数据。耗时：0时0分0秒11毫秒
22:01:37 INFO  - 开始保存聊天消息数据
22:01:37 INFO  - 聊天消息数据保存完成，共处理条 0 数据。耗时：0时0分0秒12毫秒
22:02:37 INFO  - 开始保存聊天消息数据
22:02:37 INFO  - 聊天消息数据保存完成，共处理条 0 数据。耗时：0时0分0秒12毫秒
22:03:37 INFO  - 开始保存聊天消息数据
22:03:37 INFO  - 聊天消息数据保存完成，共处理条 0 数据。耗时：0时0分0秒11毫秒
22:04:37 INFO  - 开始保存聊天消息数据
22:04:37 INFO  - 聊天消息数据保存完成，共处理条 0 数据。耗时：0时0分0秒15毫秒
22:05:37 INFO  - 开始保存聊天消息数据
22:05:37 INFO  - 聊天消息数据保存完成，共处理条 0 数据。耗时：0时0分0秒11毫秒
22:06:37 INFO  - 开始保存聊天消息数据
22:06:37 INFO  - 聊天消息数据保存完成，共处理条 0 数据。耗时：0时0分0秒10毫秒
22:07:37 INFO  - 开始保存聊天消息数据
22:07:37 INFO  - 聊天消息数据保存完成，共处理条 0 数据。耗时：0时0分0秒14毫秒
22:08:37 INFO  - 开始保存聊天消息数据
22:08:37 INFO  - 聊天消息数据保存完成，共处理条 0 数据。耗时：0时0分0秒12毫秒
22:09:37 INFO  - 开始保存聊天消息数据
22:09:37 INFO  - 聊天消息数据保存完成，共处理条 0 数据。耗时：0时0分0秒11毫秒
22:10:37 INFO  - 开始保存聊天消息数据
22:10:37 INFO  - 聊天消息数据保存完成，共处理条 0 数据。耗时：0时0分0秒14毫秒
22:11:37 INFO  - 开始保存聊天消息数据
22:11:37 INFO  - 聊天消息数据保存完成，共处理条 0 数据。耗时：0时0分0秒106毫秒
22:12:37 INFO  - 开始保存聊天消息数据
22:12:37 INFO  - 聊天消息数据保存完成，共处理条 0 数据。耗时：0时0分0秒11毫秒
22:13:37 INFO  - 开始保存聊天消息数据
22:13:37 INFO  - 聊天消息数据保存完成，共处理条 0 数据。耗时：0时0分0秒11毫秒
22:14:37 INFO  - 开始保存聊天消息数据
22:14:37 INFO  - 聊天消息数据保存完成，共处理条 0 数据。耗时：0时0分0秒7毫秒
22:15:37 INFO  - 开始保存聊天消息数据
22:15:37 INFO  - 聊天消息数据保存完成，共处理条 0 数据。耗时：0时0分0秒11毫秒
22:16:37 INFO  - 开始保存聊天消息数据
22:16:37 INFO  - 聊天消息数据保存完成，共处理条 0 数据。耗时：0时0分0秒12毫秒
22:17:37 INFO  - 开始保存聊天消息数据
22:17:37 INFO  - 聊天消息数据保存完成，共处理条 0 数据。耗时：0时0分0秒11毫秒
22:18:37 INFO  - 开始保存聊天消息数据
22:18:37 INFO  - 聊天消息数据保存完成，共处理条 0 数据。耗时：0时0分0秒7毫秒
22:19:37 INFO  - 开始保存聊天消息数据
22:19:37 INFO  - 聊天消息数据保存完成，共处理条 0 数据。耗时：0时0分0秒11毫秒
22:20:37 INFO  - 开始保存聊天消息数据
22:20:37 INFO  - 聊天消息数据保存完成，共处理条 0 数据。耗时：0时0分0秒11毫秒
22:21:37 INFO  - 开始保存聊天消息数据
22:21:37 INFO  - 聊天消息数据保存完成，共处理条 0 数据。耗时：0时0分0秒18毫秒
22:22:37 INFO  - 开始保存聊天消息数据
22:22:37 INFO  - 聊天消息数据保存完成，共处理条 0 数据。耗时：0时0分0秒11毫秒
22:23:37 INFO  - 开始保存聊天消息数据
22:23:37 INFO  - 聊天消息数据保存完成，共处理条 0 数据。耗时：0时0分0秒11毫秒
22:24:37 INFO  - 开始保存聊天消息数据
22:24:37 INFO  - 聊天消息数据保存完成，共处理条 0 数据。耗时：0时0分0秒16毫秒
22:25:37 INFO  - 开始保存聊天消息数据
22:25:37 INFO  - 聊天消息数据保存完成，共处理条 0 数据。耗时：0时0分0秒13毫秒
22:26:37 INFO  - 开始保存聊天消息数据
22:26:37 INFO  - 聊天消息数据保存完成，共处理条 0 数据。耗时：0时0分0秒11毫秒
22:27:37 INFO  - 开始保存聊天消息数据
22:27:37 INFO  - 聊天消息数据保存完成，共处理条 0 数据。耗时：0时0分0秒11毫秒
22:28:37 INFO  - 开始保存聊天消息数据
22:28:37 INFO  - 聊天消息数据保存完成，共处理条 0 数据。耗时：0时0分0秒16毫秒
22:29:37 INFO  - 开始保存聊天消息数据
22:29:37 INFO  - 聊天消息数据保存完成，共处理条 0 数据。耗时：0时0分0秒24毫秒
22:30:37 INFO  - 开始保存聊天消息数据
22:30:37 INFO  - 聊天消息数据保存完成，共处理条 0 数据。耗时：0时0分0秒12毫秒
22:31:37 INFO  - 开始保存聊天消息数据
22:31:37 INFO  - 聊天消息数据保存完成，共处理条 0 数据。耗时：0时0分0秒11毫秒
22:32:37 INFO  - 开始保存聊天消息数据
22:32:37 INFO  - 聊天消息数据保存完成，共处理条 0 数据。耗时：0时0分0秒12毫秒
22:33:37 INFO  - 开始保存聊天消息数据
22:33:37 INFO  - 聊天消息数据保存完成，共处理条 0 数据。耗时：0时0分0秒7毫秒
22:34:37 INFO  - 开始保存聊天消息数据
22:34:37 INFO  - 聊天消息数据保存完成，共处理条 0 数据。耗时：0时0分0秒11毫秒
22:35:37 INFO  - 开始保存聊天消息数据
22:35:37 INFO  - 聊天消息数据保存完成，共处理条 0 数据。耗时：0时0分0秒15毫秒
22:36:37 INFO  - 开始保存聊天消息数据
22:36:37 INFO  - 聊天消息数据保存完成，共处理条 0 数据。耗时：0时0分0秒11毫秒
22:37:37 INFO  - 开始保存聊天消息数据
22:37:37 INFO  - 聊天消息数据保存完成，共处理条 0 数据。耗时：0时0分0秒14毫秒
22:38:37 INFO  - 开始保存聊天消息数据
22:38:37 INFO  - 聊天消息数据保存完成，共处理条 0 数据。耗时：0时0分0秒11毫秒
22:39:37 INFO  - 开始保存聊天消息数据
22:39:37 INFO  - 聊天消息数据保存完成，共处理条 0 数据。耗时：0时0分0秒12毫秒
22:40:37 INFO  - 开始保存聊天消息数据
22:40:37 INFO  - 聊天消息数据保存完成，共处理条 0 数据。耗时：0时0分0秒12毫秒
22:41:37 INFO  - 开始保存聊天消息数据
22:41:37 INFO  - 聊天消息数据保存完成，共处理条 0 数据。耗时：0时0分0秒14毫秒
22:42:37 INFO  - 开始保存聊天消息数据
22:42:37 INFO  - 聊天消息数据保存完成，共处理条 0 数据。耗时：0时0分0秒12毫秒
22:43:37 INFO  - 开始保存聊天消息数据
22:43:37 INFO  - 聊天消息数据保存完成，共处理条 0 数据。耗时：0时0分0秒20毫秒
22:44:37 INFO  - 开始保存聊天消息数据
22:44:37 INFO  - 聊天消息数据保存完成，共处理条 0 数据。耗时：0时0分0秒12毫秒
22:45:37 INFO  - 开始保存聊天消息数据
22:45:37 INFO  - 聊天消息数据保存完成，共处理条 0 数据。耗时：0时0分0秒11毫秒
22:46:37 INFO  - 开始保存聊天消息数据
22:46:37 INFO  - 聊天消息数据保存完成，共处理条 0 数据。耗时：0时0分0秒11毫秒
22:47:37 INFO  - 开始保存聊天消息数据
22:47:37 INFO  - 聊天消息数据保存完成，共处理条 0 数据。耗时：0时0分0秒12毫秒
22:48:37 INFO  - 开始保存聊天消息数据
22:48:37 INFO  - 聊天消息数据保存完成，共处理条 0 数据。耗时：0时0分0秒7毫秒
22:49:37 INFO  - 开始保存聊天消息数据
22:49:37 INFO  - 聊天消息数据保存完成，共处理条 0 数据。耗时：0时0分0秒12毫秒
22:50:37 INFO  - 开始保存聊天消息数据
22:50:37 INFO  - 聊天消息数据保存完成，共处理条 0 数据。耗时：0时0分0秒11毫秒
22:51:37 INFO  - 开始保存聊天消息数据
22:51:37 INFO  - 聊天消息数据保存完成，共处理条 0 数据。耗时：0时0分0秒12毫秒
22:52:37 INFO  - 开始保存聊天消息数据
22:52:37 INFO  - 聊天消息数据保存完成，共处理条 0 数据。耗时：0时0分0秒11毫秒
22:53:37 INFO  - 开始保存聊天消息数据
22:53:37 INFO  - 聊天消息数据保存完成，共处理条 0 数据。耗时：0时0分0秒12毫秒
22:54:37 INFO  - 开始保存聊天消息数据
22:54:37 INFO  - 聊天消息数据保存完成，共处理条 0 数据。耗时：0时0分0秒11毫秒
22:55:37 INFO  - 开始保存聊天消息数据
22:55:37 INFO  - 聊天消息数据保存完成，共处理条 0 数据。耗时：0时0分0秒12毫秒
22:56:37 INFO  - 开始保存聊天消息数据
22:56:37 INFO  - 聊天消息数据保存完成，共处理条 0 数据。耗时：0时0分0秒14毫秒
22:57:37 INFO  - 开始保存聊天消息数据
22:57:37 INFO  - 聊天消息数据保存完成，共处理条 0 数据。耗时：0时0分0秒11毫秒
22:58:37 INFO  - 开始保存聊天消息数据
22:58:37 INFO  - 聊天消息数据保存完成，共处理条 0 数据。耗时：0时0分0秒21毫秒
22:59:37 INFO  - 开始保存聊天消息数据
22:59:37 INFO  - 聊天消息数据保存完成，共处理条 0 数据。耗时：0时0分0秒11毫秒
23:00:37 INFO  - 开始保存聊天消息数据
23:00:37 INFO  - 聊天消息数据保存完成，共处理条 0 数据。耗时：0时0分0秒12毫秒
23:01:37 INFO  - 开始保存聊天消息数据
23:01:38 INFO  - 聊天消息数据保存完成，共处理条 0 数据。耗时：0时0分0秒11毫秒
23:02:37 INFO  - 开始保存聊天消息数据
23:02:37 INFO  - 聊天消息数据保存完成，共处理条 0 数据。耗时：0时0分0秒12毫秒
23:03:37 INFO  - 开始保存聊天消息数据
23:03:38 INFO  - 聊天消息数据保存完成，共处理条 0 数据。耗时：0时0分0秒13毫秒
23:04:37 INFO  - 开始保存聊天消息数据
23:04:37 INFO  - 聊天消息数据保存完成，共处理条 0 数据。耗时：0时0分0秒12毫秒
23:05:37 INFO  - 开始保存聊天消息数据
23:05:38 INFO  - 聊天消息数据保存完成，共处理条 0 数据。耗时：0时0分0秒12毫秒
23:06:37 INFO  - 开始保存聊天消息数据
23:06:38 INFO  - 聊天消息数据保存完成，共处理条 0 数据。耗时：0时0分0秒12毫秒
23:07:37 INFO  - 开始保存聊天消息数据
23:07:38 INFO  - 聊天消息数据保存完成，共处理条 0 数据。耗时：0时0分0秒12毫秒
23:08:37 INFO  - 开始保存聊天消息数据
23:08:38 INFO  - 聊天消息数据保存完成，共处理条 0 数据。耗时：0时0分0秒15毫秒
23:09:37 INFO  - 开始保存聊天消息数据
23:09:38 INFO  - 聊天消息数据保存完成，共处理条 0 数据。耗时：0时0分0秒11毫秒
23:10:37 INFO  - 开始保存聊天消息数据
23:10:37 INFO  - 聊天消息数据保存完成，共处理条 0 数据。耗时：0时0分0秒11毫秒
23:11:37 INFO  - 开始保存聊天消息数据
23:11:38 INFO  - 聊天消息数据保存完成，共处理条 0 数据。耗时：0时0分0秒18毫秒
23:12:37 INFO  - 开始保存聊天消息数据
23:12:38 INFO  - 聊天消息数据保存完成，共处理条 0 数据。耗时：0时0分0秒20毫秒
23:13:37 INFO  - 开始保存聊天消息数据
23:13:38 INFO  - 聊天消息数据保存完成，共处理条 0 数据。耗时：0时0分0秒7毫秒
23:14:37 INFO  - 开始保存聊天消息数据
23:14:38 INFO  - 聊天消息数据保存完成，共处理条 0 数据。耗时：0时0分0秒11毫秒
23:15:37 INFO  - 开始保存聊天消息数据
23:15:38 INFO  - 聊天消息数据保存完成，共处理条 0 数据。耗时：0时0分0秒12毫秒
23:16:37 INFO  - 开始保存聊天消息数据
23:16:38 INFO  - 聊天消息数据保存完成，共处理条 0 数据。耗时：0时0分0秒16毫秒
23:17:37 INFO  - 开始保存聊天消息数据
23:17:38 INFO  - 聊天消息数据保存完成，共处理条 0 数据。耗时：0时0分0秒12毫秒
23:18:37 INFO  - 开始保存聊天消息数据
23:18:38 INFO  - 聊天消息数据保存完成，共处理条 0 数据。耗时：0时0分0秒12毫秒
23:19:37 INFO  - 开始保存聊天消息数据
23:19:37 INFO  - 聊天消息数据保存完成，共处理条 0 数据。耗时：0时0分0秒12毫秒
23:20:37 INFO  - 开始保存聊天消息数据
23:20:38 INFO  - 聊天消息数据保存完成，共处理条 0 数据。耗时：0时0分0秒12毫秒
23:21:37 INFO  - 开始保存聊天消息数据
23:21:38 INFO  - 聊天消息数据保存完成，共处理条 0 数据。耗时：0时0分0秒11毫秒
23:22:37 INFO  - 开始保存聊天消息数据
23:22:37 INFO  - 聊天消息数据保存完成，共处理条 0 数据。耗时：0时0分0秒11毫秒
23:23:37 INFO  - 开始保存聊天消息数据
23:23:38 INFO  - 聊天消息数据保存完成，共处理条 0 数据。耗时：0时0分0秒12毫秒
23:24:37 INFO  - 开始保存聊天消息数据
23:24:38 INFO  - 聊天消息数据保存完成，共处理条 0 数据。耗时：0时0分0秒18毫秒
23:25:37 INFO  - 开始保存聊天消息数据
23:25:38 INFO  - 聊天消息数据保存完成，共处理条 0 数据。耗时：0时0分0秒12毫秒
23:26:37 INFO  - 开始保存聊天消息数据
23:26:38 INFO  - 聊天消息数据保存完成，共处理条 0 数据。耗时：0时0分0秒11毫秒
23:27:37 INFO  - 开始保存聊天消息数据
23:27:37 INFO  - 聊天消息数据保存完成，共处理条 0 数据。耗时：0时0分0秒7毫秒
23:28:37 INFO  - 开始保存聊天消息数据
23:28:38 INFO  - 聊天消息数据保存完成，共处理条 0 数据。耗时：0时0分0秒11毫秒
23:29:37 INFO  - 开始保存聊天消息数据
23:29:38 INFO  - 聊天消息数据保存完成，共处理条 0 数据。耗时：0时0分0秒12毫秒
23:30:37 INFO  - 开始保存聊天消息数据
23:30:38 INFO  - 聊天消息数据保存完成，共处理条 0 数据。耗时：0时0分0秒11毫秒
23:31:37 INFO  - 开始保存聊天消息数据
23:31:38 INFO  - 聊天消息数据保存完成，共处理条 0 数据。耗时：0时0分0秒20毫秒
23:32:37 INFO  - 开始保存聊天消息数据
23:32:38 INFO  - 聊天消息数据保存完成，共处理条 0 数据。耗时：0时0分0秒12毫秒
23:33:37 INFO  - 开始保存聊天消息数据
23:33:38 INFO  - 聊天消息数据保存完成，共处理条 0 数据。耗时：0时0分0秒15毫秒
23:34:37 INFO  - 开始保存聊天消息数据
23:34:38 INFO  - 聊天消息数据保存完成，共处理条 0 数据。耗时：0时0分0秒12毫秒
23:35:37 INFO  - 开始保存聊天消息数据
23:35:38 INFO  - 聊天消息数据保存完成，共处理条 0 数据。耗时：0时0分0秒11毫秒
23:36:37 INFO  - 开始保存聊天消息数据
23:36:38 INFO  - 聊天消息数据保存完成，共处理条 0 数据。耗时：0时0分0秒17毫秒
23:37:37 INFO  - 开始保存聊天消息数据
23:37:37 INFO  - 聊天消息数据保存完成，共处理条 0 数据。耗时：0时0分0秒12毫秒
23:38:37 INFO  - 开始保存聊天消息数据
23:38:37 INFO  - 聊天消息数据保存完成，共处理条 0 数据。耗时：0时0分0秒11毫秒
23:39:37 INFO  - 开始保存聊天消息数据
23:39:38 INFO  - 聊天消息数据保存完成，共处理条 0 数据。耗时：0时0分0秒12毫秒
23:40:37 INFO  - 开始保存聊天消息数据
23:40:37 INFO  - 聊天消息数据保存完成，共处理条 0 数据。耗时：0时0分0秒12毫秒
23:41:37 INFO  - 开始保存聊天消息数据
23:41:38 INFO  - 聊天消息数据保存完成，共处理条 0 数据。耗时：0时0分0秒12毫秒
23:42:37 INFO  - 开始保存聊天消息数据
23:42:37 INFO  - 聊天消息数据保存完成，共处理条 0 数据。耗时：0时0分0秒11毫秒
23:43:37 INFO  - 开始保存聊天消息数据
23:43:38 INFO  - 聊天消息数据保存完成，共处理条 0 数据。耗时：0时0分0秒12毫秒
23:44:37 INFO  - 开始保存聊天消息数据
23:44:38 INFO  - 聊天消息数据保存完成，共处理条 0 数据。耗时：0时0分0秒12毫秒
23:45:37 INFO  - 开始保存聊天消息数据
23:45:38 INFO  - 聊天消息数据保存完成，共处理条 0 数据。耗时：0时0分0秒12毫秒
23:46:37 INFO  - 开始保存聊天消息数据
23:46:37 INFO  - 聊天消息数据保存完成，共处理条 0 数据。耗时：0时0分0秒7毫秒
23:47:37 INFO  - 开始保存聊天消息数据
23:47:38 INFO  - 聊天消息数据保存完成，共处理条 0 数据。耗时：0时0分0秒13毫秒
23:48:37 INFO  - 开始保存聊天消息数据
23:48:38 INFO  - 聊天消息数据保存完成，共处理条 0 数据。耗时：0时0分0秒11毫秒
23:49:37 INFO  - 开始保存聊天消息数据
23:49:38 INFO  - 聊天消息数据保存完成，共处理条 0 数据。耗时：0时0分0秒11毫秒
23:50:37 INFO  - 开始保存聊天消息数据
23:50:38 INFO  - 聊天消息数据保存完成，共处理条 0 数据。耗时：0时0分0秒12毫秒
23:51:37 INFO  - 开始保存聊天消息数据
23:51:38 INFO  - 聊天消息数据保存完成，共处理条 0 数据。耗时：0时0分0秒12毫秒
23:52:37 INFO  - 开始保存聊天消息数据
23:52:38 INFO  - 聊天消息数据保存完成，共处理条 0 数据。耗时：0时0分0秒12毫秒
23:53:37 INFO  - 开始保存聊天消息数据
23:53:38 INFO  - 聊天消息数据保存完成，共处理条 0 数据。耗时：0时0分0秒11毫秒
23:54:37 INFO  - 开始保存聊天消息数据
23:54:37 INFO  - 聊天消息数据保存完成，共处理条 0 数据。耗时：0时0分0秒11毫秒
23:55:37 INFO  - 开始保存聊天消息数据
23:55:37 INFO  - 聊天消息数据保存完成，共处理条 0 数据。耗时：0时0分0秒7毫秒
23:56:37 INFO  - 开始保存聊天消息数据
23:56:38 INFO  - 聊天消息数据保存完成，共处理条 0 数据。耗时：0时0分0秒16毫秒
23:57:37 INFO  - 开始保存聊天消息数据
23:57:38 INFO  - 聊天消息数据保存完成，共处理条 0 数据。耗时：0时0分0秒11毫秒
23:58:37 INFO  - 开始保存聊天消息数据
23:58:38 INFO  - 聊天消息数据保存完成，共处理条 0 数据。耗时：0时0分0秒12毫秒
23:59:37 INFO  - 开始保存聊天消息数据
23:59:38 INFO  - 聊天消息数据保存完成，共处理条 0 数据。耗时：0时0分0秒12毫秒
