09:02:13 INFO  - 开始保存聊天消息数据
09:02:13 INFO  - 聊天消息数据保存完成，共处理条 0 数据。耗时：0时0分0秒16毫秒
09:03:13 INFO  - 开始保存聊天消息数据
09:03:13 INFO  - 聊天消息数据保存完成，共处理条 0 数据。耗时：0时0分0秒10毫秒
09:04:13 INFO  - 开始保存聊天消息数据
09:04:13 INFO  - 聊天消息数据保存完成，共处理条 0 数据。耗时：0时0分0秒12毫秒
09:05:13 INFO  - 开始保存聊天消息数据
09:05:13 INFO  - 聊天消息数据保存完成，共处理条 0 数据。耗时：0时0分0秒20毫秒
09:06:13 INFO  - 开始保存聊天消息数据
09:06:13 INFO  - 聊天消息数据保存完成，共处理条 0 数据。耗时：0时0分0秒8毫秒
09:07:13 INFO  - 开始保存聊天消息数据
09:07:13 INFO  - 聊天消息数据保存完成，共处理条 0 数据。耗时：0时0分0秒19毫秒
09:08:13 INFO  - 开始保存聊天消息数据
09:08:13 INFO  - 聊天消息数据保存完成，共处理条 0 数据。耗时：0时0分0秒55毫秒
09:09:13 INFO  - 开始保存聊天消息数据
09:09:13 INFO  - 聊天消息数据保存完成，共处理条 0 数据。耗时：0时0分0秒12毫秒
09:10:13 INFO  - 开始保存聊天消息数据
09:10:13 INFO  - 聊天消息数据保存完成，共处理条 0 数据。耗时：0时0分0秒14毫秒
09:11:13 INFO  - 开始保存聊天消息数据
09:11:13 INFO  - 聊天消息数据保存完成，共处理条 0 数据。耗时：0时0分0秒12毫秒
09:12:13 INFO  - 开始保存聊天消息数据
09:12:13 INFO  - 聊天消息数据保存完成，共处理条 0 数据。耗时：0时0分0秒6毫秒
09:13:13 INFO  - 开始保存聊天消息数据
09:13:13 INFO  - 聊天消息数据保存完成，共处理条 0 数据。耗时：0时0分0秒7毫秒
09:14:13 INFO  - 开始保存聊天消息数据
09:14:13 INFO  - 聊天消息数据保存完成，共处理条 0 数据。耗时：0时0分0秒9毫秒
09:15:13 INFO  - 开始保存聊天消息数据
09:15:13 INFO  - 聊天消息数据保存完成，共处理条 0 数据。耗时：0时0分0秒19毫秒
09:16:13 INFO  - 开始保存聊天消息数据
09:16:13 INFO  - 聊天消息数据保存完成，共处理条 0 数据。耗时：0时0分0秒12毫秒
09:16:47 INFO  - 开始保存聊天消息数据
09:16:47 INFO  - 聊天消息数据保存完成，共处理条 0 数据。耗时：0时0分0秒761毫秒
09:17:46 INFO  - 开始保存聊天消息数据
09:17:46 INFO  - 聊天消息数据保存完成，共处理条 0 数据。耗时：0时0分0秒28毫秒
09:18:46 INFO  - 开始保存聊天消息数据
09:18:46 INFO  - 聊天消息数据保存完成，共处理条 0 数据。耗时：0时0分0秒10毫秒
09:19:46 INFO  - 开始保存聊天消息数据
09:19:46 INFO  - 聊天消息数据保存完成，共处理条 0 数据。耗时：0时0分0秒10毫秒
09:20:46 INFO  - 开始保存聊天消息数据
09:20:46 INFO  - 聊天消息数据保存完成，共处理条 0 数据。耗时：0时0分0秒22毫秒
09:21:46 INFO  - 开始保存聊天消息数据
09:21:46 INFO  - 聊天消息数据保存完成，共处理条 0 数据。耗时：0时0分0秒12毫秒
09:22:46 INFO  - 开始保存聊天消息数据
09:22:46 INFO  - 聊天消息数据保存完成，共处理条 0 数据。耗时：0时0分0秒11毫秒
09:23:46 INFO  - 开始保存聊天消息数据
09:23:46 INFO  - 聊天消息数据保存完成，共处理条 0 数据。耗时：0时0分0秒14毫秒
09:24:46 INFO  - 开始保存聊天消息数据
09:24:46 INFO  - 聊天消息数据保存完成，共处理条 0 数据。耗时：0时0分0秒10毫秒
09:25:46 INFO  - 开始保存聊天消息数据
09:25:46 INFO  - 聊天消息数据保存完成，共处理条 0 数据。耗时：0时0分0秒10毫秒
09:26:46 INFO  - 开始保存聊天消息数据
09:26:46 INFO  - 聊天消息数据保存完成，共处理条 0 数据。耗时：0时0分0秒10毫秒
09:27:46 INFO  - 开始保存聊天消息数据
09:27:46 INFO  - 聊天消息数据保存完成，共处理条 0 数据。耗时：0时0分0秒26毫秒
09:28:46 INFO  - 开始保存聊天消息数据
09:28:46 INFO  - 聊天消息数据保存完成，共处理条 0 数据。耗时：0时0分0秒6毫秒
09:29:46 INFO  - 开始保存聊天消息数据
09:29:46 INFO  - 聊天消息数据保存完成，共处理条 0 数据。耗时：0时0分0秒10毫秒
09:30:46 INFO  - 开始保存聊天消息数据
09:30:46 INFO  - 聊天消息数据保存完成，共处理条 0 数据。耗时：0时0分0秒9毫秒
09:31:46 INFO  - 开始保存聊天消息数据
09:31:46 INFO  - 聊天消息数据保存完成，共处理条 0 数据。耗时：0时0分0秒11毫秒
09:32:46 INFO  - 开始保存聊天消息数据
09:32:46 INFO  - 聊天消息数据保存完成，共处理条 0 数据。耗时：0时0分0秒10毫秒
09:33:46 INFO  - 开始保存聊天消息数据
09:33:46 INFO  - 聊天消息数据保存完成，共处理条 0 数据。耗时：0时0分0秒10毫秒
09:34:46 INFO  - 开始保存聊天消息数据
09:34:46 INFO  - 聊天消息数据保存完成，共处理条 0 数据。耗时：0时0分0秒11毫秒
09:35:46 INFO  - 开始保存聊天消息数据
09:35:46 INFO  - 聊天消息数据保存完成，共处理条 0 数据。耗时：0时0分0秒11毫秒
09:36:46 INFO  - 开始保存聊天消息数据
09:36:46 INFO  - 聊天消息数据保存完成，共处理条 0 数据。耗时：0时0分0秒10毫秒
09:37:46 INFO  - 开始保存聊天消息数据
09:37:46 INFO  - 聊天消息数据保存完成，共处理条 0 数据。耗时：0时0分0秒10毫秒
09:38:46 INFO  - 开始保存聊天消息数据
09:38:46 INFO  - 聊天消息数据保存完成，共处理条 0 数据。耗时：0时0分0秒11毫秒
09:39:46 INFO  - 开始保存聊天消息数据
09:39:46 INFO  - 聊天消息数据保存完成，共处理条 0 数据。耗时：0时0分0秒10毫秒
09:40:46 INFO  - 开始保存聊天消息数据
09:40:46 INFO  - 聊天消息数据保存完成，共处理条 0 数据。耗时：0时0分0秒10毫秒
09:41:46 INFO  - 开始保存聊天消息数据
09:41:46 INFO  - 聊天消息数据保存完成，共处理条 0 数据。耗时：0时0分0秒10毫秒
09:42:46 INFO  - 开始保存聊天消息数据
09:42:46 INFO  - 聊天消息数据保存完成，共处理条 0 数据。耗时：0时0分0秒18毫秒
09:43:46 INFO  - 开始保存聊天消息数据
09:43:46 INFO  - 聊天消息数据保存完成，共处理条 0 数据。耗时：0时0分0秒10毫秒
09:44:46 INFO  - 开始保存聊天消息数据
09:44:46 INFO  - 聊天消息数据保存完成，共处理条 0 数据。耗时：0时0分0秒19毫秒
09:45:46 INFO  - 开始保存聊天消息数据
09:45:46 INFO  - 聊天消息数据保存完成，共处理条 0 数据。耗时：0时0分0秒11毫秒
09:46:46 INFO  - 开始保存聊天消息数据
09:46:46 INFO  - 聊天消息数据保存完成，共处理条 0 数据。耗时：0时0分0秒11毫秒
09:47:46 INFO  - 开始保存聊天消息数据
09:47:46 INFO  - 聊天消息数据保存完成，共处理条 0 数据。耗时：0时0分0秒10毫秒
09:48:46 INFO  - 开始保存聊天消息数据
09:48:46 INFO  - 聊天消息数据保存完成，共处理条 0 数据。耗时：0时0分0秒11毫秒
09:49:46 INFO  - 开始保存聊天消息数据
09:49:46 INFO  - 聊天消息数据保存完成，共处理条 0 数据。耗时：0时0分0秒10毫秒
09:50:46 INFO  - 开始保存聊天消息数据
09:50:46 INFO  - 聊天消息数据保存完成，共处理条 0 数据。耗时：0时0分0秒10毫秒
09:51:46 INFO  - 开始保存聊天消息数据
09:51:46 INFO  - 聊天消息数据保存完成，共处理条 0 数据。耗时：0时0分0秒6毫秒
09:52:46 INFO  - 开始保存聊天消息数据
09:52:46 INFO  - 聊天消息数据保存完成，共处理条 0 数据。耗时：0时0分0秒10毫秒
09:53:46 INFO  - 开始保存聊天消息数据
09:53:46 INFO  - 聊天消息数据保存完成，共处理条 0 数据。耗时：0时0分0秒6毫秒
09:54:46 INFO  - 开始保存聊天消息数据
09:54:46 INFO  - 聊天消息数据保存完成，共处理条 0 数据。耗时：0时0分0秒6毫秒
09:55:46 INFO  - 开始保存聊天消息数据
09:55:46 INFO  - 聊天消息数据保存完成，共处理条 0 数据。耗时：0时0分0秒11毫秒
09:56:46 INFO  - 开始保存聊天消息数据
09:56:46 INFO  - 聊天消息数据保存完成，共处理条 0 数据。耗时：0时0分0秒10毫秒
09:57:46 INFO  - 开始保存聊天消息数据
09:57:46 INFO  - 聊天消息数据保存完成，共处理条 0 数据。耗时：0时0分0秒10毫秒
09:58:46 INFO  - 开始保存聊天消息数据
09:58:46 INFO  - 聊天消息数据保存完成，共处理条 0 数据。耗时：0时0分0秒9毫秒
09:59:46 INFO  - 开始保存聊天消息数据
09:59:46 INFO  - 聊天消息数据保存完成，共处理条 0 数据。耗时：0时0分0秒15毫秒
10:00:46 INFO  - 开始保存聊天消息数据
10:00:46 INFO  - 聊天消息数据保存完成，共处理条 0 数据。耗时：0时0分0秒10毫秒
10:01:46 INFO  - 开始保存聊天消息数据
10:01:46 INFO  - 聊天消息数据保存完成，共处理条 0 数据。耗时：0时0分0秒17毫秒
10:02:46 INFO  - 开始保存聊天消息数据
10:02:46 INFO  - 聊天消息数据保存完成，共处理条 0 数据。耗时：0时0分0秒10毫秒
10:03:46 INFO  - 开始保存聊天消息数据
10:03:46 INFO  - 聊天消息数据保存完成，共处理条 0 数据。耗时：0时0分0秒7毫秒
10:04:46 INFO  - 开始保存聊天消息数据
10:04:46 INFO  - 聊天消息数据保存完成，共处理条 0 数据。耗时：0时0分0秒16毫秒
10:05:46 INFO  - 开始保存聊天消息数据
10:05:46 INFO  - 聊天消息数据保存完成，共处理条 0 数据。耗时：0时0分0秒10毫秒
10:06:46 INFO  - 开始保存聊天消息数据
10:06:46 INFO  - 聊天消息数据保存完成，共处理条 0 数据。耗时：0时0分0秒16毫秒
10:07:46 INFO  - 开始保存聊天消息数据
10:07:46 INFO  - 聊天消息数据保存完成，共处理条 0 数据。耗时：0时0分0秒11毫秒
10:08:46 INFO  - 开始保存聊天消息数据
10:08:46 INFO  - 聊天消息数据保存完成，共处理条 0 数据。耗时：0时0分0秒11毫秒
10:09:46 INFO  - 开始保存聊天消息数据
10:09:46 INFO  - 聊天消息数据保存完成，共处理条 0 数据。耗时：0时0分0秒67毫秒
10:10:46 INFO  - 开始保存聊天消息数据
10:10:46 INFO  - 聊天消息数据保存完成，共处理条 0 数据。耗时：0时0分0秒9毫秒
10:11:46 INFO  - 开始保存聊天消息数据
10:11:46 INFO  - 聊天消息数据保存完成，共处理条 0 数据。耗时：0时0分0秒10毫秒
10:12:46 INFO  - 开始保存聊天消息数据
10:12:46 INFO  - 聊天消息数据保存完成，共处理条 0 数据。耗时：0时0分0秒12毫秒
10:13:46 INFO  - 开始保存聊天消息数据
10:13:46 INFO  - 聊天消息数据保存完成，共处理条 0 数据。耗时：0时0分0秒10毫秒
10:14:46 INFO  - 开始保存聊天消息数据
10:14:46 INFO  - 聊天消息数据保存完成，共处理条 0 数据。耗时：0时0分0秒10毫秒
10:15:46 INFO  - 开始保存聊天消息数据
10:15:46 INFO  - 聊天消息数据保存完成，共处理条 0 数据。耗时：0时0分0秒9毫秒
10:16:46 INFO  - 开始保存聊天消息数据
10:16:46 INFO  - 聊天消息数据保存完成，共处理条 0 数据。耗时：0时0分0秒10毫秒
10:17:46 INFO  - 开始保存聊天消息数据
10:17:46 INFO  - 聊天消息数据保存完成，共处理条 0 数据。耗时：0时0分0秒6毫秒
10:18:46 INFO  - 开始保存聊天消息数据
10:18:46 INFO  - 聊天消息数据保存完成，共处理条 0 数据。耗时：0时0分0秒10毫秒
10:36:02 INFO  - 开始保存聊天消息数据
10:36:03 INFO  - 聊天消息数据保存完成，共处理条 0 数据。耗时：0时0分0秒715毫秒
10:36:19 INFO  - Executed action GD.API.Controllers.Meal.MealAdminController.GetMealAccounts (API) in 442ms
10:37:02 INFO  - 开始保存聊天消息数据
10:37:02 INFO  - 聊天消息数据保存完成，共处理条 0 数据。耗时：0时0分0秒10毫秒
10:38:02 INFO  - 开始保存聊天消息数据
10:38:02 INFO  - 聊天消息数据保存完成，共处理条 0 数据。耗时：0时0分0秒8毫秒
10:39:02 INFO  - 开始保存聊天消息数据
10:39:02 INFO  - 聊天消息数据保存完成，共处理条 0 数据。耗时：0时0分0秒8毫秒
10:39:56 INFO  - Executed action GD.API.Controllers.Meal.MealAdminController.GetMealAccounts (API) in 69ms
10:40:02 INFO  - 开始保存聊天消息数据
10:40:02 INFO  - 聊天消息数据保存完成，共处理条 0 数据。耗时：0时0分0秒9毫秒
10:40:18 INFO  - Executed action GD.API.Controllers.Meal.MealAdminController.GetMealAccounts (API) in 15ms
10:40:19 INFO  - Executed action GD.API.Controllers.Meal.MealAdminController.GetMealAccounts (API) in 15ms
10:40:26 INFO  - Executed action GD.API.Controllers.Meal.MealAdminController.GetMealAccounts (API) in 14ms
10:40:33 INFO  - Executed action GD.API.Controllers.Meal.MealAdminController.GetMealAccounts (API) in 15ms
10:40:45 INFO  - Executed action GD.API.Controllers.Meal.MealAdminController.GetMealAccounts (API) in 16ms
10:41:02 INFO  - 开始保存聊天消息数据
10:41:02 INFO  - 聊天消息数据保存完成，共处理条 0 数据。耗时：0时0分0秒8毫秒
10:41:33 INFO  - Executed action GD.API.Controllers.Meal.MealAdminController.RechargeAccountRechargeOrDeduction (API) in 149ms
10:41:33 INFO  - Executed action GD.API.Controllers.Meal.MealAdminController.GetMealAccounts (API) in 14ms
10:41:44 INFO  - Executed action GD.API.Controllers.Meal.MealAdminController.RechargeAccountRechargeOrDeduction (API) in 0ms
10:41:50 INFO  - Executed action GD.API.Controllers.Meal.MealAdminController.RechargeAccountRechargeOrDeduction (API) in 0ms
10:42:02 INFO  - 开始保存聊天消息数据
10:42:02 INFO  - 聊天消息数据保存完成，共处理条 0 数据。耗时：0时0分0秒4毫秒
10:42:05 INFO  - Executed action GD.API.Controllers.Meal.MealAdminController.RechargeAccountRechargeOrDeduction (API) in 0ms
10:42:38 INFO  - Executed action GD.API.Controllers.Meal.MealAdminController.GetMealAccounts (API) in 16ms
10:42:39 INFO  - Executed action GD.API.Controllers.Meal.MealAdminController.GetMealAccounts (API) in 15ms
10:43:02 INFO  - 开始保存聊天消息数据
10:43:02 INFO  - 聊天消息数据保存完成，共处理条 0 数据。耗时：0时0分0秒9毫秒
10:43:49 INFO  - Executed action GD.API.Controllers.Meal.MealAdminController.GetMealAccounts (API) in 17ms
10:43:52 INFO  - Executed action GD.API.Controllers.Meal.MealAdminController.GetMealAccounts (API) in 15ms
10:43:53 INFO  - Executed action GD.API.Controllers.Meal.MealAdminController.GetMealAccounts (API) in 14ms
10:44:02 INFO  - 开始保存聊天消息数据
10:44:02 INFO  - 聊天消息数据保存完成，共处理条 0 数据。耗时：0时0分0秒5毫秒
10:44:07 INFO  - Executed action GD.API.Controllers.Meal.MealAdminController.GetMealAccounts (API) in 15ms
10:44:10 INFO  - Executed action GD.API.Controllers.Meal.MealAdminController.GetMealAccounts (API) in 15ms
10:44:17 INFO  - Executed action GD.API.Controllers.Meal.MealAdminController.GetMealAccounts (API) in 16ms
10:44:20 INFO  - Executed action GD.API.Controllers.Meal.MealAdminController.GetMealAccounts (API) in 14ms
10:44:24 INFO  - Executed action GD.API.Controllers.Meal.MealAdminController.GetMealAccounts (API) in 14ms
10:45:02 INFO  - 开始保存聊天消息数据
10:45:02 INFO  - 聊天消息数据保存完成，共处理条 0 数据。耗时：0时0分0秒8毫秒
10:45:16 INFO  - Executed action GD.API.Controllers.Meal.MealAdminController.RechargeAccountRechargeOrDeduction (API) in 53ms
10:45:16 INFO  - Executed action GD.API.Controllers.Meal.MealAdminController.GetMealAccounts (API) in 14ms
10:46:02 INFO  - 开始保存聊天消息数据
10:46:02 INFO  - 聊天消息数据保存完成，共处理条 0 数据。耗时：0时0分0秒7毫秒
10:46:04 INFO  - Executed action GD.API.Controllers.Meal.MealAdminController.GetMealAccounts (API) in 21ms
10:46:48 INFO  - Executed action GD.API.Controllers.Meal.MealAdminController.GrantAccountRechargeOrDeduction (API) in 56ms
10:46:48 INFO  - Executed action GD.API.Controllers.Meal.MealAdminController.GetMealAccounts (API) in 14ms
10:47:02 INFO  - 开始保存聊天消息数据
10:47:02 INFO  - 聊天消息数据保存完成，共处理条 0 数据。耗时：0时0分0秒5毫秒
10:47:11 INFO  - Executed action GD.API.Controllers.Meal.MealAdminController.RechargeAccountRechargeOrDeduction (API) in 0ms
10:48:02 INFO  - 开始保存聊天消息数据
10:48:02 INFO  - 聊天消息数据保存完成，共处理条 0 数据。耗时：0时0分0秒8毫秒
10:48:16 INFO  - Executed action GD.API.Controllers.Meal.MealAdminController.GetMealAccounts (API) in 17ms
10:48:29 INFO  - Executed action GD.API.Controllers.Meal.MealAdminController.GetMealAccounts (API) in 15ms
10:48:34 INFO  - Executed action GD.API.Controllers.Meal.MealAdminController.GetMealAccounts (API) in 15ms
10:48:53 INFO  - Executed action GD.API.Controllers.Meal.MealAdminController.GetMealAccounts (API) in 16ms
10:48:58 INFO  - Executed action GD.API.Controllers.Meal.MealAdminController.GetMealAccounts (API) in 14ms
10:49:02 INFO  - 开始保存聊天消息数据
10:49:02 INFO  - 聊天消息数据保存完成，共处理条 0 数据。耗时：0时0分0秒6毫秒
10:49:07 INFO  - Executed action GD.API.Controllers.Meal.MealAdminController.GetMealAccounts (API) in 15ms
10:49:09 INFO  - Executed action GD.API.Controllers.Meal.MealAdminController.GetMealAccounts (API) in 14ms
10:49:22 INFO  - Executed action GD.API.Controllers.Meal.MealAdminController.GetMealAccounts (API) in 15ms
10:50:02 INFO  - 开始保存聊天消息数据
10:50:02 INFO  - 聊天消息数据保存完成，共处理条 0 数据。耗时：0时0分0秒8毫秒
10:50:28 INFO  - Executed action GD.API.Controllers.Meal.MealAdminController.GetMealAccounts (API) in 15ms
10:50:36 INFO  - Executed action GD.API.Controllers.Meal.MealAdminController.GetMealAccounts (API) in 14ms
10:51:02 INFO  - 开始保存聊天消息数据
10:51:02 INFO  - 聊天消息数据保存完成，共处理条 0 数据。耗时：0时0分0秒8毫秒
10:51:26 INFO  - Executed action GD.API.Controllers.Meal.MealAdminController.GetMealAccounts (API) in 15ms
10:51:33 INFO  - Executed action GD.API.Controllers.Meal.MealAdminController.GetMealAccounts (API) in 15ms
10:51:37 INFO  - Executed action GD.API.Controllers.Meal.MealAdminController.GetMealAccounts (API) in 15ms
10:51:40 INFO  - Executed action GD.API.Controllers.Meal.MealAdminController.GetMealAccounts (API) in 16ms
10:51:58 INFO  - Executed action GD.API.Controllers.Meal.MealAdminController.GetMealAccounts (API) in 16ms
10:51:59 INFO  - Executed action GD.API.Controllers.Meal.MealAdminController.GetMealAccounts (API) in 14ms
10:52:02 INFO  - 开始保存聊天消息数据
10:52:02 INFO  - 聊天消息数据保存完成，共处理条 0 数据。耗时：0时0分0秒4毫秒
10:52:13 INFO  - Executed action GD.API.Controllers.Meal.MealAdminController.GetMealAccounts (API) in 16ms
10:52:24 INFO  - Executed action GD.API.Controllers.Meal.MealAdminController.GetMealAccounts (API) in 14ms
10:53:02 INFO  - 开始保存聊天消息数据
10:53:02 INFO  - 聊天消息数据保存完成，共处理条 0 数据。耗时：0时0分0秒7毫秒
10:53:42 INFO  - Executed action GD.API.Controllers.Meal.MealAdminController.GetMealAccounts (API) in 15ms
10:53:43 INFO  - Executed action GD.API.Controllers.Meal.MealAdminController.GetMealAccounts (API) in 15ms
10:54:02 INFO  - 开始保存聊天消息数据
10:54:02 INFO  - 聊天消息数据保存完成，共处理条 0 数据。耗时：0时0分0秒4毫秒
10:54:47 INFO  - Executed action GD.API.Controllers.Meal.MealAdminController.GetMealAccounts (API) in 13ms
10:54:56 INFO  - Executed action GD.API.Controllers.Meal.MealAdminController.RechargeAccountRechargeOrDeduction (API) in 225ms
10:54:56 INFO  - Executed action GD.API.Controllers.Meal.MealAdminController.GetMealAccounts (API) in 68ms
10:55:02 INFO  - 开始保存聊天消息数据
10:55:02 INFO  - 聊天消息数据保存完成，共处理条 0 数据。耗时：0时0分0秒4毫秒
10:55:38 INFO  - Executed action GD.API.Controllers.Meal.MealAdminController.GetMealAccounts (API) in 15ms
10:55:55 INFO  - Executed action GD.API.Controllers.Meal.MealAdminController.RechargeAccountRechargeOrDeduction (API) in 54ms
10:55:55 INFO  - Executed action GD.API.Controllers.Meal.MealAdminController.GetMealAccounts (API) in 15ms
10:56:02 INFO  - Executed action GD.API.Controllers.Meal.MealAdminController.RechargeAccountRechargeOrDeduction (API) in 96ms
10:56:02 INFO  - Executed action GD.API.Controllers.Meal.MealAdminController.GetMealAccounts (API) in 14ms
10:56:02 INFO  - 开始保存聊天消息数据
10:56:02 INFO  - 聊天消息数据保存完成，共处理条 0 数据。耗时：0时0分0秒4毫秒
10:57:02 INFO  - 开始保存聊天消息数据
10:57:02 INFO  - 聊天消息数据保存完成，共处理条 0 数据。耗时：0时0分0秒8毫秒
10:58:02 INFO  - 开始保存聊天消息数据
10:58:02 INFO  - 聊天消息数据保存完成，共处理条 0 数据。耗时：0时0分0秒12毫秒
10:58:18 INFO  - Executed action GD.API.Controllers.Meal.MealAdminController.GetMealAccounts (API) in 15ms
10:58:25 INFO  - Executed action GD.API.Controllers.Meal.MealAdminController.GetMealAccounts (API) in 16ms
10:58:34 INFO  - Executed action GD.API.Controllers.Meal.MealAdminController.GetMealAccounts (API) in 14ms
10:59:02 INFO  - 开始保存聊天消息数据
10:59:02 INFO  - 聊天消息数据保存完成，共处理条 0 数据。耗时：0时0分0秒9毫秒
11:00:02 INFO  - 开始保存聊天消息数据
11:00:02 INFO  - 聊天消息数据保存完成，共处理条 0 数据。耗时：0时0分0秒8毫秒
11:01:01 INFO  - Executed action GD.API.Controllers.Meal.MealAdminController.GetMealAccounts (API) in 16ms
11:01:02 INFO  - 开始保存聊天消息数据
11:01:02 INFO  - 聊天消息数据保存完成，共处理条 0 数据。耗时：0时0分0秒7毫秒
11:01:29 INFO  - Executed action GD.API.Controllers.Meal.MealAdminController.GetMealAccounts (API) in 16ms
11:02:02 INFO  - 开始保存聊天消息数据
11:02:02 INFO  - 聊天消息数据保存完成，共处理条 0 数据。耗时：0时0分0秒11毫秒
11:03:02 INFO  - 开始保存聊天消息数据
11:03:02 INFO  - 聊天消息数据保存完成，共处理条 0 数据。耗时：0时0分0秒8毫秒
11:04:02 INFO  - 开始保存聊天消息数据
11:04:02 INFO  - 聊天消息数据保存完成，共处理条 0 数据。耗时：0时0分0秒8毫秒
11:05:02 INFO  - 开始保存聊天消息数据
11:05:02 INFO  - 聊天消息数据保存完成，共处理条 0 数据。耗时：0时0分0秒8毫秒
11:05:23 INFO  - Executed action GD.API.Controllers.Meal.MealAdminController.GetMealAccounts (API) in 16ms
11:05:57 INFO  - Executed action GD.API.Controllers.Meal.MealAdminController.GetMealAccounts (API) in 16ms
11:06:02 INFO  - 开始保存聊天消息数据
11:06:02 INFO  - 聊天消息数据保存完成，共处理条 0 数据。耗时：0时0分0秒5毫秒
11:06:17 INFO  - Executed action GD.API.Controllers.Meal.MealAdminController.GetMealAccounts (API) in 15ms
11:07:02 INFO  - 开始保存聊天消息数据
11:07:02 INFO  - 聊天消息数据保存完成，共处理条 0 数据。耗时：0时0分0秒8毫秒
11:08:02 INFO  - 开始保存聊天消息数据
11:08:02 INFO  - 聊天消息数据保存完成，共处理条 0 数据。耗时：0时0分0秒8毫秒
11:08:45 INFO  - Executed action GD.API.Controllers.Meal.MealAdminController.GetMealAccounts (API) in 16ms
11:08:47 INFO  - Executed action GD.API.Controllers.Meal.MealAdminController.GetMealAccounts (API) in 14ms
11:08:52 INFO  - Executed action GD.API.Controllers.Meal.MealAdminController.GetMealAccounts (API) in 15ms
11:09:02 INFO  - 开始保存聊天消息数据
11:09:02 INFO  - 聊天消息数据保存完成，共处理条 0 数据。耗时：0时0分0秒4毫秒
11:10:00 INFO  - Executed action GD.API.Controllers.Meal.MealAdminController.GetMealAccounts (API) in 15ms
11:10:02 INFO  - 开始保存聊天消息数据
11:10:02 INFO  - 聊天消息数据保存完成，共处理条 0 数据。耗时：0时0分0秒14毫秒
11:10:49 INFO  - Executed action GD.API.Controllers.Meal.MealAdminController.GetMealCategories (API) in 135ms
11:10:50 INFO  - Executed action GD.API.Controllers.Meal.MealAdminController.GetMealAccounts (API) in 14ms
11:10:52 INFO  - Executed action GD.API.Controllers.Meal.MealAdminController.GetMealAccounts (API) in 15ms
11:10:54 INFO  - Executed action GD.API.Controllers.Meal.MealAdminController.GetMealAccountDetails (API) in 62ms
11:10:54 INFO  - Executed action GD.API.Controllers.Meal.MealAdminController.GetMealOperators (API) in 17ms
11:11:02 INFO  - 开始保存聊天消息数据
11:11:02 INFO  - 聊天消息数据保存完成，共处理条 0 数据。耗时：0时0分0秒5毫秒
11:12:02 INFO  - 开始保存聊天消息数据
11:12:02 INFO  - 聊天消息数据保存完成，共处理条 0 数据。耗时：0时0分0秒8毫秒
11:13:02 INFO  - 开始保存聊天消息数据
11:13:02 INFO  - 聊天消息数据保存完成，共处理条 0 数据。耗时：0时0分0秒5毫秒
11:14:02 INFO  - 开始保存聊天消息数据
11:14:02 INFO  - 聊天消息数据保存完成，共处理条 0 数据。耗时：0时0分0秒8毫秒
11:15:02 INFO  - 开始保存聊天消息数据
11:15:02 INFO  - 聊天消息数据保存完成，共处理条 0 数据。耗时：0时0分0秒9毫秒
11:16:02 INFO  - 开始保存聊天消息数据
11:16:02 INFO  - 聊天消息数据保存完成，共处理条 0 数据。耗时：0时0分0秒8毫秒
11:17:02 INFO  - 开始保存聊天消息数据
11:17:02 INFO  - 聊天消息数据保存完成，共处理条 0 数据。耗时：0时0分0秒14毫秒
11:18:02 INFO  - 开始保存聊天消息数据
11:18:02 INFO  - 聊天消息数据保存完成，共处理条 0 数据。耗时：0时0分0秒8毫秒
11:19:02 INFO  - 开始保存聊天消息数据
11:19:02 INFO  - 聊天消息数据保存完成，共处理条 0 数据。耗时：0时0分0秒8毫秒
11:20:02 INFO  - 开始保存聊天消息数据
11:20:02 INFO  - 聊天消息数据保存完成，共处理条 0 数据。耗时：0时0分0秒12毫秒
11:21:02 INFO  - 开始保存聊天消息数据
11:21:02 INFO  - 聊天消息数据保存完成，共处理条 0 数据。耗时：0时0分0秒8毫秒
11:22:02 INFO  - 开始保存聊天消息数据
11:22:02 INFO  - 聊天消息数据保存完成，共处理条 0 数据。耗时：0时0分0秒11毫秒
11:23:02 INFO  - 开始保存聊天消息数据
11:23:02 INFO  - 聊天消息数据保存完成，共处理条 0 数据。耗时：0时0分0秒11毫秒
11:24:02 INFO  - 开始保存聊天消息数据
11:24:02 INFO  - 聊天消息数据保存完成，共处理条 0 数据。耗时：0时0分0秒8毫秒
11:25:02 INFO  - 开始保存聊天消息数据
11:25:02 INFO  - 聊天消息数据保存完成，共处理条 0 数据。耗时：0时0分0秒7毫秒
11:26:02 INFO  - 开始保存聊天消息数据
11:26:02 INFO  - 聊天消息数据保存完成，共处理条 0 数据。耗时：0时0分0秒8毫秒
11:27:02 INFO  - 开始保存聊天消息数据
11:27:02 INFO  - 聊天消息数据保存完成，共处理条 0 数据。耗时：0时0分0秒9毫秒
11:28:02 INFO  - 开始保存聊天消息数据
11:28:02 INFO  - 聊天消息数据保存完成，共处理条 0 数据。耗时：0时0分0秒8毫秒
11:29:02 INFO  - 开始保存聊天消息数据
11:29:02 INFO  - 聊天消息数据保存完成，共处理条 0 数据。耗时：0时0分0秒4毫秒
11:30:02 INFO  - 开始保存聊天消息数据
11:30:02 INFO  - 聊天消息数据保存完成，共处理条 0 数据。耗时：0时0分0秒8毫秒
11:31:02 INFO  - 开始保存聊天消息数据
11:31:02 INFO  - 聊天消息数据保存完成，共处理条 0 数据。耗时：0时0分0秒8毫秒
11:32:02 INFO  - 开始保存聊天消息数据
11:32:02 INFO  - 聊天消息数据保存完成，共处理条 0 数据。耗时：0时0分0秒8毫秒
11:32:35 INFO  - Executed action GD.API.Controllers.Meal.MealAdminController.GetMealOperators (API) in 91ms
11:32:48 INFO  - Executed action GD.API.Controllers.Meal.MealAdminController.GetMealOperators (API) in 24ms
11:32:51 INFO  - Executed action GD.API.Controllers.Meal.MealAdminController.GetMealDishes (API) in 71ms
11:32:54 INFO  - Executed action GD.API.Controllers.Meal.MealAdminController.GetMealCategories (API) in 28ms
11:32:55 INFO  - Executed action GD.API.Controllers.Meal.MealAdminController.GetMealAccounts (API) in 25ms
11:32:57 INFO  - Executed action GD.API.Controllers.Meal.MealAdminController.GetMealAccountDetails (API) in 177ms
11:33:02 INFO  - 开始保存聊天消息数据
11:33:02 INFO  - 聊天消息数据保存完成，共处理条 0 数据。耗时：0时0分0秒4毫秒
11:34:02 INFO  - 开始保存聊天消息数据
11:34:02 INFO  - 聊天消息数据保存完成，共处理条 0 数据。耗时：0时0分0秒8毫秒
11:35:02 INFO  - 开始保存聊天消息数据
11:35:02 INFO  - 聊天消息数据保存完成，共处理条 0 数据。耗时：0时0分0秒13毫秒
11:36:02 INFO  - 开始保存聊天消息数据
11:36:02 INFO  - 聊天消息数据保存完成，共处理条 0 数据。耗时：0时0分0秒8毫秒
11:37:02 INFO  - 开始保存聊天消息数据
11:37:02 INFO  - 聊天消息数据保存完成，共处理条 0 数据。耗时：0时0分0秒8毫秒
11:38:02 INFO  - 开始保存聊天消息数据
11:38:02 INFO  - 聊天消息数据保存完成，共处理条 0 数据。耗时：0时0分0秒19毫秒
11:39:02 INFO  - 开始保存聊天消息数据
11:39:02 INFO  - 聊天消息数据保存完成，共处理条 0 数据。耗时：0时0分0秒8毫秒
11:40:02 INFO  - 开始保存聊天消息数据
11:40:02 INFO  - 聊天消息数据保存完成，共处理条 0 数据。耗时：0时0分0秒16毫秒
11:41:02 INFO  - 开始保存聊天消息数据
11:41:02 INFO  - 聊天消息数据保存完成，共处理条 0 数据。耗时：0时0分0秒4毫秒
11:42:02 INFO  - 开始保存聊天消息数据
11:42:02 INFO  - 聊天消息数据保存完成，共处理条 0 数据。耗时：0时0分0秒9毫秒
11:43:02 INFO  - 开始保存聊天消息数据
11:43:02 INFO  - 聊天消息数据保存完成，共处理条 0 数据。耗时：0时0分0秒11毫秒
11:44:02 INFO  - 开始保存聊天消息数据
11:44:02 INFO  - 聊天消息数据保存完成，共处理条 0 数据。耗时：0时0分0秒8毫秒
11:45:02 INFO  - 开始保存聊天消息数据
11:45:02 INFO  - 聊天消息数据保存完成，共处理条 0 数据。耗时：0时0分0秒13毫秒
11:46:02 INFO  - 开始保存聊天消息数据
11:46:02 INFO  - 聊天消息数据保存完成，共处理条 0 数据。耗时：0时0分0秒8毫秒
11:47:02 INFO  - 开始保存聊天消息数据
11:47:02 INFO  - 聊天消息数据保存完成，共处理条 0 数据。耗时：0时0分0秒8毫秒
11:48:02 INFO  - 开始保存聊天消息数据
11:48:02 INFO  - 聊天消息数据保存完成，共处理条 0 数据。耗时：0时0分0秒13毫秒
11:49:02 INFO  - 开始保存聊天消息数据
11:49:02 INFO  - 聊天消息数据保存完成，共处理条 0 数据。耗时：0时0分0秒8毫秒
11:50:02 INFO  - 开始保存聊天消息数据
11:50:02 INFO  - 聊天消息数据保存完成，共处理条 0 数据。耗时：0时0分0秒4毫秒
11:51:02 INFO  - 开始保存聊天消息数据
11:51:02 INFO  - 聊天消息数据保存完成，共处理条 0 数据。耗时：0时0分0秒8毫秒
11:52:02 INFO  - 开始保存聊天消息数据
11:52:02 INFO  - 聊天消息数据保存完成，共处理条 0 数据。耗时：0时0分0秒8毫秒
11:53:02 INFO  - 开始保存聊天消息数据
11:53:02 INFO  - 聊天消息数据保存完成，共处理条 0 数据。耗时：0时0分0秒12毫秒
11:54:02 INFO  - 开始保存聊天消息数据
11:54:02 INFO  - 聊天消息数据保存完成，共处理条 0 数据。耗时：0时0分0秒8毫秒
11:55:02 INFO  - 开始保存聊天消息数据
11:55:02 INFO  - 聊天消息数据保存完成，共处理条 0 数据。耗时：0时0分0秒8毫秒
11:56:02 INFO  - 开始保存聊天消息数据
11:56:02 INFO  - 聊天消息数据保存完成，共处理条 0 数据。耗时：0时0分0秒9毫秒
11:57:02 INFO  - 开始保存聊天消息数据
11:57:02 INFO  - 聊天消息数据保存完成，共处理条 0 数据。耗时：0时0分0秒10毫秒
11:58:02 INFO  - 开始保存聊天消息数据
11:58:02 INFO  - 聊天消息数据保存完成，共处理条 0 数据。耗时：0时0分0秒8毫秒
11:59:02 INFO  - 开始保存聊天消息数据
11:59:02 INFO  - 聊天消息数据保存完成，共处理条 0 数据。耗时：0时0分0秒5毫秒
12:00:02 INFO  - 开始保存聊天消息数据
12:00:02 INFO  - 聊天消息数据保存完成，共处理条 0 数据。耗时：0时0分0秒9毫秒
12:01:02 INFO  - 开始保存聊天消息数据
12:01:02 INFO  - 聊天消息数据保存完成，共处理条 0 数据。耗时：0时0分0秒9毫秒
12:02:02 INFO  - 开始保存聊天消息数据
12:02:02 INFO  - 聊天消息数据保存完成，共处理条 0 数据。耗时：0时0分0秒12毫秒
12:03:02 INFO  - 开始保存聊天消息数据
12:03:02 INFO  - 聊天消息数据保存完成，共处理条 0 数据。耗时：0时0分0秒9毫秒
12:04:02 INFO  - 开始保存聊天消息数据
12:04:02 INFO  - 聊天消息数据保存完成，共处理条 0 数据。耗时：0时0分0秒8毫秒
12:05:02 INFO  - 开始保存聊天消息数据
12:05:02 INFO  - 聊天消息数据保存完成，共处理条 0 数据。耗时：0时0分0秒7毫秒
12:06:02 INFO  - 开始保存聊天消息数据
12:06:02 INFO  - 聊天消息数据保存完成，共处理条 0 数据。耗时：0时0分0秒8毫秒
12:07:02 INFO  - 开始保存聊天消息数据
12:07:02 INFO  - 聊天消息数据保存完成，共处理条 0 数据。耗时：0时0分0秒7毫秒
12:08:02 INFO  - 开始保存聊天消息数据
12:08:02 INFO  - 聊天消息数据保存完成，共处理条 0 数据。耗时：0时0分0秒9毫秒
12:09:02 INFO  - 开始保存聊天消息数据
12:09:02 INFO  - 聊天消息数据保存完成，共处理条 0 数据。耗时：0时0分0秒8毫秒
12:10:02 INFO  - 开始保存聊天消息数据
12:10:02 INFO  - 聊天消息数据保存完成，共处理条 0 数据。耗时：0时0分0秒9毫秒
12:11:02 INFO  - 开始保存聊天消息数据
12:11:02 INFO  - 聊天消息数据保存完成，共处理条 0 数据。耗时：0时0分0秒7毫秒
12:12:02 INFO  - 开始保存聊天消息数据
12:12:02 INFO  - 聊天消息数据保存完成，共处理条 0 数据。耗时：0时0分0秒8毫秒
12:13:02 INFO  - 开始保存聊天消息数据
12:13:02 INFO  - 聊天消息数据保存完成，共处理条 0 数据。耗时：0时0分0秒7毫秒
12:14:02 INFO  - 开始保存聊天消息数据
12:14:02 INFO  - 聊天消息数据保存完成，共处理条 0 数据。耗时：0时0分0秒7毫秒
12:15:02 INFO  - 开始保存聊天消息数据
12:15:02 INFO  - 聊天消息数据保存完成，共处理条 0 数据。耗时：0时0分0秒8毫秒
12:16:02 INFO  - 开始保存聊天消息数据
12:16:02 INFO  - 聊天消息数据保存完成，共处理条 0 数据。耗时：0时0分0秒14毫秒
12:17:02 INFO  - 开始保存聊天消息数据
12:17:02 INFO  - 聊天消息数据保存完成，共处理条 0 数据。耗时：0时0分0秒8毫秒
12:18:02 INFO  - 开始保存聊天消息数据
12:18:02 INFO  - 聊天消息数据保存完成，共处理条 0 数据。耗时：0时0分0秒4毫秒
12:19:02 INFO  - 开始保存聊天消息数据
12:19:02 INFO  - 聊天消息数据保存完成，共处理条 0 数据。耗时：0时0分0秒6毫秒
12:20:02 INFO  - 开始保存聊天消息数据
12:20:02 INFO  - 聊天消息数据保存完成，共处理条 0 数据。耗时：0时0分0秒4毫秒
12:21:02 INFO  - 开始保存聊天消息数据
12:21:02 INFO  - 聊天消息数据保存完成，共处理条 0 数据。耗时：0时0分0秒9毫秒
12:22:02 INFO  - 开始保存聊天消息数据
12:22:02 INFO  - 聊天消息数据保存完成，共处理条 0 数据。耗时：0时0分0秒5毫秒
12:23:02 INFO  - 开始保存聊天消息数据
12:23:02 INFO  - 聊天消息数据保存完成，共处理条 0 数据。耗时：0时0分0秒8毫秒
12:24:02 INFO  - 开始保存聊天消息数据
12:24:02 INFO  - 聊天消息数据保存完成，共处理条 0 数据。耗时：0时0分0秒5毫秒
12:25:02 INFO  - 开始保存聊天消息数据
12:25:02 INFO  - 聊天消息数据保存完成，共处理条 0 数据。耗时：0时0分0秒16毫秒
12:26:02 INFO  - 开始保存聊天消息数据
12:26:02 INFO  - 聊天消息数据保存完成，共处理条 0 数据。耗时：0时0分0秒4毫秒
12:27:02 INFO  - 开始保存聊天消息数据
12:27:02 INFO  - 聊天消息数据保存完成，共处理条 0 数据。耗时：0时0分0秒8毫秒
12:28:02 INFO  - 开始保存聊天消息数据
12:28:02 INFO  - 聊天消息数据保存完成，共处理条 0 数据。耗时：0时0分0秒8毫秒
12:29:02 INFO  - 开始保存聊天消息数据
12:29:02 INFO  - 聊天消息数据保存完成，共处理条 0 数据。耗时：0时0分0秒7毫秒
12:30:02 INFO  - 开始保存聊天消息数据
12:30:02 INFO  - 聊天消息数据保存完成，共处理条 0 数据。耗时：0时0分0秒9毫秒
12:31:02 INFO  - 开始保存聊天消息数据
12:31:02 INFO  - 聊天消息数据保存完成，共处理条 0 数据。耗时：0时0分0秒9毫秒
12:32:02 INFO  - 开始保存聊天消息数据
12:32:02 INFO  - 聊天消息数据保存完成，共处理条 0 数据。耗时：0时0分0秒8毫秒
12:33:02 INFO  - 开始保存聊天消息数据
12:33:02 INFO  - 聊天消息数据保存完成，共处理条 0 数据。耗时：0时0分0秒8毫秒
12:34:02 INFO  - 开始保存聊天消息数据
12:34:02 INFO  - 聊天消息数据保存完成，共处理条 0 数据。耗时：0时0分0秒7毫秒
12:35:02 INFO  - 开始保存聊天消息数据
12:35:02 INFO  - 聊天消息数据保存完成，共处理条 0 数据。耗时：0时0分0秒9毫秒
12:36:02 INFO  - 开始保存聊天消息数据
12:36:02 INFO  - 聊天消息数据保存完成，共处理条 0 数据。耗时：0时0分0秒5毫秒
12:37:02 INFO  - 开始保存聊天消息数据
12:37:02 INFO  - 聊天消息数据保存完成，共处理条 0 数据。耗时：0时0分0秒8毫秒
12:38:02 INFO  - 开始保存聊天消息数据
12:38:02 INFO  - 聊天消息数据保存完成，共处理条 0 数据。耗时：0时0分0秒8毫秒
12:39:02 INFO  - 开始保存聊天消息数据
12:39:02 INFO  - 聊天消息数据保存完成，共处理条 0 数据。耗时：0时0分0秒8毫秒
12:40:02 INFO  - 开始保存聊天消息数据
12:40:02 INFO  - 聊天消息数据保存完成，共处理条 0 数据。耗时：0时0分0秒17毫秒
12:41:02 INFO  - 开始保存聊天消息数据
12:41:02 INFO  - 聊天消息数据保存完成，共处理条 0 数据。耗时：0时0分0秒8毫秒
12:42:02 INFO  - 开始保存聊天消息数据
12:42:02 INFO  - 聊天消息数据保存完成，共处理条 0 数据。耗时：0时0分0秒8毫秒
12:43:02 INFO  - 开始保存聊天消息数据
12:43:02 INFO  - 聊天消息数据保存完成，共处理条 0 数据。耗时：0时0分0秒5毫秒
12:44:02 INFO  - 开始保存聊天消息数据
12:44:02 INFO  - 聊天消息数据保存完成，共处理条 0 数据。耗时：0时0分0秒5毫秒
12:45:02 INFO  - 开始保存聊天消息数据
12:45:02 INFO  - 聊天消息数据保存完成，共处理条 0 数据。耗时：0时0分0秒4毫秒
12:46:02 INFO  - 开始保存聊天消息数据
12:46:02 INFO  - 聊天消息数据保存完成，共处理条 0 数据。耗时：0时0分0秒9毫秒
12:47:02 INFO  - 开始保存聊天消息数据
12:47:02 INFO  - 聊天消息数据保存完成，共处理条 0 数据。耗时：0时0分0秒8毫秒
12:48:02 INFO  - 开始保存聊天消息数据
12:48:02 INFO  - 聊天消息数据保存完成，共处理条 0 数据。耗时：0时0分0秒8毫秒
12:49:02 INFO  - 开始保存聊天消息数据
12:49:02 INFO  - 聊天消息数据保存完成，共处理条 0 数据。耗时：0时0分0秒7毫秒
12:50:02 INFO  - 开始保存聊天消息数据
12:50:02 INFO  - 聊天消息数据保存完成，共处理条 0 数据。耗时：0时0分0秒9毫秒
12:51:02 INFO  - 开始保存聊天消息数据
12:51:02 INFO  - 聊天消息数据保存完成，共处理条 0 数据。耗时：0时0分0秒7毫秒
12:52:02 INFO  - 开始保存聊天消息数据
12:52:02 INFO  - 聊天消息数据保存完成，共处理条 0 数据。耗时：0时0分0秒10毫秒
12:53:02 INFO  - 开始保存聊天消息数据
12:53:02 INFO  - 聊天消息数据保存完成，共处理条 0 数据。耗时：0时0分0秒9毫秒
12:54:02 INFO  - 开始保存聊天消息数据
12:54:02 INFO  - 聊天消息数据保存完成，共处理条 0 数据。耗时：0时0分0秒8毫秒
12:55:02 INFO  - 开始保存聊天消息数据
12:55:02 INFO  - 聊天消息数据保存完成，共处理条 0 数据。耗时：0时0分0秒8毫秒
12:56:02 INFO  - 开始保存聊天消息数据
12:56:02 INFO  - 聊天消息数据保存完成，共处理条 0 数据。耗时：0时0分0秒7毫秒
12:57:02 INFO  - 开始保存聊天消息数据
12:57:02 INFO  - 聊天消息数据保存完成，共处理条 0 数据。耗时：0时0分0秒8毫秒
12:58:02 INFO  - 开始保存聊天消息数据
12:58:02 INFO  - 聊天消息数据保存完成，共处理条 0 数据。耗时：0时0分0秒14毫秒
12:59:02 INFO  - 开始保存聊天消息数据
12:59:02 INFO  - 聊天消息数据保存完成，共处理条 0 数据。耗时：0时0分0秒10毫秒
13:00:02 INFO  - 开始保存聊天消息数据
13:00:02 INFO  - 聊天消息数据保存完成，共处理条 0 数据。耗时：0时0分0秒8毫秒
13:01:02 INFO  - 开始保存聊天消息数据
13:01:02 INFO  - 聊天消息数据保存完成，共处理条 0 数据。耗时：0时0分0秒5毫秒
13:02:02 INFO  - 开始保存聊天消息数据
13:02:02 INFO  - 聊天消息数据保存完成，共处理条 0 数据。耗时：0时0分0秒7毫秒
13:03:02 INFO  - 开始保存聊天消息数据
13:03:02 INFO  - 聊天消息数据保存完成，共处理条 0 数据。耗时：0时0分0秒7毫秒
13:04:02 INFO  - 开始保存聊天消息数据
13:04:02 INFO  - 聊天消息数据保存完成，共处理条 0 数据。耗时：0时0分0秒12毫秒
13:05:02 INFO  - 开始保存聊天消息数据
13:05:02 INFO  - 聊天消息数据保存完成，共处理条 0 数据。耗时：0时0分0秒9毫秒
13:06:02 INFO  - 开始保存聊天消息数据
13:06:02 INFO  - 聊天消息数据保存完成，共处理条 0 数据。耗时：0时0分0秒5毫秒
13:07:02 INFO  - 开始保存聊天消息数据
13:07:02 INFO  - 聊天消息数据保存完成，共处理条 0 数据。耗时：0时0分0秒7毫秒
13:08:02 INFO  - 开始保存聊天消息数据
13:08:02 INFO  - 聊天消息数据保存完成，共处理条 0 数据。耗时：0时0分0秒8毫秒
13:09:02 INFO  - 开始保存聊天消息数据
13:09:02 INFO  - 聊天消息数据保存完成，共处理条 0 数据。耗时：0时0分0秒5毫秒
13:10:02 INFO  - 开始保存聊天消息数据
13:10:02 INFO  - 聊天消息数据保存完成，共处理条 0 数据。耗时：0时0分0秒4毫秒
13:11:02 INFO  - 开始保存聊天消息数据
13:11:02 INFO  - 聊天消息数据保存完成，共处理条 0 数据。耗时：0时0分0秒8毫秒
13:12:02 INFO  - 开始保存聊天消息数据
13:12:02 INFO  - 聊天消息数据保存完成，共处理条 0 数据。耗时：0时0分0秒7毫秒
13:13:02 INFO  - 开始保存聊天消息数据
13:13:02 INFO  - 聊天消息数据保存完成，共处理条 0 数据。耗时：0时0分0秒5毫秒
13:14:02 INFO  - 开始保存聊天消息数据
13:14:02 INFO  - 聊天消息数据保存完成，共处理条 0 数据。耗时：0时0分0秒8毫秒
13:15:02 INFO  - 开始保存聊天消息数据
13:15:02 INFO  - 聊天消息数据保存完成，共处理条 0 数据。耗时：0时0分0秒5毫秒
13:16:02 INFO  - 开始保存聊天消息数据
13:16:02 INFO  - 聊天消息数据保存完成，共处理条 0 数据。耗时：0时0分0秒8毫秒
13:17:02 INFO  - 开始保存聊天消息数据
13:17:02 INFO  - 聊天消息数据保存完成，共处理条 0 数据。耗时：0时0分0秒12毫秒
13:18:02 INFO  - 开始保存聊天消息数据
13:18:02 INFO  - 聊天消息数据保存完成，共处理条 0 数据。耗时：0时0分0秒8毫秒
13:19:02 INFO  - 开始保存聊天消息数据
13:19:02 INFO  - 聊天消息数据保存完成，共处理条 0 数据。耗时：0时0分0秒4毫秒
13:20:02 INFO  - 开始保存聊天消息数据
13:20:02 INFO  - 聊天消息数据保存完成，共处理条 0 数据。耗时：0时0分0秒5毫秒
13:21:02 INFO  - 开始保存聊天消息数据
13:21:02 INFO  - 聊天消息数据保存完成，共处理条 0 数据。耗时：0时0分0秒9毫秒
13:22:02 INFO  - 开始保存聊天消息数据
13:22:02 INFO  - 聊天消息数据保存完成，共处理条 0 数据。耗时：0时0分0秒8毫秒
13:23:02 INFO  - 开始保存聊天消息数据
13:23:02 INFO  - 聊天消息数据保存完成，共处理条 0 数据。耗时：0时0分0秒8毫秒
13:24:02 INFO  - 开始保存聊天消息数据
13:24:02 INFO  - 聊天消息数据保存完成，共处理条 0 数据。耗时：0时0分0秒9毫秒
13:25:02 INFO  - 开始保存聊天消息数据
13:25:02 INFO  - 聊天消息数据保存完成，共处理条 0 数据。耗时：0时0分0秒19毫秒
13:26:02 INFO  - 开始保存聊天消息数据
13:26:02 INFO  - 聊天消息数据保存完成，共处理条 0 数据。耗时：0时0分0秒7毫秒
13:27:02 INFO  - 开始保存聊天消息数据
13:27:02 INFO  - 聊天消息数据保存完成，共处理条 0 数据。耗时：0时0分0秒8毫秒
13:28:02 INFO  - 开始保存聊天消息数据
13:28:02 INFO  - 聊天消息数据保存完成，共处理条 0 数据。耗时：0时0分0秒9毫秒
13:29:02 INFO  - 开始保存聊天消息数据
13:29:02 INFO  - 聊天消息数据保存完成，共处理条 0 数据。耗时：0时0分0秒8毫秒
13:30:02 INFO  - 开始保存聊天消息数据
13:30:02 INFO  - 聊天消息数据保存完成，共处理条 0 数据。耗时：0时0分0秒8毫秒
13:31:02 INFO  - 开始保存聊天消息数据
13:31:02 INFO  - 聊天消息数据保存完成，共处理条 0 数据。耗时：0时0分0秒8毫秒
13:32:02 INFO  - 开始保存聊天消息数据
13:32:02 INFO  - 聊天消息数据保存完成，共处理条 0 数据。耗时：0时0分0秒4毫秒
13:33:02 INFO  - 开始保存聊天消息数据
13:33:02 INFO  - 聊天消息数据保存完成，共处理条 0 数据。耗时：0时0分0秒8毫秒
13:34:02 INFO  - 开始保存聊天消息数据
13:34:02 INFO  - 聊天消息数据保存完成，共处理条 0 数据。耗时：0时0分0秒8毫秒
13:35:02 INFO  - 开始保存聊天消息数据
13:35:02 INFO  - 聊天消息数据保存完成，共处理条 0 数据。耗时：0时0分0秒5毫秒
13:36:02 INFO  - 开始保存聊天消息数据
13:36:02 INFO  - 聊天消息数据保存完成，共处理条 0 数据。耗时：0时0分0秒8毫秒
13:37:02 INFO  - 开始保存聊天消息数据
13:37:02 INFO  - 聊天消息数据保存完成，共处理条 0 数据。耗时：0时0分0秒8毫秒
13:38:02 INFO  - 开始保存聊天消息数据
13:38:02 INFO  - 聊天消息数据保存完成，共处理条 0 数据。耗时：0时0分0秒7毫秒
13:39:02 INFO  - 开始保存聊天消息数据
13:39:02 INFO  - 聊天消息数据保存完成，共处理条 0 数据。耗时：0时0分0秒7毫秒
13:40:02 INFO  - 开始保存聊天消息数据
13:40:02 INFO  - 聊天消息数据保存完成，共处理条 0 数据。耗时：0时0分0秒5毫秒
13:41:02 INFO  - 开始保存聊天消息数据
13:41:02 INFO  - 聊天消息数据保存完成，共处理条 0 数据。耗时：0时0分0秒17毫秒
13:42:02 INFO  - 开始保存聊天消息数据
13:42:02 INFO  - 聊天消息数据保存完成，共处理条 0 数据。耗时：0时0分0秒9毫秒
13:43:02 INFO  - 开始保存聊天消息数据
13:43:02 INFO  - 聊天消息数据保存完成，共处理条 0 数据。耗时：0时0分0秒19毫秒
13:44:02 INFO  - 开始保存聊天消息数据
13:44:02 INFO  - 聊天消息数据保存完成，共处理条 0 数据。耗时：0时0分0秒8毫秒
13:45:02 INFO  - 开始保存聊天消息数据
13:45:02 INFO  - 聊天消息数据保存完成，共处理条 0 数据。耗时：0时0分0秒8毫秒
13:46:02 INFO  - 开始保存聊天消息数据
13:46:02 INFO  - 聊天消息数据保存完成，共处理条 0 数据。耗时：0时0分0秒11毫秒
13:47:02 INFO  - 开始保存聊天消息数据
13:47:02 INFO  - 聊天消息数据保存完成，共处理条 0 数据。耗时：0时0分0秒8毫秒
13:48:02 INFO  - 开始保存聊天消息数据
13:48:02 INFO  - 聊天消息数据保存完成，共处理条 0 数据。耗时：0时0分0秒8毫秒
13:49:02 INFO  - 开始保存聊天消息数据
13:49:02 INFO  - 聊天消息数据保存完成，共处理条 0 数据。耗时：0时0分0秒10毫秒
13:50:02 INFO  - 开始保存聊天消息数据
13:50:02 INFO  - 聊天消息数据保存完成，共处理条 0 数据。耗时：0时0分0秒14毫秒
13:51:02 INFO  - 开始保存聊天消息数据
13:51:02 INFO  - 聊天消息数据保存完成，共处理条 0 数据。耗时：0时0分0秒23毫秒
13:52:02 INFO  - 开始保存聊天消息数据
13:52:02 INFO  - 聊天消息数据保存完成，共处理条 0 数据。耗时：0时0分0秒8毫秒
13:53:02 INFO  - 开始保存聊天消息数据
13:53:02 INFO  - 聊天消息数据保存完成，共处理条 0 数据。耗时：0时0分0秒15毫秒
13:54:02 INFO  - 开始保存聊天消息数据
13:54:02 INFO  - 聊天消息数据保存完成，共处理条 0 数据。耗时：0时0分0秒8毫秒
13:55:02 INFO  - 开始保存聊天消息数据
13:55:02 INFO  - 聊天消息数据保存完成，共处理条 0 数据。耗时：0时0分0秒4毫秒
13:56:02 INFO  - 开始保存聊天消息数据
13:56:02 INFO  - 聊天消息数据保存完成，共处理条 0 数据。耗时：0时0分0秒10毫秒
13:57:02 INFO  - 开始保存聊天消息数据
13:57:02 INFO  - 聊天消息数据保存完成，共处理条 0 数据。耗时：0时0分0秒8毫秒
13:58:02 INFO  - 开始保存聊天消息数据
13:58:02 INFO  - 聊天消息数据保存完成，共处理条 0 数据。耗时：0时0分0秒10毫秒
13:59:02 INFO  - 开始保存聊天消息数据
13:59:02 INFO  - 聊天消息数据保存完成，共处理条 0 数据。耗时：0时0分0秒11毫秒
14:00:02 INFO  - 开始保存聊天消息数据
14:00:02 INFO  - 聊天消息数据保存完成，共处理条 0 数据。耗时：0时0分0秒8毫秒
14:01:02 INFO  - 开始保存聊天消息数据
14:01:02 INFO  - 聊天消息数据保存完成，共处理条 0 数据。耗时：0时0分0秒7毫秒
14:02:02 INFO  - 开始保存聊天消息数据
14:02:02 INFO  - 聊天消息数据保存完成，共处理条 0 数据。耗时：0时0分0秒7毫秒
14:03:02 INFO  - 开始保存聊天消息数据
14:03:02 INFO  - 聊天消息数据保存完成，共处理条 0 数据。耗时：0时0分0秒9毫秒
14:04:02 INFO  - 开始保存聊天消息数据
14:04:02 INFO  - 聊天消息数据保存完成，共处理条 0 数据。耗时：0时0分0秒8毫秒
14:05:02 INFO  - 开始保存聊天消息数据
14:05:02 INFO  - 聊天消息数据保存完成，共处理条 0 数据。耗时：0时0分0秒8毫秒
14:06:02 INFO  - 开始保存聊天消息数据
14:06:02 INFO  - 聊天消息数据保存完成，共处理条 0 数据。耗时：0时0分0秒15毫秒
14:07:02 INFO  - 开始保存聊天消息数据
14:07:02 INFO  - 聊天消息数据保存完成，共处理条 0 数据。耗时：0时0分0秒10毫秒
14:08:02 INFO  - 开始保存聊天消息数据
14:08:02 INFO  - 聊天消息数据保存完成，共处理条 0 数据。耗时：0时0分0秒5毫秒
14:09:02 INFO  - 开始保存聊天消息数据
14:09:02 INFO  - 聊天消息数据保存完成，共处理条 0 数据。耗时：0时0分0秒17毫秒
14:10:02 INFO  - 开始保存聊天消息数据
14:10:02 INFO  - 聊天消息数据保存完成，共处理条 0 数据。耗时：0时0分0秒8毫秒
14:11:02 INFO  - 开始保存聊天消息数据
14:11:02 INFO  - 聊天消息数据保存完成，共处理条 0 数据。耗时：0时0分0秒8毫秒
14:12:02 INFO  - 开始保存聊天消息数据
14:12:02 INFO  - 聊天消息数据保存完成，共处理条 0 数据。耗时：0时0分0秒9毫秒
14:13:02 INFO  - 开始保存聊天消息数据
14:13:02 INFO  - 聊天消息数据保存完成，共处理条 0 数据。耗时：0时0分0秒7毫秒
14:14:02 INFO  - 开始保存聊天消息数据
14:14:02 INFO  - 聊天消息数据保存完成，共处理条 0 数据。耗时：0时0分0秒8毫秒
14:15:02 INFO  - 开始保存聊天消息数据
14:15:02 INFO  - 聊天消息数据保存完成，共处理条 0 数据。耗时：0时0分0秒7毫秒
14:16:02 INFO  - 开始保存聊天消息数据
14:16:02 INFO  - 聊天消息数据保存完成，共处理条 0 数据。耗时：0时0分0秒8毫秒
14:17:02 INFO  - 开始保存聊天消息数据
14:17:02 INFO  - 聊天消息数据保存完成，共处理条 0 数据。耗时：0时0分0秒19毫秒
14:18:02 INFO  - 开始保存聊天消息数据
14:18:02 INFO  - 聊天消息数据保存完成，共处理条 0 数据。耗时：0时0分0秒10毫秒
14:19:02 INFO  - 开始保存聊天消息数据
14:19:02 INFO  - 聊天消息数据保存完成，共处理条 0 数据。耗时：0时0分0秒10毫秒
14:20:02 INFO  - 开始保存聊天消息数据
14:20:02 INFO  - 聊天消息数据保存完成，共处理条 0 数据。耗时：0时0分0秒8毫秒
14:21:02 INFO  - 开始保存聊天消息数据
14:21:02 INFO  - 聊天消息数据保存完成，共处理条 0 数据。耗时：0时0分0秒14毫秒
14:22:02 INFO  - 开始保存聊天消息数据
14:22:02 INFO  - 聊天消息数据保存完成，共处理条 0 数据。耗时：0时0分0秒16毫秒
14:23:02 INFO  - 开始保存聊天消息数据
14:23:02 INFO  - 聊天消息数据保存完成，共处理条 0 数据。耗时：0时0分0秒7毫秒
14:24:02 INFO  - 开始保存聊天消息数据
14:24:02 INFO  - 聊天消息数据保存完成，共处理条 0 数据。耗时：0时0分0秒5毫秒
14:25:02 INFO  - 开始保存聊天消息数据
14:25:02 INFO  - 聊天消息数据保存完成，共处理条 0 数据。耗时：0时0分0秒10毫秒
14:26:02 INFO  - 开始保存聊天消息数据
14:26:02 INFO  - 聊天消息数据保存完成，共处理条 0 数据。耗时：0时0分0秒8毫秒
14:27:02 INFO  - 开始保存聊天消息数据
14:27:02 INFO  - 聊天消息数据保存完成，共处理条 0 数据。耗时：0时0分0秒9毫秒
14:28:02 INFO  - 开始保存聊天消息数据
14:28:02 INFO  - 聊天消息数据保存完成，共处理条 0 数据。耗时：0时0分0秒9毫秒
14:29:02 INFO  - 开始保存聊天消息数据
14:29:02 INFO  - 聊天消息数据保存完成，共处理条 0 数据。耗时：0时0分0秒7毫秒
14:30:02 INFO  - 开始保存聊天消息数据
14:30:02 INFO  - 聊天消息数据保存完成，共处理条 0 数据。耗时：0时0分0秒8毫秒
14:31:02 INFO  - 开始保存聊天消息数据
14:31:02 INFO  - 聊天消息数据保存完成，共处理条 0 数据。耗时：0时0分0秒8毫秒
14:32:02 INFO  - 开始保存聊天消息数据
14:32:02 INFO  - 聊天消息数据保存完成，共处理条 0 数据。耗时：0时0分0秒8毫秒
14:33:02 INFO  - 开始保存聊天消息数据
14:33:02 INFO  - 聊天消息数据保存完成，共处理条 0 数据。耗时：0时0分0秒5毫秒
14:34:02 INFO  - 开始保存聊天消息数据
14:34:02 INFO  - 聊天消息数据保存完成，共处理条 0 数据。耗时：0时0分0秒9毫秒
14:35:02 INFO  - 开始保存聊天消息数据
14:35:02 INFO  - 聊天消息数据保存完成，共处理条 0 数据。耗时：0时0分0秒8毫秒
14:36:02 INFO  - 开始保存聊天消息数据
14:36:02 INFO  - 聊天消息数据保存完成，共处理条 0 数据。耗时：0时0分0秒9毫秒
14:37:02 INFO  - 开始保存聊天消息数据
14:37:02 INFO  - 聊天消息数据保存完成，共处理条 0 数据。耗时：0时0分0秒9毫秒
14:38:02 INFO  - 开始保存聊天消息数据
14:38:02 INFO  - 聊天消息数据保存完成，共处理条 0 数据。耗时：0时0分0秒8毫秒
14:39:02 INFO  - 开始保存聊天消息数据
14:39:02 INFO  - 聊天消息数据保存完成，共处理条 0 数据。耗时：0时0分0秒7毫秒
14:40:02 INFO  - 开始保存聊天消息数据
14:40:02 INFO  - 聊天消息数据保存完成，共处理条 0 数据。耗时：0时0分0秒10毫秒
14:41:02 INFO  - 开始保存聊天消息数据
14:41:02 INFO  - 聊天消息数据保存完成，共处理条 0 数据。耗时：0时0分0秒8毫秒
14:42:02 INFO  - 开始保存聊天消息数据
14:42:02 INFO  - 聊天消息数据保存完成，共处理条 0 数据。耗时：0时0分0秒15毫秒
14:43:02 INFO  - 开始保存聊天消息数据
14:43:02 INFO  - 聊天消息数据保存完成，共处理条 0 数据。耗时：0时0分0秒8毫秒
14:44:02 INFO  - 开始保存聊天消息数据
14:44:02 INFO  - 聊天消息数据保存完成，共处理条 0 数据。耗时：0时0分0秒8毫秒
14:45:02 INFO  - 开始保存聊天消息数据
14:45:02 INFO  - 聊天消息数据保存完成，共处理条 0 数据。耗时：0时0分0秒8毫秒
14:46:02 INFO  - 开始保存聊天消息数据
14:46:02 INFO  - 聊天消息数据保存完成，共处理条 0 数据。耗时：0时0分0秒8毫秒
14:47:02 INFO  - 开始保存聊天消息数据
14:47:02 INFO  - 聊天消息数据保存完成，共处理条 0 数据。耗时：0时0分0秒8毫秒
14:48:02 INFO  - 开始保存聊天消息数据
14:48:02 INFO  - 聊天消息数据保存完成，共处理条 0 数据。耗时：0时0分0秒9毫秒
14:49:02 INFO  - 开始保存聊天消息数据
14:49:02 INFO  - 聊天消息数据保存完成，共处理条 0 数据。耗时：0时0分0秒14毫秒
14:50:02 INFO  - 开始保存聊天消息数据
14:50:02 INFO  - 聊天消息数据保存完成，共处理条 0 数据。耗时：0时0分0秒4毫秒
14:51:02 INFO  - 开始保存聊天消息数据
14:51:02 INFO  - 聊天消息数据保存完成，共处理条 0 数据。耗时：0时0分0秒8毫秒
14:52:02 INFO  - 开始保存聊天消息数据
14:52:02 INFO  - 聊天消息数据保存完成，共处理条 0 数据。耗时：0时0分0秒9毫秒
14:53:02 INFO  - 开始保存聊天消息数据
14:53:02 INFO  - 聊天消息数据保存完成，共处理条 0 数据。耗时：0时0分0秒4毫秒
14:54:02 INFO  - 开始保存聊天消息数据
14:54:02 INFO  - 聊天消息数据保存完成，共处理条 0 数据。耗时：0时0分0秒5毫秒
14:55:02 INFO  - 开始保存聊天消息数据
14:55:02 INFO  - 聊天消息数据保存完成，共处理条 0 数据。耗时：0时0分0秒9毫秒
14:56:02 INFO  - 开始保存聊天消息数据
14:56:02 INFO  - 聊天消息数据保存完成，共处理条 0 数据。耗时：0时0分0秒8毫秒
14:57:02 INFO  - 开始保存聊天消息数据
14:57:02 INFO  - 聊天消息数据保存完成，共处理条 0 数据。耗时：0时0分0秒15毫秒
14:58:02 INFO  - 开始保存聊天消息数据
14:58:02 INFO  - 聊天消息数据保存完成，共处理条 0 数据。耗时：0时0分0秒9毫秒
14:59:02 INFO  - 开始保存聊天消息数据
14:59:02 INFO  - 聊天消息数据保存完成，共处理条 0 数据。耗时：0时0分0秒7毫秒
15:00:02 INFO  - 开始保存聊天消息数据
15:00:02 INFO  - 聊天消息数据保存完成，共处理条 0 数据。耗时：0时0分0秒8毫秒
15:01:02 INFO  - 开始保存聊天消息数据
15:01:02 INFO  - 聊天消息数据保存完成，共处理条 0 数据。耗时：0时0分0秒8毫秒
15:02:02 INFO  - 开始保存聊天消息数据
15:02:02 INFO  - 聊天消息数据保存完成，共处理条 0 数据。耗时：0时0分0秒9毫秒
15:03:02 INFO  - 开始保存聊天消息数据
15:03:02 INFO  - 聊天消息数据保存完成，共处理条 0 数据。耗时：0时0分0秒18毫秒
15:04:02 INFO  - 开始保存聊天消息数据
15:04:02 INFO  - 聊天消息数据保存完成，共处理条 0 数据。耗时：0时0分0秒16毫秒
15:04:44 INFO  - Executed action GD.API.Controllers.Meal.MealAdminController.GetMealAccounts (API) in 74ms
15:04:46 INFO  - Executed action GD.API.Controllers.Meal.MealAdminController.GetMealAccounts (API) in 16ms
15:05:02 INFO  - 开始保存聊天消息数据
15:05:02 INFO  - 聊天消息数据保存完成，共处理条 0 数据。耗时：0时0分0秒8毫秒
15:06:02 INFO  - 开始保存聊天消息数据
15:06:02 INFO  - 聊天消息数据保存完成，共处理条 0 数据。耗时：0时0分0秒7毫秒
15:06:51 INFO  - Executed action GD.API.Controllers.Meal.MealAdminController.GetMealAccounts (API) in 20ms
15:07:02 INFO  - 开始保存聊天消息数据
15:07:02 INFO  - 聊天消息数据保存完成，共处理条 0 数据。耗时：0时0分0秒21毫秒
15:07:15 INFO  - Executed action GD.API.Controllers.Meal.MealAdminController.RechargeAccountRechargeOrDeduction (API) in 56ms
15:07:15 INFO  - Executed action GD.API.Controllers.Meal.MealAdminController.GetMealAccounts (API) in 15ms
15:07:33 INFO  - Executed action GD.API.Controllers.Meal.MealAdminController.RechargeAccountRechargeOrDeduction (API) in 58ms
15:07:33 INFO  - Executed action GD.API.Controllers.Meal.MealAdminController.GetMealAccounts (API) in 17ms
15:07:57 INFO  - Executed action GD.API.Controllers.Meal.MealAdminController.RechargeAccountRechargeOrDeduction (API) in 55ms
15:07:57 INFO  - Executed action GD.API.Controllers.Meal.MealAdminController.GetMealAccounts (API) in 16ms
15:08:02 INFO  - 开始保存聊天消息数据
15:08:02 INFO  - 聊天消息数据保存完成，共处理条 0 数据。耗时：0时0分0秒4毫秒
15:08:12 INFO  - Executed action GD.API.Controllers.Meal.MealAdminController.AllGrantAccountRechargeOrDeduction (API) in 80ms
15:08:12 INFO  - Executed action GD.API.Controllers.Meal.MealAdminController.GetMealAccounts (API) in 15ms
15:09:02 INFO  - 开始保存聊天消息数据
15:09:02 INFO  - 聊天消息数据保存完成，共处理条 0 数据。耗时：0时0分0秒14毫秒
15:10:02 INFO  - 开始保存聊天消息数据
15:10:02 INFO  - 聊天消息数据保存完成，共处理条 0 数据。耗时：0时0分0秒4毫秒
15:11:02 INFO  - 开始保存聊天消息数据
15:11:02 INFO  - 聊天消息数据保存完成，共处理条 0 数据。耗时：0时0分0秒10毫秒
15:12:02 INFO  - 开始保存聊天消息数据
15:12:02 INFO  - 聊天消息数据保存完成，共处理条 0 数据。耗时：0时0分0秒8毫秒
15:13:02 INFO  - 开始保存聊天消息数据
15:13:02 INFO  - 聊天消息数据保存完成，共处理条 0 数据。耗时：0时0分0秒4毫秒
15:14:02 INFO  - 开始保存聊天消息数据
15:14:02 INFO  - 聊天消息数据保存完成，共处理条 0 数据。耗时：0时0分0秒7毫秒
15:15:02 INFO  - 开始保存聊天消息数据
15:15:02 INFO  - 聊天消息数据保存完成，共处理条 0 数据。耗时：0时0分0秒8毫秒
15:16:02 INFO  - 开始保存聊天消息数据
15:16:02 INFO  - 聊天消息数据保存完成，共处理条 0 数据。耗时：0时0分0秒8毫秒
15:17:02 INFO  - 开始保存聊天消息数据
15:17:02 INFO  - 聊天消息数据保存完成，共处理条 0 数据。耗时：0时0分0秒15毫秒
15:18:02 INFO  - 开始保存聊天消息数据
15:18:02 INFO  - 聊天消息数据保存完成，共处理条 0 数据。耗时：0时0分0秒7毫秒
15:19:02 INFO  - 开始保存聊天消息数据
15:19:02 INFO  - 聊天消息数据保存完成，共处理条 0 数据。耗时：0时0分0秒8毫秒
15:20:02 INFO  - 开始保存聊天消息数据
15:20:02 INFO  - 聊天消息数据保存完成，共处理条 0 数据。耗时：0时0分0秒8毫秒
15:21:02 INFO  - 开始保存聊天消息数据
15:21:02 INFO  - 聊天消息数据保存完成，共处理条 0 数据。耗时：0时0分0秒15毫秒
15:22:02 INFO  - 开始保存聊天消息数据
15:22:02 INFO  - 聊天消息数据保存完成，共处理条 0 数据。耗时：0时0分0秒9毫秒
15:23:02 INFO  - 开始保存聊天消息数据
15:23:02 INFO  - 聊天消息数据保存完成，共处理条 0 数据。耗时：0时0分0秒5毫秒
15:24:02 INFO  - 开始保存聊天消息数据
15:24:02 INFO  - 聊天消息数据保存完成，共处理条 0 数据。耗时：0时0分0秒7毫秒
15:25:02 INFO  - 开始保存聊天消息数据
15:25:02 INFO  - 聊天消息数据保存完成，共处理条 0 数据。耗时：0时0分0秒7毫秒
15:26:02 INFO  - 开始保存聊天消息数据
15:26:02 INFO  - 聊天消息数据保存完成，共处理条 0 数据。耗时：0时0分0秒8毫秒
15:27:02 INFO  - 开始保存聊天消息数据
15:27:02 INFO  - 聊天消息数据保存完成，共处理条 0 数据。耗时：0时0分0秒8毫秒
15:28:02 INFO  - 开始保存聊天消息数据
15:28:02 INFO  - 聊天消息数据保存完成，共处理条 0 数据。耗时：0时0分0秒9毫秒
15:29:02 INFO  - 开始保存聊天消息数据
15:29:02 INFO  - 聊天消息数据保存完成，共处理条 0 数据。耗时：0时0分0秒4毫秒
15:30:02 INFO  - 开始保存聊天消息数据
15:30:02 INFO  - 聊天消息数据保存完成，共处理条 0 数据。耗时：0时0分0秒4毫秒
15:31:02 INFO  - 开始保存聊天消息数据
15:31:02 INFO  - 聊天消息数据保存完成，共处理条 0 数据。耗时：0时0分0秒8毫秒
15:32:02 INFO  - 开始保存聊天消息数据
15:32:02 INFO  - 聊天消息数据保存完成，共处理条 0 数据。耗时：0时0分0秒4毫秒
15:33:02 INFO  - 开始保存聊天消息数据
15:33:02 INFO  - 聊天消息数据保存完成，共处理条 0 数据。耗时：0时0分0秒9毫秒
15:34:02 INFO  - 开始保存聊天消息数据
15:34:02 INFO  - 聊天消息数据保存完成，共处理条 0 数据。耗时：0时0分0秒6毫秒
15:35:02 INFO  - 开始保存聊天消息数据
15:35:02 INFO  - 聊天消息数据保存完成，共处理条 0 数据。耗时：0时0分0秒5毫秒
15:36:02 INFO  - 开始保存聊天消息数据
15:36:02 INFO  - 聊天消息数据保存完成，共处理条 0 数据。耗时：0时0分0秒7毫秒
15:37:02 INFO  - 开始保存聊天消息数据
15:37:02 INFO  - 聊天消息数据保存完成，共处理条 0 数据。耗时：0时0分0秒8毫秒
15:38:02 INFO  - 开始保存聊天消息数据
15:38:02 INFO  - 聊天消息数据保存完成，共处理条 0 数据。耗时：0时0分0秒7毫秒
15:39:02 INFO  - 开始保存聊天消息数据
15:39:02 INFO  - 聊天消息数据保存完成，共处理条 0 数据。耗时：0时0分0秒7毫秒
15:40:02 INFO  - 开始保存聊天消息数据
15:40:02 INFO  - 聊天消息数据保存完成，共处理条 0 数据。耗时：0时0分0秒7毫秒
15:41:02 INFO  - 开始保存聊天消息数据
15:41:02 INFO  - 聊天消息数据保存完成，共处理条 0 数据。耗时：0时0分0秒8毫秒
15:42:02 INFO  - 开始保存聊天消息数据
15:42:02 INFO  - 聊天消息数据保存完成，共处理条 0 数据。耗时：0时0分0秒8毫秒
15:43:02 INFO  - 开始保存聊天消息数据
15:43:02 INFO  - 聊天消息数据保存完成，共处理条 0 数据。耗时：0时0分0秒8毫秒
15:44:02 INFO  - 开始保存聊天消息数据
15:44:02 INFO  - 聊天消息数据保存完成，共处理条 0 数据。耗时：0时0分0秒7毫秒
15:45:02 INFO  - 开始保存聊天消息数据
15:45:02 INFO  - 聊天消息数据保存完成，共处理条 0 数据。耗时：0时0分0秒10毫秒
15:46:02 INFO  - 开始保存聊天消息数据
15:46:02 INFO  - 聊天消息数据保存完成，共处理条 0 数据。耗时：0时0分0秒9毫秒
15:47:02 INFO  - 开始保存聊天消息数据
15:47:02 INFO  - 聊天消息数据保存完成，共处理条 0 数据。耗时：0时0分0秒8毫秒
15:48:02 INFO  - 开始保存聊天消息数据
15:48:02 INFO  - 聊天消息数据保存完成，共处理条 0 数据。耗时：0时0分0秒84毫秒
15:49:02 INFO  - 开始保存聊天消息数据
15:49:02 INFO  - 聊天消息数据保存完成，共处理条 0 数据。耗时：0时0分0秒36毫秒
15:50:02 INFO  - 开始保存聊天消息数据
15:50:02 INFO  - 聊天消息数据保存完成，共处理条 0 数据。耗时：0时0分0秒4毫秒
15:51:02 INFO  - 开始保存聊天消息数据
15:51:02 INFO  - 聊天消息数据保存完成，共处理条 0 数据。耗时：0时0分0秒8毫秒
15:52:02 INFO  - 开始保存聊天消息数据
15:52:02 INFO  - 聊天消息数据保存完成，共处理条 0 数据。耗时：0时0分0秒5毫秒
15:53:02 INFO  - 开始保存聊天消息数据
15:53:02 INFO  - 聊天消息数据保存完成，共处理条 0 数据。耗时：0时0分0秒8毫秒
15:54:02 INFO  - 开始保存聊天消息数据
15:54:02 INFO  - 聊天消息数据保存完成，共处理条 0 数据。耗时：0时0分0秒9毫秒
15:55:02 INFO  - 开始保存聊天消息数据
15:55:02 INFO  - 聊天消息数据保存完成，共处理条 0 数据。耗时：0时0分0秒9毫秒
15:56:02 INFO  - 开始保存聊天消息数据
15:56:02 INFO  - 聊天消息数据保存完成，共处理条 0 数据。耗时：0时0分0秒9毫秒
15:57:02 INFO  - 开始保存聊天消息数据
15:57:02 INFO  - 聊天消息数据保存完成，共处理条 0 数据。耗时：0时0分0秒8毫秒
15:58:02 INFO  - 开始保存聊天消息数据
15:58:02 INFO  - 聊天消息数据保存完成，共处理条 0 数据。耗时：0时0分0秒8毫秒
15:59:02 INFO  - 开始保存聊天消息数据
15:59:02 INFO  - 聊天消息数据保存完成，共处理条 0 数据。耗时：0时0分0秒4毫秒
16:00:02 INFO  - 开始保存聊天消息数据
16:00:02 INFO  - 聊天消息数据保存完成，共处理条 0 数据。耗时：0时0分0秒7毫秒
16:01:02 INFO  - 开始保存聊天消息数据
16:01:02 INFO  - 聊天消息数据保存完成，共处理条 0 数据。耗时：0时0分0秒7毫秒
16:02:02 INFO  - 开始保存聊天消息数据
16:02:02 INFO  - 聊天消息数据保存完成，共处理条 0 数据。耗时：0时0分0秒8毫秒
16:03:02 INFO  - 开始保存聊天消息数据
16:03:02 INFO  - 聊天消息数据保存完成，共处理条 0 数据。耗时：0时0分0秒4毫秒
16:04:02 INFO  - 开始保存聊天消息数据
16:04:02 INFO  - 聊天消息数据保存完成，共处理条 0 数据。耗时：0时0分0秒13毫秒
16:05:02 INFO  - 开始保存聊天消息数据
16:05:02 INFO  - 聊天消息数据保存完成，共处理条 0 数据。耗时：0时0分0秒11毫秒
16:06:02 INFO  - 开始保存聊天消息数据
16:06:02 INFO  - 聊天消息数据保存完成，共处理条 0 数据。耗时：0时0分0秒13毫秒
16:07:02 INFO  - 开始保存聊天消息数据
16:07:02 INFO  - 聊天消息数据保存完成，共处理条 0 数据。耗时：0时0分0秒10毫秒
16:08:02 INFO  - 开始保存聊天消息数据
16:08:02 INFO  - 聊天消息数据保存完成，共处理条 0 数据。耗时：0时0分0秒8毫秒
16:09:02 INFO  - 开始保存聊天消息数据
16:09:02 INFO  - 聊天消息数据保存完成，共处理条 0 数据。耗时：0时0分0秒7毫秒
16:10:02 INFO  - 开始保存聊天消息数据
16:10:02 INFO  - 聊天消息数据保存完成，共处理条 0 数据。耗时：0时0分0秒8毫秒
16:11:02 INFO  - 开始保存聊天消息数据
16:11:02 INFO  - 聊天消息数据保存完成，共处理条 0 数据。耗时：0时0分0秒23毫秒
16:12:02 INFO  - 开始保存聊天消息数据
16:12:02 INFO  - 聊天消息数据保存完成，共处理条 0 数据。耗时：0时0分0秒9毫秒
16:13:02 INFO  - 开始保存聊天消息数据
16:13:02 INFO  - 聊天消息数据保存完成，共处理条 0 数据。耗时：0时0分0秒7毫秒
16:14:02 INFO  - 开始保存聊天消息数据
16:14:02 INFO  - 聊天消息数据保存完成，共处理条 0 数据。耗时：0时0分0秒8毫秒
16:15:02 INFO  - 开始保存聊天消息数据
16:15:02 INFO  - 聊天消息数据保存完成，共处理条 0 数据。耗时：0时0分0秒4毫秒
16:16:02 INFO  - 开始保存聊天消息数据
16:16:02 INFO  - 聊天消息数据保存完成，共处理条 0 数据。耗时：0时0分0秒8毫秒
16:17:02 INFO  - 开始保存聊天消息数据
16:17:02 INFO  - 聊天消息数据保存完成，共处理条 0 数据。耗时：0时0分0秒9毫秒
16:18:02 INFO  - 开始保存聊天消息数据
16:18:02 INFO  - 聊天消息数据保存完成，共处理条 0 数据。耗时：0时0分0秒8毫秒
16:19:02 INFO  - 开始保存聊天消息数据
16:19:02 INFO  - 聊天消息数据保存完成，共处理条 0 数据。耗时：0时0分0秒4毫秒
16:20:02 INFO  - 开始保存聊天消息数据
16:20:02 INFO  - 聊天消息数据保存完成，共处理条 0 数据。耗时：0时0分0秒7毫秒
16:21:02 INFO  - 开始保存聊天消息数据
16:21:02 INFO  - 聊天消息数据保存完成，共处理条 0 数据。耗时：0时0分0秒8毫秒
16:22:02 INFO  - 开始保存聊天消息数据
16:22:02 INFO  - 聊天消息数据保存完成，共处理条 0 数据。耗时：0时0分0秒8毫秒
16:23:02 INFO  - 开始保存聊天消息数据
16:23:02 INFO  - 聊天消息数据保存完成，共处理条 0 数据。耗时：0时0分0秒14毫秒
16:24:02 INFO  - 开始保存聊天消息数据
16:24:02 INFO  - 聊天消息数据保存完成，共处理条 0 数据。耗时：0时0分0秒7毫秒
16:25:02 INFO  - 开始保存聊天消息数据
16:25:02 INFO  - 聊天消息数据保存完成，共处理条 0 数据。耗时：0时0分0秒8毫秒
16:26:02 INFO  - 开始保存聊天消息数据
16:26:02 INFO  - 聊天消息数据保存完成，共处理条 0 数据。耗时：0时0分0秒19毫秒
16:27:02 INFO  - 开始保存聊天消息数据
16:27:02 INFO  - 聊天消息数据保存完成，共处理条 0 数据。耗时：0时0分0秒8毫秒
16:28:02 INFO  - 开始保存聊天消息数据
16:28:02 INFO  - 聊天消息数据保存完成，共处理条 0 数据。耗时：0时0分0秒7毫秒
16:29:02 INFO  - 开始保存聊天消息数据
16:29:02 INFO  - 聊天消息数据保存完成，共处理条 0 数据。耗时：0时0分0秒8毫秒
16:30:02 INFO  - 开始保存聊天消息数据
16:30:02 INFO  - 聊天消息数据保存完成，共处理条 0 数据。耗时：0时0分0秒12毫秒
16:31:02 INFO  - 开始保存聊天消息数据
16:31:02 INFO  - 聊天消息数据保存完成，共处理条 0 数据。耗时：0时0分0秒8毫秒
16:32:02 INFO  - 开始保存聊天消息数据
16:32:02 INFO  - 聊天消息数据保存完成，共处理条 0 数据。耗时：0时0分0秒7毫秒
16:33:02 INFO  - 开始保存聊天消息数据
16:33:02 INFO  - 聊天消息数据保存完成，共处理条 0 数据。耗时：0时0分0秒4毫秒
16:34:02 INFO  - 开始保存聊天消息数据
16:34:02 INFO  - 聊天消息数据保存完成，共处理条 0 数据。耗时：0时0分0秒17毫秒
16:35:02 INFO  - 开始保存聊天消息数据
16:35:02 INFO  - 聊天消息数据保存完成，共处理条 0 数据。耗时：0时0分0秒8毫秒
16:36:02 INFO  - 开始保存聊天消息数据
16:36:02 INFO  - 聊天消息数据保存完成，共处理条 0 数据。耗时：0时0分0秒8毫秒
16:37:02 INFO  - 开始保存聊天消息数据
16:37:02 INFO  - 聊天消息数据保存完成，共处理条 0 数据。耗时：0时0分0秒8毫秒
16:38:02 INFO  - 开始保存聊天消息数据
16:38:02 INFO  - 聊天消息数据保存完成，共处理条 0 数据。耗时：0时0分0秒7毫秒
16:39:02 INFO  - 开始保存聊天消息数据
16:39:02 INFO  - 聊天消息数据保存完成，共处理条 0 数据。耗时：0时0分0秒8毫秒
16:40:02 INFO  - 开始保存聊天消息数据
16:40:02 INFO  - 聊天消息数据保存完成，共处理条 0 数据。耗时：0时0分0秒8毫秒
16:41:02 INFO  - 开始保存聊天消息数据
16:41:02 INFO  - 聊天消息数据保存完成，共处理条 0 数据。耗时：0时0分0秒5毫秒
16:42:02 INFO  - 开始保存聊天消息数据
16:42:02 INFO  - 聊天消息数据保存完成，共处理条 0 数据。耗时：0时0分0秒8毫秒
16:43:02 INFO  - 开始保存聊天消息数据
16:43:02 INFO  - 聊天消息数据保存完成，共处理条 0 数据。耗时：0时0分0秒7毫秒
16:44:02 INFO  - 开始保存聊天消息数据
16:44:02 INFO  - 聊天消息数据保存完成，共处理条 0 数据。耗时：0时0分0秒8毫秒
16:45:02 INFO  - 开始保存聊天消息数据
16:45:02 INFO  - 聊天消息数据保存完成，共处理条 0 数据。耗时：0时0分0秒8毫秒
16:46:02 INFO  - 开始保存聊天消息数据
16:46:02 INFO  - 聊天消息数据保存完成，共处理条 0 数据。耗时：0时0分0秒8毫秒
16:47:02 INFO  - 开始保存聊天消息数据
16:47:02 INFO  - 聊天消息数据保存完成，共处理条 0 数据。耗时：0时0分0秒9毫秒
16:48:02 INFO  - 开始保存聊天消息数据
16:48:02 INFO  - 聊天消息数据保存完成，共处理条 0 数据。耗时：0时0分0秒8毫秒
16:49:02 INFO  - 开始保存聊天消息数据
16:49:02 INFO  - 聊天消息数据保存完成，共处理条 0 数据。耗时：0时0分0秒9毫秒
16:50:02 INFO  - 开始保存聊天消息数据
16:50:02 INFO  - 聊天消息数据保存完成，共处理条 0 数据。耗时：0时0分0秒7毫秒
16:51:02 INFO  - 开始保存聊天消息数据
16:51:02 INFO  - 聊天消息数据保存完成，共处理条 0 数据。耗时：0时0分0秒8毫秒
16:52:02 INFO  - 开始保存聊天消息数据
16:52:02 INFO  - 聊天消息数据保存完成，共处理条 0 数据。耗时：0时0分0秒8毫秒
16:53:02 INFO  - 开始保存聊天消息数据
16:53:02 INFO  - 聊天消息数据保存完成，共处理条 0 数据。耗时：0时0分0秒9毫秒
16:54:02 INFO  - 开始保存聊天消息数据
16:54:02 INFO  - 聊天消息数据保存完成，共处理条 0 数据。耗时：0时0分0秒4毫秒
16:55:02 INFO  - 开始保存聊天消息数据
16:55:02 INFO  - 聊天消息数据保存完成，共处理条 0 数据。耗时：0时0分0秒8毫秒
16:56:02 INFO  - 开始保存聊天消息数据
16:56:02 INFO  - 聊天消息数据保存完成，共处理条 0 数据。耗时：0时0分0秒9毫秒
16:57:02 INFO  - 开始保存聊天消息数据
16:57:02 INFO  - 聊天消息数据保存完成，共处理条 0 数据。耗时：0时0分0秒4毫秒
16:58:02 INFO  - 开始保存聊天消息数据
16:58:02 INFO  - 聊天消息数据保存完成，共处理条 0 数据。耗时：0时0分0秒7毫秒
16:59:02 INFO  - 开始保存聊天消息数据
16:59:02 INFO  - 聊天消息数据保存完成，共处理条 0 数据。耗时：0时0分0秒8毫秒
17:00:02 INFO  - 开始保存聊天消息数据
17:00:02 INFO  - 聊天消息数据保存完成，共处理条 0 数据。耗时：0时0分0秒8毫秒
17:01:02 INFO  - 开始保存聊天消息数据
17:01:02 INFO  - 聊天消息数据保存完成，共处理条 0 数据。耗时：0时0分0秒5毫秒
17:02:02 INFO  - 开始保存聊天消息数据
17:02:02 INFO  - 聊天消息数据保存完成，共处理条 0 数据。耗时：0时0分0秒8毫秒
17:03:02 INFO  - 开始保存聊天消息数据
17:03:02 INFO  - 聊天消息数据保存完成，共处理条 0 数据。耗时：0时0分0秒9毫秒
17:04:02 INFO  - 开始保存聊天消息数据
17:04:02 INFO  - 聊天消息数据保存完成，共处理条 0 数据。耗时：0时0分0秒9毫秒
17:05:02 INFO  - 开始保存聊天消息数据
17:05:02 INFO  - 聊天消息数据保存完成，共处理条 0 数据。耗时：0时0分0秒7毫秒
17:06:02 INFO  - 开始保存聊天消息数据
17:06:02 INFO  - 聊天消息数据保存完成，共处理条 0 数据。耗时：0时0分0秒4毫秒
17:07:02 INFO  - 开始保存聊天消息数据
17:07:02 INFO  - 聊天消息数据保存完成，共处理条 0 数据。耗时：0时0分0秒4毫秒
17:08:02 INFO  - 开始保存聊天消息数据
17:08:02 INFO  - 聊天消息数据保存完成，共处理条 0 数据。耗时：0时0分0秒8毫秒
17:09:02 INFO  - 开始保存聊天消息数据
17:09:02 INFO  - 聊天消息数据保存完成，共处理条 0 数据。耗时：0时0分0秒8毫秒
17:10:02 INFO  - 开始保存聊天消息数据
17:10:02 INFO  - 聊天消息数据保存完成，共处理条 0 数据。耗时：0时0分0秒342毫秒
17:11:02 INFO  - 开始保存聊天消息数据
17:11:02 INFO  - 聊天消息数据保存完成，共处理条 0 数据。耗时：0时0分0秒5毫秒
17:12:02 INFO  - 开始保存聊天消息数据
17:12:02 INFO  - 聊天消息数据保存完成，共处理条 0 数据。耗时：0时0分0秒8毫秒
17:13:02 INFO  - 开始保存聊天消息数据
17:13:02 INFO  - 聊天消息数据保存完成，共处理条 0 数据。耗时：0时0分0秒16毫秒
17:14:02 INFO  - 开始保存聊天消息数据
17:14:02 INFO  - 聊天消息数据保存完成，共处理条 0 数据。耗时：0时0分0秒9毫秒
17:15:02 INFO  - 开始保存聊天消息数据
17:15:02 INFO  - 聊天消息数据保存完成，共处理条 0 数据。耗时：0时0分0秒8毫秒
17:16:02 INFO  - 开始保存聊天消息数据
17:16:02 INFO  - 聊天消息数据保存完成，共处理条 0 数据。耗时：0时0分0秒10毫秒
17:17:02 INFO  - 开始保存聊天消息数据
17:17:02 INFO  - 聊天消息数据保存完成，共处理条 0 数据。耗时：0时0分0秒13毫秒
17:18:02 INFO  - 开始保存聊天消息数据
17:18:02 INFO  - 聊天消息数据保存完成，共处理条 0 数据。耗时：0时0分0秒7毫秒
17:19:02 INFO  - 开始保存聊天消息数据
17:19:02 INFO  - 聊天消息数据保存完成，共处理条 0 数据。耗时：0时0分0秒8毫秒
17:20:02 INFO  - 开始保存聊天消息数据
17:20:02 INFO  - 聊天消息数据保存完成，共处理条 0 数据。耗时：0时0分0秒8毫秒
17:21:02 INFO  - 开始保存聊天消息数据
17:21:02 INFO  - 聊天消息数据保存完成，共处理条 0 数据。耗时：0时0分0秒8毫秒
17:22:02 INFO  - 开始保存聊天消息数据
17:22:02 INFO  - 聊天消息数据保存完成，共处理条 0 数据。耗时：0时0分0秒13毫秒
17:23:02 INFO  - 开始保存聊天消息数据
17:23:02 INFO  - 聊天消息数据保存完成，共处理条 0 数据。耗时：0时0分0秒4毫秒
17:24:02 INFO  - 开始保存聊天消息数据
17:24:02 INFO  - 聊天消息数据保存完成，共处理条 0 数据。耗时：0时0分0秒6毫秒
17:25:02 INFO  - 开始保存聊天消息数据
17:25:02 INFO  - 聊天消息数据保存完成，共处理条 0 数据。耗时：0时0分0秒9毫秒
17:26:02 INFO  - 开始保存聊天消息数据
17:26:02 INFO  - 聊天消息数据保存完成，共处理条 0 数据。耗时：0时0分0秒8毫秒
17:27:02 INFO  - 开始保存聊天消息数据
17:27:02 INFO  - 聊天消息数据保存完成，共处理条 0 数据。耗时：0时0分0秒8毫秒
17:28:02 INFO  - 开始保存聊天消息数据
17:28:02 INFO  - 聊天消息数据保存完成，共处理条 0 数据。耗时：0时0分0秒9毫秒
17:29:02 INFO  - 开始保存聊天消息数据
17:29:02 INFO  - 聊天消息数据保存完成，共处理条 0 数据。耗时：0时0分0秒9毫秒
17:30:02 INFO  - 开始保存聊天消息数据
17:30:02 INFO  - 聊天消息数据保存完成，共处理条 0 数据。耗时：0时0分0秒7毫秒
17:31:02 INFO  - 开始保存聊天消息数据
17:31:02 INFO  - 聊天消息数据保存完成，共处理条 0 数据。耗时：0时0分0秒7毫秒
17:32:02 INFO  - 开始保存聊天消息数据
17:32:02 INFO  - 聊天消息数据保存完成，共处理条 0 数据。耗时：0时0分0秒7毫秒
17:33:02 INFO  - 开始保存聊天消息数据
17:33:02 INFO  - 聊天消息数据保存完成，共处理条 0 数据。耗时：0时0分0秒7毫秒
17:34:02 INFO  - 开始保存聊天消息数据
17:34:02 INFO  - 聊天消息数据保存完成，共处理条 0 数据。耗时：0时0分0秒14毫秒
17:35:02 INFO  - 开始保存聊天消息数据
17:35:02 INFO  - 聊天消息数据保存完成，共处理条 0 数据。耗时：0时0分0秒9毫秒
17:36:02 INFO  - 开始保存聊天消息数据
17:36:02 INFO  - 聊天消息数据保存完成，共处理条 0 数据。耗时：0时0分0秒8毫秒
17:37:02 INFO  - 开始保存聊天消息数据
17:37:02 INFO  - 聊天消息数据保存完成，共处理条 0 数据。耗时：0时0分0秒8毫秒
17:38:02 INFO  - 开始保存聊天消息数据
17:38:02 INFO  - 聊天消息数据保存完成，共处理条 0 数据。耗时：0时0分0秒8毫秒
17:39:02 INFO  - 开始保存聊天消息数据
17:39:02 INFO  - 聊天消息数据保存完成，共处理条 0 数据。耗时：0时0分0秒8毫秒
17:40:02 INFO  - 开始保存聊天消息数据
17:40:02 INFO  - 聊天消息数据保存完成，共处理条 0 数据。耗时：0时0分0秒8毫秒
17:41:02 INFO  - 开始保存聊天消息数据
17:41:02 INFO  - 聊天消息数据保存完成，共处理条 0 数据。耗时：0时0分0秒7毫秒
17:41:07 INFO  - Executed action GD.API.Controllers.Meal.MealAdminController.GetMealAccounts (API) in 94ms
17:41:34 INFO  - Executed action GD.API.Controllers.Meal.MealAdminController.GetMealAccounts (API) in 20ms
17:42:02 INFO  - 开始保存聊天消息数据
17:42:02 INFO  - 聊天消息数据保存完成，共处理条 0 数据。耗时：0时0分0秒4毫秒
17:42:07 INFO  - Executed action GD.API.Controllers.Meal.MealAdminController.GetMealAccounts (API) in 20ms
17:43:02 INFO  - 开始保存聊天消息数据
17:43:02 INFO  - 聊天消息数据保存完成，共处理条 0 数据。耗时：0时0分0秒7毫秒
17:44:02 INFO  - 开始保存聊天消息数据
17:44:02 INFO  - 聊天消息数据保存完成，共处理条 0 数据。耗时：0时0分0秒8毫秒
17:44:36 INFO  - 开始保存聊天消息数据
17:44:36 INFO  - 聊天消息数据保存完成，共处理条 0 数据。耗时：0时0分0秒636毫秒
17:44:49 INFO  - Executed action GD.API.Controllers.Meal.MealAdminController.Login (API) in 579ms
17:44:50 INFO  - Executed action GD.API.Controllers.Meal.MealAdminController.GetMealAccounts (API) in 50ms
17:45:35 INFO  - 开始保存聊天消息数据
17:45:35 INFO  - 聊天消息数据保存完成，共处理条 0 数据。耗时：0时0分0秒15毫秒
17:46:35 INFO  - 开始保存聊天消息数据
17:46:35 INFO  - 聊天消息数据保存完成，共处理条 0 数据。耗时：0时0分0秒13毫秒
17:47:25 INFO  - Executed action GD.API.Controllers.Meal.MealAdminController.GetMealOperators (API) in 72ms
17:47:27 INFO  - Executed action GD.API.Controllers.Meal.MealAdminController.GetMealAccounts (API) in 44ms
17:47:28 INFO  - Executed action GD.API.Controllers.Meal.MealAdminController.GetMealAccountDetails (API) in 121ms
17:47:34 INFO  - Executed action GD.API.Controllers.Meal.MealAdminController.GetMealAccounts (API) in 83ms
17:47:35 INFO  - 开始保存聊天消息数据
17:47:35 INFO  - 聊天消息数据保存完成，共处理条 0 数据。耗时：0时0分0秒31毫秒
17:48:27 INFO  - Executed action GD.API.Controllers.Meal.MealAdminController.GetMealAccountDetails (API) in 89ms
17:48:35 INFO  - 开始保存聊天消息数据
17:48:35 INFO  - 聊天消息数据保存完成，共处理条 0 数据。耗时：0时0分0秒9毫秒
17:49:35 INFO  - 开始保存聊天消息数据
17:49:35 INFO  - 聊天消息数据保存完成，共处理条 0 数据。耗时：0时0分0秒18毫秒
17:49:52 INFO  - Executed action GD.API.Controllers.Meal.MealAdminController.GetMealAccounts (API) in 26ms
17:50:35 INFO  - 开始保存聊天消息数据
17:50:35 INFO  - 聊天消息数据保存完成，共处理条 0 数据。耗时：0时0分0秒16毫秒
17:51:35 INFO  - 开始保存聊天消息数据
17:51:35 INFO  - 聊天消息数据保存完成，共处理条 0 数据。耗时：0时0分0秒13毫秒
17:52:35 INFO  - 开始保存聊天消息数据
17:52:35 INFO  - 聊天消息数据保存完成，共处理条 0 数据。耗时：0时0分0秒23毫秒
17:53:35 INFO  - 开始保存聊天消息数据
17:53:35 INFO  - 聊天消息数据保存完成，共处理条 0 数据。耗时：0时0分0秒14毫秒
17:54:35 INFO  - 开始保存聊天消息数据
17:54:35 INFO  - 聊天消息数据保存完成，共处理条 0 数据。耗时：0时0分0秒13毫秒
17:55:35 INFO  - 开始保存聊天消息数据
17:55:35 INFO  - 聊天消息数据保存完成，共处理条 0 数据。耗时：0时0分0秒12毫秒
17:56:35 INFO  - 开始保存聊天消息数据
17:56:35 INFO  - 聊天消息数据保存完成，共处理条 0 数据。耗时：0时0分0秒12毫秒
17:57:35 INFO  - 开始保存聊天消息数据
17:57:35 INFO  - 聊天消息数据保存完成，共处理条 0 数据。耗时：0时0分0秒9毫秒
17:58:13 INFO  - Executed action GD.API.Controllers.Meal.MealAdminController.GetMealAccounts (API) in 90ms
17:58:29 INFO  - Executed action GD.API.Controllers.Meal.MealAdminController.GetMealAccounts (API) in 24ms
17:58:29 INFO  - Executed action GD.API.Controllers.Meal.MealAdminController.GetMealAccounts (API) in 24ms
17:58:30 INFO  - Executed action GD.API.Controllers.Meal.MealAdminController.GetMealAccounts (API) in 22ms
17:58:35 INFO  - 开始保存聊天消息数据
17:58:35 INFO  - 聊天消息数据保存完成，共处理条 0 数据。耗时：0时0分0秒8毫秒
17:59:34 INFO  - Executed action GD.API.Controllers.Meal.MealAdminController.GetMealAccounts (API) in 23ms
17:59:35 INFO  - 开始保存聊天消息数据
17:59:35 INFO  - 聊天消息数据保存完成，共处理条 0 数据。耗时：0时0分0秒13毫秒
18:00:35 INFO  - 开始保存聊天消息数据
18:00:35 INFO  - 聊天消息数据保存完成，共处理条 0 数据。耗时：0时0分0秒12毫秒
18:01:35 INFO  - 开始保存聊天消息数据
18:01:35 INFO  - 聊天消息数据保存完成，共处理条 0 数据。耗时：0时0分0秒10毫秒
18:01:51 INFO  - Executed action GD.API.Controllers.Meal.MealAdminController.GetMealAccounts (API) in 28ms
18:01:52 INFO  - Executed action GD.API.Controllers.Meal.MealAdminController.GetMealAccounts (API) in 36ms
18:02:35 INFO  - 开始保存聊天消息数据
18:02:35 INFO  - 聊天消息数据保存完成，共处理条 0 数据。耗时：0时0分0秒14毫秒
18:03:35 INFO  - 开始保存聊天消息数据
18:03:35 INFO  - 聊天消息数据保存完成，共处理条 0 数据。耗时：0时0分0秒14毫秒
18:04:35 INFO  - 开始保存聊天消息数据
18:04:35 INFO  - 聊天消息数据保存完成，共处理条 0 数据。耗时：0时0分0秒13毫秒
18:05:35 INFO  - 开始保存聊天消息数据
18:05:35 INFO  - 聊天消息数据保存完成，共处理条 0 数据。耗时：0时0分0秒24毫秒
18:06:35 INFO  - 开始保存聊天消息数据
18:06:35 INFO  - 聊天消息数据保存完成，共处理条 0 数据。耗时：0时0分0秒19毫秒
18:07:35 INFO  - 开始保存聊天消息数据
18:07:35 INFO  - 聊天消息数据保存完成，共处理条 0 数据。耗时：0时0分0秒12毫秒
18:08:35 INFO  - 开始保存聊天消息数据
18:08:35 INFO  - 聊天消息数据保存完成，共处理条 0 数据。耗时：0时0分0秒11毫秒
18:09:35 INFO  - 开始保存聊天消息数据
18:09:35 INFO  - 聊天消息数据保存完成，共处理条 0 数据。耗时：0时0分0秒14毫秒
18:10:35 INFO  - 开始保存聊天消息数据
18:10:35 INFO  - 聊天消息数据保存完成，共处理条 0 数据。耗时：0时0分0秒14毫秒
18:11:35 INFO  - 开始保存聊天消息数据
18:11:35 INFO  - 聊天消息数据保存完成，共处理条 0 数据。耗时：0时0分0秒13毫秒
18:12:35 INFO  - 开始保存聊天消息数据
18:12:35 INFO  - 聊天消息数据保存完成，共处理条 0 数据。耗时：0时0分0秒13毫秒
18:13:35 INFO  - 开始保存聊天消息数据
18:13:35 INFO  - 聊天消息数据保存完成，共处理条 0 数据。耗时：0时0分0秒12毫秒
18:14:35 INFO  - 开始保存聊天消息数据
18:14:35 INFO  - 聊天消息数据保存完成，共处理条 0 数据。耗时：0时0分0秒11毫秒
18:15:35 INFO  - 开始保存聊天消息数据
18:15:35 INFO  - 聊天消息数据保存完成，共处理条 0 数据。耗时：0时0分0秒12毫秒
18:16:35 INFO  - 开始保存聊天消息数据
18:16:35 INFO  - 聊天消息数据保存完成，共处理条 0 数据。耗时：0时0分0秒13毫秒
18:17:35 INFO  - 开始保存聊天消息数据
18:17:35 INFO  - 聊天消息数据保存完成，共处理条 0 数据。耗时：0时0分0秒13毫秒
18:18:35 INFO  - 开始保存聊天消息数据
18:18:35 INFO  - 聊天消息数据保存完成，共处理条 0 数据。耗时：0时0分0秒12毫秒
18:19:35 INFO  - 开始保存聊天消息数据
18:19:35 INFO  - 聊天消息数据保存完成，共处理条 0 数据。耗时：0时0分0秒9毫秒
18:20:35 INFO  - 开始保存聊天消息数据
18:20:35 INFO  - 聊天消息数据保存完成，共处理条 0 数据。耗时：0时0分0秒12毫秒
18:21:35 INFO  - 开始保存聊天消息数据
18:21:35 INFO  - 聊天消息数据保存完成，共处理条 0 数据。耗时：0时0分0秒14毫秒
18:22:35 INFO  - 开始保存聊天消息数据
18:22:35 INFO  - 聊天消息数据保存完成，共处理条 0 数据。耗时：0时0分0秒15毫秒
18:23:35 INFO  - 开始保存聊天消息数据
18:23:35 INFO  - 聊天消息数据保存完成，共处理条 0 数据。耗时：0时0分0秒15毫秒
18:24:35 INFO  - 开始保存聊天消息数据
18:24:35 INFO  - 聊天消息数据保存完成，共处理条 0 数据。耗时：0时0分0秒13毫秒
18:25:35 INFO  - 开始保存聊天消息数据
18:25:35 INFO  - 聊天消息数据保存完成，共处理条 0 数据。耗时：0时0分0秒13毫秒
18:26:35 INFO  - 开始保存聊天消息数据
18:26:35 INFO  - 聊天消息数据保存完成，共处理条 0 数据。耗时：0时0分0秒13毫秒
18:27:35 INFO  - 开始保存聊天消息数据
18:27:35 INFO  - 聊天消息数据保存完成，共处理条 0 数据。耗时：0时0分0秒9毫秒
18:28:35 INFO  - 开始保存聊天消息数据
18:28:35 INFO  - 聊天消息数据保存完成，共处理条 0 数据。耗时：0时0分0秒12毫秒
18:29:35 INFO  - 开始保存聊天消息数据
18:29:35 INFO  - 聊天消息数据保存完成，共处理条 0 数据。耗时：0时0分0秒13毫秒
18:30:35 INFO  - 开始保存聊天消息数据
18:30:35 INFO  - 聊天消息数据保存完成，共处理条 0 数据。耗时：0时0分0秒13毫秒
18:31:35 INFO  - 开始保存聊天消息数据
18:31:35 INFO  - 聊天消息数据保存完成，共处理条 0 数据。耗时：0时0分0秒13毫秒
18:32:35 INFO  - 开始保存聊天消息数据
18:32:35 INFO  - 聊天消息数据保存完成，共处理条 0 数据。耗时：0时0分0秒13毫秒
18:33:35 INFO  - 开始保存聊天消息数据
18:33:35 INFO  - 聊天消息数据保存完成，共处理条 0 数据。耗时：0时0分0秒12毫秒
18:34:35 INFO  - 开始保存聊天消息数据
18:34:35 INFO  - 聊天消息数据保存完成，共处理条 0 数据。耗时：0时0分0秒13毫秒
18:35:35 INFO  - 开始保存聊天消息数据
18:35:35 INFO  - 聊天消息数据保存完成，共处理条 0 数据。耗时：0时0分0秒14毫秒
18:36:35 INFO  - 开始保存聊天消息数据
18:36:35 INFO  - 聊天消息数据保存完成，共处理条 0 数据。耗时：0时0分0秒15毫秒
18:37:35 INFO  - 开始保存聊天消息数据
18:37:35 INFO  - 聊天消息数据保存完成，共处理条 0 数据。耗时：0时0分0秒13毫秒
18:38:35 INFO  - 开始保存聊天消息数据
18:38:35 INFO  - 聊天消息数据保存完成，共处理条 0 数据。耗时：0时0分0秒14毫秒
18:39:35 INFO  - 开始保存聊天消息数据
18:39:35 INFO  - 聊天消息数据保存完成，共处理条 0 数据。耗时：0时0分0秒12毫秒
18:40:35 INFO  - 开始保存聊天消息数据
18:40:35 INFO  - 聊天消息数据保存完成，共处理条 0 数据。耗时：0时0分0秒12毫秒
18:41:35 INFO  - 开始保存聊天消息数据
18:41:35 INFO  - 聊天消息数据保存完成，共处理条 0 数据。耗时：0时0分0秒18毫秒
18:42:35 INFO  - 开始保存聊天消息数据
18:42:35 INFO  - 聊天消息数据保存完成，共处理条 0 数据。耗时：0时0分0秒12毫秒
18:43:35 INFO  - 开始保存聊天消息数据
18:43:35 INFO  - 聊天消息数据保存完成，共处理条 0 数据。耗时：0时0分0秒13毫秒
18:44:35 INFO  - 开始保存聊天消息数据
18:44:35 INFO  - 聊天消息数据保存完成，共处理条 0 数据。耗时：0时0分0秒12毫秒
18:45:35 INFO  - 开始保存聊天消息数据
18:45:35 INFO  - 聊天消息数据保存完成，共处理条 0 数据。耗时：0时0分0秒15毫秒
18:46:35 INFO  - 开始保存聊天消息数据
18:46:35 INFO  - 聊天消息数据保存完成，共处理条 0 数据。耗时：0时0分0秒13毫秒
18:47:35 INFO  - 开始保存聊天消息数据
18:47:35 INFO  - 聊天消息数据保存完成，共处理条 0 数据。耗时：0时0分0秒16毫秒
18:48:35 INFO  - 开始保存聊天消息数据
18:48:35 INFO  - 聊天消息数据保存完成，共处理条 0 数据。耗时：0时0分0秒13毫秒
18:49:35 INFO  - 开始保存聊天消息数据
18:49:35 INFO  - 聊天消息数据保存完成，共处理条 0 数据。耗时：0时0分0秒15毫秒
18:50:35 INFO  - 开始保存聊天消息数据
18:50:35 INFO  - 聊天消息数据保存完成，共处理条 0 数据。耗时：0时0分0秒12毫秒
18:51:35 INFO  - 开始保存聊天消息数据
18:51:35 INFO  - 聊天消息数据保存完成，共处理条 0 数据。耗时：0时0分0秒12毫秒
18:52:35 INFO  - 开始保存聊天消息数据
18:52:35 INFO  - 聊天消息数据保存完成，共处理条 0 数据。耗时：0时0分0秒13毫秒
18:53:35 INFO  - 开始保存聊天消息数据
18:53:35 INFO  - 聊天消息数据保存完成，共处理条 0 数据。耗时：0时0分0秒12毫秒
18:54:35 INFO  - 开始保存聊天消息数据
18:54:35 INFO  - 聊天消息数据保存完成，共处理条 0 数据。耗时：0时0分0秒14毫秒
18:55:35 INFO  - 开始保存聊天消息数据
18:55:35 INFO  - 聊天消息数据保存完成，共处理条 0 数据。耗时：0时0分0秒13毫秒
18:56:35 INFO  - 开始保存聊天消息数据
18:56:35 INFO  - 聊天消息数据保存完成，共处理条 0 数据。耗时：0时0分0秒13毫秒
18:57:35 INFO  - 开始保存聊天消息数据
18:57:35 INFO  - 聊天消息数据保存完成，共处理条 0 数据。耗时：0时0分0秒13毫秒
18:58:35 INFO  - 开始保存聊天消息数据
18:58:35 INFO  - 聊天消息数据保存完成，共处理条 0 数据。耗时：0时0分0秒13毫秒
18:59:35 INFO  - 开始保存聊天消息数据
18:59:35 INFO  - 聊天消息数据保存完成，共处理条 0 数据。耗时：0时0分0秒12毫秒
19:00:35 INFO  - 开始保存聊天消息数据
19:00:35 INFO  - 聊天消息数据保存完成，共处理条 0 数据。耗时：0时0分0秒13毫秒
19:01:35 INFO  - 开始保存聊天消息数据
19:01:35 INFO  - 聊天消息数据保存完成，共处理条 0 数据。耗时：0时0分0秒13毫秒
19:02:35 INFO  - 开始保存聊天消息数据
19:02:35 INFO  - 聊天消息数据保存完成，共处理条 0 数据。耗时：0时0分0秒13毫秒
19:03:35 INFO  - 开始保存聊天消息数据
19:03:35 INFO  - 聊天消息数据保存完成，共处理条 0 数据。耗时：0时0分0秒15毫秒
19:04:35 INFO  - 开始保存聊天消息数据
19:04:35 INFO  - 聊天消息数据保存完成，共处理条 0 数据。耗时：0时0分0秒14毫秒
19:05:35 INFO  - 开始保存聊天消息数据
19:05:35 INFO  - 聊天消息数据保存完成，共处理条 0 数据。耗时：0时0分0秒13毫秒
19:06:35 INFO  - 开始保存聊天消息数据
19:06:35 INFO  - 聊天消息数据保存完成，共处理条 0 数据。耗时：0时0分0秒12毫秒
19:07:35 INFO  - 开始保存聊天消息数据
19:07:35 INFO  - 聊天消息数据保存完成，共处理条 0 数据。耗时：0时0分0秒14毫秒
19:08:35 INFO  - 开始保存聊天消息数据
19:08:35 INFO  - 聊天消息数据保存完成，共处理条 0 数据。耗时：0时0分0秒13毫秒
19:09:35 INFO  - 开始保存聊天消息数据
19:09:35 INFO  - 聊天消息数据保存完成，共处理条 0 数据。耗时：0时0分0秒13毫秒
19:10:35 INFO  - 开始保存聊天消息数据
19:10:35 INFO  - 聊天消息数据保存完成，共处理条 0 数据。耗时：0时0分0秒14毫秒
19:11:35 INFO  - 开始保存聊天消息数据
19:11:35 INFO  - 聊天消息数据保存完成，共处理条 0 数据。耗时：0时0分0秒13毫秒
19:12:35 INFO  - 开始保存聊天消息数据
19:12:35 INFO  - 聊天消息数据保存完成，共处理条 0 数据。耗时：0时0分0秒13毫秒
19:13:35 INFO  - 开始保存聊天消息数据
19:13:35 INFO  - 聊天消息数据保存完成，共处理条 0 数据。耗时：0时0分0秒12毫秒
19:14:35 INFO  - 开始保存聊天消息数据
19:14:35 INFO  - 聊天消息数据保存完成，共处理条 0 数据。耗时：0时0分0秒16毫秒
19:15:35 INFO  - 开始保存聊天消息数据
19:15:35 INFO  - 聊天消息数据保存完成，共处理条 0 数据。耗时：0时0分0秒13毫秒
19:16:35 INFO  - 开始保存聊天消息数据
19:16:35 INFO  - 聊天消息数据保存完成，共处理条 0 数据。耗时：0时0分0秒13毫秒
19:17:35 INFO  - 开始保存聊天消息数据
19:17:35 INFO  - 聊天消息数据保存完成，共处理条 0 数据。耗时：0时0分0秒13毫秒
19:18:35 INFO  - 开始保存聊天消息数据
19:18:35 INFO  - 聊天消息数据保存完成，共处理条 0 数据。耗时：0时0分0秒16毫秒
19:19:35 INFO  - 开始保存聊天消息数据
19:19:35 INFO  - 聊天消息数据保存完成，共处理条 0 数据。耗时：0时0分0秒9毫秒
19:20:35 INFO  - 开始保存聊天消息数据
19:20:35 INFO  - 聊天消息数据保存完成，共处理条 0 数据。耗时：0时0分0秒17毫秒
19:21:35 INFO  - 开始保存聊天消息数据
19:21:35 INFO  - 聊天消息数据保存完成，共处理条 0 数据。耗时：0时0分0秒13毫秒
19:22:35 INFO  - 开始保存聊天消息数据
19:22:35 INFO  - 聊天消息数据保存完成，共处理条 0 数据。耗时：0时0分0秒12毫秒
19:23:35 INFO  - 开始保存聊天消息数据
19:23:35 INFO  - 聊天消息数据保存完成，共处理条 0 数据。耗时：0时0分0秒13毫秒
19:24:35 INFO  - 开始保存聊天消息数据
19:24:35 INFO  - 聊天消息数据保存完成，共处理条 0 数据。耗时：0时0分0秒13毫秒
19:25:35 INFO  - 开始保存聊天消息数据
19:25:35 INFO  - 聊天消息数据保存完成，共处理条 0 数据。耗时：0时0分0秒13毫秒
19:26:35 INFO  - 开始保存聊天消息数据
19:26:35 INFO  - 聊天消息数据保存完成，共处理条 0 数据。耗时：0时0分0秒9毫秒
19:27:35 INFO  - 开始保存聊天消息数据
19:27:35 INFO  - 聊天消息数据保存完成，共处理条 0 数据。耗时：0时0分0秒13毫秒
19:28:35 INFO  - 开始保存聊天消息数据
19:28:35 INFO  - 聊天消息数据保存完成，共处理条 0 数据。耗时：0时0分0秒12毫秒
19:29:35 INFO  - 开始保存聊天消息数据
19:29:35 INFO  - 聊天消息数据保存完成，共处理条 0 数据。耗时：0时0分0秒13毫秒
19:30:35 INFO  - 开始保存聊天消息数据
19:30:35 INFO  - 聊天消息数据保存完成，共处理条 0 数据。耗时：0时0分0秒13毫秒
19:31:35 INFO  - 开始保存聊天消息数据
19:31:35 INFO  - 聊天消息数据保存完成，共处理条 0 数据。耗时：0时0分0秒12毫秒
19:32:35 INFO  - 开始保存聊天消息数据
19:32:35 INFO  - 聊天消息数据保存完成，共处理条 0 数据。耗时：0时0分0秒15毫秒
19:33:35 INFO  - 开始保存聊天消息数据
19:33:35 INFO  - 聊天消息数据保存完成，共处理条 0 数据。耗时：0时0分0秒13毫秒
19:34:35 INFO  - 开始保存聊天消息数据
19:34:35 INFO  - 聊天消息数据保存完成，共处理条 0 数据。耗时：0时0分0秒12毫秒
19:35:35 INFO  - 开始保存聊天消息数据
19:35:35 INFO  - 聊天消息数据保存完成，共处理条 0 数据。耗时：0时0分0秒14毫秒
19:36:35 INFO  - 开始保存聊天消息数据
19:36:35 INFO  - 聊天消息数据保存完成，共处理条 0 数据。耗时：0时0分0秒13毫秒
19:37:35 INFO  - 开始保存聊天消息数据
19:37:35 INFO  - 聊天消息数据保存完成，共处理条 0 数据。耗时：0时0分0秒13毫秒
19:38:35 INFO  - 开始保存聊天消息数据
19:38:35 INFO  - 聊天消息数据保存完成，共处理条 0 数据。耗时：0时0分0秒14毫秒
19:39:35 INFO  - 开始保存聊天消息数据
19:39:35 INFO  - 聊天消息数据保存完成，共处理条 0 数据。耗时：0时0分0秒12毫秒
19:40:35 INFO  - 开始保存聊天消息数据
19:40:35 INFO  - 聊天消息数据保存完成，共处理条 0 数据。耗时：0时0分0秒16毫秒
19:41:35 INFO  - 开始保存聊天消息数据
19:41:35 INFO  - 聊天消息数据保存完成，共处理条 0 数据。耗时：0时0分0秒14毫秒
19:42:35 INFO  - 开始保存聊天消息数据
19:42:35 INFO  - 聊天消息数据保存完成，共处理条 0 数据。耗时：0时0分0秒12毫秒
19:43:35 INFO  - 开始保存聊天消息数据
19:43:35 INFO  - 聊天消息数据保存完成，共处理条 0 数据。耗时：0时0分0秒13毫秒
19:44:35 INFO  - 开始保存聊天消息数据
19:44:35 INFO  - 聊天消息数据保存完成，共处理条 0 数据。耗时：0时0分0秒12毫秒
19:45:35 INFO  - 开始保存聊天消息数据
19:45:35 INFO  - 聊天消息数据保存完成，共处理条 0 数据。耗时：0时0分0秒13毫秒
19:46:35 INFO  - 开始保存聊天消息数据
19:46:35 INFO  - 聊天消息数据保存完成，共处理条 0 数据。耗时：0时0分0秒12毫秒
19:47:35 INFO  - 开始保存聊天消息数据
19:47:35 INFO  - 聊天消息数据保存完成，共处理条 0 数据。耗时：0时0分0秒13毫秒
19:48:35 INFO  - 开始保存聊天消息数据
19:48:35 INFO  - 聊天消息数据保存完成，共处理条 0 数据。耗时：0时0分0秒9毫秒
19:49:35 INFO  - 开始保存聊天消息数据
19:49:35 INFO  - 聊天消息数据保存完成，共处理条 0 数据。耗时：0时0分0秒13毫秒
19:50:35 INFO  - 开始保存聊天消息数据
19:50:35 INFO  - 聊天消息数据保存完成，共处理条 0 数据。耗时：0时0分0秒9毫秒
19:51:35 INFO  - 开始保存聊天消息数据
19:51:35 INFO  - 聊天消息数据保存完成，共处理条 0 数据。耗时：0时0分0秒14毫秒
19:52:35 INFO  - 开始保存聊天消息数据
19:52:35 INFO  - 聊天消息数据保存完成，共处理条 0 数据。耗时：0时0分0秒13毫秒
19:53:35 INFO  - 开始保存聊天消息数据
19:53:35 INFO  - 聊天消息数据保存完成，共处理条 0 数据。耗时：0时0分0秒11毫秒
19:54:35 INFO  - 开始保存聊天消息数据
19:54:35 INFO  - 聊天消息数据保存完成，共处理条 0 数据。耗时：0时0分0秒9毫秒
19:55:35 INFO  - 开始保存聊天消息数据
19:55:35 INFO  - 聊天消息数据保存完成，共处理条 0 数据。耗时：0时0分0秒12毫秒
19:56:35 INFO  - 开始保存聊天消息数据
19:56:35 INFO  - 聊天消息数据保存完成，共处理条 0 数据。耗时：0时0分0秒9毫秒
19:57:35 INFO  - 开始保存聊天消息数据
19:57:35 INFO  - 聊天消息数据保存完成，共处理条 0 数据。耗时：0时0分0秒13毫秒
19:58:35 INFO  - 开始保存聊天消息数据
19:58:35 INFO  - 聊天消息数据保存完成，共处理条 0 数据。耗时：0时0分0秒12毫秒
19:59:35 INFO  - 开始保存聊天消息数据
19:59:35 INFO  - 聊天消息数据保存完成，共处理条 0 数据。耗时：0时0分0秒15毫秒
20:00:35 INFO  - 开始保存聊天消息数据
20:00:35 INFO  - 聊天消息数据保存完成，共处理条 0 数据。耗时：0时0分0秒12毫秒
20:01:35 INFO  - 开始保存聊天消息数据
20:01:35 INFO  - 聊天消息数据保存完成，共处理条 0 数据。耗时：0时0分0秒9毫秒
20:02:35 INFO  - 开始保存聊天消息数据
20:02:35 INFO  - 聊天消息数据保存完成，共处理条 0 数据。耗时：0时0分0秒13毫秒
20:03:35 INFO  - 开始保存聊天消息数据
20:03:35 INFO  - 聊天消息数据保存完成，共处理条 0 数据。耗时：0时0分0秒13毫秒
20:04:35 INFO  - 开始保存聊天消息数据
20:04:35 INFO  - 聊天消息数据保存完成，共处理条 0 数据。耗时：0时0分0秒12毫秒
20:05:35 INFO  - 开始保存聊天消息数据
20:05:35 INFO  - 聊天消息数据保存完成，共处理条 0 数据。耗时：0时0分0秒13毫秒
20:06:35 INFO  - 开始保存聊天消息数据
20:06:35 INFO  - 聊天消息数据保存完成，共处理条 0 数据。耗时：0时0分0秒14毫秒
20:07:35 INFO  - 开始保存聊天消息数据
20:07:35 INFO  - 聊天消息数据保存完成，共处理条 0 数据。耗时：0时0分0秒12毫秒
20:08:35 INFO  - 开始保存聊天消息数据
20:08:35 INFO  - 聊天消息数据保存完成，共处理条 0 数据。耗时：0时0分0秒14毫秒
20:09:35 INFO  - 开始保存聊天消息数据
20:09:35 INFO  - 聊天消息数据保存完成，共处理条 0 数据。耗时：0时0分0秒13毫秒
20:10:35 INFO  - 开始保存聊天消息数据
20:10:35 INFO  - 聊天消息数据保存完成，共处理条 0 数据。耗时：0时0分0秒13毫秒
20:11:35 INFO  - 开始保存聊天消息数据
20:11:35 INFO  - 聊天消息数据保存完成，共处理条 0 数据。耗时：0时0分0秒9毫秒
20:12:35 INFO  - 开始保存聊天消息数据
20:12:35 INFO  - 聊天消息数据保存完成，共处理条 0 数据。耗时：0时0分0秒12毫秒
20:13:35 INFO  - 开始保存聊天消息数据
20:13:35 INFO  - 聊天消息数据保存完成，共处理条 0 数据。耗时：0时0分0秒13毫秒
20:14:35 INFO  - 开始保存聊天消息数据
20:14:35 INFO  - 聊天消息数据保存完成，共处理条 0 数据。耗时：0时0分0秒14毫秒
20:15:35 INFO  - 开始保存聊天消息数据
20:15:35 INFO  - 聊天消息数据保存完成，共处理条 0 数据。耗时：0时0分0秒18毫秒
20:16:35 INFO  - 开始保存聊天消息数据
20:16:35 INFO  - 聊天消息数据保存完成，共处理条 0 数据。耗时：0时0分0秒14毫秒
20:17:35 INFO  - 开始保存聊天消息数据
20:17:35 INFO  - 聊天消息数据保存完成，共处理条 0 数据。耗时：0时0分0秒13毫秒
20:18:35 INFO  - 开始保存聊天消息数据
20:18:35 INFO  - 聊天消息数据保存完成，共处理条 0 数据。耗时：0时0分0秒15毫秒
20:19:35 INFO  - 开始保存聊天消息数据
20:19:35 INFO  - 聊天消息数据保存完成，共处理条 0 数据。耗时：0时0分0秒17毫秒
20:20:35 INFO  - 开始保存聊天消息数据
20:20:35 INFO  - 聊天消息数据保存完成，共处理条 0 数据。耗时：0时0分0秒13毫秒
20:21:35 INFO  - 开始保存聊天消息数据
20:21:35 INFO  - 聊天消息数据保存完成，共处理条 0 数据。耗时：0时0分0秒12毫秒
20:22:35 INFO  - 开始保存聊天消息数据
20:22:35 INFO  - 聊天消息数据保存完成，共处理条 0 数据。耗时：0时0分0秒13毫秒
20:23:35 INFO  - 开始保存聊天消息数据
20:23:35 INFO  - 聊天消息数据保存完成，共处理条 0 数据。耗时：0时0分0秒12毫秒
20:24:35 INFO  - 开始保存聊天消息数据
20:24:35 INFO  - 聊天消息数据保存完成，共处理条 0 数据。耗时：0时0分0秒13毫秒
20:25:35 INFO  - 开始保存聊天消息数据
20:25:35 INFO  - 聊天消息数据保存完成，共处理条 0 数据。耗时：0时0分0秒14毫秒
20:26:35 INFO  - 开始保存聊天消息数据
20:26:35 INFO  - 聊天消息数据保存完成，共处理条 0 数据。耗时：0时0分0秒13毫秒
20:27:35 INFO  - 开始保存聊天消息数据
20:27:35 INFO  - 聊天消息数据保存完成，共处理条 0 数据。耗时：0时0分0秒14毫秒
20:28:35 INFO  - 开始保存聊天消息数据
20:28:35 INFO  - 聊天消息数据保存完成，共处理条 0 数据。耗时：0时0分0秒11毫秒
20:29:35 INFO  - 开始保存聊天消息数据
20:29:35 INFO  - 聊天消息数据保存完成，共处理条 0 数据。耗时：0时0分0秒13毫秒
20:30:35 INFO  - 开始保存聊天消息数据
20:30:35 INFO  - 聊天消息数据保存完成，共处理条 0 数据。耗时：0时0分0秒12毫秒
20:31:35 INFO  - 开始保存聊天消息数据
20:31:35 INFO  - 聊天消息数据保存完成，共处理条 0 数据。耗时：0时0分0秒12毫秒
20:32:35 INFO  - 开始保存聊天消息数据
20:32:35 INFO  - 聊天消息数据保存完成，共处理条 0 数据。耗时：0时0分0秒13毫秒
20:33:35 INFO  - 开始保存聊天消息数据
20:33:35 INFO  - 聊天消息数据保存完成，共处理条 0 数据。耗时：0时0分0秒14毫秒
20:34:35 INFO  - 开始保存聊天消息数据
20:34:35 INFO  - 聊天消息数据保存完成，共处理条 0 数据。耗时：0时0分0秒13毫秒
20:35:35 INFO  - 开始保存聊天消息数据
20:35:35 INFO  - 聊天消息数据保存完成，共处理条 0 数据。耗时：0时0分0秒13毫秒
20:36:35 INFO  - 开始保存聊天消息数据
20:36:35 INFO  - 聊天消息数据保存完成，共处理条 0 数据。耗时：0时0分0秒13毫秒
20:37:35 INFO  - 开始保存聊天消息数据
20:37:35 INFO  - 聊天消息数据保存完成，共处理条 0 数据。耗时：0时0分0秒16毫秒
20:38:35 INFO  - 开始保存聊天消息数据
20:38:35 INFO  - 聊天消息数据保存完成，共处理条 0 数据。耗时：0时0分0秒14毫秒
20:39:35 INFO  - 开始保存聊天消息数据
20:39:35 INFO  - 聊天消息数据保存完成，共处理条 0 数据。耗时：0时0分0秒13毫秒
20:40:35 INFO  - 开始保存聊天消息数据
20:40:35 INFO  - 聊天消息数据保存完成，共处理条 0 数据。耗时：0时0分0秒13毫秒
20:41:35 INFO  - 开始保存聊天消息数据
20:41:35 INFO  - 聊天消息数据保存完成，共处理条 0 数据。耗时：0时0分0秒13毫秒
20:42:35 INFO  - 开始保存聊天消息数据
20:42:35 INFO  - 聊天消息数据保存完成，共处理条 0 数据。耗时：0时0分0秒14毫秒
20:43:35 INFO  - 开始保存聊天消息数据
20:43:35 INFO  - 聊天消息数据保存完成，共处理条 0 数据。耗时：0时0分0秒13毫秒
20:44:35 INFO  - 开始保存聊天消息数据
20:44:35 INFO  - 聊天消息数据保存完成，共处理条 0 数据。耗时：0时0分0秒12毫秒
20:45:35 INFO  - 开始保存聊天消息数据
20:45:35 INFO  - 聊天消息数据保存完成，共处理条 0 数据。耗时：0时0分0秒9毫秒
20:46:35 INFO  - 开始保存聊天消息数据
20:46:35 INFO  - 聊天消息数据保存完成，共处理条 0 数据。耗时：0时0分0秒12毫秒
20:47:35 INFO  - 开始保存聊天消息数据
20:47:35 INFO  - 聊天消息数据保存完成，共处理条 0 数据。耗时：0时0分0秒13毫秒
20:48:35 INFO  - 开始保存聊天消息数据
20:48:35 INFO  - 聊天消息数据保存完成，共处理条 0 数据。耗时：0时0分0秒12毫秒
20:49:35 INFO  - 开始保存聊天消息数据
20:49:35 INFO  - 聊天消息数据保存完成，共处理条 0 数据。耗时：0时0分0秒13毫秒
20:50:35 INFO  - 开始保存聊天消息数据
20:50:35 INFO  - 聊天消息数据保存完成，共处理条 0 数据。耗时：0时0分0秒12毫秒
20:51:35 INFO  - 开始保存聊天消息数据
20:51:35 INFO  - 聊天消息数据保存完成，共处理条 0 数据。耗时：0时0分0秒12毫秒
20:52:35 INFO  - 开始保存聊天消息数据
20:52:35 INFO  - 聊天消息数据保存完成，共处理条 0 数据。耗时：0时0分0秒13毫秒
20:53:35 INFO  - 开始保存聊天消息数据
20:53:35 INFO  - 聊天消息数据保存完成，共处理条 0 数据。耗时：0时0分0秒13毫秒
20:54:35 INFO  - 开始保存聊天消息数据
20:54:35 INFO  - 聊天消息数据保存完成，共处理条 0 数据。耗时：0时0分0秒14毫秒
20:55:35 INFO  - 开始保存聊天消息数据
20:55:35 INFO  - 聊天消息数据保存完成，共处理条 0 数据。耗时：0时0分0秒13毫秒
20:56:35 INFO  - 开始保存聊天消息数据
20:56:35 INFO  - 聊天消息数据保存完成，共处理条 0 数据。耗时：0时0分0秒13毫秒
20:57:35 INFO  - 开始保存聊天消息数据
20:57:35 INFO  - 聊天消息数据保存完成，共处理条 0 数据。耗时：0时0分0秒13毫秒
20:58:35 INFO  - 开始保存聊天消息数据
20:58:35 INFO  - 聊天消息数据保存完成，共处理条 0 数据。耗时：0时0分0秒18毫秒
20:59:35 INFO  - 开始保存聊天消息数据
20:59:35 INFO  - 聊天消息数据保存完成，共处理条 0 数据。耗时：0时0分0秒13毫秒
21:00:35 INFO  - 开始保存聊天消息数据
21:00:35 INFO  - 聊天消息数据保存完成，共处理条 0 数据。耗时：0时0分0秒11毫秒
21:01:35 INFO  - 开始保存聊天消息数据
21:01:35 INFO  - 聊天消息数据保存完成，共处理条 0 数据。耗时：0时0分0秒14毫秒
21:02:35 INFO  - 开始保存聊天消息数据
21:02:35 INFO  - 聊天消息数据保存完成，共处理条 0 数据。耗时：0时0分0秒13毫秒
21:03:35 INFO  - 开始保存聊天消息数据
21:03:35 INFO  - 聊天消息数据保存完成，共处理条 0 数据。耗时：0时0分0秒13毫秒
21:04:35 INFO  - 开始保存聊天消息数据
21:04:35 INFO  - 聊天消息数据保存完成，共处理条 0 数据。耗时：0时0分0秒13毫秒
21:05:35 INFO  - 开始保存聊天消息数据
21:05:35 INFO  - 聊天消息数据保存完成，共处理条 0 数据。耗时：0时0分0秒13毫秒
21:06:35 INFO  - 开始保存聊天消息数据
21:06:35 INFO  - 聊天消息数据保存完成，共处理条 0 数据。耗时：0时0分0秒14毫秒
21:07:35 INFO  - 开始保存聊天消息数据
21:07:35 INFO  - 聊天消息数据保存完成，共处理条 0 数据。耗时：0时0分0秒9毫秒
21:08:35 INFO  - 开始保存聊天消息数据
21:08:35 INFO  - 聊天消息数据保存完成，共处理条 0 数据。耗时：0时0分0秒12毫秒
21:09:35 INFO  - 开始保存聊天消息数据
21:09:35 INFO  - 聊天消息数据保存完成，共处理条 0 数据。耗时：0时0分0秒13毫秒
21:10:35 INFO  - 开始保存聊天消息数据
21:10:35 INFO  - 聊天消息数据保存完成，共处理条 0 数据。耗时：0时0分0秒12毫秒
21:11:35 INFO  - 开始保存聊天消息数据
21:11:35 INFO  - 聊天消息数据保存完成，共处理条 0 数据。耗时：0时0分0秒13毫秒
21:12:35 INFO  - 开始保存聊天消息数据
21:12:35 INFO  - 聊天消息数据保存完成，共处理条 0 数据。耗时：0时0分0秒13毫秒
21:13:35 INFO  - 开始保存聊天消息数据
21:13:35 INFO  - 聊天消息数据保存完成，共处理条 0 数据。耗时：0时0分0秒13毫秒
21:14:35 INFO  - 开始保存聊天消息数据
21:14:35 INFO  - 聊天消息数据保存完成，共处理条 0 数据。耗时：0时0分0秒13毫秒
21:15:35 INFO  - 开始保存聊天消息数据
21:15:35 INFO  - 聊天消息数据保存完成，共处理条 0 数据。耗时：0时0分0秒13毫秒
21:16:35 INFO  - 开始保存聊天消息数据
21:16:35 INFO  - 聊天消息数据保存完成，共处理条 0 数据。耗时：0时0分0秒13毫秒
21:17:35 INFO  - 开始保存聊天消息数据
21:17:35 INFO  - 聊天消息数据保存完成，共处理条 0 数据。耗时：0时0分0秒13毫秒
21:18:35 INFO  - 开始保存聊天消息数据
21:18:35 INFO  - 聊天消息数据保存完成，共处理条 0 数据。耗时：0时0分0秒13毫秒
21:19:35 INFO  - 开始保存聊天消息数据
21:19:35 INFO  - 聊天消息数据保存完成，共处理条 0 数据。耗时：0时0分0秒14毫秒
21:20:35 INFO  - 开始保存聊天消息数据
21:20:35 INFO  - 聊天消息数据保存完成，共处理条 0 数据。耗时：0时0分0秒13毫秒
21:21:35 INFO  - 开始保存聊天消息数据
21:21:35 INFO  - 聊天消息数据保存完成，共处理条 0 数据。耗时：0时0分0秒13毫秒
21:22:35 INFO  - 开始保存聊天消息数据
21:22:35 INFO  - 聊天消息数据保存完成，共处理条 0 数据。耗时：0时0分0秒13毫秒
21:23:35 INFO  - 开始保存聊天消息数据
21:23:35 INFO  - 聊天消息数据保存完成，共处理条 0 数据。耗时：0时0分0秒8毫秒
21:24:35 INFO  - 开始保存聊天消息数据
21:24:35 INFO  - 聊天消息数据保存完成，共处理条 0 数据。耗时：0时0分0秒13毫秒
21:25:35 INFO  - 开始保存聊天消息数据
21:25:35 INFO  - 聊天消息数据保存完成，共处理条 0 数据。耗时：0时0分0秒14毫秒
21:26:35 INFO  - 开始保存聊天消息数据
21:26:35 INFO  - 聊天消息数据保存完成，共处理条 0 数据。耗时：0时0分0秒9毫秒
21:27:35 INFO  - 开始保存聊天消息数据
21:27:35 INFO  - 聊天消息数据保存完成，共处理条 0 数据。耗时：0时0分0秒17毫秒
21:28:35 INFO  - 开始保存聊天消息数据
21:28:35 INFO  - 聊天消息数据保存完成，共处理条 0 数据。耗时：0时0分0秒17毫秒
21:29:35 INFO  - 开始保存聊天消息数据
21:29:35 INFO  - 聊天消息数据保存完成，共处理条 0 数据。耗时：0时0分0秒13毫秒
21:30:35 INFO  - 开始保存聊天消息数据
21:30:35 INFO  - 聊天消息数据保存完成，共处理条 0 数据。耗时：0时0分0秒12毫秒
21:31:35 INFO  - 开始保存聊天消息数据
21:31:35 INFO  - 聊天消息数据保存完成，共处理条 0 数据。耗时：0时0分0秒14毫秒
21:32:35 INFO  - 开始保存聊天消息数据
21:32:35 INFO  - 聊天消息数据保存完成，共处理条 0 数据。耗时：0时0分0秒12毫秒
21:33:35 INFO  - 开始保存聊天消息数据
21:33:35 INFO  - 聊天消息数据保存完成，共处理条 0 数据。耗时：0时0分0秒13毫秒
21:34:35 INFO  - 开始保存聊天消息数据
21:34:35 INFO  - 聊天消息数据保存完成，共处理条 0 数据。耗时：0时0分0秒22毫秒
21:35:35 INFO  - 开始保存聊天消息数据
21:35:35 INFO  - 聊天消息数据保存完成，共处理条 0 数据。耗时：0时0分0秒14毫秒
21:36:35 INFO  - 开始保存聊天消息数据
21:36:35 INFO  - 聊天消息数据保存完成，共处理条 0 数据。耗时：0时0分0秒13毫秒
21:37:35 INFO  - 开始保存聊天消息数据
21:37:35 INFO  - 聊天消息数据保存完成，共处理条 0 数据。耗时：0时0分0秒14毫秒
21:38:35 INFO  - 开始保存聊天消息数据
21:38:35 INFO  - 聊天消息数据保存完成，共处理条 0 数据。耗时：0时0分0秒12毫秒
21:39:35 INFO  - 开始保存聊天消息数据
21:39:35 INFO  - 聊天消息数据保存完成，共处理条 0 数据。耗时：0时0分0秒19毫秒
21:40:35 INFO  - 开始保存聊天消息数据
21:40:35 INFO  - 聊天消息数据保存完成，共处理条 0 数据。耗时：0时0分0秒12毫秒
21:41:35 INFO  - 开始保存聊天消息数据
21:41:35 INFO  - 聊天消息数据保存完成，共处理条 0 数据。耗时：0时0分0秒13毫秒
21:42:35 INFO  - 开始保存聊天消息数据
21:42:35 INFO  - 聊天消息数据保存完成，共处理条 0 数据。耗时：0时0分0秒9毫秒
21:43:35 INFO  - 开始保存聊天消息数据
21:43:35 INFO  - 聊天消息数据保存完成，共处理条 0 数据。耗时：0时0分0秒12毫秒
21:44:35 INFO  - 开始保存聊天消息数据
21:44:35 INFO  - 聊天消息数据保存完成，共处理条 0 数据。耗时：0时0分0秒13毫秒
21:45:35 INFO  - 开始保存聊天消息数据
21:45:35 INFO  - 聊天消息数据保存完成，共处理条 0 数据。耗时：0时0分0秒9毫秒
21:46:35 INFO  - 开始保存聊天消息数据
21:46:35 INFO  - 聊天消息数据保存完成，共处理条 0 数据。耗时：0时0分0秒13毫秒
21:47:35 INFO  - 开始保存聊天消息数据
21:47:35 INFO  - 聊天消息数据保存完成，共处理条 0 数据。耗时：0时0分0秒13毫秒
21:48:35 INFO  - 开始保存聊天消息数据
21:48:35 INFO  - 聊天消息数据保存完成，共处理条 0 数据。耗时：0时0分0秒16毫秒
21:49:35 INFO  - 开始保存聊天消息数据
21:49:35 INFO  - 聊天消息数据保存完成，共处理条 0 数据。耗时：0时0分0秒15毫秒
21:50:35 INFO  - 开始保存聊天消息数据
21:50:35 INFO  - 聊天消息数据保存完成，共处理条 0 数据。耗时：0时0分0秒14毫秒
21:51:35 INFO  - 开始保存聊天消息数据
21:51:35 INFO  - 聊天消息数据保存完成，共处理条 0 数据。耗时：0时0分0秒13毫秒
21:52:35 INFO  - 开始保存聊天消息数据
21:52:35 INFO  - 聊天消息数据保存完成，共处理条 0 数据。耗时：0时0分0秒13毫秒
21:53:35 INFO  - 开始保存聊天消息数据
21:53:35 INFO  - 聊天消息数据保存完成，共处理条 0 数据。耗时：0时0分0秒13毫秒
21:54:35 INFO  - 开始保存聊天消息数据
21:54:35 INFO  - 聊天消息数据保存完成，共处理条 0 数据。耗时：0时0分0秒14毫秒
21:55:35 INFO  - 开始保存聊天消息数据
21:55:35 INFO  - 聊天消息数据保存完成，共处理条 0 数据。耗时：0时0分0秒13毫秒
21:56:35 INFO  - 开始保存聊天消息数据
21:56:35 INFO  - 聊天消息数据保存完成，共处理条 0 数据。耗时：0时0分0秒13毫秒
21:57:35 INFO  - 开始保存聊天消息数据
21:57:35 INFO  - 聊天消息数据保存完成，共处理条 0 数据。耗时：0时0分0秒13毫秒
21:58:35 INFO  - 开始保存聊天消息数据
21:58:35 INFO  - 聊天消息数据保存完成，共处理条 0 数据。耗时：0时0分0秒13毫秒
21:59:35 INFO  - 开始保存聊天消息数据
21:59:35 INFO  - 聊天消息数据保存完成，共处理条 0 数据。耗时：0时0分0秒13毫秒
22:00:35 INFO  - 开始保存聊天消息数据
22:00:35 INFO  - 聊天消息数据保存完成，共处理条 0 数据。耗时：0时0分0秒14毫秒
22:01:35 INFO  - 开始保存聊天消息数据
22:01:35 INFO  - 聊天消息数据保存完成，共处理条 0 数据。耗时：0时0分0秒9毫秒
22:02:35 INFO  - 开始保存聊天消息数据
22:02:35 INFO  - 聊天消息数据保存完成，共处理条 0 数据。耗时：0时0分0秒13毫秒
22:03:35 INFO  - 开始保存聊天消息数据
22:03:35 INFO  - 聊天消息数据保存完成，共处理条 0 数据。耗时：0时0分0秒16毫秒
22:04:35 INFO  - 开始保存聊天消息数据
22:04:35 INFO  - 聊天消息数据保存完成，共处理条 0 数据。耗时：0时0分0秒13毫秒
22:05:35 INFO  - 开始保存聊天消息数据
22:05:35 INFO  - 聊天消息数据保存完成，共处理条 0 数据。耗时：0时0分0秒13毫秒
22:06:35 INFO  - 开始保存聊天消息数据
22:06:35 INFO  - 聊天消息数据保存完成，共处理条 0 数据。耗时：0时0分0秒13毫秒
22:07:35 INFO  - 开始保存聊天消息数据
22:07:35 INFO  - 聊天消息数据保存完成，共处理条 0 数据。耗时：0时0分0秒13毫秒
22:08:35 INFO  - 开始保存聊天消息数据
22:08:35 INFO  - 聊天消息数据保存完成，共处理条 0 数据。耗时：0时0分0秒9毫秒
22:09:35 INFO  - 开始保存聊天消息数据
22:09:35 INFO  - 聊天消息数据保存完成，共处理条 0 数据。耗时：0时0分0秒12毫秒
22:10:35 INFO  - 开始保存聊天消息数据
22:10:35 INFO  - 聊天消息数据保存完成，共处理条 0 数据。耗时：0时0分0秒12毫秒
22:11:35 INFO  - 开始保存聊天消息数据
22:11:35 INFO  - 聊天消息数据保存完成，共处理条 0 数据。耗时：0时0分0秒14毫秒
22:12:35 INFO  - 开始保存聊天消息数据
22:12:35 INFO  - 聊天消息数据保存完成，共处理条 0 数据。耗时：0时0分0秒14毫秒
22:13:35 INFO  - 开始保存聊天消息数据
22:13:35 INFO  - 聊天消息数据保存完成，共处理条 0 数据。耗时：0时0分0秒14毫秒
22:14:35 INFO  - 开始保存聊天消息数据
22:14:35 INFO  - 聊天消息数据保存完成，共处理条 0 数据。耗时：0时0分0秒12毫秒
22:15:35 INFO  - 开始保存聊天消息数据
22:15:35 INFO  - 聊天消息数据保存完成，共处理条 0 数据。耗时：0时0分0秒15毫秒
22:16:35 INFO  - 开始保存聊天消息数据
22:16:35 INFO  - 聊天消息数据保存完成，共处理条 0 数据。耗时：0时0分0秒12毫秒
22:17:35 INFO  - 开始保存聊天消息数据
22:17:35 INFO  - 聊天消息数据保存完成，共处理条 0 数据。耗时：0时0分0秒11毫秒
22:18:35 INFO  - 开始保存聊天消息数据
22:18:35 INFO  - 聊天消息数据保存完成，共处理条 0 数据。耗时：0时0分0秒12毫秒
22:19:35 INFO  - 开始保存聊天消息数据
22:19:35 INFO  - 聊天消息数据保存完成，共处理条 0 数据。耗时：0时0分0秒16毫秒
22:20:35 INFO  - 开始保存聊天消息数据
22:20:35 INFO  - 聊天消息数据保存完成，共处理条 0 数据。耗时：0时0分0秒12毫秒
22:21:35 INFO  - 开始保存聊天消息数据
22:21:35 INFO  - 聊天消息数据保存完成，共处理条 0 数据。耗时：0时0分0秒8毫秒
22:22:35 INFO  - 开始保存聊天消息数据
22:22:35 INFO  - 聊天消息数据保存完成，共处理条 0 数据。耗时：0时0分0秒22毫秒
22:23:35 INFO  - 开始保存聊天消息数据
22:23:35 INFO  - 聊天消息数据保存完成，共处理条 0 数据。耗时：0时0分0秒12毫秒
22:24:35 INFO  - 开始保存聊天消息数据
22:24:35 INFO  - 聊天消息数据保存完成，共处理条 0 数据。耗时：0时0分0秒14毫秒
22:25:35 INFO  - 开始保存聊天消息数据
22:25:35 INFO  - 聊天消息数据保存完成，共处理条 0 数据。耗时：0时0分0秒14毫秒
22:26:35 INFO  - 开始保存聊天消息数据
22:26:35 INFO  - 聊天消息数据保存完成，共处理条 0 数据。耗时：0时0分0秒13毫秒
22:27:35 INFO  - 开始保存聊天消息数据
22:27:35 INFO  - 聊天消息数据保存完成，共处理条 0 数据。耗时：0时0分0秒13毫秒
22:28:35 INFO  - 开始保存聊天消息数据
22:28:35 INFO  - 聊天消息数据保存完成，共处理条 0 数据。耗时：0时0分0秒13毫秒
22:29:35 INFO  - 开始保存聊天消息数据
22:29:35 INFO  - 聊天消息数据保存完成，共处理条 0 数据。耗时：0时0分0秒9毫秒
22:30:35 INFO  - 开始保存聊天消息数据
22:30:35 INFO  - 聊天消息数据保存完成，共处理条 0 数据。耗时：0时0分0秒13毫秒
22:31:35 INFO  - 开始保存聊天消息数据
22:31:35 INFO  - 聊天消息数据保存完成，共处理条 0 数据。耗时：0时0分0秒17毫秒
22:32:35 INFO  - 开始保存聊天消息数据
22:32:35 INFO  - 聊天消息数据保存完成，共处理条 0 数据。耗时：0时0分0秒13毫秒
22:33:35 INFO  - 开始保存聊天消息数据
22:33:35 INFO  - 聊天消息数据保存完成，共处理条 0 数据。耗时：0时0分0秒17毫秒
22:34:35 INFO  - 开始保存聊天消息数据
22:34:35 INFO  - 聊天消息数据保存完成，共处理条 0 数据。耗时：0时0分0秒14毫秒
22:35:35 INFO  - 开始保存聊天消息数据
22:35:35 INFO  - 聊天消息数据保存完成，共处理条 0 数据。耗时：0时0分0秒13毫秒
22:36:35 INFO  - 开始保存聊天消息数据
22:36:35 INFO  - 聊天消息数据保存完成，共处理条 0 数据。耗时：0时0分0秒13毫秒
22:37:35 INFO  - 开始保存聊天消息数据
22:37:35 INFO  - 聊天消息数据保存完成，共处理条 0 数据。耗时：0时0分0秒13毫秒
22:38:35 INFO  - 开始保存聊天消息数据
22:38:35 INFO  - 聊天消息数据保存完成，共处理条 0 数据。耗时：0时0分0秒13毫秒
22:39:35 INFO  - 开始保存聊天消息数据
22:39:35 INFO  - 聊天消息数据保存完成，共处理条 0 数据。耗时：0时0分0秒17毫秒
22:40:35 INFO  - 开始保存聊天消息数据
22:40:35 INFO  - 聊天消息数据保存完成，共处理条 0 数据。耗时：0时0分0秒12毫秒
22:41:35 INFO  - 开始保存聊天消息数据
22:41:35 INFO  - 聊天消息数据保存完成，共处理条 0 数据。耗时：0时0分0秒13毫秒
22:42:35 INFO  - 开始保存聊天消息数据
22:42:35 INFO  - 聊天消息数据保存完成，共处理条 0 数据。耗时：0时0分0秒15毫秒
22:43:35 INFO  - 开始保存聊天消息数据
22:43:35 INFO  - 聊天消息数据保存完成，共处理条 0 数据。耗时：0时0分0秒13毫秒
22:44:35 INFO  - 开始保存聊天消息数据
22:44:35 INFO  - 聊天消息数据保存完成，共处理条 0 数据。耗时：0时0分0秒13毫秒
22:45:35 INFO  - 开始保存聊天消息数据
22:45:35 INFO  - 聊天消息数据保存完成，共处理条 0 数据。耗时：0时0分0秒13毫秒
22:46:35 INFO  - 开始保存聊天消息数据
22:46:35 INFO  - 聊天消息数据保存完成，共处理条 0 数据。耗时：0时0分0秒12毫秒
22:47:35 INFO  - 开始保存聊天消息数据
22:47:35 INFO  - 聊天消息数据保存完成，共处理条 0 数据。耗时：0时0分0秒12毫秒
22:48:35 INFO  - 开始保存聊天消息数据
22:48:35 INFO  - 聊天消息数据保存完成，共处理条 0 数据。耗时：0时0分0秒13毫秒
22:49:35 INFO  - 开始保存聊天消息数据
22:50:35 INFO  - 开始保存聊天消息数据
22:50:35 INFO  - 聊天消息数据保存完成，共处理条 0 数据。耗时：0时0分0秒14毫秒
22:51:35 INFO  - 开始保存聊天消息数据
22:51:35 INFO  - 聊天消息数据保存完成，共处理条 0 数据。耗时：0时0分0秒13毫秒
22:52:35 INFO  - 开始保存聊天消息数据
22:52:35 INFO  - 聊天消息数据保存完成，共处理条 0 数据。耗时：0时0分0秒14毫秒
22:53:35 INFO  - 开始保存聊天消息数据
22:53:35 INFO  - 聊天消息数据保存完成，共处理条 0 数据。耗时：0时0分0秒13毫秒
22:54:35 INFO  - 开始保存聊天消息数据
22:54:35 INFO  - 聊天消息数据保存完成，共处理条 0 数据。耗时：0时0分0秒13毫秒
22:55:35 INFO  - 开始保存聊天消息数据
22:55:35 INFO  - 聊天消息数据保存完成，共处理条 0 数据。耗时：0时0分0秒13毫秒
22:56:35 INFO  - 开始保存聊天消息数据
22:56:35 INFO  - 聊天消息数据保存完成，共处理条 0 数据。耗时：0时0分0秒14毫秒
22:57:35 INFO  - 开始保存聊天消息数据
22:57:35 INFO  - 聊天消息数据保存完成，共处理条 0 数据。耗时：0时0分0秒9毫秒
22:58:35 INFO  - 开始保存聊天消息数据
22:58:35 INFO  - 聊天消息数据保存完成，共处理条 0 数据。耗时：0时0分0秒14毫秒
22:59:35 INFO  - 开始保存聊天消息数据
22:59:35 INFO  - 聊天消息数据保存完成，共处理条 0 数据。耗时：0时0分0秒13毫秒
23:00:36 INFO  - 开始保存聊天消息数据
23:00:36 INFO  - 聊天消息数据保存完成，共处理条 0 数据。耗时：0时0分0秒14毫秒
23:01:36 INFO  - 开始保存聊天消息数据
23:01:36 INFO  - 聊天消息数据保存完成，共处理条 0 数据。耗时：0时0分0秒13毫秒
23:02:36 INFO  - 开始保存聊天消息数据
23:02:36 INFO  - 聊天消息数据保存完成，共处理条 0 数据。耗时：0时0分0秒13毫秒
23:03:36 INFO  - 开始保存聊天消息数据
23:03:36 INFO  - 聊天消息数据保存完成，共处理条 0 数据。耗时：0时0分0秒13毫秒
23:04:36 INFO  - 开始保存聊天消息数据
23:04:36 INFO  - 聊天消息数据保存完成，共处理条 0 数据。耗时：0时0分0秒13毫秒
23:05:36 INFO  - 开始保存聊天消息数据
23:05:36 INFO  - 聊天消息数据保存完成，共处理条 0 数据。耗时：0时0分0秒12毫秒
23:06:36 INFO  - 开始保存聊天消息数据
23:06:36 INFO  - 聊天消息数据保存完成，共处理条 0 数据。耗时：0时0分0秒12毫秒
23:07:36 INFO  - 开始保存聊天消息数据
23:07:36 INFO  - 聊天消息数据保存完成，共处理条 0 数据。耗时：0时0分0秒13毫秒
23:08:36 INFO  - 开始保存聊天消息数据
23:08:36 INFO  - 聊天消息数据保存完成，共处理条 0 数据。耗时：0时0分0秒13毫秒
23:09:36 INFO  - 开始保存聊天消息数据
23:09:36 INFO  - 聊天消息数据保存完成，共处理条 0 数据。耗时：0时0分0秒14毫秒
23:10:36 INFO  - 开始保存聊天消息数据
23:10:36 INFO  - 聊天消息数据保存完成，共处理条 0 数据。耗时：0时0分0秒14毫秒
23:11:36 INFO  - 开始保存聊天消息数据
23:11:36 INFO  - 聊天消息数据保存完成，共处理条 0 数据。耗时：0时0分0秒10毫秒
23:12:36 INFO  - 开始保存聊天消息数据
23:12:36 INFO  - 聊天消息数据保存完成，共处理条 0 数据。耗时：0时0分0秒13毫秒
23:13:36 INFO  - 开始保存聊天消息数据
23:13:36 INFO  - 聊天消息数据保存完成，共处理条 0 数据。耗时：0时0分0秒9毫秒
23:14:36 INFO  - 开始保存聊天消息数据
23:14:36 INFO  - 聊天消息数据保存完成，共处理条 0 数据。耗时：0时0分0秒13毫秒
23:15:36 INFO  - 开始保存聊天消息数据
23:15:36 INFO  - 聊天消息数据保存完成，共处理条 0 数据。耗时：0时0分0秒14毫秒
23:16:36 INFO  - 开始保存聊天消息数据
23:16:36 INFO  - 聊天消息数据保存完成，共处理条 0 数据。耗时：0时0分0秒12毫秒
23:17:36 INFO  - 开始保存聊天消息数据
23:17:36 INFO  - 聊天消息数据保存完成，共处理条 0 数据。耗时：0时0分0秒13毫秒
23:18:36 INFO  - 开始保存聊天消息数据
23:18:36 INFO  - 聊天消息数据保存完成，共处理条 0 数据。耗时：0时0分0秒12毫秒
23:19:36 INFO  - 开始保存聊天消息数据
23:19:36 INFO  - 聊天消息数据保存完成，共处理条 0 数据。耗时：0时0分0秒13毫秒
23:20:36 INFO  - 开始保存聊天消息数据
23:20:36 INFO  - 聊天消息数据保存完成，共处理条 0 数据。耗时：0时0分0秒15毫秒
23:21:36 INFO  - 开始保存聊天消息数据
23:21:36 INFO  - 聊天消息数据保存完成，共处理条 0 数据。耗时：0时0分0秒13毫秒
23:22:36 INFO  - 开始保存聊天消息数据
23:22:36 INFO  - 聊天消息数据保存完成，共处理条 0 数据。耗时：0时0分0秒14毫秒
23:23:36 INFO  - 开始保存聊天消息数据
23:23:36 INFO  - 聊天消息数据保存完成，共处理条 0 数据。耗时：0时0分0秒14毫秒
23:24:36 INFO  - 开始保存聊天消息数据
23:24:36 INFO  - 聊天消息数据保存完成，共处理条 0 数据。耗时：0时0分0秒13毫秒
23:25:36 INFO  - 开始保存聊天消息数据
23:25:36 INFO  - 聊天消息数据保存完成，共处理条 0 数据。耗时：0时0分0秒13毫秒
23:26:36 INFO  - 开始保存聊天消息数据
23:26:36 INFO  - 聊天消息数据保存完成，共处理条 0 数据。耗时：0时0分0秒13毫秒
23:27:36 INFO  - 开始保存聊天消息数据
23:27:36 INFO  - 聊天消息数据保存完成，共处理条 0 数据。耗时：0时0分0秒16毫秒
23:28:36 INFO  - 开始保存聊天消息数据
23:28:36 INFO  - 聊天消息数据保存完成，共处理条 0 数据。耗时：0时0分0秒14毫秒
23:29:36 INFO  - 开始保存聊天消息数据
23:29:36 INFO  - 聊天消息数据保存完成，共处理条 0 数据。耗时：0时0分0秒13毫秒
23:30:36 INFO  - 开始保存聊天消息数据
23:30:36 INFO  - 聊天消息数据保存完成，共处理条 0 数据。耗时：0时0分0秒15毫秒
23:31:36 INFO  - 开始保存聊天消息数据
23:31:36 INFO  - 聊天消息数据保存完成，共处理条 0 数据。耗时：0时0分0秒13毫秒
23:32:36 INFO  - 开始保存聊天消息数据
23:32:36 INFO  - 聊天消息数据保存完成，共处理条 0 数据。耗时：0时0分0秒13毫秒
23:33:36 INFO  - 开始保存聊天消息数据
23:33:36 INFO  - 聊天消息数据保存完成，共处理条 0 数据。耗时：0时0分0秒14毫秒
23:34:36 INFO  - 开始保存聊天消息数据
23:34:36 INFO  - 聊天消息数据保存完成，共处理条 0 数据。耗时：0时0分0秒13毫秒
23:35:36 INFO  - 开始保存聊天消息数据
23:35:36 INFO  - 聊天消息数据保存完成，共处理条 0 数据。耗时：0时0分0秒13毫秒
23:36:36 INFO  - 开始保存聊天消息数据
23:36:36 INFO  - 聊天消息数据保存完成，共处理条 0 数据。耗时：0时0分0秒13毫秒
23:37:36 INFO  - 开始保存聊天消息数据
23:37:36 INFO  - 聊天消息数据保存完成，共处理条 0 数据。耗时：0时0分0秒14毫秒
23:38:36 INFO  - 开始保存聊天消息数据
23:38:36 INFO  - 聊天消息数据保存完成，共处理条 0 数据。耗时：0时0分0秒13毫秒
23:39:36 INFO  - 开始保存聊天消息数据
23:39:36 INFO  - 聊天消息数据保存完成，共处理条 0 数据。耗时：0时0分0秒23毫秒
23:40:36 INFO  - 开始保存聊天消息数据
23:40:36 INFO  - 聊天消息数据保存完成，共处理条 0 数据。耗时：0时0分0秒13毫秒
23:41:36 INFO  - 开始保存聊天消息数据
23:41:36 INFO  - 聊天消息数据保存完成，共处理条 0 数据。耗时：0时0分0秒9毫秒
23:42:36 INFO  - 开始保存聊天消息数据
23:42:36 INFO  - 聊天消息数据保存完成，共处理条 0 数据。耗时：0时0分0秒14毫秒
23:43:36 INFO  - 开始保存聊天消息数据
23:43:36 INFO  - 聊天消息数据保存完成，共处理条 0 数据。耗时：0时0分0秒13毫秒
23:44:36 INFO  - 开始保存聊天消息数据
23:44:36 INFO  - 聊天消息数据保存完成，共处理条 0 数据。耗时：0时0分0秒14毫秒
23:45:36 INFO  - 开始保存聊天消息数据
23:45:36 INFO  - 聊天消息数据保存完成，共处理条 0 数据。耗时：0时0分0秒17毫秒
23:46:36 INFO  - 开始保存聊天消息数据
23:46:36 INFO  - 聊天消息数据保存完成，共处理条 0 数据。耗时：0时0分0秒13毫秒
23:47:36 INFO  - 开始保存聊天消息数据
23:47:36 INFO  - 聊天消息数据保存完成，共处理条 0 数据。耗时：0时0分0秒21毫秒
23:48:36 INFO  - 开始保存聊天消息数据
23:48:36 INFO  - 聊天消息数据保存完成，共处理条 0 数据。耗时：0时0分0秒14毫秒
23:49:36 INFO  - 开始保存聊天消息数据
23:49:36 INFO  - 聊天消息数据保存完成，共处理条 0 数据。耗时：0时0分0秒14毫秒
23:50:36 INFO  - 开始保存聊天消息数据
23:50:36 INFO  - 聊天消息数据保存完成，共处理条 0 数据。耗时：0时0分0秒13毫秒
23:51:36 INFO  - 开始保存聊天消息数据
23:51:36 INFO  - 聊天消息数据保存完成，共处理条 0 数据。耗时：0时0分0秒13毫秒
23:52:36 INFO  - 开始保存聊天消息数据
23:52:36 INFO  - 聊天消息数据保存完成，共处理条 0 数据。耗时：0时0分0秒14毫秒
23:53:36 INFO  - 开始保存聊天消息数据
23:53:36 INFO  - 聊天消息数据保存完成，共处理条 0 数据。耗时：0时0分0秒14毫秒
23:54:36 INFO  - 开始保存聊天消息数据
23:54:36 INFO  - 聊天消息数据保存完成，共处理条 0 数据。耗时：0时0分0秒13毫秒
23:55:36 INFO  - 开始保存聊天消息数据
23:55:36 INFO  - 聊天消息数据保存完成，共处理条 0 数据。耗时：0时0分0秒14毫秒
23:56:36 INFO  - 开始保存聊天消息数据
23:56:36 INFO  - 聊天消息数据保存完成，共处理条 0 数据。耗时：0时0分0秒13毫秒
23:57:36 INFO  - 开始保存聊天消息数据
23:57:36 INFO  - 聊天消息数据保存完成，共处理条 0 数据。耗时：0时0分0秒19毫秒
23:58:36 INFO  - 开始保存聊天消息数据
23:58:36 INFO  - 聊天消息数据保存完成，共处理条 0 数据。耗时：0时0分0秒21毫秒
23:59:36 INFO  - 开始保存聊天消息数据
23:59:36 INFO  - 聊天消息数据保存完成，共处理条 0 数据。耗时：0时0分0秒13毫秒
