09:04:04 INFO  - 开始保存聊天消息数据
09:04:04 INFO  - 聊天消息数据保存完成，共处理条 0 数据。耗时：0时0分0秒20毫秒
09:05:04 INFO  - 开始保存聊天消息数据
09:05:04 INFO  - 聊天消息数据保存完成，共处理条 0 数据。耗时：0时0分0秒13毫秒
09:06:04 INFO  - 开始保存聊天消息数据
09:06:04 INFO  - 聊天消息数据保存完成，共处理条 0 数据。耗时：0时0分0秒13毫秒
09:07:04 INFO  - 开始保存聊天消息数据
09:07:04 INFO  - 聊天消息数据保存完成，共处理条 0 数据。耗时：0时0分0秒13毫秒
09:08:04 INFO  - 开始保存聊天消息数据
09:08:04 INFO  - 聊天消息数据保存完成，共处理条 0 数据。耗时：0时0分0秒13毫秒
09:09:04 INFO  - 开始保存聊天消息数据
09:09:04 INFO  - 聊天消息数据保存完成，共处理条 0 数据。耗时：0时0分0秒10毫秒
09:10:04 INFO  - 开始保存聊天消息数据
09:10:04 INFO  - 聊天消息数据保存完成，共处理条 0 数据。耗时：0时0分0秒12毫秒
09:11:04 INFO  - 开始保存聊天消息数据
09:11:04 INFO  - 聊天消息数据保存完成，共处理条 0 数据。耗时：0时0分0秒16毫秒
09:12:04 INFO  - 开始保存聊天消息数据
09:12:04 INFO  - 聊天消息数据保存完成，共处理条 0 数据。耗时：0时0分0秒14毫秒
09:13:04 INFO  - 开始保存聊天消息数据
09:13:04 INFO  - 聊天消息数据保存完成，共处理条 0 数据。耗时：0时0分0秒13毫秒
09:14:04 INFO  - 开始保存聊天消息数据
09:14:04 INFO  - 聊天消息数据保存完成，共处理条 0 数据。耗时：0时0分0秒21毫秒
09:15:04 INFO  - 开始保存聊天消息数据
09:15:04 INFO  - 聊天消息数据保存完成，共处理条 0 数据。耗时：0时0分0秒14毫秒
09:16:04 INFO  - 开始保存聊天消息数据
09:16:04 INFO  - 聊天消息数据保存完成，共处理条 0 数据。耗时：0时0分0秒12毫秒
09:17:04 INFO  - 开始保存聊天消息数据
09:17:04 INFO  - 聊天消息数据保存完成，共处理条 0 数据。耗时：0时0分0秒13毫秒
09:18:04 INFO  - 开始保存聊天消息数据
09:18:04 INFO  - 聊天消息数据保存完成，共处理条 0 数据。耗时：0时0分0秒12毫秒
09:19:04 INFO  - 开始保存聊天消息数据
09:19:04 INFO  - 聊天消息数据保存完成，共处理条 0 数据。耗时：0时0分0秒18毫秒
09:20:04 INFO  - 开始保存聊天消息数据
09:20:04 INFO  - 聊天消息数据保存完成，共处理条 0 数据。耗时：0时0分0秒13毫秒
09:21:04 INFO  - 开始保存聊天消息数据
09:21:04 INFO  - 聊天消息数据保存完成，共处理条 0 数据。耗时：0时0分0秒14毫秒
09:22:04 INFO  - 开始保存聊天消息数据
09:22:04 INFO  - 聊天消息数据保存完成，共处理条 0 数据。耗时：0时0分0秒15毫秒
09:23:04 INFO  - 开始保存聊天消息数据
09:23:04 INFO  - 聊天消息数据保存完成，共处理条 0 数据。耗时：0时0分0秒13毫秒
09:24:04 INFO  - 开始保存聊天消息数据
09:24:04 INFO  - 聊天消息数据保存完成，共处理条 0 数据。耗时：0时0分0秒15毫秒
09:25:43 INFO  - 开始保存聊天消息数据
09:25:43 INFO  - 聊天消息数据保存完成，共处理条 0 数据。耗时：0时0分0秒578毫秒
09:26:42 INFO  - 开始保存聊天消息数据
09:26:42 INFO  - 聊天消息数据保存完成，共处理条 0 数据。耗时：0时0分0秒11毫秒
09:27:42 INFO  - 开始保存聊天消息数据
09:27:42 INFO  - 聊天消息数据保存完成，共处理条 0 数据。耗时：0时0分0秒8毫秒
09:28:42 INFO  - 开始保存聊天消息数据
09:28:42 INFO  - 聊天消息数据保存完成，共处理条 0 数据。耗时：0时0分0秒11毫秒
09:29:42 INFO  - 开始保存聊天消息数据
09:29:42 INFO  - 聊天消息数据保存完成，共处理条 0 数据。耗时：0时0分0秒12毫秒
09:30:42 INFO  - 开始保存聊天消息数据
09:30:42 INFO  - 聊天消息数据保存完成，共处理条 0 数据。耗时：0时0分0秒18毫秒
09:31:02 INFO  - Executed action GD.API.Controllers.Meal.MealAdminController.GetMealAccountDetails (API) in 545ms
09:31:05 INFO  - Executed action GD.API.Controllers.Meal.MealAdminController.GetMealCategories (API) in 172ms
09:31:42 INFO  - 开始保存聊天消息数据
09:31:42 INFO  - 聊天消息数据保存完成，共处理条 0 数据。耗时：0时0分0秒11毫秒
09:32:42 INFO  - 开始保存聊天消息数据
09:32:42 INFO  - 聊天消息数据保存完成，共处理条 0 数据。耗时：0时0分0秒26毫秒
09:33:42 INFO  - 开始保存聊天消息数据
09:33:42 INFO  - 聊天消息数据保存完成，共处理条 0 数据。耗时：0时0分0秒12毫秒
09:34:42 INFO  - 开始保存聊天消息数据
09:34:42 INFO  - 聊天消息数据保存完成，共处理条 0 数据。耗时：0时0分0秒11毫秒
09:35:42 INFO  - 开始保存聊天消息数据
09:35:42 INFO  - 聊天消息数据保存完成，共处理条 0 数据。耗时：0时0分0秒11毫秒
09:36:42 INFO  - 开始保存聊天消息数据
09:36:42 INFO  - 聊天消息数据保存完成，共处理条 0 数据。耗时：0时0分0秒8毫秒
09:37:42 INFO  - 开始保存聊天消息数据
09:37:42 INFO  - 聊天消息数据保存完成，共处理条 0 数据。耗时：0时0分0秒11毫秒
09:38:42 INFO  - 开始保存聊天消息数据
09:38:42 INFO  - 聊天消息数据保存完成，共处理条 0 数据。耗时：0时0分0秒27毫秒
09:39:42 INFO  - 开始保存聊天消息数据
09:39:42 INFO  - 聊天消息数据保存完成，共处理条 0 数据。耗时：0时0分0秒11毫秒
09:40:42 INFO  - 开始保存聊天消息数据
09:40:42 INFO  - 聊天消息数据保存完成，共处理条 0 数据。耗时：0时0分0秒8毫秒
09:41:42 INFO  - 开始保存聊天消息数据
09:41:42 INFO  - 聊天消息数据保存完成，共处理条 0 数据。耗时：0时0分0秒11毫秒
09:42:42 INFO  - 开始保存聊天消息数据
09:42:42 INFO  - 聊天消息数据保存完成，共处理条 0 数据。耗时：0时0分0秒15毫秒
09:43:42 INFO  - 开始保存聊天消息数据
09:43:42 INFO  - 聊天消息数据保存完成，共处理条 0 数据。耗时：0时0分0秒8毫秒
09:44:42 INFO  - 开始保存聊天消息数据
09:44:42 INFO  - 聊天消息数据保存完成，共处理条 0 数据。耗时：0时0分0秒11毫秒
09:45:42 INFO  - 开始保存聊天消息数据
09:45:42 INFO  - 聊天消息数据保存完成，共处理条 0 数据。耗时：0时0分0秒13毫秒
09:46:42 INFO  - 开始保存聊天消息数据
09:46:42 INFO  - 聊天消息数据保存完成，共处理条 0 数据。耗时：0时0分0秒12毫秒
09:47:42 INFO  - 开始保存聊天消息数据
09:47:42 INFO  - 聊天消息数据保存完成，共处理条 0 数据。耗时：0时0分0秒8毫秒
09:48:42 INFO  - 开始保存聊天消息数据
09:48:42 INFO  - 聊天消息数据保存完成，共处理条 0 数据。耗时：0时0分0秒8毫秒
09:49:42 INFO  - 开始保存聊天消息数据
09:49:42 INFO  - 聊天消息数据保存完成，共处理条 0 数据。耗时：0时0分0秒11毫秒
09:50:42 INFO  - 开始保存聊天消息数据
09:50:42 INFO  - 聊天消息数据保存完成，共处理条 0 数据。耗时：0时0分0秒11毫秒
09:51:42 INFO  - 开始保存聊天消息数据
09:51:42 INFO  - 聊天消息数据保存完成，共处理条 0 数据。耗时：0时0分0秒9毫秒
09:52:42 INFO  - 开始保存聊天消息数据
09:52:42 INFO  - 聊天消息数据保存完成，共处理条 0 数据。耗时：0时0分0秒14毫秒
09:53:42 INFO  - 开始保存聊天消息数据
09:53:42 INFO  - 聊天消息数据保存完成，共处理条 0 数据。耗时：0时0分0秒8毫秒
09:54:42 INFO  - 开始保存聊天消息数据
09:54:42 INFO  - 聊天消息数据保存完成，共处理条 0 数据。耗时：0时0分0秒11毫秒
09:55:42 INFO  - 开始保存聊天消息数据
09:55:42 INFO  - 聊天消息数据保存完成，共处理条 0 数据。耗时：0时0分0秒13毫秒
09:56:42 INFO  - 开始保存聊天消息数据
09:56:42 INFO  - 聊天消息数据保存完成，共处理条 0 数据。耗时：0时0分0秒14毫秒
09:57:42 INFO  - 开始保存聊天消息数据
09:57:42 INFO  - 聊天消息数据保存完成，共处理条 0 数据。耗时：0时0分0秒13毫秒
09:58:42 INFO  - 开始保存聊天消息数据
09:58:42 INFO  - 聊天消息数据保存完成，共处理条 0 数据。耗时：0时0分0秒11毫秒
09:59:42 INFO  - 开始保存聊天消息数据
09:59:42 INFO  - 聊天消息数据保存完成，共处理条 0 数据。耗时：0时0分0秒12毫秒
10:00:42 INFO  - 开始保存聊天消息数据
10:00:42 INFO  - 聊天消息数据保存完成，共处理条 0 数据。耗时：0时0分0秒12毫秒
10:01:42 INFO  - 开始保存聊天消息数据
10:01:42 INFO  - 聊天消息数据保存完成，共处理条 0 数据。耗时：0时0分0秒12毫秒
10:02:42 INFO  - 开始保存聊天消息数据
10:02:42 INFO  - 聊天消息数据保存完成，共处理条 0 数据。耗时：0时0分0秒11毫秒
10:03:42 INFO  - 开始保存聊天消息数据
10:03:42 INFO  - 聊天消息数据保存完成，共处理条 0 数据。耗时：0时0分0秒12毫秒
10:04:42 INFO  - 开始保存聊天消息数据
10:04:42 INFO  - 聊天消息数据保存完成，共处理条 0 数据。耗时：0时0分0秒8毫秒
10:05:42 INFO  - 开始保存聊天消息数据
10:05:42 INFO  - 聊天消息数据保存完成，共处理条 0 数据。耗时：0时0分0秒12毫秒
10:06:42 INFO  - 开始保存聊天消息数据
10:06:42 INFO  - 聊天消息数据保存完成，共处理条 0 数据。耗时：0时0分0秒7毫秒
10:07:42 INFO  - 开始保存聊天消息数据
10:07:42 INFO  - 聊天消息数据保存完成，共处理条 0 数据。耗时：0时0分0秒17毫秒
10:08:42 INFO  - 开始保存聊天消息数据
10:08:42 INFO  - 聊天消息数据保存完成，共处理条 0 数据。耗时：0时0分0秒8毫秒
10:09:42 INFO  - 开始保存聊天消息数据
10:09:42 INFO  - 聊天消息数据保存完成，共处理条 0 数据。耗时：0时0分0秒11毫秒
10:10:42 INFO  - 开始保存聊天消息数据
10:10:42 INFO  - 聊天消息数据保存完成，共处理条 0 数据。耗时：0时0分0秒11毫秒
10:11:42 INFO  - 开始保存聊天消息数据
10:11:42 INFO  - 聊天消息数据保存完成，共处理条 0 数据。耗时：0时0分0秒12毫秒
10:12:42 INFO  - 开始保存聊天消息数据
10:12:42 INFO  - 聊天消息数据保存完成，共处理条 0 数据。耗时：0时0分0秒12毫秒
10:13:42 INFO  - 开始保存聊天消息数据
10:13:42 INFO  - 聊天消息数据保存完成，共处理条 0 数据。耗时：0时0分0秒12毫秒
10:14:42 INFO  - 开始保存聊天消息数据
10:14:42 INFO  - 聊天消息数据保存完成，共处理条 0 数据。耗时：0时0分0秒7毫秒
10:15:42 INFO  - 开始保存聊天消息数据
10:15:42 INFO  - 聊天消息数据保存完成，共处理条 0 数据。耗时：0时0分0秒10毫秒
10:16:42 INFO  - 开始保存聊天消息数据
10:16:42 INFO  - 聊天消息数据保存完成，共处理条 0 数据。耗时：0时0分0秒11毫秒
10:17:42 INFO  - 开始保存聊天消息数据
10:17:42 INFO  - 聊天消息数据保存完成，共处理条 0 数据。耗时：0时0分0秒7毫秒
10:18:42 INFO  - 开始保存聊天消息数据
10:18:42 INFO  - 聊天消息数据保存完成，共处理条 0 数据。耗时：0时0分0秒11毫秒
10:19:42 INFO  - 开始保存聊天消息数据
10:19:42 INFO  - 聊天消息数据保存完成，共处理条 0 数据。耗时：0时0分0秒11毫秒
10:20:42 INFO  - 开始保存聊天消息数据
10:20:42 INFO  - 聊天消息数据保存完成，共处理条 0 数据。耗时：0时0分0秒14毫秒
10:21:42 INFO  - 开始保存聊天消息数据
10:21:42 INFO  - 聊天消息数据保存完成，共处理条 0 数据。耗时：0时0分0秒20毫秒
10:22:42 INFO  - 开始保存聊天消息数据
10:22:42 INFO  - 聊天消息数据保存完成，共处理条 0 数据。耗时：0时0分0秒11毫秒
10:23:42 INFO  - 开始保存聊天消息数据
10:23:42 INFO  - 聊天消息数据保存完成，共处理条 0 数据。耗时：0时0分0秒11毫秒
10:24:42 INFO  - 开始保存聊天消息数据
10:24:42 INFO  - 聊天消息数据保存完成，共处理条 0 数据。耗时：0时0分0秒11毫秒
10:25:42 INFO  - 开始保存聊天消息数据
10:25:42 INFO  - 聊天消息数据保存完成，共处理条 0 数据。耗时：0时0分0秒11毫秒
10:26:42 INFO  - 开始保存聊天消息数据
10:26:42 INFO  - 聊天消息数据保存完成，共处理条 0 数据。耗时：0时0分0秒11毫秒
10:27:42 INFO  - 开始保存聊天消息数据
10:27:42 INFO  - 聊天消息数据保存完成，共处理条 0 数据。耗时：0时0分0秒11毫秒
10:28:42 INFO  - 开始保存聊天消息数据
10:28:42 INFO  - 聊天消息数据保存完成，共处理条 0 数据。耗时：0时0分0秒11毫秒
10:29:42 INFO  - 开始保存聊天消息数据
10:29:42 INFO  - 聊天消息数据保存完成，共处理条 0 数据。耗时：0时0分0秒21毫秒
10:30:42 INFO  - 开始保存聊天消息数据
10:30:42 INFO  - 聊天消息数据保存完成，共处理条 0 数据。耗时：0时0分0秒12毫秒
10:31:42 INFO  - 开始保存聊天消息数据
10:31:42 INFO  - 聊天消息数据保存完成，共处理条 0 数据。耗时：0时0分0秒12毫秒
10:32:42 INFO  - 开始保存聊天消息数据
10:32:42 INFO  - 聊天消息数据保存完成，共处理条 0 数据。耗时：0时0分0秒11毫秒
10:33:42 INFO  - 开始保存聊天消息数据
10:33:42 INFO  - 聊天消息数据保存完成，共处理条 0 数据。耗时：0时0分0秒11毫秒
10:34:42 INFO  - 开始保存聊天消息数据
10:34:42 INFO  - 聊天消息数据保存完成，共处理条 0 数据。耗时：0时0分0秒7毫秒
10:35:42 INFO  - 开始保存聊天消息数据
10:35:42 INFO  - 聊天消息数据保存完成，共处理条 0 数据。耗时：0时0分0秒11毫秒
10:36:42 INFO  - 开始保存聊天消息数据
10:36:42 INFO  - 聊天消息数据保存完成，共处理条 0 数据。耗时：0时0分0秒11毫秒
10:37:42 INFO  - 开始保存聊天消息数据
10:37:42 INFO  - 聊天消息数据保存完成，共处理条 0 数据。耗时：0时0分0秒12毫秒
10:38:42 INFO  - 开始保存聊天消息数据
10:38:42 INFO  - 聊天消息数据保存完成，共处理条 0 数据。耗时：0时0分0秒11毫秒
10:39:42 INFO  - 开始保存聊天消息数据
10:39:42 INFO  - 聊天消息数据保存完成，共处理条 0 数据。耗时：0时0分0秒11毫秒
10:40:42 INFO  - 开始保存聊天消息数据
10:40:42 INFO  - 聊天消息数据保存完成，共处理条 0 数据。耗时：0时0分0秒11毫秒
10:41:42 INFO  - 开始保存聊天消息数据
10:41:42 INFO  - 聊天消息数据保存完成，共处理条 0 数据。耗时：0时0分0秒11毫秒
10:42:42 INFO  - 开始保存聊天消息数据
10:42:42 INFO  - 聊天消息数据保存完成，共处理条 0 数据。耗时：0时0分0秒11毫秒
10:43:42 INFO  - 开始保存聊天消息数据
10:43:42 INFO  - 聊天消息数据保存完成，共处理条 0 数据。耗时：0时0分0秒10毫秒
10:44:42 INFO  - 开始保存聊天消息数据
10:44:42 INFO  - 聊天消息数据保存完成，共处理条 0 数据。耗时：0时0分0秒13毫秒
10:45:42 INFO  - 开始保存聊天消息数据
10:45:42 INFO  - 聊天消息数据保存完成，共处理条 0 数据。耗时：0时0分0秒14毫秒
10:46:42 INFO  - 开始保存聊天消息数据
10:46:42 INFO  - 聊天消息数据保存完成，共处理条 0 数据。耗时：0时0分0秒11毫秒
10:47:42 INFO  - 开始保存聊天消息数据
10:47:42 INFO  - 聊天消息数据保存完成，共处理条 0 数据。耗时：0时0分0秒25毫秒
10:48:42 INFO  - 开始保存聊天消息数据
10:48:42 INFO  - 聊天消息数据保存完成，共处理条 0 数据。耗时：0时0分0秒13毫秒
10:49:42 INFO  - 开始保存聊天消息数据
10:49:42 INFO  - 聊天消息数据保存完成，共处理条 0 数据。耗时：0时0分0秒12毫秒
10:50:42 INFO  - 开始保存聊天消息数据
10:50:42 INFO  - 聊天消息数据保存完成，共处理条 0 数据。耗时：0时0分0秒8毫秒
10:51:42 INFO  - 开始保存聊天消息数据
10:51:42 INFO  - 聊天消息数据保存完成，共处理条 0 数据。耗时：0时0分0秒14毫秒
10:52:42 INFO  - 开始保存聊天消息数据
10:52:42 INFO  - 聊天消息数据保存完成，共处理条 0 数据。耗时：0时0分0秒10毫秒
10:53:42 INFO  - 开始保存聊天消息数据
10:53:42 INFO  - 聊天消息数据保存完成，共处理条 0 数据。耗时：0时0分0秒7毫秒
10:54:42 INFO  - 开始保存聊天消息数据
10:54:42 INFO  - 聊天消息数据保存完成，共处理条 0 数据。耗时：0时0分0秒12毫秒
10:55:42 INFO  - 开始保存聊天消息数据
10:55:42 INFO  - 聊天消息数据保存完成，共处理条 0 数据。耗时：0时0分0秒11毫秒
10:56:42 INFO  - 开始保存聊天消息数据
10:56:42 INFO  - 聊天消息数据保存完成，共处理条 0 数据。耗时：0时0分0秒17毫秒
10:57:42 INFO  - 开始保存聊天消息数据
10:57:42 INFO  - 聊天消息数据保存完成，共处理条 0 数据。耗时：0时0分0秒17毫秒
10:58:08 INFO  - 开始保存聊天消息数据
10:58:08 INFO  - 聊天消息数据保存完成，共处理条 0 数据。耗时：0时0分0秒604毫秒
10:59:07 INFO  - 开始保存聊天消息数据
10:59:07 INFO  - 聊天消息数据保存完成，共处理条 0 数据。耗时：0时0分0秒9毫秒
11:00:07 INFO  - 开始保存聊天消息数据
11:00:07 INFO  - 聊天消息数据保存完成，共处理条 0 数据。耗时：0时0分0秒6毫秒
11:01:07 INFO  - 开始保存聊天消息数据
11:01:07 INFO  - 聊天消息数据保存完成，共处理条 0 数据。耗时：0时0分0秒9毫秒
11:02:07 INFO  - 开始保存聊天消息数据
11:02:07 INFO  - 聊天消息数据保存完成，共处理条 0 数据。耗时：0时0分0秒9毫秒
11:03:07 INFO  - 开始保存聊天消息数据
11:03:07 INFO  - 聊天消息数据保存完成，共处理条 0 数据。耗时：0时0分0秒9毫秒
11:04:07 INFO  - 开始保存聊天消息数据
11:04:07 INFO  - 聊天消息数据保存完成，共处理条 0 数据。耗时：0时0分0秒5毫秒
11:05:07 INFO  - 开始保存聊天消息数据
11:05:07 INFO  - 聊天消息数据保存完成，共处理条 0 数据。耗时：0时0分0秒8毫秒
11:06:07 INFO  - 开始保存聊天消息数据
11:06:07 INFO  - 聊天消息数据保存完成，共处理条 0 数据。耗时：0时0分0秒5毫秒
11:07:07 INFO  - 开始保存聊天消息数据
11:07:07 INFO  - 聊天消息数据保存完成，共处理条 0 数据。耗时：0时0分0秒10毫秒
11:08:07 INFO  - 开始保存聊天消息数据
11:08:07 INFO  - 聊天消息数据保存完成，共处理条 0 数据。耗时：0时0分0秒9毫秒
11:09:07 INFO  - 开始保存聊天消息数据
11:09:07 INFO  - 聊天消息数据保存完成，共处理条 0 数据。耗时：0时0分0秒9毫秒
11:10:07 INFO  - 开始保存聊天消息数据
11:10:07 INFO  - 聊天消息数据保存完成，共处理条 0 数据。耗时：0时0分0秒10毫秒
11:10:52 INFO  - 开始保存聊天消息数据
11:10:52 INFO  - 聊天消息数据保存完成，共处理条 0 数据。耗时：0时0分0秒608毫秒
11:11:51 INFO  - 开始保存聊天消息数据
11:11:51 INFO  - 聊天消息数据保存完成，共处理条 0 数据。耗时：0时0分0秒19毫秒
11:12:51 INFO  - 开始保存聊天消息数据
11:12:51 INFO  - 聊天消息数据保存完成，共处理条 0 数据。耗时：0时0分0秒12毫秒
11:13:51 INFO  - 开始保存聊天消息数据
11:13:51 INFO  - 聊天消息数据保存完成，共处理条 0 数据。耗时：0时0分0秒12毫秒
11:14:44 INFO  - Executed action GD.API.Controllers.Meal.MealAdminController.GetMealCategories (API) in 446ms
11:14:44 INFO  - Executed action GD.API.Controllers.Meal.MealAdminController.GetMealDishes (API) in 472ms
11:14:48 INFO  - Executed action GD.API.Controllers.Meal.MealAdminController.GetMealCategories (API) in 26ms
11:14:51 INFO  - Executed action GD.API.Controllers.Meal.MealAdminController.GetMealCategories (API) in 15ms
11:14:51 INFO  - 开始保存聊天消息数据
11:14:51 INFO  - 聊天消息数据保存完成，共处理条 0 数据。耗时：0时0分0秒8毫秒
11:15:51 INFO  - 开始保存聊天消息数据
11:15:51 INFO  - 聊天消息数据保存完成，共处理条 0 数据。耗时：0时0分0秒16毫秒
11:16:00 INFO  - Executed action GD.API.Controllers.Meal.MealAdminController.GetMealDishes (API) in 48ms
11:16:51 INFO  - 开始保存聊天消息数据
11:16:51 INFO  - 聊天消息数据保存完成，共处理条 0 数据。耗时：0时0分0秒12毫秒
11:17:09 INFO  - Executed action GD.API.Controllers.Meal.MealAdminController.GetMealDishes (API) in 48ms
11:17:14 INFO  - Executed action GD.API.Controllers.Meal.MealAdminController.GetMealDishes (API) in 46ms
11:17:25 INFO  - Executed action GD.API.Controllers.Meal.MealAdminController.GetMealDishes (API) in 48ms
11:17:51 INFO  - 开始保存聊天消息数据
11:17:51 INFO  - 聊天消息数据保存完成，共处理条 0 数据。耗时：0时0分0秒13毫秒
11:18:19 INFO  - Executed action GD.API.Controllers.Meal.MealAdminController.GetMealDishes (API) in 48ms
11:18:51 INFO  - 开始保存聊天消息数据
11:18:51 INFO  - 聊天消息数据保存完成，共处理条 0 数据。耗时：0时0分0秒8毫秒
11:19:36 INFO  - Executed action GD.API.Controllers.Meal.MealAdminController.GetMealDishes (API) in 48ms
11:19:51 INFO  - 开始保存聊天消息数据
11:19:51 INFO  - 聊天消息数据保存完成，共处理条 0 数据。耗时：0时0分0秒16毫秒
11:19:56 INFO  - Executed action GD.API.Controllers.Meal.MealAdminController.GetMealDishes (API) in 80ms
11:19:59 INFO  - Executed action GD.API.Controllers.Meal.MealAdminController.GetMealDishes (API) in 72ms
11:20:51 INFO  - 开始保存聊天消息数据
11:20:51 INFO  - 聊天消息数据保存完成，共处理条 0 数据。耗时：0时0分0秒11毫秒
11:20:58 INFO  - Executed action GD.API.Controllers.Meal.MealAdminController.GetMealDishes (API) in 51ms
11:21:00 INFO  - Executed action GD.API.Controllers.Meal.MealAdminController.GetMealDishes (API) in 51ms
11:21:51 INFO  - 开始保存聊天消息数据
11:21:51 INFO  - 聊天消息数据保存完成，共处理条 0 数据。耗时：0时0分0秒13毫秒
11:22:27 INFO  - Executed action GD.API.Controllers.Meal.MealAdminController.GetMealDishes (API) in 49ms
11:22:51 INFO  - 开始保存聊天消息数据
11:22:51 INFO  - 聊天消息数据保存完成，共处理条 0 数据。耗时：0时0分0秒12毫秒
11:23:51 INFO  - 开始保存聊天消息数据
11:23:51 INFO  - 聊天消息数据保存完成，共处理条 0 数据。耗时：0时0分0秒12毫秒
11:24:51 INFO  - 开始保存聊天消息数据
11:24:51 INFO  - 聊天消息数据保存完成，共处理条 0 数据。耗时：0时0分0秒13毫秒
11:25:51 INFO  - 开始保存聊天消息数据
11:25:51 INFO  - 聊天消息数据保存完成，共处理条 0 数据。耗时：0时0分0秒13毫秒
11:26:06 INFO  - Executed action GD.API.Controllers.Meal.MealAdminController.GetMealDishes (API) in 52ms
11:26:07 INFO  - Executed action GD.API.Controllers.Meal.MealAdminController.GetMealDishes (API) in 48ms
11:26:51 INFO  - 开始保存聊天消息数据
11:26:51 INFO  - 聊天消息数据保存完成，共处理条 0 数据。耗时：0时0分0秒12毫秒
11:27:15 INFO  - Executed action GD.API.Controllers.Meal.MealAdminController.GetMealDishes (API) in 52ms
11:27:39 INFO  - Executed action GD.API.Controllers.Meal.MealAdminController.GetMealDishes (API) in 57ms
11:27:51 INFO  - 开始保存聊天消息数据
11:27:51 INFO  - 聊天消息数据保存完成，共处理条 0 数据。耗时：0时0分0秒23毫秒
11:28:51 INFO  - 开始保存聊天消息数据
11:28:51 INFO  - 聊天消息数据保存完成，共处理条 0 数据。耗时：0时0分0秒11毫秒
11:29:51 INFO  - 开始保存聊天消息数据
11:29:51 INFO  - 聊天消息数据保存完成，共处理条 0 数据。耗时：0时0分0秒22毫秒
11:30:51 INFO  - 开始保存聊天消息数据
11:30:51 INFO  - 聊天消息数据保存完成，共处理条 0 数据。耗时：0时0分0秒11毫秒
11:31:51 INFO  - 开始保存聊天消息数据
11:31:51 INFO  - 聊天消息数据保存完成，共处理条 0 数据。耗时：0时0分0秒15毫秒
11:32:51 INFO  - 开始保存聊天消息数据
11:32:51 INFO  - 聊天消息数据保存完成，共处理条 0 数据。耗时：0时0分0秒15毫秒
11:33:51 INFO  - 开始保存聊天消息数据
11:33:51 INFO  - 聊天消息数据保存完成，共处理条 0 数据。耗时：0时0分0秒12毫秒
11:34:51 INFO  - 开始保存聊天消息数据
11:34:51 INFO  - 聊天消息数据保存完成，共处理条 0 数据。耗时：0时0分0秒12毫秒
11:35:51 INFO  - 开始保存聊天消息数据
11:35:51 INFO  - 聊天消息数据保存完成，共处理条 0 数据。耗时：0时0分0秒15毫秒
11:36:48 INFO  - Executed action GD.API.Controllers.Meal.MealAdminController.GetMealDishes (API) in 85ms
11:36:51 INFO  - 开始保存聊天消息数据
11:36:51 INFO  - 聊天消息数据保存完成，共处理条 0 数据。耗时：0时0分0秒23毫秒
11:36:53 INFO  - Executed action GD.API.Controllers.Meal.MealAdminController.GetMealDishes (API) in 42ms
11:37:49 INFO  - Executed action GD.API.Controllers.Meal.MealAdminController.GetMealDishes (API) in 42ms
11:37:51 INFO  - 开始保存聊天消息数据
11:37:51 INFO  - 聊天消息数据保存完成，共处理条 0 数据。耗时：0时0分0秒17毫秒
11:37:54 INFO  - Executed action GD.API.Controllers.Meal.MealAdminController.GetMealDishes (API) in 51ms
11:37:55 INFO  - Executed action GD.API.Controllers.Meal.MealAdminController.GetMealDishes (API) in 41ms
11:38:06 INFO  - Executed action GD.API.Controllers.Meal.MealAdminController.GetMealDishes (API) in 39ms
11:38:07 INFO  - Executed action GD.API.Controllers.Meal.MealAdminController.GetMealDishes (API) in 40ms
11:38:13 INFO  - Executed action GD.API.Controllers.Meal.MealAdminController.GetMealDishes (API) in 43ms
11:38:51 INFO  - 开始保存聊天消息数据
11:38:51 INFO  - 聊天消息数据保存完成，共处理条 0 数据。耗时：0时0分0秒13毫秒
11:39:00 INFO  - Executed action GD.API.Controllers.Meal.MealAdminController.GetMealDishes (API) in 40ms
11:39:51 INFO  - 开始保存聊天消息数据
11:39:51 INFO  - 聊天消息数据保存完成，共处理条 0 数据。耗时：0时0分0秒18毫秒
11:40:51 INFO  - 开始保存聊天消息数据
11:40:51 INFO  - 聊天消息数据保存完成，共处理条 0 数据。耗时：0时0分0秒13毫秒
11:41:05 INFO  - Executed action GD.API.Controllers.Meal.MealAdminController.GetMealDishes (API) in 42ms
11:41:51 INFO  - 开始保存聊天消息数据
11:41:51 INFO  - 聊天消息数据保存完成，共处理条 0 数据。耗时：0时0分0秒12毫秒
11:41:53 INFO  - Executed action GD.API.Controllers.Meal.MealAdminController.GetMealDishes (API) in 45ms
11:42:19 INFO  - Executed action GD.API.Controllers.Meal.MealAdminController.GetMealCategories (API) in 15ms
11:42:23 INFO  - Executed action GD.API.Controllers.Meal.MealAdminController.GetMealAccountDetails (API) in 42ms
11:42:26 INFO  - Executed action GD.API.Controllers.Meal.MealAdminController.GetMealCategories (API) in 17ms
11:42:28 INFO  - Executed action GD.API.Controllers.Meal.MealAdminController.GetMealDishes (API) in 44ms
11:42:51 INFO  - 开始保存聊天消息数据
11:42:51 INFO  - 聊天消息数据保存完成，共处理条 0 数据。耗时：0时0分0秒12毫秒
11:43:13 INFO  - Executed action GD.API.Controllers.Meal.MealAdminController.GetMealCategories (API) in 16ms
11:43:51 INFO  - 开始保存聊天消息数据
11:43:51 INFO  - 聊天消息数据保存完成，共处理条 0 数据。耗时：0时0分0秒8毫秒
11:44:36 INFO  - Executed action GD.API.Controllers.Meal.MealAdminController.GetMealAccountDetails (API) in 44ms
11:44:51 INFO  - 开始保存聊天消息数据
11:44:51 INFO  - 聊天消息数据保存完成，共处理条 0 数据。耗时：0时0分0秒9毫秒
11:45:01 INFO  - Executed action GD.API.Controllers.Meal.MealAdminController.GetMealAccounts (API) in 20ms
11:45:03 INFO  - Executed action GD.API.Controllers.Meal.MealAdminController.GetMealAccounts (API) in 14ms
11:45:14 INFO  - Executed action GD.API.Controllers.Meal.MealAdminController.GetMealAccounts (API) in 16ms
11:45:51 INFO  - 开始保存聊天消息数据
11:45:51 INFO  - 聊天消息数据保存完成，共处理条 0 数据。耗时：0时0分0秒15毫秒
11:46:51 INFO  - 开始保存聊天消息数据
11:46:51 INFO  - 聊天消息数据保存完成，共处理条 0 数据。耗时：0时0分0秒16毫秒
11:47:51 INFO  - 开始保存聊天消息数据
11:47:51 INFO  - 聊天消息数据保存完成，共处理条 0 数据。耗时：0时0分0秒22毫秒
11:48:51 INFO  - 开始保存聊天消息数据
11:48:51 INFO  - 聊天消息数据保存完成，共处理条 0 数据。耗时：0时0分0秒16毫秒
11:49:51 INFO  - 开始保存聊天消息数据
11:49:51 INFO  - 聊天消息数据保存完成，共处理条 0 数据。耗时：0时0分0秒11毫秒
11:50:23 INFO  - 开始保存聊天消息数据
11:50:23 INFO  - 聊天消息数据保存完成，共处理条 0 数据。耗时：0时0分0秒626毫秒
11:51:22 INFO  - 开始保存聊天消息数据
11:51:22 INFO  - 聊天消息数据保存完成，共处理条 0 数据。耗时：0时0分0秒9毫秒
11:51:44 INFO  - Executed action GD.API.Controllers.Meal.MealAdminController.GetMealAccounts (API) in 446ms
11:51:59 INFO  - Executed action GD.API.Controllers.Meal.MealAdminController.GetMealAccounts (API) in 20ms
11:52:22 INFO  - 开始保存聊天消息数据
11:52:22 INFO  - 聊天消息数据保存完成，共处理条 0 数据。耗时：0时0分0秒14毫秒
11:52:48 INFO  - Executed action GD.API.Controllers.Meal.MealAdminController.GetMealAccounts (API) in 22ms
11:53:22 INFO  - 开始保存聊天消息数据
11:53:22 INFO  - 聊天消息数据保存完成，共处理条 0 数据。耗时：0时0分0秒12毫秒
11:54:22 INFO  - 开始保存聊天消息数据
11:54:22 INFO  - 聊天消息数据保存完成，共处理条 0 数据。耗时：0时0分0秒14毫秒
11:55:22 INFO  - 开始保存聊天消息数据
11:55:22 INFO  - 聊天消息数据保存完成，共处理条 0 数据。耗时：0时0分0秒17毫秒
11:56:22 INFO  - 开始保存聊天消息数据
11:56:22 INFO  - 聊天消息数据保存完成，共处理条 0 数据。耗时：0时0分0秒8毫秒
11:57:22 INFO  - 开始保存聊天消息数据
11:57:22 INFO  - 聊天消息数据保存完成，共处理条 0 数据。耗时：0时0分0秒13毫秒
11:58:22 INFO  - 开始保存聊天消息数据
11:58:22 INFO  - 聊天消息数据保存完成，共处理条 0 数据。耗时：0时0分0秒12毫秒
11:59:22 INFO  - 开始保存聊天消息数据
11:59:22 INFO  - 聊天消息数据保存完成，共处理条 0 数据。耗时：0时0分0秒13毫秒
12:00:22 INFO  - 开始保存聊天消息数据
12:00:22 INFO  - 聊天消息数据保存完成，共处理条 0 数据。耗时：0时0分0秒13毫秒
12:01:22 INFO  - 开始保存聊天消息数据
12:01:22 INFO  - 聊天消息数据保存完成，共处理条 0 数据。耗时：0时0分0秒13毫秒
12:02:22 INFO  - 开始保存聊天消息数据
12:02:22 INFO  - 聊天消息数据保存完成，共处理条 0 数据。耗时：0时0分0秒12毫秒
12:03:22 INFO  - 开始保存聊天消息数据
12:03:22 INFO  - 聊天消息数据保存完成，共处理条 0 数据。耗时：0时0分0秒8毫秒
12:04:22 INFO  - 开始保存聊天消息数据
12:04:22 INFO  - 聊天消息数据保存完成，共处理条 0 数据。耗时：0时0分0秒12毫秒
12:05:22 INFO  - 开始保存聊天消息数据
12:05:22 INFO  - 聊天消息数据保存完成，共处理条 0 数据。耗时：0时0分0秒12毫秒
12:06:22 INFO  - 开始保存聊天消息数据
12:06:22 INFO  - 聊天消息数据保存完成，共处理条 0 数据。耗时：0时0分0秒12毫秒
12:07:22 INFO  - 开始保存聊天消息数据
12:07:22 INFO  - 聊天消息数据保存完成，共处理条 0 数据。耗时：0时0分0秒12毫秒
12:08:22 INFO  - 开始保存聊天消息数据
12:08:22 INFO  - 聊天消息数据保存完成，共处理条 0 数据。耗时：0时0分0秒12毫秒
12:09:22 INFO  - 开始保存聊天消息数据
12:09:22 INFO  - 聊天消息数据保存完成，共处理条 0 数据。耗时：0时0分0秒12毫秒
12:10:22 INFO  - 开始保存聊天消息数据
12:10:22 INFO  - 聊天消息数据保存完成，共处理条 0 数据。耗时：0时0分0秒12毫秒
12:11:22 INFO  - 开始保存聊天消息数据
12:11:22 INFO  - 聊天消息数据保存完成，共处理条 0 数据。耗时：0时0分0秒11毫秒
12:12:22 INFO  - 开始保存聊天消息数据
12:12:22 INFO  - 聊天消息数据保存完成，共处理条 0 数据。耗时：0时0分0秒11毫秒
12:13:22 INFO  - 开始保存聊天消息数据
12:13:22 INFO  - 聊天消息数据保存完成，共处理条 0 数据。耗时：0时0分0秒11毫秒
12:14:22 INFO  - 开始保存聊天消息数据
12:14:22 INFO  - 聊天消息数据保存完成，共处理条 0 数据。耗时：0时0分0秒11毫秒
12:15:22 INFO  - 开始保存聊天消息数据
12:15:22 INFO  - 聊天消息数据保存完成，共处理条 0 数据。耗时：0时0分0秒11毫秒
12:16:22 INFO  - 开始保存聊天消息数据
12:16:22 INFO  - 聊天消息数据保存完成，共处理条 0 数据。耗时：0时0分0秒13毫秒
12:17:22 INFO  - 开始保存聊天消息数据
12:17:22 INFO  - 聊天消息数据保存完成，共处理条 0 数据。耗时：0时0分0秒11毫秒
12:18:22 INFO  - 开始保存聊天消息数据
12:18:22 INFO  - 聊天消息数据保存完成，共处理条 0 数据。耗时：0时0分0秒12毫秒
12:19:22 INFO  - 开始保存聊天消息数据
12:19:22 INFO  - 聊天消息数据保存完成，共处理条 0 数据。耗时：0时0分0秒14毫秒
12:20:22 INFO  - 开始保存聊天消息数据
12:20:22 INFO  - 聊天消息数据保存完成，共处理条 0 数据。耗时：0时0分0秒8毫秒
12:21:22 INFO  - 开始保存聊天消息数据
12:21:22 INFO  - 聊天消息数据保存完成，共处理条 0 数据。耗时：0时0分0秒12毫秒
12:22:22 INFO  - 开始保存聊天消息数据
12:22:22 INFO  - 聊天消息数据保存完成，共处理条 0 数据。耗时：0时0分0秒8毫秒
12:23:22 INFO  - 开始保存聊天消息数据
12:23:22 INFO  - 聊天消息数据保存完成，共处理条 0 数据。耗时：0时0分0秒16毫秒
12:24:22 INFO  - 开始保存聊天消息数据
12:24:22 INFO  - 聊天消息数据保存完成，共处理条 0 数据。耗时：0时0分0秒12毫秒
12:25:22 INFO  - 开始保存聊天消息数据
12:25:22 INFO  - 聊天消息数据保存完成，共处理条 0 数据。耗时：0时0分0秒13毫秒
12:26:22 INFO  - 开始保存聊天消息数据
12:26:22 INFO  - 聊天消息数据保存完成，共处理条 0 数据。耗时：0时0分0秒8毫秒
12:27:22 INFO  - 开始保存聊天消息数据
12:27:22 INFO  - 聊天消息数据保存完成，共处理条 0 数据。耗时：0时0分0秒12毫秒
12:28:22 INFO  - 开始保存聊天消息数据
12:28:22 INFO  - 聊天消息数据保存完成，共处理条 0 数据。耗时：0时0分0秒12毫秒
12:29:22 INFO  - 开始保存聊天消息数据
12:29:22 INFO  - 聊天消息数据保存完成，共处理条 0 数据。耗时：0时0分0秒15毫秒
12:30:22 INFO  - 开始保存聊天消息数据
12:30:22 INFO  - 聊天消息数据保存完成，共处理条 0 数据。耗时：0时0分0秒13毫秒
12:31:22 INFO  - 开始保存聊天消息数据
12:31:22 INFO  - 聊天消息数据保存完成，共处理条 0 数据。耗时：0时0分0秒8毫秒
12:32:22 INFO  - 开始保存聊天消息数据
12:32:22 INFO  - 聊天消息数据保存完成，共处理条 0 数据。耗时：0时0分0秒12毫秒
12:33:22 INFO  - 开始保存聊天消息数据
12:33:22 INFO  - 聊天消息数据保存完成，共处理条 0 数据。耗时：0时0分0秒8毫秒
12:34:22 INFO  - 开始保存聊天消息数据
12:34:22 INFO  - 聊天消息数据保存完成，共处理条 0 数据。耗时：0时0分0秒12毫秒
12:35:22 INFO  - 开始保存聊天消息数据
12:35:22 INFO  - 聊天消息数据保存完成，共处理条 0 数据。耗时：0时0分0秒12毫秒
12:36:22 INFO  - 开始保存聊天消息数据
12:36:22 INFO  - 聊天消息数据保存完成，共处理条 0 数据。耗时：0时0分0秒12毫秒
12:37:22 INFO  - 开始保存聊天消息数据
12:37:22 INFO  - 聊天消息数据保存完成，共处理条 0 数据。耗时：0时0分0秒17毫秒
12:38:22 INFO  - 开始保存聊天消息数据
12:38:22 INFO  - 聊天消息数据保存完成，共处理条 0 数据。耗时：0时0分0秒12毫秒
12:39:22 INFO  - 开始保存聊天消息数据
12:39:22 INFO  - 聊天消息数据保存完成，共处理条 0 数据。耗时：0时0分0秒15毫秒
12:40:22 INFO  - 开始保存聊天消息数据
12:40:22 INFO  - 聊天消息数据保存完成，共处理条 0 数据。耗时：0时0分0秒13毫秒
12:41:22 INFO  - 开始保存聊天消息数据
12:41:22 INFO  - 聊天消息数据保存完成，共处理条 0 数据。耗时：0时0分0秒14毫秒
12:42:22 INFO  - 开始保存聊天消息数据
12:42:22 INFO  - 聊天消息数据保存完成，共处理条 0 数据。耗时：0时0分0秒8毫秒
12:43:22 INFO  - 开始保存聊天消息数据
12:43:22 INFO  - 聊天消息数据保存完成，共处理条 0 数据。耗时：0时0分0秒8毫秒
12:44:22 INFO  - 开始保存聊天消息数据
12:44:22 INFO  - 聊天消息数据保存完成，共处理条 0 数据。耗时：0时0分0秒12毫秒
12:45:22 INFO  - 开始保存聊天消息数据
12:45:22 INFO  - 聊天消息数据保存完成，共处理条 0 数据。耗时：0时0分0秒12毫秒
12:46:22 INFO  - 开始保存聊天消息数据
12:46:22 INFO  - 聊天消息数据保存完成，共处理条 0 数据。耗时：0时0分0秒8毫秒
12:47:22 INFO  - 开始保存聊天消息数据
12:47:22 INFO  - 聊天消息数据保存完成，共处理条 0 数据。耗时：0时0分0秒12毫秒
12:48:22 INFO  - 开始保存聊天消息数据
12:48:22 INFO  - 聊天消息数据保存完成，共处理条 0 数据。耗时：0时0分0秒8毫秒
12:49:22 INFO  - 开始保存聊天消息数据
12:49:22 INFO  - 聊天消息数据保存完成，共处理条 0 数据。耗时：0时0分0秒12毫秒
12:50:22 INFO  - 开始保存聊天消息数据
12:50:22 INFO  - 聊天消息数据保存完成，共处理条 0 数据。耗时：0时0分0秒7毫秒
12:51:22 INFO  - 开始保存聊天消息数据
12:51:22 INFO  - 聊天消息数据保存完成，共处理条 0 数据。耗时：0时0分0秒12毫秒
12:52:22 INFO  - 开始保存聊天消息数据
12:52:22 INFO  - 聊天消息数据保存完成，共处理条 0 数据。耗时：0时0分0秒12毫秒
12:53:22 INFO  - 开始保存聊天消息数据
12:53:22 INFO  - 聊天消息数据保存完成，共处理条 0 数据。耗时：0时0分0秒12毫秒
12:54:22 INFO  - 开始保存聊天消息数据
12:54:22 INFO  - 聊天消息数据保存完成，共处理条 0 数据。耗时：0时0分0秒12毫秒
12:55:22 INFO  - 开始保存聊天消息数据
12:55:22 INFO  - 聊天消息数据保存完成，共处理条 0 数据。耗时：0时0分0秒10毫秒
12:56:22 INFO  - 开始保存聊天消息数据
12:56:22 INFO  - 聊天消息数据保存完成，共处理条 0 数据。耗时：0时0分0秒12毫秒
12:57:22 INFO  - 开始保存聊天消息数据
12:57:22 INFO  - 聊天消息数据保存完成，共处理条 0 数据。耗时：0时0分0秒12毫秒
12:58:22 INFO  - 开始保存聊天消息数据
12:58:22 INFO  - 聊天消息数据保存完成，共处理条 0 数据。耗时：0时0分0秒12毫秒
12:59:22 INFO  - 开始保存聊天消息数据
12:59:22 INFO  - 聊天消息数据保存完成，共处理条 0 数据。耗时：0时0分0秒11毫秒
13:00:22 INFO  - 开始保存聊天消息数据
13:00:22 INFO  - 聊天消息数据保存完成，共处理条 0 数据。耗时：0时0分0秒15毫秒
13:01:22 INFO  - 开始保存聊天消息数据
13:01:22 INFO  - 聊天消息数据保存完成，共处理条 0 数据。耗时：0时0分0秒12毫秒
13:02:22 INFO  - 开始保存聊天消息数据
13:02:22 INFO  - 聊天消息数据保存完成，共处理条 0 数据。耗时：0时0分0秒11毫秒
13:03:22 INFO  - 开始保存聊天消息数据
13:03:22 INFO  - 聊天消息数据保存完成，共处理条 0 数据。耗时：0时0分0秒11毫秒
13:04:22 INFO  - 开始保存聊天消息数据
13:04:22 INFO  - 聊天消息数据保存完成，共处理条 0 数据。耗时：0时0分0秒33毫秒
13:05:22 INFO  - 开始保存聊天消息数据
13:05:22 INFO  - 聊天消息数据保存完成，共处理条 0 数据。耗时：0时0分0秒10毫秒
13:06:22 INFO  - 开始保存聊天消息数据
13:06:22 INFO  - 聊天消息数据保存完成，共处理条 0 数据。耗时：0时0分0秒12毫秒
13:07:22 INFO  - 开始保存聊天消息数据
13:07:22 INFO  - 聊天消息数据保存完成，共处理条 0 数据。耗时：0时0分0秒13毫秒
13:08:22 INFO  - 开始保存聊天消息数据
13:08:22 INFO  - 聊天消息数据保存完成，共处理条 0 数据。耗时：0时0分0秒39毫秒
13:09:22 INFO  - 开始保存聊天消息数据
13:09:22 INFO  - 聊天消息数据保存完成，共处理条 0 数据。耗时：0时0分0秒18毫秒
13:10:22 INFO  - 开始保存聊天消息数据
13:10:22 INFO  - 聊天消息数据保存完成，共处理条 0 数据。耗时：0时0分0秒11毫秒
13:11:22 INFO  - 开始保存聊天消息数据
13:11:22 INFO  - 聊天消息数据保存完成，共处理条 0 数据。耗时：0时0分0秒8毫秒
13:12:22 INFO  - 开始保存聊天消息数据
13:12:22 INFO  - 聊天消息数据保存完成，共处理条 0 数据。耗时：0时0分0秒12毫秒
13:13:22 INFO  - 开始保存聊天消息数据
13:13:22 INFO  - 聊天消息数据保存完成，共处理条 0 数据。耗时：0时0分0秒11毫秒
13:14:22 INFO  - 开始保存聊天消息数据
13:14:22 INFO  - 聊天消息数据保存完成，共处理条 0 数据。耗时：0时0分0秒12毫秒
13:15:22 INFO  - 开始保存聊天消息数据
13:15:22 INFO  - 聊天消息数据保存完成，共处理条 0 数据。耗时：0时0分0秒7毫秒
13:16:22 INFO  - 开始保存聊天消息数据
13:16:22 INFO  - 聊天消息数据保存完成，共处理条 0 数据。耗时：0时0分0秒11毫秒
13:17:22 INFO  - 开始保存聊天消息数据
13:17:22 INFO  - 聊天消息数据保存完成，共处理条 0 数据。耗时：0时0分0秒12毫秒
13:18:22 INFO  - 开始保存聊天消息数据
13:18:22 INFO  - 聊天消息数据保存完成，共处理条 0 数据。耗时：0时0分0秒12毫秒
13:19:22 INFO  - 开始保存聊天消息数据
13:19:22 INFO  - 聊天消息数据保存完成，共处理条 0 数据。耗时：0时0分0秒12毫秒
13:20:22 INFO  - 开始保存聊天消息数据
13:20:22 INFO  - 聊天消息数据保存完成，共处理条 0 数据。耗时：0时0分0秒12毫秒
13:21:22 INFO  - 开始保存聊天消息数据
13:21:22 INFO  - 聊天消息数据保存完成，共处理条 0 数据。耗时：0时0分0秒12毫秒
13:22:22 INFO  - 开始保存聊天消息数据
13:22:22 INFO  - 聊天消息数据保存完成，共处理条 0 数据。耗时：0时0分0秒12毫秒
13:23:22 INFO  - 开始保存聊天消息数据
13:23:22 INFO  - 聊天消息数据保存完成，共处理条 0 数据。耗时：0时0分0秒11毫秒
13:24:22 INFO  - 开始保存聊天消息数据
13:24:22 INFO  - 聊天消息数据保存完成，共处理条 0 数据。耗时：0时0分0秒21毫秒
13:25:22 INFO  - 开始保存聊天消息数据
13:25:22 INFO  - 聊天消息数据保存完成，共处理条 0 数据。耗时：0时0分0秒12毫秒
13:26:22 INFO  - 开始保存聊天消息数据
13:26:22 INFO  - 聊天消息数据保存完成，共处理条 0 数据。耗时：0时0分0秒12毫秒
13:27:22 INFO  - 开始保存聊天消息数据
13:27:22 INFO  - 聊天消息数据保存完成，共处理条 0 数据。耗时：0时0分0秒12毫秒
13:28:22 INFO  - 开始保存聊天消息数据
13:28:22 INFO  - 聊天消息数据保存完成，共处理条 0 数据。耗时：0时0分0秒12毫秒
13:29:22 INFO  - 开始保存聊天消息数据
13:29:22 INFO  - 聊天消息数据保存完成，共处理条 0 数据。耗时：0时0分0秒45毫秒
13:30:22 INFO  - 开始保存聊天消息数据
13:30:22 INFO  - 聊天消息数据保存完成，共处理条 0 数据。耗时：0时0分0秒20毫秒
13:31:22 INFO  - 开始保存聊天消息数据
13:31:22 INFO  - 聊天消息数据保存完成，共处理条 0 数据。耗时：0时0分0秒13毫秒
13:32:22 INFO  - 开始保存聊天消息数据
13:32:22 INFO  - 聊天消息数据保存完成，共处理条 0 数据。耗时：0时0分0秒15毫秒
13:33:22 INFO  - 开始保存聊天消息数据
13:33:22 INFO  - 聊天消息数据保存完成，共处理条 0 数据。耗时：0时0分0秒12毫秒
13:34:22 INFO  - 开始保存聊天消息数据
13:34:22 INFO  - 聊天消息数据保存完成，共处理条 0 数据。耗时：0时0分0秒12毫秒
13:35:22 INFO  - 开始保存聊天消息数据
13:35:22 INFO  - 聊天消息数据保存完成，共处理条 0 数据。耗时：0时0分0秒11毫秒
13:36:22 INFO  - 开始保存聊天消息数据
13:36:22 INFO  - 聊天消息数据保存完成，共处理条 0 数据。耗时：0时0分0秒11毫秒
13:37:22 INFO  - 开始保存聊天消息数据
13:37:22 INFO  - 聊天消息数据保存完成，共处理条 0 数据。耗时：0时0分0秒12毫秒
13:38:22 INFO  - 开始保存聊天消息数据
13:38:22 INFO  - 聊天消息数据保存完成，共处理条 0 数据。耗时：0时0分0秒11毫秒
13:39:22 INFO  - 开始保存聊天消息数据
13:39:22 INFO  - 聊天消息数据保存完成，共处理条 0 数据。耗时：0时0分0秒12毫秒
13:40:22 INFO  - 开始保存聊天消息数据
13:40:22 INFO  - 聊天消息数据保存完成，共处理条 0 数据。耗时：0时0分0秒12毫秒
13:41:22 INFO  - 开始保存聊天消息数据
13:41:22 INFO  - 聊天消息数据保存完成，共处理条 0 数据。耗时：0时0分0秒11毫秒
13:42:22 INFO  - 开始保存聊天消息数据
13:42:22 INFO  - 聊天消息数据保存完成，共处理条 0 数据。耗时：0时0分0秒11毫秒
13:43:22 INFO  - 开始保存聊天消息数据
13:43:22 INFO  - 聊天消息数据保存完成，共处理条 0 数据。耗时：0时0分0秒12毫秒
13:44:22 INFO  - 开始保存聊天消息数据
13:44:22 INFO  - 聊天消息数据保存完成，共处理条 0 数据。耗时：0时0分0秒12毫秒
13:45:22 INFO  - 开始保存聊天消息数据
13:45:22 INFO  - 聊天消息数据保存完成，共处理条 0 数据。耗时：0时0分0秒12毫秒
13:46:22 INFO  - 开始保存聊天消息数据
13:46:22 INFO  - 聊天消息数据保存完成，共处理条 0 数据。耗时：0时0分0秒12毫秒
13:47:22 INFO  - 开始保存聊天消息数据
13:47:22 INFO  - 聊天消息数据保存完成，共处理条 0 数据。耗时：0时0分0秒14毫秒
13:48:22 INFO  - 开始保存聊天消息数据
13:48:22 INFO  - 聊天消息数据保存完成，共处理条 0 数据。耗时：0时0分0秒11毫秒
13:49:22 INFO  - 开始保存聊天消息数据
13:49:22 INFO  - 聊天消息数据保存完成，共处理条 0 数据。耗时：0时0分0秒11毫秒
13:50:22 INFO  - 开始保存聊天消息数据
13:50:22 INFO  - 聊天消息数据保存完成，共处理条 0 数据。耗时：0时0分0秒11毫秒
13:51:22 INFO  - 开始保存聊天消息数据
13:51:22 INFO  - 聊天消息数据保存完成，共处理条 0 数据。耗时：0时0分0秒12毫秒
13:52:22 INFO  - 开始保存聊天消息数据
13:52:22 INFO  - 聊天消息数据保存完成，共处理条 0 数据。耗时：0时0分0秒12毫秒
13:53:22 INFO  - 开始保存聊天消息数据
13:53:22 INFO  - 聊天消息数据保存完成，共处理条 0 数据。耗时：0时0分0秒12毫秒
13:54:22 INFO  - 开始保存聊天消息数据
13:54:22 INFO  - 聊天消息数据保存完成，共处理条 0 数据。耗时：0时0分0秒12毫秒
14:29:31 INFO  - 开始保存聊天消息数据
14:29:32 INFO  - 聊天消息数据保存完成，共处理条 0 数据。耗时：0时0分0秒538毫秒
14:30:31 INFO  - 开始保存聊天消息数据
14:30:31 INFO  - 聊天消息数据保存完成，共处理条 0 数据。耗时：0时0分0秒14毫秒
14:31:31 INFO  - 开始保存聊天消息数据
14:31:31 INFO  - 聊天消息数据保存完成，共处理条 0 数据。耗时：0时0分0秒16毫秒
14:32:31 INFO  - 开始保存聊天消息数据
14:32:31 INFO  - 聊天消息数据保存完成，共处理条 0 数据。耗时：0时0分0秒13毫秒
14:33:31 INFO  - 开始保存聊天消息数据
14:33:31 INFO  - 聊天消息数据保存完成，共处理条 0 数据。耗时：0时0分0秒8毫秒
14:34:31 INFO  - 开始保存聊天消息数据
14:34:31 INFO  - 聊天消息数据保存完成，共处理条 0 数据。耗时：0时0分0秒8毫秒
14:35:31 INFO  - 开始保存聊天消息数据
14:35:31 INFO  - 聊天消息数据保存完成，共处理条 0 数据。耗时：0时0分0秒8毫秒
14:36:31 INFO  - 开始保存聊天消息数据
14:36:31 INFO  - 聊天消息数据保存完成，共处理条 0 数据。耗时：0时0分0秒12毫秒
14:37:11 INFO  - Executed action GD.API.Controllers.Meal.MealAdminController.Login (API) in 449ms
14:37:18 INFO  - Executed action GD.API.Controllers.Meal.MealAdminController.Login (API) in 112ms
14:37:18 INFO  - Bad request GD.API.Controllers.Meal.MealAdminController.GetMealAccounts (API) with 医院参数不正确
14:37:25 INFO  - Executed action GD.API.Controllers.Meal.MealAdminController.GetMealAccounts (API) in 54ms
14:37:27 INFO  - Executed action GD.API.Controllers.Meal.MealAdminController.GetMealAccounts (API) in 14ms
14:37:28 INFO  - Executed action GD.API.Controllers.Meal.MealAdminController.GetMealAccounts (API) in 14ms
14:37:29 INFO  - Executed action GD.API.Controllers.Meal.MealAdminController.GetMealAccounts (API) in 13ms
14:37:29 INFO  - Executed action GD.API.Controllers.Meal.MealAdminController.GetMealAccounts (API) in 15ms
14:37:31 INFO  - 开始保存聊天消息数据
14:37:31 INFO  - 聊天消息数据保存完成，共处理条 0 数据。耗时：0时0分0秒8毫秒
14:38:31 INFO  - 开始保存聊天消息数据
14:38:31 INFO  - 聊天消息数据保存完成，共处理条 0 数据。耗时：0时0分0秒8毫秒
14:39:27 INFO  - Executed action GD.API.Controllers.Meal.MealAdminController.GetMealAccounts (API) in 18ms
14:39:31 INFO  - 开始保存聊天消息数据
14:39:31 INFO  - 聊天消息数据保存完成，共处理条 0 数据。耗时：0时0分0秒8毫秒
14:39:38 INFO  - Executed action GD.API.Controllers.Meal.MealAdminController.GetMealAccounts (API) in 15ms
14:39:44 INFO  - Bad request GD.API.Controllers.Meal.MealAdminController.GetMealAccounts (API) with 医院参数不正确
14:39:53 INFO  - Executed action GD.API.Controllers.Meal.MealAdminController.GetMealAccounts (API) in 21ms
14:40:03 INFO  - Executed action GD.API.Controllers.Meal.MealAdminController.GetMealAccounts (API) in 14ms
14:40:08 INFO  - Executed action GD.API.Controllers.Meal.MealAdminController.GetMealAccounts (API) in 14ms
14:40:28 INFO  - Executed action GD.API.Controllers.Meal.MealAdminController.GetMealAccounts (API) in 18ms
14:40:31 INFO  - 开始保存聊天消息数据
14:40:31 INFO  - 聊天消息数据保存完成，共处理条 0 数据。耗时：0时0分0秒8毫秒
14:40:32 INFO  - Executed action GD.API.Controllers.Meal.MealAdminController.GetMealCategories (API) in 143ms
14:40:34 INFO  - Executed action GD.API.Controllers.Meal.MealAdminController.GetMealAccounts (API) in 15ms
14:40:47 INFO  - Executed action GD.API.Controllers.Meal.MealAdminController.GetMealAccounts (API) in 15ms
14:40:53 INFO  - Executed action GD.API.Controllers.Meal.MealAdminController.GetMealAccounts (API) in 14ms
14:40:57 INFO  - Executed action GD.API.Controllers.Meal.MealAdminController.GetMealAccounts (API) in 18ms
14:40:59 INFO  - Executed action GD.API.Controllers.Meal.MealAdminController.GetMealAccounts (API) in 14ms
14:41:31 INFO  - 开始保存聊天消息数据
14:41:31 INFO  - 聊天消息数据保存完成，共处理条 0 数据。耗时：0时0分0秒13毫秒
14:42:31 INFO  - 开始保存聊天消息数据
14:42:31 INFO  - 聊天消息数据保存完成，共处理条 0 数据。耗时：0时0分0秒8毫秒
14:42:45 INFO  - Executed action GD.API.Controllers.Meal.MealAdminController.GetMealAccounts (API) in 14ms
14:42:58 INFO  - Executed action GD.API.Controllers.Meal.MealAdminController.GetMealAccounts (API) in 14ms
14:43:31 INFO  - 开始保存聊天消息数据
14:43:31 INFO  - 聊天消息数据保存完成，共处理条 0 数据。耗时：0时0分0秒13毫秒
14:43:42 INFO  - Executed action GD.API.Controllers.Meal.MealAdminController.GetMealAccounts (API) in 14ms
14:44:31 INFO  - 开始保存聊天消息数据
14:44:31 INFO  - 聊天消息数据保存完成，共处理条 0 数据。耗时：0时0分0秒9毫秒
14:45:31 INFO  - 开始保存聊天消息数据
14:45:31 INFO  - 聊天消息数据保存完成，共处理条 0 数据。耗时：0时0分0秒13毫秒
14:45:41 INFO  - Executed action GD.API.Controllers.Meal.MealAdminController.GetMealAccounts (API) in 15ms
14:46:31 INFO  - 开始保存聊天消息数据
14:46:31 INFO  - 聊天消息数据保存完成，共处理条 0 数据。耗时：0时0分0秒13毫秒
14:47:31 INFO  - 开始保存聊天消息数据
14:47:31 INFO  - 聊天消息数据保存完成，共处理条 0 数据。耗时：0时0分0秒12毫秒
14:48:30 INFO  - Executed action GD.API.Controllers.Meal.MealAdminController.GetMealAccounts (API) in 15ms
14:48:31 INFO  - 开始保存聊天消息数据
14:48:31 INFO  - 聊天消息数据保存完成，共处理条 0 数据。耗时：0时0分0秒20毫秒
14:48:56 INFO  - Executed action GD.API.Controllers.Meal.MealAdminController.GetMealAccounts (API) in 14ms
14:49:31 INFO  - 开始保存聊天消息数据
14:49:31 INFO  - 聊天消息数据保存完成，共处理条 0 数据。耗时：0时0分0秒18毫秒
14:50:31 INFO  - 开始保存聊天消息数据
14:50:31 INFO  - 聊天消息数据保存完成，共处理条 0 数据。耗时：0时0分0秒11毫秒
14:51:26 INFO  - 开始保存聊天消息数据
14:51:26 INFO  - 聊天消息数据保存完成，共处理条 0 数据。耗时：0时0分0秒606毫秒
14:51:56 INFO  - Executed action GD.API.Controllers.Meal.MealAdminController.GetMealAccounts (API) in 442ms
14:52:26 INFO  - 开始保存聊天消息数据
14:52:26 INFO  - 聊天消息数据保存完成，共处理条 0 数据。耗时：0时0分0秒6毫秒
14:53:26 INFO  - 开始保存聊天消息数据
14:53:26 INFO  - 聊天消息数据保存完成，共处理条 0 数据。耗时：0时0分0秒9毫秒
14:53:51 INFO  - Executed action GD.API.Controllers.Meal.MealAdminController.GetMealAccounts (API) in 30ms
14:54:20 INFO  - Executed action GD.API.Controllers.Meal.MealAdminController.GetMealAccounts (API) in 23ms
14:54:26 INFO  - 开始保存聊天消息数据
14:54:26 INFO  - 聊天消息数据保存完成，共处理条 0 数据。耗时：0时0分0秒9毫秒
14:54:51 INFO  - Executed action GD.API.Controllers.Meal.MealAdminController.GetMealAccounts (API) in 25ms
14:55:02 INFO  - Executed action GD.API.Controllers.Meal.MealAdminController.GetMealAccounts (API) in 25ms
14:55:11 INFO  - Executed action GD.API.Controllers.Meal.MealAdminController.GetMealAccounts (API) in 24ms
14:55:26 INFO  - 开始保存聊天消息数据
14:55:26 INFO  - 聊天消息数据保存完成，共处理条 0 数据。耗时：0时0分0秒9毫秒
14:55:31 INFO  - Executed action GD.API.Controllers.Meal.MealAdminController.GetMealAccounts (API) in 23ms
14:55:33 INFO  - Executed action GD.API.Controllers.Meal.MealAdminController.GetMealAccounts (API) in 23ms
14:56:26 INFO  - 开始保存聊天消息数据
14:56:26 INFO  - 聊天消息数据保存完成，共处理条 0 数据。耗时：0时0分0秒10毫秒
14:57:26 INFO  - 开始保存聊天消息数据
14:57:26 INFO  - 聊天消息数据保存完成，共处理条 0 数据。耗时：0时0分0秒11毫秒
14:58:14 INFO  - Executed action GD.API.Controllers.Meal.MealAdminController.GetMealAccounts (API) in 25ms
14:58:21 INFO  - Executed action GD.API.Controllers.Meal.MealAdminController.GetMealAccounts (API) in 22ms
14:58:26 INFO  - 开始保存聊天消息数据
14:58:26 INFO  - 聊天消息数据保存完成，共处理条 0 数据。耗时：0时0分0秒5毫秒
14:58:34 INFO  - Executed action GD.API.Controllers.Meal.MealAdminController.GetMealAccounts (API) in 28ms
14:58:49 INFO  - Executed action GD.API.Controllers.Meal.MealAdminController.GetMealAccounts (API) in 24ms
14:58:55 INFO  - Executed action GD.API.Controllers.Meal.MealAdminController.GetMealAccounts (API) in 24ms
14:59:01 INFO  - Executed action GD.API.Controllers.Meal.MealAdminController.GetMealAccounts (API) in 25ms
14:59:23 INFO  - Executed action GD.API.Controllers.Meal.MealAdminController.GetMealAccounts (API) in 24ms
14:59:26 INFO  - 开始保存聊天消息数据
14:59:26 INFO  - 聊天消息数据保存完成，共处理条 0 数据。耗时：0时0分0秒8毫秒
14:59:34 INFO  - Executed action GD.API.Controllers.Meal.MealAdminController.GetMealAccounts (API) in 25ms
15:00:06 INFO  - Executed action GD.API.Controllers.Meal.MealAdminController.GetMealAccounts (API) in 23ms
15:00:09 INFO  - Executed action GD.API.Controllers.Meal.MealAdminController.GetMealAccounts (API) in 23ms
15:00:26 INFO  - 开始保存聊天消息数据
15:00:26 INFO  - 聊天消息数据保存完成，共处理条 0 数据。耗时：0时0分0秒9毫秒
15:01:08 INFO  - Executed action GD.API.Controllers.Meal.MealAdminController.GetMealAccounts (API) in 25ms
15:01:09 INFO  - Executed action GD.API.Controllers.Meal.MealAdminController.GetMealAccounts (API) in 23ms
15:01:26 INFO  - 开始保存聊天消息数据
15:01:26 INFO  - 聊天消息数据保存完成，共处理条 0 数据。耗时：0时0分0秒6毫秒
15:02:12 INFO  - Executed action GD.API.Controllers.Meal.MealAdminController.GetMealAccounts (API) in 27ms
15:02:26 INFO  - 开始保存聊天消息数据
15:02:26 INFO  - 聊天消息数据保存完成，共处理条 0 数据。耗时：0时0分0秒19毫秒
15:02:27 INFO  - Executed action GD.API.Controllers.Meal.MealAdminController.GetMealAccounts (API) in 24ms
15:03:09 INFO  - Executed action GD.API.Controllers.Meal.MealAdminController.GetMealAccounts (API) in 23ms
15:03:26 INFO  - 开始保存聊天消息数据
15:03:26 INFO  - 聊天消息数据保存完成，共处理条 0 数据。耗时：0时0分0秒9毫秒
15:04:26 INFO  - 开始保存聊天消息数据
15:04:26 INFO  - 聊天消息数据保存完成，共处理条 0 数据。耗时：0时0分0秒14毫秒
15:05:03 INFO  - Executed action GD.API.Controllers.Meal.MealAdminController.GetMealAccounts (API) in 25ms
15:05:16 INFO  - Executed action GD.API.Controllers.Meal.MealAdminController.GetMealAccounts (API) in 24ms
15:05:26 INFO  - 开始保存聊天消息数据
15:05:26 INFO  - 聊天消息数据保存完成，共处理条 0 数据。耗时：0时0分0秒5毫秒
15:05:29 INFO  - Executed action GD.API.Controllers.Meal.MealAdminController.GetMealAccounts (API) in 23ms
15:05:40 INFO  - Executed action GD.API.Controllers.Meal.MealAdminController.GetMealAccounts (API) in 24ms
15:06:18 INFO  - Executed action GD.API.Controllers.Meal.MealAdminController.GetMealAccounts (API) in 23ms
15:06:24 INFO  - Executed action GD.API.Controllers.Meal.MealAdminController.GetMealAccounts (API) in 24ms
15:06:25 INFO  - Executed action GD.API.Controllers.Meal.MealAdminController.GetMealAccounts (API) in 25ms
15:06:26 INFO  - 开始保存聊天消息数据
15:06:26 INFO  - 聊天消息数据保存完成，共处理条 0 数据。耗时：0时0分0秒7毫秒
15:06:31 INFO  - Executed action GD.API.Controllers.Meal.MealAdminController.GetMealAccounts (API) in 24ms
15:06:40 INFO  - Executed action GD.API.Controllers.Meal.MealAdminController.GetMealAccounts (API) in 24ms
15:06:50 INFO  - Executed action GD.API.Controllers.Meal.MealAdminController.GetMealAccounts (API) in 23ms
15:07:02 INFO  - Executed action GD.API.Controllers.Meal.MealAdminController.GetMealAccounts (API) in 24ms
15:07:18 INFO  - Executed action GD.API.Controllers.Meal.MealAdminController.GetMealAccounts (API) in 25ms
15:07:21 INFO  - Executed action GD.API.Controllers.Meal.MealAdminController.GetMealAccounts (API) in 23ms
15:07:26 INFO  - 开始保存聊天消息数据
15:07:26 INFO  - 聊天消息数据保存完成，共处理条 0 数据。耗时：0时0分0秒5毫秒
15:07:29 INFO  - Executed action GD.API.Controllers.Meal.MealAdminController.GetMealAccounts (API) in 23ms
15:07:32 INFO  - Executed action GD.API.Controllers.Meal.MealAdminController.GetMealAccounts (API) in 24ms
15:07:35 INFO  - Executed action GD.API.Controllers.Meal.MealAdminController.GetMealAccounts (API) in 24ms
15:08:24 INFO  - Executed action GD.API.Controllers.Meal.MealAdminController.GetMealAccounts (API) in 24ms
15:08:26 INFO  - 开始保存聊天消息数据
15:08:26 INFO  - 聊天消息数据保存完成，共处理条 0 数据。耗时：0时0分0秒6毫秒
15:09:26 INFO  - 开始保存聊天消息数据
15:09:26 INFO  - 聊天消息数据保存完成，共处理条 0 数据。耗时：0时0分0秒10毫秒
15:10:14 INFO  - Executed action GD.API.Controllers.Meal.MealAdminController.GetMealAccounts (API) in 24ms
15:10:22 INFO  - Executed action GD.API.Controllers.Meal.MealAdminController.GetMealAccounts (API) in 25ms
15:10:26 INFO  - 开始保存聊天消息数据
15:10:26 INFO  - 聊天消息数据保存完成，共处理条 0 数据。耗时：0时0分0秒5毫秒
15:10:58 INFO  - Executed action GD.API.Controllers.Meal.MealAdminController.GetMealAccounts (API) in 53ms
15:11:15 INFO  - Executed action GD.API.Controllers.Meal.MealAdminController.GetMealAccounts (API) in 23ms
15:11:26 INFO  - 开始保存聊天消息数据
15:11:26 INFO  - 聊天消息数据保存完成，共处理条 0 数据。耗时：0时0分0秒6毫秒
15:12:26 INFO  - 开始保存聊天消息数据
15:12:26 INFO  - 聊天消息数据保存完成，共处理条 0 数据。耗时：0时0分0秒9毫秒
15:13:02 INFO  - Executed action GD.API.Controllers.Meal.MealAdminController.GetMealAccounts (API) in 25ms
15:13:26 INFO  - 开始保存聊天消息数据
15:13:26 INFO  - 聊天消息数据保存完成，共处理条 0 数据。耗时：0时0分0秒9毫秒
15:14:26 INFO  - 开始保存聊天消息数据
15:14:26 INFO  - 聊天消息数据保存完成，共处理条 0 数据。耗时：0时0分0秒9毫秒
15:14:49 INFO  - Executed action GD.API.Controllers.Meal.MealAdminController.GetMealAccounts (API) in 24ms
15:14:57 INFO  - Executed action GD.API.Controllers.Meal.MealAdminController.GetMealAccounts (API) in 23ms
15:14:58 INFO  - Executed action GD.API.Controllers.Meal.MealAdminController.GetMealAccounts (API) in 23ms
15:15:26 INFO  - 开始保存聊天消息数据
15:15:26 INFO  - 聊天消息数据保存完成，共处理条 0 数据。耗时：0时0分0秒13毫秒
15:16:26 INFO  - 开始保存聊天消息数据
15:16:26 INFO  - 聊天消息数据保存完成，共处理条 0 数据。耗时：0时0分0秒9毫秒
15:17:26 INFO  - 开始保存聊天消息数据
15:17:26 INFO  - 聊天消息数据保存完成，共处理条 0 数据。耗时：0时0分0秒10毫秒
15:18:26 INFO  - 开始保存聊天消息数据
15:18:26 INFO  - 聊天消息数据保存完成，共处理条 0 数据。耗时：0时0分0秒8毫秒
15:19:26 INFO  - 开始保存聊天消息数据
15:19:26 INFO  - 聊天消息数据保存完成，共处理条 0 数据。耗时：0时0分0秒8毫秒
15:20:26 INFO  - 开始保存聊天消息数据
15:20:26 INFO  - 聊天消息数据保存完成，共处理条 0 数据。耗时：0时0分0秒19毫秒
15:21:26 INFO  - 开始保存聊天消息数据
15:21:26 INFO  - 聊天消息数据保存完成，共处理条 0 数据。耗时：0时0分0秒9毫秒
15:22:26 INFO  - 开始保存聊天消息数据
15:22:26 INFO  - 聊天消息数据保存完成，共处理条 0 数据。耗时：0时0分0秒8毫秒
15:23:26 INFO  - 开始保存聊天消息数据
15:23:26 INFO  - 聊天消息数据保存完成，共处理条 0 数据。耗时：0时0分0秒8毫秒
15:24:26 INFO  - 开始保存聊天消息数据
15:24:26 INFO  - 聊天消息数据保存完成，共处理条 0 数据。耗时：0时0分0秒9毫秒
15:25:26 INFO  - 开始保存聊天消息数据
15:25:26 INFO  - 聊天消息数据保存完成，共处理条 0 数据。耗时：0时0分0秒9毫秒
15:26:26 INFO  - 开始保存聊天消息数据
15:26:26 INFO  - 聊天消息数据保存完成，共处理条 0 数据。耗时：0时0分0秒8毫秒
15:27:26 INFO  - 开始保存聊天消息数据
15:27:26 INFO  - 聊天消息数据保存完成，共处理条 0 数据。耗时：0时0分0秒17毫秒
15:28:26 INFO  - 开始保存聊天消息数据
15:28:26 INFO  - 聊天消息数据保存完成，共处理条 0 数据。耗时：0时0分0秒6毫秒
15:29:26 INFO  - 开始保存聊天消息数据
15:29:26 INFO  - 聊天消息数据保存完成，共处理条 0 数据。耗时：0时0分0秒6毫秒
15:30:26 INFO  - 开始保存聊天消息数据
15:30:26 INFO  - 聊天消息数据保存完成，共处理条 0 数据。耗时：0时0分0秒12毫秒
15:31:26 INFO  - 开始保存聊天消息数据
15:31:26 INFO  - 聊天消息数据保存完成，共处理条 0 数据。耗时：0时0分0秒9毫秒
15:32:26 INFO  - 开始保存聊天消息数据
15:32:26 INFO  - 聊天消息数据保存完成，共处理条 0 数据。耗时：0时0分0秒6毫秒
15:33:26 INFO  - 开始保存聊天消息数据
15:33:26 INFO  - 聊天消息数据保存完成，共处理条 0 数据。耗时：0时0分0秒9毫秒
15:34:26 INFO  - 开始保存聊天消息数据
15:34:26 INFO  - 聊天消息数据保存完成，共处理条 0 数据。耗时：0时0分0秒9毫秒
15:35:26 INFO  - 开始保存聊天消息数据
15:35:26 INFO  - 聊天消息数据保存完成，共处理条 0 数据。耗时：0时0分0秒9毫秒
15:36:26 INFO  - 开始保存聊天消息数据
15:36:26 INFO  - 聊天消息数据保存完成，共处理条 0 数据。耗时：0时0分0秒9毫秒
15:37:26 INFO  - 开始保存聊天消息数据
15:37:26 INFO  - 聊天消息数据保存完成，共处理条 0 数据。耗时：0时0分0秒10毫秒
15:38:26 INFO  - 开始保存聊天消息数据
15:38:26 INFO  - 聊天消息数据保存完成，共处理条 0 数据。耗时：0时0分0秒11毫秒
15:39:26 INFO  - 开始保存聊天消息数据
15:39:26 INFO  - 聊天消息数据保存完成，共处理条 0 数据。耗时：0时0分0秒10毫秒
15:40:26 INFO  - 开始保存聊天消息数据
15:40:26 INFO  - 聊天消息数据保存完成，共处理条 0 数据。耗时：0时0分0秒14毫秒
15:41:26 INFO  - 开始保存聊天消息数据
15:41:26 INFO  - 聊天消息数据保存完成，共处理条 0 数据。耗时：0时0分0秒10毫秒
15:41:31 INFO  - Executed action GD.API.Controllers.Meal.MealAdminController.GetMealAccounts (API) in 93ms
15:41:47 INFO  - Executed action GD.API.Controllers.Meal.MealAdminController.GetMealAccounts (API) in 27ms
15:41:56 INFO  - Executed action GD.API.Controllers.Meal.MealAdminController.GetMealAccounts (API) in 25ms
15:41:59 INFO  - Executed action GD.API.Controllers.Meal.MealAdminController.GetMealAccounts (API) in 25ms
15:42:08 INFO  - Executed action GD.API.Controllers.Meal.MealAdminController.GetMealAccounts (API) in 26ms
15:42:26 INFO  - 开始保存聊天消息数据
15:42:26 INFO  - 聊天消息数据保存完成，共处理条 0 数据。耗时：0时0分0秒9毫秒
15:43:26 INFO  - 开始保存聊天消息数据
15:43:26 INFO  - 聊天消息数据保存完成，共处理条 0 数据。耗时：0时0分0秒9毫秒
15:44:26 INFO  - 开始保存聊天消息数据
15:44:26 INFO  - 聊天消息数据保存完成，共处理条 0 数据。耗时：0时0分0秒9毫秒
15:45:26 INFO  - 开始保存聊天消息数据
15:45:26 INFO  - 聊天消息数据保存完成，共处理条 0 数据。耗时：0时0分0秒10毫秒
15:46:26 INFO  - 开始保存聊天消息数据
15:46:26 INFO  - 聊天消息数据保存完成，共处理条 0 数据。耗时：0时0分0秒9毫秒
15:47:26 INFO  - 开始保存聊天消息数据
15:47:26 INFO  - 聊天消息数据保存完成，共处理条 0 数据。耗时：0时0分0秒33毫秒
15:48:26 INFO  - 开始保存聊天消息数据
15:48:26 INFO  - 聊天消息数据保存完成，共处理条 0 数据。耗时：0时0分0秒17毫秒
15:49:26 INFO  - 开始保存聊天消息数据
15:49:26 INFO  - 聊天消息数据保存完成，共处理条 0 数据。耗时：0时0分0秒11毫秒
15:50:26 INFO  - 开始保存聊天消息数据
15:50:26 INFO  - 聊天消息数据保存完成，共处理条 0 数据。耗时：0时0分0秒8毫秒
15:50:47 INFO  - Executed action GD.API.Controllers.Meal.MealAdminController.GetMealAccounts (API) in 89ms
15:50:54 INFO  - Executed action GD.API.Controllers.Meal.MealAdminController.GetMealAccountDetails (API) in 118ms
15:51:26 INFO  - 开始保存聊天消息数据
15:51:26 INFO  - 聊天消息数据保存完成，共处理条 0 数据。耗时：0时0分0秒26毫秒
15:52:26 INFO  - 开始保存聊天消息数据
15:52:26 INFO  - 聊天消息数据保存完成，共处理条 0 数据。耗时：0时0分0秒11毫秒
15:53:26 INFO  - 开始保存聊天消息数据
15:53:26 INFO  - 聊天消息数据保存完成，共处理条 0 数据。耗时：0时0分0秒5毫秒
15:54:26 INFO  - 开始保存聊天消息数据
15:54:26 INFO  - 聊天消息数据保存完成，共处理条 0 数据。耗时：0时0分0秒8毫秒
15:54:29 INFO  - Executed action GD.API.Controllers.Meal.MealAdminController.GetMealAccountDetails (API) in 60ms
15:54:31 INFO  - Executed action GD.API.Controllers.Meal.MealAdminController.GetMealAccounts (API) in 22ms
15:55:26 INFO  - 开始保存聊天消息数据
15:55:26 INFO  - 聊天消息数据保存完成，共处理条 0 数据。耗时：0时0分0秒255毫秒
15:55:40 INFO  - Executed action GD.API.Controllers.Meal.MealAdminController.GetMealAccounts (API) in 23ms
15:55:41 INFO  - Executed action GD.API.Controllers.Meal.MealAdminController.GetMealAccounts (API) in 23ms
15:55:51 INFO  - Executed action GD.API.Controllers.Meal.MealAdminController.GetMealAccounts (API) in 23ms
15:56:26 INFO  - 开始保存聊天消息数据
15:56:26 INFO  - 聊天消息数据保存完成，共处理条 0 数据。耗时：0时0分0秒8毫秒
15:57:07 INFO  - Executed action GD.API.Controllers.Meal.MealAdminController.GetMealAccounts (API) in 23ms
15:57:08 INFO  - Executed action GD.API.Controllers.Meal.MealAdminController.GetMealAccounts (API) in 241ms
15:57:21 INFO  - Executed action GD.API.Controllers.Meal.MealAdminController.GetMealAccounts (API) in 21ms
15:57:26 INFO  - 开始保存聊天消息数据
15:57:26 INFO  - 聊天消息数据保存完成，共处理条 0 数据。耗时：0时0分0秒7毫秒
15:58:26 INFO  - 开始保存聊天消息数据
15:58:26 INFO  - 聊天消息数据保存完成，共处理条 0 数据。耗时：0时0分0秒8毫秒
15:58:43 INFO  - Executed action GD.API.Controllers.Meal.MealAdminController.GetMealAccounts (API) in 22ms
15:58:56 INFO  - Executed action GD.API.Controllers.Meal.MealAdminController.GetMealAccounts (API) in 21ms
15:58:59 INFO  - Executed action GD.API.Controllers.Meal.MealAdminController.GetMealAccounts (API) in 23ms
15:59:26 INFO  - 开始保存聊天消息数据
15:59:26 INFO  - 聊天消息数据保存完成，共处理条 0 数据。耗时：0时0分0秒14毫秒
16:00:26 INFO  - 开始保存聊天消息数据
16:00:26 INFO  - 聊天消息数据保存完成，共处理条 0 数据。耗时：0时0分0秒10毫秒
16:00:54 INFO  - Executed action GD.API.Controllers.Meal.MealAdminController.GetMealAccounts (API) in 24ms
16:01:01 INFO  - Executed action GD.API.Controllers.Meal.MealAdminController.GetMealAccounts (API) in 23ms
16:01:04 INFO  - Executed action GD.API.Controllers.Meal.MealAdminController.GetMealAccounts (API) in 23ms
16:01:13 INFO  - Executed action GD.API.Controllers.Meal.MealAdminController.GetMealAccounts (API) in 22ms
16:01:18 INFO  - Executed action GD.API.Controllers.Meal.MealAdminController.GetMealAccounts (API) in 25ms
16:01:26 INFO  - 开始保存聊天消息数据
16:01:26 INFO  - 聊天消息数据保存完成，共处理条 0 数据。耗时：0时0分0秒5毫秒
16:02:26 INFO  - 开始保存聊天消息数据
16:02:26 INFO  - 聊天消息数据保存完成，共处理条 0 数据。耗时：0时0分0秒9毫秒
16:02:30 INFO  - Executed action GD.API.Controllers.Meal.MealAdminController.GetMealAccounts (API) in 23ms
16:03:26 INFO  - 开始保存聊天消息数据
16:03:26 INFO  - 聊天消息数据保存完成，共处理条 0 数据。耗时：0时0分0秒9毫秒
16:04:26 INFO  - 开始保存聊天消息数据
16:04:26 INFO  - 聊天消息数据保存完成，共处理条 0 数据。耗时：0时0分0秒10毫秒
16:05:26 INFO  - 开始保存聊天消息数据
16:05:26 INFO  - 聊天消息数据保存完成，共处理条 0 数据。耗时：0时0分0秒9毫秒
16:06:26 INFO  - 开始保存聊天消息数据
16:06:26 INFO  - 聊天消息数据保存完成，共处理条 0 数据。耗时：0时0分0秒9毫秒
16:07:26 INFO  - 开始保存聊天消息数据
16:07:26 INFO  - 聊天消息数据保存完成，共处理条 0 数据。耗时：0时0分0秒10毫秒
16:08:26 INFO  - 开始保存聊天消息数据
16:08:26 INFO  - 聊天消息数据保存完成，共处理条 0 数据。耗时：0时0分0秒11毫秒
16:09:26 INFO  - 开始保存聊天消息数据
16:09:26 INFO  - 聊天消息数据保存完成，共处理条 0 数据。耗时：0时0分0秒7毫秒
16:09:32 INFO  - Executed action GD.API.Controllers.Meal.MealAdminController.GetMealAccounts (API) in 6609ms
16:09:32 INFO  - Executed action GD.API.Controllers.Meal.MealAdminController.GetMealAccounts (API) in 15ms
16:10:11 INFO  - Executed action GD.API.Controllers.Meal.MealAdminController.GetMealAccounts (API) in 15ms
16:10:26 INFO  - 开始保存聊天消息数据
16:10:26 INFO  - 聊天消息数据保存完成，共处理条 0 数据。耗时：0时0分0秒10毫秒
16:10:28 INFO  - Executed action GD.API.Controllers.Meal.MealAdminController.GetMealAccounts (API) in 231ms
16:10:35 INFO  - Executed action GD.API.Controllers.Meal.MealAdminController.GetMealAccounts (API) in 16ms
16:10:50 INFO  - Executed action GD.API.Controllers.Meal.MealAdminController.GetMealAccounts (API) in 17ms
16:10:55 INFO  - Executed action GD.API.Controllers.Meal.MealAdminController.GetMealAccounts (API) in 17ms
16:10:58 INFO  - Executed action GD.API.Controllers.Meal.MealAdminController.GetMealAccounts (API) in 236ms
16:11:26 INFO  - 开始保存聊天消息数据
16:11:26 INFO  - 聊天消息数据保存完成，共处理条 0 数据。耗时：0时0分0秒9毫秒
16:12:26 INFO  - 开始保存聊天消息数据
16:12:26 INFO  - 聊天消息数据保存完成，共处理条 0 数据。耗时：0时0分0秒8毫秒
16:13:26 INFO  - 开始保存聊天消息数据
16:13:26 INFO  - 聊天消息数据保存完成，共处理条 0 数据。耗时：0时0分0秒9毫秒
16:14:18 INFO  - Executed action GD.API.Controllers.Meal.MealAdminController.GetMealAccounts (API) in 18ms
16:14:26 INFO  - 开始保存聊天消息数据
16:14:26 INFO  - 聊天消息数据保存完成，共处理条 0 数据。耗时：0时0分0秒12毫秒
16:20:21 INFO  - 开始保存聊天消息数据
16:20:23 INFO  - 聊天消息数据保存完成，共处理条 0 数据。耗时：0时0分1秒590毫秒
16:20:28 INFO  - Executed action GD.API.Controllers.Meal.MealAdminController.GetMealAccounts (API) in 12ms
16:21:21 INFO  - 开始保存聊天消息数据
16:21:21 INFO  - 聊天消息数据保存完成，共处理条 0 数据。耗时：0时0分0秒13毫秒
16:22:21 INFO  - 开始保存聊天消息数据
16:22:21 INFO  - 聊天消息数据保存完成，共处理条 0 数据。耗时：0时0分0秒10毫秒
16:23:21 INFO  - 开始保存聊天消息数据
16:23:21 INFO  - 聊天消息数据保存完成，共处理条 0 数据。耗时：0时0分0秒8毫秒
16:24:04 INFO  - Executed action GD.API.Controllers.Meal.MealAdminController.GetMealAccounts (API) in 0ms
16:24:21 INFO  - 开始保存聊天消息数据
16:24:21 INFO  - 聊天消息数据保存完成，共处理条 0 数据。耗时：0时0分0秒8毫秒
16:24:54 INFO  - Executed action GD.API.Controllers.Meal.MealAdminController.GetMealAccounts (API) in 0ms
16:25:21 INFO  - 开始保存聊天消息数据
16:25:21 INFO  - 聊天消息数据保存完成，共处理条 0 数据。耗时：0时0分0秒15毫秒
16:26:17 INFO  - Executed action GD.API.Controllers.Meal.MealAdminController.GetMealAccounts (API) in 0ms
16:26:21 INFO  - 开始保存聊天消息数据
16:26:21 INFO  - 聊天消息数据保存完成，共处理条 0 数据。耗时：0时0分0秒9毫秒
16:26:26 INFO  - Executed action GD.API.Controllers.Meal.MealAdminController.GetMealAccounts (API) in 0ms
16:27:21 INFO  - 开始保存聊天消息数据
16:27:21 INFO  - 聊天消息数据保存完成，共处理条 0 数据。耗时：0时0分0秒16毫秒
16:27:27 INFO  - Executed action GD.API.Controllers.Meal.MealAdminController.GetMealAccounts (API) in 0ms
16:27:37 INFO  - Executed action GD.API.Controllers.Meal.MealAdminController.GetMealAccounts (API) in 0ms
16:27:55 INFO  - Executed action GD.API.Controllers.Meal.MealAdminController.GetMealAccounts (API) in 0ms
16:28:21 INFO  - 开始保存聊天消息数据
16:28:21 INFO  - 聊天消息数据保存完成，共处理条 0 数据。耗时：0时0分0秒7毫秒
16:28:38 INFO  - Executed action GD.API.Controllers.Meal.MealAdminController.GetMealAccounts (API) in 0ms
16:29:21 INFO  - 开始保存聊天消息数据
16:29:21 INFO  - 聊天消息数据保存完成，共处理条 0 数据。耗时：0时0分0秒7毫秒
16:31:19 INFO  - 开始保存聊天消息数据
16:31:20 INFO  - 聊天消息数据保存完成，共处理条 0 数据。耗时：0时0分0秒595毫秒
16:31:24 INFO  - Executed action GD.API.Controllers.Meal.MealAdminController.GetMealAccounts (API) in 11ms
16:32:19 INFO  - 开始保存聊天消息数据
16:32:19 INFO  - 聊天消息数据保存完成，共处理条 0 数据。耗时：0时0分0秒10毫秒
16:33:12 INFO  - Executed action GD.API.Controllers.Meal.MealAdminController.GetMealAccounts (API) in 0ms
16:33:19 INFO  - 开始保存聊天消息数据
16:33:19 INFO  - 聊天消息数据保存完成，共处理条 0 数据。耗时：0时0分0秒7毫秒
16:34:19 INFO  - 开始保存聊天消息数据
16:34:19 INFO  - 聊天消息数据保存完成，共处理条 0 数据。耗时：0时0分0秒10毫秒
16:35:19 INFO  - 开始保存聊天消息数据
16:35:19 INFO  - 聊天消息数据保存完成，共处理条 0 数据。耗时：0时0分0秒5毫秒
16:36:10 INFO  - 开始保存聊天消息数据
16:36:11 INFO  - 聊天消息数据保存完成，共处理条 0 数据。耗时：0时0分0秒755毫秒
16:36:18 INFO  - Executed action GD.API.Controllers.Meal.MealAdminController.GetMealAccounts (API) in 12ms
16:36:25 INFO  - Executed action GD.API.Controllers.Meal.MealAdminController.GetMealAccounts (API) in 0ms
16:37:00 INFO  - Executed action GD.API.Controllers.Meal.MealAdminController.GetMealAccounts (API) in 0ms
16:37:10 INFO  - 开始保存聊天消息数据
16:37:10 INFO  - 聊天消息数据保存完成，共处理条 0 数据。耗时：0时0分0秒8毫秒
16:37:25 INFO  - Executed action GD.API.Controllers.Meal.MealAdminController.GetMealAccounts (API) in 0ms
16:37:34 INFO  - Executed action GD.API.Controllers.Meal.MealAdminController.GetMealAccounts (API) in 0ms
16:37:35 INFO  - Executed action GD.API.Controllers.Meal.MealAdminController.GetMealAccounts (API) in 0ms
16:38:10 INFO  - 开始保存聊天消息数据
16:38:10 INFO  - 聊天消息数据保存完成，共处理条 0 数据。耗时：0时0分0秒11毫秒
16:39:10 INFO  - 开始保存聊天消息数据
16:39:10 INFO  - 聊天消息数据保存完成，共处理条 0 数据。耗时：0时0分0秒10毫秒
16:39:23 INFO  - Executed action GD.API.Controllers.Meal.MealAdminController.GetMealAccounts (API) in 0ms
16:40:10 INFO  - 开始保存聊天消息数据
16:40:10 INFO  - 聊天消息数据保存完成，共处理条 0 数据。耗时：0时0分0秒8毫秒
16:40:25 INFO  - Executed action GD.API.Controllers.Meal.MealAdminController.GetMealAccounts (API) in 0ms
16:40:28 INFO  - Executed action GD.API.Controllers.Meal.MealAdminController.GetMealAccounts (API) in 0ms
16:41:10 INFO  - 开始保存聊天消息数据
16:41:10 INFO  - 聊天消息数据保存完成，共处理条 0 数据。耗时：0时0分0秒10毫秒
16:42:10 INFO  - 开始保存聊天消息数据
16:42:10 INFO  - 聊天消息数据保存完成，共处理条 0 数据。耗时：0时0分0秒7毫秒
16:42:16 INFO  - Executed action GD.API.Controllers.Meal.MealAdminController.GetMealAccounts (API) in 0ms
16:43:10 INFO  - 开始保存聊天消息数据
16:43:10 INFO  - 聊天消息数据保存完成，共处理条 0 数据。耗时：0时0分0秒11毫秒
16:44:10 INFO  - 开始保存聊天消息数据
16:44:10 INFO  - 聊天消息数据保存完成，共处理条 0 数据。耗时：0时0分0秒7毫秒
16:44:31 INFO  - Executed action GD.API.Controllers.Meal.MealAdminController.GetMealAccounts (API) in 0ms
16:45:10 INFO  - 开始保存聊天消息数据
16:45:10 INFO  - 聊天消息数据保存完成，共处理条 0 数据。耗时：0时0分0秒8毫秒
16:45:31 INFO  - Executed action GD.API.Controllers.Meal.MealAdminController.GetMealAccounts (API) in 0ms
16:46:10 INFO  - 开始保存聊天消息数据
16:46:10 INFO  - 聊天消息数据保存完成，共处理条 0 数据。耗时：0时0分0秒13毫秒
16:46:25 INFO  - Executed action GD.API.Controllers.Meal.MealAdminController.GetMealAccounts (API) in 0ms
16:46:31 INFO  - Executed action GD.API.Controllers.Meal.MealAdminController.GetMealAccounts (API) in 0ms
16:46:57 INFO  - Executed action GD.API.Controllers.Meal.MealAdminController.GetMealAccounts (API) in 0ms
16:47:06 INFO  - Executed action GD.API.Controllers.Meal.MealAdminController.GetMealAccounts (API) in 0ms
16:47:10 INFO  - 开始保存聊天消息数据
16:47:10 INFO  - 聊天消息数据保存完成，共处理条 0 数据。耗时：0时0分0秒7毫秒
16:47:14 INFO  - Executed action GD.API.Controllers.Meal.MealAdminController.GetMealAccounts (API) in 0ms
16:48:10 INFO  - 开始保存聊天消息数据
16:48:10 INFO  - 聊天消息数据保存完成，共处理条 0 数据。耗时：0时0分0秒11毫秒
16:49:10 INFO  - 开始保存聊天消息数据
16:49:10 INFO  - 聊天消息数据保存完成，共处理条 0 数据。耗时：0时0分0秒10毫秒
16:50:10 INFO  - 开始保存聊天消息数据
16:50:10 INFO  - 聊天消息数据保存完成，共处理条 0 数据。耗时：0时0分0秒11毫秒
16:50:59 INFO  - Executed action GD.API.Controllers.Meal.MealAdminController.GetMealAccounts (API) in 0ms
16:50:59 INFO  - Executed action GD.API.Controllers.Meal.MealAdminController.GetMealAccounts (API) in 3ms
16:50:59 INFO  - Executed action GD.API.Controllers.Meal.MealAdminController.GetMealAccounts (API) in 0ms
16:50:59 INFO  - Executed action GD.API.Controllers.Meal.MealAdminController.GetMealAccounts (API) in 0ms
16:50:59 INFO  - Executed action GD.API.Controllers.Meal.MealAdminController.GetMealAccounts (API) in 0ms
16:51:10 INFO  - 开始保存聊天消息数据
16:51:10 INFO  - 聊天消息数据保存完成，共处理条 0 数据。耗时：0时0分0秒18毫秒
16:51:23 INFO  - Executed action GD.API.Controllers.Meal.MealAdminController.GetMealAccounts (API) in 0ms
16:51:26 INFO  - Executed action GD.API.Controllers.Meal.MealAdminController.GetMealAccounts (API) in 0ms
16:51:27 INFO  - Executed action GD.API.Controllers.Meal.MealAdminController.GetMealAccounts (API) in 0ms
16:51:52 INFO  - Executed action GD.API.Controllers.Meal.MealAdminController.GetMealAccounts (API) in 0ms
16:52:10 INFO  - 开始保存聊天消息数据
16:52:10 INFO  - 聊天消息数据保存完成，共处理条 0 数据。耗时：0时0分0秒10毫秒
16:52:21 INFO  - Executed action GD.API.Controllers.Meal.MealAdminController.GetMealAccounts (API) in 0ms
16:53:10 INFO  - 开始保存聊天消息数据
16:53:10 INFO  - 聊天消息数据保存完成，共处理条 0 数据。耗时：0时0分0秒12毫秒
16:53:36 INFO  - Executed action GD.API.Controllers.Meal.MealAdminController.GetMealAccounts (API) in 0ms
16:54:10 INFO  - 开始保存聊天消息数据
16:54:10 INFO  - 聊天消息数据保存完成，共处理条 0 数据。耗时：0时0分0秒8毫秒
16:54:39 INFO  - Executed action GD.API.Controllers.Meal.MealAdminController.GetMealAccounts (API) in 0ms
16:55:10 INFO  - 开始保存聊天消息数据
16:55:10 INFO  - 聊天消息数据保存完成，共处理条 0 数据。耗时：0时0分0秒11毫秒
16:56:04 INFO  - Executed action GD.API.Controllers.Meal.MealAdminController.GetMealAccounts (API) in 0ms
16:56:10 INFO  - 开始保存聊天消息数据
16:56:10 INFO  - 聊天消息数据保存完成，共处理条 0 数据。耗时：0时0分0秒8毫秒
16:57:06 INFO  - Executed action GD.API.Controllers.Meal.MealAdminController.GetMealAccounts (API) in 0ms
16:57:10 INFO  - 开始保存聊天消息数据
16:57:10 INFO  - 聊天消息数据保存完成，共处理条 0 数据。耗时：0时0分0秒9毫秒
16:57:28 INFO  - Executed action GD.API.Controllers.Meal.MealAdminController.GetMealAccounts (API) in 0ms
16:57:33 INFO  - Executed action GD.API.Controllers.Meal.MealAdminController.GetMealAccounts (API) in 0ms
16:58:10 INFO  - 开始保存聊天消息数据
16:58:10 INFO  - 聊天消息数据保存完成，共处理条 0 数据。耗时：0时0分0秒12毫秒
16:59:10 INFO  - 开始保存聊天消息数据
16:59:10 INFO  - 聊天消息数据保存完成，共处理条 0 数据。耗时：0时0分0秒13毫秒
16:59:13 INFO  - Executed action GD.API.Controllers.Meal.MealAdminController.GetMealAccounts (API) in 0ms
16:59:14 INFO  - Executed action GD.API.Controllers.Meal.MealAdminController.GetMealAccounts (API) in 0ms
16:59:16 INFO  - Executed action GD.API.Controllers.Meal.MealAdminController.GetMealAccounts (API) in 0ms
16:59:16 INFO  - Executed action GD.API.Controllers.Meal.MealAdminController.GetMealAccounts (API) in 0ms
17:00:10 INFO  - 开始保存聊天消息数据
17:00:10 INFO  - 聊天消息数据保存完成，共处理条 0 数据。耗时：0时0分0秒10毫秒
17:01:10 INFO  - 开始保存聊天消息数据
17:01:10 INFO  - 聊天消息数据保存完成，共处理条 0 数据。耗时：0时0分0秒10毫秒
17:01:40 INFO  - Executed action GD.API.Controllers.Meal.MealAdminController.GetMealAccounts (API) in 0ms
17:01:43 INFO  - Executed action GD.API.Controllers.Meal.MealAdminController.GetMealAccounts (API) in 0ms
17:01:52 INFO  - Executed action GD.API.Controllers.Meal.MealAdminController.GetMealAccounts (API) in 0ms
17:02:05 INFO  - Executed action GD.API.Controllers.Meal.MealAdminController.GetMealAccounts (API) in 3ms
17:02:10 INFO  - 开始保存聊天消息数据
17:02:10 INFO  - 聊天消息数据保存完成，共处理条 0 数据。耗时：0时0分0秒9毫秒
17:03:10 INFO  - 开始保存聊天消息数据
17:03:10 INFO  - 聊天消息数据保存完成，共处理条 0 数据。耗时：0时0分0秒11毫秒
17:03:29 INFO  - Executed action GD.API.Controllers.Meal.MealAdminController.GetMealAccounts (API) in 0ms
17:03:36 INFO  - Executed action GD.API.Controllers.Meal.MealAdminController.GetMealAccounts (API) in 0ms
17:03:42 INFO  - Executed action GD.API.Controllers.Meal.MealAdminController.GetMealAccounts (API) in 0ms
17:03:53 INFO  - Executed action GD.API.Controllers.Meal.MealAdminController.GetMealAccounts (API) in 0ms
17:04:10 INFO  - 开始保存聊天消息数据
17:04:10 INFO  - 聊天消息数据保存完成，共处理条 0 数据。耗时：0时0分0秒11毫秒
17:04:54 INFO  - Executed action GD.API.Controllers.Meal.MealAdminController.GetMealAccounts (API) in 0ms
17:04:55 INFO  - Executed action GD.API.Controllers.Meal.MealAdminController.GetMealAccounts (API) in 0ms
17:05:04 INFO  - Executed action GD.API.Controllers.Meal.MealAdminController.GetMealAccounts (API) in 0ms
17:05:10 INFO  - 开始保存聊天消息数据
17:05:10 INFO  - 聊天消息数据保存完成，共处理条 0 数据。耗时：0时0分0秒8毫秒
17:05:20 INFO  - Executed action GD.API.Controllers.Meal.MealAdminController.GetMealAccounts (API) in 0ms
17:06:10 INFO  - 开始保存聊天消息数据
17:06:10 INFO  - 聊天消息数据保存完成，共处理条 0 数据。耗时：0时0分0秒12毫秒
17:06:26 INFO  - Executed action GD.API.Controllers.Meal.MealAdminController.GetMealAccounts (API) in 0ms
17:06:35 INFO  - Executed action GD.API.Controllers.Meal.MealAdminController.GetMealAccounts (API) in 0ms
17:06:39 INFO  - Executed action GD.API.Controllers.Meal.MealAdminController.GetMealAccounts (API) in 0ms
17:06:41 INFO  - Executed action GD.API.Controllers.Meal.MealAdminController.GetMealAccounts (API) in 0ms
17:06:43 INFO  - Executed action GD.API.Controllers.Meal.MealAdminController.GetMealAccounts (API) in 0ms
17:07:10 INFO  - 开始保存聊天消息数据
17:07:10 INFO  - 聊天消息数据保存完成，共处理条 0 数据。耗时：0时0分0秒11毫秒
17:07:43 INFO  - Executed action GD.API.Controllers.Meal.MealAdminController.GetMealAccounts (API) in 0ms
17:07:45 INFO  - Executed action GD.API.Controllers.Meal.MealAdminController.GetMealAccounts (API) in 0ms
17:07:48 INFO  - Executed action GD.API.Controllers.Meal.MealAdminController.GetMealAccounts (API) in 0ms
17:07:51 INFO  - Executed action GD.API.Controllers.Meal.MealAdminController.GetMealAccounts (API) in 0ms
17:08:06 INFO  - Executed action GD.API.Controllers.Meal.MealAdminController.GetMealAccounts (API) in 0ms
17:08:10 INFO  - 开始保存聊天消息数据
17:08:10 INFO  - 聊天消息数据保存完成，共处理条 0 数据。耗时：0时0分0秒7毫秒
17:08:12 INFO  - Executed action GD.API.Controllers.Meal.MealAdminController.GetMealAccounts (API) in 0ms
17:08:16 INFO  - Executed action GD.API.Controllers.Meal.MealAdminController.GetMealAccounts (API) in 0ms
17:08:23 INFO  - Executed action GD.API.Controllers.Meal.MealAdminController.UpdateMealAccountIdentity (API) in 3ms
17:08:36 INFO  - Executed action GD.API.Controllers.Meal.MealAdminController.UpdateMealAccountIdentity (API) in 0ms
17:11:16 INFO  - Executed action GD.API.Controllers.Meal.MealAdminController.UpdateMealAccountIdentity (API) in 137344ms
17:11:16 INFO  - 开始保存聊天消息数据
17:11:16 INFO  - 聊天消息数据保存完成，共处理条 0 数据。耗时：0时0分0秒16毫秒
17:19:30 INFO  - 开始保存聊天消息数据
17:19:30 INFO  - 聊天消息数据保存完成，共处理条 0 数据。耗时：0时0分0秒571毫秒
17:20:09 INFO  - Executed action GD.API.Controllers.Meal.MealAdminController.UpdateMealAccountIdentity (API) in 11086ms
17:20:09 INFO  - Executed action GD.API.Controllers.Meal.MealAdminController.GetMealAccounts (API) in 1ms
17:20:15 INFO  - Executed action GD.API.Controllers.Meal.MealAdminController.UpdateMealAccountIdentity (API) in 2913ms
17:20:16 INFO  - Executed action GD.API.Controllers.Meal.MealAdminController.GetMealAccounts (API) in 0ms
17:20:29 INFO  - 开始保存聊天消息数据
17:20:29 INFO  - 聊天消息数据保存完成，共处理条 0 数据。耗时：0时0分0秒5毫秒
17:20:37 INFO  - Executed action GD.API.Controllers.Meal.MealAdminController.GetMealAccounts (API) in 0ms
17:20:40 INFO  - Executed action GD.API.Controllers.Meal.MealAdminController.GetMealAccounts (API) in 0ms
17:20:45 INFO  - Executed action GD.API.Controllers.Meal.MealAdminController.GetMealAccounts (API) in 0ms
17:20:48 INFO  - Executed action GD.API.Controllers.Meal.MealAdminController.UpdateMealAccountIdentity (API) in 74ms
17:20:48 INFO  - Executed action GD.API.Controllers.Meal.MealAdminController.GetMealAccounts (API) in 0ms
17:20:51 INFO  - Executed action GD.API.Controllers.Meal.MealAdminController.UpdateMealAccountIdentity (API) in 74ms
17:20:51 INFO  - Executed action GD.API.Controllers.Meal.MealAdminController.GetMealAccounts (API) in 0ms
17:21:29 INFO  - 开始保存聊天消息数据
17:21:29 INFO  - 聊天消息数据保存完成，共处理条 0 数据。耗时：0时0分0秒5毫秒
17:21:32 INFO  - Executed action GD.API.Controllers.Meal.MealAdminController.GetMealAccounts (API) in 0ms
17:21:39 INFO  - Executed action GD.API.Controllers.Meal.MealAdminController.GetMealAccounts (API) in 0ms
17:21:43 INFO  - Executed action GD.API.Controllers.Meal.MealAdminController.GetMealAccounts (API) in 0ms
17:21:44 INFO  - Executed action GD.API.Controllers.Meal.MealAdminController.GetMealAccounts (API) in 0ms
17:21:58 INFO  - Executed action GD.API.Controllers.Meal.MealAdminController.GetMealAccounts (API) in 0ms
17:22:06 INFO  - Executed action GD.API.Controllers.Meal.MealAdminController.GetMealAccounts (API) in 0ms
17:22:10 INFO  - Executed action GD.API.Controllers.Meal.MealAdminController.GetMealAccounts (API) in 0ms
17:22:14 INFO  - Executed action GD.API.Controllers.Meal.MealAdminController.GetMealAccounts (API) in 0ms
17:22:29 INFO  - 开始保存聊天消息数据
17:22:29 INFO  - 聊天消息数据保存完成，共处理条 0 数据。耗时：0时0分0秒8毫秒
17:22:34 INFO  - Executed action GD.API.Controllers.Meal.MealAdminController.GetMealAccounts (API) in 0ms
17:23:28 INFO  - Executed action GD.API.Controllers.Meal.MealAdminController.GetMealAccounts (API) in 0ms
17:23:29 INFO  - 开始保存聊天消息数据
17:23:29 INFO  - 聊天消息数据保存完成，共处理条 0 数据。耗时：0时0分0秒6毫秒
17:23:31 INFO  - Executed action GD.API.Controllers.Meal.MealAdminController.GetMealAccounts (API) in 2ms
17:23:36 INFO  - Executed action GD.API.Controllers.Meal.MealAdminController.GetMealAccounts (API) in 0ms
17:23:36 INFO  - Executed action GD.API.Controllers.Meal.MealAdminController.UpdateMealAccountStatus (API) in 62ms
17:23:36 INFO  - Executed action GD.API.Controllers.Meal.MealAdminController.GetMealAccounts (API) in 0ms
17:23:37 INFO  - Executed action GD.API.Controllers.Meal.MealAdminController.UpdateMealAccountStatus (API) in 55ms
17:23:37 INFO  - Executed action GD.API.Controllers.Meal.MealAdminController.GetMealAccounts (API) in 0ms
17:24:09 INFO  - Executed action GD.API.Controllers.Meal.MealAdminController.GetMealAccounts (API) in 0ms
17:24:18 INFO  - Executed action GD.API.Controllers.Meal.MealAdminController.UpdateMealAccountStatus (API) in 54ms
17:24:18 INFO  - Executed action GD.API.Controllers.Meal.MealAdminController.GetMealAccounts (API) in 0ms
17:24:23 INFO  - Executed action GD.API.Controllers.Meal.MealAdminController.UpdateMealAccountIdentity (API) in 74ms
17:24:23 INFO  - Executed action GD.API.Controllers.Meal.MealAdminController.GetMealAccounts (API) in 0ms
17:24:29 INFO  - 开始保存聊天消息数据
17:24:29 INFO  - 聊天消息数据保存完成，共处理条 0 数据。耗时：0时0分0秒5毫秒
17:24:31 INFO  - Executed action GD.API.Controllers.Meal.MealAdminController.GetMealAccounts (API) in 0ms
17:24:36 INFO  - Executed action GD.API.Controllers.Meal.MealAdminController.GetMealAccountDetails (API) in 82ms
17:25:29 INFO  - 开始保存聊天消息数据
17:25:29 INFO  - 聊天消息数据保存完成，共处理条 0 数据。耗时：0时0分0秒10毫秒
17:25:40 INFO  - Executed action GD.API.Controllers.Meal.MealAdminController.GetMealAccounts (API) in 0ms
17:25:42 INFO  - Executed action GD.API.Controllers.Meal.MealAdminController.GetMealAccountDetails (API) in 65ms
17:25:44 INFO  - Executed action GD.API.Controllers.Meal.MealAdminController.GetMealAccounts (API) in 0ms
17:25:46 INFO  - Executed action GD.API.Controllers.Meal.MealAdminController.GetMealAccountDetails (API) in 66ms
17:25:50 INFO  - Executed action GD.API.Controllers.Meal.MealAdminController.GetMealAccountDetails (API) in 65ms
17:25:50 INFO  - Executed action GD.API.Controllers.Meal.MealAdminController.GetMealAccountDetails (API) in 70ms
17:25:50 INFO  - Executed action GD.API.Controllers.Meal.MealAdminController.GetMealAccountDetails (API) in 69ms
17:28:24 INFO  - 开始保存聊天消息数据
17:28:24 INFO  - 聊天消息数据保存完成，共处理条 0 数据。耗时：0时0分0秒666毫秒
17:28:29 INFO  - Executed action GD.API.Controllers.Meal.MealAdminController.GetMealAccountDetails (API) in 11ms
17:30:09 INFO  - 开始保存聊天消息数据
17:30:10 INFO  - 聊天消息数据保存完成，共处理条 0 数据。耗时：0时0分0秒771毫秒
17:30:11 INFO  - Executed action GD.API.Controllers.Meal.MealAdminController.GetMealAccountDetails (API) in 12ms
17:30:17 INFO  - Executed action GD.API.Controllers.Meal.MealAdminController.GetMealAccountDetails (API) in 0ms
17:31:09 INFO  - 开始保存聊天消息数据
17:31:09 INFO  - 聊天消息数据保存完成，共处理条 0 数据。耗时：0时0分0秒24毫秒
17:31:31 INFO  - Executed action GD.API.Controllers.Meal.MealAdminController.GetMealAccountDetails (API) in 0ms
17:31:44 INFO  - Executed action GD.API.Controllers.Meal.MealAdminController.GetMealAccountDetails (API) in 0ms
17:32:09 INFO  - 开始保存聊天消息数据
17:32:09 INFO  - 聊天消息数据保存完成，共处理条 0 数据。耗时：0时0分0秒9毫秒
17:33:05 INFO  - Executed action GD.API.Controllers.Meal.MealAdminController.GetMealAccountDetails (API) in 0ms
17:33:09 INFO  - 开始保存聊天消息数据
17:33:09 INFO  - 聊天消息数据保存完成，共处理条 0 数据。耗时：0时0分0秒9毫秒
17:33:11 INFO  - Executed action GD.API.Controllers.Meal.MealAdminController.GetMealAccountDetails (API) in 0ms
17:33:19 INFO  - Executed action GD.API.Controllers.Meal.MealAdminController.GetMealAccountDetails (API) in 0ms
17:33:58 INFO  - 开始保存聊天消息数据
17:33:59 INFO  - 聊天消息数据保存完成，共处理条 0 数据。耗时：0时0分0秒602毫秒
17:34:14 INFO  - Executed action GD.API.Controllers.Meal.MealAdminController.GetMealAccounts (API) in 15ms
17:34:20 INFO  - Executed action GD.API.Controllers.Meal.MealAdminController.GetMealAccounts (API) in 0ms
17:34:39 INFO  - Executed action GD.API.Controllers.Meal.MealAdminController.GetMealAccounts (API) in 0ms
17:34:43 INFO  - Executed action GD.API.Controllers.Meal.MealAdminController.GetMealAccountDetails (API) in 526ms
17:34:45 INFO  - Executed action GD.API.Controllers.Meal.MealAdminController.GetMealCategories (API) in 167ms
17:34:46 INFO  - Executed action GD.API.Controllers.Meal.MealAdminController.GetMealDishes (API) in 62ms
17:34:58 INFO  - 开始保存聊天消息数据
17:34:58 INFO  - 聊天消息数据保存完成，共处理条 0 数据。耗时：0时0分0秒8毫秒
17:35:58 INFO  - 开始保存聊天消息数据
17:35:58 INFO  - 聊天消息数据保存完成，共处理条 0 数据。耗时：0时0分0秒12毫秒
17:36:05 INFO  - Executed action GD.API.Controllers.Meal.MealAdminController.GetMealDishes (API) in 56ms
17:36:10 INFO  - Executed action GD.API.Controllers.Meal.MealAdminController.GetMealCategories (API) in 20ms
17:36:13 INFO  - Executed action GD.API.Controllers.Meal.MealAdminController.GetMealAccounts (API) in 0ms
17:36:14 INFO  - Executed action GD.API.Controllers.Meal.MealAdminController.GetMealAccountDetails (API) in 54ms
17:36:16 INFO  - Executed action GD.API.Controllers.Meal.MealAdminController.GetMealAccounts (API) in 0ms
17:36:58 INFO  - 开始保存聊天消息数据
17:36:58 INFO  - 聊天消息数据保存完成，共处理条 0 数据。耗时：0时0分0秒7毫秒
17:37:58 INFO  - 开始保存聊天消息数据
17:37:58 INFO  - 聊天消息数据保存完成，共处理条 0 数据。耗时：0时0分0秒11毫秒
17:38:49 INFO  - Executed action GD.API.Controllers.Meal.MealAdminController.GetMealAccounts (API) in 0ms
17:38:58 INFO  - 开始保存聊天消息数据
17:38:58 INFO  - 聊天消息数据保存完成，共处理条 0 数据。耗时：0时0分0秒8毫秒
17:39:53 INFO  - Executed action GD.API.Controllers.Meal.MealAdminController.GetMealAccounts (API) in 0ms
17:39:55 INFO  - Executed action GD.API.Controllers.Meal.MealAdminController.GetMealAccounts (API) in 0ms
17:39:57 INFO  - Executed action GD.API.Controllers.Meal.MealAdminController.GetMealAccounts (API) in 0ms
17:39:58 INFO  - 开始保存聊天消息数据
17:39:58 INFO  - 聊天消息数据保存完成，共处理条 0 数据。耗时：0时0分0秒6毫秒
17:40:00 INFO  - Executed action GD.API.Controllers.Meal.MealAdminController.GetMealAccounts (API) in 0ms
17:40:02 INFO  - Executed action GD.API.Controllers.Meal.MealAdminController.GetMealAccounts (API) in 0ms
17:40:12 INFO  - Executed action GD.API.Controllers.Meal.MealAdminController.GetMealAccounts (API) in 0ms
17:40:18 INFO  - Executed action GD.API.Controllers.Meal.MealAdminController.GetMealAccounts (API) in 0ms
17:40:20 INFO  - Executed action GD.API.Controllers.Meal.MealAdminController.GetMealAccounts (API) in 0ms
17:40:35 INFO  - Executed action GD.API.Controllers.Meal.MealAdminController.GetMealAccounts (API) in 0ms
17:40:37 INFO  - Executed action GD.API.Controllers.Meal.MealAdminController.GetMealAccounts (API) in 0ms
17:40:39 INFO  - Executed action GD.API.Controllers.Meal.MealAdminController.GetMealAccounts (API) in 0ms
17:40:45 INFO  - Executed action GD.API.Controllers.Meal.MealAdminController.GetMealAccounts (API) in 0ms
17:40:46 INFO  - Executed action GD.API.Controllers.Meal.MealAdminController.GetMealAccounts (API) in 0ms
17:40:51 INFO  - Executed action GD.API.Controllers.Meal.MealAdminController.GetMealAccounts (API) in 0ms
17:40:52 INFO  - Executed action GD.API.Controllers.Meal.MealAdminController.GetMealAccounts (API) in 0ms
17:40:58 INFO  - 开始保存聊天消息数据
17:40:58 INFO  - 聊天消息数据保存完成，共处理条 0 数据。耗时：0时0分0秒8毫秒
17:41:04 INFO  - Executed action GD.API.Controllers.Meal.MealAdminController.GetMealAccounts (API) in 0ms
17:41:07 INFO  - Executed action GD.API.Controllers.Meal.MealAdminController.GetMealAccounts (API) in 0ms
17:41:13 INFO  - Executed action GD.API.Controllers.Meal.MealAdminController.GetMealAccounts (API) in 0ms
17:41:16 INFO  - Executed action GD.API.Controllers.Meal.MealAdminController.GetMealAccounts (API) in 0ms
17:41:25 INFO  - Executed action GD.API.Controllers.Meal.MealAdminController.GetMealAccounts (API) in 0ms
17:41:58 INFO  - 开始保存聊天消息数据
17:41:58 INFO  - 聊天消息数据保存完成，共处理条 0 数据。耗时：0时0分0秒11毫秒
17:42:16 INFO  - Executed action GD.API.Controllers.Meal.MealAdminController.GetMealAccounts (API) in 0ms
17:42:46 INFO  - Executed action GD.API.Controllers.Meal.MealAdminController.GetMealAccounts (API) in 0ms
17:42:58 INFO  - 开始保存聊天消息数据
17:42:58 INFO  - 聊天消息数据保存完成，共处理条 0 数据。耗时：0时0分0秒11毫秒
17:43:58 INFO  - 开始保存聊天消息数据
17:43:58 INFO  - 聊天消息数据保存完成，共处理条 0 数据。耗时：0时0分0秒11毫秒
17:44:04 INFO  - Executed action GD.API.Controllers.Meal.MealAdminController.GetMealAccounts (API) in 0ms
17:44:08 INFO  - Executed action GD.API.Controllers.Meal.MealAdminController.GetMealAccounts (API) in 0ms
17:44:13 INFO  - Executed action GD.API.Controllers.Meal.MealAdminController.GetMealAccounts (API) in 0ms
17:44:27 INFO  - Executed action GD.API.Controllers.Meal.MealAdminController.GetMealAccounts (API) in 0ms
17:44:31 INFO  - Executed action GD.API.Controllers.Meal.MealAdminController.GetMealAccounts (API) in 0ms
17:44:58 INFO  - 开始保存聊天消息数据
17:44:58 INFO  - 聊天消息数据保存完成，共处理条 0 数据。耗时：0时0分0秒10毫秒
17:45:54 INFO  - Executed action GD.API.Controllers.Meal.MealAdminController.GetMealAccounts (API) in 0ms
17:45:56 INFO  - Executed action GD.API.Controllers.Meal.MealAdminController.GetMealAccounts (API) in 0ms
17:45:58 INFO  - 开始保存聊天消息数据
17:45:58 INFO  - 聊天消息数据保存完成，共处理条 0 数据。耗时：0时0分0秒8毫秒
17:45:59 INFO  - Executed action GD.API.Controllers.Meal.MealAdminController.GetMealAccounts (API) in 0ms
17:46:05 INFO  - Executed action GD.API.Controllers.Meal.MealAdminController.GetMealAccounts (API) in 0ms
17:46:24 INFO  - Executed action GD.API.Controllers.Meal.MealAdminController.GetMealAccounts (API) in 0ms
17:46:28 INFO  - Executed action GD.API.Controllers.Meal.MealAdminController.GetMealAccounts (API) in 0ms
17:46:58 INFO  - 开始保存聊天消息数据
17:46:58 INFO  - 聊天消息数据保存完成，共处理条 0 数据。耗时：0时0分0秒11毫秒
17:47:19 INFO  - Executed action GD.API.Controllers.Meal.MealAdminController.GetMealAccounts (API) in 0ms
17:47:44 INFO  - Executed action GD.API.Controllers.Meal.MealAdminController.GetMealAccounts (API) in 0ms
17:47:46 INFO  - Executed action GD.API.Controllers.Meal.MealAdminController.GetMealAccounts (API) in 0ms
17:47:58 INFO  - 开始保存聊天消息数据
17:47:58 INFO  - 聊天消息数据保存完成，共处理条 0 数据。耗时：0时0分0秒9毫秒
17:47:58 INFO  - Executed action GD.API.Controllers.Meal.MealAdminController.GetMealAccounts (API) in 0ms
17:48:50 INFO  - Executed action GD.API.Controllers.Meal.MealAdminController.GetMealAccounts (API) in 0ms
17:48:53 INFO  - Executed action GD.API.Controllers.Meal.MealAdminController.GetMealAccounts (API) in 0ms
17:48:58 INFO  - 开始保存聊天消息数据
17:48:58 INFO  - 聊天消息数据保存完成，共处理条 0 数据。耗时：0时0分0秒9毫秒
17:48:59 INFO  - Executed action GD.API.Controllers.Meal.MealAdminController.GetMealAccounts (API) in 0ms
17:49:00 INFO  - Executed action GD.API.Controllers.Meal.MealAdminController.GetMealAccounts (API) in 0ms
17:49:22 INFO  - Executed action GD.API.Controllers.Meal.MealAdminController.GetMealAccounts (API) in 0ms
17:49:58 INFO  - 开始保存聊天消息数据
17:49:58 INFO  - 聊天消息数据保存完成，共处理条 0 数据。耗时：0时0分0秒12毫秒
17:50:43 INFO  - Executed action GD.API.Controllers.Meal.MealAdminController.GetMealAccounts (API) in 0ms
17:50:55 INFO  - Executed action GD.API.Controllers.Meal.MealAdminController.GetMealAccounts (API) in 0ms
17:50:58 INFO  - 开始保存聊天消息数据
17:50:58 INFO  - 聊天消息数据保存完成，共处理条 0 数据。耗时：0时0分0秒7毫秒
17:51:12 INFO  - Executed action GD.API.Controllers.Meal.MealAdminController.GetMealAccounts (API) in 0ms
17:51:16 INFO  - Executed action GD.API.Controllers.Meal.MealAdminController.GetMealAccounts (API) in 0ms
17:51:37 INFO  - Executed action GD.API.Controllers.Meal.MealAdminController.GetMealAccounts (API) in 0ms
17:51:58 INFO  - 开始保存聊天消息数据
17:51:58 INFO  - 聊天消息数据保存完成，共处理条 0 数据。耗时：0时0分0秒8毫秒
17:52:58 INFO  - 开始保存聊天消息数据
17:52:58 INFO  - 聊天消息数据保存完成，共处理条 0 数据。耗时：0时0分0秒13毫秒
17:53:27 INFO  - Executed action GD.API.Controllers.Meal.MealAdminController.GetMealAccounts (API) in 0ms
17:53:30 INFO  - Executed action GD.API.Controllers.Meal.MealAdminController.GetMealAccounts (API) in 0ms
17:53:38 INFO  - Executed action GD.API.Controllers.Meal.MealAdminController.GetMealAccounts (API) in 0ms
17:53:58 INFO  - 开始保存聊天消息数据
17:53:58 INFO  - 聊天消息数据保存完成，共处理条 0 数据。耗时：0时0分0秒10毫秒
17:54:58 INFO  - 开始保存聊天消息数据
17:54:58 INFO  - 聊天消息数据保存完成，共处理条 0 数据。耗时：0时0分0秒13毫秒
17:55:58 INFO  - 开始保存聊天消息数据
17:55:58 INFO  - 聊天消息数据保存完成，共处理条 0 数据。耗时：0时0分0秒11毫秒
17:56:58 INFO  - 开始保存聊天消息数据
17:56:58 INFO  - 聊天消息数据保存完成，共处理条 0 数据。耗时：0时0分0秒17毫秒
17:57:52 INFO  - Executed action GD.API.Controllers.Meal.MealAdminController.GetMealAccounts (API) in 0ms
17:57:54 INFO  - Executed action GD.API.Controllers.Meal.MealAdminController.GetMealAccounts (API) in 0ms
17:57:56 INFO  - Executed action GD.API.Controllers.Meal.MealAdminController.GetMealAccounts (API) in 0ms
17:57:58 INFO  - Executed action GD.API.Controllers.Meal.MealAdminController.GetMealAccounts (API) in 0ms
17:57:58 INFO  - 开始保存聊天消息数据
17:57:58 INFO  - 聊天消息数据保存完成，共处理条 0 数据。耗时：0时0分0秒7毫秒
17:58:00 INFO  - Executed action GD.API.Controllers.Meal.MealAdminController.GetMealAccounts (API) in 0ms
17:58:03 INFO  - Executed action GD.API.Controllers.Meal.MealAdminController.GetMealAccounts (API) in 0ms
17:58:05 INFO  - Executed action GD.API.Controllers.Meal.MealAdminController.GetMealAccounts (API) in 0ms
17:58:07 INFO  - Executed action GD.API.Controllers.Meal.MealAdminController.GetMealAccounts (API) in 0ms
17:58:09 INFO  - Executed action GD.API.Controllers.Meal.MealAdminController.GetMealAccounts (API) in 0ms
17:58:53 INFO  - Executed action GD.API.Controllers.Meal.MealAdminController.GetMealAccounts (API) in 0ms
17:58:58 INFO  - 开始保存聊天消息数据
17:58:58 INFO  - 聊天消息数据保存完成，共处理条 0 数据。耗时：0时0分0秒8毫秒
17:59:03 INFO  - Executed action GD.API.Controllers.Meal.MealAdminController.GetMealAccounts (API) in 0ms
17:59:05 INFO  - Executed action GD.API.Controllers.Meal.MealAdminController.GetMealAccounts (API) in 0ms
17:59:15 INFO  - Executed action GD.API.Controllers.Meal.MealAdminController.GetMealAccounts (API) in 0ms
17:59:18 INFO  - Executed action GD.API.Controllers.Meal.MealAdminController.GetMealAccounts (API) in 0ms
17:59:45 INFO  - Executed action GD.API.Controllers.Meal.MealAdminController.GetMealAccounts (API) in 1ms
17:59:58 INFO  - 开始保存聊天消息数据
17:59:58 INFO  - 聊天消息数据保存完成，共处理条 0 数据。耗时：0时0分0秒28毫秒
17:59:58 INFO  - Executed action GD.API.Controllers.Meal.MealAdminController.GetMealAccounts (API) in 0ms
18:00:16 INFO  - Executed action GD.API.Controllers.Meal.MealAdminController.GetMealAccounts (API) in 0ms
18:00:29 INFO  - Executed action GD.API.Controllers.Meal.MealAdminController.GetMealAccounts (API) in 0ms
18:00:33 INFO  - Executed action GD.API.Controllers.Meal.MealAdminController.GetMealAccounts (API) in 1ms
18:00:35 INFO  - Executed action GD.API.Controllers.Meal.MealAdminController.GetMealAccounts (API) in 0ms
18:00:42 INFO  - Executed action GD.API.Controllers.Meal.MealAdminController.GetMealAccounts (API) in 0ms
18:00:58 INFO  - 开始保存聊天消息数据
18:00:58 INFO  - 聊天消息数据保存完成，共处理条 0 数据。耗时：0时0分0秒7毫秒
18:01:37 INFO  - Executed action GD.API.Controllers.Meal.MealAdminController.GetMealAccounts (API) in 0ms
18:01:58 INFO  - 开始保存聊天消息数据
18:01:58 INFO  - 聊天消息数据保存完成，共处理条 0 数据。耗时：0时0分0秒9毫秒
18:02:58 INFO  - 开始保存聊天消息数据
18:02:58 INFO  - 聊天消息数据保存完成，共处理条 0 数据。耗时：0时0分0秒13毫秒
18:03:14 INFO  - Executed action GD.API.Controllers.Meal.MealAdminController.GetMealAccounts (API) in 0ms
18:03:21 INFO  - Executed action GD.API.Controllers.Meal.MealAdminController.GetMealAccounts (API) in 0ms
18:03:24 INFO  - Executed action GD.API.Controllers.Meal.MealAdminController.GetMealAccounts (API) in 0ms
18:03:47 INFO  - Executed action GD.API.Controllers.Meal.MealAdminController.GetMealAccounts (API) in 0ms
18:03:58 INFO  - 开始保存聊天消息数据
18:03:58 INFO  - 聊天消息数据保存完成，共处理条 0 数据。耗时：0时0分0秒11毫秒
18:04:01 INFO  - Executed action GD.API.Controllers.Meal.MealAdminController.GetMealAccounts (API) in 0ms
18:04:03 INFO  - Executed action GD.API.Controllers.Meal.MealAdminController.GetMealAccounts (API) in 0ms
18:04:04 INFO  - Executed action GD.API.Controllers.Meal.MealAdminController.GetMealAccounts (API) in 0ms
18:04:06 INFO  - Executed action GD.API.Controllers.Meal.MealAdminController.GetMealAccounts (API) in 0ms
18:04:09 INFO  - Executed action GD.API.Controllers.Meal.MealAdminController.GetMealAccounts (API) in 0ms
18:04:49 INFO  - Executed action GD.API.Controllers.Meal.MealAdminController.GetMealAccounts (API) in 0ms
18:04:55 INFO  - Executed action GD.API.Controllers.Meal.MealAdminController.GetMealAccounts (API) in 0ms
18:04:58 INFO  - 开始保存聊天消息数据
18:04:58 INFO  - 聊天消息数据保存完成，共处理条 0 数据。耗时：0时0分0秒7毫秒
18:04:59 INFO  - Executed action GD.API.Controllers.Meal.MealAdminController.GetMealAccounts (API) in 0ms
18:05:09 INFO  - Executed action GD.API.Controllers.Meal.MealAdminController.GetMealAccounts (API) in 0ms
18:05:54 INFO  - Executed action GD.API.Controllers.Meal.MealAdminController.GetMealAccounts (API) in 0ms
18:05:57 INFO  - Executed action GD.API.Controllers.Meal.MealAdminController.GetMealAccounts (API) in 0ms
18:05:58 INFO  - 开始保存聊天消息数据
18:05:58 INFO  - 聊天消息数据保存完成，共处理条 0 数据。耗时：0时0分0秒7毫秒
18:05:59 INFO  - Executed action GD.API.Controllers.Meal.MealAdminController.GetMealAccounts (API) in 0ms
18:06:23 INFO  - Executed action GD.API.Controllers.Meal.MealAdminController.GetMealAccounts (API) in 0ms
18:06:33 INFO  - Executed action GD.API.Controllers.Meal.MealAdminController.GetMealAccounts (API) in 0ms
18:06:58 INFO  - 开始保存聊天消息数据
18:06:58 INFO  - 聊天消息数据保存完成，共处理条 0 数据。耗时：0时0分0秒11毫秒
18:07:58 INFO  - 开始保存聊天消息数据
18:07:58 INFO  - 聊天消息数据保存完成，共处理条 0 数据。耗时：0时0分0秒10毫秒
18:08:09 INFO  - Executed action GD.API.Controllers.Meal.MealAdminController.GetMealAccounts (API) in 0ms
18:08:19 INFO  - Executed action GD.API.Controllers.Meal.MealAdminController.GetMealAccounts (API) in 0ms
18:08:22 INFO  - Executed action GD.API.Controllers.Meal.MealAdminController.GetMealAccounts (API) in 0ms
18:08:29 INFO  - Executed action GD.API.Controllers.Meal.MealAdminController.GetMealAccounts (API) in 0ms
18:08:33 INFO  - Executed action GD.API.Controllers.Meal.MealAdminController.GetMealAccounts (API) in 0ms
18:08:52 INFO  - Executed action GD.API.Controllers.Meal.MealAdminController.GetMealAccounts (API) in 0ms
18:08:54 INFO  - Executed action GD.API.Controllers.Meal.MealAdminController.GetMealAccounts (API) in 0ms
18:08:58 INFO  - 开始保存聊天消息数据
18:08:58 INFO  - 聊天消息数据保存完成，共处理条 0 数据。耗时：0时0分0秒7毫秒
18:08:58 INFO  - Executed action GD.API.Controllers.Meal.MealAdminController.GetMealAccounts (API) in 0ms
18:09:01 INFO  - Executed action GD.API.Controllers.Meal.MealAdminController.GetMealAccounts (API) in 0ms
18:09:58 INFO  - 开始保存聊天消息数据
18:09:58 INFO  - 聊天消息数据保存完成，共处理条 0 数据。耗时：0时0分0秒12毫秒
18:10:28 INFO  - Executed action GD.API.Controllers.Meal.MealAdminController.GetMealAccounts (API) in 0ms
18:10:30 INFO  - Executed action GD.API.Controllers.Meal.MealAdminController.GetMealAccounts (API) in 0ms
18:10:43 INFO  - Executed action GD.API.Controllers.Meal.MealAdminController.GetMealAccounts (API) in 0ms
18:10:46 INFO  - Executed action GD.API.Controllers.Meal.MealAdminController.GetMealAccounts (API) in 0ms
18:10:50 INFO  - Executed action GD.API.Controllers.Meal.MealAdminController.GetMealAccounts (API) in 0ms
18:10:51 INFO  - Executed action GD.API.Controllers.Meal.MealAdminController.GetMealAccounts (API) in 0ms
18:10:55 INFO  - Executed action GD.API.Controllers.Meal.MealAdminController.GetMealAccounts (API) in 0ms
18:10:58 INFO  - Executed action GD.API.Controllers.Meal.MealAdminController.GetMealAccounts (API) in 0ms
18:10:58 INFO  - 开始保存聊天消息数据
18:10:58 INFO  - 聊天消息数据保存完成，共处理条 0 数据。耗时：0时0分0秒9毫秒
18:11:08 INFO  - Executed action GD.API.Controllers.Meal.MealAdminController.GetMealAccounts (API) in 0ms
18:11:17 INFO  - Executed action GD.API.Controllers.Meal.MealAdminController.GetMealAccounts (API) in 0ms
18:11:36 INFO  - Executed action GD.API.Controllers.Meal.MealAdminController.GetMealAccounts (API) in 0ms
18:11:39 INFO  - Executed action GD.API.Controllers.Meal.MealAdminController.GetMealAccounts (API) in 0ms
18:11:55 INFO  - Executed action GD.API.Controllers.Meal.MealAdminController.GetMealAccounts (API) in 0ms
18:11:58 INFO  - 开始保存聊天消息数据
18:11:58 INFO  - 聊天消息数据保存完成，共处理条 0 数据。耗时：0时0分0秒10毫秒
18:12:11 INFO  - Executed action GD.API.Controllers.Meal.MealAdminController.GetMealAccounts (API) in 0ms
18:12:58 INFO  - 开始保存聊天消息数据
18:12:58 INFO  - 聊天消息数据保存完成，共处理条 0 数据。耗时：0时0分0秒10毫秒
18:13:01 INFO  - Executed action GD.API.Controllers.Meal.MealAdminController.GetMealAccounts (API) in 0ms
18:13:42 INFO  - Executed action GD.API.Controllers.Meal.MealAdminController.GetMealAccountDetails (API) in 93ms
18:13:44 INFO  - Executed action GD.API.Controllers.Meal.MealAdminController.GetMealAccounts (API) in 0ms
18:13:58 INFO  - 开始保存聊天消息数据
18:13:58 INFO  - 聊天消息数据保存完成，共处理条 0 数据。耗时：0时0分0秒7毫秒
