09:15:35 INFO  - 开始保存聊天消息数据
09:15:35 INFO  - 聊天消息数据保存完成，共处理条 0 数据。耗时：0时0分0秒16毫秒
09:16:35 INFO  - 开始保存聊天消息数据
09:16:35 INFO  - 聊天消息数据保存完成，共处理条 0 数据。耗时：0时0分0秒12毫秒
09:17:35 INFO  - 开始保存聊天消息数据
09:17:35 INFO  - 聊天消息数据保存完成，共处理条 0 数据。耗时：0时0分0秒12毫秒
09:18:35 INFO  - 开始保存聊天消息数据
09:18:35 INFO  - 聊天消息数据保存完成，共处理条 0 数据。耗时：0时0分0秒13毫秒
09:19:35 INFO  - 开始保存聊天消息数据
09:19:35 INFO  - 聊天消息数据保存完成，共处理条 0 数据。耗时：0时0分0秒18毫秒
09:19:54 INFO  - Executed action GD.API.Controllers.Meal.MealAdminController.GetMealAccountDetails (API) in 90ms
09:20:02 INFO  - Executed action GD.API.Controllers.Meal.MealAdminController.GetMealAccounts (API) in 0ms
09:20:35 INFO  - 开始保存聊天消息数据
09:20:35 INFO  - 聊天消息数据保存完成，共处理条 0 数据。耗时：0时0分0秒13毫秒
09:21:35 INFO  - 开始保存聊天消息数据
09:21:35 INFO  - 聊天消息数据保存完成，共处理条 0 数据。耗时：0时0分0秒10毫秒
09:22:35 INFO  - 开始保存聊天消息数据
09:22:35 INFO  - 聊天消息数据保存完成，共处理条 0 数据。耗时：0时0分0秒11毫秒
09:23:35 INFO  - 开始保存聊天消息数据
09:23:35 INFO  - 聊天消息数据保存完成，共处理条 0 数据。耗时：0时0分0秒12毫秒
09:24:35 INFO  - 开始保存聊天消息数据
09:24:35 INFO  - 聊天消息数据保存完成，共处理条 0 数据。耗时：0时0分0秒12毫秒
09:25:35 INFO  - 开始保存聊天消息数据
09:25:35 INFO  - 聊天消息数据保存完成，共处理条 0 数据。耗时：0时0分0秒10毫秒
09:26:35 INFO  - 开始保存聊天消息数据
09:26:35 INFO  - 聊天消息数据保存完成，共处理条 0 数据。耗时：0时0分0秒9毫秒
09:27:35 INFO  - 开始保存聊天消息数据
09:27:35 INFO  - 聊天消息数据保存完成，共处理条 0 数据。耗时：0时0分0秒12毫秒
09:28:35 INFO  - 开始保存聊天消息数据
09:28:35 INFO  - 聊天消息数据保存完成，共处理条 0 数据。耗时：0时0分0秒12毫秒
09:29:35 INFO  - 开始保存聊天消息数据
09:29:35 INFO  - 聊天消息数据保存完成，共处理条 0 数据。耗时：0时0分0秒12毫秒
09:30:35 INFO  - 开始保存聊天消息数据
09:30:35 INFO  - 聊天消息数据保存完成，共处理条 0 数据。耗时：0时0分0秒12毫秒
09:31:35 INFO  - 开始保存聊天消息数据
09:31:35 INFO  - 聊天消息数据保存完成，共处理条 0 数据。耗时：0时0分0秒21毫秒
09:32:35 INFO  - 开始保存聊天消息数据
09:32:35 INFO  - 聊天消息数据保存完成，共处理条 0 数据。耗时：0时0分0秒15毫秒
09:33:35 INFO  - 开始保存聊天消息数据
09:33:35 INFO  - 聊天消息数据保存完成，共处理条 0 数据。耗时：0时0分0秒12毫秒
09:34:35 INFO  - 开始保存聊天消息数据
09:34:35 INFO  - 聊天消息数据保存完成，共处理条 0 数据。耗时：0时0分0秒13毫秒
09:35:35 INFO  - 开始保存聊天消息数据
09:35:35 INFO  - 聊天消息数据保存完成，共处理条 0 数据。耗时：0时0分0秒12毫秒
09:36:35 INFO  - 开始保存聊天消息数据
09:36:35 INFO  - 聊天消息数据保存完成，共处理条 0 数据。耗时：0时0分0秒13毫秒
09:37:35 INFO  - 开始保存聊天消息数据
09:37:35 INFO  - 聊天消息数据保存完成，共处理条 0 数据。耗时：0时0分0秒8毫秒
09:38:35 INFO  - 开始保存聊天消息数据
09:38:35 INFO  - 聊天消息数据保存完成，共处理条 0 数据。耗时：0时0分0秒12毫秒
09:39:35 INFO  - 开始保存聊天消息数据
09:39:35 INFO  - 聊天消息数据保存完成，共处理条 0 数据。耗时：0时0分0秒12毫秒
09:40:35 INFO  - 开始保存聊天消息数据
09:40:35 INFO  - 聊天消息数据保存完成，共处理条 0 数据。耗时：0时0分0秒12毫秒
09:41:35 INFO  - 开始保存聊天消息数据
09:41:35 INFO  - 聊天消息数据保存完成，共处理条 0 数据。耗时：0时0分0秒12毫秒
09:42:35 INFO  - 开始保存聊天消息数据
09:42:35 INFO  - 聊天消息数据保存完成，共处理条 0 数据。耗时：0时0分0秒12毫秒
09:43:35 INFO  - 开始保存聊天消息数据
09:43:35 INFO  - 聊天消息数据保存完成，共处理条 0 数据。耗时：0时0分0秒12毫秒
09:44:35 INFO  - 开始保存聊天消息数据
09:44:35 INFO  - 聊天消息数据保存完成，共处理条 0 数据。耗时：0时0分0秒14毫秒
09:45:35 INFO  - 开始保存聊天消息数据
09:45:35 INFO  - 聊天消息数据保存完成，共处理条 0 数据。耗时：0时0分0秒21毫秒
09:46:35 INFO  - 开始保存聊天消息数据
09:46:35 INFO  - 聊天消息数据保存完成，共处理条 0 数据。耗时：0时0分0秒12毫秒
09:47:35 INFO  - 开始保存聊天消息数据
09:47:35 INFO  - 聊天消息数据保存完成，共处理条 0 数据。耗时：0时0分0秒12毫秒
09:48:35 INFO  - 开始保存聊天消息数据
09:48:35 INFO  - 聊天消息数据保存完成，共处理条 0 数据。耗时：0时0分0秒9毫秒
09:49:35 INFO  - 开始保存聊天消息数据
09:49:35 INFO  - 聊天消息数据保存完成，共处理条 0 数据。耗时：0时0分0秒16毫秒
09:50:35 INFO  - 开始保存聊天消息数据
09:50:35 INFO  - 聊天消息数据保存完成，共处理条 0 数据。耗时：0时0分0秒13毫秒
09:51:35 INFO  - 开始保存聊天消息数据
09:51:35 INFO  - 聊天消息数据保存完成，共处理条 0 数据。耗时：0时0分0秒13毫秒
09:52:35 INFO  - 开始保存聊天消息数据
09:52:35 INFO  - 聊天消息数据保存完成，共处理条 0 数据。耗时：0时0分0秒11毫秒
09:53:35 INFO  - 开始保存聊天消息数据
09:53:35 INFO  - 聊天消息数据保存完成，共处理条 0 数据。耗时：0时0分0秒12毫秒
09:54:35 INFO  - 开始保存聊天消息数据
09:54:35 INFO  - 聊天消息数据保存完成，共处理条 0 数据。耗时：0时0分0秒13毫秒
09:55:35 INFO  - 开始保存聊天消息数据
09:55:35 INFO  - 聊天消息数据保存完成，共处理条 0 数据。耗时：0时0分0秒12毫秒
09:56:35 INFO  - 开始保存聊天消息数据
09:56:35 INFO  - 聊天消息数据保存完成，共处理条 0 数据。耗时：0时0分0秒13毫秒
09:57:35 INFO  - 开始保存聊天消息数据
09:57:35 INFO  - 聊天消息数据保存完成，共处理条 0 数据。耗时：0时0分0秒14毫秒
09:58:35 INFO  - 开始保存聊天消息数据
09:58:35 INFO  - 聊天消息数据保存完成，共处理条 0 数据。耗时：0时0分0秒20毫秒
09:59:35 INFO  - 开始保存聊天消息数据
09:59:35 INFO  - 聊天消息数据保存完成，共处理条 0 数据。耗时：0时0分0秒13毫秒
10:00:35 INFO  - 开始保存聊天消息数据
10:00:35 INFO  - 聊天消息数据保存完成，共处理条 0 数据。耗时：0时0分0秒14毫秒
10:01:35 INFO  - 开始保存聊天消息数据
10:01:35 INFO  - 聊天消息数据保存完成，共处理条 0 数据。耗时：0时0分0秒12毫秒
10:02:35 INFO  - 开始保存聊天消息数据
10:02:35 INFO  - 聊天消息数据保存完成，共处理条 0 数据。耗时：0时0分0秒9毫秒
10:03:35 INFO  - 开始保存聊天消息数据
10:03:35 INFO  - 聊天消息数据保存完成，共处理条 0 数据。耗时：0时0分0秒8毫秒
10:04:35 INFO  - 开始保存聊天消息数据
10:04:35 INFO  - 聊天消息数据保存完成，共处理条 0 数据。耗时：0时0分0秒13毫秒
10:05:35 INFO  - 开始保存聊天消息数据
10:05:35 INFO  - 聊天消息数据保存完成，共处理条 0 数据。耗时：0时0分0秒19毫秒
10:06:35 INFO  - 开始保存聊天消息数据
10:06:35 INFO  - 聊天消息数据保存完成，共处理条 0 数据。耗时：0时0分0秒12毫秒
10:07:35 INFO  - 开始保存聊天消息数据
10:07:35 INFO  - 聊天消息数据保存完成，共处理条 0 数据。耗时：0时0分0秒8毫秒
10:08:35 INFO  - 开始保存聊天消息数据
10:08:35 INFO  - 聊天消息数据保存完成，共处理条 0 数据。耗时：0时0分0秒13毫秒
10:09:35 INFO  - 开始保存聊天消息数据
10:09:35 INFO  - 聊天消息数据保存完成，共处理条 0 数据。耗时：0时0分0秒11毫秒
10:10:35 INFO  - 开始保存聊天消息数据
10:10:35 INFO  - 聊天消息数据保存完成，共处理条 0 数据。耗时：0时0分0秒13毫秒
10:11:35 INFO  - 开始保存聊天消息数据
10:11:35 INFO  - 聊天消息数据保存完成，共处理条 0 数据。耗时：0时0分0秒19毫秒
10:12:35 INFO  - 开始保存聊天消息数据
10:12:35 INFO  - 聊天消息数据保存完成，共处理条 0 数据。耗时：0时0分0秒12毫秒
10:13:35 INFO  - 开始保存聊天消息数据
10:13:35 INFO  - 聊天消息数据保存完成，共处理条 0 数据。耗时：0时0分0秒13毫秒
10:14:35 INFO  - 开始保存聊天消息数据
10:14:35 INFO  - 聊天消息数据保存完成，共处理条 0 数据。耗时：0时0分0秒13毫秒
10:15:35 INFO  - 开始保存聊天消息数据
10:15:35 INFO  - 聊天消息数据保存完成，共处理条 0 数据。耗时：0时0分0秒13毫秒
10:16:35 INFO  - 开始保存聊天消息数据
10:16:35 INFO  - 聊天消息数据保存完成，共处理条 0 数据。耗时：0时0分0秒12毫秒
10:17:35 INFO  - 开始保存聊天消息数据
10:17:35 INFO  - 聊天消息数据保存完成，共处理条 0 数据。耗时：0时0分0秒33毫秒
10:18:35 INFO  - 开始保存聊天消息数据
10:18:35 INFO  - 聊天消息数据保存完成，共处理条 0 数据。耗时：0时0分0秒13毫秒
10:19:35 INFO  - 开始保存聊天消息数据
10:19:35 INFO  - 聊天消息数据保存完成，共处理条 0 数据。耗时：0时0分0秒40毫秒
10:20:35 INFO  - 开始保存聊天消息数据
10:20:35 INFO  - 聊天消息数据保存完成，共处理条 0 数据。耗时：0时0分0秒12毫秒
10:21:35 INFO  - 开始保存聊天消息数据
10:21:35 INFO  - 聊天消息数据保存完成，共处理条 0 数据。耗时：0时0分0秒172毫秒
10:22:35 INFO  - 开始保存聊天消息数据
10:22:35 INFO  - 聊天消息数据保存完成，共处理条 0 数据。耗时：0时0分0秒12毫秒
10:23:35 INFO  - 开始保存聊天消息数据
10:23:35 INFO  - 聊天消息数据保存完成，共处理条 0 数据。耗时：0时0分0秒12毫秒
10:24:35 INFO  - 开始保存聊天消息数据
10:24:35 INFO  - 聊天消息数据保存完成，共处理条 0 数据。耗时：0时0分0秒12毫秒
10:25:35 INFO  - 开始保存聊天消息数据
10:25:35 INFO  - 聊天消息数据保存完成，共处理条 0 数据。耗时：0时0分0秒67毫秒
10:26:35 INFO  - 开始保存聊天消息数据
10:26:35 INFO  - 聊天消息数据保存完成，共处理条 0 数据。耗时：0时0分0秒12毫秒
10:27:35 INFO  - 开始保存聊天消息数据
10:27:35 INFO  - 聊天消息数据保存完成，共处理条 0 数据。耗时：0时0分0秒9毫秒
10:28:35 INFO  - 开始保存聊天消息数据
10:28:35 INFO  - 聊天消息数据保存完成，共处理条 0 数据。耗时：0时0分0秒13毫秒
10:29:35 INFO  - 开始保存聊天消息数据
10:29:35 INFO  - 聊天消息数据保存完成，共处理条 0 数据。耗时：0时0分0秒8毫秒
10:30:35 INFO  - 开始保存聊天消息数据
10:30:35 INFO  - 聊天消息数据保存完成，共处理条 0 数据。耗时：0时0分0秒15毫秒
10:31:35 INFO  - 开始保存聊天消息数据
10:31:35 INFO  - 聊天消息数据保存完成，共处理条 0 数据。耗时：0时0分0秒18毫秒
10:32:35 INFO  - 开始保存聊天消息数据
10:32:35 INFO  - 聊天消息数据保存完成，共处理条 0 数据。耗时：0时0分0秒13毫秒
10:33:35 INFO  - 开始保存聊天消息数据
10:33:35 INFO  - 聊天消息数据保存完成，共处理条 0 数据。耗时：0时0分0秒14毫秒
10:33:37 INFO  - Executed action GD.API.Controllers.Meal.MealAdminController.GetMealAccountDetails (API) in 482ms
10:33:39 INFO  - Executed action GD.API.Controllers.Meal.MealAdminController.GetMealAccounts (API) in 0ms
10:33:41 INFO  - Executed action GD.API.Controllers.Meal.MealAdminController.UpdateMealAccountStatus (API) in 86ms
10:33:41 INFO  - Executed action GD.API.Controllers.Meal.MealAdminController.GetMealAccounts (API) in 0ms
10:34:35 INFO  - 开始保存聊天消息数据
10:34:35 INFO  - 聊天消息数据保存完成，共处理条 0 数据。耗时：0时0分0秒20毫秒
10:35:35 INFO  - 开始保存聊天消息数据
10:35:35 INFO  - 聊天消息数据保存完成，共处理条 0 数据。耗时：0时0分0秒21毫秒
10:36:35 INFO  - 开始保存聊天消息数据
10:36:35 INFO  - 聊天消息数据保存完成，共处理条 0 数据。耗时：0时0分0秒13毫秒
10:37:35 INFO  - 开始保存聊天消息数据
10:37:35 INFO  - 聊天消息数据保存完成，共处理条 0 数据。耗时：0时0分0秒9毫秒
10:38:35 INFO  - 开始保存聊天消息数据
10:38:35 INFO  - 聊天消息数据保存完成，共处理条 0 数据。耗时：0时0分0秒9毫秒
10:39:35 INFO  - 开始保存聊天消息数据
10:39:35 INFO  - 聊天消息数据保存完成，共处理条 0 数据。耗时：0时0分0秒13毫秒
10:40:35 INFO  - 开始保存聊天消息数据
10:40:35 INFO  - 聊天消息数据保存完成，共处理条 0 数据。耗时：0时0分0秒12毫秒
10:41:35 INFO  - 开始保存聊天消息数据
10:41:35 INFO  - 聊天消息数据保存完成，共处理条 0 数据。耗时：0时0分0秒13毫秒
10:42:35 INFO  - 开始保存聊天消息数据
10:42:35 INFO  - 聊天消息数据保存完成，共处理条 0 数据。耗时：0时0分0秒8毫秒
10:43:35 INFO  - 开始保存聊天消息数据
10:43:35 INFO  - 聊天消息数据保存完成，共处理条 0 数据。耗时：0时0分0秒12毫秒
10:44:35 INFO  - 开始保存聊天消息数据
10:44:35 INFO  - 聊天消息数据保存完成，共处理条 0 数据。耗时：0时0分0秒13毫秒
10:45:35 INFO  - 开始保存聊天消息数据
10:45:35 INFO  - 聊天消息数据保存完成，共处理条 0 数据。耗时：0时0分0秒14毫秒
10:46:35 INFO  - 开始保存聊天消息数据
10:46:35 INFO  - 聊天消息数据保存完成，共处理条 0 数据。耗时：0时0分0秒13毫秒
10:47:35 INFO  - 开始保存聊天消息数据
10:47:35 INFO  - 聊天消息数据保存完成，共处理条 0 数据。耗时：0时0分0秒17毫秒
10:48:35 INFO  - 开始保存聊天消息数据
10:48:35 INFO  - 聊天消息数据保存完成，共处理条 0 数据。耗时：0时0分0秒12毫秒
10:49:35 INFO  - 开始保存聊天消息数据
10:49:35 INFO  - 聊天消息数据保存完成，共处理条 0 数据。耗时：0时0分0秒15毫秒
10:50:35 INFO  - 开始保存聊天消息数据
10:50:35 INFO  - 聊天消息数据保存完成，共处理条 0 数据。耗时：0时0分0秒12毫秒
10:51:35 INFO  - 开始保存聊天消息数据
10:51:35 INFO  - 聊天消息数据保存完成，共处理条 0 数据。耗时：0时0分0秒17毫秒
10:52:35 INFO  - 开始保存聊天消息数据
10:52:35 INFO  - 聊天消息数据保存完成，共处理条 0 数据。耗时：0时0分0秒62毫秒
10:53:35 INFO  - 开始保存聊天消息数据
10:53:35 INFO  - 聊天消息数据保存完成，共处理条 0 数据。耗时：0时0分0秒12毫秒
10:54:35 INFO  - 开始保存聊天消息数据
10:54:35 INFO  - 聊天消息数据保存完成，共处理条 0 数据。耗时：0时0分0秒13毫秒
10:55:35 INFO  - 开始保存聊天消息数据
10:55:35 INFO  - 聊天消息数据保存完成，共处理条 0 数据。耗时：0时0分0秒9毫秒
10:56:35 INFO  - 开始保存聊天消息数据
10:56:35 INFO  - 聊天消息数据保存完成，共处理条 0 数据。耗时：0时0分0秒12毫秒
10:56:51 INFO  - Executed action GD.API.Controllers.Meal.MealAdminController.GetMealAccounts (API) in 0ms
10:57:35 INFO  - 开始保存聊天消息数据
10:57:35 INFO  - 聊天消息数据保存完成，共处理条 0 数据。耗时：0时0分0秒13毫秒
10:58:35 INFO  - 开始保存聊天消息数据
10:58:35 INFO  - 聊天消息数据保存完成，共处理条 0 数据。耗时：0时0分0秒11毫秒
10:59:35 INFO  - 开始保存聊天消息数据
10:59:35 INFO  - 聊天消息数据保存完成，共处理条 0 数据。耗时：0时0分0秒17毫秒
11:00:35 INFO  - 开始保存聊天消息数据
11:00:35 INFO  - 聊天消息数据保存完成，共处理条 0 数据。耗时：0时0分0秒8毫秒
11:01:35 INFO  - 开始保存聊天消息数据
11:01:35 INFO  - 聊天消息数据保存完成，共处理条 0 数据。耗时：0时0分0秒11毫秒
11:02:35 INFO  - 开始保存聊天消息数据
11:02:35 INFO  - 聊天消息数据保存完成，共处理条 0 数据。耗时：0时0分0秒12毫秒
11:03:35 INFO  - 开始保存聊天消息数据
11:03:35 INFO  - 聊天消息数据保存完成，共处理条 0 数据。耗时：0时0分0秒11毫秒
11:04:35 INFO  - 开始保存聊天消息数据
11:04:35 INFO  - 聊天消息数据保存完成，共处理条 0 数据。耗时：0时0分0秒134毫秒
11:05:35 INFO  - 开始保存聊天消息数据
11:05:35 INFO  - 聊天消息数据保存完成，共处理条 0 数据。耗时：0时0分0秒10毫秒
11:06:35 INFO  - 开始保存聊天消息数据
11:06:35 INFO  - 聊天消息数据保存完成，共处理条 0 数据。耗时：0时0分0秒14毫秒
11:07:35 INFO  - 开始保存聊天消息数据
11:07:35 INFO  - 聊天消息数据保存完成，共处理条 0 数据。耗时：0时0分0秒10毫秒
11:08:10 INFO  - Executed action GD.API.Controllers.Meal.MealAdminController.GetMealAccounts (API) in 0ms
11:08:35 INFO  - 开始保存聊天消息数据
11:08:35 INFO  - 聊天消息数据保存完成，共处理条 0 数据。耗时：0时0分0秒22毫秒
11:09:35 INFO  - 开始保存聊天消息数据
11:09:35 INFO  - 聊天消息数据保存完成，共处理条 0 数据。耗时：0时0分0秒11毫秒
11:10:35 INFO  - 开始保存聊天消息数据
11:10:35 INFO  - 聊天消息数据保存完成，共处理条 0 数据。耗时：0时0分0秒10毫秒
11:11:35 INFO  - 开始保存聊天消息数据
11:11:35 INFO  - 聊天消息数据保存完成，共处理条 0 数据。耗时：0时0分0秒10毫秒
11:12:35 INFO  - 开始保存聊天消息数据
11:12:35 INFO  - 聊天消息数据保存完成，共处理条 0 数据。耗时：0时0分0秒13毫秒
11:13:24 INFO  - Executed action GD.API.Controllers.Meal.MealAdminController.GetMealDishes (API) in 124ms
11:13:35 INFO  - 开始保存聊天消息数据
11:13:35 INFO  - 聊天消息数据保存完成，共处理条 0 数据。耗时：0时0分0秒8毫秒
11:14:35 INFO  - 开始保存聊天消息数据
11:14:35 INFO  - 聊天消息数据保存完成，共处理条 0 数据。耗时：0时0分0秒17毫秒
11:15:35 INFO  - 开始保存聊天消息数据
11:15:35 INFO  - 聊天消息数据保存完成，共处理条 0 数据。耗时：0时0分0秒12毫秒
11:16:35 INFO  - 开始保存聊天消息数据
11:16:35 INFO  - 聊天消息数据保存完成，共处理条 0 数据。耗时：0时0分0秒54毫秒
11:17:35 INFO  - 开始保存聊天消息数据
11:17:35 INFO  - 聊天消息数据保存完成，共处理条 0 数据。耗时：0时0分0秒10毫秒
11:18:35 INFO  - 开始保存聊天消息数据
11:19:35 INFO  - 开始保存聊天消息数据
11:19:35 INFO  - 聊天消息数据保存完成，共处理条 0 数据。耗时：0时0分0秒9毫秒
11:20:35 INFO  - 开始保存聊天消息数据
11:20:35 INFO  - 聊天消息数据保存完成，共处理条 0 数据。耗时：0时0分0秒9毫秒
11:21:35 INFO  - 开始保存聊天消息数据
11:21:35 INFO  - 聊天消息数据保存完成，共处理条 0 数据。耗时：0时0分0秒8毫秒
11:22:35 INFO  - 开始保存聊天消息数据
11:22:35 INFO  - 聊天消息数据保存完成，共处理条 0 数据。耗时：0时0分0秒9毫秒
11:23:35 INFO  - 开始保存聊天消息数据
11:23:35 INFO  - 聊天消息数据保存完成，共处理条 0 数据。耗时：0时0分0秒9毫秒
11:24:35 INFO  - 开始保存聊天消息数据
11:24:35 INFO  - 聊天消息数据保存完成，共处理条 0 数据。耗时：0时0分0秒8毫秒
11:25:35 INFO  - 开始保存聊天消息数据
11:25:35 INFO  - 聊天消息数据保存完成，共处理条 0 数据。耗时：0时0分0秒5毫秒
11:26:35 INFO  - 开始保存聊天消息数据
11:26:35 INFO  - 聊天消息数据保存完成，共处理条 0 数据。耗时：0时0分0秒9毫秒
11:27:35 INFO  - 开始保存聊天消息数据
11:27:35 INFO  - 聊天消息数据保存完成，共处理条 0 数据。耗时：0时0分0秒8毫秒
11:28:35 INFO  - 开始保存聊天消息数据
11:28:35 INFO  - 聊天消息数据保存完成，共处理条 0 数据。耗时：0时0分0秒9毫秒
11:29:35 INFO  - 开始保存聊天消息数据
11:29:35 INFO  - 聊天消息数据保存完成，共处理条 0 数据。耗时：0时0分0秒9毫秒
11:30:35 INFO  - 开始保存聊天消息数据
11:30:35 INFO  - 聊天消息数据保存完成，共处理条 0 数据。耗时：0时0分0秒9毫秒
11:31:35 INFO  - 开始保存聊天消息数据
11:31:35 INFO  - 聊天消息数据保存完成，共处理条 0 数据。耗时：0时0分0秒5毫秒
11:32:35 INFO  - 开始保存聊天消息数据
11:32:35 INFO  - 聊天消息数据保存完成，共处理条 0 数据。耗时：0时0分0秒11毫秒
11:33:35 INFO  - 开始保存聊天消息数据
11:33:35 INFO  - 聊天消息数据保存完成，共处理条 0 数据。耗时：0时0分0秒9毫秒
11:34:35 INFO  - 开始保存聊天消息数据
11:34:35 INFO  - 聊天消息数据保存完成，共处理条 0 数据。耗时：0时0分0秒9毫秒
11:35:35 INFO  - 开始保存聊天消息数据
11:35:35 INFO  - 聊天消息数据保存完成，共处理条 0 数据。耗时：0时0分0秒5毫秒
11:36:35 INFO  - 开始保存聊天消息数据
11:36:35 INFO  - 聊天消息数据保存完成，共处理条 0 数据。耗时：0时0分0秒9毫秒
11:36:36 INFO  - Executed action GD.API.Controllers.Meal.MealAdminController.GetMealCategories (API) in 82ms
11:36:37 INFO  - Executed action GD.API.Controllers.Meal.MealAdminController.GetMealAccounts (API) in 0ms
11:36:39 INFO  - Executed action GD.API.Controllers.Meal.MealAdminController.GetMealAccountDetails (API) in 55ms
11:36:40 INFO  - Executed action GD.API.Controllers.Meal.MealAdminController.GetMealAccounts (API) in 0ms
11:36:42 INFO  - Executed action GD.API.Controllers.Meal.MealAdminController.GetMealAccountDetails (API) in 56ms
11:37:35 INFO  - 开始保存聊天消息数据
11:37:35 INFO  - 聊天消息数据保存完成，共处理条 0 数据。耗时：0时0分0秒9毫秒
11:38:35 INFO  - 开始保存聊天消息数据
11:38:35 INFO  - 聊天消息数据保存完成，共处理条 0 数据。耗时：0时0分0秒12毫秒
11:39:35 INFO  - 开始保存聊天消息数据
11:39:35 INFO  - 聊天消息数据保存完成，共处理条 0 数据。耗时：0时0分0秒8毫秒
11:40:35 INFO  - 开始保存聊天消息数据
11:40:35 INFO  - 聊天消息数据保存完成，共处理条 0 数据。耗时：0时0分0秒9毫秒
11:41:28 INFO  - Executed action GD.API.Controllers.Meal.MealAdminController.GetMealDishes (API) in 55ms
11:41:35 INFO  - 开始保存聊天消息数据
11:41:35 INFO  - 聊天消息数据保存完成，共处理条 0 数据。耗时：0时0分0秒7毫秒
11:41:42 INFO  - Executed action GD.API.Controllers.Meal.MealAdminController.GetMealDishes (API) in 55ms
11:41:45 INFO  - Executed action GD.API.Controllers.Meal.MealAdminController.UpdateMealDishesStatus (API) in 128ms
11:41:45 INFO  - Executed action GD.API.Controllers.Meal.MealAdminController.GetMealDishes (API) in 58ms
11:41:55 INFO  - Executed action GD.API.Controllers.Meal.MealAdminController.UpdateMealDishesStatus (API) in 60ms
11:41:56 INFO  - Executed action GD.API.Controllers.Meal.MealAdminController.GetMealDishes (API) in 264ms
11:41:57 INFO  - Executed action GD.API.Controllers.Meal.MealAdminController.UpdateMealDishesStatus (API) in 68ms
11:41:57 INFO  - Executed action GD.API.Controllers.Meal.MealAdminController.GetMealDishes (API) in 61ms
11:41:58 INFO  - Executed action GD.API.Controllers.Meal.MealAdminController.UpdateMealDishesStatus (API) in 184ms
11:41:58 INFO  - Executed action GD.API.Controllers.Meal.MealAdminController.GetMealDishes (API) in 56ms
11:41:58 INFO  - Executed action GD.API.Controllers.Meal.MealAdminController.UpdateMealDishesStatus (API) in 101ms
11:41:58 INFO  - Executed action GD.API.Controllers.Meal.MealAdminController.GetMealDishes (API) in 66ms
11:41:59 INFO  - Executed action GD.API.Controllers.Meal.MealAdminController.UpdateMealDishesStatus (API) in 59ms
11:41:59 INFO  - Executed action GD.API.Controllers.Meal.MealAdminController.GetMealDishes (API) in 59ms
11:42:35 INFO  - 开始保存聊天消息数据
11:42:35 INFO  - 聊天消息数据保存完成，共处理条 0 数据。耗时：0时0分0秒9毫秒
11:43:26 INFO  - Executed action GD.API.Controllers.Meal.MealAdminController.GetMealDishes (API) in 58ms
11:43:35 INFO  - 开始保存聊天消息数据
11:43:35 INFO  - 聊天消息数据保存完成，共处理条 0 数据。耗时：0时0分0秒6毫秒
11:44:09 INFO  - Executed action GD.API.Controllers.Meal.MealAdminController.GetMealDishes (API) in 65ms
11:44:15 INFO  - Executed action GD.API.Controllers.Meal.MealAdminController.GetMealDishes (API) in 64ms
11:44:35 INFO  - 开始保存聊天消息数据
11:44:35 INFO  - 聊天消息数据保存完成，共处理条 0 数据。耗时：0时0分0秒19毫秒
11:44:54 INFO  - Executed action GD.API.Controllers.Meal.MealAdminController.GetMealDishes (API) in 66ms
11:44:58 INFO  - Executed action GD.API.Controllers.Meal.MealAdminController.GetMealDishes (API) in 54ms
11:45:11 INFO  - Executed action GD.API.Controllers.Meal.MealAdminController.UpdateMealDishesStatus (API) in 63ms
11:45:11 INFO  - Executed action GD.API.Controllers.Meal.MealAdminController.GetMealDishes (API) in 55ms
11:45:12 INFO  - Executed action GD.API.Controllers.Meal.MealAdminController.UpdateMealDishesStatus (API) in 65ms
11:45:12 INFO  - Executed action GD.API.Controllers.Meal.MealAdminController.GetMealDishes (API) in 54ms
11:45:35 INFO  - 开始保存聊天消息数据
11:45:35 INFO  - 聊天消息数据保存完成，共处理条 0 数据。耗时：0时0分0秒8毫秒
11:46:35 INFO  - 开始保存聊天消息数据
11:46:35 INFO  - 聊天消息数据保存完成，共处理条 0 数据。耗时：0时0分0秒10毫秒
11:47:35 INFO  - 开始保存聊天消息数据
11:47:35 INFO  - 聊天消息数据保存完成，共处理条 0 数据。耗时：0时0分0秒9毫秒
11:48:35 INFO  - 开始保存聊天消息数据
11:48:35 INFO  - 聊天消息数据保存完成，共处理条 0 数据。耗时：0时0分0秒12毫秒
11:49:35 INFO  - 开始保存聊天消息数据
11:49:35 INFO  - 聊天消息数据保存完成，共处理条 0 数据。耗时：0时0分0秒27毫秒
11:50:35 INFO  - 开始保存聊天消息数据
11:50:35 INFO  - 聊天消息数据保存完成，共处理条 0 数据。耗时：0时0分0秒7毫秒
11:51:35 INFO  - 开始保存聊天消息数据
11:51:35 INFO  - 聊天消息数据保存完成，共处理条 0 数据。耗时：0时0分0秒10毫秒
11:52:35 INFO  - 开始保存聊天消息数据
11:52:35 INFO  - 聊天消息数据保存完成，共处理条 0 数据。耗时：0时0分0秒9毫秒
11:53:35 INFO  - 开始保存聊天消息数据
11:53:35 INFO  - 聊天消息数据保存完成，共处理条 0 数据。耗时：0时0分0秒22毫秒
11:54:35 INFO  - 开始保存聊天消息数据
11:54:35 INFO  - 聊天消息数据保存完成，共处理条 0 数据。耗时：0时0分0秒10毫秒
11:55:35 INFO  - 开始保存聊天消息数据
11:55:35 INFO  - 聊天消息数据保存完成，共处理条 0 数据。耗时：0时0分0秒9毫秒
11:56:35 INFO  - 开始保存聊天消息数据
11:56:35 INFO  - 聊天消息数据保存完成，共处理条 0 数据。耗时：0时0分0秒14毫秒
11:57:35 INFO  - 开始保存聊天消息数据
11:57:35 INFO  - 聊天消息数据保存完成，共处理条 0 数据。耗时：0时0分0秒10毫秒
11:58:35 INFO  - 开始保存聊天消息数据
11:58:35 INFO  - 聊天消息数据保存完成，共处理条 0 数据。耗时：0时0分0秒14毫秒
11:59:35 INFO  - 开始保存聊天消息数据
11:59:35 INFO  - 聊天消息数据保存完成，共处理条 0 数据。耗时：0时0分0秒5毫秒
12:00:35 INFO  - 开始保存聊天消息数据
12:00:35 INFO  - 聊天消息数据保存完成，共处理条 0 数据。耗时：0时0分0秒9毫秒
12:01:35 INFO  - 开始保存聊天消息数据
12:01:35 INFO  - 聊天消息数据保存完成，共处理条 0 数据。耗时：0时0分0秒9毫秒
12:02:35 INFO  - 开始保存聊天消息数据
12:02:35 INFO  - 聊天消息数据保存完成，共处理条 0 数据。耗时：0时0分0秒8毫秒
12:03:35 INFO  - 开始保存聊天消息数据
12:03:35 INFO  - 聊天消息数据保存完成，共处理条 0 数据。耗时：0时0分0秒25毫秒
12:04:35 INFO  - 开始保存聊天消息数据
12:04:35 INFO  - 聊天消息数据保存完成，共处理条 0 数据。耗时：0时0分0秒22毫秒
12:05:35 INFO  - 开始保存聊天消息数据
12:05:35 INFO  - 聊天消息数据保存完成，共处理条 0 数据。耗时：0时0分0秒9毫秒
12:06:35 INFO  - 开始保存聊天消息数据
12:06:35 INFO  - 聊天消息数据保存完成，共处理条 0 数据。耗时：0时0分0秒9毫秒
12:07:35 INFO  - 开始保存聊天消息数据
12:07:35 INFO  - 聊天消息数据保存完成，共处理条 0 数据。耗时：0时0分0秒9毫秒
12:08:35 INFO  - 开始保存聊天消息数据
12:08:35 INFO  - 聊天消息数据保存完成，共处理条 0 数据。耗时：0时0分0秒9毫秒
12:09:35 INFO  - 开始保存聊天消息数据
12:09:35 INFO  - 聊天消息数据保存完成，共处理条 0 数据。耗时：0时0分0秒9毫秒
12:10:35 INFO  - 开始保存聊天消息数据
12:10:35 INFO  - 聊天消息数据保存完成，共处理条 0 数据。耗时：0时0分0秒9毫秒
12:11:35 INFO  - 开始保存聊天消息数据
12:11:35 INFO  - 聊天消息数据保存完成，共处理条 0 数据。耗时：0时0分0秒21毫秒
12:12:35 INFO  - 开始保存聊天消息数据
12:12:35 INFO  - 聊天消息数据保存完成，共处理条 0 数据。耗时：0时0分0秒9毫秒
12:13:35 INFO  - 开始保存聊天消息数据
12:13:35 INFO  - 聊天消息数据保存完成，共处理条 0 数据。耗时：0时0分0秒9毫秒
12:14:35 INFO  - 开始保存聊天消息数据
12:14:35 INFO  - 聊天消息数据保存完成，共处理条 0 数据。耗时：0时0分0秒8毫秒
12:15:35 INFO  - 开始保存聊天消息数据
12:15:35 INFO  - 聊天消息数据保存完成，共处理条 0 数据。耗时：0时0分0秒8毫秒
12:16:35 INFO  - 开始保存聊天消息数据
12:16:35 INFO  - 聊天消息数据保存完成，共处理条 0 数据。耗时：0时0分0秒9毫秒
12:17:35 INFO  - 开始保存聊天消息数据
12:17:35 INFO  - 聊天消息数据保存完成，共处理条 0 数据。耗时：0时0分0秒8毫秒
12:18:35 INFO  - 开始保存聊天消息数据
12:18:35 INFO  - 聊天消息数据保存完成，共处理条 0 数据。耗时：0时0分0秒8毫秒
12:19:35 INFO  - 开始保存聊天消息数据
12:19:35 INFO  - 聊天消息数据保存完成，共处理条 0 数据。耗时：0时0分0秒5毫秒
12:20:35 INFO  - 开始保存聊天消息数据
12:20:35 INFO  - 聊天消息数据保存完成，共处理条 0 数据。耗时：0时0分0秒9毫秒
12:21:35 INFO  - 开始保存聊天消息数据
12:21:35 INFO  - 聊天消息数据保存完成，共处理条 0 数据。耗时：0时0分0秒9毫秒
12:22:35 INFO  - 开始保存聊天消息数据
12:22:35 INFO  - 聊天消息数据保存完成，共处理条 0 数据。耗时：0时0分0秒9毫秒
12:23:35 INFO  - 开始保存聊天消息数据
12:23:35 INFO  - 聊天消息数据保存完成，共处理条 0 数据。耗时：0时0分0秒8毫秒
12:24:35 INFO  - 开始保存聊天消息数据
12:24:35 INFO  - 聊天消息数据保存完成，共处理条 0 数据。耗时：0时0分0秒9毫秒
12:25:35 INFO  - 开始保存聊天消息数据
12:25:35 INFO  - 聊天消息数据保存完成，共处理条 0 数据。耗时：0时0分0秒9毫秒
12:26:35 INFO  - 开始保存聊天消息数据
12:26:35 INFO  - 聊天消息数据保存完成，共处理条 0 数据。耗时：0时0分0秒8毫秒
12:27:35 INFO  - 开始保存聊天消息数据
12:27:35 INFO  - 聊天消息数据保存完成，共处理条 0 数据。耗时：0时0分0秒11毫秒
12:28:35 INFO  - 开始保存聊天消息数据
12:28:35 INFO  - 聊天消息数据保存完成，共处理条 0 数据。耗时：0时0分0秒9毫秒
12:29:35 INFO  - 开始保存聊天消息数据
12:29:35 INFO  - 聊天消息数据保存完成，共处理条 0 数据。耗时：0时0分0秒9毫秒
12:30:35 INFO  - 开始保存聊天消息数据
12:30:35 INFO  - 聊天消息数据保存完成，共处理条 0 数据。耗时：0时0分0秒8毫秒
12:31:35 INFO  - 开始保存聊天消息数据
12:31:35 INFO  - 聊天消息数据保存完成，共处理条 0 数据。耗时：0时0分0秒9毫秒
12:32:35 INFO  - 开始保存聊天消息数据
12:32:35 INFO  - 聊天消息数据保存完成，共处理条 0 数据。耗时：0时0分0秒10毫秒
12:33:35 INFO  - 开始保存聊天消息数据
12:33:35 INFO  - 聊天消息数据保存完成，共处理条 0 数据。耗时：0时0分0秒8毫秒
12:34:35 INFO  - 开始保存聊天消息数据
12:34:35 INFO  - 聊天消息数据保存完成，共处理条 0 数据。耗时：0时0分0秒9毫秒
12:35:35 INFO  - 开始保存聊天消息数据
12:35:35 INFO  - 聊天消息数据保存完成，共处理条 0 数据。耗时：0时0分0秒9毫秒
12:36:35 INFO  - 开始保存聊天消息数据
12:36:35 INFO  - 聊天消息数据保存完成，共处理条 0 数据。耗时：0时0分0秒9毫秒
12:37:35 INFO  - 开始保存聊天消息数据
12:37:35 INFO  - 聊天消息数据保存完成，共处理条 0 数据。耗时：0时0分0秒10毫秒
12:38:35 INFO  - 开始保存聊天消息数据
12:38:35 INFO  - 聊天消息数据保存完成，共处理条 0 数据。耗时：0时0分0秒9毫秒
12:39:35 INFO  - 开始保存聊天消息数据
12:39:35 INFO  - 聊天消息数据保存完成，共处理条 0 数据。耗时：0时0分0秒65毫秒
12:40:35 INFO  - 开始保存聊天消息数据
12:40:35 INFO  - 聊天消息数据保存完成，共处理条 0 数据。耗时：0时0分0秒81毫秒
12:41:35 INFO  - 开始保存聊天消息数据
12:41:35 INFO  - 聊天消息数据保存完成，共处理条 0 数据。耗时：0时0分0秒16毫秒
12:42:35 INFO  - 开始保存聊天消息数据
12:42:35 INFO  - 聊天消息数据保存完成，共处理条 0 数据。耗时：0时0分0秒8毫秒
12:43:35 INFO  - 开始保存聊天消息数据
12:43:35 INFO  - 聊天消息数据保存完成，共处理条 0 数据。耗时：0时0分0秒9毫秒
12:44:35 INFO  - 开始保存聊天消息数据
12:44:35 INFO  - 聊天消息数据保存完成，共处理条 0 数据。耗时：0时0分0秒5毫秒
12:45:35 INFO  - 开始保存聊天消息数据
12:45:35 INFO  - 聊天消息数据保存完成，共处理条 0 数据。耗时：0时0分0秒8毫秒
12:46:35 INFO  - 开始保存聊天消息数据
12:46:35 INFO  - 聊天消息数据保存完成，共处理条 0 数据。耗时：0时0分0秒8毫秒
12:47:35 INFO  - 开始保存聊天消息数据
12:47:35 INFO  - 聊天消息数据保存完成，共处理条 0 数据。耗时：0时0分0秒8毫秒
12:48:35 INFO  - 开始保存聊天消息数据
12:48:35 INFO  - 聊天消息数据保存完成，共处理条 0 数据。耗时：0时0分0秒9毫秒
12:49:35 INFO  - 开始保存聊天消息数据
12:49:35 INFO  - 聊天消息数据保存完成，共处理条 0 数据。耗时：0时0分0秒9毫秒
12:50:35 INFO  - 开始保存聊天消息数据
12:50:35 INFO  - 聊天消息数据保存完成，共处理条 0 数据。耗时：0时0分0秒12毫秒
12:51:35 INFO  - 开始保存聊天消息数据
12:51:35 INFO  - 聊天消息数据保存完成，共处理条 0 数据。耗时：0时0分0秒8毫秒
12:52:35 INFO  - 开始保存聊天消息数据
12:52:35 INFO  - 聊天消息数据保存完成，共处理条 0 数据。耗时：0时0分0秒9毫秒
12:53:35 INFO  - 开始保存聊天消息数据
12:53:35 INFO  - 聊天消息数据保存完成，共处理条 0 数据。耗时：0时0分0秒9毫秒
12:54:35 INFO  - 开始保存聊天消息数据
12:54:35 INFO  - 聊天消息数据保存完成，共处理条 0 数据。耗时：0时0分0秒11毫秒
12:55:35 INFO  - 开始保存聊天消息数据
12:55:35 INFO  - 聊天消息数据保存完成，共处理条 0 数据。耗时：0时0分0秒8毫秒
12:56:35 INFO  - 开始保存聊天消息数据
12:56:35 INFO  - 聊天消息数据保存完成，共处理条 0 数据。耗时：0时0分0秒9毫秒
12:57:35 INFO  - 开始保存聊天消息数据
12:57:35 INFO  - 聊天消息数据保存完成，共处理条 0 数据。耗时：0时0分0秒8毫秒
12:58:35 INFO  - 开始保存聊天消息数据
12:58:35 INFO  - 聊天消息数据保存完成，共处理条 0 数据。耗时：0时0分0秒8毫秒
12:59:35 INFO  - 开始保存聊天消息数据
12:59:35 INFO  - 聊天消息数据保存完成，共处理条 0 数据。耗时：0时0分0秒13毫秒
13:00:35 INFO  - 开始保存聊天消息数据
13:00:35 INFO  - 聊天消息数据保存完成，共处理条 0 数据。耗时：0时0分0秒8毫秒
13:01:35 INFO  - 开始保存聊天消息数据
13:01:35 INFO  - 聊天消息数据保存完成，共处理条 0 数据。耗时：0时0分0秒15毫秒
13:02:35 INFO  - 开始保存聊天消息数据
13:02:35 INFO  - 聊天消息数据保存完成，共处理条 0 数据。耗时：0时0分0秒44毫秒
13:03:35 INFO  - 开始保存聊天消息数据
13:03:35 INFO  - 聊天消息数据保存完成，共处理条 0 数据。耗时：0时0分0秒6毫秒
13:04:35 INFO  - 开始保存聊天消息数据
13:04:35 INFO  - 聊天消息数据保存完成，共处理条 0 数据。耗时：0时0分0秒5毫秒
13:05:35 INFO  - 开始保存聊天消息数据
13:05:35 INFO  - 聊天消息数据保存完成，共处理条 0 数据。耗时：0时0分0秒9毫秒
13:06:35 INFO  - 开始保存聊天消息数据
13:06:35 INFO  - 聊天消息数据保存完成，共处理条 0 数据。耗时：0时0分0秒8毫秒
13:07:35 INFO  - 开始保存聊天消息数据
13:07:35 INFO  - 聊天消息数据保存完成，共处理条 0 数据。耗时：0时0分0秒8毫秒
13:08:35 INFO  - 开始保存聊天消息数据
13:08:35 INFO  - 聊天消息数据保存完成，共处理条 0 数据。耗时：0时0分0秒28毫秒
13:09:35 INFO  - 开始保存聊天消息数据
13:09:35 INFO  - 聊天消息数据保存完成，共处理条 0 数据。耗时：0时0分0秒9毫秒
13:10:35 INFO  - 开始保存聊天消息数据
13:10:35 INFO  - 聊天消息数据保存完成，共处理条 0 数据。耗时：0时0分0秒5毫秒
13:11:35 INFO  - 开始保存聊天消息数据
13:11:35 INFO  - 聊天消息数据保存完成，共处理条 0 数据。耗时：0时0分0秒9毫秒
13:12:35 INFO  - 开始保存聊天消息数据
13:12:35 INFO  - 聊天消息数据保存完成，共处理条 0 数据。耗时：0时0分0秒9毫秒
13:13:35 INFO  - 开始保存聊天消息数据
13:13:35 INFO  - 聊天消息数据保存完成，共处理条 0 数据。耗时：0时0分0秒9毫秒
13:14:35 INFO  - 开始保存聊天消息数据
13:14:35 INFO  - 聊天消息数据保存完成，共处理条 0 数据。耗时：0时0分0秒10毫秒
13:15:35 INFO  - 开始保存聊天消息数据
13:15:35 INFO  - 聊天消息数据保存完成，共处理条 0 数据。耗时：0时0分0秒11毫秒
13:16:35 INFO  - 开始保存聊天消息数据
13:16:35 INFO  - 聊天消息数据保存完成，共处理条 0 数据。耗时：0时0分0秒9毫秒
13:17:35 INFO  - 开始保存聊天消息数据
13:17:35 INFO  - 聊天消息数据保存完成，共处理条 0 数据。耗时：0时0分0秒9毫秒
13:18:35 INFO  - 开始保存聊天消息数据
13:18:35 INFO  - 聊天消息数据保存完成，共处理条 0 数据。耗时：0时0分0秒9毫秒
13:19:35 INFO  - 开始保存聊天消息数据
13:19:35 INFO  - 聊天消息数据保存完成，共处理条 0 数据。耗时：0时0分0秒10毫秒
13:20:35 INFO  - 开始保存聊天消息数据
13:20:35 INFO  - 聊天消息数据保存完成，共处理条 0 数据。耗时：0时0分0秒17毫秒
13:21:35 INFO  - 开始保存聊天消息数据
13:21:35 INFO  - 聊天消息数据保存完成，共处理条 0 数据。耗时：0时0分0秒9毫秒
13:22:35 INFO  - 开始保存聊天消息数据
13:22:35 INFO  - 聊天消息数据保存完成，共处理条 0 数据。耗时：0时0分0秒8毫秒
13:23:35 INFO  - 开始保存聊天消息数据
13:23:35 INFO  - 聊天消息数据保存完成，共处理条 0 数据。耗时：0时0分0秒9毫秒
13:24:35 INFO  - 开始保存聊天消息数据
13:24:35 INFO  - 聊天消息数据保存完成，共处理条 0 数据。耗时：0时0分0秒10毫秒
13:25:35 INFO  - 开始保存聊天消息数据
13:25:35 INFO  - 聊天消息数据保存完成，共处理条 0 数据。耗时：0时0分0秒9毫秒
13:26:35 INFO  - 开始保存聊天消息数据
13:26:35 INFO  - 聊天消息数据保存完成，共处理条 0 数据。耗时：0时0分0秒9毫秒
13:27:35 INFO  - 开始保存聊天消息数据
13:27:35 INFO  - 聊天消息数据保存完成，共处理条 0 数据。耗时：0时0分0秒9毫秒
13:28:35 INFO  - 开始保存聊天消息数据
13:28:35 INFO  - 聊天消息数据保存完成，共处理条 0 数据。耗时：0时0分0秒20毫秒
13:29:35 INFO  - 开始保存聊天消息数据
13:29:35 INFO  - 聊天消息数据保存完成，共处理条 0 数据。耗时：0时0分0秒16毫秒
13:30:35 INFO  - 开始保存聊天消息数据
13:30:35 INFO  - 聊天消息数据保存完成，共处理条 0 数据。耗时：0时0分0秒5毫秒
13:31:35 INFO  - 开始保存聊天消息数据
13:31:35 INFO  - 聊天消息数据保存完成，共处理条 0 数据。耗时：0时0分0秒8毫秒
13:32:35 INFO  - 开始保存聊天消息数据
13:32:35 INFO  - 聊天消息数据保存完成，共处理条 0 数据。耗时：0时0分0秒8毫秒
13:33:35 INFO  - 开始保存聊天消息数据
13:33:35 INFO  - 聊天消息数据保存完成，共处理条 0 数据。耗时：0时0分0秒9毫秒
13:34:35 INFO  - 开始保存聊天消息数据
13:34:35 INFO  - 聊天消息数据保存完成，共处理条 0 数据。耗时：0时0分0秒8毫秒
13:35:35 INFO  - 开始保存聊天消息数据
13:35:35 INFO  - 聊天消息数据保存完成，共处理条 0 数据。耗时：0时0分0秒8毫秒
13:36:35 INFO  - 开始保存聊天消息数据
13:36:35 INFO  - 聊天消息数据保存完成，共处理条 0 数据。耗时：0时0分0秒9毫秒
13:37:35 INFO  - 开始保存聊天消息数据
13:37:35 INFO  - 聊天消息数据保存完成，共处理条 0 数据。耗时：0时0分0秒9毫秒
13:38:35 INFO  - 开始保存聊天消息数据
13:38:35 INFO  - 聊天消息数据保存完成，共处理条 0 数据。耗时：0时0分0秒10毫秒
13:39:35 INFO  - 开始保存聊天消息数据
13:39:35 INFO  - 聊天消息数据保存完成，共处理条 0 数据。耗时：0时0分0秒8毫秒
13:40:35 INFO  - 开始保存聊天消息数据
13:40:35 INFO  - 聊天消息数据保存完成，共处理条 0 数据。耗时：0时0分0秒12毫秒
13:41:35 INFO  - 开始保存聊天消息数据
13:41:35 INFO  - 聊天消息数据保存完成，共处理条 0 数据。耗时：0时0分0秒9毫秒
13:42:35 INFO  - 开始保存聊天消息数据
13:42:35 INFO  - 聊天消息数据保存完成，共处理条 0 数据。耗时：0时0分0秒14毫秒
13:43:35 INFO  - 开始保存聊天消息数据
13:43:35 INFO  - 聊天消息数据保存完成，共处理条 0 数据。耗时：0时0分0秒9毫秒
13:44:35 INFO  - 开始保存聊天消息数据
13:44:35 INFO  - 聊天消息数据保存完成，共处理条 0 数据。耗时：0时0分0秒9毫秒
13:45:35 INFO  - 开始保存聊天消息数据
13:45:35 INFO  - 聊天消息数据保存完成，共处理条 0 数据。耗时：0时0分0秒16毫秒
13:46:35 INFO  - 开始保存聊天消息数据
13:46:35 INFO  - 聊天消息数据保存完成，共处理条 0 数据。耗时：0时0分0秒9毫秒
13:47:35 INFO  - 开始保存聊天消息数据
13:47:35 INFO  - 聊天消息数据保存完成，共处理条 0 数据。耗时：0时0分0秒9毫秒
13:48:35 INFO  - 开始保存聊天消息数据
13:48:35 INFO  - 聊天消息数据保存完成，共处理条 0 数据。耗时：0时0分0秒9毫秒
13:49:35 INFO  - 开始保存聊天消息数据
13:49:35 INFO  - 聊天消息数据保存完成，共处理条 0 数据。耗时：0时0分0秒9毫秒
13:50:35 INFO  - 开始保存聊天消息数据
13:50:35 INFO  - 聊天消息数据保存完成，共处理条 0 数据。耗时：0时0分0秒9毫秒
13:51:35 INFO  - 开始保存聊天消息数据
13:51:35 INFO  - 聊天消息数据保存完成，共处理条 0 数据。耗时：0时0分0秒9毫秒
13:52:35 INFO  - 开始保存聊天消息数据
13:52:35 INFO  - 聊天消息数据保存完成，共处理条 0 数据。耗时：0时0分0秒16毫秒
13:53:35 INFO  - 开始保存聊天消息数据
13:53:35 INFO  - 聊天消息数据保存完成，共处理条 0 数据。耗时：0时0分0秒10毫秒
13:54:35 INFO  - 开始保存聊天消息数据
13:54:35 INFO  - 聊天消息数据保存完成，共处理条 0 数据。耗时：0时0分0秒16毫秒
13:55:35 INFO  - 开始保存聊天消息数据
13:55:35 INFO  - 聊天消息数据保存完成，共处理条 0 数据。耗时：0时0分0秒18毫秒
13:56:35 INFO  - 开始保存聊天消息数据
13:56:35 INFO  - 聊天消息数据保存完成，共处理条 0 数据。耗时：0时0分0秒11毫秒
13:57:35 INFO  - 开始保存聊天消息数据
13:57:35 INFO  - 聊天消息数据保存完成，共处理条 0 数据。耗时：0时0分0秒9毫秒
13:58:35 INFO  - 开始保存聊天消息数据
13:58:35 INFO  - 聊天消息数据保存完成，共处理条 0 数据。耗时：0时0分0秒10毫秒
13:59:35 INFO  - 开始保存聊天消息数据
13:59:35 INFO  - 聊天消息数据保存完成，共处理条 0 数据。耗时：0时0分0秒20毫秒
14:00:35 INFO  - 开始保存聊天消息数据
14:00:35 INFO  - 聊天消息数据保存完成，共处理条 0 数据。耗时：0时0分0秒9毫秒
14:01:35 INFO  - 开始保存聊天消息数据
14:01:35 INFO  - 聊天消息数据保存完成，共处理条 0 数据。耗时：0时0分0秒9毫秒
14:01:44 INFO  - Executed action GD.API.Controllers.Meal.MealAdminController.GetMealDishes (API) in 131ms
14:02:35 INFO  - 开始保存聊天消息数据
14:02:35 INFO  - 聊天消息数据保存完成，共处理条 0 数据。耗时：0时0分0秒25毫秒
14:03:35 INFO  - 开始保存聊天消息数据
14:03:35 INFO  - 聊天消息数据保存完成，共处理条 0 数据。耗时：0时0分0秒16毫秒
14:04:35 INFO  - 开始保存聊天消息数据
14:04:35 INFO  - 聊天消息数据保存完成，共处理条 0 数据。耗时：0时0分0秒9毫秒
14:05:35 INFO  - 开始保存聊天消息数据
14:05:35 INFO  - 聊天消息数据保存完成，共处理条 0 数据。耗时：0时0分0秒9毫秒
14:05:38 INFO  - Executed action GD.API.Controllers.Meal.MealAdminController.GetMealDishes (API) in 126ms
14:06:35 INFO  - 开始保存聊天消息数据
14:06:35 INFO  - 聊天消息数据保存完成，共处理条 0 数据。耗时：0时0分0秒8毫秒
14:07:35 INFO  - 开始保存聊天消息数据
14:07:35 INFO  - 聊天消息数据保存完成，共处理条 0 数据。耗时：0时0分0秒9毫秒
14:08:07 INFO  - Executed action GD.API.Controllers.Meal.MealAdminController.GetMealDishes (API) in 62ms
14:08:13 INFO  - Executed action GD.API.Controllers.Meal.MealAdminController.UpdateMealDishesStatus (API) in 63ms
14:08:14 INFO  - Executed action GD.API.Controllers.Meal.MealAdminController.GetMealDishes (API) in 58ms
14:08:16 INFO  - Executed action GD.API.Controllers.Meal.MealAdminController.UpdateMealDishesStatus (API) in 64ms
14:08:16 INFO  - Executed action GD.API.Controllers.Meal.MealAdminController.GetMealDishes (API) in 59ms
14:08:18 INFO  - Executed action GD.API.Controllers.Meal.MealAdminController.UpdateMealDishesStatus (API) in 64ms
14:08:19 INFO  - Executed action GD.API.Controllers.Meal.MealAdminController.GetMealDishes (API) in 59ms
14:08:19 INFO  - Executed action GD.API.Controllers.Meal.MealAdminController.UpdateMealDishesStatus (API) in 64ms
14:08:20 INFO  - Executed action GD.API.Controllers.Meal.MealAdminController.GetMealDishes (API) in 58ms
14:08:35 INFO  - 开始保存聊天消息数据
14:08:35 INFO  - 聊天消息数据保存完成，共处理条 0 数据。耗时：0时0分0秒10毫秒
14:08:41 INFO  - Executed action GD.API.Controllers.Meal.MealAdminController.UpdateMealDishesStatus (API) in 63ms
14:08:41 INFO  - Executed action GD.API.Controllers.Meal.MealAdminController.GetMealDishes (API) in 57ms
14:08:42 INFO  - Executed action GD.API.Controllers.Meal.MealAdminController.UpdateMealDishesStatus (API) in 64ms
14:08:42 INFO  - Executed action GD.API.Controllers.Meal.MealAdminController.GetMealDishes (API) in 58ms
14:08:42 INFO  - Executed action GD.API.Controllers.Meal.MealAdminController.UpdateMealDishesStatus (API) in 66ms
14:08:42 INFO  - Executed action GD.API.Controllers.Meal.MealAdminController.GetMealDishes (API) in 60ms
14:08:44 INFO  - Executed action GD.API.Controllers.Meal.MealAdminController.UpdateMealDishesStatus (API) in 62ms
14:08:44 INFO  - Executed action GD.API.Controllers.Meal.MealAdminController.GetMealDishes (API) in 61ms
14:09:35 INFO  - 开始保存聊天消息数据
14:09:35 INFO  - 聊天消息数据保存完成，共处理条 0 数据。耗时：0时0分0秒9毫秒
14:10:35 INFO  - 开始保存聊天消息数据
14:10:35 INFO  - 聊天消息数据保存完成，共处理条 0 数据。耗时：0时0分0秒5毫秒
14:11:35 INFO  - 开始保存聊天消息数据
14:11:35 INFO  - 聊天消息数据保存完成，共处理条 0 数据。耗时：0时0分0秒10毫秒
14:11:53 INFO  - Executed action GD.API.Controllers.Meal.MealAdminController.UpdateMealDishesStatus (API) in 65ms
14:11:54 INFO  - Executed action GD.API.Controllers.Meal.MealAdminController.GetMealDishes (API) in 58ms
14:11:55 INFO  - Executed action GD.API.Controllers.Meal.MealAdminController.UpdateMealDishesStatus (API) in 63ms
14:11:56 INFO  - Executed action GD.API.Controllers.Meal.MealAdminController.GetMealDishes (API) in 58ms
14:12:35 INFO  - 开始保存聊天消息数据
14:12:35 INFO  - 聊天消息数据保存完成，共处理条 0 数据。耗时：0时0分0秒5毫秒
14:13:35 INFO  - 开始保存聊天消息数据
14:13:35 INFO  - 聊天消息数据保存完成，共处理条 0 数据。耗时：0时0分0秒9毫秒
14:14:35 INFO  - 开始保存聊天消息数据
14:14:35 INFO  - 聊天消息数据保存完成，共处理条 0 数据。耗时：0时0分0秒13毫秒
14:15:35 INFO  - 开始保存聊天消息数据
14:15:35 INFO  - 聊天消息数据保存完成，共处理条 0 数据。耗时：0时0分0秒19毫秒
14:16:35 INFO  - 开始保存聊天消息数据
14:16:35 INFO  - 聊天消息数据保存完成，共处理条 0 数据。耗时：0时0分0秒16毫秒
14:17:00 INFO  - Executed action GD.API.Controllers.Meal.MealAdminController.UpdateMealDishesStatus (API) in 67ms
14:17:00 INFO  - Executed action GD.API.Controllers.Meal.MealAdminController.GetMealDishes (API) in 59ms
14:17:04 INFO  - Executed action GD.API.Controllers.Meal.MealAdminController.GetMealCategories (API) in 23ms
14:17:17 INFO  - Executed action GD.API.Controllers.Meal.MealAdminController.GetMealDishes (API) in 58ms
14:17:35 INFO  - 开始保存聊天消息数据
14:17:35 INFO  - 聊天消息数据保存完成，共处理条 0 数据。耗时：0时0分0秒20毫秒
14:18:35 INFO  - 开始保存聊天消息数据
14:18:35 INFO  - 聊天消息数据保存完成，共处理条 0 数据。耗时：0时0分0秒10毫秒
14:19:35 INFO  - 开始保存聊天消息数据
14:19:35 INFO  - 聊天消息数据保存完成，共处理条 0 数据。耗时：0时0分0秒17毫秒
14:20:35 INFO  - 开始保存聊天消息数据
14:20:35 INFO  - 聊天消息数据保存完成，共处理条 0 数据。耗时：0时0分0秒5毫秒
14:37:17 INFO  - 开始保存聊天消息数据
14:37:18 INFO  - 聊天消息数据保存完成，共处理条 0 数据。耗时：0时0分0秒647毫秒
14:37:23 INFO  - Executed action GD.API.Controllers.Meal.MealAdminController.GetMealCategories (API) in 586ms
14:37:27 INFO  - Executed action GD.API.Controllers.Meal.MealAdminController.GetMealAccounts (API) in 1ms
14:37:29 INFO  - Executed action GD.API.Controllers.Meal.MealAdminController.GetMealAccountDetails (API) in 90ms
14:37:33 INFO  - Executed action GD.API.Controllers.Meal.MealAdminController.GetMealAccounts (API) in 0ms
14:38:17 INFO  - 开始保存聊天消息数据
14:38:17 INFO  - 聊天消息数据保存完成，共处理条 0 数据。耗时：0时0分0秒23毫秒
14:39:17 INFO  - 开始保存聊天消息数据
14:39:17 INFO  - 聊天消息数据保存完成，共处理条 0 数据。耗时：0时0分0秒8毫秒
14:39:30 INFO  - Executed action GD.API.Controllers.Meal.MealAdminController.GetMealDishes (API) in 55ms
14:39:32 INFO  - Executed action GD.API.Controllers.Meal.MealAdminController.GetMealCategories (API) in 20ms
14:39:39 INFO  - Executed action GD.API.Controllers.Meal.MealAdminController.DeleteCategory (API) in 254ms
14:39:39 INFO  - Executed action GD.API.Controllers.Meal.MealAdminController.GetMealCategories (API) in 18ms
14:39:41 INFO  - Executed action GD.API.Controllers.Meal.MealAdminController.GetMealAccounts (API) in 0ms
14:39:44 INFO  - Executed action GD.API.Controllers.Meal.MealAdminController.GetMealAccountDetails (API) in 54ms
14:39:46 INFO  - Executed action GD.API.Controllers.Meal.MealAdminController.GetMealAccounts (API) in 0ms
14:39:50 INFO  - Executed action GD.API.Controllers.Meal.MealAdminController.GetMealCategories (API) in 22ms
14:39:51 INFO  - Executed action GD.API.Controllers.Meal.MealAdminController.GetMealAccounts (API) in 0ms
14:40:17 INFO  - 开始保存聊天消息数据
14:40:17 INFO  - 聊天消息数据保存完成，共处理条 0 数据。耗时：0时0分0秒9毫秒
14:41:17 INFO  - 开始保存聊天消息数据
14:41:17 INFO  - 聊天消息数据保存完成，共处理条 0 数据。耗时：0时0分0秒11毫秒
14:42:17 INFO  - 开始保存聊天消息数据
14:42:17 INFO  - 聊天消息数据保存完成，共处理条 0 数据。耗时：0时0分0秒9毫秒
14:43:17 INFO  - 开始保存聊天消息数据
14:43:17 INFO  - 聊天消息数据保存完成，共处理条 0 数据。耗时：0时0分0秒10毫秒
14:44:17 INFO  - 开始保存聊天消息数据
14:44:17 INFO  - 聊天消息数据保存完成，共处理条 0 数据。耗时：0时0分0秒10毫秒
14:45:17 INFO  - 开始保存聊天消息数据
14:45:17 INFO  - 聊天消息数据保存完成，共处理条 0 数据。耗时：0时0分0秒9毫秒
14:46:17 INFO  - 开始保存聊天消息数据
14:46:17 INFO  - 聊天消息数据保存完成，共处理条 0 数据。耗时：0时0分0秒17毫秒
14:47:17 INFO  - 开始保存聊天消息数据
14:47:17 INFO  - 聊天消息数据保存完成，共处理条 0 数据。耗时：0时0分0秒9毫秒
14:48:17 INFO  - 开始保存聊天消息数据
14:48:17 INFO  - 聊天消息数据保存完成，共处理条 0 数据。耗时：0时0分0秒8毫秒
14:49:17 INFO  - 开始保存聊天消息数据
14:49:17 INFO  - 聊天消息数据保存完成，共处理条 0 数据。耗时：0时0分0秒9毫秒
14:50:17 INFO  - 开始保存聊天消息数据
14:50:17 INFO  - 聊天消息数据保存完成，共处理条 0 数据。耗时：0时0分0秒33毫秒
14:50:43 INFO  - 开始保存聊天消息数据
14:50:44 INFO  - 聊天消息数据保存完成，共处理条 0 数据。耗时：0时0分0秒616毫秒
14:50:47 INFO  - Executed action GD.API.Controllers.Meal.MealAdminController.Login (API) in 2682ms
14:50:57 INFO  - Executed action GD.API.Controllers.Meal.MealAdminController.Login (API) in 1757ms
14:51:41 INFO  - Bad request GD.API.Controllers.Meal.MealAdminController.GetMealAccounts (API) with 医院参数不正确
14:51:43 INFO  - 开始保存聊天消息数据
14:51:43 INFO  - 聊天消息数据保存完成，共处理条 0 数据。耗时：0时0分0秒8毫秒
14:51:51 INFO  - Bad request GD.API.Controllers.Meal.MealAdminController.GetMealAccounts (API) with 医院参数不正确
14:51:52 INFO  - Bad request GD.API.Controllers.Meal.MealAdminController.GetMealAccounts (API) with 医院参数不正确
14:51:52 INFO  - Bad request GD.API.Controllers.Meal.MealAdminController.GetMealAccounts (API) with 医院参数不正确
14:51:53 INFO  - Bad request GD.API.Controllers.Meal.MealAdminController.GetMealAccounts (API) with 医院参数不正确
14:52:15 INFO  - Executed action GD.API.Controllers.Meal.MealAdminController.GetMealAccounts (API) in 1ms
14:52:17 INFO  - Executed action GD.API.Controllers.Meal.MealAdminController.GetMealAccounts (API) in 0ms
14:52:43 INFO  - 开始保存聊天消息数据
14:52:43 INFO  - 聊天消息数据保存完成，共处理条 0 数据。耗时：0时0分0秒12毫秒
14:53:43 INFO  - 开始保存聊天消息数据
14:53:43 INFO  - 聊天消息数据保存完成，共处理条 0 数据。耗时：0时0分0秒12毫秒
14:54:43 INFO  - 开始保存聊天消息数据
14:54:43 INFO  - 聊天消息数据保存完成，共处理条 0 数据。耗时：0时0分0秒13毫秒
14:55:23 INFO  - Executed action GD.API.Controllers.Meal.MealAdminController.GetMealAccounts (API) in 0ms
14:55:36 INFO  - Executed action GD.API.Controllers.Meal.MealAdminController.Login (API) in 1762ms
14:55:36 INFO  - Executed action GD.API.Controllers.Meal.MealAdminController.GetMealAccounts (API) in 0ms
14:55:43 INFO  - 开始保存聊天消息数据
14:55:43 INFO  - 聊天消息数据保存完成，共处理条 0 数据。耗时：0时0分0秒10毫秒
14:55:45 INFO  - Executed action GD.API.Controllers.Meal.MealAdminController.GetMealAccounts (API) in 0ms
14:55:50 INFO  - Executed action GD.API.Controllers.Meal.MealAdminController.Login (API) in 22ms
14:55:51 INFO  - Executed action GD.API.Controllers.Meal.MealAdminController.GetMealAccounts (API) in 0ms
14:55:56 INFO  - Executed action GD.API.Controllers.Meal.MealAdminController.GetMealAccounts (API) in 0ms
14:56:03 INFO  - Executed action GD.API.Controllers.Meal.MealAdminController.Login (API) in 22ms
14:56:03 INFO  - Bad request GD.API.Controllers.Meal.MealAdminController.GetMealAccounts (API) with 医院参数不正确
14:56:43 INFO  - 开始保存聊天消息数据
14:56:43 INFO  - 聊天消息数据保存完成，共处理条 0 数据。耗时：0时0分0秒14毫秒
14:57:43 INFO  - 开始保存聊天消息数据
14:57:43 INFO  - 聊天消息数据保存完成，共处理条 0 数据。耗时：0时0分0秒13毫秒
14:58:43 INFO  - 开始保存聊天消息数据
14:58:43 INFO  - 聊天消息数据保存完成，共处理条 0 数据。耗时：0时0分0秒29毫秒
14:59:43 INFO  - 开始保存聊天消息数据
14:59:43 INFO  - 聊天消息数据保存完成，共处理条 0 数据。耗时：0时0分0秒12毫秒
15:00:22 INFO  - Executed action GD.API.Controllers.Meal.MealAdminController.GetMealAccounts (API) in 0ms
15:00:27 INFO  - Executed action GD.API.Controllers.Meal.MealAdminController.GetMealAccounts (API) in 0ms
15:00:31 INFO  - Executed action GD.API.Controllers.Meal.MealAdminController.GetMealAccounts (API) in 0ms
15:00:39 INFO  - Executed action GD.API.Controllers.Meal.MealAdminController.GetMealAccounts (API) in 0ms
15:00:40 INFO  - Executed action GD.API.Controllers.Meal.MealAdminController.GetMealAccounts (API) in 0ms
15:00:43 INFO  - 开始保存聊天消息数据
15:00:43 INFO  - 聊天消息数据保存完成，共处理条 0 数据。耗时：0时0分0秒9毫秒
15:00:45 INFO  - Executed action GD.API.Controllers.Meal.MealAdminController.GetMealAccounts (API) in 0ms
15:00:52 INFO  - Executed action GD.API.Controllers.Meal.MealAdminController.GetMealAccounts (API) in 0ms
15:00:57 INFO  - Executed action GD.API.Controllers.Meal.MealAdminController.GetMealAccounts (API) in 0ms
15:01:02 INFO  - Executed action GD.API.Controllers.Meal.MealAdminController.GetMealAccounts (API) in 0ms
15:01:26 INFO  - Executed action GD.API.Controllers.Meal.MealAdminController.Login (API) in 94ms
15:01:26 INFO  - Executed action GD.API.Controllers.Meal.MealAdminController.GetMealAccounts (API) in 0ms
15:01:37 INFO  - Executed action GD.API.Controllers.Meal.MealAdminController.Login (API) in 36ms
15:01:37 INFO  - Executed action GD.API.Controllers.Meal.MealAdminController.GetMealAccounts (API) in 0ms
15:01:43 INFO  - 开始保存聊天消息数据
15:01:43 INFO  - 聊天消息数据保存完成，共处理条 0 数据。耗时：0时0分0秒17毫秒
15:01:53 INFO  - Executed action GD.API.Controllers.Meal.MealAdminController.GetMealAccounts (API) in 0ms
15:02:04 INFO  - Executed action GD.API.Controllers.Meal.MealAdminController.GetMealAccounts (API) in 0ms
15:02:11 INFO  - Executed action GD.API.Controllers.Meal.MealAdminController.GetMealAccounts (API) in 0ms
15:02:14 INFO  - Executed action GD.API.Controllers.Meal.MealAdminController.GetMealAccounts (API) in 0ms
15:02:21 INFO  - Executed action GD.API.Controllers.Meal.MealAdminController.GetMealAccounts (API) in 0ms
15:02:26 INFO  - Executed action GD.API.Controllers.Meal.MealAdminController.GetMealAccounts (API) in 0ms
15:02:34 INFO  - Executed action GD.API.Controllers.Meal.MealAdminController.GetMealAccounts (API) in 0ms
15:02:34 INFO  - Executed action GD.API.Controllers.Meal.MealAdminController.GetMealAccounts (API) in 0ms
15:02:43 INFO  - 开始保存聊天消息数据
15:02:43 INFO  - 聊天消息数据保存完成，共处理条 0 数据。耗时：0时0分0秒10毫秒
15:03:43 INFO  - 开始保存聊天消息数据
15:03:43 INFO  - 聊天消息数据保存完成，共处理条 0 数据。耗时：0时0分0秒12毫秒
15:04:43 INFO  - 开始保存聊天消息数据
15:04:43 INFO  - 聊天消息数据保存完成，共处理条 0 数据。耗时：0时0分0秒13毫秒
15:05:43 INFO  - 开始保存聊天消息数据
15:05:43 INFO  - 聊天消息数据保存完成，共处理条 0 数据。耗时：0时0分0秒13毫秒
15:05:59 INFO  - Executed action GD.API.Controllers.Meal.MealAdminController.GetMealAccounts (API) in 0ms
15:06:43 INFO  - 开始保存聊天消息数据
15:06:43 INFO  - 聊天消息数据保存完成，共处理条 0 数据。耗时：0时0分0秒11毫秒
15:07:14 INFO  - Executed action GD.API.Controllers.Meal.MealAdminController.GetMealAccounts (API) in 0ms
15:07:18 INFO  - Bad request GD.API.Controllers.Meal.MealAdminController.GetMealAccounts (API) with 医院参数不正确
15:07:33 INFO  - Bad request GD.API.Controllers.Meal.MealAdminController.GetMealAccounts (API) with 医院参数不正确
15:07:35 INFO  - Bad request GD.API.Controllers.Meal.MealAdminController.GetMealAccounts (API) with 医院参数不正确
15:07:36 INFO  - Bad request GD.API.Controllers.Meal.MealAdminController.GetMealAccounts (API) with 医院参数不正确
15:07:37 INFO  - Bad request GD.API.Controllers.Meal.MealAdminController.GetMealAccounts (API) with 医院参数不正确
15:07:38 INFO  - Bad request GD.API.Controllers.Meal.MealAdminController.GetMealAccounts (API) with 医院参数不正确
15:07:39 INFO  - Bad request GD.API.Controllers.Meal.MealAdminController.GetMealAccounts (API) with 医院参数不正确
15:07:39 INFO  - Bad request GD.API.Controllers.Meal.MealAdminController.GetMealAccounts (API) with 医院参数不正确
15:07:39 INFO  - Bad request GD.API.Controllers.Meal.MealAdminController.GetMealAccounts (API) with 医院参数不正确
15:07:39 INFO  - Bad request GD.API.Controllers.Meal.MealAdminController.GetMealAccounts (API) with 医院参数不正确
15:07:40 INFO  - Bad request GD.API.Controllers.Meal.MealAdminController.GetMealAccounts (API) with 医院参数不正确
15:07:40 INFO  - Bad request GD.API.Controllers.Meal.MealAdminController.GetMealAccounts (API) with 医院参数不正确
15:07:40 INFO  - Bad request GD.API.Controllers.Meal.MealAdminController.GetMealAccounts (API) with 医院参数不正确
15:07:43 INFO  - 开始保存聊天消息数据
15:07:43 INFO  - 聊天消息数据保存完成，共处理条 0 数据。耗时：0时0分0秒8毫秒
15:07:53 INFO  - Executed action GD.API.Controllers.Meal.MealAdminController.Login (API) in 87ms
15:07:53 INFO  - Executed action GD.API.Controllers.Meal.MealAdminController.GetMealAccounts (API) in 0ms
15:08:03 INFO  - Executed action GD.API.Controllers.Meal.MealAdminController.GetMealAccounts (API) in 0ms
15:08:05 INFO  - Bad request GD.API.Controllers.Meal.MealAdminController.GetMealAccounts (API) with 医院参数不正确
15:08:20 INFO  - Executed action GD.API.Controllers.Meal.MealAdminController.GetMealAccounts (API) in 0ms
15:08:43 INFO  - 开始保存聊天消息数据
15:08:43 INFO  - 聊天消息数据保存完成，共处理条 0 数据。耗时：0时0分0秒14毫秒
15:09:43 INFO  - 开始保存聊天消息数据
15:09:43 INFO  - 聊天消息数据保存完成，共处理条 0 数据。耗时：0时0分0秒12毫秒
15:10:43 INFO  - 开始保存聊天消息数据
15:10:43 INFO  - 聊天消息数据保存完成，共处理条 0 数据。耗时：0时0分0秒16毫秒
15:11:43 INFO  - 开始保存聊天消息数据
15:11:43 INFO  - 聊天消息数据保存完成，共处理条 0 数据。耗时：0时0分0秒11毫秒
15:12:43 INFO  - 开始保存聊天消息数据
15:12:43 INFO  - 聊天消息数据保存完成，共处理条 0 数据。耗时：0时0分0秒23毫秒
15:13:43 INFO  - 开始保存聊天消息数据
15:13:43 INFO  - 聊天消息数据保存完成，共处理条 0 数据。耗时：0时0分0秒12毫秒
15:14:43 INFO  - 开始保存聊天消息数据
15:14:43 INFO  - 聊天消息数据保存完成，共处理条 0 数据。耗时：0时0分0秒14毫秒
15:15:43 INFO  - 开始保存聊天消息数据
15:15:43 INFO  - 聊天消息数据保存完成，共处理条 0 数据。耗时：0时0分0秒14毫秒
15:15:51 INFO  - Executed action GD.API.Controllers.Meal.MealAdminController.GetMealAccounts (API) in 0ms
15:16:02 INFO  - Executed action GD.API.Controllers.Meal.MealAdminController.GetMealAccounts (API) in 0ms
15:16:05 INFO  - Executed action GD.API.Controllers.Meal.MealAdminController.GetMealAccounts (API) in 0ms
15:16:15 INFO  - Executed action GD.API.Controllers.Meal.MealAdminController.GetMealAccounts (API) in 0ms
15:16:23 INFO  - Executed action GD.API.Controllers.Meal.MealAdminController.GetMealAccounts (API) in 0ms
15:16:43 INFO  - Executed action GD.API.Controllers.Meal.MealAdminController.GetMealDishes (API) in 165ms
15:16:43 INFO  - 开始保存聊天消息数据
15:16:43 INFO  - 聊天消息数据保存完成，共处理条 0 数据。耗时：0时0分0秒15毫秒
15:17:43 INFO  - 开始保存聊天消息数据
15:17:43 INFO  - 聊天消息数据保存完成，共处理条 0 数据。耗时：0时0分0秒24毫秒
15:18:43 INFO  - 开始保存聊天消息数据
15:18:43 INFO  - 聊天消息数据保存完成，共处理条 0 数据。耗时：0时0分0秒12毫秒
15:19:20 INFO  - Executed action GD.API.Controllers.Meal.MealAdminController.GetMealDishes (API) in 80ms
15:19:24 INFO  - Executed action GD.API.Controllers.Meal.MealAdminController.GetMealAccounts (API) in 0ms
15:19:25 INFO  - Executed action GD.API.Controllers.Meal.MealAdminController.GetMealDishes (API) in 61ms
15:19:43 INFO  - 开始保存聊天消息数据
15:19:43 INFO  - 聊天消息数据保存完成，共处理条 0 数据。耗时：0时0分0秒29毫秒
15:20:43 INFO  - 开始保存聊天消息数据
15:20:43 INFO  - 聊天消息数据保存完成，共处理条 0 数据。耗时：0时0分0秒12毫秒
15:21:43 INFO  - 开始保存聊天消息数据
15:21:43 INFO  - 聊天消息数据保存完成，共处理条 0 数据。耗时：0时0分0秒14毫秒
15:22:43 INFO  - 开始保存聊天消息数据
15:22:43 INFO  - 聊天消息数据保存完成，共处理条 0 数据。耗时：0时0分0秒13毫秒
15:23:43 INFO  - 开始保存聊天消息数据
15:23:43 INFO  - 聊天消息数据保存完成，共处理条 0 数据。耗时：0时0分0秒34毫秒
15:24:43 INFO  - 开始保存聊天消息数据
15:24:43 INFO  - 聊天消息数据保存完成，共处理条 0 数据。耗时：0时0分0秒10毫秒
15:25:31 INFO  - Executed action GD.API.Controllers.Meal.MealAdminController.GetMealOperators (API) in 407ms
15:25:43 INFO  - 开始保存聊天消息数据
15:25:43 INFO  - 聊天消息数据保存完成，共处理条 0 数据。耗时：0时0分0秒9毫秒
15:26:43 INFO  - 开始保存聊天消息数据
15:26:43 INFO  - 聊天消息数据保存完成，共处理条 0 数据。耗时：0时0分0秒11毫秒
15:27:22 INFO  - Executed action GD.API.Controllers.Meal.MealAdminController.GetMealOperators (API) in 137ms
15:27:32 INFO  - Executed action GD.API.Controllers.Meal.MealAdminController.GetMealOperators (API) in 18ms
15:27:43 INFO  - 开始保存聊天消息数据
15:27:43 INFO  - 聊天消息数据保存完成，共处理条 0 数据。耗时：0时0分0秒16毫秒
15:28:26 INFO  - Executed action GD.API.Controllers.Meal.MealAdminController.GetMealOperators (API) in 15ms
15:28:43 INFO  - 开始保存聊天消息数据
15:28:43 INFO  - 聊天消息数据保存完成，共处理条 0 数据。耗时：0时0分0秒77毫秒
15:29:15 INFO  - Executed action GD.API.Controllers.Meal.MealAdminController.GetMealOperators (API) in 14ms
15:29:43 INFO  - 开始保存聊天消息数据
15:29:43 INFO  - 聊天消息数据保存完成，共处理条 0 数据。耗时：0时0分0秒13毫秒
15:30:43 INFO  - 开始保存聊天消息数据
15:30:43 INFO  - 聊天消息数据保存完成，共处理条 0 数据。耗时：0时0分0秒17毫秒
15:30:43 INFO  - Executed action GD.API.Controllers.Meal.MealAdminController.GetMealOperators (API) in 15ms
15:30:45 INFO  - Executed action GD.API.Controllers.Meal.MealAdminController.GetMealOperators (API) in 14ms
15:30:46 INFO  - Executed action GD.API.Controllers.Meal.MealAdminController.GetMealOperators (API) in 16ms
15:30:50 INFO  - Executed action GD.API.Controllers.Meal.MealAdminController.GetMealOperators (API) in 15ms
15:30:52 INFO  - Executed action GD.API.Controllers.Meal.MealAdminController.GetMealOperators (API) in 16ms
15:31:43 INFO  - 开始保存聊天消息数据
15:31:43 INFO  - 聊天消息数据保存完成，共处理条 0 数据。耗时：0时0分0秒13毫秒
15:32:43 INFO  - 开始保存聊天消息数据
15:32:43 INFO  - 聊天消息数据保存完成，共处理条 0 数据。耗时：0时0分0秒8毫秒
15:33:43 INFO  - 开始保存聊天消息数据
15:33:43 INFO  - 聊天消息数据保存完成，共处理条 0 数据。耗时：0时0分0秒13毫秒
15:34:43 INFO  - 开始保存聊天消息数据
15:34:43 INFO  - 聊天消息数据保存完成，共处理条 0 数据。耗时：0时0分0秒16毫秒
15:35:43 INFO  - 开始保存聊天消息数据
15:35:43 INFO  - 聊天消息数据保存完成，共处理条 0 数据。耗时：0时0分0秒12毫秒
15:36:43 INFO  - 开始保存聊天消息数据
15:36:43 INFO  - 聊天消息数据保存完成，共处理条 0 数据。耗时：0时0分0秒21毫秒
15:37:43 INFO  - 开始保存聊天消息数据
15:37:43 INFO  - 聊天消息数据保存完成，共处理条 0 数据。耗时：0时0分0秒24毫秒
15:38:43 INFO  - 开始保存聊天消息数据
15:38:43 INFO  - 聊天消息数据保存完成，共处理条 0 数据。耗时：0时0分0秒13毫秒
15:39:43 INFO  - 开始保存聊天消息数据
15:39:43 INFO  - 聊天消息数据保存完成，共处理条 0 数据。耗时：0时0分0秒14毫秒
15:40:43 INFO  - 开始保存聊天消息数据
15:40:43 INFO  - 聊天消息数据保存完成，共处理条 0 数据。耗时：0时0分0秒14毫秒
15:41:43 INFO  - 开始保存聊天消息数据
15:41:43 INFO  - 聊天消息数据保存完成，共处理条 0 数据。耗时：0时0分0秒22毫秒
15:42:43 INFO  - 开始保存聊天消息数据
15:42:43 INFO  - 聊天消息数据保存完成，共处理条 0 数据。耗时：0时0分0秒16毫秒
15:43:01 INFO  - Executed action GD.API.Controllers.Meal.MealAdminController.GetMealOperators (API) in 105ms
15:43:43 INFO  - 开始保存聊天消息数据
15:43:43 INFO  - 聊天消息数据保存完成，共处理条 0 数据。耗时：0时0分0秒12毫秒
15:44:43 INFO  - 开始保存聊天消息数据
15:44:43 INFO  - 聊天消息数据保存完成，共处理条 0 数据。耗时：0时0分0秒17毫秒
15:45:43 INFO  - 开始保存聊天消息数据
15:45:43 INFO  - 聊天消息数据保存完成，共处理条 0 数据。耗时：0时0分0秒19毫秒
15:46:25 INFO  - Executed action GD.API.Controllers.Meal.MealAdminController.GetMealOperators (API) in 185ms
15:46:43 INFO  - 开始保存聊天消息数据
15:47:43 INFO  - 开始保存聊天消息数据
15:47:43 INFO  - 聊天消息数据保存完成，共处理条 0 数据。耗时：0时0分0秒8毫秒
15:48:43 INFO  - 开始保存聊天消息数据
15:48:43 INFO  - 聊天消息数据保存完成，共处理条 0 数据。耗时：0时0分0秒48毫秒
15:49:43 INFO  - 开始保存聊天消息数据
15:49:43 INFO  - 聊天消息数据保存完成，共处理条 0 数据。耗时：0时0分0秒15毫秒
15:50:39 INFO  - Executed action GD.API.Controllers.Meal.MealAdminController.GetMealOperators (API) in 191ms
15:50:43 INFO  - 开始保存聊天消息数据
15:50:43 INFO  - 聊天消息数据保存完成，共处理条 0 数据。耗时：0时0分0秒6毫秒
15:51:20 INFO  - Executed action GD.API.Controllers.Meal.MealAdminController.GetMealOperators (API) in 28ms
15:51:27 INFO  - Executed action GD.API.Controllers.Meal.MealAdminController.GetMealOperators (API) in 26ms
15:51:43 INFO  - 开始保存聊天消息数据
15:51:43 INFO  - 聊天消息数据保存完成，共处理条 0 数据。耗时：0时0分0秒8毫秒
15:52:04 INFO  - Executed action GD.API.Controllers.Meal.MealAdminController.GetMealOperators (API) in 25ms
15:52:07 INFO  - Executed action GD.API.Controllers.Meal.MealAdminController.GetMealOperators (API) in 25ms
15:52:43 INFO  - 开始保存聊天消息数据
15:52:43 INFO  - 聊天消息数据保存完成，共处理条 0 数据。耗时：0时0分0秒8毫秒
15:53:16 INFO  - Executed action GD.API.Controllers.Meal.MealAdminController.GetMealOperators (API) in 26ms
15:53:23 INFO  - Executed action GD.API.Controllers.Meal.MealAdminController.GetMealOperators (API) in 26ms
15:53:43 INFO  - 开始保存聊天消息数据
15:53:43 INFO  - 聊天消息数据保存完成，共处理条 0 数据。耗时：0时0分0秒9毫秒
15:54:43 INFO  - 开始保存聊天消息数据
15:54:43 INFO  - 聊天消息数据保存完成，共处理条 0 数据。耗时：0时0分0秒57毫秒
15:55:17 INFO  - Executed action GD.API.Controllers.Meal.MealAdminController.GetMealOperators (API) in 26ms
15:55:19 INFO  - Executed action GD.API.Controllers.Meal.MealAdminController.GetMealOperators (API) in 26ms
15:55:25 INFO  - Executed action GD.API.Controllers.Meal.MealAdminController.GetMealOperators (API) in 26ms
15:55:43 INFO  - 开始保存聊天消息数据
15:55:43 INFO  - 聊天消息数据保存完成，共处理条 0 数据。耗时：0时0分0秒7毫秒
15:56:02 INFO  - Executed action GD.API.Controllers.Meal.MealAdminController.GetMealOperators (API) in 26ms
15:56:04 INFO  - Executed action GD.API.Controllers.Meal.MealAdminController.GetMealOperators (API) in 25ms
15:56:06 INFO  - Executed action GD.API.Controllers.Meal.MealAdminController.GetMealOperators (API) in 26ms
15:56:19 INFO  - Executed action GD.API.Controllers.Meal.MealAdminController.GetMealOperators (API) in 28ms
15:56:23 INFO  - Executed action GD.API.Controllers.Meal.MealAdminController.GetMealOperators (API) in 26ms
15:56:25 INFO  - Executed action GD.API.Controllers.Meal.MealAdminController.GetMealOperators (API) in 31ms
15:56:29 INFO  - Executed action GD.API.Controllers.Meal.MealAdminController.GetMealOperators (API) in 27ms
15:56:42 INFO  - Executed action GD.API.Controllers.Meal.MealAdminController.GetMealOperators (API) in 26ms
15:56:43 INFO  - 开始保存聊天消息数据
15:56:43 INFO  - 聊天消息数据保存完成，共处理条 0 数据。耗时：0时0分0秒6毫秒
15:57:43 INFO  - 开始保存聊天消息数据
15:57:43 INFO  - 聊天消息数据保存完成，共处理条 0 数据。耗时：0时0分0秒8毫秒
15:58:43 INFO  - 开始保存聊天消息数据
15:58:43 INFO  - 聊天消息数据保存完成，共处理条 0 数据。耗时：0时0分0秒8毫秒
15:59:42 INFO  - Executed action GD.API.Controllers.Meal.MealAdminController.GetMealOperators (API) in 31ms
15:59:43 INFO  - 开始保存聊天消息数据
15:59:43 INFO  - 聊天消息数据保存完成，共处理条 0 数据。耗时：0时0分0秒8毫秒
15:59:44 INFO  - Executed action GD.API.Controllers.Meal.MealAdminController.GetMealOperators (API) in 24ms
16:00:01 INFO  - Executed action GD.API.Controllers.Meal.MealAdminController.GetMealOperators (API) in 25ms
16:00:04 INFO  - Executed action GD.API.Controllers.Meal.MealAdminController.GetMealOperators (API) in 27ms
16:00:13 INFO  - Executed action GD.API.Controllers.Meal.MealAdminController.GetMealOperators (API) in 32ms
16:00:15 INFO  - Executed action GD.API.Controllers.Meal.MealAdminController.GetMealOperators (API) in 26ms
16:00:16 INFO  - Executed action GD.API.Controllers.Meal.MealAdminController.GetMealOperators (API) in 29ms
16:00:27 INFO  - Executed action GD.API.Controllers.Meal.MealAdminController.GetMealOperators (API) in 27ms
16:00:29 INFO  - Executed action GD.API.Controllers.Meal.MealAdminController.GetMealOperators (API) in 25ms
16:00:30 INFO  - Executed action GD.API.Controllers.Meal.MealAdminController.GetMealOperators (API) in 30ms
16:00:32 INFO  - Executed action GD.API.Controllers.Meal.MealAdminController.GetMealOperators (API) in 26ms
16:00:38 INFO  - Executed action GD.API.Controllers.Meal.MealAdminController.GetMealOperators (API) in 26ms
16:00:42 INFO  - Executed action GD.API.Controllers.Meal.MealAdminController.GetMealOperators (API) in 27ms
16:00:43 INFO  - 开始保存聊天消息数据
16:00:43 INFO  - 聊天消息数据保存完成，共处理条 0 数据。耗时：0时0分0秒5毫秒
16:00:49 INFO  - Executed action GD.API.Controllers.Meal.MealAdminController.GetMealOperators (API) in 24ms
16:00:58 INFO  - Executed action GD.API.Controllers.Meal.MealAdminController.GetMealOperators (API) in 33ms
16:01:01 INFO  - Executed action GD.API.Controllers.Meal.MealAdminController.GetMealOperators (API) in 26ms
16:01:14 INFO  - Executed action GD.API.Controllers.Meal.MealAdminController.GetMealOperators (API) in 26ms
16:01:22 INFO  - Executed action GD.API.Controllers.Meal.MealAdminController.GetMealOperators (API) in 26ms
16:01:43 INFO  - 开始保存聊天消息数据
16:01:43 INFO  - 聊天消息数据保存完成，共处理条 0 数据。耗时：0时0分0秒18毫秒
16:01:59 INFO  - Executed action GD.API.Controllers.Meal.MealAdminController.GetMealOperators (API) in 29ms
16:02:12 INFO  - Executed action GD.API.Controllers.Meal.MealAdminController.GetMealOperators (API) in 25ms
16:02:39 INFO  - Executed action GD.API.Controllers.Meal.MealAdminController.GetMealOperators (API) in 25ms
16:02:43 INFO  - 开始保存聊天消息数据
16:02:43 INFO  - 聊天消息数据保存完成，共处理条 0 数据。耗时：0时0分0秒24毫秒
16:02:48 INFO  - Executed action GD.API.Controllers.Meal.MealAdminController.GetMealOperators (API) in 28ms
16:02:50 INFO  - Executed action GD.API.Controllers.Meal.MealAdminController.GetMealOperators (API) in 25ms
16:03:04 INFO  - Executed action GD.API.Controllers.Meal.MealAdminController.GetMealOperators (API) in 27ms
16:03:25 INFO  - Executed action GD.API.Controllers.Meal.MealAdminController.GetMealOperators (API) in 25ms
16:03:32 INFO  - Executed action GD.API.Controllers.Meal.MealAdminController.GetMealOperators (API) in 25ms
16:03:43 INFO  - 开始保存聊天消息数据
16:03:43 INFO  - 聊天消息数据保存完成，共处理条 0 数据。耗时：0时0分0秒5毫秒
16:03:44 INFO  - Executed action GD.API.Controllers.Meal.MealAdminController.GetMealOperators (API) in 26ms
16:03:53 INFO  - Executed action GD.API.Controllers.Meal.MealAdminController.GetMealOperators (API) in 26ms
16:04:05 INFO  - Executed action GD.API.Controllers.Meal.MealAdminController.GetMealOperators (API) in 121ms
16:04:20 INFO  - Executed action GD.API.Controllers.Meal.MealAdminController.GetMealOperators (API) in 26ms
16:04:43 INFO  - 开始保存聊天消息数据
16:04:43 INFO  - 聊天消息数据保存完成，共处理条 0 数据。耗时：0时0分0秒9毫秒
16:04:56 INFO  - Executed action GD.API.Controllers.Meal.MealAdminController.GetMealOperators (API) in 27ms
16:05:18 INFO  - Executed action GD.API.Controllers.Meal.MealAdminController.GetMealOperators (API) in 27ms
16:05:19 INFO  - Executed action GD.API.Controllers.Meal.MealAdminController.GetMealOperators (API) in 25ms
16:05:34 INFO  - Executed action GD.API.Controllers.Meal.MealAdminController.GetMealOperators (API) in 26ms
16:05:43 INFO  - 开始保存聊天消息数据
16:05:43 INFO  - 聊天消息数据保存完成，共处理条 0 数据。耗时：0时0分0秒6毫秒
16:05:49 INFO  - Executed action GD.API.Controllers.Meal.MealAdminController.GetMealOperators (API) in 26ms
16:06:43 INFO  - 开始保存聊天消息数据
16:06:43 INFO  - 聊天消息数据保存完成，共处理条 0 数据。耗时：0时0分0秒8毫秒
16:07:43 INFO  - 开始保存聊天消息数据
16:07:43 INFO  - 聊天消息数据保存完成，共处理条 0 数据。耗时：0时0分0秒10毫秒
16:08:50 INFO  - 开始保存聊天消息数据
16:08:51 INFO  - 聊天消息数据保存完成，共处理条 0 数据。耗时：0时0分0秒593毫秒
16:12:06 INFO  - 开始保存聊天消息数据
16:12:07 INFO  - 聊天消息数据保存完成，共处理条 0 数据。耗时：0时0分0秒751毫秒
16:13:06 INFO  - 开始保存聊天消息数据
16:13:06 INFO  - 聊天消息数据保存完成，共处理条 0 数据。耗时：0时0分0秒19毫秒
16:13:37 INFO  - Executed action GD.API.Controllers.Meal.MealAdminController.GetMealOperators (API) in 501ms
16:13:52 INFO  - Executed action GD.API.Controllers.Meal.MealAdminController.GetMealOperators (API) in 24ms
16:14:06 INFO  - 开始保存聊天消息数据
16:14:06 INFO  - 聊天消息数据保存完成，共处理条 0 数据。耗时：0时0分0秒8毫秒
16:14:29 INFO  - Executed action GD.API.Controllers.Meal.MealAdminController.GetMealOperators (API) in 26ms
16:15:06 INFO  - 开始保存聊天消息数据
16:15:06 INFO  - 聊天消息数据保存完成，共处理条 0 数据。耗时：0时0分0秒7毫秒
16:15:12 INFO  - Executed action GD.API.Controllers.Meal.MealAdminController.GetMealOperators (API) in 25ms
16:15:32 INFO  - Executed action GD.API.Controllers.Meal.MealAdminController.GetMealOperators (API) in 27ms
16:16:06 INFO  - 开始保存聊天消息数据
16:16:06 INFO  - 聊天消息数据保存完成，共处理条 0 数据。耗时：0时0分0秒8毫秒
16:16:18 INFO  - Executed action GD.API.Controllers.Meal.MealAdminController.GetMealOperators (API) in 27ms
16:16:32 INFO  - Executed action GD.API.Controllers.Meal.MealAdminController.GetMealOperators (API) in 25ms
16:16:44 INFO  - Executed action GD.API.Controllers.Meal.MealAdminController.GetMealOperators (API) in 27ms
16:16:46 INFO  - Executed action GD.API.Controllers.Meal.MealAdminController.GetMealOperators (API) in 25ms
16:16:52 INFO  - Executed action GD.API.Controllers.Meal.MealAdminController.GetMealOperators (API) in 26ms
16:17:05 INFO  - Executed action GD.API.Controllers.Meal.MealAdminController.CreateMealOperator (API) in 523ms
16:17:05 INFO  - Executed action GD.API.Controllers.Meal.MealAdminController.GetMealOperators (API) in 38ms
16:17:06 INFO  - 开始保存聊天消息数据
16:17:06 INFO  - 聊天消息数据保存完成，共处理条 0 数据。耗时：0时0分0秒4毫秒
16:17:07 INFO  - Executed action GD.API.Controllers.Meal.MealAdminController.GetMealOperators (API) in 23ms
16:17:25 INFO  - Executed action GD.API.Controllers.Meal.MealAdminController.GetMealOperators (API) in 25ms
16:18:06 INFO  - 开始保存聊天消息数据
16:18:06 INFO  - 聊天消息数据保存完成，共处理条 0 数据。耗时：0时0分0秒5毫秒
16:19:06 INFO  - 开始保存聊天消息数据
16:19:06 INFO  - 聊天消息数据保存完成，共处理条 0 数据。耗时：0时0分0秒11毫秒
16:20:06 INFO  - 开始保存聊天消息数据
16:20:06 INFO  - 聊天消息数据保存完成，共处理条 0 数据。耗时：0时0分0秒7毫秒
16:20:51 INFO  - 开始保存聊天消息数据
16:20:51 INFO  - 聊天消息数据保存完成，共处理条 0 数据。耗时：0时0分0秒644毫秒
16:20:57 INFO  - Executed action GD.API.Controllers.Meal.MealAdminController.GetMealOperators (API) in 582ms
16:21:44 INFO  - Executed action GD.API.Controllers.Meal.MealAdminController.GetMealOperators (API) in 28ms
16:21:50 INFO  - 开始保存聊天消息数据
16:21:50 INFO  - 聊天消息数据保存完成，共处理条 0 数据。耗时：0时0分0秒8毫秒
16:22:50 INFO  - 开始保存聊天消息数据
16:22:50 INFO  - 聊天消息数据保存完成，共处理条 0 数据。耗时：0时0分0秒11毫秒
16:23:45 INFO  - Executed action GD.API.Controllers.Meal.MealAdminController.GetMealOperators (API) in 28ms
16:23:49 INFO  - Executed action GD.API.Controllers.Meal.MealAdminController.GetMealOperators (API) in 27ms
16:23:50 INFO  - 开始保存聊天消息数据
16:23:50 INFO  - 聊天消息数据保存完成，共处理条 0 数据。耗时：0时0分0秒7毫秒
16:24:34 INFO  - Executed action GD.API.Controllers.Meal.MealAdminController.GetMealOperators (API) in 26ms
16:24:37 INFO  - Executed action GD.API.Controllers.Meal.MealAdminController.GetMealOperators (API) in 26ms
16:24:40 INFO  - Executed action GD.API.Controllers.Meal.MealAdminController.GetMealOperators (API) in 26ms
16:24:50 INFO  - 开始保存聊天消息数据
16:24:50 INFO  - 聊天消息数据保存完成，共处理条 0 数据。耗时：0时0分0秒11毫秒
16:24:51 INFO  - Executed action GD.API.Controllers.Meal.MealAdminController.GetMealOperators (API) in 26ms
16:25:02 INFO  - Executed action GD.API.Controllers.Meal.MealAdminController.GetMealOperators (API) in 31ms
16:25:50 INFO  - 开始保存聊天消息数据
16:25:50 INFO  - 聊天消息数据保存完成，共处理条 0 数据。耗时：0时0分0秒17毫秒
16:26:50 INFO  - 开始保存聊天消息数据
16:26:50 INFO  - 聊天消息数据保存完成，共处理条 0 数据。耗时：0时0分0秒11毫秒
16:27:11 INFO  - Executed action GD.API.Controllers.Meal.MealAdminController.GetMealOperators (API) in 26ms
16:27:33 INFO  - Executed action GD.API.Controllers.Meal.MealAdminController.GetMealOperators (API) in 25ms
16:27:50 INFO  - 开始保存聊天消息数据
16:27:50 INFO  - 聊天消息数据保存完成，共处理条 0 数据。耗时：0时0分0秒8毫秒
16:28:50 INFO  - 开始保存聊天消息数据
16:28:50 INFO  - 聊天消息数据保存完成，共处理条 0 数据。耗时：0时0分0秒18毫秒
16:29:50 INFO  - 开始保存聊天消息数据
16:29:50 INFO  - 聊天消息数据保存完成，共处理条 0 数据。耗时：0时0分0秒10毫秒
16:30:41 INFO  - Executed action GD.API.Controllers.Meal.MealAdminController.GetMealOperators (API) in 28ms
16:30:50 INFO  - 开始保存聊天消息数据
16:30:50 INFO  - 聊天消息数据保存完成，共处理条 0 数据。耗时：0时0分0秒8毫秒
16:31:22 INFO  - Executed action GD.API.Controllers.Meal.MealAdminController.GetMealOperators (API) in 26ms
16:31:27 INFO  - Executed action GD.API.Controllers.Meal.MealAdminController.ResetMealOperatorPassword (API) in 368ms
16:31:27 INFO  - Executed action GD.API.Controllers.Meal.MealAdminController.GetMealOperators (API) in 26ms
16:31:33 INFO  - Executed action GD.API.Controllers.Meal.MealAdminController.ResetMealOperatorPassword (API) in 55ms
16:31:33 INFO  - Executed action GD.API.Controllers.Meal.MealAdminController.GetMealOperators (API) in 26ms
16:31:50 INFO  - 开始保存聊天消息数据
16:31:50 INFO  - 聊天消息数据保存完成，共处理条 0 数据。耗时：0时0分0秒11毫秒
16:31:59 INFO  - Executed action GD.API.Controllers.Meal.MealAdminController.CreateMealOperator (API) in 201ms
16:31:59 INFO  - Executed action GD.API.Controllers.Meal.MealAdminController.GetMealOperators (API) in 29ms
16:32:03 INFO  - Executed action GD.API.Controllers.Meal.MealAdminController.DeleteMealOperator (API) in 35ms
16:32:03 INFO  - Executed action GD.API.Controllers.Meal.MealAdminController.GetMealOperators (API) in 26ms
16:32:07 INFO  - Executed action GD.API.Controllers.Meal.MealAdminController.GetMealOperators (API) in 27ms
16:33:04 INFO  - 开始保存聊天消息数据
16:33:45 INFO  - 聊天消息数据保存完成，共处理条 0 数据。耗时：0时0分41秒450毫秒
16:33:45 INFO  - Executed action GD.API.Controllers.Meal.MealAdminController.DeleteMealOperator (API) in 82821ms
16:33:50 INFO  - 开始保存聊天消息数据
16:33:50 INFO  - 聊天消息数据保存完成，共处理条 0 数据。耗时：0时0分0秒7毫秒
16:33:57 INFO  - Executed action GD.API.Controllers.Meal.MealAdminController.GetMealOperators (API) in 25ms
16:42:41 INFO  - 开始保存聊天消息数据
16:42:41 INFO  - Executed action GD.API.Controllers.Meal.MealAdminController.DeleteMealOperator (API) in 518085ms
16:42:41 INFO  - 聊天消息数据保存完成，共处理条 0 数据。耗时：0时0分0秒37毫秒
16:42:41 INFO  - Executed action GD.API.Controllers.Meal.MealAdminController.GetMealOperators (API) in 65ms
16:43:44 INFO  - 开始保存聊天消息数据
16:43:44 INFO  - 聊天消息数据保存完成，共处理条 0 数据。耗时：0时0分0秒28毫秒
16:44:01 INFO  - Executed action GD.API.Controllers.Meal.MealAdminController.DeleteMealOperator (API) in 67163ms
16:44:06 INFO  - Executed action GD.API.Controllers.Meal.MealAdminController.GetMealOperators (API) in 19ms
