16:15:34 INFO  - Executed action GD.API.Controllers.Utility.AccountController.GetWeChatMobileConfig (API) in 41ms
16:49:30 INFO  - Executed action GD.API.Controllers.Utility.AccountController.LoginAdmin (API) in 950ms
16:49:31 INFO  - Executed action GD.API.Controllers.System.UserController.GetLoginUserInfoAsync (API) in 688ms
16:49:31 INFO  - Executed action GD.API.Controllers.System.HomeController.GetOrderQtyAsync (API) in 52ms
16:49:31 INFO  - Executed action GD.API.Controllers.System.HomeController.GetMerchantQtyAsync (API) in 136ms
16:49:31 INFO  - Executed action GD.API.Controllers.System.HomeController.GetUserQtyAsync (API) in 145ms
16:49:31 INFO  - Executed action GD.API.Controllers.System.HomeController.GetDoctorsQtyAsync (API) in 127ms
16:52:34 INFO  - Executed action GD.API.Controllers.System.UserController.GetLoginUserInfoAsync (API) in 263ms
16:52:35 INFO  - Executed action GD.API.Controllers.System.HomeController.GetOrderQtyAsync (API) in 37ms
16:52:35 INFO  - Executed action GD.API.Controllers.System.HomeController.GetUserQtyAsync (API) in 38ms
16:52:35 INFO  - Executed action GD.API.Controllers.System.HomeController.GetMerchantQtyAsync (API) in 58ms
16:52:35 INFO  - Executed action GD.API.Controllers.System.HomeController.GetDoctorsQtyAsync (API) in 37ms
16:53:25 INFO  - Executed action GD.API.Controllers.System.UserController.GetLoginUserInfoAsync (API) in 258ms
16:53:25 INFO  - Executed action GD.API.Controllers.System.HomeController.GetMerchantQtyAsync (API) in 47ms
16:53:25 INFO  - Executed action GD.API.Controllers.System.HomeController.GetDoctorsQtyAsync (API) in 41ms
16:53:25 INFO  - Executed action GD.API.Controllers.System.HomeController.GetUserQtyAsync (API) in 44ms
16:53:25 INFO  - Executed action GD.API.Controllers.System.HomeController.GetOrderQtyAsync (API) in 78ms
16:53:59 INFO  - Executed action GD.API.Controllers.System.UserController.GetLoginUserInfoAsync (API) in 242ms
16:54:00 INFO  - Executed action GD.API.Controllers.System.HomeController.GetDoctorsQtyAsync (API) in 76ms
16:54:00 INFO  - Executed action GD.API.Controllers.System.HomeController.GetUserQtyAsync (API) in 37ms
16:54:00 INFO  - Executed action GD.API.Controllers.System.HomeController.GetMerchantQtyAsync (API) in 36ms
16:54:00 INFO  - Executed action GD.API.Controllers.System.HomeController.GetOrderQtyAsync (API) in 39ms
16:54:15 INFO  - Executed action GD.API.Controllers.Utility.AccountController.LoginAdmin (API) in 33ms
16:54:20 INFO  - Executed action GD.API.Controllers.Utility.AccountController.LoginAdmin (API) in 35ms
16:54:20 INFO  - Executed action GD.API.Controllers.System.UserController.GetLoginUserInfoAsync (API) in 230ms
16:54:20 INFO  - Executed action GD.API.Controllers.System.HomeController.GetOrderQtyAsync (API) in 60ms
16:54:20 INFO  - Executed action GD.API.Controllers.System.HomeController.GetMerchantQtyAsync (API) in 47ms
16:54:20 INFO  - Executed action GD.API.Controllers.System.HomeController.GetUserQtyAsync (API) in 42ms
16:54:20 INFO  - Executed action GD.API.Controllers.System.HomeController.GetDoctorsQtyAsync (API) in 39ms
16:54:41 INFO  - Executed action GD.API.Controllers.DataBoard.DataBoardController.GetDayWeChatDetailAsync (API) in 157ms
16:54:41 INFO  - Executed action GD.API.Controllers.DataBoard.DataBoardController.GetLastDayWeChatPayCountAsync (API) in 86ms
16:54:41 INFO  - Executed action GD.API.Controllers.DataBoard.DataBoardController.GetTodayTotalAsync (API) in 238ms
16:54:42 INFO  - Executed action GD.API.Controllers.DataBoard.DataBoardController.GetMonthDetailAsync (API) in 72ms
16:54:42 INFO  - Executed action GD.API.Controllers.DataBoard.DataBoardController.GetDayAchievementAsync (API) in 237ms
16:54:42 INFO  - Executed action GD.API.Controllers.DataBoard.DataBoardController.GetWeChatDetailAsync (API) in 192ms
16:54:42 INFO  - Executed action GD.API.Controllers.DataBoard.DataBoardController.GetDayWeChatScaleAsync (API) in 111ms
16:54:42 INFO  - Executed action GD.API.Controllers.DataBoard.DataBoardController.GetTrendAsync (API) in 72ms
16:54:42 INFO  - Executed action GD.API.Controllers.Utility.WeatherController.GetWeatherForecast (API) in 605ms
16:54:59 INFO  - Executed action GD.API.Controllers.System.UserController.GetLoginUserInfoAsync (API) in 247ms
16:55:00 INFO  - Executed action GD.API.Controllers.DataBoard.DataBoardController.GetMonthDetailAsync (API) in 55ms
16:55:00 INFO  - Executed action GD.API.Controllers.DataBoard.DataBoardController.GetTrendAsync (API) in 60ms
16:55:00 INFO  - Executed action GD.API.Controllers.DataBoard.DataBoardController.GetWeChatDetailAsync (API) in 168ms
16:55:00 INFO  - Executed action GD.API.Controllers.DataBoard.DataBoardController.GetDayAchievementAsync (API) in 150ms
16:55:00 INFO  - Executed action GD.API.Controllers.DataBoard.DataBoardController.GetDayWeChatScaleAsync (API) in 217ms
16:55:00 INFO  - Executed action GD.API.Controllers.DataBoard.DataBoardController.GetDayWeChatDetailAsync (API) in 46ms
16:55:00 INFO  - Executed action GD.API.Controllers.DataBoard.DataBoardController.GetTodayTotalAsync (API) in 91ms
16:55:00 INFO  - Executed action GD.API.Controllers.Utility.WeatherController.GetWeatherForecast (API) in 235ms
16:55:00 INFO  - Executed action GD.API.Controllers.DataBoard.DataBoardController.GetLastDayWeChatPayCountAsync (API) in 122ms
16:58:04 INFO  - Executed action GD.API.Controllers.System.UserController.GetLoginUserInfoAsync (API) in 1286ms
16:58:05 INFO  - Executed action GD.API.Controllers.DataBoard.DataBoardController.GetMonthDetailAsync (API) in 57ms
16:58:05 INFO  - Executed action GD.API.Controllers.DataBoard.DataBoardController.GetDayWeChatDetailAsync (API) in 137ms
16:58:05 INFO  - Executed action GD.API.Controllers.DataBoard.DataBoardController.GetTodayTotalAsync (API) in 192ms
16:58:05 INFO  - Executed action GD.API.Controllers.DataBoard.DataBoardController.GetDayWeChatScaleAsync (API) in 169ms
16:58:05 INFO  - Executed action GD.API.Controllers.DataBoard.DataBoardController.GetWeChatDetailAsync (API) in 256ms
16:58:05 INFO  - Executed action GD.API.Controllers.DataBoard.DataBoardController.GetTrendAsync (API) in 139ms
16:58:05 INFO  - Executed action GD.API.Controllers.DataBoard.DataBoardController.GetLastDayWeChatPayCountAsync (API) in 50ms
16:58:05 INFO  - Executed action GD.API.Controllers.DataBoard.DataBoardController.GetDayAchievementAsync (API) in 180ms
16:58:06 INFO  - Executed action GD.API.Controllers.Utility.WeatherController.GetWeatherForecast (API) in 436ms
16:59:42 INFO  - Executed action GD.API.Controllers.System.UserController.GetLoginUserInfoAsync (API) in 251ms
16:59:43 INFO  - Executed action GD.API.Controllers.DataBoard.DataBoardController.GetDayWeChatDetailAsync (API) in 43ms
16:59:43 INFO  - Executed action GD.API.Controllers.DataBoard.DataBoardController.GetTrendAsync (API) in 49ms
16:59:43 INFO  - Executed action GD.API.Controllers.DataBoard.DataBoardController.GetTodayTotalAsync (API) in 69ms
16:59:43 INFO  - Executed action GD.API.Controllers.DataBoard.DataBoardController.GetDayWeChatScaleAsync (API) in 94ms
16:59:43 INFO  - Executed action GD.API.Controllers.DataBoard.DataBoardController.GetWeChatDetailAsync (API) in 207ms
16:59:43 INFO  - Executed action GD.API.Controllers.DataBoard.DataBoardController.GetLastDayWeChatPayCountAsync (API) in 45ms
16:59:43 INFO  - Executed action GD.API.Controllers.DataBoard.DataBoardController.GetDayAchievementAsync (API) in 123ms
16:59:43 INFO  - Executed action GD.API.Controllers.Utility.WeatherController.GetWeatherForecast (API) in 161ms
16:59:43 INFO  - Executed action GD.API.Controllers.DataBoard.DataBoardController.GetMonthDetailAsync (API) in 38ms
16:59:45 INFO  - Executed action GD.API.Controllers.System.UserController.GetLoginUserInfoAsync (API) in 251ms
16:59:46 INFO  - Executed action GD.API.Controllers.System.UserController.GetLoginUserInfoAsync (API) in 256ms
16:59:46 INFO  - Executed action GD.API.Controllers.DataBoard.DataBoardController.GetMonthDetailAsync (API) in 47ms
16:59:46 INFO  - Executed action GD.API.Controllers.DataBoard.DataBoardController.GetTodayTotalAsync (API) in 73ms
16:59:46 INFO  - Executed action GD.API.Controllers.DataBoard.DataBoardController.GetLastDayWeChatPayCountAsync (API) in 89ms
16:59:46 INFO  - Executed action GD.API.Controllers.DataBoard.DataBoardController.GetDayWeChatDetailAsync (API) in 130ms
16:59:46 INFO  - Executed action GD.API.Controllers.DataBoard.DataBoardController.GetTrendAsync (API) in 43ms
16:59:46 INFO  - Executed action GD.API.Controllers.DataBoard.DataBoardController.GetDayWeChatScaleAsync (API) in 92ms
16:59:46 INFO  - Executed action GD.API.Controllers.DataBoard.DataBoardController.GetWeChatDetailAsync (API) in 145ms
16:59:46 INFO  - Executed action GD.API.Controllers.DataBoard.DataBoardController.GetDayAchievementAsync (API) in 140ms
16:59:46 INFO  - Executed action GD.API.Controllers.Utility.WeatherController.GetWeatherForecast (API) in 197ms
17:00:07 INFO  - Executed action GD.API.Controllers.System.UserController.GetLoginUserInfoAsync (API) in 319ms
17:00:07 INFO  - Executed action GD.API.Controllers.DataBoard.DataBoardController.GetLastDayWeChatPayCountAsync (API) in 41ms
17:00:07 INFO  - Executed action GD.API.Controllers.DataBoard.DataBoardController.GetTodayTotalAsync (API) in 64ms
17:00:07 INFO  - Executed action GD.API.Controllers.DataBoard.DataBoardController.GetDayWeChatDetailAsync (API) in 38ms
17:00:07 INFO  - Executed action GD.API.Controllers.DataBoard.DataBoardController.GetMonthDetailAsync (API) in 39ms
17:00:08 INFO  - Executed action GD.API.Controllers.DataBoard.DataBoardController.GetTrendAsync (API) in 52ms
17:00:08 INFO  - Executed action GD.API.Controllers.DataBoard.DataBoardController.GetDayWeChatScaleAsync (API) in 96ms
17:00:08 INFO  - Executed action GD.API.Controllers.Utility.WeatherController.GetWeatherForecast (API) in 165ms
17:00:08 INFO  - Executed action GD.API.Controllers.DataBoard.DataBoardController.GetDayAchievementAsync (API) in 122ms
17:00:08 INFO  - Executed action GD.API.Controllers.DataBoard.DataBoardController.GetWeChatDetailAsync (API) in 138ms
17:09:29 INFO  - Executed action GD.API.Controllers.DataBoard.DataBoardController.GetTodayTotalAsync (API) in 153ms
17:09:29 INFO  - Executed action GD.API.Controllers.DataBoard.DataBoardController.GetTrendAsync (API) in 127ms
17:09:29 INFO  - Executed action GD.API.Controllers.DataBoard.DataBoardController.GetDayWeChatScaleAsync (API) in 177ms
17:09:29 INFO  - Executed action GD.API.Controllers.DataBoard.DataBoardController.GetDayWeChatDetailAsync (API) in 111ms
17:09:29 INFO  - Executed action GD.API.Controllers.DataBoard.DataBoardController.GetMonthDetailAsync (API) in 36ms
17:09:29 INFO  - Executed action GD.API.Controllers.DataBoard.DataBoardController.GetLastDayWeChatPayCountAsync (API) in 35ms
17:09:29 INFO  - Executed action GD.API.Controllers.DataBoard.DataBoardController.GetWeChatDetailAsync (API) in 202ms
17:09:29 INFO  - Executed action GD.API.Controllers.DataBoard.DataBoardController.GetDayAchievementAsync (API) in 111ms
17:09:29 INFO  - Executed action GD.API.Controllers.Utility.WeatherController.GetWeatherForecast (API) in 253ms
17:20:55 INFO  - Executed action GD.API.Controllers.Utility.AccountController.GetWeChatMobileConfig (API) in 9ms
17:21:05 INFO  - Executed action GD.API.Controllers.DataBoard.DataBoardController.GetDayWeChatScaleAsync (API) in 1758ms
17:21:06 INFO  - Executed action GD.API.Controllers.DataBoard.DataBoardController.GetDayWeChatDetailAsync (API) in 4158ms
17:21:06 INFO  - Executed action GD.API.Controllers.DataBoard.DataBoardController.GetTrendAsync (API) in 3610ms
17:21:06 INFO  - Executed action GD.API.Controllers.DataBoard.DataBoardController.GetDayAchievementAsync (API) in 982ms
17:21:06 INFO  - Executed action GD.API.Controllers.Utility.WeatherController.GetWeatherForecast (API) in 188ms
17:21:06 INFO  - Executed action GD.API.Controllers.DataBoard.DataBoardController.GetWeChatDetailAsync (API) in 160ms
17:21:06 INFO  - Executed action GD.API.Controllers.DataBoard.DataBoardController.GetLastDayWeChatPayCountAsync (API) in 4623ms
17:21:09 INFO  - Executed action GD.API.Controllers.DataBoard.DataBoardController.GetMonthDetailAsync (API) in 6901ms
17:21:09 INFO  - Executed action GD.API.Controllers.DataBoard.DataBoardController.GetTodayTotalAsync (API) in 7035ms
17:43:15 INFO  - Executed action GD.API.Controllers.System.UserController.GetLoginUserInfoAsync (API) in 1442ms
17:43:17 INFO  - Executed action GD.API.Controllers.DataBoard.DataBoardController.GetWeChatDetailAsync (API) in 770ms
17:43:17 INFO  - Executed action GD.API.Controllers.DataBoard.DataBoardController.GetDayWeChatScaleAsync (API) in 80ms
17:43:17 INFO  - Executed action GD.API.Controllers.DataBoard.DataBoardController.GetLastDayWeChatPayCountAsync (API) in 849ms
17:43:17 INFO  - Executed action GD.API.Controllers.DataBoard.DataBoardController.GetTrendAsync (API) in 35ms
17:43:17 INFO  - Executed action GD.API.Controllers.DataBoard.DataBoardController.GetTodayTotalAsync (API) in 352ms
17:43:17 INFO  - Executed action GD.API.Controllers.DataBoard.DataBoardController.GetMonthDetailAsync (API) in 909ms
17:43:17 INFO  - Executed action GD.API.Controllers.DataBoard.DataBoardController.GetDayAchievementAsync (API) in 134ms
17:43:17 INFO  - Executed action GD.API.Controllers.DataBoard.DataBoardController.GetDayWeChatDetailAsync (API) in 1060ms
17:43:17 INFO  - Executed action GD.API.Controllers.Utility.WeatherController.GetWeatherForecast (API) in 189ms
17:43:31 INFO  - Executed action GD.API.Controllers.System.UserController.GetLoginUserInfoAsync (API) in 286ms
17:43:34 INFO  - Executed action GD.API.Controllers.DataBoard.DataBoardController.GetTodayTotalAsync (API) in 73ms
17:43:34 INFO  - Executed action GD.API.Controllers.DataBoard.DataBoardController.GetDayWeChatScaleAsync (API) in 95ms
17:43:34 INFO  - Executed action GD.API.Controllers.DataBoard.DataBoardController.GetWeChatDetailAsync (API) in 161ms
17:43:34 INFO  - Executed action GD.API.Controllers.DataBoard.DataBoardController.GetLastDayWeChatPayCountAsync (API) in 48ms
17:43:34 INFO  - Executed action GD.API.Controllers.DataBoard.DataBoardController.GetDayWeChatDetailAsync (API) in 54ms
17:43:34 INFO  - Executed action GD.API.Controllers.Utility.WeatherController.GetWeatherForecast (API) in 160ms
17:43:34 INFO  - Executed action GD.API.Controllers.DataBoard.DataBoardController.GetDayAchievementAsync (API) in 134ms
17:43:34 INFO  - Executed action GD.API.Controllers.DataBoard.DataBoardController.GetTrendAsync (API) in 46ms
17:43:34 INFO  - Executed action GD.API.Controllers.DataBoard.DataBoardController.GetMonthDetailAsync (API) in 282ms
17:46:43 INFO  - Executed action GD.API.Controllers.System.HomeController.GetDoctorsQtyAsync (API) in 182ms
17:46:43 INFO  - Executed action GD.API.Controllers.System.HomeController.GetUserQtyAsync (API) in 208ms
17:46:44 INFO  - Executed action GD.API.Controllers.System.HomeController.GetOrderQtyAsync (API) in 59ms
17:46:44 INFO  - Executed action GD.API.Controllers.System.HomeController.GetMerchantQtyAsync (API) in 59ms
17:46:49 INFO  - Executed action GD.API.Controllers.System.UserController.GetLoginUserInfoAsync (API) in 352ms
17:46:49 INFO  - Executed action GD.API.Controllers.System.HomeController.GetUserQtyAsync (API) in 110ms
17:46:50 INFO  - Executed action GD.API.Controllers.System.HomeController.GetMerchantQtyAsync (API) in 158ms
17:46:51 INFO  - Executed action GD.API.Controllers.System.HomeController.GetOrderQtyAsync (API) in 236ms
17:46:51 INFO  - Executed action GD.API.Controllers.System.HomeController.GetDoctorsQtyAsync (API) in 151ms
17:47:02 INFO  - Executed action GD.API.Controllers.System.UserController.GetLoginUserInfoAsync (API) in 391ms
17:47:03 INFO  - Executed action GD.API.Controllers.System.HomeController.GetOrderQtyAsync (API) in 58ms
17:47:03 INFO  - Executed action GD.API.Controllers.System.HomeController.GetMerchantQtyAsync (API) in 67ms
17:47:03 INFO  - Executed action GD.API.Controllers.System.HomeController.GetDoctorsQtyAsync (API) in 345ms
17:47:04 INFO  - Executed action GD.API.Controllers.System.HomeController.GetUserQtyAsync (API) in 378ms
17:47:41 INFO  - Executed action GD.API.Controllers.System.UserController.GetLoginUserInfoAsync (API) in 292ms
17:47:42 INFO  - Executed action GD.API.Controllers.System.HomeController.GetOrderQtyAsync (API) in 93ms
17:47:42 INFO  - Executed action GD.API.Controllers.System.HomeController.GetUserQtyAsync (API) in 127ms
17:47:42 INFO  - Executed action GD.API.Controllers.System.HomeController.GetMerchantQtyAsync (API) in 49ms
17:47:42 INFO  - Executed action GD.API.Controllers.System.HomeController.GetDoctorsQtyAsync (API) in 61ms
17:57:58 INFO  - Executed action GD.API.Controllers.Utility.AccountController.GetWeChatMobileConfig (API) in 4ms
17:58:22 INFO  - Executed action GD.API.Controllers.Utility.AccountController.GetWeChatMobileConfig (API) in 49ms
17:58:58 INFO  - Executed action GD.API.Controllers.Utility.AccountController.GetWeChatMobileConfig (API) in 434ms
18:19:12 INFO  - Executed action GD.API.Controllers.Utility.AccountController.EnterpriseWeChatLoginAdmin (API) in 852ms
18:19:21 INFO  - Executed action GD.API.Controllers.Utility.AccountController.EnterpriseWeChatLoginAdmin (API) in 558ms
18:19:49 INFO  - Executed action GD.API.Controllers.Utility.AccountController.EnterpriseWeChatLoginAdmin (API) in 140ms
18:25:33 INFO  - Executed action GD.API.Controllers.Utility.AccountController.EnterpriseWeChatLoginAdmin (API) in 119ms
18:25:34 INFO  - Executed action GD.API.Controllers.Utility.AccountController.EnterpriseWeChatLoginAdmin (API) in 296ms
18:28:13 INFO  - Executed action GD.API.Controllers.Utility.AccountController.EnterpriseWeChatLoginAdmin (API) in 153ms
18:28:14 INFO  - Executed action GD.API.Controllers.Utility.AccountController.EnterpriseWeChatLoginAdmin (API) in 171ms
18:39:25 INFO  - Executed action GD.API.Controllers.Utility.AccountController.LoginAdmin (API) in 474ms
18:39:26 INFO  - Executed action GD.API.Controllers.System.UserController.GetLoginUserInfoAsync (API) in 726ms
18:39:27 INFO  - Executed action GD.API.Controllers.System.HomeController.GetUserQtyAsync (API) in 62ms
18:39:27 INFO  - Executed action GD.API.Controllers.System.HomeController.GetOrderQtyAsync (API) in 184ms
18:39:27 INFO  - Executed action GD.API.Controllers.System.HomeController.GetMerchantQtyAsync (API) in 93ms
18:39:27 INFO  - Executed action GD.API.Controllers.System.HomeController.GetDoctorsQtyAsync (API) in 36ms
18:41:23 INFO  - Executed action GD.API.Controllers.System.UserController.GetLoginUserInfoAsync (API) in 203ms
18:45:04 INFO  - Executed action GD.API.Controllers.System.UserController.GetLoginUserInfoAsync (API) in 256ms
18:45:08 INFO  - Executed action GD.API.Controllers.System.HomeController.GetDoctorsQtyAsync (API) in 120ms
18:45:08 INFO  - Executed action GD.API.Controllers.System.HomeController.GetMerchantQtyAsync (API) in 83ms
18:45:08 INFO  - Executed action GD.API.Controllers.System.HomeController.GetOrderQtyAsync (API) in 91ms
18:45:08 INFO  - Executed action GD.API.Controllers.System.HomeController.GetUserQtyAsync (API) in 146ms
18:45:19 INFO  - Executed action GD.API.Controllers.System.UserController.GetLoginUserInfoAsync (API) in 210ms
18:45:25 INFO  - Executed action GD.API.Controllers.System.HomeController.GetUserQtyAsync (API) in 40ms
18:45:25 INFO  - Executed action GD.API.Controllers.System.HomeController.GetDoctorsQtyAsync (API) in 37ms
18:45:25 INFO  - Executed action GD.API.Controllers.System.HomeController.GetMerchantQtyAsync (API) in 32ms
18:45:25 INFO  - Executed action GD.API.Controllers.System.HomeController.GetOrderQtyAsync (API) in 29ms
18:52:26 INFO  - Executed action GD.API.Controllers.System.UserController.GetLoginUserInfoAsync (API) in 340ms
18:52:28 INFO  - Executed action GD.API.Controllers.System.HomeController.GetUserQtyAsync (API) in 51ms
18:52:28 INFO  - Executed action GD.API.Controllers.System.HomeController.GetDoctorsQtyAsync (API) in 82ms
18:52:28 INFO  - Executed action GD.API.Controllers.System.HomeController.GetOrderQtyAsync (API) in 59ms
18:52:28 INFO  - Executed action GD.API.Controllers.System.HomeController.GetMerchantQtyAsync (API) in 127ms
18:53:26 INFO  - Executed action GD.API.Controllers.System.UserController.GetLoginUserInfoAsync (API) in 262ms
18:53:33 INFO  - Executed action GD.API.Controllers.System.HomeController.GetUserQtyAsync (API) in 56ms
18:53:33 INFO  - Executed action GD.API.Controllers.System.HomeController.GetDoctorsQtyAsync (API) in 100ms
18:53:33 INFO  - Executed action GD.API.Controllers.System.HomeController.GetMerchantQtyAsync (API) in 83ms
18:53:33 INFO  - Executed action GD.API.Controllers.System.HomeController.GetOrderQtyAsync (API) in 37ms
18:57:30 INFO  - Executed action GD.API.Controllers.System.UserController.GetLoginUserInfoAsync (API) in 290ms
18:57:31 INFO  - Executed action GD.API.Controllers.System.HomeController.GetUserQtyAsync (API) in 47ms
18:57:31 INFO  - Executed action GD.API.Controllers.System.HomeController.GetDoctorsQtyAsync (API) in 82ms
18:57:31 INFO  - Executed action GD.API.Controllers.System.HomeController.GetOrderQtyAsync (API) in 40ms
18:57:31 INFO  - Executed action GD.API.Controllers.System.HomeController.GetMerchantQtyAsync (API) in 40ms
18:57:35 INFO  - Executed action GD.API.Controllers.System.UserController.GetLoginUserInfoAsync (API) in 245ms
18:57:35 INFO  - Executed action GD.API.Controllers.System.HomeController.GetOrderQtyAsync (API) in 42ms
18:57:35 INFO  - Executed action GD.API.Controllers.System.HomeController.GetUserQtyAsync (API) in 60ms
18:57:35 INFO  - Executed action GD.API.Controllers.System.HomeController.GetMerchantQtyAsync (API) in 44ms
18:57:35 INFO  - Executed action GD.API.Controllers.System.HomeController.GetDoctorsQtyAsync (API) in 36ms
18:57:59 INFO  - Executed action GD.API.Controllers.System.UserController.GetLoginUserInfoAsync (API) in 247ms
18:58:00 INFO  - Executed action GD.API.Controllers.System.HomeController.GetOrderQtyAsync (API) in 65ms
18:58:00 INFO  - Executed action GD.API.Controllers.System.HomeController.GetMerchantQtyAsync (API) in 59ms
18:58:00 INFO  - Executed action GD.API.Controllers.System.HomeController.GetUserQtyAsync (API) in 82ms
18:58:00 INFO  - Executed action GD.API.Controllers.System.HomeController.GetDoctorsQtyAsync (API) in 68ms
