08:57:12 INFO  - 开始保存聊天消息数据
08:57:12 INFO  - 聊天消息数据保存完成，共处理条 0 数据。耗时：0时0分0秒17毫秒
08:58:12 INFO  - 开始保存聊天消息数据
08:58:12 INFO  - 聊天消息数据保存完成，共处理条 0 数据。耗时：0时0分0秒10毫秒
08:59:12 INFO  - 开始保存聊天消息数据
08:59:12 INFO  - 聊天消息数据保存完成，共处理条 0 数据。耗时：0时0分0秒11毫秒
09:00:12 INFO  - 开始保存聊天消息数据
09:00:12 INFO  - 聊天消息数据保存完成，共处理条 0 数据。耗时：0时0分0秒14毫秒
09:01:12 INFO  - 开始保存聊天消息数据
09:01:12 INFO  - 聊天消息数据保存完成，共处理条 0 数据。耗时：0时0分0秒8毫秒
09:02:12 INFO  - 开始保存聊天消息数据
09:02:12 INFO  - 聊天消息数据保存完成，共处理条 0 数据。耗时：0时0分0秒8毫秒
09:03:12 INFO  - 开始保存聊天消息数据
09:03:12 INFO  - 聊天消息数据保存完成，共处理条 0 数据。耗时：0时0分0秒9毫秒
09:04:12 INFO  - 开始保存聊天消息数据
09:04:12 INFO  - 聊天消息数据保存完成，共处理条 1 数据。耗时：0时0分0秒144毫秒
09:05:12 INFO  - 开始保存聊天消息数据
09:05:12 INFO  - 聊天消息数据保存完成，共处理条 0 数据。耗时：0时0分0秒9毫秒
09:06:12 INFO  - 开始保存聊天消息数据
09:06:12 INFO  - 聊天消息数据保存完成，共处理条 0 数据。耗时：0时0分0秒7毫秒
09:07:12 INFO  - 开始保存聊天消息数据
09:07:12 INFO  - 聊天消息数据保存完成，共处理条 0 数据。耗时：0时0分0秒19毫秒
09:08:12 INFO  - 开始保存聊天消息数据
09:08:12 INFO  - 聊天消息数据保存完成，共处理条 0 数据。耗时：0时0分0秒8毫秒
09:09:12 INFO  - 开始保存聊天消息数据
09:09:12 INFO  - 聊天消息数据保存完成，共处理条 0 数据。耗时：0时0分0秒10毫秒
09:10:12 INFO  - 开始保存聊天消息数据
09:10:12 INFO  - 聊天消息数据保存完成，共处理条 0 数据。耗时：0时0分0秒9毫秒
09:11:12 INFO  - 开始保存聊天消息数据
09:11:12 INFO  - 聊天消息数据保存完成，共处理条 0 数据。耗时：0时0分0秒11毫秒
09:12:12 INFO  - 开始保存聊天消息数据
09:12:12 INFO  - 聊天消息数据保存完成，共处理条 0 数据。耗时：0时0分0秒7毫秒
09:13:12 INFO  - 开始保存聊天消息数据
09:13:12 INFO  - 聊天消息数据保存完成，共处理条 0 数据。耗时：0时0分0秒11毫秒
09:14:12 INFO  - 开始保存聊天消息数据
09:14:12 INFO  - 聊天消息数据保存完成，共处理条 0 数据。耗时：0时0分0秒8毫秒
09:15:12 INFO  - 开始保存聊天消息数据
09:15:12 INFO  - 聊天消息数据保存完成，共处理条 0 数据。耗时：0时0分0秒11毫秒
09:16:12 INFO  - 开始保存聊天消息数据
09:16:12 INFO  - 聊天消息数据保存完成，共处理条 0 数据。耗时：0时0分0秒8毫秒
09:17:12 INFO  - 开始保存聊天消息数据
09:17:12 INFO  - 聊天消息数据保存完成，共处理条 0 数据。耗时：0时0分0秒9毫秒
09:18:12 INFO  - 开始保存聊天消息数据
09:18:12 INFO  - 聊天消息数据保存完成，共处理条 0 数据。耗时：0时0分0秒8毫秒
09:19:12 INFO  - 开始保存聊天消息数据
09:19:12 INFO  - 聊天消息数据保存完成，共处理条 0 数据。耗时：0时0分0秒9毫秒
09:20:12 INFO  - 开始保存聊天消息数据
09:20:12 INFO  - 聊天消息数据保存完成，共处理条 0 数据。耗时：0时0分0秒10毫秒
09:21:12 INFO  - 开始保存聊天消息数据
09:21:12 INFO  - 聊天消息数据保存完成，共处理条 0 数据。耗时：0时0分0秒9毫秒
09:22:12 INFO  - 开始保存聊天消息数据
09:22:12 INFO  - 聊天消息数据保存完成，共处理条 0 数据。耗时：0时0分0秒11毫秒
09:23:12 INFO  - 开始保存聊天消息数据
09:23:12 INFO  - 聊天消息数据保存完成，共处理条 0 数据。耗时：0时0分0秒9毫秒
09:24:12 INFO  - 开始保存聊天消息数据
09:24:12 INFO  - 聊天消息数据保存完成，共处理条 0 数据。耗时：0时0分0秒8毫秒
09:25:12 INFO  - 开始保存聊天消息数据
09:25:12 INFO  - 聊天消息数据保存完成，共处理条 0 数据。耗时：0时0分0秒8毫秒
09:26:12 INFO  - 开始保存聊天消息数据
09:26:12 INFO  - 聊天消息数据保存完成，共处理条 0 数据。耗时：0时0分0秒8毫秒
09:27:12 INFO  - 开始保存聊天消息数据
09:27:12 INFO  - 聊天消息数据保存完成，共处理条 0 数据。耗时：0时0分0秒9毫秒
09:28:12 INFO  - 开始保存聊天消息数据
09:28:12 INFO  - 聊天消息数据保存完成，共处理条 0 数据。耗时：0时0分0秒8毫秒
09:29:12 INFO  - 开始保存聊天消息数据
09:29:12 INFO  - 聊天消息数据保存完成，共处理条 0 数据。耗时：0时0分0秒8毫秒
09:30:12 INFO  - 开始保存聊天消息数据
09:30:12 INFO  - 聊天消息数据保存完成，共处理条 0 数据。耗时：0时0分0秒9毫秒
09:31:12 INFO  - 开始保存聊天消息数据
09:31:12 INFO  - 聊天消息数据保存完成，共处理条 0 数据。耗时：0时0分0秒9毫秒
09:32:12 INFO  - 开始保存聊天消息数据
09:32:12 INFO  - 聊天消息数据保存完成，共处理条 0 数据。耗时：0时0分0秒8毫秒
09:33:12 INFO  - 开始保存聊天消息数据
09:33:12 INFO  - 聊天消息数据保存完成，共处理条 0 数据。耗时：0时0分0秒10毫秒
09:34:15 INFO  - 开始保存聊天消息数据
09:34:15 INFO  - 聊天消息数据保存完成，共处理条 0 数据。耗时：0时0分0秒9毫秒
09:35:15 INFO  - 开始保存聊天消息数据
09:35:15 INFO  - 聊天消息数据保存完成，共处理条 0 数据。耗时：0时0分0秒70毫秒
09:36:15 INFO  - 开始保存聊天消息数据
09:36:15 INFO  - 聊天消息数据保存完成，共处理条 0 数据。耗时：0时0分0秒9毫秒
09:37:15 INFO  - 开始保存聊天消息数据
09:37:15 INFO  - 聊天消息数据保存完成，共处理条 0 数据。耗时：0时0分0秒8毫秒
09:38:15 INFO  - 开始保存聊天消息数据
09:38:15 INFO  - 聊天消息数据保存完成，共处理条 0 数据。耗时：0时0分0秒9毫秒
09:39:15 INFO  - 开始保存聊天消息数据
09:39:15 INFO  - 聊天消息数据保存完成，共处理条 0 数据。耗时：0时0分0秒9毫秒
09:40:15 INFO  - 开始保存聊天消息数据
09:40:15 INFO  - 聊天消息数据保存完成，共处理条 0 数据。耗时：0时0分0秒4毫秒
09:41:15 INFO  - 开始保存聊天消息数据
09:41:15 INFO  - 聊天消息数据保存完成，共处理条 0 数据。耗时：0时0分0秒8毫秒
09:42:15 INFO  - 开始保存聊天消息数据
09:42:15 INFO  - 聊天消息数据保存完成，共处理条 0 数据。耗时：0时0分0秒8毫秒
09:43:15 INFO  - 开始保存聊天消息数据
09:43:15 INFO  - 聊天消息数据保存完成，共处理条 0 数据。耗时：0时0分0秒9毫秒
09:44:15 INFO  - 开始保存聊天消息数据
09:44:15 INFO  - 聊天消息数据保存完成，共处理条 0 数据。耗时：0时0分0秒10毫秒
09:45:15 INFO  - 开始保存聊天消息数据
09:45:15 INFO  - 聊天消息数据保存完成，共处理条 0 数据。耗时：0时0分0秒9毫秒
09:46:15 INFO  - 开始保存聊天消息数据
09:46:15 INFO  - 聊天消息数据保存完成，共处理条 0 数据。耗时：0时0分0秒9毫秒
09:47:15 INFO  - 开始保存聊天消息数据
09:47:15 INFO  - 聊天消息数据保存完成，共处理条 0 数据。耗时：0时0分0秒14毫秒
09:48:15 INFO  - 开始保存聊天消息数据
09:48:15 INFO  - 聊天消息数据保存完成，共处理条 0 数据。耗时：0时0分0秒10毫秒
09:49:15 INFO  - 开始保存聊天消息数据
09:49:15 INFO  - 聊天消息数据保存完成，共处理条 0 数据。耗时：0时0分0秒8毫秒
09:50:15 INFO  - 开始保存聊天消息数据
09:50:15 INFO  - 聊天消息数据保存完成，共处理条 0 数据。耗时：0时0分0秒9毫秒
09:51:15 INFO  - 开始保存聊天消息数据
09:51:15 INFO  - 聊天消息数据保存完成，共处理条 0 数据。耗时：0时0分0秒8毫秒
09:52:15 INFO  - 开始保存聊天消息数据
09:52:15 INFO  - 聊天消息数据保存完成，共处理条 0 数据。耗时：0时0分0秒8毫秒
09:53:15 INFO  - 开始保存聊天消息数据
09:53:15 INFO  - 聊天消息数据保存完成，共处理条 0 数据。耗时：0时0分0秒8毫秒
09:54:15 INFO  - 开始保存聊天消息数据
09:54:15 INFO  - 聊天消息数据保存完成，共处理条 0 数据。耗时：0时0分0秒8毫秒
09:55:15 INFO  - 开始保存聊天消息数据
09:55:15 INFO  - 聊天消息数据保存完成，共处理条 0 数据。耗时：0时0分0秒8毫秒
09:56:15 INFO  - 开始保存聊天消息数据
09:56:15 INFO  - 聊天消息数据保存完成，共处理条 0 数据。耗时：0时0分0秒8毫秒
09:57:15 INFO  - 开始保存聊天消息数据
09:57:15 INFO  - 聊天消息数据保存完成，共处理条 0 数据。耗时：0时0分0秒9毫秒
09:58:15 INFO  - 开始保存聊天消息数据
09:58:15 INFO  - 聊天消息数据保存完成，共处理条 0 数据。耗时：0时0分0秒7毫秒
09:59:15 INFO  - 开始保存聊天消息数据
09:59:15 INFO  - 聊天消息数据保存完成，共处理条 0 数据。耗时：0时0分0秒8毫秒
10:00:15 INFO  - 开始保存聊天消息数据
10:00:15 INFO  - 聊天消息数据保存完成，共处理条 0 数据。耗时：0时0分0秒9毫秒
10:01:15 INFO  - 开始保存聊天消息数据
10:01:15 INFO  - 聊天消息数据保存完成，共处理条 0 数据。耗时：0时0分0秒10毫秒
10:02:15 INFO  - 开始保存聊天消息数据
10:02:15 INFO  - 聊天消息数据保存完成，共处理条 0 数据。耗时：0时0分0秒8毫秒
10:03:15 INFO  - 开始保存聊天消息数据
10:03:15 INFO  - 聊天消息数据保存完成，共处理条 0 数据。耗时：0时0分0秒8毫秒
10:04:15 INFO  - 开始保存聊天消息数据
10:04:15 INFO  - 聊天消息数据保存完成，共处理条 0 数据。耗时：0时0分0秒9毫秒
10:05:15 INFO  - 开始保存聊天消息数据
10:05:15 INFO  - 聊天消息数据保存完成，共处理条 0 数据。耗时：0时0分0秒10毫秒
10:06:15 INFO  - 开始保存聊天消息数据
10:06:15 INFO  - 聊天消息数据保存完成，共处理条 0 数据。耗时：0时0分0秒8毫秒
10:07:15 INFO  - 开始保存聊天消息数据
10:07:15 INFO  - 聊天消息数据保存完成，共处理条 0 数据。耗时：0时0分0秒18毫秒
10:08:15 INFO  - 开始保存聊天消息数据
10:08:15 INFO  - 聊天消息数据保存完成，共处理条 0 数据。耗时：0时0分0秒8毫秒
10:09:15 INFO  - 开始保存聊天消息数据
10:09:15 INFO  - 聊天消息数据保存完成，共处理条 0 数据。耗时：0时0分0秒9毫秒
10:10:15 INFO  - 开始保存聊天消息数据
10:10:15 INFO  - 聊天消息数据保存完成，共处理条 0 数据。耗时：0时0分0秒17毫秒
10:11:15 INFO  - 开始保存聊天消息数据
10:11:15 INFO  - 聊天消息数据保存完成，共处理条 0 数据。耗时：0时0分0秒8毫秒
10:12:15 INFO  - 开始保存聊天消息数据
10:12:15 INFO  - 聊天消息数据保存完成，共处理条 0 数据。耗时：0时0分0秒15毫秒
10:13:15 INFO  - 开始保存聊天消息数据
10:13:15 INFO  - 聊天消息数据保存完成，共处理条 0 数据。耗时：0时0分0秒10毫秒
10:14:15 INFO  - 开始保存聊天消息数据
10:14:15 INFO  - 聊天消息数据保存完成，共处理条 0 数据。耗时：0时0分0秒9毫秒
10:15:15 INFO  - 开始保存聊天消息数据
10:15:15 INFO  - 聊天消息数据保存完成，共处理条 0 数据。耗时：0时0分0秒5毫秒
10:16:15 INFO  - 开始保存聊天消息数据
10:16:15 INFO  - 聊天消息数据保存完成，共处理条 0 数据。耗时：0时0分0秒9毫秒
10:17:15 INFO  - 开始保存聊天消息数据
10:17:15 INFO  - 聊天消息数据保存完成，共处理条 0 数据。耗时：0时0分0秒11毫秒
10:18:15 INFO  - 开始保存聊天消息数据
10:18:15 INFO  - 聊天消息数据保存完成，共处理条 0 数据。耗时：0时0分0秒9毫秒
10:19:15 INFO  - 开始保存聊天消息数据
10:19:15 INFO  - 聊天消息数据保存完成，共处理条 2 数据。耗时：0时0分0秒141毫秒
10:20:15 INFO  - 开始保存聊天消息数据
10:20:15 INFO  - 聊天消息数据保存完成，共处理条 0 数据。耗时：0时0分0秒10毫秒
10:21:15 INFO  - 开始保存聊天消息数据
10:21:15 INFO  - 聊天消息数据保存完成，共处理条 0 数据。耗时：0时0分0秒10毫秒
10:22:15 INFO  - 开始保存聊天消息数据
10:22:15 INFO  - 聊天消息数据保存完成，共处理条 0 数据。耗时：0时0分0秒9毫秒
10:23:15 INFO  - 开始保存聊天消息数据
10:23:15 INFO  - 聊天消息数据保存完成，共处理条 0 数据。耗时：0时0分0秒7毫秒
10:24:15 INFO  - 开始保存聊天消息数据
10:24:15 INFO  - 聊天消息数据保存完成，共处理条 0 数据。耗时：0时0分0秒8毫秒
10:25:15 INFO  - 开始保存聊天消息数据
10:25:15 INFO  - 聊天消息数据保存完成，共处理条 0 数据。耗时：0时0分0秒8毫秒
10:26:15 INFO  - 开始保存聊天消息数据
10:26:15 INFO  - 聊天消息数据保存完成，共处理条 0 数据。耗时：0时0分0秒13毫秒
10:27:15 INFO  - 开始保存聊天消息数据
10:27:15 INFO  - 聊天消息数据保存完成，共处理条 0 数据。耗时：0时0分0秒8毫秒
10:28:15 INFO  - 开始保存聊天消息数据
10:28:15 INFO  - 聊天消息数据保存完成，共处理条 0 数据。耗时：0时0分0秒9毫秒
10:29:15 INFO  - 开始保存聊天消息数据
10:29:15 INFO  - 聊天消息数据保存完成，共处理条 0 数据。耗时：0时0分0秒8毫秒
10:30:15 INFO  - 开始保存聊天消息数据
10:30:15 INFO  - 聊天消息数据保存完成，共处理条 0 数据。耗时：0时0分0秒9毫秒
10:31:15 INFO  - 开始保存聊天消息数据
10:31:15 INFO  - 聊天消息数据保存完成，共处理条 0 数据。耗时：0时0分0秒7毫秒
10:32:15 INFO  - 开始保存聊天消息数据
10:32:15 INFO  - 聊天消息数据保存完成，共处理条 0 数据。耗时：0时0分0秒9毫秒
10:33:15 INFO  - 开始保存聊天消息数据
10:33:15 INFO  - 聊天消息数据保存完成，共处理条 0 数据。耗时：0时0分0秒9毫秒
10:34:15 INFO  - 开始保存聊天消息数据
10:34:15 INFO  - 聊天消息数据保存完成，共处理条 0 数据。耗时：0时0分0秒16毫秒
10:35:15 INFO  - 开始保存聊天消息数据
10:35:15 INFO  - 聊天消息数据保存完成，共处理条 0 数据。耗时：0时0分0秒14毫秒
10:36:15 INFO  - 开始保存聊天消息数据
10:36:15 INFO  - 聊天消息数据保存完成，共处理条 0 数据。耗时：0时0分0秒6毫秒
10:37:15 INFO  - 开始保存聊天消息数据
10:37:15 INFO  - 聊天消息数据保存完成，共处理条 0 数据。耗时：0时0分0秒8毫秒
10:38:15 INFO  - 开始保存聊天消息数据
10:38:15 INFO  - 聊天消息数据保存完成，共处理条 0 数据。耗时：0时0分0秒9毫秒
10:39:15 INFO  - 开始保存聊天消息数据
10:39:15 INFO  - 聊天消息数据保存完成，共处理条 0 数据。耗时：0时0分0秒8毫秒
10:40:15 INFO  - 开始保存聊天消息数据
10:40:15 INFO  - 聊天消息数据保存完成，共处理条 0 数据。耗时：0时0分0秒18毫秒
10:41:15 INFO  - 开始保存聊天消息数据
10:41:15 INFO  - 聊天消息数据保存完成，共处理条 0 数据。耗时：0时0分0秒9毫秒
10:42:15 INFO  - 开始保存聊天消息数据
10:42:15 INFO  - 聊天消息数据保存完成，共处理条 0 数据。耗时：0时0分0秒8毫秒
10:43:15 INFO  - 开始保存聊天消息数据
10:43:15 INFO  - 聊天消息数据保存完成，共处理条 0 数据。耗时：0时0分0秒9毫秒
10:44:15 INFO  - 开始保存聊天消息数据
10:44:15 INFO  - 聊天消息数据保存完成，共处理条 0 数据。耗时：0时0分0秒9毫秒
10:45:15 INFO  - 开始保存聊天消息数据
10:45:15 INFO  - 聊天消息数据保存完成，共处理条 0 数据。耗时：0时0分0秒12毫秒
10:46:15 INFO  - 开始保存聊天消息数据
10:46:15 INFO  - 聊天消息数据保存完成，共处理条 0 数据。耗时：0时0分0秒8毫秒
10:47:15 INFO  - 开始保存聊天消息数据
10:47:15 INFO  - 聊天消息数据保存完成，共处理条 0 数据。耗时：0时0分0秒8毫秒
10:48:15 INFO  - 开始保存聊天消息数据
10:48:15 INFO  - 聊天消息数据保存完成，共处理条 0 数据。耗时：0时0分0秒8毫秒
10:49:15 INFO  - 开始保存聊天消息数据
10:49:15 INFO  - 聊天消息数据保存完成，共处理条 0 数据。耗时：0时0分0秒8毫秒
10:50:15 INFO  - 开始保存聊天消息数据
10:50:15 INFO  - 聊天消息数据保存完成，共处理条 0 数据。耗时：0时0分0秒9毫秒
10:51:15 INFO  - 开始保存聊天消息数据
10:51:15 INFO  - 聊天消息数据保存完成，共处理条 0 数据。耗时：0时0分0秒11毫秒
10:52:15 INFO  - 开始保存聊天消息数据
10:52:15 INFO  - 聊天消息数据保存完成，共处理条 0 数据。耗时：0时0分0秒8毫秒
10:53:15 INFO  - 开始保存聊天消息数据
10:53:15 INFO  - 聊天消息数据保存完成，共处理条 0 数据。耗时：0时0分0秒8毫秒
10:54:15 INFO  - 开始保存聊天消息数据
10:54:15 INFO  - 聊天消息数据保存完成，共处理条 0 数据。耗时：0时0分0秒10毫秒
10:55:15 INFO  - 开始保存聊天消息数据
10:55:15 INFO  - 聊天消息数据保存完成，共处理条 0 数据。耗时：0时0分0秒6毫秒
10:56:15 INFO  - 开始保存聊天消息数据
10:56:15 INFO  - 聊天消息数据保存完成，共处理条 0 数据。耗时：0时0分0秒8毫秒
10:57:15 INFO  - 开始保存聊天消息数据
10:57:15 INFO  - 聊天消息数据保存完成，共处理条 0 数据。耗时：0时0分0秒9毫秒
10:58:15 INFO  - 开始保存聊天消息数据
10:58:15 INFO  - 聊天消息数据保存完成，共处理条 0 数据。耗时：0时0分0秒16毫秒
10:59:15 INFO  - 开始保存聊天消息数据
10:59:15 INFO  - 聊天消息数据保存完成，共处理条 0 数据。耗时：0时0分0秒8毫秒
11:00:15 INFO  - 开始保存聊天消息数据
11:00:15 INFO  - 聊天消息数据保存完成，共处理条 0 数据。耗时：0时0分0秒47毫秒
11:01:15 INFO  - 开始保存聊天消息数据
11:01:15 INFO  - 聊天消息数据保存完成，共处理条 0 数据。耗时：0时0分0秒8毫秒
11:02:15 INFO  - 开始保存聊天消息数据
11:02:15 INFO  - 聊天消息数据保存完成，共处理条 0 数据。耗时：0时0分0秒9毫秒
11:03:15 INFO  - 开始保存聊天消息数据
11:03:15 INFO  - 聊天消息数据保存完成，共处理条 0 数据。耗时：0时0分0秒8毫秒
11:04:15 INFO  - 开始保存聊天消息数据
11:04:15 INFO  - 聊天消息数据保存完成，共处理条 0 数据。耗时：0时0分0秒9毫秒
11:05:15 INFO  - 开始保存聊天消息数据
11:05:15 INFO  - 聊天消息数据保存完成，共处理条 0 数据。耗时：0时0分0秒10毫秒
11:06:15 INFO  - 开始保存聊天消息数据
11:06:15 INFO  - 聊天消息数据保存完成，共处理条 0 数据。耗时：0时0分0秒8毫秒
11:07:15 INFO  - 开始保存聊天消息数据
11:07:15 INFO  - 聊天消息数据保存完成，共处理条 0 数据。耗时：0时0分0秒15毫秒
11:08:15 INFO  - 开始保存聊天消息数据
11:08:15 INFO  - 聊天消息数据保存完成，共处理条 0 数据。耗时：0时0分0秒8毫秒
11:09:15 INFO  - 开始保存聊天消息数据
11:09:15 INFO  - 聊天消息数据保存完成，共处理条 0 数据。耗时：0时0分0秒11毫秒
11:10:15 INFO  - 开始保存聊天消息数据
11:10:15 INFO  - 聊天消息数据保存完成，共处理条 0 数据。耗时：0时0分0秒9毫秒
11:11:15 INFO  - 开始保存聊天消息数据
11:11:15 INFO  - 聊天消息数据保存完成，共处理条 0 数据。耗时：0时0分0秒9毫秒
11:12:15 INFO  - 开始保存聊天消息数据
11:12:15 INFO  - 聊天消息数据保存完成，共处理条 0 数据。耗时：0时0分0秒9毫秒
11:13:15 INFO  - 开始保存聊天消息数据
11:13:15 INFO  - 聊天消息数据保存完成，共处理条 0 数据。耗时：0时0分0秒7毫秒
11:14:15 INFO  - 开始保存聊天消息数据
11:14:15 INFO  - 聊天消息数据保存完成，共处理条 0 数据。耗时：0时0分0秒11毫秒
11:15:15 INFO  - 开始保存聊天消息数据
11:15:15 INFO  - 聊天消息数据保存完成，共处理条 0 数据。耗时：0时0分0秒8毫秒
11:16:15 INFO  - 开始保存聊天消息数据
11:16:15 INFO  - 聊天消息数据保存完成，共处理条 0 数据。耗时：0时0分0秒20毫秒
11:17:15 INFO  - 开始保存聊天消息数据
11:17:15 INFO  - 聊天消息数据保存完成，共处理条 0 数据。耗时：0时0分0秒9毫秒
11:18:15 INFO  - 开始保存聊天消息数据
11:18:15 INFO  - 聊天消息数据保存完成，共处理条 0 数据。耗时：0时0分0秒9毫秒
11:19:15 INFO  - 开始保存聊天消息数据
11:19:15 INFO  - 聊天消息数据保存完成，共处理条 0 数据。耗时：0时0分0秒11毫秒
11:20:15 INFO  - 开始保存聊天消息数据
11:20:15 INFO  - 聊天消息数据保存完成，共处理条 0 数据。耗时：0时0分0秒9毫秒
11:21:15 INFO  - 开始保存聊天消息数据
11:21:15 INFO  - 聊天消息数据保存完成，共处理条 0 数据。耗时：0时0分0秒7毫秒
11:22:15 INFO  - 开始保存聊天消息数据
11:22:15 INFO  - 聊天消息数据保存完成，共处理条 0 数据。耗时：0时0分0秒9毫秒
11:23:15 INFO  - 开始保存聊天消息数据
11:23:15 INFO  - 聊天消息数据保存完成，共处理条 0 数据。耗时：0时0分0秒10毫秒
11:24:15 INFO  - 开始保存聊天消息数据
11:24:15 INFO  - 聊天消息数据保存完成，共处理条 0 数据。耗时：0时0分0秒11毫秒
11:25:15 INFO  - 开始保存聊天消息数据
11:25:15 INFO  - 聊天消息数据保存完成，共处理条 0 数据。耗时：0时0分0秒11毫秒
11:26:15 INFO  - 开始保存聊天消息数据
11:26:15 INFO  - 聊天消息数据保存完成，共处理条 0 数据。耗时：0时0分0秒8毫秒
11:27:15 INFO  - 开始保存聊天消息数据
11:27:15 INFO  - 聊天消息数据保存完成，共处理条 0 数据。耗时：0时0分0秒9毫秒
11:28:15 INFO  - 开始保存聊天消息数据
11:28:15 INFO  - 聊天消息数据保存完成，共处理条 0 数据。耗时：0时0分0秒9毫秒
11:29:15 INFO  - 开始保存聊天消息数据
11:29:15 INFO  - 聊天消息数据保存完成，共处理条 0 数据。耗时：0时0分0秒8毫秒
11:30:15 INFO  - 开始保存聊天消息数据
11:30:15 INFO  - 聊天消息数据保存完成，共处理条 0 数据。耗时：0时0分0秒8毫秒
11:31:15 INFO  - 开始保存聊天消息数据
11:31:15 INFO  - 聊天消息数据保存完成，共处理条 0 数据。耗时：0时0分0秒8毫秒
11:32:15 INFO  - 开始保存聊天消息数据
11:32:15 INFO  - 聊天消息数据保存完成，共处理条 0 数据。耗时：0时0分0秒8毫秒
11:33:15 INFO  - 开始保存聊天消息数据
11:33:15 INFO  - 聊天消息数据保存完成，共处理条 0 数据。耗时：0时0分0秒7毫秒
11:34:15 INFO  - 开始保存聊天消息数据
11:34:15 INFO  - 聊天消息数据保存完成，共处理条 0 数据。耗时：0时0分0秒8毫秒
11:35:15 INFO  - 开始保存聊天消息数据
11:35:15 INFO  - 聊天消息数据保存完成，共处理条 0 数据。耗时：0时0分0秒8毫秒
11:36:15 INFO  - 开始保存聊天消息数据
11:36:15 INFO  - 聊天消息数据保存完成，共处理条 0 数据。耗时：0时0分0秒9毫秒
11:37:15 INFO  - 开始保存聊天消息数据
11:37:15 INFO  - 聊天消息数据保存完成，共处理条 0 数据。耗时：0时0分0秒8毫秒
11:38:15 INFO  - 开始保存聊天消息数据
11:38:15 INFO  - 聊天消息数据保存完成，共处理条 0 数据。耗时：0时0分0秒8毫秒
11:39:15 INFO  - 开始保存聊天消息数据
11:39:15 INFO  - 聊天消息数据保存完成，共处理条 0 数据。耗时：0时0分0秒8毫秒
11:40:15 INFO  - 开始保存聊天消息数据
11:40:15 INFO  - 聊天消息数据保存完成，共处理条 0 数据。耗时：0时0分0秒8毫秒
11:41:15 INFO  - 开始保存聊天消息数据
11:41:15 INFO  - 聊天消息数据保存完成，共处理条 0 数据。耗时：0时0分0秒9毫秒
11:42:15 INFO  - 开始保存聊天消息数据
11:42:15 INFO  - 聊天消息数据保存完成，共处理条 0 数据。耗时：0时0分0秒8毫秒
11:43:15 INFO  - 开始保存聊天消息数据
11:43:15 INFO  - 聊天消息数据保存完成，共处理条 0 数据。耗时：0时0分0秒9毫秒
11:44:15 INFO  - 开始保存聊天消息数据
11:44:15 INFO  - 聊天消息数据保存完成，共处理条 0 数据。耗时：0时0分0秒7毫秒
11:45:15 INFO  - 开始保存聊天消息数据
11:45:15 INFO  - 聊天消息数据保存完成，共处理条 0 数据。耗时：0时0分0秒8毫秒
11:46:15 INFO  - 开始保存聊天消息数据
11:46:15 INFO  - 聊天消息数据保存完成，共处理条 0 数据。耗时：0时0分0秒9毫秒
11:47:15 INFO  - 开始保存聊天消息数据
11:47:15 INFO  - 聊天消息数据保存完成，共处理条 0 数据。耗时：0时0分0秒7毫秒
11:48:15 INFO  - 开始保存聊天消息数据
11:48:15 INFO  - 聊天消息数据保存完成，共处理条 0 数据。耗时：0时0分0秒8毫秒
11:49:15 INFO  - 开始保存聊天消息数据
11:49:15 INFO  - 聊天消息数据保存完成，共处理条 0 数据。耗时：0时0分0秒8毫秒
11:50:15 INFO  - 开始保存聊天消息数据
11:50:15 INFO  - 聊天消息数据保存完成，共处理条 0 数据。耗时：0时0分0秒9毫秒
11:51:15 INFO  - 开始保存聊天消息数据
11:51:15 INFO  - 聊天消息数据保存完成，共处理条 0 数据。耗时：0时0分0秒8毫秒
11:52:15 INFO  - 开始保存聊天消息数据
11:52:15 INFO  - 聊天消息数据保存完成，共处理条 0 数据。耗时：0时0分0秒9毫秒
11:53:15 INFO  - 开始保存聊天消息数据
11:53:15 INFO  - 聊天消息数据保存完成，共处理条 0 数据。耗时：0时0分0秒9毫秒
11:54:15 INFO  - 开始保存聊天消息数据
11:54:15 INFO  - 聊天消息数据保存完成，共处理条 0 数据。耗时：0时0分0秒7毫秒
11:55:15 INFO  - 开始保存聊天消息数据
11:55:15 INFO  - 聊天消息数据保存完成，共处理条 0 数据。耗时：0时0分0秒8毫秒
11:56:15 INFO  - 开始保存聊天消息数据
11:56:15 INFO  - 聊天消息数据保存完成，共处理条 0 数据。耗时：0时0分0秒8毫秒
11:57:15 INFO  - 开始保存聊天消息数据
11:57:15 INFO  - 聊天消息数据保存完成，共处理条 0 数据。耗时：0时0分0秒8毫秒
11:58:15 INFO  - 开始保存聊天消息数据
11:58:15 INFO  - 聊天消息数据保存完成，共处理条 0 数据。耗时：0时0分0秒8毫秒
11:59:15 INFO  - 开始保存聊天消息数据
11:59:15 INFO  - 聊天消息数据保存完成，共处理条 0 数据。耗时：0时0分0秒8毫秒
12:00:15 INFO  - 开始保存聊天消息数据
12:00:15 INFO  - 聊天消息数据保存完成，共处理条 0 数据。耗时：0时0分0秒8毫秒
12:01:15 INFO  - 开始保存聊天消息数据
12:01:15 INFO  - 聊天消息数据保存完成，共处理条 0 数据。耗时：0时0分0秒9毫秒
12:02:15 INFO  - 开始保存聊天消息数据
12:02:15 INFO  - 聊天消息数据保存完成，共处理条 0 数据。耗时：0时0分0秒12毫秒
12:03:15 INFO  - 开始保存聊天消息数据
12:03:15 INFO  - 聊天消息数据保存完成，共处理条 0 数据。耗时：0时0分0秒9毫秒
12:04:15 INFO  - 开始保存聊天消息数据
12:04:15 INFO  - 聊天消息数据保存完成，共处理条 0 数据。耗时：0时0分0秒8毫秒
12:05:15 INFO  - 开始保存聊天消息数据
12:05:15 INFO  - 聊天消息数据保存完成，共处理条 0 数据。耗时：0时0分0秒10毫秒
12:06:15 INFO  - 开始保存聊天消息数据
12:06:15 INFO  - 聊天消息数据保存完成，共处理条 0 数据。耗时：0时0分0秒8毫秒
12:07:15 INFO  - 开始保存聊天消息数据
12:07:15 INFO  - 聊天消息数据保存完成，共处理条 0 数据。耗时：0时0分0秒8毫秒
12:08:15 INFO  - 开始保存聊天消息数据
12:08:15 INFO  - 聊天消息数据保存完成，共处理条 0 数据。耗时：0时0分0秒8毫秒
12:09:15 INFO  - 开始保存聊天消息数据
12:09:15 INFO  - 聊天消息数据保存完成，共处理条 0 数据。耗时：0时0分0秒9毫秒
12:10:15 INFO  - 开始保存聊天消息数据
12:10:15 INFO  - 聊天消息数据保存完成，共处理条 0 数据。耗时：0时0分0秒11毫秒
12:11:15 INFO  - 开始保存聊天消息数据
12:11:15 INFO  - 聊天消息数据保存完成，共处理条 0 数据。耗时：0时0分0秒7毫秒
12:12:15 INFO  - 开始保存聊天消息数据
12:12:15 INFO  - 聊天消息数据保存完成，共处理条 0 数据。耗时：0时0分0秒7毫秒
12:13:15 INFO  - 开始保存聊天消息数据
12:13:15 INFO  - 聊天消息数据保存完成，共处理条 0 数据。耗时：0时0分0秒8毫秒
12:14:15 INFO  - 开始保存聊天消息数据
12:14:15 INFO  - 聊天消息数据保存完成，共处理条 0 数据。耗时：0时0分0秒8毫秒
12:15:15 INFO  - 开始保存聊天消息数据
12:15:15 INFO  - 聊天消息数据保存完成，共处理条 0 数据。耗时：0时0分0秒7毫秒
12:16:15 INFO  - 开始保存聊天消息数据
12:16:15 INFO  - 聊天消息数据保存完成，共处理条 0 数据。耗时：0时0分0秒10毫秒
12:17:15 INFO  - 开始保存聊天消息数据
12:17:15 INFO  - 聊天消息数据保存完成，共处理条 0 数据。耗时：0时0分0秒9毫秒
12:18:15 INFO  - 开始保存聊天消息数据
12:18:15 INFO  - 聊天消息数据保存完成，共处理条 0 数据。耗时：0时0分0秒8毫秒
12:19:15 INFO  - 开始保存聊天消息数据
12:19:15 INFO  - 聊天消息数据保存完成，共处理条 0 数据。耗时：0时0分0秒11毫秒
12:20:15 INFO  - 开始保存聊天消息数据
12:20:15 INFO  - 聊天消息数据保存完成，共处理条 0 数据。耗时：0时0分0秒8毫秒
12:21:15 INFO  - 开始保存聊天消息数据
12:21:15 INFO  - 聊天消息数据保存完成，共处理条 0 数据。耗时：0时0分0秒7毫秒
12:22:15 INFO  - 开始保存聊天消息数据
12:22:15 INFO  - 聊天消息数据保存完成，共处理条 0 数据。耗时：0时0分0秒8毫秒
12:23:15 INFO  - 开始保存聊天消息数据
12:23:15 INFO  - 聊天消息数据保存完成，共处理条 0 数据。耗时：0时0分0秒8毫秒
12:24:15 INFO  - 开始保存聊天消息数据
12:24:15 INFO  - 聊天消息数据保存完成，共处理条 0 数据。耗时：0时0分0秒8毫秒
12:25:15 INFO  - 开始保存聊天消息数据
12:25:15 INFO  - 聊天消息数据保存完成，共处理条 0 数据。耗时：0时0分0秒11毫秒
12:26:15 INFO  - 开始保存聊天消息数据
12:26:15 INFO  - 聊天消息数据保存完成，共处理条 0 数据。耗时：0时0分0秒7毫秒
12:27:15 INFO  - 开始保存聊天消息数据
12:27:15 INFO  - 聊天消息数据保存完成，共处理条 0 数据。耗时：0时0分0秒8毫秒
12:28:15 INFO  - 开始保存聊天消息数据
12:28:15 INFO  - 聊天消息数据保存完成，共处理条 0 数据。耗时：0时0分0秒7毫秒
12:29:15 INFO  - 开始保存聊天消息数据
12:29:15 INFO  - 聊天消息数据保存完成，共处理条 0 数据。耗时：0时0分0秒11毫秒
12:30:15 INFO  - 开始保存聊天消息数据
12:30:15 INFO  - 聊天消息数据保存完成，共处理条 0 数据。耗时：0时0分0秒9毫秒
12:31:15 INFO  - 开始保存聊天消息数据
12:31:15 INFO  - 聊天消息数据保存完成，共处理条 0 数据。耗时：0时0分0秒8毫秒
12:32:15 INFO  - 开始保存聊天消息数据
12:32:15 INFO  - 聊天消息数据保存完成，共处理条 0 数据。耗时：0时0分0秒8毫秒
12:33:15 INFO  - 开始保存聊天消息数据
12:33:15 INFO  - 聊天消息数据保存完成，共处理条 0 数据。耗时：0时0分0秒10毫秒
12:34:15 INFO  - 开始保存聊天消息数据
12:34:15 INFO  - 聊天消息数据保存完成，共处理条 0 数据。耗时：0时0分0秒7毫秒
12:35:15 INFO  - 开始保存聊天消息数据
12:35:15 INFO  - 聊天消息数据保存完成，共处理条 0 数据。耗时：0时0分0秒9毫秒
12:36:15 INFO  - 开始保存聊天消息数据
12:36:15 INFO  - 聊天消息数据保存完成，共处理条 0 数据。耗时：0时0分0秒8毫秒
12:37:15 INFO  - 开始保存聊天消息数据
12:37:15 INFO  - 聊天消息数据保存完成，共处理条 0 数据。耗时：0时0分0秒9毫秒
12:38:15 INFO  - 开始保存聊天消息数据
12:38:15 INFO  - 聊天消息数据保存完成，共处理条 0 数据。耗时：0时0分0秒14毫秒
12:39:15 INFO  - 开始保存聊天消息数据
12:39:15 INFO  - 聊天消息数据保存完成，共处理条 0 数据。耗时：0时0分0秒7毫秒
12:40:15 INFO  - 开始保存聊天消息数据
12:40:15 INFO  - 聊天消息数据保存完成，共处理条 0 数据。耗时：0时0分0秒9毫秒
12:41:15 INFO  - 开始保存聊天消息数据
12:41:15 INFO  - 聊天消息数据保存完成，共处理条 0 数据。耗时：0时0分0秒8毫秒
12:42:15 INFO  - 开始保存聊天消息数据
12:42:15 INFO  - 聊天消息数据保存完成，共处理条 0 数据。耗时：0时0分0秒9毫秒
12:43:15 INFO  - 开始保存聊天消息数据
12:43:15 INFO  - 聊天消息数据保存完成，共处理条 0 数据。耗时：0时0分0秒9毫秒
12:44:15 INFO  - 开始保存聊天消息数据
12:44:15 INFO  - 聊天消息数据保存完成，共处理条 0 数据。耗时：0时0分0秒10毫秒
12:45:15 INFO  - 开始保存聊天消息数据
12:45:15 INFO  - 聊天消息数据保存完成，共处理条 0 数据。耗时：0时0分0秒8毫秒
12:46:15 INFO  - 开始保存聊天消息数据
12:46:15 INFO  - 聊天消息数据保存完成，共处理条 0 数据。耗时：0时0分0秒17毫秒
12:47:15 INFO  - 开始保存聊天消息数据
12:47:15 INFO  - 聊天消息数据保存完成，共处理条 0 数据。耗时：0时0分0秒8毫秒
12:48:15 INFO  - 开始保存聊天消息数据
12:48:15 INFO  - 聊天消息数据保存完成，共处理条 0 数据。耗时：0时0分0秒9毫秒
12:49:15 INFO  - 开始保存聊天消息数据
12:49:15 INFO  - 聊天消息数据保存完成，共处理条 0 数据。耗时：0时0分0秒8毫秒
12:50:15 INFO  - 开始保存聊天消息数据
12:50:15 INFO  - 聊天消息数据保存完成，共处理条 0 数据。耗时：0时0分0秒7毫秒
12:51:15 INFO  - 开始保存聊天消息数据
12:51:15 INFO  - 聊天消息数据保存完成，共处理条 0 数据。耗时：0时0分0秒9毫秒
12:52:15 INFO  - 开始保存聊天消息数据
12:52:15 INFO  - 聊天消息数据保存完成，共处理条 0 数据。耗时：0时0分0秒14毫秒
12:53:15 INFO  - 开始保存聊天消息数据
12:53:15 INFO  - 聊天消息数据保存完成，共处理条 0 数据。耗时：0时0分0秒9毫秒
12:54:15 INFO  - 开始保存聊天消息数据
12:54:15 INFO  - 聊天消息数据保存完成，共处理条 0 数据。耗时：0时0分0秒8毫秒
12:55:15 INFO  - 开始保存聊天消息数据
12:55:15 INFO  - 聊天消息数据保存完成，共处理条 0 数据。耗时：0时0分0秒9毫秒
12:56:15 INFO  - 开始保存聊天消息数据
12:56:15 INFO  - 聊天消息数据保存完成，共处理条 0 数据。耗时：0时0分0秒12毫秒
12:57:15 INFO  - 开始保存聊天消息数据
12:57:15 INFO  - 聊天消息数据保存完成，共处理条 0 数据。耗时：0时0分0秒8毫秒
12:58:15 INFO  - 开始保存聊天消息数据
12:58:15 INFO  - 聊天消息数据保存完成，共处理条 0 数据。耗时：0时0分0秒8毫秒
12:59:15 INFO  - 开始保存聊天消息数据
12:59:15 INFO  - 聊天消息数据保存完成，共处理条 0 数据。耗时：0时0分0秒8毫秒
13:00:15 INFO  - 开始保存聊天消息数据
13:00:15 INFO  - 聊天消息数据保存完成，共处理条 0 数据。耗时：0时0分0秒9毫秒
13:01:15 INFO  - 开始保存聊天消息数据
13:01:15 INFO  - 聊天消息数据保存完成，共处理条 0 数据。耗时：0时0分0秒8毫秒
13:02:15 INFO  - 开始保存聊天消息数据
13:02:15 INFO  - 聊天消息数据保存完成，共处理条 0 数据。耗时：0时0分0秒9毫秒
13:03:15 INFO  - 开始保存聊天消息数据
13:03:15 INFO  - 聊天消息数据保存完成，共处理条 0 数据。耗时：0时0分0秒10毫秒
13:04:15 INFO  - 开始保存聊天消息数据
13:04:15 INFO  - 聊天消息数据保存完成，共处理条 0 数据。耗时：0时0分0秒8毫秒
13:05:15 INFO  - 开始保存聊天消息数据
13:05:15 INFO  - 聊天消息数据保存完成，共处理条 0 数据。耗时：0时0分0秒9毫秒
13:06:15 INFO  - 开始保存聊天消息数据
13:06:15 INFO  - 聊天消息数据保存完成，共处理条 0 数据。耗时：0时0分0秒7毫秒
13:07:15 INFO  - 开始保存聊天消息数据
13:07:15 INFO  - 聊天消息数据保存完成，共处理条 0 数据。耗时：0时0分0秒8毫秒
13:08:15 INFO  - 开始保存聊天消息数据
13:08:15 INFO  - 聊天消息数据保存完成，共处理条 0 数据。耗时：0时0分0秒8毫秒
13:09:15 INFO  - 开始保存聊天消息数据
13:09:15 INFO  - 聊天消息数据保存完成，共处理条 0 数据。耗时：0时0分0秒8毫秒
13:10:15 INFO  - 开始保存聊天消息数据
13:10:15 INFO  - 聊天消息数据保存完成，共处理条 0 数据。耗时：0时0分0秒10毫秒
13:11:15 INFO  - 开始保存聊天消息数据
13:11:15 INFO  - 聊天消息数据保存完成，共处理条 0 数据。耗时：0时0分0秒9毫秒
13:12:15 INFO  - 开始保存聊天消息数据
13:12:15 INFO  - 聊天消息数据保存完成，共处理条 0 数据。耗时：0时0分0秒8毫秒
13:13:15 INFO  - 开始保存聊天消息数据
13:13:15 INFO  - 聊天消息数据保存完成，共处理条 0 数据。耗时：0时0分0秒7毫秒
13:14:15 INFO  - 开始保存聊天消息数据
13:14:15 INFO  - 聊天消息数据保存完成，共处理条 0 数据。耗时：0时0分0秒12毫秒
13:15:15 INFO  - 开始保存聊天消息数据
13:15:15 INFO  - 聊天消息数据保存完成，共处理条 0 数据。耗时：0时0分0秒8毫秒
13:16:15 INFO  - 开始保存聊天消息数据
13:16:15 INFO  - 聊天消息数据保存完成，共处理条 0 数据。耗时：0时0分0秒8毫秒
13:17:15 INFO  - 开始保存聊天消息数据
13:17:15 INFO  - 聊天消息数据保存完成，共处理条 0 数据。耗时：0时0分0秒8毫秒
13:18:15 INFO  - 开始保存聊天消息数据
13:18:15 INFO  - 聊天消息数据保存完成，共处理条 0 数据。耗时：0时0分0秒10毫秒
13:19:15 INFO  - 开始保存聊天消息数据
13:19:15 INFO  - 聊天消息数据保存完成，共处理条 0 数据。耗时：0时0分0秒10毫秒
13:20:15 INFO  - 开始保存聊天消息数据
13:20:15 INFO  - 聊天消息数据保存完成，共处理条 0 数据。耗时：0时0分0秒10毫秒
13:21:15 INFO  - 开始保存聊天消息数据
13:21:15 INFO  - 聊天消息数据保存完成，共处理条 0 数据。耗时：0时0分0秒10毫秒
13:22:15 INFO  - 开始保存聊天消息数据
13:22:15 INFO  - 聊天消息数据保存完成，共处理条 0 数据。耗时：0时0分0秒5毫秒
13:23:15 INFO  - 开始保存聊天消息数据
13:23:15 INFO  - 聊天消息数据保存完成，共处理条 0 数据。耗时：0时0分0秒8毫秒
13:24:15 INFO  - 开始保存聊天消息数据
13:24:15 INFO  - 聊天消息数据保存完成，共处理条 0 数据。耗时：0时0分0秒8毫秒
13:25:15 INFO  - 开始保存聊天消息数据
13:25:15 INFO  - 聊天消息数据保存完成，共处理条 0 数据。耗时：0时0分0秒7毫秒
13:26:15 INFO  - 开始保存聊天消息数据
13:26:15 INFO  - 聊天消息数据保存完成，共处理条 0 数据。耗时：0时0分0秒8毫秒
13:27:15 INFO  - 开始保存聊天消息数据
13:27:15 INFO  - 聊天消息数据保存完成，共处理条 0 数据。耗时：0时0分0秒7毫秒
13:28:15 INFO  - 开始保存聊天消息数据
13:28:15 INFO  - 聊天消息数据保存完成，共处理条 0 数据。耗时：0时0分0秒8毫秒
13:29:15 INFO  - 开始保存聊天消息数据
13:29:15 INFO  - 聊天消息数据保存完成，共处理条 0 数据。耗时：0时0分0秒7毫秒
13:30:15 INFO  - 开始保存聊天消息数据
13:30:15 INFO  - 聊天消息数据保存完成，共处理条 0 数据。耗时：0时0分0秒8毫秒
13:31:15 INFO  - 开始保存聊天消息数据
13:31:15 INFO  - 聊天消息数据保存完成，共处理条 0 数据。耗时：0时0分0秒8毫秒
13:32:15 INFO  - 开始保存聊天消息数据
13:32:15 INFO  - 聊天消息数据保存完成，共处理条 0 数据。耗时：0时0分0秒9毫秒
13:33:15 INFO  - 开始保存聊天消息数据
13:33:15 INFO  - 聊天消息数据保存完成，共处理条 0 数据。耗时：0时0分0秒8毫秒
13:34:15 INFO  - 开始保存聊天消息数据
13:34:15 INFO  - 聊天消息数据保存完成，共处理条 0 数据。耗时：0时0分0秒8毫秒
13:35:15 INFO  - 开始保存聊天消息数据
13:35:15 INFO  - 聊天消息数据保存完成，共处理条 0 数据。耗时：0时0分0秒8毫秒
13:36:15 INFO  - 开始保存聊天消息数据
13:36:15 INFO  - 聊天消息数据保存完成，共处理条 0 数据。耗时：0时0分0秒8毫秒
13:37:15 INFO  - 开始保存聊天消息数据
13:37:15 INFO  - 聊天消息数据保存完成，共处理条 0 数据。耗时：0时0分0秒9毫秒
13:38:15 INFO  - 开始保存聊天消息数据
13:38:15 INFO  - 聊天消息数据保存完成，共处理条 0 数据。耗时：0时0分0秒11毫秒
13:39:15 INFO  - 开始保存聊天消息数据
13:39:15 INFO  - 聊天消息数据保存完成，共处理条 0 数据。耗时：0时0分0秒14毫秒
13:40:15 INFO  - 开始保存聊天消息数据
13:40:15 INFO  - 聊天消息数据保存完成，共处理条 0 数据。耗时：0时0分0秒8毫秒
13:41:15 INFO  - 开始保存聊天消息数据
13:41:15 INFO  - 聊天消息数据保存完成，共处理条 0 数据。耗时：0时0分0秒9毫秒
13:42:15 INFO  - 开始保存聊天消息数据
13:42:15 INFO  - 聊天消息数据保存完成，共处理条 5 数据。耗时：0时0分0秒158毫秒
13:43:15 INFO  - 开始保存聊天消息数据
13:43:15 INFO  - 聊天消息数据保存完成，共处理条 0 数据。耗时：0时0分0秒8毫秒
13:44:15 INFO  - 开始保存聊天消息数据
13:44:15 INFO  - 聊天消息数据保存完成，共处理条 0 数据。耗时：0时0分0秒16毫秒
13:45:15 INFO  - 开始保存聊天消息数据
13:45:15 INFO  - 聊天消息数据保存完成，共处理条 0 数据。耗时：0时0分0秒8毫秒
13:46:15 INFO  - 开始保存聊天消息数据
13:46:15 INFO  - 聊天消息数据保存完成，共处理条 0 数据。耗时：0时0分0秒10毫秒
13:47:15 INFO  - 开始保存聊天消息数据
13:47:15 INFO  - 聊天消息数据保存完成，共处理条 0 数据。耗时：0时0分0秒24毫秒
13:48:15 INFO  - 开始保存聊天消息数据
13:48:15 INFO  - 聊天消息数据保存完成，共处理条 0 数据。耗时：0时0分0秒16毫秒
13:49:15 INFO  - 开始保存聊天消息数据
13:49:15 INFO  - 聊天消息数据保存完成，共处理条 0 数据。耗时：0时0分0秒20毫秒
13:50:15 INFO  - 开始保存聊天消息数据
13:50:15 INFO  - 聊天消息数据保存完成，共处理条 0 数据。耗时：0时0分0秒10毫秒
13:51:15 INFO  - 开始保存聊天消息数据
13:51:15 INFO  - 聊天消息数据保存完成，共处理条 0 数据。耗时：0时0分0秒6毫秒
13:52:15 INFO  - 开始保存聊天消息数据
13:52:15 INFO  - 聊天消息数据保存完成，共处理条 0 数据。耗时：0时0分0秒10毫秒
13:53:15 INFO  - 开始保存聊天消息数据
13:53:15 INFO  - 聊天消息数据保存完成，共处理条 0 数据。耗时：0时0分0秒19毫秒
13:54:15 INFO  - 开始保存聊天消息数据
13:54:15 INFO  - 聊天消息数据保存完成，共处理条 0 数据。耗时：0时0分0秒19毫秒
13:55:15 INFO  - 开始保存聊天消息数据
13:55:15 INFO  - 聊天消息数据保存完成，共处理条 0 数据。耗时：0时0分0秒8毫秒
13:56:15 INFO  - 开始保存聊天消息数据
13:56:15 INFO  - 聊天消息数据保存完成，共处理条 0 数据。耗时：0时0分0秒9毫秒
13:57:15 INFO  - 开始保存聊天消息数据
13:57:15 INFO  - 聊天消息数据保存完成，共处理条 0 数据。耗时：0时0分0秒83毫秒
13:58:15 INFO  - 开始保存聊天消息数据
13:59:15 INFO  - 开始保存聊天消息数据
13:59:15 INFO  - 聊天消息数据保存完成，共处理条 0 数据。耗时：0时0分0秒8毫秒
14:00:15 INFO  - 开始保存聊天消息数据
14:00:15 INFO  - 聊天消息数据保存完成，共处理条 0 数据。耗时：0时0分0秒9毫秒
14:01:15 INFO  - 开始保存聊天消息数据
14:01:15 INFO  - 聊天消息数据保存完成，共处理条 0 数据。耗时：0时0分0秒9毫秒
14:02:15 INFO  - 开始保存聊天消息数据
14:02:15 INFO  - 聊天消息数据保存完成，共处理条 0 数据。耗时：0时0分0秒10毫秒
14:03:15 INFO  - 开始保存聊天消息数据
14:03:15 INFO  - 聊天消息数据保存完成，共处理条 1 数据。耗时：0时0分0秒167毫秒
14:04:15 INFO  - 开始保存聊天消息数据
14:04:15 INFO  - 聊天消息数据保存完成，共处理条 0 数据。耗时：0时0分0秒9毫秒
14:05:15 INFO  - 开始保存聊天消息数据
14:05:15 INFO  - 聊天消息数据保存完成，共处理条 3 数据。耗时：0时0分0秒49毫秒
14:06:15 INFO  - 开始保存聊天消息数据
14:06:15 INFO  - 聊天消息数据保存完成，共处理条 0 数据。耗时：0时0分0秒10毫秒
14:07:15 INFO  - 开始保存聊天消息数据
14:07:15 INFO  - 聊天消息数据保存完成，共处理条 0 数据。耗时：0时0分0秒12毫秒
14:08:15 INFO  - 开始保存聊天消息数据
14:08:15 INFO  - 聊天消息数据保存完成，共处理条 0 数据。耗时：0时0分0秒10毫秒
14:09:15 INFO  - 开始保存聊天消息数据
14:09:15 INFO  - 聊天消息数据保存完成，共处理条 0 数据。耗时：0时0分0秒8毫秒
14:10:15 INFO  - 开始保存聊天消息数据
14:10:15 INFO  - 聊天消息数据保存完成，共处理条 0 数据。耗时：0时0分0秒8毫秒
14:11:15 INFO  - 开始保存聊天消息数据
14:11:15 INFO  - 聊天消息数据保存完成，共处理条 0 数据。耗时：0时0分0秒10毫秒
14:12:15 INFO  - 开始保存聊天消息数据
14:12:15 INFO  - 聊天消息数据保存完成，共处理条 0 数据。耗时：0时0分0秒8毫秒
14:13:15 INFO  - 开始保存聊天消息数据
14:13:15 INFO  - 聊天消息数据保存完成，共处理条 0 数据。耗时：0时0分0秒9毫秒
14:14:15 INFO  - 开始保存聊天消息数据
14:14:15 INFO  - 聊天消息数据保存完成，共处理条 0 数据。耗时：0时0分0秒10毫秒
14:15:15 INFO  - 开始保存聊天消息数据
14:15:15 INFO  - 聊天消息数据保存完成，共处理条 0 数据。耗时：0时0分0秒14毫秒
14:16:15 INFO  - 开始保存聊天消息数据
14:16:15 INFO  - 聊天消息数据保存完成，共处理条 0 数据。耗时：0时0分0秒9毫秒
14:17:15 INFO  - 开始保存聊天消息数据
14:17:15 INFO  - 聊天消息数据保存完成，共处理条 0 数据。耗时：0时0分0秒7毫秒
14:18:15 INFO  - 开始保存聊天消息数据
14:18:15 INFO  - 聊天消息数据保存完成，共处理条 0 数据。耗时：0时0分0秒15毫秒
14:19:15 INFO  - 开始保存聊天消息数据
14:19:15 INFO  - 聊天消息数据保存完成，共处理条 0 数据。耗时：0时0分0秒9毫秒
14:20:15 INFO  - 开始保存聊天消息数据
14:20:15 INFO  - 聊天消息数据保存完成，共处理条 0 数据。耗时：0时0分0秒8毫秒
14:21:15 INFO  - 开始保存聊天消息数据
14:21:15 INFO  - 聊天消息数据保存完成，共处理条 0 数据。耗时：0时0分0秒8毫秒
14:22:15 INFO  - 开始保存聊天消息数据
14:22:15 INFO  - 聊天消息数据保存完成，共处理条 0 数据。耗时：0时0分0秒15毫秒
14:23:15 INFO  - 开始保存聊天消息数据
14:23:15 INFO  - 聊天消息数据保存完成，共处理条 0 数据。耗时：0时0分0秒20毫秒
14:24:15 INFO  - 开始保存聊天消息数据
14:24:15 INFO  - 聊天消息数据保存完成，共处理条 0 数据。耗时：0时0分0秒9毫秒
14:25:15 INFO  - 开始保存聊天消息数据
14:25:15 INFO  - 聊天消息数据保存完成，共处理条 0 数据。耗时：0时0分0秒11毫秒
14:26:15 INFO  - 开始保存聊天消息数据
14:26:15 INFO  - 聊天消息数据保存完成，共处理条 0 数据。耗时：0时0分0秒19毫秒
14:27:15 INFO  - 开始保存聊天消息数据
14:27:15 INFO  - 聊天消息数据保存完成，共处理条 0 数据。耗时：0时0分0秒8毫秒
14:28:15 INFO  - 开始保存聊天消息数据
14:28:15 INFO  - 聊天消息数据保存完成，共处理条 0 数据。耗时：0时0分0秒10毫秒
14:29:15 INFO  - 开始保存聊天消息数据
14:29:15 INFO  - 聊天消息数据保存完成，共处理条 0 数据。耗时：0时0分0秒9毫秒
14:30:15 INFO  - 开始保存聊天消息数据
14:30:15 INFO  - 聊天消息数据保存完成，共处理条 0 数据。耗时：0时0分0秒9毫秒
14:31:15 INFO  - 开始保存聊天消息数据
14:31:15 INFO  - 聊天消息数据保存完成，共处理条 0 数据。耗时：0时0分0秒8毫秒
14:32:15 INFO  - 开始保存聊天消息数据
14:32:15 INFO  - 聊天消息数据保存完成，共处理条 0 数据。耗时：0时0分0秒22毫秒
14:33:15 INFO  - 开始保存聊天消息数据
14:33:15 INFO  - 聊天消息数据保存完成，共处理条 0 数据。耗时：0时0分0秒9毫秒
14:34:15 INFO  - 开始保存聊天消息数据
14:34:15 INFO  - 聊天消息数据保存完成，共处理条 0 数据。耗时：0时0分0秒8毫秒
14:35:15 INFO  - 开始保存聊天消息数据
14:35:15 INFO  - 聊天消息数据保存完成，共处理条 0 数据。耗时：0时0分0秒9毫秒
14:36:15 INFO  - 开始保存聊天消息数据
14:36:15 INFO  - 聊天消息数据保存完成，共处理条 0 数据。耗时：0时0分0秒11毫秒
14:37:15 INFO  - 开始保存聊天消息数据
14:37:15 INFO  - 聊天消息数据保存完成，共处理条 0 数据。耗时：0时0分0秒20毫秒
14:38:15 INFO  - 开始保存聊天消息数据
14:38:15 INFO  - 聊天消息数据保存完成，共处理条 0 数据。耗时：0时0分0秒9毫秒
14:39:15 INFO  - 开始保存聊天消息数据
14:39:15 INFO  - 聊天消息数据保存完成，共处理条 0 数据。耗时：0时0分0秒9毫秒
14:40:15 INFO  - 开始保存聊天消息数据
14:40:15 INFO  - 聊天消息数据保存完成，共处理条 0 数据。耗时：0时0分0秒6毫秒
14:41:15 INFO  - 开始保存聊天消息数据
14:41:15 INFO  - 聊天消息数据保存完成，共处理条 0 数据。耗时：0时0分0秒9毫秒
14:42:15 INFO  - 开始保存聊天消息数据
14:42:15 INFO  - 聊天消息数据保存完成，共处理条 0 数据。耗时：0时0分0秒9毫秒
14:43:15 INFO  - 开始保存聊天消息数据
14:43:15 INFO  - 聊天消息数据保存完成，共处理条 0 数据。耗时：0时0分0秒10毫秒
14:44:15 INFO  - 开始保存聊天消息数据
14:44:15 INFO  - 聊天消息数据保存完成，共处理条 0 数据。耗时：0时0分0秒13毫秒
14:45:15 INFO  - 开始保存聊天消息数据
14:45:15 INFO  - 聊天消息数据保存完成，共处理条 0 数据。耗时：0时0分0秒8毫秒
14:46:15 INFO  - 开始保存聊天消息数据
14:46:15 INFO  - 聊天消息数据保存完成，共处理条 0 数据。耗时：0时0分0秒9毫秒
14:47:15 INFO  - 开始保存聊天消息数据
14:47:15 INFO  - 聊天消息数据保存完成，共处理条 0 数据。耗时：0时0分0秒9毫秒
14:48:15 INFO  - 开始保存聊天消息数据
14:48:15 INFO  - 聊天消息数据保存完成，共处理条 0 数据。耗时：0时0分0秒9毫秒
14:49:15 INFO  - 开始保存聊天消息数据
14:49:15 INFO  - 聊天消息数据保存完成，共处理条 0 数据。耗时：0时0分0秒10毫秒
14:50:15 INFO  - 开始保存聊天消息数据
14:50:15 INFO  - 聊天消息数据保存完成，共处理条 0 数据。耗时：0时0分0秒8毫秒
14:51:15 INFO  - 开始保存聊天消息数据
14:51:15 INFO  - 聊天消息数据保存完成，共处理条 0 数据。耗时：0时0分0秒10毫秒
14:52:15 INFO  - 开始保存聊天消息数据
14:52:15 INFO  - 聊天消息数据保存完成，共处理条 0 数据。耗时：0时0分0秒9毫秒
14:53:15 INFO  - 开始保存聊天消息数据
14:53:15 INFO  - 聊天消息数据保存完成，共处理条 0 数据。耗时：0时0分0秒8毫秒
14:54:15 INFO  - 开始保存聊天消息数据
14:54:15 INFO  - 聊天消息数据保存完成，共处理条 0 数据。耗时：0时0分0秒14毫秒
14:55:15 INFO  - 开始保存聊天消息数据
14:55:15 INFO  - 聊天消息数据保存完成，共处理条 0 数据。耗时：0时0分0秒11毫秒
14:56:15 INFO  - 开始保存聊天消息数据
14:56:15 INFO  - 聊天消息数据保存完成，共处理条 0 数据。耗时：0时0分0秒10毫秒
14:57:15 INFO  - 开始保存聊天消息数据
14:57:15 INFO  - 聊天消息数据保存完成，共处理条 0 数据。耗时：0时0分0秒9毫秒
14:58:15 INFO  - 开始保存聊天消息数据
14:58:15 INFO  - 聊天消息数据保存完成，共处理条 0 数据。耗时：0时0分0秒9毫秒
14:59:15 INFO  - 开始保存聊天消息数据
14:59:15 INFO  - 聊天消息数据保存完成，共处理条 0 数据。耗时：0时0分0秒8毫秒
15:00:15 INFO  - 开始保存聊天消息数据
15:00:15 INFO  - 聊天消息数据保存完成，共处理条 0 数据。耗时：0时0分0秒8毫秒
15:01:15 INFO  - 开始保存聊天消息数据
15:01:15 INFO  - 聊天消息数据保存完成，共处理条 0 数据。耗时：0时0分0秒10毫秒
15:02:15 INFO  - 开始保存聊天消息数据
15:02:15 INFO  - 聊天消息数据保存完成，共处理条 0 数据。耗时：0时0分0秒10毫秒
15:03:15 INFO  - 开始保存聊天消息数据
15:03:15 INFO  - 聊天消息数据保存完成，共处理条 0 数据。耗时：0时0分0秒10毫秒
15:04:15 INFO  - 开始保存聊天消息数据
15:04:15 INFO  - 聊天消息数据保存完成，共处理条 0 数据。耗时：0时0分0秒10毫秒
15:05:15 INFO  - 开始保存聊天消息数据
15:05:15 INFO  - 聊天消息数据保存完成，共处理条 0 数据。耗时：0时0分0秒14毫秒
15:06:15 INFO  - 开始保存聊天消息数据
15:06:15 INFO  - 聊天消息数据保存完成，共处理条 0 数据。耗时：0时0分0秒9毫秒
15:07:15 INFO  - 开始保存聊天消息数据
15:07:15 INFO  - 聊天消息数据保存完成，共处理条 0 数据。耗时：0时0分0秒9毫秒
15:08:15 INFO  - 开始保存聊天消息数据
15:08:15 INFO  - 聊天消息数据保存完成，共处理条 0 数据。耗时：0时0分0秒9毫秒
15:09:15 INFO  - 开始保存聊天消息数据
15:09:15 INFO  - 聊天消息数据保存完成，共处理条 0 数据。耗时：0时0分0秒10毫秒
15:10:15 INFO  - 开始保存聊天消息数据
15:10:15 INFO  - 聊天消息数据保存完成，共处理条 0 数据。耗时：0时0分0秒9毫秒
15:11:15 INFO  - 开始保存聊天消息数据
15:11:15 INFO  - 聊天消息数据保存完成，共处理条 0 数据。耗时：0时0分0秒8毫秒
15:12:15 INFO  - 开始保存聊天消息数据
15:12:15 INFO  - 聊天消息数据保存完成，共处理条 0 数据。耗时：0时0分0秒9毫秒
15:13:15 INFO  - 开始保存聊天消息数据
15:13:15 INFO  - 聊天消息数据保存完成，共处理条 0 数据。耗时：0时0分0秒9毫秒
15:14:15 INFO  - 开始保存聊天消息数据
15:14:15 INFO  - 聊天消息数据保存完成，共处理条 0 数据。耗时：0时0分0秒8毫秒
15:15:15 INFO  - 开始保存聊天消息数据
15:15:15 INFO  - 聊天消息数据保存完成，共处理条 0 数据。耗时：0时0分0秒8毫秒
15:16:15 INFO  - 开始保存聊天消息数据
15:16:15 INFO  - 聊天消息数据保存完成，共处理条 0 数据。耗时：0时0分0秒10毫秒
15:17:15 INFO  - 开始保存聊天消息数据
15:17:15 INFO  - 聊天消息数据保存完成，共处理条 0 数据。耗时：0时0分0秒27毫秒
15:18:15 INFO  - 开始保存聊天消息数据
15:18:15 INFO  - 聊天消息数据保存完成，共处理条 0 数据。耗时：0时0分0秒8毫秒
15:19:15 INFO  - 开始保存聊天消息数据
15:19:15 INFO  - 聊天消息数据保存完成，共处理条 0 数据。耗时：0时0分0秒8毫秒
15:20:15 INFO  - 开始保存聊天消息数据
15:20:15 INFO  - 聊天消息数据保存完成，共处理条 0 数据。耗时：0时0分0秒8毫秒
15:21:15 INFO  - 开始保存聊天消息数据
15:21:15 INFO  - 聊天消息数据保存完成，共处理条 0 数据。耗时：0时0分0秒9毫秒
15:22:15 INFO  - 开始保存聊天消息数据
15:22:15 INFO  - 聊天消息数据保存完成，共处理条 0 数据。耗时：0时0分0秒9毫秒
15:23:15 INFO  - 开始保存聊天消息数据
15:23:15 INFO  - 聊天消息数据保存完成，共处理条 0 数据。耗时：0时0分0秒8毫秒
15:24:15 INFO  - 开始保存聊天消息数据
15:24:15 INFO  - 聊天消息数据保存完成，共处理条 0 数据。耗时：0时0分0秒9毫秒
15:25:15 INFO  - 开始保存聊天消息数据
15:25:15 INFO  - 聊天消息数据保存完成，共处理条 0 数据。耗时：0时0分0秒10毫秒
15:26:15 INFO  - 开始保存聊天消息数据
15:26:15 INFO  - 聊天消息数据保存完成，共处理条 0 数据。耗时：0时0分0秒10毫秒
15:27:15 INFO  - 开始保存聊天消息数据
15:27:15 INFO  - 聊天消息数据保存完成，共处理条 0 数据。耗时：0时0分0秒8毫秒
15:28:15 INFO  - 开始保存聊天消息数据
15:28:15 INFO  - 聊天消息数据保存完成，共处理条 0 数据。耗时：0时0分0秒9毫秒
15:29:15 INFO  - 开始保存聊天消息数据
15:29:15 INFO  - 聊天消息数据保存完成，共处理条 0 数据。耗时：0时0分0秒9毫秒
15:30:15 INFO  - 开始保存聊天消息数据
15:30:15 INFO  - 聊天消息数据保存完成，共处理条 0 数据。耗时：0时0分0秒9毫秒
15:31:15 INFO  - 开始保存聊天消息数据
15:31:15 INFO  - 聊天消息数据保存完成，共处理条 0 数据。耗时：0时0分0秒9毫秒
15:32:15 INFO  - 开始保存聊天消息数据
15:32:15 INFO  - 聊天消息数据保存完成，共处理条 0 数据。耗时：0时0分0秒9毫秒
15:33:15 INFO  - 开始保存聊天消息数据
15:33:15 INFO  - 聊天消息数据保存完成，共处理条 0 数据。耗时：0时0分0秒10毫秒
15:34:15 INFO  - 开始保存聊天消息数据
15:34:15 INFO  - 聊天消息数据保存完成，共处理条 0 数据。耗时：0时0分0秒9毫秒
15:35:15 INFO  - 开始保存聊天消息数据
15:35:15 INFO  - 聊天消息数据保存完成，共处理条 0 数据。耗时：0时0分0秒8毫秒
15:36:15 INFO  - 开始保存聊天消息数据
15:36:15 INFO  - 聊天消息数据保存完成，共处理条 0 数据。耗时：0时0分0秒10毫秒
15:37:15 INFO  - 开始保存聊天消息数据
15:37:15 INFO  - 聊天消息数据保存完成，共处理条 0 数据。耗时：0时0分0秒8毫秒
15:38:15 INFO  - 开始保存聊天消息数据
15:38:15 INFO  - 聊天消息数据保存完成，共处理条 0 数据。耗时：0时0分0秒8毫秒
15:39:15 INFO  - 开始保存聊天消息数据
15:39:15 INFO  - 聊天消息数据保存完成，共处理条 0 数据。耗时：0时0分0秒9毫秒
15:40:15 INFO  - 开始保存聊天消息数据
15:40:15 INFO  - 聊天消息数据保存完成，共处理条 0 数据。耗时：0时0分0秒9毫秒
15:41:15 INFO  - 开始保存聊天消息数据
15:41:15 INFO  - 聊天消息数据保存完成，共处理条 0 数据。耗时：0时0分0秒8毫秒
15:42:15 INFO  - 开始保存聊天消息数据
15:42:15 INFO  - 聊天消息数据保存完成，共处理条 0 数据。耗时：0时0分0秒9毫秒
15:43:15 INFO  - 开始保存聊天消息数据
15:43:15 INFO  - 聊天消息数据保存完成，共处理条 0 数据。耗时：0时0分0秒9毫秒
15:44:15 INFO  - 开始保存聊天消息数据
15:44:15 INFO  - 聊天消息数据保存完成，共处理条 0 数据。耗时：0时0分0秒9毫秒
15:45:15 INFO  - 开始保存聊天消息数据
15:45:15 INFO  - 聊天消息数据保存完成，共处理条 0 数据。耗时：0时0分0秒9毫秒
15:46:15 INFO  - 开始保存聊天消息数据
15:46:15 INFO  - 聊天消息数据保存完成，共处理条 0 数据。耗时：0时0分0秒15毫秒
15:47:15 INFO  - 开始保存聊天消息数据
15:47:15 INFO  - 聊天消息数据保存完成，共处理条 0 数据。耗时：0时0分0秒12毫秒
15:48:15 INFO  - 开始保存聊天消息数据
15:48:15 INFO  - 聊天消息数据保存完成，共处理条 0 数据。耗时：0时0分0秒9毫秒
15:49:15 INFO  - 开始保存聊天消息数据
15:49:15 INFO  - 聊天消息数据保存完成，共处理条 0 数据。耗时：0时0分0秒9毫秒
15:50:15 INFO  - 开始保存聊天消息数据
15:50:15 INFO  - 聊天消息数据保存完成，共处理条 0 数据。耗时：0时0分0秒8毫秒
15:51:15 INFO  - 开始保存聊天消息数据
15:51:15 INFO  - 聊天消息数据保存完成，共处理条 0 数据。耗时：0时0分0秒9毫秒
15:52:15 INFO  - 开始保存聊天消息数据
15:52:15 INFO  - 聊天消息数据保存完成，共处理条 0 数据。耗时：0时0分0秒19毫秒
15:53:15 INFO  - 开始保存聊天消息数据
15:53:15 INFO  - 聊天消息数据保存完成，共处理条 0 数据。耗时：0时0分0秒9毫秒
15:54:15 INFO  - 开始保存聊天消息数据
15:54:15 INFO  - 聊天消息数据保存完成，共处理条 0 数据。耗时：0时0分0秒9毫秒
15:55:15 INFO  - 开始保存聊天消息数据
15:55:15 INFO  - 聊天消息数据保存完成，共处理条 0 数据。耗时：0时0分0秒11毫秒
15:56:15 INFO  - 开始保存聊天消息数据
15:56:15 INFO  - 聊天消息数据保存完成，共处理条 0 数据。耗时：0时0分0秒9毫秒
15:57:15 INFO  - 开始保存聊天消息数据
15:57:15 INFO  - 聊天消息数据保存完成，共处理条 0 数据。耗时：0时0分0秒9毫秒
15:58:15 INFO  - 开始保存聊天消息数据
15:58:15 INFO  - 聊天消息数据保存完成，共处理条 0 数据。耗时：0时0分0秒10毫秒
15:59:15 INFO  - 开始保存聊天消息数据
15:59:15 INFO  - 聊天消息数据保存完成，共处理条 0 数据。耗时：0时0分0秒12毫秒
16:00:15 INFO  - 开始保存聊天消息数据
16:00:15 INFO  - 聊天消息数据保存完成，共处理条 0 数据。耗时：0时0分0秒12毫秒
16:01:15 INFO  - 开始保存聊天消息数据
16:01:15 INFO  - 聊天消息数据保存完成，共处理条 0 数据。耗时：0时0分0秒9毫秒
16:02:15 INFO  - 开始保存聊天消息数据
16:02:15 INFO  - 聊天消息数据保存完成，共处理条 0 数据。耗时：0时0分0秒8毫秒
16:03:15 INFO  - 开始保存聊天消息数据
16:03:15 INFO  - 聊天消息数据保存完成，共处理条 0 数据。耗时：0时0分0秒8毫秒
16:04:15 INFO  - 开始保存聊天消息数据
16:04:15 INFO  - 聊天消息数据保存完成，共处理条 0 数据。耗时：0时0分0秒18毫秒
16:05:15 INFO  - 开始保存聊天消息数据
16:05:15 INFO  - 聊天消息数据保存完成，共处理条 0 数据。耗时：0时0分0秒9毫秒
16:06:15 INFO  - 开始保存聊天消息数据
16:06:15 INFO  - 聊天消息数据保存完成，共处理条 0 数据。耗时：0时0分0秒11毫秒
16:07:15 INFO  - 开始保存聊天消息数据
16:07:15 INFO  - 聊天消息数据保存完成，共处理条 0 数据。耗时：0时0分0秒12毫秒
16:08:15 INFO  - 开始保存聊天消息数据
16:08:15 INFO  - 聊天消息数据保存完成，共处理条 0 数据。耗时：0时0分0秒10毫秒
16:09:15 INFO  - 开始保存聊天消息数据
16:09:15 INFO  - 聊天消息数据保存完成，共处理条 0 数据。耗时：0时0分0秒9毫秒
16:10:15 INFO  - 开始保存聊天消息数据
16:10:15 INFO  - 聊天消息数据保存完成，共处理条 0 数据。耗时：0时0分0秒9毫秒
16:11:15 INFO  - 开始保存聊天消息数据
16:11:15 INFO  - 聊天消息数据保存完成，共处理条 0 数据。耗时：0时0分0秒9毫秒
16:12:15 INFO  - 开始保存聊天消息数据
16:12:15 INFO  - 聊天消息数据保存完成，共处理条 0 数据。耗时：0时0分0秒11毫秒
16:13:15 INFO  - 开始保存聊天消息数据
16:13:15 INFO  - 聊天消息数据保存完成，共处理条 0 数据。耗时：0时0分0秒10毫秒
16:14:15 INFO  - 开始保存聊天消息数据
16:14:15 INFO  - 聊天消息数据保存完成，共处理条 0 数据。耗时：0时0分0秒9毫秒
16:15:15 INFO  - 开始保存聊天消息数据
16:15:15 INFO  - 聊天消息数据保存完成，共处理条 0 数据。耗时：0时0分0秒74毫秒
16:16:15 INFO  - 开始保存聊天消息数据
16:16:15 INFO  - 聊天消息数据保存完成，共处理条 0 数据。耗时：0时0分0秒9毫秒
16:17:15 INFO  - 开始保存聊天消息数据
16:17:15 INFO  - 聊天消息数据保存完成，共处理条 0 数据。耗时：0时0分0秒9毫秒
16:18:15 INFO  - 开始保存聊天消息数据
16:18:15 INFO  - 聊天消息数据保存完成，共处理条 0 数据。耗时：0时0分0秒8毫秒
16:19:15 INFO  - 开始保存聊天消息数据
16:19:15 INFO  - 聊天消息数据保存完成，共处理条 0 数据。耗时：0时0分0秒19毫秒
16:20:15 INFO  - 开始保存聊天消息数据
16:20:15 INFO  - 聊天消息数据保存完成，共处理条 0 数据。耗时：0时0分0秒9毫秒
16:21:15 INFO  - 开始保存聊天消息数据
16:21:15 INFO  - 聊天消息数据保存完成，共处理条 0 数据。耗时：0时0分0秒13毫秒
16:22:15 INFO  - 开始保存聊天消息数据
16:22:15 INFO  - 聊天消息数据保存完成，共处理条 0 数据。耗时：0时0分0秒9毫秒
16:23:15 INFO  - 开始保存聊天消息数据
16:23:15 INFO  - 聊天消息数据保存完成，共处理条 0 数据。耗时：0时0分0秒8毫秒
16:24:15 INFO  - 开始保存聊天消息数据
16:24:15 INFO  - 聊天消息数据保存完成，共处理条 0 数据。耗时：0时0分0秒9毫秒
16:25:15 INFO  - 开始保存聊天消息数据
16:25:15 INFO  - 聊天消息数据保存完成，共处理条 0 数据。耗时：0时0分0秒23毫秒
16:26:15 INFO  - 开始保存聊天消息数据
16:26:15 INFO  - 聊天消息数据保存完成，共处理条 0 数据。耗时：0时0分0秒14毫秒
16:27:15 INFO  - 开始保存聊天消息数据
16:27:15 INFO  - 聊天消息数据保存完成，共处理条 0 数据。耗时：0时0分0秒9毫秒
16:28:15 INFO  - 开始保存聊天消息数据
16:28:15 INFO  - 聊天消息数据保存完成，共处理条 0 数据。耗时：0时0分0秒8毫秒
16:29:15 INFO  - 开始保存聊天消息数据
16:29:15 INFO  - 聊天消息数据保存完成，共处理条 0 数据。耗时：0时0分0秒10毫秒
16:30:15 INFO  - 开始保存聊天消息数据
16:30:15 INFO  - 聊天消息数据保存完成，共处理条 0 数据。耗时：0时0分0秒48毫秒
16:31:15 INFO  - 开始保存聊天消息数据
16:31:15 INFO  - 聊天消息数据保存完成，共处理条 0 数据。耗时：0时0分0秒10毫秒
16:32:15 INFO  - 开始保存聊天消息数据
16:32:15 INFO  - 聊天消息数据保存完成，共处理条 0 数据。耗时：0时0分0秒9毫秒
16:33:15 INFO  - 开始保存聊天消息数据
16:33:15 INFO  - 聊天消息数据保存完成，共处理条 0 数据。耗时：0时0分0秒8毫秒
16:34:15 INFO  - 开始保存聊天消息数据
16:34:15 INFO  - 聊天消息数据保存完成，共处理条 0 数据。耗时：0时0分0秒9毫秒
16:35:15 INFO  - 开始保存聊天消息数据
16:35:15 INFO  - 聊天消息数据保存完成，共处理条 0 数据。耗时：0时0分0秒9毫秒
16:36:15 INFO  - 开始保存聊天消息数据
16:36:15 INFO  - 聊天消息数据保存完成，共处理条 0 数据。耗时：0时0分0秒10毫秒
16:37:15 INFO  - 开始保存聊天消息数据
16:37:15 INFO  - 聊天消息数据保存完成，共处理条 0 数据。耗时：0时0分0秒5毫秒
16:38:15 INFO  - 开始保存聊天消息数据
16:38:15 INFO  - 聊天消息数据保存完成，共处理条 0 数据。耗时：0时0分0秒9毫秒
16:39:15 INFO  - 开始保存聊天消息数据
16:39:15 INFO  - 聊天消息数据保存完成，共处理条 0 数据。耗时：0时0分0秒8毫秒
16:40:15 INFO  - 开始保存聊天消息数据
16:40:15 INFO  - 聊天消息数据保存完成，共处理条 0 数据。耗时：0时0分0秒10毫秒
16:41:15 INFO  - 开始保存聊天消息数据
16:41:15 INFO  - 聊天消息数据保存完成，共处理条 0 数据。耗时：0时0分0秒13毫秒
16:42:15 INFO  - 开始保存聊天消息数据
16:42:15 INFO  - 聊天消息数据保存完成，共处理条 0 数据。耗时：0时0分0秒9毫秒
16:43:15 INFO  - 开始保存聊天消息数据
16:43:15 INFO  - 聊天消息数据保存完成，共处理条 0 数据。耗时：0时0分0秒8毫秒
16:44:15 INFO  - 开始保存聊天消息数据
16:44:15 INFO  - 聊天消息数据保存完成，共处理条 0 数据。耗时：0时0分0秒9毫秒
16:45:15 INFO  - 开始保存聊天消息数据
16:45:15 INFO  - 聊天消息数据保存完成，共处理条 0 数据。耗时：0时0分0秒12毫秒
16:46:15 INFO  - 开始保存聊天消息数据
16:46:15 INFO  - 聊天消息数据保存完成，共处理条 0 数据。耗时：0时0分0秒9毫秒
16:47:15 INFO  - 开始保存聊天消息数据
16:47:15 INFO  - 聊天消息数据保存完成，共处理条 0 数据。耗时：0时0分0秒5毫秒
16:48:15 INFO  - 开始保存聊天消息数据
16:48:15 INFO  - 聊天消息数据保存完成，共处理条 0 数据。耗时：0时0分0秒11毫秒
16:49:15 INFO  - 开始保存聊天消息数据
16:49:15 INFO  - 聊天消息数据保存完成，共处理条 0 数据。耗时：0时0分0秒9毫秒
16:50:15 INFO  - 开始保存聊天消息数据
16:50:15 INFO  - 聊天消息数据保存完成，共处理条 0 数据。耗时：0时0分0秒10毫秒
16:51:15 INFO  - 开始保存聊天消息数据
16:51:15 INFO  - 聊天消息数据保存完成，共处理条 0 数据。耗时：0时0分0秒9毫秒
16:52:15 INFO  - 开始保存聊天消息数据
16:52:15 INFO  - 聊天消息数据保存完成，共处理条 0 数据。耗时：0时0分0秒5毫秒
16:53:15 INFO  - 开始保存聊天消息数据
16:53:15 INFO  - 聊天消息数据保存完成，共处理条 0 数据。耗时：0时0分0秒24毫秒
16:54:15 INFO  - 开始保存聊天消息数据
16:54:15 INFO  - 聊天消息数据保存完成，共处理条 0 数据。耗时：0时0分0秒8毫秒
16:55:15 INFO  - 开始保存聊天消息数据
16:55:15 INFO  - 聊天消息数据保存完成，共处理条 0 数据。耗时：0时0分0秒9毫秒
16:56:15 INFO  - 开始保存聊天消息数据
16:56:15 INFO  - 聊天消息数据保存完成，共处理条 0 数据。耗时：0时0分0秒11毫秒
16:57:15 INFO  - 开始保存聊天消息数据
16:57:15 INFO  - 聊天消息数据保存完成，共处理条 0 数据。耗时：0时0分0秒10毫秒
16:58:15 INFO  - 开始保存聊天消息数据
16:58:15 INFO  - 聊天消息数据保存完成，共处理条 0 数据。耗时：0时0分0秒10毫秒
16:59:15 INFO  - 开始保存聊天消息数据
16:59:15 INFO  - 聊天消息数据保存完成，共处理条 0 数据。耗时：0时0分0秒9毫秒
17:00:15 INFO  - 开始保存聊天消息数据
17:00:15 INFO  - 聊天消息数据保存完成，共处理条 0 数据。耗时：0时0分0秒15毫秒
17:01:15 INFO  - 开始保存聊天消息数据
17:01:15 INFO  - 聊天消息数据保存完成，共处理条 0 数据。耗时：0时0分0秒10毫秒
17:01:50 INFO  - Executed action GD.Host.Controllers.AccountController.LoginAdmin (PAPI) in 94ms
17:01:50 INFO  - Executed action GD.API.Controllers.System.UserController.GetLoginUserInfoAsync (API) in 198ms
17:01:50 INFO  - Executed action GD.API.Controllers.System.HomeController.GetUserQtyAsync (API) in 27ms
17:01:50 INFO  - Executed action GD.API.Controllers.System.HomeController.GetOrderQtyAsync (API) in 43ms
17:01:50 INFO  - Executed action GD.API.Controllers.System.HomeController.GetMerchantQtyAsync (API) in 32ms
17:01:50 INFO  - Executed action GD.API.Controllers.System.HomeController.GetDoctorsQtyAsync (API) in 22ms
17:02:15 INFO  - 开始保存聊天消息数据
17:02:15 INFO  - 聊天消息数据保存完成，共处理条 0 数据。耗时：0时0分0秒9毫秒
17:02:50 INFO  - Executed action GD.API.Controllers.Doctor.HospitalController.GetHospitalAllSelectAsync (API) in 65ms
17:02:50 INFO  - Executed action GD.API.Controllers.Doctor.DoctorController.GetDoctorJobTitlesAsync (API) in 89ms
17:02:50 INFO  - Executed action GD.API.Controllers.Doctor.DoctorController.GetDoctorPageAsync (API) in 215ms
17:02:52 INFO  - Executed action GD.API.Controllers.System.UserController.GetLoginUserInfoAsync (API) in 144ms
17:03:15 INFO  - 开始保存聊天消息数据
17:03:15 INFO  - 聊天消息数据保存完成，共处理条 0 数据。耗时：0时0分0秒9毫秒
17:04:15 INFO  - 开始保存聊天消息数据
17:04:15 INFO  - 聊天消息数据保存完成，共处理条 0 数据。耗时：0时0分0秒9毫秒
17:05:15 INFO  - 开始保存聊天消息数据
17:05:15 INFO  - 聊天消息数据保存完成，共处理条 0 数据。耗时：0时0分0秒8毫秒
17:06:15 INFO  - 开始保存聊天消息数据
17:06:15 INFO  - 聊天消息数据保存完成，共处理条 0 数据。耗时：0时0分0秒9毫秒
17:07:15 INFO  - 开始保存聊天消息数据
17:07:15 INFO  - 聊天消息数据保存完成，共处理条 0 数据。耗时：0时0分0秒7毫秒
17:08:15 INFO  - 开始保存聊天消息数据
17:08:15 INFO  - 聊天消息数据保存完成，共处理条 0 数据。耗时：0时0分0秒9毫秒
17:09:15 INFO  - 开始保存聊天消息数据
17:09:15 INFO  - 聊天消息数据保存完成，共处理条 0 数据。耗时：0时0分0秒9毫秒
17:10:15 INFO  - 开始保存聊天消息数据
17:10:15 INFO  - 聊天消息数据保存完成，共处理条 0 数据。耗时：0时0分0秒10毫秒
17:11:15 INFO  - 开始保存聊天消息数据
17:11:15 INFO  - 聊天消息数据保存完成，共处理条 0 数据。耗时：0时0分0秒13毫秒
17:12:15 INFO  - 开始保存聊天消息数据
17:12:15 INFO  - 聊天消息数据保存完成，共处理条 0 数据。耗时：0时0分0秒10毫秒
17:13:15 INFO  - 开始保存聊天消息数据
17:13:15 INFO  - 聊天消息数据保存完成，共处理条 0 数据。耗时：0时0分0秒14毫秒
17:14:15 INFO  - 开始保存聊天消息数据
17:14:15 INFO  - 聊天消息数据保存完成，共处理条 0 数据。耗时：0时0分0秒11毫秒
17:15:15 INFO  - 开始保存聊天消息数据
17:15:15 INFO  - 聊天消息数据保存完成，共处理条 0 数据。耗时：0时0分0秒30毫秒
17:16:15 INFO  - 开始保存聊天消息数据
17:16:15 INFO  - 聊天消息数据保存完成，共处理条 0 数据。耗时：0时0分0秒9毫秒
17:16:46 INFO  - Executed action GD.API.Controllers.System.UserController.GetLoginUserInfoAsync (API) in 290ms
17:16:46 INFO  - Executed action GD.API.Controllers.System.HomeController.GetUserQtyAsync (API) in 23ms
17:16:46 INFO  - Executed action GD.API.Controllers.System.HomeController.GetOrderQtyAsync (API) in 21ms
17:16:46 INFO  - Executed action GD.API.Controllers.System.HomeController.GetDoctorsQtyAsync (API) in 19ms
17:16:46 INFO  - Executed action GD.API.Controllers.System.HomeController.GetMerchantQtyAsync (API) in 105ms
17:17:00 INFO  - Executed action GD.API.Controllers.System.UserController.GetLoginUserInfoAsync (API) in 178ms
17:17:15 INFO  - 开始保存聊天消息数据
17:17:15 INFO  - 聊天消息数据保存完成，共处理条 0 数据。耗时：0时0分0秒5毫秒
17:17:15 INFO  - Executed action GD.API.Controllers.System.UserController.GetLoginUserInfoAsync (API) in 205ms
17:17:15 INFO  - Executed action GD.API.Controllers.Doctor.HospitalController.GetHospitalAllSelectAsync (API) in 38ms
17:17:15 INFO  - Executed action GD.API.Controllers.Doctor.DoctorController.GetDoctorPageAsync (API) in 62ms
17:17:15 INFO  - Executed action GD.API.Controllers.Doctor.DoctorController.GetDoctorJobTitlesAsync (API) in 45ms
17:18:15 INFO  - 开始保存聊天消息数据
17:18:15 INFO  - 聊天消息数据保存完成，共处理条 0 数据。耗时：0时0分0秒9毫秒
17:18:36 INFO  - Executed action GD.API.Controllers.System.UserController.GetLoginUserInfoAsync (API) in 159ms
17:19:06 INFO  - Executed action GD.API.Controllers.System.UserController.GetLoginUserInfoAsync (API) in 159ms
17:19:15 INFO  - 开始保存聊天消息数据
17:19:15 INFO  - 聊天消息数据保存完成，共处理条 0 数据。耗时：0时0分0秒7毫秒
17:20:03 INFO  - Executed action GD.API.Controllers.System.UserController.GetLoginUserInfoAsync (API) in 159ms
17:20:12 INFO  - Executed action GD.API.Controllers.System.UserController.GetLoginUserInfoAsync (API) in 158ms
17:20:15 INFO  - 开始保存聊天消息数据
17:20:15 INFO  - 聊天消息数据保存完成，共处理条 0 数据。耗时：0时0分0秒5毫秒
17:20:20 INFO  - Executed action GD.API.Controllers.System.UserController.GetLoginUserInfoAsync (API) in 215ms
17:21:15 INFO  - 开始保存聊天消息数据
17:21:15 INFO  - 聊天消息数据保存完成，共处理条 0 数据。耗时：0时0分0秒8毫秒
17:22:15 INFO  - 开始保存聊天消息数据
17:22:15 INFO  - 聊天消息数据保存完成，共处理条 0 数据。耗时：0时0分0秒29毫秒
17:23:15 INFO  - 开始保存聊天消息数据
17:23:15 INFO  - 聊天消息数据保存完成，共处理条 0 数据。耗时：0时0分0秒9毫秒
17:24:15 INFO  - 开始保存聊天消息数据
17:24:15 INFO  - 聊天消息数据保存完成，共处理条 0 数据。耗时：0时0分0秒11毫秒
17:24:23 INFO  - Executed action GD.API.Controllers.System.UserController.GetLoginUserInfoAsync (API) in 151ms
17:25:15 INFO  - 开始保存聊天消息数据
17:25:15 INFO  - 聊天消息数据保存完成，共处理条 0 数据。耗时：0时0分0秒16毫秒
17:26:15 INFO  - 开始保存聊天消息数据
17:26:15 INFO  - 聊天消息数据保存完成，共处理条 0 数据。耗时：0时0分0秒9毫秒
17:26:52 INFO  - Executed action GD.API.Controllers.System.UserController.GetLoginUserInfoAsync (API) in 168ms
17:27:03 INFO  - Executed action GD.API.Controllers.System.UserController.GetLoginUserInfoAsync (API) in 174ms
17:27:15 INFO  - 开始保存聊天消息数据
17:27:15 INFO  - 聊天消息数据保存完成，共处理条 0 数据。耗时：0时0分0秒5毫秒
17:28:15 INFO  - 开始保存聊天消息数据
17:28:15 INFO  - 聊天消息数据保存完成，共处理条 0 数据。耗时：0时0分0秒9毫秒
17:29:15 INFO  - 开始保存聊天消息数据
17:29:15 INFO  - 聊天消息数据保存完成，共处理条 0 数据。耗时：0时0分0秒11毫秒
17:30:15 INFO  - 开始保存聊天消息数据
17:30:15 INFO  - 聊天消息数据保存完成，共处理条 0 数据。耗时：0时0分0秒5毫秒
17:31:15 INFO  - 开始保存聊天消息数据
17:31:15 INFO  - 聊天消息数据保存完成，共处理条 0 数据。耗时：0时0分0秒21毫秒
17:32:15 INFO  - 开始保存聊天消息数据
17:32:15 INFO  - 聊天消息数据保存完成，共处理条 0 数据。耗时：0时0分0秒5毫秒
17:33:15 INFO  - 开始保存聊天消息数据
17:33:15 INFO  - 聊天消息数据保存完成，共处理条 0 数据。耗时：0时0分0秒8毫秒
17:34:15 INFO  - 开始保存聊天消息数据
17:34:15 INFO  - 聊天消息数据保存完成，共处理条 0 数据。耗时：0时0分0秒10毫秒
17:35:15 INFO  - 开始保存聊天消息数据
17:35:15 INFO  - 聊天消息数据保存完成，共处理条 0 数据。耗时：0时0分0秒6毫秒
17:36:15 INFO  - 开始保存聊天消息数据
17:36:15 INFO  - 聊天消息数据保存完成，共处理条 0 数据。耗时：0时0分0秒8毫秒
17:37:15 INFO  - 开始保存聊天消息数据
17:37:15 INFO  - 聊天消息数据保存完成，共处理条 0 数据。耗时：0时0分0秒9毫秒
17:38:15 INFO  - 开始保存聊天消息数据
17:38:15 INFO  - 聊天消息数据保存完成，共处理条 0 数据。耗时：0时0分0秒10毫秒
17:39:15 INFO  - 开始保存聊天消息数据
17:39:15 INFO  - 聊天消息数据保存完成，共处理条 0 数据。耗时：0时0分0秒10毫秒
17:40:15 INFO  - 开始保存聊天消息数据
17:40:15 INFO  - 聊天消息数据保存完成，共处理条 0 数据。耗时：0时0分0秒8毫秒
17:41:15 INFO  - 开始保存聊天消息数据
17:41:15 INFO  - 聊天消息数据保存完成，共处理条 0 数据。耗时：0时0分0秒8毫秒
17:42:15 INFO  - 开始保存聊天消息数据
17:42:15 INFO  - 聊天消息数据保存完成，共处理条 0 数据。耗时：0时0分0秒8毫秒
17:43:15 INFO  - 开始保存聊天消息数据
17:43:15 INFO  - 聊天消息数据保存完成，共处理条 0 数据。耗时：0时0分0秒11毫秒
17:44:07 INFO  - Executed action GD.API.Controllers.System.UserController.GetLoginUserInfoAsync (API) in 217ms
17:44:09 INFO  - Executed action GD.API.Controllers.System.UserController.GetLoginUserInfoAsync (API) in 161ms
17:44:09 INFO  - Executed action GD.API.Controllers.Doctor.DoctorController.GetDoctorPageAsync (API) in 70ms
17:44:09 INFO  - Executed action GD.API.Controllers.Doctor.DoctorController.GetDoctorJobTitlesAsync (API) in 84ms
17:44:09 INFO  - Executed action GD.API.Controllers.Doctor.HospitalController.GetHospitalAllSelectAsync (API) in 75ms
17:44:15 INFO  - 开始保存聊天消息数据
17:44:15 INFO  - 聊天消息数据保存完成，共处理条 0 数据。耗时：0时0分0秒5毫秒
17:44:24 INFO  - Executed action GD.API.Controllers.System.UserController.GetLoginUserInfoAsync (API) in 133ms
17:44:27 INFO  - Executed action GD.API.Controllers.System.UserController.GetLoginUserInfoAsync (API) in 129ms
17:44:27 INFO  - Executed action GD.API.Controllers.System.HomeController.GetUserQtyAsync (API) in 21ms
17:44:27 INFO  - Executed action GD.API.Controllers.System.HomeController.GetDoctorsQtyAsync (API) in 19ms
17:44:27 INFO  - Executed action GD.API.Controllers.System.HomeController.GetMerchantQtyAsync (API) in 25ms
17:44:27 INFO  - Executed action GD.API.Controllers.System.HomeController.GetOrderQtyAsync (API) in 19ms
17:45:15 INFO  - 开始保存聊天消息数据
17:45:15 INFO  - 聊天消息数据保存完成，共处理条 0 数据。耗时：0时0分0秒8毫秒
17:46:15 INFO  - 开始保存聊天消息数据
17:46:15 INFO  - 聊天消息数据保存完成，共处理条 0 数据。耗时：0时0分0秒10毫秒
17:46:41 INFO  - Executed action GD.API.Controllers.System.UserController.GetLoginUserInfoAsync (API) in 147ms
17:46:47 INFO  - Executed action GD.API.Controllers.System.UserController.GetLoginUserInfoAsync (API) in 139ms
17:47:15 INFO  - 开始保存聊天消息数据
17:47:15 INFO  - 聊天消息数据保存完成，共处理条 0 数据。耗时：0时0分0秒10毫秒
17:48:15 INFO  - 开始保存聊天消息数据
17:48:15 INFO  - 聊天消息数据保存完成，共处理条 0 数据。耗时：0时0分0秒8毫秒
17:48:58 INFO  - Executed action GD.API.Controllers.System.UserController.GetLoginUserInfoAsync (API) in 143ms
17:48:58 INFO  - Executed action GD.API.Controllers.System.UserController.GetLoginUserInfoAsync (API) in 155ms
17:49:08 INFO  - Executed action GD.API.Controllers.Doctor.HospitalController.GetHospitalAllSelectAsync (API) in 28ms
17:49:08 INFO  - Executed action GD.API.Controllers.Doctor.DoctorController.GetDoctorPageAsync (API) in 55ms
17:49:08 INFO  - Executed action GD.API.Controllers.Doctor.DoctorController.GetDoctorJobTitlesAsync (API) in 49ms
17:49:15 INFO  - 开始保存聊天消息数据
17:49:15 INFO  - 聊天消息数据保存完成，共处理条 0 数据。耗时：0时0分0秒6毫秒
17:49:43 INFO  - Executed action GD.API.Controllers.System.UserController.GetLoginUserInfoAsync (API) in 171ms
17:50:15 INFO  - 开始保存聊天消息数据
17:50:15 INFO  - 聊天消息数据保存完成，共处理条 0 数据。耗时：0时0分0秒19毫秒
17:51:15 INFO  - 开始保存聊天消息数据
17:51:15 INFO  - 聊天消息数据保存完成，共处理条 0 数据。耗时：0时0分0秒9毫秒
17:52:15 INFO  - 开始保存聊天消息数据
17:52:15 INFO  - 聊天消息数据保存完成，共处理条 0 数据。耗时：0时0分0秒9毫秒
17:53:15 INFO  - 开始保存聊天消息数据
17:53:15 INFO  - 聊天消息数据保存完成，共处理条 0 数据。耗时：0时0分0秒8毫秒
17:54:15 INFO  - 开始保存聊天消息数据
17:54:15 INFO  - 聊天消息数据保存完成，共处理条 0 数据。耗时：0时0分0秒6毫秒
17:54:30 INFO  - Executed action GD.API.Controllers.System.UserController.GetLoginUserInfoAsync (API) in 171ms
17:54:30 INFO  - Executed action GD.API.Controllers.System.UserController.GetLoginUserInfoAsync (API) in 234ms
17:54:30 INFO  - Executed action GD.API.Controllers.Doctor.HospitalController.GetHospitalAllSelectAsync (API) in 27ms
17:54:30 INFO  - Executed action GD.API.Controllers.Doctor.DoctorController.GetDoctorPageAsync (API) in 44ms
17:54:30 INFO  - Executed action GD.API.Controllers.Doctor.DoctorController.GetDoctorJobTitlesAsync (API) in 42ms
17:54:53 INFO  - Executed action GD.API.Controllers.System.UserController.GetLoginUserInfoAsync (API) in 126ms
17:55:15 INFO  - 开始保存聊天消息数据
17:55:15 INFO  - 聊天消息数据保存完成，共处理条 0 数据。耗时：0时0分0秒8毫秒
17:56:15 INFO  - 开始保存聊天消息数据
17:56:15 INFO  - 聊天消息数据保存完成，共处理条 0 数据。耗时：0时0分0秒29毫秒
17:56:15 INFO  - Executed action GD.API.Controllers.System.UserController.GetLoginUserInfoAsync (API) in 205ms
17:56:27 INFO  - Executed action GD.API.Controllers.System.UserController.GetLoginUserInfoAsync (API) in 229ms
17:57:15 INFO  - 开始保存聊天消息数据
17:57:15 INFO  - 聊天消息数据保存完成，共处理条 0 数据。耗时：0时0分0秒8毫秒
17:58:15 INFO  - 开始保存聊天消息数据
17:58:15 INFO  - 聊天消息数据保存完成，共处理条 0 数据。耗时：0时0分0秒5毫秒
17:58:46 INFO  - Executed action GD.API.Controllers.System.UserController.GetLoginUserInfoAsync (API) in 142ms
17:58:47 INFO  - Executed action GD.API.Controllers.System.UserController.GetLoginUserInfoAsync (API) in 122ms
17:58:48 INFO  - Executed action GD.API.Controllers.Doctor.HospitalController.GetHospitalAllSelectAsync (API) in 66ms
17:58:49 INFO  - Executed action GD.API.Controllers.Doctor.DoctorController.GetDoctorJobTitlesAsync (API) in 101ms
17:58:49 INFO  - Executed action GD.API.Controllers.Doctor.DoctorController.GetDoctorPageAsync (API) in 116ms
17:59:15 INFO  - 开始保存聊天消息数据
17:59:15 INFO  - 聊天消息数据保存完成，共处理条 0 数据。耗时：0时0分0秒24毫秒
18:00:15 INFO  - 开始保存聊天消息数据
18:00:15 INFO  - 聊天消息数据保存完成，共处理条 0 数据。耗时：0时0分0秒9毫秒
18:00:38 INFO  - Executed action GD.API.Controllers.System.UserController.GetLoginUserInfoAsync (API) in 181ms
18:00:38 INFO  - Executed action GD.API.Controllers.System.UserController.GetLoginUserInfoAsync (API) in 126ms
18:00:39 INFO  - Executed action GD.API.Controllers.Doctor.HospitalController.GetHospitalAllSelectAsync (API) in 61ms
18:00:39 INFO  - Executed action GD.API.Controllers.Doctor.DoctorController.GetDoctorJobTitlesAsync (API) in 110ms
18:00:39 INFO  - Executed action GD.API.Controllers.Doctor.DoctorController.GetDoctorPageAsync (API) in 115ms
18:01:15 INFO  - 开始保存聊天消息数据
18:01:15 INFO  - 聊天消息数据保存完成，共处理条 0 数据。耗时：0时0分0秒10毫秒
18:02:15 INFO  - 开始保存聊天消息数据
18:02:15 INFO  - 聊天消息数据保存完成，共处理条 0 数据。耗时：0时0分0秒54毫秒
18:03:15 INFO  - 开始保存聊天消息数据
18:03:15 INFO  - 聊天消息数据保存完成，共处理条 0 数据。耗时：0时0分0秒9毫秒
18:04:15 INFO  - 开始保存聊天消息数据
18:04:15 INFO  - 聊天消息数据保存完成，共处理条 0 数据。耗时：0时0分0秒5毫秒
18:05:15 INFO  - 开始保存聊天消息数据
18:05:15 INFO  - 聊天消息数据保存完成，共处理条 0 数据。耗时：0时0分0秒11毫秒
18:06:15 INFO  - 开始保存聊天消息数据
18:06:15 INFO  - 聊天消息数据保存完成，共处理条 0 数据。耗时：0时0分0秒52毫秒
18:07:15 INFO  - 开始保存聊天消息数据
18:07:15 INFO  - 聊天消息数据保存完成，共处理条 0 数据。耗时：0时0分0秒7毫秒
18:07:30 INFO  - Executed action GD.API.Controllers.System.UserController.GetLoginUserInfoAsync (API) in 285ms
18:07:30 INFO  - Executed action GD.API.Controllers.System.UserController.GetLoginUserInfoAsync (API) in 196ms
18:07:31 INFO  - Executed action GD.API.Controllers.Doctor.DoctorController.GetDoctorJobTitlesAsync (API) in 82ms
18:07:31 INFO  - Executed action GD.API.Controllers.Doctor.HospitalController.GetHospitalAllSelectAsync (API) in 127ms
18:07:31 INFO  - Executed action GD.API.Controllers.Doctor.DoctorController.GetDoctorPageAsync (API) in 148ms
18:07:31 INFO  - Executed action GD.API.Controllers.Doctor.DoctorController.GetDoctorPageAsync (API) in 67ms
18:07:46 INFO  - Executed action GD.API.Controllers.Doctor.DoctorController.GetDoctorPageAsync (API) in 60ms
18:07:54 INFO  - Executed action GD.API.Controllers.Doctor.DoctorController.GetDoctorPageAsync (API) in 89ms
18:08:15 INFO  - 开始保存聊天消息数据
18:08:15 INFO  - 聊天消息数据保存完成，共处理条 0 数据。耗时：0时0分0秒11毫秒
18:08:16 INFO  - Executed action GD.API.Controllers.Doctor.DoctorController.GetDoctorPageAsync (API) in 67ms
18:08:17 INFO  - Executed action GD.API.Controllers.Doctor.DoctorController.GetDoctorPageAsync (API) in 60ms
18:08:25 INFO  - Executed action GD.API.Controllers.System.UserController.GetLoginUserInfoAsync (API) in 172ms
18:08:25 INFO  - Executed action GD.API.Controllers.Doctor.DoctorController.GetDoctorPageAsync (API) in 72ms
18:09:05 INFO  - Executed action GD.API.Controllers.System.UserController.GetLoginUserInfoAsync (API) in 175ms
18:09:05 INFO  - Executed action GD.API.Controllers.System.UserController.GetLoginUserInfoAsync (API) in 182ms
18:09:05 INFO  - Executed action GD.API.Controllers.Doctor.DoctorController.GetDoctorPageAsync (API) in 90ms
18:09:05 INFO  - Executed action GD.API.Controllers.Doctor.HospitalController.GetHospitalAllSelectAsync (API) in 22ms
18:09:05 INFO  - Executed action GD.API.Controllers.Doctor.DoctorController.GetDoctorJobTitlesAsync (API) in 53ms
18:09:05 INFO  - Executed action GD.API.Controllers.Doctor.DoctorController.GetDoctorPageAsync (API) in 84ms
18:09:15 INFO  - 开始保存聊天消息数据
18:09:15 INFO  - 聊天消息数据保存完成，共处理条 0 数据。耗时：0时0分0秒5毫秒
18:09:19 INFO  - Executed action GD.API.Controllers.System.UserController.GetLoginUserInfoAsync (API) in 173ms
18:09:20 INFO  - Executed action GD.API.Controllers.Doctor.DoctorController.GetDoctorPageAsync (API) in 80ms
18:09:20 INFO  - Executed action GD.API.Controllers.System.UserController.GetLoginUserInfoAsync (API) in 181ms
18:09:20 INFO  - Executed action GD.API.Controllers.Doctor.HospitalController.GetHospitalAllSelectAsync (API) in 41ms
18:09:20 INFO  - Executed action GD.API.Controllers.Doctor.DoctorController.GetDoctorPageAsync (API) in 72ms
18:09:20 INFO  - Executed action GD.API.Controllers.Doctor.DoctorController.GetDoctorJobTitlesAsync (API) in 58ms
18:09:27 INFO  - Executed action GD.API.Controllers.System.UserController.GetLoginUserInfoAsync (API) in 172ms
18:09:27 INFO  - Executed action GD.API.Controllers.Doctor.DoctorController.GetDoctorPageAsync (API) in 79ms
18:09:35 INFO  - Executed action GD.API.Controllers.System.UserController.GetLoginUserInfoAsync (API) in 165ms
18:09:35 INFO  - Executed action GD.API.Controllers.Doctor.DoctorController.GetDoctorPageAsync (API) in 78ms
18:10:15 INFO  - 开始保存聊天消息数据
18:10:15 INFO  - 聊天消息数据保存完成，共处理条 0 数据。耗时：0时0分0秒9毫秒
18:11:15 INFO  - 开始保存聊天消息数据
18:11:15 INFO  - 聊天消息数据保存完成，共处理条 0 数据。耗时：0时0分0秒13毫秒
18:11:43 INFO  - Executed action GD.API.Controllers.System.UserController.GetLoginUserInfoAsync (API) in 173ms
18:12:01 INFO  - Executed action GD.API.Controllers.System.UserController.GetLoginUserInfoAsync (API) in 181ms
18:12:02 INFO  - Executed action GD.API.Controllers.System.UserController.GetLoginUserInfoAsync (API) in 231ms
18:12:02 INFO  - Executed action GD.API.Controllers.System.HomeController.GetUserQtyAsync (API) in 20ms
18:12:02 INFO  - Executed action GD.API.Controllers.System.HomeController.GetDoctorsQtyAsync (API) in 56ms
18:12:02 INFO  - Executed action GD.API.Controllers.Doctor.DoctorController.GetDoctorJobTitlesAsync (API) in 67ms
18:12:02 INFO  - Executed action GD.API.Controllers.System.HomeController.GetMerchantQtyAsync (API) in 33ms
18:12:02 INFO  - Executed action GD.API.Controllers.Doctor.DoctorController.GetDoctorPageAsync (API) in 70ms
18:12:02 INFO  - Executed action GD.API.Controllers.System.HomeController.GetOrderQtyAsync (API) in 39ms
18:12:02 INFO  - Executed action GD.API.Controllers.Doctor.HospitalController.GetHospitalAllSelectAsync (API) in 34ms
18:12:06 INFO  - Executed action GD.API.Controllers.Doctor.HospitalController.GetHospitalAllSelectAsync (API) in 38ms
18:12:06 INFO  - Executed action GD.API.Controllers.Doctor.DoctorController.GetDoctorPageAsync (API) in 77ms
18:12:06 INFO  - Executed action GD.API.Controllers.Doctor.DoctorController.GetDoctorJobTitlesAsync (API) in 69ms
18:12:07 INFO  - Executed action GD.API.Controllers.System.UserController.GetLoginUserInfoAsync (API) in 199ms
18:12:07 INFO  - Executed action GD.API.Controllers.Doctor.DoctorController.GetDoctorPageAsync (API) in 79ms
18:12:15 INFO  - 开始保存聊天消息数据
18:12:15 INFO  - 聊天消息数据保存完成，共处理条 0 数据。耗时：0时0分0秒6毫秒
18:13:14 INFO  - Executed action GD.API.Controllers.System.UserController.GetLoginUserInfoAsync (API) in 192ms
18:13:15 INFO  - 开始保存聊天消息数据
18:13:15 INFO  - 聊天消息数据保存完成，共处理条 0 数据。耗时：0时0分0秒19毫秒
18:13:51 INFO  - Executed action GD.API.Controllers.Doctor.DoctorController.GetDoctorPageAsync (API) in 126ms
18:13:52 INFO  - Executed action GD.API.Controllers.System.UserController.GetLoginUserInfoAsync (API) in 182ms
18:13:52 INFO  - Executed action GD.API.Controllers.Doctor.DoctorController.GetDoctorPageAsync (API) in 72ms
18:14:15 INFO  - 开始保存聊天消息数据
18:14:15 INFO  - 聊天消息数据保存完成，共处理条 0 数据。耗时：0时0分0秒10毫秒
18:14:17 INFO  - Executed action GD.API.Controllers.System.UserController.GetLoginUserInfoAsync (API) in 217ms
18:14:17 INFO  - Executed action GD.API.Controllers.System.UserController.GetLoginUserInfoAsync (API) in 169ms
18:14:17 INFO  - Executed action GD.API.Controllers.System.UserController.GetLoginUserInfoAsync (API) in 193ms
18:14:19 INFO  - Executed action GD.API.Controllers.Doctor.HospitalController.GetHospitalAllSelectAsync (API) in 253ms
18:14:19 INFO  - Executed action GD.API.Controllers.Doctor.DoctorController.GetDoctorJobTitlesAsync (API) in 326ms
18:14:19 INFO  - Executed action GD.API.Controllers.Doctor.DoctorController.GetDoctorPageAsync (API) in 418ms
18:14:20 INFO  - Executed action GD.API.Controllers.Doctor.HospitalController.GetHospitalAllSelectAsync (API) in 26ms
18:14:20 INFO  - Executed action GD.API.Controllers.Doctor.DoctorController.GetDoctorPageAsync (API) in 160ms
18:14:20 INFO  - Executed action GD.API.Controllers.Doctor.DoctorController.GetDoctorJobTitlesAsync (API) in 177ms
18:14:23 INFO  - Executed action GD.API.Controllers.System.UserController.GetLoginUserInfoAsync (API) in 163ms
18:14:23 INFO  - Executed action GD.API.Controllers.System.UserController.GetLoginUserInfoAsync (API) in 189ms
18:14:23 INFO  - Executed action GD.API.Controllers.System.UserController.GetLoginUserInfoAsync (API) in 188ms
18:14:24 INFO  - Executed action GD.API.Controllers.Doctor.DoctorController.GetDoctorJobTitlesAsync (API) in 55ms
18:14:24 INFO  - Executed action GD.API.Controllers.Doctor.HospitalController.GetHospitalAllSelectAsync (API) in 60ms
18:14:24 INFO  - Executed action GD.API.Controllers.Doctor.DoctorController.GetDoctorPageAsync (API) in 58ms
18:14:24 INFO  - Executed action GD.API.Controllers.Doctor.HospitalController.GetHospitalAllSelectAsync (API) in 40ms
18:14:24 INFO  - Executed action GD.API.Controllers.Doctor.DoctorController.GetDoctorJobTitlesAsync (API) in 65ms
18:14:24 INFO  - Executed action GD.API.Controllers.Doctor.DoctorController.GetDoctorPageAsync (API) in 70ms
18:14:24 INFO  - Executed action GD.API.Controllers.System.HomeController.GetOrderQtyAsync (API) in 30ms
18:14:24 INFO  - Executed action GD.API.Controllers.System.HomeController.GetDoctorsQtyAsync (API) in 42ms
18:14:25 INFO  - Executed action GD.API.Controllers.System.HomeController.GetUserQtyAsync (API) in 49ms
18:14:25 INFO  - Executed action GD.API.Controllers.System.HomeController.GetMerchantQtyAsync (API) in 83ms
18:14:26 INFO  - Executed action GD.API.Controllers.System.UserController.GetLoginUserInfoAsync (API) in 175ms
18:14:26 INFO  - Executed action GD.API.Controllers.Doctor.DoctorController.GetDoctorPageAsync (API) in 57ms
18:15:15 INFO  - 开始保存聊天消息数据
18:15:15 INFO  - 聊天消息数据保存完成，共处理条 0 数据。耗时：0时0分0秒9毫秒
18:16:11 INFO  - Executed action GD.API.Controllers.System.UserController.GetLoginUserInfoAsync (API) in 183ms
18:16:11 INFO  - Executed action GD.API.Controllers.System.UserController.GetLoginUserInfoAsync (API) in 182ms
18:16:12 INFO  - Executed action GD.API.Controllers.System.UserController.GetLoginUserInfoAsync (API) in 185ms
18:16:12 INFO  - Executed action GD.API.Controllers.Doctor.DoctorController.GetDoctorJobTitlesAsync (API) in 87ms
18:16:12 INFO  - Executed action GD.API.Controllers.Doctor.HospitalController.GetHospitalAllSelectAsync (API) in 107ms
18:16:13 INFO  - Executed action GD.API.Controllers.Doctor.DoctorController.GetDoctorPageAsync (API) in 168ms
18:16:13 INFO  - Executed action GD.API.Controllers.Doctor.HospitalController.GetHospitalAllSelectAsync (API) in 47ms
18:16:13 INFO  - Executed action GD.API.Controllers.Doctor.DoctorController.GetDoctorJobTitlesAsync (API) in 83ms
18:16:13 INFO  - Executed action GD.API.Controllers.Doctor.DoctorController.GetDoctorPageAsync (API) in 90ms
18:16:13 INFO  - Executed action GD.API.Controllers.Doctor.DoctorController.GetDoctorPageAsync (API) in 94ms
18:16:15 INFO  - 开始保存聊天消息数据
18:16:15 INFO  - 聊天消息数据保存完成，共处理条 0 数据。耗时：0时0分0秒5毫秒
18:17:15 INFO  - 开始保存聊天消息数据
18:17:15 INFO  - 聊天消息数据保存完成，共处理条 0 数据。耗时：0时0分0秒9毫秒
18:17:22 INFO  - Executed action GD.API.Controllers.Doctor.DoctorController.GetDoctorPageAsync (API) in 84ms
18:17:23 INFO  - Executed action GD.API.Controllers.System.UserController.GetLoginUserInfoAsync (API) in 182ms
18:17:23 INFO  - Executed action GD.API.Controllers.System.UserController.GetLoginUserInfoAsync (API) in 177ms
18:17:24 INFO  - Executed action GD.API.Controllers.System.UserController.GetLoginUserInfoAsync (API) in 192ms
18:17:24 INFO  - Executed action GD.API.Controllers.Doctor.DoctorController.GetDoctorPageAsync (API) in 78ms
18:17:24 INFO  - Executed action GD.API.Controllers.Doctor.HospitalController.GetHospitalAllSelectAsync (API) in 42ms
18:17:24 INFO  - Executed action GD.API.Controllers.Doctor.DoctorController.GetDoctorPageAsync (API) in 115ms
18:17:24 INFO  - Executed action GD.API.Controllers.Doctor.DoctorController.GetDoctorJobTitlesAsync (API) in 60ms
18:17:24 INFO  - Executed action GD.API.Controllers.Doctor.HospitalController.GetHospitalAllSelectAsync (API) in 33ms
18:17:25 INFO  - Executed action GD.API.Controllers.Doctor.DoctorController.GetDoctorJobTitlesAsync (API) in 49ms
18:17:25 INFO  - Executed action GD.API.Controllers.Doctor.DoctorController.GetDoctorPageAsync (API) in 73ms
18:18:15 INFO  - 开始保存聊天消息数据
18:18:15 INFO  - 聊天消息数据保存完成，共处理条 0 数据。耗时：0时0分0秒9毫秒
18:19:15 INFO  - 开始保存聊天消息数据
18:19:15 INFO  - 聊天消息数据保存完成，共处理条 0 数据。耗时：0时0分0秒9毫秒
18:20:15 INFO  - 开始保存聊天消息数据
18:20:15 INFO  - 聊天消息数据保存完成，共处理条 0 数据。耗时：0时0分0秒8毫秒
18:20:35 INFO  - Executed action GD.API.Controllers.Doctor.DoctorController.GetDoctorPageAsync (API) in 63ms
18:21:06 INFO  - Executed action GD.API.Controllers.Doctor.DoctorController.GetDoctorPageAsync (API) in 82ms
18:21:10 INFO  - Executed action GD.API.Controllers.System.UserController.GetLoginUserInfoAsync (API) in 208ms
18:21:10 INFO  - Executed action GD.API.Controllers.Doctor.DoctorController.GetDoctorPageAsync (API) in 87ms
18:21:13 INFO  - Executed action GD.API.Controllers.Doctor.DoctorController.GetDoctorPageAsync (API) in 71ms
18:21:15 INFO  - 开始保存聊天消息数据
18:21:15 INFO  - 聊天消息数据保存完成，共处理条 0 数据。耗时：0时0分0秒5毫秒
18:21:16 INFO  - Executed action GD.API.Controllers.Doctor.DoctorController.GetDoctorPageAsync (API) in 60ms
18:21:17 INFO  - Executed action GD.API.Controllers.Doctor.DoctorController.GetDoctorPageAsync (API) in 86ms
18:21:18 INFO  - Executed action GD.API.Controllers.Doctor.DoctorController.GetDoctorPageAsync (API) in 72ms
18:21:20 INFO  - Executed action GD.API.Controllers.Doctor.DoctorController.GetDoctorPageAsync (API) in 62ms
18:21:21 INFO  - Executed action GD.API.Controllers.Doctor.DoctorController.GetDoctorPageAsync (API) in 78ms
18:22:15 INFO  - 开始保存聊天消息数据
18:22:15 INFO  - 聊天消息数据保存完成，共处理条 0 数据。耗时：0时0分0秒17毫秒
18:23:15 INFO  - 开始保存聊天消息数据
18:23:15 INFO  - 聊天消息数据保存完成，共处理条 0 数据。耗时：0时0分0秒9毫秒
18:23:56 INFO  - Bad request GD.API.Controllers.Doctor.DoctorController.GetDoctorPageAsync (API) with The field 当前页码 must be between 1 and 2147483647.
18:23:57 INFO  - Executed action GD.API.Controllers.Doctor.DoctorController.GetDoctorPageAsync (API) in 78ms
18:24:15 INFO  - 开始保存聊天消息数据
18:24:15 INFO  - 聊天消息数据保存完成，共处理条 0 数据。耗时：0时0分0秒30毫秒
18:25:09 INFO  - Executed action GD.API.Controllers.System.UserController.GetLoginUserInfoAsync (API) in 184ms
18:25:10 INFO  - Executed action GD.API.Controllers.Doctor.DoctorController.GetDoctorPageAsync (API) in 85ms
18:25:15 INFO  - 开始保存聊天消息数据
18:25:15 INFO  - 聊天消息数据保存完成，共处理条 0 数据。耗时：0时0分0秒8毫秒
18:25:22 INFO  - Executed action GD.API.Controllers.System.UserController.GetLoginUserInfoAsync (API) in 168ms
18:25:22 INFO  - Executed action GD.API.Controllers.Doctor.DoctorController.GetDoctorPageAsync (API) in 72ms
18:25:26 INFO  - Executed action GD.API.Controllers.Doctor.DoctorController.GetDoctorPageAsync (API) in 78ms
18:25:28 INFO  - Executed action GD.API.Controllers.Doctor.DoctorController.GetDoctorPageAsync (API) in 78ms
18:25:29 INFO  - Executed action GD.API.Controllers.Doctor.DoctorController.GetDoctorPageAsync (API) in 82ms
18:25:30 INFO  - Executed action GD.API.Controllers.Doctor.DoctorController.GetDoctorPageAsync (API) in 73ms
18:26:15 INFO  - 开始保存聊天消息数据
18:26:15 INFO  - 聊天消息数据保存完成，共处理条 0 数据。耗时：0时0分0秒9毫秒
18:27:03 INFO  - Executed action GD.API.Controllers.Doctor.DoctorController.GetDoctorPageAsync (API) in 80ms
18:27:15 INFO  - 开始保存聊天消息数据
18:27:15 INFO  - 聊天消息数据保存完成，共处理条 0 数据。耗时：0时0分0秒5毫秒
18:28:15 INFO  - 开始保存聊天消息数据
18:28:15 INFO  - 聊天消息数据保存完成，共处理条 0 数据。耗时：0时0分0秒17毫秒
18:29:09 INFO  - Executed action GD.API.Controllers.Doctor.DoctorController.GetDoctorPageAsync (API) in 135ms
18:29:15 INFO  - 开始保存聊天消息数据
18:29:15 INFO  - 聊天消息数据保存完成，共处理条 0 数据。耗时：0时0分0秒9毫秒
18:29:32 INFO  - Executed action GD.API.Controllers.Doctor.DoctorController.GetDoctorPageAsync (API) in 83ms
18:29:34 INFO  - Executed action GD.API.Controllers.System.UserController.GetLoginUserInfoAsync (API) in 170ms
18:29:34 INFO  - Executed action GD.API.Controllers.Doctor.DoctorController.GetDoctorPageAsync (API) in 89ms
18:30:15 INFO  - 开始保存聊天消息数据
18:30:15 INFO  - 聊天消息数据保存完成，共处理条 0 数据。耗时：0时0分0秒9毫秒
18:30:36 INFO  - Executed action GD.API.Controllers.System.UserController.GetLoginUserInfoAsync (API) in 171ms
18:30:37 INFO  - Executed action GD.API.Controllers.System.UserController.GetLoginUserInfoAsync (API) in 142ms
18:30:37 INFO  - Executed action GD.API.Controllers.System.UserController.GetLoginUserInfoAsync (API) in 203ms
18:30:38 INFO  - Executed action GD.API.Controllers.Doctor.DoctorController.GetDoctorPageAsync (API) in 75ms
18:30:38 INFO  - Executed action GD.API.Controllers.Doctor.HospitalController.GetHospitalAllSelectAsync (API) in 83ms
18:30:38 INFO  - Executed action GD.API.Controllers.Doctor.DoctorController.GetDoctorJobTitlesAsync (API) in 80ms
18:30:38 INFO  - Executed action GD.API.Controllers.Doctor.DoctorController.GetDoctorPageAsync (API) in 61ms
18:30:39 INFO  - Executed action GD.API.Controllers.Doctor.HospitalController.GetHospitalAllSelectAsync (API) in 26ms
18:30:39 INFO  - Executed action GD.API.Controllers.Doctor.DoctorController.GetDoctorPageAsync (API) in 95ms
18:30:39 INFO  - Executed action GD.API.Controllers.Doctor.DoctorController.GetDoctorJobTitlesAsync (API) in 129ms
18:31:01 INFO  - Executed action GD.API.Controllers.System.UserController.GetLoginUserInfoAsync (API) in 165ms
18:31:01 INFO  - Executed action GD.API.Controllers.Doctor.DoctorController.GetDoctorPageAsync (API) in 97ms
18:31:15 INFO  - 开始保存聊天消息数据
18:31:15 INFO  - 聊天消息数据保存完成，共处理条 0 数据。耗时：0时0分0秒5毫秒
18:31:31 INFO  - Executed action GD.API.Controllers.Doctor.DoctorController.GetDoctorPageAsync (API) in 74ms
18:32:15 INFO  - 开始保存聊天消息数据
18:32:15 INFO  - 聊天消息数据保存完成，共处理条 0 数据。耗时：0时0分0秒9毫秒
18:33:15 INFO  - 开始保存聊天消息数据
18:33:15 INFO  - 聊天消息数据保存完成，共处理条 0 数据。耗时：0时0分0秒32毫秒
18:33:16 INFO  - Executed action GD.API.Controllers.System.UserController.GetLoginUserInfoAsync (API) in 196ms
18:33:17 INFO  - Executed action GD.API.Controllers.Doctor.DoctorController.GetDoctorPageAsync (API) in 86ms
18:33:56 INFO  - Executed action GD.API.Controllers.System.UserController.GetLoginUserInfoAsync (API) in 174ms
18:33:56 INFO  - Executed action GD.API.Controllers.System.UserController.GetLoginUserInfoAsync (API) in 172ms
18:33:57 INFO  - Executed action GD.API.Controllers.System.UserController.GetLoginUserInfoAsync (API) in 189ms
18:33:58 INFO  - Executed action GD.API.Controllers.Doctor.DoctorController.GetDoctorPageAsync (API) in 68ms
18:33:59 INFO  - Executed action GD.API.Controllers.Doctor.DoctorController.GetDoctorPageAsync (API) in 108ms
18:34:00 INFO  - Executed action GD.API.Controllers.Doctor.HospitalController.GetHospitalAllSelectAsync (API) in 291ms
18:34:00 INFO  - Executed action GD.API.Controllers.Doctor.DoctorController.GetDoctorPageAsync (API) in 448ms
18:34:00 INFO  - Executed action GD.API.Controllers.Doctor.DoctorController.GetDoctorJobTitlesAsync (API) in 420ms
18:34:00 INFO  - Executed action GD.API.Controllers.Doctor.DoctorController.GetDoctorJobTitlesAsync (API) in 66ms
18:34:00 INFO  - Executed action GD.API.Controllers.Doctor.DoctorController.GetDoctorPageAsync (API) in 219ms
18:34:00 INFO  - Executed action GD.API.Controllers.Doctor.HospitalController.GetHospitalAllSelectAsync (API) in 182ms
18:34:00 INFO  - Executed action GD.API.Controllers.Doctor.DoctorController.GetDoctorPageAsync (API) in 189ms
18:34:12 INFO  - Executed action GD.API.Controllers.Doctor.DoctorController.GetDoctorPageAsync (API) in 226ms
18:34:14 INFO  - Executed action GD.API.Controllers.Doctor.DoctorController.GetDoctorPageAsync (API) in 70ms
18:34:15 INFO  - 开始保存聊天消息数据
18:34:15 INFO  - 聊天消息数据保存完成，共处理条 0 数据。耗时：0时0分0秒5毫秒
18:34:15 INFO  - Executed action GD.API.Controllers.Doctor.DoctorController.GetDoctorPageAsync (API) in 78ms
18:34:29 INFO  - Executed action GD.API.Controllers.System.UserController.GetLoginUserInfoAsync (API) in 169ms
18:34:30 INFO  - Executed action GD.API.Controllers.System.UserController.GetLoginUserInfoAsync (API) in 169ms
18:34:31 INFO  - Executed action GD.API.Controllers.Doctor.DoctorController.GetDoctorJobTitlesAsync (API) in 50ms
18:34:31 INFO  - Executed action GD.API.Controllers.Doctor.HospitalController.GetHospitalAllSelectAsync (API) in 36ms
18:34:31 INFO  - Executed action GD.API.Controllers.Doctor.DoctorController.GetDoctorPageAsync (API) in 76ms
18:34:31 INFO  - Executed action GD.API.Controllers.Doctor.DoctorController.GetDoctorPageAsync (API) in 68ms
18:34:32 INFO  - Executed action GD.API.Controllers.System.UserController.GetLoginUserInfoAsync (API) in 165ms
18:34:33 INFO  - Executed action GD.API.Controllers.Doctor.HospitalController.GetHospitalAllSelectAsync (API) in 83ms
18:34:33 INFO  - Executed action GD.API.Controllers.Doctor.DoctorController.GetDoctorJobTitlesAsync (API) in 109ms
18:34:33 INFO  - Executed action GD.API.Controllers.Doctor.DoctorController.GetDoctorPageAsync (API) in 65ms
18:35:15 INFO  - 开始保存聊天消息数据
18:35:15 INFO  - 聊天消息数据保存完成，共处理条 0 数据。耗时：0时0分0秒10毫秒
18:36:15 INFO  - 开始保存聊天消息数据
18:36:15 INFO  - 聊天消息数据保存完成，共处理条 0 数据。耗时：0时0分0秒15毫秒
18:37:05 INFO  - Executed action GD.API.Controllers.Doctor.DoctorController.GetDoctorPageAsync (API) in 80ms
18:37:15 INFO  - 开始保存聊天消息数据
18:37:15 INFO  - 聊天消息数据保存完成，共处理条 0 数据。耗时：0时0分0秒6毫秒
18:38:15 INFO  - 开始保存聊天消息数据
18:38:15 INFO  - 聊天消息数据保存完成，共处理条 0 数据。耗时：0时0分0秒9毫秒
18:39:15 INFO  - 开始保存聊天消息数据
18:39:15 INFO  - 聊天消息数据保存完成，共处理条 0 数据。耗时：0时0分0秒6毫秒
18:40:15 INFO  - 开始保存聊天消息数据
18:40:15 INFO  - 聊天消息数据保存完成，共处理条 0 数据。耗时：0时0分0秒8毫秒
18:41:15 INFO  - 开始保存聊天消息数据
18:41:15 INFO  - 聊天消息数据保存完成，共处理条 0 数据。耗时：0时0分0秒8毫秒
18:42:15 INFO  - 开始保存聊天消息数据
18:42:15 INFO  - 聊天消息数据保存完成，共处理条 0 数据。耗时：0时0分0秒9毫秒
18:43:15 INFO  - 开始保存聊天消息数据
18:43:15 INFO  - 聊天消息数据保存完成，共处理条 0 数据。耗时：0时0分0秒10毫秒
18:44:15 INFO  - 开始保存聊天消息数据
18:44:15 INFO  - 聊天消息数据保存完成，共处理条 0 数据。耗时：0时0分0秒10毫秒
18:44:18 INFO  - Executed action GD.API.Controllers.Doctor.DoctorController.GetDoctorPageAsync (API) in 121ms
