11:03:04 INFO  - Executed action GD.API.Controllers.Utility.AccountController.LoginAdmin (API) in 688ms
11:03:05 INFO  - Executed action GD.API.Controllers.System.UserController.GetLoginUserInfoAsync (API) in 654ms
11:03:05 INFO  - Executed action GD.API.Controllers.Faqs.FaqsController.SearchFaqsQuestionAsync (API) in 142ms
11:03:15 INFO  - Executed action GD.API.Controllers.System.BannerController.GetBannerType1 (API) in 2907ms
11:03:16 INFO  - Executed action GD.API.Controllers.System.BannerController.GetBannerPageAsync (API) in 131ms
11:03:18 INFO  - Executed action GD.API.Controllers.Faqs.FaqsController.SearchFaqsQuestionAsync (API) in 81ms
11:03:39 INFO  - Executed action GD.API.Controllers.System.UserController.GetLoginUserInfoAsync (API) in 192ms
11:03:40 INFO  - Executed action GD.API.Controllers.Faqs.FaqsController.SearchFaqsQuestionAsync (API) in 110ms
11:04:49 INFO  - Executed action GD.API.Controllers.Faqs.FaqsController.SearchFaqsQuestionAsync (API) in 99ms
11:04:49 INFO  - Executed action GD.API.Controllers.System.DictionaryController.GetFaqsSettingTypeAsync (API) in 159ms
11:04:49 INFO  - Executed action GD.API.Controllers.Faqs.FaqsController.SearchFaqsQuestionAsync (API) in 194ms
11:05:00 INFO  - Executed action GD.API.Controllers.System.UserController.GetLoginUserInfoAsync (API) in 194ms
11:05:01 INFO  - Executed action GD.API.Controllers.System.DictionaryController.GetFaqsSettingTypeAsync (API) in 71ms
11:05:01 INFO  - Executed action GD.API.Controllers.Faqs.FaqsController.SearchFaqsQuestionAsync (API) in 91ms
11:05:17 INFO  - Executed action GD.API.Controllers.System.UserController.GetLoginUserInfoAsync (API) in 191ms
11:05:17 INFO  - Executed action GD.API.Controllers.System.DictionaryController.GetFaqsSettingTypeAsync (API) in 96ms
11:05:17 INFO  - Executed action GD.API.Controllers.Faqs.FaqsController.SearchFaqsQuestionAsync (API) in 99ms
11:05:25 INFO  - Executed action GD.API.Controllers.Faqs.FaqsController.SearchFaqsQuestionAsync (API) in 98ms
11:05:31 INFO  - Executed action GD.API.Controllers.System.HomeController.GetOrderQtyAsync (API) in 83ms
11:05:31 INFO  - Executed action GD.API.Controllers.System.HomeController.GetMerchantQtyAsync (API) in 137ms
11:05:31 INFO  - Executed action GD.API.Controllers.System.HomeController.GetDoctorsQtyAsync (API) in 67ms
11:05:31 INFO  - Executed action GD.API.Controllers.System.HomeController.GetUserQtyAsync (API) in 74ms
11:05:33 INFO  - Executed action GD.API.Controllers.Doctor.HospitalController.GetHospitalAllSelectAsync (API) in 52ms
11:05:33 INFO  - Executed action GD.API.Controllers.Doctor.DoctorController.GetDoctorCertificateDetailAsync (API) in 95ms
11:05:33 INFO  - Executed action GD.API.Controllers.Doctor.DoctorController.GetDoctorJobTitlesAsync (API) in 91ms
11:05:34 INFO  - Executed action GD.API.Controllers.Doctor.DoctorController.GetDoctorPageAsync (API) in 147ms
11:05:35 INFO  - Executed action GD.API.Controllers.Merchant.MerchantController.GetBusinessScopeListAsync (API) in 67ms
11:05:35 INFO  - Executed action GD.API.Controllers.System.DictionaryController.GetMerchantDictionaryAsync (API) in 70ms
11:05:35 INFO  - Executed action GD.API.Controllers.Merchant.MerchantController.GetHospitalSelectAsync (API) in 52ms
11:05:35 INFO  - Executed action GD.API.Controllers.Merchant.MerchantController.GetMerchantPageAsync (API) in 149ms
11:05:37 INFO  - Executed action GD.API.Controllers.Doctor.DoctorController.GetDoctorIntegralPageAsync (API) in 159ms
11:05:38 INFO  - Executed action GD.API.Controllers.Doctor.DoctorController.GetDoctorCertificateDetailAsync (API) in 25ms
11:05:38 INFO  - Executed action GD.API.Controllers.Doctor.DoctorController.GetDoctorJobTitlesAsync (API) in 74ms
11:05:38 INFO  - Executed action GD.API.Controllers.Doctor.DoctorController.GetDoctorPageAsync (API) in 154ms
11:05:45 INFO  - Executed action GD.API.Controllers.Merchant.MerchantController.GetBusinessScopeListAsync (API) in 26ms
11:05:45 INFO  - Executed action GD.API.Controllers.System.DictionaryController.GetMerchantDictionaryAsync (API) in 55ms
11:05:45 INFO  - Executed action GD.API.Controllers.Merchant.MerchantController.GetMerchantPageAsync (API) in 119ms
11:05:47 INFO  - Executed action GD.API.Controllers.Mall.MemberController.GetMemberPageAsync (API) in 94ms
11:05:49 INFO  - Executed action GD.API.Controllers.Doctor.DoctorController.GetReviewDoctorPageAsync (API) in 76ms
11:05:51 INFO  - Executed action GD.API.Controllers.Merchant.MerchantController.GetReviewMerchantPageAsync (API) in 81ms
11:05:54 INFO  - Executed action GD.API.Controllers.Utility.ArticleController.GetArticleTypeAsync (API) in 30ms
11:05:54 INFO  - Executed action GD.API.Controllers.Utility.ArticleController.GetArticleListAsync (API) in 140ms
11:05:55 INFO  - Executed action GD.API.Controllers.Manager.RecommendController.GetRecommendPageAsync (API) in 69ms
11:05:56 INFO  - Executed action GD.API.Controllers.System.HeadlineController.GetHeadlinePageAsync (API) in 71ms
11:05:59 INFO  - Executed action GD.API.Controllers.Doctor.HospitalController.GetHospitalLevel (API) in 12ms
11:05:59 INFO  - Executed action GD.API.Controllers.Doctor.HospitalController.GetHospitalPageAsync (API) in 90ms
11:06:00 INFO  - Executed action GD.API.Controllers.Doctor.HospitalController.GetFirstOfficeListAsync (API) in 69ms
11:06:00 INFO  - Executed action GD.API.Controllers.Doctor.HospitalController.GetOfficeListAsync (API) in 88ms
11:06:03 INFO  - Executed action GD.API.Controllers.Report.CommonReportController.GetConditionListByIDAsync (API) in 33ms
11:06:03 INFO  - Executed action GD.API.Controllers.Report.CommonReportController.GetConditionListByIDAsync (API) in 34ms
11:06:05 INFO  - Executed action GD.API.Controllers.Utility.ArticleController.GetArticleTypeAsync (API) in 29ms
11:06:07 INFO  - Executed action GD.API.Controllers.Utility.ArticleController.GetArticleListAsync (API) in 115ms
11:06:10 INFO  - Executed action GD.API.Controllers.System.BannerController.GetBannerType1 (API) in 54ms
11:06:10 INFO  - Executed action GD.API.Controllers.System.BannerController.GetBannerPageAsync (API) in 108ms
11:06:13 INFO  - Executed action GD.API.Controllers.System.DictionaryController.GetDictionaryTreeTypeAsync (API) in 53ms
11:06:13 INFO  - Executed action GD.API.Controllers.System.DictionaryController.GetDictionaryMatedata (API) in 58ms
11:06:13 INFO  - Executed action GD.API.Controllers.System.DictionaryController.GetDictionaryTreeAsync (API) in 50ms
11:06:15 INFO  - Executed action GD.API.Controllers.System.DictionaryController.GetBusinessScopePageAsync (API) in 39ms
11:06:15 INFO  - Executed action GD.API.Controllers.System.DictionaryController.GetBusinessScopeTypeAsync (API) in 47ms
11:06:18 INFO  - Executed action GD.API.Controllers.System.DictionaryController.GetFaqsSettingTypeAsync (API) in 40ms
11:06:18 INFO  - Executed action GD.API.Controllers.Faqs.FaqsController.SearchFaqsQuestionAsync (API) in 105ms
11:10:32 INFO  - Executed action GD.API.Controllers.Faqs.FaqsController.SearchFaqsQuestionAsync (API) in 897ms
11:15:35 INFO  - Executed action GD.API.Controllers.System.UserController.GetLoginUserInfoAsync (API) in 444ms
11:15:36 INFO  - Executed action GD.API.Controllers.Faqs.FaqsController.SearchFaqsQuestionAsync (API) in 97ms
11:15:40 INFO  - Executed action GD.API.Controllers.System.DictionaryController.GetFaqsSettingTypeAsync (API) in 3811ms
11:16:18 INFO  - Executed action GD.API.Controllers.Faqs.FaqsController.SearchFaqsQuestionAsync (API) in 111ms
11:17:41 INFO  - Executed action GD.API.Controllers.System.DictionaryController.GetFaqsSettingTypeAsync (API) in 34ms
11:17:42 INFO  - Executed action GD.API.Controllers.Faqs.FaqsController.SearchFaqsQuestionAsync (API) in 113ms
11:17:56 INFO  - Executed action GD.API.Controllers.System.UserController.GetLoginUserInfoAsync (API) in 137ms
11:17:57 INFO  - Executed action GD.API.Controllers.System.DictionaryController.GetFaqsSettingTypeAsync (API) in 29ms
11:17:57 INFO  - Executed action GD.API.Controllers.Faqs.FaqsController.SearchFaqsQuestionAsync (API) in 99ms
11:18:07 INFO  - Executed action GD.API.Controllers.System.UserController.GetLoginUserInfoAsync (API) in 252ms
11:18:08 INFO  - Executed action GD.API.Controllers.System.DictionaryController.GetFaqsSettingTypeAsync (API) in 29ms
11:18:08 INFO  - Executed action GD.API.Controllers.Faqs.FaqsController.SearchFaqsQuestionAsync (API) in 113ms
11:47:27 INFO  - Executed action GD.API.Controllers.System.UserController.GetLoginUserInfoAsync (API) in 161ms
11:47:27 INFO  - Executed action GD.API.Controllers.Faqs.FaqsController.SearchFaqsQuestionAsync (API) in 79ms
11:47:27 INFO  - Executed action GD.API.Controllers.System.DictionaryController.GetFaqsSettingTypeAsync (API) in 96ms
11:47:36 INFO  - Executed action GD.API.Controllers.System.UserController.GetLoginUserInfoAsync (API) in 651ms
11:47:36 INFO  - Executed action GD.API.Controllers.System.DictionaryController.GetFaqsSettingTypeAsync (API) in 25ms
11:47:36 INFO  - Executed action GD.API.Controllers.Faqs.FaqsController.SearchFaqsQuestionAsync (API) in 79ms
11:47:56 INFO  - Executed action GD.API.Controllers.System.UserController.GetLoginUserInfoAsync (API) in 182ms
11:47:56 INFO  - Executed action GD.API.Controllers.System.DictionaryController.GetFaqsSettingTypeAsync (API) in 21ms
11:47:56 INFO  - Executed action GD.API.Controllers.Faqs.FaqsController.SearchFaqsQuestionAsync (API) in 88ms
11:47:59 INFO  - Executed action GD.API.Controllers.Faqs.FaqsController.SetFaqsSettingStatusAsync (API) in 30ms
11:48:14 INFO  - Executed action GD.API.Controllers.System.DictionaryController.GetFaqsSettingTypeAsync (API) in 23ms
11:48:14 INFO  - Executed action GD.API.Controllers.Faqs.FaqsController.SearchFaqsQuestionAsync (API) in 79ms
11:48:21 INFO  - Executed action GD.API.Controllers.System.DictionaryController.GetFaqsSettingTypeAsync (API) in 20ms
11:48:21 INFO  - Executed action GD.API.Controllers.Faqs.FaqsController.SearchFaqsQuestionAsync (API) in 86ms
11:49:01 INFO  - Executed action GD.API.Controllers.Faqs.FaqsController.SetFaqsSettingStatusAsync (API) in 24ms
11:50:21 INFO  - Executed action GD.API.Controllers.Faqs.FaqsController.SetFaqsSettingStatusAsync (API) in 67442ms
11:50:22 INFO  - Executed action GD.API.Controllers.System.UserController.GetLoginUserInfoAsync (API) in 177ms
11:50:22 INFO  - Executed action GD.API.Controllers.System.DictionaryController.GetFaqsSettingTypeAsync (API) in 26ms
11:50:22 INFO  - Executed action GD.API.Controllers.Faqs.FaqsController.SearchFaqsQuestionAsync (API) in 83ms
11:50:27 INFO  - Executed action GD.API.Controllers.Faqs.FaqsController.SearchFaqsQuestionAsync (API) in 81ms
11:50:43 INFO  - Executed action GD.API.Controllers.Faqs.FaqsController.SetFaqsSettingStatusAsync (API) in 11788ms
11:51:41 INFO  - Executed action GD.API.Controllers.System.DictionaryController.GetFaqsSettingTypeAsync (API) in 30ms
11:51:41 INFO  - Executed action GD.API.Controllers.Faqs.FaqsController.SearchFaqsQuestionAsync (API) in 103ms
11:51:41 INFO  - Executed action GD.API.Controllers.System.DictionaryController.GetFaqsSettingTypeAsync (API) in 17ms
11:51:41 INFO  - Executed action GD.API.Controllers.Faqs.FaqsController.SearchFaqsQuestionAsync (API) in 89ms
11:51:47 INFO  - Executed action GD.API.Controllers.System.DictionaryController.GetFaqsSettingTypeAsync (API) in 18ms
11:51:47 INFO  - Executed action GD.API.Controllers.Faqs.FaqsController.SearchFaqsQuestionAsync (API) in 97ms
11:51:56 INFO  - Executed action GD.API.Controllers.System.DictionaryController.GetFaqsSettingTypeAsync (API) in 26ms
11:51:56 INFO  - Executed action GD.API.Controllers.Faqs.FaqsController.SearchFaqsQuestionAsync (API) in 82ms
11:52:04 INFO  - Executed action GD.API.Controllers.System.DictionaryController.GetFaqsSettingTypeAsync (API) in 20ms
11:52:04 INFO  - Executed action GD.API.Controllers.Faqs.FaqsController.SearchFaqsQuestionAsync (API) in 98ms
11:52:09 INFO  - Executed action GD.API.Controllers.System.DictionaryController.GetFaqsSettingTypeAsync (API) in 25ms
11:52:09 INFO  - Executed action GD.API.Controllers.Faqs.FaqsController.SearchFaqsQuestionAsync (API) in 84ms
11:52:17 INFO  - Executed action GD.API.Controllers.System.DictionaryController.GetFaqsSettingTypeAsync (API) in 19ms
11:52:17 INFO  - Executed action GD.API.Controllers.Faqs.FaqsController.SearchFaqsQuestionAsync (API) in 93ms
11:52:20 INFO  - Executed action GD.API.Controllers.System.UserController.GetLoginUserInfoAsync (API) in 151ms
11:52:21 INFO  - Executed action GD.API.Controllers.System.DictionaryController.GetFaqsSettingTypeAsync (API) in 20ms
11:52:21 INFO  - Executed action GD.API.Controllers.Faqs.FaqsController.SearchFaqsQuestionAsync (API) in 86ms
11:52:28 INFO  - Executed action GD.API.Controllers.Faqs.FaqsController.SetFaqsSettingStatusAsync (API) in 2562ms
11:52:43 INFO  - Executed action GD.API.Controllers.System.DictionaryController.GetFaqsSettingTypeAsync (API) in 19ms
11:52:43 INFO  - Executed action GD.API.Controllers.Faqs.FaqsController.SearchFaqsQuestionAsync (API) in 85ms
11:52:48 INFO  - Executed action GD.API.Controllers.System.DictionaryController.GetFaqsSettingTypeAsync (API) in 26ms
11:52:48 INFO  - Executed action GD.API.Controllers.Faqs.FaqsController.SearchFaqsQuestionAsync (API) in 103ms
11:52:52 INFO  - Executed action GD.API.Controllers.System.DictionaryController.GetFaqsSettingTypeAsync (API) in 33ms
11:52:53 INFO  - Executed action GD.API.Controllers.Faqs.FaqsController.SearchFaqsQuestionAsync (API) in 85ms
11:52:57 INFO  - Executed action GD.API.Controllers.System.DictionaryController.GetFaqsSettingTypeAsync (API) in 24ms
11:52:57 INFO  - Executed action GD.API.Controllers.Faqs.FaqsController.SearchFaqsQuestionAsync (API) in 115ms
11:52:59 INFO  - Executed action GD.API.Controllers.System.DictionaryController.GetFaqsSettingTypeAsync (API) in 31ms
11:52:59 INFO  - Executed action GD.API.Controllers.Faqs.FaqsController.SearchFaqsQuestionAsync (API) in 87ms
11:53:26 INFO  - Executed action GD.API.Controllers.System.DictionaryController.GetFaqsSettingTypeAsync (API) in 18ms
11:53:26 INFO  - Executed action GD.API.Controllers.Faqs.FaqsController.SearchFaqsQuestionAsync (API) in 88ms
11:53:28 INFO  - Executed action GD.API.Controllers.System.DictionaryController.GetFaqsSettingTypeAsync (API) in 20ms
11:53:28 INFO  - Executed action GD.API.Controllers.Faqs.FaqsController.SearchFaqsQuestionAsync (API) in 104ms
11:53:34 INFO  - Executed action GD.API.Controllers.Faqs.FaqsController.SetFaqsSettingStatusAsync (API) in 59ms
11:53:39 INFO  - Executed action GD.API.Controllers.Faqs.FaqsController.SetFaqsSettingStatusAsync (API) in 62ms
11:53:45 INFO  - Executed action GD.API.Controllers.Faqs.FaqsController.SetFaqsSettingStatusAsync (API) in 46ms
11:54:27 INFO  - Executed action GD.API.Controllers.Doctor.HospitalController.GetHospitalAllSelectAsync (API) in 51ms
11:54:27 INFO  - Executed action GD.API.Controllers.Doctor.DoctorController.GetDoctorJobTitlesAsync (API) in 52ms
11:54:27 INFO  - Executed action GD.API.Controllers.Doctor.DoctorController.GetDoctorCertificateDetailAsync (API) in 39ms
11:54:27 INFO  - Executed action GD.API.Controllers.Doctor.DoctorController.GetDoctorPageAsync (API) in 152ms
11:54:30 INFO  - Executed action GD.API.Controllers.Doctor.DoctorController.GetIntegralInfoPageAsync (API) in 57ms
11:54:32 INFO  - Executed action GD.API.Controllers.Doctor.DoctorController.GetIntegralInfoPageAsync (API) in 54ms
11:54:38 INFO  - Executed action GD.API.Controllers.Doctor.HospitalController.GetHospitalLevel (API) in 15ms
11:54:38 INFO  - Executed action GD.API.Controllers.Doctor.HospitalController.GetHospitalPageAsync (API) in 73ms
11:54:41 INFO  - Executed action GD.API.Controllers.Doctor.HospitalController.GetHospitalOfficeSelectAsync (API) in 33ms
15:32:36 INFO  - Executed action GD.API.Controllers.Utility.AccountController.LoginAdmin (API) in 624ms
15:32:36 INFO  - Executed action GD.API.Controllers.System.UserController.GetLoginUserInfoAsync (API) in 515ms
15:32:37 INFO  - Executed action GD.API.Controllers.System.HomeController.GetUserQtyAsync (API) in 54ms
15:32:37 INFO  - Executed action GD.API.Controllers.System.HomeController.GetOrderQtyAsync (API) in 99ms
15:32:37 INFO  - Executed action GD.API.Controllers.System.HomeController.GetMerchantQtyAsync (API) in 121ms
15:32:37 INFO  - Executed action GD.API.Controllers.System.HomeController.GetDoctorsQtyAsync (API) in 105ms
15:32:40 INFO  - Executed action GD.API.Controllers.Doctor.HospitalController.GetHospitalLevel (API) in 9ms
15:33:38 INFO  - Executed action GD.API.Controllers.System.UserController.GetLoginUserInfoAsync (API) in 190ms
15:33:38 INFO  - Executed action GD.API.Controllers.Doctor.HospitalController.GetHospitalLevel (API) in 9ms
15:33:54 INFO  - Executed action GD.API.Controllers.Doctor.HospitalController.GetHospitalLevel (API) in 6ms
15:45:54 INFO  - Executed action GD.API.Controllers.System.UserController.GetLoginUserInfoAsync (API) in 264ms
15:45:54 INFO  - Executed action GD.API.Controllers.Doctor.HospitalController.GetHospitalLevel (API) in 8ms
15:46:29 INFO  - Executed action GD.API.Controllers.System.UserController.GetLoginUserInfoAsync (API) in 202ms
15:46:31 INFO  - Executed action GD.API.Controllers.Doctor.HospitalController.GetHospitalLevel (API) in 7ms
15:46:31 INFO  - Executed action GD.API.Controllers.Doctor.HospitalController.GetHospitalPageAsync (API) in 138ms
15:46:35 INFO  - Executed action GD.API.Controllers.System.UserController.GetLoginUserInfoAsync (API) in 219ms
15:46:37 INFO  - Executed action GD.API.Controllers.Doctor.HospitalController.GetHospitalLevel (API) in 14ms
15:46:37 INFO  - Executed action GD.API.Controllers.Doctor.HospitalController.GetHospitalPageAsync (API) in 76ms
15:47:13 INFO  - Executed action GD.API.Controllers.System.UserController.GetLoginUserInfoAsync (API) in 216ms
15:47:13 INFO  - Executed action GD.API.Controllers.Doctor.HospitalController.GetHospitalLevel (API) in 7ms
15:47:13 INFO  - Executed action GD.API.Controllers.Doctor.HospitalController.GetHospitalPageAsync (API) in 124ms
15:47:28 INFO  - Executed action GD.API.Controllers.Doctor.HospitalController.GetHospitalInfoAsync (API) in 111ms
16:03:53 INFO  - Executed action GD.API.Controllers.Doctor.HospitalController.GetHospitalInfoAsync (API) in 111ms
16:04:40 INFO  - Executed action GD.API.Controllers.Doctor.HospitalController.GetHospitalLevel (API) in 7ms
16:04:40 INFO  - Executed action GD.API.Controllers.Doctor.HospitalController.GetHospitalPageAsync (API) in 44ms
16:04:52 INFO  - Executed action GD.API.Controllers.System.UserController.GetLoginUserInfoAsync (API) in 147ms
16:04:53 INFO  - Executed action GD.API.Controllers.Doctor.HospitalController.GetHospitalLevel (API) in 4ms
16:04:53 INFO  - Executed action GD.API.Controllers.Doctor.HospitalController.GetHospitalPageAsync (API) in 47ms
16:05:02 INFO  - Executed action GD.API.Controllers.System.UserController.GetLoginUserInfoAsync (API) in 153ms
16:05:05 INFO  - Executed action GD.API.Controllers.Doctor.HospitalController.GetHospitalLevel (API) in 10ms
16:05:05 INFO  - Executed action GD.API.Controllers.Doctor.HospitalController.GetHospitalLevel (API) in 3ms
16:05:20 INFO  - Executed action GD.API.Controllers.System.UserController.GetLoginUserInfoAsync (API) in 199ms
16:05:20 INFO  - Executed action GD.API.Controllers.Doctor.HospitalController.GetHospitalLevel (API) in 8ms
16:05:20 INFO  - Executed action GD.API.Controllers.Doctor.HospitalController.GetHospitalPageAsync (API) in 48ms
16:05:24 INFO  - Executed action GD.API.Controllers.Doctor.HospitalController.GetHospitalLevel (API) in 5ms
16:05:25 INFO  - Executed action GD.API.Controllers.Doctor.HospitalController.GetHospitalPageAsync (API) in 51ms
16:05:28 INFO  - Executed action GD.API.Controllers.Doctor.HospitalController.GetHospitalLevel (API) in 6ms
16:05:28 INFO  - Executed action GD.API.Controllers.Doctor.HospitalController.GetHospitalPageAsync (API) in 48ms
16:06:28 INFO  - Executed action GD.API.Controllers.System.UserController.GetLoginUserInfoAsync (API) in 136ms
16:06:29 INFO  - Executed action GD.API.Controllers.Doctor.HospitalController.GetHospitalLevel (API) in 2ms
16:06:29 INFO  - Executed action GD.API.Controllers.Doctor.HospitalController.GetHospitalPageAsync (API) in 45ms
16:07:45 INFO  - Executed action GD.API.Controllers.System.UserController.GetLoginUserInfoAsync (API) in 124ms
16:07:45 INFO  - Executed action GD.API.Controllers.Doctor.HospitalController.GetHospitalLevel (API) in 6ms
16:07:46 INFO  - Executed action GD.API.Controllers.Doctor.HospitalController.GetHospitalPageAsync (API) in 63ms
16:07:54 INFO  - Executed action GD.API.Controllers.Doctor.HospitalController.GetHospitalLevel (API) in 4ms
16:07:54 INFO  - Executed action GD.API.Controllers.Doctor.HospitalController.GetHospitalPageAsync (API) in 46ms
16:07:56 INFO  - Executed action GD.API.Controllers.Doctor.HospitalController.GetHospitalInfoAsync (API) in 64ms
16:08:50 INFO  - Executed action GD.API.Controllers.Doctor.HospitalController.GetHospitalLevel (API) in 4ms
16:08:50 INFO  - Executed action GD.API.Controllers.Doctor.HospitalController.GetHospitalPageAsync (API) in 48ms
16:09:00 INFO  - Executed action GD.API.Controllers.System.UserController.GetLoginUserInfoAsync (API) in 159ms
16:09:01 INFO  - Executed action GD.API.Controllers.Doctor.HospitalController.GetHospitalLevel (API) in 4ms
16:09:01 INFO  - Executed action GD.API.Controllers.Doctor.HospitalController.GetHospitalPageAsync (API) in 56ms
16:09:04 INFO  - Executed action GD.API.Controllers.Doctor.HospitalController.GetHospitalLevel (API) in 7ms
16:09:04 INFO  - Executed action GD.API.Controllers.Doctor.HospitalController.GetHospitalPageAsync (API) in 49ms
16:09:06 INFO  - Executed action GD.API.Controllers.Doctor.HospitalController.GetHospitalLevel (API) in 8ms
16:09:06 INFO  - Executed action GD.API.Controllers.Doctor.HospitalController.GetHospitalPageAsync (API) in 68ms
16:09:11 INFO  - Executed action GD.API.Controllers.System.UserController.GetLoginUserInfoAsync (API) in 133ms
16:09:12 INFO  - Executed action GD.API.Controllers.Doctor.HospitalController.GetHospitalLevel (API) in 5ms
16:09:12 INFO  - Executed action GD.API.Controllers.Doctor.HospitalController.GetHospitalPageAsync (API) in 47ms
16:09:13 INFO  - Executed action GD.API.Controllers.Doctor.HospitalController.GetHospitalInfoAsync (API) in 61ms
16:18:32 INFO  - Executed action GD.API.Controllers.Doctor.HospitalController.GetHospitalLevel (API) in 3ms
16:18:32 INFO  - Executed action GD.API.Controllers.Doctor.HospitalController.GetHospitalPageAsync (API) in 149ms
16:18:48 INFO  - Executed action GD.API.Controllers.Doctor.HospitalController.GetHospitalInfoAsync (API) in 84ms
16:19:35 INFO  - Executed action GD.API.Controllers.System.UserController.GetLoginUserInfoAsync (API) in 185ms
16:19:38 INFO  - Executed action GD.API.Controllers.System.UserController.GetLoginUserInfoAsync (API) in 181ms
16:19:39 INFO  - Executed action GD.API.Controllers.Doctor.HospitalController.GetHospitalLevel (API) in 9ms
16:19:39 INFO  - Executed action GD.API.Controllers.Doctor.HospitalController.GetHospitalPageAsync (API) in 91ms
16:19:40 INFO  - Executed action GD.API.Controllers.Doctor.HospitalController.GetHospitalInfoAsync (API) in 89ms
16:21:21 INFO  - Executed action GD.API.Controllers.System.UserController.GetLoginUserInfoAsync (API) in 191ms
16:21:21 INFO  - Executed action GD.API.Controllers.Doctor.HospitalController.GetHospitalLevel (API) in 4ms
16:21:21 INFO  - Executed action GD.API.Controllers.Doctor.HospitalController.GetHospitalPageAsync (API) in 65ms
16:21:23 INFO  - Executed action GD.API.Controllers.Doctor.HospitalController.GetHospitalInfoAsync (API) in 79ms
16:22:44 INFO  - Executed action GD.API.Controllers.System.UserController.GetLoginUserInfoAsync (API) in 180ms
16:22:45 INFO  - Executed action GD.API.Controllers.Doctor.HospitalController.GetHospitalLevel (API) in 4ms
16:22:45 INFO  - Executed action GD.API.Controllers.Doctor.HospitalController.GetHospitalPageAsync (API) in 63ms
16:22:46 INFO  - Executed action GD.API.Controllers.Doctor.HospitalController.GetHospitalInfoAsync (API) in 92ms
16:23:29 INFO  - Executed action GD.API.Controllers.Doctor.HospitalController.GetHospitalLevel (API) in 19ms
16:23:29 INFO  - Executed action GD.API.Controllers.Doctor.HospitalController.GetHospitalLevel (API) in 16ms
16:23:29 INFO  - Executed action GD.API.Controllers.Doctor.HospitalController.GetHospitalPageAsync (API) in 81ms
16:23:29 INFO  - Executed action GD.API.Controllers.Doctor.HospitalController.GetHospitalPageAsync (API) in 122ms
16:23:34 INFO  - Executed action GD.API.Controllers.Doctor.HospitalController.GetHospitalLevel (API) in 5ms
16:23:34 INFO  - Executed action GD.API.Controllers.Doctor.HospitalController.GetHospitalPageAsync (API) in 68ms
16:23:42 INFO  - Executed action GD.API.Controllers.Doctor.HospitalController.GetHospitalLevel (API) in 7ms
16:23:42 INFO  - Executed action GD.API.Controllers.Doctor.HospitalController.GetHospitalPageAsync (API) in 72ms
16:23:43 INFO  - Executed action GD.API.Controllers.Doctor.HospitalController.GetHospitalInfoAsync (API) in 124ms
16:24:01 INFO  - Executed action GD.API.Controllers.Doctor.HospitalController.GetHospitalLevel (API) in 8ms
16:24:01 INFO  - Executed action GD.API.Controllers.Doctor.HospitalController.GetHospitalPageAsync (API) in 68ms
16:24:08 INFO  - Executed action GD.API.Controllers.Doctor.HospitalController.GetHospitalLevel (API) in 4ms
16:24:08 INFO  - Executed action GD.API.Controllers.Doctor.HospitalController.GetHospitalPageAsync (API) in 69ms
16:24:13 INFO  - Executed action GD.API.Controllers.Doctor.HospitalController.GetHospitalLevel (API) in 5ms
16:24:14 INFO  - Executed action GD.API.Controllers.Doctor.HospitalController.GetHospitalPageAsync (API) in 68ms
16:24:16 INFO  - Executed action GD.API.Controllers.Doctor.HospitalController.GetHospitalLevel (API) in 22ms
16:24:16 INFO  - Executed action GD.API.Controllers.Doctor.HospitalController.GetHospitalPageAsync (API) in 71ms
16:24:21 INFO  - Executed action GD.API.Controllers.System.UserController.GetLoginUserInfoAsync (API) in 192ms
16:24:21 INFO  - Executed action GD.API.Controllers.Doctor.HospitalController.GetHospitalLevel (API) in 7ms
16:24:21 INFO  - Executed action GD.API.Controllers.Doctor.HospitalController.GetHospitalPageAsync (API) in 61ms
16:24:23 INFO  - Executed action GD.API.Controllers.Doctor.HospitalController.GetHospitalInfoAsync (API) in 92ms
16:24:43 INFO  - Executed action GD.API.Controllers.Doctor.HospitalController.GetHospitalLevel (API) in 7ms
16:24:43 INFO  - Executed action GD.API.Controllers.Doctor.HospitalController.GetHospitalPageAsync (API) in 67ms
16:24:43 INFO  - Executed action GD.API.Controllers.Doctor.HospitalController.GetHospitalLevel (API) in 4ms
16:24:43 INFO  - Executed action GD.API.Controllers.Doctor.HospitalController.GetHospitalPageAsync (API) in 77ms
16:24:46 INFO  - Executed action GD.API.Controllers.Doctor.HospitalController.GetHospitalLevel (API) in 7ms
16:24:46 INFO  - Executed action GD.API.Controllers.Doctor.HospitalController.GetHospitalPageAsync (API) in 222ms
16:24:47 INFO  - Executed action GD.API.Controllers.Doctor.HospitalController.GetHospitalInfoAsync (API) in 338ms
16:25:09 INFO  - Executed action GD.API.Controllers.Doctor.HospitalController.UpdateHospitalAsync (API) in 175ms
16:25:09 INFO  - Executed action GD.API.Controllers.Doctor.HospitalController.GetHospitalPageAsync (API) in 98ms
16:25:11 INFO  - Executed action GD.API.Controllers.Doctor.HospitalController.GetHospitalInfoAsync (API) in 91ms
16:26:02 INFO  - Executed action GD.API.Controllers.Doctor.HospitalController.AddHospitalAsync (API) in 14720ms
16:26:02 INFO  - Executed action GD.API.Controllers.Doctor.HospitalController.GetHospitalPageAsync (API) in 65ms
16:26:06 INFO  - Executed action GD.API.Controllers.Doctor.HospitalController.GetHospitalInfoAsync (API) in 81ms
16:26:10 INFO  - Executed action GD.API.Controllers.Doctor.HospitalController.GetHospitalInfoAsync (API) in 83ms
16:27:18 INFO  - Executed action GD.API.Controllers.Doctor.HospitalController.DisableEnableHospitalAsync (API) in 60ms
16:27:19 INFO  - Executed action GD.API.Controllers.Doctor.HospitalController.DisableEnableHospitalAsync (API) in 55ms
16:27:33 INFO  - Executed action GD.API.Controllers.Doctor.HospitalController.GetHospitalInfoAsync (API) in 82ms
16:28:17 INFO  - Executed action GD.API.Controllers.Doctor.HospitalController.GetHospitalOfficeSelectAsync (API) in 36ms
16:29:21 INFO  - Executed action GD.API.Controllers.Doctor.HospitalController.GetHospitalLevel (API) in 5ms
16:29:21 INFO  - Executed action GD.API.Controllers.Doctor.HospitalController.GetHospitalPageAsync (API) in 64ms
16:29:48 INFO  - Executed action GD.API.Controllers.Doctor.HospitalController.DeleteHospitalAsync (API) in 126ms
16:29:49 INFO  - Executed action GD.API.Controllers.Doctor.HospitalController.GetHospitalPageAsync (API) in 62ms
16:37:36 INFO  - Executed action GD.API.Controllers.System.UserController.GetLoginUserInfoAsync (API) in 227ms
16:37:37 INFO  - Executed action GD.API.Controllers.Doctor.HospitalController.GetHospitalLevel (API) in 6ms
16:37:37 INFO  - Executed action GD.API.Controllers.Doctor.HospitalController.GetHospitalPageAsync (API) in 60ms
16:37:38 INFO  - Executed action GD.API.Controllers.Doctor.HospitalController.GetHospitalOfficeSelectAsync (API) in 25ms
16:37:54 INFO  - Executed action GD.API.Controllers.System.UserController.GetLoginUserInfoAsync (API) in 211ms
16:37:54 INFO  - Executed action GD.API.Controllers.Doctor.HospitalController.GetHospitalLevel (API) in 6ms
16:37:54 INFO  - Executed action GD.API.Controllers.Doctor.HospitalController.GetHospitalPageAsync (API) in 62ms
16:37:55 INFO  - Executed action GD.API.Controllers.Doctor.HospitalController.GetHospitalOfficeSelectAsync (API) in 28ms
16:38:10 INFO  - Executed action GD.API.Controllers.System.UserController.GetLoginUserInfoAsync (API) in 172ms
16:38:10 INFO  - Executed action GD.API.Controllers.Doctor.HospitalController.GetHospitalLevel (API) in 15ms
16:38:11 INFO  - Executed action GD.API.Controllers.Doctor.HospitalController.GetHospitalPageAsync (API) in 72ms
16:38:12 INFO  - Executed action GD.API.Controllers.Doctor.HospitalController.GetHospitalOfficeSelectAsync (API) in 28ms
16:38:27 INFO  - Executed action GD.API.Controllers.System.UserController.GetLoginUserInfoAsync (API) in 170ms
16:38:27 INFO  - Executed action GD.API.Controllers.Doctor.HospitalController.GetHospitalLevel (API) in 6ms
16:38:27 INFO  - Executed action GD.API.Controllers.Doctor.HospitalController.GetHospitalPageAsync (API) in 58ms
16:38:29 INFO  - Executed action GD.API.Controllers.Doctor.HospitalController.GetHospitalOfficeSelectAsync (API) in 28ms
16:38:40 INFO  - Executed action GD.API.Controllers.Doctor.HospitalController.GetFirstOfficeListAsync (API) in 52ms
16:38:40 INFO  - Executed action GD.API.Controllers.Doctor.HospitalController.GetOfficeListAsync (API) in 152ms
16:38:53 INFO  - Executed action GD.API.Controllers.Doctor.HospitalController.DisableEnableOfficeAsync (API) in 142ms
16:38:53 INFO  - Executed action GD.API.Controllers.Doctor.HospitalController.GetOfficeListAsync (API) in 66ms
16:38:55 INFO  - Executed action GD.API.Controllers.Doctor.HospitalController.DisableEnableOfficeAsync (API) in 140ms
16:38:55 INFO  - Executed action GD.API.Controllers.Doctor.HospitalController.GetOfficeListAsync (API) in 70ms
16:38:59 INFO  - Executed action GD.API.Controllers.System.AccessoryController.GetAcessoryUrlAsync (API) in 31ms
16:39:05 INFO  - Executed action GD.API.Controllers.Doctor.HospitalController.UpdataOfficeAsync (API) in 152ms
16:39:05 INFO  - Executed action GD.API.Controllers.Doctor.HospitalController.GetFirstOfficeListAsync (API) in 49ms
16:39:05 INFO  - Executed action GD.API.Controllers.Doctor.HospitalController.GetOfficeListAsync (API) in 71ms
16:39:07 INFO  - Executed action GD.API.Controllers.System.AccessoryController.GetAcessoryUrlAsync (API) in 27ms
16:39:11 INFO  - Executed action GD.API.Controllers.Doctor.HospitalController.UpdataOfficeAsync (API) in 142ms
16:39:12 INFO  - Executed action GD.API.Controllers.Doctor.HospitalController.GetFirstOfficeListAsync (API) in 40ms
16:39:12 INFO  - Executed action GD.API.Controllers.Doctor.HospitalController.GetOfficeListAsync (API) in 68ms
16:39:18 INFO  - Executed action GD.API.Controllers.Doctor.HospitalController.GetHospitalLevel (API) in 7ms
16:39:18 INFO  - Executed action GD.API.Controllers.Doctor.HospitalController.GetHospitalPageAsync (API) in 68ms
16:39:23 INFO  - Executed action GD.API.Controllers.System.UserController.GetLoginUserInfoAsync (API) in 212ms
16:39:23 INFO  - Executed action GD.API.Controllers.Doctor.HospitalController.GetHospitalLevel (API) in 5ms
16:39:24 INFO  - Executed action GD.API.Controllers.Doctor.HospitalController.GetHospitalPageAsync (API) in 119ms
16:39:25 INFO  - Executed action GD.API.Controllers.Doctor.HospitalController.GetHospitalOfficeSelectAsync (API) in 28ms
16:41:49 INFO  - Executed action GD.API.Controllers.System.UserController.GetLoginUserInfoAsync (API) in 219ms
16:41:52 INFO  - Executed action GD.API.Controllers.Doctor.HospitalController.GetHospitalLevel (API) in 7ms
16:41:52 INFO  - Executed action GD.API.Controllers.Doctor.HospitalController.GetHospitalPageAsync (API) in 65ms
16:41:56 INFO  - Executed action GD.API.Controllers.Doctor.HospitalController.GetHospitalOfficeSelectAsync (API) in 26ms
16:42:07 INFO  - Executed action GD.API.Controllers.Doctor.HospitalController.GetHospitalOfficeSelectAsync (API) in 31ms
16:42:24 INFO  - Executed action GD.API.Controllers.Doctor.HospitalController.GetHospitalOfficeSelectAsync (API) in 24ms
16:42:54 INFO  - Executed action GD.API.Controllers.Doctor.HospitalController.GetHospitalInfoAsync (API) in 89ms
16:45:31 INFO  - Executed action GD.API.Controllers.System.UserController.GetLoginUserInfoAsync (API) in 185ms
16:45:32 INFO  - Executed action GD.API.Controllers.Doctor.HospitalController.GetHospitalLevel (API) in 6ms
16:45:32 INFO  - Executed action GD.API.Controllers.Doctor.HospitalController.GetHospitalPageAsync (API) in 67ms
16:46:16 INFO  - Executed action GD.API.Controllers.Doctor.HospitalController.GetFirstOfficeListAsync (API) in 44ms
16:46:16 INFO  - Executed action GD.API.Controllers.Doctor.HospitalController.GetOfficeListAsync (API) in 71ms
16:46:44 INFO  - Executed action GD.API.Controllers.System.UserController.GetLoginUserInfoAsync (API) in 199ms
16:46:45 INFO  - Executed action GD.API.Controllers.Doctor.HospitalController.GetFirstOfficeListAsync (API) in 54ms
16:46:45 INFO  - Executed action GD.API.Controllers.Doctor.HospitalController.GetOfficeListAsync (API) in 67ms
16:50:30 INFO  - Executed action GD.API.Controllers.System.UserController.GetLoginUserInfoAsync (API) in 1212ms
16:50:30 INFO  - Executed action GD.API.Controllers.Doctor.HospitalController.GetFirstOfficeListAsync (API) in 68ms
16:50:30 INFO  - Executed action GD.API.Controllers.Doctor.HospitalController.GetOfficeListAsync (API) in 68ms
16:51:21 INFO  - Executed action GD.API.Controllers.Doctor.HospitalController.GetOfficeListAsync (API) in 76ms
16:51:21 INFO  - Executed action GD.API.Controllers.Doctor.HospitalController.GetFirstOfficeListAsync (API) in 165ms
16:51:26 INFO  - Executed action GD.API.Controllers.System.UserController.GetLoginUserInfoAsync (API) in 193ms
16:51:26 INFO  - Executed action GD.API.Controllers.Doctor.HospitalController.GetFirstOfficeListAsync (API) in 35ms
16:51:26 INFO  - Executed action GD.API.Controllers.Doctor.HospitalController.GetOfficeListAsync (API) in 67ms
16:52:14 INFO  - Executed action GD.API.Controllers.Doctor.HospitalController.GetFirstOfficeListAsync (API) in 35ms
16:52:14 INFO  - Executed action GD.API.Controllers.Doctor.HospitalController.GetOfficeListAsync (API) in 67ms
16:52:27 INFO  - Executed action GD.API.Controllers.System.UserController.GetLoginUserInfoAsync (API) in 167ms
16:52:27 INFO  - Executed action GD.API.Controllers.Doctor.HospitalController.GetOfficeListAsync (API) in 44ms
16:52:27 INFO  - Executed action GD.API.Controllers.Doctor.HospitalController.GetFirstOfficeListAsync (API) in 54ms
16:53:10 INFO  - Executed action GD.API.Controllers.System.AccessoryController.GetAcessoryUrlAsync (API) in 19ms
16:53:19 INFO  - Executed action GD.API.Controllers.Doctor.HospitalController.UpdataOfficeAsync (API) in 145ms
16:53:20 INFO  - Executed action GD.API.Controllers.Doctor.HospitalController.GetFirstOfficeListAsync (API) in 69ms
16:53:20 INFO  - Executed action GD.API.Controllers.Doctor.HospitalController.GetOfficeListAsync (API) in 92ms
16:53:43 INFO  - Executed action GD.API.Controllers.Doctor.HospitalController.UpdataOfficeAsync (API) in 118ms
16:53:43 INFO  - Executed action GD.API.Controllers.Doctor.HospitalController.GetFirstOfficeListAsync (API) in 32ms
16:53:43 INFO  - Executed action GD.API.Controllers.Doctor.HospitalController.GetOfficeListAsync (API) in 80ms
16:53:50 INFO  - Executed action GD.API.Controllers.Doctor.HospitalController.DisableEnableOfficeAsync (API) in 132ms
16:53:51 INFO  - Executed action GD.API.Controllers.Doctor.HospitalController.GetOfficeListAsync (API) in 58ms
16:54:01 INFO  - Executed action GD.API.Controllers.System.AccessoryController.GetAcessoryUrlAsync (API) in 25ms
16:54:56 INFO  - Executed action GD.API.Controllers.System.UserController.GetLoginUserInfoAsync (API) in 159ms
16:54:57 INFO  - Executed action GD.API.Controllers.Doctor.HospitalController.GetFirstOfficeListAsync (API) in 33ms
16:54:57 INFO  - Executed action GD.API.Controllers.Doctor.HospitalController.GetOfficeListAsync (API) in 74ms
16:55:07 INFO  - Executed action GD.API.Controllers.System.UserController.GetLoginUserInfoAsync (API) in 167ms
16:55:08 INFO  - Executed action GD.API.Controllers.Doctor.HospitalController.GetOfficeListAsync (API) in 40ms
16:55:08 INFO  - Executed action GD.API.Controllers.Doctor.HospitalController.GetFirstOfficeListAsync (API) in 45ms
16:55:10 INFO  - Executed action GD.API.Controllers.System.AccessoryController.GetAcessoryUrlAsync (API) in 17ms
16:55:19 INFO  - Executed action GD.API.Controllers.System.UserController.GetLoginUserInfoAsync (API) in 156ms
16:55:19 INFO  - Executed action GD.API.Controllers.Doctor.HospitalController.GetOfficeListAsync (API) in 44ms
16:55:19 INFO  - Executed action GD.API.Controllers.Doctor.HospitalController.GetFirstOfficeListAsync (API) in 47ms
16:55:23 INFO  - Executed action GD.API.Controllers.System.UserController.GetLoginUserInfoAsync (API) in 141ms
16:55:23 INFO  - Executed action GD.API.Controllers.Doctor.HospitalController.GetFirstOfficeListAsync (API) in 37ms
16:55:23 INFO  - Executed action GD.API.Controllers.Doctor.HospitalController.GetOfficeListAsync (API) in 71ms
16:56:23 INFO  - Executed action GD.API.Controllers.Doctor.HospitalController.GetFirstOfficeListAsync (API) in 58ms
16:56:23 INFO  - Executed action GD.API.Controllers.Doctor.HospitalController.GetOfficeListAsync (API) in 102ms
16:56:31 INFO  - Executed action GD.API.Controllers.System.UserController.GetLoginUserInfoAsync (API) in 148ms
16:56:32 INFO  - Executed action GD.API.Controllers.Doctor.HospitalController.GetOfficeListAsync (API) in 39ms
16:56:32 INFO  - Executed action GD.API.Controllers.Doctor.HospitalController.GetFirstOfficeListAsync (API) in 51ms
16:56:47 INFO  - Executed action GD.API.Controllers.System.AccessoryController.GetAcessoryUrlAsync (API) in 18ms
17:00:07 INFO  - Executed action GD.API.Controllers.System.UserController.GetLoginUserInfoAsync (API) in 2289ms
17:00:08 INFO  - Executed action GD.API.Controllers.Doctor.HospitalController.GetFirstOfficeListAsync (API) in 100ms
17:00:08 INFO  - Executed action GD.API.Controllers.Doctor.HospitalController.GetOfficeListAsync (API) in 136ms
17:00:13 INFO  - Executed action GD.API.Controllers.System.UserController.GetLoginUserInfoAsync (API) in 206ms
17:00:14 INFO  - Executed action GD.API.Controllers.Doctor.HospitalController.GetFirstOfficeListAsync (API) in 84ms
17:00:14 INFO  - Executed action GD.API.Controllers.Doctor.HospitalController.GetOfficeListAsync (API) in 132ms
17:00:46 INFO  - Executed action GD.API.Controllers.System.UserController.GetLoginUserInfoAsync (API) in 406ms
17:00:46 INFO  - Executed action GD.API.Controllers.Doctor.HospitalController.GetFirstOfficeListAsync (API) in 68ms
17:00:46 INFO  - Executed action GD.API.Controllers.Doctor.HospitalController.GetOfficeListAsync (API) in 85ms
17:01:14 INFO  - Executed action GD.API.Controllers.Doctor.HospitalController.GetFirstOfficeListAsync (API) in 50ms
17:01:14 INFO  - Executed action GD.API.Controllers.Doctor.HospitalController.GetOfficeListAsync (API) in 72ms
17:01:28 INFO  - Executed action GD.API.Controllers.System.AccessoryController.GetAcessoryUrlAsync (API) in 40ms
17:04:57 INFO  - Executed action GD.API.Controllers.System.AccessoryController.GetAcessoryUrlAsync (API) in 22ms
17:05:19 INFO  - Executed action GD.API.Controllers.Doctor.HospitalController.GetHospitalLevel (API) in 9ms
17:05:19 INFO  - Executed action GD.API.Controllers.Doctor.HospitalController.GetHospitalPageAsync (API) in 109ms
17:05:22 INFO  - Executed action GD.API.Controllers.Doctor.HospitalController.GetHospitalOfficeSelectAsync (API) in 43ms
17:05:29 INFO  - Executed action GD.API.Controllers.Utility.ArticleController.GetArticleTypeAsync (API) in 3744ms
17:05:29 INFO  - Executed action GD.API.Controllers.Utility.ArticleController.GetArticleListAsync (API) in 169ms
17:06:14 INFO  - Executed action GD.API.Controllers.Manager.RecommendController.GetRecommendPageAsync (API) in 75ms
17:06:34 INFO  - Executed action GD.API.Controllers.Doctor.HospitalController.GetHospitalLevel (API) in 3ms
17:06:34 INFO  - Executed action GD.API.Controllers.Doctor.HospitalController.GetHospitalPageAsync (API) in 70ms
17:14:42 INFO  - Executed action GD.API.Controllers.Doctor.HospitalController.GetHospitalLevel (API) in 4ms
17:14:43 INFO  - Executed action GD.API.Controllers.Doctor.HospitalController.GetHospitalPageAsync (API) in 149ms
17:14:43 INFO  - Executed action GD.API.Controllers.Doctor.HospitalController.GetHospitalLevel (API) in 5ms
17:14:43 INFO  - Executed action GD.API.Controllers.Doctor.HospitalController.GetHospitalPageAsync (API) in 64ms
17:15:08 INFO  - Executed action GD.API.Controllers.System.UserController.GetLoginUserInfoAsync (API) in 197ms
17:15:08 INFO  - Executed action GD.API.Controllers.Doctor.HospitalController.GetHospitalLevel (API) in 12ms
17:15:08 INFO  - Executed action GD.API.Controllers.Doctor.HospitalController.GetHospitalPageAsync (API) in 65ms
17:22:31 INFO  - Executed action GD.API.Controllers.Doctor.HospitalController.GetHospitalPageAsync (API) in 103ms
17:22:46 INFO  - Executed action GD.API.Controllers.Doctor.HospitalController.GetHospitalLevel (API) in 4ms
17:22:46 INFO  - Executed action GD.API.Controllers.Doctor.HospitalController.GetHospitalPageAsync (API) in 55ms
17:22:48 INFO  - Executed action GD.API.Controllers.Doctor.HospitalController.GetHospitalLevel (API) in 18ms
17:22:48 INFO  - Executed action GD.API.Controllers.Doctor.HospitalController.GetHospitalPageAsync (API) in 93ms
17:23:29 INFO  - Executed action GD.API.Controllers.Doctor.HospitalController.GetHospitalLevel (API) in 8ms
17:23:29 INFO  - Executed action GD.API.Controllers.Doctor.HospitalController.GetHospitalPageAsync (API) in 59ms
17:23:52 INFO  - Executed action GD.API.Controllers.Doctor.HospitalController.GetHospitalLevel (API) in 5ms
17:23:52 INFO  - Executed action GD.API.Controllers.Doctor.HospitalController.GetHospitalPageAsync (API) in 46ms
17:23:58 INFO  - Executed action GD.API.Controllers.Doctor.HospitalController.GetHospitalLevel (API) in 8ms
17:23:58 INFO  - Executed action GD.API.Controllers.Doctor.HospitalController.GetHospitalPageAsync (API) in 54ms
17:25:44 INFO  - Executed action GD.API.Controllers.Doctor.HospitalController.GetHospitalLevel (API) in 11ms
17:25:44 INFO  - Executed action GD.API.Controllers.Doctor.HospitalController.GetHospitalPageAsync (API) in 101ms
17:25:51 INFO  - Executed action GD.API.Controllers.Doctor.HospitalController.ResetPasswordAsync (API) in 29ms
17:26:10 INFO  - Executed action GD.API.Controllers.Doctor.HospitalController.ResetPasswordAsync (API) in 23ms
17:26:39 INFO  - Executed action GD.API.Controllers.System.UserController.GetLoginUserInfoAsync (API) in 132ms
17:26:39 INFO  - Executed action GD.API.Controllers.Doctor.HospitalController.GetHospitalLevel (API) in 7ms
17:26:39 INFO  - Executed action GD.API.Controllers.Doctor.HospitalController.GetHospitalPageAsync (API) in 94ms
17:26:43 INFO  - Executed action GD.API.Controllers.Doctor.HospitalController.ResetPasswordAsync (API) in 26ms
17:31:22 INFO  - Executed action GD.API.Controllers.Doctor.HospitalController.ResetPasswordAsync (API) in 7905ms
17:31:27 INFO  - Executed action GD.API.Controllers.Doctor.HospitalController.ResetPasswordAsync (API) in 22ms
17:31:32 INFO  - Executed action GD.API.Controllers.Doctor.HospitalController.ResetPasswordAsync (API) in 48ms
17:31:37 INFO  - Executed action GD.API.Controllers.Doctor.HospitalController.ResetPasswordAsync (API) in 27ms
17:31:40 INFO  - Executed action GD.API.Controllers.Doctor.HospitalController.GetHospitalInfoAsync (API) in 412ms
17:31:54 INFO  - Executed action GD.API.Controllers.Doctor.HospitalController.GetHospitalInfoAsync (API) in 66ms
17:32:11 INFO  - Executed action GD.API.Controllers.Doctor.HospitalController.UpdateHospitalAsync (API) in 112ms
17:32:11 INFO  - Executed action GD.API.Controllers.Doctor.HospitalController.GetHospitalPageAsync (API) in 75ms
17:38:19 INFO  - Executed action GD.API.Controllers.Doctor.HospitalController.GetHospitalPageAsync (API) in 650ms
17:38:23 INFO  - Executed action GD.API.Controllers.Doctor.HospitalController.GetHospitalInfoAsync (API) in 535ms
17:38:30 INFO  - Executed action GD.API.Controllers.Doctor.HospitalController.UpdateHospitalAsync (API) in 150ms
17:38:31 INFO  - Executed action GD.API.Controllers.Doctor.HospitalController.GetHospitalPageAsync (API) in 42ms
17:38:34 INFO  - Executed action GD.API.Controllers.Doctor.HospitalController.GetHospitalInfoAsync (API) in 59ms
17:41:42 INFO  - Executed action GD.API.Controllers.Doctor.HospitalController.UpdateHospitalAsync (API) in 84ms
17:41:42 INFO  - Executed action GD.API.Controllers.Doctor.HospitalController.GetHospitalPageAsync (API) in 43ms
17:42:11 INFO  - Executed action GD.API.Controllers.System.UserController.GetLoginUserInfoAsync (API) in 167ms
17:42:12 INFO  - Executed action GD.API.Controllers.Doctor.HospitalController.GetHospitalLevel (API) in 25ms
17:42:12 INFO  - Executed action GD.API.Controllers.Doctor.HospitalController.GetHospitalPageAsync (API) in 143ms
17:42:14 INFO  - Executed action GD.API.Controllers.Doctor.HospitalController.GetHospitalInfoAsync (API) in 58ms
17:42:25 INFO  - Executed action GD.API.Controllers.Doctor.HospitalController.GetHospitalInfoAsync (API) in 61ms
17:42:30 INFO  - Executed action GD.API.Controllers.Doctor.HospitalController.GetHospitalInfoAsync (API) in 66ms
17:42:36 INFO  - Executed action GD.API.Controllers.Doctor.HospitalController.GetHospitalOfficeSelectAsync (API) in 31ms
17:43:26 INFO  - Executed action GD.API.Controllers.Doctor.HospitalController.GetHospitalInfoAsync (API) in 56ms
17:46:06 INFO  - Executed action GD.API.Controllers.Doctor.HospitalController.GetHospitalAllSelectAsync (API) in 62ms
17:46:06 INFO  - Executed action GD.API.Controllers.Doctor.DoctorController.GetDoctorCertificateDetailAsync (API) in 44ms
17:46:06 INFO  - Executed action GD.API.Controllers.Doctor.DoctorController.GetDoctorPageAsync (API) in 333ms
17:46:10 INFO  - Executed action GD.API.Controllers.Doctor.DoctorController.GetDoctorJobTitlesAsync (API) in 4106ms
17:46:11 INFO  - Executed action GD.API.Controllers.Doctor.DoctorController.GetIntegralInfoPageAsync (API) in 57ms
17:46:14 INFO  - Executed action GD.API.Controllers.Doctor.DoctorController.GetDoctorIntegralPageAsync (API) in 141ms
17:46:18 INFO  - Executed action GD.API.Controllers.Doctor.DoctorController.GetDoctorCertificateDetailAsync (API) in 27ms
17:46:18 INFO  - Executed action GD.API.Controllers.Doctor.DoctorController.GetDoctorJobTitlesAsync (API) in 49ms
17:46:18 INFO  - Executed action GD.API.Controllers.Doctor.DoctorController.GetDoctorPageAsync (API) in 100ms
17:46:22 INFO  - Executed action GD.API.Controllers.Utility.ArticleController.GetArticleTypeAsync (API) in 28ms
17:46:22 INFO  - Executed action GD.API.Controllers.Utility.ArticleController.GetArticleListAsync (API) in 125ms
17:46:25 INFO  - Executed action GD.API.Controllers.Manager.RecommendController.GetRecommendPageAsync (API) in 71ms
17:46:28 INFO  - Executed action GD.API.Controllers.Manager.RecommendController.GetRecommendArticleListAsync (API) in 82ms
17:46:35 INFO  - Executed action GD.API.Controllers.Merchant.MerchantController.GetHospitalSelectAsync (API) in 42ms
17:46:35 INFO  - Executed action GD.API.Controllers.Merchant.MerchantController.GetBusinessScopeListAsync (API) in 61ms
17:46:35 INFO  - Executed action GD.API.Controllers.System.DictionaryController.GetMerchantDictionaryAsync (API) in 28ms
17:46:36 INFO  - Executed action GD.API.Controllers.Merchant.MerchantController.GetMerchantPageAsync (API) in 82ms
17:50:17 INFO  - Executed action GD.API.Controllers.Merchant.MerchantController.GetMerchantOrderDetailPageAsync (API) in 66ms
17:50:20 INFO  - Executed action GD.API.Controllers.Merchant.MerchantController.GetBusinessScopeListAsync (API) in 26ms
17:50:20 INFO  - Executed action GD.API.Controllers.Merchant.MerchantController.GetMerchantInfoAsync (API) in 56ms
17:50:20 INFO  - Executed action GD.API.Controllers.Merchant.MerchantController.GetMerchantCertificateAsync (API) in 28ms
17:50:20 INFO  - Executed action GD.API.Controllers.Merchant.MerchantController.GetBusinessScopeLicenseListAsync (API) in 34ms
17:50:28 INFO  - Executed action GD.API.Controllers.Merchant.MerchantController.GetMerchantInfoAsync (API) in 48ms
17:50:28 INFO  - Executed action GD.API.Controllers.Merchant.MerchantController.GetMerchantCertificateAsync (API) in 19ms
17:50:28 INFO  - Executed action GD.API.Controllers.Merchant.MerchantController.GetBusinessScopeLicenseListAsync (API) in 34ms
17:50:31 INFO  - Executed action GD.API.Controllers.Merchant.MerchantController.GetMerchantInfoAsync (API) in 42ms
17:50:31 INFO  - Executed action GD.API.Controllers.Merchant.MerchantController.GetMerchantCertificateAsync (API) in 24ms
17:50:31 INFO  - Executed action GD.API.Controllers.Merchant.MerchantController.GetBusinessScopeLicenseListAsync (API) in 28ms
17:51:12 INFO  - Executed action GD.API.Controllers.Merchant.MerchantController.GetMerchantInfoAsync (API) in 283ms
17:51:12 INFO  - Executed action GD.API.Controllers.Merchant.MerchantController.GetBusinessScopeLicenseListAsync (API) in 73ms
17:51:12 INFO  - Executed action GD.API.Controllers.Merchant.MerchantController.GetMerchantCertificateAsync (API) in 154ms
17:51:24 INFO  - Executed action GD.API.Controllers.Merchant.MerchantController.GetMerchantInfoAsync (API) in 173ms
17:51:24 INFO  - Executed action GD.API.Controllers.Merchant.MerchantController.GetMerchantCertificateAsync (API) in 158ms
17:51:24 INFO  - Executed action GD.API.Controllers.Merchant.MerchantController.GetBusinessScopeLicenseListAsync (API) in 156ms
18:00:21 INFO  - Executed action GD.API.Controllers.System.BannerController.GetBannerType1 (API) in 87ms
18:00:22 INFO  - Executed action GD.API.Controllers.System.BannerController.GetBannerPageAsync (API) in 67ms
18:00:26 INFO  - Executed action GD.API.Controllers.System.DictionaryController.GetFaqsSettingTypeAsync (API) in 24ms
18:00:26 INFO  - Executed action GD.API.Controllers.Faqs.FaqsController.SearchFaqsQuestionAsync (API) in 187ms
18:00:37 INFO  - Bad request GD.API.Controllers.Faqs.FaqsController.DisableEnableFaqsQuestionAsync (API) with The Guid field is required.
18:00:42 INFO  - Bad request GD.API.Controllers.Faqs.FaqsController.DisableEnableFaqsQuestionAsync (API) with The Guid field is required.
