13:52:55 INFO  - Executed action GD.API.Controllers.Utility.AccountController.LoginAdmin (API) in 111ms
13:52:55 INFO  - Executed action GD.API.Controllers.System.UserController.GetLoginUserInfoAsync (API) in 167ms
13:52:56 INFO  - Executed action GD.API.Controllers.System.HomeController.GetUserQtyAsync (API) in 49ms
13:52:56 INFO  - Executed action GD.API.Controllers.System.HomeController.GetOrderQtyAsync (API) in 47ms
13:52:56 INFO  - Executed action GD.API.Controllers.System.HomeController.GetDoctorsQtyAsync (API) in 26ms
13:52:56 INFO  - Executed action GD.API.Controllers.System.HomeController.GetMerchantQtyAsync (API) in 18ms
20:47:04 INFO  - Executed action GD.API.Controllers.System.UserController.GetLoginUserInfoAsync (API) in 1421ms
20:47:05 INFO  - Executed action GD.API.Controllers.System.HomeController.GetUserQtyAsync (API) in 75ms
20:47:05 INFO  - Executed action GD.API.Controllers.System.HomeController.GetOrderQtyAsync (API) in 22ms
20:47:05 INFO  - Executed action GD.API.Controllers.System.HomeController.GetDoctorsQtyAsync (API) in 111ms
20:47:05 INFO  - Executed action GD.API.Controllers.System.HomeController.GetMerchantQtyAsync (API) in 151ms
20:47:11 INFO  - Executed action GD.API.Controllers.Faqs.FaqsController.SearchFaqsQuestionAsync (API) in 164ms
20:47:14 INFO  - Executed action GD.API.Controllers.System.DictionaryController.GetFaqsSettingTypeAsync (API) in 3793ms
20:47:17 INFO  - Executed action GD.API.Controllers.Doctor.DoctorController.GetDoctorJobTitlesAsync (API) in 43ms
20:47:17 INFO  - Executed action GD.API.Controllers.Doctor.HospitalController.GetHospitalAllSelectAsync (API) in 99ms
20:47:17 INFO  - Executed action GD.API.Controllers.Doctor.DoctorController.GetDoctorCertificateDetailAsync (API) in 93ms
20:47:17 INFO  - Executed action GD.API.Controllers.Doctor.DoctorController.GetDoctorPageAsync (API) in 256ms
20:48:58 INFO  - Executed action GD.API.Controllers.System.UserController.GetLoginUserInfoAsync (API) in 1316ms
20:48:58 INFO  - Executed action GD.API.Controllers.Faqs.FaqsController.SearchFaqsQuestionAsync (API) in 153ms
20:49:02 INFO  - Executed action GD.API.Controllers.Doctor.DoctorController.GetDoctorCertificateDetailAsync (API) in 34ms
20:49:02 INFO  - Executed action GD.API.Controllers.Doctor.DoctorController.GetDoctorPageAsync (API) in 247ms
20:49:02 INFO  - Executed action GD.API.Controllers.Doctor.HospitalController.GetHospitalAllSelectAsync (API) in 229ms
20:49:02 INFO  - Executed action GD.API.Controllers.System.DictionaryController.GetFaqsSettingTypeAsync (API) in 4170ms
20:49:02 INFO  - Executed action GD.API.Controllers.Doctor.DoctorController.GetDoctorJobTitlesAsync (API) in 308ms
20:50:20 INFO  - Executed action GD.API.Controllers.Doctor.DoctorController.GetDoctorPageAsync (API) in 827ms
