09:45:33 INFO  - 开始保存聊天消息数据
09:45:33 INFO  - 聊天消息数据保存完成，共处理条 0 数据。耗时：0时0分0秒986毫秒
09:46:32 INFO  - 开始保存聊天消息数据
09:46:32 INFO  - 聊天消息数据保存完成，共处理条 0 数据。耗时：0时0分0秒11毫秒
09:47:32 INFO  - 开始保存聊天消息数据
09:47:32 INFO  - 聊天消息数据保存完成，共处理条 0 数据。耗时：0时0分0秒5毫秒
09:47:34 INFO  - Executed action GD.Host.Controllers.AccountController.LoginAdmin (PAPI) in 662ms
09:47:35 INFO  - Executed action GD.API.Controllers.System.UserController.GetLoginUserInfoAsync (API) in 567ms
09:47:35 INFO  - Executed action GD.API.Controllers.System.HomeController.GetOrderQtyAsync (API) in 41ms
09:47:35 INFO  - Executed action GD.API.Controllers.System.HomeController.GetMerchantQtyAsync (API) in 81ms
09:47:35 INFO  - Executed action GD.API.Controllers.System.HomeController.GetUserQtyAsync (API) in 62ms
09:47:35 INFO  - Executed action GD.API.Controllers.System.HomeController.GetDoctorsQtyAsync (API) in 97ms
09:48:32 INFO  - 开始保存聊天消息数据
09:48:32 INFO  - 聊天消息数据保存完成，共处理条 0 数据。耗时：0时0分0秒9毫秒
09:48:59 INFO  - Executed action GD.API.Controllers.Utility.ArticleController.GetArticleTypeAsync (API) in 1850ms
09:49:00 INFO  - Executed action GD.API.Controllers.Utility.ArticleController.GetArticleListAsync (API) in 146ms
09:49:05 INFO  - Executed action GD.API.Controllers.Doctor.HospitalController.GetHospitalLevel (API) in 5ms
09:49:05 INFO  - Executed action GD.API.Controllers.Doctor.HospitalController.GetHospitalPageAsync (API) in 49ms
09:49:09 INFO  - Executed action GD.API.Controllers.Doctor.HospitalController.GetHospitalAllSelectAsync (API) in 24ms
09:49:09 INFO  - Executed action GD.API.Controllers.Doctor.DoctorController.GetDoctorJobTitlesAsync (API) in 51ms
09:49:09 INFO  - Executed action GD.API.Controllers.Doctor.DoctorController.GetDoctorPageAsync (API) in 81ms
09:49:19 INFO  - Executed action GD.API.Controllers.System.UserController.GetLoginUserInfoAsync (API) in 136ms
09:49:19 INFO  - Executed action GD.API.Controllers.Doctor.DoctorController.GetDoctorPageAsync (API) in 59ms
09:49:32 INFO  - 开始保存聊天消息数据
09:49:32 INFO  - 聊天消息数据保存完成，共处理条 0 数据。耗时：0时0分0秒5毫秒
09:50:32 INFO  - 开始保存聊天消息数据
09:50:32 INFO  - 聊天消息数据保存完成，共处理条 0 数据。耗时：0时0分0秒10毫秒
09:51:32 INFO  - 开始保存聊天消息数据
09:51:32 INFO  - 聊天消息数据保存完成，共处理条 0 数据。耗时：0时0分0秒9毫秒
09:52:32 INFO  - 开始保存聊天消息数据
09:52:32 INFO  - 聊天消息数据保存完成，共处理条 0 数据。耗时：0时0分0秒10毫秒
09:53:32 INFO  - 开始保存聊天消息数据
09:53:32 INFO  - 聊天消息数据保存完成，共处理条 0 数据。耗时：0时0分0秒9毫秒
09:54:32 INFO  - 开始保存聊天消息数据
09:54:32 INFO  - 聊天消息数据保存完成，共处理条 0 数据。耗时：0时0分0秒9毫秒
09:55:32 INFO  - 开始保存聊天消息数据
09:55:32 INFO  - 聊天消息数据保存完成，共处理条 0 数据。耗时：0时0分0秒9毫秒
09:56:32 INFO  - 开始保存聊天消息数据
09:56:32 INFO  - 聊天消息数据保存完成，共处理条 0 数据。耗时：0时0分0秒9毫秒
09:57:32 INFO  - 开始保存聊天消息数据
09:57:32 INFO  - 聊天消息数据保存完成，共处理条 0 数据。耗时：0时0分0秒9毫秒
09:58:32 INFO  - 开始保存聊天消息数据
09:58:32 INFO  - 聊天消息数据保存完成，共处理条 0 数据。耗时：0时0分0秒9毫秒
09:59:32 INFO  - 开始保存聊天消息数据
09:59:32 INFO  - 聊天消息数据保存完成，共处理条 0 数据。耗时：0时0分0秒9毫秒
10:00:32 INFO  - 开始保存聊天消息数据
10:00:32 INFO  - 聊天消息数据保存完成，共处理条 0 数据。耗时：0时0分0秒10毫秒
10:01:32 INFO  - 开始保存聊天消息数据
10:01:32 INFO  - 聊天消息数据保存完成，共处理条 0 数据。耗时：0时0分0秒10毫秒
10:02:32 INFO  - 开始保存聊天消息数据
10:02:32 INFO  - 聊天消息数据保存完成，共处理条 0 数据。耗时：0时0分0秒12毫秒
10:03:32 INFO  - 开始保存聊天消息数据
10:03:32 INFO  - 聊天消息数据保存完成，共处理条 0 数据。耗时：0时0分0秒8毫秒
10:04:32 INFO  - 开始保存聊天消息数据
10:04:32 INFO  - 聊天消息数据保存完成，共处理条 0 数据。耗时：0时0分0秒10毫秒
10:05:32 INFO  - 开始保存聊天消息数据
10:05:32 INFO  - 聊天消息数据保存完成，共处理条 0 数据。耗时：0时0分0秒9毫秒
10:06:32 INFO  - 开始保存聊天消息数据
10:06:32 INFO  - 聊天消息数据保存完成，共处理条 0 数据。耗时：0时0分0秒9毫秒
10:07:32 INFO  - 开始保存聊天消息数据
10:07:32 INFO  - 聊天消息数据保存完成，共处理条 0 数据。耗时：0时0分0秒17毫秒
10:08:32 INFO  - 开始保存聊天消息数据
10:08:32 INFO  - 聊天消息数据保存完成，共处理条 0 数据。耗时：0时0分0秒10毫秒
10:09:32 INFO  - 开始保存聊天消息数据
10:09:32 INFO  - 聊天消息数据保存完成，共处理条 0 数据。耗时：0时0分0秒14毫秒
10:10:32 INFO  - 开始保存聊天消息数据
10:10:32 INFO  - 聊天消息数据保存完成，共处理条 0 数据。耗时：0时0分0秒9毫秒
10:11:32 INFO  - 开始保存聊天消息数据
10:11:32 INFO  - 聊天消息数据保存完成，共处理条 0 数据。耗时：0时0分0秒9毫秒
10:12:32 INFO  - 开始保存聊天消息数据
10:12:32 INFO  - 聊天消息数据保存完成，共处理条 0 数据。耗时：0时0分0秒9毫秒
10:13:32 INFO  - 开始保存聊天消息数据
10:13:32 INFO  - 聊天消息数据保存完成，共处理条 0 数据。耗时：0时0分0秒10毫秒
10:13:53 INFO  - Executed action GD.API.Controllers.System.UserController.GetLoginUserInfoAsync (API) in 179ms
10:13:53 INFO  - Executed action GD.API.Controllers.System.UserController.GetLoginUserInfoAsync (API) in 130ms
10:13:54 INFO  - Executed action GD.API.Controllers.Doctor.DoctorController.GetDoctorPageAsync (API) in 74ms
10:13:54 INFO  - Executed action GD.API.Controllers.Doctor.DoctorController.GetDoctorJobTitlesAsync (API) in 94ms
10:13:54 INFO  - Executed action GD.API.Controllers.Doctor.HospitalController.GetHospitalAllSelectAsync (API) in 114ms
10:13:54 INFO  - Executed action GD.API.Controllers.Doctor.DoctorController.GetDoctorPageAsync (API) in 122ms
10:13:58 INFO  - Executed action GD.API.Controllers.System.UserController.GetLoginUserInfoAsync (API) in 167ms
10:13:59 INFO  - Executed action GD.API.Controllers.Doctor.DoctorController.GetDoctorPageAsync (API) in 63ms
10:14:12 INFO  - Executed action GD.API.Controllers.System.UserController.GetLoginUserInfoAsync (API) in 164ms
10:14:12 INFO  - Executed action GD.API.Controllers.Doctor.HospitalController.GetHospitalAllSelectAsync (API) in 35ms
10:14:12 INFO  - Executed action GD.API.Controllers.Doctor.DoctorController.GetDoctorPageAsync (API) in 64ms
10:14:12 INFO  - Executed action GD.API.Controllers.Doctor.DoctorController.GetDoctorJobTitlesAsync (API) in 40ms
10:14:13 INFO  - Executed action GD.API.Controllers.System.UserController.GetLoginUserInfoAsync (API) in 179ms
10:14:13 INFO  - Executed action GD.API.Controllers.Doctor.DoctorController.GetDoctorPageAsync (API) in 89ms
10:14:17 INFO  - Executed action GD.API.Controllers.System.UserController.GetLoginUserInfoAsync (API) in 163ms
10:14:17 INFO  - Executed action GD.API.Controllers.Doctor.DoctorController.GetDoctorPageAsync (API) in 86ms
10:14:19 INFO  - Executed action GD.API.Controllers.System.UserController.GetLoginUserInfoAsync (API) in 250ms
10:14:19 INFO  - Executed action GD.API.Controllers.Doctor.DoctorController.GetDoctorPageAsync (API) in 61ms
10:14:22 INFO  - Executed action GD.API.Controllers.System.UserController.GetLoginUserInfoAsync (API) in 173ms
10:14:22 INFO  - Executed action GD.API.Controllers.Doctor.DoctorController.GetDoctorPageAsync (API) in 77ms
10:14:32 INFO  - 开始保存聊天消息数据
10:14:32 INFO  - 聊天消息数据保存完成，共处理条 0 数据。耗时：0时0分0秒5毫秒
10:14:56 INFO  - Executed action GD.API.Controllers.System.UserController.GetLoginUserInfoAsync (API) in 153ms
10:14:56 INFO  - Executed action GD.API.Controllers.Doctor.DoctorController.GetDoctorPageAsync (API) in 53ms
10:14:56 INFO  - Executed action GD.API.Controllers.Doctor.DoctorController.GetDoctorJobTitlesAsync (API) in 50ms
10:14:56 INFO  - Executed action GD.API.Controllers.Doctor.HospitalController.GetHospitalAllSelectAsync (API) in 26ms
10:15:19 INFO  - Executed action GD.API.Controllers.System.MenuController.GetMenuTreeAsync (API) in 53ms
10:15:21 INFO  - Executed action GD.API.Controllers.System.MenuController.GetMenuTreeAsync (API) in 20ms
10:15:32 INFO  - 开始保存聊天消息数据
10:15:32 INFO  - 聊天消息数据保存完成，共处理条 0 数据。耗时：0时0分0秒16毫秒
10:16:17 INFO  - Executed action GD.API.Controllers.System.MenuController.AddMenuAsync (API) in 88ms
10:16:17 INFO  - Executed action GD.API.Controllers.System.MenuController.GetMenuTreeAsync (API) in 46ms
10:16:24 INFO  - Executed action GD.API.Controllers.System.UserController.GetLoginUserInfoAsync (API) in 160ms
10:16:24 INFO  - Executed action GD.API.Controllers.System.MenuController.GetMenuTreeAsync (API) in 31ms
10:16:32 INFO  - 开始保存聊天消息数据
10:16:32 INFO  - 聊天消息数据保存完成，共处理条 0 数据。耗时：0时0分0秒5毫秒
10:16:58 INFO  - Executed action GD.API.Controllers.System.MenuController.UpdateMenuAsync (API) in 51ms
10:16:58 INFO  - Executed action GD.API.Controllers.System.MenuController.GetMenuTreeAsync (API) in 34ms
10:17:01 INFO  - Executed action GD.API.Controllers.System.UserController.GetLoginUserInfoAsync (API) in 167ms
10:17:02 INFO  - Executed action GD.API.Controllers.System.MenuController.GetMenuTreeAsync (API) in 25ms
10:17:05 INFO  - Executed action GD.API.Controllers.Doctor.DoctorController.GetDoctorPageAsync (API) in 82ms
10:17:32 INFO  - 开始保存聊天消息数据
10:17:32 INFO  - 聊天消息数据保存完成，共处理条 0 数据。耗时：0时0分0秒26毫秒
10:17:49 INFO  - Executed action GD.API.Controllers.System.UserController.GetLoginUserInfoAsync (API) in 167ms
10:17:50 INFO  - Executed action GD.API.Controllers.System.UserController.GetLoginUserInfoAsync (API) in 139ms
10:17:50 INFO  - Executed action GD.API.Controllers.System.UserController.GetLoginUserInfoAsync (API) in 139ms
10:17:54 INFO  - Executed action GD.API.Controllers.System.UserController.GetLoginUserInfoAsync (API) in 148ms
10:17:54 INFO  - Executed action GD.API.Controllers.System.UserController.GetLoginUserInfoAsync (API) in 198ms
10:17:54 INFO  - Executed action GD.API.Controllers.System.UserController.GetLoginUserInfoAsync (API) in 143ms
10:17:56 INFO  - Executed action GD.API.Controllers.System.UserController.GetLoginUserInfoAsync (API) in 162ms
10:17:56 INFO  - Executed action GD.API.Controllers.System.UserController.GetLoginUserInfoAsync (API) in 168ms
10:17:57 INFO  - Executed action GD.API.Controllers.System.MenuController.GetMenuTreeAsync (API) in 28ms
10:18:01 INFO  - Executed action GD.API.Controllers.Doctor.DoctorController.GetDoctorPageAsync (API) in 75ms
10:18:32 INFO  - 开始保存聊天消息数据
10:18:32 INFO  - 聊天消息数据保存完成，共处理条 0 数据。耗时：0时0分0秒10毫秒
10:19:01 INFO  - Executed action GD.API.Controllers.System.UserController.GetLoginUserInfoAsync (API) in 142ms
10:19:32 INFO  - 开始保存聊天消息数据
10:19:32 INFO  - 聊天消息数据保存完成，共处理条 0 数据。耗时：0时0分0秒8毫秒
10:19:48 INFO  - Executed action GD.API.Controllers.System.UserController.GetLoginUserInfoAsync (API) in 152ms
10:19:48 INFO  - Executed action GD.API.Controllers.Doctor.DoctorController.GetDoctorPageAsync (API) in 79ms
10:20:06 INFO  - Executed action GD.API.Controllers.Merchant.MerchantController.GetBusinessScopeListAsync (API) in 18ms
10:20:06 INFO  - Executed action GD.API.Controllers.Merchant.MerchantController.GetMerchantPageAsync (API) in 82ms
10:20:08 INFO  - Executed action GD.API.Controllers.Doctor.DoctorController.GetDoctorPageAsync (API) in 66ms
10:20:09 INFO  - Executed action GD.API.Controllers.Mall.MemberController.GetMemberPageAsync (API) in 100ms
10:20:11 INFO  - Executed action GD.API.Controllers.Doctor.DoctorController.GetDoctorPageAsync (API) in 67ms
10:20:22 INFO  - Executed action GD.API.Controllers.System.UserController.GetLoginUserInfoAsync (API) in 156ms
10:20:22 INFO  - Executed action GD.API.Controllers.System.UserController.GetLoginUserInfoAsync (API) in 131ms
10:20:22 INFO  - Executed action GD.API.Controllers.System.UserController.GetLoginUserInfoAsync (API) in 150ms
10:20:23 INFO  - Executed action GD.API.Controllers.Doctor.DoctorController.GetDoctorPageAsync (API) in 91ms
10:20:32 INFO  - 开始保存聊天消息数据
10:20:32 INFO  - 聊天消息数据保存完成，共处理条 0 数据。耗时：0时0分0秒5毫秒
10:20:43 INFO  - Executed action GD.API.Controllers.System.UserController.GetLoginUserInfoAsync (API) in 145ms
10:20:43 INFO  - Executed action GD.API.Controllers.System.UserController.GetLoginUserInfoAsync (API) in 146ms
10:20:43 INFO  - Executed action GD.API.Controllers.System.UserController.GetLoginUserInfoAsync (API) in 162ms
10:21:04 INFO  - Executed action GD.API.Controllers.System.UserController.GetLoginUserInfoAsync (API) in 164ms
10:21:04 INFO  - Executed action GD.API.Controllers.System.UserController.GetLoginUserInfoAsync (API) in 150ms
10:21:04 INFO  - Executed action GD.API.Controllers.System.UserController.GetLoginUserInfoAsync (API) in 157ms
10:21:08 INFO  - Executed action GD.API.Controllers.Mall.MemberController.GetMemberPageAsync (API) in 139ms
10:21:27 INFO  - Executed action GD.API.Controllers.System.UserController.GetLoginUserInfoAsync (API) in 142ms
10:21:27 INFO  - Executed action GD.API.Controllers.System.UserController.GetLoginUserInfoAsync (API) in 158ms
10:21:27 INFO  - Executed action GD.API.Controllers.System.UserController.GetLoginUserInfoAsync (API) in 150ms
10:21:28 INFO  - Executed action GD.API.Controllers.Mall.MemberController.GetMemberPageAsync (API) in 52ms
10:21:31 INFO  - Executed action GD.API.Controllers.System.UserController.GetLoginUserInfoAsync (API) in 156ms
10:21:31 INFO  - Executed action GD.API.Controllers.System.UserController.GetLoginUserInfoAsync (API) in 146ms
10:21:31 INFO  - Executed action GD.API.Controllers.System.UserController.GetLoginUserInfoAsync (API) in 170ms
10:21:31 INFO  - Executed action GD.API.Controllers.Mall.MemberController.GetMemberPageAsync (API) in 58ms
10:21:32 INFO  - 开始保存聊天消息数据
10:21:32 INFO  - 聊天消息数据保存完成，共处理条 0 数据。耗时：0时0分0秒6毫秒
10:21:34 INFO  - Executed action GD.API.Controllers.Mall.MemberController.GetMemberPageAsync (API) in 71ms
10:21:44 INFO  - Executed action GD.API.Controllers.System.MenuController.GetMenuTreeAsync (API) in 22ms
10:22:05 INFO  - Executed action GD.API.Controllers.System.MenuController.UpdateMenuAsync (API) in 43ms
10:22:05 INFO  - Executed action GD.API.Controllers.System.MenuController.GetMenuTreeAsync (API) in 36ms
10:22:10 INFO  - Executed action GD.API.Controllers.System.UserController.GetLoginUserInfoAsync (API) in 153ms
10:22:10 INFO  - Executed action GD.API.Controllers.System.MenuController.GetMenuTreeAsync (API) in 33ms
10:22:13 INFO  - Executed action GD.API.Controllers.Doctor.DoctorController.GetDoctorPageAsync (API) in 63ms
10:22:32 INFO  - 开始保存聊天消息数据
10:22:32 INFO  - 聊天消息数据保存完成，共处理条 0 数据。耗时：0时0分0秒23毫秒
10:23:32 INFO  - 开始保存聊天消息数据
10:23:32 INFO  - 聊天消息数据保存完成，共处理条 0 数据。耗时：0时0分0秒9毫秒
10:23:37 INFO  - Executed action GD.API.Controllers.System.UserController.GetLoginUserInfoAsync (API) in 143ms
10:23:37 INFO  - Executed action GD.API.Controllers.System.UserController.GetLoginUserInfoAsync (API) in 136ms
10:23:37 INFO  - Executed action GD.API.Controllers.System.UserController.GetLoginUserInfoAsync (API) in 129ms
10:23:38 INFO  - Executed action GD.API.Controllers.Doctor.DoctorController.GetDoctorPageAsync (API) in 76ms
10:23:41 INFO  - Executed action GD.API.Controllers.System.UserController.GetLoginUserInfoAsync (API) in 154ms
10:23:42 INFO  - Executed action GD.API.Controllers.Doctor.DoctorController.GetDoctorPageAsync (API) in 61ms
10:23:48 INFO  - Executed action GD.API.Controllers.System.MenuController.GetMenuTreeAsync (API) in 25ms
10:24:01 INFO  - Executed action GD.API.Controllers.System.MenuController.UpdateMenuAsync (API) in 133ms
10:24:01 INFO  - Executed action GD.API.Controllers.System.MenuController.GetMenuTreeAsync (API) in 51ms
10:24:06 INFO  - Executed action GD.API.Controllers.System.UserController.GetLoginUserInfoAsync (API) in 143ms
10:24:07 INFO  - Executed action GD.API.Controllers.System.MenuController.GetMenuTreeAsync (API) in 29ms
10:24:32 INFO  - 开始保存聊天消息数据
10:24:32 INFO  - 聊天消息数据保存完成，共处理条 0 数据。耗时：0时0分0秒12毫秒
10:25:32 INFO  - 开始保存聊天消息数据
10:25:32 INFO  - 聊天消息数据保存完成，共处理条 0 数据。耗时：0时0分0秒35毫秒
10:26:32 INFO  - 开始保存聊天消息数据
10:26:32 INFO  - 聊天消息数据保存完成，共处理条 0 数据。耗时：0时0分0秒10毫秒
10:27:32 INFO  - 开始保存聊天消息数据
10:27:32 INFO  - 聊天消息数据保存完成，共处理条 0 数据。耗时：0时0分0秒10毫秒
10:28:32 INFO  - 开始保存聊天消息数据
10:28:32 INFO  - 聊天消息数据保存完成，共处理条 0 数据。耗时：0时0分0秒11毫秒
10:29:32 INFO  - 开始保存聊天消息数据
10:29:32 INFO  - 聊天消息数据保存完成，共处理条 0 数据。耗时：0时0分0秒9毫秒
10:30:32 INFO  - 开始保存聊天消息数据
10:30:32 INFO  - 聊天消息数据保存完成，共处理条 0 数据。耗时：0时0分0秒9毫秒
10:31:32 INFO  - 开始保存聊天消息数据
10:31:32 INFO  - 聊天消息数据保存完成，共处理条 0 数据。耗时：0时0分0秒5毫秒
10:32:32 INFO  - 开始保存聊天消息数据
10:32:32 INFO  - 聊天消息数据保存完成，共处理条 0 数据。耗时：0时0分0秒9毫秒
10:33:32 INFO  - 开始保存聊天消息数据
10:33:32 INFO  - 聊天消息数据保存完成，共处理条 0 数据。耗时：0时0分0秒10毫秒
10:34:32 INFO  - 开始保存聊天消息数据
10:34:32 INFO  - 聊天消息数据保存完成，共处理条 0 数据。耗时：0时0分0秒9毫秒
10:35:32 INFO  - 开始保存聊天消息数据
10:35:32 INFO  - 聊天消息数据保存完成，共处理条 0 数据。耗时：0时0分0秒9毫秒
10:36:32 INFO  - 开始保存聊天消息数据
10:36:32 INFO  - 聊天消息数据保存完成，共处理条 0 数据。耗时：0时0分0秒9毫秒
10:37:32 INFO  - 开始保存聊天消息数据
10:37:32 INFO  - 聊天消息数据保存完成，共处理条 0 数据。耗时：0时0分0秒9毫秒
10:38:32 INFO  - 开始保存聊天消息数据
10:38:32 INFO  - 聊天消息数据保存完成，共处理条 0 数据。耗时：0时0分0秒8毫秒
10:39:32 INFO  - 开始保存聊天消息数据
10:39:32 INFO  - 聊天消息数据保存完成，共处理条 0 数据。耗时：0时0分0秒10毫秒
10:40:32 INFO  - 开始保存聊天消息数据
10:40:32 INFO  - 聊天消息数据保存完成，共处理条 0 数据。耗时：0时0分0秒9毫秒
10:41:32 INFO  - 开始保存聊天消息数据
10:41:32 INFO  - 聊天消息数据保存完成，共处理条 0 数据。耗时：0时0分0秒8毫秒
10:42:32 INFO  - 开始保存聊天消息数据
10:42:32 INFO  - 聊天消息数据保存完成，共处理条 0 数据。耗时：0时0分0秒9毫秒
10:43:32 INFO  - 开始保存聊天消息数据
10:43:32 INFO  - 聊天消息数据保存完成，共处理条 0 数据。耗时：0时0分0秒10毫秒
10:44:32 INFO  - 开始保存聊天消息数据
10:44:32 INFO  - 聊天消息数据保存完成，共处理条 0 数据。耗时：0时0分0秒11毫秒
10:45:32 INFO  - 开始保存聊天消息数据
10:45:32 INFO  - 聊天消息数据保存完成，共处理条 0 数据。耗时：0时0分0秒8毫秒
10:46:32 INFO  - 开始保存聊天消息数据
10:46:32 INFO  - 聊天消息数据保存完成，共处理条 0 数据。耗时：0时0分0秒9毫秒
10:47:32 INFO  - 开始保存聊天消息数据
10:47:32 INFO  - 聊天消息数据保存完成，共处理条 0 数据。耗时：0时0分0秒9毫秒
10:48:32 INFO  - 开始保存聊天消息数据
10:48:32 INFO  - 聊天消息数据保存完成，共处理条 0 数据。耗时：0时0分0秒11毫秒
10:49:32 INFO  - 开始保存聊天消息数据
10:49:32 INFO  - 聊天消息数据保存完成，共处理条 0 数据。耗时：0时0分0秒9毫秒
10:50:32 INFO  - 开始保存聊天消息数据
10:50:32 INFO  - 聊天消息数据保存完成，共处理条 0 数据。耗时：0时0分0秒10毫秒
10:51:32 INFO  - 开始保存聊天消息数据
10:51:32 INFO  - 聊天消息数据保存完成，共处理条 0 数据。耗时：0时0分0秒10毫秒
10:52:32 INFO  - 开始保存聊天消息数据
10:52:32 INFO  - 聊天消息数据保存完成，共处理条 0 数据。耗时：0时0分0秒8毫秒
10:53:32 INFO  - 开始保存聊天消息数据
10:53:32 INFO  - 聊天消息数据保存完成，共处理条 0 数据。耗时：0时0分0秒11毫秒
10:54:32 INFO  - 开始保存聊天消息数据
10:54:32 INFO  - 聊天消息数据保存完成，共处理条 0 数据。耗时：0时0分0秒9毫秒
10:55:32 INFO  - 开始保存聊天消息数据
10:55:32 INFO  - 聊天消息数据保存完成，共处理条 0 数据。耗时：0时0分0秒8毫秒
10:56:32 INFO  - 开始保存聊天消息数据
10:56:32 INFO  - 聊天消息数据保存完成，共处理条 0 数据。耗时：0时0分0秒10毫秒
10:57:32 INFO  - 开始保存聊天消息数据
10:57:32 INFO  - 聊天消息数据保存完成，共处理条 0 数据。耗时：0时0分0秒10毫秒
10:58:32 INFO  - 开始保存聊天消息数据
10:58:32 INFO  - 聊天消息数据保存完成，共处理条 0 数据。耗时：0时0分0秒9毫秒
10:59:32 INFO  - 开始保存聊天消息数据
10:59:32 INFO  - 聊天消息数据保存完成，共处理条 0 数据。耗时：0时0分0秒13毫秒
11:00:32 INFO  - 开始保存聊天消息数据
11:00:32 INFO  - 聊天消息数据保存完成，共处理条 0 数据。耗时：0时0分0秒10毫秒
11:01:32 INFO  - 开始保存聊天消息数据
11:01:32 INFO  - 聊天消息数据保存完成，共处理条 0 数据。耗时：0时0分0秒9毫秒
11:02:32 INFO  - 开始保存聊天消息数据
11:02:32 INFO  - 聊天消息数据保存完成，共处理条 0 数据。耗时：0时0分0秒9毫秒
11:03:32 INFO  - 开始保存聊天消息数据
11:03:32 INFO  - 聊天消息数据保存完成，共处理条 0 数据。耗时：0时0分0秒9毫秒
11:04:32 INFO  - 开始保存聊天消息数据
11:04:32 INFO  - 聊天消息数据保存完成，共处理条 0 数据。耗时：0时0分0秒9毫秒
11:05:32 INFO  - 开始保存聊天消息数据
11:05:32 INFO  - 聊天消息数据保存完成，共处理条 0 数据。耗时：0时0分0秒11毫秒
11:06:32 INFO  - 开始保存聊天消息数据
11:06:32 INFO  - 聊天消息数据保存完成，共处理条 0 数据。耗时：0时0分0秒9毫秒
11:07:32 INFO  - 开始保存聊天消息数据
11:07:32 INFO  - 聊天消息数据保存完成，共处理条 0 数据。耗时：0时0分0秒12毫秒
11:08:32 INFO  - 开始保存聊天消息数据
11:08:32 INFO  - 聊天消息数据保存完成，共处理条 0 数据。耗时：0时0分0秒9毫秒
11:09:32 INFO  - 开始保存聊天消息数据
11:09:32 INFO  - 聊天消息数据保存完成，共处理条 0 数据。耗时：0时0分0秒15毫秒
11:10:32 INFO  - 开始保存聊天消息数据
11:10:32 INFO  - 聊天消息数据保存完成，共处理条 0 数据。耗时：0时0分0秒9毫秒
11:11:32 INFO  - 开始保存聊天消息数据
11:11:32 INFO  - 聊天消息数据保存完成，共处理条 0 数据。耗时：0时0分0秒10毫秒
11:12:32 INFO  - 开始保存聊天消息数据
11:12:32 INFO  - 聊天消息数据保存完成，共处理条 0 数据。耗时：0时0分0秒21毫秒
11:13:32 INFO  - 开始保存聊天消息数据
11:13:32 INFO  - 聊天消息数据保存完成，共处理条 0 数据。耗时：0时0分0秒10毫秒
11:14:32 INFO  - 开始保存聊天消息数据
11:14:32 INFO  - 聊天消息数据保存完成，共处理条 0 数据。耗时：0时0分0秒9毫秒
11:15:32 INFO  - 开始保存聊天消息数据
11:15:32 INFO  - 聊天消息数据保存完成，共处理条 0 数据。耗时：0时0分0秒9毫秒
11:16:32 INFO  - 开始保存聊天消息数据
11:16:32 INFO  - 聊天消息数据保存完成，共处理条 0 数据。耗时：0时0分0秒14毫秒
11:17:32 INFO  - 开始保存聊天消息数据
11:17:32 INFO  - 聊天消息数据保存完成，共处理条 0 数据。耗时：0时0分0秒10毫秒
11:18:32 INFO  - 开始保存聊天消息数据
11:18:32 INFO  - 聊天消息数据保存完成，共处理条 0 数据。耗时：0时0分0秒9毫秒
11:19:32 INFO  - 开始保存聊天消息数据
11:19:32 INFO  - 聊天消息数据保存完成，共处理条 0 数据。耗时：0时0分0秒10毫秒
11:20:32 INFO  - 开始保存聊天消息数据
11:20:32 INFO  - 聊天消息数据保存完成，共处理条 0 数据。耗时：0时0分0秒10毫秒
11:21:32 INFO  - 开始保存聊天消息数据
11:21:32 INFO  - 聊天消息数据保存完成，共处理条 0 数据。耗时：0时0分0秒9毫秒
11:22:32 INFO  - 开始保存聊天消息数据
11:22:32 INFO  - 聊天消息数据保存完成，共处理条 0 数据。耗时：0时0分0秒10毫秒
11:23:32 INFO  - 开始保存聊天消息数据
11:23:32 INFO  - 聊天消息数据保存完成，共处理条 0 数据。耗时：0时0分0秒10毫秒
11:24:32 INFO  - 开始保存聊天消息数据
11:24:32 INFO  - 聊天消息数据保存完成，共处理条 0 数据。耗时：0时0分0秒9毫秒
11:25:32 INFO  - 开始保存聊天消息数据
11:25:32 INFO  - 聊天消息数据保存完成，共处理条 0 数据。耗时：0时0分0秒10毫秒
11:26:32 INFO  - 开始保存聊天消息数据
11:26:32 INFO  - 聊天消息数据保存完成，共处理条 0 数据。耗时：0时0分0秒9毫秒
11:27:32 INFO  - 开始保存聊天消息数据
11:27:32 INFO  - 聊天消息数据保存完成，共处理条 0 数据。耗时：0时0分0秒9毫秒
11:28:32 INFO  - 开始保存聊天消息数据
11:28:32 INFO  - 聊天消息数据保存完成，共处理条 0 数据。耗时：0时0分0秒8毫秒
11:29:32 INFO  - 开始保存聊天消息数据
11:29:32 INFO  - 聊天消息数据保存完成，共处理条 0 数据。耗时：0时0分0秒8毫秒
11:30:32 INFO  - 开始保存聊天消息数据
11:30:32 INFO  - 聊天消息数据保存完成，共处理条 0 数据。耗时：0时0分0秒11毫秒
11:31:32 INFO  - 开始保存聊天消息数据
11:31:32 INFO  - 聊天消息数据保存完成，共处理条 0 数据。耗时：0时0分0秒97毫秒
11:32:32 INFO  - 开始保存聊天消息数据
11:32:32 INFO  - 聊天消息数据保存完成，共处理条 0 数据。耗时：0时0分0秒9毫秒
11:33:32 INFO  - 开始保存聊天消息数据
11:33:32 INFO  - 聊天消息数据保存完成，共处理条 0 数据。耗时：0时0分0秒12毫秒
11:34:32 INFO  - 开始保存聊天消息数据
11:34:32 INFO  - 聊天消息数据保存完成，共处理条 0 数据。耗时：0时0分0秒13毫秒
11:35:32 INFO  - 开始保存聊天消息数据
11:35:32 INFO  - 聊天消息数据保存完成，共处理条 0 数据。耗时：0时0分0秒8毫秒
11:36:32 INFO  - 开始保存聊天消息数据
11:36:32 INFO  - 聊天消息数据保存完成，共处理条 0 数据。耗时：0时0分0秒10毫秒
11:37:32 INFO  - 开始保存聊天消息数据
11:37:32 INFO  - 聊天消息数据保存完成，共处理条 0 数据。耗时：0时0分0秒9毫秒
11:38:32 INFO  - 开始保存聊天消息数据
11:38:32 INFO  - 聊天消息数据保存完成，共处理条 0 数据。耗时：0时0分0秒9毫秒
11:39:32 INFO  - 开始保存聊天消息数据
11:39:32 INFO  - 聊天消息数据保存完成，共处理条 0 数据。耗时：0时0分0秒8毫秒
11:40:32 INFO  - 开始保存聊天消息数据
11:40:32 INFO  - 聊天消息数据保存完成，共处理条 0 数据。耗时：0时0分0秒8毫秒
11:41:32 INFO  - 开始保存聊天消息数据
11:41:32 INFO  - 聊天消息数据保存完成，共处理条 0 数据。耗时：0时0分0秒9毫秒
11:42:32 INFO  - 开始保存聊天消息数据
11:42:32 INFO  - 聊天消息数据保存完成，共处理条 0 数据。耗时：0时0分0秒29毫秒
11:43:32 INFO  - 开始保存聊天消息数据
11:43:32 INFO  - 聊天消息数据保存完成，共处理条 0 数据。耗时：0时0分0秒10毫秒
11:44:32 INFO  - 开始保存聊天消息数据
11:44:32 INFO  - 聊天消息数据保存完成，共处理条 0 数据。耗时：0时0分0秒9毫秒
11:45:32 INFO  - 开始保存聊天消息数据
11:45:32 INFO  - 聊天消息数据保存完成，共处理条 0 数据。耗时：0时0分0秒9毫秒
11:46:32 INFO  - 开始保存聊天消息数据
11:46:32 INFO  - 聊天消息数据保存完成，共处理条 0 数据。耗时：0时0分0秒9毫秒
11:47:32 INFO  - 开始保存聊天消息数据
11:47:32 INFO  - 聊天消息数据保存完成，共处理条 0 数据。耗时：0时0分0秒22毫秒
11:48:32 INFO  - 开始保存聊天消息数据
11:48:32 INFO  - 聊天消息数据保存完成，共处理条 0 数据。耗时：0时0分0秒9毫秒
11:49:32 INFO  - 开始保存聊天消息数据
11:49:32 INFO  - 聊天消息数据保存完成，共处理条 0 数据。耗时：0时0分0秒9毫秒
11:50:32 INFO  - 开始保存聊天消息数据
11:50:32 INFO  - 聊天消息数据保存完成，共处理条 0 数据。耗时：0时0分0秒9毫秒
11:51:32 INFO  - 开始保存聊天消息数据
11:51:32 INFO  - 聊天消息数据保存完成，共处理条 0 数据。耗时：0时0分0秒10毫秒
11:52:32 INFO  - 开始保存聊天消息数据
11:52:32 INFO  - 聊天消息数据保存完成，共处理条 0 数据。耗时：0时0分0秒9毫秒
11:53:32 INFO  - 开始保存聊天消息数据
11:53:32 INFO  - 聊天消息数据保存完成，共处理条 0 数据。耗时：0时0分0秒23毫秒
11:54:32 INFO  - 开始保存聊天消息数据
11:54:32 INFO  - 聊天消息数据保存完成，共处理条 0 数据。耗时：0时0分0秒12毫秒
11:55:32 INFO  - 开始保存聊天消息数据
11:55:32 INFO  - 聊天消息数据保存完成，共处理条 0 数据。耗时：0时0分0秒16毫秒
11:56:32 INFO  - 开始保存聊天消息数据
11:56:32 INFO  - 聊天消息数据保存完成，共处理条 0 数据。耗时：0时0分0秒8毫秒
11:57:32 INFO  - 开始保存聊天消息数据
11:57:32 INFO  - 聊天消息数据保存完成，共处理条 0 数据。耗时：0时0分0秒19毫秒
11:58:32 INFO  - 开始保存聊天消息数据
11:58:32 INFO  - 聊天消息数据保存完成，共处理条 0 数据。耗时：0时0分0秒16毫秒
11:59:32 INFO  - 开始保存聊天消息数据
11:59:32 INFO  - 聊天消息数据保存完成，共处理条 0 数据。耗时：0时0分0秒8毫秒
12:00:32 INFO  - 开始保存聊天消息数据
12:00:32 INFO  - 聊天消息数据保存完成，共处理条 0 数据。耗时：0时0分0秒9毫秒
12:01:32 INFO  - 开始保存聊天消息数据
12:01:32 INFO  - 聊天消息数据保存完成，共处理条 0 数据。耗时：0时0分0秒19毫秒
12:02:32 INFO  - 开始保存聊天消息数据
12:02:32 INFO  - 聊天消息数据保存完成，共处理条 0 数据。耗时：0时0分0秒9毫秒
12:03:32 INFO  - 开始保存聊天消息数据
12:03:32 INFO  - 聊天消息数据保存完成，共处理条 0 数据。耗时：0时0分0秒9毫秒
12:04:32 INFO  - 开始保存聊天消息数据
12:04:32 INFO  - 聊天消息数据保存完成，共处理条 0 数据。耗时：0时0分0秒8毫秒
12:05:32 INFO  - 开始保存聊天消息数据
12:05:32 INFO  - 聊天消息数据保存完成，共处理条 0 数据。耗时：0时0分0秒9毫秒
12:06:32 INFO  - 开始保存聊天消息数据
12:06:32 INFO  - 聊天消息数据保存完成，共处理条 0 数据。耗时：0时0分0秒9毫秒
12:07:32 INFO  - 开始保存聊天消息数据
12:07:32 INFO  - 聊天消息数据保存完成，共处理条 0 数据。耗时：0时0分0秒9毫秒
12:08:32 INFO  - 开始保存聊天消息数据
12:08:32 INFO  - 聊天消息数据保存完成，共处理条 0 数据。耗时：0时0分0秒8毫秒
12:09:32 INFO  - 开始保存聊天消息数据
12:09:32 INFO  - 聊天消息数据保存完成，共处理条 0 数据。耗时：0时0分0秒8毫秒
12:10:32 INFO  - 开始保存聊天消息数据
12:10:32 INFO  - 聊天消息数据保存完成，共处理条 0 数据。耗时：0时0分0秒8毫秒
12:11:32 INFO  - 开始保存聊天消息数据
12:11:32 INFO  - 聊天消息数据保存完成，共处理条 0 数据。耗时：0时0分0秒9毫秒
12:12:32 INFO  - 开始保存聊天消息数据
12:12:32 INFO  - 聊天消息数据保存完成，共处理条 0 数据。耗时：0时0分0秒8毫秒
12:13:32 INFO  - 开始保存聊天消息数据
12:13:32 INFO  - 聊天消息数据保存完成，共处理条 0 数据。耗时：0时0分0秒14毫秒
12:14:32 INFO  - 开始保存聊天消息数据
12:14:32 INFO  - 聊天消息数据保存完成，共处理条 0 数据。耗时：0时0分0秒9毫秒
12:15:32 INFO  - 开始保存聊天消息数据
12:15:32 INFO  - 聊天消息数据保存完成，共处理条 0 数据。耗时：0时0分0秒8毫秒
12:16:32 INFO  - 开始保存聊天消息数据
12:16:32 INFO  - 聊天消息数据保存完成，共处理条 0 数据。耗时：0时0分0秒8毫秒
12:17:32 INFO  - 开始保存聊天消息数据
12:17:32 INFO  - 聊天消息数据保存完成，共处理条 0 数据。耗时：0时0分0秒9毫秒
12:18:32 INFO  - 开始保存聊天消息数据
12:18:32 INFO  - 聊天消息数据保存完成，共处理条 0 数据。耗时：0时0分0秒9毫秒
12:19:32 INFO  - 开始保存聊天消息数据
12:19:32 INFO  - 聊天消息数据保存完成，共处理条 0 数据。耗时：0时0分0秒9毫秒
12:20:32 INFO  - 开始保存聊天消息数据
12:20:32 INFO  - 聊天消息数据保存完成，共处理条 0 数据。耗时：0时0分0秒9毫秒
12:21:32 INFO  - 开始保存聊天消息数据
12:21:32 INFO  - 聊天消息数据保存完成，共处理条 0 数据。耗时：0时0分0秒9毫秒
12:22:32 INFO  - 开始保存聊天消息数据
12:22:32 INFO  - 聊天消息数据保存完成，共处理条 0 数据。耗时：0时0分0秒9毫秒
12:23:32 INFO  - 开始保存聊天消息数据
12:23:32 INFO  - 聊天消息数据保存完成，共处理条 0 数据。耗时：0时0分0秒9毫秒
12:24:32 INFO  - 开始保存聊天消息数据
12:24:32 INFO  - 聊天消息数据保存完成，共处理条 0 数据。耗时：0时0分0秒9毫秒
12:25:32 INFO  - 开始保存聊天消息数据
12:25:32 INFO  - 聊天消息数据保存完成，共处理条 0 数据。耗时：0时0分0秒9毫秒
12:26:32 INFO  - 开始保存聊天消息数据
12:26:32 INFO  - 聊天消息数据保存完成，共处理条 0 数据。耗时：0时0分0秒8毫秒
12:27:32 INFO  - 开始保存聊天消息数据
12:27:32 INFO  - 聊天消息数据保存完成，共处理条 0 数据。耗时：0时0分0秒9毫秒
12:28:32 INFO  - 开始保存聊天消息数据
12:28:32 INFO  - 聊天消息数据保存完成，共处理条 0 数据。耗时：0时0分0秒9毫秒
12:29:32 INFO  - 开始保存聊天消息数据
12:29:32 INFO  - 聊天消息数据保存完成，共处理条 0 数据。耗时：0时0分0秒10毫秒
12:30:32 INFO  - 开始保存聊天消息数据
12:30:32 INFO  - 聊天消息数据保存完成，共处理条 0 数据。耗时：0时0分0秒8毫秒
12:31:32 INFO  - 开始保存聊天消息数据
12:31:32 INFO  - 聊天消息数据保存完成，共处理条 0 数据。耗时：0时0分0秒9毫秒
12:32:32 INFO  - 开始保存聊天消息数据
12:32:32 INFO  - 聊天消息数据保存完成，共处理条 0 数据。耗时：0时0分0秒10毫秒
12:33:32 INFO  - 开始保存聊天消息数据
12:33:32 INFO  - 聊天消息数据保存完成，共处理条 0 数据。耗时：0时0分0秒8毫秒
12:34:32 INFO  - 开始保存聊天消息数据
12:34:32 INFO  - 聊天消息数据保存完成，共处理条 0 数据。耗时：0时0分0秒9毫秒
12:35:32 INFO  - 开始保存聊天消息数据
12:35:32 INFO  - 聊天消息数据保存完成，共处理条 0 数据。耗时：0时0分0秒8毫秒
12:36:32 INFO  - 开始保存聊天消息数据
12:36:32 INFO  - 聊天消息数据保存完成，共处理条 0 数据。耗时：0时0分0秒17毫秒
12:37:32 INFO  - 开始保存聊天消息数据
12:37:32 INFO  - 聊天消息数据保存完成，共处理条 0 数据。耗时：0时0分0秒8毫秒
12:38:32 INFO  - 开始保存聊天消息数据
12:38:32 INFO  - 聊天消息数据保存完成，共处理条 0 数据。耗时：0时0分0秒9毫秒
12:39:32 INFO  - 开始保存聊天消息数据
12:39:32 INFO  - 聊天消息数据保存完成，共处理条 0 数据。耗时：0时0分0秒8毫秒
12:40:32 INFO  - 开始保存聊天消息数据
12:40:32 INFO  - 聊天消息数据保存完成，共处理条 0 数据。耗时：0时0分0秒9毫秒
12:41:32 INFO  - 开始保存聊天消息数据
12:41:32 INFO  - 聊天消息数据保存完成，共处理条 0 数据。耗时：0时0分0秒9毫秒
12:42:32 INFO  - 开始保存聊天消息数据
12:42:32 INFO  - 聊天消息数据保存完成，共处理条 0 数据。耗时：0时0分0秒11毫秒
12:43:32 INFO  - 开始保存聊天消息数据
12:43:32 INFO  - 聊天消息数据保存完成，共处理条 0 数据。耗时：0时0分0秒8毫秒
12:44:32 INFO  - 开始保存聊天消息数据
12:44:32 INFO  - 聊天消息数据保存完成，共处理条 0 数据。耗时：0时0分0秒9毫秒
12:45:32 INFO  - 开始保存聊天消息数据
12:45:32 INFO  - 聊天消息数据保存完成，共处理条 0 数据。耗时：0时0分0秒11毫秒
12:46:32 INFO  - 开始保存聊天消息数据
12:46:32 INFO  - 聊天消息数据保存完成，共处理条 0 数据。耗时：0时0分0秒9毫秒
12:47:32 INFO  - 开始保存聊天消息数据
12:47:32 INFO  - 聊天消息数据保存完成，共处理条 0 数据。耗时：0时0分0秒9毫秒
12:48:32 INFO  - 开始保存聊天消息数据
12:48:32 INFO  - 聊天消息数据保存完成，共处理条 0 数据。耗时：0时0分0秒8毫秒
12:49:32 INFO  - 开始保存聊天消息数据
12:49:32 INFO  - 聊天消息数据保存完成，共处理条 0 数据。耗时：0时0分0秒9毫秒
12:50:32 INFO  - 开始保存聊天消息数据
12:50:32 INFO  - 聊天消息数据保存完成，共处理条 0 数据。耗时：0时0分0秒8毫秒
12:51:32 INFO  - 开始保存聊天消息数据
12:51:32 INFO  - 聊天消息数据保存完成，共处理条 0 数据。耗时：0时0分0秒10毫秒
12:52:32 INFO  - 开始保存聊天消息数据
12:52:32 INFO  - 聊天消息数据保存完成，共处理条 0 数据。耗时：0时0分0秒9毫秒
12:53:32 INFO  - 开始保存聊天消息数据
12:53:32 INFO  - 聊天消息数据保存完成，共处理条 0 数据。耗时：0时0分0秒8毫秒
12:54:32 INFO  - 开始保存聊天消息数据
12:54:32 INFO  - 聊天消息数据保存完成，共处理条 0 数据。耗时：0时0分0秒9毫秒
12:55:32 INFO  - 开始保存聊天消息数据
12:55:32 INFO  - 聊天消息数据保存完成，共处理条 0 数据。耗时：0时0分0秒8毫秒
12:56:32 INFO  - 开始保存聊天消息数据
12:56:32 INFO  - 聊天消息数据保存完成，共处理条 0 数据。耗时：0时0分0秒9毫秒
12:57:32 INFO  - 开始保存聊天消息数据
12:57:32 INFO  - 聊天消息数据保存完成，共处理条 0 数据。耗时：0时0分0秒9毫秒
12:58:32 INFO  - 开始保存聊天消息数据
12:58:32 INFO  - 聊天消息数据保存完成，共处理条 0 数据。耗时：0时0分0秒8毫秒
12:59:32 INFO  - 开始保存聊天消息数据
12:59:32 INFO  - 聊天消息数据保存完成，共处理条 0 数据。耗时：0时0分0秒4毫秒
13:00:32 INFO  - 开始保存聊天消息数据
13:00:32 INFO  - 聊天消息数据保存完成，共处理条 0 数据。耗时：0时0分0秒12毫秒
13:01:32 INFO  - 开始保存聊天消息数据
13:01:32 INFO  - 聊天消息数据保存完成，共处理条 0 数据。耗时：0时0分0秒9毫秒
13:02:32 INFO  - 开始保存聊天消息数据
13:02:32 INFO  - 聊天消息数据保存完成，共处理条 0 数据。耗时：0时0分0秒30毫秒
13:03:32 INFO  - 开始保存聊天消息数据
13:03:32 INFO  - 聊天消息数据保存完成，共处理条 0 数据。耗时：0时0分0秒10毫秒
13:04:32 INFO  - 开始保存聊天消息数据
13:04:32 INFO  - 聊天消息数据保存完成，共处理条 0 数据。耗时：0时0分0秒9毫秒
13:05:32 INFO  - 开始保存聊天消息数据
13:05:32 INFO  - 聊天消息数据保存完成，共处理条 0 数据。耗时：0时0分0秒9毫秒
13:06:32 INFO  - 开始保存聊天消息数据
13:06:32 INFO  - 聊天消息数据保存完成，共处理条 0 数据。耗时：0时0分0秒9毫秒
13:07:32 INFO  - 开始保存聊天消息数据
13:07:32 INFO  - 聊天消息数据保存完成，共处理条 0 数据。耗时：0时0分0秒10毫秒
13:08:32 INFO  - 开始保存聊天消息数据
13:08:32 INFO  - 聊天消息数据保存完成，共处理条 0 数据。耗时：0时0分0秒9毫秒
13:09:32 INFO  - 开始保存聊天消息数据
13:09:32 INFO  - 聊天消息数据保存完成，共处理条 0 数据。耗时：0时0分0秒16毫秒
13:10:32 INFO  - 开始保存聊天消息数据
13:10:32 INFO  - 聊天消息数据保存完成，共处理条 0 数据。耗时：0时0分0秒8毫秒
13:11:32 INFO  - 开始保存聊天消息数据
13:11:32 INFO  - 聊天消息数据保存完成，共处理条 0 数据。耗时：0时0分0秒9毫秒
13:12:32 INFO  - 开始保存聊天消息数据
13:12:32 INFO  - 聊天消息数据保存完成，共处理条 0 数据。耗时：0时0分0秒10毫秒
13:13:32 INFO  - 开始保存聊天消息数据
13:13:32 INFO  - 聊天消息数据保存完成，共处理条 0 数据。耗时：0时0分0秒9毫秒
13:14:32 INFO  - 开始保存聊天消息数据
13:14:32 INFO  - 聊天消息数据保存完成，共处理条 0 数据。耗时：0时0分0秒9毫秒
13:15:32 INFO  - 开始保存聊天消息数据
13:15:32 INFO  - 聊天消息数据保存完成，共处理条 0 数据。耗时：0时0分0秒8毫秒
13:16:32 INFO  - 开始保存聊天消息数据
13:16:32 INFO  - 聊天消息数据保存完成，共处理条 0 数据。耗时：0时0分0秒9毫秒
13:17:32 INFO  - 开始保存聊天消息数据
13:17:32 INFO  - 聊天消息数据保存完成，共处理条 0 数据。耗时：0时0分0秒14毫秒
13:18:32 INFO  - 开始保存聊天消息数据
13:18:32 INFO  - 聊天消息数据保存完成，共处理条 0 数据。耗时：0时0分0秒9毫秒
13:19:32 INFO  - 开始保存聊天消息数据
13:19:32 INFO  - 聊天消息数据保存完成，共处理条 0 数据。耗时：0时0分0秒9毫秒
13:20:32 INFO  - 开始保存聊天消息数据
13:20:32 INFO  - 聊天消息数据保存完成，共处理条 0 数据。耗时：0时0分0秒8毫秒
13:21:32 INFO  - 开始保存聊天消息数据
13:21:32 INFO  - 聊天消息数据保存完成，共处理条 0 数据。耗时：0时0分0秒9毫秒
13:22:32 INFO  - 开始保存聊天消息数据
13:22:32 INFO  - 聊天消息数据保存完成，共处理条 0 数据。耗时：0时0分0秒7毫秒
13:23:32 INFO  - 开始保存聊天消息数据
13:23:32 INFO  - 聊天消息数据保存完成，共处理条 0 数据。耗时：0时0分0秒9毫秒
13:24:32 INFO  - 开始保存聊天消息数据
13:24:32 INFO  - 聊天消息数据保存完成，共处理条 0 数据。耗时：0时0分0秒9毫秒
13:25:32 INFO  - 开始保存聊天消息数据
13:25:32 INFO  - 聊天消息数据保存完成，共处理条 0 数据。耗时：0时0分0秒9毫秒
13:26:32 INFO  - 开始保存聊天消息数据
13:26:32 INFO  - 聊天消息数据保存完成，共处理条 0 数据。耗时：0时0分0秒17毫秒
13:27:32 INFO  - 开始保存聊天消息数据
13:27:32 INFO  - 聊天消息数据保存完成，共处理条 0 数据。耗时：0时0分0秒14毫秒
13:28:32 INFO  - 开始保存聊天消息数据
13:28:32 INFO  - 聊天消息数据保存完成，共处理条 0 数据。耗时：0时0分0秒8毫秒
13:29:32 INFO  - 开始保存聊天消息数据
13:29:32 INFO  - 聊天消息数据保存完成，共处理条 0 数据。耗时：0时0分0秒14毫秒
13:30:32 INFO  - 开始保存聊天消息数据
13:30:32 INFO  - 聊天消息数据保存完成，共处理条 0 数据。耗时：0时0分0秒11毫秒
13:31:32 INFO  - 开始保存聊天消息数据
13:31:32 INFO  - 聊天消息数据保存完成，共处理条 0 数据。耗时：0时0分0秒9毫秒
13:32:32 INFO  - 开始保存聊天消息数据
13:32:32 INFO  - 聊天消息数据保存完成，共处理条 0 数据。耗时：0时0分0秒9毫秒
13:33:32 INFO  - 开始保存聊天消息数据
13:33:32 INFO  - 聊天消息数据保存完成，共处理条 0 数据。耗时：0时0分0秒8毫秒
13:34:32 INFO  - 开始保存聊天消息数据
13:34:32 INFO  - 聊天消息数据保存完成，共处理条 0 数据。耗时：0时0分0秒8毫秒
13:35:32 INFO  - 开始保存聊天消息数据
13:35:32 INFO  - 聊天消息数据保存完成，共处理条 0 数据。耗时：0时0分0秒9毫秒
13:36:32 INFO  - 开始保存聊天消息数据
13:36:32 INFO  - 聊天消息数据保存完成，共处理条 0 数据。耗时：0时0分0秒9毫秒
13:37:32 INFO  - 开始保存聊天消息数据
13:37:32 INFO  - 聊天消息数据保存完成，共处理条 0 数据。耗时：0时0分0秒8毫秒
13:38:32 INFO  - 开始保存聊天消息数据
13:38:32 INFO  - 聊天消息数据保存完成，共处理条 0 数据。耗时：0时0分0秒8毫秒
13:39:32 INFO  - 开始保存聊天消息数据
13:39:32 INFO  - 聊天消息数据保存完成，共处理条 0 数据。耗时：0时0分0秒8毫秒
13:40:32 INFO  - 开始保存聊天消息数据
13:40:32 INFO  - 聊天消息数据保存完成，共处理条 0 数据。耗时：0时0分0秒9毫秒
13:41:32 INFO  - 开始保存聊天消息数据
13:41:32 INFO  - 聊天消息数据保存完成，共处理条 0 数据。耗时：0时0分0秒9毫秒
13:42:32 INFO  - 开始保存聊天消息数据
13:42:32 INFO  - 聊天消息数据保存完成，共处理条 0 数据。耗时：0时0分0秒9毫秒
13:43:32 INFO  - 开始保存聊天消息数据
13:43:32 INFO  - 聊天消息数据保存完成，共处理条 0 数据。耗时：0时0分0秒9毫秒
13:44:32 INFO  - 开始保存聊天消息数据
13:44:32 INFO  - 聊天消息数据保存完成，共处理条 0 数据。耗时：0时0分0秒9毫秒
13:45:32 INFO  - 开始保存聊天消息数据
13:45:32 INFO  - 聊天消息数据保存完成，共处理条 0 数据。耗时：0时0分0秒8毫秒
13:46:32 INFO  - 开始保存聊天消息数据
13:46:32 INFO  - 聊天消息数据保存完成，共处理条 0 数据。耗时：0时0分0秒9毫秒
13:47:32 INFO  - 开始保存聊天消息数据
13:47:32 INFO  - 聊天消息数据保存完成，共处理条 0 数据。耗时：0时0分0秒8毫秒
13:48:32 INFO  - 开始保存聊天消息数据
13:48:32 INFO  - 聊天消息数据保存完成，共处理条 0 数据。耗时：0时0分0秒11毫秒
13:49:32 INFO  - 开始保存聊天消息数据
13:49:32 INFO  - 聊天消息数据保存完成，共处理条 0 数据。耗时：0时0分0秒8毫秒
13:50:32 INFO  - 开始保存聊天消息数据
13:50:32 INFO  - 聊天消息数据保存完成，共处理条 0 数据。耗时：0时0分0秒9毫秒
13:51:32 INFO  - 开始保存聊天消息数据
13:51:32 INFO  - 聊天消息数据保存完成，共处理条 0 数据。耗时：0时0分0秒9毫秒
13:52:32 INFO  - 开始保存聊天消息数据
13:52:32 INFO  - 聊天消息数据保存完成，共处理条 0 数据。耗时：0时0分0秒18毫秒
13:53:32 INFO  - 开始保存聊天消息数据
13:53:32 INFO  - 聊天消息数据保存完成，共处理条 0 数据。耗时：0时0分0秒10毫秒
13:54:32 INFO  - 开始保存聊天消息数据
13:54:32 INFO  - 聊天消息数据保存完成，共处理条 0 数据。耗时：0时0分0秒8毫秒
13:55:32 INFO  - 开始保存聊天消息数据
13:55:32 INFO  - 聊天消息数据保存完成，共处理条 0 数据。耗时：0时0分0秒9毫秒
13:56:32 INFO  - 开始保存聊天消息数据
13:56:32 INFO  - 聊天消息数据保存完成，共处理条 0 数据。耗时：0时0分0秒11毫秒
13:57:32 INFO  - 开始保存聊天消息数据
13:57:32 INFO  - 聊天消息数据保存完成，共处理条 0 数据。耗时：0时0分0秒13毫秒
13:58:32 INFO  - 开始保存聊天消息数据
13:58:32 INFO  - 聊天消息数据保存完成，共处理条 0 数据。耗时：0时0分0秒10毫秒
13:59:32 INFO  - 开始保存聊天消息数据
13:59:32 INFO  - 聊天消息数据保存完成，共处理条 0 数据。耗时：0时0分0秒9毫秒
14:00:32 INFO  - 开始保存聊天消息数据
14:00:32 INFO  - 聊天消息数据保存完成，共处理条 0 数据。耗时：0时0分0秒9毫秒
14:01:32 INFO  - 开始保存聊天消息数据
14:01:32 INFO  - 聊天消息数据保存完成，共处理条 0 数据。耗时：0时0分0秒9毫秒
14:02:32 INFO  - 开始保存聊天消息数据
14:02:32 INFO  - 聊天消息数据保存完成，共处理条 0 数据。耗时：0时0分0秒9毫秒
14:03:32 INFO  - 开始保存聊天消息数据
14:03:32 INFO  - 聊天消息数据保存完成，共处理条 0 数据。耗时：0时0分0秒8毫秒
14:04:32 INFO  - 开始保存聊天消息数据
14:04:32 INFO  - 聊天消息数据保存完成，共处理条 0 数据。耗时：0时0分0秒9毫秒
14:05:32 INFO  - 开始保存聊天消息数据
14:05:32 INFO  - 聊天消息数据保存完成，共处理条 0 数据。耗时：0时0分0秒8毫秒
14:06:32 INFO  - 开始保存聊天消息数据
14:06:32 INFO  - 聊天消息数据保存完成，共处理条 0 数据。耗时：0时0分0秒9毫秒
14:07:32 INFO  - 开始保存聊天消息数据
14:07:32 INFO  - 聊天消息数据保存完成，共处理条 0 数据。耗时：0时0分0秒9毫秒
14:08:32 INFO  - 开始保存聊天消息数据
14:08:32 INFO  - 聊天消息数据保存完成，共处理条 0 数据。耗时：0时0分0秒9毫秒
14:09:32 INFO  - 开始保存聊天消息数据
14:09:32 INFO  - 聊天消息数据保存完成，共处理条 0 数据。耗时：0时0分0秒10毫秒
14:10:32 INFO  - 开始保存聊天消息数据
14:10:32 INFO  - 聊天消息数据保存完成，共处理条 0 数据。耗时：0时0分0秒9毫秒
14:11:32 INFO  - 开始保存聊天消息数据
14:11:32 INFO  - 聊天消息数据保存完成，共处理条 0 数据。耗时：0时0分0秒9毫秒
14:12:32 INFO  - 开始保存聊天消息数据
14:12:32 INFO  - 聊天消息数据保存完成，共处理条 0 数据。耗时：0时0分0秒6毫秒
14:13:32 INFO  - 开始保存聊天消息数据
14:13:32 INFO  - 聊天消息数据保存完成，共处理条 0 数据。耗时：0时0分0秒11毫秒
14:14:32 INFO  - 开始保存聊天消息数据
14:14:32 INFO  - 聊天消息数据保存完成，共处理条 0 数据。耗时：0时0分0秒8毫秒
14:15:32 INFO  - 开始保存聊天消息数据
14:15:32 INFO  - 聊天消息数据保存完成，共处理条 0 数据。耗时：0时0分0秒10毫秒
14:16:32 INFO  - 开始保存聊天消息数据
14:16:32 INFO  - 聊天消息数据保存完成，共处理条 0 数据。耗时：0时0分0秒10毫秒
14:17:32 INFO  - 开始保存聊天消息数据
14:17:32 INFO  - 聊天消息数据保存完成，共处理条 0 数据。耗时：0时0分0秒9毫秒
14:18:32 INFO  - 开始保存聊天消息数据
14:18:32 INFO  - 聊天消息数据保存完成，共处理条 0 数据。耗时：0时0分0秒10毫秒
14:19:32 INFO  - 开始保存聊天消息数据
14:19:32 INFO  - 聊天消息数据保存完成，共处理条 0 数据。耗时：0时0分0秒10毫秒
14:20:32 INFO  - 开始保存聊天消息数据
14:20:32 INFO  - 聊天消息数据保存完成，共处理条 0 数据。耗时：0时0分0秒9毫秒
14:21:32 INFO  - 开始保存聊天消息数据
14:21:32 INFO  - 聊天消息数据保存完成，共处理条 0 数据。耗时：0时0分0秒9毫秒
14:22:32 INFO  - 开始保存聊天消息数据
14:22:32 INFO  - 聊天消息数据保存完成，共处理条 0 数据。耗时：0时0分0秒19毫秒
14:23:32 INFO  - 开始保存聊天消息数据
14:23:32 INFO  - 聊天消息数据保存完成，共处理条 0 数据。耗时：0时0分0秒9毫秒
14:24:32 INFO  - 开始保存聊天消息数据
14:24:32 INFO  - 聊天消息数据保存完成，共处理条 0 数据。耗时：0时0分0秒9毫秒
14:25:32 INFO  - 开始保存聊天消息数据
14:25:32 INFO  - 聊天消息数据保存完成，共处理条 0 数据。耗时：0时0分0秒9毫秒
14:26:32 INFO  - 开始保存聊天消息数据
14:26:32 INFO  - 聊天消息数据保存完成，共处理条 0 数据。耗时：0时0分0秒9毫秒
14:27:32 INFO  - 开始保存聊天消息数据
14:27:32 INFO  - 聊天消息数据保存完成，共处理条 0 数据。耗时：0时0分0秒9毫秒
14:28:32 INFO  - 开始保存聊天消息数据
14:28:32 INFO  - 聊天消息数据保存完成，共处理条 0 数据。耗时：0时0分0秒9毫秒
14:29:32 INFO  - 开始保存聊天消息数据
14:29:32 INFO  - 聊天消息数据保存完成，共处理条 0 数据。耗时：0时0分0秒10毫秒
14:30:32 INFO  - 开始保存聊天消息数据
14:30:32 INFO  - 聊天消息数据保存完成，共处理条 0 数据。耗时：0时0分0秒9毫秒
14:31:32 INFO  - 开始保存聊天消息数据
14:31:32 INFO  - 聊天消息数据保存完成，共处理条 0 数据。耗时：0时0分0秒9毫秒
14:32:32 INFO  - 开始保存聊天消息数据
14:32:32 INFO  - 聊天消息数据保存完成，共处理条 0 数据。耗时：0时0分0秒9毫秒
14:33:32 INFO  - 开始保存聊天消息数据
14:33:32 INFO  - 聊天消息数据保存完成，共处理条 0 数据。耗时：0时0分0秒10毫秒
14:34:32 INFO  - 开始保存聊天消息数据
14:34:32 INFO  - 聊天消息数据保存完成，共处理条 0 数据。耗时：0时0分0秒9毫秒
14:35:32 INFO  - 开始保存聊天消息数据
14:35:32 INFO  - 聊天消息数据保存完成，共处理条 0 数据。耗时：0时0分0秒9毫秒
14:36:32 INFO  - 开始保存聊天消息数据
14:36:32 INFO  - 聊天消息数据保存完成，共处理条 0 数据。耗时：0时0分0秒10毫秒
14:37:32 INFO  - 开始保存聊天消息数据
14:37:32 INFO  - 聊天消息数据保存完成，共处理条 0 数据。耗时：0时0分0秒10毫秒
14:38:32 INFO  - 开始保存聊天消息数据
14:38:32 INFO  - 聊天消息数据保存完成，共处理条 0 数据。耗时：0时0分0秒9毫秒
14:39:32 INFO  - 开始保存聊天消息数据
14:39:32 INFO  - 聊天消息数据保存完成，共处理条 0 数据。耗时：0时0分0秒10毫秒
14:40:32 INFO  - 开始保存聊天消息数据
14:40:32 INFO  - 聊天消息数据保存完成，共处理条 0 数据。耗时：0时0分0秒10毫秒
14:41:32 INFO  - 开始保存聊天消息数据
14:41:32 INFO  - 聊天消息数据保存完成，共处理条 0 数据。耗时：0时0分0秒10毫秒
14:42:32 INFO  - 开始保存聊天消息数据
14:42:32 INFO  - 聊天消息数据保存完成，共处理条 0 数据。耗时：0时0分0秒9毫秒
14:43:32 INFO  - 开始保存聊天消息数据
14:43:32 INFO  - 聊天消息数据保存完成，共处理条 0 数据。耗时：0时0分0秒9毫秒
14:44:32 INFO  - 开始保存聊天消息数据
14:44:32 INFO  - 聊天消息数据保存完成，共处理条 0 数据。耗时：0时0分0秒13毫秒
14:45:32 INFO  - 开始保存聊天消息数据
14:45:32 INFO  - 聊天消息数据保存完成，共处理条 0 数据。耗时：0时0分0秒11毫秒
14:46:32 INFO  - 开始保存聊天消息数据
14:46:32 INFO  - 聊天消息数据保存完成，共处理条 0 数据。耗时：0时0分0秒10毫秒
14:47:32 INFO  - 开始保存聊天消息数据
14:47:32 INFO  - 聊天消息数据保存完成，共处理条 0 数据。耗时：0时0分0秒9毫秒
14:48:32 INFO  - 开始保存聊天消息数据
14:48:32 INFO  - 聊天消息数据保存完成，共处理条 0 数据。耗时：0时0分0秒9毫秒
14:49:32 INFO  - 开始保存聊天消息数据
14:49:32 INFO  - 聊天消息数据保存完成，共处理条 0 数据。耗时：0时0分0秒18毫秒
14:50:32 INFO  - 开始保存聊天消息数据
14:50:32 INFO  - 聊天消息数据保存完成，共处理条 0 数据。耗时：0时0分0秒14毫秒
14:51:32 INFO  - 开始保存聊天消息数据
14:51:32 INFO  - 聊天消息数据保存完成，共处理条 0 数据。耗时：0时0分0秒16毫秒
14:52:32 INFO  - 开始保存聊天消息数据
14:52:32 INFO  - 聊天消息数据保存完成，共处理条 0 数据。耗时：0时0分0秒9毫秒
14:53:32 INFO  - 开始保存聊天消息数据
14:53:32 INFO  - 聊天消息数据保存完成，共处理条 0 数据。耗时：0时0分0秒5毫秒
14:54:32 INFO  - 开始保存聊天消息数据
14:54:32 INFO  - 聊天消息数据保存完成，共处理条 0 数据。耗时：0时0分0秒8毫秒
14:55:32 INFO  - 开始保存聊天消息数据
14:55:32 INFO  - 聊天消息数据保存完成，共处理条 0 数据。耗时：0时0分0秒10毫秒
14:56:32 INFO  - 开始保存聊天消息数据
14:56:32 INFO  - 聊天消息数据保存完成，共处理条 0 数据。耗时：0时0分0秒14毫秒
14:57:32 INFO  - 开始保存聊天消息数据
14:57:32 INFO  - 聊天消息数据保存完成，共处理条 0 数据。耗时：0时0分0秒8毫秒
14:58:32 INFO  - 开始保存聊天消息数据
14:58:32 INFO  - 聊天消息数据保存完成，共处理条 0 数据。耗时：0时0分0秒13毫秒
14:59:32 INFO  - 开始保存聊天消息数据
14:59:32 INFO  - 聊天消息数据保存完成，共处理条 0 数据。耗时：0时0分0秒12毫秒
15:00:32 INFO  - 开始保存聊天消息数据
15:00:32 INFO  - 聊天消息数据保存完成，共处理条 0 数据。耗时：0时0分0秒11毫秒
15:01:32 INFO  - 开始保存聊天消息数据
15:01:32 INFO  - 聊天消息数据保存完成，共处理条 0 数据。耗时：0时0分0秒10毫秒
15:02:32 INFO  - 开始保存聊天消息数据
15:02:32 INFO  - 聊天消息数据保存完成，共处理条 0 数据。耗时：0时0分0秒9毫秒
15:03:32 INFO  - 开始保存聊天消息数据
15:03:32 INFO  - 聊天消息数据保存完成，共处理条 0 数据。耗时：0时0分0秒11毫秒
15:04:32 INFO  - 开始保存聊天消息数据
15:04:32 INFO  - 聊天消息数据保存完成，共处理条 0 数据。耗时：0时0分0秒8毫秒
15:05:32 INFO  - 开始保存聊天消息数据
15:05:32 INFO  - 聊天消息数据保存完成，共处理条 0 数据。耗时：0时0分0秒9毫秒
15:06:32 INFO  - 开始保存聊天消息数据
15:06:32 INFO  - 聊天消息数据保存完成，共处理条 0 数据。耗时：0时0分0秒42毫秒
15:07:32 INFO  - 开始保存聊天消息数据
15:07:32 INFO  - 聊天消息数据保存完成，共处理条 0 数据。耗时：0时0分0秒11毫秒
15:08:32 INFO  - 开始保存聊天消息数据
15:08:32 INFO  - 聊天消息数据保存完成，共处理条 0 数据。耗时：0时0分0秒8毫秒
15:09:32 INFO  - 开始保存聊天消息数据
15:09:32 INFO  - 聊天消息数据保存完成，共处理条 0 数据。耗时：0时0分0秒16毫秒
15:10:32 INFO  - 开始保存聊天消息数据
15:10:32 INFO  - 聊天消息数据保存完成，共处理条 0 数据。耗时：0时0分0秒9毫秒
15:11:29 INFO  - Executed action GD.API.Controllers.System.MenuController.GetMenuTreeAsync (API) in 131ms
15:11:32 INFO  - 开始保存聊天消息数据
15:11:32 INFO  - 聊天消息数据保存完成，共处理条 0 数据。耗时：0时0分0秒5毫秒
15:12:32 INFO  - 开始保存聊天消息数据
15:12:32 INFO  - 聊天消息数据保存完成，共处理条 0 数据。耗时：0时0分0秒14毫秒
15:13:32 INFO  - 开始保存聊天消息数据
15:13:32 INFO  - 聊天消息数据保存完成，共处理条 0 数据。耗时：0时0分0秒9毫秒
15:14:32 INFO  - 开始保存聊天消息数据
15:14:32 INFO  - 聊天消息数据保存完成，共处理条 0 数据。耗时：0时0分0秒10毫秒
15:15:32 INFO  - 开始保存聊天消息数据
15:15:32 INFO  - 聊天消息数据保存完成，共处理条 0 数据。耗时：0时0分0秒10毫秒
15:16:32 INFO  - 开始保存聊天消息数据
15:16:32 INFO  - 聊天消息数据保存完成，共处理条 0 数据。耗时：0时0分0秒23毫秒
15:17:32 INFO  - 开始保存聊天消息数据
15:17:32 INFO  - 聊天消息数据保存完成，共处理条 0 数据。耗时：0时0分0秒9毫秒
15:18:32 INFO  - 开始保存聊天消息数据
15:18:32 INFO  - 聊天消息数据保存完成，共处理条 0 数据。耗时：0时0分0秒8毫秒
15:19:32 INFO  - 开始保存聊天消息数据
15:19:32 INFO  - 聊天消息数据保存完成，共处理条 0 数据。耗时：0时0分0秒19毫秒
15:20:32 INFO  - 开始保存聊天消息数据
15:20:32 INFO  - 聊天消息数据保存完成，共处理条 0 数据。耗时：0时0分0秒19毫秒
15:21:32 INFO  - 开始保存聊天消息数据
15:21:32 INFO  - 聊天消息数据保存完成，共处理条 0 数据。耗时：0时0分0秒19毫秒
15:22:32 INFO  - 开始保存聊天消息数据
15:22:32 INFO  - 聊天消息数据保存完成，共处理条 0 数据。耗时：0时0分0秒20毫秒
15:23:32 INFO  - 开始保存聊天消息数据
15:23:32 INFO  - 聊天消息数据保存完成，共处理条 0 数据。耗时：0时0分0秒8毫秒
15:24:32 INFO  - 开始保存聊天消息数据
15:24:32 INFO  - 聊天消息数据保存完成，共处理条 0 数据。耗时：0时0分0秒9毫秒
15:25:32 INFO  - 开始保存聊天消息数据
15:25:32 INFO  - 聊天消息数据保存完成，共处理条 0 数据。耗时：0时0分0秒8毫秒
15:26:32 INFO  - 开始保存聊天消息数据
15:26:32 INFO  - 聊天消息数据保存完成，共处理条 0 数据。耗时：0时0分0秒9毫秒
15:27:32 INFO  - 开始保存聊天消息数据
15:27:32 INFO  - 聊天消息数据保存完成，共处理条 0 数据。耗时：0时0分0秒9毫秒
15:28:32 INFO  - 开始保存聊天消息数据
15:28:32 INFO  - 聊天消息数据保存完成，共处理条 0 数据。耗时：0时0分0秒9毫秒
15:29:32 INFO  - 开始保存聊天消息数据
15:29:32 INFO  - 聊天消息数据保存完成，共处理条 0 数据。耗时：0时0分0秒9毫秒
15:30:32 INFO  - 开始保存聊天消息数据
15:30:32 INFO  - 聊天消息数据保存完成，共处理条 0 数据。耗时：0时0分0秒8毫秒
15:31:32 INFO  - 开始保存聊天消息数据
15:31:32 INFO  - 聊天消息数据保存完成，共处理条 0 数据。耗时：0时0分0秒6毫秒
15:32:32 INFO  - 开始保存聊天消息数据
15:32:32 INFO  - 聊天消息数据保存完成，共处理条 0 数据。耗时：0时0分0秒9毫秒
15:33:32 INFO  - 开始保存聊天消息数据
15:33:32 INFO  - 聊天消息数据保存完成，共处理条 0 数据。耗时：0时0分0秒8毫秒
15:34:32 INFO  - 开始保存聊天消息数据
15:34:32 INFO  - 聊天消息数据保存完成，共处理条 0 数据。耗时：0时0分0秒9毫秒
15:35:32 INFO  - 开始保存聊天消息数据
15:35:32 INFO  - 聊天消息数据保存完成，共处理条 0 数据。耗时：0时0分0秒11毫秒
15:36:32 INFO  - 开始保存聊天消息数据
15:36:32 INFO  - 聊天消息数据保存完成，共处理条 0 数据。耗时：0时0分0秒30毫秒
15:37:32 INFO  - 开始保存聊天消息数据
15:37:32 INFO  - 聊天消息数据保存完成，共处理条 0 数据。耗时：0时0分0秒10毫秒
15:38:32 INFO  - 开始保存聊天消息数据
15:38:32 INFO  - 聊天消息数据保存完成，共处理条 0 数据。耗时：0时0分0秒9毫秒
15:39:32 INFO  - 开始保存聊天消息数据
15:39:32 INFO  - 聊天消息数据保存完成，共处理条 0 数据。耗时：0时0分0秒8毫秒
15:40:32 INFO  - 开始保存聊天消息数据
15:40:32 INFO  - 聊天消息数据保存完成，共处理条 0 数据。耗时：0时0分0秒9毫秒
15:41:32 INFO  - 开始保存聊天消息数据
15:41:32 INFO  - 聊天消息数据保存完成，共处理条 0 数据。耗时：0时0分0秒9毫秒
15:42:32 INFO  - 开始保存聊天消息数据
15:42:32 INFO  - 聊天消息数据保存完成，共处理条 0 数据。耗时：0时0分0秒10毫秒
15:43:32 INFO  - 开始保存聊天消息数据
15:43:32 INFO  - 聊天消息数据保存完成，共处理条 0 数据。耗时：0时0分0秒11毫秒
15:44:32 INFO  - 开始保存聊天消息数据
15:44:32 INFO  - 聊天消息数据保存完成，共处理条 0 数据。耗时：0时0分0秒21毫秒
15:45:32 INFO  - 开始保存聊天消息数据
15:45:32 INFO  - 聊天消息数据保存完成，共处理条 0 数据。耗时：0时0分0秒8毫秒
15:46:32 INFO  - 开始保存聊天消息数据
15:46:32 INFO  - 聊天消息数据保存完成，共处理条 0 数据。耗时：0时0分0秒10毫秒
15:47:32 INFO  - 开始保存聊天消息数据
15:47:32 INFO  - 聊天消息数据保存完成，共处理条 0 数据。耗时：0时0分0秒8毫秒
15:48:32 INFO  - 开始保存聊天消息数据
15:48:32 INFO  - 聊天消息数据保存完成，共处理条 0 数据。耗时：0时0分0秒9毫秒
15:49:32 INFO  - 开始保存聊天消息数据
15:49:32 INFO  - 聊天消息数据保存完成，共处理条 0 数据。耗时：0时0分0秒16毫秒
15:50:32 INFO  - 开始保存聊天消息数据
15:50:32 INFO  - 聊天消息数据保存完成，共处理条 0 数据。耗时：0时0分0秒9毫秒
15:51:32 INFO  - 开始保存聊天消息数据
15:51:32 INFO  - 聊天消息数据保存完成，共处理条 0 数据。耗时：0时0分0秒9毫秒
15:52:32 INFO  - 开始保存聊天消息数据
15:52:32 INFO  - 聊天消息数据保存完成，共处理条 0 数据。耗时：0时0分0秒17毫秒
15:53:32 INFO  - 开始保存聊天消息数据
15:53:32 INFO  - 聊天消息数据保存完成，共处理条 0 数据。耗时：0时0分0秒10毫秒
15:54:32 INFO  - 开始保存聊天消息数据
15:54:32 INFO  - 聊天消息数据保存完成，共处理条 0 数据。耗时：0时0分0秒9毫秒
15:55:32 INFO  - 开始保存聊天消息数据
15:55:32 INFO  - 聊天消息数据保存完成，共处理条 0 数据。耗时：0时0分0秒10毫秒
15:56:32 INFO  - 开始保存聊天消息数据
15:56:32 INFO  - 聊天消息数据保存完成，共处理条 0 数据。耗时：0时0分0秒9毫秒
15:57:32 INFO  - 开始保存聊天消息数据
15:57:32 INFO  - 聊天消息数据保存完成，共处理条 1 数据。耗时：0时0分0秒197毫秒
15:58:32 INFO  - 开始保存聊天消息数据
15:58:32 INFO  - 聊天消息数据保存完成，共处理条 0 数据。耗时：0时0分0秒9毫秒
15:59:32 INFO  - 开始保存聊天消息数据
15:59:32 INFO  - 聊天消息数据保存完成，共处理条 0 数据。耗时：0时0分0秒10毫秒
16:00:32 INFO  - 开始保存聊天消息数据
16:00:32 INFO  - 聊天消息数据保存完成，共处理条 0 数据。耗时：0时0分0秒8毫秒
16:01:32 INFO  - 开始保存聊天消息数据
16:01:32 INFO  - 聊天消息数据保存完成，共处理条 0 数据。耗时：0时0分0秒10毫秒
16:02:32 INFO  - 开始保存聊天消息数据
16:02:32 INFO  - 聊天消息数据保存完成，共处理条 0 数据。耗时：0时0分0秒10毫秒
16:03:32 INFO  - 开始保存聊天消息数据
16:03:32 INFO  - 聊天消息数据保存完成，共处理条 0 数据。耗时：0时0分0秒5毫秒
16:04:32 INFO  - 开始保存聊天消息数据
16:04:32 INFO  - 聊天消息数据保存完成，共处理条 0 数据。耗时：0时0分0秒12毫秒
16:05:32 INFO  - 开始保存聊天消息数据
16:05:32 INFO  - 聊天消息数据保存完成，共处理条 0 数据。耗时：0时0分0秒9毫秒
16:06:32 INFO  - 开始保存聊天消息数据
16:06:32 INFO  - 聊天消息数据保存完成，共处理条 0 数据。耗时：0时0分0秒15毫秒
16:07:32 INFO  - 开始保存聊天消息数据
16:07:32 INFO  - 聊天消息数据保存完成，共处理条 0 数据。耗时：0时0分0秒16毫秒
16:08:32 INFO  - 开始保存聊天消息数据
16:08:32 INFO  - 聊天消息数据保存完成，共处理条 0 数据。耗时：0时0分0秒20毫秒
16:09:32 INFO  - 开始保存聊天消息数据
16:09:32 INFO  - 聊天消息数据保存完成，共处理条 0 数据。耗时：0时0分0秒9毫秒
16:10:32 INFO  - 开始保存聊天消息数据
16:10:32 INFO  - 聊天消息数据保存完成，共处理条 0 数据。耗时：0时0分0秒14毫秒
16:11:32 INFO  - 开始保存聊天消息数据
16:11:32 INFO  - 聊天消息数据保存完成，共处理条 0 数据。耗时：0时0分0秒5毫秒
16:12:32 INFO  - 开始保存聊天消息数据
16:12:32 INFO  - 聊天消息数据保存完成，共处理条 0 数据。耗时：0时0分0秒9毫秒
16:13:32 INFO  - 开始保存聊天消息数据
16:13:32 INFO  - 聊天消息数据保存完成，共处理条 0 数据。耗时：0时0分0秒9毫秒
16:14:32 INFO  - 开始保存聊天消息数据
16:14:32 INFO  - 聊天消息数据保存完成，共处理条 0 数据。耗时：0时0分0秒6毫秒
16:15:32 INFO  - 开始保存聊天消息数据
16:15:32 INFO  - 聊天消息数据保存完成，共处理条 0 数据。耗时：0时0分0秒10毫秒
16:16:32 INFO  - 开始保存聊天消息数据
16:16:32 INFO  - 聊天消息数据保存完成，共处理条 0 数据。耗时：0时0分0秒9毫秒
16:17:32 INFO  - 开始保存聊天消息数据
16:17:32 INFO  - 聊天消息数据保存完成，共处理条 0 数据。耗时：0时0分0秒9毫秒
16:18:32 INFO  - 开始保存聊天消息数据
16:18:32 INFO  - 聊天消息数据保存完成，共处理条 0 数据。耗时：0时0分0秒5毫秒
16:19:32 INFO  - 开始保存聊天消息数据
16:19:32 INFO  - 聊天消息数据保存完成，共处理条 0 数据。耗时：0时0分0秒12毫秒
16:20:32 INFO  - 开始保存聊天消息数据
16:20:32 INFO  - 聊天消息数据保存完成，共处理条 0 数据。耗时：0时0分0秒9毫秒
16:21:32 INFO  - 开始保存聊天消息数据
16:21:32 INFO  - 聊天消息数据保存完成，共处理条 0 数据。耗时：0时0分0秒16毫秒
16:21:46 INFO  - Executed action GD.API.Controllers.System.UserController.GetLoginUserInfoAsync (API) in 177ms
16:21:46 INFO  - Executed action GD.API.Controllers.System.HomeController.GetMerchantQtyAsync (API) in 19ms
16:21:46 INFO  - Executed action GD.API.Controllers.System.HomeController.GetDoctorsQtyAsync (API) in 61ms
16:21:46 INFO  - Executed action GD.API.Controllers.System.HomeController.GetOrderQtyAsync (API) in 69ms
16:21:46 INFO  - Executed action GD.API.Controllers.System.HomeController.GetUserQtyAsync (API) in 97ms
16:22:32 INFO  - 开始保存聊天消息数据
16:22:32 INFO  - 聊天消息数据保存完成，共处理条 0 数据。耗时：0时0分0秒12毫秒
16:23:32 INFO  - 开始保存聊天消息数据
16:23:32 INFO  - 聊天消息数据保存完成，共处理条 0 数据。耗时：0时0分0秒9毫秒
16:24:32 INFO  - 开始保存聊天消息数据
16:24:32 INFO  - 聊天消息数据保存完成，共处理条 0 数据。耗时：0时0分0秒8毫秒
16:25:32 INFO  - 开始保存聊天消息数据
16:25:32 INFO  - 聊天消息数据保存完成，共处理条 0 数据。耗时：0时0分0秒9毫秒
16:26:32 INFO  - 开始保存聊天消息数据
16:26:32 INFO  - 聊天消息数据保存完成，共处理条 0 数据。耗时：0时0分0秒15毫秒
16:27:32 INFO  - 开始保存聊天消息数据
16:27:32 INFO  - 聊天消息数据保存完成，共处理条 0 数据。耗时：0时0分0秒10毫秒
16:28:32 INFO  - 开始保存聊天消息数据
16:28:32 INFO  - 聊天消息数据保存完成，共处理条 0 数据。耗时：0时0分0秒8毫秒
16:29:32 INFO  - 开始保存聊天消息数据
16:29:32 INFO  - 聊天消息数据保存完成，共处理条 0 数据。耗时：0时0分0秒9毫秒
16:30:32 INFO  - 开始保存聊天消息数据
16:30:32 INFO  - 聊天消息数据保存完成，共处理条 0 数据。耗时：0时0分0秒9毫秒
16:31:32 INFO  - 开始保存聊天消息数据
16:31:32 INFO  - 聊天消息数据保存完成，共处理条 0 数据。耗时：0时0分0秒10毫秒
16:32:32 INFO  - 开始保存聊天消息数据
16:32:32 INFO  - 聊天消息数据保存完成，共处理条 0 数据。耗时：0时0分0秒12毫秒
16:33:32 INFO  - 开始保存聊天消息数据
16:33:32 INFO  - 聊天消息数据保存完成，共处理条 0 数据。耗时：0时0分0秒9毫秒
16:34:32 INFO  - 开始保存聊天消息数据
16:34:32 INFO  - 聊天消息数据保存完成，共处理条 0 数据。耗时：0时0分0秒8毫秒
16:35:32 INFO  - 开始保存聊天消息数据
16:35:32 INFO  - 聊天消息数据保存完成，共处理条 0 数据。耗时：0时0分0秒21毫秒
16:36:32 INFO  - 开始保存聊天消息数据
16:36:32 INFO  - 聊天消息数据保存完成，共处理条 0 数据。耗时：0时0分0秒13毫秒
16:37:32 INFO  - 开始保存聊天消息数据
16:37:32 INFO  - 聊天消息数据保存完成，共处理条 0 数据。耗时：0时0分0秒11毫秒
16:38:32 INFO  - 开始保存聊天消息数据
16:38:32 INFO  - 聊天消息数据保存完成，共处理条 0 数据。耗时：0时0分0秒9毫秒
16:39:32 INFO  - 开始保存聊天消息数据
16:39:32 INFO  - 聊天消息数据保存完成，共处理条 0 数据。耗时：0时0分0秒12毫秒
16:40:32 INFO  - 开始保存聊天消息数据
16:40:32 INFO  - 聊天消息数据保存完成，共处理条 0 数据。耗时：0时0分0秒9毫秒
16:41:32 INFO  - 开始保存聊天消息数据
16:41:32 INFO  - 聊天消息数据保存完成，共处理条 0 数据。耗时：0时0分0秒9毫秒
16:42:32 INFO  - 开始保存聊天消息数据
16:42:32 INFO  - 聊天消息数据保存完成，共处理条 0 数据。耗时：0时0分0秒9毫秒
16:43:32 INFO  - 开始保存聊天消息数据
16:43:32 INFO  - 聊天消息数据保存完成，共处理条 0 数据。耗时：0时0分0秒9毫秒
16:44:32 INFO  - 开始保存聊天消息数据
16:44:32 INFO  - 聊天消息数据保存完成，共处理条 0 数据。耗时：0时0分0秒8毫秒
16:45:32 INFO  - 开始保存聊天消息数据
16:45:32 INFO  - 聊天消息数据保存完成，共处理条 0 数据。耗时：0时0分0秒19毫秒
16:46:32 INFO  - 开始保存聊天消息数据
16:46:32 INFO  - 聊天消息数据保存完成，共处理条 0 数据。耗时：0时0分0秒9毫秒
16:47:32 INFO  - 开始保存聊天消息数据
16:47:32 INFO  - 聊天消息数据保存完成，共处理条 0 数据。耗时：0时0分0秒15毫秒
16:48:32 INFO  - 开始保存聊天消息数据
16:48:32 INFO  - 聊天消息数据保存完成，共处理条 0 数据。耗时：0时0分0秒9毫秒
16:49:32 INFO  - 开始保存聊天消息数据
16:49:32 INFO  - 聊天消息数据保存完成，共处理条 0 数据。耗时：0时0分0秒34毫秒
16:50:32 INFO  - 开始保存聊天消息数据
16:50:32 INFO  - 聊天消息数据保存完成，共处理条 0 数据。耗时：0时0分0秒9毫秒
16:51:32 INFO  - 开始保存聊天消息数据
16:51:32 INFO  - 聊天消息数据保存完成，共处理条 0 数据。耗时：0时0分0秒9毫秒
16:52:32 INFO  - 开始保存聊天消息数据
16:52:32 INFO  - 聊天消息数据保存完成，共处理条 0 数据。耗时：0时0分0秒10毫秒
16:53:32 INFO  - 开始保存聊天消息数据
16:53:32 INFO  - 聊天消息数据保存完成，共处理条 0 数据。耗时：0时0分0秒18毫秒
16:54:32 INFO  - 开始保存聊天消息数据
16:54:32 INFO  - 聊天消息数据保存完成，共处理条 0 数据。耗时：0时0分0秒17毫秒
16:55:32 INFO  - 开始保存聊天消息数据
16:55:32 INFO  - 聊天消息数据保存完成，共处理条 0 数据。耗时：0时0分0秒10毫秒
16:56:32 INFO  - 开始保存聊天消息数据
16:56:32 INFO  - 聊天消息数据保存完成，共处理条 0 数据。耗时：0时0分0秒9毫秒
16:57:04 INFO  - Executed action GD.API.Controllers.Doctor.DoctorController.GetDoctorIntegralPageAsync (API) in 145ms
16:57:32 INFO  - 开始保存聊天消息数据
16:57:32 INFO  - 聊天消息数据保存完成，共处理条 0 数据。耗时：0时0分0秒10毫秒
16:58:32 INFO  - 开始保存聊天消息数据
16:58:32 INFO  - 聊天消息数据保存完成，共处理条 0 数据。耗时：0时0分0秒10毫秒
16:59:32 INFO  - 开始保存聊天消息数据
16:59:32 INFO  - 聊天消息数据保存完成，共处理条 0 数据。耗时：0时0分0秒8毫秒
17:00:32 INFO  - 开始保存聊天消息数据
17:00:32 INFO  - 聊天消息数据保存完成，共处理条 0 数据。耗时：0时0分0秒9毫秒
17:01:32 INFO  - 开始保存聊天消息数据
17:01:32 INFO  - 聊天消息数据保存完成，共处理条 0 数据。耗时：0时0分0秒9毫秒
17:02:32 INFO  - 开始保存聊天消息数据
17:02:32 INFO  - 聊天消息数据保存完成，共处理条 0 数据。耗时：0时0分0秒10毫秒
17:03:32 INFO  - 开始保存聊天消息数据
17:03:32 INFO  - 聊天消息数据保存完成，共处理条 0 数据。耗时：0时0分0秒9毫秒
17:04:32 INFO  - 开始保存聊天消息数据
17:04:32 INFO  - 聊天消息数据保存完成，共处理条 0 数据。耗时：0时0分0秒9毫秒
17:05:32 INFO  - 开始保存聊天消息数据
17:05:32 INFO  - 聊天消息数据保存完成，共处理条 0 数据。耗时：0时0分0秒9毫秒
17:06:32 INFO  - 开始保存聊天消息数据
17:06:32 INFO  - 聊天消息数据保存完成，共处理条 0 数据。耗时：0时0分0秒13毫秒
17:07:32 INFO  - 开始保存聊天消息数据
17:07:32 INFO  - 聊天消息数据保存完成，共处理条 0 数据。耗时：0时0分0秒9毫秒
17:08:32 INFO  - 开始保存聊天消息数据
17:08:32 INFO  - 聊天消息数据保存完成，共处理条 0 数据。耗时：0时0分0秒12毫秒
17:09:32 INFO  - 开始保存聊天消息数据
17:09:32 INFO  - 聊天消息数据保存完成，共处理条 0 数据。耗时：0时0分0秒10毫秒
17:10:32 INFO  - 开始保存聊天消息数据
17:10:32 INFO  - 聊天消息数据保存完成，共处理条 0 数据。耗时：0时0分0秒9毫秒
17:11:32 INFO  - 开始保存聊天消息数据
17:11:32 INFO  - 聊天消息数据保存完成，共处理条 0 数据。耗时：0时0分0秒8毫秒
17:12:32 INFO  - 开始保存聊天消息数据
17:12:32 INFO  - 聊天消息数据保存完成，共处理条 0 数据。耗时：0时0分0秒9毫秒
17:13:32 INFO  - 开始保存聊天消息数据
17:13:32 INFO  - 聊天消息数据保存完成，共处理条 0 数据。耗时：0时0分0秒9毫秒
17:14:32 INFO  - 开始保存聊天消息数据
17:14:32 INFO  - 聊天消息数据保存完成，共处理条 0 数据。耗时：0时0分0秒8毫秒
17:15:32 INFO  - 开始保存聊天消息数据
17:15:32 INFO  - 聊天消息数据保存完成，共处理条 0 数据。耗时：0时0分0秒10毫秒
17:16:32 INFO  - 开始保存聊天消息数据
17:16:32 INFO  - 聊天消息数据保存完成，共处理条 0 数据。耗时：0时0分0秒10毫秒
17:17:32 INFO  - 开始保存聊天消息数据
17:17:32 INFO  - 聊天消息数据保存完成，共处理条 0 数据。耗时：0时0分0秒10毫秒
17:18:32 INFO  - 开始保存聊天消息数据
17:18:32 INFO  - 聊天消息数据保存完成，共处理条 0 数据。耗时：0时0分0秒8毫秒
17:19:32 INFO  - 开始保存聊天消息数据
17:19:32 INFO  - 聊天消息数据保存完成，共处理条 0 数据。耗时：0时0分0秒9毫秒
17:20:32 INFO  - 开始保存聊天消息数据
17:20:32 INFO  - 聊天消息数据保存完成，共处理条 0 数据。耗时：0时0分0秒9毫秒
17:21:32 INFO  - 开始保存聊天消息数据
17:21:32 INFO  - 聊天消息数据保存完成，共处理条 0 数据。耗时：0时0分0秒20毫秒
17:22:32 INFO  - 开始保存聊天消息数据
17:22:32 INFO  - 聊天消息数据保存完成，共处理条 0 数据。耗时：0时0分0秒9毫秒
17:23:32 INFO  - 开始保存聊天消息数据
17:23:32 INFO  - 聊天消息数据保存完成，共处理条 0 数据。耗时：0时0分0秒8毫秒
17:24:32 INFO  - 开始保存聊天消息数据
17:24:32 INFO  - 聊天消息数据保存完成，共处理条 0 数据。耗时：0时0分0秒9毫秒
17:25:32 INFO  - 开始保存聊天消息数据
17:25:32 INFO  - 聊天消息数据保存完成，共处理条 0 数据。耗时：0时0分0秒9毫秒
17:26:32 INFO  - 开始保存聊天消息数据
17:26:32 INFO  - 聊天消息数据保存完成，共处理条 0 数据。耗时：0时0分0秒9毫秒
17:27:32 INFO  - 开始保存聊天消息数据
17:27:32 INFO  - 聊天消息数据保存完成，共处理条 0 数据。耗时：0时0分0秒10毫秒
17:28:32 INFO  - 开始保存聊天消息数据
17:28:32 INFO  - 聊天消息数据保存完成，共处理条 0 数据。耗时：0时0分0秒12毫秒
17:29:32 INFO  - 开始保存聊天消息数据
17:29:32 INFO  - 聊天消息数据保存完成，共处理条 0 数据。耗时：0时0分0秒9毫秒
17:30:32 INFO  - 开始保存聊天消息数据
17:30:32 INFO  - 聊天消息数据保存完成，共处理条 0 数据。耗时：0时0分0秒8毫秒
17:31:32 INFO  - 开始保存聊天消息数据
17:31:32 INFO  - 聊天消息数据保存完成，共处理条 0 数据。耗时：0时0分0秒8毫秒
17:32:32 INFO  - 开始保存聊天消息数据
17:32:32 INFO  - 聊天消息数据保存完成，共处理条 0 数据。耗时：0时0分0秒9毫秒
17:33:32 INFO  - 开始保存聊天消息数据
17:33:32 INFO  - 聊天消息数据保存完成，共处理条 0 数据。耗时：0时0分0秒8毫秒
17:34:32 INFO  - 开始保存聊天消息数据
17:34:32 INFO  - 聊天消息数据保存完成，共处理条 0 数据。耗时：0时0分0秒9毫秒
17:35:32 INFO  - 开始保存聊天消息数据
17:35:32 INFO  - 聊天消息数据保存完成，共处理条 0 数据。耗时：0时0分0秒9毫秒
17:36:32 INFO  - 开始保存聊天消息数据
17:36:32 INFO  - 聊天消息数据保存完成，共处理条 0 数据。耗时：0时0分0秒14毫秒
17:37:32 INFO  - 开始保存聊天消息数据
17:37:32 INFO  - 聊天消息数据保存完成，共处理条 0 数据。耗时：0时0分0秒14毫秒
17:38:32 INFO  - 开始保存聊天消息数据
17:38:32 INFO  - 聊天消息数据保存完成，共处理条 0 数据。耗时：0时0分0秒10毫秒
17:39:32 INFO  - 开始保存聊天消息数据
17:39:32 INFO  - 聊天消息数据保存完成，共处理条 0 数据。耗时：0时0分0秒16毫秒
17:40:32 INFO  - 开始保存聊天消息数据
17:40:32 INFO  - 聊天消息数据保存完成，共处理条 0 数据。耗时：0时0分0秒9毫秒
17:41:32 INFO  - 开始保存聊天消息数据
17:41:32 INFO  - 聊天消息数据保存完成，共处理条 0 数据。耗时：0时0分0秒9毫秒
17:42:32 INFO  - 开始保存聊天消息数据
17:42:32 INFO  - 聊天消息数据保存完成，共处理条 0 数据。耗时：0时0分0秒9毫秒
17:43:32 INFO  - 开始保存聊天消息数据
17:43:32 INFO  - 聊天消息数据保存完成，共处理条 0 数据。耗时：0时0分0秒10毫秒
17:44:32 INFO  - 开始保存聊天消息数据
17:44:32 INFO  - 聊天消息数据保存完成，共处理条 0 数据。耗时：0时0分0秒9毫秒
17:45:32 INFO  - 开始保存聊天消息数据
17:45:32 INFO  - 聊天消息数据保存完成，共处理条 0 数据。耗时：0时0分0秒9毫秒
17:46:32 INFO  - 开始保存聊天消息数据
17:46:32 INFO  - 聊天消息数据保存完成，共处理条 0 数据。耗时：0时0分0秒10毫秒
17:47:32 INFO  - 开始保存聊天消息数据
17:47:32 INFO  - 聊天消息数据保存完成，共处理条 0 数据。耗时：0时0分0秒9毫秒
17:48:32 INFO  - 开始保存聊天消息数据
17:48:32 INFO  - 聊天消息数据保存完成，共处理条 0 数据。耗时：0时0分0秒10毫秒
17:49:32 INFO  - 开始保存聊天消息数据
17:49:32 INFO  - 聊天消息数据保存完成，共处理条 0 数据。耗时：0时0分0秒9毫秒
17:50:32 INFO  - 开始保存聊天消息数据
17:50:32 INFO  - 聊天消息数据保存完成，共处理条 0 数据。耗时：0时0分0秒9毫秒
17:51:32 INFO  - 开始保存聊天消息数据
17:51:32 INFO  - 聊天消息数据保存完成，共处理条 0 数据。耗时：0时0分0秒9毫秒
17:52:32 INFO  - 开始保存聊天消息数据
17:52:32 INFO  - 聊天消息数据保存完成，共处理条 0 数据。耗时：0时0分0秒14毫秒
17:53:32 INFO  - 开始保存聊天消息数据
17:53:32 INFO  - 聊天消息数据保存完成，共处理条 0 数据。耗时：0时0分0秒9毫秒
17:54:32 INFO  - 开始保存聊天消息数据
17:54:32 INFO  - 聊天消息数据保存完成，共处理条 0 数据。耗时：0时0分0秒9毫秒
17:55:32 INFO  - 开始保存聊天消息数据
17:55:32 INFO  - 聊天消息数据保存完成，共处理条 0 数据。耗时：0时0分0秒18毫秒
17:56:32 INFO  - 开始保存聊天消息数据
17:56:32 INFO  - 聊天消息数据保存完成，共处理条 0 数据。耗时：0时0分0秒10毫秒
17:57:32 INFO  - 开始保存聊天消息数据
17:57:32 INFO  - 聊天消息数据保存完成，共处理条 0 数据。耗时：0时0分0秒10毫秒
17:58:32 INFO  - 开始保存聊天消息数据
17:58:32 INFO  - 聊天消息数据保存完成，共处理条 0 数据。耗时：0时0分0秒11毫秒
17:59:32 INFO  - 开始保存聊天消息数据
17:59:32 INFO  - 聊天消息数据保存完成，共处理条 0 数据。耗时：0时0分0秒9毫秒
18:00:32 INFO  - 开始保存聊天消息数据
18:00:32 INFO  - 聊天消息数据保存完成，共处理条 0 数据。耗时：0时0分0秒12毫秒
18:01:32 INFO  - 开始保存聊天消息数据
18:01:32 INFO  - 聊天消息数据保存完成，共处理条 0 数据。耗时：0时0分0秒8毫秒
18:02:32 INFO  - 开始保存聊天消息数据
18:02:32 INFO  - 聊天消息数据保存完成，共处理条 0 数据。耗时：0时0分0秒9毫秒
18:03:32 INFO  - 开始保存聊天消息数据
18:03:32 INFO  - 聊天消息数据保存完成，共处理条 0 数据。耗时：0时0分0秒9毫秒
18:04:32 INFO  - 开始保存聊天消息数据
18:04:32 INFO  - 聊天消息数据保存完成，共处理条 0 数据。耗时：0时0分0秒9毫秒
18:05:32 INFO  - 开始保存聊天消息数据
18:05:32 INFO  - 聊天消息数据保存完成，共处理条 0 数据。耗时：0时0分0秒9毫秒
18:06:32 INFO  - 开始保存聊天消息数据
18:06:32 INFO  - 聊天消息数据保存完成，共处理条 0 数据。耗时：0时0分0秒9毫秒
18:07:32 INFO  - 开始保存聊天消息数据
18:07:32 INFO  - 聊天消息数据保存完成，共处理条 0 数据。耗时：0时0分0秒9毫秒
18:08:32 INFO  - 开始保存聊天消息数据
18:08:32 INFO  - 聊天消息数据保存完成，共处理条 0 数据。耗时：0时0分0秒9毫秒
18:09:32 INFO  - 开始保存聊天消息数据
18:09:32 INFO  - 聊天消息数据保存完成，共处理条 0 数据。耗时：0时0分0秒10毫秒
18:10:32 INFO  - 开始保存聊天消息数据
18:10:32 INFO  - 聊天消息数据保存完成，共处理条 0 数据。耗时：0时0分0秒9毫秒
