11:24:09 INFO  - 开始保存聊天消息数据
11:24:10 INFO  - 聊天消息数据保存完成，共处理条 0 数据。耗时：0时0分0秒903毫秒
11:24:12 INFO  - Executed action GD.Host.Controllers.AccountController.LoginAdmin (PAPI) in 843ms
11:24:13 INFO  - Executed action GD.API.Controllers.System.UserController.GetLoginUserInfoAsync (API) in 734ms
11:24:14 INFO  - Executed action GD.API.Controllers.System.HomeController.GetUserQtyAsync (API) in 80ms
11:24:14 INFO  - Executed action GD.API.Controllers.System.HomeController.GetMerchantQtyAsync (API) in 54ms
11:24:14 INFO  - Executed action GD.API.Controllers.System.HomeController.GetOrderQtyAsync (API) in 187ms
11:24:14 INFO  - Executed action GD.API.Controllers.System.HomeController.GetDoctorsQtyAsync (API) in 185ms
11:24:28 INFO  - Executed action GD.API.Controllers.Doctor.HospitalController.GetHospitalAllSelectAsync (API) in 36ms
11:24:28 INFO  - Executed action GD.API.Controllers.Doctor.DoctorController.GetDoctorPageAsync (API) in 160ms
11:24:30 INFO  - Executed action GD.API.Controllers.Doctor.DoctorController.GetDoctorJobTitlesAsync (API) in 2072ms
11:25:09 INFO  - 开始保存聊天消息数据
11:25:09 INFO  - 聊天消息数据保存完成，共处理条 0 数据。耗时：0时0分0秒10毫秒
11:25:26 INFO  - Executed action GD.API.Controllers.Doctor.DoctorController.GetDoctorJobTitlesAsync (API) in 41ms
11:25:26 INFO  - Executed action GD.API.Controllers.Doctor.DoctorController.GetDoctorPageAsync (API) in 63ms
11:25:43 INFO  - Executed action GD.API.Controllers.Doctor.DoctorController.GetDoctorPageAsync (API) in 69ms
11:25:59 INFO  - Executed action GD.API.Controllers.System.UserController.GetLoginUserInfoAsync (API) in 168ms
11:26:00 INFO  - Executed action GD.API.Controllers.Doctor.DoctorController.GetDoctorJobTitlesAsync (API) in 51ms
11:26:00 INFO  - Executed action GD.API.Controllers.Doctor.HospitalController.GetHospitalAllSelectAsync (API) in 60ms
11:26:00 INFO  - Executed action GD.API.Controllers.Doctor.DoctorController.GetDoctorPageAsync (API) in 110ms
11:26:09 INFO  - 开始保存聊天消息数据
11:26:09 INFO  - 聊天消息数据保存完成，共处理条 0 数据。耗时：0时0分0秒6毫秒
11:27:09 INFO  - 开始保存聊天消息数据
11:27:09 INFO  - 聊天消息数据保存完成，共处理条 0 数据。耗时：0时0分0秒9毫秒
11:28:09 INFO  - 开始保存聊天消息数据
11:28:09 INFO  - 聊天消息数据保存完成，共处理条 0 数据。耗时：0时0分0秒8毫秒
11:28:16 INFO  - Executed action GD.API.Controllers.Doctor.DoctorController.GetDoctorJobTitlesAsync (API) in 45ms
11:28:16 INFO  - Executed action GD.API.Controllers.Doctor.DoctorController.GetDoctorPageAsync (API) in 73ms
11:28:19 INFO  - Executed action GD.API.Controllers.System.UserController.GetLoginUserInfoAsync (API) in 171ms
11:28:20 INFO  - Executed action GD.API.Controllers.Doctor.DoctorController.GetDoctorJobTitlesAsync (API) in 108ms
11:28:20 INFO  - Executed action GD.API.Controllers.Doctor.HospitalController.GetHospitalAllSelectAsync (API) in 32ms
11:28:20 INFO  - Executed action GD.API.Controllers.Doctor.DoctorController.GetDoctorPageAsync (API) in 87ms
11:28:24 INFO  - Executed action GD.API.Controllers.Doctor.DoctorController.ResetPasswordAsync (API) in 76ms
11:28:27 INFO  - Executed action GD.API.Controllers.Doctor.DoctorController.ResetPasswordAsync (API) in 54ms
11:29:09 INFO  - 开始保存聊天消息数据
11:29:09 INFO  - 聊天消息数据保存完成，共处理条 0 数据。耗时：0时0分0秒10毫秒
