11:44:43 INFO  - Executed action GD.API.Controllers.Utility.AccountController.LoginAdmin (API) in 109ms
11:44:43 INFO  - Executed action GD.API.Controllers.System.UserController.GetLoginUserInfoAsync (API) in 254ms
11:44:44 INFO  - Executed action GD.API.Controllers.System.HomeController.GetUserQtyAsync (API) in 39ms
11:44:44 INFO  - Executed action GD.API.Controllers.System.HomeController.GetMerchantQtyAsync (API) in 31ms
11:44:44 INFO  - Executed action GD.API.Controllers.System.HomeController.GetOrderQtyAsync (API) in 131ms
11:44:44 INFO  - Executed action GD.API.Controllers.System.HomeController.GetDoctorsQtyAsync (API) in 120ms
11:53:38 INFO  - Executed action GD.API.Controllers.Doctor.DoctorController.GetDoctorCertificateDetailAsync (API) in 177ms
11:53:38 INFO  - Executed action GD.API.Controllers.Doctor.HospitalController.GetHospitalAllSelectAsync (API) in 215ms
11:53:38 INFO  - Executed action GD.API.Controllers.Doctor.DoctorController.GetDoctorJobTitlesAsync (API) in 350ms
11:53:38 INFO  - Executed action GD.API.Controllers.Doctor.DoctorController.GetDoctorPageAsync (API) in 502ms
11:53:42 INFO  - Executed action GD.API.Controllers.System.DictionaryController.GetMerchantDictionaryAsync (API) in 41ms
11:53:42 INFO  - Executed action GD.API.Controllers.Merchant.MerchantController.GetHospitalSelectAsync (API) in 91ms
11:53:42 INFO  - Executed action GD.API.Controllers.Merchant.MerchantController.GetBusinessScopeListAsync (API) in 41ms
11:53:42 INFO  - Executed action GD.API.Controllers.Merchant.MerchantController.GetMerchantPageAsync (API) in 184ms
13:55:40 INFO  - Executed action GD.API.Controllers.System.UserController.GetLoginUserInfoAsync (API) in 1158ms
13:55:41 INFO  - Executed action GD.API.Controllers.Doctor.DoctorController.GetReviewDoctorPageAsync (API) in 117ms
13:55:46 INFO  - Executed action GD.API.Controllers.System.ReviewRecordController.GetReviewRecordPageAsync (API) in 76ms
13:55:53 INFO  - Executed action GD.API.Controllers.System.MenuController.GetMenuTreeAsync (API) in 44ms
13:55:56 INFO  - Executed action GD.API.Controllers.System.UserController.GetRoleListAsync (API) in 38ms
13:55:58 INFO  - Executed action GD.API.Controllers.System.UserController.GetRoleListAsync (API) in 53ms
13:55:58 INFO  - Executed action GD.API.Controllers.System.UserController.GetOrganizationTreeAsync (API) in 70ms
13:55:58 INFO  - Executed action GD.API.Controllers.System.UserController.GetAccountListAsync (API) in 195ms
13:56:03 INFO  - Executed action GD.API.Controllers.System.UserController.GetOrganizationTreeAsync (API) in 34ms
13:56:03 INFO  - Executed action GD.API.Controllers.System.UserController.GetOrganizationTreeAsync (API) in 63ms
13:56:06 INFO  - Executed action GD.API.Controllers.System.UserController.GetRoleListAsync (API) in 66ms
13:56:06 INFO  - Executed action GD.API.Controllers.System.UserController.GetAccountListAsync (API) in 93ms
13:56:06 INFO  - Executed action GD.API.Controllers.System.UserController.GetOrganizationTreeAsync (API) in 118ms
13:56:09 INFO  - Executed action GD.API.Controllers.System.UserController.GetAccountInfoAsync (API) in 155ms
13:56:35 INFO  - Executed action GD.API.Controllers.System.UserController.UpdateAccountAsync (API) in 263ms
13:56:35 INFO  - Executed action GD.API.Controllers.System.UserController.GetAccountListAsync (API) in 98ms
13:56:40 INFO  - Executed action GD.API.Controllers.System.UserController.DisableEnableAccountAsync (API) in 71ms
13:56:41 INFO  - Executed action GD.API.Controllers.System.UserController.DisableEnableAccountAsync (API) in 65ms
13:56:56 INFO  - Executed action GD.API.Controllers.Utility.ArticleController.GetArticleTypeAsync (API) in 5593ms
13:57:00 INFO  - Executed action GD.API.Controllers.System.UserController.GetLoginUserInfoAsync (API) in 231ms
13:57:00 INFO  - Executed action GD.API.Controllers.Utility.ArticleController.GetArticleTypeAsync (API) in 33ms
13:57:04 INFO  - Executed action GD.API.Controllers.System.UserController.GetLoginUserInfoAsync (API) in 239ms
13:57:05 INFO  - Executed action GD.API.Controllers.Utility.ArticleController.GetArticleTypeAsync (API) in 51ms
13:57:14 INFO  - Executed action GD.API.Controllers.Utility.AccountController.LoginAdmin (API) in 40ms
13:57:15 INFO  - Executed action GD.API.Controllers.Utility.AccountController.LoginAdmin (API) in 33ms
13:57:21 INFO  - Executed action GD.API.Controllers.Utility.AccountController.LoginAdmin (API) in 43ms
13:57:21 INFO  - Executed action GD.API.Controllers.System.UserController.GetLoginUserInfoAsync (API) in 331ms
13:57:22 INFO  - Executed action GD.API.Controllers.Utility.ArticleController.GetArticleTypeAsync (API) in 31ms
13:57:39 INFO  - Executed action GD.API.Controllers.Utility.ArticleController.GetArticleListAsync (API) in 193ms
13:57:40 INFO  - Executed action GD.API.Controllers.Utility.ArticleController.GetArticleListAsync (API) in 173ms
13:57:46 INFO  - Executed action GD.API.Controllers.System.UserController.GetLoginUserInfoAsync (API) in 250ms
13:57:46 INFO  - Executed action GD.API.Controllers.Utility.ArticleController.GetArticleTypeAsync (API) in 35ms
13:58:42 INFO  - Executed action GD.API.Controllers.System.UserController.GetLoginUserInfoAsync (API) in 253ms
13:58:50 INFO  - Executed action GD.API.Controllers.Utility.ArticleController.GetArticleTypeAsync (API) in 7057ms
13:59:48 INFO  - Executed action GD.API.Controllers.System.UserController.GetLoginUserInfoAsync (API) in 288ms
14:00:08 INFO  - Executed action GD.API.Controllers.System.UserController.GetLoginUserInfoAsync (API) in 596ms
14:02:29 INFO  - Executed action GD.API.Controllers.System.UserController.GetLoginUserInfoAsync (API) in 433ms
14:02:51 INFO  - Executed action GD.API.Controllers.System.UserController.GetLoginUserInfoAsync (API) in 326ms
14:03:32 INFO  - Executed action GD.API.Controllers.System.UserController.GetLoginUserInfoAsync (API) in 279ms
14:03:56 INFO  - Executed action GD.API.Controllers.Utility.AccountController.LoginAdmin (API) in 31ms
14:04:32 INFO  - Executed action GD.API.Controllers.Utility.AccountController.LoginAdmin (API) in 786ms
14:04:33 INFO  - Executed action GD.API.Controllers.System.UserController.GetLoginUserInfoAsync (API) in 662ms
14:04:34 INFO  - Executed action GD.API.Controllers.System.HomeController.GetUserQtyAsync (API) in 72ms
14:04:34 INFO  - Executed action GD.API.Controllers.System.HomeController.GetOrderQtyAsync (API) in 33ms
14:04:34 INFO  - Executed action GD.API.Controllers.System.HomeController.GetDoctorsQtyAsync (API) in 153ms
14:04:34 INFO  - Executed action GD.API.Controllers.System.HomeController.GetMerchantQtyAsync (API) in 117ms
14:04:37 INFO  - Executed action GD.API.Controllers.Doctor.HospitalController.GetHospitalAllSelectAsync (API) in 61ms
14:04:37 INFO  - Executed action GD.API.Controllers.Doctor.DoctorController.GetDoctorCertificateDetailAsync (API) in 163ms
14:04:37 INFO  - Executed action GD.API.Controllers.Doctor.DoctorController.GetDoctorPageAsync (API) in 247ms
14:04:39 INFO  - Executed action GD.API.Controllers.Merchant.MerchantController.GetHospitalSelectAsync (API) in 36ms
14:04:39 INFO  - Executed action GD.API.Controllers.Merchant.MerchantController.GetMerchantPageAsync (API) in 92ms
14:04:42 INFO  - Executed action GD.API.Controllers.System.DictionaryController.GetMerchantDictionaryAsync (API) in 2843ms
14:04:42 INFO  - Executed action GD.API.Controllers.Merchant.MerchantController.GetBusinessScopeListAsync (API) in 2941ms
14:04:42 INFO  - Executed action GD.API.Controllers.Doctor.DoctorController.GetDoctorJobTitlesAsync (API) in 5585ms
14:04:42 INFO  - Executed action GD.API.Controllers.Merchant.MerchantController.GetMerchantPageAsync (API) in 89ms
14:04:42 INFO  - Executed action GD.API.Controllers.Merchant.MerchantController.GetBusinessScopeListAsync (API) in 41ms
14:04:42 INFO  - Executed action GD.API.Controllers.System.DictionaryController.GetMerchantDictionaryAsync (API) in 37ms
14:04:45 INFO  - Executed action GD.API.Controllers.Utility.ArticleController.GetArticleTypeAsync (API) in 44ms
14:04:45 INFO  - Executed action GD.API.Controllers.Utility.ArticleController.GetArticleListAsync (API) in 221ms
14:04:58 INFO  - Executed action GD.API.Controllers.Health.HealthInformationController.GetHealthInfoBasicDataAsync (API) in 96ms
14:04:58 INFO  - Executed action GD.API.Controllers.Health.HealthController.GetConsumersPageList (API) in 98ms
14:05:02 INFO  - Executed action GD.API.Controllers.Utility.ArticleController.GetArticleTypeAsync (API) in 35ms
14:05:02 INFO  - Executed action GD.API.Controllers.Utility.ArticleController.GetArticleListAsync (API) in 192ms
14:05:17 INFO  - Executed action GD.API.Controllers.Health.HealthInformationController.GetHealthInfoBasicDataAsync (API) in 67ms
14:05:17 INFO  - Executed action GD.API.Controllers.Health.HealthController.GetConsumersPageList (API) in 82ms
14:05:44 INFO  - Executed action GD.API.Controllers.Doctor.DoctorController.GetDoctorCertificateDetailAsync (API) in 35ms
14:05:44 INFO  - Executed action GD.API.Controllers.Doctor.DoctorController.GetDoctorJobTitlesAsync (API) in 66ms
14:05:44 INFO  - Executed action GD.API.Controllers.Doctor.DoctorController.GetDoctorPageAsync (API) in 170ms
14:05:47 INFO  - Executed action GD.API.Controllers.Merchant.MerchantController.GetBusinessScopeListAsync (API) in 33ms
14:05:47 INFO  - Executed action GD.API.Controllers.System.DictionaryController.GetMerchantDictionaryAsync (API) in 34ms
14:05:47 INFO  - Executed action GD.API.Controllers.Merchant.MerchantController.GetMerchantPageAsync (API) in 85ms
14:20:11 INFO  - Executed action GD.API.Controllers.Health.HealthInformationController.GetHealthInfoBasicDataAsync (API) in 141ms
14:20:11 INFO  - Executed action GD.API.Controllers.Health.HealthController.GetConsumersPageList (API) in 170ms
14:20:28 INFO  - Executed action GD.API.Controllers.Health.HealthIndicatorController.GetHealthIndicatorList (API) in 320ms
14:21:14 INFO  - Executed action GD.API.Controllers.Health.HealthInformationController.GetHealthInfoBasicDataAsync (API) in 70ms
14:21:14 INFO  - Executed action GD.API.Controllers.Health.HealthController.GetConsumersPageList (API) in 119ms
14:24:30 INFO  - Executed action GD.API.Controllers.System.UserController.GetLoginUserInfoAsync (API) in 258ms
14:24:30 INFO  - Executed action GD.API.Controllers.Health.HealthInformationController.GetHealthInfoBasicDataAsync (API) in 79ms
14:24:30 INFO  - Executed action GD.API.Controllers.Health.HealthController.GetConsumersPageList (API) in 96ms
14:24:46 INFO  - Executed action GD.API.Controllers.Health.HealthController.GetConsumersPageList (API) in 88ms
14:24:47 INFO  - Executed action GD.API.Controllers.Health.HealthController.GetConsumersPageList (API) in 84ms
14:24:48 INFO  - Executed action GD.API.Controllers.Health.HealthController.GetConsumersPageList (API) in 78ms
14:24:49 INFO  - Executed action GD.API.Controllers.Health.HealthController.GetConsumersPageList (API) in 85ms
14:24:49 INFO  - Executed action GD.API.Controllers.Health.HealthController.GetConsumersPageList (API) in 83ms
14:24:50 INFO  - Executed action GD.API.Controllers.Health.HealthController.GetConsumersPageList (API) in 87ms
14:24:51 INFO  - Executed action GD.API.Controllers.Health.HealthController.GetConsumersPageList (API) in 78ms
14:24:52 INFO  - Executed action GD.API.Controllers.Health.HealthController.GetConsumersPageList (API) in 79ms
14:25:01 INFO  - Executed action GD.API.Controllers.Questionnaire.QuestionnaireController.GetQuestionnairePageListAsync (API) in 88ms
14:25:22 INFO  - Executed action GD.API.Controllers.Questionnaire.QuestionnaireController.GetConsumerQuestionnairesPageLisAsync (API) in 88ms
14:28:53 INFO  - Executed action GD.API.Controllers.Health.HealthInformationController.GetHealthInfoBasicDataAsync (API) in 146ms
14:28:53 INFO  - Executed action GD.API.Controllers.Health.HealthController.GetConsumersPageList (API) in 221ms
14:43:24 INFO  - Executed action GD.API.Controllers.Health.HealthIndicatorController.GetHealthIndicatorList (API) in 320ms
14:44:56 INFO  - Executed action GD.API.Controllers.Health.HealthController.GetConsumerQuestionnairesPageList (API) in 79ms
14:49:06 INFO  - Executed action GD.API.Controllers.Health.HealthController.GetConsumersPageList (API) in 72ms
14:49:06 INFO  - Executed action GD.API.Controllers.Health.HealthInformationController.GetHealthInfoBasicDataAsync (API) in 146ms
14:50:00 INFO  - Executed action GD.API.Controllers.Health.HealthInformationController.GetHealthInfoBasicDataAsync (API) in 60ms
14:50:00 INFO  - Executed action GD.API.Controllers.Health.HealthController.GetConsumersPageList (API) in 159ms
14:50:00 INFO  - Executed action GD.API.Controllers.Health.HealthInformationController.GetHealthInfoBasicDataAsync (API) in 66ms
14:50:43 INFO  - Executed action GD.API.Controllers.Health.HealthController.GetConsumersPageList (API) in 80ms
14:50:43 INFO  - Executed action GD.API.Controllers.Health.HealthInformationController.GetHealthInfoBasicDataAsync (API) in 65ms
14:50:43 INFO  - Executed action GD.API.Controllers.Health.HealthInformationController.GetHealthInfoBasicDataAsync (API) in 79ms
14:51:13 INFO  - Executed action GD.API.Controllers.System.UserController.GetLoginUserInfoAsync (API) in 281ms
14:51:14 INFO  - Executed action GD.API.Controllers.Health.HealthController.GetConsumersPageList (API) in 85ms
14:51:14 INFO  - Executed action GD.API.Controllers.Health.HealthInformationController.GetHealthInfoBasicDataAsync (API) in 64ms
15:09:17 INFO  - Executed action GD.API.Controllers.System.UserController.GetLoginUserInfoAsync (API) in 1655ms
15:09:18 INFO  - Executed action GD.API.Controllers.Health.HealthInformationController.GetHealthInfoBasicDataAsync (API) in 286ms
15:09:18 INFO  - Executed action GD.API.Controllers.Health.HealthController.GetConsumersPageList (API) in 372ms
15:09:30 INFO  - Executed action GD.API.Controllers.System.UserController.GetLoginUserInfoAsync (API) in 280ms
15:09:31 INFO  - Executed action GD.API.Controllers.Health.HealthInformationController.GetHealthInfoBasicDataAsync (API) in 62ms
15:09:31 INFO  - Executed action GD.API.Controllers.Health.HealthController.GetConsumersPageList (API) in 78ms
15:10:30 INFO  - Executed action GD.API.Controllers.System.UserController.GetLoginUserInfoAsync (API) in 251ms
15:10:31 INFO  - Executed action GD.API.Controllers.Health.HealthInformationController.GetHealthInfoBasicDataAsync (API) in 66ms
15:10:31 INFO  - Executed action GD.API.Controllers.Health.HealthController.GetConsumersPageList (API) in 83ms
15:28:04 INFO  - Executed action GD.API.Controllers.Health.HealthController.GetConsumersPageList (API) in 146ms
15:28:13 INFO  - Executed action GD.API.Controllers.System.UserController.GetLoginUserInfoAsync (API) in 219ms
15:28:14 INFO  - Executed action GD.API.Controllers.Health.HealthController.GetConsumersPageList (API) in 81ms
15:28:14 INFO  - Executed action GD.API.Controllers.Health.HealthInformationController.GetHealthInfoBasicDataAsync (API) in 141ms
15:28:14 INFO  - Executed action GD.API.Controllers.Health.HealthController.GetConsumersPageList (API) in 75ms
15:30:53 INFO  - Executed action GD.API.Controllers.Health.HealthController.GetConsumersPageList (API) in 144ms
15:31:36 INFO  - Executed action GD.API.Controllers.Health.HealthController.GetConsumersPageList (API) in 76ms
15:32:52 INFO  - Executed action GD.API.Controllers.Health.HealthController.GetConsumersPageList (API) in 80ms
15:33:25 INFO  - Executed action GD.API.Controllers.System.UserController.GetLoginUserInfoAsync (API) in 262ms
15:33:26 INFO  - Executed action GD.API.Controllers.Health.HealthInformationController.GetHealthInfoBasicDataAsync (API) in 57ms
15:33:26 INFO  - Executed action GD.API.Controllers.Health.HealthController.GetConsumersPageList (API) in 85ms
15:33:26 INFO  - Executed action GD.API.Controllers.Health.HealthController.GetConsumersPageList (API) in 77ms
15:34:32 INFO  - Executed action GD.API.Controllers.Health.HealthController.GetConsumersPageList (API) in 82ms
15:34:35 INFO  - Executed action GD.API.Controllers.System.UserController.GetLoginUserInfoAsync (API) in 238ms
15:34:35 INFO  - Executed action GD.API.Controllers.Health.HealthController.GetConsumersPageList (API) in 75ms
15:34:35 INFO  - Executed action GD.API.Controllers.Health.HealthInformationController.GetHealthInfoBasicDataAsync (API) in 63ms
15:34:35 INFO  - Executed action GD.API.Controllers.Health.HealthController.GetConsumersPageList (API) in 81ms
15:34:54 INFO  - Executed action GD.API.Controllers.Health.HealthController.GetConsumersPageList (API) in 81ms
15:34:59 INFO  - Executed action GD.API.Controllers.System.UserController.GetLoginUserInfoAsync (API) in 248ms
15:34:59 INFO  - Executed action GD.API.Controllers.Health.HealthInformationController.GetHealthInfoBasicDataAsync (API) in 65ms
15:34:59 INFO  - Executed action GD.API.Controllers.Health.HealthController.GetConsumersPageList (API) in 92ms
15:35:00 INFO  - Executed action GD.API.Controllers.Health.HealthController.GetConsumersPageList (API) in 360ms
15:35:26 INFO  - Executed action GD.API.Controllers.Health.HealthController.GetConsumersPageList (API) in 81ms
15:37:37 INFO  - Executed action GD.API.Controllers.Health.HealthController.GetConsumersPageList (API) in 86ms
15:37:38 INFO  - Executed action GD.API.Controllers.Health.HealthController.GetConsumersPageList (API) in 78ms
15:37:38 INFO  - Executed action GD.API.Controllers.Health.HealthController.GetConsumersPageList (API) in 78ms
15:37:40 INFO  - Executed action GD.API.Controllers.Health.HealthController.GetConsumersPageList (API) in 76ms
15:37:41 INFO  - Executed action GD.API.Controllers.Health.HealthController.GetConsumersPageList (API) in 78ms
15:39:09 INFO  - Executed action GD.API.Controllers.System.UserController.GetLoginUserInfoAsync (API) in 252ms
15:39:09 INFO  - Executed action GD.API.Controllers.Health.HealthInformationController.GetHealthInfoBasicDataAsync (API) in 73ms
15:39:09 INFO  - Executed action GD.API.Controllers.Health.HealthController.GetConsumersPageList (API) in 104ms
15:39:09 INFO  - Executed action GD.API.Controllers.Health.HealthController.GetConsumersPageList (API) in 92ms
15:44:32 INFO  - Executed action GD.API.Controllers.Health.HealthController.GetConsumersPageList (API) in 173ms
15:44:54 INFO  - Executed action GD.API.Controllers.Health.HealthController.GetConsumersPageList (API) in 92ms
15:45:15 INFO  - Executed action GD.API.Controllers.Health.HealthController.GetConsumersPageList (API) in 94ms
15:45:42 INFO  - Executed action GD.API.Controllers.Health.HealthController.GetConsumersPageList (API) in 88ms
15:45:56 INFO  - Executed action GD.API.Controllers.Health.HealthController.GetConsumersPageList (API) in 103ms
15:47:45 INFO  - Executed action GD.API.Controllers.Health.HealthController.GetConsumersPageList (API) in 87ms
15:47:49 INFO  - Executed action GD.API.Controllers.System.UserController.GetLoginUserInfoAsync (API) in 495ms
15:47:49 INFO  - Executed action GD.API.Controllers.Health.HealthController.GetConsumersPageList (API) in 106ms
15:47:49 INFO  - Executed action GD.API.Controllers.Health.HealthInformationController.GetHealthInfoBasicDataAsync (API) in 91ms
15:47:51 INFO  - Executed action GD.API.Controllers.Health.HealthController.GetConsumersPageList (API) in 1267ms
15:48:23 INFO  - Executed action GD.API.Controllers.System.UserController.GetLoginUserInfoAsync (API) in 382ms
15:48:24 INFO  - Executed action GD.API.Controllers.Health.HealthInformationController.GetHealthInfoBasicDataAsync (API) in 67ms
15:48:24 INFO  - Executed action GD.API.Controllers.Health.HealthController.GetConsumersPageList (API) in 96ms
15:48:24 INFO  - Executed action GD.API.Controllers.Health.HealthController.GetConsumersPageList (API) in 104ms
15:55:31 INFO  - Executed action GD.API.Controllers.Health.HealthController.GetConsumersPageList (API) in 179ms
15:55:39 INFO  - Executed action GD.API.Controllers.Health.HealthController.GetConsumersPageList (API) in 94ms
15:56:07 INFO  - Executed action GD.API.Controllers.Health.HealthController.GetConsumersPageList (API) in 88ms
15:56:48 INFO  - Executed action GD.API.Controllers.Health.HealthController.GetConsumersPageList (API) in 93ms
15:56:49 INFO  - Executed action GD.API.Controllers.Health.HealthController.GetConsumersPageList (API) in 99ms
16:01:07 INFO  - Executed action GD.API.Controllers.Health.HealthController.GetConsumersPageList (API) in 93ms
16:03:12 INFO  - Executed action GD.API.Controllers.Health.HealthController.GetConsumersPageList (API) in 107ms
16:04:05 INFO  - Executed action GD.API.Controllers.Health.HealthController.GetConsumersPageList (API) in 89ms
16:04:13 INFO  - Executed action GD.API.Controllers.System.UserController.GetLoginUserInfoAsync (API) in 266ms
16:04:14 INFO  - Executed action GD.API.Controllers.Health.HealthController.GetConsumersPageList (API) in 90ms
16:04:14 INFO  - Executed action GD.API.Controllers.Health.HealthInformationController.GetHealthInfoBasicDataAsync (API) in 157ms
16:04:14 INFO  - Executed action GD.API.Controllers.Health.HealthController.GetConsumersPageList (API) in 92ms
16:04:43 INFO  - Executed action GD.API.Controllers.Health.HealthController.GetConsumersPageList (API) in 110ms
16:04:51 INFO  - Executed action GD.API.Controllers.Health.HealthController.GetConsumersPageList (API) in 89ms
16:05:06 INFO  - Executed action GD.API.Controllers.Health.HealthController.GetConsumersPageList (API) in 89ms
16:05:47 INFO  - Executed action GD.API.Controllers.Health.HealthController.GetConsumersPageList (API) in 95ms
16:06:13 INFO  - Executed action GD.API.Controllers.Health.HealthController.GetConsumersPageList (API) in 89ms
16:06:14 INFO  - Executed action GD.API.Controllers.Health.HealthController.GetConsumersPageList (API) in 87ms
16:06:15 INFO  - Executed action GD.API.Controllers.Health.HealthController.GetConsumersPageList (API) in 86ms
16:06:16 INFO  - Executed action GD.API.Controllers.Health.HealthController.GetConsumersPageList (API) in 85ms
16:06:17 INFO  - Executed action GD.API.Controllers.Health.HealthController.GetConsumersPageList (API) in 85ms
16:06:17 INFO  - Executed action GD.API.Controllers.Health.HealthController.GetConsumersPageList (API) in 86ms
16:06:18 INFO  - Executed action GD.API.Controllers.Health.HealthController.GetConsumersPageList (API) in 86ms
16:06:18 INFO  - Executed action GD.API.Controllers.Health.HealthController.GetConsumersPageList (API) in 84ms
16:09:07 INFO  - Executed action GD.API.Controllers.Health.HealthController.GetConsumersPageList (API) in 94ms
16:12:44 INFO  - Executed action GD.API.Controllers.Health.HealthController.GetConsumersPageList (API) in 94ms
16:12:50 INFO  - Executed action GD.API.Controllers.System.UserController.GetLoginUserInfoAsync (API) in 262ms
16:12:50 INFO  - Executed action GD.API.Controllers.Health.HealthInformationController.GetHealthInfoBasicDataAsync (API) in 61ms
16:12:50 INFO  - Executed action GD.API.Controllers.Health.HealthController.GetConsumersPageList (API) in 91ms
16:12:50 INFO  - Executed action GD.API.Controllers.Health.HealthController.GetConsumersPageList (API) in 90ms
16:13:39 INFO  - Executed action GD.API.Controllers.Health.HealthController.GetConsumersPageList (API) in 88ms
16:13:49 INFO  - Executed action GD.API.Controllers.System.UserController.GetLoginUserInfoAsync (API) in 257ms
16:13:50 INFO  - Executed action GD.API.Controllers.Health.HealthInformationController.GetHealthInfoBasicDataAsync (API) in 71ms
16:13:50 INFO  - Executed action GD.API.Controllers.Health.HealthController.GetConsumersPageList (API) in 111ms
16:13:50 INFO  - Executed action GD.API.Controllers.Health.HealthController.GetConsumersPageList (API) in 97ms
16:13:59 INFO  - Executed action GD.API.Controllers.Health.HealthController.GetConsumersPageList (API) in 98ms
16:14:00 INFO  - Executed action GD.API.Controllers.Health.HealthController.GetConsumersPageList (API) in 87ms
16:14:01 INFO  - Executed action GD.API.Controllers.Health.HealthController.GetConsumersPageList (API) in 88ms
16:14:02 INFO  - Executed action GD.API.Controllers.Health.HealthController.GetConsumersPageList (API) in 93ms
16:14:03 INFO  - Executed action GD.API.Controllers.Health.HealthController.GetConsumersPageList (API) in 82ms
16:14:04 INFO  - Executed action GD.API.Controllers.Health.HealthController.GetConsumersPageList (API) in 86ms
16:14:04 INFO  - Executed action GD.API.Controllers.Health.HealthController.GetConsumersPageList (API) in 90ms
16:14:05 INFO  - Executed action GD.API.Controllers.Health.HealthController.GetConsumersPageList (API) in 87ms
16:14:06 INFO  - Executed action GD.API.Controllers.Health.HealthController.GetConsumersPageList (API) in 89ms
16:14:08 INFO  - Executed action GD.API.Controllers.Health.HealthController.GetConsumersPageList (API) in 87ms
16:18:45 INFO  - Executed action GD.API.Controllers.Health.HealthController.GetConsumersPageList (API) in 98ms
16:19:10 INFO  - Executed action GD.API.Controllers.Health.HealthController.GetConsumersPageList (API) in 95ms
16:19:13 INFO  - Executed action GD.API.Controllers.System.UserController.GetLoginUserInfoAsync (API) in 286ms
16:19:14 INFO  - Executed action GD.API.Controllers.Health.HealthController.GetConsumersPageList (API) in 108ms
16:19:14 INFO  - Executed action GD.API.Controllers.Health.HealthInformationController.GetHealthInfoBasicDataAsync (API) in 72ms
16:19:14 INFO  - Executed action GD.API.Controllers.Health.HealthController.GetConsumersPageList (API) in 87ms
16:19:42 INFO  - Executed action GD.API.Controllers.Health.HealthController.GetConsumersPageList (API) in 99ms
16:19:55 INFO  - Executed action GD.API.Controllers.Health.HealthController.GetConsumersPageList (API) in 84ms
16:22:45 INFO  - Executed action GD.API.Controllers.Health.HealthController.GetConsumersPageList (API) in 102ms
16:22:48 INFO  - Executed action GD.API.Controllers.System.UserController.GetLoginUserInfoAsync (API) in 265ms
16:22:49 INFO  - Executed action GD.API.Controllers.Health.HealthController.GetConsumersPageList (API) in 106ms
16:22:49 INFO  - Executed action GD.API.Controllers.Health.HealthInformationController.GetHealthInfoBasicDataAsync (API) in 66ms
16:22:49 INFO  - Executed action GD.API.Controllers.Health.HealthController.GetConsumersPageList (API) in 87ms
16:23:03 INFO  - Executed action GD.API.Controllers.Health.HealthController.GetConsumersPageList (API) in 86ms
16:23:06 INFO  - Executed action GD.API.Controllers.System.UserController.GetLoginUserInfoAsync (API) in 258ms
16:23:07 INFO  - Executed action GD.API.Controllers.Health.HealthController.GetConsumersPageList (API) in 127ms
16:23:07 INFO  - Executed action GD.API.Controllers.Health.HealthInformationController.GetHealthInfoBasicDataAsync (API) in 93ms
16:23:07 INFO  - Executed action GD.API.Controllers.Health.HealthController.GetConsumersPageList (API) in 89ms
16:23:46 INFO  - Executed action GD.API.Controllers.Health.HealthController.GetConsumersPageList (API) in 93ms
16:23:49 INFO  - Executed action GD.API.Controllers.System.UserController.GetLoginUserInfoAsync (API) in 276ms
16:23:50 INFO  - Executed action GD.API.Controllers.Health.HealthController.GetConsumersPageList (API) in 94ms
16:23:50 INFO  - Executed action GD.API.Controllers.Health.HealthInformationController.GetHealthInfoBasicDataAsync (API) in 74ms
16:23:50 INFO  - Executed action GD.API.Controllers.Health.HealthController.GetConsumersPageList (API) in 90ms
16:27:24 INFO  - Executed action GD.API.Controllers.Health.HealthController.GetConsumersPageList (API) in 84ms
16:28:54 INFO  - Executed action GD.API.Controllers.Health.HealthController.GetConsumersPageList (API) in 90ms
16:29:22 INFO  - Executed action GD.API.Controllers.Health.HealthController.GetConsumersPageList (API) in 90ms
16:29:46 INFO  - Executed action GD.API.Controllers.Health.HealthController.GetConsumersPageList (API) in 88ms
16:30:35 INFO  - Executed action GD.API.Controllers.Health.HealthController.GetConsumersPageList (API) in 91ms
16:31:02 INFO  - Executed action GD.API.Controllers.Health.HealthController.GetConsumersPageList (API) in 94ms
16:31:03 INFO  - Executed action GD.API.Controllers.System.UserController.GetLoginUserInfoAsync (API) in 249ms
16:31:04 INFO  - Executed action GD.API.Controllers.Health.HealthController.GetConsumersPageList (API) in 91ms
16:31:04 INFO  - Executed action GD.API.Controllers.Health.HealthInformationController.GetHealthInfoBasicDataAsync (API) in 79ms
16:31:04 INFO  - Executed action GD.API.Controllers.Health.HealthController.GetConsumersPageList (API) in 100ms
16:32:07 INFO  - Executed action GD.API.Controllers.Health.HealthController.GetConsumersPageList (API) in 97ms
16:32:27 INFO  - Executed action GD.API.Controllers.System.UserController.GetLoginUserInfoAsync (API) in 356ms
16:32:28 INFO  - Executed action GD.API.Controllers.Health.HealthInformationController.GetHealthInfoBasicDataAsync (API) in 74ms
16:32:28 INFO  - Executed action GD.API.Controllers.Health.HealthController.GetConsumersPageList (API) in 101ms
16:32:28 INFO  - Executed action GD.API.Controllers.Health.HealthController.GetConsumersPageList (API) in 102ms
16:32:34 INFO  - Executed action GD.API.Controllers.System.UserController.GetLoginUserInfoAsync (API) in 292ms
16:32:34 INFO  - Executed action GD.API.Controllers.Health.HealthInformationController.GetHealthInfoBasicDataAsync (API) in 78ms
16:32:34 INFO  - Executed action GD.API.Controllers.Health.HealthController.GetConsumersPageList (API) in 91ms
16:32:35 INFO  - Executed action GD.API.Controllers.Health.HealthController.GetConsumersPageList (API) in 132ms
16:34:22 INFO  - Executed action GD.API.Controllers.System.UserController.GetLoginUserInfoAsync (API) in 283ms
16:34:22 INFO  - Executed action GD.API.Controllers.Health.HealthInformationController.GetHealthInfoBasicDataAsync (API) in 71ms
16:34:22 INFO  - Executed action GD.API.Controllers.Health.HealthController.GetConsumersPageList (API) in 87ms
16:34:22 INFO  - Executed action GD.API.Controllers.Health.HealthController.GetConsumersPageList (API) in 97ms
16:35:25 INFO  - Executed action GD.API.Controllers.Health.HealthController.GetConsumersPageList (API) in 97ms
16:35:26 INFO  - Executed action GD.API.Controllers.Health.HealthController.GetConsumersPageList (API) in 88ms
16:36:24 INFO  - Executed action GD.API.Controllers.Health.HealthController.GetConsumersPageList (API) in 87ms
16:36:31 INFO  - Executed action GD.API.Controllers.System.UserController.GetLoginUserInfoAsync (API) in 284ms
16:36:32 INFO  - Executed action GD.API.Controllers.Health.HealthInformationController.GetHealthInfoBasicDataAsync (API) in 75ms
16:36:32 INFO  - Executed action GD.API.Controllers.Health.HealthController.GetConsumersPageList (API) in 97ms
16:36:32 INFO  - Executed action GD.API.Controllers.Health.HealthController.GetConsumersPageList (API) in 106ms
16:36:38 INFO  - Executed action GD.API.Controllers.System.UserController.GetLoginUserInfoAsync (API) in 274ms
16:36:38 INFO  - Executed action GD.API.Controllers.Health.HealthInformationController.GetHealthInfoBasicDataAsync (API) in 75ms
16:36:38 INFO  - Executed action GD.API.Controllers.Health.HealthController.GetConsumersPageList (API) in 88ms
16:36:38 INFO  - Executed action GD.API.Controllers.Health.HealthController.GetConsumersPageList (API) in 92ms
16:36:48 INFO  - Executed action GD.API.Controllers.System.UserController.GetLoginUserInfoAsync (API) in 250ms
16:36:49 INFO  - Executed action GD.API.Controllers.Health.HealthInformationController.GetHealthInfoBasicDataAsync (API) in 69ms
16:36:49 INFO  - Executed action GD.API.Controllers.Health.HealthController.GetConsumersPageList (API) in 89ms
16:36:49 INFO  - Executed action GD.API.Controllers.Health.HealthController.GetConsumersPageList (API) in 91ms
16:38:02 INFO  - Executed action GD.API.Controllers.Health.HealthController.GetConsumersPageList (API) in 98ms
16:38:31 INFO  - Executed action GD.API.Controllers.Health.HealthController.GetConsumersPageList (API) in 98ms
16:38:33 INFO  - Executed action GD.API.Controllers.System.UserController.GetLoginUserInfoAsync (API) in 289ms
16:38:33 INFO  - Executed action GD.API.Controllers.Health.HealthController.GetConsumersPageList (API) in 115ms
16:38:33 INFO  - Executed action GD.API.Controllers.Health.HealthInformationController.GetHealthInfoBasicDataAsync (API) in 80ms
16:38:33 INFO  - Executed action GD.API.Controllers.Health.HealthController.GetConsumersPageList (API) in 97ms
16:39:33 INFO  - Executed action GD.API.Controllers.System.UserController.GetLoginUserInfoAsync (API) in 250ms
16:39:33 INFO  - Executed action GD.API.Controllers.Health.HealthInformationController.GetHealthInfoBasicDataAsync (API) in 67ms
16:39:33 INFO  - Executed action GD.API.Controllers.Health.HealthController.GetConsumersPageList (API) in 86ms
16:39:33 INFO  - Executed action GD.API.Controllers.Health.HealthController.GetConsumersPageList (API) in 98ms
16:40:34 INFO  - Executed action GD.API.Controllers.Health.HealthController.GetConsumersPageList (API) in 94ms
16:40:36 INFO  - Executed action GD.API.Controllers.System.UserController.GetLoginUserInfoAsync (API) in 274ms
16:40:37 INFO  - Executed action GD.API.Controllers.Health.HealthController.GetConsumersPageList (API) in 94ms
16:40:37 INFO  - Executed action GD.API.Controllers.Health.HealthInformationController.GetHealthInfoBasicDataAsync (API) in 80ms
16:40:37 INFO  - Executed action GD.API.Controllers.Health.HealthController.GetConsumersPageList (API) in 87ms
16:41:59 INFO  - Executed action GD.API.Controllers.Health.HealthController.GetConsumersPageList (API) in 90ms
16:42:35 INFO  - Executed action GD.API.Controllers.System.UserController.GetLoginUserInfoAsync (API) in 273ms
16:42:36 INFO  - Executed action GD.API.Controllers.Health.HealthController.GetConsumersPageList (API) in 87ms
16:42:36 INFO  - Executed action GD.API.Controllers.Health.HealthInformationController.GetHealthInfoBasicDataAsync (API) in 83ms
16:42:36 INFO  - Executed action GD.API.Controllers.Health.HealthController.GetConsumersPageList (API) in 85ms
16:44:11 INFO  - Executed action GD.API.Controllers.System.UserController.GetLoginUserInfoAsync (API) in 272ms
16:44:11 INFO  - Executed action GD.API.Controllers.Health.HealthInformationController.GetHealthInfoBasicDataAsync (API) in 69ms
16:44:11 INFO  - Executed action GD.API.Controllers.Health.HealthController.GetConsumersPageList (API) in 88ms
16:44:11 INFO  - Executed action GD.API.Controllers.Health.HealthController.GetConsumersPageList (API) in 92ms
16:44:26 INFO  - Executed action GD.API.Controllers.System.UserController.GetLoginUserInfoAsync (API) in 252ms
16:44:27 INFO  - Executed action GD.API.Controllers.Health.HealthInformationController.GetHealthInfoBasicDataAsync (API) in 73ms
16:44:27 INFO  - Executed action GD.API.Controllers.Health.HealthController.GetConsumersPageList (API) in 100ms
16:44:27 INFO  - Executed action GD.API.Controllers.Health.HealthController.GetConsumersPageList (API) in 94ms
16:44:58 INFO  - Executed action GD.API.Controllers.DataBoard.DataBoardController.GetDayWeChatDetailAsync (API) in 84ms
16:44:58 INFO  - Executed action GD.API.Controllers.DataBoard.DataBoardController.GetTodayTotalAsync (API) in 111ms
16:44:58 INFO  - Executed action GD.API.Controllers.DataBoard.DataBoardController.GetDayWeChatScaleAsync (API) in 213ms
16:44:58 INFO  - Executed action GD.API.Controllers.DataBoard.DataBoardController.GetTrendAsync (API) in 253ms
16:44:58 INFO  - Executed action GD.API.Controllers.DataBoard.DataBoardController.GetLastDayWeChatPayCountAsync (API) in 56ms
16:44:58 INFO  - Executed action GD.API.Controllers.DataBoard.DataBoardController.GetMonthDetailAsync (API) in 39ms
16:44:58 INFO  - Executed action GD.API.Controllers.DataBoard.DataBoardController.GetWeChatDetailAsync (API) in 264ms
16:44:58 INFO  - Executed action GD.API.Controllers.DataBoard.DataBoardController.GetDayAchievementAsync (API) in 178ms
16:44:58 INFO  - Executed action GD.API.Controllers.Utility.WeatherController.GetWeatherForecast (API) in 474ms
16:45:11 INFO  - Executed action GD.API.Controllers.System.HomeController.GetUserQtyAsync (API) in 38ms
16:45:11 INFO  - Executed action GD.API.Controllers.System.HomeController.GetMerchantQtyAsync (API) in 36ms
16:45:11 INFO  - Executed action GD.API.Controllers.System.HomeController.GetDoctorsQtyAsync (API) in 36ms
16:45:11 INFO  - Executed action GD.API.Controllers.System.HomeController.GetOrderQtyAsync (API) in 34ms
16:45:18 INFO  - Executed action GD.API.Controllers.Utility.ArticleController.GetArticleTypeAsync (API) in 35ms
16:45:18 INFO  - Executed action GD.API.Controllers.Utility.ArticleController.GetArticleListAsync (API) in 188ms
16:45:21 INFO  - Executed action GD.API.Controllers.Health.HealthInformationController.GetHealthInfoBasicDataAsync (API) in 72ms
16:45:21 INFO  - Executed action GD.API.Controllers.Health.HealthController.GetConsumersPageList (API) in 90ms
16:45:21 INFO  - Executed action GD.API.Controllers.Health.HealthController.GetConsumersPageList (API) in 83ms
16:51:05 INFO  - Executed action GD.API.Controllers.Health.HealthController.GetConsumersPageList (API) in 237ms
16:51:10 INFO  - Executed action GD.API.Controllers.System.UserController.GetLoginUserInfoAsync (API) in 265ms
16:51:11 INFO  - Executed action GD.API.Controllers.Health.HealthController.GetConsumersPageList (API) in 86ms
16:51:11 INFO  - Executed action GD.API.Controllers.Health.HealthInformationController.GetHealthInfoBasicDataAsync (API) in 150ms
16:51:11 INFO  - Executed action GD.API.Controllers.Health.HealthController.GetConsumersPageList (API) in 88ms
16:52:05 INFO  - Executed action GD.API.Controllers.Health.HealthController.GetConsumersPageList (API) in 88ms
16:52:08 INFO  - Executed action GD.API.Controllers.System.UserController.GetLoginUserInfoAsync (API) in 271ms
16:52:08 INFO  - Executed action GD.API.Controllers.Health.HealthController.GetConsumersPageList (API) in 111ms
16:52:08 INFO  - Executed action GD.API.Controllers.Health.HealthInformationController.GetHealthInfoBasicDataAsync (API) in 91ms
16:52:08 INFO  - Executed action GD.API.Controllers.Health.HealthController.GetConsumersPageList (API) in 90ms
16:53:00 INFO  - Executed action GD.API.Controllers.Health.HealthController.GetConsumersPageList (API) in 84ms
16:53:03 INFO  - Executed action GD.API.Controllers.System.UserController.GetLoginUserInfoAsync (API) in 249ms
16:53:03 INFO  - Executed action GD.API.Controllers.Health.HealthController.GetConsumersPageList (API) in 100ms
16:53:03 INFO  - Executed action GD.API.Controllers.Health.HealthInformationController.GetHealthInfoBasicDataAsync (API) in 83ms
16:53:03 INFO  - Executed action GD.API.Controllers.Health.HealthController.GetConsumersPageList (API) in 82ms
16:55:25 INFO  - Executed action GD.API.Controllers.Health.HealthController.GetConsumersPageList (API) in 87ms
16:55:26 INFO  - Executed action GD.API.Controllers.Health.HealthController.GetConsumersPageList (API) in 94ms
16:56:22 INFO  - Executed action GD.API.Controllers.Health.HealthController.GetConsumersPageList (API) in 82ms
16:57:53 INFO  - Executed action GD.API.Controllers.System.UserController.GetLoginUserInfoAsync (API) in 257ms
16:57:54 INFO  - Executed action GD.API.Controllers.Health.HealthInformationController.GetHealthInfoBasicDataAsync (API) in 81ms
16:57:54 INFO  - Executed action GD.API.Controllers.Health.HealthController.GetConsumersPageList (API) in 82ms
16:57:54 INFO  - Executed action GD.API.Controllers.Health.HealthController.GetConsumersPageList (API) in 92ms
16:58:10 INFO  - Executed action GD.API.Controllers.Health.HealthController.GetConsumersPageList (API) in 86ms
16:58:12 INFO  - Executed action GD.API.Controllers.System.UserController.GetLoginUserInfoAsync (API) in 299ms
16:58:13 INFO  - Executed action GD.API.Controllers.Health.HealthController.GetConsumersPageList (API) in 85ms
16:58:13 INFO  - Executed action GD.API.Controllers.Health.HealthInformationController.GetHealthInfoBasicDataAsync (API) in 72ms
16:58:13 INFO  - Executed action GD.API.Controllers.Health.HealthController.GetConsumersPageList (API) in 84ms
16:59:05 INFO  - Executed action GD.API.Controllers.Health.HealthController.GetConsumersPageList (API) in 90ms
16:59:08 INFO  - Executed action GD.API.Controllers.System.UserController.GetLoginUserInfoAsync (API) in 292ms
16:59:09 INFO  - Executed action GD.API.Controllers.Health.HealthController.GetConsumersPageList (API) in 98ms
16:59:09 INFO  - Executed action GD.API.Controllers.Health.HealthInformationController.GetHealthInfoBasicDataAsync (API) in 69ms
16:59:09 INFO  - Executed action GD.API.Controllers.Health.HealthController.GetConsumersPageList (API) in 87ms
17:02:01 INFO  - Executed action GD.API.Controllers.System.UserController.GetLoginUserInfoAsync (API) in 251ms
17:02:01 INFO  - Executed action GD.API.Controllers.Health.HealthInformationController.GetHealthInfoBasicDataAsync (API) in 81ms
17:02:01 INFO  - Executed action GD.API.Controllers.Health.HealthController.GetConsumersPageList (API) in 132ms
17:02:02 INFO  - Executed action GD.API.Controllers.Health.HealthController.GetConsumersPageList (API) in 91ms
17:02:53 INFO  - Executed action GD.API.Controllers.System.UserController.GetLoginUserInfoAsync (API) in 1017ms
17:02:54 INFO  - Executed action GD.API.Controllers.Health.HealthController.GetConsumersPageList (API) in 169ms
17:02:54 INFO  - Executed action GD.API.Controllers.Health.HealthController.GetConsumersPageList (API) in 108ms
17:02:54 INFO  - Executed action GD.API.Controllers.Health.HealthInformationController.GetHealthInfoBasicDataAsync (API) in 326ms
17:04:47 INFO  - Executed action GD.API.Controllers.Health.HealthController.GetConsumersPageList (API) in 87ms
17:04:51 INFO  - Executed action GD.API.Controllers.System.UserController.GetLoginUserInfoAsync (API) in 792ms
17:04:52 INFO  - Executed action GD.API.Controllers.Health.HealthController.GetConsumersPageList (API) in 215ms
17:04:52 INFO  - Executed action GD.API.Controllers.Health.HealthController.GetConsumersPageList (API) in 149ms
17:04:52 INFO  - Executed action GD.API.Controllers.Health.HealthInformationController.GetHealthInfoBasicDataAsync (API) in 427ms
17:04:59 INFO  - Executed action GD.API.Controllers.System.UserController.GetLoginUserInfoAsync (API) in 326ms
17:05:00 INFO  - Executed action GD.API.Controllers.Health.HealthInformationController.GetHealthInfoBasicDataAsync (API) in 69ms
17:05:00 INFO  - Executed action GD.API.Controllers.Health.HealthController.GetConsumersPageList (API) in 90ms
17:05:00 INFO  - Executed action GD.API.Controllers.Health.HealthController.GetConsumersPageList (API) in 81ms
17:06:08 INFO  - Executed action GD.API.Controllers.Health.HealthController.GetConsumersPageList (API) in 89ms
17:06:36 INFO  - Executed action GD.API.Controllers.System.UserController.GetLoginUserInfoAsync (API) in 283ms
17:06:36 INFO  - Executed action GD.API.Controllers.Health.HealthInformationController.GetHealthInfoBasicDataAsync (API) in 67ms
17:06:36 INFO  - Executed action GD.API.Controllers.Health.HealthController.GetConsumersPageList (API) in 93ms
17:06:37 INFO  - Executed action GD.API.Controllers.Health.HealthController.GetConsumersPageList (API) in 92ms
17:06:59 INFO  - Executed action GD.API.Controllers.Health.HealthController.GetConsumersPageList (API) in 95ms
17:07:03 INFO  - Executed action GD.API.Controllers.System.UserController.GetLoginUserInfoAsync (API) in 267ms
17:07:03 INFO  - Executed action GD.API.Controllers.Health.HealthController.GetConsumersPageList (API) in 92ms
17:07:03 INFO  - Executed action GD.API.Controllers.Health.HealthInformationController.GetHealthInfoBasicDataAsync (API) in 69ms
17:07:03 INFO  - Executed action GD.API.Controllers.Health.HealthController.GetConsumersPageList (API) in 83ms
17:08:11 INFO  - Executed action GD.API.Controllers.Health.HealthIndicatorController.GetHealthIndicatorList (API) in 295ms
17:08:13 INFO  - Executed action GD.API.Controllers.Health.HealthInformationController.GetHealthInformationAsync (API) in 141ms
17:08:15 INFO  - Executed action GD.API.Controllers.Health.HealthIndicatorController.GetHealthIndicatorList (API) in 298ms
17:08:16 INFO  - Executed action GD.API.Controllers.Health.HealthInformationController.GetHealthInformationAsync (API) in 127ms
17:08:17 INFO  - Executed action GD.API.Controllers.Health.HealthIndicatorController.GetHealthIndicatorList (API) in 291ms
17:08:21 INFO  - Executed action GD.API.Controllers.Health.HealthIndicatorController.GetHealthIndicatorList (API) in 358ms
17:08:25 INFO  - Executed action GD.API.Controllers.Health.HealthController.GetConsumersPageList (API) in 81ms
17:08:26 INFO  - Executed action GD.API.Controllers.Health.HealthController.GetConsumersPageList (API) in 84ms
17:08:26 INFO  - Executed action GD.API.Controllers.Health.HealthController.GetConsumersPageList (API) in 97ms
17:08:54 INFO  - Executed action GD.API.Controllers.Health.HealthInformationController.GetHealthInfoBasicDataAsync (API) in 78ms
17:20:14 INFO  - Executed action GD.API.Controllers.Health.HealthInformationController.GetHealthInfoBasicDataAsync (API) in 155ms
17:21:50 INFO  - Executed action GD.API.Controllers.Health.HealthInformationController.GetHealthInfoBasicDataAsync (API) in 68ms
17:22:27 INFO  - Executed action GD.API.Controllers.Health.HealthInformationController.GetHealthInfoBasicDataAsync (API) in 68ms
17:23:06 INFO  - Executed action GD.API.Controllers.System.UserController.GetLoginUserInfoAsync (API) in 276ms
17:23:07 INFO  - Executed action GD.API.Controllers.Health.HealthInformationController.GetHealthInfoBasicDataAsync (API) in 67ms
17:23:34 INFO  - Executed action GD.API.Controllers.Health.HealthInformationController.GetHealthInfoBasicDataAsync (API) in 154ms
17:25:28 INFO  - Executed action GD.API.Controllers.Health.HealthInformationController.GetHealthInfoBasicDataAsync (API) in 66ms
17:25:43 INFO  - Executed action GD.API.Controllers.Health.HealthInformationController.GetHealthInfoBasicDataAsync (API) in 67ms
17:26:10 INFO  - Executed action GD.API.Controllers.Health.HealthInformationController.GetHealthInfoBasicDataAsync (API) in 74ms
17:27:34 INFO  - Executed action GD.API.Controllers.Health.HealthInformationController.GetHealthInfoBasicDataAsync (API) in 73ms
17:27:50 INFO  - Executed action GD.API.Controllers.Health.HealthInformationController.GetHealthInfoBasicDataAsync (API) in 71ms
17:29:09 INFO  - Executed action GD.API.Controllers.Health.HealthInformationController.GetHealthInfoBasicDataAsync (API) in 73ms
17:30:13 INFO  - Executed action GD.API.Controllers.Health.HealthInformationController.GetHealthInfoBasicDataAsync (API) in 80ms
17:30:38 INFO  - Executed action GD.API.Controllers.Health.HealthInformationController.GetHealthInfoBasicDataAsync (API) in 70ms
17:31:45 INFO  - Executed action GD.API.Controllers.Health.HealthInformationController.GetHealthInfoBasicDataAsync (API) in 71ms
17:34:10 INFO  - Executed action GD.API.Controllers.Health.HealthInformationController.GetHealthInfoBasicDataAsync (API) in 70ms
17:38:07 INFO  - Executed action GD.API.Controllers.System.UserController.GetLoginUserInfoAsync (API) in 365ms
17:38:07 INFO  - Executed action GD.API.Controllers.Health.HealthInformationController.GetHealthInfoBasicDataAsync (API) in 67ms
17:41:52 INFO  - Executed action GD.API.Controllers.System.UserController.GetLoginUserInfoAsync (API) in 241ms
17:41:52 INFO  - Executed action GD.API.Controllers.Health.HealthInformationController.GetHealthInfoBasicDataAsync (API) in 63ms
17:42:53 INFO  - Executed action GD.API.Controllers.System.UserController.GetLoginUserInfoAsync (API) in 273ms
17:42:54 INFO  - Executed action GD.API.Controllers.Health.HealthInformationController.GetHealthInfoBasicDataAsync (API) in 75ms
17:45:10 INFO  - Executed action GD.API.Controllers.System.UserController.GetLoginUserInfoAsync (API) in 246ms
17:45:10 INFO  - Executed action GD.API.Controllers.Health.HealthInformationController.GetHealthInfoBasicDataAsync (API) in 78ms
17:46:09 INFO  - Executed action GD.API.Controllers.Health.HealthInformationController.GetHealthInfoBasicDataAsync (API) in 64ms
17:49:11 INFO  - Executed action GD.API.Controllers.Health.HealthInformationController.GetHealthInfoBasicDataAsync (API) in 64ms
17:52:41 INFO  - Executed action GD.API.Controllers.System.UserController.GetLoginUserInfoAsync (API) in 420ms
17:52:42 INFO  - Executed action GD.API.Controllers.Health.HealthInformationController.GetHealthInfoBasicDataAsync (API) in 71ms
17:53:59 INFO  - Executed action GD.API.Controllers.System.UserController.GetLoginUserInfoAsync (API) in 248ms
17:53:59 INFO  - Executed action GD.API.Controllers.Health.HealthInformationController.GetHealthInfoBasicDataAsync (API) in 68ms
17:54:27 INFO  - Executed action GD.API.Controllers.Health.HealthInformationController.SaveHealthInformationAsync (API) in 413ms
17:54:27 INFO  - Executed action GD.API.Controllers.Health.HealthInformationController.GetHealthInfoBasicDataAsync (API) in 62ms
17:56:07 INFO  - Executed action GD.API.Controllers.Health.HealthIndicatorController.GetHealthIndicators (API) in 72ms
17:56:10 INFO  - Executed action GD.API.Controllers.Questionnaire.QuestionnaireController.GetQuestionnairePageListAsync (API) in 88ms
17:56:12 INFO  - Executed action GD.API.Controllers.Questionnaire.QuestionnaireController.InitQuestionnaireForCreateQuestionnaireAsync (API) in 81ms
17:56:17 INFO  - Executed action GD.API.Controllers.Health.HealthInformationController.GetHealthInfoBasicDataAsync (API) in 66ms
17:56:18 INFO  - Executed action GD.API.Controllers.Health.HealthController.GetConsumersPageList (API) in 1079ms
17:56:18 INFO  - Executed action GD.API.Controllers.Health.HealthController.GetConsumersPageList (API) in 79ms
17:56:51 INFO  - Executed action GD.API.Controllers.Health.HealthIndicatorController.GetHealthIndicatorList (API) in 288ms
17:58:22 INFO  - Executed action GD.API.Controllers.Health.HealthInformationController.GetHealthInfoBasicDataAsync (API) in 67ms
17:58:25 INFO  - Executed action GD.API.Controllers.System.UserController.GetLoginUserInfoAsync (API) in 307ms
17:58:26 INFO  - Executed action GD.API.Controllers.Health.HealthInformationController.GetHealthInfoBasicDataAsync (API) in 74ms
17:58:26 INFO  - Executed action GD.API.Controllers.Health.HealthController.GetConsumersPageList (API) in 82ms
17:58:26 INFO  - Executed action GD.API.Controllers.Health.HealthController.GetConsumersPageList (API) in 85ms
18:01:09 INFO  - Executed action GD.API.Controllers.Health.HealthInformationController.GetHealthInfoBasicDataAsync (API) in 71ms
18:02:00 INFO  - Executed action GD.API.Controllers.System.UserController.GetLoginUserInfoAsync (API) in 277ms
18:02:01 INFO  - Executed action GD.API.Controllers.Health.HealthInformationController.GetHealthInfoBasicDataAsync (API) in 65ms
18:02:01 INFO  - Executed action GD.API.Controllers.Health.HealthController.GetConsumersPageList (API) in 83ms
18:02:01 INFO  - Executed action GD.API.Controllers.Health.HealthController.GetConsumersPageList (API) in 87ms
18:03:26 INFO  - Executed action GD.API.Controllers.Health.HealthIndicatorController.GetHealthIndicatorList (API) in 289ms
18:03:28 INFO  - Executed action GD.API.Controllers.Health.HealthIndicatorController.GetHealthIndicatorDetails (API) in 145ms
18:03:44 INFO  - Executed action GD.API.Controllers.Health.HealthIndicatorController.GetHealthIndicatorDetails (API) in 84ms
18:03:53 INFO  - Executed action GD.API.Controllers.Health.HealthIndicatorController.GetHealthIndicatorDetails (API) in 81ms
18:04:00 INFO  - Executed action GD.API.Controllers.Health.HealthIndicatorController.GetHealthIndicatorList (API) in 275ms
18:04:03 INFO  - Executed action GD.API.Controllers.Health.HealthIndicatorController.GetHealthIndicatorDetails (API) in 86ms
18:04:10 INFO  - Executed action GD.API.Controllers.Health.HealthIndicatorController.GetHealthIndicatorDetails (API) in 89ms
18:04:40 INFO  - Executed action GD.API.Controllers.Health.HealthIndicatorController.GetHealthIndicatorDetails (API) in 87ms
18:04:43 INFO  - Executed action GD.API.Controllers.Health.HealthIndicatorController.GetHealthIndicatorDetails (API) in 87ms
18:04:45 INFO  - Executed action GD.API.Controllers.Health.HealthIndicatorController.GetHealthIndicatorDetails (API) in 88ms
18:04:58 INFO  - Executed action GD.API.Controllers.Health.HealthIndicatorController.GetHealthIndicatorList (API) in 276ms
18:05:02 INFO  - Executed action GD.API.Controllers.Health.HealthInformationController.GetHealthInformationAsync (API) in 124ms
18:06:23 INFO  - Executed action GD.API.Controllers.Health.HealthInformationController.GetHealthInfoBasicDataAsync (API) in 113ms
18:06:23 INFO  - Executed action GD.API.Controllers.Health.HealthController.GetConsumersPageList (API) in 139ms
18:06:23 INFO  - Executed action GD.API.Controllers.Health.HealthController.GetConsumersPageList (API) in 133ms
18:06:45 INFO  - Executed action GD.API.Controllers.System.UserController.GetLoginUserInfoAsync (API) in 296ms
18:06:45 INFO  - Executed action GD.API.Controllers.Health.HealthInformationController.GetHealthInfoBasicDataAsync (API) in 70ms
18:06:45 INFO  - Executed action GD.API.Controllers.Health.HealthController.GetConsumersPageList (API) in 80ms
18:08:00 INFO  - Executed action GD.API.Controllers.System.UserController.GetLoginUserInfoAsync (API) in 296ms
18:08:00 INFO  - Executed action GD.API.Controllers.Health.HealthInformationController.GetHealthInfoBasicDataAsync (API) in 68ms
18:08:00 INFO  - Executed action GD.API.Controllers.Health.HealthController.GetConsumersPageList (API) in 82ms
18:08:06 INFO  - Executed action GD.API.Controllers.Health.HealthIndicatorController.GetHealthIndicatorList (API) in 291ms
18:08:07 INFO  - Executed action GD.API.Controllers.Health.HealthInformationController.GetHealthInformationAsync (API) in 133ms
18:08:09 INFO  - Executed action GD.API.Controllers.Health.HealthIndicatorController.GetHealthIndicatorList (API) in 287ms
18:08:09 INFO  - Executed action GD.API.Controllers.Health.HealthInformationController.GetHealthInformationAsync (API) in 137ms
18:08:10 INFO  - Executed action GD.API.Controllers.Health.HealthIndicatorController.GetHealthIndicatorList (API) in 292ms
