09:16:47 INFO  - Executed action GD.API.Controllers.Health.HealthIndicatorController.GetIndicatorWarningLimit (API) in 204ms
09:16:49 INFO  - Executed action GD.API.Controllers.Health.HealthIndicatorController.GetIndicatorWarningLimit (API) in 34ms
09:16:54 INFO  - Executed action GD.API.Controllers.Health.HealthIndicatorController.GetIndicatorWarningLimit (API) in 45ms
09:17:03 INFO  - Executed action GD.API.Controllers.Health.HealthIndicatorController.GetHealthIndicatorDetails (API) in 143ms
09:17:08 INFO  - Executed action GD.API.Controllers.Health.HealthIndicatorController.GetHealthIndicatorDetails (API) in 41ms
09:17:11 INFO  - Executed action GD.API.Controllers.Health.HealthIndicatorController.GetIndicatorWarningLimit (API) in 36ms
09:17:15 INFO  - Executed action GD.API.Controllers.Health.HealthIndicatorController.GetHealthIndicatorOptions (API) in 91ms
09:17:18 INFO  - Executed action GD.API.Controllers.Health.HealthIndicatorController.GetIndicatorWarningLimit (API) in 37ms
09:17:57 INFO  - Executed action GD.API.Controllers.Health.HealthIndicatorController.GetIndicatorWarningLimit (API) in 96ms
09:18:22 INFO  - Executed action GD.API.Controllers.Health.HealthIndicatorController.GetIndicatorWarningLimit (API) in 62ms
09:56:43 INFO  - Executed action GD.API.Controllers.Doctor.DoctorController.GetDoctorPageAsync (API) in 251ms
09:56:50 INFO  - Executed action GD.API.Controllers.Utility.AccountController.LoginAdmin (API) in 64ms
09:57:01 INFO  - Executed action GD.API.Controllers.Utility.AccountController.LoginAdmin (API) in 28ms
10:17:54 INFO  - Executed action GD.API.Controllers.Utility.AccountController.LoginAdmin (API) in 126ms
10:18:39 INFO  - Executed action GD.API.Controllers.Utility.AccountController.LoginAdmin (API) in 595ms
10:18:40 INFO  - Executed action GD.API.Controllers.System.UserController.GetLoginUserInfoAsync (API) in 635ms
10:18:41 INFO  - Executed action GD.API.Controllers.Doctor.DoctorController.GetDoctorCertificateDetailAsync (API) in 105ms
10:18:41 INFO  - Executed action GD.API.Controllers.Doctor.HospitalController.GetHospitalAllSelectAsync (API) in 87ms
10:18:41 INFO  - Executed action GD.API.Controllers.Doctor.DoctorController.GetDoctorPageAsync (API) in 428ms
10:18:46 INFO  - Executed action GD.API.Controllers.Doctor.DoctorController.GetDoctorJobTitlesAsync (API) in 5401ms
10:19:00 INFO  - Executed action GD.API.Controllers.Health.HealthInformationController.GetHealthInfoBasicDataAsync (API) in 87ms
10:19:00 INFO  - Executed action GD.API.Controllers.Health.HealthController.GetConsumersPageList (API) in 87ms
10:19:00 INFO  - Executed action GD.API.Controllers.Health.HealthManagerController.GetHealthManagers (API) in 93ms
10:19:02 INFO  - Executed action GD.API.Controllers.Health.HealthManagerController.GetHealthManagerFllowupRecords (API) in 86ms
10:19:05 INFO  - Executed action GD.API.Controllers.Health.HealthIndicatorController.GetHealthIndicatorList (API) in 291ms
10:19:07 INFO  - Executed action GD.API.Controllers.Health.HealthIndicatorController.GetIndicatorWarningLimit (API) in 93ms
10:19:10 INFO  - Executed action GD.API.Controllers.Health.HealthIndicatorController.GetIndicatorWarningLimit (API) in 57ms
10:19:13 INFO  - Executed action GD.API.Controllers.Health.HealthIndicatorController.GetIndicatorWarningLimit (API) in 58ms
10:19:39 INFO  - Executed action GD.API.Controllers.Health.HealthIndicatorController.GetIndicatorWarningLimit (API) in 571ms
10:19:42 INFO  - Executed action GD.API.Controllers.Health.HealthIndicatorController.GetIndicatorWarningLimit (API) in 31ms
10:19:47 INFO  - Executed action GD.API.Controllers.Health.HealthIndicatorController.GetIndicatorWarningLimit (API) in 32ms
10:20:03 INFO  - Executed action GD.API.Controllers.Health.HealthIndicatorController.GetIndicatorWarningLimit (API) in 31ms
10:20:07 INFO  - Executed action GD.API.Controllers.Health.HealthIndicatorController.GetIndicatorWarningLimit (API) in 34ms
10:20:15 INFO  - Executed action GD.API.Controllers.Health.HealthIndicatorController.GetHealthIndicatorDetails (API) in 46ms
10:20:17 INFO  - Executed action GD.API.Controllers.Health.HealthIndicatorController.GetHealthIndicatorOptions (API) in 103ms
10:20:21 INFO  - Executed action GD.API.Controllers.Health.HealthIndicatorController.CreateConsumerHealthIndicatorOptions (API) in 368ms
10:20:22 INFO  - Executed action GD.API.Controllers.Health.HealthIndicatorController.GetHealthIndicatorList (API) in 299ms
10:20:23 INFO  - Executed action GD.API.Controllers.Health.HealthIndicatorController.GetHealthIndicatorDetails (API) in 144ms
10:20:25 INFO  - Executed action GD.API.Controllers.Health.HealthIndicatorController.GetIndicatorWarningLimit (API) in 33ms
10:20:31 INFO  - Executed action GD.API.Controllers.Health.HealthIndicatorController.SaveIndicatorWarningLimit (API) in 189ms
10:20:33 INFO  - Executed action GD.API.Controllers.Health.HealthIndicatorController.GetIndicatorWarningLimit (API) in 31ms
10:20:35 INFO  - Executed action GD.API.Controllers.Health.HealthIndicatorController.GetHealthIndicatorDetails (API) in 86ms
10:20:41 INFO  - Executed action GD.API.Controllers.Health.HealthIndicatorController.GetHealthIndicatorDetails (API) in 33ms
10:20:44 INFO  - Executed action GD.API.Controllers.Health.HealthIndicatorController.GetHealthIndicatorOptions (API) in 75ms
10:20:48 INFO  - Executed action GD.API.Controllers.Health.HealthIndicatorController.GetIndicatorWarningLimit (API) in 31ms
10:20:58 INFO  - Executed action GD.API.Controllers.Health.HealthIndicatorController.GetHealthIndicatorDetails (API) in 31ms
10:21:00 INFO  - Executed action GD.API.Controllers.Health.HealthIndicatorController.GetHealthIndicatorDetails (API) in 32ms
10:21:02 INFO  - Executed action GD.API.Controllers.Health.HealthIndicatorController.GetHealthIndicatorDetails (API) in 34ms
10:21:04 INFO  - Executed action GD.API.Controllers.Health.HealthIndicatorController.GetHealthIndicatorDetails (API) in 34ms
10:21:05 INFO  - Executed action GD.API.Controllers.Health.HealthIndicatorController.GetHealthIndicatorDetails (API) in 31ms
10:21:11 INFO  - Executed action GD.API.Controllers.Health.HealthIndicatorController.GetIndicatorWarningLimit (API) in 33ms
10:21:56 INFO  - Executed action GD.API.Controllers.Utility.ArticleController.GetArticleTypeAsync (API) in 5071ms
10:37:27 INFO  - Executed action GD.API.Controllers.System.UserController.GetLoginUserInfoAsync (API) in 608ms
10:37:28 INFO  - Executed action GD.API.Controllers.Health.HealthInformationController.GetHealthInfoBasicDataAsync (API) in 94ms
10:37:29 INFO  - Executed action GD.API.Controllers.Health.HealthManagerController.GetHealthManagers (API) in 177ms
10:37:29 INFO  - Executed action GD.API.Controllers.Health.HealthController.GetConsumersPageList (API) in 204ms
10:39:12 INFO  - Executed action GD.API.Controllers.Utility.ArticleController.GetArticleTypeAsync (API) in 278ms
11:40:58 INFO  - Executed action GD.API.Controllers.Health.HealthInformationController.GetHealthInfoBasicDataAsync (API) in 209ms
11:40:58 INFO  - Executed action GD.API.Controllers.Health.HealthController.GetConsumersPageList (API) in 168ms
11:40:58 INFO  - Executed action GD.API.Controllers.Health.HealthManagerController.GetHealthManagers (API) in 200ms
11:41:01 INFO  - Executed action GD.API.Controllers.Health.HealthController.GetConsumersPageList (API) in 83ms
11:41:03 INFO  - Executed action GD.API.Controllers.Health.HealthIndicatorController.GetHealthIndicatorList (API) in 276ms
11:41:06 INFO  - Executed action GD.API.Controllers.Health.HealthIndicatorController.GetIndicatorWarningLimit (API) in 36ms
11:41:34 INFO  - Executed action GD.API.Controllers.Health.HealthIndicatorController.GetIndicatorWarningLimit (API) in 33ms
11:41:41 INFO  - Executed action GD.API.Controllers.Health.HealthIndicatorController.GetIndicatorWarningLimit (API) in 31ms
11:41:52 INFO  - Executed action GD.API.Controllers.Health.HealthIndicatorController.GetHealthIndicatorOptions (API) in 86ms
11:41:56 INFO  - Executed action GD.API.Controllers.Health.HealthIndicatorController.CreateConsumerHealthIndicatorOptions (API) in 165ms
11:41:58 INFO  - Executed action GD.API.Controllers.Health.HealthIndicatorController.GetHealthIndicatorList (API) in 277ms
11:42:00 INFO  - Executed action GD.API.Controllers.Health.HealthIndicatorController.GetIndicatorWarningLimit (API) in 38ms
11:42:45 INFO  - Executed action GD.API.Controllers.Utility.AccountController.LoginAdmin (API) in 505ms
11:42:46 INFO  - Executed action GD.API.Controllers.System.UserController.GetLoginUserInfoAsync (API) in 620ms
11:42:46 INFO  - Executed action GD.API.Controllers.System.HomeController.GetUserQtyAsync (API) in 86ms
11:42:46 INFO  - Executed action GD.API.Controllers.System.HomeController.GetOrderQtyAsync (API) in 141ms
11:42:46 INFO  - Executed action GD.API.Controllers.System.HomeController.GetMerchantQtyAsync (API) in 168ms
11:42:46 INFO  - Executed action GD.API.Controllers.System.HomeController.GetDoctorsQtyAsync (API) in 138ms
11:42:51 INFO  - Executed action GD.API.Controllers.Health.HealthInformationController.GetHealthInfoBasicDataAsync (API) in 77ms
11:42:51 INFO  - Executed action GD.API.Controllers.Health.HealthController.GetConsumersPageList (API) in 104ms
11:42:51 INFO  - Executed action GD.API.Controllers.Health.HealthManagerController.GetHealthManagers (API) in 106ms
11:42:53 INFO  - Executed action GD.API.Controllers.Health.HealthIndicatorController.GetHealthIndicatorList (API) in 216ms
11:43:16 INFO  - Executed action GD.API.Controllers.Health.HealthIndicatorController.GetHealthIndicatorList (API) in 122ms
11:43:22 INFO  - Executed action GD.API.Controllers.Health.HealthIndicatorController.GetHealthIndicatorList (API) in 177ms
11:43:27 INFO  - Executed action GD.API.Controllers.Health.HealthIndicatorController.GetHealthIndicatorDetails (API) in 119ms
11:43:35 INFO  - Executed action GD.API.Controllers.Health.HealthIndicatorController.GetHealthIndicatorOptions (API) in 96ms
11:43:50 INFO  - Executed action GD.API.Controllers.Health.HealthIndicatorController.GetHealthIndicatorList (API) in 126ms
11:43:52 INFO  - Executed action GD.API.Controllers.Health.HealthIndicatorController.GetHealthIndicatorList (API) in 306ms
11:43:58 INFO  - Executed action GD.API.Controllers.Health.HealthIndicatorController.GetHealthIndicatorList (API) in 217ms
11:44:07 INFO  - Executed action GD.API.Controllers.Health.HealthIndicatorController.GetHealthIndicatorOptions (API) in 78ms
11:44:10 INFO  - Executed action GD.API.Controllers.Health.HealthIndicatorController.GetHealthIndicatorDetails (API) in 87ms
11:44:11 INFO  - Executed action GD.API.Controllers.Health.HealthIndicatorController.GetHealthIndicatorDetails (API) in 82ms
11:44:12 INFO  - Executed action GD.API.Controllers.Health.HealthIndicatorController.GetHealthIndicatorOptions (API) in 78ms
11:44:18 INFO  - Executed action GD.API.Controllers.Health.HealthIndicatorController.CreateConsumerHealthIndicatorOptions (API) in 210ms
11:44:18 INFO  - Executed action GD.API.Controllers.Health.HealthIndicatorController.GetHealthIndicatorList (API) in 129ms
11:44:18 INFO  - Executed action GD.API.Controllers.Health.HealthIndicatorController.GetHealthIndicatorDetails (API) in 76ms
11:44:48 INFO  - Executed action GD.API.Controllers.Health.HealthInformationController.GetHealthInfoBasicDataAsync (API) in 66ms
11:44:54 INFO  - Executed action GD.API.Controllers.Health.HealthInformationController.GetHealthInfoBasicDataAsync (API) in 91ms
11:44:54 INFO  - Executed action GD.API.Controllers.Health.HealthController.GetConsumersPageList (API) in 114ms
11:44:54 INFO  - Executed action GD.API.Controllers.Health.HealthManagerController.GetHealthManagers (API) in 84ms
11:44:56 INFO  - Executed action GD.API.Controllers.Health.HealthIndicatorController.GetHealthIndicatorList (API) in 178ms
11:45:16 INFO  - Executed action GD.API.Controllers.Health.HealthInformationController.GetHealthInfoBasicDataAsync (API) in 67ms
11:45:20 INFO  - Executed action GD.API.Controllers.Health.HealthIndicatorController.GetHealthIndicators (API) in 89ms
11:45:51 INFO  - Executed action GD.API.Controllers.Health.HealthInformationController.GetHealthInfoBasicDataAsync (API) in 61ms
11:45:51 INFO  - Executed action GD.API.Controllers.Health.HealthController.GetConsumersPageList (API) in 113ms
11:45:51 INFO  - Executed action GD.API.Controllers.Health.HealthManagerController.GetHealthManagers (API) in 89ms
11:45:55 INFO  - Executed action GD.API.Controllers.Health.HealthIndicatorController.GetHealthIndicatorList (API) in 181ms
11:46:15 INFO  - Executed action GD.API.Controllers.Health.HealthIndicatorController.GetHealthIndicators (API) in 64ms
11:46:38 INFO  - Executed action GD.API.Controllers.Health.HealthInformationController.GetHealthInfoBasicDataAsync (API) in 74ms
11:46:38 INFO  - Executed action GD.API.Controllers.Health.HealthController.GetConsumersPageList (API) in 107ms
11:46:39 INFO  - Executed action GD.API.Controllers.Health.HealthManagerController.GetHealthManagers (API) in 102ms
11:46:40 INFO  - Executed action GD.API.Controllers.Health.HealthManagerController.GetHealthManagerFllowupRecords (API) in 89ms
11:46:44 INFO  - Executed action GD.API.Controllers.Health.HealthIndicatorController.GetHealthIndicatorList (API) in 173ms
11:46:59 INFO  - Executed action GD.API.Controllers.Health.HealthIndicatorController.GetHealthIndicatorDetails (API) in 77ms
11:49:21 INFO  - Executed action GD.API.Controllers.Health.HealthIndicatorController.GetHealthIndicatorDetails (API) in 86ms
11:51:51 INFO  - Executed action GD.API.Controllers.Health.HealthIndicatorController.GetHealthIndicatorDetails (API) in 85ms
11:51:52 INFO  - Executed action GD.API.Controllers.Health.HealthIndicatorController.GetHealthIndicatorDetails (API) in 86ms
11:51:54 INFO  - Executed action GD.API.Controllers.Health.HealthInformationController.GetHealthInformationAsync (API) in 160ms
12:34:16 INFO  - Executed action GD.API.Controllers.Health.HealthIndicatorController.GetHealthIndicatorList (API) in 488ms
12:34:16 INFO  - Executed action GD.API.Controllers.Health.HealthInformationController.GetHealthInformationAsync (API) in 127ms
12:34:44 INFO  - Executed action GD.API.Controllers.Health.HealthIndicatorController.GetHealthIndicatorList (API) in 185ms
12:34:45 INFO  - Executed action GD.API.Controllers.Health.HealthInformationController.GetHealthInformationAsync (API) in 147ms
13:56:31 INFO  - Executed action GD.API.Controllers.Health.HealthInformationController.GetHealthInformationAsync (API) in 219ms
13:56:39 INFO  - Executed action GD.API.Controllers.System.UserController.GetLoginUserInfoAsync (API) in 233ms
13:56:40 INFO  - Executed action GD.API.Controllers.Health.HealthController.GetConsumersPageList (API) in 135ms
13:56:40 INFO  - Executed action GD.API.Controllers.Health.HealthInformationController.GetHealthInfoBasicDataAsync (API) in 215ms
13:56:40 INFO  - Executed action GD.API.Controllers.Health.HealthManagerController.GetHealthManagers (API) in 244ms
13:56:44 INFO  - Executed action GD.API.Controllers.Health.HealthIndicatorController.GetHealthIndicatorList (API) in 285ms
13:56:45 INFO  - Executed action GD.API.Controllers.Health.HealthInformationController.GetHealthInformationAsync (API) in 127ms
13:57:09 INFO  - Executed action GD.API.Controllers.Health.HealthIndicatorController.GetHealthIndicatorList (API) in 175ms
13:57:11 INFO  - Executed action GD.API.Controllers.Health.HealthInformationController.GetHealthInformationAsync (API) in 121ms
13:58:15 INFO  - Executed action GD.API.Controllers.Health.HealthIndicatorController.GetHealthIndicatorList (API) in 187ms
13:58:15 INFO  - Executed action GD.API.Controllers.Health.HealthInformationController.GetHealthInformationAsync (API) in 127ms
13:59:41 INFO  - Executed action GD.API.Controllers.System.UserController.GetLoginUserInfoAsync (API) in 240ms
13:59:42 INFO  - Executed action GD.API.Controllers.Health.HealthInformationController.GetHealthInfoBasicDataAsync (API) in 87ms
13:59:42 INFO  - Executed action GD.API.Controllers.Health.HealthManagerController.GetHealthManagers (API) in 96ms
13:59:43 INFO  - Executed action GD.API.Controllers.Health.HealthController.GetConsumersPageList (API) in 466ms
13:59:52 INFO  - Executed action GD.API.Controllers.Health.HealthIndicatorController.GetHealthIndicatorList (API) in 278ms
13:59:54 INFO  - Executed action GD.API.Controllers.Health.HealthInformationController.GetHealthInformationAsync (API) in 120ms
14:04:10 INFO  - Executed action GD.API.Controllers.Health.HealthIndicatorController.GetHealthIndicatorList (API) in 398ms
14:04:11 INFO  - Executed action GD.API.Controllers.Health.HealthInformationController.GetHealthInformationAsync (API) in 123ms
14:04:18 INFO  - Executed action GD.API.Controllers.Health.HealthIndicatorController.GetHealthIndicatorList (API) in 126ms
14:04:19 INFO  - Executed action GD.API.Controllers.Health.HealthInformationController.GetHealthInformationAsync (API) in 119ms
14:07:22 INFO  - Executed action GD.API.Controllers.Health.HealthIndicatorController.GetHealthIndicatorList (API) in 136ms
14:07:23 INFO  - Executed action GD.API.Controllers.Health.HealthInformationController.GetHealthInformationAsync (API) in 122ms
14:07:43 INFO  - Executed action GD.API.Controllers.Health.HealthIndicatorController.GetHealthIndicatorList (API) in 181ms
14:07:44 INFO  - Executed action GD.API.Controllers.Health.HealthInformationController.GetHealthInformationAsync (API) in 124ms
14:15:23 INFO  - Executed action GD.API.Controllers.Health.HealthInformationController.GetHealthInformationAsync (API) in 220ms
14:15:25 INFO  - Executed action GD.API.Controllers.System.UserController.GetLoginUserInfoAsync (API) in 243ms
14:15:26 INFO  - Executed action GD.API.Controllers.Health.HealthManagerController.GetHealthManagers (API) in 90ms
14:15:26 INFO  - Executed action GD.API.Controllers.Health.HealthInformationController.GetHealthInfoBasicDataAsync (API) in 137ms
14:15:26 INFO  - Executed action GD.API.Controllers.Health.HealthController.GetConsumersPageList (API) in 159ms
14:15:28 INFO  - Executed action GD.API.Controllers.Health.HealthIndicatorController.GetHealthIndicatorList (API) in 173ms
14:15:29 INFO  - Executed action GD.API.Controllers.Health.HealthInformationController.GetHealthInformationAsync (API) in 135ms
14:16:11 INFO  - Executed action GD.API.Controllers.System.UserController.GetLoginUserInfoAsync (API) in 491ms
14:16:11 INFO  - Executed action GD.API.Controllers.Health.HealthInformationController.GetHealthInfoBasicDataAsync (API) in 75ms
14:16:11 INFO  - Executed action GD.API.Controllers.Health.HealthManagerController.GetHealthManagers (API) in 102ms
14:16:11 INFO  - Executed action GD.API.Controllers.Health.HealthController.GetConsumersPageList (API) in 109ms
14:16:13 INFO  - Executed action GD.API.Controllers.Health.HealthIndicatorController.GetHealthIndicatorList (API) in 324ms
14:16:17 INFO  - Executed action GD.API.Controllers.Health.HealthInformationController.GetHealthInformationAsync (API) in 121ms
14:16:23 INFO  - Executed action GD.API.Controllers.Health.HealthIndicatorController.GetHealthIndicatorList (API) in 206ms
14:16:25 INFO  - Executed action GD.API.Controllers.Health.HealthInformationController.GetHealthInformationAsync (API) in 123ms
14:16:30 INFO  - Executed action GD.API.Controllers.Health.HealthIndicatorController.GetHealthIndicatorList (API) in 193ms
14:16:30 INFO  - Executed action GD.API.Controllers.Health.HealthInformationController.GetHealthInformationAsync (API) in 136ms
14:18:23 INFO  - Executed action GD.API.Controllers.Health.HealthIndicatorController.GetHealthIndicatorList (API) in 179ms
14:18:23 INFO  - Executed action GD.API.Controllers.Health.HealthInformationController.GetHealthInformationAsync (API) in 124ms
14:18:32 INFO  - Executed action GD.API.Controllers.Health.HealthIndicatorController.GetHealthIndicatorList (API) in 357ms
14:18:32 INFO  - Executed action GD.API.Controllers.Health.HealthInformationController.GetHealthInformationAsync (API) in 240ms
14:22:01 INFO  - Executed action GD.API.Controllers.Health.HealthInformationController.GetHealthInformationAsync (API) in 189ms
14:22:01 INFO  - Executed action GD.API.Controllers.Health.HealthInformationController.GetHealthInformationAsync (API) in 118ms
14:22:13 INFO  - Executed action GD.API.Controllers.System.UserController.GetLoginUserInfoAsync (API) in 237ms
14:22:14 INFO  - Executed action GD.API.Controllers.Health.HealthManagerController.GetHealthManagers (API) in 181ms
14:22:14 INFO  - Executed action GD.API.Controllers.Health.HealthInformationController.GetHealthInfoBasicDataAsync (API) in 252ms
14:22:14 INFO  - Executed action GD.API.Controllers.Health.HealthController.GetConsumersPageList (API) in 406ms
14:22:16 INFO  - Executed action GD.API.Controllers.Health.HealthIndicatorController.GetHealthIndicatorList (API) in 179ms
14:22:17 INFO  - Executed action GD.API.Controllers.Health.HealthInformationController.GetHealthInformationAsync (API) in 129ms
14:23:44 INFO  - Executed action GD.API.Controllers.Health.HealthInformationController.GetHealthInformationAsync (API) in 133ms
14:23:53 INFO  - Executed action GD.API.Controllers.Health.HealthIndicatorController.GetHealthIndicatorList (API) in 176ms
14:23:53 INFO  - Executed action GD.API.Controllers.Health.HealthInformationController.GetHealthInformationAsync (API) in 130ms
14:27:39 INFO  - Executed action GD.API.Controllers.Health.HealthInformationController.GetHealthInformationAsync (API) in 127ms
14:27:43 INFO  - Executed action GD.API.Controllers.System.UserController.GetLoginUserInfoAsync (API) in 257ms
14:27:44 INFO  - Executed action GD.API.Controllers.Health.HealthInformationController.GetHealthInfoBasicDataAsync (API) in 88ms
14:27:44 INFO  - Executed action GD.API.Controllers.Health.HealthController.GetConsumersPageList (API) in 109ms
14:27:44 INFO  - Executed action GD.API.Controllers.Health.HealthManagerController.GetHealthManagers (API) in 120ms
14:27:46 INFO  - Executed action GD.API.Controllers.Health.HealthManagerController.GetHealthManagerFllowupRecords (API) in 86ms
14:27:48 INFO  - Executed action GD.API.Controllers.Health.HealthIndicatorController.GetHealthIndicatorList (API) in 283ms
14:27:50 INFO  - Executed action GD.API.Controllers.Health.HealthInformationController.GetHealthInformationAsync (API) in 129ms
14:28:18 INFO  - Executed action GD.API.Controllers.Health.HealthIndicatorController.GetHealthIndicatorList (API) in 275ms
14:29:16 INFO  - Executed action GD.API.Controllers.System.UserController.GetLoginUserInfoAsync (API) in 1106ms
14:29:17 INFO  - Executed action GD.API.Controllers.Health.HealthInformationController.GetHealthInfoBasicDataAsync (API) in 94ms
14:29:17 INFO  - Executed action GD.API.Controllers.Health.HealthManagerController.GetHealthManagers (API) in 94ms
14:29:17 INFO  - Executed action GD.API.Controllers.Health.HealthController.GetConsumersPageList (API) in 150ms
14:29:18 INFO  - Executed action GD.API.Controllers.Health.HealthController.GetConsumersPageList (API) in 83ms
14:29:19 INFO  - Executed action GD.API.Controllers.Health.HealthManagerController.GetHealthManagerFllowupRecords (API) in 88ms
14:29:28 INFO  - Executed action GD.API.Controllers.Health.HealthIndicatorController.GetHealthIndicatorList (API) in 278ms
14:29:32 INFO  - Executed action GD.API.Controllers.Health.HealthIndicatorController.GetIndicatorWarningLimit (API) in 33ms
14:29:41 INFO  - Executed action GD.API.Controllers.Health.HealthIndicatorController.GetHealthIndicatorList (API) in 248ms
14:29:43 INFO  - Executed action GD.API.Controllers.Health.HealthIndicatorController.GetIndicatorWarningLimit (API) in 30ms
14:29:48 INFO  - Executed action GD.API.Controllers.Health.HealthIndicatorController.GetIndicatorWarningLimit (API) in 35ms
14:29:53 INFO  - Executed action GD.API.Controllers.Health.HealthIndicatorController.GetIndicatorWarningLimit (API) in 29ms
14:29:57 INFO  - Executed action GD.API.Controllers.Health.HealthIndicatorController.GetHealthIndicatorDetails (API) in 45ms
14:30:00 INFO  - Executed action GD.API.Controllers.Health.HealthIndicatorController.GetHealthIndicatorOptions (API) in 77ms
14:30:03 INFO  - Executed action GD.API.Controllers.Health.HealthIndicatorController.CreateConsumerHealthIndicatorOptions (API) in 250ms
14:30:04 INFO  - Executed action GD.API.Controllers.Health.HealthIndicatorController.GetHealthIndicatorList (API) in 242ms
14:30:05 INFO  - Executed action GD.API.Controllers.Health.HealthIndicatorController.GetHealthIndicatorOptions (API) in 69ms
14:30:08 INFO  - Executed action GD.API.Controllers.Health.HealthIndicatorController.GetHealthIndicatorDetails (API) in 95ms
14:30:10 INFO  - Executed action GD.API.Controllers.Health.HealthIndicatorController.GetIndicatorWarningLimit (API) in 29ms
14:30:14 INFO  - Executed action GD.API.Controllers.Health.HealthIndicatorController.GetHealthIndicatorDetails (API) in 76ms
14:44:55 INFO  - Executed action GD.API.Controllers.Health.HealthIndicatorController.GetIndicatorWarningLimit (API) in 107ms
14:44:59 INFO  - Executed action GD.API.Controllers.Health.HealthIndicatorController.GetIndicatorWarningLimit (API) in 31ms
14:45:11 INFO  - Executed action GD.API.Controllers.Health.HealthIndicatorController.SaveIndicatorWarningLimit (API) in 101ms
14:45:17 INFO  - Executed action GD.API.Controllers.Health.HealthIndicatorController.SaveIndicatorWarningLimit (API) in 62ms
14:45:23 INFO  - Executed action GD.API.Controllers.Health.HealthIndicatorController.SaveIndicatorWarningLimit (API) in 63ms
14:45:27 INFO  - Executed action GD.API.Controllers.Health.HealthIndicatorController.SaveIndicatorWarningLimit (API) in 77ms
14:45:28 INFO  - Executed action GD.API.Controllers.Health.HealthIndicatorController.SaveIndicatorWarningLimit (API) in 74ms
14:45:29 INFO  - Executed action GD.API.Controllers.Health.HealthIndicatorController.SaveIndicatorWarningLimit (API) in 68ms
14:45:30 INFO  - Executed action GD.API.Controllers.Health.HealthIndicatorController.SaveIndicatorWarningLimit (API) in 61ms
14:45:30 INFO  - Executed action GD.API.Controllers.Health.HealthIndicatorController.SaveIndicatorWarningLimit (API) in 59ms
14:45:31 INFO  - Executed action GD.API.Controllers.Health.HealthIndicatorController.SaveIndicatorWarningLimit (API) in 62ms
14:45:36 INFO  - Executed action GD.API.Controllers.Health.HealthIndicatorController.SaveIndicatorWarningLimit (API) in 78ms
14:45:37 INFO  - Executed action GD.API.Controllers.Health.HealthIndicatorController.SaveIndicatorWarningLimit (API) in 62ms
14:45:37 INFO  - Executed action GD.API.Controllers.Health.HealthIndicatorController.SaveIndicatorWarningLimit (API) in 65ms
14:45:42 INFO  - Executed action GD.API.Controllers.Health.HealthIndicatorController.SaveIndicatorWarningLimit (API) in 61ms
14:45:42 INFO  - Executed action GD.API.Controllers.Health.HealthIndicatorController.SaveIndicatorWarningLimit (API) in 61ms
14:45:43 INFO  - Executed action GD.API.Controllers.Health.HealthIndicatorController.SaveIndicatorWarningLimit (API) in 59ms
14:46:50 INFO  - Executed action GD.API.Controllers.Doctor.HospitalController.GetHospitalAllSelectAsync (API) in 70ms
14:46:50 INFO  - Executed action GD.API.Controllers.Doctor.DoctorController.GetDoctorCertificateDetailAsync (API) in 138ms
14:46:50 INFO  - Executed action GD.API.Controllers.Doctor.DoctorController.GetDoctorPageAsync (API) in 274ms
14:46:52 INFO  - Executed action GD.API.Controllers.Doctor.DoctorController.GetDoctorCertificateDetailAsync (API) in 41ms
14:46:52 INFO  - Executed action GD.API.Controllers.Doctor.DoctorController.GetDoctorPageAsync (API) in 168ms
14:46:52 INFO  - Executed action GD.API.Controllers.Mall.MemberController.GetMemberPageAsync (API) in 118ms
14:46:55 INFO  - Executed action GD.API.Controllers.Doctor.DoctorController.GetDoctorInfoAsync (API) in 109ms
14:46:55 INFO  - Executed action GD.API.Controllers.Doctor.DoctorController.GetDoctorCertificateDetailAsync (API) in 39ms
14:46:55 INFO  - Executed action GD.API.Controllers.Doctor.HospitalController.GetHospitalOfficeSelectAsync (API) in 51ms
14:46:56 INFO  - Executed action GD.API.Controllers.Doctor.DoctorController.GetDoctorJobTitlesAsync (API) in 6085ms
14:46:56 INFO  - Executed action GD.API.Controllers.Doctor.DoctorController.GetDoctorJobTitlesAsync (API) in 71ms
14:47:32 INFO  - Executed action GD.API.Controllers.Health.HealthInformationController.GetHealthInfoBasicDataAsync (API) in 75ms
14:47:32 INFO  - Executed action GD.API.Controllers.Health.HealthManagerController.GetHealthManagers (API) in 86ms
14:47:32 INFO  - Executed action GD.API.Controllers.Health.HealthController.GetConsumersPageList (API) in 89ms
14:47:35 INFO  - Executed action GD.API.Controllers.Health.HealthManagerController.GetHealthManagerFllowupRecords (API) in 86ms
14:47:37 INFO  - Executed action GD.API.Controllers.Health.HealthIndicatorController.GetHealthIndicatorList (API) in 270ms
14:47:39 INFO  - Executed action GD.API.Controllers.Health.HealthIndicatorController.GetHealthIndicatorOptions (API) in 188ms
14:47:42 INFO  - Executed action GD.API.Controllers.Health.HealthIndicatorController.GetIndicatorWarningLimit (API) in 36ms
14:47:55 INFO  - Executed action GD.API.Controllers.Health.HealthIndicatorController.SaveIndicatorWarningLimit (API) in 99ms
14:48:04 INFO  - Executed action GD.API.Controllers.Health.HealthIndicatorController.SaveIndicatorWarningLimit (API) in 69ms
15:13:08 INFO  - Executed action GD.API.Controllers.Health.HealthManagerController.GetHealthManagers (API) in 683ms
15:14:16 INFO  - Executed action GD.API.Controllers.Health.HealthManagerController.GetHealthManagers (API) in 84ms
15:14:39 INFO  - Executed action GD.API.Controllers.Health.HealthController.GetConsumersPageList (API) in 85ms
15:15:00 INFO  - Executed action GD.API.Controllers.Health.HealthManagerController.GetHealthManagers (API) in 87ms
15:15:01 INFO  - Executed action GD.API.Controllers.Health.HealthController.GetConsumersPageList (API) in 81ms
15:18:36 INFO  - Executed action GD.API.Controllers.Health.HealthManagerController.GetHealthManagers (API) in 75ms
15:18:51 INFO  - Executed action GD.API.Controllers.System.UserController.GetLoginUserInfoAsync (API) in 678ms
15:18:52 INFO  - Executed action GD.API.Controllers.Health.HealthManagerController.GetHealthManagers (API) in 80ms
15:18:52 INFO  - Executed action GD.API.Controllers.Health.HealthController.GetConsumersPageList (API) in 179ms
15:18:52 INFO  - Executed action GD.API.Controllers.Health.HealthInformationController.GetHealthInfoBasicDataAsync (API) in 192ms
15:18:53 INFO  - Executed action GD.API.Controllers.Health.HealthController.GetConsumersPageList (API) in 85ms
15:19:25 INFO  - Executed action GD.API.Controllers.Health.HealthController.GetConsumersPageList (API) in 87ms
15:19:35 INFO  - Executed action GD.API.Controllers.Health.HealthManagerController.GetHealthManagerConsumers (API) in 88ms
15:28:20 INFO  - Executed action GD.API.Controllers.Health.HealthController.GetConsumersPageList (API) in 182ms
15:33:47 INFO  - Executed action GD.API.Controllers.Health.HealthManagerController.GetHealthManagers (API) in 82ms
15:35:28 INFO  - Executed action GD.API.Controllers.System.UserController.GetLoginUserInfoAsync (API) in 241ms
15:35:28 INFO  - Executed action GD.API.Controllers.Health.HealthController.GetConsumersPageList (API) in 153ms
15:35:29 INFO  - Executed action GD.API.Controllers.Health.HealthInformationController.GetHealthInfoBasicDataAsync (API) in 108ms
15:35:29 INFO  - Executed action GD.API.Controllers.Health.HealthManagerController.GetHealthManagers (API) in 242ms
15:35:32 INFO  - Executed action GD.API.Controllers.Health.HealthManagerController.GetHealthManagers (API) in 78ms
15:35:35 INFO  - Executed action GD.API.Controllers.Health.HealthManagerController.GetHealthManagerConsumers (API) in 84ms
15:35:37 INFO  - Executed action GD.API.Controllers.Health.HealthManagerController.GetHealthManagers (API) in 199ms
15:35:37 INFO  - Executed action GD.API.Controllers.Health.HealthManagerController.GetHealthManagerConsumers (API) in 95ms
15:35:39 INFO  - Executed action GD.API.Controllers.Health.HealthManagerController.GetHealthManagers (API) in 76ms
15:35:40 INFO  - Executed action GD.API.Controllers.Health.HealthManagerController.GetHealthManagerConsumers (API) in 76ms
15:35:40 INFO  - Executed action GD.API.Controllers.Health.HealthManagerController.GetHealthManagers (API) in 80ms
15:35:42 INFO  - Executed action GD.API.Controllers.Health.HealthManagerController.GetHealthManagerConsumers (API) in 76ms
15:35:43 INFO  - Executed action GD.API.Controllers.Health.HealthManagerController.GetHealthManagers (API) in 102ms
15:35:47 INFO  - Executed action GD.API.Controllers.Health.HealthManagerController.Get (API) in 94ms
15:35:48 INFO  - Executed action GD.API.Controllers.Health.HealthManagerController.GetHealthManagers (API) in 76ms
15:42:00 INFO  - Executed action GD.API.Controllers.Health.HealthInformationController.GetHealthInfoBasicDataAsync (API) in 143ms
15:42:00 INFO  - Executed action GD.API.Controllers.Health.HealthManagerController.GetHealthManagers (API) in 166ms
15:42:00 INFO  - Executed action GD.API.Controllers.Health.HealthController.GetConsumersPageList (API) in 163ms
15:42:01 INFO  - Executed action GD.API.Controllers.Health.HealthController.GetConsumersPageList (API) in 83ms
15:42:10 INFO  - Executed action GD.API.Controllers.Health.HealthManagerController.GetHealthManagerConsumers (API) in 79ms
15:42:23 INFO  - Executed action GD.API.Controllers.Health.HealthManagerController.GetHealthManagers (API) in 92ms
15:42:27 INFO  - Executed action GD.API.Controllers.Health.HealthController.GetConsumersPageList (API) in 92ms
15:42:32 INFO  - Executed action GD.API.Controllers.Health.HealthManagerController.GetHealthManagerConsumers (API) in 78ms
15:42:54 INFO  - Executed action GD.API.Controllers.Health.HealthInformationController.GetHealthInfoBasicDataAsync (API) in 101ms
15:42:54 INFO  - Executed action GD.API.Controllers.Health.HealthController.GetConsumersPageList (API) in 151ms
15:42:54 INFO  - Executed action GD.API.Controllers.Health.HealthManagerController.GetHealthManagers (API) in 145ms
15:42:55 INFO  - Executed action GD.API.Controllers.Health.HealthController.GetConsumersPageList (API) in 83ms
15:42:57 INFO  - Executed action GD.API.Controllers.Health.HealthManagerController.GetHealthManagerConsumers (API) in 77ms
15:43:00 INFO  - Executed action GD.API.Controllers.Health.HealthManagerController.GetHealthManagerConsumers (API) in 83ms
15:43:03 INFO  - Executed action GD.API.Controllers.Health.HealthManagerController.GetHealthManagerConsumers (API) in 78ms
15:43:07 INFO  - Executed action GD.API.Controllers.Health.HealthManagerController.GetHealthManagerConsumers (API) in 81ms
15:43:11 INFO  - Executed action GD.API.Controllers.Health.HealthManagerController.GetHealthManagerConsumers (API) in 84ms
15:43:25 INFO  - Executed action GD.API.Controllers.Health.HealthManagerController.GetHealthManagerConsumers (API) in 86ms
15:44:13 INFO  - Executed action GD.API.Controllers.System.UserController.GetLoginUserInfoAsync (API) in 230ms
15:44:13 INFO  - Executed action GD.API.Controllers.Health.HealthInformationController.GetHealthInfoBasicDataAsync (API) in 70ms
15:44:13 INFO  - Executed action GD.API.Controllers.Health.HealthController.GetConsumersPageList (API) in 98ms
15:44:13 INFO  - Executed action GD.API.Controllers.Health.HealthManagerController.GetHealthManagers (API) in 90ms
15:44:15 INFO  - Executed action GD.API.Controllers.Health.HealthController.GetConsumersPageList (API) in 96ms
15:44:31 INFO  - Executed action GD.API.Controllers.Health.HealthManagerController.GetHealthManagers (API) in 347ms
15:44:55 INFO  - Executed action GD.API.Controllers.Health.HealthManagerController.GetHealthManagers (API) in 83ms
15:44:58 INFO  - Executed action GD.API.Controllers.System.UserController.GetLoginUserInfoAsync (API) in 616ms
15:44:58 INFO  - Executed action GD.API.Controllers.Health.HealthManagerController.GetHealthManagers (API) in 109ms
15:44:58 INFO  - Executed action GD.API.Controllers.Health.HealthInformationController.GetHealthInfoBasicDataAsync (API) in 75ms
15:44:58 INFO  - Executed action GD.API.Controllers.Health.HealthController.GetConsumersPageList (API) in 103ms
15:45:01 INFO  - Executed action GD.API.Controllers.Health.HealthController.GetConsumersPageList (API) in 127ms
15:45:20 INFO  - Executed action GD.API.Controllers.System.UserController.GetLoginUserInfoAsync (API) in 464ms
15:45:21 INFO  - Executed action GD.API.Controllers.Health.HealthInformationController.GetHealthInfoBasicDataAsync (API) in 154ms
15:45:21 INFO  - Executed action GD.API.Controllers.Health.HealthManagerController.GetHealthManagers (API) in 190ms
15:45:21 INFO  - Executed action GD.API.Controllers.Health.HealthController.GetConsumersPageList (API) in 180ms
15:45:22 INFO  - Executed action GD.API.Controllers.Health.HealthController.GetConsumersPageList (API) in 367ms
15:45:33 INFO  - Executed action GD.API.Controllers.Health.HealthManagerController.GetHealthManagers (API) in 163ms
15:45:35 INFO  - Executed action GD.API.Controllers.System.UserController.GetLoginUserInfoAsync (API) in 531ms
15:45:36 INFO  - Executed action GD.API.Controllers.Health.HealthManagerController.GetHealthManagers (API) in 244ms
15:45:36 INFO  - Executed action GD.API.Controllers.Health.HealthInformationController.GetHealthInfoBasicDataAsync (API) in 176ms
15:45:36 INFO  - Executed action GD.API.Controllers.Health.HealthController.GetConsumersPageList (API) in 212ms
15:45:37 INFO  - Executed action GD.API.Controllers.Health.HealthController.GetConsumersPageList (API) in 173ms
15:45:43 INFO  - Executed action GD.API.Controllers.Health.HealthManagerController.GetHealthManagerConsumers (API) in 190ms
15:45:58 INFO  - Executed action GD.API.Controllers.Health.HealthManagerController.BatchBindHealthManager (API) in 197ms
15:46:15 INFO  - Executed action GD.API.Controllers.Health.HealthManagerController.GetHealthManagerConsumers (API) in 141ms
15:47:50 INFO  - Executed action GD.API.Controllers.Health.HealthManagerController.GetHealthManagers (API) in 94ms
15:47:53 INFO  - Executed action GD.API.Controllers.Health.HealthController.GetConsumersPageList (API) in 80ms
15:47:58 INFO  - Executed action GD.API.Controllers.Health.HealthManagerController.GetHealthManagerConsumers (API) in 82ms
15:47:58 INFO  - Executed action GD.API.Controllers.Health.HealthController.GetConsumersPageList (API) in 87ms
15:48:09 INFO  - Executed action GD.API.Controllers.Health.HealthManagerController.BatchBindHealthManager (API) in 177ms
15:48:14 INFO  - Executed action GD.API.Controllers.Health.HealthManagerController.GetHealthManagerConsumers (API) in 78ms
15:48:15 INFO  - Executed action GD.API.Controllers.Health.HealthController.GetConsumersPageList (API) in 88ms
15:48:47 INFO  - Executed action GD.API.Controllers.Health.HealthManagerController.GetHealthManagers (API) in 78ms
15:48:51 INFO  - Executed action GD.API.Controllers.System.UserController.GetLoginUserInfoAsync (API) in 256ms
15:48:51 INFO  - Executed action GD.API.Controllers.Health.HealthInformationController.GetHealthInfoBasicDataAsync (API) in 66ms
15:48:51 INFO  - Executed action GD.API.Controllers.Health.HealthManagerController.GetHealthManagers (API) in 93ms
15:48:51 INFO  - Executed action GD.API.Controllers.Health.HealthController.GetConsumersPageList (API) in 80ms
15:48:54 INFO  - Executed action GD.API.Controllers.Health.HealthController.GetConsumersPageList (API) in 94ms
15:48:56 INFO  - Executed action GD.API.Controllers.Health.HealthManagerController.GetHealthManagerConsumers (API) in 75ms
15:49:01 INFO  - Executed action GD.API.Controllers.Health.HealthManagerController.BatchBindHealthManager (API) in 164ms
15:49:01 INFO  - Executed action GD.API.Controllers.Health.HealthController.GetConsumersPageList (API) in 87ms
15:49:08 INFO  - Executed action GD.API.Controllers.Health.HealthManagerController.GetHealthManagerConsumers (API) in 82ms
15:49:17 INFO  - Executed action GD.API.Controllers.Health.HealthManagerController.BatchBindHealthManager (API) in 131ms
15:49:17 INFO  - Executed action GD.API.Controllers.Health.HealthController.GetConsumersPageList (API) in 86ms
15:49:21 INFO  - Executed action GD.API.Controllers.Health.HealthManagerController.BatchBindHealthManager (API) in 129ms
15:49:21 INFO  - Executed action GD.API.Controllers.Health.HealthController.GetConsumersPageList (API) in 85ms
15:49:24 INFO  - Executed action GD.API.Controllers.Health.HealthController.GetConsumersPageList (API) in 78ms
15:49:25 INFO  - Executed action GD.API.Controllers.Health.HealthController.GetConsumersPageList (API) in 80ms
15:49:25 INFO  - Executed action GD.API.Controllers.Health.HealthController.GetConsumersPageList (API) in 80ms
15:49:25 INFO  - Executed action GD.API.Controllers.Health.HealthController.GetConsumersPageList (API) in 76ms
15:49:26 INFO  - Executed action GD.API.Controllers.Health.HealthController.GetConsumersPageList (API) in 81ms
15:49:26 INFO  - Executed action GD.API.Controllers.Health.HealthController.GetConsumersPageList (API) in 79ms
15:49:26 INFO  - Executed action GD.API.Controllers.Health.HealthController.GetConsumersPageList (API) in 86ms
15:49:26 INFO  - Executed action GD.API.Controllers.Health.HealthController.GetConsumersPageList (API) in 81ms
15:49:26 INFO  - Executed action GD.API.Controllers.Health.HealthController.GetConsumersPageList (API) in 87ms
15:49:26 INFO  - Executed action GD.API.Controllers.Health.HealthController.GetConsumersPageList (API) in 83ms
15:49:27 INFO  - Executed action GD.API.Controllers.Health.HealthController.GetConsumersPageList (API) in 81ms
15:49:29 INFO  - Executed action GD.API.Controllers.Health.HealthManagerController.GetHealthManagerConsumers (API) in 84ms
15:49:31 INFO  - Executed action GD.API.Controllers.Health.HealthManagerController.GetHealthManagerConsumers (API) in 78ms
15:49:38 INFO  - Executed action GD.API.Controllers.Health.HealthManagerController.GetHealthManagerConsumers (API) in 80ms
15:49:40 INFO  - Executed action GD.API.Controllers.Health.HealthManagerController.GetHealthManagerConsumers (API) in 77ms
15:49:48 INFO  - Executed action GD.API.Controllers.Health.HealthManagerController.BatchBindHealthManager (API) in 131ms
15:49:48 INFO  - Executed action GD.API.Controllers.Health.HealthController.GetConsumersPageList (API) in 104ms
15:50:03 INFO  - Executed action GD.API.Controllers.Health.HealthController.GetConsumersPageList (API) in 80ms
15:50:12 INFO  - Executed action GD.API.Controllers.Health.HealthManagerController.BatchBindHealthManager (API) in 217ms
15:50:12 INFO  - Executed action GD.API.Controllers.Health.HealthController.GetConsumersPageList (API) in 173ms
15:50:16 INFO  - Executed action GD.API.Controllers.Health.HealthController.GetConsumersPageList (API) in 415ms
15:50:16 INFO  - Executed action GD.API.Controllers.Health.HealthController.GetConsumersPageList (API) in 188ms
15:50:17 INFO  - Executed action GD.API.Controllers.Health.HealthController.GetConsumersPageList (API) in 857ms
15:50:28 INFO  - Executed action GD.API.Controllers.Health.HealthManagerController.BatchBindHealthManager (API) in 129ms
15:50:28 INFO  - Executed action GD.API.Controllers.Health.HealthController.GetConsumersPageList (API) in 86ms
15:50:31 INFO  - Executed action GD.API.Controllers.Health.HealthController.GetConsumersPageList (API) in 77ms
15:50:33 INFO  - Executed action GD.API.Controllers.Health.HealthManagerController.GetHealthManagerConsumers (API) in 78ms
15:50:36 INFO  - Executed action GD.API.Controllers.Health.HealthManagerController.BatchBindHealthManager (API) in 170ms
15:50:36 INFO  - Executed action GD.API.Controllers.Health.HealthController.GetConsumersPageList (API) in 81ms
15:50:41 INFO  - Executed action GD.API.Controllers.Health.HealthManagerController.BatchBindHealthManager (API) in 160ms
15:50:41 INFO  - Executed action GD.API.Controllers.Health.HealthController.GetConsumersPageList (API) in 95ms
15:50:44 INFO  - Executed action GD.API.Controllers.Health.HealthManagerController.GetHealthManagerConsumers (API) in 79ms
15:50:46 INFO  - Executed action GD.API.Controllers.Health.HealthManagerController.BatchBindHealthManager (API) in 136ms
15:50:46 INFO  - Executed action GD.API.Controllers.Health.HealthController.GetConsumersPageList (API) in 82ms
15:50:54 INFO  - Executed action GD.API.Controllers.Health.HealthManagerController.BatchBindHealthManager (API) in 135ms
15:50:54 INFO  - Executed action GD.API.Controllers.Health.HealthController.GetConsumersPageList (API) in 79ms
15:53:48 INFO  - Executed action GD.API.Controllers.Health.HealthManagerController.GetHealthManagers (API) in 87ms
15:54:44 INFO  - Executed action GD.API.Controllers.Health.HealthController.GetConsumersPageList (API) in 82ms
15:54:46 INFO  - Executed action GD.API.Controllers.Health.HealthManagerController.GetHealthManagerConsumers (API) in 78ms
15:54:48 INFO  - Executed action GD.API.Controllers.Health.HealthManagerController.GetHealthManagerConsumers (API) in 87ms
15:54:56 INFO  - Executed action GD.API.Controllers.Health.HealthManagerController.BatchBindHealthManager (API) in 146ms
15:54:56 INFO  - Executed action GD.API.Controllers.Health.HealthController.GetConsumersPageList (API) in 82ms
15:55:07 INFO  - Executed action GD.API.Controllers.Health.HealthController.GetConsumersPageList (API) in 86ms
15:55:08 INFO  - Executed action GD.API.Controllers.Health.HealthController.GetConsumersPageList (API) in 81ms
15:55:08 INFO  - Executed action GD.API.Controllers.Health.HealthController.GetConsumersPageList (API) in 85ms
15:55:08 INFO  - Executed action GD.API.Controllers.Health.HealthController.GetConsumersPageList (API) in 85ms
15:55:08 INFO  - Executed action GD.API.Controllers.Health.HealthController.GetConsumersPageList (API) in 85ms
15:55:09 INFO  - Executed action GD.API.Controllers.Health.HealthController.GetConsumersPageList (API) in 83ms
15:55:09 INFO  - Executed action GD.API.Controllers.Health.HealthController.GetConsumersPageList (API) in 78ms
15:55:09 INFO  - Executed action GD.API.Controllers.Health.HealthController.GetConsumersPageList (API) in 88ms
15:56:39 INFO  - Executed action GD.API.Controllers.System.UserController.GetLoginUserInfoAsync (API) in 257ms
15:56:40 INFO  - Executed action GD.API.Controllers.Health.HealthInformationController.GetHealthInfoBasicDataAsync (API) in 90ms
15:56:40 INFO  - Executed action GD.API.Controllers.Health.HealthController.GetConsumersPageList (API) in 97ms
15:56:40 INFO  - Executed action GD.API.Controllers.Health.HealthManagerController.GetHealthManagers (API) in 102ms
15:57:00 INFO  - Executed action GD.API.Controllers.System.UserController.GetLoginUserInfoAsync (API) in 260ms
15:57:01 INFO  - Executed action GD.API.Controllers.Health.HealthInformationController.GetHealthInfoBasicDataAsync (API) in 64ms
15:57:01 INFO  - Executed action GD.API.Controllers.Health.HealthController.GetConsumersPageList (API) in 89ms
15:57:01 INFO  - Executed action GD.API.Controllers.Health.HealthManagerController.GetHealthManagers (API) in 86ms
15:57:03 INFO  - Executed action GD.API.Controllers.Health.HealthController.GetConsumersPageList (API) in 89ms
15:57:17 INFO  - Executed action GD.API.Controllers.Health.HealthManagerController.GetHealthManagerConsumers (API) in 88ms
15:57:38 INFO  - Executed action GD.API.Controllers.Health.HealthManagerController.BatchBindHealthManager (API) in 172ms
15:57:38 INFO  - Executed action GD.API.Controllers.Health.HealthController.GetConsumersPageList (API) in 91ms
15:57:48 INFO  - Executed action GD.API.Controllers.Health.HealthManagerController.GetHealthManagerConsumers (API) in 86ms
15:57:55 INFO  - Executed action GD.API.Controllers.Health.HealthManagerController.BatchBindHealthManager (API) in 134ms
15:57:56 INFO  - Executed action GD.API.Controllers.Health.HealthController.GetConsumersPageList (API) in 83ms
15:59:20 INFO  - Executed action GD.API.Controllers.Health.HealthManagerController.GetHealthManagerConsumers (API) in 88ms
15:59:26 INFO  - Executed action GD.API.Controllers.Health.HealthManagerController.GetHealthManagerConsumers (API) in 80ms
16:00:16 INFO  - Executed action GD.API.Controllers.System.UserController.GetLoginUserInfoAsync (API) in 295ms
16:00:17 INFO  - Executed action GD.API.Controllers.Health.HealthInformationController.GetHealthInfoBasicDataAsync (API) in 67ms
16:00:17 INFO  - Executed action GD.API.Controllers.Health.HealthManagerController.GetHealthManagers (API) in 86ms
16:00:17 INFO  - Executed action GD.API.Controllers.Health.HealthController.GetConsumersPageList (API) in 89ms
16:00:18 INFO  - Executed action GD.API.Controllers.Health.HealthController.GetConsumersPageList (API) in 85ms
16:00:22 INFO  - Executed action GD.API.Controllers.Health.HealthManagerController.GetHealthManagerConsumers (API) in 81ms
16:00:27 INFO  - Executed action GD.API.Controllers.Health.HealthManagerController.BatchBindHealthManager (API) in 4ms
16:01:17 INFO  - Executed action GD.API.Controllers.Health.HealthManagerController.BatchBindHealthManager (API) in 151ms
16:01:18 INFO  - Executed action GD.API.Controllers.Health.HealthController.GetConsumersPageList (API) in 85ms
16:01:31 INFO  - Executed action GD.API.Controllers.Health.HealthManagerController.GetHealthManagerConsumers (API) in 78ms
16:01:51 INFO  - Executed action GD.API.Controllers.Health.HealthController.GetConsumersPageList (API) in 90ms
16:02:12 INFO  - Executed action GD.API.Controllers.Health.HealthManagerController.GetHealthManagerConsumers (API) in 81ms
16:02:19 INFO  - Executed action GD.API.Controllers.Health.HealthManagerController.BatchBindHealthManager (API) in 161ms
16:02:19 INFO  - Executed action GD.API.Controllers.Health.HealthController.GetConsumersPageList (API) in 93ms
16:02:26 INFO  - Executed action GD.API.Controllers.Health.HealthManagerController.BatchBindHealthManager (API) in 133ms
16:02:26 INFO  - Executed action GD.API.Controllers.Health.HealthController.GetConsumersPageList (API) in 81ms
16:02:30 INFO  - Executed action GD.API.Controllers.Health.HealthController.GetConsumersPageList (API) in 80ms
16:02:31 INFO  - Executed action GD.API.Controllers.Health.HealthController.GetConsumersPageList (API) in 87ms
16:02:31 INFO  - Executed action GD.API.Controllers.Health.HealthController.GetConsumersPageList (API) in 88ms
16:02:32 INFO  - Executed action GD.API.Controllers.Health.HealthController.GetConsumersPageList (API) in 83ms
16:02:32 INFO  - Executed action GD.API.Controllers.Health.HealthController.GetConsumersPageList (API) in 92ms
16:02:32 INFO  - Executed action GD.API.Controllers.Health.HealthController.GetConsumersPageList (API) in 83ms
16:02:33 INFO  - Executed action GD.API.Controllers.Health.HealthController.GetConsumersPageList (API) in 82ms
16:02:33 INFO  - Executed action GD.API.Controllers.Health.HealthController.GetConsumersPageList (API) in 77ms
16:02:35 INFO  - Executed action GD.API.Controllers.Health.HealthManagerController.BatchBindHealthManager (API) in 131ms
16:02:35 INFO  - Executed action GD.API.Controllers.Health.HealthController.GetConsumersPageList (API) in 91ms
16:02:54 INFO  - Executed action GD.API.Controllers.Health.HealthManagerController.BatchBindHealthManager (API) in 134ms
16:02:54 INFO  - Executed action GD.API.Controllers.Health.HealthController.GetConsumersPageList (API) in 80ms
16:03:25 INFO  - Executed action GD.API.Controllers.Health.HealthManagerController.BatchBindHealthManager (API) in 134ms
16:03:25 INFO  - Executed action GD.API.Controllers.Health.HealthController.GetConsumersPageList (API) in 90ms
16:03:29 INFO  - Executed action GD.API.Controllers.Health.HealthManagerController.GetHealthManagerConsumers (API) in 75ms
16:03:33 INFO  - Executed action GD.API.Controllers.Health.HealthManagerController.BatchBindHealthManager (API) in 135ms
16:03:33 INFO  - Executed action GD.API.Controllers.Health.HealthController.GetConsumersPageList (API) in 83ms
16:03:36 INFO  - Executed action GD.API.Controllers.Health.HealthManagerController.GetHealthManagerConsumers (API) in 76ms
16:03:40 INFO  - Executed action GD.API.Controllers.Health.HealthManagerController.BatchBindHealthManager (API) in 153ms
16:03:40 INFO  - Executed action GD.API.Controllers.Health.HealthController.GetConsumersPageList (API) in 82ms
16:03:46 INFO  - Executed action GD.API.Controllers.Health.HealthController.GetConsumersPageList (API) in 81ms
16:03:49 INFO  - Executed action GD.API.Controllers.Health.HealthManagerController.GetHealthManagerConsumers (API) in 82ms
16:03:56 INFO  - Executed action GD.API.Controllers.Health.HealthManagerController.BatchBindHealthManager (API) in 155ms
16:03:56 INFO  - Executed action GD.API.Controllers.Health.HealthController.GetConsumersPageList (API) in 86ms
16:04:01 INFO  - Executed action GD.API.Controllers.Health.HealthManagerController.GetHealthManagerConsumers (API) in 85ms
16:04:05 INFO  - Executed action GD.API.Controllers.Health.HealthManagerController.BatchBindHealthManager (API) in 131ms
16:04:05 INFO  - Executed action GD.API.Controllers.Health.HealthController.GetConsumersPageList (API) in 77ms
16:04:09 INFO  - Executed action GD.API.Controllers.Health.HealthManagerController.GetHealthManagerConsumers (API) in 82ms
16:04:14 INFO  - Executed action GD.API.Controllers.Health.HealthManagerController.BatchBindHealthManager (API) in 281ms
16:04:14 INFO  - Executed action GD.API.Controllers.Health.HealthController.GetConsumersPageList (API) in 93ms
16:04:23 INFO  - Executed action GD.API.Controllers.Health.HealthManagerController.BatchBindHealthManager (API) in 156ms
16:04:23 INFO  - Executed action GD.API.Controllers.Health.HealthController.GetConsumersPageList (API) in 81ms
16:05:43 INFO  - Executed action GD.API.Controllers.Health.HealthManagerController.GetHealthManagers (API) in 142ms
16:05:56 INFO  - Executed action GD.API.Controllers.Health.HealthManagerController.GetHealthManagers (API) in 79ms
16:05:58 INFO  - Executed action GD.API.Controllers.System.UserController.GetLoginUserInfoAsync (API) in 247ms
16:05:59 INFO  - Executed action GD.API.Controllers.Health.HealthInformationController.GetHealthInfoBasicDataAsync (API) in 64ms
16:05:59 INFO  - Executed action GD.API.Controllers.Health.HealthManagerController.GetHealthManagers (API) in 81ms
16:05:59 INFO  - Executed action GD.API.Controllers.Health.HealthController.GetConsumersPageList (API) in 90ms
16:06:00 INFO  - Executed action GD.API.Controllers.Health.HealthController.GetConsumersPageList (API) in 103ms
16:06:04 INFO  - Executed action GD.API.Controllers.Health.HealthManagerController.GetHealthManagerConsumers (API) in 313ms
16:06:06 INFO  - Executed action GD.API.Controllers.Health.HealthManagerController.GetHealthManagerConsumers (API) in 83ms
16:06:08 INFO  - Executed action GD.API.Controllers.Health.HealthManagerController.GetHealthManagerConsumers (API) in 74ms
16:06:11 INFO  - Executed action GD.API.Controllers.Health.HealthManagerController.GetHealthManagerConsumers (API) in 80ms
16:06:15 INFO  - Executed action GD.API.Controllers.Health.HealthManagerController.GetHealthManagerConsumers (API) in 80ms
16:06:23 INFO  - Executed action GD.API.Controllers.Health.HealthManagerController.GetHealthManagerConsumers (API) in 76ms
16:06:26 INFO  - Executed action GD.API.Controllers.Health.HealthManagerController.GetHealthManagerConsumers (API) in 74ms
16:06:29 INFO  - Executed action GD.API.Controllers.Health.HealthManagerController.GetHealthManagerConsumers (API) in 77ms
16:06:31 INFO  - Executed action GD.API.Controllers.Health.HealthManagerController.GetHealthManagerConsumers (API) in 92ms
16:06:34 INFO  - Executed action GD.API.Controllers.Health.HealthManagerController.GetHealthManagerConsumers (API) in 87ms
16:08:03 INFO  - Executed action GD.API.Controllers.Health.HealthManagerController.GetHealthManagerConsumers (API) in 88ms
16:08:06 INFO  - Executed action GD.API.Controllers.Health.HealthManagerController.GetHealthManagerConsumers (API) in 78ms
16:11:11 INFO  - Executed action GD.API.Controllers.Health.HealthManagerController.GetHealthManagers (API) in 84ms
16:11:20 INFO  - Executed action GD.API.Controllers.System.UserController.GetLoginUserInfoAsync (API) in 288ms
16:11:21 INFO  - Executed action GD.API.Controllers.Health.HealthInformationController.GetHealthInfoBasicDataAsync (API) in 65ms
16:11:21 INFO  - Executed action GD.API.Controllers.Health.HealthController.GetConsumersPageList (API) in 85ms
16:11:21 INFO  - Executed action GD.API.Controllers.Health.HealthManagerController.GetHealthManagers (API) in 84ms
16:11:27 INFO  - Executed action GD.API.Controllers.Health.HealthController.GetConsumersPageList (API) in 88ms
16:11:34 INFO  - Executed action GD.API.Controllers.Health.HealthManagerController.GetHealthManagerConsumers (API) in 77ms
16:11:37 INFO  - Executed action GD.API.Controllers.Health.HealthManagerController.GetHealthManagerConsumers (API) in 114ms
16:14:06 INFO  - Executed action GD.API.Controllers.Health.HealthController.GetConsumersPageList (API) in 82ms
16:14:13 INFO  - Executed action GD.API.Controllers.Health.HealthManagerController.GetHealthManagerConsumers (API) in 94ms
16:14:16 INFO  - Executed action GD.API.Controllers.Health.HealthManagerController.GetHealthManagerConsumers (API) in 75ms
16:18:17 INFO  - Executed action GD.API.Controllers.System.UserController.GetLoginUserInfoAsync (API) in 243ms
16:18:18 INFO  - Executed action GD.API.Controllers.Health.HealthController.GetConsumersPageList (API) in 85ms
16:18:18 INFO  - Executed action GD.API.Controllers.Health.HealthManagerController.GetHealthManagers (API) in 114ms
16:18:18 INFO  - Executed action GD.API.Controllers.Health.HealthInformationController.GetHealthInfoBasicDataAsync (API) in 83ms
16:18:21 INFO  - Executed action GD.API.Controllers.Health.HealthController.GetConsumersPageList (API) in 103ms
16:18:24 INFO  - Executed action GD.API.Controllers.Health.HealthManagerController.GetHealthManagerConsumers (API) in 77ms
16:18:26 INFO  - Executed action GD.API.Controllers.Health.HealthManagerController.GetHealthManagerConsumers (API) in 83ms
16:18:28 INFO  - Executed action GD.API.Controllers.Health.HealthManagerController.GetHealthManagerConsumers (API) in 77ms
16:18:34 INFO  - Executed action GD.API.Controllers.Health.HealthManagerController.GetHealthManagerConsumers (API) in 77ms
16:18:49 INFO  - Executed action GD.API.Controllers.Health.HealthManagerController.GetHealthManagerConsumers (API) in 82ms
16:18:53 INFO  - Executed action GD.API.Controllers.Health.HealthManagerController.GetHealthManagerConsumers (API) in 83ms
16:19:11 INFO  - Executed action GD.API.Controllers.Health.HealthController.GetConsumersPageList (API) in 80ms
16:19:12 INFO  - Executed action GD.API.Controllers.Health.HealthController.GetConsumersPageList (API) in 79ms
16:19:35 INFO  - Executed action GD.API.Controllers.Health.HealthManagerController.BatchBindHealthManager (API) in 169ms
16:19:35 INFO  - Executed action GD.API.Controllers.Health.HealthController.GetConsumersPageList (API) in 87ms
16:19:40 INFO  - Executed action GD.API.Controllers.Health.HealthManagerController.BatchBindHealthManager (API) in 177ms
16:19:40 INFO  - Executed action GD.API.Controllers.Health.HealthController.GetConsumersPageList (API) in 78ms
16:19:42 INFO  - Executed action GD.API.Controllers.Health.HealthController.GetConsumersPageList (API) in 78ms
16:19:47 INFO  - Executed action GD.API.Controllers.Health.HealthManagerController.BatchBindHealthManager (API) in 279ms
16:19:47 INFO  - Executed action GD.API.Controllers.Health.HealthController.GetConsumersPageList (API) in 80ms
16:19:50 INFO  - Executed action GD.API.Controllers.Health.HealthController.GetConsumersPageList (API) in 78ms
16:20:01 INFO  - Executed action GD.API.Controllers.Health.HealthManagerController.GetHealthManagerConsumers (API) in 80ms
16:20:03 INFO  - Executed action GD.API.Controllers.Health.HealthManagerController.GetHealthManagerConsumers (API) in 83ms
16:20:06 INFO  - Executed action GD.API.Controllers.Health.HealthController.GetConsumersPageList (API) in 84ms
16:20:08 INFO  - Executed action GD.API.Controllers.Health.HealthController.GetConsumersPageList (API) in 79ms
16:20:11 INFO  - Executed action GD.API.Controllers.Health.HealthManagerController.GetHealthManagerConsumers (API) in 77ms
16:20:13 INFO  - Executed action GD.API.Controllers.Health.HealthController.GetConsumersPageList (API) in 76ms
16:20:17 INFO  - Executed action GD.API.Controllers.Health.HealthManagerController.BatchBindHealthManager (API) in 290ms
16:20:17 INFO  - Executed action GD.API.Controllers.Health.HealthController.GetConsumersPageList (API) in 77ms
16:20:33 INFO  - Executed action GD.API.Controllers.Health.HealthController.GetConsumersPageList (API) in 85ms
16:20:39 INFO  - Executed action GD.API.Controllers.Health.HealthManagerController.BatchBindHealthManager (API) in 298ms
16:20:39 INFO  - Executed action GD.API.Controllers.Health.HealthController.GetConsumersPageList (API) in 80ms
16:20:43 INFO  - Executed action GD.API.Controllers.Health.HealthManagerController.GetHealthManagerConsumers (API) in 79ms
16:20:54 INFO  - Executed action GD.API.Controllers.Health.HealthManagerController.BatchBindHealthManager (API) in 250ms
16:20:55 INFO  - Executed action GD.API.Controllers.Health.HealthController.GetConsumersPageList (API) in 358ms
16:21:14 INFO  - Executed action GD.API.Controllers.Health.HealthManagerController.BatchBindHealthManager (API) in 131ms
16:21:15 INFO  - Executed action GD.API.Controllers.Health.HealthController.GetConsumersPageList (API) in 82ms
16:22:19 INFO  - Executed action GD.API.Controllers.System.UserController.GetLoginUserInfoAsync (API) in 1091ms
16:22:20 INFO  - Executed action GD.API.Controllers.Health.HealthInformationController.GetHealthInfoBasicDataAsync (API) in 139ms
16:22:20 INFO  - Executed action GD.API.Controllers.Health.HealthController.GetConsumersPageList (API) in 127ms
16:22:20 INFO  - Executed action GD.API.Controllers.Health.HealthManagerController.GetHealthManagers (API) in 197ms
16:22:22 INFO  - Executed action GD.API.Controllers.Health.HealthController.GetConsumersPageList (API) in 79ms
16:22:29 INFO  - Executed action GD.API.Controllers.Health.HealthManagerController.GetHealthManagerConsumers (API) in 90ms
16:22:31 INFO  - Executed action GD.API.Controllers.Health.HealthController.GetConsumersPageList (API) in 79ms
16:22:33 INFO  - Executed action GD.API.Controllers.Health.HealthController.GetConsumersPageList (API) in 78ms
16:22:40 INFO  - Executed action GD.API.Controllers.Health.HealthManagerController.BatchBindHealthManager (API) in 198ms
16:22:40 INFO  - Executed action GD.API.Controllers.Health.HealthController.GetConsumersPageList (API) in 85ms
16:22:47 INFO  - Executed action GD.API.Controllers.Health.HealthManagerController.GetHealthManagerConsumers (API) in 119ms
16:22:51 INFO  - Executed action GD.API.Controllers.Health.HealthManagerController.BatchBindHealthManager (API) in 150ms
16:22:51 INFO  - Executed action GD.API.Controllers.Health.HealthController.GetConsumersPageList (API) in 83ms
16:22:59 INFO  - Executed action GD.API.Controllers.Health.HealthManagerController.GetHealthManagerConsumers (API) in 78ms
16:23:06 INFO  - Executed action GD.API.Controllers.Health.HealthController.GetConsumersPageList (API) in 81ms
16:23:07 INFO  - Executed action GD.API.Controllers.Health.HealthController.GetConsumersPageList (API) in 80ms
16:23:08 INFO  - Executed action GD.API.Controllers.Health.HealthController.GetConsumersPageList (API) in 78ms
16:23:11 INFO  - Executed action GD.API.Controllers.Health.HealthManagerController.BatchBindHealthManager (API) in 149ms
16:23:11 INFO  - Executed action GD.API.Controllers.Health.HealthController.GetConsumersPageList (API) in 76ms
16:23:14 INFO  - Executed action GD.API.Controllers.Health.HealthManagerController.GetHealthManagerConsumers (API) in 74ms
16:23:19 INFO  - Executed action GD.API.Controllers.Health.HealthManagerController.BatchBindHealthManager (API) in 141ms
16:23:19 INFO  - Executed action GD.API.Controllers.Health.HealthController.GetConsumersPageList (API) in 85ms
16:23:52 INFO  - Executed action GD.API.Controllers.Health.HealthController.GetConsumersPageList (API) in 83ms
16:23:53 INFO  - Executed action GD.API.Controllers.Health.HealthController.GetConsumersPageList (API) in 78ms
16:23:54 INFO  - Executed action GD.API.Controllers.Health.HealthController.GetConsumersPageList (API) in 77ms
16:23:55 INFO  - Executed action GD.API.Controllers.Health.HealthController.GetConsumersPageList (API) in 79ms
16:23:58 INFO  - Executed action GD.API.Controllers.Health.HealthController.GetConsumersPageList (API) in 294ms
16:24:00 INFO  - Executed action GD.API.Controllers.Health.HealthController.GetConsumersPageList (API) in 78ms
16:24:02 INFO  - Executed action GD.API.Controllers.Health.HealthController.GetConsumersPageList (API) in 79ms
16:24:10 INFO  - Executed action GD.API.Controllers.Health.HealthManagerController.BatchBindHealthManager (API) in 416ms
16:24:10 INFO  - Executed action GD.API.Controllers.Health.HealthController.GetConsumersPageList (API) in 102ms
16:33:29 INFO  - Executed action GD.API.Controllers.Health.HealthController.GetConsumersPageList (API) in 289ms
16:40:11 INFO  - Executed action GD.API.Controllers.DataBoard.DataBoardController.GetLastDayWeChatPayCountAsync (API) in 159ms
16:40:11 INFO  - Executed action GD.API.Controllers.DataBoard.DataBoardController.GetDayWeChatDetailAsync (API) in 130ms
16:40:11 INFO  - Executed action GD.API.Controllers.DataBoard.DataBoardController.GetMonthDetailAsync (API) in 116ms
16:40:11 INFO  - Executed action GD.API.Controllers.DataBoard.DataBoardController.GetTrendAsync (API) in 86ms
16:40:11 INFO  - Executed action GD.API.Controllers.DataBoard.DataBoardController.GetTodayTotalAsync (API) in 69ms
16:40:11 INFO  - Executed action GD.API.Controllers.DataBoard.DataBoardController.GetWeChatDetailAsync (API) in 298ms
16:40:11 INFO  - Executed action GD.API.Controllers.DataBoard.DataBoardController.GetDayWeChatScaleAsync (API) in 117ms
16:40:12 INFO  - Executed action GD.API.Controllers.DataBoard.DataBoardController.GetDayAchievementAsync (API) in 155ms
16:40:12 INFO  - Executed action GD.API.Controllers.Utility.WeatherController.GetWeatherForecast (API) in 502ms
16:43:38 INFO  - Executed action GD.API.Controllers.System.UserController.GetLoginUserInfoAsync (API) in 342ms
16:43:38 INFO  - Executed action GD.API.Controllers.DataBoard.DataBoardController.GetTodayTotalAsync (API) in 67ms
16:43:38 INFO  - Executed action GD.API.Controllers.DataBoard.DataBoardController.GetDayWeChatDetailAsync (API) in 157ms
16:43:38 INFO  - Executed action GD.API.Controllers.DataBoard.DataBoardController.GetMonthDetailAsync (API) in 105ms
16:43:38 INFO  - Executed action GD.API.Controllers.DataBoard.DataBoardController.GetWeChatDetailAsync (API) in 147ms
16:43:38 INFO  - Executed action GD.API.Controllers.DataBoard.DataBoardController.GetTrendAsync (API) in 36ms
16:43:38 INFO  - Executed action GD.API.Controllers.DataBoard.DataBoardController.GetDayWeChatScaleAsync (API) in 93ms
16:43:38 INFO  - Executed action GD.API.Controllers.DataBoard.DataBoardController.GetLastDayWeChatPayCountAsync (API) in 43ms
16:43:38 INFO  - Executed action GD.API.Controllers.DataBoard.DataBoardController.GetDayAchievementAsync (API) in 197ms
16:43:39 INFO  - Executed action GD.API.Controllers.Utility.WeatherController.GetWeatherForecast (API) in 157ms
16:48:14 INFO  - Executed action GD.API.Controllers.System.UserController.GetLoginUserInfoAsync (API) in 366ms
16:48:15 INFO  - Executed action GD.API.Controllers.DataBoard.DataBoardController.GetLastDayWeChatPayCountAsync (API) in 38ms
16:48:15 INFO  - Executed action GD.API.Controllers.DataBoard.DataBoardController.GetDayWeChatScaleAsync (API) in 96ms
16:48:15 INFO  - Executed action GD.API.Controllers.DataBoard.DataBoardController.GetTrendAsync (API) in 51ms
16:48:15 INFO  - Executed action GD.API.Controllers.DataBoard.DataBoardController.GetDayWeChatDetailAsync (API) in 60ms
16:48:15 INFO  - Executed action GD.API.Controllers.DataBoard.DataBoardController.GetMonthDetailAsync (API) in 41ms
16:48:15 INFO  - Executed action GD.API.Controllers.DataBoard.DataBoardController.GetTodayTotalAsync (API) in 57ms
16:48:15 INFO  - Executed action GD.API.Controllers.Utility.WeatherController.GetWeatherForecast (API) in 194ms
16:48:15 INFO  - Executed action GD.API.Controllers.DataBoard.DataBoardController.GetDayAchievementAsync (API) in 109ms
16:48:15 INFO  - Executed action GD.API.Controllers.DataBoard.DataBoardController.GetWeChatDetailAsync (API) in 137ms
16:48:38 INFO  - Executed action GD.API.Controllers.System.UserController.GetLoginUserInfoAsync (API) in 237ms
16:48:39 INFO  - Executed action GD.API.Controllers.DataBoard.DataBoardController.GetLastDayWeChatPayCountAsync (API) in 62ms
16:48:39 INFO  - Executed action GD.API.Controllers.DataBoard.DataBoardController.GetDayWeChatDetailAsync (API) in 43ms
16:48:39 INFO  - Executed action GD.API.Controllers.DataBoard.DataBoardController.GetMonthDetailAsync (API) in 42ms
16:48:39 INFO  - Executed action GD.API.Controllers.DataBoard.DataBoardController.GetWeChatDetailAsync (API) in 153ms
16:48:39 INFO  - Executed action GD.API.Controllers.DataBoard.DataBoardController.GetTrendAsync (API) in 38ms
16:48:39 INFO  - Executed action GD.API.Controllers.DataBoard.DataBoardController.GetDayWeChatScaleAsync (API) in 95ms
16:48:39 INFO  - Executed action GD.API.Controllers.DataBoard.DataBoardController.GetTodayTotalAsync (API) in 48ms
16:48:39 INFO  - Executed action GD.API.Controllers.DataBoard.DataBoardController.GetDayAchievementAsync (API) in 115ms
16:48:39 INFO  - Executed action GD.API.Controllers.Utility.WeatherController.GetWeatherForecast (API) in 162ms
16:51:46 INFO  - Executed action GD.API.Controllers.System.UserController.GetLoginUserInfoAsync (API) in 247ms
16:51:46 INFO  - Executed action GD.API.Controllers.DataBoard.DataBoardController.GetTrendAsync (API) in 44ms
16:51:46 INFO  - Executed action GD.API.Controllers.DataBoard.DataBoardController.GetDayWeChatDetailAsync (API) in 40ms
16:51:47 INFO  - Executed action GD.API.Controllers.DataBoard.DataBoardController.GetDayWeChatScaleAsync (API) in 104ms
16:51:47 INFO  - Executed action GD.API.Controllers.DataBoard.DataBoardController.GetMonthDetailAsync (API) in 48ms
16:51:47 INFO  - Executed action GD.API.Controllers.DataBoard.DataBoardController.GetDayAchievementAsync (API) in 115ms
16:51:47 INFO  - Executed action GD.API.Controllers.DataBoard.DataBoardController.GetLastDayWeChatPayCountAsync (API) in 37ms
16:51:47 INFO  - Executed action GD.API.Controllers.Utility.WeatherController.GetWeatherForecast (API) in 151ms
16:51:47 INFO  - Executed action GD.API.Controllers.DataBoard.DataBoardController.GetWeChatDetailAsync (API) in 137ms
16:51:47 INFO  - Executed action GD.API.Controllers.DataBoard.DataBoardController.GetTodayTotalAsync (API) in 51ms
16:53:58 INFO  - Executed action GD.API.Controllers.System.UserController.GetLoginUserInfoAsync (API) in 247ms
16:53:58 INFO  - Executed action GD.API.Controllers.DataBoard.DataBoardController.GetDayWeChatDetailAsync (API) in 45ms
16:53:58 INFO  - Executed action GD.API.Controllers.DataBoard.DataBoardController.GetLastDayWeChatPayCountAsync (API) in 76ms
16:53:58 INFO  - Executed action GD.API.Controllers.DataBoard.DataBoardController.GetTrendAsync (API) in 42ms
16:53:58 INFO  - Executed action GD.API.Controllers.DataBoard.DataBoardController.GetMonthDetailAsync (API) in 44ms
16:53:58 INFO  - Executed action GD.API.Controllers.DataBoard.DataBoardController.GetDayAchievementAsync (API) in 134ms
16:53:58 INFO  - Executed action GD.API.Controllers.DataBoard.DataBoardController.GetWeChatDetailAsync (API) in 146ms
16:53:59 INFO  - Executed action GD.API.Controllers.Utility.WeatherController.GetWeatherForecast (API) in 229ms
16:53:59 INFO  - Executed action GD.API.Controllers.DataBoard.DataBoardController.GetTodayTotalAsync (API) in 55ms
16:53:59 INFO  - Executed action GD.API.Controllers.DataBoard.DataBoardController.GetDayWeChatScaleAsync (API) in 88ms
16:56:29 INFO  - Executed action GD.API.Controllers.System.UserController.GetLoginUserInfoAsync (API) in 238ms
16:56:29 INFO  - Executed action GD.API.Controllers.DataBoard.DataBoardController.GetTodayTotalAsync (API) in 66ms
16:56:29 INFO  - Executed action GD.API.Controllers.DataBoard.DataBoardController.GetWeChatDetailAsync (API) in 159ms
16:56:29 INFO  - Executed action GD.API.Controllers.DataBoard.DataBoardController.GetDayWeChatScaleAsync (API) in 92ms
16:56:29 INFO  - Executed action GD.API.Controllers.Utility.WeatherController.GetWeatherForecast (API) in 147ms
16:56:29 INFO  - Executed action GD.API.Controllers.DataBoard.DataBoardController.GetMonthDetailAsync (API) in 36ms
16:56:29 INFO  - Executed action GD.API.Controllers.DataBoard.DataBoardController.GetDayAchievementAsync (API) in 130ms
16:56:29 INFO  - Executed action GD.API.Controllers.DataBoard.DataBoardController.GetTrendAsync (API) in 38ms
16:56:29 INFO  - Executed action GD.API.Controllers.DataBoard.DataBoardController.GetDayWeChatDetailAsync (API) in 41ms
16:56:30 INFO  - Executed action GD.API.Controllers.DataBoard.DataBoardController.GetLastDayWeChatPayCountAsync (API) in 40ms
16:58:36 INFO  - Executed action GD.API.Controllers.DataBoard.DataBoardController.GetTodayTotalAsync (API) in 111ms
16:58:36 INFO  - Executed action GD.API.Controllers.DataBoard.DataBoardController.GetTrendAsync (API) in 63ms
16:58:36 INFO  - Executed action GD.API.Controllers.DataBoard.DataBoardController.GetDayWeChatScaleAsync (API) in 153ms
16:58:36 INFO  - Executed action GD.API.Controllers.DataBoard.DataBoardController.GetDayWeChatDetailAsync (API) in 135ms
16:58:36 INFO  - Executed action GD.API.Controllers.DataBoard.DataBoardController.GetMonthDetailAsync (API) in 45ms
16:58:36 INFO  - Executed action GD.API.Controllers.DataBoard.DataBoardController.GetDayAchievementAsync (API) in 149ms
16:58:37 INFO  - Executed action GD.API.Controllers.DataBoard.DataBoardController.GetLastDayWeChatPayCountAsync (API) in 146ms
16:58:37 INFO  - Executed action GD.API.Controllers.DataBoard.DataBoardController.GetWeChatDetailAsync (API) in 229ms
16:58:37 INFO  - Executed action GD.API.Controllers.Utility.WeatherController.GetWeatherForecast (API) in 180ms
16:58:59 INFO  - Executed action GD.API.Controllers.Utility.AccountController.LoginAdmin (API) in 89ms
16:58:59 INFO  - Executed action GD.API.Controllers.System.UserController.GetLoginUserInfoAsync (API) in 256ms
16:59:00 INFO  - Executed action GD.API.Controllers.System.HomeController.GetUserQtyAsync (API) in 153ms
16:59:00 INFO  - Executed action GD.API.Controllers.System.HomeController.GetOrderQtyAsync (API) in 165ms
16:59:00 INFO  - Executed action GD.API.Controllers.System.HomeController.GetMerchantQtyAsync (API) in 85ms
16:59:00 INFO  - Executed action GD.API.Controllers.System.HomeController.GetDoctorsQtyAsync (API) in 44ms
16:59:03 INFO  - Executed action GD.API.Controllers.DataBoard.DataBoardController.GetDayWeChatDetailAsync (API) in 32ms
16:59:03 INFO  - Executed action GD.API.Controllers.DataBoard.DataBoardController.GetTodayTotalAsync (API) in 58ms
16:59:03 INFO  - Executed action GD.API.Controllers.DataBoard.DataBoardController.GetMonthDetailAsync (API) in 47ms
16:59:03 INFO  - Executed action GD.API.Controllers.DataBoard.DataBoardController.GetTrendAsync (API) in 42ms
16:59:03 INFO  - Executed action GD.API.Controllers.DataBoard.DataBoardController.GetWeChatDetailAsync (API) in 137ms
16:59:03 INFO  - Executed action GD.API.Controllers.DataBoard.DataBoardController.GetDayWeChatScaleAsync (API) in 91ms
16:59:03 INFO  - Executed action GD.API.Controllers.DataBoard.DataBoardController.GetDayAchievementAsync (API) in 123ms
16:59:03 INFO  - Executed action GD.API.Controllers.DataBoard.DataBoardController.GetLastDayWeChatPayCountAsync (API) in 37ms
16:59:03 INFO  - Executed action GD.API.Controllers.Utility.WeatherController.GetWeatherForecast (API) in 240ms
16:59:52 INFO  - Executed action GD.API.Controllers.DataBoard.DataBoardController.GetDayWeChatDetailAsync (API) in 61ms
16:59:52 INFO  - Executed action GD.API.Controllers.DataBoard.DataBoardController.GetTodayTotalAsync (API) in 65ms
16:59:52 INFO  - Executed action GD.API.Controllers.DataBoard.DataBoardController.GetLastDayWeChatPayCountAsync (API) in 50ms
16:59:52 INFO  - Executed action GD.API.Controllers.DataBoard.DataBoardController.GetTrendAsync (API) in 39ms
16:59:52 INFO  - Executed action GD.API.Controllers.DataBoard.DataBoardController.GetMonthDetailAsync (API) in 53ms
16:59:52 INFO  - Executed action GD.API.Controllers.Utility.WeatherController.GetWeatherForecast (API) in 193ms
16:59:52 INFO  - Executed action GD.API.Controllers.DataBoard.DataBoardController.GetDayAchievementAsync (API) in 147ms
16:59:52 INFO  - Executed action GD.API.Controllers.DataBoard.DataBoardController.GetDayWeChatScaleAsync (API) in 85ms
16:59:52 INFO  - Executed action GD.API.Controllers.DataBoard.DataBoardController.GetWeChatDetailAsync (API) in 133ms
17:02:30 INFO  - Executed action GD.API.Controllers.DataBoard.DataBoardController.GetTodayTotalAsync (API) in 53ms
17:02:30 INFO  - Executed action GD.API.Controllers.DataBoard.DataBoardController.GetDayWeChatDetailAsync (API) in 32ms
17:02:30 INFO  - Executed action GD.API.Controllers.DataBoard.DataBoardController.GetDayWeChatScaleAsync (API) in 85ms
17:02:30 INFO  - Executed action GD.API.Controllers.DataBoard.DataBoardController.GetWeChatDetailAsync (API) in 160ms
17:02:30 INFO  - Executed action GD.API.Controllers.DataBoard.DataBoardController.GetTrendAsync (API) in 39ms
17:02:30 INFO  - Executed action GD.API.Controllers.DataBoard.DataBoardController.GetLastDayWeChatPayCountAsync (API) in 34ms
17:02:30 INFO  - Executed action GD.API.Controllers.DataBoard.DataBoardController.GetMonthDetailAsync (API) in 33ms
17:02:30 INFO  - Executed action GD.API.Controllers.Utility.WeatherController.GetWeatherForecast (API) in 165ms
17:02:30 INFO  - Executed action GD.API.Controllers.DataBoard.DataBoardController.GetDayAchievementAsync (API) in 122ms
17:06:26 INFO  - Executed action GD.API.Controllers.DataBoard.DataBoardController.GetMonthDetailAsync (API) in 46ms
17:06:26 INFO  - Executed action GD.API.Controllers.DataBoard.DataBoardController.GetTodayTotalAsync (API) in 66ms
17:06:26 INFO  - Executed action GD.API.Controllers.DataBoard.DataBoardController.GetDayWeChatScaleAsync (API) in 136ms
17:06:26 INFO  - Executed action GD.API.Controllers.DataBoard.DataBoardController.GetTrendAsync (API) in 89ms
17:06:26 INFO  - Executed action GD.API.Controllers.DataBoard.DataBoardController.GetDayWeChatDetailAsync (API) in 39ms
17:06:26 INFO  - Executed action GD.API.Controllers.DataBoard.DataBoardController.GetLastDayWeChatPayCountAsync (API) in 34ms
17:06:26 INFO  - Executed action GD.API.Controllers.DataBoard.DataBoardController.GetDayAchievementAsync (API) in 111ms
17:06:26 INFO  - Executed action GD.API.Controllers.DataBoard.DataBoardController.GetWeChatDetailAsync (API) in 131ms
17:06:26 INFO  - Executed action GD.API.Controllers.Utility.WeatherController.GetWeatherForecast (API) in 270ms
17:11:40 INFO  - Executed action GD.API.Controllers.System.UserController.GetLoginUserInfoAsync (API) in 303ms
17:11:41 INFO  - Executed action GD.API.Controllers.DataBoard.DataBoardController.GetDayWeChatScaleAsync (API) in 89ms
17:11:41 INFO  - Executed action GD.API.Controllers.DataBoard.DataBoardController.GetTrendAsync (API) in 120ms
17:11:41 INFO  - Executed action GD.API.Controllers.DataBoard.DataBoardController.GetMonthDetailAsync (API) in 140ms
17:11:41 INFO  - Executed action GD.API.Controllers.DataBoard.DataBoardController.GetDayWeChatDetailAsync (API) in 36ms
17:11:41 INFO  - Executed action GD.API.Controllers.DataBoard.DataBoardController.GetDayAchievementAsync (API) in 133ms
17:11:41 INFO  - Executed action GD.API.Controllers.DataBoard.DataBoardController.GetTodayTotalAsync (API) in 61ms
17:11:41 INFO  - Executed action GD.API.Controllers.DataBoard.DataBoardController.GetLastDayWeChatPayCountAsync (API) in 119ms
17:11:41 INFO  - Executed action GD.API.Controllers.Utility.WeatherController.GetWeatherForecast (API) in 210ms
17:11:41 INFO  - Executed action GD.API.Controllers.DataBoard.DataBoardController.GetWeChatDetailAsync (API) in 136ms
17:15:22 INFO  - Executed action GD.API.Controllers.System.UserController.GetLoginUserInfoAsync (API) in 234ms
17:15:22 INFO  - Executed action GD.API.Controllers.DataBoard.DataBoardController.GetTrendAsync (API) in 42ms
17:15:22 INFO  - Executed action GD.API.Controllers.DataBoard.DataBoardController.GetLastDayWeChatPayCountAsync (API) in 42ms
17:15:22 INFO  - Executed action GD.API.Controllers.Utility.WeatherController.GetWeatherForecast (API) in 173ms
17:15:22 INFO  - Executed action GD.API.Controllers.DataBoard.DataBoardController.GetTodayTotalAsync (API) in 55ms
17:15:22 INFO  - Executed action GD.API.Controllers.DataBoard.DataBoardController.GetDayAchievementAsync (API) in 123ms
17:15:22 INFO  - Executed action GD.API.Controllers.DataBoard.DataBoardController.GetDayWeChatDetailAsync (API) in 46ms
17:15:22 INFO  - Executed action GD.API.Controllers.DataBoard.DataBoardController.GetMonthDetailAsync (API) in 43ms
17:15:22 INFO  - Executed action GD.API.Controllers.DataBoard.DataBoardController.GetWeChatDetailAsync (API) in 160ms
17:15:23 INFO  - Executed action GD.API.Controllers.DataBoard.DataBoardController.GetDayWeChatScaleAsync (API) in 109ms
17:29:07 INFO  - Executed action GD.API.Controllers.System.UserController.GetLoginUserInfoAsync (API) in 301ms
17:29:08 INFO  - Executed action GD.API.Controllers.DataBoard.DataBoardController.GetTodayTotalAsync (API) in 103ms
17:29:08 INFO  - Executed action GD.API.Controllers.DataBoard.DataBoardController.GetTrendAsync (API) in 36ms
17:29:08 INFO  - Executed action GD.API.Controllers.DataBoard.DataBoardController.GetDayWeChatDetailAsync (API) in 164ms
17:29:08 INFO  - Executed action GD.API.Controllers.Utility.WeatherController.GetWeatherForecast (API) in 193ms
17:29:08 INFO  - Executed action GD.API.Controllers.DataBoard.DataBoardController.GetDayAchievementAsync (API) in 136ms
17:29:08 INFO  - Executed action GD.API.Controllers.DataBoard.DataBoardController.GetWeChatDetailAsync (API) in 278ms
17:29:08 INFO  - Executed action GD.API.Controllers.DataBoard.DataBoardController.GetLastDayWeChatPayCountAsync (API) in 34ms
17:29:08 INFO  - Executed action GD.API.Controllers.DataBoard.DataBoardController.GetMonthDetailAsync (API) in 60ms
17:29:08 INFO  - Executed action GD.API.Controllers.DataBoard.DataBoardController.GetDayWeChatScaleAsync (API) in 91ms
17:29:55 INFO  - Executed action GD.API.Controllers.System.UserController.GetLoginUserInfoAsync (API) in 220ms
17:29:56 INFO  - Executed action GD.API.Controllers.DataBoard.DataBoardController.GetLastDayWeChatPayCountAsync (API) in 45ms
17:29:56 INFO  - Executed action GD.API.Controllers.DataBoard.DataBoardController.GetTodayTotalAsync (API) in 65ms
17:29:56 INFO  - Executed action GD.API.Controllers.DataBoard.DataBoardController.GetMonthDetailAsync (API) in 45ms
17:29:56 INFO  - Executed action GD.API.Controllers.DataBoard.DataBoardController.GetDayWeChatDetailAsync (API) in 31ms
17:29:56 INFO  - Executed action GD.API.Controllers.DataBoard.DataBoardController.GetTrendAsync (API) in 39ms
17:29:56 INFO  - Executed action GD.API.Controllers.Utility.WeatherController.GetWeatherForecast (API) in 167ms
17:29:56 INFO  - Executed action GD.API.Controllers.DataBoard.DataBoardController.GetDayWeChatScaleAsync (API) in 82ms
17:29:56 INFO  - Executed action GD.API.Controllers.DataBoard.DataBoardController.GetWeChatDetailAsync (API) in 156ms
17:29:56 INFO  - Executed action GD.API.Controllers.DataBoard.DataBoardController.GetDayAchievementAsync (API) in 111ms
17:33:02 INFO  - Executed action GD.API.Controllers.System.UserController.GetLoginUserInfoAsync (API) in 303ms
17:33:02 INFO  - Executed action GD.API.Controllers.DataBoard.DataBoardController.GetDayWeChatDetailAsync (API) in 38ms
17:33:02 INFO  - Executed action GD.API.Controllers.DataBoard.DataBoardController.GetTodayTotalAsync (API) in 62ms
17:33:02 INFO  - Executed action GD.API.Controllers.DataBoard.DataBoardController.GetLastDayWeChatPayCountAsync (API) in 79ms
17:33:02 INFO  - Executed action GD.API.Controllers.DataBoard.DataBoardController.GetMonthDetailAsync (API) in 51ms
17:33:03 INFO  - Executed action GD.API.Controllers.DataBoard.DataBoardController.GetDayAchievementAsync (API) in 135ms
17:33:03 INFO  - Executed action GD.API.Controllers.DataBoard.DataBoardController.GetTrendAsync (API) in 59ms
17:33:03 INFO  - Executed action GD.API.Controllers.Utility.WeatherController.GetWeatherForecast (API) in 169ms
17:33:03 INFO  - Executed action GD.API.Controllers.DataBoard.DataBoardController.GetWeChatDetailAsync (API) in 160ms
17:33:03 INFO  - Executed action GD.API.Controllers.DataBoard.DataBoardController.GetDayWeChatScaleAsync (API) in 80ms
17:34:02 INFO  - Executed action GD.API.Controllers.System.UserController.GetLoginUserInfoAsync (API) in 225ms
17:34:03 INFO  - Executed action GD.API.Controllers.DataBoard.DataBoardController.GetTodayTotalAsync (API) in 66ms
17:34:03 INFO  - Executed action GD.API.Controllers.DataBoard.DataBoardController.GetDayWeChatScaleAsync (API) in 98ms
17:34:03 INFO  - Executed action GD.API.Controllers.DataBoard.DataBoardController.GetTrendAsync (API) in 46ms
17:34:03 INFO  - Executed action GD.API.Controllers.DataBoard.DataBoardController.GetDayAchievementAsync (API) in 112ms
17:34:03 INFO  - Executed action GD.API.Controllers.DataBoard.DataBoardController.GetLastDayWeChatPayCountAsync (API) in 36ms
17:34:03 INFO  - Executed action GD.API.Controllers.DataBoard.DataBoardController.GetWeChatDetailAsync (API) in 139ms
17:34:03 INFO  - Executed action GD.API.Controllers.Utility.WeatherController.GetWeatherForecast (API) in 150ms
17:34:03 INFO  - Executed action GD.API.Controllers.DataBoard.DataBoardController.GetDayWeChatDetailAsync (API) in 48ms
17:34:03 INFO  - Executed action GD.API.Controllers.DataBoard.DataBoardController.GetMonthDetailAsync (API) in 36ms
17:34:22 INFO  - Executed action GD.API.Controllers.System.UserController.GetLoginUserInfoAsync (API) in 225ms
17:34:23 INFO  - Executed action GD.API.Controllers.DataBoard.DataBoardController.GetMonthDetailAsync (API) in 35ms
17:34:23 INFO  - Executed action GD.API.Controllers.DataBoard.DataBoardController.GetTodayTotalAsync (API) in 56ms
17:34:23 INFO  - Executed action GD.API.Controllers.DataBoard.DataBoardController.GetDayWeChatScaleAsync (API) in 104ms
17:34:23 INFO  - Executed action GD.API.Controllers.DataBoard.DataBoardController.GetTrendAsync (API) in 38ms
17:34:23 INFO  - Executed action GD.API.Controllers.DataBoard.DataBoardController.GetLastDayWeChatPayCountAsync (API) in 52ms
17:34:23 INFO  - Executed action GD.API.Controllers.DataBoard.DataBoardController.GetDayAchievementAsync (API) in 126ms
17:34:23 INFO  - Executed action GD.API.Controllers.DataBoard.DataBoardController.GetDayWeChatDetailAsync (API) in 39ms
17:34:23 INFO  - Executed action GD.API.Controllers.Utility.WeatherController.GetWeatherForecast (API) in 187ms
17:34:23 INFO  - Executed action GD.API.Controllers.DataBoard.DataBoardController.GetWeChatDetailAsync (API) in 117ms
17:34:36 INFO  - Executed action GD.API.Controllers.System.UserController.GetLoginUserInfoAsync (API) in 239ms
17:34:36 INFO  - Executed action GD.API.Controllers.DataBoard.DataBoardController.GetMonthDetailAsync (API) in 34ms
17:34:36 INFO  - Executed action GD.API.Controllers.DataBoard.DataBoardController.GetTodayTotalAsync (API) in 69ms
17:34:36 INFO  - Executed action GD.API.Controllers.DataBoard.DataBoardController.GetDayWeChatScaleAsync (API) in 98ms
17:34:36 INFO  - Executed action GD.API.Controllers.DataBoard.DataBoardController.GetLastDayWeChatPayCountAsync (API) in 38ms
17:34:36 INFO  - Executed action GD.API.Controllers.DataBoard.DataBoardController.GetTrendAsync (API) in 35ms
17:34:36 INFO  - Executed action GD.API.Controllers.DataBoard.DataBoardController.GetDayWeChatDetailAsync (API) in 38ms
17:34:36 INFO  - Executed action GD.API.Controllers.DataBoard.DataBoardController.GetDayAchievementAsync (API) in 115ms
17:34:36 INFO  - Executed action GD.API.Controllers.Utility.WeatherController.GetWeatherForecast (API) in 132ms
17:34:37 INFO  - Executed action GD.API.Controllers.DataBoard.DataBoardController.GetWeChatDetailAsync (API) in 127ms
17:34:42 INFO  - Executed action GD.API.Controllers.System.UserController.GetLoginUserInfoAsync (API) in 224ms
17:34:43 INFO  - Executed action GD.API.Controllers.DataBoard.DataBoardController.GetMonthDetailAsync (API) in 38ms
17:34:43 INFO  - Executed action GD.API.Controllers.DataBoard.DataBoardController.GetTodayTotalAsync (API) in 55ms
17:34:43 INFO  - Executed action GD.API.Controllers.DataBoard.DataBoardController.GetDayWeChatScaleAsync (API) in 94ms
17:34:43 INFO  - Executed action GD.API.Controllers.DataBoard.DataBoardController.GetTrendAsync (API) in 43ms
17:34:43 INFO  - Executed action GD.API.Controllers.DataBoard.DataBoardController.GetDayAchievementAsync (API) in 117ms
17:34:43 INFO  - Executed action GD.API.Controllers.DataBoard.DataBoardController.GetDayWeChatDetailAsync (API) in 35ms
17:34:43 INFO  - Executed action GD.API.Controllers.Utility.WeatherController.GetWeatherForecast (API) in 172ms
17:34:43 INFO  - Executed action GD.API.Controllers.DataBoard.DataBoardController.GetLastDayWeChatPayCountAsync (API) in 50ms
17:34:43 INFO  - Executed action GD.API.Controllers.DataBoard.DataBoardController.GetWeChatDetailAsync (API) in 121ms
17:34:48 INFO  - Executed action GD.API.Controllers.System.UserController.GetLoginUserInfoAsync (API) in 217ms
17:34:49 INFO  - Executed action GD.API.Controllers.DataBoard.DataBoardController.GetDayWeChatDetailAsync (API) in 41ms
17:34:49 INFO  - Executed action GD.API.Controllers.DataBoard.DataBoardController.GetTodayTotalAsync (API) in 58ms
17:34:49 INFO  - Executed action GD.API.Controllers.DataBoard.DataBoardController.GetTrendAsync (API) in 54ms
17:34:49 INFO  - Executed action GD.API.Controllers.DataBoard.DataBoardController.GetDayWeChatScaleAsync (API) in 82ms
17:34:49 INFO  - Executed action GD.API.Controllers.DataBoard.DataBoardController.GetDayAchievementAsync (API) in 117ms
17:34:49 INFO  - Executed action GD.API.Controllers.Utility.WeatherController.GetWeatherForecast (API) in 143ms
17:34:49 INFO  - Executed action GD.API.Controllers.DataBoard.DataBoardController.GetWeChatDetailAsync (API) in 116ms
17:34:49 INFO  - Executed action GD.API.Controllers.DataBoard.DataBoardController.GetMonthDetailAsync (API) in 36ms
17:34:49 INFO  - Executed action GD.API.Controllers.DataBoard.DataBoardController.GetLastDayWeChatPayCountAsync (API) in 37ms
