10:51:15 INFO  - Executed action GD.API.Controllers.System.UserController.GetLoginUserInfoAsync (API) in 450ms
10:51:15 INFO  - Executed action GD.API.Controllers.System.HomeController.GetUserQtyAsync (API) in 56ms
10:51:16 INFO  - Executed action GD.API.Controllers.System.HomeController.GetOrderQtyAsync (API) in 41ms
10:51:16 INFO  - Executed action GD.API.Controllers.System.HomeController.GetMerchantQtyAsync (API) in 198ms
10:51:16 INFO  - Executed action GD.API.Controllers.System.HomeController.GetDoctorsQtyAsync (API) in 31ms
14:48:16 INFO  - Executed action GD.API.Controllers.Utility.AccountController.LoginAdmin (API) in 822ms
14:48:16 INFO  - Executed action GD.API.Controllers.System.UserController.GetLoginUserInfoAsync (API) in 643ms
14:48:17 INFO  - Executed action GD.API.Controllers.System.HomeController.GetMerchantQtyAsync (API) in 89ms
14:48:17 INFO  - Executed action GD.API.Controllers.System.HomeController.GetOrderQtyAsync (API) in 64ms
14:48:17 INFO  - Executed action GD.API.Controllers.System.HomeController.GetDoctorsQtyAsync (API) in 141ms
14:48:17 INFO  - Executed action GD.API.Controllers.System.HomeController.GetUserQtyAsync (API) in 181ms
14:51:10 INFO  - Executed action GD.API.Controllers.Doctor.DoctorController.GetDoctorCertificateDetailAsync (API) in 47ms
14:51:10 INFO  - Executed action GD.API.Controllers.Doctor.HospitalController.GetHospitalAllSelectAsync (API) in 46ms
14:51:10 INFO  - Executed action GD.API.Controllers.Doctor.DoctorController.GetDoctorPageAsync (API) in 250ms
14:51:13 INFO  - Executed action GD.API.Controllers.Doctor.DoctorController.GetDoctorJobTitlesAsync (API) in 2978ms
14:51:45 INFO  - Executed action GD.API.Controllers.System.UserController.GetLoginUserInfoAsync (API) in 210ms
14:51:45 INFO  - Executed action GD.API.Controllers.System.UserController.GetLoginUserInfoAsync (API) in 189ms
14:51:46 INFO  - Executed action GD.API.Controllers.System.HomeController.GetOrderQtyAsync (API) in 48ms
14:51:46 INFO  - Executed action GD.API.Controllers.System.HomeController.GetUserQtyAsync (API) in 43ms
14:51:46 INFO  - Executed action GD.API.Controllers.System.HomeController.GetMerchantQtyAsync (API) in 23ms
14:51:46 INFO  - Executed action GD.API.Controllers.System.HomeController.GetDoctorsQtyAsync (API) in 34ms
14:51:47 INFO  - Executed action GD.API.Controllers.Doctor.HospitalController.GetHospitalAllSelectAsync (API) in 41ms
14:51:47 INFO  - Executed action GD.API.Controllers.Doctor.DoctorController.GetDoctorCertificateDetailAsync (API) in 42ms
14:51:47 INFO  - Executed action GD.API.Controllers.Doctor.DoctorController.GetDoctorJobTitlesAsync (API) in 83ms
14:51:47 INFO  - Executed action GD.API.Controllers.Doctor.DoctorController.GetDoctorPageAsync (API) in 225ms
15:07:23 INFO  - Executed action GD.API.Controllers.System.UserController.GetLoginUserInfoAsync (API) in 161ms
15:07:23 INFO  - Executed action GD.API.Controllers.System.UserController.GetLoginUserInfoAsync (API) in 197ms
15:07:23 INFO  - Executed action GD.API.Controllers.System.HomeController.GetMerchantQtyAsync (API) in 22ms
15:07:23 INFO  - Executed action GD.API.Controllers.System.HomeController.GetDoctorsQtyAsync (API) in 22ms
15:07:23 INFO  - Executed action GD.API.Controllers.System.HomeController.GetUserQtyAsync (API) in 81ms
15:07:23 INFO  - Executed action GD.API.Controllers.System.HomeController.GetOrderQtyAsync (API) in 82ms
15:07:24 INFO  - Executed action GD.API.Controllers.Doctor.HospitalController.GetHospitalAllSelectAsync (API) in 23ms
15:07:24 INFO  - Executed action GD.API.Controllers.Doctor.DoctorController.GetDoctorCertificateDetailAsync (API) in 17ms
15:07:24 INFO  - Executed action GD.API.Controllers.Doctor.DoctorController.GetDoctorJobTitlesAsync (API) in 46ms
15:07:24 INFO  - Executed action GD.API.Controllers.Doctor.DoctorController.GetDoctorPageAsync (API) in 104ms
15:07:31 INFO  - Executed action GD.API.Controllers.System.UserController.GetLoginUserInfoAsync (API) in 138ms
15:07:31 INFO  - Executed action GD.API.Controllers.System.UserController.GetLoginUserInfoAsync (API) in 145ms
15:07:31 INFO  - Executed action GD.API.Controllers.System.HomeController.GetMerchantQtyAsync (API) in 22ms
15:07:31 INFO  - Executed action GD.API.Controllers.System.HomeController.GetUserQtyAsync (API) in 37ms
15:07:31 INFO  - Executed action GD.API.Controllers.System.HomeController.GetDoctorsQtyAsync (API) in 25ms
15:07:31 INFO  - Executed action GD.API.Controllers.System.HomeController.GetOrderQtyAsync (API) in 20ms
15:07:32 INFO  - Executed action GD.API.Controllers.Doctor.HospitalController.GetHospitalAllSelectAsync (API) in 27ms
15:07:32 INFO  - Executed action GD.API.Controllers.Doctor.DoctorController.GetDoctorJobTitlesAsync (API) in 45ms
15:07:32 INFO  - Executed action GD.API.Controllers.Doctor.DoctorController.GetDoctorCertificateDetailAsync (API) in 22ms
15:07:32 INFO  - Executed action GD.API.Controllers.Doctor.DoctorController.GetDoctorPageAsync (API) in 101ms
15:08:07 INFO  - Executed action GD.API.Controllers.System.DictionaryController.GetDictionaryMatedata (API) in 27ms
15:08:07 INFO  - Executed action GD.API.Controllers.System.DictionaryController.GetDictionaryTreeAsync (API) in 33ms
15:08:07 INFO  - Executed action GD.API.Controllers.System.DictionaryController.GetDictionaryTreeTypeAsync (API) in 40ms
15:08:11 INFO  - Executed action GD.API.Controllers.Utility.ArticleController.GetArticleTypeAsync (API) in 24ms
15:08:14 INFO  - Executed action GD.API.Controllers.Utility.ArticleController.GetArticleListAsync (API) in 148ms
15:08:18 INFO  - Executed action GD.API.Controllers.Utility.ArticleController.GetArticleInfoAsync (API) in 87ms
15:09:03 INFO  - Executed action GD.API.Controllers.Utility.ArticleController.GetArticleInfoAsync (API) in 82ms
15:10:03 INFO  - Executed action GD.API.Controllers.Doctor.HospitalController.GetHospitalLevel (API) in 31ms
15:10:03 INFO  - Executed action GD.API.Controllers.Doctor.HospitalController.GetHospitalPageAsync (API) in 60ms
15:10:07 INFO  - Executed action GD.API.Controllers.Doctor.HospitalController.GetHospitalInfoAsync (API) in 83ms
15:15:59 INFO  - Executed action GD.API.Controllers.System.UserController.GetLoginUserInfoAsync (API) in 274ms
15:15:59 INFO  - Executed action GD.API.Controllers.System.UserController.GetLoginUserInfoAsync (API) in 221ms
15:15:59 INFO  - Executed action GD.API.Controllers.System.HomeController.GetDoctorsQtyAsync (API) in 31ms
15:15:59 INFO  - Executed action GD.API.Controllers.System.HomeController.GetUserQtyAsync (API) in 76ms
15:15:59 INFO  - Executed action GD.API.Controllers.System.HomeController.GetOrderQtyAsync (API) in 31ms
15:15:59 INFO  - Executed action GD.API.Controllers.System.HomeController.GetMerchantQtyAsync (API) in 114ms
15:15:59 INFO  - Executed action GD.API.Controllers.Doctor.HospitalController.GetHospitalLevel (API) in 4ms
15:15:59 INFO  - Executed action GD.API.Controllers.Doctor.HospitalController.GetHospitalPageAsync (API) in 63ms
15:16:02 INFO  - Executed action GD.API.Controllers.System.UserController.GetLoginUserInfoAsync (API) in 179ms
15:16:02 INFO  - Executed action GD.API.Controllers.System.UserController.GetLoginUserInfoAsync (API) in 166ms
15:16:02 INFO  - Executed action GD.API.Controllers.System.HomeController.GetOrderQtyAsync (API) in 28ms
15:16:02 INFO  - Executed action GD.API.Controllers.System.HomeController.GetUserQtyAsync (API) in 35ms
15:16:02 INFO  - Executed action GD.API.Controllers.System.HomeController.GetMerchantQtyAsync (API) in 34ms
15:16:03 INFO  - Executed action GD.API.Controllers.System.HomeController.GetDoctorsQtyAsync (API) in 62ms
15:16:03 INFO  - Executed action GD.API.Controllers.Doctor.HospitalController.GetHospitalLevel (API) in 5ms
15:16:03 INFO  - Executed action GD.API.Controllers.Doctor.HospitalController.GetHospitalPageAsync (API) in 53ms
15:16:15 INFO  - Executed action GD.API.Controllers.Doctor.HospitalController.GetHospitalLevel (API) in 6ms
15:16:15 INFO  - Executed action GD.API.Controllers.Doctor.HospitalController.GetHospitalPageAsync (API) in 72ms
15:16:18 INFO  - Executed action GD.API.Controllers.Doctor.HospitalController.GetHospitalInfoAsync (API) in 81ms
15:16:33 INFO  - Executed action GD.API.Controllers.System.UserController.GetLoginUserInfoAsync (API) in 177ms
15:16:34 INFO  - Executed action GD.API.Controllers.Doctor.HospitalController.GetHospitalLevel (API) in 3ms
15:16:34 INFO  - Executed action GD.API.Controllers.Doctor.HospitalController.GetHospitalPageAsync (API) in 68ms
15:16:35 INFO  - Executed action GD.API.Controllers.System.UserController.GetLoginUserInfoAsync (API) in 176ms
15:16:36 INFO  - Executed action GD.API.Controllers.Doctor.HospitalController.GetHospitalLevel (API) in 4ms
15:16:36 INFO  - Executed action GD.API.Controllers.Doctor.HospitalController.GetHospitalPageAsync (API) in 72ms
15:16:37 INFO  - Executed action GD.API.Controllers.System.UserController.GetLoginUserInfoAsync (API) in 177ms
15:16:37 INFO  - Executed action GD.API.Controllers.Doctor.HospitalController.GetHospitalLevel (API) in 5ms
15:16:38 INFO  - Executed action GD.API.Controllers.Doctor.HospitalController.GetHospitalPageAsync (API) in 84ms
15:16:40 INFO  - Executed action GD.API.Controllers.Doctor.HospitalController.GetHospitalInfoAsync (API) in 81ms
15:17:02 INFO  - Executed action GD.API.Controllers.System.UserController.GetLoginUserInfoAsync (API) in 180ms
15:17:02 INFO  - Executed action GD.API.Controllers.System.UserController.GetLoginUserInfoAsync (API) in 174ms
15:17:02 INFO  - Executed action GD.API.Controllers.Doctor.HospitalController.GetHospitalLevel (API) in 6ms
15:17:02 INFO  - Executed action GD.API.Controllers.Doctor.HospitalController.GetHospitalPageAsync (API) in 57ms
15:17:02 INFO  - Executed action GD.API.Controllers.Doctor.HospitalController.GetHospitalLevel (API) in 3ms
15:17:03 INFO  - Executed action GD.API.Controllers.Doctor.HospitalController.GetHospitalPageAsync (API) in 68ms
15:17:05 INFO  - Executed action GD.API.Controllers.Doctor.HospitalController.GetHospitalInfoAsync (API) in 80ms
15:17:14 INFO  - Executed action GD.API.Controllers.Doctor.HospitalController.GetHospitalInfoAsync (API) in 75ms
15:17:21 INFO  - Executed action GD.API.Controllers.Doctor.HospitalController.UpdateHospitalAsync (API) in 145ms
15:17:21 INFO  - Executed action GD.API.Controllers.Doctor.HospitalController.GetHospitalPageAsync (API) in 58ms
15:17:23 INFO  - Executed action GD.API.Controllers.Doctor.HospitalController.GetHospitalInfoAsync (API) in 88ms
15:18:43 INFO  - Executed action GD.API.Controllers.System.UserController.GetLoginUserInfoAsync (API) in 220ms
15:18:43 INFO  - Executed action GD.API.Controllers.System.HomeController.GetUserQtyAsync (API) in 19ms
15:18:43 INFO  - Executed action GD.API.Controllers.System.HomeController.GetMerchantQtyAsync (API) in 34ms
15:18:43 INFO  - Executed action GD.API.Controllers.System.HomeController.GetDoctorsQtyAsync (API) in 35ms
15:18:43 INFO  - Executed action GD.API.Controllers.System.HomeController.GetOrderQtyAsync (API) in 19ms
15:18:59 INFO  - Executed action GD.API.Controllers.System.UserController.GetLoginUserInfoAsync (API) in 179ms
15:18:59 INFO  - Executed action GD.API.Controllers.System.UserController.GetLoginUserInfoAsync (API) in 235ms
15:18:59 INFO  - Executed action GD.API.Controllers.System.HomeController.GetDoctorsQtyAsync (API) in 23ms
15:18:59 INFO  - Executed action GD.API.Controllers.System.HomeController.GetMerchantQtyAsync (API) in 27ms
15:18:59 INFO  - Executed action GD.API.Controllers.System.HomeController.GetUserQtyAsync (API) in 31ms
15:18:59 INFO  - Executed action GD.API.Controllers.System.HomeController.GetOrderQtyAsync (API) in 20ms
15:18:59 INFO  - Executed action GD.API.Controllers.Doctor.HospitalController.GetHospitalLevel (API) in 5ms
15:18:59 INFO  - Executed action GD.API.Controllers.Doctor.HospitalController.GetHospitalPageAsync (API) in 72ms
15:19:08 INFO  - Executed action GD.API.Controllers.System.UserController.GetLoginUserInfoAsync (API) in 192ms
15:19:08 INFO  - Executed action GD.API.Controllers.Doctor.HospitalController.GetHospitalLevel (API) in 5ms
15:19:08 INFO  - Executed action GD.API.Controllers.Doctor.HospitalController.GetHospitalPageAsync (API) in 74ms
15:19:50 INFO  - Executed action GD.API.Controllers.System.UserController.GetLoginUserInfoAsync (API) in 160ms
15:19:50 INFO  - Executed action GD.API.Controllers.Doctor.HospitalController.GetHospitalLevel (API) in 5ms
15:19:50 INFO  - Executed action GD.API.Controllers.Doctor.HospitalController.GetHospitalPageAsync (API) in 81ms
15:19:52 INFO  - Executed action GD.API.Controllers.System.UserController.GetLoginUserInfoAsync (API) in 155ms
15:19:52 INFO  - Executed action GD.API.Controllers.Doctor.HospitalController.GetHospitalLevel (API) in 3ms
15:19:52 INFO  - Executed action GD.API.Controllers.Doctor.HospitalController.GetHospitalPageAsync (API) in 70ms
15:19:54 INFO  - Executed action GD.API.Controllers.System.UserController.GetLoginUserInfoAsync (API) in 161ms
15:19:54 INFO  - Executed action GD.API.Controllers.System.HomeController.GetUserQtyAsync (API) in 26ms
15:19:54 INFO  - Executed action GD.API.Controllers.System.HomeController.GetDoctorsQtyAsync (API) in 60ms
15:19:54 INFO  - Executed action GD.API.Controllers.System.HomeController.GetOrderQtyAsync (API) in 18ms
15:19:54 INFO  - Executed action GD.API.Controllers.System.HomeController.GetMerchantQtyAsync (API) in 23ms
15:20:29 INFO  - Executed action GD.API.Controllers.System.UserController.GetLoginUserInfoAsync (API) in 191ms
15:20:30 INFO  - Executed action GD.API.Controllers.System.UserController.GetLoginUserInfoAsync (API) in 152ms
15:20:30 INFO  - Executed action GD.API.Controllers.System.HomeController.GetUserQtyAsync (API) in 26ms
15:20:30 INFO  - Executed action GD.API.Controllers.System.HomeController.GetDoctorsQtyAsync (API) in 21ms
15:20:30 INFO  - Executed action GD.API.Controllers.System.HomeController.GetOrderQtyAsync (API) in 26ms
15:20:30 INFO  - Executed action GD.API.Controllers.System.HomeController.GetMerchantQtyAsync (API) in 18ms
15:20:30 INFO  - Executed action GD.API.Controllers.System.UserController.GetLoginUserInfoAsync (API) in 211ms
15:20:30 INFO  - Executed action GD.API.Controllers.Doctor.HospitalController.GetHospitalLevel (API) in 4ms
15:20:30 INFO  - Executed action GD.API.Controllers.Doctor.HospitalController.GetHospitalPageAsync (API) in 55ms
15:20:30 INFO  - Executed action GD.API.Controllers.Doctor.HospitalController.GetHospitalLevel (API) in 3ms
15:20:30 INFO  - Executed action GD.API.Controllers.Doctor.HospitalController.GetHospitalPageAsync (API) in 52ms
15:20:44 INFO  - Executed action GD.API.Controllers.System.UserController.GetLoginUserInfoAsync (API) in 168ms
15:20:44 INFO  - Executed action GD.API.Controllers.Doctor.HospitalController.GetHospitalLevel (API) in 8ms
15:20:44 INFO  - Executed action GD.API.Controllers.Doctor.HospitalController.GetHospitalPageAsync (API) in 57ms
15:20:47 INFO  - Executed action GD.API.Controllers.Doctor.HospitalController.GetHospitalInfoAsync (API) in 77ms
15:21:23 INFO  - Executed action GD.API.Controllers.System.UserController.GetLoginUserInfoAsync (API) in 179ms
15:21:23 INFO  - Executed action GD.API.Controllers.System.UserController.GetLoginUserInfoAsync (API) in 221ms
15:21:23 INFO  - Executed action GD.API.Controllers.System.HomeController.GetDoctorsQtyAsync (API) in 23ms
15:21:23 INFO  - Executed action GD.API.Controllers.System.HomeController.GetUserQtyAsync (API) in 31ms
15:21:23 INFO  - Executed action GD.API.Controllers.System.HomeController.GetOrderQtyAsync (API) in 21ms
15:21:23 INFO  - Executed action GD.API.Controllers.System.HomeController.GetMerchantQtyAsync (API) in 36ms
15:21:23 INFO  - Executed action GD.API.Controllers.Doctor.HospitalController.GetHospitalLevel (API) in 4ms
15:21:23 INFO  - Executed action GD.API.Controllers.Doctor.HospitalController.GetHospitalPageAsync (API) in 52ms
15:21:26 INFO  - Executed action GD.API.Controllers.System.UserController.GetLoginUserInfoAsync (API) in 195ms
15:21:27 INFO  - Executed action GD.API.Controllers.System.UserController.GetLoginUserInfoAsync (API) in 188ms
15:21:27 INFO  - Executed action GD.API.Controllers.System.HomeController.GetDoctorsQtyAsync (API) in 29ms
15:21:27 INFO  - Executed action GD.API.Controllers.System.HomeController.GetUserQtyAsync (API) in 37ms
15:21:27 INFO  - Executed action GD.API.Controllers.System.HomeController.GetOrderQtyAsync (API) in 27ms
15:21:27 INFO  - Executed action GD.API.Controllers.System.HomeController.GetMerchantQtyAsync (API) in 23ms
15:21:27 INFO  - Executed action GD.API.Controllers.Doctor.HospitalController.GetHospitalLevel (API) in 6ms
15:21:27 INFO  - Executed action GD.API.Controllers.Doctor.HospitalController.GetHospitalPageAsync (API) in 69ms
15:22:14 INFO  - Executed action GD.API.Controllers.Doctor.DoctorController.GetDoctorPageAsync (API) in 136ms
15:25:08 INFO  - Executed action GD.API.Controllers.System.UserController.GetLoginUserInfoAsync (API) in 190ms
15:25:09 INFO  - Executed action GD.API.Controllers.Doctor.DoctorController.GetDoctorPageAsync (API) in 144ms
15:28:10 INFO  - Executed action GD.API.Controllers.Doctor.DoctorController.GetDoctorPageAsync (API) in 130ms
15:28:15 INFO  - Executed action GD.API.Controllers.System.UserController.GetLoginUserInfoAsync (API) in 193ms
15:28:15 INFO  - Executed action GD.API.Controllers.Doctor.DoctorController.GetDoctorPageAsync (API) in 146ms
15:28:29 INFO  - Executed action GD.API.Controllers.Doctor.DoctorController.GetDoctorPageAsync (API) in 130ms
15:29:10 INFO  - Executed action GD.API.Controllers.System.DictionaryController.GetMerchantDictionaryAsync (API) in 88ms
15:29:10 INFO  - Executed action GD.API.Controllers.Merchant.MerchantController.GetBusinessScopeListAsync (API) in 22ms
15:29:10 INFO  - Executed action GD.API.Controllers.Merchant.MerchantController.GetHospitalSelectAsync (API) in 68ms
15:29:10 INFO  - Executed action GD.API.Controllers.Merchant.MerchantController.GetMerchantPageAsync (API) in 105ms
15:29:14 INFO  - Executed action GD.API.Controllers.System.UserController.GetLoginUserInfoAsync (API) in 150ms
15:29:14 INFO  - Executed action GD.API.Controllers.Merchant.MerchantController.GetHospitalSelectAsync (API) in 30ms
15:29:14 INFO  - Executed action GD.API.Controllers.Merchant.MerchantController.GetMerchantPageAsync (API) in 71ms
15:29:14 INFO  - Executed action GD.API.Controllers.System.DictionaryController.GetMerchantDictionaryAsync (API) in 64ms
15:29:14 INFO  - Executed action GD.API.Controllers.Merchant.MerchantController.GetBusinessScopeListAsync (API) in 56ms
15:29:17 INFO  - Executed action GD.API.Controllers.Mall.MemberController.GetMemberPageAsync (API) in 115ms
15:49:00 INFO  - Executed action GD.API.Controllers.System.UserController.GetLoginUserInfoAsync (API) in 284ms
15:49:01 INFO  - Executed action GD.API.Controllers.System.UserController.GetLoginUserInfoAsync (API) in 219ms
15:49:01 INFO  - Executed action GD.API.Controllers.System.UserController.GetLoginUserInfoAsync (API) in 194ms
15:49:03 INFO  - Executed action GD.API.Controllers.System.UserController.GetLoginUserInfoAsync (API) in 208ms
15:49:09 INFO  - Executed action GD.API.Controllers.System.UserController.GetLoginUserInfoAsync (API) in 205ms
15:49:17 INFO  - Executed action GD.API.Controllers.System.UserController.GetLoginUserInfoAsync (API) in 221ms
15:52:19 INFO  - Executed action GD.API.Controllers.System.UserController.GetLoginUserInfoAsync (API) in 235ms
15:52:19 INFO  - Executed action GD.API.Controllers.System.UserController.GetLoginUserInfoAsync (API) in 199ms
15:53:26 INFO  - Executed action GD.API.Controllers.System.UserController.GetLoginUserInfoAsync (API) in 251ms
15:53:26 INFO  - Executed action GD.API.Controllers.System.UserController.GetLoginUserInfoAsync (API) in 194ms
15:53:26 INFO  - Executed action GD.API.Controllers.Doctor.HospitalController.GetHospitalLevel (API) in 9ms
15:53:27 INFO  - Executed action GD.API.Controllers.Doctor.HospitalController.GetHospitalPageAsync (API) in 80ms
15:53:27 INFO  - Executed action GD.API.Controllers.System.HomeController.GetUserQtyAsync (API) in 38ms
15:53:27 INFO  - Executed action GD.API.Controllers.System.HomeController.GetOrderQtyAsync (API) in 40ms
15:53:27 INFO  - Executed action GD.API.Controllers.System.HomeController.GetMerchantQtyAsync (API) in 93ms
15:53:27 INFO  - Executed action GD.API.Controllers.System.HomeController.GetDoctorsQtyAsync (API) in 78ms
15:53:32 INFO  - Executed action GD.API.Controllers.System.UserController.GetLoginUserInfoAsync (API) in 177ms
15:53:38 INFO  - Executed action GD.API.Controllers.Mall.MemberController.GetMemberPageAsync (API) in 71ms
15:54:08 INFO  - Executed action GD.API.Controllers.System.UserController.GetLoginUserInfoAsync (API) in 389ms
15:54:09 INFO  - Executed action GD.API.Controllers.Mall.MemberController.GetMemberPageAsync (API) in 154ms
15:54:12 INFO  - Executed action GD.API.Controllers.System.UserController.GetLoginUserInfoAsync (API) in 222ms
15:54:13 INFO  - Executed action GD.API.Controllers.System.UserController.GetLoginUserInfoAsync (API) in 181ms
15:54:13 INFO  - Executed action GD.API.Controllers.System.HomeController.GetMerchantQtyAsync (API) in 23ms
15:54:13 INFO  - Executed action GD.API.Controllers.System.HomeController.GetDoctorsQtyAsync (API) in 30ms
15:54:13 INFO  - Executed action GD.API.Controllers.System.HomeController.GetOrderQtyAsync (API) in 25ms
15:54:13 INFO  - Executed action GD.API.Controllers.System.HomeController.GetUserQtyAsync (API) in 19ms
15:54:13 INFO  - Executed action GD.API.Controllers.Doctor.HospitalController.GetHospitalLevel (API) in 6ms
15:54:13 INFO  - Executed action GD.API.Controllers.Doctor.HospitalController.GetHospitalPageAsync (API) in 76ms
15:54:27 INFO  - Executed action GD.API.Controllers.System.UserController.GetLoginUserInfoAsync (API) in 163ms
15:54:29 INFO  - Executed action GD.API.Controllers.System.UserController.GetLoginUserInfoAsync (API) in 361ms
15:54:29 INFO  - Executed action GD.API.Controllers.System.UserController.GetLoginUserInfoAsync (API) in 168ms
15:54:29 INFO  - Executed action GD.API.Controllers.System.HomeController.GetOrderQtyAsync (API) in 59ms
15:54:29 INFO  - Executed action GD.API.Controllers.System.HomeController.GetUserQtyAsync (API) in 37ms
15:54:29 INFO  - Executed action GD.API.Controllers.System.HomeController.GetDoctorsQtyAsync (API) in 30ms
15:54:29 INFO  - Executed action GD.API.Controllers.System.HomeController.GetMerchantQtyAsync (API) in 31ms
15:54:29 INFO  - Executed action GD.API.Controllers.System.UserController.GetLoginUserInfoAsync (API) in 176ms
15:54:30 INFO  - Executed action GD.API.Controllers.Doctor.HospitalController.GetHospitalLevel (API) in 4ms
15:54:30 INFO  - Executed action GD.API.Controllers.Doctor.HospitalController.GetHospitalPageAsync (API) in 56ms
16:08:17 INFO  - Executed action GD.API.Controllers.System.UserController.GetLoginUserInfoAsync (API) in 250ms
16:08:17 INFO  - Executed action GD.API.Controllers.System.UserController.GetLoginUserInfoAsync (API) in 274ms
16:08:17 INFO  - Executed action GD.API.Controllers.System.HomeController.GetUserQtyAsync (API) in 61ms
16:08:17 INFO  - Executed action GD.API.Controllers.System.HomeController.GetMerchantQtyAsync (API) in 28ms
16:08:17 INFO  - Executed action GD.API.Controllers.System.HomeController.GetOrderQtyAsync (API) in 108ms
16:08:17 INFO  - Executed action GD.API.Controllers.System.HomeController.GetDoctorsQtyAsync (API) in 68ms
16:08:17 INFO  - Executed action GD.API.Controllers.Doctor.HospitalController.GetHospitalLevel (API) in 3ms
16:08:17 INFO  - Executed action GD.API.Controllers.Doctor.HospitalController.GetHospitalPageAsync (API) in 69ms
16:12:05 INFO  - Executed action GD.API.Controllers.System.UserController.GetLoginUserInfoAsync (API) in 165ms
16:12:05 INFO  - Executed action GD.API.Controllers.System.UserController.GetLoginUserInfoAsync (API) in 218ms
16:12:06 INFO  - Executed action GD.API.Controllers.System.HomeController.GetOrderQtyAsync (API) in 26ms
16:12:06 INFO  - Executed action GD.API.Controllers.System.HomeController.GetMerchantQtyAsync (API) in 40ms
16:12:06 INFO  - Executed action GD.API.Controllers.System.HomeController.GetDoctorsQtyAsync (API) in 37ms
16:12:06 INFO  - Executed action GD.API.Controllers.System.HomeController.GetUserQtyAsync (API) in 31ms
16:12:06 INFO  - Executed action GD.API.Controllers.Doctor.HospitalController.GetHospitalLevel (API) in 3ms
16:12:06 INFO  - Executed action GD.API.Controllers.Doctor.HospitalController.GetHospitalPageAsync (API) in 79ms
16:12:13 INFO  - Executed action GD.API.Controllers.Mall.MemberController.GetMemberPageAsync (API) in 70ms
16:12:14 INFO  - Executed action GD.API.Controllers.System.UserController.GetLoginUserInfoAsync (API) in 179ms
16:12:21 INFO  - Executed action GD.API.Controllers.Mall.MemberController.GetMemberPageAsync (API) in 77ms
16:12:32 INFO  - Executed action GD.API.Controllers.Utility.AccountController.LoginAdmin (API) in 32ms
16:12:33 INFO  - Executed action GD.API.Controllers.System.UserController.GetLoginUserInfoAsync (API) in 154ms
16:12:35 INFO  - Executed action GD.API.Controllers.Mall.MemberController.GetMemberPageAsync (API) in 95ms
16:12:53 INFO  - Executed action GD.API.Controllers.System.UserController.GetRoleListAsync (API) in 36ms
16:12:53 INFO  - Executed action GD.API.Controllers.System.UserController.GetOrganizationTreeAsync (API) in 36ms
16:12:53 INFO  - Executed action GD.API.Controllers.System.UserController.GetAccountListAsync (API) in 51ms
16:13:06 INFO  - Executed action GD.API.Controllers.System.UserController.GetAccountInfoAsync (API) in 128ms
16:13:19 INFO  - Executed action GD.API.Controllers.System.MenuController.GetMenuTreeAsync (API) in 29ms
16:13:25 INFO  - Executed action GD.API.Controllers.System.UserController.GetRoleListAsync (API) in 27ms
16:13:25 INFO  - Executed action GD.API.Controllers.System.MenuController.GetMenuTree2Async (API) in 72ms
16:13:35 INFO  - Executed action GD.API.Controllers.System.UserController.GetRoleListAsync (API) in 27ms
16:13:41 INFO  - Executed action GD.API.Controllers.System.UserController.GetRoleListAsync (API) in 29ms
16:13:41 INFO  - Executed action GD.API.Controllers.System.UserController.GetOrganizationTreeAsync (API) in 28ms
16:13:41 INFO  - Executed action GD.API.Controllers.System.UserController.GetAccountListAsync (API) in 62ms
16:13:51 INFO  - Executed action GD.API.Controllers.System.UserController.GetRoleListAsync (API) in 21ms
16:14:01 INFO  - Executed action GD.API.Controllers.System.UserController.GetOrganizationTreeAsync (API) in 28ms
16:14:01 INFO  - Executed action GD.API.Controllers.System.UserController.GetRoleListAsync (API) in 29ms
16:14:01 INFO  - Executed action GD.API.Controllers.System.UserController.GetAccountListAsync (API) in 61ms
16:14:09 INFO  - Executed action GD.API.Controllers.System.UserController.GetAccountInfoAsync (API) in 110ms
16:14:18 INFO  - Executed action GD.API.Controllers.System.MenuController.GetMenuTreeAsync (API) in 34ms
16:14:21 INFO  - Executed action GD.API.Controllers.System.UserController.GetRoleListAsync (API) in 29ms
16:14:24 INFO  - Executed action GD.API.Controllers.System.MenuController.GetRoleMenuAsync (API) in 20ms
16:14:33 INFO  - Executed action GD.API.Controllers.System.UserController.GetOrganizationTreeAsync (API) in 28ms
16:14:33 INFO  - Executed action GD.API.Controllers.System.UserController.GetRoleListAsync (API) in 21ms
16:14:33 INFO  - Executed action GD.API.Controllers.System.UserController.GetAccountListAsync (API) in 66ms
16:14:50 INFO  - Executed action GD.API.Controllers.Utility.AccountController.LoginAdmin (API) in 30ms
16:14:50 INFO  - Executed action GD.API.Controllers.System.UserController.GetLoginUserInfoAsync (API) in 155ms
16:15:04 INFO  - Executed action GD.API.Controllers.Utility.AccountController.LoginAdmin (API) in 25ms
16:16:36 INFO  - Executed action GD.API.Controllers.Utility.AccountController.LoginAdmin (API) in 28ms
16:17:24 INFO  - Executed action GD.API.Controllers.System.UserController.GetLoginUserInfoAsync (API) in 232ms
16:17:25 INFO  - Executed action GD.API.Controllers.System.UserController.GetLoginUserInfoAsync (API) in 171ms
16:17:25 INFO  - Executed action GD.API.Controllers.System.UserController.GetLoginUserInfoAsync (API) in 155ms
16:18:20 INFO  - Executed action GD.API.Controllers.System.UserController.GetLoginUserInfoAsync (API) in 211ms
16:18:21 INFO  - Executed action GD.API.Controllers.System.UserController.GetLoginUserInfoAsync (API) in 161ms
16:18:21 INFO  - Executed action GD.API.Controllers.System.UserController.GetLoginUserInfoAsync (API) in 157ms
16:18:33 INFO  - Executed action GD.API.Controllers.System.UserController.GetLoginUserInfoAsync (API) in 262ms
16:19:11 INFO  - Executed action GD.API.Controllers.System.UserController.GetLoginUserInfoAsync (API) in 165ms
16:22:53 INFO  - Executed action GD.API.Controllers.System.UserController.GetLoginUserInfoAsync (API) in 183ms
16:23:19 INFO  - Executed action GD.API.Controllers.System.UserController.GetLoginUserInfoAsync (API) in 164ms
16:23:19 INFO  - Executed action GD.API.Controllers.System.HomeController.GetUserQtyAsync (API) in 39ms
16:23:19 INFO  - Executed action GD.API.Controllers.System.HomeController.GetDoctorsQtyAsync (API) in 32ms
16:23:19 INFO  - Executed action GD.API.Controllers.System.HomeController.GetMerchantQtyAsync (API) in 26ms
16:23:20 INFO  - Executed action GD.API.Controllers.System.HomeController.GetOrderQtyAsync (API) in 26ms
16:23:34 INFO  - Executed action GD.API.Controllers.System.UserController.GetLoginUserInfoAsync (API) in 174ms
16:23:34 INFO  - Executed action GD.API.Controllers.Doctor.HospitalController.GetHospitalLevel (API) in 8ms
16:23:34 INFO  - Executed action GD.API.Controllers.Doctor.HospitalController.GetHospitalPageAsync (API) in 63ms
16:23:47 INFO  - Executed action GD.API.Controllers.System.UserController.GetLoginUserInfoAsync (API) in 231ms
16:23:47 INFO  - Executed action GD.API.Controllers.Doctor.HospitalController.GetHospitalLevel (API) in 6ms
16:23:47 INFO  - Executed action GD.API.Controllers.Doctor.HospitalController.GetHospitalPageAsync (API) in 58ms
16:24:05 INFO  - Executed action GD.API.Controllers.System.UserController.GetLoginUserInfoAsync (API) in 166ms
16:24:06 INFO  - Executed action GD.API.Controllers.System.UserController.GetLoginUserInfoAsync (API) in 163ms
16:24:06 INFO  - Executed action GD.API.Controllers.System.UserController.GetLoginUserInfoAsync (API) in 173ms
16:24:15 INFO  - Executed action GD.API.Controllers.System.UserController.GetLoginUserInfoAsync (API) in 178ms
16:27:22 INFO  - Executed action GD.API.Controllers.System.UserController.GetLoginUserInfoAsync (API) in 151ms
16:27:23 INFO  - Executed action GD.API.Controllers.System.UserController.GetLoginUserInfoAsync (API) in 161ms
16:27:29 INFO  - Executed action GD.API.Controllers.System.UserController.GetLoginUserInfoAsync (API) in 176ms
16:27:29 INFO  - Executed action GD.API.Controllers.System.HomeController.GetMerchantQtyAsync (API) in 51ms
16:27:29 INFO  - Executed action GD.API.Controllers.System.HomeController.GetOrderQtyAsync (API) in 34ms
16:27:29 INFO  - Executed action GD.API.Controllers.System.HomeController.GetUserQtyAsync (API) in 31ms
16:27:29 INFO  - Executed action GD.API.Controllers.System.HomeController.GetDoctorsQtyAsync (API) in 20ms
16:27:34 INFO  - Executed action GD.API.Controllers.Merchant.MerchantController.GetBusinessScopeListAsync (API) in 32ms
16:27:34 INFO  - Executed action GD.API.Controllers.Merchant.MerchantController.GetHospitalSelectAsync (API) in 35ms
16:27:34 INFO  - Executed action GD.API.Controllers.System.DictionaryController.GetMerchantDictionaryAsync (API) in 35ms
16:27:34 INFO  - Executed action GD.API.Controllers.Merchant.MerchantController.GetMerchantPageAsync (API) in 68ms
16:27:45 INFO  - Executed action GD.API.Controllers.System.UserController.GetLoginUserInfoAsync (API) in 145ms
16:27:45 INFO  - Executed action GD.API.Controllers.System.HomeController.GetUserQtyAsync (API) in 27ms
16:27:45 INFO  - Executed action GD.API.Controllers.System.HomeController.GetMerchantQtyAsync (API) in 30ms
16:27:45 INFO  - Executed action GD.API.Controllers.System.HomeController.GetOrderQtyAsync (API) in 27ms
16:27:45 INFO  - Executed action GD.API.Controllers.System.HomeController.GetDoctorsQtyAsync (API) in 26ms
16:28:40 INFO  - Executed action GD.API.Controllers.Utility.ArticleController.GetArticleTypeAsync (API) in 27ms
16:28:58 INFO  - Executed action GD.API.Controllers.System.UserController.GetLoginUserInfoAsync (API) in 179ms
16:28:58 INFO  - Executed action GD.API.Controllers.System.UserController.GetLoginUserInfoAsync (API) in 160ms
16:28:59 INFO  - Executed action GD.API.Controllers.System.UserController.GetLoginUserInfoAsync (API) in 167ms
16:29:26 INFO  - Executed action GD.API.Controllers.System.UserController.GetLoginUserInfoAsync (API) in 250ms
16:29:26 INFO  - Executed action GD.API.Controllers.System.UserController.GetLoginUserInfoAsync (API) in 157ms
16:29:28 INFO  - Executed action GD.API.Controllers.System.UserController.GetLoginUserInfoAsync (API) in 183ms
16:29:29 INFO  - Executed action GD.API.Controllers.System.HomeController.GetOrderQtyAsync (API) in 27ms
16:29:29 INFO  - Executed action GD.API.Controllers.System.HomeController.GetUserQtyAsync (API) in 42ms
16:29:29 INFO  - Executed action GD.API.Controllers.System.HomeController.GetDoctorsQtyAsync (API) in 78ms
16:29:29 INFO  - Executed action GD.API.Controllers.System.HomeController.GetMerchantQtyAsync (API) in 32ms
16:34:43 INFO  - Executed action GD.API.Controllers.System.UserController.GetLoginUserInfoAsync (API) in 265ms
16:34:44 INFO  - Executed action GD.API.Controllers.System.UserController.GetLoginUserInfoAsync (API) in 212ms
16:34:45 INFO  - Executed action GD.API.Controllers.System.UserController.GetLoginUserInfoAsync (API) in 196ms
16:34:46 INFO  - Executed action GD.API.Controllers.System.HomeController.GetMerchantQtyAsync (API) in 29ms
16:34:46 INFO  - Executed action GD.API.Controllers.System.HomeController.GetUserQtyAsync (API) in 28ms
16:34:46 INFO  - Executed action GD.API.Controllers.System.HomeController.GetDoctorsQtyAsync (API) in 85ms
16:34:46 INFO  - Executed action GD.API.Controllers.System.HomeController.GetOrderQtyAsync (API) in 97ms
16:35:02 INFO  - Executed action GD.API.Controllers.System.HomeController.GetOrderQtyAsync (API) in 30ms
16:35:02 INFO  - Executed action GD.API.Controllers.System.HomeController.GetUserQtyAsync (API) in 26ms
16:35:02 INFO  - Executed action GD.API.Controllers.System.HomeController.GetDoctorsQtyAsync (API) in 32ms
16:35:02 INFO  - Executed action GD.API.Controllers.System.HomeController.GetMerchantQtyAsync (API) in 34ms
16:35:23 INFO  - Executed action GD.API.Controllers.System.HomeController.GetUserQtyAsync (API) in 69ms
16:35:23 INFO  - Executed action GD.API.Controllers.System.HomeController.GetDoctorsQtyAsync (API) in 69ms
16:35:23 INFO  - Executed action GD.API.Controllers.System.HomeController.GetOrderQtyAsync (API) in 56ms
16:35:23 INFO  - Executed action GD.API.Controllers.System.HomeController.GetMerchantQtyAsync (API) in 65ms
16:35:28 INFO  - Executed action GD.API.Controllers.Merchant.MerchantController.GetHospitalSelectAsync (API) in 97ms
16:35:28 INFO  - Executed action GD.API.Controllers.System.DictionaryController.GetMerchantDictionaryAsync (API) in 101ms
16:35:28 INFO  - Executed action GD.API.Controllers.Merchant.MerchantController.GetBusinessScopeListAsync (API) in 29ms
16:35:28 INFO  - Executed action GD.API.Controllers.Merchant.MerchantController.GetMerchantPageAsync (API) in 64ms
16:35:45 INFO  - Executed action GD.API.Controllers.Utility.AccountController.LoginAdmin (API) in 26ms
16:35:45 INFO  - Executed action GD.API.Controllers.System.UserController.GetLoginUserInfoAsync (API) in 213ms
16:35:48 INFO  - Executed action GD.API.Controllers.Merchant.MerchantController.GetBusinessScopeListAsync (API) in 43ms
16:35:48 INFO  - Executed action GD.API.Controllers.Merchant.MerchantController.GetHospitalSelectAsync (API) in 28ms
16:35:48 INFO  - Executed action GD.API.Controllers.Merchant.MerchantController.GetMerchantPageAsync (API) in 85ms
16:35:48 INFO  - Executed action GD.API.Controllers.System.DictionaryController.GetMerchantDictionaryAsync (API) in 27ms
16:36:04 INFO  - Executed action GD.API.Controllers.Utility.AccountController.LoginAdmin (API) in 27ms
16:36:04 INFO  - Executed action GD.API.Controllers.System.UserController.GetLoginUserInfoAsync (API) in 232ms
16:36:07 INFO  - Executed action GD.API.Controllers.Merchant.MerchantController.GetBusinessScopeListAsync (API) in 27ms
16:36:07 INFO  - Executed action GD.API.Controllers.Merchant.MerchantController.GetHospitalSelectAsync (API) in 29ms
16:36:07 INFO  - Executed action GD.API.Controllers.Merchant.MerchantController.GetMerchantPageAsync (API) in 82ms
16:36:07 INFO  - Executed action GD.API.Controllers.System.DictionaryController.GetMerchantDictionaryAsync (API) in 32ms
16:36:16 INFO  - Executed action GD.API.Controllers.System.UserController.GetLoginUserInfoAsync (API) in 239ms
16:36:17 INFO  - Executed action GD.API.Controllers.System.UserController.GetLoginUserInfoAsync (API) in 214ms
16:36:17 INFO  - Executed action GD.API.Controllers.Merchant.MerchantController.GetHospitalSelectAsync (API) in 41ms
16:36:17 INFO  - Executed action GD.API.Controllers.System.DictionaryController.GetMerchantDictionaryAsync (API) in 54ms
16:36:17 INFO  - Executed action GD.API.Controllers.Merchant.MerchantController.GetBusinessScopeListAsync (API) in 30ms
16:36:17 INFO  - Executed action GD.API.Controllers.Merchant.MerchantController.GetMerchantPageAsync (API) in 66ms
16:36:22 INFO  - Executed action GD.API.Controllers.System.UserController.GetRoleListAsync (API) in 28ms
16:36:22 INFO  - Executed action GD.API.Controllers.System.MenuController.GetMenuTree2Async (API) in 85ms
16:36:24 INFO  - Executed action GD.API.Controllers.System.MenuController.GetRoleMenuAsync (API) in 22ms
16:37:17 INFO  - Executed action GD.API.Controllers.System.MenuController.SaveRoleMenuAsync (API) in 147ms
16:37:19 INFO  - Executed action GD.API.Controllers.System.UserController.GetLoginUserInfoAsync (API) in 203ms
16:37:20 INFO  - Executed action GD.API.Controllers.System.UserController.GetRoleListAsync (API) in 36ms
16:37:20 INFO  - Executed action GD.API.Controllers.System.MenuController.GetMenuTree2Async (API) in 86ms
16:37:31 INFO  - Executed action GD.API.Controllers.System.MenuController.GetRoleMenuAsync (API) in 28ms
16:37:38 INFO  - Executed action GD.API.Controllers.System.MenuController.SaveRoleMenuAsync (API) in 191ms
16:37:50 INFO  - Executed action GD.API.Controllers.Utility.AccountController.LoginAdmin (API) in 27ms
16:37:53 INFO  - Executed action GD.API.Controllers.Utility.AccountController.LoginAdmin (API) in 26ms
16:37:54 INFO  - Executed action GD.API.Controllers.System.UserController.GetLoginUserInfoAsync (API) in 182ms
16:37:54 INFO  - Executed action GD.API.Controllers.System.UserController.GetRoleListAsync (API) in 31ms
16:37:54 INFO  - Executed action GD.API.Controllers.System.MenuController.GetMenuTree2Async (API) in 84ms
16:38:00 INFO  - Executed action GD.API.Controllers.Utility.HelpController.GetHelpPageAsync (API) in 79ms
16:38:06 INFO  - Executed action GD.API.Controllers.System.UserController.GetRoleListAsync (API) in 24ms
16:38:08 INFO  - Executed action GD.API.Controllers.System.MenuController.GetRoleMenuAsync (API) in 30ms
16:38:17 INFO  - Executed action GD.API.Controllers.Utility.HelpController.GetHelpPageAsync (API) in 58ms
16:38:22 INFO  - Executed action GD.API.Controllers.Consumer.AdviseController.GetAdvisePageAsync (API) in 74ms
16:38:27 INFO  - Executed action GD.API.Controllers.System.UserController.GetRoleListAsync (API) in 33ms
16:38:28 INFO  - Executed action GD.API.Controllers.System.MenuController.GetRoleMenuAsync (API) in 26ms
16:38:34 INFO  - Executed action GD.API.Controllers.System.MenuController.GetRoleMenuAsync (API) in 27ms
16:39:23 INFO  - Executed action GD.API.Controllers.Utility.HelpController.GetHelpPageAsync (API) in 68ms
16:39:48 INFO  - Executed action GD.API.Controllers.System.MenuController.GetMenuTreeAsync (API) in 35ms
16:40:29 INFO  - Executed action GD.API.Controllers.Utility.AccountController.LoginAdmin (API) in 24ms
16:40:29 INFO  - Executed action GD.API.Controllers.System.UserController.GetLoginUserInfoAsync (API) in 177ms
16:40:29 INFO  - Executed action GD.API.Controllers.System.MenuController.GetMenuTreeAsync (API) in 34ms
16:40:48 INFO  - Executed action GD.API.Controllers.System.ButtonController.GetButtonListAsync (API) in 34ms
16:41:03 INFO  - Executed action GD.API.Controllers.System.UserController.GetRoleListAsync (API) in 25ms
16:41:24 INFO  - Executed action GD.API.Controllers.Utility.AccountController.LoginAdmin (API) in 27ms
16:41:25 INFO  - Executed action GD.API.Controllers.System.UserController.GetLoginUserInfoAsync (API) in 173ms
16:41:25 INFO  - Executed action GD.API.Controllers.System.UserController.GetRoleListAsync (API) in 29ms
16:41:30 INFO  - Executed action GD.API.Controllers.Utility.HelpController.GetHelpPageAsync (API) in 66ms
16:42:42 INFO  - Executed action GD.API.Controllers.System.UserController.GetLoginUserInfoAsync (API) in 199ms
16:42:42 INFO  - Executed action GD.API.Controllers.System.UserController.GetLoginUserInfoAsync (API) in 237ms
16:43:43 INFO  - Executed action GD.API.Controllers.Utility.HelpController.GetHelpPageAsync (API) in 64ms
16:43:51 INFO  - Executed action GD.API.Controllers.System.UserController.GetLoginUserInfoAsync (API) in 202ms
16:43:52 INFO  - Executed action GD.API.Controllers.System.UserController.GetLoginUserInfoAsync (API) in 270ms
16:43:56 INFO  - Executed action GD.API.Controllers.Utility.HelpController.GetHelpPageAsync (API) in 74ms
16:44:00 INFO  - Executed action GD.API.Controllers.System.UserController.GetLoginUserInfoAsync (API) in 173ms
16:45:18 INFO  - Executed action GD.API.Controllers.Utility.HelpController.GetHelpPageAsync (API) in 73ms
16:45:59 INFO  - Executed action GD.API.Controllers.System.UserController.GetLoginUserInfoAsync (API) in 178ms
16:46:01 INFO  - Executed action GD.API.Controllers.System.UserController.GetLoginUserInfoAsync (API) in 188ms
16:46:02 INFO  - Executed action GD.API.Controllers.Utility.HelpController.GetHelpPageAsync (API) in 66ms
16:46:09 INFO  - Executed action GD.API.Controllers.System.UserController.GetLoginUserInfoAsync (API) in 255ms
16:46:28 INFO  - Executed action GD.API.Controllers.Utility.HelpController.GetHelpPageAsync (API) in 66ms
16:47:39 INFO  - Executed action GD.API.Controllers.System.UserController.GetLoginUserInfoAsync (API) in 229ms
16:47:41 INFO  - Executed action GD.API.Controllers.System.UserController.GetLoginUserInfoAsync (API) in 207ms
16:47:43 INFO  - Executed action GD.API.Controllers.System.UserController.GetLoginUserInfoAsync (API) in 175ms
16:47:45 INFO  - Executed action GD.API.Controllers.Utility.HelpController.GetHelpPageAsync (API) in 77ms
16:47:58 INFO  - Executed action GD.API.Controllers.System.UserController.GetLoginUserInfoAsync (API) in 183ms
16:48:10 INFO  - Executed action GD.API.Controllers.Utility.HelpController.GetHelpPageAsync (API) in 80ms
16:48:24 INFO  - Executed action GD.API.Controllers.System.UserController.GetLoginUserInfoAsync (API) in 169ms
16:48:24 INFO  - Executed action GD.API.Controllers.System.UserController.GetLoginUserInfoAsync (API) in 175ms
16:48:30 INFO  - Executed action GD.API.Controllers.Utility.HelpController.GetHelpPageAsync (API) in 63ms
16:48:34 INFO  - Executed action GD.API.Controllers.System.UserController.GetLoginUserInfoAsync (API) in 194ms
16:49:36 INFO  - Executed action GD.API.Controllers.Utility.HelpController.GetHelpPageAsync (API) in 82ms
16:50:09 INFO  - Executed action GD.API.Controllers.System.UserController.GetLoginUserInfoAsync (API) in 194ms
16:50:14 INFO  - Executed action GD.API.Controllers.System.UserController.GetLoginUserInfoAsync (API) in 197ms
16:50:24 INFO  - Executed action GD.API.Controllers.Utility.HelpController.GetHelpPageAsync (API) in 77ms
16:50:29 INFO  - Executed action GD.API.Controllers.System.UserController.GetLoginUserInfoAsync (API) in 188ms
16:51:52 INFO  - Executed action GD.API.Controllers.Utility.HelpController.GetHelpPageAsync (API) in 62ms
16:52:27 INFO  - Executed action GD.API.Controllers.System.UserController.GetLoginUserInfoAsync (API) in 175ms
16:52:38 INFO  - Executed action GD.API.Controllers.Utility.HelpController.GetHelpPageAsync (API) in 60ms
16:52:39 INFO  - Executed action GD.API.Controllers.System.UserController.GetLoginUserInfoAsync (API) in 171ms
16:52:39 INFO  - Executed action GD.API.Controllers.Utility.HelpController.GetHelpPageAsync (API) in 85ms
16:52:41 INFO  - Executed action GD.API.Controllers.System.UserController.GetLoginUserInfoAsync (API) in 180ms
16:52:41 INFO  - Executed action GD.API.Controllers.Utility.HelpController.GetHelpPageAsync (API) in 62ms
16:52:47 INFO  - Executed action GD.API.Controllers.System.UserController.GetLoginUserInfoAsync (API) in 216ms
16:52:54 INFO  - Executed action GD.API.Controllers.Utility.HelpController.GetHelpPageAsync (API) in 70ms
16:53:29 INFO  - Executed action GD.API.Controllers.System.UserController.GetLoginUserInfoAsync (API) in 233ms
16:53:37 INFO  - Executed action GD.API.Controllers.Utility.HelpController.GetHelpPageAsync (API) in 62ms
16:53:46 INFO  - Executed action GD.API.Controllers.System.UserController.GetLoginUserInfoAsync (API) in 175ms
16:53:58 INFO  - Executed action GD.API.Controllers.Utility.HelpController.GetHelpPageAsync (API) in 65ms
16:56:23 INFO  - Executed action GD.API.Controllers.System.UserController.GetLoginUserInfoAsync (API) in 193ms
16:56:24 INFO  - Executed action GD.API.Controllers.System.UserController.GetLoginUserInfoAsync (API) in 188ms
16:56:31 INFO  - Executed action GD.API.Controllers.Utility.HelpController.GetHelpPageAsync (API) in 62ms
16:56:39 INFO  - Executed action GD.API.Controllers.System.UserController.GetLoginUserInfoAsync (API) in 177ms
16:56:41 INFO  - Executed action GD.API.Controllers.System.UserController.GetLoginUserInfoAsync (API) in 177ms
16:56:45 INFO  - Executed action GD.API.Controllers.Utility.HelpController.GetHelpPageAsync (API) in 59ms
16:56:56 INFO  - Executed action GD.API.Controllers.System.UserController.GetLoginUserInfoAsync (API) in 235ms
16:56:57 INFO  - Executed action GD.API.Controllers.Utility.HelpController.GetHelpPageAsync (API) in 67ms
16:57:04 INFO  - Executed action GD.API.Controllers.System.UserController.GetLoginUserInfoAsync (API) in 194ms
16:57:29 INFO  - Executed action GD.API.Controllers.Utility.HelpController.GetHelpPageAsync (API) in 68ms
16:57:36 INFO  - Executed action GD.API.Controllers.Consumer.AdviseController.GetAdvisePageAsync (API) in 71ms
16:57:46 INFO  - Executed action GD.API.Controllers.Utility.HelpController.GetHelpPageAsync (API) in 65ms
17:01:18 INFO  - Executed action GD.API.Controllers.System.UserController.GetLoginUserInfoAsync (API) in 182ms
17:01:19 INFO  - Executed action GD.API.Controllers.Utility.HelpController.GetHelpPageAsync (API) in 59ms
17:01:23 INFO  - Executed action GD.API.Controllers.System.UserController.GetLoginUserInfoAsync (API) in 186ms
17:01:29 INFO  - Executed action GD.API.Controllers.Utility.HelpController.GetHelpPageAsync (API) in 65ms
17:01:32 INFO  - Executed action GD.API.Controllers.System.UserController.GetLoginUserInfoAsync (API) in 172ms
17:01:32 INFO  - Executed action GD.API.Controllers.Utility.HelpController.GetHelpPageAsync (API) in 63ms
17:01:35 INFO  - Executed action GD.API.Controllers.System.UserController.GetLoginUserInfoAsync (API) in 213ms
17:01:36 INFO  - Executed action GD.API.Controllers.Utility.HelpController.GetHelpPageAsync (API) in 76ms
17:01:37 INFO  - Executed action GD.API.Controllers.Consumer.AdviseController.GetAdvisePageAsync (API) in 135ms
17:01:39 INFO  - Executed action GD.API.Controllers.Utility.HelpController.GetHelpPageAsync (API) in 69ms
17:01:43 INFO  - Executed action GD.API.Controllers.Consumer.AdviseController.GetAdvisePageAsync (API) in 66ms
17:01:46 INFO  - Executed action GD.API.Controllers.System.UserController.GetOrganizationTreeAsync (API) in 26ms
17:01:46 INFO  - Executed action GD.API.Controllers.System.UserController.GetOrganizationTreeAsync (API) in 30ms
17:01:47 INFO  - Executed action GD.API.Controllers.System.UserController.GetOrganizationTreeAsync (API) in 55ms
17:01:47 INFO  - Executed action GD.API.Controllers.System.UserController.GetRoleListAsync (API) in 28ms
17:01:47 INFO  - Executed action GD.API.Controllers.System.UserController.GetAccountListAsync (API) in 75ms
17:01:51 INFO  - Executed action GD.API.Controllers.System.UserController.GetRoleListAsync (API) in 29ms
17:01:52 INFO  - Executed action GD.API.Controllers.System.MenuController.GetMenuTree2Async (API) in 86ms
17:01:53 INFO  - Executed action GD.API.Controllers.System.MenuController.GetRoleMenuAsync (API) in 28ms
17:01:53 INFO  - Executed action GD.API.Controllers.System.MenuController.GetRoleMenuAsync (API) in 27ms
17:02:01 INFO  - Executed action GD.API.Controllers.System.MenuController.SaveRoleMenuAsync (API) in 75ms
17:02:03 INFO  - Executed action GD.API.Controllers.Utility.HelpController.GetHelpPageAsync (API) in 65ms
17:02:08 INFO  - Executed action GD.API.Controllers.System.UserController.GetLoginUserInfoAsync (API) in 176ms
17:02:08 INFO  - Executed action GD.API.Controllers.Utility.HelpController.GetHelpPageAsync (API) in 68ms
17:02:10 INFO  - Executed action GD.API.Controllers.Consumer.AdviseController.GetAdvisePageAsync (API) in 69ms
17:02:11 INFO  - Executed action GD.API.Controllers.Utility.HelpController.GetHelpPageAsync (API) in 66ms
17:02:12 INFO  - Executed action GD.API.Controllers.Consumer.AdviseController.GetAdvisePageAsync (API) in 66ms
17:02:14 INFO  - Executed action GD.API.Controllers.Utility.HelpController.GetHelpPageAsync (API) in 67ms
17:02:18 INFO  - Executed action GD.API.Controllers.System.MenuController.GetMenuTreeAsync (API) in 33ms
17:02:20 INFO  - Executed action GD.API.Controllers.System.UserController.GetRoleListAsync (API) in 29ms
17:02:20 INFO  - Executed action GD.API.Controllers.System.MenuController.GetMenuTree2Async (API) in 78ms
17:02:22 INFO  - Executed action GD.API.Controllers.System.MenuController.GetRoleMenuAsync (API) in 30ms
17:02:28 INFO  - Executed action GD.API.Controllers.System.MenuController.SaveRoleMenuAsync (API) in 78ms
17:02:30 INFO  - Executed action GD.API.Controllers.Utility.HelpController.GetHelpPageAsync (API) in 68ms
17:02:32 INFO  - Executed action GD.API.Controllers.System.UserController.GetLoginUserInfoAsync (API) in 178ms
17:02:33 INFO  - Executed action GD.API.Controllers.Utility.HelpController.GetHelpPageAsync (API) in 68ms
17:09:26 INFO  - Executed action GD.API.Controllers.System.HomeController.GetUserQtyAsync (API) in 79ms
17:09:26 INFO  - Executed action GD.API.Controllers.System.HomeController.GetDoctorsQtyAsync (API) in 88ms
17:09:26 INFO  - Executed action GD.API.Controllers.System.HomeController.GetOrderQtyAsync (API) in 113ms
17:09:26 INFO  - Executed action GD.API.Controllers.System.HomeController.GetMerchantQtyAsync (API) in 116ms
17:14:08 INFO  - Executed action GD.API.Controllers.Utility.AccountController.LoginAdmin (API) in 20ms
17:14:08 INFO  - Executed action GD.API.Controllers.System.UserController.GetLoginUserInfoAsync (API) in 175ms
17:14:08 INFO  - Executed action GD.API.Controllers.System.HomeController.GetUserQtyAsync (API) in 24ms
17:14:08 INFO  - Executed action GD.API.Controllers.System.HomeController.GetDoctorsQtyAsync (API) in 28ms
17:14:08 INFO  - Executed action GD.API.Controllers.System.HomeController.GetOrderQtyAsync (API) in 29ms
17:14:08 INFO  - Executed action GD.API.Controllers.System.HomeController.GetMerchantQtyAsync (API) in 25ms
17:14:15 INFO  - Executed action GD.API.Controllers.System.DictionaryController.GetMerchantDictionaryAsync (API) in 27ms
17:14:15 INFO  - Executed action GD.API.Controllers.Merchant.MerchantController.GetMerchantPageAsync (API) in 63ms
17:14:15 INFO  - Executed action GD.API.Controllers.Merchant.MerchantController.GetBusinessScopeListAsync (API) in 32ms
17:14:15 INFO  - Executed action GD.API.Controllers.Merchant.MerchantController.GetHospitalSelectAsync (API) in 21ms
17:14:20 INFO  - Executed action GD.API.Controllers.Merchant.MerchantController.GetReviewMerchantPageAsync (API) in 72ms
17:14:28 INFO  - Executed action GD.API.Controllers.Utility.AccountController.LoginAdmin (API) in 25ms
17:14:28 INFO  - Executed action GD.API.Controllers.System.UserController.GetLoginUserInfoAsync (API) in 154ms
17:14:31 INFO  - Executed action GD.API.Controllers.System.HomeController.GetOrderQtyAsync (API) in 27ms
17:14:31 INFO  - Executed action GD.API.Controllers.System.HomeController.GetUserQtyAsync (API) in 29ms
17:14:31 INFO  - Executed action GD.API.Controllers.System.HomeController.GetDoctorsQtyAsync (API) in 25ms
17:14:31 INFO  - Executed action GD.API.Controllers.System.HomeController.GetMerchantQtyAsync (API) in 24ms
17:14:35 INFO  - Executed action GD.API.Controllers.System.DictionaryController.GetMerchantDictionaryAsync (API) in 26ms
17:14:35 INFO  - Executed action GD.API.Controllers.Merchant.MerchantController.GetBusinessScopeListAsync (API) in 30ms
17:14:35 INFO  - Executed action GD.API.Controllers.Merchant.MerchantController.GetHospitalSelectAsync (API) in 21ms
17:14:35 INFO  - Executed action GD.API.Controllers.Merchant.MerchantController.GetMerchantPageAsync (API) in 54ms
17:14:40 INFO  - Executed action GD.API.Controllers.System.UserController.GetOrganizationTreeAsync (API) in 25ms
17:14:40 INFO  - Executed action GD.API.Controllers.System.UserController.GetOrganizationTreeAsync (API) in 32ms
17:14:42 INFO  - Executed action GD.API.Controllers.Utility.HelpController.GetHelpPageAsync (API) in 48ms
17:20:47 INFO  - Executed action GD.API.Controllers.Utility.AccountController.LoginAdmin (API) in 152ms
17:20:47 INFO  - Executed action GD.API.Controllers.System.UserController.GetLoginUserInfoAsync (API) in 179ms
17:20:48 INFO  - Executed action GD.API.Controllers.Utility.HelpController.GetHelpPageAsync (API) in 79ms
17:21:06 INFO  - Executed action GD.API.Controllers.System.MenuController.GetMenuTreeAsync (API) in 35ms
17:22:49 INFO  - Executed action GD.API.Controllers.System.UserController.GetLoginUserInfoAsync (API) in 198ms
17:22:51 INFO  - Executed action GD.API.Controllers.System.MenuController.GetMenuTreeAsync (API) in 40ms
17:23:40 INFO  - Executed action GD.API.Controllers.System.MenuController.AddMenuAsync (API) in 108ms
17:23:40 INFO  - Executed action GD.API.Controllers.System.MenuController.GetMenuTreeAsync (API) in 32ms
17:25:01 INFO  - Executed action GD.API.Controllers.System.MenuController.UpdateMenuAsync (API) in 66ms
17:25:01 INFO  - Executed action GD.API.Controllers.System.MenuController.GetMenuTreeAsync (API) in 35ms
17:25:34 INFO  - Executed action GD.API.Controllers.System.MenuController.AddMenuAsync (API) in 72ms
17:25:34 INFO  - Executed action GD.API.Controllers.System.MenuController.GetMenuTreeAsync (API) in 32ms
17:25:46 INFO  - Executed action GD.API.Controllers.System.MenuController.UpdateMenuAsync (API) in 55ms
17:25:46 INFO  - Executed action GD.API.Controllers.System.MenuController.GetMenuTreeAsync (API) in 38ms
17:25:52 INFO  - Executed action GD.API.Controllers.Utility.ArticleController.GetArticleTypeAsync (API) in 30ms
17:25:55 INFO  - Executed action GD.API.Controllers.Utility.ArticleController.GetArticleListAsync (API) in 144ms
17:26:18 INFO  - Executed action GD.API.Controllers.System.UserController.GetLoginUserInfoAsync (API) in 206ms
17:26:19 INFO  - Executed action GD.API.Controllers.Utility.ArticleController.GetArticleTypeAsync (API) in 29ms
17:26:21 INFO  - Executed action GD.API.Controllers.Utility.ArticleController.GetArticleListAsync (API) in 144ms
17:27:39 INFO  - Executed action GD.API.Controllers.System.UserController.GetLoginUserInfoAsync (API) in 184ms
17:28:20 INFO  - Executed action GD.API.Controllers.System.UserController.GetLoginUserInfoAsync (API) in 249ms
17:28:59 INFO  - Executed action GD.API.Controllers.System.UserController.GetLoginUserInfoAsync (API) in 1225ms
17:29:00 INFO  - Executed action GD.API.Controllers.Decoration.DecorationController.GetDecorationClassificationAsync (API) in 25ms
17:29:00 INFO  - Executed action GD.API.Controllers.Decoration.DecorationController.GetDecorationPageListAsync (API) in 61ms
17:29:03 INFO  - Executed action GD.API.Controllers.Decoration.DecorationController.GetRuleConfigAsync (API) in 78ms
17:29:42 INFO  - Executed action GD.API.Controllers.System.UserController.GetLoginUserInfoAsync (API) in 151ms
17:29:43 INFO  - Executed action GD.API.Controllers.Decoration.DecorationController.GetDecorationPageListAsync (API) in 66ms
17:29:43 INFO  - Executed action GD.API.Controllers.Decoration.DecorationController.GetDecorationClassificationAsync (API) in 115ms
17:29:44 INFO  - Executed action GD.API.Controllers.Decoration.DecorationController.GetRuleConfigAsync (API) in 92ms
17:29:53 INFO  - Executed action GD.API.Controllers.System.UserController.GetLoginUserInfoAsync (API) in 167ms
17:29:54 INFO  - Executed action GD.API.Controllers.Decoration.DecorationController.GetDecorationClassificationAsync (API) in 29ms
17:29:54 INFO  - Executed action GD.API.Controllers.Decoration.DecorationController.GetDecorationPageListAsync (API) in 50ms
17:29:55 INFO  - Executed action GD.API.Controllers.Decoration.DecorationController.GetRuleConfigAsync (API) in 50ms
17:30:32 INFO  - Bad request GD.API.Controllers.Decoration.DecorationController.CreateDecorationRecordAsync (API) with 名称必填
17:30:35 INFO  - Executed action GD.API.Controllers.Decoration.DecorationController.CreateDecorationRecordAsync (API) in 57ms
17:30:38 INFO  - Executed action GD.API.Controllers.Decoration.DecorationController.GetDecorationPageListAsync (API) in 64ms
17:30:42 INFO  - Executed action GD.API.Controllers.Decoration.DecorationController.GetDecorationPageListAsync (API) in 42ms
17:30:42 INFO  - Executed action GD.API.Controllers.Decoration.DecorationController.GetDecorationPageListAsync (API) in 49ms
17:30:42 INFO  - Executed action GD.API.Controllers.Decoration.DecorationController.GetDecorationPageListAsync (API) in 40ms
17:30:59 INFO  - Executed action GD.API.Controllers.System.MenuController.GetMenuTreeAsync (API) in 29ms
17:35:14 INFO  - Executed action GD.API.Controllers.System.MenuController.UpdateMenuAsync (API) in 149ms
17:35:14 INFO  - Executed action GD.API.Controllers.System.MenuController.GetMenuTreeAsync (API) in 38ms
17:35:29 INFO  - Executed action GD.API.Controllers.System.MenuController.UpdateMenuAsync (API) in 38ms
17:35:30 INFO  - Executed action GD.API.Controllers.System.MenuController.GetMenuTreeAsync (API) in 36ms
17:35:37 INFO  - Executed action GD.API.Controllers.System.UserController.GetLoginUserInfoAsync (API) in 139ms
17:35:37 INFO  - Executed action GD.API.Controllers.System.MenuController.GetMenuTreeAsync (API) in 30ms
17:35:42 INFO  - Executed action GD.API.Controllers.System.MenuController.GetMenuTreeAsync (API) in 26ms
17:35:44 INFO  - Executed action GD.API.Controllers.System.MenuController.GetMenuTreeAsync (API) in 29ms
17:35:45 INFO  - Executed action GD.API.Controllers.System.MenuController.GetMenuTreeAsync (API) in 27ms
17:35:46 INFO  - Executed action GD.API.Controllers.System.MenuController.GetMenuTreeAsync (API) in 25ms
17:35:46 INFO  - Executed action GD.API.Controllers.System.MenuController.GetMenuTreeAsync (API) in 27ms
17:36:18 INFO  - Executed action GD.API.Controllers.Utility.ArticleController.GetArticleTypeAsync (API) in 3787ms
17:36:19 INFO  - Executed action GD.API.Controllers.Utility.ArticleController.GetArticleListAsync (API) in 122ms
17:40:48 INFO  - Executed action GD.API.Controllers.System.UserController.GetOrganizationTreeAsync (API) in 26ms
17:40:48 INFO  - Executed action GD.API.Controllers.System.UserController.GetOrganizationTreeAsync (API) in 90ms
17:40:51 INFO  - Executed action GD.API.Controllers.System.UserController.GetOrganizationTreeAsync (API) in 26ms
17:40:51 INFO  - Executed action GD.API.Controllers.System.UserController.GetRoleListAsync (API) in 22ms
17:40:51 INFO  - Executed action GD.API.Controllers.System.UserController.GetAccountListAsync (API) in 72ms
17:40:54 INFO  - Executed action GD.API.Controllers.System.MenuController.GetMenuTreeAsync (API) in 33ms
17:41:04 INFO  - Executed action GD.API.Controllers.Doctor.DoctorController.GetReviewDoctorPageAsync (API) in 61ms
17:46:41 INFO  - Executed action GD.API.Controllers.System.UserController.GetLoginUserInfoAsync (API) in 193ms
17:46:42 INFO  - Executed action GD.API.Controllers.Doctor.DoctorController.GetReviewDoctorPageAsync (API) in 47ms
17:48:36 INFO  - Executed action GD.API.Controllers.Decoration.DecorationController.GetDecorationPageListAsync (API) in 47ms
17:48:36 INFO  - Executed action GD.API.Controllers.Decoration.DecorationController.GetDecorationClassificationAsync (API) in 71ms
17:48:40 INFO  - Executed action GD.API.Controllers.System.UserController.GetLoginUserInfoAsync (API) in 145ms
17:48:40 INFO  - Executed action GD.API.Controllers.Decoration.DecorationController.GetDecorationClassificationAsync (API) in 46ms
17:48:40 INFO  - Executed action GD.API.Controllers.Decoration.DecorationController.GetDecorationPageListAsync (API) in 55ms
17:49:13 INFO  - Executed action GD.API.Controllers.System.UserController.GetLoginUserInfoAsync (API) in 143ms
17:49:13 INFO  - Executed action GD.API.Controllers.Decoration.DecorationController.GetDecorationClassificationAsync (API) in 23ms
17:49:13 INFO  - Executed action GD.API.Controllers.Decoration.DecorationController.GetDecorationPageListAsync (API) in 48ms
17:49:20 INFO  - Executed action GD.API.Controllers.Decoration.DecorationController.GetDecorationPageListAsync (API) in 46ms
17:49:57 INFO  - Executed action GD.API.Controllers.System.UserController.GetLoginUserInfoAsync (API) in 149ms
17:49:57 INFO  - Executed action GD.API.Controllers.Decoration.DecorationController.GetDecorationClassificationAsync (API) in 21ms
17:49:57 INFO  - Executed action GD.API.Controllers.Decoration.DecorationController.GetDecorationPageListAsync (API) in 44ms
17:51:31 INFO  - Executed action GD.API.Controllers.System.UserController.GetLoginUserInfoAsync (API) in 144ms
17:52:06 INFO  - Executed action GD.API.Controllers.System.UserController.GetLoginUserInfoAsync (API) in 145ms
17:52:08 INFO  - Executed action GD.API.Controllers.System.UserController.GetLoginUserInfoAsync (API) in 149ms
17:52:08 INFO  - Executed action GD.API.Controllers.System.HomeController.GetUserQtyAsync (API) in 71ms
17:52:08 INFO  - Executed action GD.API.Controllers.System.HomeController.GetMerchantQtyAsync (API) in 71ms
17:52:08 INFO  - Executed action GD.API.Controllers.System.HomeController.GetOrderQtyAsync (API) in 76ms
17:52:08 INFO  - Executed action GD.API.Controllers.System.HomeController.GetDoctorsQtyAsync (API) in 106ms
17:52:18 INFO  - Executed action GD.API.Controllers.System.UserController.GetLoginUserInfoAsync (API) in 128ms
17:52:18 INFO  - Executed action GD.API.Controllers.System.HomeController.GetDoctorsQtyAsync (API) in 25ms
17:52:18 INFO  - Executed action GD.API.Controllers.System.HomeController.GetOrderQtyAsync (API) in 31ms
17:52:18 INFO  - Executed action GD.API.Controllers.System.HomeController.GetMerchantQtyAsync (API) in 19ms
17:52:18 INFO  - Executed action GD.API.Controllers.System.HomeController.GetUserQtyAsync (API) in 17ms
17:52:27 INFO  - Executed action GD.API.Controllers.System.MenuController.GetMenuTreeAsync (API) in 25ms
17:53:14 INFO  - Executed action GD.API.Controllers.System.MenuController.AddMenuAsync (API) in 83ms
17:53:14 INFO  - Executed action GD.API.Controllers.System.MenuController.GetMenuTreeAsync (API) in 25ms
18:00:19 INFO  - Executed action GD.API.Controllers.System.MenuController.GetMenuTreeAsync (API) in 87ms
18:01:10 INFO  - Executed action GD.API.Controllers.System.MenuController.UpdateMenuAsync (API) in 41ms
18:01:10 INFO  - Executed action GD.API.Controllers.System.MenuController.GetMenuTreeAsync (API) in 37ms
18:01:23 INFO  - Executed action GD.API.Controllers.System.MenuController.UpdateMenuAsync (API) in 47ms
18:01:23 INFO  - Executed action GD.API.Controllers.System.MenuController.GetMenuTreeAsync (API) in 25ms
18:02:44 INFO  - Executed action GD.API.Controllers.System.MenuController.AddMenuAsync (API) in 51ms
18:02:44 INFO  - Executed action GD.API.Controllers.System.MenuController.GetMenuTreeAsync (API) in 33ms
18:03:07 INFO  - Executed action GD.API.Controllers.System.MenuController.UpdateMenuAsync (API) in 40ms
18:03:07 INFO  - Executed action GD.API.Controllers.System.MenuController.GetMenuTreeAsync (API) in 29ms
18:03:24 INFO  - Executed action GD.API.Controllers.System.MenuController.UpdateMenuAsync (API) in 55ms
18:03:24 INFO  - Executed action GD.API.Controllers.System.MenuController.GetMenuTreeAsync (API) in 28ms
18:03:40 INFO  - Executed action GD.API.Controllers.System.MenuController.UpdateMenuAsync (API) in 41ms
18:03:41 INFO  - Executed action GD.API.Controllers.System.MenuController.GetMenuTreeAsync (API) in 26ms
18:03:53 INFO  - Executed action GD.API.Controllers.System.MenuController.DeleteMenuAsync (API) in 28ms
18:03:53 INFO  - Executed action GD.API.Controllers.System.MenuController.GetMenuTreeAsync (API) in 31ms
18:03:57 INFO  - Executed action GD.API.Controllers.System.UserController.GetLoginUserInfoAsync (API) in 135ms
18:03:58 INFO  - Executed action GD.API.Controllers.System.MenuController.GetMenuTreeAsync (API) in 86ms
18:04:05 INFO  - Executed action GD.API.Controllers.Decoration.DecorationController.GetDecorationClassificationAsync (API) in 22ms
18:04:05 INFO  - Executed action GD.API.Controllers.Decoration.DecorationController.GetDecorationPageListAsync (API) in 82ms
18:04:08 INFO  - Executed action GD.API.Controllers.System.BannerController.GetBannerType1 (API) in 43ms
18:04:08 INFO  - Executed action GD.API.Controllers.System.BannerController.GetBannerPageAsync (API) in 88ms
18:04:10 INFO  - Executed action GD.API.Controllers.Decoration.DecorationController.GetDecorationPageListAsync (API) in 44ms
18:04:15 INFO  - Executed action GD.API.Controllers.System.BannerController.GetBannerType1 (API) in 35ms
18:04:15 INFO  - Executed action GD.API.Controllers.System.BannerController.GetBannerPageAsync (API) in 81ms
18:04:28 INFO  - Executed action GD.API.Controllers.System.UserController.GetLoginUserInfoAsync (API) in 115ms
18:04:29 INFO  - Executed action GD.API.Controllers.System.BannerController.GetBannerType1 (API) in 32ms
18:04:29 INFO  - Executed action GD.API.Controllers.System.BannerController.GetBannerPageAsync (API) in 69ms
18:04:45 INFO  - Executed action GD.API.Controllers.System.UserController.GetLoginUserInfoAsync (API) in 142ms
18:04:46 INFO  - Executed action GD.API.Controllers.System.BannerController.GetBannerType1 (API) in 35ms
18:04:46 INFO  - Executed action GD.API.Controllers.System.BannerController.GetBannerPageAsync (API) in 79ms
18:05:12 INFO  - Executed action GD.API.Controllers.Decoration.DecorationController.GetDecorationClassificationAsync (API) in 18ms
18:05:12 INFO  - Executed action GD.API.Controllers.Decoration.DecorationController.GetDecorationPageListAsync (API) in 53ms
18:05:14 INFO  - Executed action GD.API.Controllers.System.BannerController.GetBannerType1 (API) in 34ms
18:05:14 INFO  - Executed action GD.API.Controllers.System.BannerController.GetBannerPageAsync (API) in 69ms
18:07:13 INFO  - Executed action GD.API.Controllers.Doctor.DoctorController.GetReviewDoctorPageAsync (API) in 53ms
18:07:15 INFO  - Executed action GD.API.Controllers.Decoration.DecorationController.GetDecorationPageListAsync (API) in 40ms
18:07:19 INFO  - Executed action GD.API.Controllers.Decoration.DecorationController.GetDecorationPageListAsync (API) in 40ms
18:07:20 INFO  - Executed action GD.API.Controllers.System.BannerController.GetBannerType1 (API) in 46ms
18:07:20 INFO  - Executed action GD.API.Controllers.System.BannerController.GetBannerPageAsync (API) in 75ms
18:07:22 INFO  - Executed action GD.API.Controllers.Decoration.DecorationController.GetDecorationPageListAsync (API) in 42ms
18:07:27 INFO  - Executed action GD.API.Controllers.Decoration.DecorationController.GetDecorationPageListAsync (API) in 81ms
18:07:29 INFO  - Executed action GD.API.Controllers.System.BannerController.GetBannerType1 (API) in 39ms
18:07:29 INFO  - Executed action GD.API.Controllers.System.BannerController.GetBannerPageAsync (API) in 85ms
18:08:00 INFO  - Executed action GD.API.Controllers.System.UserController.GetRoleListAsync (API) in 74ms
18:08:00 INFO  - Executed action GD.API.Controllers.System.UserController.GetOrganizationTreeAsync (API) in 82ms
18:08:01 INFO  - Executed action GD.API.Controllers.System.UserController.GetAccountListAsync (API) in 381ms
