09:50:12 INFO  - Executed action GD.API.Controllers.System.UserController.GetLoginUserInfoAsync (API) in 329ms
09:50:13 INFO  - Executed action GD.API.Controllers.Report.CommonReportController.GetConditionListAsync (API) in 48ms
09:50:13 INFO  - Executed action GD.API.Controllers.Report.CommonReportController.GetConditionListAsync (API) in 171ms
10:53:22 INFO  - Executed action GD.API.Controllers.Merchant.MerchantController.GetMerchantSelectAsync (API) in 239ms
10:53:22 INFO  - Executed action GD.API.Controllers.Mall.ProductController.ProductCenterAsync (API) in 301ms
10:54:49 INFO  - Executed action GD.API.Controllers.Merchant.MerchantController.GetMerchantSelectAsync (API) in 104ms
10:54:49 INFO  - Executed action GD.API.Controllers.Mall.ProductController.ProductCenterAsync (API) in 223ms
10:55:44 INFO  - Executed action GD.API.Controllers.Merchant.MerchantController.GetMerchantSelectAsync (API) in 35ms
10:55:44 INFO  - Executed action GD.API.Controllers.Mall.ProductController.ProductCenterAsync (API) in 83ms
10:56:06 INFO  - Executed action GD.API.Controllers.Merchant.MerchantController.GetMerchantSelectAsync (API) in 27ms
10:56:06 INFO  - Executed action GD.API.Controllers.Mall.ProductController.ProductCenterAsync (API) in 109ms
11:05:49 INFO  - Executed action GD.API.Controllers.Merchant.MerchantController.GetMerchantSelectAsync (API) in 273ms
11:05:49 INFO  - Executed action GD.API.Controllers.Mall.ProductController.ProductCenterAsync (API) in 301ms
11:05:55 INFO  - Executed action GD.API.Controllers.System.UserController.GetLoginUserInfoAsync (API) in 281ms
11:05:55 INFO  - Executed action GD.API.Controllers.Merchant.MerchantController.GetMerchantSelectAsync (API) in 44ms
11:05:56 INFO  - Executed action GD.API.Controllers.Mall.ProductController.ProductCenterAsync (API) in 63ms
11:06:53 INFO  - Executed action GD.API.Controllers.Merchant.MerchantController.GetMerchantSelectAsync (API) in 77ms
11:06:53 INFO  - Executed action GD.API.Controllers.Mall.ProductController.ProductCenterAsync (API) in 692ms
11:09:20 INFO  - Executed action GD.API.Controllers.Merchant.MerchantController.GetMerchantSelectAsync (API) in 36ms
11:09:21 INFO  - Executed action GD.API.Controllers.Mall.ProductController.ProductCenterAsync (API) in 65ms
16:20:32 INFO  - Executed action GD.API.Controllers.System.UserController.GetLoginUserInfoAsync (API) in 625ms
16:20:33 INFO  - Executed action GD.API.Controllers.Merchant.MerchantController.GetMerchantSelectAsync (API) in 64ms
16:20:33 INFO  - Executed action GD.API.Controllers.Mall.ProductController.ProductCenterAsync (API) in 231ms
16:21:15 INFO  - Executed action GD.API.Controllers.System.UserController.GetLoginUserInfoAsync (API) in 390ms
16:21:16 INFO  - Executed action GD.API.Controllers.Merchant.MerchantController.GetMerchantSelectAsync (API) in 218ms
16:21:16 INFO  - Executed action GD.API.Controllers.Mall.ProductController.ProductCenterAsync (API) in 329ms
16:21:23 INFO  - Executed action GD.API.Controllers.Mall.ProductController.UpdateOnlieCategory (API) in 219ms
16:21:24 INFO  - Executed action GD.API.Controllers.Mall.ProductController.UpdateOnlieCategory (API) in 59ms
16:42:19 INFO  - Executed action GD.API.Controllers.System.UserController.GetLoginUserInfoAsync (API) in 384ms
16:42:20 INFO  - Executed action GD.API.Controllers.Merchant.MerchantController.GetMerchantSelectAsync (API) in 48ms
16:42:21 INFO  - Executed action GD.API.Controllers.Mall.ProductController.ProductCenterAsync (API) in 457ms
16:50:50 INFO  - Executed action GD.API.Controllers.System.UserController.GetLoginUserInfoAsync (API) in 7675ms
16:52:00 INFO  - Executed action GD.API.Controllers.System.UserController.GetLoginUserInfoAsync (API) in 178ms
16:52:00 INFO  - Executed action GD.API.Controllers.System.HomeController.GetOrderQtyAsync (API) in 333ms
16:52:01 INFO  - Executed action GD.API.Controllers.System.HomeController.GetUserQtyAsync (API) in 400ms
16:52:01 INFO  - Executed action GD.API.Controllers.System.HomeController.GetDoctorsQtyAsync (API) in 408ms
16:52:01 INFO  - Executed action GD.API.Controllers.System.HomeController.GetMerchantQtyAsync (API) in 517ms
16:52:41 INFO  - Executed action GD.API.Controllers.System.UserController.GetLoginUserInfoAsync (API) in 253ms
16:52:41 INFO  - Executed action GD.API.Controllers.System.HomeController.GetMerchantQtyAsync (API) in 25ms
16:52:41 INFO  - Executed action GD.API.Controllers.System.HomeController.GetDoctorsQtyAsync (API) in 37ms
16:52:41 INFO  - Executed action GD.API.Controllers.System.HomeController.GetOrderQtyAsync (API) in 25ms
16:52:41 INFO  - Executed action GD.API.Controllers.System.HomeController.GetUserQtyAsync (API) in 47ms
16:52:44 INFO  - Executed action GD.API.Controllers.Merchant.MerchantController.GetMerchantSelectAsync (API) in 28ms
16:52:44 INFO  - Executed action GD.API.Controllers.Mall.ProductController.ProductCenterAsync (API) in 51ms
17:06:02 INFO  - Executed action GD.API.Controllers.System.UserController.GetLoginUserInfoAsync (API) in 313ms
17:06:03 INFO  - Executed action GD.API.Controllers.Merchant.MerchantController.GetMerchantSelectAsync (API) in 33ms
17:06:04 INFO  - Executed action GD.API.Controllers.Mall.ProductController.ProductCenterAsync (API) in 157ms
17:12:56 INFO  - Executed action GD.API.Controllers.Utility.AccountController.LoginAdmin (API) in 209ms
17:12:57 INFO  - Executed action GD.API.Controllers.System.UserController.GetLoginUserInfoAsync (API) in 194ms
17:12:57 INFO  - Executed action GD.API.Controllers.System.HomeController.GetUserQtyAsync (API) in 27ms
17:12:58 INFO  - Executed action GD.API.Controllers.System.HomeController.GetOrderQtyAsync (API) in 17ms
17:12:58 INFO  - Executed action GD.API.Controllers.System.HomeController.GetMerchantQtyAsync (API) in 179ms
17:12:58 INFO  - Executed action GD.API.Controllers.System.HomeController.GetDoctorsQtyAsync (API) in 19ms
17:13:02 INFO  - Executed action GD.API.Controllers.Merchant.MerchantController.GetMerchantSelectAsync (API) in 49ms
17:13:02 INFO  - Executed action GD.API.Controllers.Mall.ProductController.ProductCenterAsync (API) in 105ms
17:13:56 INFO  - Executed action GD.API.Controllers.System.UserController.GetLoginUserInfoAsync (API) in 224ms
17:13:57 INFO  - Executed action GD.API.Controllers.Merchant.MerchantController.GetMerchantSelectAsync (API) in 26ms
17:13:57 INFO  - Executed action GD.API.Controllers.Mall.ProductController.ProductCenterAsync (API) in 59ms
17:16:39 INFO  - Executed action GD.API.Controllers.System.UserController.GetLoginUserInfoAsync (API) in 200ms
17:16:39 INFO  - Executed action GD.API.Controllers.Merchant.MerchantController.GetMerchantSelectAsync (API) in 90ms
17:16:40 INFO  - Executed action GD.API.Controllers.Mall.ProductController.ProductCenterAsync (API) in 114ms
17:25:10 INFO  - Executed action GD.API.Controllers.System.UserController.GetLoginUserInfoAsync (API) in 340ms
17:25:11 INFO  - Executed action GD.API.Controllers.Mall.ProductController.ProductCenterAsync (API) in 79ms
17:25:11 INFO  - Executed action GD.API.Controllers.Merchant.MerchantController.GetMerchantSelectAsync (API) in 137ms
17:25:35 INFO  - Executed action GD.API.Controllers.System.UserController.GetLoginUserInfoAsync (API) in 217ms
17:25:36 INFO  - Executed action GD.API.Controllers.Merchant.MerchantController.GetMerchantSelectAsync (API) in 20ms
17:25:36 INFO  - Executed action GD.API.Controllers.Mall.ProductController.ProductCenterAsync (API) in 62ms
17:30:22 INFO  - Executed action GD.API.Controllers.System.UserController.GetLoginUserInfoAsync (API) in 330ms
17:30:23 INFO  - Executed action GD.API.Controllers.Mall.ProductController.ProductCenterAsync (API) in 92ms
17:30:23 INFO  - Executed action GD.API.Controllers.Merchant.MerchantController.GetMerchantSelectAsync (API) in 150ms
17:59:38 INFO  - Executed action GD.API.Controllers.System.UserController.GetLoginUserInfoAsync (API) in 3413ms
17:59:44 INFO  - Executed action GD.API.Controllers.System.UserController.GetLoginUserInfoAsync (API) in 325ms
17:59:44 INFO  - Executed action GD.API.Controllers.System.HomeController.GetUserQtyAsync (API) in 95ms
17:59:45 INFO  - Executed action GD.API.Controllers.System.HomeController.GetDoctorsQtyAsync (API) in 87ms
17:59:45 INFO  - Executed action GD.API.Controllers.System.HomeController.GetMerchantQtyAsync (API) in 149ms
17:59:45 INFO  - Executed action GD.API.Controllers.System.HomeController.GetOrderQtyAsync (API) in 32ms
18:00:13 INFO  - Executed action GD.API.Controllers.System.UserController.GetLoginUserInfoAsync (API) in 309ms
18:00:13 INFO  - Executed action GD.API.Controllers.System.HomeController.GetMerchantQtyAsync (API) in 27ms
18:00:13 INFO  - Executed action GD.API.Controllers.System.HomeController.GetOrderQtyAsync (API) in 36ms
18:00:13 INFO  - Executed action GD.API.Controllers.System.HomeController.GetUserQtyAsync (API) in 27ms
18:00:13 INFO  - Executed action GD.API.Controllers.System.HomeController.GetDoctorsQtyAsync (API) in 31ms
18:00:17 INFO  - Executed action GD.API.Controllers.Merchant.MerchantController.GetMerchantSelectAsync (API) in 37ms
18:00:17 INFO  - Executed action GD.API.Controllers.Mall.ProductController.ProductCenterAsync (API) in 97ms
18:00:37 INFO  - Executed action GD.API.Controllers.System.UserController.GetLoginUserInfoAsync (API) in 229ms
18:00:37 INFO  - Executed action GD.API.Controllers.Merchant.MerchantController.GetMerchantSelectAsync (API) in 23ms
18:00:37 INFO  - Executed action GD.API.Controllers.Mall.ProductController.ProductCenterAsync (API) in 64ms
18:01:12 INFO  - Executed action GD.API.Controllers.System.UserController.GetLoginUserInfoAsync (API) in 274ms
18:01:13 INFO  - Executed action GD.API.Controllers.Merchant.MerchantController.GetMerchantSelectAsync (API) in 20ms
18:01:13 INFO  - Executed action GD.API.Controllers.Mall.ProductController.ProductCenterAsync (API) in 89ms
18:02:44 INFO  - Executed action GD.API.Controllers.System.UserController.GetLoginUserInfoAsync (API) in 229ms
18:02:45 INFO  - Executed action GD.API.Controllers.Merchant.MerchantController.GetMerchantSelectAsync (API) in 32ms
18:02:45 INFO  - Executed action GD.API.Controllers.Mall.ProductController.ProductCenterAsync (API) in 69ms
18:04:26 INFO  - Executed action GD.API.Controllers.System.UserController.GetLoginUserInfoAsync (API) in 231ms
18:04:26 INFO  - Executed action GD.API.Controllers.Merchant.MerchantController.GetMerchantSelectAsync (API) in 33ms
18:04:26 INFO  - Executed action GD.API.Controllers.Mall.ProductController.ProductCenterAsync (API) in 58ms
18:06:19 INFO  - Executed action GD.API.Controllers.System.UserController.GetLoginUserInfoAsync (API) in 531ms
18:06:20 INFO  - Executed action GD.API.Controllers.Merchant.MerchantController.GetMerchantSelectAsync (API) in 21ms
18:06:20 INFO  - Executed action GD.API.Controllers.Mall.ProductController.ProductCenterAsync (API) in 135ms
18:12:46 INFO  - Executed action GD.API.Controllers.System.UserController.GetLoginUserInfoAsync (API) in 262ms
18:12:46 INFO  - Executed action GD.API.Controllers.Mall.ProductController.ProductCenterAsync (API) in 80ms
18:12:46 INFO  - Executed action GD.API.Controllers.Merchant.MerchantController.GetMerchantSelectAsync (API) in 153ms
18:13:15 INFO  - Executed action GD.API.Controllers.System.UserController.GetLoginUserInfoAsync (API) in 204ms
18:13:16 INFO  - Executed action GD.API.Controllers.Merchant.MerchantController.GetMerchantSelectAsync (API) in 27ms
18:13:16 INFO  - Executed action GD.API.Controllers.Mall.ProductController.ProductCenterAsync (API) in 65ms
