11:07:07 INFO  - Executed action GD.API.Controllers.System.UserController.GetLoginUserInfoAsync (API) in 3710ms
11:07:07 INFO  - Executed action GD.API.Controllers.System.HomeController.GetOrderQtyAsync (API) in 88ms
11:07:07 INFO  - Executed action GD.API.Controllers.System.HomeController.GetMerchantQtyAsync (API) in 74ms
11:07:07 INFO  - Executed action GD.API.Controllers.System.HomeController.GetDoctorsQtyAsync (API) in 241ms
11:07:08 INFO  - Executed action GD.API.Controllers.System.HomeController.GetUserQtyAsync (API) in 199ms
11:07:20 INFO  - Executed action GD.API.Controllers.System.MenuController.GetMenuTreeAsync (API) in 39ms
11:07:59 INFO  - Executed action GD.API.Controllers.System.MenuController.AddMenuAsync (API) in 163ms
11:07:59 INFO  - Executed action GD.API.Controllers.System.MenuController.GetMenuTreeAsync (API) in 36ms
11:08:47 INFO  - Executed action GD.API.Controllers.System.MenuController.AddMenuAsync (API) in 70ms
11:08:47 INFO  - Executed action GD.API.Controllers.System.MenuController.GetMenuTreeAsync (API) in 43ms
11:09:27 INFO  - Executed action GD.API.Controllers.System.MenuController.AddMenuAsync (API) in 71ms
11:09:27 INFO  - Executed action GD.API.Controllers.System.MenuController.GetMenuTreeAsync (API) in 38ms
11:09:55 INFO  - Executed action GD.API.Controllers.System.MenuController.AddMenuAsync (API) in 66ms
11:09:56 INFO  - Executed action GD.API.Controllers.System.MenuController.GetMenuTreeAsync (API) in 56ms
11:10:42 INFO  - Executed action GD.API.Controllers.System.MenuController.AddMenuAsync (API) in 67ms
11:10:42 INFO  - Executed action GD.API.Controllers.System.MenuController.GetMenuTreeAsync (API) in 39ms
11:10:45 INFO  - Executed action GD.API.Controllers.System.UserController.GetLoginUserInfoAsync (API) in 276ms
11:10:45 INFO  - Executed action GD.API.Controllers.System.MenuController.GetMenuTreeAsync (API) in 47ms
11:11:26 INFO  - Executed action GD.API.Controllers.System.UserController.GetLoginUserInfoAsync (API) in 302ms
11:11:39 INFO  - Executed action GD.API.Controllers.System.UserController.GetLoginUserInfoAsync (API) in 231ms
11:12:02 INFO  - Executed action GD.API.Controllers.System.MenuController.GetMenuTreeAsync (API) in 59ms
11:12:37 INFO  - Executed action GD.API.Controllers.System.MenuController.UpdateMenuAsync (API) in 89ms
11:12:38 INFO  - Executed action GD.API.Controllers.System.MenuController.GetMenuTreeAsync (API) in 37ms
11:12:55 INFO  - Executed action GD.API.Controllers.System.MenuController.UpdateMenuAsync (API) in 56ms
11:12:55 INFO  - Executed action GD.API.Controllers.System.MenuController.GetMenuTreeAsync (API) in 62ms
11:13:18 INFO  - Executed action GD.API.Controllers.System.MenuController.UpdateMenuAsync (API) in 71ms
11:13:18 INFO  - Executed action GD.API.Controllers.System.MenuController.GetMenuTreeAsync (API) in 48ms
11:13:28 INFO  - Executed action GD.API.Controllers.System.MenuController.UpdateMenuAsync (API) in 130ms
11:13:29 INFO  - Executed action GD.API.Controllers.System.MenuController.GetMenuTreeAsync (API) in 40ms
11:13:39 INFO  - Executed action GD.API.Controllers.System.MenuController.UpdateMenuAsync (API) in 112ms
11:13:40 INFO  - Executed action GD.API.Controllers.System.MenuController.GetMenuTreeAsync (API) in 43ms
11:13:47 INFO  - Executed action GD.API.Controllers.System.UserController.GetLoginUserInfoAsync (API) in 233ms
11:13:47 INFO  - Executed action GD.API.Controllers.System.MenuController.GetMenuTreeAsync (API) in 37ms
17:06:30 INFO  - Executed action GD.API.Controllers.Utility.AccountController.LoginAdmin (API) in 222ms
17:06:30 INFO  - Executed action GD.API.Controllers.System.UserController.GetLoginUserInfoAsync (API) in 236ms
17:06:30 INFO  - Executed action GD.API.Controllers.Decoration.DecorationController.GetDecorationPageListAsync (API) in 90ms
17:06:30 INFO  - Executed action GD.API.Controllers.Decoration.DecorationController.GetDecorationClassificationAsync (API) in 179ms
17:06:37 INFO  - Executed action GD.API.Controllers.Decoration.DecorationController.GetDecorationPageListAsync (API) in 67ms
17:13:38 INFO  - Executed action GD.API.Controllers.Decoration.DecorationController.GetDecorationDetailsAsync (API) in 240ms
17:13:41 INFO  - Executed action GD.API.Controllers.Mall.OrderController.GetMerchantOrderPageListAsync (API) in 62ms
17:13:44 INFO  - Executed action GD.API.Controllers.Mall.ProductController.ProductCenterAsync (API) in 64ms
17:13:44 INFO  - Executed action GD.API.Controllers.Merchant.MerchantController.GetMerchantSelectAsync (API) in 155ms
17:13:47 INFO  - Executed action GD.API.Controllers.Decoration.DecorationController.GetDecorationPageListAsync (API) in 79ms
17:13:48 INFO  - Executed action GD.API.Controllers.Merchant.MerchantController.GetMerchantSelectAsync (API) in 39ms
17:13:48 INFO  - Executed action GD.API.Controllers.Mall.ProductController.ProductCenterAsync (API) in 64ms
17:13:52 INFO  - Executed action GD.API.Controllers.Doctor.HospitalController.GetHospitalLevel (API) in 10ms
17:13:52 INFO  - Executed action GD.API.Controllers.Doctor.HospitalController.GetHospitalPageAsync (API) in 69ms
17:13:54 INFO  - Executed action GD.API.Controllers.Doctor.HospitalController.GetHospitalInfoAsync (API) in 91ms
17:36:51 INFO  - Executed action GD.API.Controllers.Decoration.DecorationController.GetDecorationPageListAsync (API) in 947ms
17:36:54 INFO  - Executed action GD.API.Controllers.Decoration.DecorationController.DisableEnableDecorationAsync (API) in 198ms
17:38:28 INFO  - Executed action GD.API.Controllers.Decoration.DecorationController.GetDecorationPageListAsync (API) in 1424ms
17:38:30 INFO  - Executed action GD.API.Controllers.Decoration.DecorationController.DisableEnableDecorationAsync (API) in 192ms
17:38:53 INFO  - Executed action GD.API.Controllers.System.UserController.GetLoginUserInfoAsync (API) in 718ms
17:38:54 INFO  - Executed action GD.API.Controllers.Decoration.DecorationController.GetDecorationPageListAsync (API) in 69ms
17:38:54 INFO  - Executed action GD.API.Controllers.Decoration.DecorationController.GetDecorationClassificationAsync (API) in 117ms
17:38:55 INFO  - Executed action GD.API.Controllers.Decoration.DecorationController.GetDecorationPageListAsync (API) in 42ms
17:38:56 INFO  - Executed action GD.API.Controllers.Decoration.DecorationController.DisableEnableDecorationAsync (API) in 99ms
17:38:57 INFO  - Executed action GD.API.Controllers.Decoration.DecorationController.DisableEnableDecorationAsync (API) in 46ms
17:38:58 INFO  - Executed action GD.API.Controllers.Decoration.DecorationController.DisableEnableDecorationAsync (API) in 39ms
17:38:59 INFO  - Executed action GD.API.Controllers.Decoration.DecorationController.DisableEnableDecorationAsync (API) in 49ms
17:44:43 INFO  - Executed action GD.API.Controllers.Decoration.DecorationController.GetDecorationPageListAsync (API) in 209ms
17:55:41 INFO  - Executed action GD.API.Controllers.Doctor.HospitalController.GetHospitalLevel (API) in 10ms
17:55:41 INFO  - Executed action GD.API.Controllers.Doctor.HospitalController.GetHospitalPageAsync (API) in 207ms
17:55:43 INFO  - Executed action GD.API.Controllers.Doctor.HospitalController.GetHospitalInfoAsync (API) in 138ms
17:55:50 INFO  - Executed action GD.API.Controllers.Doctor.HospitalController.GetFirstOfficeListAsync (API) in 99ms
17:55:50 INFO  - Executed action GD.API.Controllers.Doctor.HospitalController.GetOfficeListAsync (API) in 220ms
17:55:51 INFO  - Executed action GD.API.Controllers.System.AccessoryController.GetAcessoryUrlAsync (API) in 29ms
