10:20:14 INFO  - Executed action GD.API.Controllers.Utility.AccountController.LoginAdmin (API) in 114ms
10:20:14 INFO  - Executed action GD.API.Controllers.System.UserController.GetLoginUserInfoAsync (API) in 221ms
10:20:15 INFO  - Executed action GD.API.Controllers.System.HomeController.GetUserQtyAsync (API) in 27ms
10:20:15 INFO  - Executed action GD.API.Controllers.System.HomeController.GetMerchantQtyAsync (API) in 91ms
10:20:15 INFO  - Executed action GD.API.Controllers.System.HomeController.GetDoctorsQtyAsync (API) in 49ms
10:20:15 INFO  - Executed action GD.API.Controllers.System.HomeController.GetOrderQtyAsync (API) in 89ms
10:20:30 INFO  - Executed action GD.API.Controllers.Doctor.DoctorController.GetReviewDoctorPageAsync (API) in 86ms
10:20:36 INFO  - Executed action GD.API.Controllers.Utility.ArticleController.GetArticleTypeAsync (API) in 31ms
10:20:37 INFO  - Executed action GD.API.Controllers.Utility.ArticleController.GetArticleListAsync (API) in 134ms
10:20:45 INFO  - Executed action GD.API.Controllers.System.DictionaryController.GetDictionaryTreeTypeAsync (API) in 32ms
10:20:45 INFO  - Executed action GD.API.Controllers.System.DictionaryController.GetDictionaryMatedata (API) in 32ms
10:20:45 INFO  - Executed action GD.API.Controllers.System.DictionaryController.GetDictionaryTreeAsync (API) in 65ms
10:21:13 INFO  - Executed action GD.API.Controllers.Report.CommonReportController.GetReportListAsync (API) in 93ms
10:21:16 INFO  - Executed action GD.API.Controllers.Report.CommonReportController.GetConditionListByIDAsync (API) in 28ms
10:21:16 INFO  - Executed action GD.API.Controllers.Report.CommonReportController.GetConditionListByIDAsync (API) in 30ms
10:21:29 INFO  - Executed action GD.API.Controllers.Report.CommonReportController.GetReportListAsync (API) in 49ms
10:21:33 INFO  - Executed action GD.API.Controllers.Report.CommonReportController.GetConditionListByIDAsync (API) in 23ms
10:21:33 INFO  - Executed action GD.API.Controllers.Report.CommonReportController.GetConditionListByIDAsync (API) in 23ms
10:21:33 INFO  - Executed action GD.API.Controllers.Report.CommonReportController.GetOneReport (API) in 43ms
10:21:40 INFO  - Executed action GD.API.Controllers.System.UserController.GetLoginUserInfoAsync (API) in 198ms
10:21:40 INFO  - Executed action GD.API.Controllers.Report.CommonReportController.GetReportListAsync (API) in 55ms
10:21:41 INFO  - Executed action GD.API.Controllers.Report.CommonReportController.GetConditionListByIDAsync (API) in 23ms
10:21:41 INFO  - Executed action GD.API.Controllers.Report.CommonReportController.GetConditionListByIDAsync (API) in 28ms
10:21:42 INFO  - Executed action GD.API.Controllers.Report.CommonReportController.GetOneReport (API) in 28ms
