11:58:33 INFO  - Executed action GD.API.Controllers.Health.HealthIndicatorController.GetHealthIndicatorList (API) in 371ms
11:58:34 INFO  - Executed action GD.API.Controllers.Health.HealthInformationController.GetHealthInformationAsync (API) in 129ms
11:58:35 INFO  - Executed action GD.API.Controllers.Health.HealthIndicatorController.GetHealthIndicatorList (API) in 281ms
11:58:36 INFO  - Executed action GD.API.Controllers.Health.HealthIndicatorController.GetHealthIndicatorDetails (API) in 33ms
15:36:08 INFO  - Executed action GD.API.Controllers.Utility.AccountController.LoginAdmin (API) in 119ms
15:36:09 INFO  - Executed action GD.API.Controllers.System.UserController.GetLoginUserInfoAsync (API) in 255ms
15:36:09 INFO  - Executed action GD.API.Controllers.Health.HealthController.GetConsumersPageList (API) in 95ms
15:36:09 INFO  - Executed action GD.API.Controllers.Health.HealthInformationController.GetHealthInfoBasicDataAsync (API) in 146ms
15:36:09 INFO  - Executed action GD.API.Controllers.Health.HealthController.GetConsumersPageList (API) in 87ms
15:36:09 INFO  - Executed action GD.API.Controllers.Health.HealthController.GetConsumersPageList (API) in 86ms
15:36:10 INFO  - Executed action GD.API.Controllers.Health.HealthController.GetConsumersPageList (API) in 84ms
15:39:51 INFO  - Executed action GD.API.Controllers.Health.HealthInformationController.GetHealthInfoBasicDataAsync (API) in 1071ms
15:40:04 INFO  - Executed action GD.API.Controllers.System.UserController.GetLoginUserInfoAsync (API) in 644ms
15:40:04 INFO  - Executed action GD.API.Controllers.Health.HealthInformationController.GetHealthInfoBasicDataAsync (API) in 71ms
15:40:04 INFO  - Executed action GD.API.Controllers.Health.HealthController.GetConsumersPageList (API) in 132ms
15:40:04 INFO  - Executed action GD.API.Controllers.Health.HealthController.GetConsumersPageList (API) in 92ms
15:40:05 INFO  - Executed action GD.API.Controllers.Health.HealthController.GetConsumersPageList (API) in 89ms
15:40:05 INFO  - Executed action GD.API.Controllers.Health.HealthController.GetConsumersPageList (API) in 94ms
15:42:53 INFO  - Executed action GD.API.Controllers.Health.HealthInformationController.GetHealthInfoBasicDataAsync (API) in 68ms
15:42:56 INFO  - Executed action GD.API.Controllers.System.UserController.GetLoginUserInfoAsync (API) in 267ms
15:42:56 INFO  - Executed action GD.API.Controllers.Health.HealthInformationController.GetHealthInfoBasicDataAsync (API) in 79ms
15:42:57 INFO  - Executed action GD.API.Controllers.Health.HealthController.GetConsumersPageList (API) in 179ms
15:42:57 INFO  - Executed action GD.API.Controllers.Health.HealthController.GetConsumersPageList (API) in 103ms
15:42:57 INFO  - Executed action GD.API.Controllers.Health.HealthController.GetConsumersPageList (API) in 90ms
15:42:57 INFO  - Executed action GD.API.Controllers.Health.HealthController.GetConsumersPageList (API) in 104ms
15:44:19 INFO  - Executed action GD.API.Controllers.Health.HealthInformationController.GetHealthInfoBasicDataAsync (API) in 71ms
15:44:21 INFO  - Executed action GD.API.Controllers.System.UserController.GetLoginUserInfoAsync (API) in 239ms
15:44:22 INFO  - Executed action GD.API.Controllers.Health.HealthInformationController.GetHealthInfoBasicDataAsync (API) in 152ms
15:44:22 INFO  - Executed action GD.API.Controllers.Health.HealthController.GetConsumersPageList (API) in 87ms
15:44:22 INFO  - Executed action GD.API.Controllers.Health.HealthController.GetConsumersPageList (API) in 90ms
15:44:22 INFO  - Executed action GD.API.Controllers.Health.HealthController.GetConsumersPageList (API) in 127ms
15:44:23 INFO  - Executed action GD.API.Controllers.Health.HealthController.GetConsumersPageList (API) in 140ms
15:44:31 INFO  - Executed action GD.API.Controllers.Health.HealthController.GetConsumersPageList (API) in 83ms
15:44:38 INFO  - Executed action GD.API.Controllers.Health.HealthController.GetConsumersPageList (API) in 87ms
15:44:43 INFO  - Executed action GD.API.Controllers.Health.HealthController.GetConsumersPageList (API) in 83ms
15:44:51 INFO  - Executed action GD.API.Controllers.Health.HealthController.GetConsumersPageList (API) in 84ms
15:45:00 INFO  - Executed action GD.API.Controllers.Health.HealthController.GetConsumersPageList (API) in 104ms
15:45:22 INFO  - Executed action GD.API.Controllers.Health.HealthController.GetConsumersPageList (API) in 89ms
15:45:35 INFO  - Executed action GD.API.Controllers.Health.HealthController.CreateConsumerHealthInfo (API) in 13266ms
15:46:40 INFO  - Executed action GD.API.Controllers.Health.HealthController.GetConsumersPageList (API) in 124ms
15:46:40 INFO  - Executed action GD.API.Controllers.Health.HealthController.GetConsumersPageList (API) in 89ms
15:46:40 INFO  - Executed action GD.API.Controllers.Health.HealthController.GetConsumersPageList (API) in 89ms
15:46:40 INFO  - Executed action GD.API.Controllers.Health.HealthController.GetConsumersPageList (API) in 93ms
15:46:40 INFO  - Executed action GD.API.Controllers.Health.HealthController.GetConsumersPageList (API) in 91ms
15:46:43 INFO  - Executed action GD.API.Controllers.Health.HealthController.CreateConsumerHealthInfo (API) in 2555ms
15:46:53 INFO  - Executed action GD.API.Controllers.Health.HealthController.GetConsumersPageList (API) in 88ms
15:46:57 INFO  - Executed action GD.API.Controllers.Health.HealthController.GetConsumersPageList (API) in 82ms
15:46:57 INFO  - Executed action GD.API.Controllers.Health.HealthController.CreateConsumerHealthInfo (API) in 34ms
15:47:10 INFO  - Executed action GD.API.Controllers.Health.HealthController.GetConsumersPageList (API) in 79ms
15:47:12 INFO  - Executed action GD.API.Controllers.Health.HealthController.GetConsumersPageList (API) in 87ms
15:47:12 INFO  - Executed action GD.API.Controllers.Health.HealthController.CreateConsumerHealthInfo (API) in 236ms
15:47:12 INFO  - Executed action GD.API.Controllers.Health.HealthController.GetConsumersPageList (API) in 84ms
15:47:18 INFO  - Executed action GD.API.Controllers.Health.HealthController.GetConsumersPageList (API) in 86ms
15:47:19 INFO  - Executed action GD.API.Controllers.Health.HealthController.GetConsumersPageList (API) in 78ms
15:47:19 INFO  - Executed action GD.API.Controllers.Health.HealthController.GetConsumersPageList (API) in 84ms
15:47:19 INFO  - Executed action GD.API.Controllers.Health.HealthController.GetConsumersPageList (API) in 82ms
15:47:20 INFO  - Executed action GD.API.Controllers.Health.HealthController.GetConsumersPageList (API) in 84ms
15:47:20 INFO  - Executed action GD.API.Controllers.Health.HealthController.GetConsumersPageList (API) in 137ms
15:47:20 INFO  - Executed action GD.API.Controllers.Health.HealthController.GetConsumersPageList (API) in 152ms
15:47:30 INFO  - Executed action GD.API.Controllers.Health.HealthController.GetConsumersPageList (API) in 140ms
15:47:43 INFO  - Executed action GD.API.Controllers.Health.HealthController.GetConsumersPageList (API) in 180ms
15:47:50 INFO  - Executed action GD.API.Controllers.Health.HealthController.GetConsumersPageList (API) in 82ms
15:47:53 INFO  - Executed action GD.API.Controllers.Health.HealthController.GetConsumersPageList (API) in 81ms
15:47:57 INFO  - Executed action GD.API.Controllers.Health.HealthController.GetConsumersPageList (API) in 85ms
15:47:57 INFO  - Executed action GD.API.Controllers.Health.HealthController.CreateConsumerHealthInfo (API) in 40ms
15:48:02 INFO  - Executed action GD.API.Controllers.Health.HealthController.GetConsumersPageList (API) in 84ms
15:48:03 INFO  - Executed action GD.API.Controllers.Health.HealthController.GetConsumersPageList (API) in 103ms
15:48:03 INFO  - Executed action GD.API.Controllers.Health.HealthController.GetConsumersPageList (API) in 98ms
15:48:03 INFO  - Executed action GD.API.Controllers.Health.HealthController.GetConsumersPageList (API) in 97ms
15:49:14 INFO  - Executed action GD.API.Controllers.Health.HealthInformationController.GetHealthInfoBasicDataAsync (API) in 72ms
15:49:16 INFO  - Executed action GD.API.Controllers.Health.HealthInformationController.GetHealthInfoBasicDataAsync (API) in 67ms
15:49:23 INFO  - Executed action GD.API.Controllers.Health.HealthController.GetConsumersPageList (API) in 84ms
15:49:25 INFO  - Executed action GD.API.Controllers.Health.HealthController.GetConsumersPageList (API) in 99ms
16:08:51 INFO  - Executed action GD.API.Controllers.System.UserController.GetLoginUserInfoAsync (API) in 1054ms
16:08:51 INFO  - Executed action GD.API.Controllers.Health.HealthInformationController.GetHealthInfoBasicDataAsync (API) in 215ms
16:08:52 INFO  - Executed action GD.API.Controllers.Health.HealthController.GetConsumersPageList (API) in 547ms
16:08:52 INFO  - Executed action GD.API.Controllers.Health.HealthController.GetConsumersPageList (API) in 285ms
16:08:52 INFO  - Executed action GD.API.Controllers.Health.HealthController.GetConsumersPageList (API) in 306ms
16:08:53 INFO  - Executed action GD.API.Controllers.Health.HealthController.GetConsumersPageList (API) in 283ms
16:08:55 INFO  - Executed action GD.API.Controllers.Health.HealthIndicatorController.GetHealthIndicatorList (API) in 1039ms
16:08:56 INFO  - Executed action GD.API.Controllers.Health.HealthInformationController.GetHealthInformationAsync (API) in 307ms
16:09:33 INFO  - Executed action GD.API.Controllers.Health.HealthIndicatorController.GetHealthIndicatorList (API) in 991ms
16:09:33 INFO  - Executed action GD.API.Controllers.Health.HealthInformationController.GetHealthInformationAsync (API) in 297ms
16:10:20 INFO  - Executed action GD.API.Controllers.Health.HealthIndicatorController.GetHealthIndicatorList (API) in 5424ms
16:10:21 INFO  - Executed action GD.API.Controllers.Health.HealthInformationController.GetHealthInformationAsync (API) in 6025ms
16:19:01 INFO  - Executed action GD.API.Controllers.System.UserController.GetLoginUserInfoAsync (API) in 1124ms
16:19:09 INFO  - Executed action GD.API.Controllers.System.UserController.GetLoginUserInfoAsync (API) in 874ms
16:19:29 INFO  - Executed action GD.API.Controllers.System.UserController.GetLoginUserInfoAsync (API) in 845ms
16:19:35 INFO  - Executed action GD.API.Controllers.System.UserController.GetLoginUserInfoAsync (API) in 816ms
16:19:36 INFO  - Executed action GD.API.Controllers.System.UserController.GetLoginUserInfoAsync (API) in 1143ms
16:20:13 INFO  - Executed action GD.API.Controllers.System.UserController.GetLoginUserInfoAsync (API) in 856ms
16:21:25 INFO  - Executed action GD.API.Controllers.Utility.AccountController.LoginAdmin (API) in 135ms
16:21:47 INFO  - Executed action GD.API.Controllers.Utility.AccountController.LoginAdmin (API) in 121ms
16:23:27 INFO  - Executed action GD.API.Controllers.Utility.AccountController.LoginAdmin (API) in 115ms
16:24:40 INFO  - Executed action GD.API.Controllers.Utility.AccountController.LoginAdmin (API) in 119ms
16:25:35 INFO  - Executed action GD.API.Controllers.Utility.AccountController.LoginAdmin (API) in 1110ms
16:25:36 INFO  - Executed action GD.API.Controllers.System.UserController.GetLoginUserInfoAsync (API) in 1165ms
16:25:37 INFO  - Executed action GD.API.Controllers.System.HomeController.GetUserQtyAsync (API) in 178ms
16:25:37 INFO  - Executed action GD.API.Controllers.System.HomeController.GetOrderQtyAsync (API) in 393ms
16:25:37 INFO  - Executed action GD.API.Controllers.System.HomeController.GetDoctorsQtyAsync (API) in 373ms
16:25:37 INFO  - Executed action GD.API.Controllers.System.HomeController.GetMerchantQtyAsync (API) in 431ms
16:25:53 INFO  - Executed action GD.API.Controllers.Health.HealthInformationController.GetHealthInfoBasicDataAsync (API) in 235ms
16:25:53 INFO  - Executed action GD.API.Controllers.Health.HealthController.GetConsumersPageList (API) in 360ms
16:25:53 INFO  - Executed action GD.API.Controllers.Health.HealthController.GetConsumersPageList (API) in 295ms
16:25:54 INFO  - Executed action GD.API.Controllers.Health.HealthController.GetConsumersPageList (API) in 299ms
16:25:54 INFO  - Executed action GD.API.Controllers.Health.HealthController.GetConsumersPageList (API) in 294ms
16:26:04 INFO  - Executed action GD.API.Controllers.Health.HealthIndicatorController.GetHealthIndicatorList (API) in 5396ms
16:26:05 INFO  - Executed action GD.API.Controllers.Health.HealthInformationController.GetHealthInformationAsync (API) in 4858ms
16:26:17 INFO  - Executed action GD.API.Controllers.Health.HealthIndicatorController.GetHealthIndicatorList (API) in 1003ms
16:26:17 INFO  - Executed action GD.API.Controllers.Health.HealthInformationController.GetHealthInformationAsync (API) in 435ms
16:27:15 INFO  - Executed action GD.API.Controllers.Health.HealthInformationController.GetHealthInformationAsync (API) in 444ms
16:29:35 INFO  - Executed action GD.API.Controllers.Health.HealthInformationController.GetHealthInformationAsync (API) in 447ms
16:31:24 INFO  - Executed action GD.API.Controllers.Health.HealthIndicatorController.GetHealthIndicatorList (API) in 1031ms
16:31:24 INFO  - Executed action GD.API.Controllers.Health.HealthInformationController.GetHealthInformationAsync (API) in 433ms
16:32:58 INFO  - Executed action GD.API.Controllers.Health.HealthInformationController.GetHealthInformationAsync (API) in 441ms
16:33:48 INFO  - Executed action GD.API.Controllers.System.UserController.GetLoginUserInfoAsync (API) in 827ms
16:33:49 INFO  - Executed action GD.API.Controllers.Health.HealthInformationController.GetHealthInfoBasicDataAsync (API) in 213ms
16:33:49 INFO  - Executed action GD.API.Controllers.Health.HealthController.GetConsumersPageList (API) in 302ms
16:33:49 INFO  - Executed action GD.API.Controllers.Health.HealthController.GetConsumersPageList (API) in 301ms
16:33:49 INFO  - Executed action GD.API.Controllers.Health.HealthController.GetConsumersPageList (API) in 301ms
16:33:50 INFO  - Executed action GD.API.Controllers.Health.HealthController.GetConsumersPageList (API) in 298ms
16:33:53 INFO  - Executed action GD.API.Controllers.Health.HealthIndicatorController.GetHealthIndicatorList (API) in 1010ms
16:33:53 INFO  - Executed action GD.API.Controllers.Health.HealthInformationController.GetHealthInformationAsync (API) in 441ms
16:33:55 INFO  - Executed action GD.API.Controllers.Health.HealthInformationController.GetHealthInformationAsync (API) in 431ms
16:33:55 INFO  - Executed action GD.API.Controllers.Health.HealthIndicatorController.GetHealthIndicatorList (API) in 1062ms
16:34:31 INFO  - Executed action GD.API.Controllers.Health.HealthInformationController.GetHealthInformationAsync (API) in 447ms
16:36:17 INFO  - Executed action GD.API.Controllers.System.UserController.GetLoginUserInfoAsync (API) in 802ms
16:36:18 INFO  - Executed action GD.API.Controllers.Health.HealthInformationController.GetHealthInfoBasicDataAsync (API) in 223ms
16:36:18 INFO  - Executed action GD.API.Controllers.Health.HealthController.GetConsumersPageList (API) in 291ms
16:36:18 INFO  - Executed action GD.API.Controllers.Health.HealthController.GetConsumersPageList (API) in 301ms
16:36:18 INFO  - Executed action GD.API.Controllers.Health.HealthController.GetConsumersPageList (API) in 285ms
16:36:19 INFO  - Executed action GD.API.Controllers.Health.HealthController.GetConsumersPageList (API) in 299ms
16:36:21 INFO  - Executed action GD.API.Controllers.Health.HealthIndicatorController.GetHealthIndicatorList (API) in 992ms
16:36:23 INFO  - Executed action GD.API.Controllers.Health.HealthInformationController.GetHealthInformationAsync (API) in 434ms
16:40:08 INFO  - Executed action GD.API.Controllers.System.UserController.GetLoginUserInfoAsync (API) in 821ms
16:40:09 INFO  - Executed action GD.API.Controllers.Health.HealthInformationController.GetHealthInfoBasicDataAsync (API) in 219ms
16:40:09 INFO  - Executed action GD.API.Controllers.Health.HealthController.GetConsumersPageList (API) in 311ms
16:40:09 INFO  - Executed action GD.API.Controllers.Health.HealthController.GetConsumersPageList (API) in 291ms
16:40:10 INFO  - Executed action GD.API.Controllers.Health.HealthController.GetConsumersPageList (API) in 293ms
16:40:45 INFO  - Executed action GD.API.Controllers.System.UserController.GetLoginUserInfoAsync (API) in 822ms
16:40:45 INFO  - Executed action GD.API.Controllers.Health.HealthInformationController.GetHealthInfoBasicDataAsync (API) in 212ms
16:40:46 INFO  - Executed action GD.API.Controllers.Health.HealthController.GetConsumersPageList (API) in 299ms
16:40:46 INFO  - Executed action GD.API.Controllers.Health.HealthController.GetConsumersPageList (API) in 297ms
16:40:46 INFO  - Executed action GD.API.Controllers.Health.HealthController.GetConsumersPageList (API) in 287ms
16:43:11 INFO  - Executed action GD.API.Controllers.System.UserController.GetLoginUserInfoAsync (API) in 941ms
16:43:13 INFO  - Executed action GD.API.Controllers.Health.HealthInformationController.GetHealthInfoBasicDataAsync (API) in 253ms
16:43:13 INFO  - Executed action GD.API.Controllers.Health.HealthController.GetConsumersPageList (API) in 305ms
16:43:14 INFO  - Executed action GD.API.Controllers.Health.HealthController.GetConsumersPageList (API) in 299ms
16:43:14 INFO  - Executed action GD.API.Controllers.Health.HealthController.GetConsumersPageList (API) in 284ms
16:47:55 INFO  - Executed action GD.API.Controllers.System.UserController.GetLoginUserInfoAsync (API) in 1112ms
16:47:56 INFO  - Executed action GD.API.Controllers.Health.HealthController.GetConsumersPageList (API) in 328ms
16:47:57 INFO  - Executed action GD.API.Controllers.Health.HealthInformationController.GetHealthInfoBasicDataAsync (API) in 465ms
16:47:57 INFO  - Executed action GD.API.Controllers.Health.HealthController.GetConsumersPageList (API) in 288ms
16:47:57 INFO  - Executed action GD.API.Controllers.Health.HealthController.GetConsumersPageList (API) in 298ms
16:49:19 INFO  - Bad request GD.API.Controllers.Health.HealthManagerController.GetHealthManagerConsumers (API) with 健康管理师参数未提供
16:49:20 INFO  - Executed action GD.API.Controllers.Health.HealthManagerController.GetHealthManagers (API) in 295ms
16:49:41 INFO  - Bad request GD.API.Controllers.Health.HealthManagerController.GetHealthManagerConsumers (API) with 健康管理师参数未提供
16:49:41 INFO  - Executed action GD.API.Controllers.Health.HealthManagerController.GetHealthManagers (API) in 287ms
16:49:52 INFO  - Bad request GD.API.Controllers.Health.HealthManagerController.GetHealthManagerConsumers (API) with 健康管理师参数未提供
16:49:52 INFO  - Executed action GD.API.Controllers.Health.HealthManagerController.GetHealthManagers (API) in 297ms
16:52:17 INFO  - Bad request GD.API.Controllers.Health.HealthManagerController.GetHealthManagerConsumers (API) with 健康管理师参数未提供
16:52:18 INFO  - Executed action GD.API.Controllers.Health.HealthManagerController.GetHealthManagers (API) in 294ms
16:52:29 INFO  - Executed action GD.API.Controllers.System.UserController.GetLoginUserInfoAsync (API) in 803ms
16:52:30 INFO  - Bad request GD.API.Controllers.Health.HealthManagerController.GetHealthManagerConsumers (API) with 健康管理师参数未提供
16:52:30 INFO  - Executed action GD.API.Controllers.Health.HealthInformationController.GetHealthInfoBasicDataAsync (API) in 217ms
16:52:30 INFO  - Executed action GD.API.Controllers.Health.HealthManagerController.GetHealthManagers (API) in 291ms
16:52:31 INFO  - Executed action GD.API.Controllers.Health.HealthController.GetConsumersPageList (API) in 632ms
16:52:31 INFO  - Executed action GD.API.Controllers.Health.HealthController.GetConsumersPageList (API) in 330ms
16:52:31 INFO  - Executed action GD.API.Controllers.Health.HealthController.GetConsumersPageList (API) in 285ms
16:52:36 INFO  - Executed action GD.API.Controllers.Health.HealthManagerController.GetHealthManagers (API) in 301ms
16:53:36 INFO  - Executed action GD.API.Controllers.Health.HealthManagerController.GetHealthManagers (API) in 332ms
16:55:40 INFO  - Executed action GD.API.Controllers.Health.HealthManagerController.GetHealthManagers (API) in 306ms
16:55:43 INFO  - Executed action GD.API.Controllers.System.UserController.GetLoginUserInfoAsync (API) in 916ms
16:55:44 INFO  - Executed action GD.API.Controllers.Health.HealthInformationController.GetHealthInfoBasicDataAsync (API) in 248ms
16:55:44 INFO  - Executed action GD.API.Controllers.Health.HealthController.GetConsumersPageList (API) in 319ms
16:55:44 INFO  - Executed action GD.API.Controllers.Health.HealthManagerController.GetHealthManagers (API) in 358ms
16:55:44 INFO  - Executed action GD.API.Controllers.Health.HealthController.GetConsumersPageList (API) in 294ms
16:55:45 INFO  - Executed action GD.API.Controllers.Health.HealthController.GetConsumersPageList (API) in 301ms
16:55:48 INFO  - Executed action GD.API.Controllers.Health.HealthManagerController.GetHealthManagerConsumers (API) in 328ms
16:55:51 INFO  - Executed action GD.API.Controllers.Health.HealthManagerController.GetHealthManagerConsumers (API) in 286ms
16:55:54 INFO  - Executed action GD.API.Controllers.Health.HealthManagerController.GetHealthManagerConsumers (API) in 305ms
16:55:57 INFO  - Executed action GD.API.Controllers.Health.HealthManagerController.GetHealthManagerConsumers (API) in 317ms
16:56:07 INFO  - Executed action GD.API.Controllers.Health.HealthManagerController.GetHealthManagerConsumers (API) in 280ms
17:04:28 INFO  - Executed action GD.API.Controllers.System.UserController.GetLoginUserInfoAsync (API) in 1058ms
17:04:28 INFO  - Bad request GD.API.Controllers.Health.HealthManagerController.GetHealthManagerConsumers (API) with 健康管理师参数未提供
17:04:29 INFO  - Executed action GD.API.Controllers.Health.HealthController.GetConsumersPageList (API) in 294ms
17:04:29 INFO  - Executed action GD.API.Controllers.Health.HealthInformationController.GetHealthInfoBasicDataAsync (API) in 468ms
17:04:29 INFO  - Executed action GD.API.Controllers.Health.HealthManagerController.GetHealthManagers (API) in 551ms
17:04:29 INFO  - Executed action GD.API.Controllers.Health.HealthController.GetConsumersPageList (API) in 295ms
17:04:29 INFO  - Executed action GD.API.Controllers.Health.HealthController.GetConsumersPageList (API) in 287ms
17:06:10 INFO  - Bad request GD.API.Controllers.Health.HealthManagerController.GetHealthManagerConsumers (API) with 健康管理师参数未提供
17:06:11 INFO  - Executed action GD.API.Controllers.Health.HealthManagerController.GetHealthManagers (API) in 338ms
17:06:51 INFO  - Executed action GD.API.Controllers.System.UserController.GetLoginUserInfoAsync (API) in 877ms
17:06:51 INFO  - Bad request GD.API.Controllers.Health.HealthManagerController.GetHealthManagerConsumers (API) with 健康管理师参数未提供
17:06:51 INFO  - Executed action GD.API.Controllers.Health.HealthController.GetConsumersPageList (API) in 310ms
17:06:52 INFO  - Executed action GD.API.Controllers.Health.HealthInformationController.GetHealthInfoBasicDataAsync (API) in 222ms
17:06:52 INFO  - Executed action GD.API.Controllers.Health.HealthManagerController.GetHealthManagers (API) in 288ms
17:06:52 INFO  - Executed action GD.API.Controllers.Health.HealthController.GetConsumersPageList (API) in 290ms
17:06:52 INFO  - Executed action GD.API.Controllers.Health.HealthController.GetConsumersPageList (API) in 285ms
17:13:33 INFO  - Bad request GD.API.Controllers.Health.HealthManagerController.GetHealthManagerConsumers (API) with 健康管理师参数未提供
17:13:34 INFO  - Executed action GD.API.Controllers.Health.HealthManagerController.GetHealthManagers (API) in 555ms
17:14:17 INFO  - Executed action GD.API.Controllers.Health.HealthManagerController.GetHealthManagers (API) in 594ms
17:14:18 INFO  - Executed action GD.API.Controllers.Health.HealthController.GetConsumersPageList (API) in 1812ms
17:14:21 INFO  - Bad request GD.API.Controllers.Health.HealthManagerController.GetHealthManagerConsumers (API) with 健康管理师参数未提供
17:14:42 INFO  - Executed action GD.API.Controllers.Health.HealthManagerController.GetHealthManagers (API) in 316ms
17:14:42 INFO  - Executed action GD.API.Controllers.Health.HealthController.GetConsumersPageList (API) in 331ms
17:14:47 INFO  - Executed action GD.API.Controllers.Health.HealthManagerController.GetHealthManagerConsumers (API) in 363ms
17:14:48 INFO  - Executed action GD.API.Controllers.Health.HealthManagerController.GetHealthManagerConsumers (API) in 355ms
17:14:49 INFO  - Executed action GD.API.Controllers.Health.HealthManagerController.GetHealthManagerConsumers (API) in 277ms
17:17:02 INFO  - Executed action GD.API.Controllers.Health.HealthManagerController.GetHealthManagers (API) in 286ms
17:17:02 INFO  - Executed action GD.API.Controllers.Health.HealthController.GetConsumersPageList (API) in 282ms
17:17:05 INFO  - Executed action GD.API.Controllers.System.UserController.GetLoginUserInfoAsync (API) in 979ms
17:17:06 INFO  - Executed action GD.API.Controllers.Health.HealthManagerController.GetHealthManagers (API) in 357ms
17:17:06 INFO  - Executed action GD.API.Controllers.Health.HealthController.GetConsumersPageList (API) in 588ms
17:17:07 INFO  - Executed action GD.API.Controllers.Health.HealthInformationController.GetHealthInfoBasicDataAsync (API) in 827ms
17:17:07 INFO  - Executed action GD.API.Controllers.Health.HealthController.GetConsumersPageList (API) in 356ms
17:17:07 INFO  - Executed action GD.API.Controllers.Health.HealthController.GetConsumersPageList (API) in 396ms
17:17:08 INFO  - Executed action GD.API.Controllers.Health.HealthController.GetConsumersPageList (API) in 339ms
17:17:14 INFO  - Executed action GD.API.Controllers.Health.HealthManagerController.GetHealthManagerConsumers (API) in 1121ms
17:17:16 INFO  - Executed action GD.API.Controllers.Health.HealthManagerController.GetHealthManagerConsumers (API) in 311ms
17:17:18 INFO  - Executed action GD.API.Controllers.Health.HealthManagerController.GetHealthManagerConsumers (API) in 312ms
17:17:26 INFO  - Executed action GD.API.Controllers.Health.HealthManagerController.GetHealthManagerConsumers (API) in 312ms
17:17:28 INFO  - Executed action GD.API.Controllers.Health.HealthManagerController.GetHealthManagerConsumers (API) in 336ms
17:17:42 INFO  - Executed action GD.API.Controllers.Health.HealthManagerController.GetHealthManagerConsumers (API) in 330ms
17:17:47 INFO  - Executed action GD.API.Controllers.Health.HealthManagerController.GetHealthManagerConsumers (API) in 352ms
17:18:14 INFO  - Executed action GD.API.Controllers.Health.HealthController.GetConsumersPageList (API) in 603ms
17:18:14 INFO  - Executed action GD.API.Controllers.Health.HealthManagerController.GetHealthManagers (API) in 626ms
17:18:18 INFO  - Executed action GD.API.Controllers.System.UserController.GetLoginUserInfoAsync (API) in 1308ms
17:18:19 INFO  - Executed action GD.API.Controllers.Health.HealthInformationController.GetHealthInfoBasicDataAsync (API) in 284ms
17:18:19 INFO  - Executed action GD.API.Controllers.Health.HealthController.GetConsumersPageList (API) in 384ms
17:18:19 INFO  - Executed action GD.API.Controllers.Health.HealthManagerController.GetHealthManagers (API) in 377ms
17:18:20 INFO  - Executed action GD.API.Controllers.Health.HealthController.GetConsumersPageList (API) in 366ms
17:18:20 INFO  - Executed action GD.API.Controllers.Health.HealthController.GetConsumersPageList (API) in 368ms
17:18:20 INFO  - Executed action GD.API.Controllers.Health.HealthController.GetConsumersPageList (API) in 366ms
17:18:26 INFO  - Executed action GD.API.Controllers.Health.HealthManagerController.GetHealthManagerConsumers (API) in 385ms
17:18:48 INFO  - Executed action GD.API.Controllers.Health.HealthManagerController.GetHealthManagers (API) in 291ms
17:18:48 INFO  - Executed action GD.API.Controllers.Health.HealthController.GetConsumersPageList (API) in 294ms
17:18:51 INFO  - Executed action GD.API.Controllers.System.UserController.GetLoginUserInfoAsync (API) in 892ms
17:18:52 INFO  - Executed action GD.API.Controllers.Health.HealthManagerController.GetHealthManagers (API) in 283ms
17:18:52 INFO  - Executed action GD.API.Controllers.Health.HealthController.GetConsumersPageList (API) in 296ms
17:18:52 INFO  - Executed action GD.API.Controllers.Health.HealthInformationController.GetHealthInfoBasicDataAsync (API) in 229ms
17:18:52 INFO  - Executed action GD.API.Controllers.Health.HealthController.GetConsumersPageList (API) in 308ms
17:18:53 INFO  - Executed action GD.API.Controllers.Health.HealthController.GetConsumersPageList (API) in 292ms
17:18:53 INFO  - Executed action GD.API.Controllers.Health.HealthController.GetConsumersPageList (API) in 299ms
17:18:59 INFO  - Executed action GD.API.Controllers.System.UserController.GetLoginUserInfoAsync (API) in 855ms
17:18:59 INFO  - Executed action GD.API.Controllers.Health.HealthInformationController.GetHealthInfoBasicDataAsync (API) in 229ms
17:18:59 INFO  - Executed action GD.API.Controllers.Health.HealthController.GetConsumersPageList (API) in 301ms
17:18:59 INFO  - Executed action GD.API.Controllers.Health.HealthManagerController.GetHealthManagers (API) in 287ms
17:19:00 INFO  - Executed action GD.API.Controllers.Health.HealthController.GetConsumersPageList (API) in 309ms
17:19:00 INFO  - Executed action GD.API.Controllers.Health.HealthController.GetConsumersPageList (API) in 296ms
17:19:00 INFO  - Executed action GD.API.Controllers.Health.HealthController.GetConsumersPageList (API) in 287ms
17:19:05 INFO  - Executed action GD.API.Controllers.Health.HealthManagerController.GetHealthManagerConsumers (API) in 292ms
17:19:08 INFO  - Executed action GD.API.Controllers.Health.HealthManagerController.GetHealthManagerConsumers (API) in 585ms
17:19:18 INFO  - Executed action GD.API.Controllers.Health.HealthManagerController.GetHealthManagerConsumers (API) in 281ms
17:19:24 INFO  - Executed action GD.API.Controllers.Health.HealthManagerController.GetHealthManagerConsumers (API) in 297ms
17:19:34 INFO  - Executed action GD.API.Controllers.Health.HealthManagerController.GetHealthManagerConsumers (API) in 1280ms
17:20:07 INFO  - Executed action GD.API.Controllers.Health.HealthController.GetConsumersPageList (API) in 1225ms
17:20:09 INFO  - Executed action GD.API.Controllers.Health.HealthController.GetConsumersPageList (API) in 287ms
17:20:12 INFO  - Executed action GD.API.Controllers.Health.HealthManagerController.GetHealthManagerConsumers (API) in 294ms
17:20:14 INFO  - Executed action GD.API.Controllers.Health.HealthController.GetConsumersPageList (API) in 282ms
17:20:17 INFO  - Executed action GD.API.Controllers.Health.HealthController.GetConsumersPageList (API) in 287ms
17:21:54 INFO  - Executed action GD.API.Controllers.Health.HealthManagerController.GetHealthManagers (API) in 292ms
17:21:54 INFO  - Executed action GD.API.Controllers.Health.HealthController.GetConsumersPageList (API) in 294ms
17:21:58 INFO  - Executed action GD.API.Controllers.System.UserController.GetLoginUserInfoAsync (API) in 909ms
17:21:59 INFO  - Executed action GD.API.Controllers.Health.HealthInformationController.GetHealthInfoBasicDataAsync (API) in 232ms
17:21:59 INFO  - Executed action GD.API.Controllers.Health.HealthController.GetConsumersPageList (API) in 296ms
17:21:59 INFO  - Executed action GD.API.Controllers.Health.HealthManagerController.GetHealthManagers (API) in 282ms
17:21:59 INFO  - Executed action GD.API.Controllers.Health.HealthController.GetConsumersPageList (API) in 284ms
17:21:59 INFO  - Executed action GD.API.Controllers.Health.HealthController.GetConsumersPageList (API) in 296ms
17:22:00 INFO  - Executed action GD.API.Controllers.Health.HealthController.GetConsumersPageList (API) in 292ms
17:22:04 INFO  - Executed action GD.API.Controllers.Health.HealthManagerController.GetHealthManagerConsumers (API) in 281ms
17:22:06 INFO  - Executed action GD.API.Controllers.Health.HealthManagerController.GetHealthManagerConsumers (API) in 280ms
17:22:08 INFO  - Executed action GD.API.Controllers.Health.HealthManagerController.GetHealthManagerConsumers (API) in 282ms
17:22:10 INFO  - Executed action GD.API.Controllers.Health.HealthManagerController.GetHealthManagerConsumers (API) in 282ms
17:22:12 INFO  - Executed action GD.API.Controllers.Health.HealthManagerController.GetHealthManagerConsumers (API) in 283ms
17:22:17 INFO  - Executed action GD.API.Controllers.Health.HealthManagerController.GetHealthManagerConsumers (API) in 277ms
17:23:41 INFO  - Executed action GD.API.Controllers.Health.HealthManagerController.GetHealthManagers (API) in 288ms
17:23:41 INFO  - Executed action GD.API.Controllers.Health.HealthController.GetConsumersPageList (API) in 303ms
17:23:47 INFO  - Executed action GD.API.Controllers.System.UserController.GetLoginUserInfoAsync (API) in 935ms
17:23:48 INFO  - Executed action GD.API.Controllers.Health.HealthInformationController.GetHealthInfoBasicDataAsync (API) in 212ms
17:23:48 INFO  - Executed action GD.API.Controllers.Health.HealthController.GetConsumersPageList (API) in 289ms
17:23:48 INFO  - Executed action GD.API.Controllers.Health.HealthManagerController.GetHealthManagers (API) in 294ms
17:23:48 INFO  - Executed action GD.API.Controllers.Health.HealthController.GetConsumersPageList (API) in 290ms
17:23:48 INFO  - Executed action GD.API.Controllers.Health.HealthController.GetConsumersPageList (API) in 285ms
17:23:49 INFO  - Executed action GD.API.Controllers.Health.HealthController.GetConsumersPageList (API) in 291ms
17:23:51 INFO  - Executed action GD.API.Controllers.Health.HealthManagerController.GetHealthManagerConsumers (API) in 280ms
17:23:54 INFO  - Executed action GD.API.Controllers.Health.HealthManagerController.GetHealthManagerConsumers (API) in 281ms
17:23:56 INFO  - Executed action GD.API.Controllers.Health.HealthManagerController.GetHealthManagerConsumers (API) in 284ms
17:24:15 INFO  - Executed action GD.API.Controllers.System.UserController.GetLoginUserInfoAsync (API) in 871ms
17:24:16 INFO  - Executed action GD.API.Controllers.Health.HealthInformationController.GetHealthInfoBasicDataAsync (API) in 216ms
17:24:16 INFO  - Executed action GD.API.Controllers.Health.HealthController.GetConsumersPageList (API) in 289ms
17:24:16 INFO  - Executed action GD.API.Controllers.Health.HealthManagerController.GetHealthManagers (API) in 299ms
17:24:16 INFO  - Executed action GD.API.Controllers.Health.HealthController.GetConsumersPageList (API) in 279ms
17:24:17 INFO  - Executed action GD.API.Controllers.Health.HealthController.GetConsumersPageList (API) in 285ms
17:24:17 INFO  - Executed action GD.API.Controllers.Health.HealthController.GetConsumersPageList (API) in 290ms
17:24:21 INFO  - Executed action GD.API.Controllers.Health.HealthManagerController.GetHealthManagerConsumers (API) in 281ms
17:24:23 INFO  - Executed action GD.API.Controllers.Health.HealthManagerController.GetHealthManagerConsumers (API) in 278ms
17:24:25 INFO  - Executed action GD.API.Controllers.Health.HealthManagerController.GetHealthManagerConsumers (API) in 277ms
17:24:27 INFO  - Executed action GD.API.Controllers.Health.HealthManagerController.GetHealthManagerConsumers (API) in 346ms
17:25:15 INFO  - Executed action GD.API.Controllers.Health.HealthManagerController.GetHealthManagerConsumers (API) in 280ms
17:25:17 INFO  - Executed action GD.API.Controllers.Health.HealthManagerController.GetHealthManagerConsumers (API) in 283ms
17:26:26 INFO  - Executed action GD.API.Controllers.Health.HealthManagerController.GetHealthManagers (API) in 294ms
17:26:26 INFO  - Executed action GD.API.Controllers.Health.HealthController.GetConsumersPageList (API) in 297ms
17:26:29 INFO  - Executed action GD.API.Controllers.System.UserController.GetLoginUserInfoAsync (API) in 860ms
17:26:30 INFO  - Executed action GD.API.Controllers.Health.HealthInformationController.GetHealthInfoBasicDataAsync (API) in 218ms
17:26:30 INFO  - Executed action GD.API.Controllers.Health.HealthManagerController.GetHealthManagers (API) in 313ms
17:26:30 INFO  - Executed action GD.API.Controllers.Health.HealthController.GetConsumersPageList (API) in 291ms
17:26:30 INFO  - Executed action GD.API.Controllers.Health.HealthController.GetConsumersPageList (API) in 287ms
17:26:30 INFO  - Executed action GD.API.Controllers.Health.HealthController.GetConsumersPageList (API) in 286ms
17:26:31 INFO  - Executed action GD.API.Controllers.Health.HealthController.GetConsumersPageList (API) in 284ms
17:26:33 INFO  - Executed action GD.API.Controllers.Health.HealthManagerController.GetHealthManagerConsumers (API) in 280ms
17:26:35 INFO  - Executed action GD.API.Controllers.Health.HealthManagerController.GetHealthManagerConsumers (API) in 278ms
17:26:37 INFO  - Executed action GD.API.Controllers.Health.HealthManagerController.GetHealthManagerConsumers (API) in 281ms
17:26:39 INFO  - Executed action GD.API.Controllers.Health.HealthManagerController.GetHealthManagerConsumers (API) in 281ms
17:26:56 INFO  - Executed action GD.API.Controllers.Health.HealthManagerController.GetHealthManagers (API) in 318ms
17:26:56 INFO  - Executed action GD.API.Controllers.Health.HealthController.GetConsumersPageList (API) in 331ms
17:27:00 INFO  - Executed action GD.API.Controllers.System.UserController.GetLoginUserInfoAsync (API) in 1443ms
17:27:00 INFO  - Executed action GD.API.Controllers.Health.HealthManagerController.GetHealthManagers (API) in 308ms
17:27:00 INFO  - Executed action GD.API.Controllers.Health.HealthInformationController.GetHealthInfoBasicDataAsync (API) in 247ms
17:27:00 INFO  - Executed action GD.API.Controllers.Health.HealthController.GetConsumersPageList (API) in 342ms
17:27:01 INFO  - Executed action GD.API.Controllers.Health.HealthController.GetConsumersPageList (API) in 289ms
17:27:01 INFO  - Executed action GD.API.Controllers.Health.HealthController.GetConsumersPageList (API) in 284ms
17:27:01 INFO  - Executed action GD.API.Controllers.Health.HealthController.GetConsumersPageList (API) in 282ms
17:27:16 INFO  - Executed action GD.API.Controllers.Health.HealthManagerController.GetHealthManagers (API) in 287ms
17:27:16 INFO  - Executed action GD.API.Controllers.Health.HealthController.GetConsumersPageList (API) in 291ms
17:27:45 INFO  - Executed action GD.API.Controllers.Health.HealthController.GetConsumersPageList (API) in 289ms
17:27:45 INFO  - Executed action GD.API.Controllers.Health.HealthManagerController.GetHealthManagers (API) in 291ms
17:30:57 INFO  - Executed action GD.API.Controllers.Health.HealthController.GetConsumersPageList (API) in 300ms
17:30:57 INFO  - Executed action GD.API.Controllers.Health.HealthManagerController.GetHealthManagers (API) in 305ms
17:31:46 INFO  - Executed action GD.API.Controllers.Health.HealthController.GetConsumersPageList (API) in 281ms
17:31:46 INFO  - Executed action GD.API.Controllers.Health.HealthManagerController.GetHealthManagers (API) in 290ms
17:32:02 INFO  - Executed action GD.API.Controllers.System.UserController.GetLoginUserInfoAsync (API) in 859ms
17:32:02 INFO  - Executed action GD.API.Controllers.Health.HealthInformationController.GetHealthInfoBasicDataAsync (API) in 222ms
17:32:02 INFO  - Executed action GD.API.Controllers.Health.HealthController.GetConsumersPageList (API) in 291ms
17:32:02 INFO  - Executed action GD.API.Controllers.Health.HealthManagerController.GetHealthManagers (API) in 286ms
17:32:03 INFO  - Executed action GD.API.Controllers.Health.HealthController.GetConsumersPageList (API) in 287ms
17:32:03 INFO  - Executed action GD.API.Controllers.Health.HealthController.GetConsumersPageList (API) in 293ms
17:32:03 INFO  - Executed action GD.API.Controllers.Health.HealthController.GetConsumersPageList (API) in 294ms
17:32:06 INFO  - Executed action GD.API.Controllers.Health.HealthManagerController.GetHealthManagerConsumers (API) in 288ms
17:32:34 INFO  - Executed action GD.API.Controllers.Health.HealthController.GetConsumersPageList (API) in 290ms
17:32:34 INFO  - Executed action GD.API.Controllers.Health.HealthManagerController.GetHealthManagers (API) in 295ms
17:32:37 INFO  - Executed action GD.API.Controllers.System.UserController.GetLoginUserInfoAsync (API) in 866ms
17:32:37 INFO  - Executed action GD.API.Controllers.Health.HealthInformationController.GetHealthInfoBasicDataAsync (API) in 221ms
17:32:37 INFO  - Executed action GD.API.Controllers.Health.HealthManagerController.GetHealthManagers (API) in 302ms
17:32:37 INFO  - Executed action GD.API.Controllers.Health.HealthController.GetConsumersPageList (API) in 304ms
17:32:38 INFO  - Executed action GD.API.Controllers.Health.HealthController.GetConsumersPageList (API) in 295ms
17:32:38 INFO  - Executed action GD.API.Controllers.Health.HealthController.GetConsumersPageList (API) in 291ms
17:32:38 INFO  - Executed action GD.API.Controllers.Health.HealthController.GetConsumersPageList (API) in 289ms
17:32:44 INFO  - Executed action GD.API.Controllers.System.UserController.GetLoginUserInfoAsync (API) in 886ms
17:32:45 INFO  - Executed action GD.API.Controllers.Health.HealthInformationController.GetHealthInfoBasicDataAsync (API) in 220ms
17:32:45 INFO  - Executed action GD.API.Controllers.Health.HealthManagerController.GetHealthManagers (API) in 290ms
17:32:45 INFO  - Executed action GD.API.Controllers.Health.HealthController.GetConsumersPageList (API) in 283ms
17:32:45 INFO  - Executed action GD.API.Controllers.Health.HealthController.GetConsumersPageList (API) in 298ms
17:32:45 INFO  - Executed action GD.API.Controllers.Health.HealthController.GetConsumersPageList (API) in 282ms
17:32:46 INFO  - Executed action GD.API.Controllers.Health.HealthController.GetConsumersPageList (API) in 287ms
17:32:52 INFO  - Executed action GD.API.Controllers.Health.HealthManagerController.GetHealthManagerConsumers (API) in 282ms
17:39:23 INFO  - Executed action GD.API.Controllers.System.UserController.GetLoginUserInfoAsync (API) in 1089ms
17:39:24 INFO  - Executed action GD.API.Controllers.Health.HealthController.GetConsumersPageList (API) in 304ms
17:39:24 INFO  - Executed action GD.API.Controllers.Health.HealthInformationController.GetHealthInfoBasicDataAsync (API) in 498ms
17:39:24 INFO  - Executed action GD.API.Controllers.Health.HealthController.GetConsumersPageList (API) in 305ms
17:39:24 INFO  - Executed action GD.API.Controllers.Health.HealthManagerController.GetHealthManagers (API) in 559ms
17:39:25 INFO  - Executed action GD.API.Controllers.Health.HealthController.GetConsumersPageList (API) in 296ms
17:39:25 INFO  - Executed action GD.API.Controllers.Health.HealthController.GetConsumersPageList (API) in 295ms
17:40:24 INFO  - Executed action GD.API.Controllers.Health.HealthManagerController.GetHealthManagers (API) in 296ms
17:40:24 INFO  - Executed action GD.API.Controllers.Health.HealthController.GetConsumersPageList (API) in 305ms
17:40:30 INFO  - Executed action GD.API.Controllers.System.UserController.GetLoginUserInfoAsync (API) in 858ms
17:40:31 INFO  - Executed action GD.API.Controllers.Health.HealthInformationController.GetHealthInfoBasicDataAsync (API) in 233ms
17:40:31 INFO  - Executed action GD.API.Controllers.Health.HealthController.GetConsumersPageList (API) in 302ms
17:40:31 INFO  - Executed action GD.API.Controllers.Health.HealthManagerController.GetHealthManagers (API) in 291ms
17:40:31 INFO  - Executed action GD.API.Controllers.Health.HealthController.GetConsumersPageList (API) in 285ms
17:40:31 INFO  - Executed action GD.API.Controllers.Health.HealthController.GetConsumersPageList (API) in 291ms
17:40:32 INFO  - Executed action GD.API.Controllers.Health.HealthController.GetConsumersPageList (API) in 293ms
17:42:16 INFO  - Executed action GD.API.Controllers.Health.HealthManagerController.GetHealthManagers (API) in 290ms
17:42:20 INFO  - Executed action GD.API.Controllers.System.UserController.GetLoginUserInfoAsync (API) in 825ms
17:42:21 INFO  - Executed action GD.API.Controllers.Health.HealthInformationController.GetHealthInfoBasicDataAsync (API) in 227ms
17:42:21 INFO  - Executed action GD.API.Controllers.Health.HealthManagerController.GetHealthManagers (API) in 293ms
17:42:21 INFO  - Executed action GD.API.Controllers.Health.HealthController.GetConsumersPageList (API) in 300ms
17:42:21 INFO  - Executed action GD.API.Controllers.Health.HealthController.GetConsumersPageList (API) in 309ms
17:42:22 INFO  - Executed action GD.API.Controllers.Health.HealthController.GetConsumersPageList (API) in 314ms
17:42:23 INFO  - Executed action GD.API.Controllers.Health.HealthController.GetConsumersPageList (API) in 289ms
17:42:30 INFO  - Executed action GD.API.Controllers.Health.HealthController.GetConsumersPageList (API) in 291ms
17:42:33 INFO  - Executed action GD.API.Controllers.Health.HealthController.GetConsumersPageList (API) in 287ms
17:42:35 INFO  - Executed action GD.API.Controllers.Health.HealthController.GetConsumersPageList (API) in 294ms
17:42:38 INFO  - Executed action GD.API.Controllers.Health.HealthController.GetConsumersPageList (API) in 292ms
17:42:42 INFO  - Executed action GD.API.Controllers.Health.HealthManagerController.GetHealthManagerConsumers (API) in 296ms
17:42:44 INFO  - Executed action GD.API.Controllers.Health.HealthManagerController.GetHealthManagerConsumers (API) in 289ms
17:42:46 INFO  - Executed action GD.API.Controllers.Health.HealthManagerController.GetHealthManagerConsumers (API) in 285ms
17:42:48 INFO  - Executed action GD.API.Controllers.Health.HealthManagerController.GetHealthManagerConsumers (API) in 285ms
17:43:19 INFO  - Executed action GD.API.Controllers.Health.HealthManagerController.GetHealthManagerConsumers (API) in 288ms
17:43:24 INFO  - Executed action GD.API.Controllers.Health.HealthManagerController.BatchBindHealthManager (API) in 396ms
17:43:32 INFO  - Executed action GD.API.Controllers.Health.HealthManagerController.BatchBindHealthManager (API) in 333ms
17:46:35 INFO  - Executed action GD.API.Controllers.Health.HealthController.GetConsumersPageList (API) in 290ms
17:46:49 INFO  - Executed action GD.API.Controllers.Health.HealthController.GetConsumersPageList (API) in 289ms
17:46:55 INFO  - Executed action GD.API.Controllers.Health.HealthManagerController.GetHealthManagerConsumers (API) in 288ms
17:46:56 INFO  - Executed action GD.API.Controllers.Health.HealthManagerController.GetHealthManagerConsumers (API) in 288ms
17:47:07 INFO  - Executed action GD.API.Controllers.Health.HealthController.GetConsumersPageList (API) in 301ms
17:47:18 INFO  - Executed action GD.API.Controllers.Health.HealthManagerController.BatchBindHealthManager (API) in 311ms
17:52:27 INFO  - Executed action GD.API.Controllers.Health.HealthController.GetConsumersPageList (API) in 293ms
17:52:31 INFO  - Executed action GD.API.Controllers.Health.HealthController.GetConsumersPageList (API) in 291ms
17:53:28 INFO  - Executed action GD.API.Controllers.Health.HealthManagerController.GetHealthManagers (API) in 288ms
17:58:22 INFO  - Bad request GD.API.Controllers.Health.HealthManagerController.GetChangeHealthManagers (API) with 会员参数未提供
17:59:06 INFO  - Executed action GD.API.Controllers.Health.HealthInformationController.GetHealthInfoBasicDataAsync (API) in 475ms
17:59:06 INFO  - Executed action GD.API.Controllers.Health.HealthController.GetConsumersPageList (API) in 588ms
17:59:06 INFO  - Executed action GD.API.Controllers.Health.HealthManagerController.GetHealthManagers (API) in 543ms
17:59:06 INFO  - Executed action GD.API.Controllers.Health.HealthController.GetConsumersPageList (API) in 318ms
17:59:45 INFO  - Executed action GD.API.Controllers.Health.HealthInformationController.GetHealthInfoBasicDataAsync (API) in 223ms
17:59:45 INFO  - Executed action GD.API.Controllers.Health.HealthController.GetConsumersPageList (API) in 296ms
17:59:45 INFO  - Executed action GD.API.Controllers.Health.HealthManagerController.GetHealthManagers (API) in 297ms
17:59:46 INFO  - Executed action GD.API.Controllers.Health.HealthController.GetConsumersPageList (API) in 294ms
17:59:47 INFO  - Bad request GD.API.Controllers.Health.HealthManagerController.GetChangeHealthManagers (API) with 会员参数未提供
18:00:22 INFO  - Executed action GD.API.Controllers.Health.HealthInformationController.GetHealthInfoBasicDataAsync (API) in 224ms
18:00:22 INFO  - Executed action GD.API.Controllers.Health.HealthController.GetConsumersPageList (API) in 281ms
18:00:22 INFO  - Executed action GD.API.Controllers.Health.HealthManagerController.GetHealthManagers (API) in 298ms
18:00:23 INFO  - Executed action GD.API.Controllers.Health.HealthController.GetConsumersPageList (API) in 290ms
18:00:55 INFO  - Bad request GD.API.Controllers.Health.HealthManagerController.GetChangeHealthManagers (API) with 会员参数未提供
18:00:56 INFO  - Executed action GD.API.Controllers.Health.HealthInformationController.GetHealthInfoBasicDataAsync (API) in 225ms
18:00:56 INFO  - Executed action GD.API.Controllers.Health.HealthController.GetConsumersPageList (API) in 294ms
18:00:56 INFO  - Executed action GD.API.Controllers.Health.HealthManagerController.GetHealthManagers (API) in 284ms
18:00:56 INFO  - Executed action GD.API.Controllers.Health.HealthController.GetConsumersPageList (API) in 289ms
18:00:58 INFO  - Bad request GD.API.Controllers.Health.HealthManagerController.GetChangeHealthManagers (API) with 会员参数未提供
18:01:03 INFO  - Bad request GD.API.Controllers.Health.HealthManagerController.GetChangeHealthManagers (API) with 会员参数未提供
18:01:05 INFO  - Bad request GD.API.Controllers.Health.HealthManagerController.GetChangeHealthManagers (API) with 会员参数未提供
18:01:06 INFO  - Bad request GD.API.Controllers.Health.HealthManagerController.GetChangeHealthManagers (API) with 会员参数未提供
18:01:08 INFO  - Bad request GD.API.Controllers.Health.HealthManagerController.GetChangeHealthManagers (API) with 会员参数未提供
18:01:25 INFO  - Bad request GD.API.Controllers.Health.HealthManagerController.GetChangeHealthManagers (API) with 会员参数未提供
18:03:39 INFO  - Executed action GD.API.Controllers.System.UserController.GetLoginUserInfoAsync (API) in 822ms
18:03:40 INFO  - Executed action GD.API.Controllers.Health.HealthInformationController.GetHealthInfoBasicDataAsync (API) in 228ms
18:03:40 INFO  - Executed action GD.API.Controllers.Health.HealthManagerController.GetHealthManagers (API) in 290ms
18:03:40 INFO  - Executed action GD.API.Controllers.Health.HealthController.GetConsumersPageList (API) in 296ms
18:03:41 INFO  - Executed action GD.API.Controllers.Health.HealthController.GetConsumersPageList (API) in 290ms
18:03:42 INFO  - Bad request GD.API.Controllers.Health.HealthManagerController.GetChangeHealthManagers (API) with 会员参数未提供
18:03:55 INFO  - Bad request GD.API.Controllers.Health.HealthManagerController.GetChangeHealthManagers (API) with 会员参数未提供
18:04:22 INFO  - Bad request GD.API.Controllers.Health.HealthManagerController.GetChangeHealthManagers (API) with 会员参数未提供
18:04:23 INFO  - Bad request GD.API.Controllers.Health.HealthManagerController.GetChangeHealthManagers (API) with 会员参数未提供
18:04:45 INFO  - Executed action GD.API.Controllers.System.UserController.GetLoginUserInfoAsync (API) in 816ms
18:04:46 INFO  - Executed action GD.API.Controllers.Health.HealthInformationController.GetHealthInfoBasicDataAsync (API) in 218ms
18:04:46 INFO  - Executed action GD.API.Controllers.Health.HealthManagerController.GetHealthManagers (API) in 285ms
18:04:46 INFO  - Executed action GD.API.Controllers.Health.HealthController.GetConsumersPageList (API) in 295ms
18:04:46 INFO  - Executed action GD.API.Controllers.Health.HealthController.GetConsumersPageList (API) in 294ms
18:04:48 INFO  - Bad request GD.API.Controllers.Health.HealthManagerController.GetChangeHealthManagers (API) with 会员参数未提供
18:05:53 INFO  - Executed action GD.API.Controllers.System.UserController.GetLoginUserInfoAsync (API) in 813ms
18:05:54 INFO  - Executed action GD.API.Controllers.Health.HealthInformationController.GetHealthInfoBasicDataAsync (API) in 240ms
18:05:54 INFO  - Executed action GD.API.Controllers.Health.HealthController.GetConsumersPageList (API) in 315ms
18:05:54 INFO  - Executed action GD.API.Controllers.Health.HealthManagerController.GetHealthManagers (API) in 295ms
18:05:54 INFO  - Executed action GD.API.Controllers.Health.HealthController.GetConsumersPageList (API) in 295ms
18:05:55 INFO  - Bad request GD.API.Controllers.Health.HealthManagerController.GetChangeHealthManagers (API) with 会员参数未提供
18:06:23 INFO  - Executed action GD.API.Controllers.System.UserController.GetLoginUserInfoAsync (API) in 836ms
18:06:24 INFO  - Executed action GD.API.Controllers.Health.HealthInformationController.GetHealthInfoBasicDataAsync (API) in 242ms
18:06:24 INFO  - Executed action GD.API.Controllers.Health.HealthController.GetConsumersPageList (API) in 298ms
18:06:24 INFO  - Executed action GD.API.Controllers.Health.HealthManagerController.GetHealthManagers (API) in 297ms
18:06:24 INFO  - Executed action GD.API.Controllers.Health.HealthController.GetConsumersPageList (API) in 294ms
18:06:26 INFO  - Executed action GD.API.Controllers.Health.HealthManagerController.GetChangeHealthManagers (API) in 237ms
18:06:53 INFO  - Executed action GD.API.Controllers.Health.HealthIndicatorController.GetHealthIndicatorList (API) in 1032ms
18:06:55 INFO  - Executed action GD.API.Controllers.Health.HealthInformationController.GetHealthInformationAsync (API) in 433ms
18:07:00 INFO  - Executed action GD.API.Controllers.Health.HealthIndicatorController.GetHealthIndicatorList (API) in 1021ms
18:07:01 INFO  - Executed action GD.API.Controllers.Health.HealthInformationController.GetHealthInformationAsync (API) in 468ms
18:08:05 INFO  - Executed action GD.API.Controllers.Health.HealthController.GetConsumersPageList (API) in 963ms
18:08:07 INFO  - Executed action GD.API.Controllers.System.UserController.GetLoginUserInfoAsync (API) in 1231ms
18:08:08 INFO  - Executed action GD.API.Controllers.Health.HealthInformationController.GetHealthInfoBasicDataAsync (API) in 244ms
18:08:08 INFO  - Executed action GD.API.Controllers.Health.HealthController.GetConsumersPageList (API) in 548ms
18:08:08 INFO  - Executed action GD.API.Controllers.Health.HealthManagerController.GetHealthManagers (API) in 623ms
18:08:09 INFO  - Executed action GD.API.Controllers.Health.HealthController.GetConsumersPageList (API) in 313ms
18:08:11 INFO  - Executed action GD.API.Controllers.Health.HealthController.GetConsumersPageList (API) in 339ms
18:08:13 INFO  - Executed action GD.API.Controllers.Health.HealthManagerController.GetHealthManagerConsumers (API) in 295ms
18:08:16 INFO  - Executed action GD.API.Controllers.Health.HealthManagerController.GetHealthManagerConsumers (API) in 307ms
18:08:24 INFO  - Executed action GD.API.Controllers.Health.HealthManagerController.BatchBindHealthManager (API) in 651ms
18:08:29 INFO  - Executed action GD.API.Controllers.Health.HealthController.GetConsumersPageList (API) in 334ms
18:08:31 INFO  - Executed action GD.API.Controllers.Health.HealthManagerController.GetHealthManagerConsumers (API) in 285ms
18:08:35 INFO  - Executed action GD.API.Controllers.Health.HealthManagerController.GetHealthManagerConsumers (API) in 306ms
18:08:46 INFO  - Executed action GD.API.Controllers.Health.HealthController.GetConsumersPageList (API) in 334ms
18:08:49 INFO  - Executed action GD.API.Controllers.Health.HealthController.GetConsumersPageList (API) in 291ms
18:08:52 INFO  - Executed action GD.API.Controllers.Health.HealthController.GetConsumersPageList (API) in 308ms
18:08:54 INFO  - Executed action GD.API.Controllers.Health.HealthController.GetConsumersPageList (API) in 335ms
18:08:56 INFO  - Executed action GD.API.Controllers.Health.HealthController.GetConsumersPageList (API) in 290ms
18:08:58 INFO  - Executed action GD.API.Controllers.Health.HealthController.GetConsumersPageList (API) in 308ms
18:09:02 INFO  - Executed action GD.API.Controllers.Health.HealthController.GetConsumersPageList (API) in 328ms
18:09:06 INFO  - Executed action GD.API.Controllers.Health.HealthController.GetConsumersPageList (API) in 297ms
18:09:25 INFO  - Executed action GD.API.Controllers.Health.HealthController.GetConsumersPageList (API) in 306ms
18:09:30 INFO  - Executed action GD.API.Controllers.Health.HealthController.GetConsumersPageList (API) in 332ms
18:09:34 INFO  - Executed action GD.API.Controllers.Health.HealthController.GetConsumersPageList (API) in 290ms
18:09:37 INFO  - Executed action GD.API.Controllers.Health.HealthController.GetConsumersPageList (API) in 305ms
18:09:38 INFO  - Executed action GD.API.Controllers.Health.HealthController.GetConsumersPageList (API) in 328ms
18:09:39 INFO  - Executed action GD.API.Controllers.Health.HealthController.GetConsumersPageList (API) in 293ms
18:09:39 INFO  - Executed action GD.API.Controllers.Health.HealthController.GetConsumersPageList (API) in 308ms
18:09:40 INFO  - Executed action GD.API.Controllers.Health.HealthController.GetConsumersPageList (API) in 335ms
18:09:40 INFO  - Executed action GD.API.Controllers.Health.HealthController.GetConsumersPageList (API) in 288ms
18:09:41 INFO  - Executed action GD.API.Controllers.Health.HealthController.GetConsumersPageList (API) in 318ms
18:09:42 INFO  - Executed action GD.API.Controllers.Health.HealthController.GetConsumersPageList (API) in 333ms
18:09:44 INFO  - Executed action GD.API.Controllers.Health.HealthController.GetConsumersPageList (API) in 289ms
18:09:48 INFO  - Executed action GD.API.Controllers.Health.HealthManagerController.BatchBindHealthManager (API) in 437ms
18:09:51 INFO  - Executed action GD.API.Controllers.Health.HealthController.GetConsumersPageList (API) in 309ms
18:09:52 INFO  - Executed action GD.API.Controllers.Health.HealthController.GetConsumersPageList (API) in 332ms
18:09:52 INFO  - Executed action GD.API.Controllers.Health.HealthController.GetConsumersPageList (API) in 290ms
18:09:54 INFO  - Executed action GD.API.Controllers.Health.HealthManagerController.GetHealthManagerConsumers (API) in 310ms
18:09:56 INFO  - Executed action GD.API.Controllers.Health.HealthManagerController.GetHealthManagerConsumers (API) in 332ms
18:09:58 INFO  - Executed action GD.API.Controllers.Health.HealthManagerController.GetHealthManagerConsumers (API) in 296ms
18:10:24 INFO  - Executed action GD.API.Controllers.Health.HealthManagerController.GetHealthManagerConsumers (API) in 305ms
18:10:27 INFO  - Executed action GD.API.Controllers.Health.HealthManagerController.GetHealthManagerConsumers (API) in 326ms
18:10:34 INFO  - Executed action GD.API.Controllers.Health.HealthManagerController.BatchBindHealthManager (API) in 462ms
18:10:36 INFO  - Executed action GD.API.Controllers.Health.HealthManagerController.GetHealthManagerConsumers (API) in 289ms
18:10:37 INFO  - Executed action GD.API.Controllers.Health.HealthManagerController.GetHealthManagerConsumers (API) in 305ms
18:10:53 INFO  - Executed action GD.API.Controllers.Health.HealthManagerController.BatchBindHealthManager (API) in 477ms
18:10:55 INFO  - Executed action GD.API.Controllers.Health.HealthManagerController.GetHealthManagerConsumers (API) in 324ms
18:10:57 INFO  - Executed action GD.API.Controllers.Health.HealthManagerController.GetHealthManagerConsumers (API) in 288ms
18:11:03 INFO  - Executed action GD.API.Controllers.Health.HealthManagerController.BatchBindHealthManager (API) in 673ms
18:11:05 INFO  - Executed action GD.API.Controllers.Health.HealthManagerController.GetHealthManagerConsumers (API) in 301ms
18:11:06 INFO  - Executed action GD.API.Controllers.Health.HealthManagerController.GetHealthManagerConsumers (API) in 321ms
18:11:18 INFO  - Executed action GD.API.Controllers.Health.HealthController.GetConsumersPageList (API) in 289ms
18:11:19 INFO  - Executed action GD.API.Controllers.Health.HealthController.GetConsumersPageList (API) in 318ms
18:11:19 INFO  - Executed action GD.API.Controllers.Health.HealthController.GetConsumersPageList (API) in 333ms
18:11:19 INFO  - Executed action GD.API.Controllers.Health.HealthController.GetConsumersPageList (API) in 290ms
18:11:19 INFO  - Executed action GD.API.Controllers.Health.HealthController.GetConsumersPageList (API) in 336ms
18:11:20 INFO  - Executed action GD.API.Controllers.Health.HealthController.GetConsumersPageList (API) in 298ms
18:11:20 INFO  - Executed action GD.API.Controllers.Health.HealthController.GetConsumersPageList (API) in 324ms
18:11:20 INFO  - Executed action GD.API.Controllers.Health.HealthController.GetConsumersPageList (API) in 296ms
18:11:20 INFO  - Executed action GD.API.Controllers.Health.HealthController.GetConsumersPageList (API) in 328ms
18:11:20 INFO  - Executed action GD.API.Controllers.Health.HealthController.GetConsumersPageList (API) in 291ms
18:11:20 INFO  - Executed action GD.API.Controllers.Health.HealthController.GetConsumersPageList (API) in 324ms
18:11:22 INFO  - Executed action GD.API.Controllers.Health.HealthController.GetConsumersPageList (API) in 297ms
18:11:22 INFO  - Executed action GD.API.Controllers.Health.HealthController.GetConsumersPageList (API) in 306ms
18:11:22 INFO  - Executed action GD.API.Controllers.Health.HealthController.GetConsumersPageList (API) in 331ms
18:11:23 INFO  - Executed action GD.API.Controllers.Health.HealthController.GetConsumersPageList (API) in 327ms
18:11:23 INFO  - Executed action GD.API.Controllers.Health.HealthController.GetConsumersPageList (API) in 292ms
