11:47:39 INFO  - Executed action GD.API.Controllers.Utility.AccountController.LoginAdmin (API) in 162ms
11:47:39 INFO  - Executed action GD.API.Controllers.System.UserController.GetLoginUserInfoAsync (API) in 139ms
11:47:39 INFO  - Executed action GD.API.Controllers.Questionnaire.QuestionnaireController.GetQuestionnairePageListAsync (API) in 51ms
11:47:43 INFO  - Executed action GD.API.Controllers.Questionnaire.QuestionnaireController.GetQuestionnaireInfoAsync (API) in 49ms
11:47:50 INFO  - Executed action GD.API.Controllers.Questionnaire.QuestionnaireController.GetQuestionnaireInfoAsync (API) in 48ms
11:47:58 INFO  - Executed action GD.API.Controllers.Questionnaire.QuestionnaireController.CreateQuestionnaireQuestionAsync (API) in 281ms
11:47:58 INFO  - Executed action GD.API.Controllers.Questionnaire.QuestionnaireController.GetQuestionnaireInfoAsync (API) in 48ms
11:48:29 INFO  - Executed action GD.API.Controllers.System.UserController.GetLoginUserInfoAsync (API) in 142ms
11:48:29 INFO  - Executed action GD.API.Controllers.Questionnaire.QuestionnaireController.GetQuestionnairePageListAsync (API) in 57ms
11:48:30 INFO  - Executed action GD.API.Controllers.Questionnaire.QuestionnaireController.GetQuestionnaireInfoAsync (API) in 67ms
11:48:37 INFO  - Executed action GD.API.Controllers.Questionnaire.QuestionnaireController.CreateQuestionnaireQuestionAsync (API) in 105ms
11:48:37 INFO  - Executed action GD.API.Controllers.Questionnaire.QuestionnaireController.GetQuestionnaireInfoAsync (API) in 72ms
11:48:44 INFO  - Executed action GD.API.Controllers.Questionnaire.QuestionnaireController.CreateQuestionnaireQuestionAsync (API) in 172ms
11:48:44 INFO  - Executed action GD.API.Controllers.Questionnaire.QuestionnaireController.GetQuestionnaireInfoAsync (API) in 105ms
11:48:47 INFO  - Executed action GD.API.Controllers.Questionnaire.QuestionnaireController.GetQuestionnaireInfoAsync (API) in 52ms
11:48:53 INFO  - Executed action GD.API.Controllers.Questionnaire.QuestionnaireController.IssueQuestionnaireAsync (API) in 42ms
11:48:53 INFO  - Executed action GD.API.Controllers.Questionnaire.QuestionnaireController.GetQuestionnairePageListAsync (API) in 65ms
11:48:55 INFO  - Executed action GD.API.Controllers.Questionnaire.QuestionnaireController.GetQuestionnaireInfoAsync (API) in 48ms
11:49:22 INFO  - Executed action GD.API.Controllers.System.UserController.GetLoginUserInfoAsync (API) in 247ms
11:49:22 INFO  - Executed action GD.API.Controllers.Questionnaire.QuestionnaireController.GetQuestionnairePageListAsync (API) in 111ms
11:49:24 INFO  - Executed action GD.API.Controllers.Questionnaire.QuestionnaireController.GetQuestionnaireInfoAsync (API) in 61ms
11:49:27 INFO  - Executed action GD.API.Controllers.Questionnaire.QuestionnaireController.GetQuestionnaireInfoAsync (API) in 50ms
13:56:09 INFO  - Executed action GD.API.Controllers.Questionnaire.QuestionnaireController.GetConsumerQuestionnairesPageLisAsync (API) in 89ms
