15:50:01 INFO  - 开始保存聊天消息数据
15:50:02 INFO  - 聊天消息数据保存完成，共处理条 0 数据。耗时：0时0分0秒642毫秒
15:51:01 INFO  - 开始保存聊天消息数据
15:51:01 INFO  - 聊天消息数据保存完成，共处理条 0 数据。耗时：0时0分0秒31毫秒
15:52:01 INFO  - 开始保存聊天消息数据
15:52:01 INFO  - 聊天消息数据保存完成，共处理条 0 数据。耗时：0时0分0秒13毫秒
15:56:20 INFO  - 开始保存聊天消息数据
15:56:20 INFO  - 聊天消息数据保存完成，共处理条 0 数据。耗时：0时0分0秒885毫秒
15:56:49 INFO  - Executed action GD.Host.Controllers.AccountController.LoginAdmin (PAPI) in 923ms
15:56:50 INFO  - Executed action GD.API.Controllers.System.UserController.GetLoginUserInfoAsync (API) in 755ms
15:56:51 INFO  - Executed action GD.API.Controllers.System.HomeController.GetUserQtyAsync (API) in 60ms
15:56:51 INFO  - Executed action GD.API.Controllers.System.HomeController.GetDoctorsQtyAsync (API) in 28ms
15:56:51 INFO  - Executed action GD.API.Controllers.System.HomeController.GetOrderQtyAsync (API) in 84ms
15:56:51 INFO  - Executed action GD.API.Controllers.System.HomeController.GetMerchantQtyAsync (API) in 113ms
15:56:55 INFO  - Executed action GD.API.Controllers.Doctor.HospitalController.GetHospitalLevel (API) in 10ms
15:56:55 INFO  - Executed action GD.API.Controllers.Doctor.HospitalController.GetHospitalPageAsync (API) in 85ms
15:56:56 INFO  - Executed action GD.API.Controllers.Doctor.HospitalController.GetFirstOfficeListAsync (API) in 58ms
15:56:56 INFO  - Executed action GD.API.Controllers.Doctor.HospitalController.GetOfficeListAsync (API) in 64ms
15:57:19 INFO  - 开始保存聊天消息数据
15:57:19 INFO  - 聊天消息数据保存完成，共处理条 0 数据。耗时：0时0分0秒25毫秒
15:58:19 INFO  - 开始保存聊天消息数据
15:58:19 INFO  - 聊天消息数据保存完成，共处理条 0 数据。耗时：0时0分0秒9毫秒
17:07:00 INFO  - 开始保存聊天消息数据
17:07:01 INFO  - 聊天消息数据保存完成，共处理条 0 数据。耗时：0时0分0秒714毫秒
17:08:00 INFO  - 开始保存聊天消息数据
17:08:00 INFO  - 聊天消息数据保存完成，共处理条 0 数据。耗时：0时0分0秒12毫秒
17:08:51 INFO  - Executed action GD.API.Controllers.System.HomeController.GetUserQtyAsync (API) in 585ms
17:08:51 INFO  - Executed action GD.API.Controllers.System.HomeController.GetMerchantQtyAsync (API) in 586ms
17:08:51 INFO  - Executed action GD.API.Controllers.System.HomeController.GetOrderQtyAsync (API) in 586ms
17:08:51 INFO  - Executed action GD.API.Controllers.System.HomeController.GetDoctorsQtyAsync (API) in 586ms
17:08:54 INFO  - Executed action GD.API.Controllers.Doctor.HospitalController.GetHospitalAllSelectAsync (API) in 141ms
17:08:55 INFO  - Executed action GD.API.Controllers.Doctor.DoctorController.GetDoctorPageAsync (API) in 111ms
17:08:57 INFO  - Executed action GD.API.Controllers.Doctor.DoctorController.GetDoctorJobTitlesAsync (API) in 2883ms
17:09:00 INFO  - 开始保存聊天消息数据
17:09:00 INFO  - 聊天消息数据保存完成，共处理条 0 数据。耗时：0时0分0秒6毫秒
17:10:00 INFO  - 开始保存聊天消息数据
17:10:00 INFO  - 聊天消息数据保存完成，共处理条 0 数据。耗时：0时0分0秒21毫秒
17:11:00 INFO  - 开始保存聊天消息数据
17:11:00 INFO  - 聊天消息数据保存完成，共处理条 0 数据。耗时：0时0分0秒12毫秒
17:12:00 INFO  - 开始保存聊天消息数据
17:12:00 INFO  - 聊天消息数据保存完成，共处理条 0 数据。耗时：0时0分0秒11毫秒
17:13:00 INFO  - 开始保存聊天消息数据
17:13:00 INFO  - 聊天消息数据保存完成，共处理条 0 数据。耗时：0时0分0秒11毫秒
17:14:00 INFO  - 开始保存聊天消息数据
17:14:00 INFO  - 聊天消息数据保存完成，共处理条 0 数据。耗时：0时0分0秒12毫秒
17:15:00 INFO  - 开始保存聊天消息数据
17:15:00 INFO  - 聊天消息数据保存完成，共处理条 0 数据。耗时：0时0分0秒11毫秒
17:16:00 INFO  - 开始保存聊天消息数据
17:16:00 INFO  - 聊天消息数据保存完成，共处理条 0 数据。耗时：0时0分0秒10毫秒
17:17:00 INFO  - 开始保存聊天消息数据
17:17:00 INFO  - 聊天消息数据保存完成，共处理条 0 数据。耗时：0时0分0秒12毫秒
17:18:00 INFO  - 开始保存聊天消息数据
17:18:00 INFO  - 聊天消息数据保存完成，共处理条 0 数据。耗时：0时0分0秒17毫秒
17:19:00 INFO  - 开始保存聊天消息数据
17:19:00 INFO  - 聊天消息数据保存完成，共处理条 0 数据。耗时：0时0分0秒16毫秒
17:20:00 INFO  - 开始保存聊天消息数据
17:20:00 INFO  - 聊天消息数据保存完成，共处理条 0 数据。耗时：0时0分0秒13毫秒
17:21:00 INFO  - 开始保存聊天消息数据
17:21:00 INFO  - 聊天消息数据保存完成，共处理条 0 数据。耗时：0时0分0秒10毫秒
17:22:00 INFO  - 开始保存聊天消息数据
17:22:00 INFO  - 聊天消息数据保存完成，共处理条 0 数据。耗时：0时0分0秒11毫秒
17:23:00 INFO  - 开始保存聊天消息数据
17:23:00 INFO  - 聊天消息数据保存完成，共处理条 0 数据。耗时：0时0分0秒11毫秒
17:24:00 INFO  - 开始保存聊天消息数据
17:24:00 INFO  - 聊天消息数据保存完成，共处理条 0 数据。耗时：0时0分0秒11毫秒
17:25:00 INFO  - 开始保存聊天消息数据
17:25:00 INFO  - 聊天消息数据保存完成，共处理条 0 数据。耗时：0时0分0秒11毫秒
17:26:00 INFO  - 开始保存聊天消息数据
17:26:00 INFO  - 聊天消息数据保存完成，共处理条 0 数据。耗时：0时0分0秒9毫秒
17:27:00 INFO  - 开始保存聊天消息数据
17:27:00 INFO  - 聊天消息数据保存完成，共处理条 0 数据。耗时：0时0分0秒11毫秒
17:28:00 INFO  - 开始保存聊天消息数据
17:28:00 INFO  - 聊天消息数据保存完成，共处理条 0 数据。耗时：0时0分0秒17毫秒
17:29:00 INFO  - 开始保存聊天消息数据
17:29:00 INFO  - 聊天消息数据保存完成，共处理条 0 数据。耗时：0时0分0秒9毫秒
17:30:00 INFO  - 开始保存聊天消息数据
17:30:00 INFO  - 聊天消息数据保存完成，共处理条 0 数据。耗时：0时0分0秒13毫秒
17:31:00 INFO  - 开始保存聊天消息数据
17:31:00 INFO  - 聊天消息数据保存完成，共处理条 0 数据。耗时：0时0分0秒12毫秒
17:32:00 INFO  - 开始保存聊天消息数据
17:32:00 INFO  - 聊天消息数据保存完成，共处理条 0 数据。耗时：0时0分0秒10毫秒
17:33:00 INFO  - 开始保存聊天消息数据
17:33:00 INFO  - 聊天消息数据保存完成，共处理条 0 数据。耗时：0时0分0秒10毫秒
17:34:00 INFO  - 开始保存聊天消息数据
17:34:00 INFO  - 聊天消息数据保存完成，共处理条 0 数据。耗时：0时0分0秒10毫秒
17:35:00 INFO  - 开始保存聊天消息数据
17:35:00 INFO  - 聊天消息数据保存完成，共处理条 0 数据。耗时：0时0分0秒10毫秒
17:36:00 INFO  - 开始保存聊天消息数据
17:36:00 INFO  - 聊天消息数据保存完成，共处理条 0 数据。耗时：0时0分0秒12毫秒
17:37:00 INFO  - 开始保存聊天消息数据
17:37:00 INFO  - 聊天消息数据保存完成，共处理条 0 数据。耗时：0时0分0秒10毫秒
17:38:00 INFO  - 开始保存聊天消息数据
17:38:00 INFO  - 聊天消息数据保存完成，共处理条 0 数据。耗时：0时0分0秒11毫秒
17:39:00 INFO  - 开始保存聊天消息数据
17:39:00 INFO  - 聊天消息数据保存完成，共处理条 0 数据。耗时：0时0分0秒11毫秒
17:40:00 INFO  - 开始保存聊天消息数据
17:40:00 INFO  - 聊天消息数据保存完成，共处理条 0 数据。耗时：0时0分0秒10毫秒
17:41:00 INFO  - 开始保存聊天消息数据
17:41:00 INFO  - 聊天消息数据保存完成，共处理条 0 数据。耗时：0时0分0秒11毫秒
17:42:00 INFO  - 开始保存聊天消息数据
17:42:00 INFO  - 聊天消息数据保存完成，共处理条 0 数据。耗时：0时0分0秒11毫秒
17:43:00 INFO  - 开始保存聊天消息数据
17:43:00 INFO  - 聊天消息数据保存完成，共处理条 0 数据。耗时：0时0分0秒27毫秒
17:44:00 INFO  - 开始保存聊天消息数据
17:44:00 INFO  - 聊天消息数据保存完成，共处理条 0 数据。耗时：0时0分0秒11毫秒
17:45:00 INFO  - 开始保存聊天消息数据
17:45:00 INFO  - 聊天消息数据保存完成，共处理条 0 数据。耗时：0时0分0秒12毫秒
17:46:00 INFO  - 开始保存聊天消息数据
17:46:00 INFO  - 聊天消息数据保存完成，共处理条 0 数据。耗时：0时0分0秒16毫秒
17:47:00 INFO  - 开始保存聊天消息数据
17:47:00 INFO  - 聊天消息数据保存完成，共处理条 0 数据。耗时：0时0分0秒12毫秒
17:48:00 INFO  - 开始保存聊天消息数据
17:48:00 INFO  - 聊天消息数据保存完成，共处理条 0 数据。耗时：0时0分0秒15毫秒
17:49:00 INFO  - 开始保存聊天消息数据
17:49:00 INFO  - 聊天消息数据保存完成，共处理条 0 数据。耗时：0时0分0秒11毫秒
17:50:00 INFO  - 开始保存聊天消息数据
17:50:00 INFO  - 聊天消息数据保存完成，共处理条 0 数据。耗时：0时0分0秒12毫秒
17:51:00 INFO  - 开始保存聊天消息数据
17:51:00 INFO  - 聊天消息数据保存完成，共处理条 0 数据。耗时：0时0分0秒10毫秒
17:52:00 INFO  - 开始保存聊天消息数据
17:52:00 INFO  - 聊天消息数据保存完成，共处理条 0 数据。耗时：0时0分0秒21毫秒
17:53:00 INFO  - 开始保存聊天消息数据
17:53:00 INFO  - 聊天消息数据保存完成，共处理条 0 数据。耗时：0时0分0秒13毫秒
17:54:00 INFO  - 开始保存聊天消息数据
17:54:00 INFO  - 聊天消息数据保存完成，共处理条 0 数据。耗时：0时0分0秒11毫秒
17:55:00 INFO  - 开始保存聊天消息数据
17:55:00 INFO  - 聊天消息数据保存完成，共处理条 0 数据。耗时：0时0分0秒11毫秒
17:56:00 INFO  - 开始保存聊天消息数据
17:56:00 INFO  - 聊天消息数据保存完成，共处理条 0 数据。耗时：0时0分0秒12毫秒
17:57:00 INFO  - 开始保存聊天消息数据
17:57:00 INFO  - 聊天消息数据保存完成，共处理条 0 数据。耗时：0时0分0秒10毫秒
17:58:00 INFO  - 开始保存聊天消息数据
17:58:00 INFO  - 聊天消息数据保存完成，共处理条 0 数据。耗时：0时0分0秒10毫秒
17:59:00 INFO  - 开始保存聊天消息数据
17:59:00 INFO  - 聊天消息数据保存完成，共处理条 0 数据。耗时：0时0分0秒10毫秒
18:00:00 INFO  - 开始保存聊天消息数据
18:00:00 INFO  - 聊天消息数据保存完成，共处理条 0 数据。耗时：0时0分0秒11毫秒
18:01:00 INFO  - 开始保存聊天消息数据
18:01:00 INFO  - 聊天消息数据保存完成，共处理条 0 数据。耗时：0时0分0秒15毫秒
18:02:00 INFO  - 开始保存聊天消息数据
18:02:00 INFO  - 聊天消息数据保存完成，共处理条 0 数据。耗时：0时0分0秒11毫秒
18:03:00 INFO  - 开始保存聊天消息数据
18:03:00 INFO  - 聊天消息数据保存完成，共处理条 0 数据。耗时：0时0分0秒10毫秒
18:04:00 INFO  - 开始保存聊天消息数据
18:04:00 INFO  - 聊天消息数据保存完成，共处理条 0 数据。耗时：0时0分0秒11毫秒
18:05:00 INFO  - 开始保存聊天消息数据
18:05:00 INFO  - 聊天消息数据保存完成，共处理条 0 数据。耗时：0时0分0秒10毫秒
18:06:00 INFO  - 开始保存聊天消息数据
18:06:00 INFO  - 聊天消息数据保存完成，共处理条 0 数据。耗时：0时0分0秒11毫秒
18:07:00 INFO  - 开始保存聊天消息数据
18:07:00 INFO  - 聊天消息数据保存完成，共处理条 0 数据。耗时：0时0分0秒12毫秒
18:08:00 INFO  - 开始保存聊天消息数据
18:08:00 INFO  - 聊天消息数据保存完成，共处理条 0 数据。耗时：0时0分0秒19毫秒
18:09:00 INFO  - 开始保存聊天消息数据
18:09:00 INFO  - 聊天消息数据保存完成，共处理条 0 数据。耗时：0时0分0秒12毫秒
18:10:00 INFO  - 开始保存聊天消息数据
18:10:00 INFO  - 聊天消息数据保存完成，共处理条 0 数据。耗时：0时0分0秒15毫秒
18:11:00 INFO  - 开始保存聊天消息数据
18:11:00 INFO  - 聊天消息数据保存完成，共处理条 0 数据。耗时：0时0分0秒11毫秒
18:12:00 INFO  - 开始保存聊天消息数据
18:12:00 INFO  - 聊天消息数据保存完成，共处理条 0 数据。耗时：0时0分0秒17毫秒
18:13:00 INFO  - 开始保存聊天消息数据
18:13:00 INFO  - 聊天消息数据保存完成，共处理条 0 数据。耗时：0时0分0秒16毫秒
18:14:00 INFO  - 开始保存聊天消息数据
18:14:00 INFO  - 聊天消息数据保存完成，共处理条 0 数据。耗时：0时0分0秒15毫秒
18:15:00 INFO  - 开始保存聊天消息数据
18:15:00 INFO  - 聊天消息数据保存完成，共处理条 0 数据。耗时：0时0分0秒10毫秒
18:16:00 INFO  - 开始保存聊天消息数据
18:16:00 INFO  - 聊天消息数据保存完成，共处理条 0 数据。耗时：0时0分0秒10毫秒
18:17:00 INFO  - 开始保存聊天消息数据
18:17:00 INFO  - 聊天消息数据保存完成，共处理条 0 数据。耗时：0时0分0秒12毫秒
18:18:00 INFO  - 开始保存聊天消息数据
18:18:00 INFO  - 聊天消息数据保存完成，共处理条 0 数据。耗时：0时0分0秒13毫秒
18:19:00 INFO  - 开始保存聊天消息数据
18:19:00 INFO  - 聊天消息数据保存完成，共处理条 0 数据。耗时：0时0分0秒10毫秒
18:20:00 INFO  - 开始保存聊天消息数据
18:20:00 INFO  - 聊天消息数据保存完成，共处理条 0 数据。耗时：0时0分0秒10毫秒
18:21:00 INFO  - 开始保存聊天消息数据
18:21:00 INFO  - 聊天消息数据保存完成，共处理条 0 数据。耗时：0时0分0秒12毫秒
18:22:00 INFO  - 开始保存聊天消息数据
18:22:00 INFO  - 聊天消息数据保存完成，共处理条 0 数据。耗时：0时0分0秒19毫秒
18:23:00 INFO  - 开始保存聊天消息数据
18:23:00 INFO  - 聊天消息数据保存完成，共处理条 0 数据。耗时：0时0分0秒11毫秒
18:24:00 INFO  - 开始保存聊天消息数据
18:24:00 INFO  - 聊天消息数据保存完成，共处理条 0 数据。耗时：0时0分0秒11毫秒
18:25:00 INFO  - 开始保存聊天消息数据
18:25:00 INFO  - 聊天消息数据保存完成，共处理条 0 数据。耗时：0时0分0秒12毫秒
18:26:00 INFO  - 开始保存聊天消息数据
18:26:00 INFO  - 聊天消息数据保存完成，共处理条 0 数据。耗时：0时0分0秒12毫秒
18:27:00 INFO  - 开始保存聊天消息数据
18:27:00 INFO  - 聊天消息数据保存完成，共处理条 0 数据。耗时：0时0分0秒12毫秒
18:28:00 INFO  - 开始保存聊天消息数据
18:28:00 INFO  - 聊天消息数据保存完成，共处理条 0 数据。耗时：0时0分0秒10毫秒
18:29:00 INFO  - 开始保存聊天消息数据
18:29:00 INFO  - 聊天消息数据保存完成，共处理条 0 数据。耗时：0时0分0秒23毫秒
18:30:00 INFO  - 开始保存聊天消息数据
18:30:00 INFO  - 聊天消息数据保存完成，共处理条 0 数据。耗时：0时0分0秒12毫秒
18:31:00 INFO  - 开始保存聊天消息数据
18:31:00 INFO  - 聊天消息数据保存完成，共处理条 0 数据。耗时：0时0分0秒11毫秒
18:32:00 INFO  - 开始保存聊天消息数据
18:32:00 INFO  - 聊天消息数据保存完成，共处理条 0 数据。耗时：0时0分0秒12毫秒
18:33:00 INFO  - 开始保存聊天消息数据
18:33:00 INFO  - 聊天消息数据保存完成，共处理条 0 数据。耗时：0时0分0秒22毫秒
