09:23:46 INFO  - Executed action GD.API.Controllers.Questionnaire.QuestionnaireController.GetQuestionnaireInfoAsync (API) in 112ms
10:26:34 INFO  - Executed action GD.API.Controllers.Questionnaire.QuestionnaireController.GetQuestionnairePageListAsync (API) in 110ms
10:28:52 INFO  - Executed action GD.API.Controllers.Questionnaire.QuestionnaireController.GetQuestionnairePageListAsync (API) in 44ms
10:34:07 INFO  - Executed action GD.API.Controllers.Questionnaire.QuestionnaireController.GetQuestionnairePageListAsync (API) in 52ms
10:34:13 INFO  - Executed action GD.API.Controllers.Questionnaire.QuestionnaireController.ChangerQuestionnaireDisplayAsync (API) in 47ms
10:34:14 INFO  - Executed action GD.API.Controllers.Questionnaire.QuestionnaireController.ChangerQuestionnaireDisplayAsync (API) in 43ms
10:34:16 INFO  - Executed action GD.API.Controllers.Questionnaire.QuestionnaireController.ChangerQuestionnaireDisplayAsync (API) in 45ms
10:34:17 INFO  - Executed action GD.API.Controllers.Questionnaire.QuestionnaireController.ChangerQuestionnaireDisplayAsync (API) in 40ms
10:34:19 INFO  - Executed action GD.API.Controllers.Questionnaire.QuestionnaireController.ChangerQuestionnaireDisplayAsync (API) in 43ms
10:34:20 INFO  - Executed action GD.API.Controllers.Questionnaire.QuestionnaireController.ChangerQuestionnaireDisplayAsync (API) in 44ms
10:34:45 INFO  - Executed action GD.API.Controllers.Questionnaire.QuestionnaireController.GetQuestionnairePageListAsync (API) in 48ms
10:34:48 INFO  - Executed action GD.API.Controllers.Questionnaire.QuestionnaireController.GetQuestionnairePageListAsync (API) in 48ms
10:34:55 INFO  - Executed action GD.API.Controllers.Questionnaire.QuestionnaireController.GetQuestionnairePageListAsync (API) in 47ms
10:36:11 INFO  - Executed action GD.API.Controllers.Questionnaire.QuestionnaireController.GetQuestionnairePageListAsync (API) in 2763ms
10:36:22 INFO  - Executed action GD.API.Controllers.Questionnaire.QuestionnaireController.GetQuestionnairePageListAsync (API) in 4402ms
10:36:28 INFO  - Executed action GD.API.Controllers.Questionnaire.QuestionnaireController.GetQuestionnaireInfoAsync (API) in 237ms
10:36:34 INFO  - Executed action GD.API.Controllers.Questionnaire.QuestionnaireController.GetQuestionnaireInfoAsync (API) in 111ms
10:36:37 INFO  - Executed action GD.API.Controllers.Questionnaire.QuestionnaireController.GetQuestionnaireInfoAsync (API) in 96ms
10:37:51 INFO  - Executed action GD.API.Controllers.Questionnaire.QuestionnaireController.GetQuestionnaireInfoAsync (API) in 47ms
10:58:03 INFO  - Executed action GD.API.Controllers.System.UserController.GetLoginUserInfoAsync (API) in 676ms
10:58:04 INFO  - Executed action GD.API.Controllers.Questionnaire.QuestionnaireController.GetQuestionnairePageListAsync (API) in 65ms
11:04:19 INFO  - Executed action GD.API.Controllers.System.UserController.GetLoginUserInfoAsync (API) in 180ms
11:04:19 INFO  - Executed action GD.API.Controllers.Questionnaire.QuestionnaireController.GetQuestionnairePageListAsync (API) in 48ms
11:04:21 INFO  - Executed action GD.API.Controllers.Questionnaire.QuestionnaireController.GetQuestionnaireInfoAsync (API) in 58ms
11:14:33 INFO  - Executed action GD.API.Controllers.System.UserController.GetLoginUserInfoAsync (API) in 171ms
11:14:34 INFO  - Executed action GD.API.Controllers.Questionnaire.QuestionnaireController.GetQuestionnairePageListAsync (API) in 44ms
11:14:35 INFO  - Executed action GD.API.Controllers.Questionnaire.QuestionnaireController.GetQuestionnaireInfoAsync (API) in 66ms
11:14:59 INFO  - Executed action GD.API.Controllers.System.UserController.GetLoginUserInfoAsync (API) in 336ms
11:15:00 INFO  - Executed action GD.API.Controllers.Questionnaire.QuestionnaireController.GetQuestionnairePageListAsync (API) in 138ms
11:15:01 INFO  - Executed action GD.API.Controllers.Questionnaire.QuestionnaireController.GetQuestionnaireInfoAsync (API) in 155ms
11:15:16 INFO  - Executed action GD.API.Controllers.Questionnaire.QuestionnaireController.GetQuestionnaireInfoAsync (API) in 50ms
11:16:14 INFO  - Executed action GD.API.Controllers.System.UserController.GetLoginUserInfoAsync (API) in 151ms
11:16:15 INFO  - Executed action GD.API.Controllers.Questionnaire.QuestionnaireController.GetQuestionnairePageListAsync (API) in 52ms
11:16:16 INFO  - Executed action GD.API.Controllers.Questionnaire.QuestionnaireController.GetQuestionnaireInfoAsync (API) in 57ms
11:16:22 INFO  - Executed action GD.API.Controllers.Questionnaire.QuestionnaireController.GetQuestionnaireInfoAsync (API) in 48ms
11:19:21 INFO  - Executed action GD.API.Controllers.System.UserController.GetLoginUserInfoAsync (API) in 152ms
11:19:22 INFO  - Executed action GD.API.Controllers.Questionnaire.QuestionnaireController.GetQuestionnairePageListAsync (API) in 46ms
11:19:24 INFO  - Executed action GD.API.Controllers.Questionnaire.QuestionnaireController.GetQuestionnaireInfoAsync (API) in 53ms
11:19:27 INFO  - Executed action GD.API.Controllers.Questionnaire.QuestionnaireController.GetQuestionnaireInfoAsync (API) in 55ms
11:22:40 INFO  - Executed action GD.API.Controllers.System.UserController.GetLoginUserInfoAsync (API) in 133ms
11:22:41 INFO  - Executed action GD.API.Controllers.Questionnaire.QuestionnaireController.GetQuestionnairePageListAsync (API) in 41ms
11:22:42 INFO  - Executed action GD.API.Controllers.Questionnaire.QuestionnaireController.GetQuestionnaireInfoAsync (API) in 56ms
11:26:42 INFO  - Executed action GD.API.Controllers.System.UserController.GetLoginUserInfoAsync (API) in 146ms
11:26:42 INFO  - Executed action GD.API.Controllers.Questionnaire.QuestionnaireController.GetQuestionnairePageListAsync (API) in 46ms
11:26:43 INFO  - Executed action GD.API.Controllers.Questionnaire.QuestionnaireController.GetQuestionnaireInfoAsync (API) in 54ms
11:33:47 INFO  - Executed action GD.API.Controllers.Questionnaire.QuestionnaireController.GetQuestionnaireInfoAsync (API) in 92ms
11:45:58 INFO  - Executed action GD.API.Controllers.System.UserController.GetLoginUserInfoAsync (API) in 271ms
11:45:59 INFO  - Executed action GD.API.Controllers.Questionnaire.QuestionnaireController.GetQuestionnairePageListAsync (API) in 74ms
11:46:01 INFO  - Executed action GD.API.Controllers.Questionnaire.QuestionnaireController.GetQuestionnaireInfoAsync (API) in 92ms
11:52:49 INFO  - Executed action GD.API.Controllers.System.UserController.GetLoginUserInfoAsync (API) in 423ms
11:52:50 INFO  - Executed action GD.API.Controllers.Questionnaire.QuestionnaireController.GetQuestionnairePageListAsync (API) in 125ms
11:52:51 INFO  - Executed action GD.API.Controllers.Questionnaire.QuestionnaireController.GetQuestionnaireInfoAsync (API) in 140ms
13:49:18 INFO  - Executed action GD.API.Controllers.Questionnaire.QuestionnaireController.GetQuestionnaireInfoAsync (API) in 151ms
13:55:39 INFO  - Executed action GD.API.Controllers.System.UserController.GetLoginUserInfoAsync (API) in 177ms
13:55:40 INFO  - Executed action GD.API.Controllers.Questionnaire.QuestionnaireController.GetQuestionnairePageListAsync (API) in 40ms
13:55:52 INFO  - Executed action GD.API.Controllers.Questionnaire.QuestionnaireController.GetQuestionnaireInfoAsync (API) in 56ms
13:56:05 INFO  - Executed action GD.API.Controllers.System.UserController.GetLoginUserInfoAsync (API) in 111ms
13:56:05 INFO  - Executed action GD.API.Controllers.Questionnaire.QuestionnaireController.GetQuestionnairePageListAsync (API) in 39ms
13:56:09 INFO  - Executed action GD.API.Controllers.Questionnaire.QuestionnaireController.GetQuestionnaireInfoAsync (API) in 45ms
13:59:55 INFO  - Executed action GD.API.Controllers.System.UserController.GetLoginUserInfoAsync (API) in 124ms
13:59:55 INFO  - Executed action GD.API.Controllers.Questionnaire.QuestionnaireController.GetQuestionnairePageListAsync (API) in 48ms
14:00:00 INFO  - Executed action GD.API.Controllers.Questionnaire.QuestionnaireController.GetQuestionnaireInfoAsync (API) in 57ms
14:00:31 INFO  - Executed action GD.API.Controllers.System.UserController.GetLoginUserInfoAsync (API) in 126ms
14:00:32 INFO  - Executed action GD.API.Controllers.Questionnaire.QuestionnaireController.GetQuestionnairePageListAsync (API) in 43ms
14:00:35 INFO  - Executed action GD.API.Controllers.Questionnaire.QuestionnaireController.GetQuestionnaireInfoAsync (API) in 45ms
14:02:19 INFO  - Executed action GD.API.Controllers.System.UserController.GetLoginUserInfoAsync (API) in 121ms
14:02:20 INFO  - Executed action GD.API.Controllers.Questionnaire.QuestionnaireController.GetQuestionnairePageListAsync (API) in 42ms
14:02:21 INFO  - Executed action GD.API.Controllers.Questionnaire.QuestionnaireController.GetQuestionnaireInfoAsync (API) in 49ms
14:02:32 INFO  - Executed action GD.API.Controllers.Questionnaire.QuestionnaireController.CreateQuestionnaireQuestionAsync (API) in 122ms
14:06:06 INFO  - Executed action GD.API.Controllers.System.UserController.GetLoginUserInfoAsync (API) in 180ms
14:06:06 INFO  - Executed action GD.API.Controllers.Questionnaire.QuestionnaireController.GetQuestionnairePageListAsync (API) in 42ms
14:06:07 INFO  - Executed action GD.API.Controllers.Questionnaire.QuestionnaireController.GetQuestionnaireInfoAsync (API) in 47ms
14:06:20 INFO  - Executed action GD.API.Controllers.Questionnaire.QuestionnaireController.CreateQuestionnaireQuestionAsync (API) in 60ms
14:06:20 INFO  - Executed action GD.API.Controllers.Questionnaire.QuestionnaireController.GetQuestionnaireInfoAsync (API) in 47ms
14:06:39 INFO  - Executed action GD.API.Controllers.Questionnaire.QuestionnaireController.CreateQuestionnaireQuestionAsync (API) in 49ms
14:06:39 INFO  - Executed action GD.API.Controllers.Questionnaire.QuestionnaireController.GetQuestionnaireInfoAsync (API) in 50ms
14:16:10 INFO  - Executed action GD.API.Controllers.System.UserController.GetLoginUserInfoAsync (API) in 286ms
14:16:11 INFO  - Executed action GD.API.Controllers.Questionnaire.QuestionnaireController.GetQuestionnairePageListAsync (API) in 67ms
14:16:12 INFO  - Executed action GD.API.Controllers.Questionnaire.QuestionnaireController.GetQuestionnaireInfoAsync (API) in 104ms
14:19:51 INFO  - Executed action GD.API.Controllers.System.UserController.GetLoginUserInfoAsync (API) in 219ms
14:19:51 INFO  - Executed action GD.API.Controllers.Questionnaire.QuestionnaireController.GetQuestionnairePageListAsync (API) in 73ms
14:19:52 INFO  - Executed action GD.API.Controllers.Questionnaire.QuestionnaireController.GetQuestionnaireInfoAsync (API) in 82ms
14:28:16 INFO  - Executed action GD.API.Controllers.Utility.AccountController.LoginAdmin (API) in 663ms
14:28:17 INFO  - Executed action GD.API.Controllers.System.UserController.GetLoginUserInfoAsync (API) in 584ms
14:28:17 INFO  - Executed action GD.API.Controllers.System.HomeController.GetOrderQtyAsync (API) in 70ms
14:28:18 INFO  - Executed action GD.API.Controllers.System.HomeController.GetUserQtyAsync (API) in 103ms
14:28:18 INFO  - Executed action GD.API.Controllers.System.HomeController.GetDoctorsQtyAsync (API) in 99ms
14:28:18 INFO  - Executed action GD.API.Controllers.System.HomeController.GetMerchantQtyAsync (API) in 164ms
14:28:22 INFO  - Executed action GD.API.Controllers.Doctor.HospitalController.GetHospitalAllSelectAsync (API) in 41ms
14:28:22 INFO  - Executed action GD.API.Controllers.Doctor.DoctorController.GetDoctorCertificateDetailAsync (API) in 44ms
14:28:22 INFO  - Executed action GD.API.Controllers.Doctor.DoctorController.GetDoctorPageAsync (API) in 199ms
14:28:26 INFO  - Executed action GD.API.Controllers.Doctor.DoctorController.GetDoctorIntegralPageAsync (API) in 149ms
14:28:26 INFO  - Executed action GD.API.Controllers.Doctor.DoctorController.GetDoctorJobTitlesAsync (API) in 3923ms
14:28:28 INFO  - Executed action GD.API.Controllers.Doctor.DoctorController.GetDoctorIntegralPageAsync (API) in 114ms
14:28:30 INFO  - Executed action GD.API.Controllers.Doctor.DoctorController.GetDoctorIntegralPageAsync (API) in 122ms
14:28:37 INFO  - Executed action GD.API.Controllers.System.DictionaryController.GetDictionaryMatedata (API) in 29ms
14:28:37 INFO  - Executed action GD.API.Controllers.System.DictionaryController.GetDictionaryTreeTypeAsync (API) in 61ms
14:28:37 INFO  - Executed action GD.API.Controllers.System.DictionaryController.GetDictionaryTreeAsync (API) in 50ms
14:28:45 INFO  - Executed action GD.API.Controllers.System.DictionaryController.GetBusinessScopeTypeAsync (API) in 29ms
14:28:45 INFO  - Executed action GD.API.Controllers.System.DictionaryController.GetBusinessScopePageAsync (API) in 40ms
14:28:50 INFO  - Executed action GD.API.Controllers.System.DictionaryController.GetFaqsSettingTypeAsync (API) in 27ms
14:28:51 INFO  - Executed action GD.API.Controllers.Faqs.FaqsController.SearchFaqsQuestionAsync (API) in 156ms
14:28:53 INFO  - Executed action GD.API.Controllers.Questionnaire.QuestionnaireController.GetQuestionnairePageListAsync (API) in 80ms
14:28:55 INFO  - Executed action GD.API.Controllers.Questionnaire.QuestionnaireController.GetQuestionnaireInfoAsync (API) in 96ms
14:29:59 INFO  - Executed action GD.API.Controllers.System.UserController.GetLoginUserInfoAsync (API) in 171ms
14:30:00 INFO  - Executed action GD.API.Controllers.Questionnaire.QuestionnaireController.GetQuestionnairePageListAsync (API) in 67ms
14:30:01 INFO  - Executed action GD.API.Controllers.Questionnaire.QuestionnaireController.InitQuestionnaireForCreateQuestionnaireAsync (API) in 70ms
14:30:04 INFO  - Executed action GD.API.Controllers.Questionnaire.QuestionnaireController.GetQuestionnairePageListAsync (API) in 50ms
14:30:06 INFO  - Executed action GD.API.Controllers.Questionnaire.QuestionnaireController.GetQuestionnaireInfoAsync (API) in 97ms
14:30:09 INFO  - Executed action GD.API.Controllers.Questionnaire.QuestionnaireController.GetQuestionnaireInfoAsync (API) in 65ms
14:32:32 INFO  - Executed action GD.API.Controllers.System.UserController.GetLoginUserInfoAsync (API) in 193ms
14:32:33 INFO  - Executed action GD.API.Controllers.Questionnaire.QuestionnaireController.GetQuestionnairePageListAsync (API) in 53ms
14:32:36 INFO  - Executed action GD.API.Controllers.Questionnaire.QuestionnaireController.ChangerQuestionnaireDisplayAsync (API) in 82ms
14:32:37 INFO  - Executed action GD.API.Controllers.Questionnaire.QuestionnaireController.GetQuestionnaireInfoAsync (API) in 62ms
14:39:36 INFO  - Executed action GD.API.Controllers.System.UserController.GetLoginUserInfoAsync (API) in 348ms
14:39:37 INFO  - Executed action GD.API.Controllers.Questionnaire.QuestionnaireController.GetQuestionnairePageListAsync (API) in 87ms
14:39:38 INFO  - Executed action GD.API.Controllers.Questionnaire.QuestionnaireController.GetQuestionnaireInfoAsync (API) in 82ms
14:39:41 INFO  - Executed action GD.API.Controllers.Questionnaire.QuestionnaireController.GetQuestionnaireInfoAsync (API) in 80ms
14:43:05 INFO  - Executed action GD.API.Controllers.System.UserController.GetLoginUserInfoAsync (API) in 222ms
14:43:05 INFO  - Executed action GD.API.Controllers.Questionnaire.QuestionnaireController.GetQuestionnairePageListAsync (API) in 90ms
14:43:07 INFO  - Executed action GD.API.Controllers.Questionnaire.QuestionnaireController.GetQuestionnaireInfoAsync (API) in 78ms
14:44:57 INFO  - Executed action GD.API.Controllers.System.UserController.GetLoginUserInfoAsync (API) in 363ms
14:44:58 INFO  - Executed action GD.API.Controllers.Questionnaire.QuestionnaireController.GetQuestionnairePageListAsync (API) in 72ms
14:45:01 INFO  - Executed action GD.API.Controllers.Questionnaire.QuestionnaireController.GetQuestionnaireInfoAsync (API) in 89ms
14:45:04 INFO  - Executed action GD.API.Controllers.Questionnaire.QuestionnaireController.GetQuestionnaireInfoAsync (API) in 80ms
14:45:58 INFO  - Executed action GD.API.Controllers.Questionnaire.QuestionnaireController.GetQuestionnaireInfoAsync (API) in 75ms
14:47:24 INFO  - Executed action GD.API.Controllers.System.UserController.GetLoginUserInfoAsync (API) in 262ms
14:47:25 INFO  - Executed action GD.API.Controllers.Questionnaire.QuestionnaireController.GetQuestionnairePageListAsync (API) in 70ms
14:47:28 INFO  - Executed action GD.API.Controllers.Questionnaire.QuestionnaireController.GetQuestionnaireInfoAsync (API) in 86ms
15:01:24 INFO  - Executed action GD.API.Controllers.System.UserController.GetLoginUserInfoAsync (API) in 168ms
15:01:25 INFO  - Executed action GD.API.Controllers.Questionnaire.QuestionnaireController.GetQuestionnairePageListAsync (API) in 48ms
15:01:30 INFO  - Executed action GD.API.Controllers.Questionnaire.QuestionnaireController.ChangerQuestionnaireDisplayAsync (API) in 48ms
15:01:31 INFO  - Executed action GD.API.Controllers.Questionnaire.QuestionnaireController.GetQuestionnairePageListAsync (API) in 47ms
15:01:35 INFO  - Executed action GD.API.Controllers.Questionnaire.QuestionnaireController.ChangerQuestionnaireDisplayAsync (API) in 50ms
15:01:38 INFO  - Executed action GD.API.Controllers.Questionnaire.QuestionnaireController.ChangerQuestionnaireDisplayAsync (API) in 39ms
15:01:39 INFO  - Executed action GD.API.Controllers.Questionnaire.QuestionnaireController.GetQuestionnairePageListAsync (API) in 46ms
15:02:27 INFO  - Executed action GD.API.Controllers.Questionnaire.QuestionnaireController.GetQuestionnairePageListAsync (API) in 43ms
15:02:30 INFO  - Executed action GD.API.Controllers.System.UserController.GetLoginUserInfoAsync (API) in 143ms
15:02:30 INFO  - Executed action GD.API.Controllers.Questionnaire.QuestionnaireController.GetQuestionnairePageListAsync (API) in 46ms
15:02:32 INFO  - Executed action GD.API.Controllers.Questionnaire.QuestionnaireController.ChangerQuestionnaireDisplayAsync (API) in 39ms
15:02:34 INFO  - Executed action GD.API.Controllers.Questionnaire.QuestionnaireController.GetQuestionnairePageListAsync (API) in 45ms
15:02:35 INFO  - Executed action GD.API.Controllers.Questionnaire.QuestionnaireController.ChangerQuestionnaireDisplayAsync (API) in 39ms
15:02:36 INFO  - Executed action GD.API.Controllers.Questionnaire.QuestionnaireController.ChangerQuestionnaireDisplayAsync (API) in 50ms
15:02:37 INFO  - Executed action GD.API.Controllers.Questionnaire.QuestionnaireController.GetQuestionnaireInfoAsync (API) in 53ms
15:04:58 INFO  - Executed action GD.API.Controllers.System.UserController.GetLoginUserInfoAsync (API) in 141ms
15:04:59 INFO  - Executed action GD.API.Controllers.Questionnaire.QuestionnaireController.GetQuestionnairePageListAsync (API) in 44ms
15:05:00 INFO  - Executed action GD.API.Controllers.Questionnaire.QuestionnaireController.GetQuestionnaireInfoAsync (API) in 51ms
15:06:05 INFO  - Executed action GD.API.Controllers.System.UserController.GetLoginUserInfoAsync (API) in 143ms
15:06:05 INFO  - Executed action GD.API.Controllers.Questionnaire.QuestionnaireController.GetQuestionnairePageListAsync (API) in 44ms
15:06:07 INFO  - Executed action GD.API.Controllers.Questionnaire.QuestionnaireController.GetQuestionnaireInfoAsync (API) in 47ms
15:06:22 INFO  - Executed action GD.API.Controllers.Questionnaire.QuestionnaireController.CreateQuestionnaireQuestionAsync (API) in 128ms
15:06:22 INFO  - Executed action GD.API.Controllers.Questionnaire.QuestionnaireController.GetQuestionnaireInfoAsync (API) in 49ms
15:06:30 INFO  - Executed action GD.API.Controllers.Questionnaire.QuestionnaireController.CreateQuestionnaireQuestionAsync (API) in 58ms
15:06:30 INFO  - Executed action GD.API.Controllers.Questionnaire.QuestionnaireController.GetQuestionnaireInfoAsync (API) in 54ms
15:06:48 INFO  - Executed action GD.API.Controllers.Questionnaire.QuestionnaireController.RemoveQuestionnaireQuestionAsync (API) in 121ms
15:06:48 INFO  - Executed action GD.API.Controllers.Questionnaire.QuestionnaireController.GetQuestionnaireInfoAsync (API) in 49ms
15:09:45 INFO  - Executed action GD.API.Controllers.System.UserController.GetLoginUserInfoAsync (API) in 134ms
15:09:45 INFO  - Executed action GD.API.Controllers.Questionnaire.QuestionnaireController.GetQuestionnairePageListAsync (API) in 42ms
15:09:47 INFO  - Executed action GD.API.Controllers.Questionnaire.QuestionnaireController.GetQuestionnaireInfoAsync (API) in 50ms
15:10:01 INFO  - Executed action GD.API.Controllers.System.UserController.GetLoginUserInfoAsync (API) in 131ms
15:10:02 INFO  - Executed action GD.API.Controllers.Questionnaire.QuestionnaireController.GetQuestionnairePageListAsync (API) in 40ms
15:10:03 INFO  - Executed action GD.API.Controllers.Questionnaire.QuestionnaireController.GetQuestionnaireInfoAsync (API) in 70ms
15:11:09 INFO  - Executed action GD.API.Controllers.System.UserController.GetLoginUserInfoAsync (API) in 138ms
15:11:10 INFO  - Executed action GD.API.Controllers.Questionnaire.QuestionnaireController.GetQuestionnairePageListAsync (API) in 43ms
15:11:11 INFO  - Executed action GD.API.Controllers.Questionnaire.QuestionnaireController.GetQuestionnaireInfoAsync (API) in 59ms
15:16:38 INFO  - Executed action GD.API.Controllers.Questionnaire.QuestionnaireController.RemoveQuestionnaireQuestionAsync (API) in 219ms
15:16:38 INFO  - Executed action GD.API.Controllers.Questionnaire.QuestionnaireController.GetQuestionnaireInfoAsync (API) in 84ms
15:16:41 INFO  - Executed action GD.API.Controllers.Questionnaire.QuestionnaireController.RemoveQuestionnaireQuestionAsync (API) in 161ms
15:16:41 INFO  - Executed action GD.API.Controllers.Questionnaire.QuestionnaireController.GetQuestionnaireInfoAsync (API) in 82ms
15:16:44 INFO  - Executed action GD.API.Controllers.Questionnaire.QuestionnaireController.RemoveQuestionnaireQuestionAsync (API) in 156ms
15:16:44 INFO  - Executed action GD.API.Controllers.Questionnaire.QuestionnaireController.GetQuestionnaireInfoAsync (API) in 76ms
15:16:58 INFO  - Executed action GD.API.Controllers.Questionnaire.QuestionnaireController.RemoveQuestionnaireQuestionAsync (API) in 135ms
15:16:58 INFO  - Executed action GD.API.Controllers.Questionnaire.QuestionnaireController.GetQuestionnaireInfoAsync (API) in 75ms
15:17:00 INFO  - Executed action GD.API.Controllers.Questionnaire.QuestionnaireController.RemoveQuestionnaireQuestionAsync (API) in 148ms
15:17:00 INFO  - Executed action GD.API.Controllers.Questionnaire.QuestionnaireController.GetQuestionnaireInfoAsync (API) in 75ms
15:17:02 INFO  - Executed action GD.API.Controllers.Questionnaire.QuestionnaireController.RemoveQuestionnaireQuestionAsync (API) in 140ms
15:17:03 INFO  - Executed action GD.API.Controllers.Questionnaire.QuestionnaireController.GetQuestionnaireInfoAsync (API) in 76ms
15:17:21 INFO  - Executed action GD.API.Controllers.Questionnaire.QuestionnaireController.CreateQuestionnaireQuestionAsync (API) in 95ms
15:17:21 INFO  - Executed action GD.API.Controllers.Questionnaire.QuestionnaireController.GetQuestionnaireInfoAsync (API) in 83ms
15:17:33 INFO  - Executed action GD.API.Controllers.Questionnaire.QuestionnaireController.CreateQuestionnaireQuestionAsync (API) in 90ms
15:17:33 INFO  - Executed action GD.API.Controllers.Questionnaire.QuestionnaireController.GetQuestionnaireInfoAsync (API) in 78ms
15:17:50 INFO  - Executed action GD.API.Controllers.Questionnaire.QuestionnaireController.CreateQuestionnaireQuestionAsync (API) in 72ms
15:17:50 INFO  - Executed action GD.API.Controllers.Questionnaire.QuestionnaireController.GetQuestionnaireInfoAsync (API) in 84ms
15:18:07 INFO  - Executed action GD.API.Controllers.Questionnaire.QuestionnaireController.CreateQuestionnaireQuestionAsync (API) in 74ms
15:18:07 INFO  - Executed action GD.API.Controllers.Questionnaire.QuestionnaireController.GetQuestionnaireInfoAsync (API) in 76ms
15:18:23 INFO  - Executed action GD.API.Controllers.Questionnaire.QuestionnaireController.CreateQuestionnaireQuestionAsync (API) in 118ms
15:18:23 INFO  - Executed action GD.API.Controllers.Questionnaire.QuestionnaireController.GetQuestionnaireInfoAsync (API) in 81ms
15:29:49 INFO  - Executed action GD.API.Controllers.System.UserController.GetLoginUserInfoAsync (API) in 174ms
15:29:49 INFO  - Executed action GD.API.Controllers.Questionnaire.QuestionnaireController.GetQuestionnairePageListAsync (API) in 47ms
15:29:51 INFO  - Executed action GD.API.Controllers.Questionnaire.QuestionnaireController.GetQuestionnaireInfoAsync (API) in 113ms
15:30:29 INFO  - Executed action GD.API.Controllers.System.UserController.GetLoginUserInfoAsync (API) in 154ms
15:30:29 INFO  - Executed action GD.API.Controllers.Questionnaire.QuestionnaireController.GetQuestionnairePageListAsync (API) in 51ms
15:30:30 INFO  - Executed action GD.API.Controllers.Questionnaire.QuestionnaireController.GetQuestionnaireInfoAsync (API) in 55ms
15:30:33 INFO  - Executed action GD.API.Controllers.Questionnaire.QuestionnaireController.GetQuestionnaireInfoAsync (API) in 53ms
15:31:33 INFO  - Executed action GD.API.Controllers.System.UserController.GetLoginUserInfoAsync (API) in 139ms
15:31:34 INFO  - Executed action GD.API.Controllers.Questionnaire.QuestionnaireController.GetQuestionnairePageListAsync (API) in 50ms
15:31:35 INFO  - Executed action GD.API.Controllers.Questionnaire.QuestionnaireController.GetQuestionnaireInfoAsync (API) in 68ms
15:31:38 INFO  - Executed action GD.API.Controllers.Questionnaire.QuestionnaireController.GetQuestionnaireInfoAsync (API) in 59ms
15:32:14 INFO  - Executed action GD.API.Controllers.System.UserController.GetLoginUserInfoAsync (API) in 133ms
15:32:15 INFO  - Executed action GD.API.Controllers.Questionnaire.QuestionnaireController.GetQuestionnairePageListAsync (API) in 50ms
15:32:16 INFO  - Executed action GD.API.Controllers.Questionnaire.QuestionnaireController.GetQuestionnaireInfoAsync (API) in 55ms
15:33:12 INFO  - Executed action GD.API.Controllers.System.UserController.GetLoginUserInfoAsync (API) in 179ms
15:33:13 INFO  - Executed action GD.API.Controllers.Questionnaire.QuestionnaireController.GetQuestionnairePageListAsync (API) in 46ms
15:33:14 INFO  - Executed action GD.API.Controllers.Questionnaire.QuestionnaireController.GetQuestionnaireInfoAsync (API) in 62ms
15:34:37 INFO  - Executed action GD.API.Controllers.System.UserController.GetLoginUserInfoAsync (API) in 198ms
15:34:38 INFO  - Executed action GD.API.Controllers.Questionnaire.QuestionnaireController.GetQuestionnairePageListAsync (API) in 43ms
15:34:39 INFO  - Executed action GD.API.Controllers.Questionnaire.QuestionnaireController.GetQuestionnaireInfoAsync (API) in 62ms
15:35:50 INFO  - Executed action GD.API.Controllers.System.UserController.GetLoginUserInfoAsync (API) in 131ms
15:35:51 INFO  - Executed action GD.API.Controllers.Questionnaire.QuestionnaireController.GetQuestionnairePageListAsync (API) in 45ms
15:35:53 INFO  - Executed action GD.API.Controllers.Questionnaire.QuestionnaireController.GetQuestionnaireInfoAsync (API) in 51ms
15:36:27 INFO  - Executed action GD.API.Controllers.System.UserController.GetLoginUserInfoAsync (API) in 127ms
15:36:28 INFO  - Executed action GD.API.Controllers.Questionnaire.QuestionnaireController.GetQuestionnairePageListAsync (API) in 47ms
15:36:29 INFO  - Executed action GD.API.Controllers.Questionnaire.QuestionnaireController.GetQuestionnaireInfoAsync (API) in 63ms
15:36:52 INFO  - Executed action GD.API.Controllers.System.UserController.GetLoginUserInfoAsync (API) in 131ms
15:36:52 INFO  - Executed action GD.API.Controllers.Questionnaire.QuestionnaireController.GetQuestionnairePageListAsync (API) in 45ms
15:36:53 INFO  - Executed action GD.API.Controllers.Questionnaire.QuestionnaireController.GetQuestionnaireInfoAsync (API) in 50ms
15:37:27 INFO  - Executed action GD.API.Controllers.System.UserController.GetLoginUserInfoAsync (API) in 155ms
15:37:27 INFO  - Executed action GD.API.Controllers.Questionnaire.QuestionnaireController.GetQuestionnairePageListAsync (API) in 45ms
15:37:28 INFO  - Executed action GD.API.Controllers.Questionnaire.QuestionnaireController.GetQuestionnaireInfoAsync (API) in 62ms
15:38:12 INFO  - Executed action GD.API.Controllers.System.UserController.GetLoginUserInfoAsync (API) in 131ms
15:38:12 INFO  - Executed action GD.API.Controllers.Questionnaire.QuestionnaireController.GetQuestionnairePageListAsync (API) in 44ms
15:38:14 INFO  - Executed action GD.API.Controllers.Questionnaire.QuestionnaireController.GetQuestionnaireInfoAsync (API) in 52ms
15:39:57 INFO  - Executed action GD.API.Controllers.Questionnaire.QuestionnaireController.CreateQuestionnaireQuestionAsync (API) in 69ms
15:39:57 INFO  - Executed action GD.API.Controllers.Questionnaire.QuestionnaireController.GetQuestionnaireInfoAsync (API) in 59ms
15:40:12 INFO  - Executed action GD.API.Controllers.Questionnaire.QuestionnaireController.CreateQuestionnaireQuestionAsync (API) in 59ms
15:40:13 INFO  - Executed action GD.API.Controllers.Questionnaire.QuestionnaireController.GetQuestionnaireInfoAsync (API) in 59ms
15:40:21 INFO  - Executed action GD.API.Controllers.Questionnaire.QuestionnaireController.CreateQuestionnaireQuestionAsync (API) in 63ms
15:40:21 INFO  - Executed action GD.API.Controllers.Questionnaire.QuestionnaireController.GetQuestionnaireInfoAsync (API) in 51ms
15:40:30 INFO  - Executed action GD.API.Controllers.Questionnaire.QuestionnaireController.RemoveQuestionnaireQuestionAsync (API) in 92ms
15:40:30 INFO  - Executed action GD.API.Controllers.Questionnaire.QuestionnaireController.GetQuestionnaireInfoAsync (API) in 56ms
15:40:42 INFO  - Executed action GD.API.Controllers.Questionnaire.QuestionnaireController.RemoveQuestionnaireQuestionAsync (API) in 97ms
15:40:42 INFO  - Executed action GD.API.Controllers.Questionnaire.QuestionnaireController.GetQuestionnaireInfoAsync (API) in 52ms
15:40:44 INFO  - Executed action GD.API.Controllers.Questionnaire.QuestionnaireController.RemoveQuestionnaireQuestionAsync (API) in 95ms
15:40:44 INFO  - Executed action GD.API.Controllers.Questionnaire.QuestionnaireController.GetQuestionnaireInfoAsync (API) in 53ms
15:40:46 INFO  - Executed action GD.API.Controllers.Questionnaire.QuestionnaireController.RemoveQuestionnaireQuestionAsync (API) in 95ms
15:40:46 INFO  - Executed action GD.API.Controllers.Questionnaire.QuestionnaireController.GetQuestionnaireInfoAsync (API) in 52ms
15:40:51 INFO  - Executed action GD.API.Controllers.Questionnaire.QuestionnaireController.CreateQuestionnaireQuestionAsync (API) in 61ms
15:40:51 INFO  - Executed action GD.API.Controllers.Questionnaire.QuestionnaireController.GetQuestionnaireInfoAsync (API) in 51ms
15:40:55 INFO  - Executed action GD.API.Controllers.Questionnaire.QuestionnaireController.CreateQuestionnaireQuestionAsync (API) in 57ms
15:40:56 INFO  - Executed action GD.API.Controllers.Questionnaire.QuestionnaireController.GetQuestionnaireInfoAsync (API) in 57ms
15:41:00 INFO  - Executed action GD.API.Controllers.Questionnaire.QuestionnaireController.CreateQuestionnaireQuestionAsync (API) in 54ms
15:41:00 INFO  - Executed action GD.API.Controllers.Questionnaire.QuestionnaireController.GetQuestionnaireInfoAsync (API) in 51ms
15:41:04 INFO  - Executed action GD.API.Controllers.Questionnaire.QuestionnaireController.CreateQuestionnaireQuestionAsync (API) in 76ms
15:41:04 INFO  - Executed action GD.API.Controllers.Questionnaire.QuestionnaireController.GetQuestionnaireInfoAsync (API) in 62ms
15:41:51 INFO  - Executed action GD.API.Controllers.System.UserController.GetLoginUserInfoAsync (API) in 166ms
15:41:52 INFO  - Executed action GD.API.Controllers.Questionnaire.QuestionnaireController.GetQuestionnairePageListAsync (API) in 51ms
15:41:53 INFO  - Executed action GD.API.Controllers.Questionnaire.QuestionnaireController.GetQuestionnaireInfoAsync (API) in 62ms
15:47:08 INFO  - Executed action GD.API.Controllers.System.UserController.GetLoginUserInfoAsync (API) in 167ms
15:47:08 INFO  - Executed action GD.API.Controllers.Questionnaire.QuestionnaireController.GetQuestionnairePageListAsync (API) in 48ms
15:47:10 INFO  - Executed action GD.API.Controllers.Questionnaire.QuestionnaireController.GetQuestionnaireInfoAsync (API) in 57ms
15:47:45 INFO  - Executed action GD.API.Controllers.System.UserController.GetLoginUserInfoAsync (API) in 129ms
15:47:46 INFO  - Executed action GD.API.Controllers.Questionnaire.QuestionnaireController.GetQuestionnairePageListAsync (API) in 47ms
15:50:18 INFO  - Executed action GD.API.Controllers.System.UserController.GetLoginUserInfoAsync (API) in 163ms
15:50:19 INFO  - Executed action GD.API.Controllers.Questionnaire.QuestionnaireController.GetQuestionnairePageListAsync (API) in 90ms
15:50:20 INFO  - Executed action GD.API.Controllers.Questionnaire.QuestionnaireController.GetQuestionnaireInfoAsync (API) in 52ms
15:53:54 INFO  - Executed action GD.API.Controllers.System.UserController.GetLoginUserInfoAsync (API) in 130ms
15:53:54 INFO  - Executed action GD.API.Controllers.Questionnaire.QuestionnaireController.GetQuestionnairePageListAsync (API) in 45ms
15:53:55 INFO  - Executed action GD.API.Controllers.Questionnaire.QuestionnaireController.GetQuestionnaireInfoAsync (API) in 54ms
15:54:14 INFO  - Executed action GD.API.Controllers.System.UserController.GetLoginUserInfoAsync (API) in 172ms
15:54:15 INFO  - Executed action GD.API.Controllers.Questionnaire.QuestionnaireController.GetQuestionnairePageListAsync (API) in 43ms
15:54:16 INFO  - Executed action GD.API.Controllers.Questionnaire.QuestionnaireController.GetQuestionnaireInfoAsync (API) in 62ms
15:54:36 INFO  - Executed action GD.API.Controllers.System.UserController.GetLoginUserInfoAsync (API) in 167ms
15:54:37 INFO  - Executed action GD.API.Controllers.Questionnaire.QuestionnaireController.GetQuestionnairePageListAsync (API) in 50ms
15:55:08 INFO  - Executed action GD.API.Controllers.System.UserController.GetLoginUserInfoAsync (API) in 178ms
15:55:09 INFO  - Executed action GD.API.Controllers.Questionnaire.QuestionnaireController.GetQuestionnairePageListAsync (API) in 55ms
15:55:10 INFO  - Executed action GD.API.Controllers.Questionnaire.QuestionnaireController.GetQuestionnaireInfoAsync (API) in 54ms
15:55:37 INFO  - Executed action GD.API.Controllers.System.UserController.GetLoginUserInfoAsync (API) in 154ms
15:55:38 INFO  - Executed action GD.API.Controllers.Questionnaire.QuestionnaireController.GetQuestionnairePageListAsync (API) in 64ms
15:55:41 INFO  - Executed action GD.API.Controllers.Questionnaire.QuestionnaireController.GetQuestionnaireInfoAsync (API) in 54ms
15:56:03 INFO  - Executed action GD.API.Controllers.System.UserController.GetLoginUserInfoAsync (API) in 199ms
15:56:04 INFO  - Executed action GD.API.Controllers.Questionnaire.QuestionnaireController.GetQuestionnairePageListAsync (API) in 43ms
15:56:06 INFO  - Executed action GD.API.Controllers.Questionnaire.QuestionnaireController.GetQuestionnaireInfoAsync (API) in 59ms
15:57:08 INFO  - Executed action GD.API.Controllers.System.UserController.GetLoginUserInfoAsync (API) in 184ms
15:57:08 INFO  - Executed action GD.API.Controllers.Questionnaire.QuestionnaireController.GetQuestionnairePageListAsync (API) in 48ms
15:57:10 INFO  - Executed action GD.API.Controllers.Questionnaire.QuestionnaireController.GetQuestionnaireInfoAsync (API) in 73ms
15:58:09 INFO  - Executed action GD.API.Controllers.System.UserController.GetLoginUserInfoAsync (API) in 198ms
15:58:09 INFO  - Executed action GD.API.Controllers.Questionnaire.QuestionnaireController.GetQuestionnairePageListAsync (API) in 44ms
15:58:11 INFO  - Executed action GD.API.Controllers.Questionnaire.QuestionnaireController.GetQuestionnaireInfoAsync (API) in 60ms
16:25:48 INFO  - Executed action GD.API.Controllers.System.UserController.GetLoginUserInfoAsync (API) in 218ms
16:25:48 INFO  - Executed action GD.API.Controllers.Questionnaire.QuestionnaireController.GetQuestionnairePageListAsync (API) in 51ms
16:26:07 INFO  - Executed action GD.API.Controllers.Questionnaire.QuestionnaireController.GetQuestionnairePageListAsync (API) in 39ms
16:26:09 INFO  - Executed action GD.API.Controllers.Questionnaire.QuestionnaireController.GetQuestionnaireInfoAsync (API) in 52ms
16:26:36 INFO  - Executed action GD.API.Controllers.System.UserController.GetLoginUserInfoAsync (API) in 201ms
16:26:36 INFO  - Executed action GD.API.Controllers.Questionnaire.QuestionnaireController.GetQuestionnairePageListAsync (API) in 42ms
16:26:38 INFO  - Executed action GD.API.Controllers.Questionnaire.QuestionnaireController.GetQuestionnaireInfoAsync (API) in 47ms
16:29:13 INFO  - Executed action GD.API.Controllers.Questionnaire.QuestionnaireController.CreateQuestionnaireQuestionAsync (API) in 90ms
16:29:13 INFO  - Executed action GD.API.Controllers.Questionnaire.QuestionnaireController.GetQuestionnaireInfoAsync (API) in 48ms
16:40:46 INFO  - Executed action GD.API.Controllers.System.UserController.GetLoginUserInfoAsync (API) in 1290ms
16:40:47 INFO  - Executed action GD.API.Controllers.Questionnaire.QuestionnaireController.GetQuestionnairePageListAsync (API) in 117ms
16:40:51 INFO  - Executed action GD.API.Controllers.Questionnaire.QuestionnaireController.GetQuestionnaireInfoAsync (API) in 120ms
16:41:59 INFO  - Executed action GD.API.Controllers.System.UserController.GetLoginUserInfoAsync (API) in 237ms
16:42:00 INFO  - Executed action GD.API.Controllers.Questionnaire.QuestionnaireController.GetQuestionnairePageListAsync (API) in 75ms
16:42:02 INFO  - Executed action GD.API.Controllers.Questionnaire.QuestionnaireController.GetQuestionnaireInfoAsync (API) in 79ms
16:42:54 INFO  - Executed action GD.API.Controllers.Questionnaire.QuestionnaireController.RemoveQuestionnaireQuestionAsync (API) in 186ms
16:42:54 INFO  - Executed action GD.API.Controllers.Questionnaire.QuestionnaireController.GetQuestionnaireInfoAsync (API) in 79ms
16:43:09 INFO  - Executed action GD.API.Controllers.Questionnaire.QuestionnaireController.CreateQuestionnaireQuestionAsync (API) in 149ms
16:43:10 INFO  - Executed action GD.API.Controllers.Questionnaire.QuestionnaireController.GetQuestionnaireInfoAsync (API) in 78ms
16:44:02 INFO  - Executed action GD.API.Controllers.Questionnaire.QuestionnaireController.CreateQuestionnaireQuestionAsync (API) in 169ms
16:44:03 INFO  - Executed action GD.API.Controllers.Questionnaire.QuestionnaireController.GetQuestionnaireInfoAsync (API) in 83ms
16:46:23 INFO  - Executed action GD.API.Controllers.Questionnaire.QuestionnaireController.CreateQuestionnaireQuestionAsync (API) in 105ms
16:46:23 INFO  - Executed action GD.API.Controllers.Questionnaire.QuestionnaireController.GetQuestionnaireInfoAsync (API) in 77ms
16:51:43 INFO  - Executed action GD.API.Controllers.System.UserController.GetLoginUserInfoAsync (API) in 174ms
16:51:44 INFO  - Executed action GD.API.Controllers.Questionnaire.QuestionnaireController.GetQuestionnairePageListAsync (API) in 42ms
16:51:45 INFO  - Executed action GD.API.Controllers.Questionnaire.QuestionnaireController.GetQuestionnaireInfoAsync (API) in 57ms
16:52:41 INFO  - Executed action GD.API.Controllers.Questionnaire.QuestionnaireController.CreateQuestionnaireQuestionAsync (API) in 82ms
16:52:42 INFO  - Executed action GD.API.Controllers.Questionnaire.QuestionnaireController.GetQuestionnaireInfoAsync (API) in 48ms
16:52:57 INFO  - Executed action GD.API.Controllers.Questionnaire.QuestionnaireController.CreateQuestionnaireQuestionAsync (API) in 71ms
16:52:57 INFO  - Executed action GD.API.Controllers.Questionnaire.QuestionnaireController.GetQuestionnaireInfoAsync (API) in 49ms
16:53:18 INFO  - Executed action GD.API.Controllers.Questionnaire.QuestionnaireController.CreateQuestionnaireQuestionAsync (API) in 68ms
16:53:18 INFO  - Executed action GD.API.Controllers.Questionnaire.QuestionnaireController.GetQuestionnaireInfoAsync (API) in 49ms
17:02:03 INFO  - Executed action GD.API.Controllers.System.UserController.GetLoginUserInfoAsync (API) in 1645ms
17:02:04 INFO  - Executed action GD.API.Controllers.Questionnaire.QuestionnaireController.GetQuestionnairePageListAsync (API) in 85ms
17:02:07 INFO  - Executed action GD.API.Controllers.Questionnaire.QuestionnaireController.GetQuestionnaireInfoAsync (API) in 94ms
17:02:11 INFO  - Executed action GD.API.Controllers.Questionnaire.QuestionnaireController.GetQuestionnaireInfoAsync (API) in 73ms
17:02:16 INFO  - Executed action GD.API.Controllers.Questionnaire.QuestionnaireController.RemoveQuestionnaireQuestionAsync (API) in 173ms
17:02:16 INFO  - Executed action GD.API.Controllers.Questionnaire.QuestionnaireController.GetQuestionnaireInfoAsync (API) in 70ms
17:02:21 INFO  - Executed action GD.API.Controllers.Questionnaire.QuestionnaireController.RemoveQuestionnaireQuestionAsync (API) in 126ms
17:02:21 INFO  - Executed action GD.API.Controllers.Questionnaire.QuestionnaireController.GetQuestionnaireInfoAsync (API) in 67ms
17:02:23 INFO  - Executed action GD.API.Controllers.Questionnaire.QuestionnaireController.RemoveQuestionnaireQuestionAsync (API) in 129ms
17:02:23 INFO  - Executed action GD.API.Controllers.Questionnaire.QuestionnaireController.GetQuestionnaireInfoAsync (API) in 76ms
17:02:36 INFO  - Executed action GD.API.Controllers.Questionnaire.QuestionnaireController.CreateQuestionnaireQuestionAsync (API) in 189ms
17:02:36 INFO  - Executed action GD.API.Controllers.Questionnaire.QuestionnaireController.GetQuestionnaireInfoAsync (API) in 74ms
17:02:49 INFO  - Executed action GD.API.Controllers.Questionnaire.QuestionnaireController.CreateQuestionnaireQuestionAsync (API) in 85ms
17:02:49 INFO  - Executed action GD.API.Controllers.Questionnaire.QuestionnaireController.GetQuestionnaireInfoAsync (API) in 66ms
17:04:01 INFO  - Executed action GD.API.Controllers.System.UserController.GetLoginUserInfoAsync (API) in 565ms
17:04:01 INFO  - Executed action GD.API.Controllers.Questionnaire.QuestionnaireController.GetQuestionnairePageListAsync (API) in 210ms
17:04:03 INFO  - Executed action GD.API.Controllers.Questionnaire.QuestionnaireController.GetQuestionnaireInfoAsync (API) in 115ms
17:06:47 INFO  - Executed action GD.API.Controllers.System.UserController.GetLoginUserInfoAsync (API) in 175ms
17:06:48 INFO  - Executed action GD.API.Controllers.Questionnaire.QuestionnaireController.GetQuestionnairePageListAsync (API) in 65ms
17:06:50 INFO  - Executed action GD.API.Controllers.Questionnaire.QuestionnaireController.GetQuestionnaireInfoAsync (API) in 91ms
17:07:14 INFO  - Executed action GD.API.Controllers.Questionnaire.QuestionnaireController.GetQuestionnaireInfoAsync (API) in 80ms
17:10:16 INFO  - Executed action GD.API.Controllers.System.UserController.GetLoginUserInfoAsync (API) in 174ms
17:10:16 INFO  - Executed action GD.API.Controllers.Questionnaire.QuestionnaireController.GetQuestionnairePageListAsync (API) in 58ms
17:10:17 INFO  - Executed action GD.API.Controllers.Questionnaire.QuestionnaireController.InitQuestionnaireForCreateQuestionnaireAsync (API) in 40ms
17:10:19 INFO  - Executed action GD.API.Controllers.Questionnaire.QuestionnaireController.GetQuestionnairePageListAsync (API) in 57ms
17:10:21 INFO  - Executed action GD.API.Controllers.Questionnaire.QuestionnaireController.ChangerQuestionnaireDisplayAsync (API) in 86ms
17:10:21 INFO  - Executed action GD.API.Controllers.Questionnaire.QuestionnaireController.GetQuestionnaireInfoAsync (API) in 67ms
17:10:25 INFO  - Executed action GD.API.Controllers.Questionnaire.QuestionnaireController.GetQuestionnaireInfoAsync (API) in 68ms
17:10:36 INFO  - Executed action GD.API.Controllers.Questionnaire.QuestionnaireController.GetQuestionnaireInfoAsync (API) in 76ms
17:12:23 INFO  - Executed action GD.API.Controllers.System.UserController.GetLoginUserInfoAsync (API) in 167ms
17:12:23 INFO  - Executed action GD.API.Controllers.Questionnaire.QuestionnaireController.GetQuestionnairePageListAsync (API) in 60ms
17:12:25 INFO  - Executed action GD.API.Controllers.Questionnaire.QuestionnaireController.GetQuestionnaireInfoAsync (API) in 74ms
17:13:29 INFO  - Executed action GD.API.Controllers.System.UserController.GetLoginUserInfoAsync (API) in 167ms
17:13:29 INFO  - Executed action GD.API.Controllers.Questionnaire.QuestionnaireController.GetQuestionnairePageListAsync (API) in 59ms
17:13:31 INFO  - Executed action GD.API.Controllers.Questionnaire.QuestionnaireController.GetQuestionnaireInfoAsync (API) in 68ms
17:14:12 INFO  - Executed action GD.API.Controllers.Questionnaire.QuestionnaireController.CreateQuestionnaireQuestionAsync (API) in 153ms
17:14:12 INFO  - Executed action GD.API.Controllers.Questionnaire.QuestionnaireController.GetQuestionnaireInfoAsync (API) in 70ms
17:14:45 INFO  - Executed action GD.API.Controllers.System.UserController.GetLoginUserInfoAsync (API) in 184ms
17:14:46 INFO  - Executed action GD.API.Controllers.Questionnaire.QuestionnaireController.GetQuestionnairePageListAsync (API) in 75ms
17:14:49 INFO  - Executed action GD.API.Controllers.Questionnaire.QuestionnaireController.GetQuestionnaireInfoAsync (API) in 70ms
17:18:34 INFO  - Executed action GD.API.Controllers.System.UserController.GetLoginUserInfoAsync (API) in 176ms
17:18:34 INFO  - Executed action GD.API.Controllers.Questionnaire.QuestionnaireController.GetQuestionnairePageListAsync (API) in 93ms
17:18:36 INFO  - Executed action GD.API.Controllers.Questionnaire.QuestionnaireController.GetQuestionnaireInfoAsync (API) in 75ms
17:18:39 INFO  - Executed action GD.API.Controllers.Questionnaire.QuestionnaireController.GetQuestionnaireInfoAsync (API) in 69ms
17:19:00 INFO  - Executed action GD.API.Controllers.System.UserController.GetLoginUserInfoAsync (API) in 191ms
17:19:00 INFO  - Executed action GD.API.Controllers.Questionnaire.QuestionnaireController.GetQuestionnairePageListAsync (API) in 63ms
17:19:02 INFO  - Executed action GD.API.Controllers.Questionnaire.QuestionnaireController.GetQuestionnaireInfoAsync (API) in 68ms
17:19:56 INFO  - Executed action GD.API.Controllers.System.UserController.GetLoginUserInfoAsync (API) in 166ms
17:19:56 INFO  - Executed action GD.API.Controllers.Questionnaire.QuestionnaireController.GetQuestionnairePageListAsync (API) in 73ms
17:19:59 INFO  - Executed action GD.API.Controllers.Questionnaire.QuestionnaireController.GetQuestionnaireInfoAsync (API) in 72ms
17:22:14 INFO  - Executed action GD.API.Controllers.System.UserController.GetLoginUserInfoAsync (API) in 167ms
17:22:15 INFO  - Executed action GD.API.Controllers.Questionnaire.QuestionnaireController.GetQuestionnairePageListAsync (API) in 71ms
17:22:17 INFO  - Executed action GD.API.Controllers.Questionnaire.QuestionnaireController.GetQuestionnaireInfoAsync (API) in 84ms
17:25:03 INFO  - Executed action GD.API.Controllers.System.UserController.GetLoginUserInfoAsync (API) in 167ms
17:25:03 INFO  - Executed action GD.API.Controllers.Questionnaire.QuestionnaireController.GetQuestionnairePageListAsync (API) in 63ms
17:25:05 INFO  - Executed action GD.API.Controllers.Questionnaire.QuestionnaireController.GetQuestionnaireInfoAsync (API) in 67ms
17:25:23 INFO  - Executed action GD.API.Controllers.System.UserController.GetLoginUserInfoAsync (API) in 204ms
17:25:24 INFO  - Executed action GD.API.Controllers.Questionnaire.QuestionnaireController.GetQuestionnairePageListAsync (API) in 67ms
17:25:25 INFO  - Executed action GD.API.Controllers.Questionnaire.QuestionnaireController.GetQuestionnaireInfoAsync (API) in 80ms
17:26:10 INFO  - Executed action GD.API.Controllers.Questionnaire.QuestionnaireController.CreateQuestionnaireQuestionAsync (API) in 106ms
17:26:10 INFO  - Executed action GD.API.Controllers.Questionnaire.QuestionnaireController.GetQuestionnaireInfoAsync (API) in 70ms
17:26:17 INFO  - Executed action GD.API.Controllers.Questionnaire.QuestionnaireController.CreateQuestionnaireQuestionAsync (API) in 170ms
17:26:18 INFO  - Executed action GD.API.Controllers.Questionnaire.QuestionnaireController.GetQuestionnaireInfoAsync (API) in 69ms
17:26:26 INFO  - Executed action GD.API.Controllers.Questionnaire.QuestionnaireController.CreateQuestionnaireQuestionAsync (API) in 193ms
17:26:26 INFO  - Executed action GD.API.Controllers.Questionnaire.QuestionnaireController.GetQuestionnaireInfoAsync (API) in 68ms
17:28:07 INFO  - Executed action GD.API.Controllers.System.UserController.GetLoginUserInfoAsync (API) in 171ms
17:28:08 INFO  - Executed action GD.API.Controllers.Questionnaire.QuestionnaireController.GetQuestionnairePageListAsync (API) in 60ms
17:28:09 INFO  - Executed action GD.API.Controllers.Questionnaire.QuestionnaireController.GetQuestionnaireInfoAsync (API) in 70ms
17:28:12 INFO  - Executed action GD.API.Controllers.Questionnaire.QuestionnaireController.GetQuestionnaireInfoAsync (API) in 88ms
17:38:52 INFO  - Executed action GD.API.Controllers.Utility.AccountController.LoginAdmin (API) in 640ms
17:38:52 INFO  - Executed action GD.API.Controllers.System.UserController.GetLoginUserInfoAsync (API) in 675ms
17:38:53 INFO  - Executed action GD.API.Controllers.Questionnaire.QuestionnaireController.GetQuestionnairePageListAsync (API) in 97ms
17:38:57 INFO  - Executed action GD.API.Controllers.Questionnaire.QuestionnaireController.InitQuestionnaireForCreateQuestionnaireAsync (API) in 75ms
17:39:01 INFO  - Executed action GD.API.Controllers.Questionnaire.QuestionnaireController.GetQuestionnairePageListAsync (API) in 72ms
17:39:03 INFO  - Executed action GD.API.Controllers.Questionnaire.QuestionnaireController.ChangerQuestionnaireDisplayAsync (API) in 74ms
17:39:05 INFO  - Executed action GD.API.Controllers.Questionnaire.QuestionnaireController.DeleteQuestionnaireAsync (API) in 118ms
17:39:05 INFO  - Executed action GD.API.Controllers.Questionnaire.QuestionnaireController.GetQuestionnairePageListAsync (API) in 69ms
17:39:08 INFO  - Executed action GD.API.Controllers.Questionnaire.QuestionnaireController.DeleteQuestionnaireAsync (API) in 96ms
17:39:08 INFO  - Executed action GD.API.Controllers.Questionnaire.QuestionnaireController.GetQuestionnairePageListAsync (API) in 70ms
17:39:13 INFO  - Executed action GD.API.Controllers.Questionnaire.QuestionnaireController.GetQuestionnaireInfoAsync (API) in 98ms
17:39:23 INFO  - Executed action GD.API.Controllers.System.UserController.GetLoginUserInfoAsync (API) in 197ms
17:39:24 INFO  - Executed action GD.API.Controllers.Questionnaire.QuestionnaireController.GetQuestionnairePageListAsync (API) in 76ms
17:39:24 INFO  - Executed action GD.API.Controllers.Questionnaire.QuestionnaireController.GetQuestionnairePageListAsync (API) in 76ms
17:39:29 INFO  - Executed action GD.API.Controllers.Questionnaire.QuestionnaireController.InitQuestionnaireForCreateQuestionnaireAsync (API) in 46ms
17:39:31 INFO  - Executed action GD.API.Controllers.Questionnaire.QuestionnaireController.GetQuestionnairePageListAsync (API) in 72ms
17:39:34 INFO  - Executed action GD.API.Controllers.Questionnaire.QuestionnaireController.DeleteQuestionnaireAsync (API) in 104ms
17:39:34 INFO  - Executed action GD.API.Controllers.Questionnaire.QuestionnaireController.GetQuestionnairePageListAsync (API) in 67ms
17:39:36 INFO  - Executed action GD.API.Controllers.Questionnaire.QuestionnaireController.GetQuestionnairePageListAsync (API) in 95ms
17:39:37 INFO  - Executed action GD.API.Controllers.Questionnaire.QuestionnaireController.GetQuestionnaireInfoAsync (API) in 77ms
17:47:43 INFO  - Executed action GD.API.Controllers.System.UserController.GetLoginUserInfoAsync (API) in 166ms
17:47:44 INFO  - Executed action GD.API.Controllers.Questionnaire.QuestionnaireController.GetQuestionnairePageListAsync (API) in 39ms
17:47:46 INFO  - Executed action GD.API.Controllers.Questionnaire.QuestionnaireController.GetQuestionnaireInfoAsync (API) in 52ms
17:48:07 INFO  - Executed action GD.API.Controllers.System.UserController.GetLoginUserInfoAsync (API) in 138ms
17:48:08 INFO  - Executed action GD.API.Controllers.Questionnaire.QuestionnaireController.GetQuestionnairePageListAsync (API) in 71ms
17:48:09 INFO  - Executed action GD.API.Controllers.Questionnaire.QuestionnaireController.GetQuestionnaireInfoAsync (API) in 56ms
17:48:29 INFO  - Executed action GD.API.Controllers.System.UserController.GetLoginUserInfoAsync (API) in 126ms
17:48:30 INFO  - Executed action GD.API.Controllers.Questionnaire.QuestionnaireController.GetQuestionnairePageListAsync (API) in 44ms
17:48:31 INFO  - Executed action GD.API.Controllers.Questionnaire.QuestionnaireController.GetQuestionnaireInfoAsync (API) in 56ms
17:48:34 INFO  - Executed action GD.API.Controllers.Questionnaire.QuestionnaireController.ChangeQuestionSortAsync (API) in 119ms
17:48:34 INFO  - Executed action GD.API.Controllers.Questionnaire.QuestionnaireController.GetQuestionnaireInfoAsync (API) in 59ms
17:48:38 INFO  - Executed action GD.API.Controllers.Questionnaire.QuestionnaireController.ChangeQuestionSortAsync (API) in 69ms
17:48:38 INFO  - Executed action GD.API.Controllers.Questionnaire.QuestionnaireController.GetQuestionnaireInfoAsync (API) in 45ms
17:48:44 INFO  - Executed action GD.API.Controllers.Questionnaire.QuestionnaireController.ChangeQuestionSortAsync (API) in 31ms
17:49:13 INFO  - Executed action GD.API.Controllers.System.UserController.GetLoginUserInfoAsync (API) in 177ms
17:49:14 INFO  - Executed action GD.API.Controllers.Questionnaire.QuestionnaireController.GetQuestionnairePageListAsync (API) in 48ms
17:49:15 INFO  - Executed action GD.API.Controllers.Questionnaire.QuestionnaireController.GetQuestionnaireInfoAsync (API) in 69ms
17:49:21 INFO  - Executed action GD.API.Controllers.Questionnaire.QuestionnaireController.ChangeQuestionSortAsync (API) in 20ms
17:49:21 INFO  - Executed action GD.API.Controllers.Questionnaire.QuestionnaireController.GetQuestionnaireInfoAsync (API) in 44ms
17:49:55 INFO  - Executed action GD.API.Controllers.System.UserController.GetLoginUserInfoAsync (API) in 112ms
17:49:56 INFO  - Executed action GD.API.Controllers.Questionnaire.QuestionnaireController.GetQuestionnairePageListAsync (API) in 36ms
17:49:57 INFO  - Executed action GD.API.Controllers.Questionnaire.QuestionnaireController.GetQuestionnaireInfoAsync (API) in 46ms
17:50:02 INFO  - Executed action GD.API.Controllers.Questionnaire.QuestionnaireController.ChangeQuestionSortAsync (API) in 89ms
17:50:02 INFO  - Executed action GD.API.Controllers.Questionnaire.QuestionnaireController.GetQuestionnaireInfoAsync (API) in 43ms
17:50:05 INFO  - Executed action GD.API.Controllers.Questionnaire.QuestionnaireController.ChangeQuestionSortAsync (API) in 34ms
17:50:05 INFO  - Executed action GD.API.Controllers.Questionnaire.QuestionnaireController.GetQuestionnaireInfoAsync (API) in 46ms
17:50:08 INFO  - Executed action GD.API.Controllers.Questionnaire.QuestionnaireController.ChangeQuestionSortAsync (API) in 32ms
17:50:08 INFO  - Executed action GD.API.Controllers.Questionnaire.QuestionnaireController.GetQuestionnaireInfoAsync (API) in 44ms
17:50:10 INFO  - Executed action GD.API.Controllers.Questionnaire.QuestionnaireController.ChangeQuestionSortAsync (API) in 33ms
17:50:10 INFO  - Executed action GD.API.Controllers.Questionnaire.QuestionnaireController.GetQuestionnaireInfoAsync (API) in 45ms
17:50:11 INFO  - Executed action GD.API.Controllers.Questionnaire.QuestionnaireController.ChangeQuestionSortAsync (API) in 37ms
17:50:11 INFO  - Executed action GD.API.Controllers.Questionnaire.QuestionnaireController.GetQuestionnaireInfoAsync (API) in 45ms
17:50:30 INFO  - Executed action GD.API.Controllers.Questionnaire.QuestionnaireController.ChangeQuestionSortAsync (API) in 66ms
17:50:31 INFO  - Executed action GD.API.Controllers.Questionnaire.QuestionnaireController.GetQuestionnaireInfoAsync (API) in 44ms
17:50:34 INFO  - Executed action GD.API.Controllers.Questionnaire.QuestionnaireController.ChangeQuestionSortAsync (API) in 73ms
17:50:34 INFO  - Executed action GD.API.Controllers.Questionnaire.QuestionnaireController.GetQuestionnaireInfoAsync (API) in 50ms
17:50:44 INFO  - Executed action GD.API.Controllers.Questionnaire.QuestionnaireController.ChangeQuestionSortAsync (API) in 74ms
17:50:44 INFO  - Executed action GD.API.Controllers.Questionnaire.QuestionnaireController.GetQuestionnaireInfoAsync (API) in 45ms
17:50:47 INFO  - Executed action GD.API.Controllers.Questionnaire.QuestionnaireController.ChangeQuestionSortAsync (API) in 68ms
17:50:47 INFO  - Executed action GD.API.Controllers.Questionnaire.QuestionnaireController.GetQuestionnaireInfoAsync (API) in 46ms
17:51:08 INFO  - Executed action GD.API.Controllers.Questionnaire.QuestionnaireController.ChangeQuestionSortAsync (API) in 64ms
17:51:08 INFO  - Executed action GD.API.Controllers.Questionnaire.QuestionnaireController.GetQuestionnaireInfoAsync (API) in 46ms
17:51:10 INFO  - Executed action GD.API.Controllers.Questionnaire.QuestionnaireController.ChangeQuestionSortAsync (API) in 31ms
17:51:10 INFO  - Executed action GD.API.Controllers.Questionnaire.QuestionnaireController.GetQuestionnaireInfoAsync (API) in 48ms
17:51:13 INFO  - Executed action GD.API.Controllers.Questionnaire.QuestionnaireController.ChangeQuestionSortAsync (API) in 80ms
17:51:13 INFO  - Executed action GD.API.Controllers.Questionnaire.QuestionnaireController.GetQuestionnaireInfoAsync (API) in 46ms
17:51:34 INFO  - Executed action GD.API.Controllers.Questionnaire.QuestionnaireController.ChangeQuestionSortAsync (API) in 68ms
17:51:35 INFO  - Executed action GD.API.Controllers.Questionnaire.QuestionnaireController.GetQuestionnaireInfoAsync (API) in 45ms
17:52:37 INFO  - Executed action GD.API.Controllers.Questionnaire.QuestionnaireController.ChangeQuestionSortAsync (API) in 68ms
17:52:37 INFO  - Executed action GD.API.Controllers.Questionnaire.QuestionnaireController.GetQuestionnaireInfoAsync (API) in 47ms
17:53:55 INFO  - Executed action GD.API.Controllers.System.UserController.GetLoginUserInfoAsync (API) in 136ms
17:53:56 INFO  - Executed action GD.API.Controllers.Questionnaire.QuestionnaireController.GetQuestionnairePageListAsync (API) in 48ms
17:53:58 INFO  - Executed action GD.API.Controllers.Questionnaire.QuestionnaireController.GetQuestionnaireInfoAsync (API) in 48ms
17:54:03 INFO  - Executed action GD.API.Controllers.Questionnaire.QuestionnaireController.ChangeQuestionSortAsync (API) in 41ms
17:54:11 INFO  - Executed action GD.API.Controllers.Questionnaire.QuestionnaireController.ChangeQuestionSortAsync (API) in 35ms
17:54:13 INFO  - Executed action GD.API.Controllers.Questionnaire.QuestionnaireController.ChangeQuestionSortAsync (API) in 33ms
17:54:15 INFO  - Executed action GD.API.Controllers.Questionnaire.QuestionnaireController.ChangeQuestionSortAsync (API) in 33ms
17:54:16 INFO  - Executed action GD.API.Controllers.Questionnaire.QuestionnaireController.ChangeQuestionSortAsync (API) in 33ms
17:56:25 INFO  - Executed action GD.API.Controllers.System.UserController.GetLoginUserInfoAsync (API) in 114ms
17:56:25 INFO  - Executed action GD.API.Controllers.Questionnaire.QuestionnaireController.GetQuestionnairePageListAsync (API) in 56ms
17:56:27 INFO  - Executed action GD.API.Controllers.Questionnaire.QuestionnaireController.GetQuestionnaireInfoAsync (API) in 60ms
17:56:31 INFO  - Executed action GD.API.Controllers.Questionnaire.QuestionnaireController.ChangeQuestionSortAsync (API) in 71ms
17:56:31 INFO  - Executed action GD.API.Controllers.Questionnaire.QuestionnaireController.GetQuestionnaireInfoAsync (API) in 49ms
17:56:34 INFO  - Executed action GD.API.Controllers.Questionnaire.QuestionnaireController.ChangeQuestionSortAsync (API) in 66ms
17:56:34 INFO  - Executed action GD.API.Controllers.Questionnaire.QuestionnaireController.GetQuestionnaireInfoAsync (API) in 50ms
17:56:36 INFO  - Executed action GD.API.Controllers.Questionnaire.QuestionnaireController.ChangeQuestionSortAsync (API) in 34ms
17:57:01 INFO  - Executed action GD.API.Controllers.System.UserController.GetLoginUserInfoAsync (API) in 152ms
17:57:02 INFO  - Executed action GD.API.Controllers.Questionnaire.QuestionnaireController.GetQuestionnairePageListAsync (API) in 53ms
17:57:03 INFO  - Executed action GD.API.Controllers.Questionnaire.QuestionnaireController.GetQuestionnaireInfoAsync (API) in 52ms
17:57:07 INFO  - Executed action GD.API.Controllers.Questionnaire.QuestionnaireController.ChangeQuestionSortAsync (API) in 31ms
18:00:25 INFO  - Executed action GD.API.Controllers.System.UserController.GetLoginUserInfoAsync (API) in 144ms
18:00:26 INFO  - Executed action GD.API.Controllers.Questionnaire.QuestionnaireController.GetQuestionnairePageListAsync (API) in 152ms
18:00:28 INFO  - Executed action GD.API.Controllers.Questionnaire.QuestionnaireController.GetQuestionnaireInfoAsync (API) in 47ms
18:00:32 INFO  - Executed action GD.API.Controllers.Questionnaire.QuestionnaireController.ChangeQuestionSortAsync (API) in 38ms
18:00:35 INFO  - Executed action GD.API.Controllers.Questionnaire.QuestionnaireController.ChangeQuestionSortAsync (API) in 34ms
18:00:37 INFO  - Executed action GD.API.Controllers.Questionnaire.QuestionnaireController.ChangeQuestionSortAsync (API) in 33ms
18:00:38 INFO  - Executed action GD.API.Controllers.Questionnaire.QuestionnaireController.ChangeQuestionSortAsync (API) in 35ms
18:00:40 INFO  - Executed action GD.API.Controllers.Questionnaire.QuestionnaireController.ChangeQuestionSortAsync (API) in 31ms
18:00:50 INFO  - Executed action GD.API.Controllers.Questionnaire.QuestionnaireController.ChangeQuestionSortAsync (API) in 34ms
18:00:54 INFO  - Executed action GD.API.Controllers.Questionnaire.QuestionnaireController.ChangeQuestionSortAsync (API) in 67ms
18:00:54 INFO  - Executed action GD.API.Controllers.Questionnaire.QuestionnaireController.GetQuestionnaireInfoAsync (API) in 46ms
18:01:02 INFO  - Executed action GD.API.Controllers.Questionnaire.QuestionnaireController.ChangeQuestionSortAsync (API) in 86ms
18:01:02 INFO  - Executed action GD.API.Controllers.Questionnaire.QuestionnaireController.GetQuestionnaireInfoAsync (API) in 46ms
18:01:04 INFO  - Executed action GD.API.Controllers.Questionnaire.QuestionnaireController.ChangeQuestionSortAsync (API) in 82ms
18:01:04 INFO  - Executed action GD.API.Controllers.Questionnaire.QuestionnaireController.GetQuestionnaireInfoAsync (API) in 54ms
18:01:06 INFO  - Executed action GD.API.Controllers.Questionnaire.QuestionnaireController.ChangeQuestionSortAsync (API) in 81ms
18:01:06 INFO  - Executed action GD.API.Controllers.Questionnaire.QuestionnaireController.GetQuestionnaireInfoAsync (API) in 45ms
18:01:09 INFO  - Executed action GD.API.Controllers.Questionnaire.QuestionnaireController.ChangeQuestionSortAsync (API) in 82ms
18:01:09 INFO  - Executed action GD.API.Controllers.Questionnaire.QuestionnaireController.GetQuestionnaireInfoAsync (API) in 47ms
18:01:12 INFO  - Executed action GD.API.Controllers.Questionnaire.QuestionnaireController.ChangeQuestionSortAsync (API) in 90ms
18:01:12 INFO  - Executed action GD.API.Controllers.Questionnaire.QuestionnaireController.GetQuestionnaireInfoAsync (API) in 47ms
18:01:13 INFO  - Executed action GD.API.Controllers.Questionnaire.QuestionnaireController.ChangeQuestionSortAsync (API) in 67ms
18:01:13 INFO  - Executed action GD.API.Controllers.Questionnaire.QuestionnaireController.GetQuestionnaireInfoAsync (API) in 46ms
18:01:17 INFO  - Executed action GD.API.Controllers.Questionnaire.QuestionnaireController.ChangeQuestionSortAsync (API) in 32ms
18:01:30 INFO  - Executed action GD.API.Controllers.Questionnaire.QuestionnaireController.ChangeQuestionSortAsync (API) in 72ms
18:01:30 INFO  - Executed action GD.API.Controllers.Questionnaire.QuestionnaireController.GetQuestionnaireInfoAsync (API) in 48ms
18:01:32 INFO  - Executed action GD.API.Controllers.Questionnaire.QuestionnaireController.ChangeQuestionSortAsync (API) in 66ms
18:01:32 INFO  - Executed action GD.API.Controllers.Questionnaire.QuestionnaireController.GetQuestionnaireInfoAsync (API) in 46ms
18:01:33 INFO  - Executed action GD.API.Controllers.Questionnaire.QuestionnaireController.ChangeQuestionSortAsync (API) in 34ms
18:02:10 INFO  - Executed action GD.API.Controllers.Questionnaire.QuestionnaireController.ChangeQuestionSortAsync (API) in 66ms
18:02:10 INFO  - Executed action GD.API.Controllers.Questionnaire.QuestionnaireController.GetQuestionnaireInfoAsync (API) in 54ms
18:02:18 INFO  - Executed action GD.API.Controllers.Questionnaire.QuestionnaireController.ChangeQuestionSortAsync (API) in 67ms
18:02:18 INFO  - Executed action GD.API.Controllers.Questionnaire.QuestionnaireController.GetQuestionnaireInfoAsync (API) in 51ms
18:02:26 INFO  - Executed action GD.API.Controllers.Questionnaire.QuestionnaireController.ChangeQuestionSortAsync (API) in 31ms
18:02:28 INFO  - Executed action GD.API.Controllers.Questionnaire.QuestionnaireController.ChangeQuestionSortAsync (API) in 32ms
18:02:41 INFO  - Executed action GD.API.Controllers.Questionnaire.QuestionnaireController.ChangeQuestionSortAsync (API) in 34ms
18:02:47 INFO  - Executed action GD.API.Controllers.Questionnaire.QuestionnaireController.ChangeQuestionSortAsync (API) in 74ms
18:02:47 INFO  - Executed action GD.API.Controllers.Questionnaire.QuestionnaireController.GetQuestionnaireInfoAsync (API) in 48ms
18:03:09 INFO  - Executed action GD.API.Controllers.Questionnaire.QuestionnaireController.ChangeQuestionSortAsync (API) in 77ms
18:03:09 INFO  - Executed action GD.API.Controllers.Questionnaire.QuestionnaireController.GetQuestionnaireInfoAsync (API) in 50ms
18:03:32 INFO  - Executed action GD.API.Controllers.Questionnaire.QuestionnaireController.ChangeQuestionSortAsync (API) in 72ms
18:03:32 INFO  - Executed action GD.API.Controllers.Questionnaire.QuestionnaireController.GetQuestionnaireInfoAsync (API) in 50ms
18:03:34 INFO  - Executed action GD.API.Controllers.Questionnaire.QuestionnaireController.ChangeQuestionSortAsync (API) in 82ms
18:03:34 INFO  - Executed action GD.API.Controllers.Questionnaire.QuestionnaireController.GetQuestionnaireInfoAsync (API) in 51ms
18:03:36 INFO  - Executed action GD.API.Controllers.Questionnaire.QuestionnaireController.ChangeQuestionSortAsync (API) in 67ms
18:03:36 INFO  - Executed action GD.API.Controllers.Questionnaire.QuestionnaireController.GetQuestionnaireInfoAsync (API) in 52ms
18:03:37 INFO  - Executed action GD.API.Controllers.Questionnaire.QuestionnaireController.ChangeQuestionSortAsync (API) in 82ms
18:03:38 INFO  - Executed action GD.API.Controllers.Questionnaire.QuestionnaireController.GetQuestionnaireInfoAsync (API) in 44ms
18:03:39 INFO  - Executed action GD.API.Controllers.Questionnaire.QuestionnaireController.ChangeQuestionSortAsync (API) in 69ms
18:03:39 INFO  - Executed action GD.API.Controllers.Questionnaire.QuestionnaireController.GetQuestionnaireInfoAsync (API) in 47ms
18:03:43 INFO  - Executed action GD.API.Controllers.Questionnaire.QuestionnaireController.ChangeQuestionSortAsync (API) in 35ms
18:03:45 INFO  - Executed action GD.API.Controllers.Questionnaire.QuestionnaireController.ChangeQuestionSortAsync (API) in 59ms
18:03:47 INFO  - Executed action GD.API.Controllers.Questionnaire.QuestionnaireController.ChangeQuestionSortAsync (API) in 33ms
18:03:57 INFO  - Executed action GD.API.Controllers.Questionnaire.QuestionnaireController.ChangeQuestionSortAsync (API) in 70ms
18:03:57 INFO  - Executed action GD.API.Controllers.Questionnaire.QuestionnaireController.GetQuestionnaireInfoAsync (API) in 47ms
18:03:59 INFO  - Executed action GD.API.Controllers.Questionnaire.QuestionnaireController.ChangeQuestionSortAsync (API) in 71ms
18:03:59 INFO  - Executed action GD.API.Controllers.Questionnaire.QuestionnaireController.GetQuestionnaireInfoAsync (API) in 52ms
18:04:00 INFO  - Executed action GD.API.Controllers.Questionnaire.QuestionnaireController.ChangeQuestionSortAsync (API) in 32ms
18:04:04 INFO  - Executed action GD.API.Controllers.Questionnaire.QuestionnaireController.ChangeQuestionSortAsync (API) in 31ms
18:04:05 INFO  - Executed action GD.API.Controllers.Questionnaire.QuestionnaireController.ChangeQuestionSortAsync (API) in 34ms
18:04:08 INFO  - Executed action GD.API.Controllers.Questionnaire.QuestionnaireController.ChangeQuestionSortAsync (API) in 72ms
18:04:08 INFO  - Executed action GD.API.Controllers.Questionnaire.QuestionnaireController.GetQuestionnaireInfoAsync (API) in 46ms
18:04:16 INFO  - Executed action GD.API.Controllers.Questionnaire.QuestionnaireController.ChangeQuestionSortAsync (API) in 71ms
18:04:17 INFO  - Executed action GD.API.Controllers.Questionnaire.QuestionnaireController.GetQuestionnaireInfoAsync (API) in 46ms
18:05:26 INFO  - Executed action GD.API.Controllers.Questionnaire.QuestionnaireController.ChangeQuestionSortAsync (API) in 70ms
18:05:26 INFO  - Executed action GD.API.Controllers.Questionnaire.QuestionnaireController.GetQuestionnaireInfoAsync (API) in 54ms
18:05:27 INFO  - Executed action GD.API.Controllers.Questionnaire.QuestionnaireController.ChangeQuestionSortAsync (API) in 68ms
18:05:27 INFO  - Executed action GD.API.Controllers.Questionnaire.QuestionnaireController.GetQuestionnaireInfoAsync (API) in 47ms
18:05:43 INFO  - Executed action GD.API.Controllers.Questionnaire.QuestionnaireController.GetQuestionnaireInfoAsync (API) in 50ms
18:05:44 INFO  - Executed action GD.API.Controllers.Questionnaire.QuestionnaireController.ChangeQuestionSortAsync (API) in 31ms
18:06:09 INFO  - Executed action GD.API.Controllers.Questionnaire.QuestionnaireController.ChangeQuestionSortAsync (API) in 32ms
18:06:15 INFO  - Executed action GD.API.Controllers.Questionnaire.QuestionnaireController.ChangeQuestionSortAsync (API) in 74ms
18:06:15 INFO  - Executed action GD.API.Controllers.Questionnaire.QuestionnaireController.GetQuestionnaireInfoAsync (API) in 45ms
18:06:26 INFO  - Executed action GD.API.Controllers.Questionnaire.QuestionnaireController.ChangeQuestionSortAsync (API) in 83ms
18:06:26 INFO  - Executed action GD.API.Controllers.Questionnaire.QuestionnaireController.GetQuestionnaireInfoAsync (API) in 48ms
18:07:02 INFO  - Executed action GD.API.Controllers.Questionnaire.QuestionnaireController.ChangeQuestionSortAsync (API) in 67ms
18:07:02 INFO  - Executed action GD.API.Controllers.Questionnaire.QuestionnaireController.GetQuestionnaireInfoAsync (API) in 46ms
18:07:09 INFO  - Executed action GD.API.Controllers.Questionnaire.QuestionnaireController.ChangeQuestionSortAsync (API) in 68ms
18:07:09 INFO  - Executed action GD.API.Controllers.Questionnaire.QuestionnaireController.GetQuestionnaireInfoAsync (API) in 44ms
18:07:44 INFO  - Executed action GD.API.Controllers.System.UserController.GetLoginUserInfoAsync (API) in 123ms
18:07:45 INFO  - Executed action GD.API.Controllers.Questionnaire.QuestionnaireController.GetQuestionnairePageListAsync (API) in 46ms
18:07:46 INFO  - Executed action GD.API.Controllers.Questionnaire.QuestionnaireController.GetQuestionnaireInfoAsync (API) in 50ms
18:08:15 INFO  - Executed action GD.API.Controllers.Questionnaire.QuestionnaireController.ChangeQuestionSortAsync (API) in 86ms
18:08:15 INFO  - Executed action GD.API.Controllers.Questionnaire.QuestionnaireController.GetQuestionnaireInfoAsync (API) in 44ms
18:09:29 INFO  - Executed action GD.API.Controllers.System.UserController.GetLoginUserInfoAsync (API) in 118ms
18:09:31 INFO  - Executed action GD.API.Controllers.Questionnaire.QuestionnaireController.GetQuestionnairePageListAsync (API) in 38ms
18:09:33 INFO  - Executed action GD.API.Controllers.Questionnaire.QuestionnaireController.GetQuestionnaireInfoAsync (API) in 48ms
18:09:35 INFO  - Executed action GD.API.Controllers.Questionnaire.QuestionnaireController.ChangeQuestionSortAsync (API) in 32ms
18:09:38 INFO  - Executed action GD.API.Controllers.Questionnaire.QuestionnaireController.ChangeQuestionSortAsync (API) in 34ms
18:09:40 INFO  - Executed action GD.API.Controllers.Questionnaire.QuestionnaireController.ChangeQuestionSortAsync (API) in 78ms
18:09:40 INFO  - Executed action GD.API.Controllers.Questionnaire.QuestionnaireController.GetQuestionnaireInfoAsync (API) in 45ms
18:09:42 INFO  - Executed action GD.API.Controllers.Questionnaire.QuestionnaireController.ChangeQuestionSortAsync (API) in 78ms
18:09:42 INFO  - Executed action GD.API.Controllers.Questionnaire.QuestionnaireController.GetQuestionnaireInfoAsync (API) in 44ms
18:10:02 INFO  - Executed action GD.API.Controllers.Questionnaire.QuestionnaireController.ChangeQuestionSortAsync (API) in 76ms
18:10:02 INFO  - Executed action GD.API.Controllers.Questionnaire.QuestionnaireController.GetQuestionnaireInfoAsync (API) in 52ms
18:10:03 INFO  - Executed action GD.API.Controllers.Questionnaire.QuestionnaireController.ChangeQuestionSortAsync (API) in 73ms
18:10:04 INFO  - Executed action GD.API.Controllers.Questionnaire.QuestionnaireController.GetQuestionnaireInfoAsync (API) in 49ms
18:10:28 INFO  - Executed action GD.API.Controllers.Questionnaire.QuestionnaireController.ChangeQuestionSortAsync (API) in 66ms
18:10:29 INFO  - Executed action GD.API.Controllers.Questionnaire.QuestionnaireController.GetQuestionnaireInfoAsync (API) in 46ms
18:10:54 INFO  - Executed action GD.API.Controllers.Questionnaire.QuestionnaireController.ChangeQuestionSortAsync (API) in 71ms
18:10:54 INFO  - Executed action GD.API.Controllers.Questionnaire.QuestionnaireController.GetQuestionnaireInfoAsync (API) in 48ms
18:11:02 INFO  - Executed action GD.API.Controllers.Questionnaire.QuestionnaireController.ChangeQuestionSortAsync (API) in 92ms
18:11:02 INFO  - Executed action GD.API.Controllers.Questionnaire.QuestionnaireController.GetQuestionnaireInfoAsync (API) in 47ms
18:16:18 INFO  - Executed action GD.API.Controllers.Utility.AccountController.LoginAdmin (API) in 446ms
18:16:19 INFO  - Executed action GD.API.Controllers.System.UserController.GetLoginUserInfoAsync (API) in 479ms
18:16:26 INFO  - Executed action GD.API.Controllers.Questionnaire.QuestionnaireController.GetQuestionnairePageListAsync (API) in 54ms
18:16:30 INFO  - Executed action GD.API.Controllers.Questionnaire.QuestionnaireController.GetQuestionnaireInfoAsync (API) in 63ms
18:16:34 INFO  - Executed action GD.API.Controllers.Questionnaire.QuestionnaireController.ChangeQuestionSortAsync (API) in 107ms
18:16:34 INFO  - Executed action GD.API.Controllers.Questionnaire.QuestionnaireController.GetQuestionnaireInfoAsync (API) in 52ms
18:16:36 INFO  - Executed action GD.API.Controllers.Questionnaire.QuestionnaireController.ChangeQuestionSortAsync (API) in 67ms
18:16:36 INFO  - Executed action GD.API.Controllers.Questionnaire.QuestionnaireController.GetQuestionnaireInfoAsync (API) in 40ms
18:16:38 INFO  - Executed action GD.API.Controllers.Questionnaire.QuestionnaireController.GetQuestionnaireInfoAsync (API) in 45ms
18:16:54 INFO  - Executed action GD.API.Controllers.Questionnaire.QuestionnaireController.ChangeQuestionSortAsync (API) in 36ms
18:16:59 INFO  - Executed action GD.API.Controllers.Questionnaire.QuestionnaireController.ChangeQuestionSortAsync (API) in 31ms
18:17:04 INFO  - Executed action GD.API.Controllers.Questionnaire.QuestionnaireController.ChangeQuestionSortAsync (API) in 37ms
18:17:12 INFO  - Executed action GD.API.Controllers.Questionnaire.QuestionnaireController.ChangeQuestionSortAsync (API) in 31ms
18:17:18 INFO  - Executed action GD.API.Controllers.Questionnaire.QuestionnaireController.ChangeQuestionSortAsync (API) in 33ms
18:17:20 INFO  - Executed action GD.API.Controllers.Questionnaire.QuestionnaireController.ChangeQuestionSortAsync (API) in 53ms
18:17:22 INFO  - Executed action GD.API.Controllers.Questionnaire.QuestionnaireController.ChangeQuestionSortAsync (API) in 34ms
18:17:24 INFO  - Executed action GD.API.Controllers.Questionnaire.QuestionnaireController.ChangeQuestionSortAsync (API) in 30ms
18:17:35 INFO  - Executed action GD.API.Controllers.Questionnaire.QuestionnaireController.GetQuestionnaireInfoAsync (API) in 43ms
18:17:48 INFO  - Executed action GD.API.Controllers.Questionnaire.QuestionnaireController.ChangeQuestionSortAsync (API) in 32ms
18:17:51 INFO  - Executed action GD.API.Controllers.Questionnaire.QuestionnaireController.ChangeQuestionSortAsync (API) in 64ms
18:17:51 INFO  - Executed action GD.API.Controllers.Questionnaire.QuestionnaireController.GetQuestionnaireInfoAsync (API) in 42ms
18:18:03 INFO  - Executed action GD.API.Controllers.Questionnaire.QuestionnaireController.ChangeQuestionSortAsync (API) in 31ms
18:18:06 INFO  - Executed action GD.API.Controllers.Questionnaire.QuestionnaireController.ChangeQuestionSortAsync (API) in 48ms
18:18:07 INFO  - Executed action GD.API.Controllers.Questionnaire.QuestionnaireController.ChangeQuestionSortAsync (API) in 41ms
18:18:09 INFO  - Executed action GD.API.Controllers.Questionnaire.QuestionnaireController.ChangeQuestionSortAsync (API) in 32ms
18:18:12 INFO  - Executed action GD.API.Controllers.Questionnaire.QuestionnaireController.ChangeQuestionSortAsync (API) in 66ms
18:18:12 INFO  - Executed action GD.API.Controllers.Questionnaire.QuestionnaireController.GetQuestionnaireInfoAsync (API) in 51ms
18:18:13 INFO  - Executed action GD.API.Controllers.Questionnaire.QuestionnaireController.ChangeQuestionSortAsync (API) in 65ms
18:18:13 INFO  - Executed action GD.API.Controllers.Questionnaire.QuestionnaireController.GetQuestionnaireInfoAsync (API) in 49ms
18:18:18 INFO  - Executed action GD.API.Controllers.Questionnaire.QuestionnaireController.ChangeQuestionSortAsync (API) in 62ms
18:18:18 INFO  - Executed action GD.API.Controllers.Questionnaire.QuestionnaireController.GetQuestionnaireInfoAsync (API) in 56ms
18:18:19 INFO  - Executed action GD.API.Controllers.Questionnaire.QuestionnaireController.ChangeQuestionSortAsync (API) in 78ms
18:18:19 INFO  - Executed action GD.API.Controllers.Questionnaire.QuestionnaireController.GetQuestionnaireInfoAsync (API) in 44ms
18:18:20 INFO  - Executed action GD.API.Controllers.Questionnaire.QuestionnaireController.ChangeQuestionSortAsync (API) in 72ms
18:18:20 INFO  - Executed action GD.API.Controllers.Questionnaire.QuestionnaireController.GetQuestionnaireInfoAsync (API) in 45ms
18:18:44 INFO  - Executed action GD.API.Controllers.Questionnaire.QuestionnaireController.ChangeQuestionSortAsync (API) in 61ms
18:18:44 INFO  - Executed action GD.API.Controllers.Questionnaire.QuestionnaireController.GetQuestionnaireInfoAsync (API) in 49ms
18:18:46 INFO  - Executed action GD.API.Controllers.Questionnaire.QuestionnaireController.ChangeQuestionSortAsync (API) in 64ms
18:18:46 INFO  - Executed action GD.API.Controllers.Questionnaire.QuestionnaireController.GetQuestionnaireInfoAsync (API) in 44ms
