10:48:34 INFO  - Executed action GD.API.Controllers.Utility.AccountController.LoginAdmin (API) in 69ms
10:48:34 INFO  - Executed action GD.API.Controllers.System.UserController.GetLoginUserInfoAsync (API) in 162ms
10:48:35 INFO  - Executed action GD.API.Controllers.Report.CommonReportController.GetConditionListByIDAsync (API) in 31ms
10:48:35 INFO  - Executed action GD.API.Controllers.Report.CommonReportController.GetConditionListByIDAsync (API) in 98ms
10:48:37 INFO  - Executed action GD.API.Controllers.Report.CommonReportController.GetReportListAsync (API) in 110ms
10:48:40 INFO  - Executed action GD.API.Controllers.Report.CommonReportController.GetConditionListByIDAsync (API) in 26ms
10:48:40 INFO  - Executed action GD.API.Controllers.Report.CommonReportController.GetConditionListByIDAsync (API) in 28ms
10:48:40 INFO  - Executed action GD.API.Controllers.Report.CommonReportController.GetOneReport (API) in 107ms
10:49:04 INFO  - Bad request GD.API.Controllers.Report.CommonReportController.UpdateOneReport (API) with 字段必填; 值类型（默认字符串类型）必填; 中文列名必填
10:50:16 INFO  - Executed action GD.API.Controllers.System.UserController.GetLoginUserInfoAsync (API) in 164ms
10:50:16 INFO  - Executed action GD.API.Controllers.Report.CommonReportController.GetReportListAsync (API) in 76ms
10:50:18 INFO  - Executed action GD.API.Controllers.Report.CommonReportController.GetConditionListByIDAsync (API) in 24ms
10:50:18 INFO  - Executed action GD.API.Controllers.Report.CommonReportController.GetOneReport (API) in 26ms
10:50:18 INFO  - Executed action GD.API.Controllers.Report.CommonReportController.GetConditionListByIDAsync (API) in 33ms
10:50:56 INFO  - Executed action GD.API.Controllers.System.UserController.GetLoginUserInfoAsync (API) in 199ms
10:50:56 INFO  - Executed action GD.API.Controllers.Report.CommonReportController.GetReportListAsync (API) in 68ms
10:50:58 INFO  - Executed action GD.API.Controllers.Report.CommonReportController.GetConditionListByIDAsync (API) in 44ms
10:50:58 INFO  - Executed action GD.API.Controllers.Report.CommonReportController.GetOneReport (API) in 53ms
10:50:58 INFO  - Executed action GD.API.Controllers.Report.CommonReportController.GetConditionListByIDAsync (API) in 33ms
10:51:03 INFO  - Bad request GD.API.Controllers.Report.CommonReportController.UpdateOneReport (API) with 字段必填; 值类型（默认字符串类型）必填; 中文列名必填
10:51:55 INFO  - Executed action GD.API.Controllers.System.UserController.GetLoginUserInfoAsync (API) in 171ms
10:51:56 INFO  - Executed action GD.API.Controllers.Report.CommonReportController.GetReportListAsync (API) in 74ms
10:51:57 INFO  - Executed action GD.API.Controllers.Report.CommonReportController.GetConditionListByIDAsync (API) in 23ms
10:51:57 INFO  - Executed action GD.API.Controllers.Report.CommonReportController.GetOneReport (API) in 35ms
10:51:57 INFO  - Executed action GD.API.Controllers.Report.CommonReportController.GetConditionListByIDAsync (API) in 32ms
10:52:01 INFO  - Bad request GD.API.Controllers.Report.CommonReportController.UpdateOneReport (API) with 字段必填; 值类型（默认字符串类型）必填; 中文列名必填
10:53:29 INFO  - Executed action GD.API.Controllers.System.UserController.GetLoginUserInfoAsync (API) in 167ms
10:53:29 INFO  - Executed action GD.API.Controllers.Report.CommonReportController.GetReportListAsync (API) in 66ms
10:53:32 INFO  - Executed action GD.API.Controllers.Report.CommonReportController.GetConditionListByIDAsync (API) in 24ms
10:53:32 INFO  - Executed action GD.API.Controllers.Report.CommonReportController.GetConditionListByIDAsync (API) in 26ms
10:53:32 INFO  - Executed action GD.API.Controllers.Report.CommonReportController.GetOneReport (API) in 31ms
10:58:39 INFO  - Executed action GD.API.Controllers.System.UserController.GetLoginUserInfoAsync (API) in 179ms
10:58:39 INFO  - Executed action GD.API.Controllers.Report.CommonReportController.GetReportListAsync (API) in 50ms
10:59:14 INFO  - Executed action GD.API.Controllers.System.UserController.GetLoginUserInfoAsync (API) in 123ms
10:59:14 INFO  - Executed action GD.API.Controllers.Report.CommonReportController.GetReportListAsync (API) in 44ms
10:59:27 INFO  - Executed action GD.API.Controllers.System.UserController.GetLoginUserInfoAsync (API) in 162ms
10:59:28 INFO  - Executed action GD.API.Controllers.Report.CommonReportController.GetReportListAsync (API) in 42ms
10:59:57 INFO  - Executed action GD.API.Controllers.System.UserController.GetLoginUserInfoAsync (API) in 136ms
10:59:58 INFO  - Executed action GD.API.Controllers.Report.CommonReportController.GetReportListAsync (API) in 51ms
11:00:01 INFO  - Executed action GD.API.Controllers.Report.CommonReportController.GetOneReport (API) in 26ms
11:00:01 INFO  - Executed action GD.API.Controllers.Report.CommonReportController.GetConditionListByIDAsync (API) in 65ms
11:00:01 INFO  - Executed action GD.API.Controllers.Report.CommonReportController.GetConditionListByIDAsync (API) in 69ms
11:02:57 INFO  - Executed action GD.API.Controllers.System.UserController.GetLoginUserInfoAsync (API) in 135ms
11:02:58 INFO  - Executed action GD.API.Controllers.Report.CommonReportController.GetReportListAsync (API) in 54ms
11:02:59 INFO  - Executed action GD.API.Controllers.Report.CommonReportController.GetOneReport (API) in 59ms
11:02:59 INFO  - Executed action GD.API.Controllers.Report.CommonReportController.GetConditionListByIDAsync (API) in 55ms
11:02:59 INFO  - Executed action GD.API.Controllers.Report.CommonReportController.GetConditionListByIDAsync (API) in 25ms
11:03:05 INFO  - Executed action GD.API.Controllers.Report.CommonReportController.UpdateOneReport (API) in 119ms
11:03:05 INFO  - Executed action GD.API.Controllers.Report.CommonReportController.GetReportListAsync (API) in 43ms
11:03:06 INFO  - Executed action GD.API.Controllers.Report.CommonReportController.GetOneReport (API) in 22ms
11:03:06 INFO  - Executed action GD.API.Controllers.Report.CommonReportController.GetConditionListByIDAsync (API) in 23ms
11:03:06 INFO  - Executed action GD.API.Controllers.Report.CommonReportController.GetConditionListByIDAsync (API) in 25ms
11:09:37 INFO  - Executed action GD.API.Controllers.Report.CommonReportController.GetOneReport (API) in 72ms
11:09:37 INFO  - Executed action GD.API.Controllers.Report.CommonReportController.GetConditionListByIDAsync (API) in 65ms
11:09:37 INFO  - Executed action GD.API.Controllers.Report.CommonReportController.GetConditionListByIDAsync (API) in 95ms
11:10:32 INFO  - Executed action GD.API.Controllers.Report.CommonReportController.GetReportListAsync (API) in 53ms
11:10:34 INFO  - Executed action GD.API.Controllers.Report.CommonReportController.GetReportListAsync (API) in 54ms
14:51:32 INFO  - Executed action GD.API.Controllers.Report.CommonReportController.GetReportListAsync (API) in 105ms
14:53:17 INFO  - Executed action GD.API.Controllers.System.UserController.GetLoginUserInfoAsync (API) in 130ms
14:53:30 INFO  - Executed action GD.API.Controllers.System.UserController.GetLoginUserInfoAsync (API) in 127ms
14:53:30 INFO  - Executed action GD.API.Controllers.System.HomeController.GetOrderQtyAsync (API) in 55ms
14:53:30 INFO  - Executed action GD.API.Controllers.System.HomeController.GetMerchantQtyAsync (API) in 92ms
14:53:30 INFO  - Executed action GD.API.Controllers.System.HomeController.GetUserQtyAsync (API) in 34ms
14:53:30 INFO  - Executed action GD.API.Controllers.System.HomeController.GetDoctorsQtyAsync (API) in 26ms
14:54:20 INFO  - Executed action GD.API.Controllers.System.UserController.GetLoginUserInfoAsync (API) in 129ms
14:54:21 INFO  - Executed action GD.API.Controllers.System.HomeController.GetUserQtyAsync (API) in 24ms
14:54:21 INFO  - Executed action GD.API.Controllers.System.HomeController.GetOrderQtyAsync (API) in 27ms
14:54:21 INFO  - Executed action GD.API.Controllers.System.HomeController.GetDoctorsQtyAsync (API) in 19ms
14:54:21 INFO  - Executed action GD.API.Controllers.System.HomeController.GetMerchantQtyAsync (API) in 98ms
14:55:36 INFO  - Executed action GD.API.Controllers.System.UserController.GetLoginUserInfoAsync (API) in 182ms
14:55:36 INFO  - Executed action GD.API.Controllers.System.HomeController.GetUserQtyAsync (API) in 69ms
14:55:36 INFO  - Executed action GD.API.Controllers.System.HomeController.GetDoctorsQtyAsync (API) in 71ms
14:55:36 INFO  - Executed action GD.API.Controllers.System.HomeController.GetOrderQtyAsync (API) in 25ms
14:55:36 INFO  - Executed action GD.API.Controllers.System.HomeController.GetMerchantQtyAsync (API) in 35ms
14:56:41 INFO  - Executed action GD.API.Controllers.System.UserController.GetLoginUserInfoAsync (API) in 190ms
14:56:41 INFO  - Executed action GD.API.Controllers.System.HomeController.GetOrderQtyAsync (API) in 35ms
14:56:41 INFO  - Executed action GD.API.Controllers.System.HomeController.GetDoctorsQtyAsync (API) in 25ms
14:56:41 INFO  - Executed action GD.API.Controllers.System.HomeController.GetMerchantQtyAsync (API) in 19ms
14:56:41 INFO  - Executed action GD.API.Controllers.System.HomeController.GetUserQtyAsync (API) in 29ms
14:56:45 INFO  - Executed action GD.API.Controllers.Report.CommonReportController.GetReportListAsync (API) in 58ms
14:57:37 INFO  - Executed action GD.API.Controllers.Report.CommonReportController.GetReportListAsync (API) in 60ms
14:58:18 INFO  - Executed action GD.API.Controllers.System.UserController.GetLoginUserInfoAsync (API) in 157ms
14:58:18 INFO  - Executed action GD.API.Controllers.Report.CommonReportController.GetReportListAsync (API) in 54ms
14:58:38 INFO  - Executed action GD.API.Controllers.System.UserController.GetLoginUserInfoAsync (API) in 186ms
14:58:38 INFO  - Executed action GD.API.Controllers.Report.CommonReportController.GetReportListAsync (API) in 57ms
14:58:55 INFO  - Executed action GD.API.Controllers.Report.CommonReportController.GetConditionListByIDAsync (API) in 22ms
14:58:55 INFO  - Executed action GD.API.Controllers.Report.CommonReportController.GetConditionListByIDAsync (API) in 29ms
14:59:09 INFO  - Executed action GD.API.Controllers.Report.CommonReportController.PreviewResultInSqlStr (API) in 157ms
14:59:20 INFO  - Executed action GD.API.Controllers.Report.CommonReportController.PreviewResultInSqlStr (API) in 106ms
14:59:21 INFO  - Executed action GD.API.Controllers.Report.CommonReportController.PreviewResultInSqlStr (API) in 110ms
14:59:21 INFO  - Executed action GD.API.Controllers.Report.CommonReportController.PreviewResultInSqlStr (API) in 111ms
14:59:22 INFO  - Executed action GD.API.Controllers.Report.CommonReportController.PreviewResultInSqlStr (API) in 111ms
14:59:23 INFO  - Executed action GD.API.Controllers.Report.CommonReportController.PreviewResultInSqlStr (API) in 115ms
14:59:24 INFO  - Executed action GD.API.Controllers.Report.CommonReportController.PreviewResultInSqlStr (API) in 122ms
14:59:26 INFO  - Executed action GD.API.Controllers.Report.CommonReportController.PreviewResultInSqlStr (API) in 105ms
14:59:27 INFO  - Executed action GD.API.Controllers.Report.CommonReportController.PreviewResultInSqlStr (API) in 102ms
14:59:29 INFO  - Executed action GD.API.Controllers.Report.CommonReportController.PreviewResultInSqlStr (API) in 205ms
14:59:30 INFO  - Executed action GD.API.Controllers.Report.CommonReportController.PreviewResultInSqlStr (API) in 106ms
14:59:32 INFO  - Executed action GD.API.Controllers.Report.CommonReportController.PreviewResultInSqlStr (API) in 131ms
14:59:34 INFO  - Executed action GD.API.Controllers.Report.CommonReportController.PreviewResultInSqlStr (API) in 123ms
14:59:35 INFO  - Executed action GD.API.Controllers.Report.CommonReportController.PreviewResultInSqlStr (API) in 105ms
14:59:43 INFO  - Executed action GD.API.Controllers.Report.CommonReportController.GetConditionListByIDAsync (API) in 22ms
14:59:43 INFO  - Executed action GD.API.Controllers.Report.CommonReportController.GetConditionListByIDAsync (API) in 33ms
14:59:45 INFO  - Executed action GD.API.Controllers.Report.CommonReportController.PreviewResultInSqlStr (API) in 101ms
14:59:53 INFO  - Executed action GD.API.Controllers.Report.CommonReportController.GetReportListAsync (API) in 60ms
14:59:58 INFO  - Executed action GD.API.Controllers.Report.CommonReportController.GetConditionListByIDAsync (API) in 20ms
14:59:58 INFO  - Executed action GD.API.Controllers.Report.CommonReportController.GetOneReport (API) in 34ms
14:59:58 INFO  - Executed action GD.API.Controllers.Report.CommonReportController.GetConditionListByIDAsync (API) in 60ms
15:13:06 INFO  - Executed action GD.API.Controllers.System.UserController.GetLoginUserInfoAsync (API) in 198ms
15:13:07 INFO  - Executed action GD.API.Controllers.System.HomeController.GetDoctorsQtyAsync (API) in 43ms
15:13:07 INFO  - Executed action GD.API.Controllers.System.HomeController.GetMerchantQtyAsync (API) in 21ms
15:13:07 INFO  - Executed action GD.API.Controllers.System.HomeController.GetOrderQtyAsync (API) in 17ms
15:13:07 INFO  - Executed action GD.API.Controllers.System.HomeController.GetUserQtyAsync (API) in 107ms
15:13:21 INFO  - Executed action GD.API.Controllers.System.UserController.GetLoginUserInfoAsync (API) in 194ms
15:14:11 INFO  - Executed action GD.API.Controllers.System.HomeController.GetDoctorsQtyAsync (API) in 29ms
15:14:11 INFO  - Executed action GD.API.Controllers.System.HomeController.GetOrderQtyAsync (API) in 37ms
15:14:11 INFO  - Executed action GD.API.Controllers.System.HomeController.GetMerchantQtyAsync (API) in 22ms
15:14:11 INFO  - Executed action GD.API.Controllers.System.HomeController.GetUserQtyAsync (API) in 151ms
15:14:52 INFO  - Executed action GD.API.Controllers.System.UserController.GetLoginUserInfoAsync (API) in 209ms
15:14:53 INFO  - Executed action GD.API.Controllers.System.HomeController.GetDoctorsQtyAsync (API) in 26ms
15:14:53 INFO  - Executed action GD.API.Controllers.System.HomeController.GetOrderQtyAsync (API) in 42ms
15:14:53 INFO  - Executed action GD.API.Controllers.System.HomeController.GetMerchantQtyAsync (API) in 38ms
15:14:53 INFO  - Executed action GD.API.Controllers.System.HomeController.GetUserQtyAsync (API) in 18ms
15:16:27 INFO  - Executed action GD.API.Controllers.System.UserController.GetLoginUserInfoAsync (API) in 191ms
15:16:27 INFO  - Executed action GD.API.Controllers.System.HomeController.GetDoctorsQtyAsync (API) in 36ms
15:16:27 INFO  - Executed action GD.API.Controllers.System.HomeController.GetOrderQtyAsync (API) in 26ms
15:16:27 INFO  - Executed action GD.API.Controllers.System.HomeController.GetUserQtyAsync (API) in 27ms
15:16:27 INFO  - Executed action GD.API.Controllers.System.HomeController.GetMerchantQtyAsync (API) in 28ms
15:16:34 INFO  - Executed action GD.API.Controllers.Report.CommonReportController.GetConditionListByIDAsync (API) in 23ms
15:16:34 INFO  - Executed action GD.API.Controllers.Report.CommonReportController.GetConditionListByIDAsync (API) in 30ms
