16:50:36 INFO  - Executed action GD.API.Controllers.System.UserController.GetLoginUserInfoAsync (API) in 1411ms
16:50:37 INFO  - Executed action GD.API.Controllers.System.HomeController.GetUserQtyAsync (API) in 69ms
16:50:37 INFO  - Executed action GD.API.Controllers.System.HomeController.GetMerchantQtyAsync (API) in 144ms
16:50:37 INFO  - Executed action GD.API.Controllers.System.HomeController.GetOrderQtyAsync (API) in 121ms
16:50:37 INFO  - Executed action GD.API.Controllers.System.HomeController.GetDoctorsQtyAsync (API) in 87ms
16:51:37 INFO  - Executed action GD.API.Controllers.Doctor.HospitalController.GetHospitalLevel (API) in 19ms
16:51:37 INFO  - Executed action GD.API.Controllers.Doctor.HospitalController.GetHospitalPageAsync (API) in 81ms
17:15:38 INFO  - Executed action GD.API.Controllers.Doctor.HospitalController.AddHospitalAsync (API) in 34911ms
17:15:38 INFO  - Executed action GD.API.Controllers.Doctor.HospitalController.GetHospitalPageAsync (API) in 64ms
17:15:49 INFO  - Executed action GD.API.Controllers.Doctor.HospitalController.GetHospitalInfoAsync (API) in 376ms
17:15:56 INFO  - Executed action GD.API.Controllers.Doctor.HospitalController.UpdateHospitalAsync (API) in 91ms
17:15:56 INFO  - Executed action GD.API.Controllers.Doctor.HospitalController.GetHospitalPageAsync (API) in 38ms
17:15:58 INFO  - Executed action GD.API.Controllers.Doctor.HospitalController.GetHospitalInfoAsync (API) in 60ms
17:16:08 INFO  - Executed action GD.API.Controllers.Doctor.HospitalController.UpdateHospitalAsync (API) in 107ms
17:16:08 INFO  - Executed action GD.API.Controllers.Doctor.HospitalController.GetHospitalPageAsync (API) in 36ms
17:16:09 INFO  - Executed action GD.API.Controllers.Doctor.HospitalController.GetHospitalInfoAsync (API) in 48ms
17:16:48 INFO  - Executed action GD.API.Controllers.Doctor.HospitalController.DeleteHospitalAsync (API) in 45ms
17:16:49 INFO  - Executed action GD.API.Controllers.Doctor.HospitalController.GetHospitalPageAsync (API) in 38ms
17:17:39 INFO  - Executed action GD.API.Controllers.Utility.ArticleController.GetArticleTypeAsync (API) in 2530ms
17:17:39 INFO  - Executed action GD.API.Controllers.Utility.ArticleController.GetArticleListAsync (API) in 117ms
17:17:52 INFO  - Executed action GD.API.Controllers.Utility.ArticleController.GetArticleInfoAsync (API) in 75ms
17:20:43 INFO  - Executed action GD.API.Controllers.Doctor.DoctorController.GetReviewDoctorPageAsync (API) in 50ms
17:20:45 INFO  - Executed action GD.API.Controllers.Merchant.MerchantController.GetReviewMerchantPageAsync (API) in 46ms
