09:30:19 INFO  - Executed action GD.API.Controllers.Questionnaire.QuestionnaireController.GetQuestionnairePageListAsync (API) in 154ms
09:30:23 INFO  - Executed action GD.API.Controllers.Health.HealthIndicatorController.GetHealthIndicators (API) in 57ms
09:30:26 INFO  - Executed action GD.API.Controllers.Health.HealthInformationController.GetHealthInfoBasicDataAsync (API) in 62ms
09:30:54 INFO  - Executed action GD.API.Controllers.System.UserController.GetLoginUserInfoAsync (API) in 241ms
09:30:54 INFO  - Executed action GD.API.Controllers.Health.HealthInformationController.GetHealthInfoBasicDataAsync (API) in 60ms
09:41:46 INFO  - Executed action GD.API.Controllers.System.UserController.GetLoginUserInfoAsync (API) in 289ms
09:41:46 INFO  - Executed action GD.API.Controllers.Health.HealthInformationController.GetHealthInfoBasicDataAsync (API) in 60ms
09:58:02 INFO  - Executed action GD.API.Controllers.Questionnaire.QuestionnaireController.GetQuestionnairePageListAsync (API) in 152ms
09:58:07 INFO  - Executed action GD.API.Controllers.Health.HealthController.GetConsumersPageList (API) in 85ms
09:58:07 INFO  - Executed action GD.API.Controllers.Health.HealthInformationController.GetHealthInfoBasicDataAsync (API) in 196ms
09:58:07 INFO  - Executed action GD.API.Controllers.Health.HealthController.GetConsumersPageList (API) in 90ms
10:38:18 INFO  - Executed action GD.API.Controllers.Health.HealthInformationController.GetHealthInfoBasicDataAsync (API) in 148ms
10:38:18 INFO  - Executed action GD.API.Controllers.Health.HealthController.GetConsumersPageList (API) in 163ms
10:38:18 INFO  - Executed action GD.API.Controllers.Health.HealthController.GetConsumersPageList (API) in 79ms
10:38:24 INFO  - Executed action GD.API.Controllers.Health.HealthInformationController.GetHealthInfoBasicDataAsync (API) in 65ms
10:38:24 INFO  - Executed action GD.API.Controllers.Health.HealthController.GetConsumersPageList (API) in 81ms
10:38:24 INFO  - Executed action GD.API.Controllers.Health.HealthController.GetConsumersPageList (API) in 84ms
10:38:45 INFO  - Executed action GD.API.Controllers.Health.HealthInformationController.GetHealthInfoBasicDataAsync (API) in 75ms
10:38:45 INFO  - Executed action GD.API.Controllers.Health.HealthController.GetConsumersPageList (API) in 87ms
10:38:45 INFO  - Executed action GD.API.Controllers.Health.HealthController.GetConsumersPageList (API) in 79ms
10:38:56 INFO  - Executed action GD.API.Controllers.System.UserController.GetLoginUserInfoAsync (API) in 781ms
10:38:57 INFO  - Executed action GD.API.Controllers.Health.HealthInformationController.GetHealthInfoBasicDataAsync (API) in 69ms
10:38:57 INFO  - Executed action GD.API.Controllers.Health.HealthController.GetConsumersPageList (API) in 94ms
10:38:57 INFO  - Executed action GD.API.Controllers.Health.HealthController.GetConsumersPageList (API) in 79ms
10:39:47 INFO  - Executed action GD.API.Controllers.Health.HealthInformationController.GetHealthInfoBasicDataAsync (API) in 86ms
10:39:47 INFO  - Executed action GD.API.Controllers.Health.HealthController.GetConsumersPageList (API) in 132ms
10:39:47 INFO  - Executed action GD.API.Controllers.Health.HealthController.GetConsumersPageList (API) in 90ms
10:39:47 INFO  - Executed action GD.API.Controllers.Health.HealthController.GetConsumersPageList (API) in 92ms
10:39:49 INFO  - Executed action GD.API.Controllers.System.UserController.GetLoginUserInfoAsync (API) in 249ms
10:39:49 INFO  - Executed action GD.API.Controllers.Health.HealthInformationController.GetHealthInfoBasicDataAsync (API) in 114ms
10:39:49 INFO  - Executed action GD.API.Controllers.Health.HealthController.GetConsumersPageList (API) in 120ms
10:39:49 INFO  - Executed action GD.API.Controllers.Health.HealthController.GetConsumersPageList (API) in 82ms
10:39:49 INFO  - Executed action GD.API.Controllers.Health.HealthController.GetConsumersPageList (API) in 78ms
10:40:46 INFO  - Executed action GD.API.Controllers.Health.HealthInformationController.GetHealthInfoBasicDataAsync (API) in 82ms
10:40:46 INFO  - Executed action GD.API.Controllers.Health.HealthController.GetConsumersPageList (API) in 106ms
10:40:46 INFO  - Executed action GD.API.Controllers.Health.HealthController.GetConsumersPageList (API) in 88ms
10:40:46 INFO  - Executed action GD.API.Controllers.Health.HealthController.GetConsumersPageList (API) in 81ms
10:40:53 INFO  - Executed action GD.API.Controllers.System.UserController.GetLoginUserInfoAsync (API) in 264ms
10:40:54 INFO  - Executed action GD.API.Controllers.Health.HealthController.GetConsumersPageList (API) in 94ms
10:40:54 INFO  - Executed action GD.API.Controllers.Health.HealthInformationController.GetHealthInfoBasicDataAsync (API) in 82ms
10:40:54 INFO  - Executed action GD.API.Controllers.Health.HealthController.GetConsumersPageList (API) in 79ms
10:40:54 INFO  - Executed action GD.API.Controllers.Health.HealthController.GetConsumersPageList (API) in 82ms
10:42:10 INFO  - Executed action GD.API.Controllers.Health.HealthIndicatorController.GetHealthIndicatorList (API) in 322ms
10:42:13 INFO  - Executed action GD.API.Controllers.Health.HealthIndicatorController.GetHealthIndicatorList (API) in 280ms
10:42:24 INFO  - Executed action GD.API.Controllers.Health.HealthInformationController.GetHealthInformationAsync (API) in 130ms
10:42:25 INFO  - Executed action GD.API.Controllers.Health.HealthIndicatorController.GetHealthIndicatorList (API) in 271ms
10:42:26 INFO  - Executed action GD.API.Controllers.Health.HealthInformationController.GetHealthInformationAsync (API) in 127ms
10:42:28 INFO  - Executed action GD.API.Controllers.Health.HealthIndicatorController.GetHealthIndicatorList (API) in 340ms
10:42:30 INFO  - Executed action GD.API.Controllers.Health.HealthIndicatorController.GetHealthIndicatorList (API) in 283ms
10:42:46 INFO  - Executed action GD.API.Controllers.Health.HealthIndicatorController.GetHealthIndicatorList (API) in 279ms
10:42:51 INFO  - Executed action GD.API.Controllers.Health.HealthIndicatorController.GetHealthIndicatorDetails (API) in 87ms
10:42:55 INFO  - Executed action GD.API.Controllers.Health.HealthIndicatorController.GetHealthIndicatorDetails (API) in 81ms
10:42:55 INFO  - Executed action GD.API.Controllers.Health.HealthInformationController.GetHealthInformationAsync (API) in 125ms
10:42:57 INFO  - Executed action GD.API.Controllers.Health.HealthIndicatorController.GetHealthIndicatorList (API) in 278ms
10:42:58 INFO  - Executed action GD.API.Controllers.Health.HealthIndicatorController.GetHealthIndicatorDetails (API) in 85ms
10:48:16 INFO  - Executed action GD.API.Controllers.Health.HealthIndicatorController.GetHealthIndicatorDetails (API) in 180ms
10:50:08 INFO  - Executed action GD.API.Controllers.Health.HealthController.GetConsumersPageList (API) in 90ms
11:00:24 INFO  - Executed action GD.API.Controllers.Health.HealthController.GetConsumersPageList (API) in 155ms
11:00:35 INFO  - Executed action GD.API.Controllers.Health.HealthController.GetConsumersPageList (API) in 84ms
11:00:38 INFO  - Executed action GD.API.Controllers.System.UserController.GetLoginUserInfoAsync (API) in 263ms
11:00:38 INFO  - Executed action GD.API.Controllers.Health.HealthController.GetConsumersPageList (API) in 89ms
11:00:38 INFO  - Executed action GD.API.Controllers.Health.HealthInformationController.GetHealthInfoBasicDataAsync (API) in 154ms
11:00:38 INFO  - Executed action GD.API.Controllers.Health.HealthController.GetConsumersPageList (API) in 89ms
11:00:39 INFO  - Executed action GD.API.Controllers.Health.HealthController.GetConsumersPageList (API) in 92ms
11:00:48 INFO  - Executed action GD.API.Controllers.Health.HealthController.GetConsumersPageList (API) in 87ms
11:00:50 INFO  - Executed action GD.API.Controllers.System.UserController.GetLoginUserInfoAsync (API) in 252ms
11:00:51 INFO  - Executed action GD.API.Controllers.Health.HealthController.GetConsumersPageList (API) in 98ms
11:00:51 INFO  - Executed action GD.API.Controllers.Health.HealthInformationController.GetHealthInfoBasicDataAsync (API) in 72ms
11:00:51 INFO  - Executed action GD.API.Controllers.Health.HealthController.GetConsumersPageList (API) in 79ms
11:00:51 INFO  - Executed action GD.API.Controllers.Health.HealthController.GetConsumersPageList (API) in 78ms
11:01:19 INFO  - Executed action GD.API.Controllers.Health.HealthController.GetConsumersPageList (API) in 86ms
11:01:22 INFO  - Executed action GD.API.Controllers.System.UserController.GetLoginUserInfoAsync (API) in 314ms
11:01:23 INFO  - Executed action GD.API.Controllers.Health.HealthController.GetConsumersPageList (API) in 106ms
11:01:23 INFO  - Executed action GD.API.Controllers.Health.HealthInformationController.GetHealthInfoBasicDataAsync (API) in 80ms
11:01:23 INFO  - Executed action GD.API.Controllers.Health.HealthController.GetConsumersPageList (API) in 87ms
11:01:23 INFO  - Executed action GD.API.Controllers.Health.HealthController.GetConsumersPageList (API) in 90ms
11:01:28 INFO  - Executed action GD.API.Controllers.Health.HealthController.GetConsumersPageList (API) in 85ms
11:01:29 INFO  - Executed action GD.API.Controllers.Health.HealthController.GetConsumersPageList (API) in 86ms
11:01:30 INFO  - Executed action GD.API.Controllers.Health.HealthController.GetConsumersPageList (API) in 116ms
11:02:07 INFO  - Executed action GD.API.Controllers.Health.HealthController.GetConsumersPageList (API) in 89ms
11:02:11 INFO  - Executed action GD.API.Controllers.System.UserController.GetLoginUserInfoAsync (API) in 266ms
11:02:12 INFO  - Executed action GD.API.Controllers.Health.HealthController.GetConsumersPageList (API) in 159ms
11:02:12 INFO  - Executed action GD.API.Controllers.Health.HealthController.GetConsumersPageList (API) in 85ms
11:02:12 INFO  - Executed action GD.API.Controllers.Health.HealthInformationController.GetHealthInfoBasicDataAsync (API) in 315ms
11:02:12 INFO  - Executed action GD.API.Controllers.Health.HealthController.GetConsumersPageList (API) in 86ms
11:02:16 INFO  - Executed action GD.API.Controllers.Health.HealthController.GetConsumersPageList (API) in 81ms
11:02:17 INFO  - Executed action GD.API.Controllers.Health.HealthController.GetConsumersPageList (API) in 82ms
11:02:18 INFO  - Executed action GD.API.Controllers.Health.HealthController.GetConsumersPageList (API) in 81ms
11:02:20 INFO  - Executed action GD.API.Controllers.Health.HealthController.GetConsumersPageList (API) in 78ms
11:02:20 INFO  - Executed action GD.API.Controllers.Health.HealthController.GetConsumersPageList (API) in 88ms
11:02:21 INFO  - Executed action GD.API.Controllers.Health.HealthController.GetConsumersPageList (API) in 82ms
11:02:22 INFO  - Executed action GD.API.Controllers.Health.HealthController.GetConsumersPageList (API) in 126ms
11:02:23 INFO  - Executed action GD.API.Controllers.Health.HealthController.GetConsumersPageList (API) in 118ms
11:02:24 INFO  - Executed action GD.API.Controllers.Health.HealthController.GetConsumersPageList (API) in 94ms
11:02:25 INFO  - Executed action GD.API.Controllers.Health.HealthController.GetConsumersPageList (API) in 90ms
11:19:28 INFO  - Executed action GD.API.Controllers.System.UserController.GetLoginUserInfoAsync (API) in 327ms
11:19:28 INFO  - Executed action GD.API.Controllers.Health.HealthController.GetConsumersPageList (API) in 90ms
11:19:28 INFO  - Executed action GD.API.Controllers.Health.HealthInformationController.GetHealthInfoBasicDataAsync (API) in 144ms
11:19:28 INFO  - Executed action GD.API.Controllers.Health.HealthController.GetConsumersPageList (API) in 81ms
11:19:29 INFO  - Executed action GD.API.Controllers.Health.HealthController.GetConsumersPageList (API) in 79ms
11:21:53 INFO  - Executed action GD.API.Controllers.Health.HealthController.GetConsumersPageList (API) in 109ms
11:22:01 INFO  - Executed action GD.API.Controllers.Health.HealthController.GetConsumersPageList (API) in 94ms
11:22:39 INFO  - Executed action GD.API.Controllers.Health.HealthController.GetConsumersPageList (API) in 122ms
11:22:56 INFO  - Executed action GD.API.Controllers.System.UserController.GetLoginUserInfoAsync (API) in 288ms
11:22:56 INFO  - Executed action GD.API.Controllers.Health.HealthInformationController.GetHealthInfoBasicDataAsync (API) in 67ms
11:22:56 INFO  - Executed action GD.API.Controllers.Health.HealthController.GetConsumersPageList (API) in 98ms
11:22:57 INFO  - Executed action GD.API.Controllers.Health.HealthController.GetConsumersPageList (API) in 101ms
11:22:57 INFO  - Executed action GD.API.Controllers.Health.HealthController.GetConsumersPageList (API) in 83ms
11:47:30 INFO  - Executed action GD.API.Controllers.Health.HealthIndicatorController.GetHealthIndicatorList (API) in 337ms
14:40:57 INFO  - Executed action GD.API.Controllers.Utility.AccountController.LoginAdmin (API) in 133ms
14:40:58 INFO  - Executed action GD.API.Controllers.System.UserController.GetLoginUserInfoAsync (API) in 1181ms
14:40:58 INFO  - Executed action GD.API.Controllers.System.HomeController.GetDoctorsQtyAsync (API) in 52ms
14:40:58 INFO  - Executed action GD.API.Controllers.System.HomeController.GetMerchantQtyAsync (API) in 34ms
14:40:59 INFO  - Executed action GD.API.Controllers.System.HomeController.GetOrderQtyAsync (API) in 173ms
14:40:59 INFO  - Executed action GD.API.Controllers.System.HomeController.GetUserQtyAsync (API) in 149ms
14:43:45 INFO  - Executed action GD.API.Controllers.Doctor.DoctorController.GetDoctorCertificateDetailAsync (API) in 38ms
14:43:45 INFO  - Executed action GD.API.Controllers.Doctor.HospitalController.GetHospitalAllSelectAsync (API) in 37ms
14:43:45 INFO  - Executed action GD.API.Controllers.Doctor.DoctorController.GetDoctorPageAsync (API) in 177ms
14:43:45 INFO  - Executed action GD.API.Controllers.Doctor.DoctorController.GetDoctorJobTitlesAsync (API) in 152ms
14:43:47 INFO  - Executed action GD.API.Controllers.Merchant.MerchantController.GetBusinessScopeListAsync (API) in 47ms
14:43:47 INFO  - Executed action GD.API.Controllers.System.DictionaryController.GetMerchantDictionaryAsync (API) in 34ms
14:43:47 INFO  - Executed action GD.API.Controllers.Merchant.MerchantController.GetHospitalSelectAsync (API) in 35ms
14:43:47 INFO  - Executed action GD.API.Controllers.Merchant.MerchantController.GetMerchantPageAsync (API) in 96ms
14:43:49 INFO  - Executed action GD.API.Controllers.Doctor.DoctorController.GetDoctorCertificateDetailAsync (API) in 42ms
14:43:49 INFO  - Executed action GD.API.Controllers.Doctor.DoctorController.GetDoctorJobTitlesAsync (API) in 76ms
14:43:49 INFO  - Executed action GD.API.Controllers.Doctor.DoctorController.GetDoctorPageAsync (API) in 165ms
14:43:59 INFO  - Executed action GD.API.Controllers.Doctor.DoctorController.GetDoctorPageAsync (API) in 165ms
14:44:08 INFO  - Executed action GD.API.Controllers.Doctor.DoctorController.GetDoctorInfoAsync (API) in 121ms
14:44:09 INFO  - Executed action GD.API.Controllers.Doctor.DoctorController.GetDoctorCertificateDetailAsync (API) in 40ms
14:44:09 INFO  - Executed action GD.API.Controllers.Doctor.HospitalController.GetHospitalOfficeSelectAsync (API) in 55ms
14:44:23 INFO  - Executed action GD.API.Controllers.Doctor.DoctorController.GetReviewDoctorPageAsync (API) in 97ms
14:44:26 INFO  - Executed action GD.API.Controllers.Merchant.MerchantController.GetReviewMerchantPageAsync (API) in 91ms
14:44:28 INFO  - Executed action GD.API.Controllers.Utility.ArticleController.GetArticleTypeAsync (API) in 33ms
14:44:28 INFO  - Executed action GD.API.Controllers.Utility.ArticleController.GetArticleListAsync (API) in 175ms
14:44:30 INFO  - Executed action GD.API.Controllers.Manager.RecommendController.GetRecommendPageAsync (API) in 87ms
14:44:33 INFO  - Executed action GD.API.Controllers.Utility.ArticleController.GetArticleTypeAsync (API) in 35ms
14:44:33 INFO  - Executed action GD.API.Controllers.Utility.ArticleController.GetArticleListAsync (API) in 180ms
14:44:39 INFO  - Executed action GD.API.Controllers.System.DictionaryController.GetDictionaryMatedata (API) in 36ms
14:44:39 INFO  - Executed action GD.API.Controllers.System.DictionaryController.GetDictionaryTreeAsync (API) in 57ms
14:44:39 INFO  - Executed action GD.API.Controllers.System.DictionaryController.GetDictionaryTreeTypeAsync (API) in 51ms
14:44:47 INFO  - Executed action GD.API.Controllers.System.DictionaryController.GetBusinessScopePageAsync (API) in 49ms
14:44:47 INFO  - Executed action GD.API.Controllers.System.DictionaryController.GetBusinessScopeTypeAsync (API) in 87ms
14:59:48 INFO  - Executed action GD.API.Controllers.System.DictionaryController.GetFaqsSettingTypeAsync (API) in 134ms
14:59:48 INFO  - Executed action GD.API.Controllers.Faqs.FaqsController.SearchFaqsQuestionAsync (API) in 267ms
14:59:53 INFO  - Executed action GD.API.Controllers.System.UserController.GetOrganizationTreeAsync (API) in 41ms
14:59:53 INFO  - Executed action GD.API.Controllers.System.UserController.GetOrganizationTreeAsync (API) in 43ms
14:59:56 INFO  - Executed action GD.API.Controllers.Utility.HelpController.GetHelpPageAsync (API) in 90ms
14:59:58 INFO  - Executed action GD.API.Controllers.System.UserController.GetOrganizationTreeAsync (API) in 39ms
14:59:58 INFO  - Executed action GD.API.Controllers.System.UserController.GetRoleListAsync (API) in 37ms
14:59:58 INFO  - Executed action GD.API.Controllers.System.UserController.GetAccountListAsync (API) in 89ms
14:59:59 INFO  - Executed action GD.API.Controllers.System.MenuController.GetMenuTreeAsync (API) in 63ms
15:00:02 INFO  - Executed action GD.API.Controllers.Health.HealthInformationController.GetHealthInfoBasicDataAsync (API) in 64ms
15:00:02 INFO  - Executed action GD.API.Controllers.Health.HealthController.GetConsumersPageList (API) in 92ms
15:00:03 INFO  - Executed action GD.API.Controllers.Health.HealthController.GetConsumersPageList (API) in 85ms
15:00:03 INFO  - Executed action GD.API.Controllers.Health.HealthController.GetConsumersPageList (API) in 89ms
15:05:24 INFO  - Executed action GD.API.Controllers.System.UserController.GetLoginUserInfoAsync (API) in 348ms
15:05:24 INFO  - Executed action GD.API.Controllers.Health.HealthController.GetConsumersPageList (API) in 100ms
15:05:24 INFO  - Executed action GD.API.Controllers.Health.HealthInformationController.GetHealthInfoBasicDataAsync (API) in 145ms
15:05:24 INFO  - Executed action GD.API.Controllers.Health.HealthController.GetConsumersPageList (API) in 88ms
15:05:24 INFO  - Executed action GD.API.Controllers.Health.HealthController.GetConsumersPageList (API) in 89ms
15:08:25 INFO  - Executed action GD.API.Controllers.System.UserController.GetLoginUserInfoAsync (API) in 257ms
15:08:26 INFO  - Executed action GD.API.Controllers.Health.HealthInformationController.GetHealthInfoBasicDataAsync (API) in 74ms
15:08:29 INFO  - Executed action GD.API.Controllers.Health.HealthController.GetConsumersPageList (API) in 3530ms
15:08:29 INFO  - Executed action GD.API.Controllers.Health.HealthController.GetConsumersPageList (API) in 87ms
15:08:29 INFO  - Executed action GD.API.Controllers.Health.HealthController.GetConsumersPageList (API) in 89ms
15:10:52 INFO  - Executed action GD.API.Controllers.Health.HealthIndicatorController.GetHealthIndicatorList (API) in 302ms
15:15:41 INFO  - Executed action GD.API.Controllers.Health.HealthIndicatorController.GetHealthIndicatorList (API) in 297ms
15:15:45 INFO  - Executed action GD.API.Controllers.Health.HealthInformationController.GetHealthInformationAsync (API) in 138ms
15:15:45 INFO  - Executed action GD.API.Controllers.Health.HealthIndicatorController.GetHealthIndicatorList (API) in 302ms
15:15:46 INFO  - Executed action GD.API.Controllers.Health.HealthInformationController.GetHealthInformationAsync (API) in 135ms
15:15:46 INFO  - Executed action GD.API.Controllers.Health.HealthIndicatorController.GetHealthIndicatorList (API) in 303ms
15:15:47 INFO  - Executed action GD.API.Controllers.Health.HealthInformationController.GetHealthInformationAsync (API) in 133ms
15:15:47 INFO  - Executed action GD.API.Controllers.Health.HealthIndicatorController.GetHealthIndicatorList (API) in 294ms
15:15:47 INFO  - Executed action GD.API.Controllers.Health.HealthInformationController.GetHealthInformationAsync (API) in 137ms
15:15:48 INFO  - Executed action GD.API.Controllers.Health.HealthIndicatorController.GetHealthIndicatorList (API) in 294ms
15:15:48 INFO  - Executed action GD.API.Controllers.Health.HealthInformationController.GetHealthInformationAsync (API) in 137ms
15:15:49 INFO  - Executed action GD.API.Controllers.Health.HealthIndicatorController.GetHealthIndicatorList (API) in 299ms
15:15:49 INFO  - Executed action GD.API.Controllers.Health.HealthInformationController.GetHealthInformationAsync (API) in 129ms
15:15:51 INFO  - Executed action GD.API.Controllers.Health.HealthIndicatorController.GetHealthIndicatorList (API) in 299ms
15:30:13 INFO  - Executed action GD.API.Controllers.Health.HealthController.GetConsumersPageList (API) in 156ms
15:30:13 INFO  - Executed action GD.API.Controllers.Health.HealthInformationController.GetHealthInfoBasicDataAsync (API) in 161ms
15:30:13 INFO  - Executed action GD.API.Controllers.Health.HealthController.GetConsumersPageList (API) in 90ms
15:30:13 INFO  - Executed action GD.API.Controllers.Health.HealthController.GetConsumersPageList (API) in 94ms
15:38:34 INFO  - Executed action GD.API.Controllers.Health.HealthInformationController.GetHealthInfoBasicDataAsync (API) in 144ms
15:38:34 INFO  - Executed action GD.API.Controllers.Health.HealthController.GetConsumersPageList (API) in 182ms
15:38:34 INFO  - Executed action GD.API.Controllers.Health.HealthController.GetConsumersPageList (API) in 85ms
15:38:34 INFO  - Executed action GD.API.Controllers.Health.HealthController.GetConsumersPageList (API) in 89ms
15:55:56 INFO  - Executed action GD.API.Controllers.Health.HealthInformationController.GetHealthInfoBasicDataAsync (API) in 159ms
15:55:56 INFO  - Executed action GD.API.Controllers.Health.HealthController.GetConsumersPageList (API) in 181ms
15:55:56 INFO  - Executed action GD.API.Controllers.Health.HealthController.GetConsumersPageList (API) in 88ms
15:55:56 INFO  - Executed action GD.API.Controllers.Health.HealthController.GetConsumersPageList (API) in 93ms
15:58:16 INFO  - Executed action GD.API.Controllers.System.UserController.GetLoginUserInfoAsync (API) in 306ms
15:58:16 INFO  - Executed action GD.API.Controllers.Health.HealthInformationController.GetHealthInfoBasicDataAsync (API) in 79ms
15:58:16 INFO  - Executed action GD.API.Controllers.Health.HealthController.GetConsumersPageList (API) in 94ms
15:58:16 INFO  - Executed action GD.API.Controllers.Health.HealthController.GetConsumersPageList (API) in 95ms
15:58:17 INFO  - Executed action GD.API.Controllers.Health.HealthController.GetConsumersPageList (API) in 108ms
15:58:50 INFO  - Executed action GD.API.Controllers.DataBoard.DataBoardController.GetDayWeChatDetailAsync (API) in 49ms
15:58:50 INFO  - Executed action GD.API.Controllers.DataBoard.DataBoardController.GetTodayTotalAsync (API) in 59ms
15:58:51 INFO  - Executed action GD.API.Controllers.DataBoard.DataBoardController.GetLastDayWeChatPayCountAsync (API) in 110ms
15:58:51 INFO  - Executed action GD.API.Controllers.DataBoard.DataBoardController.GetWeChatDetailAsync (API) in 221ms
15:58:51 INFO  - Executed action GD.API.Controllers.DataBoard.DataBoardController.GetDayWeChatScaleAsync (API) in 220ms
15:58:51 INFO  - Executed action GD.API.Controllers.DataBoard.DataBoardController.GetDayAchievementAsync (API) in 202ms
15:58:51 INFO  - Executed action GD.API.Controllers.DataBoard.DataBoardController.GetTrendAsync (API) in 58ms
15:58:51 INFO  - Executed action GD.API.Controllers.DataBoard.DataBoardController.GetMonthDetailAsync (API) in 38ms
15:58:51 INFO  - Executed action GD.API.Controllers.Utility.WeatherController.GetWeatherForecast (API) in 357ms
15:59:11 INFO  - Executed action GD.API.Controllers.Utility.ArticleController.GetArticleTypeAsync (API) in 38ms
15:59:11 INFO  - Executed action GD.API.Controllers.Utility.ArticleController.GetArticleListAsync (API) in 182ms
15:59:14 INFO  - Executed action GD.API.Controllers.System.DictionaryController.GetFaqsSettingTypeAsync (API) in 36ms
15:59:14 INFO  - Executed action GD.API.Controllers.Faqs.FaqsController.SearchFaqsQuestionAsync (API) in 188ms
15:59:17 INFO  - Executed action GD.API.Controllers.Utility.ArticleController.GetArticleTypeAsync (API) in 39ms
15:59:18 INFO  - Executed action GD.API.Controllers.Utility.ArticleController.GetArticleListAsync (API) in 180ms
15:59:22 INFO  - Executed action GD.API.Controllers.Health.HealthInformationController.GetHealthInfoBasicDataAsync (API) in 99ms
15:59:22 INFO  - Executed action GD.API.Controllers.Health.HealthController.GetConsumersPageList (API) in 112ms
15:59:22 INFO  - Executed action GD.API.Controllers.Health.HealthController.GetConsumersPageList (API) in 131ms
15:59:23 INFO  - Executed action GD.API.Controllers.Health.HealthController.GetConsumersPageList (API) in 164ms
16:10:35 INFO  - Executed action GD.API.Controllers.System.UserController.GetLoginUserInfoAsync (API) in 334ms
16:10:35 INFO  - Executed action GD.API.Controllers.Health.HealthController.GetConsumersPageList (API) in 83ms
16:10:35 INFO  - Executed action GD.API.Controllers.Health.HealthInformationController.GetHealthInfoBasicDataAsync (API) in 157ms
16:10:35 INFO  - Executed action GD.API.Controllers.Health.HealthController.GetConsumersPageList (API) in 78ms
16:10:36 INFO  - Executed action GD.API.Controllers.Health.HealthController.GetConsumersPageList (API) in 76ms
16:12:12 INFO  - Executed action GD.API.Controllers.Health.HealthIndicatorController.GetHealthIndicatorList (API) in 283ms
16:12:20 INFO  - Executed action GD.API.Controllers.Health.HealthIndicatorController.GetHealthIndicatorDetails (API) in 82ms
16:12:23 INFO  - Executed action GD.API.Controllers.Health.HealthInformationController.GetHealthInformationAsync (API) in 122ms
16:12:24 INFO  - Executed action GD.API.Controllers.Health.HealthIndicatorController.GetHealthIndicatorList (API) in 279ms
16:12:25 INFO  - Executed action GD.API.Controllers.Health.HealthInformationController.GetHealthInformationAsync (API) in 128ms
16:14:57 INFO  - Executed action GD.API.Controllers.Questionnaire.QuestionnaireController.GetQuestionnairePageListAsync (API) in 93ms
16:15:01 INFO  - Executed action GD.API.Controllers.Questionnaire.QuestionnaireController.GetConsumerQuestionnairesPageLisAsync (API) in 78ms
16:15:03 INFO  - Executed action GD.API.Controllers.Questionnaire.QuestionnaireController.GetConsumerQuestionnairesPageLisAsync (API) in 82ms
16:15:06 INFO  - Executed action GD.API.Controllers.Questionnaire.QuestionnaireController.GetConumserQuestionnaireResultAsync (API) in 188ms
16:15:24 INFO  - Executed action GD.API.Controllers.Health.HealthInformationController.GetHealthInfoBasicDataAsync (API) in 72ms
16:15:24 INFO  - Executed action GD.API.Controllers.Health.HealthController.GetConsumersPageList (API) in 98ms
16:15:24 INFO  - Executed action GD.API.Controllers.Health.HealthController.GetConsumersPageList (API) in 93ms
16:15:24 INFO  - Executed action GD.API.Controllers.Health.HealthController.GetConsumersPageList (API) in 90ms
16:15:26 INFO  - Executed action GD.API.Controllers.Health.HealthIndicatorController.GetHealthIndicatorList (API) in 281ms
16:15:28 INFO  - Executed action GD.API.Controllers.Health.HealthController.GetConsumerQuestionnairesPageList (API) in 80ms
16:15:32 INFO  - Executed action GD.API.Controllers.Health.HealthController.GetConsumerQuestionnairesPageList (API) in 82ms
16:15:34 INFO  - Executed action GD.API.Controllers.Health.HealthController.GetConsumerQuestionnairesPageList (API) in 76ms
16:15:34 INFO  - Executed action GD.API.Controllers.Health.HealthController.GetConsumerQuestionnairesPageList (API) in 80ms
16:15:34 INFO  - Executed action GD.API.Controllers.Health.HealthController.GetConsumerQuestionnairesPageList (API) in 96ms
16:15:36 INFO  - Executed action GD.API.Controllers.Health.HealthController.GetConsumerHealthReportPageList (API) in 85ms
16:15:39 INFO  - Executed action GD.API.Controllers.Health.HealthController.GetConsumerHealthReport (API) in 85ms
16:15:43 INFO  - Executed action GD.API.Controllers.Health.HealthController.GetConsumerHealthReportPageList (API) in 90ms
16:16:41 INFO  - Executed action GD.API.Controllers.Health.HealthController.GetConsumersPageList (API) in 82ms
16:16:49 INFO  - Executed action GD.API.Controllers.Health.HealthController.GetConsumersPageList (API) in 91ms
16:18:10 INFO  - Executed action GD.API.Controllers.Health.HealthController.GetConsumersPageList (API) in 91ms
16:18:29 INFO  - Executed action GD.API.Controllers.Health.HealthController.GetConsumersPageList (API) in 76ms
16:19:00 INFO  - Executed action GD.API.Controllers.Health.HealthController.GetConsumersPageList (API) in 205ms
16:29:43 INFO  - Executed action GD.API.Controllers.Health.HealthController.GetConsumersPageList (API) in 187ms
16:29:47 INFO  - Executed action GD.API.Controllers.System.UserController.GetLoginUserInfoAsync (API) in 275ms
16:29:47 INFO  - Executed action GD.API.Controllers.Health.HealthController.GetConsumersPageList (API) in 100ms
16:29:48 INFO  - Executed action GD.API.Controllers.Health.HealthInformationController.GetHealthInfoBasicDataAsync (API) in 163ms
16:29:48 INFO  - Executed action GD.API.Controllers.Health.HealthController.GetConsumersPageList (API) in 91ms
16:29:48 INFO  - Executed action GD.API.Controllers.Health.HealthController.GetConsumersPageList (API) in 89ms
16:36:23 INFO  - Executed action GD.API.Controllers.Health.HealthController.GetConsumersPageList (API) in 178ms
16:36:26 INFO  - Executed action GD.API.Controllers.System.UserController.GetLoginUserInfoAsync (API) in 297ms
16:36:27 INFO  - Executed action GD.API.Controllers.Health.HealthController.GetConsumersPageList (API) in 110ms
16:36:27 INFO  - Executed action GD.API.Controllers.Health.HealthInformationController.GetHealthInfoBasicDataAsync (API) in 167ms
16:36:27 INFO  - Executed action GD.API.Controllers.Health.HealthController.GetConsumersPageList (API) in 99ms
16:36:27 INFO  - Executed action GD.API.Controllers.Health.HealthController.GetConsumersPageList (API) in 101ms
16:37:03 INFO  - Executed action GD.API.Controllers.System.UserController.GetLoginUserInfoAsync (API) in 260ms
16:37:03 INFO  - Executed action GD.API.Controllers.Health.HealthInformationController.GetHealthInfoBasicDataAsync (API) in 74ms
16:37:03 INFO  - Executed action GD.API.Controllers.Health.HealthController.GetConsumersPageList (API) in 89ms
16:37:04 INFO  - Executed action GD.API.Controllers.Health.HealthController.GetConsumersPageList (API) in 94ms
16:37:04 INFO  - Executed action GD.API.Controllers.Health.HealthController.GetConsumersPageList (API) in 91ms
16:39:14 INFO  - Executed action GD.API.Controllers.System.UserController.GetLoginUserInfoAsync (API) in 276ms
16:39:15 INFO  - Executed action GD.API.Controllers.Health.HealthInformationController.GetHealthInfoBasicDataAsync (API) in 77ms
16:39:15 INFO  - Executed action GD.API.Controllers.Health.HealthController.GetConsumersPageList (API) in 103ms
16:39:15 INFO  - Executed action GD.API.Controllers.Health.HealthController.GetConsumersPageList (API) in 98ms
16:39:15 INFO  - Executed action GD.API.Controllers.Health.HealthController.GetConsumersPageList (API) in 92ms
16:40:02 INFO  - Executed action GD.API.Controllers.Health.HealthController.GetConsumersPageList (API) in 121ms
16:40:03 INFO  - Executed action GD.API.Controllers.Health.HealthController.GetConsumersPageList (API) in 92ms
16:42:02 INFO  - Executed action GD.API.Controllers.Health.HealthController.GetConsumersPageList (API) in 96ms
16:42:21 INFO  - Executed action GD.API.Controllers.Health.HealthController.GetConsumersPageList (API) in 90ms
16:42:26 INFO  - Executed action GD.API.Controllers.System.UserController.GetLoginUserInfoAsync (API) in 322ms
16:42:26 INFO  - Executed action GD.API.Controllers.Health.HealthInformationController.GetHealthInfoBasicDataAsync (API) in 74ms
16:42:26 INFO  - Executed action GD.API.Controllers.Health.HealthController.GetConsumersPageList (API) in 113ms
16:42:26 INFO  - Executed action GD.API.Controllers.Health.HealthController.GetConsumersPageList (API) in 105ms
16:42:27 INFO  - Executed action GD.API.Controllers.Health.HealthController.GetConsumersPageList (API) in 142ms
16:43:48 INFO  - Executed action GD.API.Controllers.Health.HealthController.GetConsumersPageList (API) in 91ms
16:43:52 INFO  - Executed action GD.API.Controllers.System.UserController.GetLoginUserInfoAsync (API) in 285ms
16:43:53 INFO  - Executed action GD.API.Controllers.Health.HealthController.GetConsumersPageList (API) in 99ms
16:43:53 INFO  - Executed action GD.API.Controllers.Health.HealthInformationController.GetHealthInfoBasicDataAsync (API) in 87ms
16:43:53 INFO  - Executed action GD.API.Controllers.Health.HealthController.GetConsumersPageList (API) in 90ms
16:43:53 INFO  - Executed action GD.API.Controllers.Health.HealthController.GetConsumersPageList (API) in 99ms
16:43:53 INFO  - Executed action GD.API.Controllers.Health.HealthController.GetConsumersPageList (API) in 88ms
16:44:30 INFO  - Executed action GD.API.Controllers.Health.HealthIndicatorController.GetHealthIndicatorList (API) in 308ms
16:44:32 INFO  - Executed action GD.API.Controllers.Health.HealthInformationController.GetHealthInformationAsync (API) in 137ms
16:44:34 INFO  - Executed action GD.API.Controllers.Health.HealthIndicatorController.GetHealthIndicatorList (API) in 308ms
16:44:35 INFO  - Executed action GD.API.Controllers.Health.HealthIndicatorController.GetHealthIndicatorDetails (API) in 95ms
16:44:37 INFO  - Executed action GD.API.Controllers.Health.HealthIndicatorController.GetHealthIndicatorDetails (API) in 90ms
16:45:29 INFO  - Executed action GD.API.Controllers.Health.HealthController.GetConsumersPageList (API) in 93ms
16:45:29 INFO  - Executed action GD.API.Controllers.Health.HealthInformationController.GetHealthInfoBasicDataAsync (API) in 84ms
16:45:29 INFO  - Executed action GD.API.Controllers.Health.HealthController.GetConsumersPageList (API) in 89ms
16:45:29 INFO  - Executed action GD.API.Controllers.Health.HealthController.GetConsumersPageList (API) in 103ms
16:45:29 INFO  - Executed action GD.API.Controllers.Health.HealthController.GetConsumersPageList (API) in 90ms
16:49:04 INFO  - Executed action GD.API.Controllers.Health.HealthInformationController.GetHealthInformationAsync (API) in 145ms
16:52:02 INFO  - Executed action GD.API.Controllers.System.UserController.GetLoginUserInfoAsync (API) in 302ms
16:52:02 INFO  - Executed action GD.API.Controllers.Health.HealthController.GetConsumersPageList (API) in 99ms
16:52:02 INFO  - Executed action GD.API.Controllers.Health.HealthInformationController.GetHealthInfoBasicDataAsync (API) in 80ms
16:52:02 INFO  - Executed action GD.API.Controllers.Health.HealthController.GetConsumersPageList (API) in 96ms
16:52:02 INFO  - Executed action GD.API.Controllers.Health.HealthController.GetConsumersPageList (API) in 90ms
16:52:03 INFO  - Executed action GD.API.Controllers.Health.HealthController.GetConsumersPageList (API) in 93ms
16:52:05 INFO  - Executed action GD.API.Controllers.Health.HealthIndicatorController.GetHealthIndicatorList (API) in 322ms
16:52:05 INFO  - Executed action GD.API.Controllers.Health.HealthInformationController.GetHealthInformationAsync (API) in 144ms
16:52:40 INFO  - Executed action GD.API.Controllers.Health.HealthIndicatorController.GetHealthIndicatorList (API) in 309ms
16:56:04 INFO  - Executed action GD.API.Controllers.Health.HealthIndicatorController.GetHealthIndicatorDetails (API) in 103ms
16:56:07 INFO  - Executed action GD.API.Controllers.Health.HealthIndicatorController.GetHealthIndicatorDetails (API) in 103ms
16:56:08 INFO  - Executed action GD.API.Controllers.Health.HealthInformationController.GetHealthInformationAsync (API) in 140ms
16:56:09 INFO  - Executed action GD.API.Controllers.Health.HealthIndicatorController.GetHealthIndicatorList (API) in 318ms
16:56:09 INFO  - Executed action GD.API.Controllers.Health.HealthInformationController.GetHealthInformationAsync (API) in 137ms
16:56:10 INFO  - Executed action GD.API.Controllers.Health.HealthIndicatorController.GetHealthIndicatorList (API) in 301ms
16:56:27 INFO  - Executed action GD.API.Controllers.System.UserController.GetLoginUserInfoAsync (API) in 293ms
16:56:27 INFO  - Executed action GD.API.Controllers.Health.HealthInformationController.GetHealthInfoBasicDataAsync (API) in 82ms
16:56:27 INFO  - Executed action GD.API.Controllers.Health.HealthController.GetConsumersPageList (API) in 96ms
16:56:28 INFO  - Executed action GD.API.Controllers.Health.HealthController.GetConsumersPageList (API) in 86ms
16:56:28 INFO  - Executed action GD.API.Controllers.Health.HealthController.GetConsumersPageList (API) in 102ms
16:56:28 INFO  - Executed action GD.API.Controllers.Health.HealthController.GetConsumersPageList (API) in 88ms
16:56:35 INFO  - Executed action GD.API.Controllers.Health.HealthIndicatorController.GetHealthIndicatorList (API) in 297ms
16:56:50 INFO  - Executed action GD.API.Controllers.Health.HealthController.GetConsumerQuestionnairesPageList (API) in 88ms
16:56:53 INFO  - Executed action GD.API.Controllers.Health.HealthController.GetConsumerQuestionnairesPageList (API) in 92ms
16:57:00 INFO  - Executed action GD.API.Controllers.Health.HealthController.GetConsumerHealthReportPageList (API) in 88ms
16:57:05 INFO  - Executed action GD.API.Controllers.Health.HealthController.GetConsumerHealthReportPageList (API) in 90ms
16:57:06 INFO  - Executed action GD.API.Controllers.Health.HealthController.GetConsumerHealthReportPageList (API) in 89ms
16:57:18 INFO  - Executed action GD.API.Controllers.Health.HealthController.GetConsumersPageList (API) in 94ms
16:57:19 INFO  - Executed action GD.API.Controllers.Health.HealthController.GetConsumersPageList (API) in 87ms
16:57:42 INFO  - Executed action GD.API.Controllers.Questionnaire.QuestionnaireController.GetQuestionnairePageListAsync (API) in 102ms
16:57:44 INFO  - Executed action GD.API.Controllers.Questionnaire.QuestionnaireController.GetQuestionnaireInfoAsync (API) in 102ms
16:57:51 INFO  - Executed action GD.API.Controllers.Health.HealthIndicatorController.GetHealthIndicators (API) in 68ms
16:58:06 INFO  - Executed action GD.API.Controllers.Health.HealthInformationController.GetHealthInfoBasicDataAsync (API) in 83ms
16:58:08 INFO  - Executed action GD.API.Controllers.Questionnaire.QuestionnaireController.GetQuestionnairePageListAsync (API) in 97ms
16:58:09 INFO  - Executed action GD.API.Controllers.Health.HealthInformationController.GetHealthInfoBasicDataAsync (API) in 79ms
16:58:09 INFO  - Executed action GD.API.Controllers.Health.HealthController.GetConsumersPageList (API) in 95ms
16:58:09 INFO  - Executed action GD.API.Controllers.Health.HealthController.GetConsumersPageList (API) in 90ms
16:58:10 INFO  - Executed action GD.API.Controllers.Health.HealthController.GetConsumersPageList (API) in 91ms
16:58:10 INFO  - Executed action GD.API.Controllers.Health.HealthController.GetConsumersPageList (API) in 88ms
17:05:14 INFO  - Executed action GD.API.Controllers.Health.HealthIndicatorController.GetHealthIndicatorList (API) in 359ms
17:05:16 INFO  - Executed action GD.API.Controllers.Health.HealthIndicatorController.GetHealthIndicatorDetails (API) in 81ms
17:05:19 INFO  - Executed action GD.API.Controllers.Health.HealthInformationController.GetHealthInformationAsync (API) in 119ms
17:05:20 INFO  - Executed action GD.API.Controllers.Health.HealthIndicatorController.GetHealthIndicatorList (API) in 269ms
17:05:28 INFO  - Executed action GD.API.Controllers.Health.HealthInformationController.GetHealthInformationAsync (API) in 128ms
17:13:03 INFO  - Executed action GD.API.Controllers.System.UserController.GetLoginUserInfoAsync (API) in 368ms
17:13:04 INFO  - Executed action GD.API.Controllers.Health.HealthController.GetConsumersPageList (API) in 101ms
17:13:04 INFO  - Executed action GD.API.Controllers.Health.HealthInformationController.GetHealthInfoBasicDataAsync (API) in 199ms
17:13:04 INFO  - Executed action GD.API.Controllers.Health.HealthController.GetConsumersPageList (API) in 117ms
17:13:04 INFO  - Executed action GD.API.Controllers.Health.HealthController.GetConsumersPageList (API) in 102ms
17:13:04 INFO  - Executed action GD.API.Controllers.Health.HealthController.GetConsumersPageList (API) in 112ms
17:16:19 INFO  - Executed action GD.API.Controllers.Health.HealthIndicatorController.GetHealthIndicatorList (API) in 286ms
17:16:20 INFO  - Executed action GD.API.Controllers.Health.HealthInformationController.GetHealthInformationAsync (API) in 132ms
17:25:10 INFO  - Executed action GD.API.Controllers.Health.HealthIndicatorController.GetHealthIndicatorList (API) in 360ms
17:25:11 INFO  - Executed action GD.API.Controllers.Health.HealthInformationController.GetHealthInformationAsync (API) in 134ms
17:26:20 INFO  - Executed action GD.API.Controllers.System.UserController.GetLoginUserInfoAsync (API) in 332ms
17:26:21 INFO  - Executed action GD.API.Controllers.Health.HealthInformationController.GetHealthInfoBasicDataAsync (API) in 87ms
17:26:21 INFO  - Executed action GD.API.Controllers.Health.HealthController.GetConsumersPageList (API) in 177ms
17:26:21 INFO  - Executed action GD.API.Controllers.Health.HealthController.GetConsumersPageList (API) in 83ms
17:26:21 INFO  - Executed action GD.API.Controllers.Health.HealthController.GetConsumersPageList (API) in 89ms
17:26:21 INFO  - Executed action GD.API.Controllers.Health.HealthController.GetConsumersPageList (API) in 82ms
17:26:23 INFO  - Executed action GD.API.Controllers.Health.HealthIndicatorController.GetHealthIndicatorList (API) in 282ms
17:26:24 INFO  - Executed action GD.API.Controllers.Health.HealthInformationController.GetHealthInformationAsync (API) in 140ms
17:48:42 INFO  - Executed action GD.API.Controllers.Health.HealthInformationController.GetHealthInformationAsync (API) in 237ms
17:51:24 INFO  - Executed action GD.API.Controllers.System.UserController.GetLoginUserInfoAsync (API) in 285ms
17:51:25 INFO  - Executed action GD.API.Controllers.Health.HealthController.GetConsumersPageList (API) in 89ms
17:51:25 INFO  - Executed action GD.API.Controllers.Health.HealthInformationController.GetHealthInfoBasicDataAsync (API) in 171ms
17:51:25 INFO  - Executed action GD.API.Controllers.Health.HealthController.GetConsumersPageList (API) in 109ms
17:51:25 INFO  - Executed action GD.API.Controllers.Health.HealthController.GetConsumersPageList (API) in 97ms
17:51:25 INFO  - Executed action GD.API.Controllers.Health.HealthController.GetConsumersPageList (API) in 84ms
17:51:27 INFO  - Executed action GD.API.Controllers.Health.HealthIndicatorController.GetHealthIndicatorList (API) in 309ms
17:51:28 INFO  - Executed action GD.API.Controllers.Health.HealthInformationController.GetHealthInformationAsync (API) in 140ms
17:51:47 INFO  - Executed action GD.API.Controllers.Health.HealthIndicatorController.GetHealthIndicatorList (API) in 291ms
17:51:49 INFO  - Executed action GD.API.Controllers.Health.HealthInformationController.GetHealthInformationAsync (API) in 126ms
17:52:52 INFO  - Executed action GD.API.Controllers.Health.HealthInformationController.GetHealthInformationAsync (API) in 126ms
17:52:54 INFO  - Executed action GD.API.Controllers.System.UserController.GetLoginUserInfoAsync (API) in 256ms
17:52:55 INFO  - Executed action GD.API.Controllers.Health.HealthInformationController.GetHealthInfoBasicDataAsync (API) in 129ms
17:52:55 INFO  - Executed action GD.API.Controllers.Health.HealthController.GetConsumersPageList (API) in 79ms
17:52:55 INFO  - Executed action GD.API.Controllers.Health.HealthController.GetConsumersPageList (API) in 86ms
17:52:55 INFO  - Executed action GD.API.Controllers.Health.HealthController.GetConsumersPageList (API) in 85ms
17:52:55 INFO  - Executed action GD.API.Controllers.Health.HealthController.GetConsumersPageList (API) in 79ms
17:52:57 INFO  - Executed action GD.API.Controllers.Health.HealthIndicatorController.GetHealthIndicatorList (API) in 283ms
17:52:58 INFO  - Executed action GD.API.Controllers.Health.HealthInformationController.GetHealthInformationAsync (API) in 131ms
17:53:26 INFO  - Executed action GD.API.Controllers.System.UserController.GetLoginUserInfoAsync (API) in 269ms
17:53:26 INFO  - Executed action GD.API.Controllers.Health.HealthInformationController.GetHealthInfoBasicDataAsync (API) in 76ms
17:53:26 INFO  - Executed action GD.API.Controllers.Health.HealthController.GetConsumersPageList (API) in 112ms
17:53:27 INFO  - Executed action GD.API.Controllers.Health.HealthController.GetConsumersPageList (API) in 94ms
17:53:27 INFO  - Executed action GD.API.Controllers.Health.HealthController.GetConsumersPageList (API) in 97ms
17:53:27 INFO  - Executed action GD.API.Controllers.Health.HealthController.GetConsumersPageList (API) in 86ms
17:53:29 INFO  - Executed action GD.API.Controllers.Health.HealthIndicatorController.GetHealthIndicatorList (API) in 289ms
17:53:29 INFO  - Executed action GD.API.Controllers.Health.HealthInformationController.GetHealthInformationAsync (API) in 127ms
17:54:01 INFO  - Executed action GD.API.Controllers.Health.HealthInformationController.GetHealthInformationAsync (API) in 131ms
17:55:09 INFO  - Executed action GD.API.Controllers.Health.HealthIndicatorController.GetHealthIndicatorList (API) in 303ms
17:55:10 INFO  - Executed action GD.API.Controllers.Health.HealthInformationController.GetHealthInformationAsync (API) in 130ms
17:58:28 INFO  - Executed action GD.API.Controllers.Health.HealthInformationController.GetHealthInformationAsync (API) in 216ms
18:07:32 INFO  - Executed action GD.API.Controllers.Health.HealthInformationController.GetHealthInformationAsync (API) in 215ms
