11:42:50 INFO  - Executed action GD.API.Controllers.Utility.AccountController.LoginAdmin (API) in 883ms
11:42:51 INFO  - Executed action GD.API.Controllers.System.UserController.GetLoginUserInfoAsync (API) in 611ms
11:42:52 INFO  - Executed action GD.API.Controllers.System.HomeController.GetOrderQtyAsync (API) in 70ms
11:42:52 INFO  - Executed action GD.API.Controllers.System.HomeController.GetMerchantQtyAsync (API) in 101ms
11:42:52 INFO  - Executed action GD.API.Controllers.System.HomeController.GetDoctorsQtyAsync (API) in 76ms
11:42:52 INFO  - Executed action GD.API.Controllers.System.HomeController.GetUserQtyAsync (API) in 69ms
11:42:55 INFO  - Executed action GD.API.Controllers.Merchant.MerchantController.GetHospitalSelectAsync (API) in 63ms
11:42:55 INFO  - Executed action GD.API.Controllers.Merchant.MerchantController.GetMerchantPageAsync (API) in 112ms
11:42:58 INFO  - Executed action GD.API.Controllers.Merchant.MerchantController.GetBusinessScopeListAsync (API) in 2583ms
11:42:58 INFO  - Executed action GD.API.Controllers.System.DictionaryController.GetMerchantDictionaryAsync (API) in 2671ms
11:43:01 INFO  - Executed action GD.API.Controllers.Mall.MemberController.GetMemberPageAsync (API) in 74ms
11:43:34 INFO  - Executed action GD.API.Controllers.Mall.MemberController.GetMemberPageAsync (API) in 71ms
11:44:07 INFO  - Executed action GD.API.Controllers.Mall.MemberController.GetMemberPageAsync (API) in 96ms
11:44:39 INFO  - Executed action GD.API.Controllers.Mall.MemberController.GetMemberPageAsync (API) in 123ms
13:51:44 INFO  - Executed action GD.API.Controllers.System.UserController.GetLoginUserInfoAsync (API) in 1287ms
13:51:44 INFO  - Executed action GD.API.Controllers.System.HomeController.GetUserQtyAsync (API) in 56ms
13:51:44 INFO  - Executed action GD.API.Controllers.System.HomeController.GetOrderQtyAsync (API) in 39ms
13:51:44 INFO  - Executed action GD.API.Controllers.System.HomeController.GetMerchantQtyAsync (API) in 133ms
13:51:44 INFO  - Executed action GD.API.Controllers.System.HomeController.GetDoctorsQtyAsync (API) in 110ms
13:57:24 INFO  - Executed action GD.API.Controllers.Doctor.HospitalController.GetHospitalAllSelectAsync (API) in 156ms
13:57:24 INFO  - Executed action GD.API.Controllers.Doctor.DoctorController.GetDoctorCertificateDetailAsync (API) in 86ms
13:57:25 INFO  - Executed action GD.API.Controllers.Doctor.DoctorController.GetDoctorPageAsync (API) in 190ms
13:57:27 INFO  - Executed action GD.API.Controllers.Doctor.DoctorController.GetDoctorJobTitlesAsync (API) in 2575ms
13:57:27 INFO  - Executed action GD.API.Controllers.Mall.MemberController.GetMemberPageAsync (API) in 77ms
13:57:31 INFO  - Executed action GD.API.Controllers.Mall.MemberController.GetMemberPageAsync (API) in 61ms
13:57:33 INFO  - Executed action GD.API.Controllers.Mall.MemberController.GetMemberPageAsync (API) in 67ms
13:57:35 INFO  - Executed action GD.API.Controllers.Mall.MemberController.GetMemberPageAsync (API) in 75ms
13:57:38 INFO  - Executed action GD.API.Controllers.Mall.MemberController.GetMemberPageAsync (API) in 61ms
13:57:41 INFO  - Executed action GD.API.Controllers.Mall.MemberController.GetMemberPageAsync (API) in 71ms
13:57:43 INFO  - Executed action GD.API.Controllers.Mall.MemberController.GetMemberPageAsync (API) in 74ms
13:57:45 INFO  - Executed action GD.API.Controllers.Mall.MemberController.GetMemberPageAsync (API) in 62ms
13:57:48 INFO  - Executed action GD.API.Controllers.Doctor.DoctorController.GetDoctorCertificateDetailAsync (API) in 31ms
13:57:48 INFO  - Executed action GD.API.Controllers.Doctor.DoctorController.GetDoctorJobTitlesAsync (API) in 51ms
13:57:48 INFO  - Executed action GD.API.Controllers.Doctor.DoctorController.GetDoctorPageAsync (API) in 118ms
