09:58:25 INFO  - Executed action GD.API.Controllers.Questionnaire.QuestionnaireController.GetConsumerQuestionnairesPageLisAsync (API) in 147ms
09:58:26 INFO  - Executed action GD.API.Controllers.Questionnaire.QuestionnaireController.GetConsumerQuestionnairesPageLisAsync (API) in 64ms
09:58:27 INFO  - Executed action GD.API.Controllers.Questionnaire.QuestionnaireController.GetConsumerQuestionnairesPageLisAsync (API) in 63ms
10:01:01 INFO  - Executed action GD.API.Controllers.Questionnaire.QuestionnaireController.GetQuestionnairePageListAsync (API) in 15202ms
10:13:31 INFO  - Executed action GD.API.Controllers.Questionnaire.QuestionnaireController.GetQuestionnaireInfoAsync (API) in 94ms
10:13:42 INFO  - Executed action GD.API.Controllers.Questionnaire.QuestionnaireController.GetQuestionnaireInfoAsync (API) in 45ms
10:13:55 INFO  - Executed action GD.API.Controllers.Questionnaire.QuestionnaireController.GetQuestionnaireInfoAsync (API) in 45ms
10:14:04 INFO  - Executed action GD.API.Controllers.Health.HealthController.GetConsumersPageList (API) in 42ms
10:14:07 INFO  - Executed action GD.API.Controllers.Health.HealthIndicatorController.GetHealthIndicatorList (API) in 113ms
10:14:08 INFO  - Executed action GD.API.Controllers.Health.HealthInformationController.GetHealthInformationAsync (API) in 83ms
10:14:23 INFO  - Executed action GD.API.Controllers.Health.HealthIndicatorController.GetHealthIndicatorList (API) in 77ms
10:14:24 INFO  - Executed action GD.API.Controllers.Health.HealthInformationController.GetHealthInformationAsync (API) in 74ms
10:14:31 INFO  - Executed action GD.API.Controllers.Health.HealthIndicatorController.GetHealthIndicatorList (API) in 90ms
10:14:32 INFO  - Executed action GD.API.Controllers.Health.HealthInformationController.GetHealthInformationAsync (API) in 67ms
10:14:34 INFO  - Executed action GD.API.Controllers.Health.HealthController.GetConsumerQuestionnairesPageList (API) in 49ms
10:14:35 INFO  - Executed action GD.API.Controllers.Questionnaire.QuestionnaireController.GetConumserQuestionnaireResultAsync (API) in 95ms
10:14:41 INFO  - Executed action GD.API.Controllers.Health.HealthController.GetConsumerHealthReportPageList (API) in 50ms
10:14:44 INFO  - Executed action GD.API.Controllers.Health.HealthController.GetConsumerHealthReport (API) in 45ms
10:14:48 INFO  - Executed action GD.API.Controllers.Health.HealthController.GetConsumerHealthReportPageList (API) in 35ms
10:14:48 INFO  - Executed action GD.API.Controllers.Health.HealthController.GetConsumerHealthReport (API) in 36ms
11:26:21 INFO  - Executed action GD.API.Controllers.Questionnaire.QuestionnaireController.GetQuestionnairePageListAsync (API) in 92ms
11:26:22 INFO  - Executed action GD.API.Controllers.Questionnaire.QuestionnaireController.GetQuestionnaireInfoAsync (API) in 56ms
11:26:26 INFO  - Executed action GD.API.Controllers.Questionnaire.QuestionnaireController.GetQuestionnaireInfoAsync (API) in 48ms
11:26:29 INFO  - Executed action GD.API.Controllers.Questionnaire.QuestionnaireController.GetConsumerQuestionnairesPageLisAsync (API) in 45ms
11:26:31 INFO  - Executed action GD.API.Controllers.Questionnaire.QuestionnaireController.GetConsumerQuestionnairesPageLisAsync (API) in 49ms
11:26:32 INFO  - Executed action GD.API.Controllers.Questionnaire.QuestionnaireController.GetConumserQuestionnaireResultAsync (API) in 75ms
11:27:16 INFO  - Executed action GD.API.Controllers.Health.HealthController.GetConsumersPageList (API) in 45ms
11:27:19 INFO  - Executed action GD.API.Controllers.Health.HealthController.GetConsumerHealthReportPageList (API) in 41ms
11:27:23 INFO  - Executed action GD.API.Controllers.Health.HealthController.GetConsumerHealthReport (API) in 34ms
11:27:30 INFO  - Executed action GD.API.Controllers.Health.HealthController.GetConsumerHealthReportPageList (API) in 40ms
11:27:32 INFO  - Executed action GD.API.Controllers.Health.HealthController.GetConsumerHealthReport (API) in 37ms
11:27:34 INFO  - Executed action GD.API.Controllers.Health.HealthController.GetConsumerHealthReportPageList (API) in 36ms
11:27:35 INFO  - Executed action GD.API.Controllers.Health.HealthController.GetConsumerHealthReport (API) in 39ms
11:27:36 INFO  - Executed action GD.API.Controllers.Health.HealthController.GetConsumerHealthReportPageList (API) in 36ms
11:27:39 INFO  - Executed action GD.API.Controllers.Health.HealthController.GetConsumerQuestionnairesPageList (API) in 40ms
11:27:40 INFO  - Executed action GD.API.Controllers.Questionnaire.QuestionnaireController.GetConumserQuestionnaireResultAsync (API) in 73ms
11:27:56 INFO  - Executed action GD.API.Controllers.Questionnaire.QuestionnaireController.CommentConsumerQuestionnaireAsync (API) in 73ms
11:27:57 INFO  - Executed action GD.API.Controllers.Health.HealthController.GetConsumerQuestionnairesPageList (API) in 63ms
11:27:57 INFO  - Connected to broker 39.108.118.44, port 5672, vhost /
11:27:59 INFO  - Executed action GD.API.Controllers.Questionnaire.QuestionnaireController.GetConumserQuestionnaireResultAsync (API) in 77ms
11:28:06 INFO  - Executed action GD.API.Controllers.Health.HealthController.GetConsumerQuestionnairesPageList (API) in 38ms
11:28:08 INFO  - Executed action GD.API.Controllers.Questionnaire.QuestionnaireController.GetConumserQuestionnaireResultAsync (API) in 76ms
11:36:21 INFO  - Executed action GD.API.Controllers.Health.HealthIndicatorController.GetHealthIndicatorList (API) in 201ms
11:36:23 INFO  - Executed action GD.API.Controllers.Health.HealthInformationController.GetHealthInformationAsync (API) in 105ms
11:37:08 INFO  - Executed action GD.API.Controllers.Health.HealthIndicatorController.GetHealthIndicatorList (API) in 115ms
11:37:08 INFO  - Executed action GD.API.Controllers.Health.HealthInformationController.GetHealthInformationAsync (API) in 97ms
