09:44:47 INFO  - Executed action GD.API.Controllers.Utility.AccountController.LoginAdmin (API) in 825ms
09:44:47 INFO  - Executed action GD.API.Controllers.System.UserController.GetLoginUserInfoAsync (API) in 533ms
09:44:48 INFO  - Executed action GD.API.Controllers.System.HomeController.GetUserQtyAsync (API) in 130ms
09:44:48 INFO  - Executed action GD.API.Controllers.System.HomeController.GetDoctorsQtyAsync (API) in 99ms
09:44:48 INFO  - Executed action GD.API.Controllers.System.HomeController.GetOrderQtyAsync (API) in 68ms
09:44:48 INFO  - Executed action GD.API.Controllers.System.HomeController.GetMerchantQtyAsync (API) in 182ms
09:46:01 INFO  - Executed action GD.API.Controllers.Merchant.MerchantController.GetMerchantSelectAsync (API) in 27ms
09:46:01 INFO  - Executed action GD.API.Controllers.Mall.ProductController.ProductCenterAsync (API) in 93ms
11:28:19 INFO  - Executed action GD.API.Controllers.Merchant.MerchantController.GetMerchantSelectAsync (API) in 124ms
11:28:19 INFO  - Executed action GD.API.Controllers.Mall.ProductController.ProductCenterAsync (API) in 152ms
15:56:38 INFO  - Executed action GD.API.Controllers.System.UserController.GetLoginUserInfoAsync (API) in 1475ms
15:56:38 INFO  - Executed action GD.API.Controllers.Merchant.MerchantController.GetMerchantSelectAsync (API) in 34ms
15:56:38 INFO  - Executed action GD.API.Controllers.Mall.ProductController.ProductCenterAsync (API) in 321ms
16:00:14 INFO  - Executed action GD.API.Controllers.System.UserController.GetLoginUserInfoAsync (API) in 188ms
16:00:15 INFO  - Executed action GD.API.Controllers.Merchant.MerchantController.GetMerchantSelectAsync (API) in 18ms
16:00:15 INFO  - Executed action GD.API.Controllers.Mall.ProductController.ProductCenterAsync (API) in 109ms
16:00:31 INFO  - Executed action GD.API.Controllers.System.UserController.GetLoginUserInfoAsync (API) in 132ms
16:00:32 INFO  - Executed action GD.API.Controllers.Merchant.MerchantController.GetMerchantSelectAsync (API) in 22ms
16:00:32 INFO  - Executed action GD.API.Controllers.Mall.ProductController.ProductCenterAsync (API) in 57ms
16:22:07 INFO  - Executed action GD.API.Controllers.System.UserController.GetLoginUserInfoAsync (API) in 245ms
16:22:08 INFO  - Executed action GD.API.Controllers.Merchant.MerchantController.GetMerchantSelectAsync (API) in 24ms
16:22:08 INFO  - Executed action GD.API.Controllers.Mall.ProductController.ProductCenterAsync (API) in 104ms
16:22:40 INFO  - Executed action GD.API.Controllers.System.UserController.GetLoginUserInfoAsync (API) in 251ms
16:22:41 INFO  - Executed action GD.API.Controllers.Merchant.MerchantController.GetMerchantSelectAsync (API) in 35ms
16:22:41 INFO  - Executed action GD.API.Controllers.Mall.ProductController.ProductCenterAsync (API) in 91ms
16:23:38 INFO  - Executed action GD.API.Controllers.System.UserController.GetLoginUserInfoAsync (API) in 160ms
16:23:39 INFO  - Executed action GD.API.Controllers.Merchant.MerchantController.GetMerchantSelectAsync (API) in 17ms
16:23:39 INFO  - Executed action GD.API.Controllers.Mall.ProductController.ProductCenterAsync (API) in 61ms
16:25:42 INFO  - Executed action GD.API.Controllers.System.UserController.GetLoginUserInfoAsync (API) in 192ms
16:25:43 INFO  - Executed action GD.API.Controllers.Merchant.MerchantController.GetMerchantSelectAsync (API) in 32ms
16:25:43 INFO  - Executed action GD.API.Controllers.Mall.ProductController.ProductCenterAsync (API) in 77ms
16:26:44 INFO  - Executed action GD.API.Controllers.System.UserController.GetLoginUserInfoAsync (API) in 180ms
16:26:45 INFO  - Executed action GD.API.Controllers.Merchant.MerchantController.GetMerchantSelectAsync (API) in 31ms
16:26:45 INFO  - Executed action GD.API.Controllers.Mall.ProductController.ProductCenterAsync (API) in 56ms
16:27:38 INFO  - Executed action GD.API.Controllers.System.UserController.GetLoginUserInfoAsync (API) in 200ms
16:27:39 INFO  - Executed action GD.API.Controllers.Merchant.MerchantController.GetMerchantSelectAsync (API) in 24ms
16:27:39 INFO  - Executed action GD.API.Controllers.Mall.ProductController.ProductCenterAsync (API) in 52ms
16:30:20 INFO  - Executed action GD.API.Controllers.System.UserController.GetLoginUserInfoAsync (API) in 194ms
16:30:21 INFO  - Executed action GD.API.Controllers.Merchant.MerchantController.GetMerchantSelectAsync (API) in 29ms
16:30:21 INFO  - Executed action GD.API.Controllers.Mall.ProductController.ProductCenterAsync (API) in 65ms
17:28:30 INFO  - Executed action GD.API.Controllers.System.UserController.GetLoginUserInfoAsync (API) in 308ms
17:28:31 INFO  - Executed action GD.API.Controllers.Mall.ProductController.ProductCenterAsync (API) in 85ms
17:28:31 INFO  - Executed action GD.API.Controllers.Merchant.MerchantController.GetMerchantSelectAsync (API) in 99ms
17:29:33 INFO  - Executed action GD.API.Controllers.System.UserController.GetLoginUserInfoAsync (API) in 205ms
17:29:34 INFO  - Executed action GD.API.Controllers.Merchant.MerchantController.GetMerchantSelectAsync (API) in 61ms
17:29:34 INFO  - Executed action GD.API.Controllers.Mall.ProductController.ProductCenterAsync (API) in 123ms
