13:40:24 INFO  - Executed action GD.API.Controllers.Utility.AccountController.LoginAdmin (API) in 799ms
13:40:25 INFO  - Executed action GD.API.Controllers.System.UserController.GetLoginUserInfoAsync (API) in 666ms
13:40:25 INFO  - Executed action GD.API.Controllers.System.HomeController.GetUserQtyAsync (API) in 51ms
13:40:25 INFO  - Executed action GD.API.Controllers.System.HomeController.GetOrderQtyAsync (API) in 63ms
13:40:25 INFO  - Executed action GD.API.Controllers.System.HomeController.GetDoctorsQtyAsync (API) in 152ms
13:40:25 INFO  - Executed action GD.API.Controllers.System.HomeController.GetMerchantQtyAsync (API) in 111ms
13:40:33 INFO  - Executed action GD.API.Controllers.System.DictionaryController.GetDictionaryMatedata (API) in 3583ms
13:40:33 INFO  - Executed action GD.API.Controllers.System.DictionaryController.GetDictionaryTreeAsync (API) in 3632ms
13:40:33 INFO  - Executed action GD.API.Controllers.System.DictionaryController.GetDictionaryTreeAsync (API) in 3601ms
13:52:29 INFO  - Executed action GD.API.Controllers.System.UserController.GetLoginUserInfoAsync (API) in 1166ms
13:52:34 INFO  - Executed action GD.API.Controllers.System.DictionaryController.GetDictionaryMatedata (API) in 4148ms
13:52:34 INFO  - Executed action GD.API.Controllers.System.DictionaryController.GetDictionaryTreeAsync (API) in 4187ms
13:52:34 INFO  - Executed action GD.API.Controllers.System.DictionaryController.GetDictionaryTreeAsync (API) in 4190ms
13:53:47 INFO  - Executed action GD.API.Controllers.System.UserController.GetLoginUserInfoAsync (API) in 922ms
13:53:51 INFO  - Executed action GD.API.Controllers.System.DictionaryController.GetDictionaryMatedata (API) in 3925ms
13:53:51 INFO  - Executed action GD.API.Controllers.System.DictionaryController.GetDictionaryTreeAsync (API) in 3952ms
13:53:51 INFO  - Executed action GD.API.Controllers.System.DictionaryController.GetDictionaryTreeAsync (API) in 3957ms
13:58:43 INFO  - Executed action GD.API.Controllers.System.UserController.GetLoginUserInfoAsync (API) in 56ms
13:58:43 INFO  - Executed action GD.API.Controllers.System.DictionaryController.GetDictionaryTreeAsync (API) in 22ms
13:58:43 INFO  - Executed action GD.API.Controllers.System.DictionaryController.GetDictionaryMatedata (API) in 13ms
13:58:43 INFO  - Executed action GD.API.Controllers.System.DictionaryController.GetDictionaryTreeAsync (API) in 47ms
13:59:00 INFO  - Bad request GD.API.Controllers.System.DictionaryController.UpdateDictionaryAsync (API) with 父guid必填
13:59:48 INFO  - Executed action GD.API.Controllers.System.UserController.GetLoginUserInfoAsync (API) in 33ms
13:59:48 INFO  - Executed action GD.API.Controllers.System.DictionaryController.GetDictionaryTreeAsync (API) in 21ms
13:59:48 INFO  - Executed action GD.API.Controllers.System.DictionaryController.GetDictionaryTreeAsync (API) in 16ms
13:59:48 INFO  - Executed action GD.API.Controllers.System.DictionaryController.GetDictionaryMatedata (API) in 49ms
14:00:43 INFO  - Executed action GD.API.Controllers.System.DictionaryController.GetDictionaryTreeAsync (API) in 17ms
14:00:43 INFO  - Executed action GD.API.Controllers.System.DictionaryController.GetDictionaryTreeAsync (API) in 18ms
14:00:43 INFO  - Executed action GD.API.Controllers.System.DictionaryController.GetDictionaryMatedata (API) in 10ms
14:01:53 INFO  - Executed action GD.API.Controllers.System.UserController.GetLoginUserInfoAsync (API) in 42ms
14:01:54 INFO  - Executed action GD.API.Controllers.System.DictionaryController.GetDictionaryMatedata (API) in 28ms
14:01:54 INFO  - Executed action GD.API.Controllers.System.DictionaryController.GetDictionaryTreeAsync (API) in 30ms
14:01:54 INFO  - Executed action GD.API.Controllers.System.DictionaryController.GetDictionaryTreeAsync (API) in 12ms
14:02:21 INFO  - Executed action GD.API.Controllers.System.DictionaryController.UpdateDictionaryAsync (API) in 16041ms
14:02:21 INFO  - Executed action GD.API.Controllers.System.DictionaryController.GetDictionaryTreeAsync (API) in 71ms
14:02:21 INFO  - Executed action GD.API.Controllers.System.DictionaryController.GetDictionaryTreeAsync (API) in 71ms
14:02:53 INFO  - Executed action GD.API.Controllers.System.UserController.GetLoginUserInfoAsync (API) in 43ms
14:02:53 INFO  - Executed action GD.API.Controllers.System.DictionaryController.GetDictionaryTreeAsync (API) in 36ms
14:02:53 INFO  - Executed action GD.API.Controllers.System.DictionaryController.GetDictionaryTreeAsync (API) in 47ms
14:02:53 INFO  - Executed action GD.API.Controllers.System.DictionaryController.GetDictionaryMatedata (API) in 12ms
14:26:01 INFO  - Executed action GD.API.Controllers.System.UserController.GetLoginUserInfoAsync (API) in 947ms
14:26:06 INFO  - Executed action GD.API.Controllers.System.DictionaryController.GetDictionaryMatedata (API) in 4178ms
14:26:06 INFO  - Executed action GD.API.Controllers.System.DictionaryController.GetDictionaryTreeAsync (API) in 4201ms
14:26:06 INFO  - Executed action GD.API.Controllers.System.DictionaryController.GetDictionaryTreeAsync (API) in 4204ms
14:26:15 INFO  - Executed action GD.API.Controllers.System.DictionaryController.DeleteDictionaryAsync (API) in 9ms
14:26:38 INFO  - Executed action GD.API.Controllers.System.DictionaryController.DeleteDictionaryAsync (API) in 26ms
14:26:38 INFO  - Executed action GD.API.Controllers.System.DictionaryController.GetDictionaryTreeAsync (API) in 16ms
14:26:40 INFO  - Executed action GD.API.Controllers.System.DictionaryController.DeleteDictionaryAsync (API) in 18ms
14:26:40 INFO  - Executed action GD.API.Controllers.System.DictionaryController.GetDictionaryTreeAsync (API) in 22ms
14:26:59 INFO  - Executed action GD.API.Controllers.System.DictionaryController.DeleteDictionaryAsync (API) in 29ms
14:26:59 INFO  - Executed action GD.API.Controllers.System.DictionaryController.GetDictionaryTreeAsync (API) in 10ms
14:27:09 INFO  - Executed action GD.API.Controllers.System.DictionaryController.DeleteDictionaryAsync (API) in 21ms
14:27:09 INFO  - Executed action GD.API.Controllers.System.DictionaryController.GetDictionaryTreeAsync (API) in 21ms
14:27:14 INFO  - Executed action GD.API.Controllers.System.DictionaryController.DeleteDictionaryAsync (API) in 7ms
14:27:29 INFO  - Executed action GD.API.Controllers.System.DictionaryController.UpdateDictionaryAsync (API) in 7ms
14:27:34 INFO  - Executed action GD.API.Controllers.System.DictionaryController.UpdateDictionaryAsync (API) in 5ms
14:27:35 INFO  - Executed action GD.API.Controllers.System.DictionaryController.UpdateDictionaryAsync (API) in 3ms
14:27:36 INFO  - Executed action GD.API.Controllers.System.DictionaryController.UpdateDictionaryAsync (API) in 6ms
14:28:52 INFO  - Executed action GD.API.Controllers.System.DictionaryController.UpdateDictionaryAsync (API) in 4870ms
14:28:52 INFO  - Executed action GD.API.Controllers.System.DictionaryController.GetDictionaryTreeAsync (API) in 25ms
14:28:52 INFO  - Executed action GD.API.Controllers.System.DictionaryController.GetDictionaryTreeAsync (API) in 37ms
14:29:11 INFO  - Executed action GD.API.Controllers.System.DictionaryController.DeleteDictionaryAsync (API) in 28ms
14:29:11 INFO  - Executed action GD.API.Controllers.System.DictionaryController.GetDictionaryTreeAsync (API) in 11ms
14:29:24 INFO  - Executed action GD.API.Controllers.System.DictionaryController.DeleteDictionaryAsync (API) in 23ms
14:29:24 INFO  - Executed action GD.API.Controllers.System.DictionaryController.GetDictionaryTreeAsync (API) in 13ms
14:29:28 INFO  - Executed action GD.API.Controllers.System.DictionaryController.DeleteDictionaryAsync (API) in 19ms
14:29:28 INFO  - Executed action GD.API.Controllers.System.DictionaryController.GetDictionaryTreeAsync (API) in 12ms
14:29:43 INFO  - Executed action GD.API.Controllers.System.DictionaryController.DeleteDictionaryAsync (API) in 17ms
14:29:44 INFO  - Executed action GD.API.Controllers.System.DictionaryController.GetDictionaryTreeAsync (API) in 15ms
14:29:47 INFO  - Executed action GD.API.Controllers.System.DictionaryController.DeleteDictionaryAsync (API) in 23ms
14:29:47 INFO  - Executed action GD.API.Controllers.System.DictionaryController.GetDictionaryTreeAsync (API) in 10ms
14:29:50 INFO  - Executed action GD.API.Controllers.System.DictionaryController.DeleteDictionaryAsync (API) in 22ms
14:29:50 INFO  - Executed action GD.API.Controllers.System.DictionaryController.GetDictionaryTreeAsync (API) in 13ms
14:29:54 INFO  - Executed action GD.API.Controllers.System.DictionaryController.DeleteDictionaryAsync (API) in 35ms
14:29:54 INFO  - Executed action GD.API.Controllers.System.DictionaryController.GetDictionaryTreeAsync (API) in 12ms
14:29:56 INFO  - Executed action GD.API.Controllers.System.DictionaryController.DeleteDictionaryAsync (API) in 26ms
14:29:56 INFO  - Executed action GD.API.Controllers.System.DictionaryController.GetDictionaryTreeAsync (API) in 11ms
14:30:04 INFO  - Executed action GD.API.Controllers.System.DictionaryController.DeleteDictionaryAsync (API) in 26ms
14:30:04 INFO  - Executed action GD.API.Controllers.System.DictionaryController.GetDictionaryTreeAsync (API) in 14ms
14:30:07 INFO  - Executed action GD.API.Controllers.System.DictionaryController.DeleteDictionaryAsync (API) in 24ms
14:30:07 INFO  - Executed action GD.API.Controllers.System.DictionaryController.GetDictionaryTreeAsync (API) in 21ms
14:30:45 INFO  - Executed action GD.API.Controllers.System.UserController.GetLoginUserInfoAsync (API) in 326ms
14:30:46 INFO  - Executed action GD.API.Controllers.System.DictionaryController.GetDictionaryMatedata (API) in 26ms
14:30:46 INFO  - Executed action GD.API.Controllers.System.DictionaryController.GetDictionaryTreeAsync (API) in 24ms
14:30:46 INFO  - Executed action GD.API.Controllers.System.DictionaryController.GetDictionaryTreeAsync (API) in 13ms
14:30:59 INFO  - Executed action GD.API.Controllers.System.DictionaryController.GetDictionaryTreeAsync (API) in 15ms
14:31:02 INFO  - Executed action GD.API.Controllers.System.DictionaryController.DeleteDictionaryAsync (API) in 21ms
14:31:02 INFO  - Executed action GD.API.Controllers.System.DictionaryController.GetDictionaryTreeAsync (API) in 9ms
14:31:04 INFO  - Executed action GD.API.Controllers.System.DictionaryController.GetDictionaryTreeAsync (API) in 13ms
14:31:16 INFO  - Executed action GD.API.Controllers.System.UserController.GetLoginUserInfoAsync (API) in 128ms
14:31:16 INFO  - Executed action GD.API.Controllers.System.DictionaryController.GetDictionaryTreeAsync (API) in 21ms
14:31:16 INFO  - Executed action GD.API.Controllers.System.DictionaryController.GetDictionaryTreeAsync (API) in 20ms
14:31:16 INFO  - Executed action GD.API.Controllers.System.DictionaryController.GetDictionaryMatedata (API) in 11ms
14:33:01 INFO  - Executed action GD.API.Controllers.System.DictionaryController.UpdateDictionaryAsync (API) in 34ms
14:33:01 INFO  - Executed action GD.API.Controllers.System.DictionaryController.GetDictionaryTreeAsync (API) in 14ms
14:33:01 INFO  - Executed action GD.API.Controllers.System.DictionaryController.GetDictionaryTreeAsync (API) in 15ms
14:33:25 INFO  - Executed action GD.API.Controllers.System.DictionaryController.DeleteDictionaryAsync (API) in 24ms
14:33:26 INFO  - Executed action GD.API.Controllers.System.DictionaryController.GetDictionaryTreeAsync (API) in 14ms
14:33:28 INFO  - Executed action GD.API.Controllers.System.DictionaryController.DeleteDictionaryAsync (API) in 21ms
14:33:28 INFO  - Executed action GD.API.Controllers.System.DictionaryController.GetDictionaryTreeAsync (API) in 13ms
14:34:09 INFO  - Executed action GD.API.Controllers.System.DictionaryController.DeleteDictionaryAsync (API) in 18ms
14:34:09 INFO  - Executed action GD.API.Controllers.System.DictionaryController.GetDictionaryTreeAsync (API) in 14ms
14:34:29 INFO  - Executed action GD.API.Controllers.System.DictionaryController.DeleteDictionaryAsync (API) in 23ms
14:34:29 INFO  - Executed action GD.API.Controllers.System.DictionaryController.GetDictionaryTreeAsync (API) in 12ms
14:34:33 INFO  - Executed action GD.API.Controllers.System.DictionaryController.DeleteDictionaryAsync (API) in 18ms
14:34:33 INFO  - Executed action GD.API.Controllers.System.DictionaryController.GetDictionaryTreeAsync (API) in 16ms
14:34:35 INFO  - Executed action GD.API.Controllers.System.DictionaryController.DeleteDictionaryAsync (API) in 19ms
14:34:35 INFO  - Executed action GD.API.Controllers.System.DictionaryController.GetDictionaryTreeAsync (API) in 21ms
14:34:38 INFO  - Executed action GD.API.Controllers.System.DictionaryController.DeleteDictionaryAsync (API) in 12ms
14:34:38 INFO  - Executed action GD.API.Controllers.System.DictionaryController.GetDictionaryTreeAsync (API) in 13ms
14:35:08 INFO  - Executed action GD.API.Controllers.System.UserController.GetLoginUserInfoAsync (API) in 40ms
14:35:08 INFO  - Executed action GD.API.Controllers.System.DictionaryController.GetDictionaryTreeAsync (API) in 60ms
14:35:08 INFO  - Executed action GD.API.Controllers.System.DictionaryController.GetDictionaryTreeAsync (API) in 61ms
14:35:08 INFO  - Executed action GD.API.Controllers.System.DictionaryController.GetDictionaryMatedata (API) in 10ms
14:35:54 INFO  - Executed action GD.API.Controllers.System.DictionaryController.DeleteDictionaryAsync (API) in 4ms
14:36:34 INFO  - Executed action GD.API.Controllers.System.UserController.GetLoginUserInfoAsync (API) in 47ms
14:36:35 INFO  - Executed action GD.API.Controllers.System.DictionaryController.GetDictionaryTreeAsync (API) in 22ms
14:36:35 INFO  - Executed action GD.API.Controllers.System.DictionaryController.GetDictionaryTreeAsync (API) in 48ms
14:36:35 INFO  - Executed action GD.API.Controllers.System.DictionaryController.GetDictionaryMatedata (API) in 19ms
14:36:52 INFO  - Executed action GD.API.Controllers.System.UserController.GetLoginUserInfoAsync (API) in 55ms
14:36:52 INFO  - Executed action GD.API.Controllers.System.DictionaryController.GetDictionaryMatedata (API) in 16ms
14:36:52 INFO  - Executed action GD.API.Controllers.System.DictionaryController.GetDictionaryTreeAsync (API) in 20ms
14:36:52 INFO  - Executed action GD.API.Controllers.System.DictionaryController.GetDictionaryTreeAsync (API) in 10ms
14:37:13 INFO  - Executed action GD.API.Controllers.System.DictionaryController.DeleteDictionaryAsync (API) in 24ms
14:37:13 INFO  - Executed action GD.API.Controllers.System.DictionaryController.GetDictionaryTreeAsync (API) in 17ms
14:37:45 INFO  - Executed action GD.API.Controllers.System.DictionaryController.AddDictionaryAsync (API) in 2664ms
14:39:01 INFO  - Executed action GD.API.Controllers.System.DictionaryController.AddDictionaryAsync (API) in 70903ms
14:40:12 INFO  - Executed action GD.API.Controllers.System.DictionaryController.AddDictionaryAsync (API) in 6041ms
14:40:13 INFO  - Executed action GD.API.Controllers.System.DictionaryController.GetDictionaryTreeAsync (API) in 26ms
14:40:13 INFO  - Executed action GD.API.Controllers.System.DictionaryController.GetDictionaryTreeAsync (API) in 38ms
14:44:12 INFO  - Executed action GD.API.Controllers.System.DictionaryController.UpdateDictionaryAsync (API) in 65ms
14:44:12 INFO  - Executed action GD.API.Controllers.System.DictionaryController.GetDictionaryTreeAsync (API) in 11ms
14:44:12 INFO  - Executed action GD.API.Controllers.System.DictionaryController.GetDictionaryTreeAsync (API) in 32ms
14:44:17 INFO  - Executed action GD.API.Controllers.System.DictionaryController.UpdateDictionaryAsync (API) in 34ms
14:44:17 INFO  - Executed action GD.API.Controllers.System.DictionaryController.GetDictionaryTreeAsync (API) in 14ms
14:44:17 INFO  - Executed action GD.API.Controllers.System.DictionaryController.GetDictionaryTreeAsync (API) in 37ms
14:45:48 INFO  - Executed action GD.API.Controllers.System.UserController.GetLoginUserInfoAsync (API) in 65ms
14:45:49 INFO  - Executed action GD.API.Controllers.System.DictionaryController.GetDictionaryTreeAsync (API) in 23ms
14:45:49 INFO  - Executed action GD.API.Controllers.System.DictionaryController.GetDictionaryTreeAsync (API) in 18ms
14:45:49 INFO  - Executed action GD.API.Controllers.System.DictionaryController.GetDictionaryMatedata (API) in 16ms
14:52:48 INFO  - Executed action GD.API.Controllers.System.DictionaryController.GetBusinessScopePageAsync (API) in 32ms
14:52:48 INFO  - Executed action GD.API.Controllers.System.DictionaryController.GetBusinessScopeTypeAsync (API) in 32ms
14:52:51 INFO  - Executed action GD.API.Controllers.System.AccessoryController.GetAcessoryUrlAsync (API) in 9ms
15:01:56 INFO  - Executed action GD.API.Controllers.Utility.AccountController.LoginAdmin (API) in 561ms
15:01:56 INFO  - Executed action GD.API.Controllers.System.UserController.GetLoginUserInfoAsync (API) in 442ms
15:01:57 INFO  - Executed action GD.API.Controllers.System.HomeController.GetOrderQtyAsync (API) in 59ms
15:01:57 INFO  - Executed action GD.API.Controllers.System.HomeController.GetUserQtyAsync (API) in 35ms
15:01:57 INFO  - Executed action GD.API.Controllers.System.HomeController.GetDoctorsQtyAsync (API) in 97ms
15:01:57 INFO  - Executed action GD.API.Controllers.System.HomeController.GetMerchantQtyAsync (API) in 32ms
15:02:03 INFO  - Executed action GD.API.Controllers.System.DictionaryController.GetDictionaryMatedata (API) in 2132ms
15:02:03 INFO  - Executed action GD.API.Controllers.System.DictionaryController.GetDictionaryTreeAsync (API) in 2128ms
15:02:03 INFO  - Executed action GD.API.Controllers.System.DictionaryController.GetDictionaryTreeTypeAsync (API) in 2164ms
15:02:05 INFO  - Executed action GD.API.Controllers.System.DictionaryController.GetBusinessScopeTypeAsync (API) in 17ms
15:02:05 INFO  - Executed action GD.API.Controllers.System.DictionaryController.GetBusinessScopePageAsync (API) in 14ms
15:02:07 INFO  - Executed action GD.API.Controllers.System.DictionaryController.GetDictionaryTreeTypeAsync (API) in 22ms
15:02:07 INFO  - Executed action GD.API.Controllers.System.DictionaryController.GetDictionaryTreeAsync (API) in 21ms
15:02:07 INFO  - Executed action GD.API.Controllers.System.DictionaryController.GetDictionaryMatedata (API) in 24ms
15:03:15 INFO  - Executed action GD.API.Controllers.System.UserController.GetLoginUserInfoAsync (API) in 48ms
15:03:16 INFO  - Executed action GD.API.Controllers.System.DictionaryController.GetDictionaryTreeAsync (API) in 22ms
15:03:16 INFO  - Executed action GD.API.Controllers.System.DictionaryController.GetDictionaryMatedata (API) in 33ms
15:03:16 INFO  - Executed action GD.API.Controllers.System.DictionaryController.GetDictionaryTreeTypeAsync (API) in 11ms
15:03:30 INFO  - Executed action GD.API.Controllers.System.DictionaryController.UpdateDictionaryAsync (API) in 64ms
15:03:30 INFO  - Executed action GD.API.Controllers.System.DictionaryController.GetDictionaryTreeAsync (API) in 16ms
15:03:30 INFO  - Executed action GD.API.Controllers.System.DictionaryController.GetDictionaryTreeTypeAsync (API) in 19ms
15:46:24 INFO  - Executed action GD.API.Controllers.System.DictionaryController.GetBusinessScopePageAsync (API) in 3294ms
15:46:24 INFO  - Executed action GD.API.Controllers.System.DictionaryController.GetBusinessScopeTypeAsync (API) in 3630ms
15:46:40 INFO  - Executed action GD.API.Controllers.System.AccessoryController.GetAcessoryUrlAsync (API) in 39ms
15:46:45 INFO  - Executed action GD.API.Controllers.System.DictionaryController.UpdateBusinessScopeAsync (API) in 26ms
15:47:12 INFO  - Executed action GD.API.Controllers.System.DictionaryController.UpdateBusinessScopeAsync (API) in 5ms
15:47:17 INFO  - Executed action GD.API.Controllers.System.DictionaryController.UpdateBusinessScopeAsync (API) in 69ms
15:47:18 INFO  - Executed action GD.API.Controllers.System.DictionaryController.GetBusinessScopePageAsync (API) in 12ms
15:47:18 INFO  - Executed action GD.API.Controllers.System.DictionaryController.GetBusinessScopeTypeAsync (API) in 15ms
15:47:25 INFO  - Executed action GD.API.Controllers.System.AccessoryController.GetAcessoryUrlAsync (API) in 11ms
15:48:26 INFO  - Executed action GD.API.Controllers.System.AccessoryController.GetAcessoryUrlAsync (API) in 9ms
15:50:15 INFO  - Executed action GD.API.Controllers.System.AccessoryController.GetAcessoryUrlAsync (API) in 664ms
15:50:40 INFO  - Executed action GD.API.Controllers.System.AccessoryController.GetAcessoryUrlAsync (API) in 7ms
16:01:21 INFO  - Executed action GD.API.Controllers.System.UserController.GetLoginUserInfoAsync (API) in 914ms
16:01:21 INFO  - Executed action GD.API.Controllers.System.UserController.GetLoginUserInfoAsync (API) in 42ms
16:01:21 INFO  - Executed action GD.API.Controllers.System.HomeController.GetUserQtyAsync (API) in 39ms
16:01:21 INFO  - Executed action GD.API.Controllers.System.HomeController.GetMerchantQtyAsync (API) in 49ms
16:01:21 INFO  - Executed action GD.API.Controllers.System.HomeController.GetOrderQtyAsync (API) in 14ms
16:01:21 INFO  - Executed action GD.API.Controllers.System.HomeController.GetDoctorsQtyAsync (API) in 62ms
16:01:24 INFO  - Executed action GD.API.Controllers.System.DictionaryController.GetBusinessScopePageAsync (API) in 2238ms
16:01:24 INFO  - Executed action GD.API.Controllers.System.DictionaryController.GetBusinessScopeTypeAsync (API) in 2388ms
16:01:27 INFO  - Executed action GD.API.Controllers.System.DictionaryController.GetDictionaryTreeTypeAsync (API) in 17ms
16:01:27 INFO  - Executed action GD.API.Controllers.System.DictionaryController.GetDictionaryTreeAsync (API) in 18ms
16:01:28 INFO  - Executed action GD.API.Controllers.System.DictionaryController.GetDictionaryMatedata (API) in 30ms
16:01:31 INFO  - Executed action GD.API.Controllers.System.DictionaryController.GetBusinessScopePageAsync (API) in 14ms
16:01:31 INFO  - Executed action GD.API.Controllers.System.DictionaryController.GetBusinessScopeTypeAsync (API) in 17ms
16:01:45 INFO  - Executed action GD.API.Controllers.System.AccessoryController.GetAcessoryUrlAsync (API) in 4561ms
16:01:56 INFO  - Executed action GD.API.Controllers.System.AccessoryController.GetAcessoryUrlAsync (API) in 8ms
16:33:02 INFO  - Executed action GD.API.Controllers.Utility.AccountController.LoginAdmin (API) in 635ms
16:33:02 INFO  - Executed action GD.API.Controllers.System.UserController.GetLoginUserInfoAsync (API) in 474ms
16:33:03 INFO  - Executed action GD.API.Controllers.System.HomeController.GetUserQtyAsync (API) in 64ms
16:33:03 INFO  - Executed action GD.API.Controllers.System.HomeController.GetMerchantQtyAsync (API) in 72ms
16:33:03 INFO  - Executed action GD.API.Controllers.System.HomeController.GetOrderQtyAsync (API) in 94ms
16:33:03 INFO  - Executed action GD.API.Controllers.System.HomeController.GetDoctorsQtyAsync (API) in 158ms
16:36:49 INFO  - Executed action GD.API.Controllers.System.HomeController.GetUserQtyAsync (API) in 40ms
16:36:49 INFO  - Executed action GD.API.Controllers.System.HomeController.GetDoctorsQtyAsync (API) in 56ms
16:36:49 INFO  - Executed action GD.API.Controllers.System.HomeController.GetOrderQtyAsync (API) in 22ms
16:36:49 INFO  - Executed action GD.API.Controllers.System.HomeController.GetMerchantQtyAsync (API) in 26ms
16:39:01 INFO  - Executed action GD.API.Controllers.System.UserController.GetLoginUserInfoAsync (API) in 38ms
16:39:01 INFO  - Executed action GD.API.Controllers.System.HomeController.GetOrderQtyAsync (API) in 14ms
16:39:01 INFO  - Executed action GD.API.Controllers.System.HomeController.GetDoctorsQtyAsync (API) in 11ms
16:39:01 INFO  - Executed action GD.API.Controllers.System.HomeController.GetMerchantQtyAsync (API) in 16ms
16:39:01 INFO  - Executed action GD.API.Controllers.System.HomeController.GetUserQtyAsync (API) in 15ms
16:45:17 INFO  - Executed action GD.API.Controllers.System.DictionaryController.GetBusinessScopePageAsync (API) in 2394ms
16:45:17 INFO  - Executed action GD.API.Controllers.System.DictionaryController.GetBusinessScopeTypeAsync (API) in 2411ms
16:45:21 INFO  - Executed action GD.API.Controllers.System.AccessoryController.GetAcessoryUrlAsync (API) in 17ms
16:45:45 INFO  - Executed action GD.API.Controllers.System.DictionaryController.UpdateBusinessScopeAsync (API) in 12858ms
16:45:45 INFO  - Executed action GD.API.Controllers.System.DictionaryController.GetBusinessScopeTypeAsync (API) in 15ms
16:45:45 INFO  - Executed action GD.API.Controllers.System.DictionaryController.GetBusinessScopePageAsync (API) in 35ms
16:46:13 INFO  - Executed action GD.API.Controllers.System.DictionaryController.GetBusinessScopePageAsync (API) in 12ms
16:46:17 INFO  - Executed action GD.API.Controllers.System.AccessoryController.GetAcessoryUrlAsync (API) in 14ms
16:46:23 INFO  - Executed action GD.API.Controllers.System.AccessoryController.GetAcessoryUrlAsync (API) in 7ms
16:47:28 INFO  - Executed action GD.API.Controllers.System.DictionaryController.UpdateBusinessScopeAsync (API) in 62827ms
17:14:05 INFO  - Executed action GD.API.Controllers.Report.CommonReportController.GetReportListAsync (API) in 547ms
17:14:10 INFO  - 报表预览SQL执行报错=>Error: Object reference not set to an instance of an object.
17:14:10 INFO  - Executed action GD.API.Controllers.Report.CommonReportController.PreviewResultInSqlStr (API) in 2919ms
17:14:37 INFO  - 报表预览SQL执行报错=>Error: Object reference not set to an instance of an object.
17:14:37 INFO  - Executed action GD.API.Controllers.Report.CommonReportController.PreviewResultInSqlStr (API) in 23490ms
17:16:02 INFO  - 报表预览SQL执行报错=>Error: Object reference not set to an instance of an object.
17:16:02 INFO  - Executed action GD.API.Controllers.Report.CommonReportController.PreviewResultInSqlStr (API) in 81710ms
17:16:08 INFO  - Executed action GD.API.Controllers.Report.CommonReportController.GetReportListAsync (API) in 13ms
17:16:13 INFO  - 报表预览SQL执行报错=>Error: Object reference not set to an instance of an object.
17:16:13 INFO  - Executed action GD.API.Controllers.Report.CommonReportController.PreviewResultInSqlStr (API) in 1977ms
17:16:29 INFO  - 报表预览SQL执行报错=>Error: Object reference not set to an instance of an object.
17:16:29 INFO  - Executed action GD.API.Controllers.Report.CommonReportController.PreviewResultInSqlStr (API) in 12421ms
17:16:46 INFO  - 报表预览SQL执行报错=>Error: Object reference not set to an instance of an object.
17:16:46 INFO  - Executed action GD.API.Controllers.Report.CommonReportController.PreviewResultInSqlStr (API) in 10484ms
17:17:38 INFO  - 报表预览SQL执行报错=>Error: Object reference not set to an instance of an object.
17:17:38 INFO  - Executed action GD.API.Controllers.Report.CommonReportController.PreviewResultInSqlStr (API) in 27379ms
17:17:38 INFO  - Executed action GD.API.Controllers.System.UserController.GetLoginUserInfoAsync (API) in 343ms
17:17:40 INFO  - 报表预览SQL执行报错=>Error: Object reference not set to an instance of an object.
17:17:40 INFO  - Executed action GD.API.Controllers.Report.CommonReportController.PreviewResultInSqlStr (API) in 1749ms
17:18:15 INFO  - 报表预览SQL执行报错=>Error: Object reference not set to an instance of an object.
17:18:15 INFO  - Executed action GD.API.Controllers.Report.CommonReportController.PreviewResultInSqlStr (API) in 31630ms
17:21:09 INFO  - Executed action GD.API.Controllers.System.UserController.GetLoginUserInfoAsync (API) in 115ms
17:21:14 INFO  - 报表预览SQL执行报错=>Error: Object reference not set to an instance of an object.
17:21:14 INFO  - Executed action GD.API.Controllers.Report.CommonReportController.PreviewResultInSqlStr (API) in 5208ms
17:22:56 INFO  - Executed action GD.API.Controllers.System.UserController.GetLoginUserInfoAsync (API) in 115ms
17:22:58 INFO  - Bad request GD.API.Controllers.Report.CommonReportController.GetConditionListByIDAsync (API) with 报表主键必填
17:22:58 INFO  - Bad request GD.API.Controllers.Report.CommonReportController.GetConditionListByIDAsync (API) with 报表主键必填
17:25:54 INFO  - 报表预览SQL执行报错=>Error: Object reference not set to an instance of an object.
17:25:54 INFO  - Executed action GD.API.Controllers.Report.CommonReportController.PreviewResultInSqlStr (API) in 176682ms
17:25:54 INFO  - Executed action GD.API.Controllers.System.UserController.GetLoginUserInfoAsync (API) in 169ms
17:25:58 INFO  - 报表预览SQL执行报错=>Error: Object reference not set to an instance of an object.
17:25:58 INFO  - Executed action GD.API.Controllers.Report.CommonReportController.PreviewResultInSqlStr (API) in 103ms
17:26:07 INFO  - Executed action GD.API.Controllers.System.UserController.GetLoginUserInfoAsync (API) in 123ms
17:26:29 INFO  - Executed action GD.API.Controllers.System.UserController.GetLoginUserInfoAsync (API) in 143ms
17:26:39 INFO  - Executed action GD.API.Controllers.Report.CommonReportController.GetConditionListByIDAsync (API) in 28ms
17:26:45 INFO  - Executed action GD.API.Controllers.System.UserController.GetLoginUserInfoAsync (API) in 121ms
17:26:46 INFO  - Executed action GD.API.Controllers.Report.CommonReportController.GetConditionListByIDAsync (API) in 20ms
17:26:46 INFO  - Executed action GD.API.Controllers.Report.CommonReportController.GetConditionListByIDAsync (API) in 58ms
17:26:46 INFO  - 报表预览SQL执行报错=>Error: Object reference not set to an instance of an object.
17:26:46 INFO  - Executed action GD.API.Controllers.Report.CommonReportController.PreviewResultInSqlStr (API) in 205ms
17:28:21 INFO  - Executed action GD.API.Controllers.Report.CommonReportController.GetConditionListByIDAsync (API) in 19ms
17:28:21 INFO  - Executed action GD.API.Controllers.Report.CommonReportController.GetConditionListByIDAsync (API) in 87ms
17:28:21 INFO  - 报表预览SQL执行报错=>Error: Object reference not set to an instance of an object.
17:28:21 INFO  - Executed action GD.API.Controllers.Report.CommonReportController.PreviewResultInSqlStr (API) in 156ms
17:28:24 INFO  - Executed action GD.API.Controllers.System.UserController.GetLoginUserInfoAsync (API) in 137ms
17:28:24 INFO  - Executed action GD.API.Controllers.Report.CommonReportController.GetConditionListByIDAsync (API) in 32ms
17:28:24 INFO  - Executed action GD.API.Controllers.Report.CommonReportController.GetConditionListByIDAsync (API) in 44ms
17:28:24 INFO  - 报表预览SQL执行报错=>Error: Object reference not set to an instance of an object.
17:28:24 INFO  - Executed action GD.API.Controllers.Report.CommonReportController.PreviewResultInSqlStr (API) in 163ms
17:28:47 INFO  - Executed action GD.API.Controllers.Report.CommonReportController.GetConditionListByIDAsync (API) in 20ms
17:28:47 INFO  - Executed action GD.API.Controllers.Report.CommonReportController.GetConditionListByIDAsync (API) in 43ms
17:28:47 INFO  - 报表预览SQL执行报错=>Error: Object reference not set to an instance of an object.
17:28:47 INFO  - Executed action GD.API.Controllers.Report.CommonReportController.PreviewResultInSqlStr (API) in 148ms
17:28:55 INFO  - Executed action GD.API.Controllers.System.UserController.GetLoginUserInfoAsync (API) in 157ms
17:28:55 INFO  - Executed action GD.API.Controllers.Report.CommonReportController.GetConditionListByIDAsync (API) in 21ms
17:28:55 INFO  - Executed action GD.API.Controllers.Report.CommonReportController.GetConditionListByIDAsync (API) in 31ms
17:28:55 INFO  - 报表预览SQL执行报错=>Error: Object reference not set to an instance of an object.
17:28:55 INFO  - Executed action GD.API.Controllers.Report.CommonReportController.PreviewResultInSqlStr (API) in 132ms
17:32:56 INFO  - Executed action GD.API.Controllers.System.UserController.GetLoginUserInfoAsync (API) in 142ms
17:32:57 INFO  - Executed action GD.API.Controllers.Report.CommonReportController.GetConditionListByIDAsync (API) in 19ms
17:32:57 INFO  - 报表预览SQL执行报错=>Error: Object reference not set to an instance of an object.
17:32:57 INFO  - Executed action GD.API.Controllers.Report.CommonReportController.PreviewResultInSqlStr (API) in 94ms
17:32:57 INFO  - Executed action GD.API.Controllers.Report.CommonReportController.GetConditionListByIDAsync (API) in 128ms
17:33:14 INFO  - Executed action GD.API.Controllers.System.UserController.GetLoginUserInfoAsync (API) in 191ms
17:33:15 INFO  - Executed action GD.API.Controllers.Report.CommonReportController.GetConditionListByIDAsync (API) in 48ms
17:33:15 INFO  - 报表预览SQL执行报错=>Error: Object reference not set to an instance of an object.
17:33:15 INFO  - Executed action GD.API.Controllers.Report.CommonReportController.PreviewResultInSqlStr (API) in 127ms
17:33:15 INFO  - Executed action GD.API.Controllers.Report.CommonReportController.GetConditionListByIDAsync (API) in 126ms
17:33:22 INFO  - Executed action GD.API.Controllers.System.UserController.GetLoginUserInfoAsync (API) in 148ms
17:33:24 INFO  - Executed action GD.API.Controllers.Report.CommonReportController.GetConditionListByIDAsync (API) in 23ms
17:33:24 INFO  - Executed action GD.API.Controllers.Report.CommonReportController.GetConditionListByIDAsync (API) in 34ms
17:33:24 INFO  - 报表预览SQL执行报错=>Error: Object reference not set to an instance of an object.
17:33:24 INFO  - Executed action GD.API.Controllers.Report.CommonReportController.PreviewResultInSqlStr (API) in 115ms
17:33:54 INFO  - Executed action GD.API.Controllers.Report.CommonReportController.GetReportListAsync (API) in 58ms
17:33:57 INFO  - Executed action GD.API.Controllers.Report.CommonReportController.GetConditionListByIDAsync (API) in 32ms
17:33:57 INFO  - Executed action GD.API.Controllers.Report.CommonReportController.GetConditionListByIDAsync (API) in 17ms
17:33:57 INFO  - Executed action GD.API.Controllers.Report.CommonReportController.GetOneReport (API) in 30ms
17:36:12 INFO  - Executed action GD.API.Controllers.Report.CommonReportController.UpdateOneReport (API) in 193ms
17:36:12 INFO  - Executed action GD.API.Controllers.Report.CommonReportController.GetReportListAsync (API) in 43ms
17:36:15 INFO  - Executed action GD.API.Controllers.Report.CommonReportController.GetOneReport (API) in 28ms
17:36:15 INFO  - Executed action GD.API.Controllers.Report.CommonReportController.GetConditionListByIDAsync (API) in 33ms
17:36:15 INFO  - Executed action GD.API.Controllers.Report.CommonReportController.GetConditionListByIDAsync (API) in 57ms
17:36:32 INFO  - Executed action GD.API.Controllers.Report.CommonReportController.GetConditionListByIDAsync (API) in 19ms
17:36:32 INFO  - Executed action GD.API.Controllers.Report.CommonReportController.GetConditionListByIDAsync (API) in 28ms
17:36:32 INFO  - 报表预览SQL执行报错=>Error: Object reference not set to an instance of an object.
17:36:32 INFO  - Executed action GD.API.Controllers.Report.CommonReportController.PreviewResultInSqlStr (API) in 157ms
17:43:41 INFO  - 报表预览SQL执行报错=>Error: Object reference not set to an instance of an object.
17:43:41 INFO  - Executed action GD.API.Controllers.Report.CommonReportController.PreviewResultInSqlStr (API) in 178ms
17:44:47 INFO  - 报表预览SQL执行报错=>Error: Object reference not set to an instance of an object.
17:44:47 INFO  - Executed action GD.API.Controllers.Report.CommonReportController.PreviewResultInSqlStr (API) in 46838ms
17:46:12 INFO  - 报表预览SQL执行报错=>Error: Object reference not set to an instance of an object.
17:46:12 INFO  - Executed action GD.API.Controllers.Report.CommonReportController.PreviewResultInSqlStr (API) in 2871ms
17:46:17 INFO  - 报表预览SQL执行报错=>Error: Object reference not set to an instance of an object.
17:46:17 INFO  - Executed action GD.API.Controllers.Report.CommonReportController.PreviewResultInSqlStr (API) in 2709ms
17:48:00 INFO  - 报表预览SQL执行报错=>Error: Object reference not set to an instance of an object.
17:48:00 INFO  - Executed action GD.API.Controllers.Report.CommonReportController.PreviewResultInSqlStr (API) in 97861ms
17:49:12 INFO  - 报表预览SQL执行报错=>Error: Object reference not set to an instance of an object.
17:49:12 INFO  - Executed action GD.API.Controllers.Report.CommonReportController.PreviewResultInSqlStr (API) in 2523ms
17:52:53 INFO  - 报表预览SQL执行报错=>Error: Object reference not set to an instance of an object.
17:52:53 INFO  - Executed action GD.API.Controllers.Report.CommonReportController.PreviewResultInSqlStr (API) in 47350ms
17:54:26 INFO  - 报表预览SQL执行报错=>Error: Object reference not set to an instance of an object.
17:54:26 INFO  - Executed action GD.API.Controllers.Report.CommonReportController.PreviewResultInSqlStr (API) in 738ms
17:56:15 INFO  - 报表预览SQL执行报错=>Error: Object reference not set to an instance of an object.
17:56:15 INFO  - Executed action GD.API.Controllers.Report.CommonReportController.PreviewResultInSqlStr (API) in 875ms
17:57:52 INFO  - 报表预览SQL执行报错=>Error: Object reference not set to an instance of an object.
17:57:52 INFO  - Executed action GD.API.Controllers.Report.CommonReportController.PreviewResultInSqlStr (API) in 126ms
17:57:52 INFO  - Executed action GD.API.Controllers.Report.CommonReportController.GetConditionListByIDAsync (API) in 127ms
17:57:52 INFO  - Executed action GD.API.Controllers.Report.CommonReportController.GetConditionListByIDAsync (API) in 132ms
18:04:14 INFO  - Executed action GD.API.Controllers.Report.CommonReportController.GetConditionListByIDAsync (API) in 94ms
18:04:14 INFO  - Executed action GD.API.Controllers.Report.CommonReportController.GetConditionListByIDAsync (API) in 121ms
18:04:14 INFO  - 报表预览SQL执行报错=>Error: Object reference not set to an instance of an object.
18:04:14 INFO  - Executed action GD.API.Controllers.Report.CommonReportController.PreviewResultInSqlStr (API) in 211ms
18:04:16 INFO  - Executed action GD.API.Controllers.Report.CommonReportController.GetReportListAsync (API) in 115ms
18:04:18 INFO  - Executed action GD.API.Controllers.Report.CommonReportController.GetConditionListByIDAsync (API) in 118ms
18:04:18 INFO  - Executed action GD.API.Controllers.Report.CommonReportController.GetConditionListByIDAsync (API) in 199ms
18:04:18 INFO  - Executed action GD.API.Controllers.Report.CommonReportController.GetOneReport (API) in 232ms
18:04:34 INFO  - Executed action GD.API.Controllers.Report.CommonReportController.UpdateOneReport (API) in 196ms
18:04:34 INFO  - Executed action GD.API.Controllers.Report.CommonReportController.GetReportListAsync (API) in 69ms
18:04:36 INFO  - Executed action GD.API.Controllers.Report.CommonReportController.GetReportListAsync (API) in 68ms
18:04:39 INFO  - Executed action GD.API.Controllers.Report.CommonReportController.GetConditionListByIDAsync (API) in 29ms
18:04:39 INFO  - Executed action GD.API.Controllers.Report.CommonReportController.GetConditionListByIDAsync (API) in 27ms
18:04:39 INFO  - 报表预览SQL执行报错=>Error: Object reference not set to an instance of an object.
18:04:39 INFO  - Executed action GD.API.Controllers.Report.CommonReportController.PreviewResultInSqlStr (API) in 139ms
18:04:59 INFO  - Executed action GD.API.Controllers.System.UserController.GetLoginUserInfoAsync (API) in 481ms
18:04:59 INFO  - Executed action GD.API.Controllers.Report.CommonReportController.GetConditionListByIDAsync (API) in 63ms
18:05:00 INFO  - Executed action GD.API.Controllers.Report.CommonReportController.GetConditionListByIDAsync (API) in 64ms
18:05:00 INFO  - 报表预览SQL执行报错=>Error: Object reference not set to an instance of an object.
18:05:00 INFO  - Executed action GD.API.Controllers.Report.CommonReportController.PreviewResultInSqlStr (API) in 133ms
18:05:27 INFO  - Executed action GD.API.Controllers.Report.CommonReportController.GetReportListAsync (API) in 76ms
18:05:28 INFO  - Executed action GD.API.Controllers.Report.CommonReportController.GetOneReport (API) in 58ms
18:05:28 INFO  - Executed action GD.API.Controllers.Report.CommonReportController.GetConditionListByIDAsync (API) in 67ms
18:05:28 INFO  - Executed action GD.API.Controllers.Report.CommonReportController.GetConditionListByIDAsync (API) in 35ms
18:05:36 INFO  - Executed action GD.API.Controllers.Report.CommonReportController.UpdateOneReport (API) in 131ms
18:05:36 INFO  - Executed action GD.API.Controllers.Report.CommonReportController.GetReportListAsync (API) in 65ms
18:05:41 INFO  - Executed action GD.API.Controllers.Report.CommonReportController.GetConditionListByIDAsync (API) in 52ms
18:05:41 INFO  - Executed action GD.API.Controllers.Report.CommonReportController.GetConditionListByIDAsync (API) in 45ms
18:05:41 INFO  - 报表预览SQL执行报错=>Error: Object reference not set to an instance of an object.
18:05:41 INFO  - Executed action GD.API.Controllers.Report.CommonReportController.PreviewResultInSqlStr (API) in 148ms
18:09:46 INFO  - Executed action GD.API.Controllers.Report.CommonReportController.GetConditionListByIDAsync (API) in 57ms
18:09:46 INFO  - Executed action GD.API.Controllers.Report.CommonReportController.GetConditionListByIDAsync (API) in 57ms
18:09:47 INFO  - 报表预览SQL执行报错=>Error: Object reference not set to an instance of an object.
18:09:47 INFO  - Executed action GD.API.Controllers.Report.CommonReportController.PreviewResultInSqlStr (API) in 203ms
18:10:31 INFO  - Executed action GD.API.Controllers.Report.CommonReportController.GetConditionListByIDAsync (API) in 32ms
18:10:31 INFO  - Executed action GD.API.Controllers.Report.CommonReportController.GetConditionListByIDAsync (API) in 33ms
18:10:32 INFO  - 报表预览SQL执行报错=>Error: Object reference not set to an instance of an object.
18:10:32 INFO  - Executed action GD.API.Controllers.Report.CommonReportController.PreviewResultInSqlStr (API) in 173ms
18:11:21 INFO  - Executed action GD.API.Controllers.System.UserController.GetLoginUserInfoAsync (API) in 208ms
18:11:22 INFO  - Executed action GD.API.Controllers.Report.CommonReportController.GetConditionListByIDAsync (API) in 32ms
18:11:22 INFO  - Executed action GD.API.Controllers.Report.CommonReportController.GetConditionListByIDAsync (API) in 41ms
18:11:22 INFO  - 报表预览SQL执行报错=>Error: Object reference not set to an instance of an object.
18:11:22 INFO  - Executed action GD.API.Controllers.Report.CommonReportController.PreviewResultInSqlStr (API) in 136ms
18:11:30 INFO  - Executed action GD.API.Controllers.System.UserController.GetLoginUserInfoAsync (API) in 231ms
18:11:31 INFO  - Executed action GD.API.Controllers.Report.CommonReportController.GetConditionListByIDAsync (API) in 31ms
18:11:32 INFO  - Executed action GD.API.Controllers.Report.CommonReportController.GetConditionListByIDAsync (API) in 41ms
18:11:32 INFO  - 报表预览SQL执行报错=>Error: Object reference not set to an instance of an object.
18:11:32 INFO  - Executed action GD.API.Controllers.Report.CommonReportController.PreviewResultInSqlStr (API) in 194ms
18:11:41 INFO  - Executed action GD.API.Controllers.System.UserController.GetLoginUserInfoAsync (API) in 197ms
18:11:42 INFO  - Executed action GD.API.Controllers.Report.CommonReportController.GetConditionListByIDAsync (API) in 36ms
18:11:42 INFO  - Executed action GD.API.Controllers.Report.CommonReportController.GetConditionListByIDAsync (API) in 33ms
18:11:42 INFO  - 报表预览SQL执行报错=>Error: Object reference not set to an instance of an object.
18:11:42 INFO  - Executed action GD.API.Controllers.Report.CommonReportController.PreviewResultInSqlStr (API) in 143ms
18:13:27 INFO  - Executed action GD.API.Controllers.System.UserController.GetLoginUserInfoAsync (API) in 1374ms
18:13:28 INFO  - Executed action GD.API.Controllers.Report.CommonReportController.GetConditionListByIDAsync (API) in 57ms
18:13:29 INFO  - Executed action GD.API.Controllers.Report.CommonReportController.GetConditionListByIDAsync (API) in 1667ms
18:13:30 INFO  - 报表预览SQL执行报错=>Error: Object reference not set to an instance of an object.
18:13:30 INFO  - Executed action GD.API.Controllers.Report.CommonReportController.PreviewResultInSqlStr (API) in 1837ms
18:13:42 INFO  - Executed action GD.API.Controllers.Report.CommonReportController.GetReportListAsync (API) in 110ms
18:13:45 INFO  - Executed action GD.API.Controllers.Report.CommonReportController.GetConditionListByIDAsync (API) in 50ms
18:13:45 INFO  - Executed action GD.API.Controllers.Report.CommonReportController.GetConditionListByIDAsync (API) in 59ms
18:13:45 INFO  - Executed action GD.API.Controllers.Report.CommonReportController.GetOneReport (API) in 48ms
18:14:05 INFO  - Executed action GD.API.Controllers.Report.CommonReportController.UpdateOneReport (API) in 226ms
18:14:06 INFO  - Executed action GD.API.Controllers.Report.CommonReportController.GetReportListAsync (API) in 64ms
18:14:08 INFO  - Executed action GD.API.Controllers.Report.CommonReportController.GetConditionListByIDAsync (API) in 25ms
18:14:08 INFO  - Executed action GD.API.Controllers.Report.CommonReportController.GetConditionListByIDAsync (API) in 85ms
18:14:08 INFO  - 报表预览SQL执行报错=>Error: Object reference not set to an instance of an object.
18:14:09 INFO  - Executed action GD.API.Controllers.Report.CommonReportController.PreviewResultInSqlStr (API) in 188ms
18:14:21 INFO  - Executed action GD.API.Controllers.Report.CommonReportController.GetReportListAsync (API) in 66ms
18:14:22 INFO  - Executed action GD.API.Controllers.Report.CommonReportController.GetOneReport (API) in 42ms
18:14:22 INFO  - Executed action GD.API.Controllers.Report.CommonReportController.GetConditionListByIDAsync (API) in 45ms
18:14:22 INFO  - Executed action GD.API.Controllers.Report.CommonReportController.GetConditionListByIDAsync (API) in 28ms
18:14:44 INFO  - Executed action GD.API.Controllers.Report.CommonReportController.UpdateOneReport (API) in 129ms
18:14:45 INFO  - Executed action GD.API.Controllers.Report.CommonReportController.GetReportListAsync (API) in 63ms
18:14:48 INFO  - Executed action GD.API.Controllers.Report.CommonReportController.GetConditionListByIDAsync (API) in 30ms
18:14:48 INFO  - Executed action GD.API.Controllers.Report.CommonReportController.GetOneReport (API) in 39ms
18:14:48 INFO  - Executed action GD.API.Controllers.Report.CommonReportController.GetConditionListByIDAsync (API) in 36ms
18:14:51 INFO  - Executed action GD.API.Controllers.Report.CommonReportController.GetConditionListByIDAsync (API) in 37ms
18:14:51 INFO  - Executed action GD.API.Controllers.Report.CommonReportController.GetConditionListByIDAsync (API) in 30ms
18:14:51 INFO  - 报表预览SQL执行报错=>Error: Object reference not set to an instance of an object.
18:14:51 INFO  - Executed action GD.API.Controllers.Report.CommonReportController.PreviewResultInSqlStr (API) in 145ms
18:14:59 INFO  - Executed action GD.API.Controllers.Report.CommonReportController.PreviewResultInSqlStr (API) in 116ms
18:15:02 INFO  - Executed action GD.API.Controllers.Report.CommonReportController.PreviewResultInSqlStr (API) in 115ms
18:15:03 INFO  - Executed action GD.API.Controllers.Report.CommonReportController.PreviewResultInSqlStr (API) in 109ms
18:15:04 INFO  - Executed action GD.API.Controllers.Report.CommonReportController.PreviewResultInSqlStr (API) in 113ms
18:15:04 INFO  - Executed action GD.API.Controllers.Report.CommonReportController.PreviewResultInSqlStr (API) in 116ms
18:15:04 INFO  - Executed action GD.API.Controllers.Report.CommonReportController.PreviewResultInSqlStr (API) in 114ms
18:15:04 INFO  - Executed action GD.API.Controllers.Report.CommonReportController.PreviewResultInSqlStr (API) in 120ms
18:15:05 INFO  - Executed action GD.API.Controllers.Report.CommonReportController.PreviewResultInSqlStr (API) in 116ms
18:15:05 INFO  - Executed action GD.API.Controllers.Report.CommonReportController.PreviewResultInSqlStr (API) in 105ms
18:15:05 INFO  - Executed action GD.API.Controllers.Report.CommonReportController.PreviewResultInSqlStr (API) in 119ms
18:15:06 INFO  - Executed action GD.API.Controllers.Report.CommonReportController.PreviewResultInSqlStr (API) in 117ms
18:15:07 INFO  - Executed action GD.API.Controllers.Report.CommonReportController.PreviewResultInSqlStr (API) in 109ms
18:15:07 INFO  - Executed action GD.API.Controllers.Report.CommonReportController.PreviewResultInSqlStr (API) in 107ms
18:15:08 INFO  - Executed action GD.API.Controllers.Report.CommonReportController.PreviewResultInSqlStr (API) in 116ms
18:15:08 INFO  - Executed action GD.API.Controllers.Report.CommonReportController.PreviewResultInSqlStr (API) in 120ms
18:15:08 INFO  - Executed action GD.API.Controllers.Report.CommonReportController.PreviewResultInSqlStr (API) in 116ms
18:18:16 INFO  - Executed action GD.API.Controllers.Utility.AccountController.LoginAdmin (API) in 692ms
18:18:16 INFO  - Executed action GD.API.Controllers.System.UserController.GetLoginUserInfoAsync (API) in 571ms
18:18:17 INFO  - Executed action GD.API.Controllers.System.HomeController.GetUserQtyAsync (API) in 51ms
18:18:17 INFO  - Executed action GD.API.Controllers.System.HomeController.GetMerchantQtyAsync (API) in 87ms
18:18:17 INFO  - Executed action GD.API.Controllers.System.HomeController.GetOrderQtyAsync (API) in 75ms
18:18:17 INFO  - Executed action GD.API.Controllers.System.HomeController.GetDoctorsQtyAsync (API) in 152ms
18:18:23 INFO  - Executed action GD.API.Controllers.Report.CommonReportController.GetReportListAsync (API) in 66ms
18:18:27 INFO  - Executed action GD.API.Controllers.Report.CommonReportController.GetConditionListByIDAsync (API) in 82ms
18:18:27 INFO  - Executed action GD.API.Controllers.Report.CommonReportController.GetConditionListByIDAsync (API) in 98ms
18:18:41 INFO  - 报表预览SQL执行报错=>Error: Object reference not set to an instance of an object.
18:18:41 INFO  - Executed action GD.API.Controllers.Report.CommonReportController.PreviewResultInSqlStr (API) in 13956ms
18:18:46 INFO  - Executed action GD.API.Controllers.System.UserController.GetLoginUserInfoAsync (API) in 152ms
18:18:48 INFO  - Executed action GD.API.Controllers.Report.CommonReportController.GetConditionListByIDAsync (API) in 27ms
18:18:48 INFO  - Executed action GD.API.Controllers.Report.CommonReportController.GetConditionListByIDAsync (API) in 27ms
18:18:52 INFO  - 报表预览SQL执行报错=>Error: Object reference not set to an instance of an object.
18:18:52 INFO  - Executed action GD.API.Controllers.Report.CommonReportController.PreviewResultInSqlStr (API) in 3518ms
18:19:33 INFO  - Executed action GD.API.Controllers.Report.CommonReportController.GetConditionListByIDAsync (API) in 26ms
18:19:33 INFO  - Executed action GD.API.Controllers.Report.CommonReportController.GetConditionListByIDAsync (API) in 27ms
18:19:39 INFO  - 报表预览SQL执行报错=>Error: Object reference not set to an instance of an object.
18:19:39 INFO  - Executed action GD.API.Controllers.Report.CommonReportController.PreviewResultInSqlStr (API) in 5881ms
18:19:51 INFO  - Executed action GD.API.Controllers.Report.CommonReportController.PreviewResultInSqlStr (API) in 1929ms
18:20:12 INFO  - Executed action GD.API.Controllers.Report.CommonReportController.PreviewResultInSqlStr (API) in 3299ms
18:20:19 INFO  - Executed action GD.API.Controllers.Report.CommonReportController.PreviewResultInSqlStr (API) in 85ms
18:20:22 INFO  - Executed action GD.API.Controllers.Report.CommonReportController.PreviewResultInSqlStr (API) in 88ms
18:20:30 INFO  - Executed action GD.API.Controllers.Report.CommonReportController.PreviewResultInSqlStr (API) in 87ms
18:20:48 INFO  - Executed action GD.API.Controllers.Report.CommonReportController.PreviewResultInSqlStr (API) in 12822ms
18:21:14 INFO  - Executed action GD.API.Controllers.Report.CommonReportController.PreviewResultInSqlStr (API) in 1869ms
18:21:50 INFO  - Executed action GD.API.Controllers.Report.CommonReportController.PreviewResultInSqlStr (API) in 7164ms
18:21:59 INFO  - Executed action GD.API.Controllers.Report.CommonReportController.GetConditionListByIDAsync (API) in 26ms
18:21:59 INFO  - Executed action GD.API.Controllers.Report.CommonReportController.GetConditionListByIDAsync (API) in 29ms
18:21:59 INFO  - 报表预览SQL执行报错=>Error: Object reference not set to an instance of an object.
18:21:59 INFO  - Executed action GD.API.Controllers.Report.CommonReportController.PreviewResultInSqlStr (API) in 128ms
18:22:00 INFO  - Executed action GD.API.Controllers.Report.CommonReportController.GetConditionListByIDAsync (API) in 23ms
18:22:00 INFO  - Executed action GD.API.Controllers.Report.CommonReportController.GetConditionListByIDAsync (API) in 32ms
18:22:00 INFO  - 报表预览SQL执行报错=>Error: Object reference not set to an instance of an object.
18:22:00 INFO  - Executed action GD.API.Controllers.Report.CommonReportController.PreviewResultInSqlStr (API) in 113ms
18:22:05 INFO  - Executed action GD.API.Controllers.Report.CommonReportController.PreviewResultInSqlStr (API) in 92ms
18:22:10 INFO  - Executed action GD.API.Controllers.Report.CommonReportController.PreviewResultInSqlStr (API) in 85ms
18:22:14 INFO  - Executed action GD.API.Controllers.Report.CommonReportController.PreviewResultInSqlStr (API) in 86ms
18:22:16 INFO  - Executed action GD.API.Controllers.Report.CommonReportController.PreviewResultInSqlStr (API) in 97ms
18:22:30 INFO  - Executed action GD.API.Controllers.Report.CommonReportController.PreviewResultInSqlStr (API) in 84ms
18:22:32 INFO  - Executed action GD.API.Controllers.Report.CommonReportController.PreviewResultInSqlStr (API) in 89ms
18:22:33 INFO  - Executed action GD.API.Controllers.Report.CommonReportController.PreviewResultInSqlStr (API) in 84ms
18:22:34 INFO  - Executed action GD.API.Controllers.Report.CommonReportController.PreviewResultInSqlStr (API) in 88ms
18:22:35 INFO  - Executed action GD.API.Controllers.Report.CommonReportController.PreviewResultInSqlStr (API) in 84ms
18:22:35 INFO  - Executed action GD.API.Controllers.Report.CommonReportController.PreviewResultInSqlStr (API) in 84ms
18:22:36 INFO  - Executed action GD.API.Controllers.Report.CommonReportController.PreviewResultInSqlStr (API) in 85ms
18:22:37 INFO  - Executed action GD.API.Controllers.Report.CommonReportController.PreviewResultInSqlStr (API) in 86ms
18:22:38 INFO  - Executed action GD.API.Controllers.Report.CommonReportController.PreviewResultInSqlStr (API) in 84ms
18:22:45 INFO  - Executed action GD.API.Controllers.Report.CommonReportController.GetReportListAsync (API) in 61ms
18:22:48 INFO  - Executed action GD.API.Controllers.Report.CommonReportController.GetConditionListByIDAsync (API) in 15ms
18:22:48 INFO  - Executed action GD.API.Controllers.Report.CommonReportController.GetOneReport (API) in 23ms
18:22:48 INFO  - Executed action GD.API.Controllers.Report.CommonReportController.GetConditionListByIDAsync (API) in 28ms
18:23:16 INFO  - Executed action GD.API.Controllers.Report.CommonReportController.UpdateOneReport (API) in 182ms
18:23:16 INFO  - Executed action GD.API.Controllers.Report.CommonReportController.GetReportListAsync (API) in 49ms
18:23:20 INFO  - Executed action GD.API.Controllers.Report.CommonReportController.GetConditionListByIDAsync (API) in 16ms
18:23:20 INFO  - Executed action GD.API.Controllers.Report.CommonReportController.GetConditionListByIDAsync (API) in 34ms
18:23:20 INFO  - 报表预览SQL执行报错=>Error: Object reference not set to an instance of an object.
18:23:20 INFO  - Executed action GD.API.Controllers.Report.CommonReportController.PreviewResultInSqlStr (API) in 121ms
18:23:21 INFO  - Executed action GD.API.Controllers.Report.CommonReportController.PreviewResultInSqlStr (API) in 82ms
18:23:32 INFO  - Executed action GD.API.Controllers.Report.CommonReportController.PreviewResultInSqlStr (API) in 101ms
18:23:36 INFO  - Executed action GD.API.Controllers.Report.CommonReportController.GetReportListAsync (API) in 68ms
18:23:38 INFO  - Executed action GD.API.Controllers.Report.CommonReportController.GetConditionListByIDAsync (API) in 20ms
18:23:38 INFO  - Executed action GD.API.Controllers.Report.CommonReportController.GetConditionListByIDAsync (API) in 18ms
18:23:38 INFO  - Executed action GD.API.Controllers.Report.CommonReportController.GetOneReport (API) in 31ms
18:24:52 INFO  - Executed action GD.API.Controllers.Report.CommonReportController.UpdateOneReport (API) in 91ms
18:24:53 INFO  - Executed action GD.API.Controllers.Report.CommonReportController.GetReportListAsync (API) in 38ms
18:24:56 INFO  - Executed action GD.API.Controllers.Report.CommonReportController.GetConditionListByIDAsync (API) in 19ms
18:24:56 INFO  - Executed action GD.API.Controllers.Report.CommonReportController.GetConditionListByIDAsync (API) in 33ms
18:24:56 INFO  - 报表预览SQL执行报错=>Error: Unknown column 'parent_guid，config_name' in 'field list'
18:24:56 INFO  - Executed action GD.API.Controllers.Report.CommonReportController.PreviewResultInSqlStr (API) in 165ms
18:24:58 INFO  - 报表预览SQL执行报错=>Error: Unknown column 'parent_guid，config_name' in 'field list'
18:24:58 INFO  - Executed action GD.API.Controllers.Report.CommonReportController.PreviewResultInSqlStr (API) in 114ms
18:24:58 INFO  - 报表预览SQL执行报错=>Error: Unknown column 'parent_guid，config_name' in 'field list'
18:24:58 INFO  - Executed action GD.API.Controllers.Report.CommonReportController.PreviewResultInSqlStr (API) in 123ms
18:24:59 INFO  - 报表预览SQL执行报错=>Error: Unknown column 'parent_guid，config_name' in 'field list'
18:24:59 INFO  - Executed action GD.API.Controllers.Report.CommonReportController.PreviewResultInSqlStr (API) in 116ms
18:24:59 INFO  - 报表预览SQL执行报错=>Error: Unknown column 'parent_guid，config_name' in 'field list'
18:24:59 INFO  - Executed action GD.API.Controllers.Report.CommonReportController.PreviewResultInSqlStr (API) in 123ms
18:24:59 INFO  - 报表预览SQL执行报错=>Error: Unknown column 'parent_guid，config_name' in 'field list'
18:24:59 INFO  - Executed action GD.API.Controllers.Report.CommonReportController.PreviewResultInSqlStr (API) in 117ms
18:25:02 INFO  - Executed action GD.API.Controllers.Report.CommonReportController.GetReportListAsync (API) in 61ms
18:25:08 INFO  - Executed action GD.API.Controllers.Report.CommonReportController.GetOneReport (API) in 20ms
18:25:08 INFO  - Executed action GD.API.Controllers.Report.CommonReportController.GetConditionListByIDAsync (API) in 53ms
18:25:08 INFO  - Executed action GD.API.Controllers.Report.CommonReportController.GetConditionListByIDAsync (API) in 27ms
18:26:40 INFO  - Executed action GD.API.Controllers.Report.CommonReportController.UpdateOneReport (API) in 75ms
18:26:40 INFO  - Executed action GD.API.Controllers.Report.CommonReportController.GetReportListAsync (API) in 59ms
18:26:44 INFO  - Executed action GD.API.Controllers.Report.CommonReportController.GetConditionListByIDAsync (API) in 27ms
18:26:44 INFO  - Executed action GD.API.Controllers.Report.CommonReportController.GetConditionListByIDAsync (API) in 15ms
18:26:44 INFO  - 报表预览SQL执行报错=>Error: Object reference not set to an instance of an object.
18:26:44 INFO  - Executed action GD.API.Controllers.Report.CommonReportController.PreviewResultInSqlStr (API) in 120ms
18:26:45 INFO  - 报表预览SQL执行报错=>Error: Object reference not set to an instance of an object.
18:26:45 INFO  - Executed action GD.API.Controllers.Report.CommonReportController.PreviewResultInSqlStr (API) in 132ms
18:26:46 INFO  - 报表预览SQL执行报错=>Error: Object reference not set to an instance of an object.
18:26:46 INFO  - Executed action GD.API.Controllers.Report.CommonReportController.PreviewResultInSqlStr (API) in 108ms
18:26:46 INFO  - 报表预览SQL执行报错=>Error: Object reference not set to an instance of an object.
18:26:46 INFO  - Executed action GD.API.Controllers.Report.CommonReportController.PreviewResultInSqlStr (API) in 116ms
18:26:46 INFO  - 报表预览SQL执行报错=>Error: Object reference not set to an instance of an object.
18:26:46 INFO  - Executed action GD.API.Controllers.Report.CommonReportController.PreviewResultInSqlStr (API) in 110ms
18:26:47 INFO  - 报表预览SQL执行报错=>Error: Object reference not set to an instance of an object.
18:26:47 INFO  - Executed action GD.API.Controllers.Report.CommonReportController.PreviewResultInSqlStr (API) in 124ms
18:26:47 INFO  - 报表预览SQL执行报错=>Error: Object reference not set to an instance of an object.
18:26:47 INFO  - Executed action GD.API.Controllers.Report.CommonReportController.PreviewResultInSqlStr (API) in 113ms
18:26:47 INFO  - 报表预览SQL执行报错=>Error: Object reference not set to an instance of an object.
18:26:47 INFO  - Executed action GD.API.Controllers.Report.CommonReportController.PreviewResultInSqlStr (API) in 132ms
18:26:47 INFO  - 报表预览SQL执行报错=>Error: Object reference not set to an instance of an object.
18:26:47 INFO  - Executed action GD.API.Controllers.Report.CommonReportController.PreviewResultInSqlStr (API) in 153ms
18:26:49 INFO  - 报表预览SQL执行报错=>Error: Object reference not set to an instance of an object.
18:26:49 INFO  - Executed action GD.API.Controllers.Report.CommonReportController.PreviewResultInSqlStr (API) in 112ms
18:26:51 INFO  - 报表预览SQL执行报错=>Error: Object reference not set to an instance of an object.
18:26:51 INFO  - Executed action GD.API.Controllers.Report.CommonReportController.PreviewResultInSqlStr (API) in 111ms
18:29:40 INFO  - 报表预览SQL执行报错=>Error: Object reference not set to an instance of an object.
18:29:40 INFO  - Executed action GD.API.Controllers.Report.CommonReportController.PreviewResultInSqlStr (API) in 160243ms
18:29:43 INFO  - Executed action GD.API.Controllers.Report.CommonReportController.GetReportListAsync (API) in 66ms
18:29:46 INFO  - Executed action GD.API.Controllers.Report.CommonReportController.GetOneReport (API) in 26ms
18:29:46 INFO  - Executed action GD.API.Controllers.Report.CommonReportController.GetConditionListByIDAsync (API) in 32ms
18:29:46 INFO  - Executed action GD.API.Controllers.Report.CommonReportController.GetConditionListByIDAsync (API) in 19ms
18:30:02 INFO  - Executed action GD.API.Controllers.Report.CommonReportController.UpdateOneReport (API) in 103ms
18:30:02 INFO  - Executed action GD.API.Controllers.Report.CommonReportController.GetReportListAsync (API) in 79ms
18:30:06 INFO  - Executed action GD.API.Controllers.Report.CommonReportController.GetConditionListByIDAsync (API) in 31ms
18:30:06 INFO  - Executed action GD.API.Controllers.Report.CommonReportController.GetConditionListByIDAsync (API) in 36ms
18:30:09 INFO  - 报表预览SQL执行报错=>Error: Object reference not set to an instance of an object.
18:30:09 INFO  - Executed action GD.API.Controllers.Report.CommonReportController.PreviewResultInSqlStr (API) in 3205ms
18:30:12 INFO  - 报表预览SQL执行报错=>Error: Object reference not set to an instance of an object.
18:30:12 INFO  - Executed action GD.API.Controllers.Report.CommonReportController.PreviewResultInSqlStr (API) in 118ms
18:30:13 INFO  - 报表预览SQL执行报错=>Error: Object reference not set to an instance of an object.
18:30:13 INFO  - Executed action GD.API.Controllers.Report.CommonReportController.PreviewResultInSqlStr (API) in 106ms
18:30:14 INFO  - 报表预览SQL执行报错=>Error: Object reference not set to an instance of an object.
18:30:14 INFO  - Executed action GD.API.Controllers.Report.CommonReportController.PreviewResultInSqlStr (API) in 108ms
18:30:14 INFO  - 报表预览SQL执行报错=>Error: Object reference not set to an instance of an object.
18:30:14 INFO  - Executed action GD.API.Controllers.Report.CommonReportController.PreviewResultInSqlStr (API) in 115ms
18:30:14 INFO  - 报表预览SQL执行报错=>Error: Object reference not set to an instance of an object.
18:30:14 INFO  - Executed action GD.API.Controllers.Report.CommonReportController.PreviewResultInSqlStr (API) in 118ms
18:30:14 INFO  - 报表预览SQL执行报错=>Error: Object reference not set to an instance of an object.
18:30:14 INFO  - Executed action GD.API.Controllers.Report.CommonReportController.PreviewResultInSqlStr (API) in 123ms
18:31:35 INFO  - 报表预览SQL执行报错=>Error: Object reference not set to an instance of an object.
18:31:35 INFO  - Executed action GD.API.Controllers.Report.CommonReportController.PreviewResultInSqlStr (API) in 67492ms
18:31:35 INFO  - Executed action GD.API.Controllers.Report.CommonReportController.GetConditionListByIDAsync (API) in 15ms
18:31:35 INFO  - Executed action GD.API.Controllers.Report.CommonReportController.GetConditionListByIDAsync (API) in 30ms
18:31:38 INFO  - 报表预览SQL执行报错=>Error: Object reference not set to an instance of an object.
18:31:38 INFO  - Executed action GD.API.Controllers.Report.CommonReportController.PreviewResultInSqlStr (API) in 3289ms
18:31:43 INFO  - Executed action GD.API.Controllers.Report.CommonReportController.GetReportListAsync (API) in 63ms
18:31:47 INFO  - Executed action GD.API.Controllers.Report.CommonReportController.GetOneReport (API) in 31ms
18:31:47 INFO  - Executed action GD.API.Controllers.Report.CommonReportController.GetConditionListByIDAsync (API) in 20ms
18:31:47 INFO  - Executed action GD.API.Controllers.Report.CommonReportController.GetConditionListByIDAsync (API) in 28ms
18:31:52 INFO  - Executed action GD.API.Controllers.Report.CommonReportController.UpdateOneReport (API) in 91ms
18:31:52 INFO  - Executed action GD.API.Controllers.Report.CommonReportController.GetReportListAsync (API) in 40ms
18:31:56 INFO  - Executed action GD.API.Controllers.Report.CommonReportController.GetConditionListByIDAsync (API) in 31ms
18:31:56 INFO  - Executed action GD.API.Controllers.Report.CommonReportController.GetConditionListByIDAsync (API) in 26ms
18:31:56 INFO  - Executed action GD.API.Controllers.Report.CommonReportController.PreviewResultInSqlStr (API) in 95ms
18:32:01 INFO  - Executed action GD.API.Controllers.Report.CommonReportController.PreviewResultInSqlStr (API) in 97ms
18:32:05 INFO  - Executed action GD.API.Controllers.Report.CommonReportController.PreviewResultInSqlStr (API) in 92ms
18:32:07 INFO  - Executed action GD.API.Controllers.Report.CommonReportController.PreviewResultInSqlStr (API) in 89ms
18:32:18 INFO  - Executed action GD.API.Controllers.Report.CommonReportController.PreviewResultInSqlStr (API) in 90ms
18:32:34 INFO  - Executed action GD.API.Controllers.Report.CommonReportController.GetReportListAsync (API) in 44ms
18:32:37 INFO  - Executed action GD.API.Controllers.Report.CommonReportController.GetConditionListByIDAsync (API) in 21ms
18:32:37 INFO  - Executed action GD.API.Controllers.Report.CommonReportController.GetConditionListByIDAsync (API) in 28ms
18:32:37 INFO  - Executed action GD.API.Controllers.Report.CommonReportController.GetOneReport (API) in 31ms
18:33:06 INFO  - Bad request GD.API.Controllers.Report.CommonReportController.UpdateOneReport (API) with 字段必填; 值类型（默认字符串类型）必填; 条件名必填
18:33:10 INFO  - Executed action GD.API.Controllers.Report.CommonReportController.UpdateOneReport (API) in 57ms
18:33:10 INFO  - Executed action GD.API.Controllers.Report.CommonReportController.GetReportListAsync (API) in 58ms
18:33:14 INFO  - Executed action GD.API.Controllers.Report.CommonReportController.GetConditionListByIDAsync (API) in 19ms
18:33:14 INFO  - Executed action GD.API.Controllers.Report.CommonReportController.GetConditionListByIDAsync (API) in 27ms
18:33:15 INFO  - 报表预览SQL执行报错=>Error: Object reference not set to an instance of an object.
18:33:15 INFO  - Executed action GD.API.Controllers.Report.CommonReportController.PreviewResultInSqlStr (API) in 122ms
18:33:16 INFO  - Executed action GD.API.Controllers.Report.CommonReportController.PreviewResultInSqlStr (API) in 83ms
18:33:20 INFO  - Executed action GD.API.Controllers.Report.CommonReportController.PreviewResultInSqlStr (API) in 88ms
18:33:24 INFO  - Executed action GD.API.Controllers.Report.CommonReportController.GetReportListAsync (API) in 57ms
18:33:27 INFO  - Executed action GD.API.Controllers.Report.CommonReportController.GetOneReport (API) in 24ms
18:33:27 INFO  - Executed action GD.API.Controllers.Report.CommonReportController.GetConditionListByIDAsync (API) in 17ms
18:33:27 INFO  - Executed action GD.API.Controllers.Report.CommonReportController.GetConditionListByIDAsync (API) in 34ms
18:33:38 INFO  - Executed action GD.API.Controllers.Report.CommonReportController.UpdateOneReport (API) in 92ms
18:33:38 INFO  - Executed action GD.API.Controllers.Report.CommonReportController.GetReportListAsync (API) in 39ms
18:33:40 INFO  - Executed action GD.API.Controllers.Report.CommonReportController.GetConditionListByIDAsync (API) in 27ms
18:33:40 INFO  - Executed action GD.API.Controllers.Report.CommonReportController.GetConditionListByIDAsync (API) in 15ms
18:33:40 INFO  - 报表预览SQL执行报错=>Error: Object reference not set to an instance of an object.
18:33:40 INFO  - Executed action GD.API.Controllers.Report.CommonReportController.PreviewResultInSqlStr (API) in 123ms
18:33:43 INFO  - Executed action GD.API.Controllers.Report.CommonReportController.PreviewResultInSqlStr (API) in 89ms
18:33:51 INFO  - Executed action GD.API.Controllers.Report.CommonReportController.GetReportListAsync (API) in 50ms
18:33:56 INFO  - Executed action GD.API.Controllers.Report.CommonReportController.GetOneReport (API) in 21ms
18:33:56 INFO  - Executed action GD.API.Controllers.Report.CommonReportController.GetConditionListByIDAsync (API) in 34ms
18:33:56 INFO  - Executed action GD.API.Controllers.Report.CommonReportController.GetConditionListByIDAsync (API) in 35ms
18:34:03 INFO  - Executed action GD.API.Controllers.Report.CommonReportController.UpdateOneReport (API) in 57ms
18:34:03 INFO  - Executed action GD.API.Controllers.Report.CommonReportController.GetReportListAsync (API) in 61ms
18:34:05 INFO  - Executed action GD.API.Controllers.Report.CommonReportController.GetConditionListByIDAsync (API) in 18ms
18:34:05 INFO  - Executed action GD.API.Controllers.Report.CommonReportController.GetOneReport (API) in 85ms
18:34:05 INFO  - Executed action GD.API.Controllers.Report.CommonReportController.GetConditionListByIDAsync (API) in 53ms
18:34:20 INFO  - Executed action GD.API.Controllers.Report.CommonReportController.GetOneReport (API) in 46ms
18:34:20 INFO  - Executed action GD.API.Controllers.Report.CommonReportController.GetConditionListByIDAsync (API) in 20ms
18:34:20 INFO  - Executed action GD.API.Controllers.Report.CommonReportController.GetConditionListByIDAsync (API) in 31ms
18:36:40 INFO  - Executed action GD.API.Controllers.Report.CommonReportController.UpdateOneReport (API) in 68ms
18:36:40 INFO  - Executed action GD.API.Controllers.Report.CommonReportController.GetReportListAsync (API) in 47ms
18:36:42 INFO  - Executed action GD.API.Controllers.Report.CommonReportController.GetConditionListByIDAsync (API) in 31ms
18:36:42 INFO  - Executed action GD.API.Controllers.Report.CommonReportController.GetOneReport (API) in 20ms
18:36:42 INFO  - Executed action GD.API.Controllers.Report.CommonReportController.GetConditionListByIDAsync (API) in 36ms
18:38:45 INFO  - Executed action GD.API.Controllers.Report.CommonReportController.GetConditionListByIDAsync (API) in 571ms
18:38:45 INFO  - Executed action GD.API.Controllers.Report.CommonReportController.GetConditionListByIDAsync (API) in 571ms
18:38:45 INFO  - 报表预览SQL执行报错=>Error: Object reference not set to an instance of an object.
18:38:45 INFO  - Executed action GD.API.Controllers.Report.CommonReportController.PreviewResultInSqlStr (API) in 735ms
18:38:47 INFO  - Executed action GD.API.Controllers.Report.CommonReportController.PreviewResultInSqlStr (API) in 79ms
18:39:29 INFO  - Executed action GD.API.Controllers.Report.CommonReportController.GetConditionListByIDAsync (API) in 19ms
18:39:29 INFO  - Executed action GD.API.Controllers.Report.CommonReportController.GetConditionListByIDAsync (API) in 19ms
18:39:36 INFO  - Executed action GD.API.Controllers.System.UserController.GetLoginUserInfoAsync (API) in 458ms
18:39:36 INFO  - Executed action GD.API.Controllers.Report.CommonReportController.GetConditionListByIDAsync (API) in 17ms
18:39:36 INFO  - Executed action GD.API.Controllers.Report.CommonReportController.GetConditionListByIDAsync (API) in 17ms
18:39:38 INFO  - Executed action GD.API.Controllers.Report.CommonReportController.PreviewResultInSqlStr (API) in 69ms
18:39:43 INFO  - Executed action GD.API.Controllers.System.HomeController.GetMerchantQtyAsync (API) in 57ms
18:39:43 INFO  - Executed action GD.API.Controllers.System.HomeController.GetUserQtyAsync (API) in 54ms
18:39:43 INFO  - Executed action GD.API.Controllers.System.HomeController.GetDoctorsQtyAsync (API) in 44ms
18:39:43 INFO  - Executed action GD.API.Controllers.System.HomeController.GetOrderQtyAsync (API) in 46ms
18:39:47 INFO  - Executed action GD.API.Controllers.Report.CommonReportController.GetReportListAsync (API) in 61ms
18:39:50 INFO  - Executed action GD.API.Controllers.Report.CommonReportController.GetConditionListByIDAsync (API) in 22ms
18:39:50 INFO  - Executed action GD.API.Controllers.Report.CommonReportController.GetConditionListByIDAsync (API) in 16ms
18:39:50 INFO  - Executed action GD.API.Controllers.Report.CommonReportController.GetOneReport (API) in 28ms
18:39:53 INFO  - Executed action GD.API.Controllers.Report.CommonReportController.GetConditionListByIDAsync (API) in 21ms
18:39:53 INFO  - Executed action GD.API.Controllers.Report.CommonReportController.GetConditionListByIDAsync (API) in 25ms
18:39:55 INFO  - Executed action GD.API.Controllers.Report.CommonReportController.PreviewResultInSqlStr (API) in 65ms
18:39:59 INFO  - Executed action GD.API.Controllers.Report.CommonReportController.GetReportListAsync (API) in 48ms
18:40:01 INFO  - Executed action GD.API.Controllers.Report.CommonReportController.GetConditionListByIDAsync (API) in 17ms
18:40:01 INFO  - Executed action GD.API.Controllers.Report.CommonReportController.GetConditionListByIDAsync (API) in 20ms
18:40:02 INFO  - Executed action GD.API.Controllers.Report.CommonReportController.PreviewResultInSqlStr (API) in 70ms
18:40:06 INFO  - Executed action GD.API.Controllers.Report.CommonReportController.PreviewResultInSqlStr (API) in 68ms
18:40:08 INFO  - Executed action GD.API.Controllers.Report.CommonReportController.PreviewResultInSqlStr (API) in 70ms
18:40:13 INFO  - Executed action GD.API.Controllers.Report.CommonReportController.PreviewResultInSqlStr (API) in 73ms
18:40:17 INFO  - Executed action GD.API.Controllers.Report.CommonReportController.PreviewResultInSqlStr (API) in 78ms
18:40:32 INFO  - Executed action GD.API.Controllers.System.MenuController.GetMenuTreeAsync (API) in 26ms
18:41:05 INFO  - Executed action GD.API.Controllers.System.MenuController.AddMenuAsync (API) in 85ms
18:41:05 INFO  - Executed action GD.API.Controllers.System.MenuController.GetMenuTreeAsync (API) in 27ms
18:41:07 INFO  - Executed action GD.API.Controllers.System.UserController.GetLoginUserInfoAsync (API) in 116ms
18:41:08 INFO  - Executed action GD.API.Controllers.System.MenuController.GetMenuTreeAsync (API) in 24ms
18:41:13 INFO  - Executed action GD.API.Controllers.Report.CommonReportController.GetConditionListByIDAsync (API) in 22ms
18:41:13 INFO  - Executed action GD.API.Controllers.Report.CommonReportController.GetConditionListByIDAsync (API) in 24ms
18:41:15 INFO  - Executed action GD.API.Controllers.Report.CommonReportController.PreviewResultInSqlStr (API) in 78ms
18:41:17 INFO  - Executed action GD.API.Controllers.Report.CommonReportController.PreviewResultInSqlStr (API) in 77ms
18:41:18 INFO  - Executed action GD.API.Controllers.Report.CommonReportController.PreviewResultInSqlStr (API) in 68ms
18:41:19 INFO  - Executed action GD.API.Controllers.Report.CommonReportController.GetReportListAsync (API) in 45ms
18:41:23 INFO  - Executed action GD.API.Controllers.Report.CommonReportController.GetConditionListByIDAsync (API) in 20ms
18:41:23 INFO  - Executed action GD.API.Controllers.Report.CommonReportController.GetConditionListByIDAsync (API) in 20ms
18:41:26 INFO  - Executed action GD.API.Controllers.Report.CommonReportController.GetReportListAsync (API) in 46ms
18:41:32 INFO  - Executed action GD.API.Controllers.System.MenuController.GetMenuTreeAsync (API) in 22ms
18:42:15 INFO  - Executed action GD.API.Controllers.System.MenuController.UpdateMenuAsync (API) in 73ms
18:42:15 INFO  - Executed action GD.API.Controllers.System.MenuController.GetMenuTreeAsync (API) in 23ms
18:42:21 INFO  - Executed action GD.API.Controllers.Report.CommonReportController.GetConditionListByIDAsync (API) in 23ms
18:42:21 INFO  - Executed action GD.API.Controllers.Report.CommonReportController.GetConditionListByIDAsync (API) in 23ms
18:42:23 INFO  - Executed action GD.API.Controllers.Report.CommonReportController.GetReportListAsync (API) in 40ms
18:42:27 INFO  - Executed action GD.API.Controllers.Report.CommonReportController.GetConditionListByIDAsync (API) in 18ms
18:42:27 INFO  - Executed action GD.API.Controllers.Report.CommonReportController.GetConditionListByIDAsync (API) in 21ms
18:42:34 INFO  - Executed action GD.API.Controllers.System.MenuController.GetMenuTreeAsync (API) in 25ms
18:43:00 INFO  - Executed action GD.API.Controllers.System.MenuController.AddMenuAsync (API) in 43ms
18:43:00 INFO  - Executed action GD.API.Controllers.System.MenuController.GetMenuTreeAsync (API) in 28ms
18:43:04 INFO  - Executed action GD.API.Controllers.System.UserController.GetLoginUserInfoAsync (API) in 122ms
18:43:04 INFO  - Executed action GD.API.Controllers.System.MenuController.GetMenuTreeAsync (API) in 28ms
18:43:11 INFO  - Executed action GD.API.Controllers.System.MenuController.GetMenuTreeAsync (API) in 26ms
18:43:24 INFO  - Executed action GD.API.Controllers.System.MenuController.UpdateMenuAsync (API) in 35ms
18:43:25 INFO  - Executed action GD.API.Controllers.System.MenuController.GetMenuTreeAsync (API) in 22ms
18:43:27 INFO  - Executed action GD.API.Controllers.System.UserController.GetLoginUserInfoAsync (API) in 141ms
18:43:27 INFO  - Executed action GD.API.Controllers.System.MenuController.GetMenuTreeAsync (API) in 58ms
18:43:32 INFO  - Executed action GD.API.Controllers.Report.CommonReportController.GetConditionListByIDAsync (API) in 20ms
18:43:32 INFO  - Executed action GD.API.Controllers.Report.CommonReportController.GetConditionListByIDAsync (API) in 22ms
18:43:33 INFO  - Executed action GD.API.Controllers.Report.CommonReportController.PreviewResultInSqlStr (API) in 72ms
18:43:36 INFO  - Executed action GD.API.Controllers.Report.CommonReportController.GetConditionListByIDAsync (API) in 38ms
18:43:36 INFO  - Executed action GD.API.Controllers.Report.CommonReportController.GetConditionListByIDAsync (API) in 42ms
18:43:37 INFO  - Executed action GD.API.Controllers.Report.CommonReportController.PreviewResultInSqlStr (API) in 80ms
18:43:40 INFO  - Executed action GD.API.Controllers.Report.CommonReportController.GetConditionListByIDAsync (API) in 20ms
18:43:40 INFO  - Executed action GD.API.Controllers.Report.CommonReportController.GetConditionListByIDAsync (API) in 21ms
18:43:42 INFO  - Executed action GD.API.Controllers.Report.CommonReportController.GetReportListAsync (API) in 41ms
18:43:49 INFO  - Executed action GD.API.Controllers.Report.CommonReportController.GetConditionListByIDAsync (API) in 22ms
18:43:49 INFO  - Executed action GD.API.Controllers.Report.CommonReportController.GetOneReport (API) in 25ms
18:43:49 INFO  - Executed action GD.API.Controllers.Report.CommonReportController.GetConditionListByIDAsync (API) in 20ms
18:45:17 INFO  - Executed action GD.API.Controllers.Report.CommonReportController.GetConditionListByIDAsync (API) in 21ms
18:45:17 INFO  - Executed action GD.API.Controllers.Report.CommonReportController.GetOneReport (API) in 20ms
18:45:17 INFO  - Executed action GD.API.Controllers.Report.CommonReportController.GetConditionListByIDAsync (API) in 24ms
18:45:22 INFO  - Executed action GD.API.Controllers.Report.CommonReportController.GetConditionListByIDAsync (API) in 20ms
18:45:22 INFO  - Executed action GD.API.Controllers.Report.CommonReportController.GetConditionListByIDAsync (API) in 20ms
18:45:25 INFO  - Executed action GD.API.Controllers.Report.CommonReportController.GetReportListAsync (API) in 43ms
18:45:32 INFO  - Executed action GD.API.Controllers.Report.CommonReportController.GetConditionListByIDAsync (API) in 18ms
18:45:32 INFO  - Executed action GD.API.Controllers.Report.CommonReportController.GetConditionListByIDAsync (API) in 19ms
18:45:38 INFO  - Executed action GD.API.Controllers.Report.CommonReportController.PreviewResultInSqlStr (API) in 72ms
18:45:45 INFO  - Executed action GD.API.Controllers.Report.CommonReportController.PreviewResultInSqlStr (API) in 69ms
18:45:48 INFO  - Executed action GD.API.Controllers.Report.CommonReportController.PreviewResultInSqlStr (API) in 76ms
18:47:20 INFO  - Executed action GD.API.Controllers.Report.CommonReportController.GetReportListAsync (API) in 42ms
18:47:22 INFO  - Executed action GD.API.Controllers.Report.CommonReportController.GetConditionListByIDAsync (API) in 40ms
18:47:22 INFO  - Executed action GD.API.Controllers.Report.CommonReportController.GetOneReport (API) in 18ms
18:47:22 INFO  - Executed action GD.API.Controllers.Report.CommonReportController.GetConditionListByIDAsync (API) in 22ms
18:47:28 INFO  - Executed action GD.API.Controllers.Report.CommonReportController.UpdateOneReport (API) in 96ms
18:47:28 INFO  - Executed action GD.API.Controllers.Report.CommonReportController.GetReportListAsync (API) in 44ms
18:47:30 INFO  - Executed action GD.API.Controllers.Report.CommonReportController.GetConditionListByIDAsync (API) in 18ms
18:47:30 INFO  - Executed action GD.API.Controllers.Report.CommonReportController.GetConditionListByIDAsync (API) in 18ms
18:47:47 INFO  - Executed action GD.API.Controllers.Report.CommonReportController.GetReportListAsync (API) in 41ms
18:47:50 INFO  - Executed action GD.API.Controllers.Report.CommonReportController.GetConditionListByIDAsync (API) in 18ms
18:47:50 INFO  - Executed action GD.API.Controllers.Report.CommonReportController.GetConditionListByIDAsync (API) in 21ms
18:47:53 INFO  - Executed action GD.API.Controllers.Report.CommonReportController.GetReportListAsync (API) in 40ms
18:47:55 INFO  - Executed action GD.API.Controllers.Report.CommonReportController.GetConditionListByIDAsync (API) in 29ms
18:47:55 INFO  - Executed action GD.API.Controllers.Report.CommonReportController.GetConditionListByIDAsync (API) in 23ms
18:47:55 INFO  - Executed action GD.API.Controllers.Report.CommonReportController.GetOneReport (API) in 26ms
18:48:34 INFO  - Executed action GD.API.Controllers.Report.CommonReportController.UpdateOneReport (API) in 94ms
18:48:34 INFO  - Executed action GD.API.Controllers.Report.CommonReportController.GetReportListAsync (API) in 39ms
18:48:41 INFO  - Executed action GD.API.Controllers.Report.CommonReportController.GetConditionListByIDAsync (API) in 20ms
18:48:41 INFO  - Executed action GD.API.Controllers.Report.CommonReportController.GetConditionListByIDAsync (API) in 20ms
18:48:46 INFO  - Executed action GD.API.Controllers.Report.CommonReportController.PreviewResultInSqlStr (API) in 68ms
18:48:47 INFO  - Executed action GD.API.Controllers.Report.CommonReportController.PreviewResultInSqlStr (API) in 71ms
18:49:34 INFO  - Executed action GD.API.Controllers.Report.CommonReportController.GetReportListAsync (API) in 43ms
18:49:40 INFO  - Executed action GD.API.Controllers.Report.CommonReportController.GetConditionListByIDAsync (API) in 19ms
18:49:40 INFO  - Executed action GD.API.Controllers.Report.CommonReportController.GetConditionListByIDAsync (API) in 20ms
18:49:40 INFO  - Executed action GD.API.Controllers.Report.CommonReportController.GetOneReport (API) in 67ms
18:51:47 INFO  - Executed action GD.API.Controllers.Report.CommonReportController.UpdateOneReport (API) in 106ms
18:51:47 INFO  - Executed action GD.API.Controllers.Report.CommonReportController.GetReportListAsync (API) in 48ms
18:51:50 INFO  - Executed action GD.API.Controllers.Report.CommonReportController.GetConditionListByIDAsync (API) in 20ms
18:51:50 INFO  - Executed action GD.API.Controllers.Report.CommonReportController.GetConditionListByIDAsync (API) in 17ms
18:51:52 INFO  - Executed action GD.API.Controllers.Report.CommonReportController.GetConditionListByIDAsync (API) in 17ms
18:51:52 INFO  - Executed action GD.API.Controllers.Report.CommonReportController.GetConditionListByIDAsync (API) in 19ms
18:51:54 INFO  - Executed action GD.API.Controllers.Report.CommonReportController.GetReportListAsync (API) in 40ms
18:51:59 INFO  - Executed action GD.API.Controllers.Report.CommonReportController.GetConditionListByIDAsync (API) in 19ms
18:51:59 INFO  - Executed action GD.API.Controllers.Report.CommonReportController.GetConditionListByIDAsync (API) in 21ms
18:52:03 INFO  - Executed action GD.API.Controllers.Report.CommonReportController.PreviewResultInSqlStr (API) in 69ms
18:52:04 INFO  - Executed action GD.API.Controllers.Report.CommonReportController.PreviewResultInSqlStr (API) in 74ms
18:52:04 INFO  - Executed action GD.API.Controllers.Report.CommonReportController.PreviewResultInSqlStr (API) in 72ms
18:52:04 INFO  - Executed action GD.API.Controllers.Report.CommonReportController.PreviewResultInSqlStr (API) in 68ms
18:52:05 INFO  - Executed action GD.API.Controllers.Report.CommonReportController.PreviewResultInSqlStr (API) in 74ms
18:52:05 INFO  - Executed action GD.API.Controllers.Report.CommonReportController.PreviewResultInSqlStr (API) in 81ms
18:52:06 INFO  - Executed action GD.API.Controllers.Report.CommonReportController.PreviewResultInSqlStr (API) in 72ms
18:53:49 INFO  - Executed action GD.API.Controllers.System.UserController.GetLoginUserInfoAsync (API) in 137ms
18:53:52 INFO  - Executed action GD.API.Controllers.Report.CommonReportController.GetConditionListByIDAsync (API) in 21ms
18:53:52 INFO  - Executed action GD.API.Controllers.Report.CommonReportController.GetConditionListByIDAsync (API) in 17ms
18:53:55 INFO  - Executed action GD.API.Controllers.System.UserController.GetLoginUserInfoAsync (API) in 125ms
18:53:56 INFO  - Executed action GD.API.Controllers.Report.CommonReportController.GetConditionListByIDAsync (API) in 17ms
18:53:56 INFO  - Executed action GD.API.Controllers.Report.CommonReportController.GetConditionListByIDAsync (API) in 22ms
18:54:32 INFO  - Executed action GD.API.Controllers.System.UserController.GetLoginUserInfoAsync (API) in 117ms
18:54:37 INFO  - Executed action GD.API.Controllers.Report.CommonReportController.GetConditionListByIDAsync (API) in 17ms
18:54:37 INFO  - Executed action GD.API.Controllers.Report.CommonReportController.GetConditionListByIDAsync (API) in 20ms
18:54:51 INFO  - Executed action GD.API.Controllers.System.UserController.GetLoginUserInfoAsync (API) in 118ms
18:54:53 INFO  - Executed action GD.API.Controllers.Report.CommonReportController.GetConditionListByIDAsync (API) in 19ms
18:54:53 INFO  - Executed action GD.API.Controllers.Report.CommonReportController.GetConditionListByIDAsync (API) in 21ms
18:57:20 INFO  - Executed action GD.API.Controllers.System.UserController.GetLoginUserInfoAsync (API) in 125ms
18:57:46 INFO  - Executed action GD.API.Controllers.Report.CommonReportController.GetConditionListByIDAsync (API) in 20ms
18:57:46 INFO  - Executed action GD.API.Controllers.Report.CommonReportController.GetConditionListByIDAsync (API) in 21ms
18:57:48 INFO  - Executed action GD.API.Controllers.Report.CommonReportController.PreviewResultInSqlStr (API) in 87ms
18:58:37 INFO  - Executed action GD.API.Controllers.System.UserController.GetLoginUserInfoAsync (API) in 116ms
18:58:38 INFO  - Executed action GD.API.Controllers.Report.CommonReportController.GetConditionListByIDAsync (API) in 37ms
18:58:38 INFO  - Executed action GD.API.Controllers.Report.CommonReportController.GetConditionListByIDAsync (API) in 39ms
18:58:48 INFO  - 报表预览SQL执行报错=>Error: Object reference not set to an instance of an object.
18:58:48 INFO  - Executed action GD.API.Controllers.Report.CommonReportController.PreviewResultInSqlStr (API) in 135ms
18:58:52 INFO  - 报表预览SQL执行报错=>Error: Object reference not set to an instance of an object.
18:58:52 INFO  - Executed action GD.API.Controllers.Report.CommonReportController.PreviewResultInSqlStr (API) in 106ms
19:01:07 INFO  - 报表预览SQL执行报错=>Error: Object reference not set to an instance of an object.
19:01:07 INFO  - Executed action GD.API.Controllers.Report.CommonReportController.PreviewResultInSqlStr (API) in 110721ms
19:03:32 INFO  - Executed action GD.API.Controllers.Report.CommonReportController.GetConditionListByIDAsync (API) in 20ms
19:03:32 INFO  - Executed action GD.API.Controllers.Report.CommonReportController.PreviewResultInSqlStr (API) in 136282ms
19:03:32 INFO  - Executed action GD.API.Controllers.Report.CommonReportController.GetConditionListByIDAsync (API) in 56ms
19:04:10 INFO  - Executed action GD.API.Controllers.Report.CommonReportController.GetConditionListByIDAsync (API) in 527ms
19:04:10 INFO  - Executed action GD.API.Controllers.Report.CommonReportController.GetConditionListByIDAsync (API) in 527ms
19:05:18 INFO  - Executed action GD.API.Controllers.Report.CommonReportController.GetConditionListByIDAsync (API) in 23ms
19:05:18 INFO  - Executed action GD.API.Controllers.Report.CommonReportController.GetConditionListByIDAsync (API) in 32ms
19:05:32 INFO  - Executed action GD.API.Controllers.Report.CommonReportController.PreviewResultInSqlStr (API) in 2410ms
19:05:59 INFO  - Executed action GD.API.Controllers.Report.CommonReportController.PreviewResultInSqlStr (API) in 1638ms
19:06:33 INFO  - Executed action GD.API.Controllers.Report.CommonReportController.PreviewResultInSqlStr (API) in 111ms
19:06:40 INFO  - Executed action GD.API.Controllers.Report.CommonReportController.PreviewResultInSqlStr (API) in 108ms
19:07:16 INFO  - Executed action GD.API.Controllers.Report.CommonReportController.PreviewResultInSqlStr (API) in 104ms
19:07:32 INFO  - Executed action GD.API.Controllers.Report.CommonReportController.PreviewResultInSqlStr (API) in 107ms
19:07:49 INFO  - Executed action GD.API.Controllers.Report.CommonReportController.PreviewResultInSqlStr (API) in 115ms
19:07:57 INFO  - Executed action GD.API.Controllers.Report.CommonReportController.PreviewResultInSqlStr (API) in 111ms
19:08:27 INFO  - Executed action GD.API.Controllers.Report.CommonReportController.GetReportListAsync (API) in 80ms
19:08:30 INFO  - Executed action GD.API.Controllers.Report.CommonReportController.GetConditionListByIDAsync (API) in 19ms
19:08:30 INFO  - Executed action GD.API.Controllers.Report.CommonReportController.GetConditionListByIDAsync (API) in 29ms
19:08:32 INFO  - Executed action GD.API.Controllers.Report.CommonReportController.GetConditionListByIDAsync (API) in 44ms
19:08:32 INFO  - Executed action GD.API.Controllers.Report.CommonReportController.GetConditionListByIDAsync (API) in 54ms
19:08:33 INFO  - Executed action GD.API.Controllers.Report.CommonReportController.GetConditionListByIDAsync (API) in 20ms
19:08:33 INFO  - Executed action GD.API.Controllers.Report.CommonReportController.GetConditionListByIDAsync (API) in 56ms
19:08:34 INFO  - Executed action GD.API.Controllers.Report.CommonReportController.GetReportListAsync (API) in 65ms
19:08:37 INFO  - Executed action GD.API.Controllers.Report.CommonReportController.GetConditionListByIDAsync (API) in 23ms
19:08:37 INFO  - Executed action GD.API.Controllers.Report.CommonReportController.GetConditionListByIDAsync (API) in 35ms
19:08:55 INFO  - Executed action GD.API.Controllers.Report.CommonReportController.PreviewResultInSqlStr (API) in 103ms
19:08:56 INFO  - Executed action GD.API.Controllers.Report.CommonReportController.PreviewResultInSqlStr (API) in 101ms
19:09:10 INFO  - Executed action GD.API.Controllers.Report.CommonReportController.PreviewResultInSqlStr (API) in 107ms
19:09:16 INFO  - Executed action GD.API.Controllers.Report.CommonReportController.GetConditionListByIDAsync (API) in 25ms
19:09:16 INFO  - Executed action GD.API.Controllers.Report.CommonReportController.GetConditionListByIDAsync (API) in 29ms
19:09:18 INFO  - Executed action GD.API.Controllers.Report.CommonReportController.GetConditionListByIDAsync (API) in 21ms
19:09:18 INFO  - Executed action GD.API.Controllers.Report.CommonReportController.GetConditionListByIDAsync (API) in 29ms
19:09:19 INFO  - Executed action GD.API.Controllers.Report.CommonReportController.GetReportListAsync (API) in 61ms
19:09:25 INFO  - Executed action GD.API.Controllers.Report.CommonReportController.GetConditionListByIDAsync (API) in 19ms
19:09:25 INFO  - Executed action GD.API.Controllers.Report.CommonReportController.GetConditionListByIDAsync (API) in 29ms
19:09:27 INFO  - Executed action GD.API.Controllers.Report.CommonReportController.GetConditionListByIDAsync (API) in 23ms
19:09:27 INFO  - Executed action GD.API.Controllers.Report.CommonReportController.GetConditionListByIDAsync (API) in 30ms
19:09:29 INFO  - Executed action GD.API.Controllers.Report.CommonReportController.GetConditionListByIDAsync (API) in 24ms
19:09:29 INFO  - Executed action GD.API.Controllers.Report.CommonReportController.GetConditionListByIDAsync (API) in 32ms
19:09:55 INFO  - Executed action GD.API.Controllers.Report.CommonReportController.PreviewResultInSqlStr (API) in 101ms
19:10:06 INFO  - Executed action GD.API.Controllers.Report.CommonReportController.PreviewResultInSqlStr (API) in 103ms
19:11:47 INFO  - Executed action GD.API.Controllers.Report.CommonReportController.GetConditionListByIDAsync (API) in 22ms
19:11:47 INFO  - Executed action GD.API.Controllers.Report.CommonReportController.GetConditionListByIDAsync (API) in 31ms
19:11:49 INFO  - Executed action GD.API.Controllers.Report.CommonReportController.GetConditionListByIDAsync (API) in 19ms
19:11:49 INFO  - Executed action GD.API.Controllers.Report.CommonReportController.GetConditionListByIDAsync (API) in 28ms
19:11:51 INFO  - Executed action GD.API.Controllers.Report.CommonReportController.GetConditionListByIDAsync (API) in 22ms
19:11:51 INFO  - Executed action GD.API.Controllers.Report.CommonReportController.GetConditionListByIDAsync (API) in 27ms
19:11:53 INFO  - Executed action GD.API.Controllers.Report.CommonReportController.GetConditionListByIDAsync (API) in 23ms
19:11:53 INFO  - Executed action GD.API.Controllers.Report.CommonReportController.GetConditionListByIDAsync (API) in 34ms
19:11:54 INFO  - Executed action GD.API.Controllers.Report.CommonReportController.GetConditionListByIDAsync (API) in 23ms
19:11:54 INFO  - Executed action GD.API.Controllers.Report.CommonReportController.GetConditionListByIDAsync (API) in 33ms
19:11:55 INFO  - Executed action GD.API.Controllers.Report.CommonReportController.PreviewResultInSqlStr (API) in 103ms
19:12:03 INFO  - Executed action GD.API.Controllers.Report.CommonReportController.GetReportListAsync (API) in 63ms
19:12:08 INFO  - Executed action GD.API.Controllers.Report.CommonReportController.GetConditionListByIDAsync (API) in 27ms
19:12:08 INFO  - Executed action GD.API.Controllers.Report.CommonReportController.GetConditionListByIDAsync (API) in 28ms
19:12:09 INFO  - Executed action GD.API.Controllers.Report.CommonReportController.GetOneReport (API) in 26ms
19:12:12 INFO  - Executed action GD.API.Controllers.Report.CommonReportController.UpdateOneReport (API) in 160ms
19:12:13 INFO  - Executed action GD.API.Controllers.Report.CommonReportController.GetReportListAsync (API) in 62ms
19:12:16 INFO  - Executed action GD.API.Controllers.Report.CommonReportController.GetOneReport (API) in 28ms
19:12:16 INFO  - Executed action GD.API.Controllers.Report.CommonReportController.GetConditionListByIDAsync (API) in 39ms
19:12:16 INFO  - Executed action GD.API.Controllers.Report.CommonReportController.GetConditionListByIDAsync (API) in 27ms
19:12:20 INFO  - Executed action GD.API.Controllers.Report.CommonReportController.UpdateOneReport (API) in 101ms
19:12:21 INFO  - Executed action GD.API.Controllers.Report.CommonReportController.GetReportListAsync (API) in 59ms
19:12:23 INFO  - Executed action GD.API.Controllers.Report.CommonReportController.GetOneReport (API) in 30ms
19:12:23 INFO  - Executed action GD.API.Controllers.Report.CommonReportController.GetConditionListByIDAsync (API) in 28ms
19:12:23 INFO  - Executed action GD.API.Controllers.Report.CommonReportController.GetConditionListByIDAsync (API) in 92ms
19:12:27 INFO  - Executed action GD.API.Controllers.Report.CommonReportController.UpdateOneReport (API) in 97ms
19:12:27 INFO  - Executed action GD.API.Controllers.Report.CommonReportController.GetReportListAsync (API) in 67ms
19:12:36 INFO  - Executed action GD.API.Controllers.Report.CommonReportController.GetConditionListByIDAsync (API) in 23ms
19:12:36 INFO  - Executed action GD.API.Controllers.Report.CommonReportController.GetConditionListByIDAsync (API) in 34ms
19:12:39 INFO  - Executed action GD.API.Controllers.Report.CommonReportController.GetConditionListByIDAsync (API) in 18ms
19:12:39 INFO  - Executed action GD.API.Controllers.Report.CommonReportController.GetConditionListByIDAsync (API) in 28ms
19:12:42 INFO  - Executed action GD.API.Controllers.Report.CommonReportController.GetReportListAsync (API) in 55ms
19:12:45 INFO  - Executed action GD.API.Controllers.Report.CommonReportController.GetConditionListByIDAsync (API) in 27ms
19:12:45 INFO  - Executed action GD.API.Controllers.Report.CommonReportController.GetConditionListByIDAsync (API) in 28ms
19:12:46 INFO  - Executed action GD.API.Controllers.Report.CommonReportController.GetConditionListByIDAsync (API) in 20ms
19:12:46 INFO  - Executed action GD.API.Controllers.Report.CommonReportController.GetConditionListByIDAsync (API) in 28ms
19:12:49 INFO  - Executed action GD.API.Controllers.Report.CommonReportController.GetConditionListByIDAsync (API) in 22ms
19:12:49 INFO  - Executed action GD.API.Controllers.Report.CommonReportController.GetConditionListByIDAsync (API) in 28ms
19:12:51 INFO  - Executed action GD.API.Controllers.Report.CommonReportController.GetConditionListByIDAsync (API) in 19ms
19:12:51 INFO  - Executed action GD.API.Controllers.Report.CommonReportController.GetConditionListByIDAsync (API) in 28ms
19:12:58 INFO  - Executed action GD.API.Controllers.Report.CommonReportController.PreviewResultInSqlStr (API) in 108ms
19:13:08 INFO  - Executed action GD.API.Controllers.Report.CommonReportController.PreviewResultInSqlStr (API) in 96ms
19:13:09 INFO  - Executed action GD.API.Controllers.Report.CommonReportController.PreviewResultInSqlStr (API) in 119ms
19:13:10 INFO  - Executed action GD.API.Controllers.Report.CommonReportController.PreviewResultInSqlStr (API) in 104ms
19:13:11 INFO  - Executed action GD.API.Controllers.Report.CommonReportController.PreviewResultInSqlStr (API) in 94ms
19:13:12 INFO  - Executed action GD.API.Controllers.Report.CommonReportController.PreviewResultInSqlStr (API) in 108ms
19:13:13 INFO  - Executed action GD.API.Controllers.Report.CommonReportController.PreviewResultInSqlStr (API) in 104ms
19:13:17 INFO  - Executed action GD.API.Controllers.Report.CommonReportController.GetReportListAsync (API) in 57ms
19:13:20 INFO  - Executed action GD.API.Controllers.Report.CommonReportController.GetOneReport (API) in 32ms
19:13:20 INFO  - Executed action GD.API.Controllers.Report.CommonReportController.GetConditionListByIDAsync (API) in 31ms
19:13:20 INFO  - Executed action GD.API.Controllers.Report.CommonReportController.GetConditionListByIDAsync (API) in 25ms
19:13:37 INFO  - Executed action GD.API.Controllers.Report.CommonReportController.GetConditionListByIDAsync (API) in 23ms
19:13:37 INFO  - Executed action GD.API.Controllers.Report.CommonReportController.GetConditionListByIDAsync (API) in 61ms
