09:42:11 INFO  - Executed action GD.API.Controllers.Utility.AccountController.LoginAdmin (API) in 766ms
09:42:12 INFO  - Executed action GD.API.Controllers.System.UserController.GetLoginUserInfoAsync (API) in 571ms
09:42:12 INFO  - Executed action GD.API.Controllers.System.HomeController.GetOrderQtyAsync (API) in 142ms
09:42:12 INFO  - Executed action GD.API.Controllers.System.HomeController.GetMerchantQtyAsync (API) in 68ms
09:42:12 INFO  - Executed action GD.API.Controllers.System.HomeController.GetUserQtyAsync (API) in 206ms
09:42:12 INFO  - Executed action GD.API.Controllers.System.HomeController.GetDoctorsQtyAsync (API) in 142ms
09:42:18 INFO  - Executed action GD.API.Controllers.Report.CommonReportController.GetReportListAsync (API) in 70ms
09:42:20 INFO  - Executed action GD.API.Controllers.Report.CommonReportController.GetConditionListByIDAsync (API) in 45ms
09:42:20 INFO  - Executed action GD.API.Controllers.Report.CommonReportController.GetOneReport (API) in 53ms
09:42:20 INFO  - Executed action GD.API.Controllers.Report.CommonReportController.GetConditionListByIDAsync (API) in 22ms
09:45:25 INFO  - Executed action GD.API.Controllers.System.UserController.GetLoginUserInfoAsync (API) in 215ms
09:45:25 INFO  - Executed action GD.API.Controllers.Report.CommonReportController.GetReportListAsync (API) in 56ms
09:45:29 INFO  - Executed action GD.API.Controllers.Report.CommonReportController.GetConditionListByIDAsync (API) in 33ms
09:45:29 INFO  - Executed action GD.API.Controllers.Report.CommonReportController.GetConditionListByIDAsync (API) in 22ms
09:45:29 INFO  - Executed action GD.API.Controllers.Report.CommonReportController.GetOneReport (API) in 25ms
14:09:30 INFO  - Executed action GD.API.Controllers.System.UserController.GetLoginUserInfoAsync (API) in 1206ms
14:09:31 INFO  - Executed action GD.API.Controllers.Report.CommonReportController.GetConditionListByIDAsync (API) in 39ms
14:09:31 INFO  - Executed action GD.API.Controllers.Report.CommonReportController.GetConditionListByIDAsync (API) in 102ms
14:09:35 INFO  - Executed action GD.API.Controllers.Merchant.MerchantController.GetHospitalSelectAsync (API) in 55ms
14:09:35 INFO  - Executed action GD.API.Controllers.Merchant.MerchantController.GetMerchantPageAsync (API) in 216ms
14:09:37 INFO  - Executed action GD.API.Controllers.Merchant.MerchantController.GetMerchantPageAsync (API) in 56ms
14:09:37 INFO  - Executed action GD.API.Controllers.System.DictionaryController.GetMerchantDictionaryAsync (API) in 2666ms
14:09:37 INFO  - Executed action GD.API.Controllers.Merchant.MerchantController.GetBusinessScopeListAsync (API) in 2716ms
14:09:56 INFO  - Executed action GD.API.Controllers.System.MenuController.GetMenuTreeAsync (API) in 29ms
14:10:01 INFO  - Executed action GD.API.Controllers.System.DictionaryController.GetBusinessScopePageAsync (API) in 46ms
14:10:01 INFO  - Executed action GD.API.Controllers.System.DictionaryController.GetBusinessScopeTypeAsync (API) in 44ms
14:10:09 INFO  - Executed action GD.API.Controllers.System.DictionaryController.DisableEnableDictionaryAsync (API) in 246ms
14:10:09 INFO  - Executed action GD.API.Controllers.System.DictionaryController.GetBusinessScopeTypeAsync (API) in 29ms
14:10:09 INFO  - Executed action GD.API.Controllers.System.DictionaryController.GetBusinessScopePageAsync (API) in 37ms
14:10:18 INFO  - Executed action GD.API.Controllers.Utility.ArticleController.GetArticleTypeAsync (API) in 35ms
14:10:19 INFO  - Executed action GD.API.Controllers.Utility.ArticleController.GetArticleListAsync (API) in 182ms
14:10:28 INFO  - Executed action GD.API.Controllers.Merchant.MerchantController.GetBusinessScopeListAsync (API) in 20ms
14:10:28 INFO  - Executed action GD.API.Controllers.System.DictionaryController.GetMerchantDictionaryAsync (API) in 33ms
14:10:28 INFO  - Executed action GD.API.Controllers.Merchant.MerchantController.GetMerchantPageAsync (API) in 58ms
14:10:33 INFO  - Executed action GD.API.Controllers.Merchant.MerchantController.GetMerchantOrderDetailPageAsync (API) in 111ms
14:10:45 INFO  - Executed action GD.API.Controllers.Utility.ArticleController.GetArticleTypeAsync (API) in 23ms
14:10:45 INFO  - Executed action GD.API.Controllers.Utility.ArticleController.GetArticleListAsync (API) in 192ms
14:10:50 INFO  - Executed action GD.API.Controllers.System.DictionaryController.GetBusinessScopeTypeAsync (API) in 29ms
14:10:50 INFO  - Executed action GD.API.Controllers.System.DictionaryController.GetBusinessScopePageAsync (API) in 44ms
14:10:51 INFO  - Executed action GD.API.Controllers.System.DictionaryController.DisableEnableDictionaryAsync (API) in 203ms
14:10:51 INFO  - Executed action GD.API.Controllers.System.DictionaryController.GetBusinessScopeTypeAsync (API) in 50ms
14:10:51 INFO  - Executed action GD.API.Controllers.System.DictionaryController.GetBusinessScopePageAsync (API) in 64ms
14:11:00 INFO  - Executed action GD.API.Controllers.System.DictionaryController.DisableEnableDictionaryAsync (API) in 120ms
14:11:00 INFO  - Executed action GD.API.Controllers.System.DictionaryController.GetBusinessScopeTypeAsync (API) in 26ms
14:11:00 INFO  - Executed action GD.API.Controllers.System.DictionaryController.GetBusinessScopePageAsync (API) in 44ms
18:11:16 INFO  - Executed action GD.API.Controllers.System.DictionaryController.GetBusinessScopePageAsync (API) in 4316ms
18:11:17 INFO  - Executed action GD.API.Controllers.System.DictionaryController.GetBusinessScopeTypeAsync (API) in 4599ms
18:11:23 INFO  - Executed action GD.API.Controllers.System.DictionaryController.DisableEnableDictionaryAsync (API) in 95ms
18:11:28 INFO  - Executed action GD.API.Controllers.System.DictionaryController.GetBusinessScopePageAsync (API) in 41ms
18:11:30 INFO  - Executed action GD.API.Controllers.System.DictionaryController.DisableEnableDictionaryAsync (API) in 66ms
18:11:32 INFO  - Executed action GD.API.Controllers.System.DictionaryController.GetBusinessScopePageAsync (API) in 29ms
18:11:38 INFO  - Executed action GD.API.Controllers.System.DictionaryController.DisableEnableDictionaryAsync (API) in 57ms
18:11:40 INFO  - Executed action GD.API.Controllers.System.DictionaryController.DisableEnableDictionaryAsync (API) in 56ms
18:11:40 INFO  - Executed action GD.API.Controllers.System.DictionaryController.DisableEnableDictionaryAsync (API) in 58ms
18:11:41 INFO  - Executed action GD.API.Controllers.System.DictionaryController.DisableEnableDictionaryAsync (API) in 57ms
18:11:42 INFO  - Executed action GD.API.Controllers.System.DictionaryController.DisableEnableDictionaryAsync (API) in 57ms
18:11:43 INFO  - Executed action GD.API.Controllers.System.DictionaryController.DisableEnableDictionaryAsync (API) in 58ms
18:11:43 INFO  - Executed action GD.API.Controllers.System.DictionaryController.DisableEnableDictionaryAsync (API) in 56ms
18:11:45 INFO  - Executed action GD.API.Controllers.System.DictionaryController.DisableEnableDictionaryAsync (API) in 55ms
18:11:45 INFO  - Executed action GD.API.Controllers.System.DictionaryController.DisableEnableDictionaryAsync (API) in 8ms
18:11:46 INFO  - Executed action GD.API.Controllers.System.DictionaryController.DisableEnableDictionaryAsync (API) in 4ms
18:11:51 INFO  - Executed action GD.API.Controllers.System.DictionaryController.DisableEnableDictionaryAsync (API) in 67ms
18:11:52 INFO  - Executed action GD.API.Controllers.System.DictionaryController.DisableEnableDictionaryAsync (API) in 56ms
18:12:02 INFO  - Executed action GD.API.Controllers.Doctor.DoctorController.GetDoctorIntegralPageAsync (API) in 169ms
18:12:06 INFO  - Executed action GD.API.Controllers.System.DictionaryController.GetMerchantDictionaryAsync (API) in 103ms
18:12:06 INFO  - Executed action GD.API.Controllers.Merchant.MerchantController.GetBusinessScopeListAsync (API) in 126ms
18:12:06 INFO  - Executed action GD.API.Controllers.Merchant.MerchantController.GetHospitalSelectAsync (API) in 152ms
18:12:06 INFO  - Executed action GD.API.Controllers.Merchant.MerchantController.GetMerchantPageAsync (API) in 205ms
18:12:32 INFO  - Executed action GD.API.Controllers.Merchant.MerchantController.GetBusinessScopeListAsync (API) in 35ms
18:12:32 INFO  - Executed action GD.API.Controllers.Merchant.MerchantController.GetMerchantInfoAsync (API) in 126ms
18:12:32 INFO  - Executed action GD.API.Controllers.Merchant.MerchantController.GetMerchantCertificateAsync (API) in 34ms
18:12:32 INFO  - Executed action GD.API.Controllers.Merchant.MerchantController.GetBusinessScopeLicenseListAsync (API) in 37ms
18:12:37 INFO  - Executed action GD.API.Controllers.Merchant.MerchantController.UpdateMerchantAsync (API) in 188ms
18:12:37 INFO  - Executed action GD.API.Controllers.Merchant.MerchantController.GetMerchantPageAsync (API) in 68ms
18:12:40 INFO  - Executed action GD.API.Controllers.System.DictionaryController.GetBusinessScopePageAsync (API) in 46ms
18:12:40 INFO  - Executed action GD.API.Controllers.System.DictionaryController.GetBusinessScopeTypeAsync (API) in 52ms
18:12:43 INFO  - Executed action GD.API.Controllers.System.DictionaryController.DisableEnableDictionaryAsync (API) in 60ms
18:12:45 INFO  - Executed action GD.API.Controllers.System.DictionaryController.DisableEnableDictionaryAsync (API) in 73ms
18:12:46 INFO  - Executed action GD.API.Controllers.System.DictionaryController.DisableEnableDictionaryAsync (API) in 61ms
18:13:24 INFO  - Executed action GD.API.Controllers.System.DictionaryController.GetDictionaryMatedata (API) in 24ms
18:13:24 INFO  - Executed action GD.API.Controllers.System.DictionaryController.GetDictionaryTreeTypeAsync (API) in 52ms
18:13:24 INFO  - Executed action GD.API.Controllers.System.DictionaryController.GetDictionaryTreeAsync (API) in 62ms
18:13:42 INFO  - Executed action GD.API.Controllers.System.DictionaryController.AddDictionaryAsync (API) in 472ms
18:13:42 INFO  - Executed action GD.API.Controllers.System.DictionaryController.GetDictionaryTreeTypeAsync (API) in 42ms
18:13:42 INFO  - Executed action GD.API.Controllers.System.DictionaryController.GetDictionaryTreeAsync (API) in 44ms
18:13:48 INFO  - Executed action GD.API.Controllers.System.DictionaryController.GetBusinessScopeTypeAsync (API) in 28ms
18:13:48 INFO  - Executed action GD.API.Controllers.System.DictionaryController.GetBusinessScopePageAsync (API) in 40ms
18:13:51 INFO  - Executed action GD.API.Controllers.System.DictionaryController.DisableEnableDictionaryAsync (API) in 152ms
18:13:51 INFO  - Executed action GD.API.Controllers.System.DictionaryController.GetBusinessScopeTypeAsync (API) in 41ms
18:13:51 INFO  - Executed action GD.API.Controllers.System.DictionaryController.GetBusinessScopePageAsync (API) in 43ms
18:13:53 INFO  - Executed action GD.API.Controllers.System.DictionaryController.DisableEnableDictionaryAsync (API) in 146ms
18:13:53 INFO  - Executed action GD.API.Controllers.System.DictionaryController.GetBusinessScopeTypeAsync (API) in 28ms
18:13:53 INFO  - Executed action GD.API.Controllers.System.DictionaryController.GetBusinessScopePageAsync (API) in 40ms
18:13:54 INFO  - Executed action GD.API.Controllers.System.DictionaryController.DisableEnableDictionaryAsync (API) in 144ms
18:13:54 INFO  - Executed action GD.API.Controllers.System.DictionaryController.GetBusinessScopeTypeAsync (API) in 43ms
18:13:54 INFO  - Executed action GD.API.Controllers.System.DictionaryController.GetBusinessScopePageAsync (API) in 47ms
18:13:55 INFO  - Executed action GD.API.Controllers.System.DictionaryController.DisableEnableDictionaryAsync (API) in 162ms
18:13:56 INFO  - Executed action GD.API.Controllers.System.DictionaryController.GetBusinessScopeTypeAsync (API) in 29ms
18:13:56 INFO  - Executed action GD.API.Controllers.System.DictionaryController.GetBusinessScopePageAsync (API) in 40ms
19:28:35 INFO  - Executed action GD.API.Controllers.System.UserController.GetLoginUserInfoAsync (API) in 1180ms
19:28:36 INFO  - Executed action GD.API.Controllers.System.HomeController.GetOrderQtyAsync (API) in 52ms
19:28:36 INFO  - Executed action GD.API.Controllers.System.HomeController.GetDoctorsQtyAsync (API) in 38ms
19:28:36 INFO  - Executed action GD.API.Controllers.System.HomeController.GetMerchantQtyAsync (API) in 90ms
19:28:36 INFO  - Executed action GD.API.Controllers.System.HomeController.GetUserQtyAsync (API) in 116ms
19:28:52 INFO  - Executed action GD.API.Controllers.Utility.ArticleController.GetArticleTypeAsync (API) in 2809ms
19:28:52 INFO  - Executed action GD.API.Controllers.Utility.ArticleController.GetArticleListAsync (API) in 169ms
19:28:56 INFO  - Executed action GD.API.Controllers.System.DictionaryController.GetBusinessScopeTypeAsync (API) in 30ms
19:28:56 INFO  - Executed action GD.API.Controllers.System.DictionaryController.GetBusinessScopePageAsync (API) in 54ms
19:28:58 INFO  - Executed action GD.API.Controllers.System.DictionaryController.DisableEnableDictionaryAsync (API) in 217ms
19:28:58 INFO  - Executed action GD.API.Controllers.System.DictionaryController.GetBusinessScopeTypeAsync (API) in 74ms
19:28:58 INFO  - Executed action GD.API.Controllers.System.DictionaryController.GetBusinessScopePageAsync (API) in 72ms
19:29:01 INFO  - Executed action GD.API.Controllers.System.DictionaryController.DisableEnableDictionaryAsync (API) in 138ms
19:29:01 INFO  - Executed action GD.API.Controllers.System.DictionaryController.GetBusinessScopeTypeAsync (API) in 32ms
19:29:01 INFO  - Executed action GD.API.Controllers.System.DictionaryController.GetBusinessScopePageAsync (API) in 33ms
19:29:02 INFO  - Executed action GD.API.Controllers.System.DictionaryController.DisableEnableDictionaryAsync (API) in 52ms
19:29:03 INFO  - Executed action GD.API.Controllers.System.DictionaryController.DisableEnableDictionaryAsync (API) in 69ms
19:29:20 INFO  - Executed action GD.API.Controllers.System.DictionaryController.DisableEnableDictionaryAsync (API) in 7942ms
19:29:20 INFO  - Executed action GD.API.Controllers.System.DictionaryController.GetBusinessScopePageAsync (API) in 31ms
19:29:20 INFO  - Executed action GD.API.Controllers.System.DictionaryController.GetBusinessScopeTypeAsync (API) in 37ms
19:29:29 INFO  - Executed action GD.API.Controllers.System.DictionaryController.DisableEnableDictionaryAsync (API) in 1963ms
19:29:29 INFO  - Executed action GD.API.Controllers.System.DictionaryController.GetBusinessScopePageAsync (API) in 29ms
19:29:29 INFO  - Executed action GD.API.Controllers.System.DictionaryController.GetBusinessScopeTypeAsync (API) in 36ms
19:30:04 INFO  - Executed action GD.API.Controllers.System.DictionaryController.DisableEnableDictionaryAsync (API) in 2783ms
