15:42:21 INFO  - Executed action GD.API.Controllers.Utility.AccountController.LoginAdmin (API) in 1212ms
15:42:21 INFO  - Executed action GD.API.Controllers.System.UserController.GetLoginUserInfoAsync (API) in 744ms
15:42:22 INFO  - Executed action GD.API.Controllers.System.HomeController.GetUserQtyAsync (API) in 89ms
15:42:22 INFO  - Executed action GD.API.Controllers.System.HomeController.GetDoctorsQtyAsync (API) in 72ms
15:42:22 INFO  - Executed action GD.API.Controllers.System.HomeController.GetOrderQtyAsync (API) in 156ms
15:42:22 INFO  - Executed action GD.API.Controllers.System.HomeController.GetMerchantQtyAsync (API) in 217ms
15:42:22 INFO  - Executed action GD.API.Controllers.System.UserController.GetLoginUserInfoAsync (API) in 168ms
15:42:23 INFO  - Executed action GD.API.Controllers.System.HomeController.GetDoctorsQtyAsync (API) in 54ms
15:42:23 INFO  - Executed action GD.API.Controllers.System.HomeController.GetMerchantQtyAsync (API) in 26ms
15:42:23 INFO  - Executed action GD.API.Controllers.System.HomeController.GetUserQtyAsync (API) in 19ms
15:42:23 INFO  - Executed action GD.API.Controllers.System.HomeController.GetOrderQtyAsync (API) in 30ms
15:42:27 INFO  - Executed action GD.API.Controllers.Doctor.DoctorController.GetDoctorCertificateDetailAsync (API) in 110ms
15:42:27 INFO  - Executed action GD.API.Controllers.Doctor.HospitalController.GetHospitalAllSelectAsync (API) in 60ms
15:42:28 INFO  - Executed action GD.API.Controllers.Doctor.DoctorController.GetDoctorPageAsync (API) in 196ms
15:42:30 INFO  - Executed action GD.API.Controllers.Merchant.MerchantController.GetHospitalSelectAsync (API) in 28ms
15:42:30 INFO  - Executed action GD.API.Controllers.Merchant.MerchantController.GetMerchantPageAsync (API) in 79ms
15:42:30 INFO  - Executed action GD.API.Controllers.System.DictionaryController.GetMerchantDictionaryAsync (API) in 705ms
15:42:30 INFO  - Executed action GD.API.Controllers.Merchant.MerchantController.GetBusinessScopeListAsync (API) in 734ms
15:42:30 INFO  - Executed action GD.API.Controllers.Doctor.DoctorController.GetDoctorJobTitlesAsync (API) in 3056ms
15:42:32 INFO  - Executed action GD.API.Controllers.Doctor.DoctorController.GetDoctorPageAsync (API) in 185ms
15:42:35 INFO  - Executed action GD.API.Controllers.Mall.MemberController.GetMemberPageAsync (API) in 100ms
19:14:34 INFO  - Executed action GD.API.Controllers.Utility.AccountController.LoginAdmin (API) in 288ms
