10:13:26 INFO  - Executed action GD.API.Controllers.Utility.AccountController.LoginAdmin (API) in 213ms
10:13:27 INFO  - Executed action GD.API.Controllers.System.UserController.GetLoginUserInfoAsync (API) in 408ms
10:13:27 INFO  - Executed action GD.API.Controllers.System.HomeController.GetUserQtyAsync (API) in 71ms
10:13:27 INFO  - Executed action GD.API.Controllers.System.HomeController.GetDoctorsQtyAsync (API) in 118ms
10:13:28 INFO  - Executed action GD.API.Controllers.System.HomeController.GetMerchantQtyAsync (API) in 241ms
10:13:28 INFO  - Executed action GD.API.Controllers.System.HomeController.GetOrderQtyAsync (API) in 31ms
16:16:13 INFO  - Executed action GD.API.Controllers.System.UserController.GetLoginUserInfoAsync (API) in 1965ms
16:16:13 INFO  - Executed action GD.API.Controllers.System.UserController.GetLoginUserInfoAsync (API) in 187ms
16:16:13 INFO  - Executed action GD.API.Controllers.System.HomeController.GetOrderQtyAsync (API) in 46ms
16:16:14 INFO  - Executed action GD.API.Controllers.System.HomeController.GetMerchantQtyAsync (API) in 149ms
16:16:14 INFO  - Executed action GD.API.Controllers.System.HomeController.GetUserQtyAsync (API) in 218ms
16:16:14 INFO  - Executed action GD.API.Controllers.System.HomeController.GetDoctorsQtyAsync (API) in 235ms
16:16:14 INFO  - Executed action GD.API.Controllers.System.HomeController.GetOrderQtyAsync (API) in 113ms
16:16:14 INFO  - Executed action GD.API.Controllers.System.HomeController.GetDoctorsQtyAsync (API) in 111ms
16:16:14 INFO  - Executed action GD.API.Controllers.System.HomeController.GetUserQtyAsync (API) in 47ms
16:16:14 INFO  - Executed action GD.API.Controllers.System.HomeController.GetMerchantQtyAsync (API) in 22ms
16:19:48 INFO  - Executed action GD.API.Controllers.Report.CommonReportController.GetReportListAsync (API) in 186ms
16:19:52 INFO  - Executed action GD.API.Controllers.Report.CommonReportController.GetConditionListAsync (API) in 45ms
16:19:52 INFO  - Executed action GD.API.Controllers.Report.CommonReportController.GetConditionListAsync (API) in 115ms
16:20:03 INFO  - Executed action GD.API.Controllers.Report.CommonReportController.PreviewResultInSqlAsync (API) in 203ms
16:20:18 INFO  - Executed action GD.API.Controllers.System.UserController.GetLoginUserInfoAsync (API) in 172ms
16:20:18 INFO  - Executed action GD.API.Controllers.Report.CommonReportController.GetConditionListAsync (API) in 18ms
16:20:18 INFO  - Executed action GD.API.Controllers.Report.CommonReportController.GetConditionListAsync (API) in 28ms
16:20:26 INFO  - Executed action GD.API.Controllers.Report.CommonReportController.GetReportListAsync (API) in 64ms
16:20:52 INFO  - Executed action GD.API.Controllers.Report.CommonReportController.GetConditionListAsync (API) in 32ms
16:20:52 INFO  - Executed action GD.API.Controllers.Report.CommonReportController.GetConditionListAsync (API) in 40ms
16:20:52 INFO  - Executed action GD.API.Controllers.Report.CommonReportController.GetOneReport (API) in 147ms
16:21:22 INFO  - Executed action GD.API.Controllers.Report.CommonReportController.UpdateOneReport (API) in 203ms
16:21:22 INFO  - Executed action GD.API.Controllers.Report.CommonReportController.GetReportListAsync (API) in 56ms
16:21:25 INFO  - Executed action GD.API.Controllers.Report.CommonReportController.PreviewResultInSqlAsync (API) in 103ms
16:21:29 INFO  - Executed action GD.API.Controllers.System.UserController.GetLoginUserInfoAsync (API) in 161ms
16:21:29 INFO  - Executed action GD.API.Controllers.Report.CommonReportController.GetConditionListAsync (API) in 34ms
16:21:29 INFO  - Executed action GD.API.Controllers.Report.CommonReportController.GetConditionListAsync (API) in 27ms
16:21:41 INFO  - Executed action GD.API.Controllers.Report.CommonReportController.PreviewResultInSqlAsync (API) in 89ms
16:21:47 INFO  - Executed action GD.API.Controllers.Report.CommonReportController.PreviewResultInSqlAsync (API) in 89ms
16:22:27 INFO  - Executed action GD.API.Controllers.System.UserController.GetLoginUserInfoAsync (API) in 173ms
16:22:28 INFO  - Executed action GD.API.Controllers.Report.CommonReportController.GetConditionListAsync (API) in 20ms
16:22:28 INFO  - Executed action GD.API.Controllers.Report.CommonReportController.GetConditionListAsync (API) in 35ms
16:33:38 INFO  - Executed action GD.API.Controllers.Report.CommonReportController.PreviewResultInSqlAsync (API) in 165ms
16:33:57 INFO  - Executed action GD.API.Controllers.Report.CommonReportController.PreviewResultInSqlAsync (API) in 235ms
16:34:00 INFO  - Executed action GD.API.Controllers.Report.CommonReportController.PreviewResultInSqlAsync (API) in 133ms
16:34:01 INFO  - Executed action GD.API.Controllers.Report.CommonReportController.PreviewResultInSqlAsync (API) in 114ms
16:34:01 INFO  - Executed action GD.API.Controllers.Report.CommonReportController.PreviewResultInSqlAsync (API) in 116ms
16:34:02 INFO  - Executed action GD.API.Controllers.Report.CommonReportController.PreviewResultInSqlAsync (API) in 118ms
16:34:02 INFO  - Executed action GD.API.Controllers.Report.CommonReportController.PreviewResultInSqlAsync (API) in 114ms
16:34:02 INFO  - Executed action GD.API.Controllers.Report.CommonReportController.PreviewResultInSqlAsync (API) in 120ms
16:34:16 INFO  - Executed action GD.API.Controllers.Report.CommonReportController.PreviewResultInSqlAsync (API) in 116ms
16:34:17 INFO  - Executed action GD.API.Controllers.Report.CommonReportController.PreviewResultInSqlAsync (API) in 112ms
16:34:18 INFO  - Executed action GD.API.Controllers.Report.CommonReportController.PreviewResultInSqlAsync (API) in 165ms
16:34:26 INFO  - Executed action GD.API.Controllers.Report.CommonReportController.PreviewResultInSqlAsync (API) in 121ms
16:34:30 INFO  - Executed action GD.API.Controllers.Report.CommonReportController.PreviewResultInSqlAsync (API) in 114ms
16:38:26 INFO  - Executed action GD.API.Controllers.Utility.AccountController.LoginAdmin (API) in 944ms
16:38:27 INFO  - Executed action GD.API.Controllers.System.UserController.GetLoginUserInfoAsync (API) in 659ms
16:38:28 INFO  - Executed action GD.API.Controllers.System.HomeController.GetOrderQtyAsync (API) in 100ms
16:38:28 INFO  - Executed action GD.API.Controllers.System.HomeController.GetUserQtyAsync (API) in 54ms
16:38:28 INFO  - Executed action GD.API.Controllers.System.HomeController.GetDoctorsQtyAsync (API) in 216ms
16:38:28 INFO  - Executed action GD.API.Controllers.System.HomeController.GetMerchantQtyAsync (API) in 358ms
16:39:00 INFO  - Executed action GD.API.Controllers.Report.CommonReportController.GetReportListAsync (API) in 65ms
16:39:03 INFO  - Executed action GD.API.Controllers.Report.CommonReportController.GetConditionListAsync (API) in 24ms
16:39:03 INFO  - Executed action GD.API.Controllers.Report.CommonReportController.GetConditionListAsync (API) in 31ms
16:39:07 INFO  - Executed action GD.API.Controllers.Report.CommonReportController.GetReportListAsync (API) in 42ms
16:39:10 INFO  - Executed action GD.API.Controllers.Report.CommonReportController.GetConditionListAsync (API) in 26ms
16:39:10 INFO  - Executed action GD.API.Controllers.Report.CommonReportController.GetConditionListAsync (API) in 27ms
16:39:25 INFO  - Executed action GD.API.Controllers.Report.CommonReportController.PreviewResultInSqlAsync (API) in 272ms
16:39:30 INFO  - Executed action GD.API.Controllers.Report.CommonReportController.PreviewResultInSqlAsync (API) in 102ms
16:41:02 INFO  - Executed action GD.API.Controllers.Utility.AccountController.LoginAdmin (API) in 20ms
16:41:02 INFO  - Executed action GD.API.Controllers.System.UserController.GetLoginUserInfoAsync (API) in 131ms
16:41:03 INFO  - Executed action GD.API.Controllers.Report.CommonReportController.GetReportListAsync (API) in 60ms
16:41:07 INFO  - Executed action GD.API.Controllers.Report.CommonReportController.GetConditionListAsync (API) in 22ms
16:41:07 INFO  - Executed action GD.API.Controllers.Report.CommonReportController.GetConditionListAsync (API) in 19ms
16:45:00 INFO  - Executed action GD.API.Controllers.System.UserController.GetLoginUserInfoAsync (API) in 1528ms
16:45:00 INFO  - Executed action GD.API.Controllers.Report.CommonReportController.GetConditionListAsync (API) in 34ms
16:45:01 INFO  - Executed action GD.API.Controllers.Report.CommonReportController.GetConditionListAsync (API) in 122ms
16:46:27 INFO  - Executed action GD.API.Controllers.Report.CommonReportController.GetConditionListAsync (API) in 21ms
16:46:27 INFO  - Executed action GD.API.Controllers.Report.CommonReportController.GetConditionListAsync (API) in 52ms
16:46:49 INFO  - Executed action GD.API.Controllers.Report.CommonReportController.PreviewResultInSqlAsync (API) in 261ms
16:46:51 INFO  - Executed action GD.API.Controllers.Report.CommonReportController.PreviewResultInSqlAsync (API) in 116ms
16:47:15 INFO  - Executed action GD.API.Controllers.System.UserController.GetLoginUserInfoAsync (API) in 145ms
16:47:16 INFO  - Executed action GD.API.Controllers.Report.CommonReportController.GetConditionListAsync (API) in 38ms
16:47:16 INFO  - Executed action GD.API.Controllers.Report.CommonReportController.GetConditionListAsync (API) in 42ms
16:47:28 INFO  - Executed action GD.API.Controllers.Report.CommonReportController.PreviewResultInSqlAsync (API) in 106ms
16:47:29 INFO  - Executed action GD.API.Controllers.Report.CommonReportController.PreviewResultInSqlAsync (API) in 133ms
16:51:31 INFO  - Executed action GD.API.Controllers.System.UserController.GetLoginUserInfoAsync (API) in 354ms
16:51:32 INFO  - Executed action GD.API.Controllers.Report.CommonReportController.GetConditionListAsync (API) in 47ms
16:51:32 INFO  - Executed action GD.API.Controllers.Report.CommonReportController.GetConditionListAsync (API) in 127ms
16:51:49 INFO  - Executed action GD.API.Controllers.Report.CommonReportController.PreviewResultInSqlAsync (API) in 156ms
16:52:04 INFO  - Executed action GD.API.Controllers.Report.CommonReportController.PreviewResultInSqlAsync (API) in 84ms
16:52:04 INFO  - Executed action GD.API.Controllers.Report.CommonReportController.PreviewResultInSqlAsync (API) in 103ms
16:52:04 INFO  - Executed action GD.API.Controllers.Report.CommonReportController.PreviewResultInSqlAsync (API) in 81ms
16:52:10 INFO  - Executed action GD.API.Controllers.Report.CommonReportController.PreviewResultInSqlAsync (API) in 82ms
16:52:13 INFO  - Executed action GD.API.Controllers.Report.CommonReportController.PreviewResultInSqlAsync (API) in 81ms
16:54:55 INFO  - Executed action GD.API.Controllers.System.UserController.GetLoginUserInfoAsync (API) in 194ms
16:54:56 INFO  - Executed action GD.API.Controllers.Report.CommonReportController.GetConditionListAsync (API) in 28ms
16:54:56 INFO  - Executed action GD.API.Controllers.Report.CommonReportController.GetConditionListAsync (API) in 47ms
16:55:26 INFO  - Executed action GD.API.Controllers.Report.CommonReportController.PreviewResultInSqlAsync (API) in 83ms
16:55:27 INFO  - Executed action GD.API.Controllers.Report.CommonReportController.PreviewResultInSqlAsync (API) in 93ms
17:04:16 INFO  - Executed action GD.API.Controllers.System.UserController.GetLoginUserInfoAsync (API) in 271ms
17:04:16 INFO  - Executed action GD.API.Controllers.Report.CommonReportController.GetConditionListAsync (API) in 21ms
17:04:16 INFO  - Executed action GD.API.Controllers.Report.CommonReportController.GetConditionListAsync (API) in 107ms
17:04:23 INFO  - Executed action GD.API.Controllers.Report.CommonReportController.PreviewResultInSqlAsync (API) in 224ms
17:04:26 INFO  - Executed action GD.API.Controllers.Report.CommonReportController.PreviewResultInSqlAsync (API) in 101ms
17:05:10 INFO  - Executed action GD.API.Controllers.Report.CommonReportController.PreviewResultInSqlAsync (API) in 135ms
17:05:27 INFO  - Executed action GD.API.Controllers.Report.CommonReportController.PreviewResultInSqlAsync (API) in 98ms
17:09:56 INFO  - Executed action GD.API.Controllers.Utility.AccountController.LoginAdmin (API) in 176ms
17:10:02 INFO  - Executed action GD.API.Controllers.System.UserController.GetLoginUserInfoAsync (API) in 396ms
17:10:02 INFO  - Executed action GD.API.Controllers.Report.CommonReportController.GetConditionListAsync (API) in 33ms
17:10:02 INFO  - Executed action GD.API.Controllers.Report.CommonReportController.GetConditionListAsync (API) in 104ms
17:10:11 INFO  - Executed action GD.API.Controllers.Report.CommonReportController.PreviewResultInSqlAsync (API) in 173ms
17:10:13 INFO  - Executed action GD.API.Controllers.Report.CommonReportController.PreviewResultInSqlAsync (API) in 97ms
17:20:58 INFO  - Executed action GD.API.Controllers.Utility.AccountController.LoginAdmin (API) in 1967ms
17:21:01 INFO  - Executed action GD.API.Controllers.System.UserController.GetLoginUserInfoAsync (API) in 1545ms
17:21:01 INFO  - Executed action GD.API.Controllers.System.HomeController.GetUserQtyAsync (API) in 87ms
17:21:02 INFO  - Executed action GD.API.Controllers.System.HomeController.GetMerchantQtyAsync (API) in 60ms
17:21:02 INFO  - Executed action GD.API.Controllers.System.HomeController.GetOrderQtyAsync (API) in 297ms
17:21:02 INFO  - Executed action GD.API.Controllers.System.HomeController.GetDoctorsQtyAsync (API) in 285ms
17:22:04 INFO  - Executed action GD.API.Controllers.Report.CommonReportController.GetConditionListAsync (API) in 41ms
17:22:04 INFO  - Executed action GD.API.Controllers.Report.CommonReportController.GetConditionListAsync (API) in 39ms
17:22:35 INFO  - Executed action GD.API.Controllers.Report.CommonReportController.GetConditionListAsync (API) in 25ms
17:22:35 INFO  - Executed action GD.API.Controllers.Report.CommonReportController.GetConditionListAsync (API) in 32ms
17:22:59 INFO  - Executed action GD.API.Controllers.Report.CommonReportController.GetReportListAsync (API) in 87ms
17:23:01 INFO  - Executed action GD.API.Controllers.Report.CommonReportController.GetConditionListAsync (API) in 28ms
17:23:01 INFO  - Executed action GD.API.Controllers.Report.CommonReportController.GetConditionListAsync (API) in 73ms
17:23:08 INFO  - Executed action GD.API.Controllers.Report.CommonReportController.PreviewResultInSqlAsync (API) in 289ms
17:23:16 INFO  - Executed action GD.API.Controllers.Report.CommonReportController.PreviewResultInSqlAsync (API) in 114ms
17:23:22 INFO  - Executed action GD.API.Controllers.Report.CommonReportController.PreviewResultInSqlAsync (API) in 110ms
17:24:41 INFO  - Executed action GD.API.Controllers.Report.CommonReportController.PreviewResultInSqlAsync (API) in 1117ms
17:24:42 INFO  - Executed action GD.API.Controllers.Report.CommonReportController.PreviewResultInSqlAsync (API) in 90ms
17:24:48 INFO  - Executed action GD.API.Controllers.Report.CommonReportController.PreviewResultInSqlAsync (API) in 91ms
17:25:17 INFO  - Executed action GD.API.Controllers.Report.CommonReportController.PreviewResultInSqlAsync (API) in 100ms
17:25:55 INFO  - Executed action GD.API.Controllers.Report.CommonReportController.GetConditionListAsync (API) in 93ms
17:25:56 INFO  - Executed action GD.API.Controllers.Report.CommonReportController.GetConditionListAsync (API) in 645ms
17:25:56 INFO  - Executed action GD.API.Controllers.Report.CommonReportController.GetConditionListAsync (API) in 238ms
17:25:56 INFO  - Executed action GD.API.Controllers.Report.CommonReportController.GetConditionListAsync (API) in 47ms
17:26:01 INFO  - Executed action GD.API.Controllers.System.UserController.GetLoginUserInfoAsync (API) in 716ms
17:26:01 INFO  - Executed action GD.API.Controllers.Report.CommonReportController.GetConditionListAsync (API) in 25ms
17:26:01 INFO  - Executed action GD.API.Controllers.Report.CommonReportController.GetConditionListAsync (API) in 27ms
17:26:05 INFO  - Executed action GD.API.Controllers.Report.CommonReportController.PreviewResultInSqlAsync (API) in 26ms
17:26:16 INFO  - Executed action GD.API.Controllers.Report.CommonReportController.PreviewResultInSqlAsync (API) in 91ms
17:26:17 INFO  - Executed action GD.API.Controllers.Report.CommonReportController.PreviewResultInSqlAsync (API) in 106ms
17:26:19 INFO  - Executed action GD.API.Controllers.Report.CommonReportController.PreviewResultInSqlAsync (API) in 96ms
17:26:19 INFO  - Executed action GD.API.Controllers.Report.CommonReportController.PreviewResultInSqlAsync (API) in 105ms
17:26:20 INFO  - Executed action GD.API.Controllers.Report.CommonReportController.PreviewResultInSqlAsync (API) in 120ms
17:26:23 INFO  - Executed action GD.API.Controllers.Report.CommonReportController.PreviewResultInSqlAsync (API) in 117ms
17:26:52 INFO  - Executed action GD.API.Controllers.Report.CommonReportController.PreviewResultInSqlAsync (API) in 87ms
17:27:03 INFO  - Executed action GD.API.Controllers.Report.CommonReportController.PreviewResultInSqlAsync (API) in 85ms
17:27:07 INFO  - Executed action GD.API.Controllers.Report.CommonReportController.PreviewResultInSqlAsync (API) in 105ms
17:31:20 INFO  - Executed action GD.API.Controllers.Report.CommonReportController.GetReportListAsync (API) in 246ms
17:31:23 INFO  - Executed action GD.API.Controllers.Report.CommonReportController.GetConditionListAsync (API) in 86ms
17:31:23 INFO  - Executed action GD.API.Controllers.Report.CommonReportController.GetConditionListAsync (API) in 86ms
17:31:23 INFO  - Executed action GD.API.Controllers.Report.CommonReportController.GetOneReport (API) in 154ms
17:32:08 INFO  - Executed action GD.API.Controllers.Report.CommonReportController.UpdateOneReport (API) in 167ms
17:32:08 INFO  - Executed action GD.API.Controllers.Report.CommonReportController.GetReportListAsync (API) in 55ms
17:32:12 INFO  - Executed action GD.API.Controllers.Report.CommonReportController.GetConditionListAsync (API) in 18ms
17:32:12 INFO  - Executed action GD.API.Controllers.Report.CommonReportController.GetConditionListAsync (API) in 56ms
17:32:20 INFO  - Executed action GD.API.Controllers.Report.CommonReportController.GetReportListAsync (API) in 73ms
17:32:22 INFO  - Executed action GD.API.Controllers.Report.CommonReportController.GetConditionListAsync (API) in 38ms
17:32:22 INFO  - Executed action GD.API.Controllers.Report.CommonReportController.GetOneReport (API) in 35ms
17:32:22 INFO  - Executed action GD.API.Controllers.Report.CommonReportController.GetConditionListAsync (API) in 30ms
17:32:27 INFO  - Executed action GD.API.Controllers.Report.CommonReportController.UpdateOneReport (API) in 88ms
17:32:27 INFO  - Executed action GD.API.Controllers.Report.CommonReportController.GetReportListAsync (API) in 57ms
17:32:30 INFO  - Executed action GD.API.Controllers.Report.CommonReportController.GetConditionListAsync (API) in 17ms
17:32:30 INFO  - Executed action GD.API.Controllers.Report.CommonReportController.GetConditionListAsync (API) in 28ms
17:32:35 INFO  - Executed action GD.API.Controllers.Report.CommonReportController.GetReportListAsync (API) in 62ms
17:32:38 INFO  - Executed action GD.API.Controllers.Report.CommonReportController.GetOneReport (API) in 38ms
17:32:38 INFO  - Executed action GD.API.Controllers.Report.CommonReportController.GetConditionListAsync (API) in 57ms
17:32:38 INFO  - Executed action GD.API.Controllers.Report.CommonReportController.GetConditionListAsync (API) in 110ms
17:34:21 INFO  - Executed action GD.API.Controllers.System.UserController.GetLoginUserInfoAsync (API) in 167ms
17:34:22 INFO  - Executed action GD.API.Controllers.Report.CommonReportController.GetReportListAsync (API) in 84ms
17:34:24 INFO  - Executed action GD.API.Controllers.Report.CommonReportController.GetOneReport (API) in 28ms
17:34:24 INFO  - Executed action GD.API.Controllers.Report.CommonReportController.GetConditionListAsync (API) in 22ms
17:34:24 INFO  - Executed action GD.API.Controllers.Report.CommonReportController.GetConditionListAsync (API) in 34ms
17:37:17 INFO  - Executed action GD.API.Controllers.Utility.ArticleController.GetArticleTypeAsync (API) in 2992ms
17:37:17 INFO  - Executed action GD.API.Controllers.Utility.ArticleController.GetArticleListAsync (API) in 156ms
17:37:25 INFO  - Executed action GD.API.Controllers.Decoration.DecorationController.GetDecorationPageListAsync (API) in 47ms
17:37:25 INFO  - Executed action GD.API.Controllers.Decoration.DecorationController.GetDecorationClassificationAsync (API) in 66ms
17:37:28 INFO  - Executed action GD.API.Controllers.Decoration.DecorationController.GetDecorationDetailsAsync (API) in 153ms
17:38:04 INFO  - Executed action GD.API.Controllers.Report.CommonReportController.GetReportListAsync (API) in 87ms
17:38:05 INFO  - Executed action GD.API.Controllers.Report.CommonReportController.GetOneReport (API) in 25ms
17:38:05 INFO  - Executed action GD.API.Controllers.Report.CommonReportController.GetConditionListAsync (API) in 28ms
17:38:06 INFO  - Executed action GD.API.Controllers.Report.CommonReportController.GetConditionListAsync (API) in 35ms
17:38:48 INFO  - Executed action GD.API.Controllers.System.UserController.GetLoginUserInfoAsync (API) in 174ms
17:38:49 INFO  - Executed action GD.API.Controllers.Report.CommonReportController.GetReportListAsync (API) in 98ms
17:38:51 INFO  - Executed action GD.API.Controllers.Report.CommonReportController.GetConditionListAsync (API) in 64ms
17:38:51 INFO  - Executed action GD.API.Controllers.Report.CommonReportController.GetConditionListAsync (API) in 21ms
17:38:51 INFO  - Executed action GD.API.Controllers.Report.CommonReportController.GetOneReport (API) in 31ms
17:40:51 INFO  - Executed action GD.API.Controllers.System.UserController.GetLoginUserInfoAsync (API) in 188ms
17:40:51 INFO  - Executed action GD.API.Controllers.Report.CommonReportController.GetReportListAsync (API) in 58ms
17:40:54 INFO  - Executed action GD.API.Controllers.Report.CommonReportController.GetConditionListAsync (API) in 27ms
17:40:54 INFO  - Executed action GD.API.Controllers.Report.CommonReportController.GetConditionListAsync (API) in 25ms
17:40:54 INFO  - Executed action GD.API.Controllers.Report.CommonReportController.GetOneReport (API) in 51ms
17:42:24 INFO  - Executed action GD.API.Controllers.Decoration.DecorationController.GetDecorationClassificationAsync (API) in 39ms
17:42:24 INFO  - Executed action GD.API.Controllers.Decoration.DecorationController.GetDecorationPageListAsync (API) in 59ms
17:42:27 INFO  - Executed action GD.API.Controllers.Decoration.DecorationController.GetDecorationDetailsAsync (API) in 124ms
17:42:57 INFO  - Executed action GD.API.Controllers.Report.CommonReportController.GetReportListAsync (API) in 54ms
17:42:59 INFO  - Executed action GD.API.Controllers.Report.CommonReportController.GetConditionListAsync (API) in 35ms
17:42:59 INFO  - Executed action GD.API.Controllers.Report.CommonReportController.GetConditionListAsync (API) in 39ms
17:42:59 INFO  - Executed action GD.API.Controllers.Report.CommonReportController.GetOneReport (API) in 42ms
17:47:01 INFO  - Executed action GD.API.Controllers.Report.CommonReportController.GetReportListAsync (API) in 66ms
17:47:03 INFO  - Executed action GD.API.Controllers.System.UserController.GetLoginUserInfoAsync (API) in 156ms
17:47:03 INFO  - Executed action GD.API.Controllers.Report.CommonReportController.GetReportListAsync (API) in 62ms
17:47:05 INFO  - Executed action GD.API.Controllers.Report.CommonReportController.GetOneReport (API) in 35ms
17:47:05 INFO  - Executed action GD.API.Controllers.Report.CommonReportController.GetConditionListAsync (API) in 35ms
17:47:05 INFO  - Executed action GD.API.Controllers.Report.CommonReportController.GetConditionListAsync (API) in 39ms
17:47:52 INFO  - Executed action GD.API.Controllers.System.UserController.GetLoginUserInfoAsync (API) in 143ms
17:47:53 INFO  - Executed action GD.API.Controllers.Report.CommonReportController.GetReportListAsync (API) in 55ms
17:47:54 INFO  - Executed action GD.API.Controllers.Report.CommonReportController.GetOneReport (API) in 23ms
17:47:55 INFO  - Executed action GD.API.Controllers.Report.CommonReportController.GetConditionListAsync (API) in 30ms
17:47:55 INFO  - Executed action GD.API.Controllers.Report.CommonReportController.GetConditionListAsync (API) in 31ms
17:48:54 INFO  - Executed action GD.API.Controllers.System.UserController.GetLoginUserInfoAsync (API) in 460ms
17:48:54 INFO  - Executed action GD.API.Controllers.Report.CommonReportController.GetReportListAsync (API) in 52ms
17:48:58 INFO  - Executed action GD.API.Controllers.Report.CommonReportController.GetOneReport (API) in 32ms
17:48:58 INFO  - Executed action GD.API.Controllers.Report.CommonReportController.GetConditionListAsync (API) in 40ms
17:48:58 INFO  - Executed action GD.API.Controllers.Report.CommonReportController.GetConditionListAsync (API) in 24ms
17:51:51 INFO  - Executed action GD.API.Controllers.System.UserController.GetLoginUserInfoAsync (API) in 148ms
17:51:52 INFO  - Executed action GD.API.Controllers.Report.CommonReportController.GetReportListAsync (API) in 74ms
17:51:59 INFO  - Executed action GD.API.Controllers.Report.CommonReportController.GetOneReport (API) in 28ms
17:51:59 INFO  - Executed action GD.API.Controllers.Report.CommonReportController.GetConditionListAsync (API) in 24ms
17:52:00 INFO  - Executed action GD.API.Controllers.Report.CommonReportController.GetConditionListAsync (API) in 70ms
17:52:36 INFO  - Executed action GD.API.Controllers.Report.CommonReportController.UpdateOneReport (API) in 102ms
17:52:37 INFO  - Executed action GD.API.Controllers.Report.CommonReportController.GetReportListAsync (API) in 58ms
17:52:38 INFO  - Executed action GD.API.Controllers.Report.CommonReportController.GetReportListAsync (API) in 58ms
17:52:40 INFO  - Executed action GD.API.Controllers.Report.CommonReportController.GetOneReport (API) in 39ms
17:52:40 INFO  - Executed action GD.API.Controllers.Report.CommonReportController.GetConditionListAsync (API) in 44ms
17:52:40 INFO  - Executed action GD.API.Controllers.Report.CommonReportController.GetConditionListAsync (API) in 31ms
17:52:45 INFO  - Executed action GD.API.Controllers.Report.CommonReportController.UpdateOneReport (API) in 92ms
17:52:45 INFO  - Executed action GD.API.Controllers.Report.CommonReportController.GetReportListAsync (API) in 53ms
17:52:47 INFO  - Executed action GD.API.Controllers.Report.CommonReportController.GetReportListAsync (API) in 73ms
17:52:51 INFO  - Executed action GD.API.Controllers.Report.CommonReportController.GetOneReport (API) in 29ms
17:52:51 INFO  - Executed action GD.API.Controllers.Report.CommonReportController.GetConditionListAsync (API) in 38ms
17:52:51 INFO  - Executed action GD.API.Controllers.Report.CommonReportController.GetConditionListAsync (API) in 50ms
