15:05:17 INFO  - Executed action GD.API.Controllers.Merchant.MerchantController.GetMerchantSelectAsync (API) in 219ms
15:05:17 INFO  - Executed action GD.API.Controllers.Mall.ProductController.ProductCenterAsync (API) in 163ms
16:23:07 INFO  - Executed action GD.API.Controllers.Mall.ProductController.ProductCenterAsync (API) in 163ms
16:23:09 INFO  - Executed action GD.API.Controllers.Mall.ProductController.ProductCenterAsync (API) in 59ms
16:30:24 INFO  - Executed action GD.API.Controllers.System.UserController.GetLoginUserInfoAsync (API) in 302ms
16:30:25 INFO  - Executed action GD.API.Controllers.System.UserController.GetLoginUserInfoAsync (API) in 254ms
16:30:25 INFO  - Executed action GD.API.Controllers.System.HomeController.GetMerchantQtyAsync (API) in 37ms
16:30:25 INFO  - Executed action GD.API.Controllers.System.HomeController.GetDoctorsQtyAsync (API) in 150ms
16:30:25 INFO  - Executed action GD.API.Controllers.System.HomeController.GetUserQtyAsync (API) in 36ms
16:30:25 INFO  - Executed action GD.API.Controllers.System.HomeController.GetOrderQtyAsync (API) in 26ms
16:30:26 INFO  - Executed action GD.API.Controllers.System.HomeController.GetDoctorsQtyAsync (API) in 49ms
16:30:26 INFO  - Executed action GD.API.Controllers.System.HomeController.GetOrderQtyAsync (API) in 28ms
16:30:26 INFO  - Executed action GD.API.Controllers.System.HomeController.GetMerchantQtyAsync (API) in 23ms
16:30:26 INFO  - Executed action GD.API.Controllers.System.HomeController.GetUserQtyAsync (API) in 22ms
16:30:35 INFO  - Executed action GD.API.Controllers.Mall.OrderController.GetMerchantOrderPageListAsync (API) in 137ms
16:30:41 INFO  - Executed action GD.API.Controllers.Merchant.MerchantController.GetMerchantSelectAsync (API) in 23ms
16:30:41 INFO  - Executed action GD.API.Controllers.Mall.ProductController.ProductCenterAsync (API) in 59ms
16:30:52 INFO  - Executed action GD.API.Controllers.Mall.ProductController.ProductCenterAsync (API) in 60ms
16:30:56 INFO  - Executed action GD.API.Controllers.Mall.ProductController.ProductCenterAsync (API) in 56ms
16:30:58 INFO  - Executed action GD.API.Controllers.Mall.ProductController.ProductCenterAsync (API) in 82ms
16:32:10 INFO  - Executed action GD.API.Controllers.Merchant.MerchantController.GetMerchantSelectAsync (API) in 83ms
16:32:10 INFO  - Executed action GD.API.Controllers.Mall.ProductController.ProductCenterAsync (API) in 241ms
16:32:12 INFO  - Executed action GD.API.Controllers.Mall.ProductController.ProductCenterAsync (API) in 53ms
16:32:30 INFO  - Executed action GD.API.Controllers.System.UserController.GetLoginUserInfoAsync (API) in 150ms
16:32:31 INFO  - Executed action GD.API.Controllers.Merchant.MerchantController.GetMerchantSelectAsync (API) in 19ms
16:32:31 INFO  - Executed action GD.API.Controllers.Mall.ProductController.ProductCenterAsync (API) in 63ms
16:34:27 INFO  - Executed action GD.API.Controllers.System.UserController.GetLoginUserInfoAsync (API) in 164ms
16:34:28 INFO  - Executed action GD.API.Controllers.Merchant.MerchantController.GetMerchantSelectAsync (API) in 21ms
16:34:28 INFO  - Executed action GD.API.Controllers.Mall.ProductController.ProductCenterAsync (API) in 58ms
16:35:27 INFO  - Executed action GD.API.Controllers.Merchant.MerchantController.GetMerchantSelectAsync (API) in 179ms
16:35:27 INFO  - Executed action GD.API.Controllers.Mall.ProductController.ProductCenterAsync (API) in 314ms
16:35:28 INFO  - Executed action GD.API.Controllers.Mall.ProductController.ProductCenterAsync (API) in 241ms
16:35:28 INFO  - Executed action GD.API.Controllers.Merchant.MerchantController.GetMerchantSelectAsync (API) in 230ms
16:35:30 INFO  - Executed action GD.API.Controllers.Merchant.MerchantController.GetMerchantSelectAsync (API) in 31ms
16:35:30 INFO  - Executed action GD.API.Controllers.Mall.ProductController.ProductCenterAsync (API) in 152ms
16:35:31 INFO  - Executed action GD.API.Controllers.Merchant.MerchantController.GetMerchantSelectAsync (API) in 220ms
16:35:31 INFO  - Executed action GD.API.Controllers.Mall.ProductController.ProductCenterAsync (API) in 251ms
16:35:35 INFO  - Executed action GD.API.Controllers.Mall.ProductController.ProductCenterAsync (API) in 60ms
16:35:52 INFO  - Executed action GD.API.Controllers.Merchant.MerchantController.GetMerchantSelectAsync (API) in 64ms
16:35:52 INFO  - Executed action GD.API.Controllers.Mall.ProductController.ProductCenterAsync (API) in 122ms
16:35:53 INFO  - Executed action GD.API.Controllers.Merchant.MerchantController.GetMerchantSelectAsync (API) in 59ms
16:35:53 INFO  - Executed action GD.API.Controllers.Mall.ProductController.ProductCenterAsync (API) in 119ms
16:36:05 INFO  - Executed action GD.API.Controllers.System.UserController.GetLoginUserInfoAsync (API) in 144ms
16:36:05 INFO  - Executed action GD.API.Controllers.Merchant.MerchantController.GetMerchantSelectAsync (API) in 101ms
16:36:05 INFO  - Executed action GD.API.Controllers.Mall.ProductController.ProductCenterAsync (API) in 170ms
16:36:36 INFO  - Executed action GD.API.Controllers.Mall.ProductController.ProductCenterAsync (API) in 55ms
16:37:05 INFO  - Executed action GD.API.Controllers.Doctor.DoctorController.GetDoctorJobTitlesAsync (API) in 151ms
16:37:05 INFO  - Executed action GD.API.Controllers.Doctor.DoctorController.GetDoctorCertificateDetailAsync (API) in 32ms
16:37:05 INFO  - Executed action GD.API.Controllers.Doctor.DoctorController.GetDoctorPageAsync (API) in 146ms
16:37:05 INFO  - Executed action GD.API.Controllers.Doctor.HospitalController.GetHospitalAllSelectAsync (API) in 139ms
16:37:07 INFO  - Executed action GD.API.Controllers.Doctor.DoctorController.GetDoctorInfoAsync (API) in 73ms
16:37:07 INFO  - Executed action GD.API.Controllers.Doctor.DoctorController.GetDoctorCertificateDetailAsync (API) in 69ms
16:37:07 INFO  - Executed action GD.API.Controllers.Doctor.HospitalController.GetHospitalOfficeSelectAsync (API) in 79ms
16:37:10 INFO  - Executed action GD.API.Controllers.Doctor.DoctorController.GetDoctorInfoAsync (API) in 68ms
16:37:10 INFO  - Executed action GD.API.Controllers.Doctor.DoctorController.GetDoctorCertificateDetailAsync (API) in 26ms
16:37:13 INFO  - Executed action GD.API.Controllers.Doctor.DoctorController.GetDoctorInfoAsync (API) in 69ms
16:37:13 INFO  - Executed action GD.API.Controllers.Doctor.DoctorController.GetDoctorCertificateDetailAsync (API) in 39ms
16:37:17 INFO  - Executed action GD.API.Controllers.Doctor.DoctorController.GetDoctorInfoAsync (API) in 84ms
16:37:17 INFO  - Executed action GD.API.Controllers.Doctor.DoctorController.GetDoctorCertificateDetailAsync (API) in 26ms
16:38:09 INFO  - Executed action GD.API.Controllers.Doctor.DoctorController.GetDoctorPageAsync (API) in 305ms
16:38:09 INFO  - Executed action GD.API.Controllers.Doctor.DoctorController.GetDoctorCertificateDetailAsync (API) in 113ms
16:38:09 INFO  - Executed action GD.API.Controllers.Doctor.DoctorController.GetDoctorJobTitlesAsync (API) in 421ms
16:38:30 INFO  - Executed action GD.API.Controllers.Doctor.DoctorController.GetDoctorJobTitlesAsync (API) in 163ms
16:38:30 INFO  - Executed action GD.API.Controllers.Doctor.DoctorController.GetDoctorPageAsync (API) in 417ms
16:38:31 INFO  - Executed action GD.API.Controllers.Doctor.DoctorController.GetDoctorCertificateDetailAsync (API) in 195ms
16:38:33 INFO  - Executed action GD.API.Controllers.Doctor.DoctorController.GetDoctorCertificateDetailAsync (API) in 22ms
16:38:33 INFO  - Executed action GD.API.Controllers.Doctor.DoctorController.GetDoctorJobTitlesAsync (API) in 61ms
16:38:33 INFO  - Executed action GD.API.Controllers.Doctor.DoctorController.GetDoctorPageAsync (API) in 110ms
16:40:52 INFO  - Executed action GD.API.Controllers.Doctor.DoctorController.GetDoctorPageAsync (API) in 110ms
16:53:01 INFO  - Executed action GD.API.Controllers.Utility.AccountController.LoginAdmin (API) in 741ms
16:53:05 INFO  - Executed action GD.API.Controllers.Utility.AccountController.LoginAdmin (API) in 82ms
16:53:06 INFO  - Executed action GD.API.Controllers.System.UserController.GetLoginUserInfoAsync (API) in 678ms
16:53:07 INFO  - Executed action GD.API.Controllers.System.HomeController.GetOrderQtyAsync (API) in 82ms
16:53:07 INFO  - Executed action GD.API.Controllers.System.HomeController.GetUserQtyAsync (API) in 80ms
16:53:07 INFO  - Executed action GD.API.Controllers.System.HomeController.GetMerchantQtyAsync (API) in 55ms
16:53:07 INFO  - Executed action GD.API.Controllers.System.HomeController.GetDoctorsQtyAsync (API) in 124ms
16:53:54 INFO  - Executed action GD.API.Controllers.System.UserController.GetLoginUserInfoAsync (API) in 209ms
16:53:54 INFO  - Executed action GD.API.Controllers.System.HomeController.GetDoctorsQtyAsync (API) in 40ms
16:53:54 INFO  - Executed action GD.API.Controllers.System.HomeController.GetOrderQtyAsync (API) in 58ms
16:53:54 INFO  - Executed action GD.API.Controllers.System.HomeController.GetMerchantQtyAsync (API) in 16ms
16:53:54 INFO  - Executed action GD.API.Controllers.System.HomeController.GetUserQtyAsync (API) in 200ms
16:54:01 INFO  - Executed action GD.API.Controllers.Mall.OrderController.GetMerchantOrderPageListAsync (API) in 149ms
16:54:03 INFO  - Executed action GD.API.Controllers.Merchant.MerchantController.GetMerchantSelectAsync (API) in 26ms
16:54:03 INFO  - Executed action GD.API.Controllers.Mall.ProductController.ProductCenterAsync (API) in 82ms
16:54:06 INFO  - Executed action GD.API.Controllers.Mall.ProductController.ProductCenterAsync (API) in 46ms
16:54:07 INFO  - Executed action GD.API.Controllers.Mall.ProductController.ProductCenterAsync (API) in 50ms
16:54:12 INFO  - Executed action GD.API.Controllers.Mall.ProductController.UpdateOnlieCategory (API) in 86ms
16:54:20 INFO  - Executed action GD.API.Controllers.Mall.ProductController.ProductCenterAsync (API) in 49ms
16:54:26 INFO  - Executed action GD.API.Controllers.Mall.ProductController.UpdateOnlieCategory (API) in 46ms
16:54:37 INFO  - Executed action GD.API.Controllers.Mall.ProductController.UpdateOnlieCategory (API) in 64ms
16:54:39 INFO  - Executed action GD.API.Controllers.Mall.ProductController.UpdateOnlieCategory (API) in 261ms
16:54:40 INFO  - Executed action GD.API.Controllers.Mall.ProductController.UpdateOnlieCategory (API) in 302ms
16:54:41 INFO  - Executed action GD.API.Controllers.Mall.ProductController.UpdateOnlieCategory (API) in 49ms
16:54:42 INFO  - Executed action GD.API.Controllers.Mall.ProductController.UpdateOnlieCategory (API) in 46ms
16:54:45 INFO  - Executed action GD.API.Controllers.Mall.ProductController.UpdateOnlieCategory (API) in 52ms
16:54:46 INFO  - Executed action GD.API.Controllers.Mall.ProductController.UpdateOnlieCategory (API) in 52ms
16:54:46 INFO  - Executed action GD.API.Controllers.Mall.ProductController.UpdateOnlieCategory (API) in 50ms
16:54:47 INFO  - Executed action GD.API.Controllers.Mall.ProductController.UpdateOnlieCategory (API) in 48ms
16:54:50 INFO  - Executed action GD.API.Controllers.Mall.ProductController.UpdateOnlieCategory (API) in 46ms
16:54:53 INFO  - Executed action GD.API.Controllers.Mall.ProductController.UpdateOnlieCategory (API) in 42ms
16:54:54 INFO  - Executed action GD.API.Controllers.Mall.ProductController.UpdateOnlieCategory (API) in 51ms
16:54:54 INFO  - Executed action GD.API.Controllers.Mall.ProductController.UpdateOnlieCategory (API) in 47ms
16:54:55 INFO  - Executed action GD.API.Controllers.Mall.ProductController.UpdateOnlieCategory (API) in 65ms
16:54:56 INFO  - Executed action GD.API.Controllers.Mall.ProductController.UpdateOnlieCategory (API) in 50ms
16:56:04 INFO  - Executed action GD.API.Controllers.System.UserController.GetLoginUserInfoAsync (API) in 149ms
16:56:04 INFO  - Executed action GD.API.Controllers.Merchant.MerchantController.GetMerchantSelectAsync (API) in 25ms
16:56:05 INFO  - Executed action GD.API.Controllers.Mall.ProductController.ProductCenterAsync (API) in 50ms
16:57:06 INFO  - Executed action GD.API.Controllers.Mall.ProductController.UpdateOnlieCategory (API) in 938ms
16:57:09 INFO  - Executed action GD.API.Controllers.Mall.ProductController.ProductCenterAsync (API) in 82ms
16:57:12 INFO  - Executed action GD.API.Controllers.Mall.ProductController.UpdateOnlieCategory (API) in 42ms
16:57:13 INFO  - Executed action GD.API.Controllers.Mall.ProductController.UpdateOnlieCategory (API) in 65ms
16:57:14 INFO  - Executed action GD.API.Controllers.Mall.ProductController.UpdateOnlieCategory (API) in 47ms
16:57:16 INFO  - Executed action GD.API.Controllers.Mall.ProductController.UpdateOnlieCategory (API) in 44ms
16:57:16 INFO  - Executed action GD.API.Controllers.Mall.ProductController.UpdateOnlieCategory (API) in 76ms
16:57:18 INFO  - Executed action GD.API.Controllers.Mall.ProductController.UpdateOnlieCategory (API) in 44ms
16:57:21 INFO  - Executed action GD.API.Controllers.Mall.ProductController.UpdateOnlieCategory (API) in 63ms
16:57:22 INFO  - Executed action GD.API.Controllers.Mall.ProductController.UpdateOnlieCategory (API) in 54ms
16:57:24 INFO  - Executed action GD.API.Controllers.Mall.ProductController.UpdateOnlieCategory (API) in 42ms
16:57:25 INFO  - Executed action GD.API.Controllers.Mall.ProductController.UpdateOnlieCategory (API) in 48ms
16:57:25 INFO  - Executed action GD.API.Controllers.Mall.ProductController.UpdateOnlieCategory (API) in 59ms
16:57:26 INFO  - Executed action GD.API.Controllers.Mall.ProductController.UpdateOnlieCategory (API) in 50ms
16:57:28 INFO  - Executed action GD.API.Controllers.Mall.ProductController.ProductCenterAsync (API) in 54ms
16:57:31 INFO  - Executed action GD.API.Controllers.Mall.ProductController.UpdateOnlieCategory (API) in 50ms
16:57:32 INFO  - Executed action GD.API.Controllers.Mall.ProductController.UpdateOnlieCategory (API) in 44ms
16:57:33 INFO  - Executed action GD.API.Controllers.Mall.ProductController.ProductCenterAsync (API) in 56ms
16:57:35 INFO  - Executed action GD.API.Controllers.Mall.ProductController.UpdateOnlieCategory (API) in 44ms
16:57:37 INFO  - Executed action GD.API.Controllers.Mall.ProductController.ProductCenterAsync (API) in 54ms
16:57:38 INFO  - Executed action GD.API.Controllers.Mall.ProductController.UpdateOnlieCategory (API) in 66ms
16:57:40 INFO  - Executed action GD.API.Controllers.Mall.ProductController.UpdateOnlieCategory (API) in 66ms
16:57:41 INFO  - Executed action GD.API.Controllers.Mall.ProductController.UpdateOnlieCategory (API) in 44ms
16:59:55 INFO  - Executed action GD.API.Controllers.Mall.ProductController.ProductCenterAsync (API) in 70ms
16:59:55 INFO  - Executed action GD.API.Controllers.Merchant.MerchantController.GetMerchantSelectAsync (API) in 104ms
16:59:56 INFO  - Executed action GD.API.Controllers.Mall.ProductController.ProductCenterAsync (API) in 48ms
16:59:59 INFO  - Executed action GD.API.Controllers.System.UserController.GetLoginUserInfoAsync (API) in 464ms
16:59:59 INFO  - Executed action GD.API.Controllers.Mall.ProductController.ProductCenterAsync (API) in 65ms
16:59:59 INFO  - Executed action GD.API.Controllers.Merchant.MerchantController.GetMerchantSelectAsync (API) in 87ms
17:00:34 INFO  - Executed action GD.API.Controllers.Merchant.MerchantController.GetMerchantSelectAsync (API) in 37ms
17:00:34 INFO  - Executed action GD.API.Controllers.Mall.ProductController.ProductCenterAsync (API) in 136ms
17:00:48 INFO  - Executed action GD.API.Controllers.Merchant.MerchantController.GetMerchantSelectAsync (API) in 15ms
17:00:48 INFO  - Executed action GD.API.Controllers.Mall.ProductController.ProductCenterAsync (API) in 75ms
17:01:25 INFO  - Executed action GD.API.Controllers.Mall.ProductController.ProductCenterAsync (API) in 48ms
17:01:32 INFO  - Executed action GD.API.Controllers.Mall.ProductController.ProductCenterAsync (API) in 85ms
17:02:39 INFO  - Executed action GD.API.Controllers.Mall.ProductController.ProductCenterAsync (API) in 48ms
17:03:34 INFO  - Executed action GD.API.Controllers.System.UserController.GetLoginUserInfoAsync (API) in 129ms
17:03:35 INFO  - Executed action GD.API.Controllers.Merchant.MerchantController.GetMerchantSelectAsync (API) in 21ms
17:03:35 INFO  - Executed action GD.API.Controllers.Mall.ProductController.ProductCenterAsync (API) in 55ms
17:03:45 INFO  - Executed action GD.API.Controllers.Mall.ProductController.UpdateOnlieCategory (API) in 45ms
17:03:47 INFO  - Executed action GD.API.Controllers.Mall.ProductController.UpdateOnlieCategory (API) in 42ms
17:03:51 INFO  - Executed action GD.API.Controllers.Mall.ProductController.ProductCenterAsync (API) in 53ms
17:07:03 INFO  - Executed action GD.API.Controllers.System.UserController.GetLoginUserInfoAsync (API) in 132ms
17:07:04 INFO  - Executed action GD.API.Controllers.Merchant.MerchantController.GetMerchantSelectAsync (API) in 32ms
17:07:04 INFO  - Executed action GD.API.Controllers.Mall.ProductController.ProductCenterAsync (API) in 69ms
17:07:12 INFO  - Executed action GD.API.Controllers.Doctor.DoctorController.GetDoctorCertificateDetailAsync (API) in 30ms
17:07:12 INFO  - Executed action GD.API.Controllers.Doctor.HospitalController.GetHospitalAllSelectAsync (API) in 63ms
17:07:12 INFO  - Executed action GD.API.Controllers.Doctor.DoctorController.GetDoctorPageAsync (API) in 153ms
17:07:15 INFO  - Executed action GD.API.Controllers.Doctor.DoctorController.DisableEnableDoctorAsync (API) in 54ms
17:07:15 INFO  - Executed action GD.API.Controllers.Doctor.DoctorController.GetDoctorJobTitlesAsync (API) in 3483ms
17:07:19 INFO  - Executed action GD.API.Controllers.Doctor.DoctorController.DisableEnableDoctorAsync (API) in 43ms
17:07:25 INFO  - Executed action GD.API.Controllers.Doctor.DoctorController.DisableEnableDoctorAsync (API) in 38ms
17:07:31 INFO  - Executed action GD.API.Controllers.Doctor.DoctorController.DisableEnableDoctorAsync (API) in 49ms
17:07:32 INFO  - Executed action GD.API.Controllers.Doctor.DoctorController.DisableEnableDoctorAsync (API) in 273ms
17:08:25 INFO  - Executed action GD.API.Controllers.Doctor.DoctorController.GetDoctorPageAsync (API) in 86ms
17:08:27 INFO  - Executed action GD.API.Controllers.Merchant.MerchantController.GetBusinessScopeListAsync (API) in 34ms
17:08:27 INFO  - Executed action GD.API.Controllers.System.DictionaryController.GetMerchantDictionaryAsync (API) in 35ms
17:08:27 INFO  - Executed action GD.API.Controllers.Merchant.MerchantController.GetHospitalSelectAsync (API) in 30ms
17:08:27 INFO  - Executed action GD.API.Controllers.Merchant.MerchantController.GetMerchantPageAsync (API) in 67ms
17:08:29 INFO  - Executed action GD.API.Controllers.Merchant.MerchantController.DisableEnableMerchantAsync (API) in 60ms
17:08:32 INFO  - Executed action GD.API.Controllers.Merchant.MerchantController.DisableEnableMerchantAsync (API) in 41ms
17:08:35 INFO  - Executed action GD.API.Controllers.Merchant.MerchantController.DisableEnableMerchantAsync (API) in 58ms
17:08:36 INFO  - Executed action GD.API.Controllers.Merchant.MerchantController.DisableEnableMerchantAsync (API) in 40ms
17:08:37 INFO  - Executed action GD.API.Controllers.Merchant.MerchantController.DisableEnableMerchantAsync (API) in 40ms
17:08:37 INFO  - Executed action GD.API.Controllers.Merchant.MerchantController.DisableEnableMerchantAsync (API) in 40ms
17:08:38 INFO  - Executed action GD.API.Controllers.Merchant.MerchantController.DisableEnableMerchantAsync (API) in 39ms
17:08:45 INFO  - Executed action GD.API.Controllers.Merchant.MerchantController.DisableEnableMerchantAsync (API) in 52ms
17:08:46 INFO  - Executed action GD.API.Controllers.Merchant.MerchantController.DisableEnableMerchantAsync (API) in 44ms
17:08:47 INFO  - Executed action GD.API.Controllers.Merchant.MerchantController.DisableEnableMerchantAsync (API) in 38ms
17:08:47 INFO  - Executed action GD.API.Controllers.Merchant.MerchantController.DisableEnableMerchantAsync (API) in 43ms
17:08:48 INFO  - Executed action GD.API.Controllers.Merchant.MerchantController.DisableEnableMerchantAsync (API) in 38ms
17:08:49 INFO  - Executed action GD.API.Controllers.Merchant.MerchantController.DisableEnableMerchantAsync (API) in 37ms
17:08:50 INFO  - Executed action GD.API.Controllers.Merchant.MerchantController.DisableEnableMerchantAsync (API) in 45ms
17:08:53 INFO  - Executed action GD.API.Controllers.Doctor.DoctorController.GetReviewDoctorPageAsync (API) in 54ms
17:08:58 INFO  - Executed action GD.API.Controllers.Merchant.MerchantController.GetReviewMerchantPageAsync (API) in 61ms
17:09:03 INFO  - Executed action GD.API.Controllers.Utility.ArticleController.GetArticleTypeAsync (API) in 20ms
17:09:03 INFO  - Executed action GD.API.Controllers.Utility.ArticleController.GetArticleListAsync (API) in 128ms
17:09:05 INFO  - Executed action GD.API.Controllers.Utility.ArticleController.DisableEnableArticleAsync (API) in 51ms
17:09:05 INFO  - Executed action GD.API.Controllers.Utility.ArticleController.GetArticleListAsync (API) in 123ms
17:09:10 INFO  - Executed action GD.API.Controllers.Utility.ArticleController.DisableEnableArticleAsync (API) in 38ms
17:09:10 INFO  - Executed action GD.API.Controllers.Utility.ArticleController.GetArticleListAsync (API) in 112ms
17:09:12 INFO  - Executed action GD.API.Controllers.Utility.ArticleController.DisableEnableArticleAsync (API) in 39ms
17:09:12 INFO  - Executed action GD.API.Controllers.Utility.ArticleController.GetArticleListAsync (API) in 111ms
17:10:09 INFO  - Executed action GD.API.Controllers.Utility.ArticleController.DisableEnableArticleAsync (API) in 44ms
17:10:09 INFO  - Executed action GD.API.Controllers.Utility.ArticleController.GetArticleListAsync (API) in 117ms
17:13:52 INFO  - Executed action GD.API.Controllers.Utility.AccountController.LoginAdmin (API) in 85ms
17:13:53 INFO  - Executed action GD.API.Controllers.System.UserController.GetLoginUserInfoAsync (API) in 128ms
17:13:53 INFO  - Executed action GD.API.Controllers.System.HomeController.GetOrderQtyAsync (API) in 52ms
17:13:53 INFO  - Executed action GD.API.Controllers.System.HomeController.GetUserQtyAsync (API) in 80ms
17:13:53 INFO  - Executed action GD.API.Controllers.System.HomeController.GetDoctorsQtyAsync (API) in 42ms
17:13:53 INFO  - Executed action GD.API.Controllers.System.HomeController.GetMerchantQtyAsync (API) in 39ms
17:13:56 INFO  - Executed action GD.API.Controllers.Doctor.DoctorController.GetDoctorCertificateDetailAsync (API) in 27ms
17:13:56 INFO  - Executed action GD.API.Controllers.Doctor.DoctorController.GetDoctorJobTitlesAsync (API) in 58ms
17:13:56 INFO  - Executed action GD.API.Controllers.Doctor.HospitalController.GetHospitalAllSelectAsync (API) in 39ms
17:13:56 INFO  - Executed action GD.API.Controllers.Doctor.DoctorController.GetDoctorPageAsync (API) in 132ms
17:14:03 INFO  - Executed action GD.API.Controllers.Doctor.DoctorController.DisableEnableDoctorAsync (API) in 40ms
17:14:04 INFO  - Executed action GD.API.Controllers.Doctor.DoctorController.DisableEnableDoctorAsync (API) in 54ms
17:14:17 INFO  - Executed action GD.API.Controllers.Doctor.DoctorController.GetDoctorPageAsync (API) in 89ms
17:17:02 INFO  - Executed action GD.API.Controllers.Doctor.DoctorController.DisableEnableDoctorAsync (API) in 50ms
17:17:40 INFO  - Executed action GD.API.Controllers.Doctor.DoctorController.DisableEnableDoctorAsync (API) in 50ms
17:17:41 INFO  - Executed action GD.API.Controllers.Doctor.DoctorController.DisableEnableDoctorAsync (API) in 53ms
17:18:36 INFO  - Executed action GD.API.Controllers.Doctor.DoctorController.DisableEnableDoctorAsync (API) in 54ms
17:18:37 INFO  - Executed action GD.API.Controllers.Doctor.DoctorController.DisableEnableDoctorAsync (API) in 56ms
17:18:38 INFO  - Executed action GD.API.Controllers.Doctor.DoctorController.DisableEnableDoctorAsync (API) in 38ms
17:18:41 INFO  - Executed action GD.API.Controllers.Doctor.DoctorController.DisableEnableDoctorAsync (API) in 66ms
17:18:43 INFO  - Executed action GD.API.Controllers.Doctor.DoctorController.DisableEnableDoctorAsync (API) in 39ms
17:18:44 INFO  - Executed action GD.API.Controllers.Doctor.DoctorController.DisableEnableDoctorAsync (API) in 131ms
17:18:58 INFO  - Executed action GD.API.Controllers.System.UserController.GetLoginUserInfoAsync (API) in 121ms
17:18:58 INFO  - Executed action GD.API.Controllers.Doctor.DoctorController.GetDoctorCertificateDetailAsync (API) in 24ms
17:18:58 INFO  - Executed action GD.API.Controllers.Doctor.DoctorController.GetDoctorJobTitlesAsync (API) in 39ms
17:18:58 INFO  - Executed action GD.API.Controllers.Doctor.DoctorController.GetDoctorPageAsync (API) in 163ms
17:18:58 INFO  - Executed action GD.API.Controllers.Doctor.HospitalController.GetHospitalAllSelectAsync (API) in 106ms
17:19:02 INFO  - Executed action GD.API.Controllers.Doctor.DoctorController.DisableEnableDoctorAsync (API) in 43ms
17:19:03 INFO  - Executed action GD.API.Controllers.Doctor.DoctorController.DisableEnableDoctorAsync (API) in 36ms
17:19:13 INFO  - Executed action GD.API.Controllers.Doctor.DoctorController.GetDoctorPageAsync (API) in 137ms
17:19:15 INFO  - Executed action GD.API.Controllers.System.UserController.GetLoginUserInfoAsync (API) in 121ms
17:19:16 INFO  - Executed action GD.API.Controllers.Doctor.DoctorController.GetDoctorCertificateDetailAsync (API) in 39ms
17:19:16 INFO  - Executed action GD.API.Controllers.Doctor.DoctorController.GetDoctorPageAsync (API) in 147ms
17:19:16 INFO  - Executed action GD.API.Controllers.Doctor.DoctorController.GetDoctorJobTitlesAsync (API) in 74ms
17:19:16 INFO  - Executed action GD.API.Controllers.Doctor.HospitalController.GetHospitalAllSelectAsync (API) in 27ms
17:19:38 INFO  - Executed action GD.API.Controllers.System.UserController.GetLoginUserInfoAsync (API) in 124ms
17:19:38 INFO  - Executed action GD.API.Controllers.Doctor.DoctorController.GetDoctorCertificateDetailAsync (API) in 34ms
17:19:38 INFO  - Executed action GD.API.Controllers.Doctor.DoctorController.GetDoctorPageAsync (API) in 125ms
17:19:38 INFO  - Executed action GD.API.Controllers.Doctor.DoctorController.GetDoctorJobTitlesAsync (API) in 70ms
17:19:38 INFO  - Executed action GD.API.Controllers.Doctor.HospitalController.GetHospitalAllSelectAsync (API) in 85ms
17:19:42 INFO  - Executed action GD.API.Controllers.Doctor.DoctorController.DisableEnableDoctorAsync (API) in 64ms
17:19:43 INFO  - Executed action GD.API.Controllers.Doctor.DoctorController.DisableEnableDoctorAsync (API) in 37ms
17:20:56 INFO  - Executed action GD.API.Controllers.Doctor.DoctorController.DisableEnableDoctorAsync (API) in 48ms
17:21:03 INFO  - Executed action GD.API.Controllers.Doctor.DoctorController.DisableEnableDoctorAsync (API) in 43ms
17:21:09 INFO  - Executed action GD.API.Controllers.Doctor.DoctorController.DisableEnableDoctorAsync (API) in 51ms
17:21:12 INFO  - Executed action GD.API.Controllers.Doctor.DoctorController.DisableEnableDoctorAsync (API) in 40ms
17:21:15 INFO  - Executed action GD.API.Controllers.Doctor.DoctorController.DisableEnableDoctorAsync (API) in 50ms
17:21:18 INFO  - Executed action GD.API.Controllers.Doctor.DoctorController.DisableEnableDoctorAsync (API) in 49ms
17:21:19 INFO  - Executed action GD.API.Controllers.Doctor.DoctorController.DisableEnableDoctorAsync (API) in 67ms
17:21:20 INFO  - Executed action GD.API.Controllers.Doctor.DoctorController.DisableEnableDoctorAsync (API) in 62ms
17:21:21 INFO  - Executed action GD.API.Controllers.Doctor.DoctorController.DisableEnableDoctorAsync (API) in 58ms
17:21:22 INFO  - Executed action GD.API.Controllers.Doctor.DoctorController.DisableEnableDoctorAsync (API) in 45ms
17:21:22 INFO  - Executed action GD.API.Controllers.Doctor.DoctorController.DisableEnableDoctorAsync (API) in 291ms
17:21:23 INFO  - Executed action GD.API.Controllers.Doctor.DoctorController.DisableEnableDoctorAsync (API) in 52ms
17:22:45 INFO  - Executed action GD.API.Controllers.Doctor.DoctorController.DisableEnableDoctorAsync (API) in 70ms
17:22:46 INFO  - Executed action GD.API.Controllers.Doctor.DoctorController.DisableEnableDoctorAsync (API) in 66ms
17:22:47 INFO  - Executed action GD.API.Controllers.Doctor.DoctorController.DisableEnableDoctorAsync (API) in 38ms
17:22:54 INFO  - Executed action GD.API.Controllers.Merchant.MerchantController.GetMerchantSelectAsync (API) in 36ms
17:22:54 INFO  - Executed action GD.API.Controllers.Mall.ProductController.ProductCenterAsync (API) in 84ms
17:23:17 INFO  - Executed action GD.API.Controllers.Mall.ProductController.UpdateOnlieCategory (API) in 41ms
17:23:20 INFO  - Executed action GD.API.Controllers.Mall.ProductController.UpdateOnlieCategory (API) in 47ms
17:23:21 INFO  - Executed action GD.API.Controllers.Mall.ProductController.UpdateOnlieCategory (API) in 45ms
17:23:22 INFO  - Executed action GD.API.Controllers.Mall.ProductController.UpdateOnlieCategory (API) in 49ms
17:23:22 INFO  - Executed action GD.API.Controllers.Mall.ProductController.UpdateOnlieCategory (API) in 81ms
17:23:24 INFO  - Executed action GD.API.Controllers.Mall.ProductController.UpdateOnlieCategory (API) in 51ms
17:32:14 INFO  - Executed action GD.API.Controllers.System.UserController.GetLoginUserInfoAsync (API) in 225ms
17:32:14 INFO  - Executed action GD.API.Controllers.Mall.ProductController.ProductCenterAsync (API) in 72ms
17:32:14 INFO  - Executed action GD.API.Controllers.Merchant.MerchantController.GetMerchantSelectAsync (API) in 108ms
17:32:23 INFO  - Executed action GD.API.Controllers.Mall.ProductController.UpdateOnlieCategory (API) in 55ms
17:32:26 INFO  - Executed action GD.API.Controllers.Mall.ProductController.UpdateOnlieCategory (API) in 44ms
17:32:39 INFO  - Executed action GD.API.Controllers.Mall.ProductController.ProductCenterAsync (API) in 64ms
17:32:41 INFO  - Executed action GD.API.Controllers.Mall.ProductController.ProductCenterAsync (API) in 53ms
17:32:42 INFO  - Executed action GD.API.Controllers.Mall.ProductController.ProductCenterAsync (API) in 61ms
17:32:44 INFO  - Executed action GD.API.Controllers.Mall.ProductController.ProductCenterAsync (API) in 58ms
17:32:45 INFO  - Executed action GD.API.Controllers.Mall.ProductController.ProductCenterAsync (API) in 57ms
17:32:46 INFO  - Executed action GD.API.Controllers.Mall.ProductController.ProductCenterAsync (API) in 52ms
17:32:47 INFO  - Executed action GD.API.Controllers.Mall.ProductController.ProductCenterAsync (API) in 59ms
17:32:48 INFO  - Executed action GD.API.Controllers.Mall.ProductController.ProductCenterAsync (API) in 52ms
17:32:51 INFO  - Executed action GD.API.Controllers.Mall.ProductController.ProductCenterAsync (API) in 55ms
17:32:55 INFO  - Executed action GD.API.Controllers.Mall.ProductController.ProductCenterAsync (API) in 59ms
17:45:55 INFO  - Executed action GD.API.Controllers.Mall.ProductController.UpdateOnlieCategory (API) in 173ms
17:45:58 INFO  - Executed action GD.API.Controllers.Mall.ProductController.UpdateOnlieCategory (API) in 66ms
17:48:05 INFO  - Executed action GD.API.Controllers.Mall.ProductController.UpdateOnlieCategory (API) in 63ms
