09:22:21 INFO  - Executed action GD.API.Controllers.Utility.AccountController.LoginAdmin (API) in 138ms
09:22:27 INFO  - Executed action GD.API.Controllers.Utility.AccountController.LoginAdmin (API) in 43ms
09:22:27 INFO  - Executed action GD.API.Controllers.System.UserController.GetLoginUserInfoAsync (API) in 214ms
09:22:28 INFO  - Executed action GD.API.Controllers.System.HomeController.GetOrderQtyAsync (API) in 60ms
09:22:28 INFO  - Executed action GD.API.Controllers.System.HomeController.GetMerchantQtyAsync (API) in 135ms
09:22:28 INFO  - Executed action GD.API.Controllers.System.HomeController.GetDoctorsQtyAsync (API) in 124ms
09:22:28 INFO  - Executed action GD.API.Controllers.System.HomeController.GetUserQtyAsync (API) in 112ms
09:22:39 INFO  - Executed action GD.API.Controllers.Utility.ArticleController.GetArticleTypeAsync (API) in 4710ms
09:22:39 INFO  - Executed action GD.API.Controllers.Utility.ArticleController.GetArticleListAsync (API) in 187ms
09:22:48 INFO  - Executed action GD.API.Controllers.Utility.ArticleController.GetArticleListAsync (API) in 176ms
09:23:17 INFO  - Executed action GD.API.Controllers.Health.HealthInformationController.GetHealthInfoBasicDataAsync (API) in 68ms
09:23:17 INFO  - Executed action GD.API.Controllers.Health.HealthManagerController.GetHealthManagers (API) in 80ms
09:23:17 INFO  - Executed action GD.API.Controllers.Health.HealthController.GetConsumersPageList (API) in 86ms
09:23:17 INFO  - Executed action GD.API.Controllers.Health.HealthController.GetConsumersPageList (API) in 83ms
09:23:18 INFO  - Executed action GD.API.Controllers.Health.HealthController.GetConsumersPageList (API) in 86ms
09:23:24 INFO  - Executed action GD.API.Controllers.Health.HealthManagerController.GetChangeHealthManagers (API) in 76ms
09:23:28 INFO  - Executed action GD.API.Controllers.Health.HealthManagerController.GetChangeHealthManagers (API) in 60ms
09:23:29 INFO  - Executed action GD.API.Controllers.Health.HealthManagerController.GetChangeHealthManagers (API) in 58ms
09:23:29 INFO  - Executed action GD.API.Controllers.Health.HealthManagerController.GetChangeHealthManagers (API) in 58ms
09:27:21 INFO  - Executed action GD.API.Controllers.Health.HealthManagerController.GetChangeHealthManagers (API) in 64ms
09:27:23 INFO  - Executed action GD.API.Controllers.Health.HealthManagerController.GetChangeHealthManagers (API) in 68ms
09:28:32 INFO  - Executed action GD.API.Controllers.Health.HealthManagerController.GetChangeHealthManagers (API) in 65ms
09:29:33 INFO  - Executed action GD.API.Controllers.Health.HealthManagerController.GetChangeHealthManagers (API) in 66ms
09:29:46 INFO  - Executed action GD.API.Controllers.Health.HealthManagerController.GetChangeHealthManagers (API) in 64ms
09:29:49 INFO  - Executed action GD.API.Controllers.Health.HealthManagerController.GetChangeHealthManagers (API) in 60ms
09:31:41 INFO  - Executed action GD.API.Controllers.Health.HealthController.GetConsumersPageList (API) in 106ms
09:31:44 INFO  - Executed action GD.API.Controllers.Health.HealthManagerController.GetHealthManagerConsumers (API) in 88ms
09:31:48 INFO  - Executed action GD.API.Controllers.Health.HealthManagerController.GetHealthManagerConsumers (API) in 83ms
09:31:50 INFO  - Executed action GD.API.Controllers.Health.HealthManagerController.GetHealthManagerConsumers (API) in 82ms
09:31:52 INFO  - Executed action GD.API.Controllers.Health.HealthManagerController.GetHealthManagerConsumers (API) in 77ms
09:31:54 INFO  - Executed action GD.API.Controllers.Health.HealthManagerController.GetHealthManagerConsumers (API) in 89ms
09:31:57 INFO  - Executed action GD.API.Controllers.Health.HealthManagerController.GetHealthManagerConsumers (API) in 78ms
09:32:00 INFO  - Executed action GD.API.Controllers.Health.HealthManagerController.BatchBindHealthManager (API) in 105ms
09:34:49 INFO  - Executed action GD.API.Controllers.Health.HealthController.GetConsumersPageList (API) in 84ms
09:37:16 INFO  - Executed action GD.API.Controllers.Health.HealthController.GetConsumersPageList (API) in 86ms
09:37:23 INFO  - Executed action GD.API.Controllers.Health.HealthManagerController.GetHealthManagerConsumers (API) in 81ms
09:37:31 INFO  - Executed action GD.API.Controllers.Health.HealthManagerController.BatchBindHealthManager (API) in 253ms
09:40:49 INFO  - Executed action GD.API.Controllers.Health.HealthManagerController.GetChangeHealthManagers (API) in 565ms
09:42:08 INFO  - Executed action GD.API.Controllers.System.UserController.GetLoginUserInfoAsync (API) in 766ms
09:42:09 INFO  - Executed action GD.API.Controllers.Health.HealthInformationController.GetHealthInfoBasicDataAsync (API) in 82ms
09:42:09 INFO  - Executed action GD.API.Controllers.Health.HealthController.GetConsumersPageList (API) in 199ms
09:42:09 INFO  - Executed action GD.API.Controllers.Health.HealthManagerController.GetHealthManagers (API) in 168ms
09:42:09 INFO  - Executed action GD.API.Controllers.Health.HealthController.GetConsumersPageList (API) in 86ms
09:42:12 INFO  - Executed action GD.API.Controllers.Health.HealthManagerController.GetChangeHealthManagers (API) in 62ms
09:43:58 INFO  - Executed action GD.API.Controllers.Health.HealthController.GetConsumersPageList (API) in 87ms
09:44:12 INFO  - Executed action GD.API.Controllers.Health.HealthController.GetConsumersPageList (API) in 89ms
09:44:17 INFO  - Executed action GD.API.Controllers.Health.HealthController.GetConsumersPageList (API) in 78ms
09:44:26 INFO  - Executed action GD.API.Controllers.Health.HealthController.GetConsumersPageList (API) in 84ms
09:44:28 INFO  - Executed action GD.API.Controllers.Health.HealthController.GetConsumersPageList (API) in 84ms
09:47:04 INFO  - Executed action GD.API.Controllers.Health.HealthController.GetConsumersPageList (API) in 86ms
09:47:27 INFO  - Executed action GD.API.Controllers.Health.HealthController.GetConsumersPageList (API) in 92ms
09:47:49 INFO  - Executed action GD.API.Controllers.Health.HealthManagerController.GetChangeHealthManagers (API) in 60ms
09:48:06 INFO  - Executed action GD.API.Controllers.Health.HealthManagerController.GetChangeHealthManagers (API) in 58ms
09:50:50 INFO  - Executed action GD.API.Controllers.System.UserController.GetLoginUserInfoAsync (API) in 225ms
09:50:50 INFO  - Executed action GD.API.Controllers.Health.HealthInformationController.GetHealthInfoBasicDataAsync (API) in 65ms
09:50:50 INFO  - Executed action GD.API.Controllers.Health.HealthManagerController.GetHealthManagers (API) in 92ms
09:50:51 INFO  - Executed action GD.API.Controllers.Health.HealthController.GetConsumersPageList (API) in 94ms
09:50:51 INFO  - Executed action GD.API.Controllers.Health.HealthController.GetConsumersPageList (API) in 79ms
09:50:53 INFO  - Executed action GD.API.Controllers.Health.HealthManagerController.GetChangeHealthManagers (API) in 64ms
09:51:17 INFO  - Executed action GD.API.Controllers.System.UserController.GetLoginUserInfoAsync (API) in 218ms
09:51:18 INFO  - Executed action GD.API.Controllers.Health.HealthInformationController.GetHealthInfoBasicDataAsync (API) in 65ms
09:51:18 INFO  - Executed action GD.API.Controllers.Health.HealthController.GetConsumersPageList (API) in 108ms
09:51:18 INFO  - Executed action GD.API.Controllers.Health.HealthManagerController.GetHealthManagers (API) in 108ms
09:51:18 INFO  - Executed action GD.API.Controllers.Health.HealthController.GetConsumersPageList (API) in 92ms
09:51:23 INFO  - Executed action GD.API.Controllers.Health.HealthManagerController.GetChangeHealthManagers (API) in 61ms
09:54:07 INFO  - Executed action GD.API.Controllers.Health.HealthManagerController.GetChangeHealthManagers (API) in 58ms
09:57:34 INFO  - Executed action GD.API.Controllers.Health.HealthManagerController.GetChangeHealthManagers (API) in 63ms
10:04:37 INFO  - Executed action GD.API.Controllers.Health.HealthManagerController.GetHealthManagers (API) in 572ms
10:17:57 INFO  - Executed action GD.API.Controllers.Utility.ArticleController.GetArticleTypeAsync (API) in 5256ms
11:28:43 INFO  - Executed action GD.API.Controllers.Health.HealthManagerController.GetHealthManagers (API) in 166ms
11:28:43 INFO  - Executed action GD.API.Controllers.Health.HealthController.GetConsumersPageList (API) in 177ms
11:28:43 INFO  - Executed action GD.API.Controllers.Health.HealthInformationController.GetHealthInfoBasicDataAsync (API) in 233ms
11:28:43 INFO  - Executed action GD.API.Controllers.Health.HealthController.GetConsumersPageList (API) in 80ms
11:28:54 INFO  - Executed action GD.API.Controllers.Health.HealthManagerController.GetChangeHealthManagers (API) in 82ms
11:29:02 INFO  - Executed action GD.API.Controllers.Health.HealthManagerController.GetChangeHealthManagers (API) in 61ms
11:31:18 INFO  - Executed action GD.API.Controllers.System.UserController.GetLoginUserInfoAsync (API) in 601ms
11:31:19 INFO  - Executed action GD.API.Controllers.Health.HealthInformationController.GetHealthInfoBasicDataAsync (API) in 60ms
11:31:19 INFO  - Executed action GD.API.Controllers.Health.HealthController.GetConsumersPageList (API) in 85ms
11:31:19 INFO  - Executed action GD.API.Controllers.Health.HealthManagerController.GetHealthManagers (API) in 93ms
11:31:19 INFO  - Executed action GD.API.Controllers.Health.HealthController.GetConsumersPageList (API) in 88ms
11:31:21 INFO  - Executed action GD.API.Controllers.Health.HealthManagerController.GetChangeHealthManagers (API) in 69ms
11:31:24 INFO  - Executed action GD.API.Controllers.Health.HealthManagerController.BindHealthManager (API) in 50ms
11:31:35 INFO  - Executed action GD.API.Controllers.Health.HealthManagerController.GetChangeHealthManagers (API) in 61ms
11:32:00 INFO  - Executed action GD.API.Controllers.System.UserController.GetLoginUserInfoAsync (API) in 235ms
11:32:00 INFO  - Executed action GD.API.Controllers.Health.HealthInformationController.GetHealthInfoBasicDataAsync (API) in 73ms
11:32:00 INFO  - Executed action GD.API.Controllers.Health.HealthController.GetConsumersPageList (API) in 102ms
11:32:00 INFO  - Executed action GD.API.Controllers.Health.HealthManagerController.GetHealthManagers (API) in 89ms
11:32:00 INFO  - Executed action GD.API.Controllers.Health.HealthController.GetConsumersPageList (API) in 86ms
11:32:14 INFO  - Executed action GD.API.Controllers.Health.HealthManagerController.GetChangeHealthManagers (API) in 68ms
11:32:17 INFO  - Executed action GD.API.Controllers.Health.HealthManagerController.BindHealthManager (API) in 34ms
11:32:34 INFO  - Executed action GD.API.Controllers.System.UserController.GetLoginUserInfoAsync (API) in 231ms
11:32:34 INFO  - Executed action GD.API.Controllers.Health.HealthInformationController.GetHealthInfoBasicDataAsync (API) in 70ms
11:32:34 INFO  - Executed action GD.API.Controllers.Health.HealthManagerController.GetHealthManagers (API) in 87ms
11:32:34 INFO  - Executed action GD.API.Controllers.Health.HealthController.GetConsumersPageList (API) in 84ms
11:32:34 INFO  - Executed action GD.API.Controllers.Health.HealthController.GetConsumersPageList (API) in 84ms
11:32:37 INFO  - Executed action GD.API.Controllers.Health.HealthManagerController.GetChangeHealthManagers (API) in 64ms
11:32:41 INFO  - Executed action GD.API.Controllers.Health.HealthManagerController.BindHealthManager (API) in 33ms
11:34:57 INFO  - Executed action GD.API.Controllers.System.UserController.GetLoginUserInfoAsync (API) in 231ms
11:34:57 INFO  - Executed action GD.API.Controllers.Health.HealthInformationController.GetHealthInfoBasicDataAsync (API) in 64ms
11:34:57 INFO  - Executed action GD.API.Controllers.Health.HealthController.GetConsumersPageList (API) in 85ms
11:34:57 INFO  - Executed action GD.API.Controllers.Health.HealthManagerController.GetHealthManagers (API) in 88ms
11:34:58 INFO  - Executed action GD.API.Controllers.Health.HealthController.GetConsumersPageList (API) in 84ms
11:35:42 INFO  - Executed action GD.API.Controllers.Health.HealthManagerController.GetChangeHealthManagers (API) in 61ms
11:35:45 INFO  - Executed action GD.API.Controllers.Health.HealthManagerController.BindHealthManager (API) in 34ms
11:35:48 INFO  - Executed action GD.API.Controllers.Health.HealthController.GetConsumersPageList (API) in 80ms
11:35:50 INFO  - Executed action GD.API.Controllers.Health.HealthManagerController.GetChangeHealthManagers (API) in 58ms
11:35:55 INFO  - Executed action GD.API.Controllers.Health.HealthManagerController.BindHealthManager (API) in 34ms
11:35:57 INFO  - Executed action GD.API.Controllers.Health.HealthController.GetConsumersPageList (API) in 86ms
11:37:53 INFO  - Executed action GD.API.Controllers.Health.HealthController.GetConsumersPageList (API) in 88ms
11:37:55 INFO  - Executed action GD.API.Controllers.Health.HealthManagerController.GetChangeHealthManagers (API) in 62ms
11:38:11 INFO  - Executed action GD.API.Controllers.Health.HealthManagerController.BindHealthManager (API) in 52ms
11:38:13 INFO  - Executed action GD.API.Controllers.Health.HealthManagerController.GetChangeHealthManagers (API) in 66ms
11:38:15 INFO  - Executed action GD.API.Controllers.Health.HealthManagerController.BindHealthManager (API) in 40ms
11:38:21 INFO  - Executed action GD.API.Controllers.Health.HealthManagerController.GetChangeHealthManagers (API) in 65ms
11:38:23 INFO  - Executed action GD.API.Controllers.Health.HealthManagerController.BindHealthManager (API) in 32ms
11:38:43 INFO  - Executed action GD.API.Controllers.System.UserController.GetLoginUserInfoAsync (API) in 252ms
11:38:43 INFO  - Executed action GD.API.Controllers.Health.HealthManagerController.GetHealthManagers (API) in 86ms
11:38:43 INFO  - Executed action GD.API.Controllers.Health.HealthController.GetConsumersPageList (API) in 88ms
11:38:43 INFO  - Executed action GD.API.Controllers.Health.HealthInformationController.GetHealthInfoBasicDataAsync (API) in 64ms
11:38:44 INFO  - Executed action GD.API.Controllers.Health.HealthController.GetConsumersPageList (API) in 82ms
11:38:47 INFO  - Executed action GD.API.Controllers.Health.HealthManagerController.GetChangeHealthManagers (API) in 61ms
11:38:48 INFO  - Executed action GD.API.Controllers.Health.HealthManagerController.GetChangeHealthManagers (API) in 81ms
11:38:50 INFO  - Executed action GD.API.Controllers.Health.HealthManagerController.BindHealthManager (API) in 35ms
11:39:06 INFO  - Executed action GD.API.Controllers.Health.HealthController.GetConsumersPageList (API) in 82ms
11:39:11 INFO  - Executed action GD.API.Controllers.System.UserController.GetLoginUserInfoAsync (API) in 440ms
11:39:12 INFO  - Executed action GD.API.Controllers.Health.HealthInformationController.GetHealthInfoBasicDataAsync (API) in 68ms
11:39:12 INFO  - Executed action GD.API.Controllers.Health.HealthController.GetConsumersPageList (API) in 84ms
11:39:12 INFO  - Executed action GD.API.Controllers.Health.HealthManagerController.GetHealthManagers (API) in 91ms
11:39:12 INFO  - Executed action GD.API.Controllers.Health.HealthController.GetConsumersPageList (API) in 86ms
11:39:14 INFO  - Executed action GD.API.Controllers.Health.HealthManagerController.GetChangeHealthManagers (API) in 62ms
11:39:15 INFO  - Executed action GD.API.Controllers.Health.HealthManagerController.BindHealthManager (API) in 34ms
11:39:15 INFO  - Executed action GD.API.Controllers.Health.HealthController.GetConsumersPageList (API) in 81ms
11:40:14 INFO  - Executed action GD.API.Controllers.Health.HealthManagerController.GetChangeHealthManagers (API) in 59ms
11:40:17 INFO  - Executed action GD.API.Controllers.Health.HealthManagerController.GetChangeHealthManagers (API) in 65ms
11:40:20 INFO  - Executed action GD.API.Controllers.Health.HealthManagerController.BindHealthManager (API) in 36ms
11:40:28 INFO  - Executed action GD.API.Controllers.Health.HealthController.GetConsumersPageList (API) in 79ms
11:40:39 INFO  - Executed action GD.API.Controllers.Health.HealthManagerController.GetChangeHealthManagers (API) in 62ms
11:40:42 INFO  - Executed action GD.API.Controllers.Health.HealthManagerController.BindHealthManager (API) in 34ms
11:40:42 INFO  - Executed action GD.API.Controllers.Health.HealthController.GetConsumersPageList (API) in 86ms
11:40:54 INFO  - Executed action GD.API.Controllers.Health.HealthManagerController.GetChangeHealthManagers (API) in 56ms
11:40:56 INFO  - Executed action GD.API.Controllers.Health.HealthManagerController.BindHealthManager (API) in 45ms
11:40:56 INFO  - Executed action GD.API.Controllers.Health.HealthController.GetConsumersPageList (API) in 79ms
11:40:58 INFO  - Executed action GD.API.Controllers.Health.HealthManagerController.GetChangeHealthManagers (API) in 68ms
11:41:00 INFO  - Executed action GD.API.Controllers.Health.HealthManagerController.BindHealthManager (API) in 37ms
11:41:00 INFO  - Executed action GD.API.Controllers.Health.HealthController.GetConsumersPageList (API) in 81ms
11:41:02 INFO  - Executed action GD.API.Controllers.Health.HealthManagerController.GetChangeHealthManagers (API) in 62ms
11:41:04 INFO  - Executed action GD.API.Controllers.Health.HealthManagerController.BindHealthManager (API) in 36ms
11:41:04 INFO  - Executed action GD.API.Controllers.Health.HealthController.GetConsumersPageList (API) in 87ms
11:41:16 INFO  - Executed action GD.API.Controllers.Health.HealthManagerController.GetChangeHealthManagers (API) in 66ms
11:41:26 INFO  - Executed action GD.API.Controllers.Health.HealthController.GetConsumersPageList (API) in 81ms
11:41:29 INFO  - Executed action GD.API.Controllers.Health.HealthManagerController.GetHealthManagerConsumers (API) in 85ms
11:41:33 INFO  - Executed action GD.API.Controllers.Health.HealthManagerController.BatchBindHealthManager (API) in 187ms
11:41:41 INFO  - Executed action GD.API.Controllers.Health.HealthManagerController.GetHealthManagerConsumers (API) in 75ms
11:41:42 INFO  - Executed action GD.API.Controllers.Health.HealthManagerController.GetHealthManagerConsumers (API) in 80ms
11:44:15 INFO  - Executed action GD.API.Controllers.Health.HealthController.GetConsumersPageList (API) in 85ms
11:44:18 INFO  - Executed action GD.API.Controllers.Health.HealthManagerController.GetChangeHealthManagers (API) in 79ms
11:46:13 INFO  - Executed action GD.API.Controllers.Health.HealthController.GetConsumersPageList (API) in 85ms
11:46:14 INFO  - Executed action GD.API.Controllers.Health.HealthController.GetConsumersPageList (API) in 86ms
11:46:15 INFO  - Executed action GD.API.Controllers.Health.HealthController.GetConsumersPageList (API) in 90ms
11:46:15 INFO  - Executed action GD.API.Controllers.Health.HealthController.GetConsumersPageList (API) in 128ms
11:46:16 INFO  - Executed action GD.API.Controllers.Health.HealthController.GetConsumersPageList (API) in 139ms
11:46:17 INFO  - Executed action GD.API.Controllers.Health.HealthController.GetConsumersPageList (API) in 146ms
11:56:25 INFO  - Executed action GD.API.Controllers.Health.HealthManagerController.GetHealthManagers (API) in 176ms
13:47:33 INFO  - Executed action GD.API.Controllers.System.UserController.GetLoginUserInfoAsync (API) in 334ms
13:47:34 INFO  - Bad request GD.API.Controllers.Health.HealthManagerController.GetHealthManagerFllowupRecords (API) with 指定会员参数未提供
13:47:34 INFO  - Executed action GD.API.Controllers.Health.HealthController.GetConsumersPageList (API) in 109ms
13:47:34 INFO  - Executed action GD.API.Controllers.Health.HealthInformationController.GetHealthInfoBasicDataAsync (API) in 69ms
13:47:34 INFO  - Executed action GD.API.Controllers.Health.HealthManagerController.GetHealthManagers (API) in 169ms
13:47:40 INFO  - Executed action GD.API.Controllers.System.UserController.GetLoginUserInfoAsync (API) in 221ms
13:47:41 INFO  - Bad request GD.API.Controllers.Health.HealthManagerController.GetHealthManagerFllowupRecords (API) with 指定会员参数未提供
13:47:41 INFO  - Executed action GD.API.Controllers.Health.HealthController.GetConsumersPageList (API) in 106ms
13:47:41 INFO  - Executed action GD.API.Controllers.Health.HealthInformationController.GetHealthInfoBasicDataAsync (API) in 121ms
13:47:41 INFO  - Executed action GD.API.Controllers.Health.HealthManagerController.GetHealthManagers (API) in 163ms
13:47:42 INFO  - Executed action GD.API.Controllers.System.UserController.GetLoginUserInfoAsync (API) in 232ms
13:47:42 INFO  - Bad request GD.API.Controllers.Health.HealthManagerController.GetHealthManagerFllowupRecords (API) with 指定会员参数未提供
13:47:42 INFO  - Executed action GD.API.Controllers.Health.HealthInformationController.GetHealthInfoBasicDataAsync (API) in 88ms
13:47:42 INFO  - Executed action GD.API.Controllers.Health.HealthController.GetConsumersPageList (API) in 118ms
13:47:42 INFO  - Executed action GD.API.Controllers.Health.HealthManagerController.GetHealthManagers (API) in 102ms
13:47:45 INFO  - Executed action GD.API.Controllers.System.UserController.GetLoginUserInfoAsync (API) in 250ms
13:47:45 INFO  - Bad request GD.API.Controllers.Health.HealthManagerController.GetHealthManagerFllowupRecords (API) with 指定会员参数未提供
13:47:45 INFO  - Executed action GD.API.Controllers.Health.HealthInformationController.GetHealthInfoBasicDataAsync (API) in 92ms
13:47:45 INFO  - Executed action GD.API.Controllers.Health.HealthController.GetConsumersPageList (API) in 114ms
13:47:45 INFO  - Executed action GD.API.Controllers.Health.HealthManagerController.GetHealthManagers (API) in 78ms
13:47:47 INFO  - Executed action GD.API.Controllers.Health.HealthManagerController.GetChangeHealthManagers (API) in 64ms
13:48:16 INFO  - Executed action GD.API.Controllers.System.UserController.GetLoginUserInfoAsync (API) in 229ms
13:48:17 INFO  - Executed action GD.API.Controllers.Health.HealthInformationController.GetHealthInfoBasicDataAsync (API) in 86ms
13:48:17 INFO  - Executed action GD.API.Controllers.Health.HealthManagerController.GetHealthManagers (API) in 122ms
13:48:17 INFO  - Executed action GD.API.Controllers.Health.HealthController.GetConsumersPageList (API) in 110ms
13:48:19 INFO  - Bad request GD.API.Controllers.Health.HealthManagerController.GetHealthManagerFllowupRecords (API) with 指定会员参数未提供
13:48:43 INFO  - Executed action GD.API.Controllers.System.UserController.GetLoginUserInfoAsync (API) in 243ms
13:48:43 INFO  - Executed action GD.API.Controllers.Health.HealthInformationController.GetHealthInfoBasicDataAsync (API) in 71ms
13:48:43 INFO  - Executed action GD.API.Controllers.Health.HealthManagerController.GetHealthManagers (API) in 75ms
13:48:43 INFO  - Executed action GD.API.Controllers.Health.HealthController.GetConsumersPageList (API) in 88ms
13:48:46 INFO  - Executed action GD.API.Controllers.Health.HealthManagerController.GetHealthManagerFllowupRecords (API) in 92ms
13:49:15 INFO  - Executed action GD.API.Controllers.Health.HealthManagerController.GetHealthManagerFllowupRecords (API) in 81ms
13:51:07 INFO  - Executed action GD.API.Controllers.System.UserController.GetLoginUserInfoAsync (API) in 240ms
13:51:08 INFO  - Executed action GD.API.Controllers.Health.HealthInformationController.GetHealthInfoBasicDataAsync (API) in 60ms
13:51:08 INFO  - Executed action GD.API.Controllers.Health.HealthManagerController.GetHealthManagers (API) in 92ms
13:51:08 INFO  - Executed action GD.API.Controllers.Health.HealthController.GetConsumersPageList (API) in 96ms
13:51:10 INFO  - Executed action GD.API.Controllers.Health.HealthManagerController.GetHealthManagerFllowupRecords (API) in 83ms
13:51:52 INFO  - Executed action GD.API.Controllers.System.UserController.GetLoginUserInfoAsync (API) in 220ms
13:51:53 INFO  - Executed action GD.API.Controllers.Health.HealthController.GetConsumersPageList (API) in 80ms
13:51:53 INFO  - Executed action GD.API.Controllers.Health.HealthInformationController.GetHealthInfoBasicDataAsync (API) in 69ms
13:51:53 INFO  - Executed action GD.API.Controllers.Health.HealthManagerController.GetHealthManagers (API) in 97ms
13:51:55 INFO  - Executed action GD.API.Controllers.Health.HealthManagerController.GetHealthManagerFllowupRecords (API) in 76ms
13:52:06 INFO  - Executed action GD.API.Controllers.Health.HealthManagerController.GetHealthManagerFllowupRecords (API) in 101ms
13:52:07 INFO  - Executed action GD.API.Controllers.Health.HealthManagerController.GetHealthManagerFllowupRecords (API) in 82ms
13:52:08 INFO  - Executed action GD.API.Controllers.Health.HealthManagerController.GetHealthManagerFllowupRecords (API) in 75ms
13:52:08 INFO  - Executed action GD.API.Controllers.Health.HealthManagerController.GetHealthManagerFllowupRecords (API) in 78ms
13:52:08 INFO  - Executed action GD.API.Controllers.Health.HealthManagerController.GetHealthManagerFllowupRecords (API) in 78ms
13:52:08 INFO  - Executed action GD.API.Controllers.Health.HealthManagerController.GetHealthManagerFllowupRecords (API) in 77ms
13:52:14 INFO  - Executed action GD.API.Controllers.Doctor.DoctorController.GetDoctorCertificateDetailAsync (API) in 62ms
13:52:14 INFO  - Executed action GD.API.Controllers.Doctor.HospitalController.GetHospitalAllSelectAsync (API) in 56ms
13:52:14 INFO  - Executed action GD.API.Controllers.Doctor.DoctorController.GetDoctorJobTitlesAsync (API) in 84ms
13:52:14 INFO  - Executed action GD.API.Controllers.Doctor.DoctorController.GetDoctorPageAsync (API) in 176ms
13:52:18 INFO  - Executed action GD.API.Controllers.Merchant.MerchantController.GetHospitalSelectAsync (API) in 50ms
13:52:18 INFO  - Executed action GD.API.Controllers.Merchant.MerchantController.GetBusinessScopeListAsync (API) in 35ms
13:52:18 INFO  - Executed action GD.API.Controllers.System.DictionaryController.GetMerchantDictionaryAsync (API) in 35ms
13:52:18 INFO  - Executed action GD.API.Controllers.Merchant.MerchantController.GetMerchantPageAsync (API) in 105ms
14:07:38 INFO  - Executed action GD.API.Controllers.Health.HealthInformationController.GetHealthInfoBasicDataAsync (API) in 151ms
14:07:38 INFO  - Executed action GD.API.Controllers.Health.HealthManagerController.GetHealthManagers (API) in 190ms
14:07:38 INFO  - Executed action GD.API.Controllers.Health.HealthController.GetConsumersPageList (API) in 197ms
14:07:41 INFO  - Executed action GD.API.Controllers.Health.HealthManagerController.GetHealthManagerFllowupRecords (API) in 80ms
14:07:56 INFO  - Executed action GD.API.Controllers.Health.HealthManagerController.GetHealthManagerFllowupRecords (API) in 88ms
14:08:01 INFO  - Executed action GD.API.Controllers.Health.HealthManagerController.GetHealthManagerFllowupRecords (API) in 85ms
14:08:02 INFO  - Executed action GD.API.Controllers.Health.HealthManagerController.GetHealthManagerFllowupRecords (API) in 82ms
14:08:15 INFO  - Executed action GD.API.Controllers.Health.HealthManagerController.GetHealthManagerFllowupRecords (API) in 87ms
14:09:22 INFO  - Executed action GD.API.Controllers.Health.HealthController.GetConsumersPageList (API) in 83ms
14:09:28 INFO  - Executed action GD.API.Controllers.Health.HealthIndicatorController.GetHealthIndicatorList (API) in 288ms
14:09:29 INFO  - Executed action GD.API.Controllers.Health.HealthInformationController.GetHealthInformationAsync (API) in 152ms
14:09:34 INFO  - Executed action GD.API.Controllers.Health.HealthIndicatorController.GetHealthIndicatorList (API) in 281ms
14:09:36 INFO  - Executed action GD.API.Controllers.Health.HealthIndicatorController.GetHealthIndicatorDetails (API) in 128ms
14:09:52 INFO  - Executed action GD.API.Controllers.Health.HealthManagerController.GetChangeHealthManagers (API) in 59ms
14:10:01 INFO  - Executed action GD.API.Controllers.Health.HealthController.GetConsumersPageList (API) in 83ms
14:10:04 INFO  - Executed action GD.API.Controllers.Health.HealthManagerController.GetHealthManagerFllowupRecords (API) in 82ms
14:10:06 INFO  - Executed action GD.API.Controllers.Health.HealthManagerController.GetChangeHealthManagers (API) in 68ms
14:11:26 INFO  - Executed action GD.API.Controllers.System.UserController.GetLoginUserInfoAsync (API) in 233ms
14:11:27 INFO  - Executed action GD.API.Controllers.Health.HealthInformationController.GetHealthInfoBasicDataAsync (API) in 69ms
14:11:27 INFO  - Executed action GD.API.Controllers.Health.HealthController.GetConsumersPageList (API) in 84ms
14:11:27 INFO  - Executed action GD.API.Controllers.Health.HealthManagerController.GetHealthManagers (API) in 85ms
14:11:29 INFO  - Executed action GD.API.Controllers.Health.HealthManagerController.GetChangeHealthManagers (API) in 61ms
14:11:33 INFO  - Executed action GD.API.Controllers.Health.HealthManagerController.GetChangeHealthManagers (API) in 70ms
14:19:13 INFO  - Executed action GD.API.Controllers.Health.HealthManagerController.GetHealthManagerFllowupRecords (API) in 505ms
14:22:37 INFO  - Executed action GD.API.Controllers.Health.HealthManagerController.GetHealthManagerFllowupRecords (API) in 80ms
14:22:43 INFO  - Executed action GD.API.Controllers.Health.HealthIndicatorController.GetHealthIndicatorList (API) in 241ms
14:22:44 INFO  - Executed action GD.API.Controllers.Health.HealthInformationController.GetHealthInformationAsync (API) in 109ms
14:22:49 INFO  - Executed action GD.API.Controllers.Health.HealthIndicatorController.GetHealthIndicatorList (API) in 252ms
14:22:51 INFO  - Executed action GD.API.Controllers.Health.HealthIndicatorController.GetHealthIndicatorDetails (API) in 73ms
14:27:51 INFO  - Executed action GD.API.Controllers.Health.HealthInformationController.GetHealthInformationAsync (API) in 114ms
14:28:06 INFO  - Executed action GD.API.Controllers.Health.HealthIndicatorController.GetHealthIndicatorList (API) in 447ms
14:28:07 INFO  - Executed action GD.API.Controllers.Health.HealthInformationController.GetHealthInformationAsync (API) in 200ms
14:30:17 INFO  - Executed action GD.API.Controllers.Health.HealthIndicatorController.GetHealthIndicatorList (API) in 242ms
14:30:18 INFO  - Executed action GD.API.Controllers.Health.HealthInformationController.GetHealthInformationAsync (API) in 112ms
14:30:27 INFO  - Executed action GD.API.Controllers.Health.HealthIndicatorController.GetHealthIndicatorList (API) in 237ms
15:09:37 INFO  - Executed action GD.API.Controllers.Health.HealthIndicatorController.GetHealthIndicatorList (API) in 370ms
15:14:46 INFO  - Executed action GD.API.Controllers.Health.HealthIndicatorController.GetHealthIndicatorList (API) in 358ms
15:15:05 INFO  - Executed action GD.API.Controllers.Health.HealthIndicatorController.GetHealthIndicatorDetails (API) in 149ms
15:23:16 INFO  - Executed action GD.API.Controllers.Health.HealthIndicatorController.GetHealthIndicatorDetails (API) in 196ms
15:24:18 INFO  - Executed action GD.API.Controllers.Health.HealthIndicatorController.GetHealthIndicatorDetails (API) in 79ms
15:25:37 INFO  - Executed action GD.API.Controllers.Health.HealthIndicatorController.GetHealthIndicatorList (API) in 315ms
15:27:10 INFO  - Executed action GD.API.Controllers.Health.HealthIndicatorController.GetHealthIndicatorList (API) in 578ms
15:29:36 INFO  - Executed action GD.API.Controllers.Health.HealthInformationController.GetHealthInformationAsync (API) in 132ms
15:29:36 INFO  - Executed action GD.API.Controllers.Health.HealthIndicatorController.GetHealthIndicatorList (API) in 276ms
15:42:02 INFO  - Executed action GD.API.Controllers.Health.HealthIndicatorController.GetHealthIndicatorList (API) in 348ms
15:42:39 INFO  - Executed action GD.API.Controllers.Health.HealthIndicatorController.GetHealthIndicatorList (API) in 277ms
15:52:10 INFO  - Executed action GD.API.Controllers.Health.HealthIndicatorController.GetHealthIndicatorList (API) in 343ms
15:53:31 INFO  - Executed action GD.API.Controllers.System.UserController.GetLoginUserInfoAsync (API) in 255ms
15:53:32 INFO  - Executed action GD.API.Controllers.Health.HealthManagerController.GetHealthManagers (API) in 135ms
15:53:32 INFO  - Executed action GD.API.Controllers.Health.HealthController.GetConsumersPageList (API) in 199ms
15:53:32 INFO  - Executed action GD.API.Controllers.Health.HealthInformationController.GetHealthInfoBasicDataAsync (API) in 66ms
15:53:34 INFO  - Executed action GD.API.Controllers.Health.HealthIndicatorController.GetHealthIndicatorList (API) in 271ms
15:54:10 INFO  - Executed action GD.API.Controllers.System.UserController.GetLoginUserInfoAsync (API) in 232ms
15:54:11 INFO  - Executed action GD.API.Controllers.Health.HealthManagerController.GetHealthManagers (API) in 83ms
15:54:11 INFO  - Executed action GD.API.Controllers.Health.HealthController.GetConsumersPageList (API) in 122ms
15:54:11 INFO  - Executed action GD.API.Controllers.Health.HealthInformationController.GetHealthInfoBasicDataAsync (API) in 157ms
15:54:15 INFO  - Executed action GD.API.Controllers.Health.HealthIndicatorController.GetHealthIndicatorList (API) in 315ms
15:54:17 INFO  - Executed action GD.API.Controllers.Health.HealthIndicatorController.GetHealthIndicatorOptions (API) in 96ms
15:55:26 INFO  - Executed action GD.API.Controllers.System.UserController.GetLoginUserInfoAsync (API) in 233ms
15:55:27 INFO  - Executed action GD.API.Controllers.Health.HealthManagerController.GetHealthManagers (API) in 86ms
15:55:27 INFO  - Executed action GD.API.Controllers.Health.HealthController.GetConsumersPageList (API) in 95ms
15:55:27 INFO  - Executed action GD.API.Controllers.Health.HealthInformationController.GetHealthInfoBasicDataAsync (API) in 88ms
15:55:38 INFO  - Executed action GD.API.Controllers.Health.HealthManagerController.GetHealthManagerFllowupRecords (API) in 150ms
15:55:40 INFO  - Executed action GD.API.Controllers.Health.HealthIndicatorController.GetHealthIndicatorList (API) in 275ms
15:55:42 INFO  - Executed action GD.API.Controllers.Health.HealthIndicatorController.GetHealthIndicatorOptions (API) in 85ms
15:55:46 INFO  - Executed action GD.API.Controllers.Health.HealthIndicatorController.GetHealthIndicatorOptions (API) in 81ms
15:55:51 INFO  - Executed action GD.API.Controllers.Health.HealthIndicatorController.GetHealthIndicatorOptions (API) in 77ms
15:55:53 INFO  - Executed action GD.API.Controllers.Health.HealthIndicatorController.GetHealthIndicatorDetails (API) in 153ms
15:55:56 INFO  - Executed action GD.API.Controllers.Health.HealthIndicatorController.GetHealthIndicatorOptions (API) in 79ms
15:56:02 INFO  - Executed action GD.API.Controllers.Health.HealthIndicatorController.GetHealthIndicatorOptions (API) in 84ms
15:56:07 INFO  - Executed action GD.API.Controllers.Health.HealthIndicatorController.GetHealthIndicatorDetails (API) in 85ms
15:56:16 INFO  - Executed action GD.API.Controllers.Health.HealthIndicatorController.GetHealthIndicatorOptions (API) in 95ms
15:56:21 INFO  - Executed action GD.API.Controllers.Health.HealthIndicatorController.GetHealthIndicatorOptions (API) in 93ms
15:56:30 INFO  - Executed action GD.API.Controllers.Health.HealthIndicatorController.GetHealthIndicatorOptions (API) in 90ms
15:56:37 INFO  - Executed action GD.API.Controllers.Health.HealthIndicatorController.GetHealthIndicatorOptions (API) in 80ms
15:58:39 INFO  - Executed action GD.API.Controllers.System.UserController.GetLoginUserInfoAsync (API) in 231ms
15:58:40 INFO  - Executed action GD.API.Controllers.Health.HealthInformationController.GetHealthInfoBasicDataAsync (API) in 67ms
15:58:40 INFO  - Executed action GD.API.Controllers.Health.HealthController.GetConsumersPageList (API) in 85ms
15:58:40 INFO  - Executed action GD.API.Controllers.Health.HealthManagerController.GetHealthManagers (API) in 98ms
15:58:42 INFO  - Executed action GD.API.Controllers.Health.HealthIndicatorController.GetHealthIndicatorList (API) in 284ms
15:58:44 INFO  - Executed action GD.API.Controllers.Health.HealthIndicatorController.GetHealthIndicatorOptions (API) in 83ms
16:00:56 INFO  - Executed action GD.API.Controllers.Health.HealthIndicatorController.GetHealthIndicatorList (API) in 269ms
16:00:59 INFO  - Executed action GD.API.Controllers.Health.HealthIndicatorController.UpdateConsumerHealthIndicatorSuggestion (API) in 86ms
16:01:00 INFO  - Executed action GD.API.Controllers.Health.HealthIndicatorController.GetHealthIndicatorList (API) in 264ms
16:01:00 INFO  - Connected to broker 192.168.5.101, port 5672, vhost /
16:01:04 INFO  - Executed action GD.API.Controllers.Health.HealthIndicatorController.GetHealthIndicatorDetails (API) in 84ms
16:01:07 INFO  - Executed action GD.API.Controllers.Health.HealthIndicatorController.GetHealthIndicatorOptions (API) in 78ms
16:02:49 INFO  - Executed action GD.API.Controllers.Health.HealthIndicatorController.GetHealthIndicatorOptions (API) in 81ms
16:02:57 INFO  - Executed action GD.API.Controllers.Health.HealthIndicatorController.GetHealthIndicatorOptions (API) in 85ms
16:03:00 INFO  - Executed action GD.API.Controllers.Health.HealthIndicatorController.GetHealthIndicatorOptions (API) in 81ms
16:03:02 INFO  - Executed action GD.API.Controllers.Health.HealthIndicatorController.GetHealthIndicatorOptions (API) in 82ms
16:03:05 INFO  - Executed action GD.API.Controllers.Health.HealthIndicatorController.GetHealthIndicatorOptions (API) in 187ms
16:03:19 INFO  - Executed action GD.API.Controllers.Health.HealthIndicatorController.GetHealthIndicatorDetails (API) in 80ms
16:05:45 INFO  - Executed action GD.API.Controllers.Health.HealthIndicatorController.GetHealthIndicatorOptions (API) in 106ms
16:05:48 INFO  - Executed action GD.API.Controllers.Health.HealthIndicatorController.GetHealthIndicatorOptions (API) in 87ms
16:05:57 INFO  - Executed action GD.API.Controllers.Health.HealthIndicatorController.CreateConsumerHealthIndicatorOptions (API) in 189ms
16:05:57 INFO  - Executed action GD.API.Controllers.Health.HealthIndicatorController.GetHealthIndicatorList (API) in 269ms
16:05:59 INFO  - Executed action GD.API.Controllers.Health.HealthIndicatorController.GetHealthIndicatorDetails (API) in 80ms
16:06:13 INFO  - Executed action GD.API.Controllers.Health.HealthIndicatorController.GetHealthIndicatorOptions (API) in 82ms
16:06:18 INFO  - Executed action GD.API.Controllers.Health.HealthIndicatorController.CreateConsumerHealthIndicatorOptions (API) in 155ms
16:06:18 INFO  - Executed action GD.API.Controllers.Health.HealthIndicatorController.GetHealthIndicatorList (API) in 266ms
16:06:18 INFO  - Executed action GD.API.Controllers.Health.HealthIndicatorController.GetHealthIndicatorDetails (API) in 83ms
16:06:20 INFO  - Executed action GD.API.Controllers.Health.HealthIndicatorController.GetHealthIndicatorOptions (API) in 84ms
16:06:26 INFO  - Executed action GD.API.Controllers.Health.HealthIndicatorController.CreateConsumerHealthIndicatorOptions (API) in 156ms
16:06:26 INFO  - Executed action GD.API.Controllers.Health.HealthIndicatorController.GetHealthIndicatorList (API) in 270ms
16:06:26 INFO  - Executed action GD.API.Controllers.Health.HealthIndicatorController.GetHealthIndicatorDetails (API) in 88ms
16:06:28 INFO  - Executed action GD.API.Controllers.Health.HealthIndicatorController.GetHealthIndicatorOptions (API) in 86ms
16:06:31 INFO  - Executed action GD.API.Controllers.Health.HealthIndicatorController.CreateConsumerHealthIndicatorOptions (API) in 159ms
16:06:32 INFO  - Executed action GD.API.Controllers.Health.HealthIndicatorController.GetHealthIndicatorList (API) in 285ms
16:06:32 INFO  - Executed action GD.API.Controllers.Health.HealthIndicatorController.GetHealthIndicatorDetails (API) in 85ms
16:06:38 INFO  - Executed action GD.API.Controllers.Health.HealthIndicatorController.GetHealthIndicatorDetails (API) in 82ms
16:06:41 INFO  - Executed action GD.API.Controllers.Health.HealthIndicatorController.GetHealthIndicatorOptions (API) in 87ms
16:06:44 INFO  - Executed action GD.API.Controllers.Health.HealthIndicatorController.GetHealthIndicatorDetails (API) in 80ms
16:06:47 INFO  - Executed action GD.API.Controllers.Health.HealthIndicatorController.GetHealthIndicatorDetails (API) in 86ms
16:06:53 INFO  - Executed action GD.API.Controllers.Health.HealthIndicatorController.GetHealthIndicatorOptions (API) in 176ms
16:09:28 INFO  - Executed action GD.API.Controllers.Health.HealthIndicatorController.GetHealthIndicatorOptions (API) in 90ms
16:09:33 INFO  - Executed action GD.API.Controllers.Health.HealthIndicatorController.CreateConsumerHealthIndicatorOptions (API) in 161ms
16:09:33 INFO  - Executed action GD.API.Controllers.Health.HealthIndicatorController.GetHealthIndicatorList (API) in 275ms
16:09:33 INFO  - Executed action GD.API.Controllers.Health.HealthIndicatorController.GetHealthIndicatorDetails (API) in 86ms
16:09:34 INFO  - Executed action GD.API.Controllers.Health.HealthIndicatorController.GetHealthIndicatorDetails (API) in 83ms
16:14:26 INFO  - Executed action GD.API.Controllers.Health.HealthInformationController.GetHealthInformationAsync (API) in 194ms
16:14:33 INFO  - Executed action GD.API.Controllers.Health.HealthIndicatorController.GetHealthIndicatorList (API) in 265ms
16:14:35 INFO  - Executed action GD.API.Controllers.Health.HealthInformationController.GetHealthInformationAsync (API) in 118ms
16:14:36 INFO  - Executed action GD.API.Controllers.Health.HealthIndicatorController.GetHealthIndicatorList (API) in 261ms
16:14:38 INFO  - Executed action GD.API.Controllers.Health.HealthInformationController.GetHealthInformationAsync (API) in 119ms
16:15:18 INFO  - Executed action GD.API.Controllers.Health.HealthInformationController.GetHealthInfoBasicDataAsync (API) in 76ms
16:16:00 INFO  - Executed action GD.API.Controllers.Health.HealthInformationController.SaveHealthInformationAsync (API) in 339ms
16:16:00 INFO  - Executed action GD.API.Controllers.Health.HealthInformationController.GetHealthInfoBasicDataAsync (API) in 60ms
16:16:10 INFO  - Executed action GD.API.Controllers.Health.HealthInformationController.GetHealthInfoBasicDataAsync (API) in 64ms
16:16:10 INFO  - Executed action GD.API.Controllers.Health.HealthController.GetConsumersPageList (API) in 158ms
16:16:10 INFO  - Executed action GD.API.Controllers.Health.HealthManagerController.GetHealthManagers (API) in 154ms
16:16:28 INFO  - Executed action GD.API.Controllers.Health.HealthController.GetConsumersPageList (API) in 77ms
16:16:49 INFO  - Executed action GD.API.Controllers.Health.HealthController.GetConsumersPageList (API) in 77ms
16:16:49 INFO  - Executed action GD.API.Controllers.Health.HealthController.CreateConsumerHealthInfo (API) in 141ms
16:16:49 INFO  - Executed action GD.API.Controllers.Health.HealthController.GetConsumersPageList (API) in 90ms
16:16:57 INFO  - Executed action GD.API.Controllers.Health.HealthIndicatorController.GetHealthIndicatorList (API) in 261ms
16:16:59 INFO  - Executed action GD.API.Controllers.Health.HealthInformationController.GetHealthInformationAsync (API) in 118ms
16:17:14 INFO  - Executed action GD.API.Controllers.Health.HealthManagerController.GetChangeHealthManagers (API) in 61ms
16:17:18 INFO  - Executed action GD.API.Controllers.Health.HealthManagerController.BindHealthManager (API) in 35ms
16:17:18 INFO  - Executed action GD.API.Controllers.Health.HealthController.GetConsumersPageList (API) in 79ms
16:17:22 INFO  - Executed action GD.API.Controllers.Health.HealthManagerController.GetChangeHealthManagers (API) in 62ms
16:17:26 INFO  - Executed action GD.API.Controllers.Health.HealthManagerController.BindHealthManager (API) in 36ms
16:17:26 INFO  - Executed action GD.API.Controllers.Health.HealthController.GetConsumersPageList (API) in 82ms
16:17:41 INFO  - Executed action GD.API.Controllers.Health.HealthIndicatorController.GetHealthIndicatorList (API) in 271ms
16:29:44 INFO  - Executed action GD.API.Controllers.System.UserController.GetLoginUserInfoAsync (API) in 297ms
16:33:31 INFO  - Executed action GD.API.Controllers.System.UserController.GetLoginUserInfoAsync (API) in 243ms
16:33:32 INFO  - Executed action GD.API.Controllers.System.HomeController.GetDoctorsQtyAsync (API) in 79ms
16:33:32 INFO  - Executed action GD.API.Controllers.System.HomeController.GetMerchantQtyAsync (API) in 132ms
16:33:32 INFO  - Executed action GD.API.Controllers.System.HomeController.GetOrderQtyAsync (API) in 109ms
16:33:32 INFO  - Executed action GD.API.Controllers.System.HomeController.GetUserQtyAsync (API) in 122ms
16:40:11 INFO  - Executed action GD.API.Controllers.Health.HealthController.GetConsumersPageList (API) in 161ms
16:40:11 INFO  - Executed action GD.API.Controllers.Health.HealthInformationController.GetHealthInfoBasicDataAsync (API) in 139ms
16:40:11 INFO  - Executed action GD.API.Controllers.Health.HealthManagerController.GetHealthManagers (API) in 159ms
16:40:13 INFO  - Executed action GD.API.Controllers.Health.HealthIndicatorController.GetHealthIndicatorList (API) in 260ms
16:40:15 INFO  - Executed action GD.API.Controllers.Health.HealthIndicatorController.GetHealthIndicatorDetails (API) in 36ms
16:40:16 INFO  - Executed action GD.API.Controllers.Health.HealthIndicatorController.GetHealthIndicatorDetails (API) in 33ms
16:40:19 INFO  - Executed action GD.API.Controllers.Health.HealthIndicatorController.GetHealthIndicatorOptions (API) in 76ms
16:40:19 INFO  - Executed action GD.API.Controllers.Health.HealthIndicatorController.GetHealthIndicatorOptions (API) in 85ms
16:40:21 INFO  - Executed action GD.API.Controllers.Health.HealthIndicatorController.CreateConsumerHealthIndicatorOptions (API) in 180ms
16:40:23 INFO  - Executed action GD.API.Controllers.Health.HealthIndicatorController.GetHealthIndicatorDetails (API) in 77ms
16:40:25 INFO  - Executed action GD.API.Controllers.Health.HealthIndicatorController.GetHealthIndicatorOptions (API) in 81ms
16:40:25 INFO  - Executed action GD.API.Controllers.Health.HealthIndicatorController.GetHealthIndicatorOptions (API) in 76ms
16:40:32 INFO  - Executed action GD.API.Controllers.Health.HealthIndicatorController.CreateConsumerHealthIndicatorOptions (API) in 154ms
16:40:35 INFO  - Executed action GD.API.Controllers.Health.HealthIndicatorController.GetHealthIndicatorDetails (API) in 79ms
16:40:38 INFO  - Executed action GD.API.Controllers.Health.HealthIndicatorController.GetHealthIndicatorOptions (API) in 78ms
16:40:38 INFO  - Executed action GD.API.Controllers.Health.HealthIndicatorController.GetHealthIndicatorOptions (API) in 73ms
16:40:45 INFO  - Executed action GD.API.Controllers.Health.HealthIndicatorController.CreateConsumerHealthIndicatorOptions (API) in 158ms
16:41:24 INFO  - Executed action GD.API.Controllers.Health.HealthIndicatorController.GetHealthIndicatorOptions (API) in 76ms
16:41:24 INFO  - Executed action GD.API.Controllers.Health.HealthIndicatorController.GetHealthIndicatorOptions (API) in 78ms
16:41:34 INFO  - Executed action GD.API.Controllers.Health.HealthIndicatorController.CreateConsumerHealthIndicatorOptions (API) in 153ms
16:43:03 INFO  - Executed action GD.API.Controllers.Health.HealthIndicatorController.GetHealthIndicatorDetails (API) in 33ms
16:43:11 INFO  - Executed action GD.API.Controllers.Health.HealthIndicatorController.GetHealthIndicatorOptions (API) in 80ms
16:43:11 INFO  - Executed action GD.API.Controllers.Health.HealthIndicatorController.GetHealthIndicatorOptions (API) in 75ms
16:43:15 INFO  - Executed action GD.API.Controllers.Health.HealthIndicatorController.CreateConsumerHealthIndicatorOptions (API) in 155ms
16:43:18 INFO  - Executed action GD.API.Controllers.Health.HealthInformationController.GetHealthInformationAsync (API) in 116ms
16:43:18 INFO  - Executed action GD.API.Controllers.Health.HealthIndicatorController.GetHealthIndicatorList (API) in 254ms
16:43:19 INFO  - Executed action GD.API.Controllers.Health.HealthIndicatorController.GetHealthIndicatorDetails (API) in 76ms
16:44:03 INFO  - Executed action GD.API.Controllers.Health.HealthIndicatorController.GetHealthIndicatorList (API) in 420ms
16:44:17 INFO  - Executed action GD.API.Controllers.Health.HealthIndicatorController.GetHealthIndicatorList (API) in 462ms
16:45:44 INFO  - Executed action GD.API.Controllers.Health.HealthInformationController.GetHealthInformationAsync (API) in 118ms
16:45:45 INFO  - Executed action GD.API.Controllers.Health.HealthIndicatorController.GetHealthIndicatorList (API) in 266ms
16:45:48 INFO  - Executed action GD.API.Controllers.Health.HealthIndicatorController.GetHealthIndicatorDetails (API) in 79ms
16:45:51 INFO  - Executed action GD.API.Controllers.Health.HealthIndicatorController.GetHealthIndicatorOptions (API) in 76ms
16:45:51 INFO  - Executed action GD.API.Controllers.Health.HealthIndicatorController.GetHealthIndicatorOptions (API) in 77ms
16:45:53 INFO  - Executed action GD.API.Controllers.Health.HealthIndicatorController.GetHealthIndicatorDetails (API) in 79ms
16:45:54 INFO  - Executed action GD.API.Controllers.Health.HealthIndicatorController.GetHealthIndicatorOptions (API) in 76ms
16:45:54 INFO  - Executed action GD.API.Controllers.Health.HealthIndicatorController.GetHealthIndicatorOptions (API) in 78ms
16:45:57 INFO  - Executed action GD.API.Controllers.Health.HealthIndicatorController.CreateConsumerHealthIndicatorOptions (API) in 153ms
16:45:59 INFO  - Executed action GD.API.Controllers.Health.HealthIndicatorController.GetHealthIndicatorOptions (API) in 77ms
16:46:00 INFO  - Executed action GD.API.Controllers.Health.HealthIndicatorController.GetHealthIndicatorOptions (API) in 76ms
16:46:04 INFO  - Executed action GD.API.Controllers.Health.HealthIndicatorController.CreateConsumerHealthIndicatorOptions (API) in 151ms
16:46:08 INFO  - Executed action GD.API.Controllers.Health.HealthIndicatorController.GetHealthIndicatorOptions (API) in 76ms
16:46:08 INFO  - Executed action GD.API.Controllers.Health.HealthIndicatorController.GetHealthIndicatorOptions (API) in 80ms
16:46:21 INFO  - Executed action GD.API.Controllers.Health.HealthIndicatorController.GetHealthIndicatorList (API) in 270ms
16:46:23 INFO  - Executed action GD.API.Controllers.Health.HealthIndicatorController.GetHealthIndicatorDetails (API) in 80ms
16:46:24 INFO  - Executed action GD.API.Controllers.Health.HealthIndicatorController.GetHealthIndicatorOptions (API) in 77ms
16:46:24 INFO  - Executed action GD.API.Controllers.Health.HealthIndicatorController.GetHealthIndicatorOptions (API) in 76ms
16:46:30 INFO  - Executed action GD.API.Controllers.Health.HealthIndicatorController.CreateConsumerHealthIndicatorOptions (API) in 150ms
16:46:58 INFO  - Executed action GD.API.Controllers.Health.HealthIndicatorController.GetHealthIndicatorList (API) in 261ms
16:47:33 INFO  - Executed action GD.API.Controllers.System.UserController.GetLoginUserInfoAsync (API) in 223ms
16:47:33 INFO  - Executed action GD.API.Controllers.Health.HealthInformationController.GetHealthInfoBasicDataAsync (API) in 64ms
16:47:33 INFO  - Executed action GD.API.Controllers.Health.HealthManagerController.GetHealthManagers (API) in 76ms
16:47:33 INFO  - Executed action GD.API.Controllers.Health.HealthController.GetConsumersPageList (API) in 83ms
16:47:35 INFO  - Executed action GD.API.Controllers.Health.HealthIndicatorController.GetHealthIndicatorList (API) in 257ms
16:48:26 INFO  - Executed action GD.API.Controllers.System.UserController.GetLoginUserInfoAsync (API) in 242ms
16:48:26 INFO  - Executed action GD.API.Controllers.Health.HealthInformationController.GetHealthInfoBasicDataAsync (API) in 59ms
16:48:26 INFO  - Executed action GD.API.Controllers.Health.HealthController.GetConsumersPageList (API) in 78ms
16:48:26 INFO  - Executed action GD.API.Controllers.Health.HealthManagerController.GetHealthManagers (API) in 80ms
16:48:28 INFO  - Executed action GD.API.Controllers.Health.HealthIndicatorController.GetHealthIndicatorList (API) in 255ms
16:49:30 INFO  - Executed action GD.API.Controllers.Health.HealthIndicatorController.GetHealthIndicatorOptions (API) in 80ms
16:49:30 INFO  - Executed action GD.API.Controllers.Health.HealthIndicatorController.GetHealthIndicatorOptions (API) in 76ms
16:51:35 INFO  - Executed action GD.API.Controllers.Health.HealthIndicatorController.GetHealthIndicatorList (API) in 258ms
16:51:48 INFO  - Executed action GD.API.Controllers.System.UserController.GetLoginUserInfoAsync (API) in 225ms
16:51:49 INFO  - Executed action GD.API.Controllers.Health.HealthController.GetConsumersPageList (API) in 81ms
16:51:49 INFO  - Executed action GD.API.Controllers.Health.HealthManagerController.GetHealthManagers (API) in 79ms
16:51:49 INFO  - Executed action GD.API.Controllers.Health.HealthInformationController.GetHealthInfoBasicDataAsync (API) in 61ms
16:51:50 INFO  - Executed action GD.API.Controllers.Health.HealthIndicatorController.GetHealthIndicatorList (API) in 256ms
16:51:52 INFO  - Executed action GD.API.Controllers.Health.HealthIndicatorController.GetHealthIndicatorDetails (API) in 80ms
16:51:53 INFO  - Executed action GD.API.Controllers.Health.HealthIndicatorController.GetHealthIndicatorOptions (API) in 78ms
16:51:58 INFO  - Executed action GD.API.Controllers.Health.HealthIndicatorController.CreateConsumerHealthIndicatorOptions (API) in 152ms
16:51:58 INFO  - Executed action GD.API.Controllers.Health.HealthIndicatorController.GetHealthIndicatorList (API) in 255ms
16:51:58 INFO  - Executed action GD.API.Controllers.Health.HealthIndicatorController.GetHealthIndicatorDetails (API) in 83ms
16:58:35 INFO  - Executed action GD.API.Controllers.Health.HealthIndicatorController.GetHealthIndicatorOptions (API) in 136ms
16:59:30 INFO  - Executed action GD.API.Controllers.System.UserController.GetLoginUserInfoAsync (API) in 206ms
16:59:30 INFO  - Executed action GD.API.Controllers.Health.HealthManagerController.GetHealthManagers (API) in 79ms
16:59:30 INFO  - Executed action GD.API.Controllers.Health.HealthInformationController.GetHealthInfoBasicDataAsync (API) in 155ms
16:59:30 INFO  - Executed action GD.API.Controllers.Health.HealthController.GetConsumersPageList (API) in 160ms
16:59:32 INFO  - Executed action GD.API.Controllers.Health.HealthIndicatorController.GetHealthIndicatorList (API) in 277ms
16:59:34 INFO  - Executed action GD.API.Controllers.Health.HealthIndicatorController.GetHealthIndicatorOptions (API) in 76ms
17:00:59 INFO  - Executed action GD.API.Controllers.Health.HealthIndicatorController.GetHealthIndicatorOptions (API) in 83ms
17:02:18 INFO  - Executed action GD.API.Controllers.Health.HealthIndicatorController.GetHealthIndicatorDetails (API) in 76ms
17:03:44 INFO  - Executed action GD.API.Controllers.Health.HealthIndicatorController.GetHealthIndicatorList (API) in 263ms
17:04:10 INFO  - Executed action GD.API.Controllers.Health.HealthIndicatorController.GetHealthIndicatorOptions (API) in 86ms
17:05:25 INFO  - Executed action GD.API.Controllers.System.UserController.GetLoginUserInfoAsync (API) in 217ms
17:05:26 INFO  - Executed action GD.API.Controllers.Health.HealthManagerController.GetHealthManagers (API) in 85ms
17:05:26 INFO  - Executed action GD.API.Controllers.Health.HealthInformationController.GetHealthInfoBasicDataAsync (API) in 66ms
17:05:26 INFO  - Executed action GD.API.Controllers.Health.HealthController.GetConsumersPageList (API) in 95ms
17:05:28 INFO  - Executed action GD.API.Controllers.Health.HealthIndicatorController.GetHealthIndicatorList (API) in 258ms
17:06:02 INFO  - Executed action GD.API.Controllers.System.UserController.GetLoginUserInfoAsync (API) in 225ms
17:06:03 INFO  - Executed action GD.API.Controllers.Health.HealthInformationController.GetHealthInfoBasicDataAsync (API) in 60ms
17:06:03 INFO  - Executed action GD.API.Controllers.Health.HealthController.GetConsumersPageList (API) in 91ms
17:06:03 INFO  - Executed action GD.API.Controllers.Health.HealthManagerController.GetHealthManagers (API) in 88ms
17:06:05 INFO  - Executed action GD.API.Controllers.Health.HealthIndicatorController.GetHealthIndicatorList (API) in 262ms
17:06:46 INFO  - Executed action GD.API.Controllers.Health.HealthIndicatorController.GetHealthIndicatorOptions (API) in 80ms
17:09:50 INFO  - Executed action GD.API.Controllers.Health.HealthIndicatorController.GetHealthIndicatorOptions (API) in 80ms
17:11:34 INFO  - Executed action GD.API.Controllers.Health.HealthIndicatorController.GetHealthIndicatorOptions (API) in 83ms
17:14:40 INFO  - Executed action GD.API.Controllers.System.UserController.GetLoginUserInfoAsync (API) in 215ms
17:14:41 INFO  - Executed action GD.API.Controllers.Health.HealthInformationController.GetHealthInfoBasicDataAsync (API) in 66ms
17:14:41 INFO  - Executed action GD.API.Controllers.Health.HealthController.GetConsumersPageList (API) in 78ms
17:14:41 INFO  - Executed action GD.API.Controllers.Health.HealthManagerController.GetHealthManagers (API) in 153ms
17:14:44 INFO  - Executed action GD.API.Controllers.Health.HealthIndicatorController.GetHealthIndicatorList (API) in 261ms
17:14:45 INFO  - Executed action GD.API.Controllers.Health.HealthInformationController.GetHealthInformationAsync (API) in 116ms
17:14:45 INFO  - Executed action GD.API.Controllers.Health.HealthIndicatorController.GetHealthIndicatorList (API) in 256ms
17:14:46 INFO  - Executed action GD.API.Controllers.Health.HealthIndicatorController.GetHealthIndicatorOptions (API) in 77ms
17:15:26 INFO  - Executed action GD.API.Controllers.System.UserController.GetLoginUserInfoAsync (API) in 221ms
17:15:27 INFO  - Executed action GD.API.Controllers.Health.HealthInformationController.GetHealthInfoBasicDataAsync (API) in 63ms
17:15:27 INFO  - Executed action GD.API.Controllers.Health.HealthController.GetConsumersPageList (API) in 86ms
17:15:27 INFO  - Executed action GD.API.Controllers.Health.HealthManagerController.GetHealthManagers (API) in 78ms
17:15:28 INFO  - Executed action GD.API.Controllers.Health.HealthIndicatorController.GetHealthIndicatorList (API) in 253ms
17:15:30 INFO  - Executed action GD.API.Controllers.Health.HealthIndicatorController.GetHealthIndicatorOptions (API) in 78ms
17:20:00 INFO  - Executed action GD.API.Controllers.System.UserController.GetLoginUserInfoAsync (API) in 1073ms
17:20:00 INFO  - Executed action GD.API.Controllers.Health.HealthController.GetConsumersPageList (API) in 94ms
17:20:00 INFO  - Executed action GD.API.Controllers.Health.HealthManagerController.GetHealthManagers (API) in 157ms
17:20:00 INFO  - Executed action GD.API.Controllers.Health.HealthInformationController.GetHealthInfoBasicDataAsync (API) in 146ms
17:20:02 INFO  - Executed action GD.API.Controllers.Health.HealthIndicatorController.GetHealthIndicatorList (API) in 276ms
17:20:03 INFO  - Executed action GD.API.Controllers.Health.HealthIndicatorController.GetHealthIndicatorOptions (API) in 82ms
17:21:38 INFO  - Executed action GD.API.Controllers.System.UserController.GetLoginUserInfoAsync (API) in 298ms
17:21:39 INFO  - Executed action GD.API.Controllers.Health.HealthInformationController.GetHealthInfoBasicDataAsync (API) in 72ms
17:21:39 INFO  - Executed action GD.API.Controllers.Health.HealthController.GetConsumersPageList (API) in 85ms
17:21:39 INFO  - Executed action GD.API.Controllers.Health.HealthManagerController.GetHealthManagers (API) in 93ms
17:21:45 INFO  - Executed action GD.API.Controllers.Health.HealthIndicatorController.GetHealthIndicatorList (API) in 262ms
17:21:46 INFO  - Executed action GD.API.Controllers.Health.HealthIndicatorController.GetHealthIndicatorOptions (API) in 81ms
17:22:38 INFO  - Executed action GD.API.Controllers.Health.HealthIndicatorController.GetHealthIndicatorList (API) in 270ms
17:22:41 INFO  - Executed action GD.API.Controllers.System.UserController.GetLoginUserInfoAsync (API) in 235ms
17:22:42 INFO  - Executed action GD.API.Controllers.Health.HealthInformationController.GetHealthInfoBasicDataAsync (API) in 77ms
17:22:42 INFO  - Executed action GD.API.Controllers.Health.HealthController.GetConsumersPageList (API) in 84ms
17:22:42 INFO  - Executed action GD.API.Controllers.Health.HealthManagerController.GetHealthManagers (API) in 81ms
17:22:44 INFO  - Executed action GD.API.Controllers.Health.HealthIndicatorController.GetHealthIndicatorList (API) in 282ms
17:22:45 INFO  - Executed action GD.API.Controllers.Health.HealthIndicatorController.GetHealthIndicatorOptions (API) in 91ms
17:22:51 INFO  - Executed action GD.API.Controllers.Health.HealthIndicatorController.SaveIndicatorWarningLimit (API) in 11ms
17:23:24 INFO  - Executed action GD.API.Controllers.Health.HealthIndicatorController.GetHealthIndicatorOptions (API) in 89ms
17:23:26 INFO  - Executed action GD.API.Controllers.Health.HealthIndicatorController.SaveIndicatorWarningLimit (API) in 4ms
17:23:29 INFO  - Executed action GD.API.Controllers.Health.HealthIndicatorController.SaveIndicatorWarningLimit (API) in 35ms
17:23:35 INFO  - Executed action GD.API.Controllers.Health.HealthIndicatorController.SaveIndicatorWarningLimit (API) in 35ms
17:24:31 INFO  - Executed action GD.API.Controllers.Health.HealthIndicatorController.GetHealthIndicatorOptions (API) in 82ms
17:24:34 INFO  - Executed action GD.API.Controllers.Health.HealthIndicatorController.SaveIndicatorWarningLimit (API) in 351ms
17:24:46 INFO  - Executed action GD.API.Controllers.Health.HealthIndicatorController.SaveIndicatorWarningLimit (API) in 243ms
17:26:10 INFO  - Executed action GD.API.Controllers.Health.HealthIndicatorController.GetHealthIndicatorOptions (API) in 81ms
17:26:21 INFO  - Executed action GD.API.Controllers.Health.HealthIndicatorController.GetHealthIndicatorDetails (API) in 80ms
17:26:28 INFO  - Executed action GD.API.Controllers.Health.HealthInformationController.GetHealthInformationAsync (API) in 123ms
17:26:29 INFO  - Executed action GD.API.Controllers.Health.HealthIndicatorController.GetHealthIndicatorList (API) in 269ms
17:26:45 INFO  - Executed action GD.API.Controllers.Health.HealthIndicatorController.GetHealthIndicatorDetails (API) in 82ms
17:26:52 INFO  - Executed action GD.API.Controllers.Health.HealthInformationController.GetHealthInformationAsync (API) in 123ms
17:30:42 INFO  - Executed action GD.API.Controllers.Health.HealthManagerController.GetChangeHealthManagers (API) in 72ms
17:31:35 INFO  - Executed action GD.API.Controllers.System.BannerController.GetBannerType1 (API) in 73ms
17:33:21 INFO  - Executed action GD.API.Controllers.System.BannerController.GetBannerPageAsync (API) in 148ms
17:47:10 INFO  - Executed action GD.API.Controllers.System.UserController.GetLoginUserInfoAsync (API) in 1294ms
17:47:16 INFO  - Executed action GD.API.Controllers.Utility.ArticleController.GetArticleTypeAsync (API) in 5316ms
17:47:16 INFO  - Executed action GD.API.Controllers.Utility.ArticleController.GetArticleListAsync (API) in 222ms
17:47:25 INFO  - Executed action GD.API.Controllers.Health.HealthInformationController.GetHealthInfoBasicDataAsync (API) in 311ms
17:47:26 INFO  - Executed action GD.API.Controllers.Health.HealthManagerController.GetHealthManagers (API) in 674ms
17:47:32 INFO  - Executed action GD.API.Controllers.Health.HealthController.GetConsumersPageList (API) in 6867ms
17:47:41 INFO  - Executed action GD.API.Controllers.Health.HealthIndicatorController.GetHealthIndicatorList (API) in 313ms
17:48:23 INFO  - Executed action GD.API.Controllers.Health.HealthIndicatorController.GetHealthIndicatorList (API) in 283ms
17:52:59 INFO  - Executed action GD.API.Controllers.Utility.ArticleController.GetArticleTypeAsync (API) in 34ms
17:59:02 INFO  - Executed action GD.API.Controllers.Health.HealthController.GetConsumersPageList (API) in 166ms
17:59:02 INFO  - Executed action GD.API.Controllers.Health.HealthInformationController.GetHealthInfoBasicDataAsync (API) in 129ms
17:59:02 INFO  - Executed action GD.API.Controllers.Health.HealthManagerController.GetHealthManagers (API) in 169ms
17:59:02 INFO  - Executed action GD.API.Controllers.Health.HealthIndicatorController.GetHealthIndicatorList (API) in 363ms
17:59:07 INFO  - Executed action GD.API.Controllers.System.UserController.GetLoginUserInfoAsync (API) in 230ms
17:59:07 INFO  - Executed action GD.API.Controllers.Health.HealthController.GetConsumersPageList (API) in 74ms
17:59:07 INFO  - Executed action GD.API.Controllers.Health.HealthManagerController.GetHealthManagers (API) in 88ms
17:59:07 INFO  - Executed action GD.API.Controllers.Health.HealthInformationController.GetHealthInfoBasicDataAsync (API) in 68ms
17:59:09 INFO  - Executed action GD.API.Controllers.Health.HealthIndicatorController.GetHealthIndicatorList (API) in 259ms
17:59:45 INFO  - Executed action GD.API.Controllers.Health.HealthIndicatorController.GetHealthIndicatorList (API) in 258ms
17:59:46 INFO  - Executed action GD.API.Controllers.Health.HealthIndicatorController.GetIndicatorWarningLimit (API) in 37ms
17:59:55 INFO  - Executed action GD.API.Controllers.Health.HealthIndicatorController.GetHealthIndicatorList (API) in 257ms
17:59:57 INFO  - Executed action GD.API.Controllers.Health.HealthIndicatorController.GetIndicatorWarningLimit (API) in 33ms
18:00:28 INFO  - Executed action GD.API.Controllers.Health.HealthIndicatorController.GetIndicatorWarningLimit (API) in 32ms
18:00:57 INFO  - Executed action GD.API.Controllers.System.UserController.GetLoginUserInfoAsync (API) in 249ms
18:00:57 INFO  - Executed action GD.API.Controllers.Health.HealthInformationController.GetHealthInfoBasicDataAsync (API) in 69ms
18:00:58 INFO  - Executed action GD.API.Controllers.Health.HealthController.GetConsumersPageList (API) in 91ms
18:00:58 INFO  - Executed action GD.API.Controllers.Health.HealthManagerController.GetHealthManagers (API) in 88ms
18:01:00 INFO  - Executed action GD.API.Controllers.Health.HealthIndicatorController.GetHealthIndicatorList (API) in 256ms
18:01:01 INFO  - Executed action GD.API.Controllers.Health.HealthIndicatorController.GetIndicatorWarningLimit (API) in 27ms
18:01:50 INFO  - Executed action GD.API.Controllers.Health.HealthInformationController.GetHealthInformationAsync (API) in 140ms
18:01:51 INFO  - Executed action GD.API.Controllers.Health.HealthIndicatorController.GetHealthIndicatorList (API) in 263ms
18:01:52 INFO  - Executed action GD.API.Controllers.Health.HealthInformationController.GetHealthInformationAsync (API) in 116ms
18:01:53 INFO  - Executed action GD.API.Controllers.Health.HealthIndicatorController.GetHealthIndicatorList (API) in 258ms
18:01:54 INFO  - Executed action GD.API.Controllers.Health.HealthInformationController.GetHealthInformationAsync (API) in 118ms
18:01:55 INFO  - Executed action GD.API.Controllers.Health.HealthIndicatorController.GetHealthIndicatorList (API) in 273ms
18:01:56 INFO  - Executed action GD.API.Controllers.Health.HealthIndicatorController.GetIndicatorWarningLimit (API) in 32ms
18:02:16 INFO  - Executed action GD.API.Controllers.Health.HealthManagerController.GetChangeHealthManagers (API) in 81ms
18:03:06 INFO  - Executed action GD.API.Controllers.Health.HealthIndicatorController.GetHealthIndicatorList (API) in 259ms
18:03:43 INFO  - Executed action GD.API.Controllers.Health.HealthIndicatorController.GetIndicatorWarningLimit (API) in 35697ms
18:03:44 INFO  - Executed action GD.API.Controllers.Health.HealthIndicatorController.GetIndicatorWarningLimit (API) in 644ms
18:03:44 INFO  - Executed action GD.API.Controllers.Health.HealthIndicatorController.GetHealthIndicatorDetails (API) in 115ms
18:03:44 INFO  - Executed action GD.API.Controllers.Health.HealthIndicatorController.GetHealthIndicatorDetails (API) in 80ms
18:03:50 INFO  - Executed action GD.API.Controllers.Health.HealthIndicatorController.GetIndicatorWarningLimit (API) in 2742ms
18:04:43 INFO  - Executed action GD.API.Controllers.Health.HealthIndicatorController.GetHealthIndicatorDetails (API) in 34ms
18:04:46 INFO  - Executed action GD.API.Controllers.Health.HealthIndicatorController.GetHealthIndicatorDetails (API) in 33ms
18:04:52 INFO  - Executed action GD.API.Controllers.Health.HealthInformationController.GetHealthInformationAsync (API) in 118ms
18:04:53 INFO  - Executed action GD.API.Controllers.Health.HealthIndicatorController.GetHealthIndicatorList (API) in 258ms
18:04:55 INFO  - Executed action GD.API.Controllers.Health.HealthIndicatorController.GetHealthIndicatorDetails (API) in 77ms
18:05:40 INFO  - Executed action GD.API.Controllers.Health.HealthIndicatorController.GetHealthIndicatorList (API) in 262ms
18:05:41 INFO  - Executed action GD.API.Controllers.Health.HealthInformationController.GetHealthInformationAsync (API) in 126ms
18:05:46 INFO  - Executed action GD.API.Controllers.Health.HealthIndicatorController.GetHealthIndicators (API) in 128ms
18:07:46 INFO  - Executed action GD.API.Controllers.Questionnaire.QuestionnaireController.GetQuestionnairePageListAsync (API) in 100ms
18:07:48 INFO  - Executed action GD.API.Controllers.Questionnaire.QuestionnaireController.GetQuestionnaireInfoAsync (API) in 119ms
18:08:02 INFO  - Executed action GD.API.Controllers.Questionnaire.QuestionnaireController.CreateQuestionnaireQuestionAsync (API) in 244ms
18:08:03 INFO  - Executed action GD.API.Controllers.Questionnaire.QuestionnaireController.GetQuestionnaireInfoAsync (API) in 122ms
18:08:15 INFO  - Executed action GD.API.Controllers.Questionnaire.QuestionnaireController.CreateQuestionnaireQuestionAsync (API) in 145ms
18:08:15 INFO  - Executed action GD.API.Controllers.Questionnaire.QuestionnaireController.GetQuestionnaireInfoAsync (API) in 87ms
18:08:32 INFO  - Executed action GD.API.Controllers.Questionnaire.QuestionnaireController.CreateQuestionnaireQuestionAsync (API) in 147ms
18:08:33 INFO  - Executed action GD.API.Controllers.Questionnaire.QuestionnaireController.GetQuestionnaireInfoAsync (API) in 103ms
18:17:45 INFO  - Executed action GD.API.Controllers.Questionnaire.QuestionnaireController.GetQuestionnaireInfoAsync (API) in 164ms
18:20:30 INFO  - Executed action GD.API.Controllers.Utility.ArticleController.GetArticleTypeAsync (API) in 32ms
18:30:46 INFO  - Executed action GD.API.Controllers.Questionnaire.QuestionnaireController.GetQuestionnairePageListAsync (API) in 156ms
18:30:48 INFO  - Executed action GD.API.Controllers.Health.HealthManagerController.GetHealthManagers (API) in 88ms
18:30:48 INFO  - Executed action GD.API.Controllers.Health.HealthInformationController.GetHealthInfoBasicDataAsync (API) in 147ms
18:30:48 INFO  - Executed action GD.API.Controllers.Health.HealthController.GetConsumersPageList (API) in 159ms
18:30:50 INFO  - Executed action GD.API.Controllers.Health.HealthIndicatorController.GetHealthIndicatorList (API) in 286ms
18:30:51 INFO  - Executed action GD.API.Controllers.Health.HealthInformationController.GetHealthInformationAsync (API) in 142ms
18:30:52 INFO  - Executed action GD.API.Controllers.Health.HealthIndicatorController.GetHealthIndicatorList (API) in 258ms
18:30:53 INFO  - Executed action GD.API.Controllers.Health.HealthIndicatorController.GetIndicatorWarningLimit (API) in 92ms
18:31:44 INFO  - Executed action GD.API.Controllers.System.UserController.GetLoginUserInfoAsync (API) in 1244ms
18:31:44 INFO  - Executed action GD.API.Controllers.Health.HealthInformationController.GetHealthInfoBasicDataAsync (API) in 107ms
18:31:45 INFO  - Executed action GD.API.Controllers.Health.HealthManagerController.GetHealthManagers (API) in 141ms
18:31:45 INFO  - Executed action GD.API.Controllers.Health.HealthController.GetConsumersPageList (API) in 215ms
18:31:47 INFO  - Executed action GD.API.Controllers.Health.HealthIndicatorController.GetHealthIndicatorList (API) in 1007ms
18:31:48 INFO  - Executed action GD.API.Controllers.Health.HealthIndicatorController.GetIndicatorWarningLimit (API) in 42ms
18:32:27 INFO  - Executed action GD.API.Controllers.Health.HealthIndicatorController.SaveIndicatorWarningLimit (API) in 6ms
18:32:32 INFO  - Executed action GD.API.Controllers.Health.HealthIndicatorController.SaveIndicatorWarningLimit (API) in 3ms
18:32:34 INFO  - Executed action GD.API.Controllers.Health.HealthIndicatorController.SaveIndicatorWarningLimit (API) in 3ms
18:32:34 INFO  - Executed action GD.API.Controllers.Health.HealthIndicatorController.SaveIndicatorWarningLimit (API) in 6ms
18:33:38 INFO  - Executed action GD.API.Controllers.System.UserController.GetLoginUserInfoAsync (API) in 498ms
18:33:39 INFO  - Executed action GD.API.Controllers.Health.HealthInformationController.GetHealthInfoBasicDataAsync (API) in 73ms
18:33:39 INFO  - Executed action GD.API.Controllers.Health.HealthController.GetConsumersPageList (API) in 100ms
18:33:39 INFO  - Executed action GD.API.Controllers.Health.HealthManagerController.GetHealthManagers (API) in 157ms
18:33:40 INFO  - Executed action GD.API.Controllers.Health.HealthManagerController.GetHealthManagerFllowupRecords (API) in 109ms
18:33:43 INFO  - Executed action GD.API.Controllers.Health.HealthIndicatorController.GetHealthIndicatorList (API) in 302ms
18:33:44 INFO  - Executed action GD.API.Controllers.Health.HealthIndicatorController.GetIndicatorWarningLimit (API) in 28ms
18:34:24 INFO  - Executed action GD.API.Controllers.System.UserController.GetLoginUserInfoAsync (API) in 264ms
18:34:25 INFO  - Executed action GD.API.Controllers.Health.HealthInformationController.GetHealthInfoBasicDataAsync (API) in 82ms
18:34:25 INFO  - Executed action GD.API.Controllers.Health.HealthController.GetConsumersPageList (API) in 77ms
18:34:25 INFO  - Executed action GD.API.Controllers.Health.HealthManagerController.GetHealthManagers (API) in 88ms
18:34:27 INFO  - Executed action GD.API.Controllers.Health.HealthIndicatorController.GetHealthIndicatorList (API) in 252ms
18:34:28 INFO  - Executed action GD.API.Controllers.Health.HealthIndicatorController.GetIndicatorWarningLimit (API) in 30ms
18:34:33 INFO  - Executed action GD.API.Controllers.Health.HealthIndicatorController.SaveIndicatorWarningLimit (API) in 186ms
18:34:37 INFO  - Executed action GD.API.Controllers.Health.HealthIndicatorController.GetIndicatorWarningLimit (API) in 34ms
18:38:00 INFO  - Executed action GD.API.Controllers.Health.HealthIndicatorController.GetIndicatorWarningLimit (API) in 547ms
18:38:07 INFO  - Executed action GD.API.Controllers.Health.HealthIndicatorController.SaveIndicatorWarningLimit (API) in 477ms
18:38:09 INFO  - Executed action GD.API.Controllers.Health.HealthIndicatorController.SaveIndicatorWarningLimit (API) in 269ms
18:38:10 INFO  - Executed action GD.API.Controllers.Health.HealthIndicatorController.SaveIndicatorWarningLimit (API) in 267ms
18:39:02 INFO  - Executed action GD.API.Controllers.Health.HealthIndicatorController.SaveIndicatorWarningLimit (API) in 33864ms
18:42:23 INFO  - Executed action GD.API.Controllers.Health.HealthInformationController.GetHealthInformationAsync (API) in 1032ms
18:43:39 INFO  - Executed action GD.API.Controllers.Health.HealthIndicatorController.GetHealthIndicatorList (API) in 291ms
18:43:40 INFO  - Executed action GD.API.Controllers.Health.HealthIndicatorController.GetIndicatorWarningLimit (API) in 46ms
18:43:58 INFO  - Executed action GD.API.Controllers.Health.HealthIndicatorController.SaveIndicatorWarningLimit (API) in 5370ms
18:44:03 INFO  - Executed action GD.API.Controllers.Health.HealthIndicatorController.GetIndicatorWarningLimit (API) in 32ms
18:44:06 INFO  - Executed action GD.API.Controllers.Health.HealthIndicatorController.GetIndicatorWarningLimit (API) in 67ms
18:44:10 INFO  - Executed action GD.API.Controllers.Health.HealthIndicatorController.GetIndicatorWarningLimit (API) in 61ms
18:44:14 INFO  - Executed action GD.API.Controllers.Health.HealthIndicatorController.GetIndicatorWarningLimit (API) in 57ms
18:44:18 INFO  - Executed action GD.API.Controllers.Health.HealthIndicatorController.GetIndicatorWarningLimit (API) in 59ms
18:44:23 INFO  - Executed action GD.API.Controllers.Health.HealthIndicatorController.GetIndicatorWarningLimit (API) in 33ms
