09:27:48 INFO  - Executed action GD.API.Controllers.Report.CommonReportController.PreviewResultInSqlStr (API) in 168ms
09:27:49 INFO  - Executed action GD.API.Controllers.Report.CommonReportController.PreviewResultInSqlStr (API) in 114ms
09:27:50 INFO  - Executed action GD.API.Controllers.Report.CommonReportController.PreviewResultInSqlStr (API) in 105ms
09:27:50 INFO  - Executed action GD.API.Controllers.Report.CommonReportController.PreviewResultInSqlStr (API) in 136ms
09:27:52 INFO  - Executed action GD.API.Controllers.Report.CommonReportController.PreviewResultInSqlStr (API) in 105ms
09:27:52 INFO  - Executed action GD.API.Controllers.Report.CommonReportController.PreviewResultInSqlStr (API) in 101ms
09:28:29 INFO  - Executed action GD.API.Controllers.Report.CommonReportController.PreviewResultInSqlStr (API) in 104ms
09:28:30 INFO  - Executed action GD.API.Controllers.Report.CommonReportController.PreviewResultInSqlStr (API) in 102ms
09:28:42 INFO  - Executed action GD.API.Controllers.Report.CommonReportController.PreviewResultInSqlStr (API) in 106ms
09:28:44 INFO  - Executed action GD.API.Controllers.Report.CommonReportController.PreviewResultInSqlStr (API) in 106ms
09:28:44 INFO  - Executed action GD.API.Controllers.Report.CommonReportController.PreviewResultInSqlStr (API) in 109ms
09:28:45 INFO  - Executed action GD.API.Controllers.Report.CommonReportController.PreviewResultInSqlStr (API) in 112ms
09:28:45 INFO  - Executed action GD.API.Controllers.Report.CommonReportController.PreviewResultInSqlStr (API) in 113ms
09:28:46 INFO  - Executed action GD.API.Controllers.Report.CommonReportController.PreviewResultInSqlStr (API) in 115ms
11:55:09 INFO  - Executed action GD.API.Controllers.Utility.AccountController.LoginAdmin (API) in 640ms
11:55:10 INFO  - Executed action GD.API.Controllers.System.UserController.GetLoginUserInfoAsync (API) in 523ms
11:55:10 INFO  - Executed action GD.API.Controllers.Report.CommonReportController.PreviewResultInSqlStr (API) in 108ms
11:55:14 INFO  - Executed action GD.API.Controllers.System.UserController.GetLoginUserInfoAsync (API) in 132ms
11:55:15 INFO  - Executed action GD.API.Controllers.Report.CommonReportController.PreviewResultInSqlStr (API) in 71ms
11:55:24 INFO  - Executed action GD.API.Controllers.Utility.AccountController.LoginAdmin (API) in 17ms
11:55:24 INFO  - Executed action GD.API.Controllers.System.UserController.GetLoginUserInfoAsync (API) in 127ms
11:55:24 INFO  - Executed action GD.API.Controllers.Report.CommonReportController.PreviewResultInSqlStr (API) in 79ms
11:55:35 INFO  - Executed action GD.API.Controllers.System.DictionaryController.GetDictionaryMatedata (API) in 3310ms
11:55:35 INFO  - Executed action GD.API.Controllers.System.DictionaryController.GetDictionaryTreeAsync (API) in 3352ms
11:55:35 INFO  - Executed action GD.API.Controllers.System.DictionaryController.GetDictionaryTreeAsync (API) in 3350ms
11:55:39 INFO  - Executed action GD.API.Controllers.System.DictionaryController.GetBusinessScopePageAsync (API) in 28ms
13:44:26 INFO  - Executed action GD.API.Controllers.Utility.AccountController.LoginAdmin (API) in 640ms
13:44:27 INFO  - Executed action GD.API.Controllers.System.UserController.GetLoginUserInfoAsync (API) in 593ms
13:44:28 INFO  - Executed action GD.API.Controllers.System.HomeController.GetOrderQtyAsync (API) in 61ms
13:44:28 INFO  - Executed action GD.API.Controllers.System.HomeController.GetUserQtyAsync (API) in 68ms
13:44:28 INFO  - Executed action GD.API.Controllers.System.HomeController.GetDoctorsQtyAsync (API) in 172ms
13:44:28 INFO  - Executed action GD.API.Controllers.System.HomeController.GetMerchantQtyAsync (API) in 134ms
13:44:37 INFO  - Executed action GD.API.Controllers.System.DictionaryController.GetBusinessScopeTypeAsync (API) in 3643ms
13:44:37 INFO  - Executed action GD.API.Controllers.System.DictionaryController.GetBusinessScopePageAsync (API) in 3644ms
13:44:43 INFO  - Executed action GD.API.Controllers.System.AccessoryController.GetAcessoryUrlAsync (API) in 41ms
13:45:02 INFO  - Executed action GD.API.Controllers.System.AccessoryController.GetAcessoryUrlAsync (API) in 24ms
13:45:25 INFO  - Executed action GD.API.Controllers.System.AccessoryController.GetAcessoryUrlAsync (API) in 28ms
13:45:30 INFO  - Executed action GD.API.Controllers.System.AccessoryController.GetAcessoryUrlAsync (API) in 28ms
13:45:41 INFO  - Executed action GD.API.Controllers.System.UserController.GetLoginUserInfoAsync (API) in 188ms
13:45:42 INFO  - Executed action GD.API.Controllers.System.DictionaryController.GetBusinessScopePageAsync (API) in 37ms
13:45:42 INFO  - Executed action GD.API.Controllers.System.DictionaryController.GetBusinessScopeTypeAsync (API) in 46ms
13:45:49 INFO  - Executed action GD.API.Controllers.System.AccessoryController.GetAcessoryUrlAsync (API) in 25ms
13:45:55 INFO  - Executed action GD.API.Controllers.System.AccessoryController.GetAcessoryUrlAsync (API) in 27ms
13:48:23 INFO  - Executed action GD.API.Controllers.System.UserController.GetLoginUserInfoAsync (API) in 187ms
13:48:24 INFO  - Executed action GD.API.Controllers.System.DictionaryController.GetBusinessScopeTypeAsync (API) in 42ms
13:48:24 INFO  - Executed action GD.API.Controllers.System.DictionaryController.GetBusinessScopePageAsync (API) in 41ms
13:49:02 INFO  - Executed action GD.API.Controllers.System.DictionaryController.GetBusinessScopePageAsync (API) in 31ms
13:49:02 INFO  - Executed action GD.API.Controllers.System.DictionaryController.GetBusinessScopeTypeAsync (API) in 36ms
13:49:33 INFO  - Executed action GD.API.Controllers.System.AccessoryController.GetAcessoryUrlAsync (API) in 25ms
13:50:04 INFO  - Executed action GD.API.Controllers.System.UserController.GetLoginUserInfoAsync (API) in 187ms
13:50:05 INFO  - Executed action GD.API.Controllers.System.UserController.GetLoginUserInfoAsync (API) in 173ms
13:50:05 INFO  - Executed action GD.API.Controllers.System.DictionaryController.GetBusinessScopeTypeAsync (API) in 37ms
13:50:05 INFO  - Executed action GD.API.Controllers.System.DictionaryController.GetBusinessScopePageAsync (API) in 49ms
13:50:05 INFO  - Executed action GD.API.Controllers.System.HomeController.GetUserQtyAsync (API) in 28ms
13:50:05 INFO  - Executed action GD.API.Controllers.System.HomeController.GetOrderQtyAsync (API) in 30ms
13:50:05 INFO  - Executed action GD.API.Controllers.System.HomeController.GetDoctorsQtyAsync (API) in 27ms
13:50:05 INFO  - Executed action GD.API.Controllers.System.HomeController.GetMerchantQtyAsync (API) in 27ms
14:32:35 INFO  - Executed action GD.API.Controllers.System.AccessoryController.GetAcessoryUrlAsync (API) in 674ms
14:34:46 INFO  - Executed action GD.API.Controllers.System.AccessoryController.GetAcessoryUrlAsync (API) in 20ms
14:37:06 INFO  - Executed action GD.API.Controllers.System.DictionaryController.UpdateBusinessScopeAsync (API) in 3824ms
14:37:06 INFO  - Executed action GD.API.Controllers.System.DictionaryController.GetBusinessScopePageAsync (API) in 28ms
14:37:06 INFO  - Executed action GD.API.Controllers.System.DictionaryController.GetBusinessScopeTypeAsync (API) in 74ms
14:37:09 INFO  - Executed action GD.API.Controllers.System.AccessoryController.GetAcessoryUrlAsync (API) in 16ms
14:37:28 INFO  - Executed action GD.API.Controllers.System.AccessoryController.GetAcessoryUrlAsync (API) in 22ms
14:37:35 INFO  - Executed action GD.API.Controllers.System.DictionaryController.UpdateBusinessScopeAsync (API) in 66ms
14:37:35 INFO  - Executed action GD.API.Controllers.System.DictionaryController.GetBusinessScopePageAsync (API) in 29ms
14:37:35 INFO  - Executed action GD.API.Controllers.System.DictionaryController.GetBusinessScopeTypeAsync (API) in 66ms
14:37:38 INFO  - Executed action GD.API.Controllers.System.AccessoryController.GetAcessoryUrlAsync (API) in 21ms
14:37:39 INFO  - Executed action GD.API.Controllers.System.AccessoryController.GetAcessoryUrlAsync (API) in 15131ms
14:38:12 INFO  - Executed action GD.API.Controllers.System.DictionaryController.UpdateBusinessScopeAsync (API) in 30150ms
14:38:12 INFO  - Executed action GD.API.Controllers.System.DictionaryController.GetBusinessScopeTypeAsync (API) in 28ms
14:38:12 INFO  - Executed action GD.API.Controllers.System.DictionaryController.GetBusinessScopePageAsync (API) in 23ms
15:07:18 INFO  - Bad request GD.API.Controllers.System.DictionaryController.AddBusinessScopeAsync (API) with 上级编码必填
15:07:23 INFO  - Bad request GD.API.Controllers.System.DictionaryController.AddBusinessScopeAsync (API) with 上级编码必填
15:07:24 INFO  - Bad request GD.API.Controllers.System.DictionaryController.AddBusinessScopeAsync (API) with 上级编码必填
15:07:24 INFO  - Bad request GD.API.Controllers.System.DictionaryController.AddBusinessScopeAsync (API) with 上级编码必填
15:07:25 INFO  - Bad request GD.API.Controllers.System.DictionaryController.AddBusinessScopeAsync (API) with 上级编码必填
15:07:25 INFO  - Bad request GD.API.Controllers.System.DictionaryController.AddBusinessScopeAsync (API) with 上级编码必填
15:07:46 INFO  - Executed action GD.API.Controllers.System.DictionaryController.AddBusinessScopeAsync (API) in 631ms
15:08:55 INFO  - Executed action GD.API.Controllers.System.DictionaryController.AddBusinessScopeAsync (API) in 549ms
15:09:56 INFO  - Executed action GD.API.Controllers.System.DictionaryController.AddBusinessScopeAsync (API) in 15483ms
15:09:57 INFO  - Executed action GD.API.Controllers.System.DictionaryController.GetBusinessScopePageAsync (API) in 35ms
15:09:57 INFO  - Executed action GD.API.Controllers.System.DictionaryController.GetBusinessScopeTypeAsync (API) in 108ms
15:10:10 INFO  - Executed action GD.API.Controllers.System.AccessoryController.GetAcessoryUrlAsync (API) in 41ms
15:13:36 INFO  - Executed action GD.API.Controllers.System.UserController.GetLoginUserInfoAsync (API) in 30360ms
15:13:36 INFO  - Executed action GD.API.Controllers.System.DictionaryController.GetBusinessScopeTypeAsync (API) in 21ms
15:13:51 INFO  - Executed action GD.API.Controllers.System.DictionaryController.GetBusinessScopePageAsync (API) in 15077ms
15:30:00 INFO  - Executed action GD.API.Controllers.Doctor.DoctorController.GetDoctorPageAsync (API) in 702ms
15:30:43 INFO  - Executed action GD.API.Controllers.System.UserController.GetLoginUserInfoAsync (API) in 757ms
15:30:44 INFO  - Executed action GD.API.Controllers.Doctor.DoctorController.GetDoctorPageAsync (API) in 102ms
15:30:44 INFO  - Executed action GD.API.Controllers.Doctor.HospitalController.GetHospitalAllSelectAsync (API) in 83ms
15:30:46 INFO  - Executed action GD.API.Controllers.Doctor.DoctorController.GetDoctorJobTitlesAsync (API) in 2755ms
15:31:05 INFO  - Executed action GD.API.Controllers.System.UserController.GetLoginUserInfoAsync (API) in 177ms
15:31:05 INFO  - Executed action GD.API.Controllers.Doctor.HospitalController.GetHospitalAllSelectAsync (API) in 28ms
15:31:06 INFO  - Executed action GD.API.Controllers.Doctor.DoctorController.GetDoctorPageAsync (API) in 68ms
15:31:06 INFO  - Executed action GD.API.Controllers.Doctor.DoctorController.GetDoctorJobTitlesAsync (API) in 71ms
15:31:25 INFO  - Executed action GD.API.Controllers.Doctor.DoctorController.GetDoctorPageAsync (API) in 61ms
15:32:59 INFO  - Executed action GD.API.Controllers.System.UserController.GetLoginUserInfoAsync (API) in 149ms
15:33:00 INFO  - Executed action GD.API.Controllers.Doctor.HospitalController.GetHospitalAllSelectAsync (API) in 35ms
15:33:00 INFO  - Executed action GD.API.Controllers.Doctor.DoctorController.GetDoctorPageAsync (API) in 54ms
15:33:00 INFO  - Executed action GD.API.Controllers.Doctor.DoctorController.GetDoctorJobTitlesAsync (API) in 140ms
15:33:01 INFO  - Executed action GD.API.Controllers.System.UserController.GetLoginUserInfoAsync (API) in 30272ms
15:33:09 INFO  - Executed action GD.API.Controllers.Doctor.DoctorController.GetDoctorPageAsync (API) in 88ms
15:33:12 INFO  - Executed action GD.API.Controllers.Doctor.DoctorController.GetDoctorPageAsync (API) in 69ms
15:33:21 INFO  - Executed action GD.API.Controllers.Doctor.DoctorController.GetDoctorPageAsync (API) in 65ms
15:33:36 INFO  - Executed action GD.API.Controllers.Doctor.DoctorController.GetDoctorJobTitlesAsync (API) in 32ms
15:33:36 INFO  - Executed action GD.API.Controllers.Doctor.DoctorController.GetDoctorPageAsync (API) in 87ms
15:33:45 INFO  - Executed action GD.API.Controllers.System.UserController.GetLoginUserInfoAsync (API) in 152ms
15:33:47 INFO  - Executed action GD.API.Controllers.System.HomeController.GetMerchantQtyAsync (API) in 65ms
15:33:47 INFO  - Executed action GD.API.Controllers.System.HomeController.GetUserQtyAsync (API) in 254ms
15:33:47 INFO  - Executed action GD.API.Controllers.System.HomeController.GetOrderQtyAsync (API) in 103ms
15:33:47 INFO  - Executed action GD.API.Controllers.System.HomeController.GetDoctorsQtyAsync (API) in 67ms
15:33:47 INFO  - Executed action GD.API.Controllers.System.UserController.GetLoginUserInfoAsync (API) in 157ms
15:33:47 INFO  - Executed action GD.API.Controllers.Doctor.HospitalController.GetHospitalAllSelectAsync (API) in 35ms
15:33:47 INFO  - Executed action GD.API.Controllers.Doctor.DoctorController.GetDoctorPageAsync (API) in 65ms
15:33:48 INFO  - Executed action GD.API.Controllers.Doctor.DoctorController.GetDoctorJobTitlesAsync (API) in 64ms
15:33:51 INFO  - Executed action GD.API.Controllers.Doctor.DoctorController.GetDoctorJobTitlesAsync (API) in 32ms
15:33:51 INFO  - Executed action GD.API.Controllers.Doctor.DoctorController.GetDoctorPageAsync (API) in 84ms
15:33:53 INFO  - Executed action GD.API.Controllers.Doctor.DoctorController.GetDoctorPageAsync (API) in 66ms
15:34:54 INFO  - Executed action GD.API.Controllers.Doctor.DoctorController.GetDoctorPageAsync (API) in 30179ms
16:05:35 INFO  - Executed action GD.API.Controllers.Report.CommonReportController.GetReportListAsync (API) in 656ms
16:05:41 INFO  - Executed action GD.API.Controllers.Report.CommonReportController.GetConditionListByIDAsync (API) in 52ms
16:05:41 INFO  - Executed action GD.API.Controllers.Report.CommonReportController.GetConditionListByIDAsync (API) in 135ms
16:05:41 INFO  - Executed action GD.API.Controllers.Report.CommonReportController.GetOneReport (API) in 208ms
16:06:12 INFO  - Executed action GD.API.Controllers.Report.CommonReportController.UpdateOneReport (API) in 206ms
16:06:12 INFO  - Executed action GD.API.Controllers.Report.CommonReportController.GetReportListAsync (API) in 59ms
16:06:53 INFO  - Executed action GD.API.Controllers.Report.CommonReportController.GetOneReport (API) in 45ms
16:06:53 INFO  - Executed action GD.API.Controllers.Report.CommonReportController.GetConditionListByIDAsync (API) in 88ms
16:06:53 INFO  - Executed action GD.API.Controllers.Report.CommonReportController.GetConditionListByIDAsync (API) in 185ms
16:07:05 INFO  - Executed action GD.API.Controllers.Report.CommonReportController.UpdateOneReport (API) in 77ms
16:07:05 INFO  - Executed action GD.API.Controllers.Report.CommonReportController.GetReportListAsync (API) in 53ms
16:07:10 INFO  - 报表预览SQL执行报错=>Error: Object reference not set to an instance of an object.
16:07:10 INFO  - Executed action GD.API.Controllers.Report.CommonReportController.PreviewResultInSqlStr (API) in 188ms
16:07:19 INFO  - Executed action GD.API.Controllers.System.UserController.GetLoginUserInfoAsync (API) in 559ms
16:07:19 INFO  - 报表预览SQL执行报错=>Error: Object reference not set to an instance of an object.
16:07:19 INFO  - Executed action GD.API.Controllers.Report.CommonReportController.PreviewResultInSqlStr (API) in 113ms
16:07:27 INFO  - Executed action GD.API.Controllers.Report.CommonReportController.GetReportListAsync (API) in 52ms
16:07:31 INFO  - Executed action GD.API.Controllers.Report.CommonReportController.GetConditionListByIDAsync (API) in 25ms
16:07:31 INFO  - Executed action GD.API.Controllers.Report.CommonReportController.GetOneReport (API) in 34ms
16:07:31 INFO  - Executed action GD.API.Controllers.Report.CommonReportController.GetConditionListByIDAsync (API) in 19ms
16:08:15 INFO  - 报表预览SQL执行报错=>Error: Object reference not set to an instance of an object.
16:08:15 INFO  - Executed action GD.API.Controllers.Report.CommonReportController.PreviewResultInSqlStr (API) in 21723ms
16:08:18 INFO  - Executed action GD.API.Controllers.Report.CommonReportController.GetReportListAsync (API) in 59ms
