11:12:17 INFO  - Executed action GD.API.Controllers.System.UserController.GetAccountInfoAsync (API) in 235ms
11:12:23 INFO  - Executed action GD.API.Controllers.System.BannerController.GetBannerType1 (API) in 52ms
11:12:23 INFO  - Executed action GD.API.Controllers.System.BannerController.GetBannerPageAsync (API) in 116ms
11:13:01 INFO  - Executed action GD.API.Controllers.Merchant.MerchantController.GetReviewMerchantPageAsync (API) in 83ms
11:13:04 INFO  - Executed action GD.API.Controllers.System.ReviewRecordController.GetReviewRecordPageAsync (API) in 68ms
11:19:55 INFO  - Executed action GD.API.Controllers.System.ReviewRecordController.GetReviewRecordPageAsync (API) in 151ms
11:19:57 INFO  - Executed action GD.API.Controllers.System.ReviewRecordController.GetReviewRecordPageAsync (API) in 73ms
11:19:57 INFO  - Executed action GD.API.Controllers.System.ReviewRecordController.GetReviewRecordPageAsync (API) in 79ms
11:19:59 INFO  - Executed action GD.API.Controllers.System.ReviewRecordController.GetReviewRecordPageAsync (API) in 70ms
11:19:59 INFO  - Executed action GD.API.Controllers.System.ReviewRecordController.GetReviewRecordPageAsync (API) in 74ms
11:20:01 INFO  - Executed action GD.API.Controllers.System.ReviewRecordController.GetReviewRecordPageAsync (API) in 70ms
11:20:02 INFO  - Executed action GD.API.Controllers.System.ReviewRecordController.GetReviewRecordPageAsync (API) in 70ms
11:20:05 INFO  - Executed action GD.API.Controllers.System.ReviewRecordController.GetReviewRecordPageAsync (API) in 71ms
15:20:08 INFO  - Executed action GD.API.Controllers.System.UserController.GetLoginUserInfoAsync (API) in 1184ms
15:36:49 INFO  - Executed action GD.API.Controllers.System.UserController.GetLoginUserInfoAsync (API) in 290ms
15:37:07 INFO  - Executed action GD.API.Controllers.System.UserController.GetLoginUserInfoAsync (API) in 231ms
15:37:50 INFO  - Executed action GD.API.Controllers.System.UserController.GetLoginUserInfoAsync (API) in 215ms
15:38:07 INFO  - Executed action GD.API.Controllers.System.UserController.GetLoginUserInfoAsync (API) in 200ms
15:38:35 INFO  - Executed action GD.API.Controllers.System.UserController.GetLoginUserInfoAsync (API) in 202ms
15:39:21 INFO  - Executed action GD.API.Controllers.System.UserController.GetLoginUserInfoAsync (API) in 203ms
15:39:58 INFO  - Executed action GD.API.Controllers.System.UserController.GetLoginUserInfoAsync (API) in 192ms
15:40:03 INFO  - Executed action GD.API.Controllers.Mall.ProductController.ProductCenterAsync (API) in 116ms
15:40:05 INFO  - Executed action GD.API.Controllers.Mall.ProductController.ProductCenterAsync (API) in 71ms
15:40:40 INFO  - Executed action GD.API.Controllers.Mall.ProductController.ProductCenterAsync (API) in 76ms
15:41:07 INFO  - Executed action GD.API.Controllers.System.UserController.GetLoginUserInfoAsync (API) in 256ms
15:41:18 INFO  - Executed action GD.API.Controllers.Mall.ProductController.ProductCenterAsync (API) in 108ms
15:42:08 INFO  - Executed action GD.API.Controllers.System.UserController.GetLoginUserInfoAsync (API) in 234ms
15:42:11 INFO  - Executed action GD.API.Controllers.Mall.ProductController.ProductCenterAsync (API) in 76ms
15:42:40 INFO  - Executed action GD.API.Controllers.Mall.ProductController.ProductCenterAsync (API) in 97ms
15:42:41 INFO  - Executed action GD.API.Controllers.System.UserController.GetLoginUserInfoAsync (API) in 195ms
15:42:42 INFO  - Executed action GD.API.Controllers.Mall.ProductController.ProductCenterAsync (API) in 123ms
15:43:14 INFO  - Executed action GD.API.Controllers.Mall.ProductController.ProductCenterAsync (API) in 80ms
15:43:16 INFO  - Executed action GD.API.Controllers.Mall.ProductController.ProductCenterAsync (API) in 79ms
15:51:34 INFO  - Executed action GD.API.Controllers.Mall.ProductController.ProductCenterAsync (API) in 139ms
15:51:55 INFO  - Executed action GD.API.Controllers.System.UserController.GetLoginUserInfoAsync (API) in 264ms
15:51:56 INFO  - Executed action GD.API.Controllers.Mall.ProductController.ProductCenterAsync (API) in 76ms
15:53:22 INFO  - Executed action GD.API.Controllers.Mall.ProductController.UpdateOnlieCategory (API) in 6ms
15:54:17 INFO  - Executed action GD.API.Controllers.Mall.ProductController.ProductCenterAsync (API) in 76ms
15:54:20 INFO  - Executed action GD.API.Controllers.Mall.ProductController.UpdateOnlieCategory (API) in 7ms
15:57:50 INFO  - Executed action GD.API.Controllers.Mall.ProductController.ProductCenterAsync (API) in 73ms
15:58:40 INFO  - Executed action GD.API.Controllers.Mall.ProductController.ProductCenterAsync (API) in 84ms
15:58:55 INFO  - Executed action GD.API.Controllers.Mall.ProductController.ProductCenterAsync (API) in 79ms
15:59:38 INFO  - Executed action GD.API.Controllers.Mall.ProductController.UpdateOnlieCategory (API) in 2ms
15:59:39 INFO  - Executed action GD.API.Controllers.Mall.ProductController.UpdateOnlieCategory (API) in 4ms
16:01:34 INFO  - Executed action GD.API.Controllers.Mall.ProductController.ProductCenterAsync (API) in 77ms
16:01:44 INFO  - Executed action GD.API.Controllers.Mall.ProductController.ProductCenterAsync (API) in 110ms
16:01:56 INFO  - Executed action GD.API.Controllers.Mall.ProductController.ProductCenterAsync (API) in 112ms
16:02:16 INFO  - Executed action GD.API.Controllers.Mall.ProductController.ProductCenterAsync (API) in 72ms
16:02:35 INFO  - Executed action GD.API.Controllers.Mall.ProductController.ProductCenterAsync (API) in 68ms
16:03:55 INFO  - Executed action GD.API.Controllers.Doctor.HospitalController.GetHospitalAllSelectAsync (API) in 67ms
16:03:55 INFO  - Executed action GD.API.Controllers.Doctor.DoctorController.GetDoctorCertificateDetailAsync (API) in 54ms
16:03:56 INFO  - Executed action GD.API.Controllers.Doctor.DoctorController.GetDoctorPageAsync (API) in 391ms
16:03:59 INFO  - Executed action GD.API.Controllers.Merchant.MerchantController.GetBusinessScopeListAsync (API) in 106ms
16:03:59 INFO  - Executed action GD.API.Controllers.Doctor.DoctorController.GetDoctorJobTitlesAsync (API) in 4371ms
16:04:00 INFO  - Executed action GD.API.Controllers.System.DictionaryController.GetMerchantDictionaryAsync (API) in 59ms
16:04:00 INFO  - Executed action GD.API.Controllers.Merchant.MerchantController.GetMerchantPageAsync (API) in 172ms
16:04:00 INFO  - Executed action GD.API.Controllers.Merchant.MerchantController.GetHospitalSelectAsync (API) in 37ms
16:19:38 INFO  - Executed action GD.API.Controllers.Utility.AccountController.LoginAdmin (API) in 764ms
16:19:38 INFO  - Executed action GD.API.Controllers.System.UserController.GetLoginUserInfoAsync (API) in 622ms
16:19:39 INFO  - Executed action GD.API.Controllers.System.HomeController.GetUserQtyAsync (API) in 190ms
16:19:39 INFO  - Executed action GD.API.Controllers.System.HomeController.GetMerchantQtyAsync (API) in 103ms
16:19:39 INFO  - Executed action GD.API.Controllers.System.HomeController.GetOrderQtyAsync (API) in 255ms
16:19:39 INFO  - Executed action GD.API.Controllers.System.HomeController.GetDoctorsQtyAsync (API) in 129ms
16:19:45 INFO  - Executed action GD.API.Controllers.Merchant.MerchantController.GetMerchantSelectAsync (API) in 36ms
16:19:45 INFO  - Executed action GD.API.Controllers.Mall.ProductController.ProductCenterAsync (API) in 70ms
16:20:47 INFO  - Executed action GD.API.Controllers.System.UserController.GetLoginUserInfoAsync (API) in 158ms
16:20:47 INFO  - Executed action GD.API.Controllers.Merchant.MerchantController.GetMerchantSelectAsync (API) in 22ms
16:20:48 INFO  - Executed action GD.API.Controllers.Mall.ProductController.ProductCenterAsync (API) in 70ms
16:25:54 INFO  - Executed action GD.API.Controllers.Mall.ProductController.ProductCenterAsync (API) in 120ms
16:25:57 INFO  - Executed action GD.API.Controllers.Mall.ProductController.ProductCenterAsync (API) in 45ms
16:25:59 INFO  - Executed action GD.API.Controllers.Mall.ProductController.ProductCenterAsync (API) in 60ms
16:26:24 INFO  - Executed action GD.API.Controllers.System.UserController.GetLoginUserInfoAsync (API) in 149ms
16:26:25 INFO  - Executed action GD.API.Controllers.Merchant.MerchantController.GetMerchantSelectAsync (API) in 45ms
16:26:25 INFO  - Executed action GD.API.Controllers.Mall.ProductController.ProductCenterAsync (API) in 165ms
16:26:41 INFO  - Executed action GD.API.Controllers.Mall.ProductController.ProductCenterAsync (API) in 56ms
16:31:41 INFO  - Executed action GD.API.Controllers.Mall.ProductController.ProductCenterAsync (API) in 57ms
16:33:36 INFO  - Executed action GD.API.Controllers.Merchant.MerchantController.GetMerchantSelectAsync (API) in 57ms
16:33:36 INFO  - Executed action GD.API.Controllers.Mall.ProductController.ProductCenterAsync (API) in 72ms
16:35:05 INFO  - Executed action GD.API.Controllers.Merchant.MerchantController.GetMerchantSelectAsync (API) in 81ms
16:35:05 INFO  - Executed action GD.API.Controllers.Mall.ProductController.ProductCenterAsync (API) in 118ms
16:35:11 INFO  - Executed action GD.API.Controllers.Mall.ProductController.UpdateOnlieCategory (API) in 31ms
16:35:18 INFO  - Executed action GD.API.Controllers.Mall.ProductController.ProductCenterAsync (API) in 55ms
16:35:23 INFO  - Executed action GD.API.Controllers.Mall.ProductController.UpdateOnlieCategory (API) in 6ms
16:35:24 INFO  - Executed action GD.API.Controllers.Mall.ProductController.UpdateOnlieCategory (API) in 5ms
16:35:32 INFO  - Executed action GD.API.Controllers.Mall.ProductController.UpdateOnlieCategory (API) in 7ms
16:35:33 INFO  - Executed action GD.API.Controllers.Mall.ProductController.UpdateOnlieCategory (API) in 12ms
16:35:34 INFO  - Executed action GD.API.Controllers.Mall.ProductController.UpdateOnlieCategory (API) in 6ms
16:35:34 INFO  - Executed action GD.API.Controllers.Mall.ProductController.UpdateOnlieCategory (API) in 5ms
16:35:35 INFO  - Executed action GD.API.Controllers.Mall.ProductController.UpdateOnlieCategory (API) in 4ms
16:35:35 INFO  - Executed action GD.API.Controllers.Mall.ProductController.UpdateOnlieCategory (API) in 5ms
16:35:36 INFO  - Executed action GD.API.Controllers.Mall.ProductController.UpdateOnlieCategory (API) in 16ms
16:36:16 INFO  - Executed action GD.API.Controllers.Merchant.MerchantController.GetMerchantSelectAsync (API) in 21ms
16:36:17 INFO  - Executed action GD.API.Controllers.Mall.ProductController.ProductCenterAsync (API) in 101ms
16:36:19 INFO  - Executed action GD.API.Controllers.Mall.ProductController.UpdateOnlieCategory (API) in 114ms
16:36:22 INFO  - Executed action GD.API.Controllers.Mall.ProductController.ProductCenterAsync (API) in 61ms
16:36:31 INFO  - Executed action GD.API.Controllers.Mall.ProductController.UpdateOnlieCategory (API) in 62ms
16:36:34 INFO  - Executed action GD.API.Controllers.Mall.ProductController.ProductCenterAsync (API) in 61ms
16:36:35 INFO  - Executed action GD.API.Controllers.Mall.ProductController.UpdateOnlieCategory (API) in 59ms
16:37:01 INFO  - Executed action GD.API.Controllers.Merchant.MerchantController.GetMerchantSelectAsync (API) in 31ms
16:37:01 INFO  - Executed action GD.API.Controllers.Mall.ProductController.ProductCenterAsync (API) in 62ms
16:37:04 INFO  - Executed action GD.API.Controllers.Mall.ProductController.UpdateRecommend (API) in 57ms
16:37:05 INFO  - Executed action GD.API.Controllers.Mall.ProductController.UpdateRecommend (API) in 60ms
16:37:12 INFO  - Bad request GD.API.Controllers.Mall.ProductController.UpdateRecommendSort (API) with 商品Id必填
16:37:35 INFO  - Executed action GD.API.Controllers.System.UserController.GetLoginUserInfoAsync (API) in 156ms
16:37:36 INFO  - Executed action GD.API.Controllers.Merchant.MerchantController.GetMerchantSelectAsync (API) in 26ms
16:37:36 INFO  - Executed action GD.API.Controllers.Mall.ProductController.ProductCenterAsync (API) in 93ms
16:37:43 INFO  - Executed action GD.API.Controllers.Mall.ProductController.ProductCenterAsync (API) in 60ms
16:37:45 INFO  - Bad request GD.API.Controllers.Mall.ProductController.UpdateRecommendSort (API) with 商品Id必填
16:37:53 INFO  - Bad request GD.API.Controllers.Mall.ProductController.UpdateRecommendSort (API) with 商品Id必填
16:38:15 INFO  - Bad request GD.API.Controllers.Mall.ProductController.UpdateRecommendSort (API) with 商品Id必填
16:38:56 INFO  - Executed action GD.API.Controllers.Mall.ProductController.ProductCenterAsync (API) in 911ms
16:38:59 INFO  - Executed action GD.API.Controllers.Mall.ProductController.UpdateRecommendSort (API) in 239ms
16:39:04 INFO  - Executed action GD.API.Controllers.Mall.ProductController.UpdateRecommendSort (API) in 52ms
16:39:20 INFO  - Executed action GD.API.Controllers.Mall.ProductController.ProductCenterAsync (API) in 60ms
16:39:21 INFO  - Executed action GD.API.Controllers.Mall.ProductController.ProductCenterAsync (API) in 48ms
16:39:21 INFO  - Executed action GD.API.Controllers.Mall.ProductController.ProductCenterAsync (API) in 56ms
16:39:22 INFO  - Executed action GD.API.Controllers.Mall.ProductController.ProductCenterAsync (API) in 71ms
16:39:22 INFO  - Executed action GD.API.Controllers.Mall.ProductController.ProductCenterAsync (API) in 58ms
16:39:22 INFO  - Executed action GD.API.Controllers.Mall.ProductController.ProductCenterAsync (API) in 55ms
16:39:22 INFO  - Executed action GD.API.Controllers.Mall.ProductController.ProductCenterAsync (API) in 51ms
16:39:22 INFO  - Executed action GD.API.Controllers.Mall.ProductController.ProductCenterAsync (API) in 51ms
16:39:23 INFO  - Executed action GD.API.Controllers.Mall.ProductController.ProductCenterAsync (API) in 49ms
16:39:23 INFO  - Executed action GD.API.Controllers.Mall.ProductController.ProductCenterAsync (API) in 51ms
16:39:23 INFO  - Executed action GD.API.Controllers.Mall.ProductController.ProductCenterAsync (API) in 50ms
16:39:26 INFO  - Executed action GD.API.Controllers.Mall.ProductController.UpdateRecommendSort (API) in 49ms
16:39:46 INFO  - Executed action GD.API.Controllers.Mall.ProductController.ProductCenterAsync (API) in 565ms
16:39:46 INFO  - Executed action GD.API.Controllers.Merchant.MerchantController.GetMerchantSelectAsync (API) in 101ms
16:46:00 INFO  - Executed action GD.API.Controllers.Merchant.MerchantController.GetMerchantSelectAsync (API) in 132ms
16:46:00 INFO  - Executed action GD.API.Controllers.Mall.ProductController.ProductCenterAsync (API) in 120ms
16:47:35 INFO  - Executed action GD.API.Controllers.Decoration.DecorationController.GetDecorationClassificationAsync (API) in 31ms
16:47:35 INFO  - Executed action GD.API.Controllers.Decoration.DecorationController.GetDecorationPageListAsync (API) in 56ms
16:47:37 INFO  - Executed action GD.API.Controllers.Merchant.MerchantController.GetMerchantSelectAsync (API) in 16ms
16:47:38 INFO  - Executed action GD.API.Controllers.Mall.ProductController.ProductCenterAsync (API) in 56ms
16:50:00 INFO  - Executed action GD.API.Controllers.Mall.ProductController.UpdateRecommend (API) in 219ms
16:50:00 INFO  - Executed action GD.API.Controllers.Mall.ProductController.UpdateRecommend (API) in 58ms
16:50:04 INFO  - Executed action GD.API.Controllers.Mall.ProductController.UpdateRecommend (API) in 52ms
16:50:05 INFO  - Executed action GD.API.Controllers.Mall.ProductController.ProductCenterAsync (API) in 59ms
16:50:07 INFO  - Executed action GD.API.Controllers.Mall.ProductController.ProductCenterAsync (API) in 59ms
16:50:08 INFO  - Executed action GD.API.Controllers.Mall.ProductController.ProductCenterAsync (API) in 58ms
16:50:09 INFO  - Executed action GD.API.Controllers.Mall.ProductController.ProductCenterAsync (API) in 53ms
16:50:10 INFO  - Executed action GD.API.Controllers.Mall.ProductController.ProductCenterAsync (API) in 55ms
16:50:11 INFO  - Executed action GD.API.Controllers.Mall.ProductController.ProductCenterAsync (API) in 60ms
16:50:12 INFO  - Executed action GD.API.Controllers.Mall.ProductController.ProductCenterAsync (API) in 58ms
16:50:14 INFO  - Executed action GD.API.Controllers.Mall.ProductController.ProductCenterAsync (API) in 55ms
16:50:16 INFO  - Executed action GD.API.Controllers.Mall.ProductController.UpdateOnlieCategory (API) in 50ms
16:50:16 INFO  - Executed action GD.API.Controllers.Mall.ProductController.UpdateOnlieCategory (API) in 75ms
16:50:20 INFO  - Executed action GD.API.Controllers.Mall.ProductController.UpdateOnlieCategory (API) in 51ms
16:50:22 INFO  - Executed action GD.API.Controllers.Mall.ProductController.UpdateOnlieCategory (API) in 85ms
16:54:24 INFO  - Executed action GD.API.Controllers.Report.CommonReportController.GetConditionListByIDAsync (API) in 88ms
16:54:24 INFO  - Executed action GD.API.Controllers.Report.CommonReportController.GetConditionListByIDAsync (API) in 165ms
16:54:44 INFO  - Executed action GD.API.Controllers.Report.CommonReportController.PreviewResultInSqlStr (API) in 181ms
16:55:25 INFO  - Executed action GD.API.Controllers.Report.CommonReportController.GetReportListAsync (API) in 62ms
16:55:28 INFO  - Executed action GD.API.Controllers.Report.CommonReportController.GetConditionListByIDAsync (API) in 18ms
16:55:28 INFO  - Executed action GD.API.Controllers.Report.CommonReportController.GetConditionListByIDAsync (API) in 26ms
16:55:32 INFO  - Executed action GD.API.Controllers.Report.CommonReportController.GetReportListAsync (API) in 60ms
16:55:34 INFO  - Executed action GD.API.Controllers.Report.CommonReportController.GetConditionListByIDAsync (API) in 17ms
16:55:34 INFO  - Executed action GD.API.Controllers.Report.CommonReportController.GetConditionListByIDAsync (API) in 66ms
16:55:35 INFO  - Executed action GD.API.Controllers.Report.CommonReportController.GetReportListAsync (API) in 61ms
16:58:04 INFO  - Executed action GD.API.Controllers.Doctor.DoctorController.GetDoctorCertificateDetailAsync (API) in 60ms
16:58:05 INFO  - Executed action GD.API.Controllers.Doctor.HospitalController.GetHospitalAllSelectAsync (API) in 159ms
16:58:05 INFO  - Executed action GD.API.Controllers.Doctor.DoctorController.GetDoctorPageAsync (API) in 234ms
16:58:07 INFO  - Executed action GD.API.Controllers.Merchant.MerchantController.GetHospitalSelectAsync (API) in 45ms
16:58:07 INFO  - Executed action GD.API.Controllers.Merchant.MerchantController.GetMerchantPageAsync (API) in 88ms
16:58:09 INFO  - Executed action GD.API.Controllers.Merchant.MerchantController.GetBusinessScopeListAsync (API) in 1530ms
16:58:09 INFO  - Executed action GD.API.Controllers.System.DictionaryController.GetMerchantDictionaryAsync (API) in 1573ms
16:58:09 INFO  - Executed action GD.API.Controllers.Doctor.DoctorController.GetDoctorJobTitlesAsync (API) in 4242ms
16:58:17 INFO  - Executed action GD.API.Controllers.Doctor.DoctorController.GetDoctorPageAsync (API) in 138ms
16:58:20 INFO  - Executed action GD.API.Controllers.Mall.MemberController.GetMemberPageAsync (API) in 71ms
16:58:23 INFO  - Executed action GD.API.Controllers.Mall.MemberController.GetMemberInfoAsync (API) in 239ms
16:58:23 INFO  - Executed action GD.API.Controllers.Mall.MemberController.GetMemberOrderPageAsync (API) in 63ms
17:09:47 INFO  - Executed action GD.API.Controllers.System.UserController.GetLoginUserInfoAsync (API) in 216ms
17:09:48 INFO  - Executed action GD.API.Controllers.Mall.MemberController.GetMemberPageAsync (API) in 73ms
17:09:58 INFO  - Executed action GD.API.Controllers.System.MenuController.GetMenuTreeAsync (API) in 34ms
17:10:40 INFO  - Executed action GD.API.Controllers.System.MenuController.DisableEnableMenuAsync (API) in 52ms
17:10:40 INFO  - Executed action GD.API.Controllers.System.MenuController.GetMenuTreeAsync (API) in 25ms
17:10:41 INFO  - Executed action GD.API.Controllers.System.MenuController.DisableEnableMenuAsync (API) in 43ms
17:10:41 INFO  - Executed action GD.API.Controllers.System.MenuController.GetMenuTreeAsync (API) in 27ms
17:10:52 INFO  - Executed action GD.API.Controllers.System.UserController.GetLoginUserInfoAsync (API) in 151ms
17:10:52 INFO  - Executed action GD.API.Controllers.System.MenuController.GetMenuTreeAsync (API) in 41ms
17:10:59 INFO  - Executed action GD.API.Controllers.System.UserController.GetLoginUserInfoAsync (API) in 160ms
17:11:00 INFO  - Executed action GD.API.Controllers.System.HomeController.GetUserQtyAsync (API) in 65ms
17:11:00 INFO  - Executed action GD.API.Controllers.System.HomeController.GetOrderQtyAsync (API) in 26ms
17:11:00 INFO  - Executed action GD.API.Controllers.System.HomeController.GetDoctorsQtyAsync (API) in 119ms
17:11:00 INFO  - Executed action GD.API.Controllers.System.HomeController.GetMerchantQtyAsync (API) in 114ms
17:11:17 INFO  - Executed action GD.API.Controllers.System.MenuController.GetMenuTreeAsync (API) in 27ms
17:12:24 INFO  - Executed action GD.API.Controllers.System.MenuController.UpdateMenuAsync (API) in 50ms
17:12:24 INFO  - Executed action GD.API.Controllers.System.MenuController.GetMenuTreeAsync (API) in 32ms
17:12:40 INFO  - Executed action GD.API.Controllers.System.MenuController.DeleteMenuAsync (API) in 35ms
17:12:40 INFO  - Executed action GD.API.Controllers.System.MenuController.GetMenuTreeAsync (API) in 33ms
17:12:46 INFO  - Executed action GD.API.Controllers.System.UserController.GetLoginUserInfoAsync (API) in 148ms
17:12:46 INFO  - Executed action GD.API.Controllers.System.MenuController.GetMenuTreeAsync (API) in 24ms
17:12:52 INFO  - Executed action GD.API.Controllers.Merchant.MerchantController.GetMerchantSelectAsync (API) in 19ms
17:12:52 INFO  - Executed action GD.API.Controllers.Mall.ProductController.ProductCenterAsync (API) in 57ms
17:15:23 INFO  - Executed action GD.API.Controllers.System.UserController.GetLoginUserInfoAsync (API) in 160ms
17:15:23 INFO  - Executed action GD.API.Controllers.Merchant.MerchantController.GetMerchantSelectAsync (API) in 27ms
17:21:52 INFO  - Executed action GD.API.Controllers.Doctor.HospitalController.GetHospitalAllSelectAsync (API) in 129ms
17:21:52 INFO  - Executed action GD.API.Controllers.Doctor.DoctorController.GetDoctorCertificateDetailAsync (API) in 140ms
17:21:52 INFO  - Executed action GD.API.Controllers.Doctor.DoctorController.GetDoctorJobTitlesAsync (API) in 119ms
17:21:52 INFO  - Executed action GD.API.Controllers.Doctor.DoctorController.GetDoctorPageAsync (API) in 196ms
17:21:56 INFO  - Executed action GD.API.Controllers.Mall.MemberController.GetMemberPageAsync (API) in 69ms
17:21:58 INFO  - Executed action GD.API.Controllers.Mall.MemberController.GetMemberInfoAsync (API) in 166ms
17:21:58 INFO  - Executed action GD.API.Controllers.Mall.MemberController.GetMemberOrderPageAsync (API) in 65ms
17:22:00 INFO  - Executed action GD.API.Controllers.Mall.MemberController.GetMemberOrderPageAsync (API) in 59ms
17:22:01 INFO  - Executed action GD.API.Controllers.Mall.MemberController.GetMemberOrderPageAsync (API) in 82ms
17:22:02 INFO  - Executed action GD.API.Controllers.Mall.MemberController.GetMemberOrderPageAsync (API) in 59ms
17:22:02 INFO  - Executed action GD.API.Controllers.Mall.MemberController.GetMemberOrderPageAsync (API) in 66ms
17:22:03 INFO  - Executed action GD.API.Controllers.Mall.MemberController.GetMemberOrderPageAsync (API) in 92ms
17:22:04 INFO  - Executed action GD.API.Controllers.Mall.MemberController.GetMemberOrderPageAsync (API) in 68ms
17:22:04 INFO  - Executed action GD.API.Controllers.Mall.MemberController.GetMemberOrderPageAsync (API) in 58ms
17:22:05 INFO  - Executed action GD.API.Controllers.Mall.MemberController.GetMemberOrderPageAsync (API) in 65ms
17:31:51 INFO  - Executed action GD.API.Controllers.Mall.ProductController.ProductCenterAsync (API) in 954ms
17:32:14 INFO  - Executed action GD.API.Controllers.Mall.ProductController.UpdateRecommendSort (API) in 226ms
17:32:15 INFO  - Executed action GD.API.Controllers.Mall.ProductController.UpdateRecommendSort (API) in 58ms
17:32:16 INFO  - Executed action GD.API.Controllers.Mall.ProductController.UpdateRecommendSort (API) in 56ms
17:32:17 INFO  - Executed action GD.API.Controllers.Mall.ProductController.UpdateRecommendSort (API) in 60ms
17:32:22 INFO  - Executed action GD.API.Controllers.Mall.ProductController.UpdateRecommendSort (API) in 58ms
17:32:22 INFO  - Executed action GD.API.Controllers.Mall.ProductController.UpdateRecommendSort (API) in 69ms
17:32:24 INFO  - Executed action GD.API.Controllers.Mall.ProductController.UpdateRecommendSort (API) in 58ms
17:32:24 INFO  - Executed action GD.API.Controllers.Mall.ProductController.UpdateRecommendSort (API) in 57ms
17:32:27 INFO  - Executed action GD.API.Controllers.Mall.ProductController.UpdateRecommendSort (API) in 64ms
17:32:35 INFO  - Executed action GD.API.Controllers.Mall.ProductController.UpdateRecommendSort (API) in 54ms
17:32:41 INFO  - Executed action GD.API.Controllers.Mall.ProductController.UpdateRecommendSort (API) in 60ms
17:32:44 INFO  - Executed action GD.API.Controllers.Mall.ProductController.UpdateRecommendSort (API) in 56ms
17:32:45 INFO  - Executed action GD.API.Controllers.Mall.ProductController.UpdateRecommendSort (API) in 61ms
17:34:48 INFO  - Executed action GD.API.Controllers.Merchant.MerchantController.GetMerchantSelectAsync (API) in 30ms
