09:19:21 INFO  - Executed action GD.API.Controllers.Questionnaire.QuestionnaireController.GetQuestionnairePageListAsync (API) in 140ms
09:27:32 INFO  - Executed action GD.API.Controllers.Questionnaire.QuestionnaireController.GetQuestionnaireInfoAsync (API) in 155ms
09:27:53 INFO  - Executed action GD.API.Controllers.Questionnaire.QuestionnaireController.CreateQuestionnaireQuestionAsync (API) in 192ms
09:27:53 INFO  - Executed action GD.API.Controllers.Questionnaire.QuestionnaireController.GetQuestionnaireInfoAsync (API) in 70ms
09:31:42 INFO  - Executed action GD.API.Controllers.Questionnaire.QuestionnaireController.CreateQuestionnaireQuestionAsync (API) in 140ms
09:31:42 INFO  - Executed action GD.API.Controllers.Questionnaire.QuestionnaireController.GetQuestionnaireInfoAsync (API) in 50ms
11:19:18 INFO  - Executed action GD.API.Controllers.Questionnaire.QuestionnaireController.GetQuestionnairePageListAsync (API) in 101ms
11:19:35 INFO  - Executed action GD.API.Controllers.System.UserController.GetLoginUserInfoAsync (API) in 146ms
11:19:35 INFO  - Executed action GD.API.Controllers.Questionnaire.QuestionnaireController.GetQuestionnairePageListAsync (API) in 50ms
11:20:15 INFO  - Executed action GD.API.Controllers.System.UserController.GetLoginUserInfoAsync (API) in 152ms
11:20:15 INFO  - Executed action GD.API.Controllers.Questionnaire.QuestionnaireController.GetQuestionnairePageListAsync (API) in 48ms
11:20:21 INFO  - Executed action GD.API.Controllers.Questionnaire.QuestionnaireController.GetQuestionnaireInfoAsync (API) in 58ms
11:21:38 INFO  - Executed action GD.API.Controllers.System.UserController.GetLoginUserInfoAsync (API) in 144ms
11:21:38 INFO  - Executed action GD.API.Controllers.Questionnaire.QuestionnaireController.GetQuestionnairePageListAsync (API) in 47ms
11:21:40 INFO  - Executed action GD.API.Controllers.Questionnaire.QuestionnaireController.GetQuestionnaireInfoAsync (API) in 60ms
11:22:30 INFO  - Executed action GD.API.Controllers.System.UserController.GetLoginUserInfoAsync (API) in 139ms
11:22:30 INFO  - Executed action GD.API.Controllers.Questionnaire.QuestionnaireController.GetQuestionnairePageListAsync (API) in 45ms
11:22:31 INFO  - Executed action GD.API.Controllers.Questionnaire.QuestionnaireController.GetQuestionnaireInfoAsync (API) in 57ms
11:22:47 INFO  - Executed action GD.API.Controllers.System.UserController.GetLoginUserInfoAsync (API) in 200ms
11:22:48 INFO  - Executed action GD.API.Controllers.Questionnaire.QuestionnaireController.GetQuestionnairePageListAsync (API) in 47ms
11:22:49 INFO  - Executed action GD.API.Controllers.Questionnaire.QuestionnaireController.GetQuestionnaireInfoAsync (API) in 58ms
11:23:40 INFO  - Executed action GD.API.Controllers.System.UserController.GetLoginUserInfoAsync (API) in 188ms
11:23:41 INFO  - Executed action GD.API.Controllers.Questionnaire.QuestionnaireController.GetQuestionnairePageListAsync (API) in 69ms
11:23:42 INFO  - Executed action GD.API.Controllers.Questionnaire.QuestionnaireController.GetQuestionnaireInfoAsync (API) in 53ms
11:23:52 INFO  - Executed action GD.API.Controllers.System.UserController.GetLoginUserInfoAsync (API) in 138ms
11:23:52 INFO  - Executed action GD.API.Controllers.Questionnaire.QuestionnaireController.GetQuestionnairePageListAsync (API) in 49ms
11:23:53 INFO  - Executed action GD.API.Controllers.Questionnaire.QuestionnaireController.GetQuestionnaireInfoAsync (API) in 55ms
11:23:56 INFO  - Executed action GD.API.Controllers.Questionnaire.QuestionnaireController.GetQuestionnaireInfoAsync (API) in 56ms
11:26:17 INFO  - Executed action GD.API.Controllers.System.UserController.GetLoginUserInfoAsync (API) in 145ms
11:26:17 INFO  - Executed action GD.API.Controllers.Questionnaire.QuestionnaireController.GetQuestionnairePageListAsync (API) in 49ms
11:26:19 INFO  - Executed action GD.API.Controllers.Questionnaire.QuestionnaireController.GetQuestionnaireInfoAsync (API) in 57ms
11:32:25 INFO  - Executed action GD.API.Controllers.Questionnaire.QuestionnaireController.GetQuestionnairePageListAsync (API) in 121ms
11:34:55 INFO  - Executed action GD.API.Controllers.System.UserController.GetLoginUserInfoAsync (API) in 145ms
11:35:42 INFO  - Executed action GD.API.Controllers.System.UserController.GetLoginUserInfoAsync (API) in 148ms
11:35:43 INFO  - Executed action GD.API.Controllers.System.HomeController.GetDoctorsQtyAsync (API) in 75ms
11:35:43 INFO  - Executed action GD.API.Controllers.System.HomeController.GetOrderQtyAsync (API) in 21ms
11:35:43 INFO  - Executed action GD.API.Controllers.System.HomeController.GetUserQtyAsync (API) in 113ms
11:35:43 INFO  - Executed action GD.API.Controllers.System.HomeController.GetMerchantQtyAsync (API) in 183ms
11:35:46 INFO  - Executed action GD.API.Controllers.Doctor.HospitalController.GetHospitalAllSelectAsync (API) in 49ms
11:35:46 INFO  - Executed action GD.API.Controllers.Doctor.DoctorController.GetDoctorCertificateDetailAsync (API) in 46ms
11:35:46 INFO  - Executed action GD.API.Controllers.Doctor.DoctorController.GetDoctorPageAsync (API) in 259ms
11:35:50 INFO  - Executed action GD.API.Controllers.Doctor.DoctorController.GetDoctorJobTitlesAsync (API) in 3816ms
11:35:52 INFO  - Executed action GD.API.Controllers.System.DictionaryController.GetFaqsSettingTypeAsync (API) in 31ms
11:35:52 INFO  - Executed action GD.API.Controllers.Faqs.FaqsController.SearchFaqsQuestionAsync (API) in 156ms
11:35:56 INFO  - Executed action GD.API.Controllers.System.DictionaryController.GetDictionaryMatedata (API) in 42ms
11:35:56 INFO  - Executed action GD.API.Controllers.System.DictionaryController.GetDictionaryTreeAsync (API) in 63ms
11:35:56 INFO  - Executed action GD.API.Controllers.System.DictionaryController.GetDictionaryTreeTypeAsync (API) in 68ms
11:36:10 INFO  - Executed action GD.API.Controllers.System.DictionaryController.GetBusinessScopePageAsync (API) in 24ms
11:36:10 INFO  - Executed action GD.API.Controllers.System.DictionaryController.GetBusinessScopeTypeAsync (API) in 48ms
11:36:17 INFO  - Executed action GD.API.Controllers.System.MenuController.GetMenuTreeAsync (API) in 52ms
11:36:57 INFO  - Executed action GD.API.Controllers.System.UserController.GetLoginUserInfoAsync (API) in 169ms
11:37:18 INFO  - Executed action GD.API.Controllers.System.UserController.GetLoginUserInfoAsync (API) in 183ms
11:37:18 INFO  - Executed action GD.API.Controllers.System.HomeController.GetUserQtyAsync (API) in 26ms
11:37:18 INFO  - Executed action GD.API.Controllers.System.HomeController.GetOrderQtyAsync (API) in 30ms
11:37:18 INFO  - Executed action GD.API.Controllers.System.HomeController.GetMerchantQtyAsync (API) in 40ms
11:37:19 INFO  - Executed action GD.API.Controllers.System.HomeController.GetDoctorsQtyAsync (API) in 20ms
11:37:23 INFO  - Executed action GD.API.Controllers.Questionnaire.QuestionnaireController.GetQuestionnairePageListAsync (API) in 67ms
11:37:25 INFO  - Executed action GD.API.Controllers.Questionnaire.QuestionnaireController.GetQuestionnaireInfoAsync (API) in 73ms
11:37:30 INFO  - Executed action GD.API.Controllers.Questionnaire.QuestionnaireController.GetQuestionnaireInfoAsync (API) in 64ms
11:37:32 INFO  - Executed action GD.API.Controllers.Questionnaire.QuestionnaireController.GetQuestionnaireInfoAsync (API) in 64ms
11:37:38 INFO  - Executed action GD.API.Controllers.Questionnaire.QuestionnaireController.GetQuestionnaireInfoAsync (API) in 71ms
11:37:43 INFO  - Executed action GD.API.Controllers.Questionnaire.QuestionnaireController.IssueQuestionnaireAsync (API) in 56ms
11:37:43 INFO  - Executed action GD.API.Controllers.Questionnaire.QuestionnaireController.GetQuestionnairePageListAsync (API) in 52ms
11:37:44 INFO  - Executed action GD.API.Controllers.Questionnaire.QuestionnaireController.GetQuestionnaireInfoAsync (API) in 77ms
11:43:17 INFO  - Executed action GD.API.Controllers.Questionnaire.QuestionnaireController.GetQuestionnaireInfoAsync (API) in 78ms
11:43:23 INFO  - Executed action GD.API.Controllers.Questionnaire.QuestionnaireController.GetQuestionnaireInfoAsync (API) in 70ms
11:44:54 INFO  - Executed action GD.API.Controllers.System.UserController.GetLoginUserInfoAsync (API) in 208ms
11:44:55 INFO  - Executed action GD.API.Controllers.Questionnaire.QuestionnaireController.GetQuestionnairePageListAsync (API) in 50ms
11:44:56 INFO  - Executed action GD.API.Controllers.Questionnaire.QuestionnaireController.GetQuestionnaireInfoAsync (API) in 61ms
11:46:24 INFO  - Executed action GD.API.Controllers.Questionnaire.QuestionnaireController.ChangeQuestionSortAsync (API) in 101ms
11:46:24 INFO  - Executed action GD.API.Controllers.Questionnaire.QuestionnaireController.GetQuestionnaireInfoAsync (API) in 62ms
11:51:26 INFO  - Executed action GD.API.Controllers.System.UserController.GetLoginUserInfoAsync (API) in 288ms
11:51:26 INFO  - Executed action GD.API.Controllers.Questionnaire.QuestionnaireController.GetQuestionnairePageListAsync (API) in 46ms
11:51:28 INFO  - Executed action GD.API.Controllers.Questionnaire.QuestionnaireController.GetQuestionnaireInfoAsync (API) in 55ms
11:51:31 INFO  - Executed action GD.API.Controllers.Questionnaire.QuestionnaireController.GetQuestionnaireInfoAsync (API) in 55ms
11:51:34 INFO  - Executed action GD.API.Controllers.Questionnaire.QuestionnaireController.GetQuestionnaireInfoAsync (API) in 55ms
14:22:17 INFO  - Executed action GD.API.Controllers.Questionnaire.QuestionnaireController.GetQuestionnairePageListAsync (API) in 125ms
14:22:20 INFO  - Executed action GD.API.Controllers.Questionnaire.QuestionnaireController.GetConsumerQuestionnairesPageLisAsync (API) in 70ms
14:22:32 INFO  - Executed action GD.API.Controllers.Questionnaire.QuestionnaireController.GetConsumerQuestionnairesPageLisAsync (API) in 71ms
14:23:04 INFO  - Executed action GD.API.Controllers.System.UserController.GetLoginUserInfoAsync (API) in 181ms
14:23:04 INFO  - Executed action GD.API.Controllers.Questionnaire.QuestionnaireController.GetQuestionnairePageListAsync (API) in 58ms
14:23:05 INFO  - Executed action GD.API.Controllers.Questionnaire.QuestionnaireController.GetConsumerQuestionnairesPageLisAsync (API) in 65ms
14:23:07 INFO  - Executed action GD.API.Controllers.Questionnaire.QuestionnaireController.GetConsumerQuestionnairesPageLisAsync (API) in 59ms
14:23:49 INFO  - Executed action GD.API.Controllers.System.UserController.GetLoginUserInfoAsync (API) in 196ms
14:23:50 INFO  - Executed action GD.API.Controllers.Questionnaire.QuestionnaireController.GetQuestionnairePageListAsync (API) in 66ms
14:23:51 INFO  - Executed action GD.API.Controllers.Questionnaire.QuestionnaireController.GetConsumerQuestionnairesPageLisAsync (API) in 59ms
14:23:53 INFO  - Executed action GD.API.Controllers.Questionnaire.QuestionnaireController.GetConsumerQuestionnairesPageLisAsync (API) in 59ms
14:23:55 INFO  - Executed action GD.API.Controllers.Questionnaire.QuestionnaireController.GetConsumerQuestionnairesPageLisAsync (API) in 59ms
14:23:56 INFO  - Executed action GD.API.Controllers.Questionnaire.QuestionnaireController.GetConsumerQuestionnairesPageLisAsync (API) in 58ms
14:23:58 INFO  - Executed action GD.API.Controllers.Questionnaire.QuestionnaireController.GetConsumerQuestionnairesPageLisAsync (API) in 61ms
14:24:15 INFO  - Executed action GD.API.Controllers.Questionnaire.QuestionnaireController.GetQuestionnairePageListAsync (API) in 63ms
14:24:17 INFO  - Executed action GD.API.Controllers.Questionnaire.QuestionnaireController.GetConsumerQuestionnairesPageLisAsync (API) in 59ms
14:24:19 INFO  - Executed action GD.API.Controllers.Questionnaire.QuestionnaireController.GetConsumerQuestionnairesPageLisAsync (API) in 62ms
14:24:22 INFO  - Executed action GD.API.Controllers.Questionnaire.QuestionnaireController.GetConsumerQuestionnairesPageLisAsync (API) in 58ms
14:24:23 INFO  - Executed action GD.API.Controllers.Questionnaire.QuestionnaireController.GetConsumerQuestionnairesPageLisAsync (API) in 62ms
14:24:24 INFO  - Executed action GD.API.Controllers.Questionnaire.QuestionnaireController.GetConsumerQuestionnairesPageLisAsync (API) in 60ms
14:24:25 INFO  - Executed action GD.API.Controllers.Questionnaire.QuestionnaireController.GetConsumerQuestionnairesPageLisAsync (API) in 63ms
14:24:28 INFO  - Executed action GD.API.Controllers.Questionnaire.QuestionnaireController.GetConsumerQuestionnairesPageLisAsync (API) in 63ms
14:28:34 INFO  - Executed action GD.API.Controllers.System.UserController.GetLoginUserInfoAsync (API) in 212ms
14:28:35 INFO  - Executed action GD.API.Controllers.Questionnaire.QuestionnaireController.GetQuestionnairePageListAsync (API) in 42ms
14:28:36 INFO  - Executed action GD.API.Controllers.Questionnaire.QuestionnaireController.GetConsumerQuestionnairesPageLisAsync (API) in 44ms
14:28:40 INFO  - Executed action GD.API.Controllers.Questionnaire.QuestionnaireController.GetConsumerQuestionnairesPageLisAsync (API) in 48ms
14:31:56 INFO  - Executed action GD.API.Controllers.System.UserController.GetLoginUserInfoAsync (API) in 162ms
14:31:57 INFO  - Executed action GD.API.Controllers.Questionnaire.QuestionnaireController.GetQuestionnairePageListAsync (API) in 56ms
14:31:59 INFO  - Executed action GD.API.Controllers.Questionnaire.QuestionnaireController.GetConsumerQuestionnairesPageLisAsync (API) in 45ms
14:32:02 INFO  - Executed action GD.API.Controllers.Questionnaire.QuestionnaireController.GetConsumerQuestionnairesPageLisAsync (API) in 42ms
14:32:34 INFO  - Executed action GD.API.Controllers.System.UserController.GetLoginUserInfoAsync (API) in 173ms
14:32:35 INFO  - Executed action GD.API.Controllers.Questionnaire.QuestionnaireController.GetQuestionnairePageListAsync (API) in 47ms
14:32:36 INFO  - Executed action GD.API.Controllers.Questionnaire.QuestionnaireController.GetConsumerQuestionnairesPageLisAsync (API) in 44ms
14:32:38 INFO  - Executed action GD.API.Controllers.Questionnaire.QuestionnaireController.GetConsumerQuestionnairesPageLisAsync (API) in 42ms
14:32:40 INFO  - Executed action GD.API.Controllers.Questionnaire.QuestionnaireController.GetConsumerQuestionnairesPageLisAsync (API) in 54ms
14:33:35 INFO  - Executed action GD.API.Controllers.System.UserController.GetLoginUserInfoAsync (API) in 161ms
14:33:36 INFO  - Executed action GD.API.Controllers.Questionnaire.QuestionnaireController.GetQuestionnairePageListAsync (API) in 48ms
14:33:37 INFO  - Executed action GD.API.Controllers.Questionnaire.QuestionnaireController.GetConsumerQuestionnairesPageLisAsync (API) in 46ms
14:33:39 INFO  - Executed action GD.API.Controllers.Questionnaire.QuestionnaireController.GetConsumerQuestionnairesPageLisAsync (API) in 47ms
14:33:42 INFO  - Executed action GD.API.Controllers.Questionnaire.QuestionnaireController.GetConsumerQuestionnairesPageLisAsync (API) in 48ms
14:33:45 INFO  - Executed action GD.API.Controllers.Questionnaire.QuestionnaireController.GetConsumerQuestionnairesPageLisAsync (API) in 45ms
14:33:50 INFO  - Executed action GD.API.Controllers.Questionnaire.QuestionnaireController.GetConsumerQuestionnairesPageLisAsync (API) in 43ms
14:33:52 INFO  - Executed action GD.API.Controllers.Questionnaire.QuestionnaireController.GetConsumerQuestionnairesPageLisAsync (API) in 46ms
14:33:57 INFO  - Executed action GD.API.Controllers.Questionnaire.QuestionnaireController.GetConsumerQuestionnairesPageLisAsync (API) in 48ms
14:37:29 INFO  - Executed action GD.API.Controllers.System.UserController.GetLoginUserInfoAsync (API) in 256ms
14:37:29 INFO  - Executed action GD.API.Controllers.Questionnaire.QuestionnaireController.GetQuestionnairePageListAsync (API) in 39ms
14:37:31 INFO  - Executed action GD.API.Controllers.Questionnaire.QuestionnaireController.GetConsumerQuestionnairesPageLisAsync (API) in 37ms
14:37:32 INFO  - Executed action GD.API.Controllers.Questionnaire.QuestionnaireController.GetConsumerQuestionnairesPageLisAsync (API) in 43ms
14:37:34 INFO  - Executed action GD.API.Controllers.Questionnaire.QuestionnaireController.GetConsumerQuestionnairesPageLisAsync (API) in 38ms
14:37:38 INFO  - Executed action GD.API.Controllers.Questionnaire.QuestionnaireController.GetConsumerQuestionnairesPageLisAsync (API) in 37ms
17:48:34 INFO  - Executed action GD.API.Controllers.Utility.AccountController.LoginAdmin (API) in 682ms
17:48:34 INFO  - Executed action GD.API.Controllers.System.UserController.GetLoginUserInfoAsync (API) in 508ms
17:48:35 INFO  - Executed action GD.API.Controllers.System.HomeController.GetUserQtyAsync (API) in 30ms
17:48:35 INFO  - Executed action GD.API.Controllers.System.HomeController.GetOrderQtyAsync (API) in 68ms
17:48:35 INFO  - Executed action GD.API.Controllers.System.HomeController.GetDoctorsQtyAsync (API) in 96ms
17:48:35 INFO  - Executed action GD.API.Controllers.System.HomeController.GetMerchantQtyAsync (API) in 121ms
17:48:40 INFO  - Executed action GD.API.Controllers.Questionnaire.QuestionnaireController.GetQuestionnairePageListAsync (API) in 60ms
17:48:47 INFO  - Executed action GD.API.Controllers.Questionnaire.QuestionnaireController.GetQuestionnairePageListAsync (API) in 55ms
17:52:42 INFO  - Executed action GD.API.Controllers.System.UserController.GetLoginUserInfoAsync (API) in 181ms
17:52:43 INFO  - Executed action GD.API.Controllers.System.UserController.GetLoginUserInfoAsync (API) in 154ms
