09:27:27 INFO  - Executed action GD.API.Controllers.Utility.AccountController.LoginAdmin (API) in 764ms
09:27:28 INFO  - Executed action GD.API.Controllers.System.UserController.GetLoginUserInfoAsync (API) in 586ms
09:27:28 INFO  - Executed action GD.API.Controllers.System.HomeController.GetUserQtyAsync (API) in 63ms
09:27:28 INFO  - Executed action GD.API.Controllers.System.HomeController.GetMerchantQtyAsync (API) in 44ms
09:27:28 INFO  - Executed action GD.API.Controllers.System.HomeController.GetOrderQtyAsync (API) in 70ms
09:27:28 INFO  - Executed action GD.API.Controllers.System.HomeController.GetDoctorsQtyAsync (API) in 127ms
09:27:33 INFO  - Executed action GD.API.Controllers.Faqs.FaqsController.SearchFaqsQuestionAsync (API) in 184ms
09:27:37 INFO  - Executed action GD.API.Controllers.System.DictionaryController.GetFaqsSettingTypeAsync (API) in 3490ms
09:27:52 INFO  - Executed action GD.API.Controllers.System.BannerController.GetBannerType1 (API) in 57ms
09:27:52 INFO  - Executed action GD.API.Controllers.System.BannerController.GetBannerPageAsync (API) in 93ms
09:27:54 INFO  - Executed action GD.API.Controllers.Utility.ArticleController.GetArticleTypeAsync (API) in 28ms
09:27:55 INFO  - Executed action GD.API.Controllers.Utility.ArticleController.GetArticleListAsync (API) in 126ms
09:27:57 INFO  - Executed action GD.API.Controllers.Report.CommonReportController.GetConditionListByIDAsync (API) in 36ms
09:27:57 INFO  - Executed action GD.API.Controllers.Report.CommonReportController.GetConditionListByIDAsync (API) in 33ms
09:27:59 INFO  - Executed action GD.API.Controllers.Report.CommonReportController.GetReportListAsync (API) in 58ms
09:28:05 INFO  - Executed action GD.API.Controllers.Doctor.HospitalController.GetHospitalLevel (API) in 10ms
09:28:05 INFO  - Executed action GD.API.Controllers.Doctor.HospitalController.GetHospitalPageAsync (API) in 60ms
09:28:07 INFO  - Executed action GD.API.Controllers.Doctor.HospitalController.GetOfficeListAsync (API) in 71ms
09:28:07 INFO  - Executed action GD.API.Controllers.Doctor.HospitalController.GetFirstOfficeListAsync (API) in 34ms
09:28:08 INFO  - Executed action GD.API.Controllers.Doctor.HospitalController.GetHospitalLevel (API) in 6ms
09:28:08 INFO  - Executed action GD.API.Controllers.Doctor.HospitalController.GetHospitalPageAsync (API) in 61ms
09:28:10 INFO  - Executed action GD.API.Controllers.Doctor.HospitalController.GetFirstOfficeListAsync (API) in 50ms
09:28:10 INFO  - Executed action GD.API.Controllers.Doctor.HospitalController.GetOfficeListAsync (API) in 55ms
09:56:56 INFO  - Executed action GD.API.Controllers.Doctor.HospitalController.UpdataOfficeAsync (API) in 251ms
09:56:57 INFO  - Executed action GD.API.Controllers.Doctor.HospitalController.GetFirstOfficeListAsync (API) in 38ms
09:56:57 INFO  - Executed action GD.API.Controllers.Doctor.HospitalController.GetOfficeListAsync (API) in 129ms
09:57:37 INFO  - Executed action GD.API.Controllers.System.DictionaryController.GetDictionaryMatedata (API) in 31ms
09:57:37 INFO  - Executed action GD.API.Controllers.System.DictionaryController.GetDictionaryTreeAsync (API) in 56ms
09:57:37 INFO  - Executed action GD.API.Controllers.System.DictionaryController.GetDictionaryTreeTypeAsync (API) in 98ms
09:59:44 INFO  - Executed action GD.API.Controllers.Doctor.HospitalController.GetHospitalAllSelectAsync (API) in 45ms
09:59:44 INFO  - Executed action GD.API.Controllers.Doctor.DoctorController.GetDoctorCertificateDetailAsync (API) in 44ms
09:59:44 INFO  - Executed action GD.API.Controllers.Doctor.DoctorController.GetDoctorJobTitlesAsync (API) in 60ms
09:59:44 INFO  - Executed action GD.API.Controllers.Doctor.DoctorController.GetDoctorPageAsync (API) in 167ms
09:59:46 INFO  - Executed action GD.API.Controllers.Doctor.DoctorController.GetIntegralInfoPageAsync (API) in 90ms
09:59:58 INFO  - Executed action GD.API.Controllers.System.MenuController.GetMenuTreeAsync (API) in 35ms
10:00:06 INFO  - Executed action GD.API.Controllers.System.MenuController.DisableEnableMenuAsync (API) in 61ms
10:00:06 INFO  - Executed action GD.API.Controllers.System.MenuController.GetMenuTreeAsync (API) in 36ms
10:00:26 INFO  - Executed action GD.API.Controllers.System.MenuController.UpdateMenuAsync (API) in 57ms
10:00:26 INFO  - Executed action GD.API.Controllers.System.MenuController.GetMenuTreeAsync (API) in 35ms
10:02:19 INFO  - Executed action GD.API.Controllers.System.UserController.GetLoginUserInfoAsync (API) in 193ms
10:02:19 INFO  - Executed action GD.API.Controllers.System.MenuController.GetMenuTreeAsync (API) in 31ms
10:02:28 INFO  - Executed action GD.API.Controllers.Report.CommonReportController.GetReportListAsync (API) in 67ms
10:02:34 INFO  - Executed action GD.API.Controllers.Report.CommonReportController.GetConditionListByIDAsync (API) in 29ms
10:02:34 INFO  - Executed action GD.API.Controllers.Report.CommonReportController.GetConditionListByIDAsync (API) in 31ms
10:02:41 INFO  - Executed action GD.API.Controllers.Report.CommonReportController.PreviewResultInSqlStr (API) in 226ms
10:02:46 INFO  - Executed action GD.API.Controllers.Report.CommonReportController.PreviewResultInSqlStr (API) in 120ms
10:02:51 INFO  - Executed action GD.API.Controllers.Report.CommonReportController.PreviewResultInSqlStr (API) in 117ms
10:04:13 INFO  - Executed action GD.API.Controllers.Report.CommonReportController.GetReportListAsync (API) in 65ms
10:04:20 INFO  - Executed action GD.API.Controllers.Report.CommonReportController.GetConditionListByIDAsync (API) in 33ms
10:04:20 INFO  - Executed action GD.API.Controllers.Report.CommonReportController.GetOneReport (API) in 42ms
10:04:20 INFO  - Executed action GD.API.Controllers.Report.CommonReportController.GetConditionListByIDAsync (API) in 27ms
10:04:30 INFO  - Executed action GD.API.Controllers.Report.CommonReportController.GetConditionListByIDAsync (API) in 30ms
10:04:30 INFO  - Executed action GD.API.Controllers.Report.CommonReportController.GetConditionListByIDAsync (API) in 33ms
10:04:32 INFO  - Executed action GD.API.Controllers.Report.CommonReportController.PreviewResultInSqlStr (API) in 26ms
10:04:33 INFO  - Executed action GD.API.Controllers.Report.CommonReportController.PreviewResultInSqlStr (API) in 29ms
10:04:33 INFO  - Executed action GD.API.Controllers.Report.CommonReportController.PreviewResultInSqlStr (API) in 26ms
10:04:34 INFO  - Executed action GD.API.Controllers.Report.CommonReportController.PreviewResultInSqlStr (API) in 26ms
10:10:08 INFO  - Executed action GD.API.Controllers.Doctor.DoctorController.GetReviewDoctorPageAsync (API) in 157ms
10:10:10 INFO  - Executed action GD.API.Controllers.System.ReviewRecordController.GetReviewRecordPageAsync (API) in 74ms
10:10:26 INFO  - Executed action GD.API.Controllers.System.ReviewRecordController.GetReviewRecordPageAsync (API) in 69ms
10:10:27 INFO  - Executed action GD.API.Controllers.System.ReviewRecordController.GetReviewRecordPageAsync (API) in 69ms
10:10:36 INFO  - Executed action GD.API.Controllers.System.ReviewRecordController.GetReviewRecordPageAsync (API) in 73ms
10:23:06 INFO  - Executed action GD.API.Controllers.Report.CommonReportController.GetConditionListByIDAsync (API) in 90ms
10:23:06 INFO  - Executed action GD.API.Controllers.Report.CommonReportController.GetConditionListByIDAsync (API) in 95ms
10:23:11 INFO  - Executed action GD.API.Controllers.Doctor.HospitalController.GetHospitalAllSelectAsync (API) in 40ms
10:23:11 INFO  - Executed action GD.API.Controllers.Doctor.DoctorController.GetDoctorJobTitlesAsync (API) in 52ms
10:23:11 INFO  - Executed action GD.API.Controllers.Doctor.DoctorController.GetDoctorPageAsync (API) in 136ms
10:23:11 INFO  - Executed action GD.API.Controllers.Doctor.DoctorController.GetDoctorCertificateDetailAsync (API) in 97ms
10:23:17 INFO  - Executed action GD.API.Controllers.Merchant.MerchantController.GetBusinessScopeListAsync (API) in 44ms
10:23:17 INFO  - Executed action GD.API.Controllers.System.DictionaryController.GetMerchantDictionaryAsync (API) in 44ms
10:23:17 INFO  - Executed action GD.API.Controllers.Merchant.MerchantController.GetHospitalSelectAsync (API) in 56ms
10:23:17 INFO  - Executed action GD.API.Controllers.Merchant.MerchantController.GetMerchantPageAsync (API) in 120ms
10:23:20 INFO  - Executed action GD.API.Controllers.Doctor.DoctorController.GetDoctorCertificateDetailAsync (API) in 24ms
10:23:20 INFO  - Executed action GD.API.Controllers.Doctor.DoctorController.GetDoctorJobTitlesAsync (API) in 62ms
10:23:20 INFO  - Executed action GD.API.Controllers.Doctor.DoctorController.GetDoctorPageAsync (API) in 128ms
10:23:21 INFO  - Executed action GD.API.Controllers.Doctor.DoctorController.GetReviewDoctorPageAsync (API) in 71ms
10:23:23 INFO  - Executed action GD.API.Controllers.Doctor.DoctorController.GetDoctorCertificateDetailAsync (API) in 28ms
10:23:23 INFO  - Executed action GD.API.Controllers.Doctor.DoctorController.GetDoctorJobTitlesAsync (API) in 56ms
10:23:23 INFO  - Executed action GD.API.Controllers.Doctor.DoctorController.GetDoctorPageAsync (API) in 138ms
11:23:44 INFO  - Executed action GD.API.Controllers.Doctor.DoctorController.GetIntegralInfoPageAsync (API) in 121ms
11:23:45 INFO  - Executed action GD.API.Controllers.Doctor.DoctorController.GetIntegralInfoPageAsync (API) in 57ms
11:23:46 INFO  - Executed action GD.API.Controllers.Doctor.DoctorController.GetIntegralInfoPageAsync (API) in 62ms
11:37:00 INFO  - Executed action GD.API.Controllers.Doctor.DoctorController.GetIntegralInfoPageAsync (API) in 122ms
11:37:06 INFO  - Executed action GD.API.Controllers.Merchant.MerchantController.GetBusinessScopeListAsync (API) in 79ms
11:37:06 INFO  - Executed action GD.API.Controllers.System.DictionaryController.GetMerchantDictionaryAsync (API) in 29ms
11:37:06 INFO  - Executed action GD.API.Controllers.Merchant.MerchantController.GetMerchantPageAsync (API) in 133ms
11:37:48 INFO  - Executed action GD.API.Controllers.Doctor.DoctorController.GetDoctorCertificateDetailAsync (API) in 25ms
11:37:48 INFO  - Executed action GD.API.Controllers.Doctor.DoctorController.GetDoctorPageAsync (API) in 134ms
11:37:48 INFO  - Executed action GD.API.Controllers.Doctor.DoctorController.GetDoctorJobTitlesAsync (API) in 117ms
11:37:50 INFO  - Executed action GD.API.Controllers.Doctor.DoctorController.GetDoctorInfoAsync (API) in 154ms
11:37:51 INFO  - Executed action GD.API.Controllers.Doctor.DoctorController.GetDoctorCertificateDetailAsync (API) in 39ms
11:37:51 INFO  - Executed action GD.API.Controllers.Doctor.HospitalController.GetHospitalOfficeSelectAsync (API) in 39ms
11:37:56 INFO  - Executed action GD.API.Controllers.Doctor.DoctorController.GetDoctorInfoAsync (API) in 82ms
11:37:56 INFO  - Executed action GD.API.Controllers.Doctor.DoctorController.GetDoctorCertificateDetailAsync (API) in 32ms
14:41:50 INFO  - Executed action GD.API.Controllers.System.UserController.GetLoginUserInfoAsync (API) in 290ms
14:41:51 INFO  - Executed action GD.API.Controllers.Doctor.DoctorController.GetDoctorJobTitlesAsync (API) in 77ms
14:41:51 INFO  - Executed action GD.API.Controllers.Doctor.DoctorController.GetDoctorCertificateDetailAsync (API) in 29ms
14:41:51 INFO  - Executed action GD.API.Controllers.Doctor.HospitalController.GetHospitalAllSelectAsync (API) in 96ms
14:41:51 INFO  - Executed action GD.API.Controllers.Doctor.DoctorController.GetDoctorPageAsync (API) in 217ms
14:46:00 INFO  - Executed action GD.API.Controllers.System.UserController.GetLoginUserInfoAsync (API) in 236ms
14:46:01 INFO  - Executed action GD.API.Controllers.Doctor.HospitalController.GetHospitalAllSelectAsync (API) in 64ms
14:46:01 INFO  - Executed action GD.API.Controllers.Doctor.DoctorController.GetDoctorCertificateDetailAsync (API) in 59ms
14:46:01 INFO  - Executed action GD.API.Controllers.Doctor.DoctorController.GetDoctorJobTitlesAsync (API) in 116ms
14:46:01 INFO  - Executed action GD.API.Controllers.Doctor.DoctorController.GetDoctorPageAsync (API) in 126ms
14:46:20 INFO  - Executed action GD.API.Controllers.System.UserController.GetLoginUserInfoAsync (API) in 1880ms
14:46:20 INFO  - Executed action GD.API.Controllers.Doctor.HospitalController.GetHospitalAllSelectAsync (API) in 231ms
14:46:20 INFO  - Executed action GD.API.Controllers.Doctor.DoctorController.GetDoctorCertificateDetailAsync (API) in 208ms
14:46:20 INFO  - Executed action GD.API.Controllers.Doctor.DoctorController.GetDoctorJobTitlesAsync (API) in 341ms
14:46:21 INFO  - Executed action GD.API.Controllers.Doctor.DoctorController.GetDoctorPageAsync (API) in 929ms
14:46:24 INFO  - Executed action GD.API.Controllers.Doctor.DoctorController.GetDoctorInfoAsync (API) in 1097ms
14:46:24 INFO  - Executed action GD.API.Controllers.Doctor.HospitalController.GetHospitalOfficeSelectAsync (API) in 204ms
14:46:24 INFO  - Executed action GD.API.Controllers.Doctor.DoctorController.GetDoctorCertificateDetailAsync (API) in 215ms
15:04:51 INFO  - Executed action GD.API.Controllers.Doctor.DoctorController.GetDoctorTopicAsync (API) in 377ms
15:04:55 INFO  - Executed action GD.API.Controllers.Doctor.DoctorController.GetDoctorInfoAsync (API) in 49ms
15:04:55 INFO  - Executed action GD.API.Controllers.Doctor.DoctorController.GetDoctorCertificateDetailAsync (API) in 36ms
15:05:03 INFO  - Executed action GD.API.Controllers.System.DictionaryController.GetMerchantDictionaryAsync (API) in 34ms
15:05:03 INFO  - Executed action GD.API.Controllers.Merchant.MerchantController.GetMerchantPageAsync (API) in 49ms
15:05:03 INFO  - Executed action GD.API.Controllers.Merchant.MerchantController.GetBusinessScopeListAsync (API) in 93ms
15:05:03 INFO  - Executed action GD.API.Controllers.Merchant.MerchantController.GetHospitalSelectAsync (API) in 67ms
15:05:04 INFO  - Executed action GD.API.Controllers.Merchant.MerchantController.GetBusinessScopeListAsync (API) in 25ms
15:10:10 INFO  - Executed action GD.API.Controllers.System.UserController.GetLoginUserInfoAsync (API) in 190ms
15:10:11 INFO  - Executed action GD.API.Controllers.Merchant.MerchantController.GetMerchantPageAsync (API) in 67ms
15:10:11 INFO  - Executed action GD.API.Controllers.Merchant.MerchantController.GetHospitalSelectAsync (API) in 45ms
15:10:11 INFO  - Executed action GD.API.Controllers.System.DictionaryController.GetMerchantDictionaryAsync (API) in 122ms
15:10:11 INFO  - Executed action GD.API.Controllers.Merchant.MerchantController.GetBusinessScopeListAsync (API) in 87ms
15:10:12 INFO  - Executed action GD.API.Controllers.Merchant.MerchantController.GetBusinessScopeListAsync (API) in 24ms
15:11:46 INFO  - Executed action GD.API.Controllers.System.UserController.GetLoginUserInfoAsync (API) in 127ms
15:11:46 INFO  - Executed action GD.API.Controllers.Merchant.MerchantController.GetHospitalSelectAsync (API) in 25ms
15:11:46 INFO  - Executed action GD.API.Controllers.Merchant.MerchantController.GetBusinessScopeListAsync (API) in 34ms
15:11:47 INFO  - Executed action GD.API.Controllers.System.DictionaryController.GetMerchantDictionaryAsync (API) in 29ms
15:11:47 INFO  - Executed action GD.API.Controllers.Merchant.MerchantController.GetMerchantPageAsync (API) in 47ms
15:11:48 INFO  - Executed action GD.API.Controllers.Merchant.MerchantController.GetBusinessScopeListAsync (API) in 23ms
15:31:28 INFO  - Executed action GD.API.Controllers.System.UserController.GetLoginUserInfoAsync (API) in 264ms
15:31:28 INFO  - Executed action GD.API.Controllers.Merchant.MerchantController.GetMerchantPageAsync (API) in 77ms
15:31:28 INFO  - Executed action GD.API.Controllers.Merchant.MerchantController.GetHospitalSelectAsync (API) in 90ms
15:31:29 INFO  - Executed action GD.API.Controllers.Merchant.MerchantController.GetBusinessScopeListAsync (API) in 61ms
15:31:29 INFO  - Executed action GD.API.Controllers.System.DictionaryController.GetMerchantDictionaryAsync (API) in 93ms
15:31:30 INFO  - Executed action GD.API.Controllers.Merchant.MerchantController.GetBusinessScopeListAsync (API) in 69ms
15:35:06 INFO  - Executed action GD.API.Controllers.Doctor.HospitalController.GetHospitalAllSelectAsync (API) in 26ms
15:35:06 INFO  - Executed action GD.API.Controllers.Doctor.DoctorController.GetDoctorCertificateDetailAsync (API) in 17ms
15:35:06 INFO  - Executed action GD.API.Controllers.Doctor.DoctorController.GetDoctorJobTitlesAsync (API) in 70ms
15:35:06 INFO  - Executed action GD.API.Controllers.Doctor.DoctorController.GetDoctorPageAsync (API) in 148ms
15:35:08 INFO  - Executed action GD.API.Controllers.Doctor.DoctorController.GetDoctorInfoAsync (API) in 58ms
15:35:08 INFO  - Executed action GD.API.Controllers.Doctor.DoctorController.GetDoctorCertificateDetailAsync (API) in 27ms
15:35:08 INFO  - Executed action GD.API.Controllers.Doctor.HospitalController.GetHospitalOfficeSelectAsync (API) in 31ms
15:35:10 INFO  - Executed action GD.API.Controllers.Doctor.DoctorController.GetDoctorInfoAsync (API) in 59ms
15:35:10 INFO  - Executed action GD.API.Controllers.Doctor.DoctorController.GetDoctorCertificateDetailAsync (API) in 25ms
15:35:12 INFO  - Executed action GD.API.Controllers.Doctor.DoctorController.GetDoctorInfoAsync (API) in 58ms
15:35:12 INFO  - Executed action GD.API.Controllers.Doctor.DoctorController.GetDoctorCertificateDetailAsync (API) in 29ms
15:35:14 INFO  - Executed action GD.API.Controllers.Doctor.DoctorController.GetDoctorInfoAsync (API) in 58ms
15:35:14 INFO  - Executed action GD.API.Controllers.Doctor.HospitalController.GetHospitalOfficeSelectAsync (API) in 19ms
15:35:15 INFO  - Executed action GD.API.Controllers.Doctor.DoctorController.GetDoctorCertificateDetailAsync (API) in 28ms
15:35:19 INFO  - Executed action GD.API.Controllers.Doctor.DoctorController.GetDoctorInfoAsync (API) in 67ms
15:35:19 INFO  - Executed action GD.API.Controllers.Doctor.DoctorController.GetDoctorCertificateDetailAsync (API) in 27ms
15:35:36 INFO  - Executed action GD.API.Controllers.Doctor.DoctorController.UpdateDoctorInfoAsync (API) in 5980ms
15:35:36 INFO  - Executed action GD.API.Controllers.Doctor.DoctorController.GetDoctorPageAsync (API) in 117ms
15:35:43 INFO  - Executed action GD.API.Controllers.Doctor.DoctorController.GetDoctorInfoAsync (API) in 58ms
15:35:43 INFO  - Executed action GD.API.Controllers.Doctor.DoctorController.GetDoctorCertificateDetailAsync (API) in 32ms
15:35:49 INFO  - Executed action GD.API.Controllers.Doctor.DoctorController.GetDoctorInfoAsync (API) in 57ms
15:35:49 INFO  - Executed action GD.API.Controllers.Doctor.DoctorController.GetDoctorCertificateDetailAsync (API) in 27ms
15:35:55 INFO  - Executed action GD.API.Controllers.Doctor.DoctorController.GetIntegralInfoPageAsync (API) in 54ms
15:35:57 INFO  - Executed action GD.API.Controllers.Merchant.MerchantController.GetBusinessScopeListAsync (API) in 22ms
15:35:57 INFO  - Executed action GD.API.Controllers.System.DictionaryController.GetMerchantDictionaryAsync (API) in 21ms
15:35:57 INFO  - Executed action GD.API.Controllers.Merchant.MerchantController.GetMerchantPageAsync (API) in 70ms
15:36:00 INFO  - Executed action GD.API.Controllers.Doctor.DoctorController.GetDoctorJobTitlesAsync (API) in 47ms
15:36:00 INFO  - Executed action GD.API.Controllers.Doctor.DoctorController.GetDoctorCertificateDetailAsync (API) in 26ms
15:36:00 INFO  - Executed action GD.API.Controllers.Doctor.DoctorController.GetDoctorPageAsync (API) in 105ms
15:36:01 INFO  - Executed action GD.API.Controllers.Doctor.DoctorController.GetDoctorInfoAsync (API) in 68ms
15:36:01 INFO  - Executed action GD.API.Controllers.Doctor.DoctorController.GetDoctorCertificateDetailAsync (API) in 28ms
15:37:42 INFO  - Executed action GD.API.Controllers.Doctor.DoctorController.GetIntegralInfoPageAsync (API) in 54ms
15:37:50 INFO  - Executed action GD.API.Controllers.Doctor.DoctorController.GetReviewDoctorPageAsync (API) in 62ms
15:40:07 INFO  - Executed action GD.API.Controllers.System.ReviewRecordController.GetReviewRecordPageAsync (API) in 50ms
15:41:19 INFO  - Executed action GD.API.Controllers.Merchant.MerchantController.GetReviewMerchantPageAsync (API) in 69ms
15:41:20 INFO  - Executed action GD.API.Controllers.Merchant.MerchantController.GetBusinessScopeLicenseListAsync (API) in 31ms
15:41:21 INFO  - Executed action GD.API.Controllers.System.CertificateController.GetCertificateListAsync (API) in 23ms
15:48:04 INFO  - Executed action GD.API.Controllers.System.DictionaryController.GetMerchantDictionaryAsync (API) in 64ms
15:48:04 INFO  - Executed action GD.API.Controllers.Merchant.MerchantController.GetMerchantPageAsync (API) in 105ms
15:48:04 INFO  - Executed action GD.API.Controllers.Merchant.MerchantController.GetBusinessScopeListAsync (API) in 102ms
15:48:07 INFO  - Executed action GD.API.Controllers.Doctor.DoctorController.GetReviewDoctorPageAsync (API) in 45ms
15:48:09 INFO  - Executed action GD.API.Controllers.System.ReviewRecordController.GetReviewRecordPageAsync (API) in 51ms
15:48:37 INFO  - Executed action GD.API.Controllers.Doctor.DoctorController.GetDoctorCertificateDetailAsync (API) in 20ms
15:48:48 INFO  - Executed action GD.API.Controllers.Doctor.DoctorController.GetDoctorCertificateDetailAsync (API) in 34ms
15:48:54 INFO  - Executed action GD.API.Controllers.Doctor.DoctorController.GetDoctorCertificateDetailAsync (API) in 16ms
15:48:59 INFO  - Executed action GD.API.Controllers.Doctor.DoctorController.GetDoctorCertificateDetailAsync (API) in 18ms
15:49:03 INFO  - Executed action GD.API.Controllers.System.ReviewRecordController.GetReviewRecordPageAsync (API) in 52ms
16:07:15 INFO  - Executed action GD.API.Controllers.Doctor.DoctorController.GetReviewDoctorPageAsync (API) in 145ms
16:07:17 INFO  - Executed action GD.API.Controllers.Doctor.DoctorController.GetReviewDoctorPageAsync (API) in 75ms
16:07:19 INFO  - Executed action GD.API.Controllers.Doctor.DoctorController.GetReviewDoctorPageAsync (API) in 342ms
16:07:25 INFO  - Executed action GD.API.Controllers.Doctor.DoctorController.GetDoctorCertificateDetailAsync (API) in 75ms
16:07:25 INFO  - Executed action GD.API.Controllers.Doctor.DoctorController.GetDoctorPageAsync (API) in 149ms
16:07:25 INFO  - Executed action GD.API.Controllers.Doctor.DoctorController.GetDoctorJobTitlesAsync (API) in 140ms
16:07:27 INFO  - Executed action GD.API.Controllers.Doctor.DoctorController.GetDoctorPageAsync (API) in 131ms
16:07:29 INFO  - Executed action GD.API.Controllers.Doctor.DoctorController.GetDoctorPageAsync (API) in 126ms
16:07:31 INFO  - Executed action GD.API.Controllers.Doctor.DoctorController.GetDoctorPageAsync (API) in 120ms
16:07:35 INFO  - Executed action GD.API.Controllers.Doctor.DoctorController.DisableEnableDoctorAsync (API) in 88ms
16:07:49 INFO  - Executed action GD.API.Controllers.Doctor.DoctorController.DisableEnableDoctorAsync (API) in 56ms
16:07:51 INFO  - Executed action GD.API.Controllers.Doctor.DoctorController.GetDoctorPageAsync (API) in 120ms
16:07:56 INFO  - Executed action GD.API.Controllers.Doctor.DoctorController.GetIntegralInfoPageAsync (API) in 62ms
16:08:37 INFO  - Executed action GD.API.Controllers.Doctor.DoctorController.GetDoctorTopicAsync (API) in 422ms
16:08:40 INFO  - Executed action GD.API.Controllers.Doctor.DoctorController.TopicMessageAsync (API) in 67ms
16:08:43 INFO  - Executed action GD.API.Controllers.Doctor.DoctorController.TopicMessageAsync (API) in 68ms
16:11:39 INFO  - Executed action GD.API.Controllers.Doctor.DoctorController.GetIntegralInfoPageAsync (API) in 66ms
16:26:29 INFO  - Executed action GD.API.Controllers.Merchant.MerchantController.GetBusinessScopeListAsync (API) in 70ms
16:26:29 INFO  - Executed action GD.API.Controllers.System.DictionaryController.GetMerchantDictionaryAsync (API) in 97ms
16:26:29 INFO  - Executed action GD.API.Controllers.Merchant.MerchantController.GetMerchantPageAsync (API) in 124ms
16:26:31 INFO  - Executed action GD.API.Controllers.Doctor.DoctorController.GetDoctorPageAsync (API) in 162ms
16:26:33 INFO  - Executed action GD.API.Controllers.Mall.MemberController.GetMemberPageAsync (API) in 85ms
16:26:36 INFO  - Executed action GD.API.Controllers.Doctor.DoctorController.GetDoctorPageAsync (API) in 160ms
16:27:22 INFO  - Executed action GD.API.Controllers.Mall.MemberController.GetMemberPageAsync (API) in 80ms
16:27:34 INFO  - Executed action GD.API.Controllers.Merchant.MerchantController.GetReviewMerchantPageAsync (API) in 72ms
16:27:46 INFO  - Executed action GD.API.Controllers.Merchant.MerchantController.GetBusinessScopeListAsync (API) in 29ms
16:27:46 INFO  - Executed action GD.API.Controllers.System.DictionaryController.GetMerchantDictionaryAsync (API) in 34ms
16:27:46 INFO  - Executed action GD.API.Controllers.Merchant.MerchantController.GetMerchantPageAsync (API) in 55ms
16:27:58 INFO  - Executed action GD.API.Controllers.Utility.ArticleController.GetArticleTypeAsync (API) in 30ms
16:27:58 INFO  - Executed action GD.API.Controllers.Utility.ArticleController.GetArticleListAsync (API) in 146ms
16:28:00 INFO  - Executed action GD.API.Controllers.Manager.RecommendController.GetRecommendPageAsync (API) in 90ms
16:28:06 INFO  - Executed action GD.API.Controllers.Doctor.DoctorController.GetDoctorCertificateDetailAsync (API) in 31ms
16:28:06 INFO  - Executed action GD.API.Controllers.Doctor.DoctorController.GetDoctorJobTitlesAsync (API) in 63ms
16:28:06 INFO  - Executed action GD.API.Controllers.Doctor.DoctorController.GetDoctorPageAsync (API) in 120ms
16:32:27 INFO  - Executed action GD.API.Controllers.Doctor.DoctorController.GetDoctorInfoAsync (API) in 83ms
16:32:28 INFO  - Executed action GD.API.Controllers.Doctor.DoctorController.GetDoctorCertificateDetailAsync (API) in 25ms
17:00:40 INFO  - Executed action GD.API.Controllers.Utility.AccountController.LoginAdmin (API) in 676ms
17:00:41 INFO  - Executed action GD.API.Controllers.System.UserController.GetLoginUserInfoAsync (API) in 531ms
17:00:41 INFO  - Executed action GD.API.Controllers.System.HomeController.GetUserQtyAsync (API) in 61ms
17:00:41 INFO  - Executed action GD.API.Controllers.System.HomeController.GetMerchantQtyAsync (API) in 48ms
17:00:41 INFO  - Executed action GD.API.Controllers.System.HomeController.GetOrderQtyAsync (API) in 32ms
17:00:41 INFO  - Executed action GD.API.Controllers.System.HomeController.GetDoctorsQtyAsync (API) in 107ms
17:00:45 INFO  - Executed action GD.API.Controllers.Doctor.DoctorController.GetReviewDoctorPageAsync (API) in 68ms
17:00:47 INFO  - Executed action GD.API.Controllers.System.ReviewRecordController.GetReviewRecordPageAsync (API) in 52ms
17:00:48 INFO  - Executed action GD.API.Controllers.System.ReviewRecordController.GetReviewRecordPageAsync (API) in 39ms
17:00:49 INFO  - Executed action GD.API.Controllers.System.ReviewRecordController.GetReviewRecordPageAsync (API) in 39ms
17:00:51 INFO  - Executed action GD.API.Controllers.Merchant.MerchantController.GetReviewMerchantPageAsync (API) in 56ms
17:00:52 INFO  - Executed action GD.API.Controllers.System.ReviewRecordController.GetReviewRecordPageAsync (API) in 39ms
17:01:28 INFO  - Executed action GD.API.Controllers.System.ReviewRecordController.GetReviewRecordPageAsync (API) in 40ms
17:01:29 INFO  - Executed action GD.API.Controllers.System.UserController.GetLoginUserInfoAsync (API) in 131ms
17:01:29 INFO  - Executed action GD.API.Controllers.Merchant.MerchantController.GetReviewMerchantPageAsync (API) in 48ms
17:01:32 INFO  - Executed action GD.API.Controllers.System.ReviewRecordController.GetReviewRecordPageAsync (API) in 46ms
17:01:36 INFO  - Executed action GD.API.Controllers.System.ReviewRecordController.GetReviewRecordPageAsync (API) in 40ms
17:01:41 INFO  - Executed action GD.API.Controllers.System.ReviewRecordController.GetReviewRecordPageAsync (API) in 38ms
17:01:42 INFO  - Executed action GD.API.Controllers.System.ReviewRecordController.GetReviewRecordPageAsync (API) in 45ms
17:01:44 INFO  - Executed action GD.API.Controllers.System.ReviewRecordController.GetReviewRecordPageAsync (API) in 39ms
17:01:45 INFO  - Executed action GD.API.Controllers.System.ReviewRecordController.GetReviewRecordPageAsync (API) in 38ms
17:01:46 INFO  - Executed action GD.API.Controllers.System.ReviewRecordController.GetReviewRecordPageAsync (API) in 39ms
17:01:54 INFO  - Executed action GD.API.Controllers.Doctor.DoctorController.GetReviewDoctorPageAsync (API) in 46ms
17:01:55 INFO  - Executed action GD.API.Controllers.System.ReviewRecordController.GetReviewRecordPageAsync (API) in 44ms
17:01:57 INFO  - Executed action GD.API.Controllers.System.ReviewRecordController.GetReviewRecordPageAsync (API) in 41ms
17:01:58 INFO  - Executed action GD.API.Controllers.System.ReviewRecordController.GetReviewRecordPageAsync (API) in 39ms
17:02:00 INFO  - Executed action GD.API.Controllers.Doctor.DoctorController.GetReviewDoctorPageAsync (API) in 45ms
17:02:02 INFO  - Executed action GD.API.Controllers.System.ReviewRecordController.GetReviewRecordPageAsync (API) in 40ms
17:02:03 INFO  - Executed action GD.API.Controllers.System.ReviewRecordController.GetReviewRecordPageAsync (API) in 40ms
17:02:05 INFO  - Executed action GD.API.Controllers.Doctor.DoctorController.GetReviewDoctorPageAsync (API) in 46ms
17:02:07 INFO  - Executed action GD.API.Controllers.System.ReviewRecordController.GetReviewRecordPageAsync (API) in 39ms
17:02:08 INFO  - Executed action GD.API.Controllers.System.ReviewRecordController.GetReviewRecordPageAsync (API) in 40ms
17:02:09 INFO  - Executed action GD.API.Controllers.System.ReviewRecordController.GetReviewRecordPageAsync (API) in 42ms
17:02:11 INFO  - Executed action GD.API.Controllers.System.ReviewRecordController.GetReviewRecordPageAsync (API) in 46ms
17:02:13 INFO  - Executed action GD.API.Controllers.System.ReviewRecordController.GetReviewRecordPageAsync (API) in 40ms
17:02:21 INFO  - Executed action GD.API.Controllers.Doctor.DoctorController.GetReviewDoctorPageAsync (API) in 48ms
17:02:23 INFO  - Executed action GD.API.Controllers.Doctor.DoctorController.GetReviewDoctorPageAsync (API) in 62ms
17:02:25 INFO  - Executed action GD.API.Controllers.System.ReviewRecordController.GetReviewRecordPageAsync (API) in 40ms
17:03:09 INFO  - Executed action GD.API.Controllers.System.UserController.GetLoginUserInfoAsync (API) in 121ms
17:03:09 INFO  - Executed action GD.API.Controllers.Doctor.DoctorController.GetReviewDoctorPageAsync (API) in 42ms
17:03:10 INFO  - Executed action GD.API.Controllers.System.ReviewRecordController.GetReviewRecordPageAsync (API) in 36ms
17:03:13 INFO  - Executed action GD.API.Controllers.System.ReviewRecordController.GetReviewRecordPageAsync (API) in 39ms
17:04:46 INFO  - Executed action GD.API.Controllers.Doctor.DoctorController.GetReviewDoctorPageAsync (API) in 51ms
17:04:48 INFO  - Executed action GD.API.Controllers.System.ReviewRecordController.GetReviewRecordPageAsync (API) in 39ms
17:04:50 INFO  - Executed action GD.API.Controllers.System.ReviewRecordController.GetReviewRecordPageAsync (API) in 67ms
17:06:23 INFO  - Executed action GD.API.Controllers.System.UserController.GetLoginUserInfoAsync (API) in 122ms
17:06:23 INFO  - Executed action GD.API.Controllers.Doctor.DoctorController.GetReviewDoctorPageAsync (API) in 45ms
17:06:24 INFO  - Executed action GD.API.Controllers.System.ReviewRecordController.GetReviewRecordPageAsync (API) in 39ms
17:06:26 INFO  - Executed action GD.API.Controllers.System.ReviewRecordController.GetReviewRecordPageAsync (API) in 40ms
17:06:46 INFO  - Executed action GD.API.Controllers.System.ReviewRecordController.GetReviewRecordPageAsync (API) in 43ms
17:06:49 INFO  - Executed action GD.API.Controllers.System.ReviewRecordController.GetReviewRecordPageAsync (API) in 82ms
17:06:51 INFO  - Executed action GD.API.Controllers.System.ReviewRecordController.GetReviewRecordPageAsync (API) in 41ms
17:07:20 INFO  - Executed action GD.API.Controllers.System.UserController.GetLoginUserInfoAsync (API) in 119ms
17:07:21 INFO  - Executed action GD.API.Controllers.Doctor.DoctorController.GetReviewDoctorPageAsync (API) in 42ms
17:07:22 INFO  - Executed action GD.API.Controllers.System.ReviewRecordController.GetReviewRecordPageAsync (API) in 38ms
17:07:29 INFO  - Executed action GD.API.Controllers.System.ReviewRecordController.GetReviewRecordPageAsync (API) in 66ms
17:07:32 INFO  - Executed action GD.API.Controllers.System.ReviewRecordController.GetReviewRecordPageAsync (API) in 38ms
17:07:39 INFO  - Executed action GD.API.Controllers.System.ReviewRecordController.GetReviewRecordPageAsync (API) in 36ms
17:08:43 INFO  - Executed action GD.API.Controllers.System.ReviewRecordController.GetReviewRecordPageAsync (API) in 41ms
17:10:29 INFO  - Executed action GD.API.Controllers.System.UserController.GetLoginUserInfoAsync (API) in 125ms
17:10:30 INFO  - Executed action GD.API.Controllers.Doctor.DoctorController.GetReviewDoctorPageAsync (API) in 50ms
17:10:31 INFO  - Executed action GD.API.Controllers.System.ReviewRecordController.GetReviewRecordPageAsync (API) in 45ms
17:10:34 INFO  - Executed action GD.API.Controllers.System.ReviewRecordController.GetReviewRecordPageAsync (API) in 45ms
17:10:35 INFO  - Executed action GD.API.Controllers.System.ReviewRecordController.GetReviewRecordPageAsync (API) in 52ms
17:10:37 INFO  - Executed action GD.API.Controllers.System.ReviewRecordController.GetReviewRecordPageAsync (API) in 40ms
17:10:38 INFO  - Executed action GD.API.Controllers.System.ReviewRecordController.GetReviewRecordPageAsync (API) in 40ms
17:10:43 INFO  - Executed action GD.API.Controllers.System.ReviewRecordController.GetReviewRecordPageAsync (API) in 50ms
17:11:00 INFO  - Executed action GD.API.Controllers.Doctor.DoctorController.GetDoctorCertificateDetailAsync (API) in 24ms
17:11:06 INFO  - Executed action GD.API.Controllers.Doctor.DoctorController.ReviewRejectDoctorAsync (API) in 115ms
17:11:06 INFO  - Executed action GD.API.Controllers.Doctor.DoctorController.GetReviewDoctorPageAsync (API) in 44ms
17:11:08 INFO  - Executed action GD.API.Controllers.System.ReviewRecordController.GetReviewRecordPageAsync (API) in 40ms
17:11:11 INFO  - Executed action GD.API.Controllers.Doctor.DoctorController.GetDoctorCertificateDetailAsync (API) in 72ms
17:11:13 INFO  - Executed action GD.API.Controllers.Doctor.DoctorController.ReviewApprovedDoctorAsync (API) in 68ms
17:11:14 INFO  - Executed action GD.API.Controllers.Doctor.DoctorController.GetReviewDoctorPageAsync (API) in 48ms
17:11:17 INFO  - Executed action GD.API.Controllers.System.ReviewRecordController.GetReviewRecordPageAsync (API) in 41ms
17:11:26 INFO  - Executed action GD.API.Controllers.System.ReviewRecordController.GetReviewRecordPageAsync (API) in 40ms
17:11:48 INFO  - Executed action GD.API.Controllers.System.ReviewRecordController.GetReviewRecordPageAsync (API) in 39ms
17:11:59 INFO  - Executed action GD.API.Controllers.Merchant.MerchantController.GetReviewMerchantPageAsync (API) in 60ms
17:12:00 INFO  - Executed action GD.API.Controllers.System.ReviewRecordController.GetReviewRecordPageAsync (API) in 38ms
17:12:03 INFO  - Executed action GD.API.Controllers.Doctor.DoctorController.GetReviewDoctorPageAsync (API) in 44ms
17:12:04 INFO  - Executed action GD.API.Controllers.Merchant.MerchantController.GetReviewMerchantPageAsync (API) in 45ms
17:12:05 INFO  - Executed action GD.API.Controllers.Doctor.DoctorController.GetReviewDoctorPageAsync (API) in 41ms
17:12:08 INFO  - Executed action GD.API.Controllers.Merchant.MerchantController.GetReviewMerchantPageAsync (API) in 41ms
17:12:37 INFO  - Executed action GD.API.Controllers.Merchant.MerchantController.GetReviewMerchantPageAsync (API) in 48ms
17:12:48 INFO  - Executed action GD.API.Controllers.Merchant.MerchantController.GetBusinessScopeLicenseListAsync (API) in 27ms
17:12:49 INFO  - Executed action GD.API.Controllers.System.CertificateController.GetCertificateListAsync (API) in 21ms
17:13:10 INFO  - Executed action GD.API.Controllers.Utility.ArticleController.GetArticleTypeAsync (API) in 3515ms
17:13:10 INFO  - Executed action GD.API.Controllers.Utility.ArticleController.GetArticleListAsync (API) in 135ms
17:13:13 INFO  - Executed action GD.API.Controllers.Manager.RecommendController.GetRecommendPageAsync (API) in 56ms
17:13:16 INFO  - Executed action GD.API.Controllers.Utility.ArticleController.GetArticleTypeAsync (API) in 22ms
17:13:16 INFO  - Executed action GD.API.Controllers.Utility.ArticleController.GetArticleListAsync (API) in 115ms
17:13:17 INFO  - Executed action GD.API.Controllers.Utility.ArticleController.GetArticleInfoAsync (API) in 98ms
17:13:25 INFO  - Executed action GD.API.Controllers.Utility.ArticleController.GetArticleInfoAsync (API) in 52ms
17:13:36 INFO  - Executed action GD.API.Controllers.Manager.RecommendController.GetRecommendPageAsync (API) in 50ms
17:13:38 INFO  - Executed action GD.API.Controllers.Manager.RecommendController.GetRecommendArticleListAsync (API) in 131ms
17:14:18 INFO  - Executed action GD.API.Controllers.Manager.RecommendController.GetRecommendPageAsync (API) in 42ms
17:14:55 INFO  - Executed action GD.API.Controllers.System.UserController.GetLoginUserInfoAsync (API) in 119ms
17:14:56 INFO  - Executed action GD.API.Controllers.Manager.RecommendController.GetRecommendPageAsync (API) in 40ms
17:15:21 INFO  - Executed action GD.API.Controllers.Manager.RecommendController.GetRecommendPageAsync (API) in 44ms
17:15:40 INFO  - Executed action GD.API.Controllers.Manager.RecommendController.GetRecommendArticleListAsync (API) in 47ms
17:15:42 INFO  - Executed action GD.API.Controllers.Manager.RecommendController.GetRecommendArticleListAsync (API) in 56ms
17:16:36 INFO  - Executed action GD.API.Controllers.System.UserController.GetLoginUserInfoAsync (API) in 133ms
17:16:37 INFO  - Executed action GD.API.Controllers.Manager.RecommendController.GetRecommendPageAsync (API) in 58ms
17:17:25 INFO  - Executed action GD.API.Controllers.Manager.RecommendController.GetRecommendPageAsync (API) in 42ms
17:17:45 INFO  - Executed action GD.API.Controllers.System.UserController.GetLoginUserInfoAsync (API) in 146ms
17:17:45 INFO  - Executed action GD.API.Controllers.Manager.RecommendController.GetRecommendPageAsync (API) in 40ms
17:18:25 INFO  - Executed action GD.API.Controllers.Manager.RecommendController.GetRecommendPageAsync (API) in 47ms
17:20:13 INFO  - Executed action GD.API.Controllers.Manager.RecommendController.GetRecommendPageAsync (API) in 75ms
17:20:37 INFO  - Executed action GD.API.Controllers.Manager.RecommendController.GetRecommendPageAsync (API) in 49ms
17:20:58 INFO  - Executed action GD.API.Controllers.Manager.RecommendController.GetRecommendArticleListAsync (API) in 61ms
17:49:54 INFO  - Executed action GD.API.Controllers.Utility.AccountController.LoginAdmin (API) in 59ms
17:49:54 INFO  - Executed action GD.API.Controllers.System.DictionaryController.GetFaqsSettingTypeAsync (API) in 20ms
17:49:55 INFO  - Executed action GD.API.Controllers.Faqs.FaqsController.SearchFaqsQuestionAsync (API) in 167ms
17:49:58 INFO  - Executed action GD.API.Controllers.Faqs.FaqsController.SearchFaqsQuestionAsync (API) in 68ms
17:49:59 INFO  - Executed action GD.API.Controllers.Faqs.FaqsController.SearchFaqsQuestionAsync (API) in 69ms
17:51:45 INFO  - Executed action GD.API.Controllers.System.UserController.GetLoginUserInfoAsync (API) in 153ms
17:51:45 INFO  - Executed action GD.API.Controllers.System.DictionaryController.GetFaqsSettingTypeAsync (API) in 22ms
17:51:45 INFO  - Executed action GD.API.Controllers.Faqs.FaqsController.SearchFaqsQuestionAsync (API) in 105ms
17:51:52 INFO  - Executed action GD.API.Controllers.Faqs.FaqsController.SearchFaqsQuestionAsync (API) in 82ms
17:51:57 INFO  - Executed action GD.API.Controllers.Faqs.FaqsController.SearchFaqsQuestionAsync (API) in 64ms
17:51:58 INFO  - Executed action GD.API.Controllers.Faqs.FaqsController.SearchFaqsQuestionAsync (API) in 83ms
17:51:59 INFO  - Executed action GD.API.Controllers.Faqs.FaqsController.SearchFaqsQuestionAsync (API) in 85ms
17:52:01 INFO  - Executed action GD.API.Controllers.Faqs.FaqsController.SearchFaqsQuestionAsync (API) in 71ms
17:52:01 INFO  - Executed action GD.API.Controllers.Faqs.FaqsController.SearchFaqsQuestionAsync (API) in 80ms
17:52:03 INFO  - Executed action GD.API.Controllers.Faqs.FaqsController.SearchFaqsQuestionAsync (API) in 68ms
17:52:04 INFO  - Executed action GD.API.Controllers.Faqs.FaqsController.SearchFaqsQuestionAsync (API) in 92ms
17:52:06 INFO  - Executed action GD.API.Controllers.Faqs.FaqsController.SearchFaqsQuestionAsync (API) in 82ms
17:52:07 INFO  - Executed action GD.API.Controllers.Faqs.FaqsController.SearchFaqsQuestionAsync (API) in 86ms
17:52:08 INFO  - Executed action GD.API.Controllers.Faqs.FaqsController.SearchFaqsQuestionAsync (API) in 79ms
17:52:08 INFO  - Executed action GD.API.Controllers.Faqs.FaqsController.SearchFaqsQuestionAsync (API) in 91ms
17:53:43 INFO  - Executed action GD.API.Controllers.Faqs.FaqsController.SearchFaqsQuestionAsync (API) in 74ms
19:12:37 INFO  - Executed action GD.API.Controllers.Faqs.FaqsController.SearchFaqsQuestionAsync (API) in 234ms
19:12:40 INFO  - Executed action GD.API.Controllers.Faqs.FaqsController.SearchFaqsQuestionAsync (API) in 121ms
19:12:41 INFO  - Executed action GD.API.Controllers.Faqs.FaqsController.SearchFaqsQuestionAsync (API) in 145ms
19:12:42 INFO  - Executed action GD.API.Controllers.Faqs.FaqsController.DisableEnableFaqsQuestionAsync (API) in 85ms
19:12:43 INFO  - Executed action GD.API.Controllers.Faqs.FaqsController.DisableEnableFaqsQuestionAsync (API) in 59ms
19:12:45 INFO  - Executed action GD.API.Controllers.Faqs.FaqsController.DisableEnableFaqsQuestionAsync (API) in 76ms
19:12:49 INFO  - Executed action GD.API.Controllers.Faqs.FaqsController.DisableEnableFaqsQuestionAsync (API) in 66ms
19:13:18 INFO  - Executed action GD.API.Controllers.Merchant.MerchantController.GetReviewMerchantPageAsync (API) in 69ms
19:13:22 INFO  - Executed action GD.API.Controllers.Utility.ArticleController.GetArticleTypeAsync (API) in 32ms
19:13:23 INFO  - Executed action GD.API.Controllers.Utility.ArticleController.GetArticleListAsync (API) in 136ms
19:13:28 INFO  - Executed action GD.API.Controllers.Utility.ArticleController.DisableEnableArticleAsync (API) in 91ms
19:13:28 INFO  - Executed action GD.API.Controllers.Utility.ArticleController.GetArticleListAsync (API) in 148ms
19:13:29 INFO  - Executed action GD.API.Controllers.Utility.ArticleController.DisableEnableArticleAsync (API) in 58ms
19:13:30 INFO  - Executed action GD.API.Controllers.Utility.ArticleController.GetArticleListAsync (API) in 134ms
19:13:34 INFO  - Executed action GD.API.Controllers.Utility.ArticleController.GetArticleInfoAsync (API) in 96ms
19:13:52 INFO  - Executed action GD.API.Controllers.Utility.ArticleController.UpdateArticleAsync (API) in 169ms
19:13:52 INFO  - Executed action GD.API.Controllers.Utility.ArticleController.GetArticleListAsync (API) in 139ms
19:13:54 INFO  - Executed action GD.API.Controllers.Utility.ArticleController.GetArticleInfoAsync (API) in 105ms
19:13:57 INFO  - Executed action GD.API.Controllers.Utility.ArticleController.GetArticleInfoAsync (API) in 95ms
19:14:05 INFO  - Executed action GD.API.Controllers.Utility.ArticleController.GetArticleInfoAsync (API) in 97ms
19:15:31 INFO  - Executed action GD.API.Controllers.Doctor.DoctorController.GetDoctorJobTitlesAsync (API) in 101ms
19:15:31 INFO  - Executed action GD.API.Controllers.Doctor.HospitalController.GetHospitalAllSelectAsync (API) in 101ms
19:15:31 INFO  - Executed action GD.API.Controllers.Doctor.DoctorController.GetDoctorCertificateDetailAsync (API) in 100ms
19:15:31 INFO  - Executed action GD.API.Controllers.Doctor.DoctorController.GetDoctorPageAsync (API) in 268ms
19:15:33 INFO  - Executed action GD.API.Controllers.Merchant.MerchantController.GetBusinessScopeListAsync (API) in 58ms
19:15:33 INFO  - Executed action GD.API.Controllers.Merchant.MerchantController.GetHospitalSelectAsync (API) in 41ms
19:15:33 INFO  - Executed action GD.API.Controllers.System.DictionaryController.GetMerchantDictionaryAsync (API) in 33ms
19:15:33 INFO  - Executed action GD.API.Controllers.Merchant.MerchantController.GetMerchantPageAsync (API) in 125ms
