08:57:27 INFO  - 开始保存聊天消息数据
08:57:27 INFO  - 聊天消息数据保存完成，共处理条 0 数据。耗时：0时0分0秒15毫秒
08:58:27 INFO  - 开始保存聊天消息数据
08:58:27 INFO  - 聊天消息数据保存完成，共处理条 0 数据。耗时：0时0分0秒8毫秒
08:59:27 INFO  - 开始保存聊天消息数据
08:59:27 INFO  - 聊天消息数据保存完成，共处理条 0 数据。耗时：0时0分0秒12毫秒
09:00:27 INFO  - 开始保存聊天消息数据
09:00:27 INFO  - 聊天消息数据保存完成，共处理条 0 数据。耗时：0时0分0秒13毫秒
09:01:27 INFO  - 开始保存聊天消息数据
09:01:27 INFO  - 聊天消息数据保存完成，共处理条 0 数据。耗时：0时0分0秒35毫秒
09:02:27 INFO  - 开始保存聊天消息数据
09:02:27 INFO  - 聊天消息数据保存完成，共处理条 0 数据。耗时：0时0分0秒12毫秒
09:03:27 INFO  - 开始保存聊天消息数据
09:03:27 INFO  - 聊天消息数据保存完成，共处理条 0 数据。耗时：0时0分0秒11毫秒
09:04:27 INFO  - 开始保存聊天消息数据
09:04:27 INFO  - 聊天消息数据保存完成，共处理条 0 数据。耗时：0时0分0秒8毫秒
09:05:27 INFO  - 开始保存聊天消息数据
09:05:27 INFO  - 聊天消息数据保存完成，共处理条 0 数据。耗时：0时0分0秒68毫秒
09:06:27 INFO  - 开始保存聊天消息数据
09:06:27 INFO  - 聊天消息数据保存完成，共处理条 0 数据。耗时：0时0分0秒12毫秒
09:07:27 INFO  - 开始保存聊天消息数据
09:07:27 INFO  - 聊天消息数据保存完成，共处理条 0 数据。耗时：0时0分0秒12毫秒
09:08:27 INFO  - 开始保存聊天消息数据
09:08:27 INFO  - 聊天消息数据保存完成，共处理条 0 数据。耗时：0时0分0秒8毫秒
09:09:27 INFO  - 开始保存聊天消息数据
09:09:27 INFO  - 聊天消息数据保存完成，共处理条 0 数据。耗时：0时0分0秒39毫秒
09:10:27 INFO  - 开始保存聊天消息数据
09:10:27 INFO  - 聊天消息数据保存完成，共处理条 0 数据。耗时：0时0分0秒22毫秒
09:11:27 INFO  - 开始保存聊天消息数据
09:11:27 INFO  - 聊天消息数据保存完成，共处理条 0 数据。耗时：0时0分0秒10毫秒
09:12:27 INFO  - 开始保存聊天消息数据
09:12:27 INFO  - 聊天消息数据保存完成，共处理条 0 数据。耗时：0时0分0秒31毫秒
09:13:27 INFO  - 开始保存聊天消息数据
09:13:27 INFO  - 聊天消息数据保存完成，共处理条 0 数据。耗时：0时0分0秒13毫秒
09:14:27 INFO  - 开始保存聊天消息数据
09:14:27 INFO  - 聊天消息数据保存完成，共处理条 0 数据。耗时：0时0分0秒13毫秒
09:15:27 INFO  - 开始保存聊天消息数据
09:15:27 INFO  - 聊天消息数据保存完成，共处理条 0 数据。耗时：0时0分0秒11毫秒
09:16:27 INFO  - 开始保存聊天消息数据
09:16:27 INFO  - 聊天消息数据保存完成，共处理条 0 数据。耗时：0时0分0秒11毫秒
09:17:27 INFO  - 开始保存聊天消息数据
09:17:27 INFO  - 聊天消息数据保存完成，共处理条 0 数据。耗时：0时0分0秒13毫秒
09:18:27 INFO  - 开始保存聊天消息数据
09:18:27 INFO  - 聊天消息数据保存完成，共处理条 0 数据。耗时：0时0分0秒8毫秒
09:19:27 INFO  - 开始保存聊天消息数据
09:19:27 INFO  - 聊天消息数据保存完成，共处理条 0 数据。耗时：0时0分0秒56毫秒
09:20:27 INFO  - 开始保存聊天消息数据
09:20:27 INFO  - 聊天消息数据保存完成，共处理条 0 数据。耗时：0时0分0秒107毫秒
09:21:27 INFO  - 开始保存聊天消息数据
09:21:27 INFO  - 聊天消息数据保存完成，共处理条 0 数据。耗时：0时0分0秒137毫秒
09:22:27 INFO  - 开始保存聊天消息数据
09:22:27 INFO  - 聊天消息数据保存完成，共处理条 0 数据。耗时：0时0分0秒70毫秒
09:23:27 INFO  - 开始保存聊天消息数据
09:23:27 INFO  - 聊天消息数据保存完成，共处理条 0 数据。耗时：0时0分0秒11毫秒
09:24:27 INFO  - 开始保存聊天消息数据
09:24:27 INFO  - 聊天消息数据保存完成，共处理条 0 数据。耗时：0时0分0秒10毫秒
09:25:27 INFO  - 开始保存聊天消息数据
09:25:27 INFO  - 聊天消息数据保存完成，共处理条 0 数据。耗时：0时0分0秒19毫秒
09:26:27 INFO  - 开始保存聊天消息数据
09:26:27 INFO  - 聊天消息数据保存完成，共处理条 0 数据。耗时：0时0分0秒12毫秒
09:27:27 INFO  - 开始保存聊天消息数据
09:27:27 INFO  - 聊天消息数据保存完成，共处理条 0 数据。耗时：0时0分0秒11毫秒
09:28:27 INFO  - 开始保存聊天消息数据
09:28:27 INFO  - 聊天消息数据保存完成，共处理条 0 数据。耗时：0时0分0秒12毫秒
09:29:27 INFO  - 开始保存聊天消息数据
09:29:27 INFO  - 聊天消息数据保存完成，共处理条 0 数据。耗时：0时0分0秒132毫秒
09:30:27 INFO  - 开始保存聊天消息数据
09:30:27 INFO  - 聊天消息数据保存完成，共处理条 0 数据。耗时：0时0分0秒10毫秒
09:31:27 INFO  - 开始保存聊天消息数据
09:31:27 INFO  - 聊天消息数据保存完成，共处理条 0 数据。耗时：0时0分0秒11毫秒
09:32:27 INFO  - 开始保存聊天消息数据
09:32:27 INFO  - 聊天消息数据保存完成，共处理条 0 数据。耗时：0时0分0秒11毫秒
09:33:27 INFO  - 开始保存聊天消息数据
09:33:27 INFO  - 聊天消息数据保存完成，共处理条 0 数据。耗时：0时0分0秒8毫秒
09:34:27 INFO  - 开始保存聊天消息数据
09:34:27 INFO  - 聊天消息数据保存完成，共处理条 0 数据。耗时：0时0分0秒13毫秒
09:35:27 INFO  - 开始保存聊天消息数据
09:35:27 INFO  - 聊天消息数据保存完成，共处理条 0 数据。耗时：0时0分0秒8毫秒
09:36:27 INFO  - 开始保存聊天消息数据
09:36:27 INFO  - 聊天消息数据保存完成，共处理条 0 数据。耗时：0时0分0秒13毫秒
09:37:27 INFO  - 开始保存聊天消息数据
09:37:27 INFO  - 聊天消息数据保存完成，共处理条 0 数据。耗时：0时0分0秒7毫秒
09:38:27 INFO  - 开始保存聊天消息数据
09:38:27 INFO  - 聊天消息数据保存完成，共处理条 0 数据。耗时：0时0分0秒11毫秒
09:39:27 INFO  - 开始保存聊天消息数据
09:39:27 INFO  - 聊天消息数据保存完成，共处理条 0 数据。耗时：0时0分0秒7毫秒
09:40:27 INFO  - 开始保存聊天消息数据
09:40:27 INFO  - 聊天消息数据保存完成，共处理条 0 数据。耗时：0时0分0秒7毫秒
09:41:27 INFO  - 开始保存聊天消息数据
09:41:27 INFO  - 聊天消息数据保存完成，共处理条 0 数据。耗时：0时0分0秒11毫秒
09:42:27 INFO  - 开始保存聊天消息数据
09:42:27 INFO  - 聊天消息数据保存完成，共处理条 0 数据。耗时：0时0分0秒11毫秒
09:43:27 INFO  - 开始保存聊天消息数据
09:43:27 INFO  - 聊天消息数据保存完成，共处理条 0 数据。耗时：0时0分0秒11毫秒
09:44:27 INFO  - 开始保存聊天消息数据
09:44:27 INFO  - 聊天消息数据保存完成，共处理条 0 数据。耗时：0时0分0秒8毫秒
09:45:27 INFO  - 开始保存聊天消息数据
09:45:27 INFO  - 聊天消息数据保存完成，共处理条 0 数据。耗时：0时0分0秒8毫秒
09:46:27 INFO  - 开始保存聊天消息数据
09:46:27 INFO  - 聊天消息数据保存完成，共处理条 0 数据。耗时：0时0分0秒11毫秒
09:47:27 INFO  - 开始保存聊天消息数据
09:47:27 INFO  - 聊天消息数据保存完成，共处理条 0 数据。耗时：0时0分0秒9毫秒
09:48:27 INFO  - 开始保存聊天消息数据
09:48:27 INFO  - 聊天消息数据保存完成，共处理条 0 数据。耗时：0时0分0秒11毫秒
09:49:27 INFO  - 开始保存聊天消息数据
09:49:27 INFO  - 聊天消息数据保存完成，共处理条 0 数据。耗时：0时0分0秒11毫秒
09:50:27 INFO  - 开始保存聊天消息数据
09:50:27 INFO  - 聊天消息数据保存完成，共处理条 0 数据。耗时：0时0分0秒12毫秒
09:51:27 INFO  - 开始保存聊天消息数据
09:51:27 INFO  - 聊天消息数据保存完成，共处理条 0 数据。耗时：0时0分0秒9毫秒
09:52:27 INFO  - 开始保存聊天消息数据
09:52:27 INFO  - 聊天消息数据保存完成，共处理条 0 数据。耗时：0时0分0秒14毫秒
09:53:27 INFO  - 开始保存聊天消息数据
09:53:27 INFO  - 聊天消息数据保存完成，共处理条 0 数据。耗时：0时0分0秒11毫秒
09:54:27 INFO  - 开始保存聊天消息数据
09:54:27 INFO  - 聊天消息数据保存完成，共处理条 0 数据。耗时：0时0分0秒11毫秒
09:55:27 INFO  - 开始保存聊天消息数据
09:55:27 INFO  - 聊天消息数据保存完成，共处理条 0 数据。耗时：0时0分0秒15毫秒
09:56:27 INFO  - 开始保存聊天消息数据
09:56:27 INFO  - 聊天消息数据保存完成，共处理条 0 数据。耗时：0时0分0秒11毫秒
09:57:27 INFO  - 开始保存聊天消息数据
09:57:27 INFO  - 聊天消息数据保存完成，共处理条 0 数据。耗时：0时0分0秒12毫秒
09:58:27 INFO  - 开始保存聊天消息数据
09:58:27 INFO  - 聊天消息数据保存完成，共处理条 0 数据。耗时：0时0分0秒11毫秒
09:59:27 INFO  - 开始保存聊天消息数据
09:59:27 INFO  - 聊天消息数据保存完成，共处理条 0 数据。耗时：0时0分0秒8毫秒
10:00:27 INFO  - 开始保存聊天消息数据
10:00:27 INFO  - 聊天消息数据保存完成，共处理条 0 数据。耗时：0时0分0秒11毫秒
10:01:27 INFO  - 开始保存聊天消息数据
10:01:27 INFO  - 聊天消息数据保存完成，共处理条 0 数据。耗时：0时0分0秒13毫秒
10:02:27 INFO  - 开始保存聊天消息数据
10:02:27 INFO  - 聊天消息数据保存完成，共处理条 0 数据。耗时：0时0分0秒10毫秒
10:03:27 INFO  - 开始保存聊天消息数据
10:03:27 INFO  - 聊天消息数据保存完成，共处理条 0 数据。耗时：0时0分0秒12毫秒
10:04:27 INFO  - 开始保存聊天消息数据
10:04:27 INFO  - 聊天消息数据保存完成，共处理条 0 数据。耗时：0时0分0秒10毫秒
10:05:27 INFO  - 开始保存聊天消息数据
10:05:27 INFO  - 聊天消息数据保存完成，共处理条 0 数据。耗时：0时0分0秒7毫秒
10:06:27 INFO  - 开始保存聊天消息数据
10:06:27 INFO  - 聊天消息数据保存完成，共处理条 0 数据。耗时：0时0分0秒12毫秒
10:07:27 INFO  - 开始保存聊天消息数据
10:07:27 INFO  - 聊天消息数据保存完成，共处理条 0 数据。耗时：0时0分0秒32毫秒
10:08:27 INFO  - 开始保存聊天消息数据
10:08:27 INFO  - 聊天消息数据保存完成，共处理条 0 数据。耗时：0时0分0秒11毫秒
10:09:27 INFO  - 开始保存聊天消息数据
10:09:27 INFO  - 聊天消息数据保存完成，共处理条 0 数据。耗时：0时0分0秒8毫秒
10:10:27 INFO  - 开始保存聊天消息数据
10:10:27 INFO  - 聊天消息数据保存完成，共处理条 0 数据。耗时：0时0分0秒7毫秒
10:11:27 INFO  - 开始保存聊天消息数据
10:11:27 INFO  - 聊天消息数据保存完成，共处理条 0 数据。耗时：0时0分0秒10毫秒
10:12:27 INFO  - 开始保存聊天消息数据
10:12:27 INFO  - 聊天消息数据保存完成，共处理条 0 数据。耗时：0时0分0秒12毫秒
10:13:27 INFO  - 开始保存聊天消息数据
10:13:27 INFO  - 聊天消息数据保存完成，共处理条 0 数据。耗时：0时0分0秒10毫秒
10:14:27 INFO  - 开始保存聊天消息数据
10:14:27 INFO  - 聊天消息数据保存完成，共处理条 0 数据。耗时：0时0分0秒13毫秒
10:15:27 INFO  - 开始保存聊天消息数据
10:15:27 INFO  - 聊天消息数据保存完成，共处理条 0 数据。耗时：0时0分0秒11毫秒
10:16:27 INFO  - 开始保存聊天消息数据
10:16:27 INFO  - 聊天消息数据保存完成，共处理条 0 数据。耗时：0时0分0秒9毫秒
10:17:27 INFO  - 开始保存聊天消息数据
10:17:27 INFO  - 聊天消息数据保存完成，共处理条 0 数据。耗时：0时0分0秒12毫秒
10:18:27 INFO  - 开始保存聊天消息数据
10:18:27 INFO  - 聊天消息数据保存完成，共处理条 0 数据。耗时：0时0分0秒8毫秒
10:19:27 INFO  - 开始保存聊天消息数据
10:19:27 INFO  - 聊天消息数据保存完成，共处理条 0 数据。耗时：0时0分0秒11毫秒
10:20:27 INFO  - 开始保存聊天消息数据
10:20:27 INFO  - 聊天消息数据保存完成，共处理条 0 数据。耗时：0时0分0秒8毫秒
10:21:27 INFO  - 开始保存聊天消息数据
10:21:27 INFO  - 聊天消息数据保存完成，共处理条 0 数据。耗时：0时0分0秒8毫秒
10:22:27 INFO  - 开始保存聊天消息数据
10:22:27 INFO  - 聊天消息数据保存完成，共处理条 0 数据。耗时：0时0分0秒11毫秒
10:23:27 INFO  - 开始保存聊天消息数据
10:23:27 INFO  - 聊天消息数据保存完成，共处理条 0 数据。耗时：0时0分0秒11毫秒
10:24:27 INFO  - 开始保存聊天消息数据
10:24:27 INFO  - 聊天消息数据保存完成，共处理条 0 数据。耗时：0时0分0秒9毫秒
10:25:27 INFO  - 开始保存聊天消息数据
10:25:27 INFO  - 聊天消息数据保存完成，共处理条 0 数据。耗时：0时0分0秒11毫秒
10:26:27 INFO  - 开始保存聊天消息数据
10:26:27 INFO  - 聊天消息数据保存完成，共处理条 0 数据。耗时：0时0分0秒7毫秒
10:27:27 INFO  - 开始保存聊天消息数据
10:27:27 INFO  - 聊天消息数据保存完成，共处理条 0 数据。耗时：0时0分0秒11毫秒
10:28:27 INFO  - 开始保存聊天消息数据
10:28:27 INFO  - 聊天消息数据保存完成，共处理条 0 数据。耗时：0时0分0秒11毫秒
10:29:27 INFO  - 开始保存聊天消息数据
10:29:27 INFO  - 聊天消息数据保存完成，共处理条 0 数据。耗时：0时0分0秒7毫秒
10:30:27 INFO  - 开始保存聊天消息数据
10:30:27 INFO  - 聊天消息数据保存完成，共处理条 0 数据。耗时：0时0分0秒10毫秒
10:31:27 INFO  - 开始保存聊天消息数据
10:31:27 INFO  - 聊天消息数据保存完成，共处理条 0 数据。耗时：0时0分0秒8毫秒
10:32:27 INFO  - 开始保存聊天消息数据
10:32:27 INFO  - 聊天消息数据保存完成，共处理条 0 数据。耗时：0时0分0秒7毫秒
10:33:27 INFO  - 开始保存聊天消息数据
10:33:27 INFO  - 聊天消息数据保存完成，共处理条 0 数据。耗时：0时0分0秒10毫秒
10:34:27 INFO  - 开始保存聊天消息数据
10:34:27 INFO  - 聊天消息数据保存完成，共处理条 0 数据。耗时：0时0分0秒10毫秒
10:35:27 INFO  - 开始保存聊天消息数据
10:35:27 INFO  - 聊天消息数据保存完成，共处理条 0 数据。耗时：0时0分0秒10毫秒
10:36:27 INFO  - 开始保存聊天消息数据
10:36:27 INFO  - 聊天消息数据保存完成，共处理条 0 数据。耗时：0时0分0秒8毫秒
10:37:27 INFO  - 开始保存聊天消息数据
10:37:27 INFO  - 聊天消息数据保存完成，共处理条 0 数据。耗时：0时0分0秒10毫秒
10:38:27 INFO  - 开始保存聊天消息数据
10:38:27 INFO  - 聊天消息数据保存完成，共处理条 0 数据。耗时：0时0分0秒12毫秒
10:39:27 INFO  - 开始保存聊天消息数据
10:39:27 INFO  - 聊天消息数据保存完成，共处理条 0 数据。耗时：0时0分0秒11毫秒
10:40:27 INFO  - 开始保存聊天消息数据
10:40:27 INFO  - 聊天消息数据保存完成，共处理条 0 数据。耗时：0时0分0秒9毫秒
10:41:27 INFO  - 开始保存聊天消息数据
10:41:27 INFO  - 聊天消息数据保存完成，共处理条 0 数据。耗时：0时0分0秒12毫秒
10:42:27 INFO  - 开始保存聊天消息数据
10:42:27 INFO  - 聊天消息数据保存完成，共处理条 0 数据。耗时：0时0分0秒11毫秒
10:43:27 INFO  - 开始保存聊天消息数据
10:43:27 INFO  - 聊天消息数据保存完成，共处理条 0 数据。耗时：0时0分0秒11毫秒
10:44:27 INFO  - 开始保存聊天消息数据
10:44:27 INFO  - 聊天消息数据保存完成，共处理条 0 数据。耗时：0时0分0秒8毫秒
10:45:27 INFO  - 开始保存聊天消息数据
10:45:27 INFO  - 聊天消息数据保存完成，共处理条 0 数据。耗时：0时0分0秒7毫秒
10:46:27 INFO  - 开始保存聊天消息数据
10:46:27 INFO  - 聊天消息数据保存完成，共处理条 0 数据。耗时：0时0分0秒9毫秒
10:47:27 INFO  - 开始保存聊天消息数据
10:47:27 INFO  - 聊天消息数据保存完成，共处理条 0 数据。耗时：0时0分0秒8毫秒
10:48:27 INFO  - 开始保存聊天消息数据
10:48:27 INFO  - 聊天消息数据保存完成，共处理条 0 数据。耗时：0时0分0秒11毫秒
10:49:27 INFO  - 开始保存聊天消息数据
10:49:27 INFO  - 聊天消息数据保存完成，共处理条 0 数据。耗时：0时0分0秒8毫秒
10:50:27 INFO  - 开始保存聊天消息数据
10:50:27 INFO  - 聊天消息数据保存完成，共处理条 0 数据。耗时：0时0分0秒15毫秒
10:51:27 INFO  - 开始保存聊天消息数据
10:51:27 INFO  - 聊天消息数据保存完成，共处理条 0 数据。耗时：0时0分0秒12毫秒
10:52:27 INFO  - 开始保存聊天消息数据
10:52:27 INFO  - 聊天消息数据保存完成，共处理条 0 数据。耗时：0时0分0秒8毫秒
10:53:27 INFO  - 开始保存聊天消息数据
10:53:27 INFO  - 聊天消息数据保存完成，共处理条 0 数据。耗时：0时0分0秒11毫秒
10:54:27 INFO  - 开始保存聊天消息数据
10:54:27 INFO  - 聊天消息数据保存完成，共处理条 0 数据。耗时：0时0分0秒12毫秒
10:55:27 INFO  - 开始保存聊天消息数据
10:55:27 INFO  - 聊天消息数据保存完成，共处理条 0 数据。耗时：0时0分0秒8毫秒
10:56:27 INFO  - 开始保存聊天消息数据
10:56:27 INFO  - 聊天消息数据保存完成，共处理条 0 数据。耗时：0时0分0秒10毫秒
10:57:27 INFO  - 开始保存聊天消息数据
10:57:27 INFO  - 聊天消息数据保存完成，共处理条 0 数据。耗时：0时0分0秒8毫秒
10:58:27 INFO  - 开始保存聊天消息数据
10:58:27 INFO  - 聊天消息数据保存完成，共处理条 0 数据。耗时：0时0分0秒12毫秒
10:59:27 INFO  - 开始保存聊天消息数据
10:59:27 INFO  - 聊天消息数据保存完成，共处理条 0 数据。耗时：0时0分0秒12毫秒
11:00:27 INFO  - 开始保存聊天消息数据
11:00:27 INFO  - 聊天消息数据保存完成，共处理条 0 数据。耗时：0时0分0秒10毫秒
11:01:27 INFO  - 开始保存聊天消息数据
11:01:27 INFO  - 聊天消息数据保存完成，共处理条 0 数据。耗时：0时0分0秒10毫秒
11:02:27 INFO  - 开始保存聊天消息数据
11:02:27 INFO  - 聊天消息数据保存完成，共处理条 0 数据。耗时：0时0分0秒12毫秒
11:03:27 INFO  - 开始保存聊天消息数据
11:03:27 INFO  - 聊天消息数据保存完成，共处理条 0 数据。耗时：0时0分0秒8毫秒
11:04:27 INFO  - 开始保存聊天消息数据
11:04:27 INFO  - 聊天消息数据保存完成，共处理条 0 数据。耗时：0时0分0秒12毫秒
11:05:27 INFO  - 开始保存聊天消息数据
11:05:27 INFO  - 聊天消息数据保存完成，共处理条 0 数据。耗时：0时0分0秒11毫秒
11:06:27 INFO  - 开始保存聊天消息数据
11:06:27 INFO  - 聊天消息数据保存完成，共处理条 0 数据。耗时：0时0分0秒10毫秒
11:07:27 INFO  - 开始保存聊天消息数据
11:07:27 INFO  - 聊天消息数据保存完成，共处理条 0 数据。耗时：0时0分0秒11毫秒
11:08:27 INFO  - 开始保存聊天消息数据
11:08:27 INFO  - 聊天消息数据保存完成，共处理条 0 数据。耗时：0时0分0秒11毫秒
11:09:27 INFO  - 开始保存聊天消息数据
11:09:27 INFO  - 聊天消息数据保存完成，共处理条 0 数据。耗时：0时0分0秒10毫秒
11:10:27 INFO  - 开始保存聊天消息数据
11:10:27 INFO  - 聊天消息数据保存完成，共处理条 0 数据。耗时：0时0分0秒12毫秒
11:11:27 INFO  - 开始保存聊天消息数据
11:11:27 INFO  - 聊天消息数据保存完成，共处理条 0 数据。耗时：0时0分0秒11毫秒
11:12:27 INFO  - 开始保存聊天消息数据
11:12:27 INFO  - 聊天消息数据保存完成，共处理条 0 数据。耗时：0时0分0秒12毫秒
11:13:27 INFO  - 开始保存聊天消息数据
11:13:27 INFO  - 聊天消息数据保存完成，共处理条 0 数据。耗时：0时0分0秒10毫秒
11:14:27 INFO  - 开始保存聊天消息数据
11:14:27 INFO  - 聊天消息数据保存完成，共处理条 0 数据。耗时：0时0分0秒12毫秒
11:15:27 INFO  - 开始保存聊天消息数据
11:15:27 INFO  - 聊天消息数据保存完成，共处理条 0 数据。耗时：0时0分0秒11毫秒
11:16:27 INFO  - 开始保存聊天消息数据
11:16:27 INFO  - 聊天消息数据保存完成，共处理条 0 数据。耗时：0时0分0秒11毫秒
11:17:27 INFO  - 开始保存聊天消息数据
11:17:27 INFO  - 聊天消息数据保存完成，共处理条 0 数据。耗时：0时0分0秒8毫秒
11:18:27 INFO  - 开始保存聊天消息数据
11:18:27 INFO  - 聊天消息数据保存完成，共处理条 0 数据。耗时：0时0分0秒9毫秒
11:19:27 INFO  - 开始保存聊天消息数据
11:19:27 INFO  - 聊天消息数据保存完成，共处理条 0 数据。耗时：0时0分0秒12毫秒
11:20:27 INFO  - 开始保存聊天消息数据
11:20:27 INFO  - 聊天消息数据保存完成，共处理条 0 数据。耗时：0时0分0秒8毫秒
11:21:27 INFO  - 开始保存聊天消息数据
11:21:27 INFO  - 聊天消息数据保存完成，共处理条 0 数据。耗时：0时0分0秒11毫秒
11:22:27 INFO  - 开始保存聊天消息数据
11:22:27 INFO  - 聊天消息数据保存完成，共处理条 0 数据。耗时：0时0分0秒13毫秒
11:23:27 INFO  - 开始保存聊天消息数据
11:23:27 INFO  - 聊天消息数据保存完成，共处理条 0 数据。耗时：0时0分0秒17毫秒
11:24:27 INFO  - 开始保存聊天消息数据
11:24:27 INFO  - 聊天消息数据保存完成，共处理条 0 数据。耗时：0时0分0秒11毫秒
11:25:27 INFO  - 开始保存聊天消息数据
11:25:27 INFO  - 聊天消息数据保存完成，共处理条 0 数据。耗时：0时0分0秒7毫秒
11:26:27 INFO  - 开始保存聊天消息数据
11:26:27 INFO  - 聊天消息数据保存完成，共处理条 0 数据。耗时：0时0分0秒32毫秒
11:27:27 INFO  - 开始保存聊天消息数据
11:27:27 INFO  - 聊天消息数据保存完成，共处理条 0 数据。耗时：0时0分0秒12毫秒
11:28:27 INFO  - 开始保存聊天消息数据
11:28:27 INFO  - 聊天消息数据保存完成，共处理条 0 数据。耗时：0时0分0秒11毫秒
11:29:27 INFO  - 开始保存聊天消息数据
11:29:27 INFO  - 聊天消息数据保存完成，共处理条 0 数据。耗时：0时0分0秒11毫秒
11:30:27 INFO  - 开始保存聊天消息数据
11:30:27 INFO  - 聊天消息数据保存完成，共处理条 0 数据。耗时：0时0分0秒9毫秒
11:31:27 INFO  - 开始保存聊天消息数据
11:31:27 INFO  - 聊天消息数据保存完成，共处理条 0 数据。耗时：0时0分0秒7毫秒
11:32:27 INFO  - 开始保存聊天消息数据
11:32:27 INFO  - 聊天消息数据保存完成，共处理条 0 数据。耗时：0时0分0秒8毫秒
11:33:27 INFO  - 开始保存聊天消息数据
11:33:27 INFO  - 聊天消息数据保存完成，共处理条 0 数据。耗时：0时0分0秒13毫秒
11:34:27 INFO  - 开始保存聊天消息数据
11:34:27 INFO  - 聊天消息数据保存完成，共处理条 0 数据。耗时：0时0分0秒11毫秒
11:35:27 INFO  - 开始保存聊天消息数据
11:35:27 INFO  - 聊天消息数据保存完成，共处理条 0 数据。耗时：0时0分0秒7毫秒
11:36:27 INFO  - 开始保存聊天消息数据
11:36:27 INFO  - 聊天消息数据保存完成，共处理条 0 数据。耗时：0时0分0秒8毫秒
11:37:27 INFO  - 开始保存聊天消息数据
11:37:27 INFO  - 聊天消息数据保存完成，共处理条 0 数据。耗时：0时0分0秒12毫秒
11:38:27 INFO  - 开始保存聊天消息数据
11:38:27 INFO  - 聊天消息数据保存完成，共处理条 0 数据。耗时：0时0分0秒8毫秒
11:39:27 INFO  - 开始保存聊天消息数据
11:39:27 INFO  - 聊天消息数据保存完成，共处理条 0 数据。耗时：0时0分0秒8毫秒
11:40:27 INFO  - 开始保存聊天消息数据
11:40:27 INFO  - 聊天消息数据保存完成，共处理条 0 数据。耗时：0时0分0秒9毫秒
11:41:27 INFO  - 开始保存聊天消息数据
11:41:27 INFO  - 聊天消息数据保存完成，共处理条 0 数据。耗时：0时0分0秒11毫秒
11:42:27 INFO  - 开始保存聊天消息数据
11:42:27 INFO  - 聊天消息数据保存完成，共处理条 0 数据。耗时：0时0分0秒7毫秒
11:43:27 INFO  - 开始保存聊天消息数据
11:43:27 INFO  - 聊天消息数据保存完成，共处理条 0 数据。耗时：0时0分0秒18毫秒
11:44:27 INFO  - 开始保存聊天消息数据
11:44:27 INFO  - 聊天消息数据保存完成，共处理条 0 数据。耗时：0时0分0秒11毫秒
11:45:27 INFO  - 开始保存聊天消息数据
11:45:27 INFO  - 聊天消息数据保存完成，共处理条 0 数据。耗时：0时0分0秒11毫秒
11:46:27 INFO  - 开始保存聊天消息数据
11:46:27 INFO  - 聊天消息数据保存完成，共处理条 0 数据。耗时：0时0分0秒8毫秒
11:47:27 INFO  - 开始保存聊天消息数据
11:47:27 INFO  - 聊天消息数据保存完成，共处理条 0 数据。耗时：0时0分0秒7毫秒
11:48:27 INFO  - 开始保存聊天消息数据
11:48:27 INFO  - 聊天消息数据保存完成，共处理条 0 数据。耗时：0时0分0秒11毫秒
11:49:27 INFO  - 开始保存聊天消息数据
11:49:27 INFO  - 聊天消息数据保存完成，共处理条 0 数据。耗时：0时0分0秒14毫秒
11:50:27 INFO  - 开始保存聊天消息数据
11:50:27 INFO  - 聊天消息数据保存完成，共处理条 0 数据。耗时：0时0分0秒21毫秒
11:51:27 INFO  - 开始保存聊天消息数据
11:51:27 INFO  - 聊天消息数据保存完成，共处理条 0 数据。耗时：0时0分0秒7毫秒
11:52:27 INFO  - 开始保存聊天消息数据
11:52:27 INFO  - 聊天消息数据保存完成，共处理条 0 数据。耗时：0时0分0秒12毫秒
11:53:27 INFO  - 开始保存聊天消息数据
11:53:27 INFO  - 聊天消息数据保存完成，共处理条 0 数据。耗时：0时0分0秒7毫秒
11:54:27 INFO  - 开始保存聊天消息数据
11:54:27 INFO  - 聊天消息数据保存完成，共处理条 0 数据。耗时：0时0分0秒7毫秒
11:55:27 INFO  - 开始保存聊天消息数据
11:55:27 INFO  - 聊天消息数据保存完成，共处理条 0 数据。耗时：0时0分0秒7毫秒
11:56:27 INFO  - 开始保存聊天消息数据
11:56:27 INFO  - 聊天消息数据保存完成，共处理条 0 数据。耗时：0时0分0秒9毫秒
11:57:27 INFO  - 开始保存聊天消息数据
11:57:27 INFO  - 聊天消息数据保存完成，共处理条 0 数据。耗时：0时0分0秒7毫秒
11:58:27 INFO  - 开始保存聊天消息数据
11:58:27 INFO  - 聊天消息数据保存完成，共处理条 0 数据。耗时：0时0分0秒11毫秒
11:59:27 INFO  - 开始保存聊天消息数据
11:59:27 INFO  - 聊天消息数据保存完成，共处理条 0 数据。耗时：0时0分0秒36毫秒
12:00:27 INFO  - 开始保存聊天消息数据
12:00:27 INFO  - 聊天消息数据保存完成，共处理条 0 数据。耗时：0时0分0秒31毫秒
12:01:27 INFO  - 开始保存聊天消息数据
12:01:27 INFO  - 聊天消息数据保存完成，共处理条 0 数据。耗时：0时0分0秒9毫秒
12:02:27 INFO  - 开始保存聊天消息数据
12:02:27 INFO  - 聊天消息数据保存完成，共处理条 0 数据。耗时：0时0分0秒10毫秒
12:03:27 INFO  - 开始保存聊天消息数据
12:03:27 INFO  - 聊天消息数据保存完成，共处理条 0 数据。耗时：0时0分0秒7毫秒
12:04:27 INFO  - 开始保存聊天消息数据
12:04:27 INFO  - 聊天消息数据保存完成，共处理条 0 数据。耗时：0时0分0秒10毫秒
12:05:27 INFO  - 开始保存聊天消息数据
12:05:27 INFO  - 聊天消息数据保存完成，共处理条 0 数据。耗时：0时0分0秒8毫秒
12:06:27 INFO  - 开始保存聊天消息数据
12:06:27 INFO  - 聊天消息数据保存完成，共处理条 0 数据。耗时：0时0分0秒8毫秒
12:07:27 INFO  - 开始保存聊天消息数据
12:07:27 INFO  - 聊天消息数据保存完成，共处理条 0 数据。耗时：0时0分0秒11毫秒
12:08:27 INFO  - 开始保存聊天消息数据
12:08:27 INFO  - 聊天消息数据保存完成，共处理条 0 数据。耗时：0时0分0秒11毫秒
12:09:27 INFO  - 开始保存聊天消息数据
12:09:27 INFO  - 聊天消息数据保存完成，共处理条 0 数据。耗时：0时0分0秒10毫秒
12:10:27 INFO  - 开始保存聊天消息数据
12:10:27 INFO  - 聊天消息数据保存完成，共处理条 0 数据。耗时：0时0分0秒8毫秒
12:11:27 INFO  - 开始保存聊天消息数据
12:11:27 INFO  - 聊天消息数据保存完成，共处理条 0 数据。耗时：0时0分0秒7毫秒
12:12:27 INFO  - 开始保存聊天消息数据
12:12:27 INFO  - 聊天消息数据保存完成，共处理条 0 数据。耗时：0时0分0秒7毫秒
12:13:27 INFO  - 开始保存聊天消息数据
12:13:27 INFO  - 聊天消息数据保存完成，共处理条 0 数据。耗时：0时0分0秒9毫秒
12:14:27 INFO  - 开始保存聊天消息数据
12:14:27 INFO  - 聊天消息数据保存完成，共处理条 0 数据。耗时：0时0分0秒10毫秒
12:15:27 INFO  - 开始保存聊天消息数据
12:15:27 INFO  - 聊天消息数据保存完成，共处理条 0 数据。耗时：0时0分0秒7毫秒
12:16:27 INFO  - 开始保存聊天消息数据
12:16:27 INFO  - 聊天消息数据保存完成，共处理条 0 数据。耗时：0时0分0秒11毫秒
12:17:27 INFO  - 开始保存聊天消息数据
12:17:27 INFO  - 聊天消息数据保存完成，共处理条 0 数据。耗时：0时0分0秒10毫秒
12:18:27 INFO  - 开始保存聊天消息数据
12:18:27 INFO  - 聊天消息数据保存完成，共处理条 0 数据。耗时：0时0分0秒11毫秒
12:19:27 INFO  - 开始保存聊天消息数据
12:19:27 INFO  - 聊天消息数据保存完成，共处理条 0 数据。耗时：0时0分0秒7毫秒
12:20:27 INFO  - 开始保存聊天消息数据
12:20:27 INFO  - 聊天消息数据保存完成，共处理条 0 数据。耗时：0时0分0秒15毫秒
12:21:27 INFO  - 开始保存聊天消息数据
12:21:27 INFO  - 聊天消息数据保存完成，共处理条 0 数据。耗时：0时0分0秒8毫秒
12:22:27 INFO  - 开始保存聊天消息数据
12:22:27 INFO  - 聊天消息数据保存完成，共处理条 0 数据。耗时：0时0分0秒8毫秒
12:23:27 INFO  - 开始保存聊天消息数据
12:23:27 INFO  - 聊天消息数据保存完成，共处理条 0 数据。耗时：0时0分0秒7毫秒
12:24:27 INFO  - 开始保存聊天消息数据
12:24:27 INFO  - 聊天消息数据保存完成，共处理条 0 数据。耗时：0时0分0秒9毫秒
12:25:27 INFO  - 开始保存聊天消息数据
12:25:27 INFO  - 聊天消息数据保存完成，共处理条 0 数据。耗时：0时0分0秒8毫秒
12:26:27 INFO  - 开始保存聊天消息数据
12:26:27 INFO  - 聊天消息数据保存完成，共处理条 0 数据。耗时：0时0分0秒7毫秒
12:27:27 INFO  - 开始保存聊天消息数据
12:27:27 INFO  - 聊天消息数据保存完成，共处理条 0 数据。耗时：0时0分0秒7毫秒
12:28:27 INFO  - 开始保存聊天消息数据
12:28:27 INFO  - 聊天消息数据保存完成，共处理条 0 数据。耗时：0时0分0秒11毫秒
12:29:27 INFO  - 开始保存聊天消息数据
12:29:27 INFO  - 聊天消息数据保存完成，共处理条 0 数据。耗时：0时0分0秒7毫秒
12:30:27 INFO  - 开始保存聊天消息数据
12:30:27 INFO  - 聊天消息数据保存完成，共处理条 0 数据。耗时：0时0分0秒7毫秒
12:31:27 INFO  - 开始保存聊天消息数据
12:31:27 INFO  - 聊天消息数据保存完成，共处理条 0 数据。耗时：0时0分0秒9毫秒
12:32:27 INFO  - 开始保存聊天消息数据
12:32:27 INFO  - 聊天消息数据保存完成，共处理条 0 数据。耗时：0时0分0秒7毫秒
12:33:27 INFO  - 开始保存聊天消息数据
12:33:27 INFO  - 聊天消息数据保存完成，共处理条 0 数据。耗时：0时0分0秒10毫秒
12:34:27 INFO  - 开始保存聊天消息数据
12:34:27 INFO  - 聊天消息数据保存完成，共处理条 0 数据。耗时：0时0分0秒10毫秒
12:35:27 INFO  - 开始保存聊天消息数据
12:35:27 INFO  - 聊天消息数据保存完成，共处理条 0 数据。耗时：0时0分0秒7毫秒
12:36:27 INFO  - 开始保存聊天消息数据
12:36:27 INFO  - 聊天消息数据保存完成，共处理条 0 数据。耗时：0时0分0秒8毫秒
12:37:27 INFO  - 开始保存聊天消息数据
12:37:27 INFO  - 聊天消息数据保存完成，共处理条 0 数据。耗时：0时0分0秒11毫秒
12:38:27 INFO  - 开始保存聊天消息数据
12:38:27 INFO  - 聊天消息数据保存完成，共处理条 0 数据。耗时：0时0分0秒10毫秒
12:39:27 INFO  - 开始保存聊天消息数据
12:39:27 INFO  - 聊天消息数据保存完成，共处理条 0 数据。耗时：0时0分0秒8毫秒
12:40:27 INFO  - 开始保存聊天消息数据
12:40:27 INFO  - 聊天消息数据保存完成，共处理条 0 数据。耗时：0时0分0秒8毫秒
12:41:27 INFO  - 开始保存聊天消息数据
12:41:27 INFO  - 聊天消息数据保存完成，共处理条 0 数据。耗时：0时0分0秒10毫秒
12:42:27 INFO  - 开始保存聊天消息数据
12:42:27 INFO  - 聊天消息数据保存完成，共处理条 0 数据。耗时：0时0分0秒8毫秒
12:43:27 INFO  - 开始保存聊天消息数据
12:43:27 INFO  - 聊天消息数据保存完成，共处理条 0 数据。耗时：0时0分0秒11毫秒
12:44:27 INFO  - 开始保存聊天消息数据
12:44:27 INFO  - 聊天消息数据保存完成，共处理条 0 数据。耗时：0时0分0秒7毫秒
12:45:27 INFO  - 开始保存聊天消息数据
12:45:27 INFO  - 聊天消息数据保存完成，共处理条 0 数据。耗时：0时0分0秒10毫秒
12:46:27 INFO  - 开始保存聊天消息数据
12:46:27 INFO  - 聊天消息数据保存完成，共处理条 0 数据。耗时：0时0分0秒11毫秒
12:47:27 INFO  - 开始保存聊天消息数据
12:47:27 INFO  - 聊天消息数据保存完成，共处理条 0 数据。耗时：0时0分0秒11毫秒
12:48:27 INFO  - 开始保存聊天消息数据
12:48:27 INFO  - 聊天消息数据保存完成，共处理条 0 数据。耗时：0时0分0秒11毫秒
12:49:27 INFO  - 开始保存聊天消息数据
12:49:27 INFO  - 聊天消息数据保存完成，共处理条 0 数据。耗时：0时0分0秒7毫秒
12:50:27 INFO  - 开始保存聊天消息数据
12:50:27 INFO  - 聊天消息数据保存完成，共处理条 0 数据。耗时：0时0分0秒13毫秒
12:51:27 INFO  - 开始保存聊天消息数据
12:51:27 INFO  - 聊天消息数据保存完成，共处理条 0 数据。耗时：0时0分0秒8毫秒
12:52:27 INFO  - 开始保存聊天消息数据
12:52:27 INFO  - 聊天消息数据保存完成，共处理条 0 数据。耗时：0时0分0秒8毫秒
12:53:27 INFO  - 开始保存聊天消息数据
12:53:27 INFO  - 聊天消息数据保存完成，共处理条 0 数据。耗时：0时0分0秒10毫秒
12:54:27 INFO  - 开始保存聊天消息数据
12:54:27 INFO  - 聊天消息数据保存完成，共处理条 0 数据。耗时：0时0分0秒11毫秒
12:55:27 INFO  - 开始保存聊天消息数据
12:55:27 INFO  - 聊天消息数据保存完成，共处理条 0 数据。耗时：0时0分0秒21毫秒
12:56:27 INFO  - 开始保存聊天消息数据
12:56:27 INFO  - 聊天消息数据保存完成，共处理条 0 数据。耗时：0时0分0秒11毫秒
12:57:27 INFO  - 开始保存聊天消息数据
12:57:27 INFO  - 聊天消息数据保存完成，共处理条 0 数据。耗时：0时0分0秒8毫秒
12:58:27 INFO  - 开始保存聊天消息数据
12:58:27 INFO  - 聊天消息数据保存完成，共处理条 0 数据。耗时：0时0分0秒8毫秒
12:59:27 INFO  - 开始保存聊天消息数据
12:59:27 INFO  - 聊天消息数据保存完成，共处理条 0 数据。耗时：0时0分0秒12毫秒
13:00:27 INFO  - 开始保存聊天消息数据
13:00:27 INFO  - 聊天消息数据保存完成，共处理条 0 数据。耗时：0时0分0秒11毫秒
13:01:27 INFO  - 开始保存聊天消息数据
13:01:27 INFO  - 聊天消息数据保存完成，共处理条 0 数据。耗时：0时0分0秒10毫秒
13:02:27 INFO  - 开始保存聊天消息数据
13:02:27 INFO  - 聊天消息数据保存完成，共处理条 0 数据。耗时：0时0分0秒15毫秒
13:03:27 INFO  - 开始保存聊天消息数据
13:03:27 INFO  - 聊天消息数据保存完成，共处理条 0 数据。耗时：0时0分0秒7毫秒
13:04:27 INFO  - 开始保存聊天消息数据
13:04:27 INFO  - 聊天消息数据保存完成，共处理条 0 数据。耗时：0时0分0秒11毫秒
13:05:27 INFO  - 开始保存聊天消息数据
13:05:27 INFO  - 聊天消息数据保存完成，共处理条 0 数据。耗时：0时0分0秒12毫秒
13:06:27 INFO  - 开始保存聊天消息数据
13:06:27 INFO  - 聊天消息数据保存完成，共处理条 0 数据。耗时：0时0分0秒8毫秒
13:07:27 INFO  - 开始保存聊天消息数据
13:07:27 INFO  - 聊天消息数据保存完成，共处理条 0 数据。耗时：0时0分0秒8毫秒
13:08:27 INFO  - 开始保存聊天消息数据
13:08:27 INFO  - 聊天消息数据保存完成，共处理条 0 数据。耗时：0时0分0秒11毫秒
13:09:27 INFO  - 开始保存聊天消息数据
13:09:27 INFO  - 聊天消息数据保存完成，共处理条 0 数据。耗时：0时0分0秒8毫秒
13:10:27 INFO  - 开始保存聊天消息数据
13:10:27 INFO  - 聊天消息数据保存完成，共处理条 0 数据。耗时：0时0分0秒8毫秒
13:11:27 INFO  - 开始保存聊天消息数据
13:11:27 INFO  - 聊天消息数据保存完成，共处理条 0 数据。耗时：0时0分0秒10毫秒
13:12:27 INFO  - 开始保存聊天消息数据
13:12:27 INFO  - 聊天消息数据保存完成，共处理条 0 数据。耗时：0时0分0秒7毫秒
13:13:27 INFO  - 开始保存聊天消息数据
13:13:27 INFO  - 聊天消息数据保存完成，共处理条 0 数据。耗时：0时0分0秒8毫秒
13:14:27 INFO  - 开始保存聊天消息数据
13:14:27 INFO  - 聊天消息数据保存完成，共处理条 0 数据。耗时：0时0分0秒10毫秒
13:15:27 INFO  - 开始保存聊天消息数据
13:15:27 INFO  - 聊天消息数据保存完成，共处理条 0 数据。耗时：0时0分0秒15毫秒
13:16:27 INFO  - 开始保存聊天消息数据
13:16:27 INFO  - 聊天消息数据保存完成，共处理条 0 数据。耗时：0时0分0秒8毫秒
13:17:27 INFO  - 开始保存聊天消息数据
13:17:27 INFO  - 聊天消息数据保存完成，共处理条 0 数据。耗时：0时0分0秒7毫秒
13:18:27 INFO  - 开始保存聊天消息数据
13:18:27 INFO  - 聊天消息数据保存完成，共处理条 0 数据。耗时：0时0分0秒7毫秒
13:19:27 INFO  - 开始保存聊天消息数据
13:19:27 INFO  - 聊天消息数据保存完成，共处理条 0 数据。耗时：0时0分0秒11毫秒
13:20:27 INFO  - 开始保存聊天消息数据
13:20:27 INFO  - 聊天消息数据保存完成，共处理条 0 数据。耗时：0时0分0秒11毫秒
13:21:27 INFO  - 开始保存聊天消息数据
13:21:27 INFO  - 聊天消息数据保存完成，共处理条 0 数据。耗时：0时0分0秒11毫秒
13:22:27 INFO  - 开始保存聊天消息数据
13:22:27 INFO  - 聊天消息数据保存完成，共处理条 0 数据。耗时：0时0分0秒7毫秒
13:23:27 INFO  - 开始保存聊天消息数据
13:23:27 INFO  - 聊天消息数据保存完成，共处理条 0 数据。耗时：0时0分0秒10毫秒
13:24:27 INFO  - 开始保存聊天消息数据
13:24:27 INFO  - 聊天消息数据保存完成，共处理条 0 数据。耗时：0时0分0秒8毫秒
13:25:27 INFO  - 开始保存聊天消息数据
13:25:27 INFO  - 聊天消息数据保存完成，共处理条 0 数据。耗时：0时0分0秒8毫秒
13:26:27 INFO  - 开始保存聊天消息数据
13:26:27 INFO  - 聊天消息数据保存完成，共处理条 0 数据。耗时：0时0分0秒10毫秒
13:27:27 INFO  - 开始保存聊天消息数据
13:27:27 INFO  - 聊天消息数据保存完成，共处理条 0 数据。耗时：0时0分0秒10毫秒
13:28:27 INFO  - 开始保存聊天消息数据
13:28:27 INFO  - 聊天消息数据保存完成，共处理条 0 数据。耗时：0时0分0秒27毫秒
13:29:27 INFO  - 开始保存聊天消息数据
13:29:27 INFO  - 聊天消息数据保存完成，共处理条 0 数据。耗时：0时0分0秒8毫秒
13:30:27 INFO  - 开始保存聊天消息数据
13:30:27 INFO  - 聊天消息数据保存完成，共处理条 0 数据。耗时：0时0分0秒11毫秒
13:31:27 INFO  - 开始保存聊天消息数据
13:31:27 INFO  - 聊天消息数据保存完成，共处理条 0 数据。耗时：0时0分0秒8毫秒
13:32:27 INFO  - 开始保存聊天消息数据
13:32:27 INFO  - 聊天消息数据保存完成，共处理条 0 数据。耗时：0时0分0秒8毫秒
13:33:27 INFO  - 开始保存聊天消息数据
13:33:27 INFO  - 聊天消息数据保存完成，共处理条 0 数据。耗时：0时0分0秒8毫秒
13:34:27 INFO  - 开始保存聊天消息数据
13:34:27 INFO  - 聊天消息数据保存完成，共处理条 0 数据。耗时：0时0分0秒10毫秒
13:35:27 INFO  - 开始保存聊天消息数据
13:35:27 INFO  - 聊天消息数据保存完成，共处理条 0 数据。耗时：0时0分0秒15毫秒
13:36:27 INFO  - 开始保存聊天消息数据
13:36:27 INFO  - 聊天消息数据保存完成，共处理条 0 数据。耗时：0时0分0秒8毫秒
13:37:27 INFO  - 开始保存聊天消息数据
13:37:27 INFO  - 聊天消息数据保存完成，共处理条 0 数据。耗时：0时0分0秒12毫秒
13:38:27 INFO  - 开始保存聊天消息数据
13:38:27 INFO  - 聊天消息数据保存完成，共处理条 0 数据。耗时：0时0分0秒7毫秒
13:39:27 INFO  - 开始保存聊天消息数据
13:39:27 INFO  - 聊天消息数据保存完成，共处理条 0 数据。耗时：0时0分0秒11毫秒
13:40:27 INFO  - 开始保存聊天消息数据
13:40:27 INFO  - 聊天消息数据保存完成，共处理条 0 数据。耗时：0时0分0秒11毫秒
13:41:27 INFO  - 开始保存聊天消息数据
13:41:27 INFO  - 聊天消息数据保存完成，共处理条 0 数据。耗时：0时0分0秒7毫秒
13:42:27 INFO  - 开始保存聊天消息数据
13:42:27 INFO  - 聊天消息数据保存完成，共处理条 0 数据。耗时：0时0分0秒11毫秒
13:43:27 INFO  - 开始保存聊天消息数据
13:43:27 INFO  - 聊天消息数据保存完成，共处理条 0 数据。耗时：0时0分0秒20毫秒
13:44:27 INFO  - 开始保存聊天消息数据
13:44:27 INFO  - 聊天消息数据保存完成，共处理条 0 数据。耗时：0时0分0秒11毫秒
13:45:27 INFO  - 开始保存聊天消息数据
13:45:27 INFO  - 聊天消息数据保存完成，共处理条 0 数据。耗时：0时0分0秒43毫秒
13:46:27 INFO  - 开始保存聊天消息数据
13:46:27 INFO  - 聊天消息数据保存完成，共处理条 0 数据。耗时：0时0分0秒7毫秒
13:47:27 INFO  - 开始保存聊天消息数据
13:47:27 INFO  - 聊天消息数据保存完成，共处理条 0 数据。耗时：0时0分0秒11毫秒
13:48:27 INFO  - 开始保存聊天消息数据
13:48:27 INFO  - 聊天消息数据保存完成，共处理条 0 数据。耗时：0时0分0秒12毫秒
13:49:27 INFO  - 开始保存聊天消息数据
13:49:27 INFO  - 聊天消息数据保存完成，共处理条 0 数据。耗时：0时0分0秒11毫秒
13:50:27 INFO  - 开始保存聊天消息数据
13:50:27 INFO  - 聊天消息数据保存完成，共处理条 0 数据。耗时：0时0分0秒15毫秒
13:51:27 INFO  - 开始保存聊天消息数据
13:51:27 INFO  - 聊天消息数据保存完成，共处理条 0 数据。耗时：0时0分0秒13毫秒
13:52:27 INFO  - 开始保存聊天消息数据
13:52:27 INFO  - 聊天消息数据保存完成，共处理条 0 数据。耗时：0时0分0秒10毫秒
13:53:27 INFO  - 开始保存聊天消息数据
13:53:27 INFO  - 聊天消息数据保存完成，共处理条 0 数据。耗时：0时0分0秒7毫秒
13:54:27 INFO  - 开始保存聊天消息数据
13:54:27 INFO  - 聊天消息数据保存完成，共处理条 0 数据。耗时：0时0分0秒28毫秒
13:55:27 INFO  - 开始保存聊天消息数据
13:55:27 INFO  - 聊天消息数据保存完成，共处理条 0 数据。耗时：0时0分0秒8毫秒
13:56:27 INFO  - 开始保存聊天消息数据
13:56:27 INFO  - 聊天消息数据保存完成，共处理条 0 数据。耗时：0时0分0秒9毫秒
13:57:27 INFO  - 开始保存聊天消息数据
13:57:27 INFO  - 聊天消息数据保存完成，共处理条 0 数据。耗时：0时0分0秒11毫秒
13:58:27 INFO  - 开始保存聊天消息数据
13:58:27 INFO  - 聊天消息数据保存完成，共处理条 0 数据。耗时：0时0分0秒11毫秒
13:59:27 INFO  - 开始保存聊天消息数据
13:59:27 INFO  - 聊天消息数据保存完成，共处理条 0 数据。耗时：0时0分0秒7毫秒
14:00:27 INFO  - 开始保存聊天消息数据
14:00:27 INFO  - 聊天消息数据保存完成，共处理条 0 数据。耗时：0时0分0秒10毫秒
14:01:27 INFO  - 开始保存聊天消息数据
14:01:27 INFO  - 聊天消息数据保存完成，共处理条 0 数据。耗时：0时0分0秒7毫秒
14:02:27 INFO  - 开始保存聊天消息数据
14:02:27 INFO  - 聊天消息数据保存完成，共处理条 0 数据。耗时：0时0分0秒11毫秒
14:03:27 INFO  - 开始保存聊天消息数据
14:03:27 INFO  - 聊天消息数据保存完成，共处理条 0 数据。耗时：0时0分0秒7毫秒
14:04:27 INFO  - 开始保存聊天消息数据
14:04:27 INFO  - 聊天消息数据保存完成，共处理条 0 数据。耗时：0时0分0秒11毫秒
14:05:27 INFO  - 开始保存聊天消息数据
14:05:27 INFO  - 聊天消息数据保存完成，共处理条 0 数据。耗时：0时0分0秒7毫秒
14:06:27 INFO  - 开始保存聊天消息数据
14:06:27 INFO  - 聊天消息数据保存完成，共处理条 0 数据。耗时：0时0分0秒12毫秒
14:07:27 INFO  - 开始保存聊天消息数据
14:07:27 INFO  - 聊天消息数据保存完成，共处理条 0 数据。耗时：0时0分0秒7毫秒
14:08:27 INFO  - 开始保存聊天消息数据
14:08:27 INFO  - 聊天消息数据保存完成，共处理条 0 数据。耗时：0时0分0秒10毫秒
14:09:27 INFO  - 开始保存聊天消息数据
14:09:27 INFO  - 聊天消息数据保存完成，共处理条 0 数据。耗时：0时0分0秒11毫秒
14:10:20 INFO  - 开始保存聊天消息数据
14:10:20 INFO  - 聊天消息数据保存完成，共处理条 0 数据。耗时：0时0分0秒647毫秒
14:11:19 INFO  - 开始保存聊天消息数据
14:11:19 INFO  - 聊天消息数据保存完成，共处理条 0 数据。耗时：0时0分0秒11毫秒
14:12:19 INFO  - 开始保存聊天消息数据
14:12:19 INFO  - 聊天消息数据保存完成，共处理条 0 数据。耗时：0时0分0秒9毫秒
14:13:19 INFO  - 开始保存聊天消息数据
14:13:19 INFO  - 聊天消息数据保存完成，共处理条 0 数据。耗时：0时0分0秒9毫秒
14:14:19 INFO  - 开始保存聊天消息数据
14:14:19 INFO  - 聊天消息数据保存完成，共处理条 0 数据。耗时：0时0分0秒12毫秒
14:15:19 INFO  - 开始保存聊天消息数据
14:15:19 INFO  - 聊天消息数据保存完成，共处理条 0 数据。耗时：0时0分0秒11毫秒
14:16:19 INFO  - 开始保存聊天消息数据
14:16:19 INFO  - 聊天消息数据保存完成，共处理条 0 数据。耗时：0时0分0秒9毫秒
14:17:19 INFO  - 开始保存聊天消息数据
14:17:19 INFO  - 聊天消息数据保存完成，共处理条 0 数据。耗时：0时0分0秒12毫秒
14:18:19 INFO  - 开始保存聊天消息数据
14:18:19 INFO  - 聊天消息数据保存完成，共处理条 0 数据。耗时：0时0分0秒10毫秒
14:19:19 INFO  - 开始保存聊天消息数据
14:19:19 INFO  - 聊天消息数据保存完成，共处理条 0 数据。耗时：0时0分0秒9毫秒
14:20:19 INFO  - 开始保存聊天消息数据
14:20:19 INFO  - 聊天消息数据保存完成，共处理条 0 数据。耗时：0时0分0秒15毫秒
14:21:19 INFO  - 开始保存聊天消息数据
14:21:19 INFO  - 聊天消息数据保存完成，共处理条 0 数据。耗时：0时0分0秒10毫秒
14:22:19 INFO  - 开始保存聊天消息数据
14:22:19 INFO  - 聊天消息数据保存完成，共处理条 0 数据。耗时：0时0分0秒18毫秒
14:23:19 INFO  - 开始保存聊天消息数据
14:23:19 INFO  - 聊天消息数据保存完成，共处理条 0 数据。耗时：0时0分0秒8毫秒
14:24:19 INFO  - 开始保存聊天消息数据
14:24:19 INFO  - 聊天消息数据保存完成，共处理条 0 数据。耗时：0时0分0秒18毫秒
14:25:19 INFO  - 开始保存聊天消息数据
14:25:19 INFO  - 聊天消息数据保存完成，共处理条 0 数据。耗时：0时0分0秒9毫秒
14:26:19 INFO  - 开始保存聊天消息数据
14:26:19 INFO  - 聊天消息数据保存完成，共处理条 0 数据。耗时：0时0分0秒9毫秒
14:27:19 INFO  - 开始保存聊天消息数据
14:27:19 INFO  - 聊天消息数据保存完成，共处理条 0 数据。耗时：0时0分0秒6毫秒
14:28:19 INFO  - 开始保存聊天消息数据
14:28:19 INFO  - 聊天消息数据保存完成，共处理条 0 数据。耗时：0时0分0秒10毫秒
14:29:19 INFO  - 开始保存聊天消息数据
14:29:19 INFO  - 聊天消息数据保存完成，共处理条 0 数据。耗时：0时0分0秒11毫秒
14:30:19 INFO  - 开始保存聊天消息数据
14:30:19 INFO  - 聊天消息数据保存完成，共处理条 0 数据。耗时：0时0分0秒9毫秒
14:31:19 INFO  - 开始保存聊天消息数据
14:31:19 INFO  - 聊天消息数据保存完成，共处理条 0 数据。耗时：0时0分0秒9毫秒
14:32:19 INFO  - 开始保存聊天消息数据
14:32:19 INFO  - 聊天消息数据保存完成，共处理条 0 数据。耗时：0时0分0秒10毫秒
14:33:19 INFO  - 开始保存聊天消息数据
14:33:19 INFO  - 聊天消息数据保存完成，共处理条 0 数据。耗时：0时0分0秒10毫秒
14:34:19 INFO  - 开始保存聊天消息数据
14:34:19 INFO  - 聊天消息数据保存完成，共处理条 0 数据。耗时：0时0分0秒9毫秒
14:35:19 INFO  - 开始保存聊天消息数据
14:35:19 INFO  - 聊天消息数据保存完成，共处理条 0 数据。耗时：0时0分0秒10毫秒
14:36:19 INFO  - 开始保存聊天消息数据
14:36:19 INFO  - 聊天消息数据保存完成，共处理条 0 数据。耗时：0时0分0秒10毫秒
14:37:19 INFO  - 开始保存聊天消息数据
14:37:19 INFO  - 聊天消息数据保存完成，共处理条 0 数据。耗时：0时0分0秒9毫秒
14:38:19 INFO  - 开始保存聊天消息数据
14:38:19 INFO  - 聊天消息数据保存完成，共处理条 0 数据。耗时：0时0分0秒10毫秒
14:39:19 INFO  - 开始保存聊天消息数据
14:39:19 INFO  - 聊天消息数据保存完成，共处理条 0 数据。耗时：0时0分0秒10毫秒
14:40:19 INFO  - 开始保存聊天消息数据
14:40:19 INFO  - 聊天消息数据保存完成，共处理条 0 数据。耗时：0时0分0秒16毫秒
14:41:19 INFO  - 开始保存聊天消息数据
14:41:19 INFO  - 聊天消息数据保存完成，共处理条 0 数据。耗时：0时0分0秒9毫秒
14:42:19 INFO  - 开始保存聊天消息数据
14:42:19 INFO  - 聊天消息数据保存完成，共处理条 0 数据。耗时：0时0分0秒10毫秒
14:43:19 INFO  - 开始保存聊天消息数据
14:43:19 INFO  - 聊天消息数据保存完成，共处理条 0 数据。耗时：0时0分0秒10毫秒
14:44:19 INFO  - 开始保存聊天消息数据
14:44:19 INFO  - 聊天消息数据保存完成，共处理条 0 数据。耗时：0时0分0秒10毫秒
14:45:19 INFO  - 开始保存聊天消息数据
14:45:19 INFO  - 聊天消息数据保存完成，共处理条 0 数据。耗时：0时0分0秒10毫秒
14:46:19 INFO  - 开始保存聊天消息数据
14:46:19 INFO  - 聊天消息数据保存完成，共处理条 0 数据。耗时：0时0分0秒9毫秒
14:47:19 INFO  - 开始保存聊天消息数据
14:47:19 INFO  - 聊天消息数据保存完成，共处理条 0 数据。耗时：0时0分0秒11毫秒
14:48:19 INFO  - 开始保存聊天消息数据
14:48:19 INFO  - 聊天消息数据保存完成，共处理条 0 数据。耗时：0时0分0秒10毫秒
14:49:19 INFO  - 开始保存聊天消息数据
14:49:19 INFO  - 聊天消息数据保存完成，共处理条 0 数据。耗时：0时0分0秒9毫秒
14:50:19 INFO  - 开始保存聊天消息数据
14:50:19 INFO  - 聊天消息数据保存完成，共处理条 0 数据。耗时：0时0分0秒10毫秒
14:51:19 INFO  - 开始保存聊天消息数据
14:51:19 INFO  - 聊天消息数据保存完成，共处理条 0 数据。耗时：0时0分0秒10毫秒
14:52:19 INFO  - 开始保存聊天消息数据
14:52:19 INFO  - 聊天消息数据保存完成，共处理条 0 数据。耗时：0时0分0秒16毫秒
14:53:19 INFO  - 开始保存聊天消息数据
14:53:19 INFO  - 聊天消息数据保存完成，共处理条 0 数据。耗时：0时0分0秒10毫秒
14:54:19 INFO  - 开始保存聊天消息数据
14:54:19 INFO  - 聊天消息数据保存完成，共处理条 0 数据。耗时：0时0分0秒9毫秒
14:55:19 INFO  - 开始保存聊天消息数据
14:55:19 INFO  - 聊天消息数据保存完成，共处理条 0 数据。耗时：0时0分0秒9毫秒
14:56:19 INFO  - 开始保存聊天消息数据
14:56:19 INFO  - 聊天消息数据保存完成，共处理条 0 数据。耗时：0时0分0秒14毫秒
14:57:19 INFO  - 开始保存聊天消息数据
14:57:19 INFO  - 聊天消息数据保存完成，共处理条 0 数据。耗时：0时0分0秒10毫秒
14:58:19 INFO  - 开始保存聊天消息数据
14:58:19 INFO  - 聊天消息数据保存完成，共处理条 0 数据。耗时：0时0分0秒10毫秒
14:59:19 INFO  - 开始保存聊天消息数据
14:59:19 INFO  - 聊天消息数据保存完成，共处理条 0 数据。耗时：0时0分0秒10毫秒
15:00:19 INFO  - 开始保存聊天消息数据
15:00:19 INFO  - 聊天消息数据保存完成，共处理条 0 数据。耗时：0时0分0秒9毫秒
15:01:19 INFO  - 开始保存聊天消息数据
15:01:19 INFO  - 聊天消息数据保存完成，共处理条 0 数据。耗时：0时0分0秒9毫秒
15:02:19 INFO  - 开始保存聊天消息数据
15:02:19 INFO  - 聊天消息数据保存完成，共处理条 0 数据。耗时：0时0分0秒8毫秒
15:03:19 INFO  - 开始保存聊天消息数据
15:03:20 INFO  - 聊天消息数据保存完成，共处理条 0 数据。耗时：0时0分0秒110毫秒
15:04:19 INFO  - 开始保存聊天消息数据
15:04:19 INFO  - 聊天消息数据保存完成，共处理条 0 数据。耗时：0时0分0秒10毫秒
15:05:19 INFO  - 开始保存聊天消息数据
15:05:19 INFO  - 聊天消息数据保存完成，共处理条 0 数据。耗时：0时0分0秒10毫秒
15:06:19 INFO  - 开始保存聊天消息数据
15:06:19 INFO  - 聊天消息数据保存完成，共处理条 0 数据。耗时：0时0分0秒8毫秒
15:07:19 INFO  - 开始保存聊天消息数据
15:07:19 INFO  - 聊天消息数据保存完成，共处理条 0 数据。耗时：0时0分0秒10毫秒
15:08:19 INFO  - 开始保存聊天消息数据
15:08:19 INFO  - 聊天消息数据保存完成，共处理条 0 数据。耗时：0时0分0秒11毫秒
15:09:19 INFO  - 开始保存聊天消息数据
15:09:19 INFO  - 聊天消息数据保存完成，共处理条 0 数据。耗时：0时0分0秒9毫秒
15:10:19 INFO  - 开始保存聊天消息数据
15:10:19 INFO  - 聊天消息数据保存完成，共处理条 0 数据。耗时：0时0分0秒11毫秒
15:11:19 INFO  - 开始保存聊天消息数据
15:11:19 INFO  - 聊天消息数据保存完成，共处理条 0 数据。耗时：0时0分0秒9毫秒
15:12:19 INFO  - 开始保存聊天消息数据
15:12:19 INFO  - 聊天消息数据保存完成，共处理条 0 数据。耗时：0时0分0秒11毫秒
15:13:19 INFO  - 开始保存聊天消息数据
15:13:19 INFO  - 聊天消息数据保存完成，共处理条 0 数据。耗时：0时0分0秒10毫秒
15:14:19 INFO  - 开始保存聊天消息数据
15:14:19 INFO  - 聊天消息数据保存完成，共处理条 0 数据。耗时：0时0分0秒10毫秒
15:15:19 INFO  - 开始保存聊天消息数据
15:15:19 INFO  - 聊天消息数据保存完成，共处理条 0 数据。耗时：0时0分0秒10毫秒
15:16:19 INFO  - 开始保存聊天消息数据
15:16:19 INFO  - 聊天消息数据保存完成，共处理条 0 数据。耗时：0时0分0秒9毫秒
15:17:19 INFO  - 开始保存聊天消息数据
15:17:19 INFO  - 聊天消息数据保存完成，共处理条 0 数据。耗时：0时0分0秒8毫秒
15:18:19 INFO  - 开始保存聊天消息数据
15:18:19 INFO  - 聊天消息数据保存完成，共处理条 0 数据。耗时：0时0分0秒17毫秒
15:19:19 INFO  - 开始保存聊天消息数据
15:19:19 INFO  - 聊天消息数据保存完成，共处理条 0 数据。耗时：0时0分0秒9毫秒
15:20:19 INFO  - 开始保存聊天消息数据
15:20:19 INFO  - 聊天消息数据保存完成，共处理条 0 数据。耗时：0时0分0秒13毫秒
15:21:19 INFO  - 开始保存聊天消息数据
15:21:19 INFO  - 聊天消息数据保存完成，共处理条 0 数据。耗时：0时0分0秒11毫秒
15:22:19 INFO  - 开始保存聊天消息数据
15:22:19 INFO  - 聊天消息数据保存完成，共处理条 0 数据。耗时：0时0分0秒9毫秒
15:23:19 INFO  - 开始保存聊天消息数据
15:23:19 INFO  - 聊天消息数据保存完成，共处理条 0 数据。耗时：0时0分0秒9毫秒
15:24:19 INFO  - 开始保存聊天消息数据
15:24:19 INFO  - 聊天消息数据保存完成，共处理条 0 数据。耗时：0时0分0秒9毫秒
15:25:19 INFO  - 开始保存聊天消息数据
15:25:19 INFO  - 聊天消息数据保存完成，共处理条 0 数据。耗时：0时0分0秒10毫秒
15:26:19 INFO  - 开始保存聊天消息数据
15:26:19 INFO  - 聊天消息数据保存完成，共处理条 0 数据。耗时：0时0分0秒12毫秒
15:27:19 INFO  - 开始保存聊天消息数据
15:27:19 INFO  - 聊天消息数据保存完成，共处理条 0 数据。耗时：0时0分0秒11毫秒
15:28:19 INFO  - 开始保存聊天消息数据
15:28:19 INFO  - 聊天消息数据保存完成，共处理条 0 数据。耗时：0时0分0秒17毫秒
15:29:19 INFO  - 开始保存聊天消息数据
15:29:19 INFO  - 聊天消息数据保存完成，共处理条 0 数据。耗时：0时0分0秒10毫秒
15:30:19 INFO  - 开始保存聊天消息数据
15:30:19 INFO  - 聊天消息数据保存完成，共处理条 0 数据。耗时：0时0分0秒9毫秒
15:31:19 INFO  - 开始保存聊天消息数据
15:31:19 INFO  - 聊天消息数据保存完成，共处理条 0 数据。耗时：0时0分0秒9毫秒
15:32:19 INFO  - 开始保存聊天消息数据
15:32:19 INFO  - 聊天消息数据保存完成，共处理条 0 数据。耗时：0时0分0秒10毫秒
15:33:19 INFO  - 开始保存聊天消息数据
15:33:19 INFO  - 聊天消息数据保存完成，共处理条 0 数据。耗时：0时0分0秒10毫秒
15:34:19 INFO  - 开始保存聊天消息数据
15:34:19 INFO  - 聊天消息数据保存完成，共处理条 0 数据。耗时：0时0分0秒9毫秒
15:35:19 INFO  - 开始保存聊天消息数据
15:35:19 INFO  - 聊天消息数据保存完成，共处理条 0 数据。耗时：0时0分0秒9毫秒
15:36:19 INFO  - 开始保存聊天消息数据
15:36:19 INFO  - 聊天消息数据保存完成，共处理条 0 数据。耗时：0时0分0秒10毫秒
15:37:19 INFO  - 开始保存聊天消息数据
15:37:19 INFO  - 聊天消息数据保存完成，共处理条 0 数据。耗时：0时0分0秒7毫秒
15:38:19 INFO  - 开始保存聊天消息数据
15:38:19 INFO  - 聊天消息数据保存完成，共处理条 0 数据。耗时：0时0分0秒10毫秒
15:39:19 INFO  - 开始保存聊天消息数据
15:39:19 INFO  - 聊天消息数据保存完成，共处理条 0 数据。耗时：0时0分0秒9毫秒
15:40:19 INFO  - 开始保存聊天消息数据
15:40:19 INFO  - 聊天消息数据保存完成，共处理条 0 数据。耗时：0时0分0秒10毫秒
15:41:19 INFO  - 开始保存聊天消息数据
15:41:19 INFO  - 聊天消息数据保存完成，共处理条 0 数据。耗时：0时0分0秒9毫秒
15:42:19 INFO  - 开始保存聊天消息数据
15:42:19 INFO  - 聊天消息数据保存完成，共处理条 0 数据。耗时：0时0分0秒6毫秒
15:43:19 INFO  - 开始保存聊天消息数据
15:43:19 INFO  - 聊天消息数据保存完成，共处理条 0 数据。耗时：0时0分0秒8毫秒
15:44:19 INFO  - 开始保存聊天消息数据
15:44:19 INFO  - 聊天消息数据保存完成，共处理条 0 数据。耗时：0时0分0秒9毫秒
15:45:19 INFO  - 开始保存聊天消息数据
15:45:19 INFO  - 聊天消息数据保存完成，共处理条 0 数据。耗时：0时0分0秒6毫秒
15:46:19 INFO  - 开始保存聊天消息数据
15:46:19 INFO  - 聊天消息数据保存完成，共处理条 0 数据。耗时：0时0分0秒11毫秒
15:47:19 INFO  - 开始保存聊天消息数据
15:47:19 INFO  - 聊天消息数据保存完成，共处理条 0 数据。耗时：0时0分0秒8毫秒
15:48:19 INFO  - 开始保存聊天消息数据
15:48:19 INFO  - 聊天消息数据保存完成，共处理条 0 数据。耗时：0时0分0秒10毫秒
15:49:19 INFO  - 开始保存聊天消息数据
15:49:19 INFO  - 聊天消息数据保存完成，共处理条 0 数据。耗时：0时0分0秒10毫秒
15:50:19 INFO  - 开始保存聊天消息数据
15:50:19 INFO  - 聊天消息数据保存完成，共处理条 0 数据。耗时：0时0分0秒12毫秒
15:51:19 INFO  - 开始保存聊天消息数据
15:51:19 INFO  - 聊天消息数据保存完成，共处理条 0 数据。耗时：0时0分0秒12毫秒
15:52:19 INFO  - 开始保存聊天消息数据
15:52:19 INFO  - 聊天消息数据保存完成，共处理条 0 数据。耗时：0时0分0秒10毫秒
15:53:19 INFO  - 开始保存聊天消息数据
15:53:19 INFO  - 聊天消息数据保存完成，共处理条 0 数据。耗时：0时0分0秒21毫秒
15:54:19 INFO  - 开始保存聊天消息数据
15:54:19 INFO  - 聊天消息数据保存完成，共处理条 0 数据。耗时：0时0分0秒17毫秒
15:55:19 INFO  - 开始保存聊天消息数据
15:55:19 INFO  - 聊天消息数据保存完成，共处理条 0 数据。耗时：0时0分0秒10毫秒
15:56:19 INFO  - 开始保存聊天消息数据
15:56:19 INFO  - 聊天消息数据保存完成，共处理条 0 数据。耗时：0时0分0秒49毫秒
15:57:19 INFO  - 开始保存聊天消息数据
15:57:19 INFO  - 聊天消息数据保存完成，共处理条 0 数据。耗时：0时0分0秒10毫秒
15:58:19 INFO  - 开始保存聊天消息数据
15:58:19 INFO  - 聊天消息数据保存完成，共处理条 0 数据。耗时：0时0分0秒9毫秒
15:59:19 INFO  - 开始保存聊天消息数据
15:59:19 INFO  - 聊天消息数据保存完成，共处理条 0 数据。耗时：0时0分0秒10毫秒
16:00:19 INFO  - 开始保存聊天消息数据
16:00:19 INFO  - 聊天消息数据保存完成，共处理条 0 数据。耗时：0时0分0秒9毫秒
16:01:19 INFO  - 开始保存聊天消息数据
16:01:19 INFO  - 聊天消息数据保存完成，共处理条 0 数据。耗时：0时0分0秒6毫秒
16:02:19 INFO  - 开始保存聊天消息数据
16:02:19 INFO  - 聊天消息数据保存完成，共处理条 0 数据。耗时：0时0分0秒9毫秒
16:03:19 INFO  - 开始保存聊天消息数据
16:03:19 INFO  - 聊天消息数据保存完成，共处理条 0 数据。耗时：0时0分0秒9毫秒
16:04:19 INFO  - 开始保存聊天消息数据
16:04:19 INFO  - 聊天消息数据保存完成，共处理条 0 数据。耗时：0时0分0秒11毫秒
16:05:19 INFO  - 开始保存聊天消息数据
16:05:19 INFO  - 聊天消息数据保存完成，共处理条 0 数据。耗时：0时0分0秒11毫秒
16:06:19 INFO  - 开始保存聊天消息数据
16:06:19 INFO  - 聊天消息数据保存完成，共处理条 0 数据。耗时：0时0分0秒10毫秒
16:07:19 INFO  - 开始保存聊天消息数据
16:07:19 INFO  - 聊天消息数据保存完成，共处理条 0 数据。耗时：0时0分0秒8毫秒
16:08:19 INFO  - 开始保存聊天消息数据
16:08:19 INFO  - 聊天消息数据保存完成，共处理条 0 数据。耗时：0时0分0秒9毫秒
16:09:19 INFO  - 开始保存聊天消息数据
16:09:19 INFO  - 聊天消息数据保存完成，共处理条 0 数据。耗时：0时0分0秒9毫秒
16:10:19 INFO  - 开始保存聊天消息数据
16:10:19 INFO  - 聊天消息数据保存完成，共处理条 0 数据。耗时：0时0分0秒10毫秒
16:11:19 INFO  - 开始保存聊天消息数据
16:11:19 INFO  - 聊天消息数据保存完成，共处理条 0 数据。耗时：0时0分0秒9毫秒
16:12:19 INFO  - 开始保存聊天消息数据
16:12:19 INFO  - 聊天消息数据保存完成，共处理条 0 数据。耗时：0时0分0秒9毫秒
16:13:19 INFO  - 开始保存聊天消息数据
16:13:19 INFO  - 聊天消息数据保存完成，共处理条 0 数据。耗时：0时0分0秒9毫秒
16:14:19 INFO  - 开始保存聊天消息数据
16:14:19 INFO  - 聊天消息数据保存完成，共处理条 0 数据。耗时：0时0分0秒17毫秒
16:15:19 INFO  - 开始保存聊天消息数据
16:15:19 INFO  - 聊天消息数据保存完成，共处理条 0 数据。耗时：0时0分0秒11毫秒
16:16:19 INFO  - 开始保存聊天消息数据
16:16:19 INFO  - 聊天消息数据保存完成，共处理条 0 数据。耗时：0时0分0秒12毫秒
16:17:19 INFO  - 开始保存聊天消息数据
16:17:19 INFO  - 聊天消息数据保存完成，共处理条 0 数据。耗时：0时0分0秒10毫秒
16:18:19 INFO  - 开始保存聊天消息数据
16:18:19 INFO  - 聊天消息数据保存完成，共处理条 0 数据。耗时：0时0分0秒8毫秒
16:19:19 INFO  - 开始保存聊天消息数据
16:19:19 INFO  - 聊天消息数据保存完成，共处理条 0 数据。耗时：0时0分0秒10毫秒
16:20:19 INFO  - 开始保存聊天消息数据
16:20:19 INFO  - 聊天消息数据保存完成，共处理条 0 数据。耗时：0时0分0秒9毫秒
16:21:19 INFO  - 开始保存聊天消息数据
16:21:19 INFO  - 聊天消息数据保存完成，共处理条 0 数据。耗时：0时0分0秒9毫秒
16:22:19 INFO  - 开始保存聊天消息数据
16:22:19 INFO  - 聊天消息数据保存完成，共处理条 0 数据。耗时：0时0分0秒11毫秒
16:23:19 INFO  - 开始保存聊天消息数据
16:23:19 INFO  - 聊天消息数据保存完成，共处理条 0 数据。耗时：0时0分0秒10毫秒
16:24:19 INFO  - 开始保存聊天消息数据
16:24:19 INFO  - 聊天消息数据保存完成，共处理条 0 数据。耗时：0时0分0秒11毫秒
16:25:19 INFO  - 开始保存聊天消息数据
16:25:19 INFO  - 聊天消息数据保存完成，共处理条 0 数据。耗时：0时0分0秒8毫秒
16:26:19 INFO  - 开始保存聊天消息数据
16:26:19 INFO  - 聊天消息数据保存完成，共处理条 0 数据。耗时：0时0分0秒17毫秒
16:27:19 INFO  - 开始保存聊天消息数据
16:27:19 INFO  - 聊天消息数据保存完成，共处理条 0 数据。耗时：0时0分0秒11毫秒
16:28:19 INFO  - 开始保存聊天消息数据
16:28:19 INFO  - 聊天消息数据保存完成，共处理条 0 数据。耗时：0时0分0秒9毫秒
16:29:19 INFO  - 开始保存聊天消息数据
16:29:19 INFO  - 聊天消息数据保存完成，共处理条 0 数据。耗时：0时0分0秒11毫秒
16:30:19 INFO  - 开始保存聊天消息数据
16:30:19 INFO  - 聊天消息数据保存完成，共处理条 0 数据。耗时：0时0分0秒10毫秒
16:31:19 INFO  - 开始保存聊天消息数据
16:31:19 INFO  - 聊天消息数据保存完成，共处理条 0 数据。耗时：0时0分0秒11毫秒
16:32:19 INFO  - 开始保存聊天消息数据
16:32:19 INFO  - 聊天消息数据保存完成，共处理条 0 数据。耗时：0时0分0秒10毫秒
16:33:19 INFO  - 开始保存聊天消息数据
16:33:19 INFO  - 聊天消息数据保存完成，共处理条 0 数据。耗时：0时0分0秒11毫秒
16:34:19 INFO  - 开始保存聊天消息数据
16:34:19 INFO  - 聊天消息数据保存完成，共处理条 0 数据。耗时：0时0分0秒11毫秒
16:35:19 INFO  - 开始保存聊天消息数据
16:35:19 INFO  - 聊天消息数据保存完成，共处理条 0 数据。耗时：0时0分0秒12毫秒
16:36:19 INFO  - 开始保存聊天消息数据
16:36:19 INFO  - 聊天消息数据保存完成，共处理条 0 数据。耗时：0时0分0秒10毫秒
16:37:19 INFO  - 开始保存聊天消息数据
16:37:19 INFO  - 聊天消息数据保存完成，共处理条 0 数据。耗时：0时0分0秒13毫秒
16:38:19 INFO  - 开始保存聊天消息数据
16:38:19 INFO  - 聊天消息数据保存完成，共处理条 0 数据。耗时：0时0分0秒11毫秒
16:39:19 INFO  - 开始保存聊天消息数据
16:39:19 INFO  - 聊天消息数据保存完成，共处理条 0 数据。耗时：0时0分0秒11毫秒
16:40:19 INFO  - 开始保存聊天消息数据
16:40:19 INFO  - 聊天消息数据保存完成，共处理条 0 数据。耗时：0时0分0秒10毫秒
16:41:19 INFO  - 开始保存聊天消息数据
16:41:19 INFO  - 聊天消息数据保存完成，共处理条 0 数据。耗时：0时0分0秒19毫秒
16:42:19 INFO  - 开始保存聊天消息数据
16:42:19 INFO  - 聊天消息数据保存完成，共处理条 0 数据。耗时：0时0分0秒31毫秒
16:43:19 INFO  - 开始保存聊天消息数据
16:43:19 INFO  - 聊天消息数据保存完成，共处理条 0 数据。耗时：0时0分0秒41毫秒
16:44:19 INFO  - 开始保存聊天消息数据
16:44:19 INFO  - 聊天消息数据保存完成，共处理条 0 数据。耗时：0时0分0秒13毫秒
16:45:19 INFO  - 开始保存聊天消息数据
16:45:19 INFO  - 聊天消息数据保存完成，共处理条 0 数据。耗时：0时0分0秒16毫秒
16:46:19 INFO  - 开始保存聊天消息数据
16:46:19 INFO  - 聊天消息数据保存完成，共处理条 0 数据。耗时：0时0分0秒22毫秒
16:47:19 INFO  - 开始保存聊天消息数据
16:47:19 INFO  - 聊天消息数据保存完成，共处理条 0 数据。耗时：0时0分0秒12毫秒
16:48:19 INFO  - 开始保存聊天消息数据
16:48:19 INFO  - 聊天消息数据保存完成，共处理条 0 数据。耗时：0时0分0秒10毫秒
16:49:19 INFO  - 开始保存聊天消息数据
16:49:19 INFO  - 聊天消息数据保存完成，共处理条 0 数据。耗时：0时0分0秒11毫秒
16:50:19 INFO  - 开始保存聊天消息数据
16:50:19 INFO  - 聊天消息数据保存完成，共处理条 0 数据。耗时：0时0分0秒11毫秒
16:51:19 INFO  - 开始保存聊天消息数据
16:51:19 INFO  - 聊天消息数据保存完成，共处理条 0 数据。耗时：0时0分0秒10毫秒
16:52:19 INFO  - 开始保存聊天消息数据
16:52:19 INFO  - 聊天消息数据保存完成，共处理条 0 数据。耗时：0时0分0秒10毫秒
16:53:19 INFO  - 开始保存聊天消息数据
16:53:19 INFO  - 聊天消息数据保存完成，共处理条 0 数据。耗时：0时0分0秒11毫秒
16:54:19 INFO  - 开始保存聊天消息数据
16:54:19 INFO  - 聊天消息数据保存完成，共处理条 0 数据。耗时：0时0分0秒9毫秒
16:55:19 INFO  - 开始保存聊天消息数据
16:55:19 INFO  - 聊天消息数据保存完成，共处理条 0 数据。耗时：0时0分0秒24毫秒
16:56:19 INFO  - 开始保存聊天消息数据
16:56:19 INFO  - 聊天消息数据保存完成，共处理条 0 数据。耗时：0时0分0秒20毫秒
16:57:19 INFO  - 开始保存聊天消息数据
16:57:19 INFO  - 聊天消息数据保存完成，共处理条 0 数据。耗时：0时0分0秒12毫秒
16:58:19 INFO  - 开始保存聊天消息数据
16:58:19 INFO  - 聊天消息数据保存完成，共处理条 0 数据。耗时：0时0分0秒11毫秒
16:59:19 INFO  - 开始保存聊天消息数据
16:59:19 INFO  - 聊天消息数据保存完成，共处理条 0 数据。耗时：0时0分0秒11毫秒
17:00:19 INFO  - 开始保存聊天消息数据
17:00:19 INFO  - 聊天消息数据保存完成，共处理条 0 数据。耗时：0时0分0秒16毫秒
17:01:19 INFO  - 开始保存聊天消息数据
17:01:19 INFO  - 聊天消息数据保存完成，共处理条 0 数据。耗时：0时0分0秒9毫秒
17:02:19 INFO  - 开始保存聊天消息数据
17:02:19 INFO  - 聊天消息数据保存完成，共处理条 0 数据。耗时：0时0分0秒11毫秒
17:03:19 INFO  - 开始保存聊天消息数据
17:03:19 INFO  - 聊天消息数据保存完成，共处理条 0 数据。耗时：0时0分0秒19毫秒
17:04:19 INFO  - 开始保存聊天消息数据
17:04:19 INFO  - 聊天消息数据保存完成，共处理条 0 数据。耗时：0时0分0秒10毫秒
17:05:19 INFO  - 开始保存聊天消息数据
17:05:19 INFO  - 聊天消息数据保存完成，共处理条 0 数据。耗时：0时0分0秒9毫秒
17:06:17 INFO  - Executed action GD.API.Controllers.System.HomeController.GetUserQtyAsync (API) in 626ms
17:06:17 INFO  - Executed action GD.API.Controllers.System.HomeController.GetDoctorsQtyAsync (API) in 626ms
17:06:17 INFO  - Executed action GD.API.Controllers.System.HomeController.GetMerchantQtyAsync (API) in 626ms
17:06:17 INFO  - Executed action GD.API.Controllers.System.HomeController.GetOrderQtyAsync (API) in 626ms
17:06:19 INFO  - 开始保存聊天消息数据
17:06:19 INFO  - 聊天消息数据保存完成，共处理条 0 数据。耗时：0时0分0秒7毫秒
17:07:19 INFO  - 开始保存聊天消息数据
17:07:19 INFO  - 聊天消息数据保存完成，共处理条 0 数据。耗时：0时0分0秒9毫秒
17:08:19 INFO  - 开始保存聊天消息数据
17:08:19 INFO  - 聊天消息数据保存完成，共处理条 0 数据。耗时：0时0分0秒12毫秒
17:09:19 INFO  - 开始保存聊天消息数据
17:09:19 INFO  - 聊天消息数据保存完成，共处理条 0 数据。耗时：0时0分0秒11毫秒
17:10:19 INFO  - 开始保存聊天消息数据
17:10:19 INFO  - 聊天消息数据保存完成，共处理条 0 数据。耗时：0时0分0秒10毫秒
17:11:19 INFO  - 开始保存聊天消息数据
17:11:19 INFO  - 聊天消息数据保存完成，共处理条 0 数据。耗时：0时0分0秒11毫秒
17:12:19 INFO  - 开始保存聊天消息数据
17:12:19 INFO  - 聊天消息数据保存完成，共处理条 0 数据。耗时：0时0分0秒11毫秒
17:13:19 INFO  - 开始保存聊天消息数据
17:13:19 INFO  - 聊天消息数据保存完成，共处理条 0 数据。耗时：0时0分0秒11毫秒
17:14:19 INFO  - 开始保存聊天消息数据
17:14:19 INFO  - 聊天消息数据保存完成，共处理条 0 数据。耗时：0时0分0秒10毫秒
17:15:19 INFO  - 开始保存聊天消息数据
17:15:19 INFO  - 聊天消息数据保存完成，共处理条 0 数据。耗时：0时0分0秒12毫秒
17:16:19 INFO  - 开始保存聊天消息数据
17:16:19 INFO  - 聊天消息数据保存完成，共处理条 0 数据。耗时：0时0分0秒9毫秒
17:17:19 INFO  - 开始保存聊天消息数据
17:17:19 INFO  - 聊天消息数据保存完成，共处理条 0 数据。耗时：0时0分0秒10毫秒
17:18:19 INFO  - 开始保存聊天消息数据
17:18:19 INFO  - 聊天消息数据保存完成，共处理条 0 数据。耗时：0时0分0秒21毫秒
17:19:19 INFO  - 开始保存聊天消息数据
17:19:19 INFO  - 聊天消息数据保存完成，共处理条 0 数据。耗时：0时0分0秒17毫秒
17:20:19 INFO  - 开始保存聊天消息数据
17:20:19 INFO  - 聊天消息数据保存完成，共处理条 0 数据。耗时：0时0分0秒11毫秒
17:21:19 INFO  - 开始保存聊天消息数据
17:21:19 INFO  - 聊天消息数据保存完成，共处理条 0 数据。耗时：0时0分0秒12毫秒
17:22:19 INFO  - 开始保存聊天消息数据
17:22:19 INFO  - 聊天消息数据保存完成，共处理条 0 数据。耗时：0时0分0秒11毫秒
17:23:19 INFO  - 开始保存聊天消息数据
17:23:19 INFO  - 聊天消息数据保存完成，共处理条 0 数据。耗时：0时0分0秒10毫秒
17:24:19 INFO  - 开始保存聊天消息数据
17:24:19 INFO  - 聊天消息数据保存完成，共处理条 0 数据。耗时：0时0分0秒10毫秒
17:25:19 INFO  - 开始保存聊天消息数据
17:25:19 INFO  - 聊天消息数据保存完成，共处理条 0 数据。耗时：0时0分0秒9毫秒
17:26:19 INFO  - 开始保存聊天消息数据
17:26:19 INFO  - 聊天消息数据保存完成，共处理条 0 数据。耗时：0时0分0秒11毫秒
17:27:19 INFO  - 开始保存聊天消息数据
17:27:19 INFO  - 聊天消息数据保存完成，共处理条 0 数据。耗时：0时0分0秒12毫秒
17:28:19 INFO  - 开始保存聊天消息数据
17:28:19 INFO  - 聊天消息数据保存完成，共处理条 0 数据。耗时：0时0分0秒11毫秒
17:29:19 INFO  - 开始保存聊天消息数据
17:29:19 INFO  - 聊天消息数据保存完成，共处理条 0 数据。耗时：0时0分0秒10毫秒
17:30:19 INFO  - 开始保存聊天消息数据
17:30:19 INFO  - 聊天消息数据保存完成，共处理条 0 数据。耗时：0时0分0秒11毫秒
17:31:19 INFO  - 开始保存聊天消息数据
17:31:19 INFO  - 聊天消息数据保存完成，共处理条 0 数据。耗时：0时0分0秒11毫秒
17:32:19 INFO  - 开始保存聊天消息数据
17:32:19 INFO  - 聊天消息数据保存完成，共处理条 0 数据。耗时：0时0分0秒11毫秒
17:33:19 INFO  - 开始保存聊天消息数据
17:33:19 INFO  - 聊天消息数据保存完成，共处理条 0 数据。耗时：0时0分0秒10毫秒
17:34:19 INFO  - 开始保存聊天消息数据
17:34:19 INFO  - 聊天消息数据保存完成，共处理条 0 数据。耗时：0时0分0秒11毫秒
17:35:19 INFO  - 开始保存聊天消息数据
17:35:19 INFO  - 聊天消息数据保存完成，共处理条 0 数据。耗时：0时0分0秒11毫秒
17:36:19 INFO  - 开始保存聊天消息数据
17:36:19 INFO  - 聊天消息数据保存完成，共处理条 0 数据。耗时：0时0分0秒10毫秒
17:37:19 INFO  - 开始保存聊天消息数据
17:37:19 INFO  - 聊天消息数据保存完成，共处理条 0 数据。耗时：0时0分0秒11毫秒
17:38:19 INFO  - 开始保存聊天消息数据
17:38:19 INFO  - 聊天消息数据保存完成，共处理条 0 数据。耗时：0时0分0秒11毫秒
17:39:19 INFO  - 开始保存聊天消息数据
17:39:19 INFO  - 聊天消息数据保存完成，共处理条 0 数据。耗时：0时0分0秒10毫秒
17:40:19 INFO  - 开始保存聊天消息数据
17:40:19 INFO  - 聊天消息数据保存完成，共处理条 0 数据。耗时：0时0分0秒11毫秒
17:41:19 INFO  - 开始保存聊天消息数据
17:41:19 INFO  - 聊天消息数据保存完成，共处理条 0 数据。耗时：0时0分0秒14毫秒
17:42:19 INFO  - 开始保存聊天消息数据
17:42:19 INFO  - 聊天消息数据保存完成，共处理条 0 数据。耗时：0时0分0秒11毫秒
17:43:19 INFO  - 开始保存聊天消息数据
17:43:19 INFO  - 聊天消息数据保存完成，共处理条 0 数据。耗时：0时0分0秒11毫秒
17:44:19 INFO  - 开始保存聊天消息数据
17:44:19 INFO  - 聊天消息数据保存完成，共处理条 0 数据。耗时：0时0分0秒12毫秒
17:45:19 INFO  - 开始保存聊天消息数据
17:45:19 INFO  - 聊天消息数据保存完成，共处理条 0 数据。耗时：0时0分0秒9毫秒
17:46:19 INFO  - 开始保存聊天消息数据
17:46:19 INFO  - 聊天消息数据保存完成，共处理条 0 数据。耗时：0时0分0秒11毫秒
17:47:19 INFO  - 开始保存聊天消息数据
17:47:19 INFO  - 聊天消息数据保存完成，共处理条 0 数据。耗时：0时0分0秒11毫秒
17:48:19 INFO  - 开始保存聊天消息数据
17:48:19 INFO  - 聊天消息数据保存完成，共处理条 0 数据。耗时：0时0分0秒10毫秒
17:49:19 INFO  - 开始保存聊天消息数据
17:49:19 INFO  - 聊天消息数据保存完成，共处理条 0 数据。耗时：0时0分0秒10毫秒
17:50:19 INFO  - 开始保存聊天消息数据
17:50:19 INFO  - 聊天消息数据保存完成，共处理条 0 数据。耗时：0时0分0秒11毫秒
17:51:19 INFO  - 开始保存聊天消息数据
17:51:19 INFO  - 聊天消息数据保存完成，共处理条 0 数据。耗时：0时0分0秒11毫秒
17:52:19 INFO  - 开始保存聊天消息数据
17:52:19 INFO  - 聊天消息数据保存完成，共处理条 0 数据。耗时：0时0分0秒11毫秒
17:53:19 INFO  - 开始保存聊天消息数据
17:53:19 INFO  - 聊天消息数据保存完成，共处理条 0 数据。耗时：0时0分0秒15毫秒
17:54:19 INFO  - 开始保存聊天消息数据
17:54:19 INFO  - 聊天消息数据保存完成，共处理条 0 数据。耗时：0时0分0秒12毫秒
17:55:19 INFO  - 开始保存聊天消息数据
17:55:19 INFO  - 聊天消息数据保存完成，共处理条 0 数据。耗时：0时0分0秒10毫秒
17:56:19 INFO  - 开始保存聊天消息数据
17:56:19 INFO  - 聊天消息数据保存完成，共处理条 0 数据。耗时：0时0分0秒11毫秒
17:57:19 INFO  - 开始保存聊天消息数据
17:57:19 INFO  - 聊天消息数据保存完成，共处理条 0 数据。耗时：0时0分0秒8毫秒
17:58:19 INFO  - 开始保存聊天消息数据
17:58:19 INFO  - 聊天消息数据保存完成，共处理条 0 数据。耗时：0时0分0秒12毫秒
17:59:19 INFO  - 开始保存聊天消息数据
17:59:19 INFO  - 聊天消息数据保存完成，共处理条 0 数据。耗时：0时0分0秒30毫秒
18:00:19 INFO  - 开始保存聊天消息数据
18:00:19 INFO  - 聊天消息数据保存完成，共处理条 0 数据。耗时：0时0分0秒10毫秒
18:01:19 INFO  - 开始保存聊天消息数据
18:01:19 INFO  - 聊天消息数据保存完成，共处理条 0 数据。耗时：0时0分0秒11毫秒
18:02:19 INFO  - 开始保存聊天消息数据
18:02:19 INFO  - 聊天消息数据保存完成，共处理条 0 数据。耗时：0时0分0秒13毫秒
18:03:19 INFO  - 开始保存聊天消息数据
18:03:19 INFO  - 聊天消息数据保存完成，共处理条 0 数据。耗时：0时0分0秒10毫秒
18:04:19 INFO  - 开始保存聊天消息数据
18:04:19 INFO  - 聊天消息数据保存完成，共处理条 0 数据。耗时：0时0分0秒13毫秒
