09:43:47 INFO  - Executed action GD.API.Controllers.Utility.AccountController.LoginAdmin (API) in 805ms
09:43:48 INFO  - Executed action GD.API.Controllers.System.UserController.GetLoginUserInfoAsync (API) in 728ms
09:43:48 INFO  - Executed action GD.API.Controllers.System.HomeController.GetOrderQtyAsync (API) in 60ms
09:43:48 INFO  - Executed action GD.API.Controllers.System.HomeController.GetMerchantQtyAsync (API) in 78ms
09:43:48 INFO  - Executed action GD.API.Controllers.System.HomeController.GetUserQtyAsync (API) in 139ms
09:43:48 INFO  - Executed action GD.API.Controllers.System.HomeController.GetDoctorsQtyAsync (API) in 39ms
09:43:54 INFO  - Executed action GD.API.Controllers.Doctor.HospitalController.GetHospitalAllSelectAsync (API) in 50ms
09:43:54 INFO  - Executed action GD.API.Controllers.Doctor.DoctorController.GetDoctorCertificateDetailAsync (API) in 44ms
09:43:55 INFO  - Executed action GD.API.Controllers.Doctor.DoctorController.GetDoctorPageAsync (API) in 232ms
09:43:57 INFO  - Executed action GD.API.Controllers.Doctor.DoctorController.GetDoctorJobTitlesAsync (API) in 2573ms
09:44:06 INFO  - Executed action GD.API.Controllers.Doctor.DoctorController.GetIntegralInfoPageAsync (API) in 64ms
09:44:29 INFO  - Executed action GD.API.Controllers.Doctor.DoctorController.GetDoctorTopicAsync (API) in 63ms
09:44:32 INFO  - Executed action GD.API.Controllers.Doctor.DoctorController.GetDoctorInfoAsync (API) in 75ms
09:44:32 INFO  - Executed action GD.API.Controllers.Doctor.DoctorController.GetDoctorCertificateDetailAsync (API) in 26ms
09:44:32 INFO  - Executed action GD.API.Controllers.Doctor.HospitalController.GetHospitalOfficeSelectAsync (API) in 33ms
09:44:46 INFO  - Executed action GD.API.Controllers.Doctor.DoctorController.GetDoctorIntegralPageAsync (API) in 139ms
09:44:52 INFO  - Executed action GD.API.Controllers.Doctor.DoctorController.GetDoctorCertificateDetailAsync (API) in 18ms
09:44:52 INFO  - Executed action GD.API.Controllers.Doctor.DoctorController.GetDoctorJobTitlesAsync (API) in 41ms
09:44:52 INFO  - Executed action GD.API.Controllers.Doctor.DoctorController.GetDoctorPageAsync (API) in 115ms
09:44:57 INFO  - Executed action GD.API.Controllers.System.DictionaryController.GetFaqsSettingTypeAsync (API) in 44ms
09:44:57 INFO  - Executed action GD.API.Controllers.Faqs.FaqsController.SearchFaqsQuestionAsync (API) in 182ms
09:50:35 INFO  - Executed action GD.API.Controllers.System.MenuController.GetMenuTreeAsync (API) in 71ms
09:50:42 INFO  - Executed action GD.API.Controllers.System.DictionaryController.GetDictionaryTreeAsync (API) in 40ms
09:50:42 INFO  - Executed action GD.API.Controllers.System.DictionaryController.GetDictionaryMatedata (API) in 106ms
09:50:42 INFO  - Executed action GD.API.Controllers.System.DictionaryController.GetDictionaryTreeTypeAsync (API) in 93ms
09:51:24 INFO  - Executed action GD.API.Controllers.System.DictionaryController.UpdateDictionaryAsync (API) in 7ms
