09:23:30 INFO  - Executed action GD.API.Controllers.Doctor.DoctorController.GetDoctorIntegralPageAsync (API) in 293ms
09:23:34 INFO  - Executed action GD.API.Controllers.Merchant.MerchantController.GetMerchantPageAsync (API) in 76ms
09:23:34 INFO  - Executed action GD.API.Controllers.Merchant.MerchantController.GetBusinessScopeListAsync (API) in 66ms
09:23:34 INFO  - Executed action GD.API.Controllers.System.DictionaryController.GetMerchantDictionaryAsync (API) in 107ms
09:35:15 INFO  - Executed action GD.API.Controllers.Doctor.DoctorController.GetDoctorIntegralPageAsync (API) in 155ms
09:35:17 INFO  - Executed action GD.API.Controllers.Doctor.DoctorController.ExportDoctorIntegralAsync (API) in 45ms
09:35:24 INFO  - Executed action GD.API.Controllers.Doctor.DoctorController.GetDoctorPageAsync (API) in 61ms
09:35:24 INFO  - Executed action GD.API.Controllers.Doctor.DoctorController.GetDoctorJobTitlesAsync (API) in 90ms
09:35:25 INFO  - Executed action GD.API.Controllers.Doctor.DoctorController.GetDoctorCertificateDetailAsync (API) in 23ms
09:35:25 INFO  - Executed action GD.API.Controllers.Doctor.DoctorController.GetDoctorInfoAsync (API) in 61ms
09:35:29 INFO  - Executed action GD.API.Controllers.Doctor.DoctorController.GetDoctorTopicAsync (API) in 151ms
09:35:31 INFO  - Executed action GD.API.Controllers.Doctor.DoctorController.TopicMessageAsync (API) in 43ms
09:35:32 INFO  - Executed action GD.API.Controllers.Doctor.DoctorController.TopicMessageAsync (API) in 47ms
14:55:48 INFO  - Executed action GD.API.Controllers.System.UserController.GetLoginUserInfoAsync (API) in 293ms
14:55:49 INFO  - Executed action GD.API.Controllers.Doctor.DoctorController.GetDoctorJobTitlesAsync (API) in 98ms
14:55:49 INFO  - Executed action GD.API.Controllers.Doctor.HospitalController.GetHospitalAllSelectAsync (API) in 138ms
14:55:49 INFO  - Executed action GD.API.Controllers.Doctor.DoctorController.GetDoctorPageAsync (API) in 123ms
14:55:54 INFO  - Executed action GD.API.Controllers.System.UserController.GetLoginUserInfoAsync (API) in 168ms
14:55:55 INFO  - Executed action GD.API.Controllers.Doctor.HospitalController.GetHospitalAllSelectAsync (API) in 146ms
14:55:55 INFO  - Executed action GD.API.Controllers.Doctor.DoctorController.GetDoctorPageAsync (API) in 127ms
14:55:55 INFO  - Executed action GD.API.Controllers.Doctor.DoctorController.GetDoctorJobTitlesAsync (API) in 70ms
14:56:06 INFO  - Executed action GD.API.Controllers.System.UserController.GetLoginUserInfoAsync (API) in 191ms
14:56:07 INFO  - Executed action GD.API.Controllers.Doctor.HospitalController.GetHospitalAllSelectAsync (API) in 45ms
14:56:07 INFO  - Executed action GD.API.Controllers.Doctor.DoctorController.GetDoctorPageAsync (API) in 84ms
14:56:07 INFO  - Executed action GD.API.Controllers.Doctor.DoctorController.GetDoctorJobTitlesAsync (API) in 92ms
14:56:12 INFO  - Executed action GD.API.Controllers.System.UserController.GetLoginUserInfoAsync (API) in 184ms
14:56:12 INFO  - Executed action GD.API.Controllers.Doctor.DoctorController.GetDoctorJobTitlesAsync (API) in 107ms
14:56:12 INFO  - Executed action GD.API.Controllers.Doctor.HospitalController.GetHospitalAllSelectAsync (API) in 29ms
14:56:12 INFO  - Executed action GD.API.Controllers.Doctor.DoctorController.GetDoctorPageAsync (API) in 164ms
14:56:16 INFO  - Executed action GD.API.Controllers.System.UserController.GetLoginUserInfoAsync (API) in 179ms
14:56:19 INFO  - Executed action GD.API.Controllers.System.UserController.GetLoginUserInfoAsync (API) in 324ms
14:56:22 INFO  - Executed action GD.API.Controllers.System.UserController.GetLoginUserInfoAsync (API) in 191ms
14:56:22 INFO  - Executed action GD.API.Controllers.Doctor.HospitalController.GetHospitalAllSelectAsync (API) in 22ms
14:56:22 INFO  - Executed action GD.API.Controllers.Doctor.DoctorController.GetDoctorJobTitlesAsync (API) in 104ms
14:56:22 INFO  - Executed action GD.API.Controllers.Doctor.DoctorController.GetDoctorPageAsync (API) in 66ms
14:56:30 INFO  - Executed action GD.API.Controllers.System.UserController.GetLoginUserInfoAsync (API) in 235ms
14:56:30 INFO  - Executed action GD.API.Controllers.Doctor.HospitalController.GetHospitalAllSelectAsync (API) in 30ms
14:56:31 INFO  - Executed action GD.API.Controllers.Doctor.DoctorController.GetDoctorPageAsync (API) in 107ms
14:56:31 INFO  - Executed action GD.API.Controllers.Doctor.DoctorController.GetDoctorJobTitlesAsync (API) in 60ms
14:56:37 INFO  - Executed action GD.API.Controllers.System.UserController.GetLoginUserInfoAsync (API) in 245ms
14:56:38 INFO  - Executed action GD.API.Controllers.Doctor.HospitalController.GetHospitalAllSelectAsync (API) in 18ms
14:56:38 INFO  - Executed action GD.API.Controllers.Doctor.DoctorController.GetDoctorJobTitlesAsync (API) in 59ms
14:56:38 INFO  - Executed action GD.API.Controllers.Doctor.DoctorController.GetDoctorPageAsync (API) in 161ms
14:56:42 INFO  - Executed action GD.API.Controllers.System.UserController.GetLoginUserInfoAsync (API) in 226ms
14:56:43 INFO  - Executed action GD.API.Controllers.Doctor.HospitalController.GetHospitalAllSelectAsync (API) in 17ms
14:56:43 INFO  - Executed action GD.API.Controllers.Doctor.DoctorController.GetDoctorJobTitlesAsync (API) in 54ms
14:56:43 INFO  - Executed action GD.API.Controllers.Doctor.DoctorController.GetDoctorPageAsync (API) in 95ms
14:58:10 INFO  - Executed action GD.API.Controllers.System.MenuController.GetMenuTreeAsync (API) in 61ms
15:01:12 INFO  - Executed action GD.API.Controllers.System.MenuController.AddMenuAsync (API) in 130ms
15:01:12 INFO  - Executed action GD.API.Controllers.System.MenuController.GetMenuTreeAsync (API) in 48ms
15:02:48 INFO  - Executed action GD.API.Controllers.System.MenuController.AddMenuAsync (API) in 62ms
15:02:48 INFO  - Executed action GD.API.Controllers.System.MenuController.GetMenuTreeAsync (API) in 32ms
15:02:51 INFO  - Executed action GD.API.Controllers.System.MenuController.GetMenuTreeAsync (API) in 21ms
15:02:54 INFO  - Executed action GD.API.Controllers.System.UserController.GetLoginUserInfoAsync (API) in 219ms
15:02:54 INFO  - Executed action GD.API.Controllers.System.MenuController.GetMenuTreeAsync (API) in 33ms
15:02:59 INFO  - Executed action GD.API.Controllers.Utility.ArticleController.GetArticleTypeAsync (API) in 16ms
15:02:59 INFO  - Executed action GD.API.Controllers.Utility.ArticleController.GetArticleListAsync (API) in 130ms
15:03:04 INFO  - Executed action GD.API.Controllers.Utility.ArticleController.GetArticleInfoAsync (API) in 73ms
15:03:32 INFO  - Executed action GD.API.Controllers.Utility.ArticleController.GetArticleTypeAsync (API) in 26ms
15:03:32 INFO  - Executed action GD.API.Controllers.Utility.ArticleController.GetArticleListAsync (API) in 146ms
15:10:22 INFO  - Executed action GD.API.Controllers.System.UserController.GetLoginUserInfoAsync (API) in 294ms
15:10:22 INFO  - Executed action GD.API.Controllers.Utility.ArticleController.GetArticleTypeAsync (API) in 30ms
15:10:22 INFO  - Executed action GD.API.Controllers.Utility.ArticleController.GetArticleListAsync (API) in 131ms
15:10:28 INFO  - Executed action GD.API.Controllers.Utility.ArticleController.GetArticleTypeAsync (API) in 34ms
15:10:29 INFO  - Executed action GD.API.Controllers.Utility.ArticleController.GetArticleListAsync (API) in 131ms
15:10:38 INFO  - Executed action GD.API.Controllers.System.UserController.GetLoginUserInfoAsync (API) in 206ms
15:10:38 INFO  - Executed action GD.API.Controllers.Utility.ArticleController.GetArticleTypeAsync (API) in 28ms
15:10:38 INFO  - Executed action GD.API.Controllers.Utility.ArticleController.GetArticleListAsync (API) in 129ms
15:10:41 INFO  - Executed action GD.API.Controllers.System.UserController.GetLoginUserInfoAsync (API) in 187ms
15:10:41 INFO  - Executed action GD.API.Controllers.Utility.ArticleController.GetArticleTypeAsync (API) in 27ms
15:10:42 INFO  - Executed action GD.API.Controllers.Utility.ArticleController.GetArticleListAsync (API) in 134ms
15:10:43 INFO  - Executed action GD.API.Controllers.Utility.ArticleController.GetArticleTypeAsync (API) in 28ms
15:10:43 INFO  - Executed action GD.API.Controllers.Utility.ArticleController.GetArticleListAsync (API) in 139ms
15:10:50 INFO  - Executed action GD.API.Controllers.Utility.ArticleController.GetArticleTypeAsync (API) in 28ms
15:10:50 INFO  - Executed action GD.API.Controllers.Utility.ArticleController.GetArticleListAsync (API) in 134ms
15:14:23 INFO  - Executed action GD.API.Controllers.System.UserController.GetLoginUserInfoAsync (API) in 181ms
15:19:16 INFO  - Executed action GD.API.Controllers.System.UserController.GetLoginUserInfoAsync (API) in 114ms
15:19:16 INFO  - Executed action GD.API.Controllers.System.HomeController.GetUserQtyAsync (API) in 24ms
15:19:16 INFO  - Executed action GD.API.Controllers.System.HomeController.GetOrderQtyAsync (API) in 43ms
15:19:16 INFO  - Executed action GD.API.Controllers.System.HomeController.GetDoctorsQtyAsync (API) in 184ms
15:19:16 INFO  - Executed action GD.API.Controllers.System.HomeController.GetMerchantQtyAsync (API) in 97ms
15:19:25 INFO  - Executed action GD.API.Controllers.Utility.ArticleController.GetArticleTypeAsync (API) in 21ms
15:19:25 INFO  - Executed action GD.API.Controllers.Utility.ArticleController.GetArticleListAsync (API) in 128ms
15:19:27 INFO  - Executed action GD.API.Controllers.Utility.ArticleController.GetArticleTypeAsync (API) in 25ms
15:19:27 INFO  - Executed action GD.API.Controllers.Utility.ArticleController.GetArticleListAsync (API) in 141ms
15:19:40 INFO  - Executed action GD.API.Controllers.Utility.ArticleController.GetArticleInfoAsync (API) in 82ms
15:20:03 INFO  - Executed action GD.API.Controllers.System.UserController.GetLoginUserInfoAsync (API) in 176ms
15:20:03 INFO  - Executed action GD.API.Controllers.Utility.ArticleController.GetArticleTypeAsync (API) in 27ms
15:20:03 INFO  - Executed action GD.API.Controllers.Utility.ArticleController.GetArticleListAsync (API) in 117ms
15:23:32 INFO  - Executed action GD.API.Controllers.Utility.ArticleController.GetArticleTypeAsync (API) in 89ms
15:23:32 INFO  - Executed action GD.API.Controllers.Utility.ArticleController.GetArticleListAsync (API) in 132ms
15:23:48 INFO  - Executed action GD.API.Controllers.Utility.ArticleController.GetArticleTypeAsync (API) in 25ms
15:23:48 INFO  - Executed action GD.API.Controllers.Utility.ArticleController.GetArticleListAsync (API) in 123ms
15:23:51 INFO  - Executed action GD.API.Controllers.Utility.ArticleController.GetArticleTypeAsync (API) in 27ms
15:23:51 INFO  - Executed action GD.API.Controllers.Utility.ArticleController.GetArticleListAsync (API) in 150ms
15:23:58 INFO  - Executed action GD.API.Controllers.Utility.ArticleController.GetArticleTypeAsync (API) in 32ms
15:23:58 INFO  - Executed action GD.API.Controllers.Utility.ArticleController.GetArticleListAsync (API) in 132ms
15:25:36 INFO  - Executed action GD.API.Controllers.System.UserController.GetLoginUserInfoAsync (API) in 250ms
15:25:36 INFO  - Executed action GD.API.Controllers.Utility.ArticleController.GetArticleTypeAsync (API) in 30ms
15:25:36 INFO  - Executed action GD.API.Controllers.Utility.ArticleController.GetArticleListAsync (API) in 132ms
15:26:44 INFO  - Executed action GD.API.Controllers.System.UserController.GetLoginUserInfoAsync (API) in 182ms
15:26:44 INFO  - Executed action GD.API.Controllers.Utility.ArticleController.GetArticleTypeAsync (API) in 29ms
15:26:44 INFO  - Executed action GD.API.Controllers.Utility.ArticleController.GetArticleListAsync (API) in 119ms
15:27:12 INFO  - Executed action GD.API.Controllers.System.UserController.GetLoginUserInfoAsync (API) in 184ms
15:27:12 INFO  - Executed action GD.API.Controllers.Utility.ArticleController.GetArticleTypeAsync (API) in 27ms
15:27:12 INFO  - Executed action GD.API.Controllers.Utility.ArticleController.GetArticleListAsync (API) in 121ms
15:27:41 INFO  - Executed action GD.API.Controllers.System.UserController.GetLoginUserInfoAsync (API) in 199ms
15:27:42 INFO  - Executed action GD.API.Controllers.Utility.ArticleController.GetArticleTypeAsync (API) in 30ms
15:27:42 INFO  - Executed action GD.API.Controllers.Utility.ArticleController.GetArticleListAsync (API) in 143ms
15:27:45 INFO  - Executed action GD.API.Controllers.System.UserController.GetLoginUserInfoAsync (API) in 173ms
15:27:45 INFO  - Executed action GD.API.Controllers.Utility.ArticleController.GetArticleTypeAsync (API) in 33ms
15:27:46 INFO  - Executed action GD.API.Controllers.Utility.ArticleController.GetArticleListAsync (API) in 114ms
15:27:58 INFO  - Executed action GD.API.Controllers.System.UserController.GetLoginUserInfoAsync (API) in 182ms
15:28:03 INFO  - Executed action GD.API.Controllers.System.UserController.GetLoginUserInfoAsync (API) in 178ms
15:28:04 INFO  - Executed action GD.API.Controllers.System.UserController.GetLoginUserInfoAsync (API) in 228ms
15:28:04 INFO  - Executed action GD.API.Controllers.System.HomeController.GetUserQtyAsync (API) in 63ms
15:28:04 INFO  - Executed action GD.API.Controllers.System.HomeController.GetOrderQtyAsync (API) in 116ms
15:28:04 INFO  - Executed action GD.API.Controllers.System.HomeController.GetMerchantQtyAsync (API) in 36ms
15:28:04 INFO  - Executed action GD.API.Controllers.System.HomeController.GetDoctorsQtyAsync (API) in 100ms
15:28:07 INFO  - Executed action GD.API.Controllers.Utility.ArticleController.GetArticleTypeAsync (API) in 27ms
15:28:07 INFO  - Executed action GD.API.Controllers.Utility.ArticleController.GetArticleListAsync (API) in 144ms
15:28:38 INFO  - Executed action GD.API.Controllers.System.UserController.GetLoginUserInfoAsync (API) in 170ms
15:28:39 INFO  - Executed action GD.API.Controllers.Utility.ArticleController.GetArticleTypeAsync (API) in 33ms
15:28:39 INFO  - Executed action GD.API.Controllers.Utility.ArticleController.GetArticleListAsync (API) in 120ms
15:29:24 INFO  - Executed action GD.API.Controllers.System.UserController.GetLoginUserInfoAsync (API) in 195ms
15:29:25 INFO  - Executed action GD.API.Controllers.Utility.ArticleController.GetArticleTypeAsync (API) in 29ms
15:29:25 INFO  - Executed action GD.API.Controllers.Utility.ArticleController.GetArticleListAsync (API) in 149ms
15:30:29 INFO  - Executed action GD.API.Controllers.Merchant.MerchantController.GetHospitalSelectAsync (API) in 42ms
15:30:29 INFO  - Executed action GD.API.Controllers.System.DictionaryController.GetMerchantDictionaryAsync (API) in 33ms
15:30:29 INFO  - Executed action GD.API.Controllers.Merchant.MerchantController.GetBusinessScopeListAsync (API) in 34ms
15:30:29 INFO  - Executed action GD.API.Controllers.Merchant.MerchantController.GetMerchantPageAsync (API) in 55ms
15:30:31 INFO  - Executed action GD.API.Controllers.Merchant.MerchantController.GetBusinessScopeListAsync (API) in 28ms
15:30:31 INFO  - Executed action GD.API.Controllers.Merchant.MerchantController.GetMerchantInfoAsync (API) in 45ms
15:30:32 INFO  - Executed action GD.API.Controllers.Merchant.MerchantController.GetBusinessScopeLicenseListAsync (API) in 31ms
15:30:55 INFO  - Executed action GD.API.Controllers.Merchant.MerchantController.UpdateMerchantAsync (API) in 96ms
15:30:55 INFO  - Executed action GD.API.Controllers.Merchant.MerchantController.GetMerchantPageAsync (API) in 80ms
15:33:26 INFO  - Executed action GD.API.Controllers.System.UserController.GetLoginUserInfoAsync (API) in 168ms
15:33:26 INFO  - Executed action GD.API.Controllers.System.DictionaryController.GetMerchantDictionaryAsync (API) in 47ms
15:33:26 INFO  - Executed action GD.API.Controllers.Merchant.MerchantController.GetMerchantPageAsync (API) in 95ms
15:33:26 INFO  - Executed action GD.API.Controllers.Merchant.MerchantController.GetBusinessScopeListAsync (API) in 56ms
15:33:26 INFO  - Executed action GD.API.Controllers.Merchant.MerchantController.GetHospitalSelectAsync (API) in 31ms
15:34:10 INFO  - Executed action GD.API.Controllers.Merchant.MerchantController.GetBusinessScopeListAsync (API) in 26ms
15:34:10 INFO  - Executed action GD.API.Controllers.Merchant.MerchantController.GetMerchantInfoAsync (API) in 51ms
15:34:11 INFO  - Executed action GD.API.Controllers.Merchant.MerchantController.GetBusinessScopeLicenseListAsync (API) in 19ms
15:34:30 INFO  - Executed action GD.API.Controllers.Utility.ArticleController.GetArticleTypeAsync (API) in 26ms
15:34:31 INFO  - Executed action GD.API.Controllers.Utility.ArticleController.GetArticleListAsync (API) in 226ms
15:34:49 INFO  - Executed action GD.API.Controllers.System.UserController.GetLoginUserInfoAsync (API) in 170ms
15:34:49 INFO  - Executed action GD.API.Controllers.Utility.ArticleController.GetArticleTypeAsync (API) in 28ms
15:34:49 INFO  - Executed action GD.API.Controllers.Utility.ArticleController.GetArticleListAsync (API) in 126ms
15:35:08 INFO  - Executed action GD.API.Controllers.System.UserController.GetLoginUserInfoAsync (API) in 182ms
15:35:08 INFO  - Executed action GD.API.Controllers.Utility.ArticleController.GetArticleTypeAsync (API) in 21ms
15:35:08 INFO  - Executed action GD.API.Controllers.Utility.ArticleController.GetArticleListAsync (API) in 130ms
15:35:27 INFO  - Executed action GD.API.Controllers.System.UserController.GetLoginUserInfoAsync (API) in 163ms
15:35:27 INFO  - Executed action GD.API.Controllers.Utility.ArticleController.GetArticleTypeAsync (API) in 43ms
15:35:27 INFO  - Executed action GD.API.Controllers.Utility.ArticleController.GetArticleListAsync (API) in 118ms
15:35:29 INFO  - Executed action GD.API.Controllers.Merchant.MerchantController.GetBusinessScopeListAsync (API) in 26ms
15:35:52 INFO  - Executed action GD.API.Controllers.Merchant.MerchantController.GetBusinessScopeListAsync (API) in 29ms
15:37:36 INFO  - Executed action GD.API.Controllers.Merchant.MerchantController.GetBusinessScopeListAsync (API) in 23ms
15:37:41 INFO  - Executed action GD.API.Controllers.Merchant.MerchantController.GetBusinessScopeListAsync (API) in 30ms
15:37:45 INFO  - Executed action GD.API.Controllers.Merchant.MerchantController.GetBusinessScopeListAsync (API) in 34ms
15:37:48 INFO  - Executed action GD.API.Controllers.Merchant.MerchantController.GetBusinessScopeListAsync (API) in 20ms
15:39:32 INFO  - Executed action GD.API.Controllers.Merchant.MerchantController.GetBusinessScopeListAsync (API) in 29ms
15:39:34 INFO  - Executed action GD.API.Controllers.Merchant.MerchantController.GetBusinessScopeListAsync (API) in 31ms
15:39:45 INFO  - Executed action GD.API.Controllers.System.UserController.GetLoginUserInfoAsync (API) in 197ms
15:39:45 INFO  - Executed action GD.API.Controllers.Utility.ArticleController.GetArticleTypeAsync (API) in 32ms
15:39:45 INFO  - Executed action GD.API.Controllers.Utility.ArticleController.GetArticleListAsync (API) in 122ms
15:39:47 INFO  - Executed action GD.API.Controllers.Merchant.MerchantController.GetBusinessScopeListAsync (API) in 27ms
15:39:55 INFO  - Executed action GD.API.Controllers.Merchant.MerchantController.GetBusinessScopeListAsync (API) in 32ms
15:40:21 INFO  - Executed action GD.API.Controllers.Merchant.MerchantController.GetBusinessScopeListAsync (API) in 21ms
15:46:01 INFO  - Executed action GD.API.Controllers.Merchant.MerchantController.GetBusinessScopeListAsync (API) in 86ms
15:46:04 INFO  - Executed action GD.API.Controllers.Merchant.MerchantController.GetBusinessScopeListAsync (API) in 52ms
15:46:04 INFO  - Executed action GD.API.Controllers.Merchant.MerchantController.GetBusinessScopeListAsync (API) in 50ms
15:46:23 INFO  - Executed action GD.API.Controllers.System.UserController.GetLoginUserInfoAsync (API) in 178ms
15:46:25 INFO  - Executed action GD.API.Controllers.System.UserController.GetLoginUserInfoAsync (API) in 176ms
15:46:26 INFO  - Executed action GD.API.Controllers.System.HomeController.GetOrderQtyAsync (API) in 38ms
15:46:26 INFO  - Executed action GD.API.Controllers.System.HomeController.GetDoctorsQtyAsync (API) in 99ms
15:46:26 INFO  - Executed action GD.API.Controllers.System.HomeController.GetUserQtyAsync (API) in 29ms
15:46:26 INFO  - Executed action GD.API.Controllers.System.HomeController.GetMerchantQtyAsync (API) in 29ms
15:47:10 INFO  - Executed action GD.API.Controllers.System.UserController.GetLoginUserInfoAsync (API) in 177ms
15:47:10 INFO  - Executed action GD.API.Controllers.System.HomeController.GetMerchantQtyAsync (API) in 26ms
15:47:10 INFO  - Executed action GD.API.Controllers.System.HomeController.GetUserQtyAsync (API) in 37ms
15:47:10 INFO  - Executed action GD.API.Controllers.System.HomeController.GetOrderQtyAsync (API) in 30ms
15:47:10 INFO  - Executed action GD.API.Controllers.System.HomeController.GetDoctorsQtyAsync (API) in 96ms
15:47:13 INFO  - Executed action GD.API.Controllers.Utility.ArticleController.GetArticleTypeAsync (API) in 27ms
15:47:13 INFO  - Executed action GD.API.Controllers.Utility.ArticleController.GetArticleListAsync (API) in 118ms
15:47:15 INFO  - Executed action GD.API.Controllers.Merchant.MerchantController.GetBusinessScopeListAsync (API) in 31ms
15:47:24 INFO  - Executed action GD.API.Controllers.Merchant.MerchantController.GetBusinessScopeListAsync (API) in 21ms
15:47:24 INFO  - Executed action GD.API.Controllers.Merchant.MerchantController.GetBusinessScopeListAsync (API) in 30ms
15:47:51 INFO  - Executed action GD.API.Controllers.Merchant.MerchantController.GetBusinessScopeListAsync (API) in 28ms
15:47:55 INFO  - Executed action GD.API.Controllers.Merchant.MerchantController.GetBusinessScopeListAsync (API) in 21ms
15:47:58 INFO  - Executed action GD.API.Controllers.Merchant.MerchantController.GetBusinessScopeListAsync (API) in 31ms
15:48:57 INFO  - Executed action GD.API.Controllers.System.UserController.GetLoginUserInfoAsync (API) in 212ms
15:49:04 INFO  - Executed action GD.API.Controllers.System.UserController.GetLoginUserInfoAsync (API) in 184ms
15:49:05 INFO  - Executed action GD.API.Controllers.System.HomeController.GetOrderQtyAsync (API) in 173ms
15:49:05 INFO  - Executed action GD.API.Controllers.System.HomeController.GetDoctorsQtyAsync (API) in 34ms
15:49:05 INFO  - Executed action GD.API.Controllers.System.HomeController.GetUserQtyAsync (API) in 23ms
15:49:05 INFO  - Executed action GD.API.Controllers.System.HomeController.GetMerchantQtyAsync (API) in 30ms
15:49:12 INFO  - Executed action GD.API.Controllers.System.UserController.GetLoginUserInfoAsync (API) in 184ms
15:49:12 INFO  - Executed action GD.API.Controllers.System.HomeController.GetOrderQtyAsync (API) in 20ms
15:49:12 INFO  - Executed action GD.API.Controllers.System.HomeController.GetUserQtyAsync (API) in 40ms
15:49:12 INFO  - Executed action GD.API.Controllers.System.HomeController.GetMerchantQtyAsync (API) in 35ms
15:49:12 INFO  - Executed action GD.API.Controllers.System.HomeController.GetDoctorsQtyAsync (API) in 19ms
15:49:19 INFO  - Executed action GD.API.Controllers.Merchant.MerchantController.GetHospitalSelectAsync (API) in 34ms
15:49:19 INFO  - Executed action GD.API.Controllers.Merchant.MerchantController.GetMerchantPageAsync (API) in 70ms
15:49:19 INFO  - Executed action GD.API.Controllers.Merchant.MerchantController.GetBusinessScopeListAsync (API) in 33ms
15:49:19 INFO  - Executed action GD.API.Controllers.System.DictionaryController.GetMerchantDictionaryAsync (API) in 29ms
15:49:22 INFO  - Executed action GD.API.Controllers.Utility.ArticleController.GetArticleTypeAsync (API) in 23ms
15:49:22 INFO  - Executed action GD.API.Controllers.Utility.ArticleController.GetArticleListAsync (API) in 126ms
15:57:58 INFO  - Executed action GD.API.Controllers.System.UserController.GetLoginUserInfoAsync (API) in 237ms
15:57:58 INFO  - Executed action GD.API.Controllers.System.UserController.GetLoginUserInfoAsync (API) in 163ms
15:57:59 INFO  - Executed action GD.API.Controllers.Utility.ArticleController.GetArticleTypeAsync (API) in 27ms
15:57:59 INFO  - Executed action GD.API.Controllers.Utility.ArticleController.GetArticleListAsync (API) in 132ms
16:07:24 INFO  - Executed action GD.API.Controllers.System.UserController.GetLoginUserInfoAsync (API) in 490ms
16:07:25 INFO  - Executed action GD.API.Controllers.Utility.ArticleController.GetArticleTypeAsync (API) in 39ms
16:07:25 INFO  - Executed action GD.API.Controllers.Utility.ArticleController.GetArticleListAsync (API) in 182ms
16:07:26 INFO  - Executed action GD.API.Controllers.Utility.ArticleController.GetArticleListAsync (API) in 126ms
16:20:01 INFO  - Executed action GD.API.Controllers.System.UserController.GetLoginUserInfoAsync (API) in 186ms
16:20:01 INFO  - Executed action GD.API.Controllers.Utility.ArticleController.GetArticleTypeAsync (API) in 33ms
16:20:01 INFO  - Executed action GD.API.Controllers.Utility.ArticleController.GetArticleListAsync (API) in 115ms
16:41:34 INFO  - Executed action GD.API.Controllers.System.UserController.GetLoginUserInfoAsync (API) in 239ms
16:41:35 INFO  - Executed action GD.API.Controllers.Utility.ArticleController.GetArticleTypeAsync (API) in 27ms
16:41:35 INFO  - Executed action GD.API.Controllers.Utility.ArticleController.GetArticleListAsync (API) in 117ms
16:42:47 INFO  - Executed action GD.API.Controllers.System.UserController.GetLoginUserInfoAsync (API) in 194ms
16:42:48 INFO  - Executed action GD.API.Controllers.Utility.ArticleController.GetArticleTypeAsync (API) in 27ms
16:42:49 INFO  - Executed action GD.API.Controllers.Utility.ArticleController.GetArticleListAsync (API) in 138ms
16:42:54 INFO  - Executed action GD.API.Controllers.System.UserController.GetLoginUserInfoAsync (API) in 188ms
16:42:54 INFO  - Executed action GD.API.Controllers.Utility.ArticleController.GetArticleTypeAsync (API) in 29ms
16:42:55 INFO  - Executed action GD.API.Controllers.Utility.ArticleController.GetArticleListAsync (API) in 131ms
16:49:49 INFO  - Executed action GD.API.Controllers.Utility.ArticleController.GetArticleTypeAsync (API) in 118ms
16:49:49 INFO  - Executed action GD.API.Controllers.Utility.ArticleController.GetArticleListAsync (API) in 150ms
16:50:13 INFO  - Executed action GD.API.Controllers.System.UserController.GetLoginUserInfoAsync (API) in 219ms
16:50:13 INFO  - Executed action GD.API.Controllers.Utility.ArticleController.GetArticleTypeAsync (API) in 29ms
16:50:14 INFO  - Executed action GD.API.Controllers.Utility.ArticleController.GetArticleListAsync (API) in 140ms
16:50:49 INFO  - Executed action GD.API.Controllers.Utility.ArticleController.GetArticleTypeAsync (API) in 36ms
16:50:49 INFO  - Executed action GD.API.Controllers.Utility.ArticleController.GetArticleListAsync (API) in 134ms
16:51:01 INFO  - Executed action GD.API.Controllers.System.UserController.GetLoginUserInfoAsync (API) in 222ms
16:51:02 INFO  - Executed action GD.API.Controllers.Utility.ArticleController.GetArticleTypeAsync (API) in 30ms
16:51:02 INFO  - Executed action GD.API.Controllers.Utility.ArticleController.GetArticleListAsync (API) in 130ms
16:51:09 INFO  - Executed action GD.API.Controllers.Utility.ArticleController.GetArticleTypeAsync (API) in 38ms
16:51:09 INFO  - Executed action GD.API.Controllers.Utility.ArticleController.GetArticleListAsync (API) in 133ms
16:51:11 INFO  - Executed action GD.API.Controllers.Utility.ArticleController.GetArticleTypeAsync (API) in 28ms
16:51:11 INFO  - Executed action GD.API.Controllers.Utility.ArticleController.GetArticleListAsync (API) in 133ms
16:51:35 INFO  - Executed action GD.API.Controllers.System.UserController.GetLoginUserInfoAsync (API) in 255ms
16:52:15 INFO  - Executed action GD.API.Controllers.System.UserController.GetLoginUserInfoAsync (API) in 198ms
16:52:22 INFO  - Executed action GD.API.Controllers.Utility.ArticleController.GetArticleListAsync (API) in 120ms
16:52:44 INFO  - Executed action GD.API.Controllers.System.UserController.GetLoginUserInfoAsync (API) in 376ms
16:53:14 INFO  - Executed action GD.API.Controllers.Utility.ArticleController.GetArticleListAsync (API) in 152ms
16:53:16 INFO  - Executed action GD.API.Controllers.Utility.ArticleController.GetArticleListAsync (API) in 174ms
16:54:02 INFO  - Executed action GD.API.Controllers.System.UserController.GetLoginUserInfoAsync (API) in 222ms
16:54:02 INFO  - Executed action GD.API.Controllers.Utility.ArticleController.GetArticleListAsync (API) in 138ms
16:54:35 INFO  - Executed action GD.API.Controllers.Utility.ArticleController.GetArticleListAsync (API) in 141ms
16:58:00 INFO  - Executed action GD.API.Controllers.Utility.ArticleController.GetArticleListAsync (API) in 168827ms
16:58:00 INFO  - Executed action GD.API.Controllers.System.UserController.GetLoginUserInfoAsync (API) in 257ms
16:58:03 INFO  - Executed action GD.API.Controllers.Utility.ArticleController.GetArticleListAsync (API) in 2453ms
17:01:23 INFO  - Executed action GD.API.Controllers.Utility.ArticleController.GetArticleListAsync (API) in 176ms
17:01:31 INFO  - Executed action GD.API.Controllers.Utility.ArticleController.GetArticleListAsync (API) in 130ms
17:01:55 INFO  - Executed action GD.API.Controllers.Utility.ArticleController.GetArticleListAsync (API) in 126ms
17:02:09 INFO  - Executed action GD.API.Controllers.System.UserController.GetLoginUserInfoAsync (API) in 180ms
17:02:09 INFO  - Executed action GD.API.Controllers.Utility.ArticleController.GetArticleListAsync (API) in 120ms
