09:26:03 INFO  - Executed action GD.API.Controllers.Merchant.MerchantController.GetMerchantOrderDetailPageAsync (API) in 85ms
09:26:06 INFO  - Executed action GD.API.Controllers.Merchant.MerchantController.GetMerchantInfoAsync (API) in 40ms
09:26:06 INFO  - Executed action GD.API.Controllers.Merchant.MerchantController.GetBusinessScopeLicenseListAsync (API) in 17ms
11:29:58 INFO  - Executed action GD.API.Controllers.Merchant.MerchantController.GetMerchantInfoAsync (API) in 728ms
11:29:58 INFO  - Executed action GD.API.Controllers.Merchant.MerchantController.GetBusinessScopeLicenseListAsync (API) in 38ms
11:30:59 INFO  - Executed action GD.API.Controllers.Merchant.MerchantController.UpdateMerchantAsync (API) in 2033ms
11:30:59 INFO  - Executed action GD.API.Controllers.Merchant.MerchantController.GetMerchantPageAsync (API) in 200ms
15:52:21 INFO  - Executed action GD.API.Controllers.Merchant.MerchantController.GetMerchantInfoAsync (API) in 118ms
15:52:21 INFO  - Executed action GD.API.Controllers.Merchant.MerchantController.GetBusinessScopeLicenseListAsync (API) in 23ms
16:23:43 INFO  - Executed action GD.API.Controllers.System.UserController.GetLoginUserInfoAsync (API) in 605ms
16:23:44 INFO  - Executed action GD.API.Controllers.Merchant.MerchantController.GetMerchantPageAsync (API) in 78ms
16:23:44 INFO  - Executed action GD.API.Controllers.Merchant.MerchantController.GetHospitalSelectAsync (API) in 35ms
16:23:48 INFO  - Executed action GD.API.Controllers.Merchant.MerchantController.GetBusinessScopeListAsync (API) in 4166ms
16:23:48 INFO  - Executed action GD.API.Controllers.System.DictionaryController.GetMerchantDictionaryAsync (API) in 4161ms
16:23:58 INFO  - Executed action GD.API.Controllers.System.UserController.GetLoginUserInfoAsync (API) in 167ms
16:24:01 INFO  - Executed action GD.API.Controllers.System.UserController.GetLoginUserInfoAsync (API) in 173ms
16:24:01 INFO  - Executed action GD.API.Controllers.System.HomeController.GetUserQtyAsync (API) in 72ms
16:24:01 INFO  - Executed action GD.API.Controllers.System.HomeController.GetOrderQtyAsync (API) in 53ms
16:24:01 INFO  - Executed action GD.API.Controllers.System.HomeController.GetMerchantQtyAsync (API) in 93ms
16:24:01 INFO  - Executed action GD.API.Controllers.System.HomeController.GetDoctorsQtyAsync (API) in 159ms
16:24:08 INFO  - Executed action GD.API.Controllers.System.DictionaryController.GetMerchantDictionaryAsync (API) in 33ms
16:24:08 INFO  - Executed action GD.API.Controllers.Merchant.MerchantController.GetMerchantPageAsync (API) in 78ms
16:24:08 INFO  - Executed action GD.API.Controllers.Merchant.MerchantController.GetHospitalSelectAsync (API) in 53ms
16:24:08 INFO  - Executed action GD.API.Controllers.Merchant.MerchantController.GetBusinessScopeListAsync (API) in 42ms
16:29:16 INFO  - Executed action GD.API.Controllers.System.UserController.GetLoginUserInfoAsync (API) in 207ms
16:29:28 INFO  - Executed action GD.API.Controllers.System.UserController.GetLoginUserInfoAsync (API) in 178ms
16:29:28 INFO  - Executed action GD.API.Controllers.System.HomeController.GetUserQtyAsync (API) in 46ms
16:29:28 INFO  - Executed action GD.API.Controllers.System.HomeController.GetOrderQtyAsync (API) in 43ms
16:29:28 INFO  - Executed action GD.API.Controllers.System.HomeController.GetMerchantQtyAsync (API) in 35ms
16:29:28 INFO  - Executed action GD.API.Controllers.System.HomeController.GetDoctorsQtyAsync (API) in 22ms
16:56:16 INFO  - Executed action GD.API.Controllers.System.UserController.GetLoginUserInfoAsync (API) in 1110ms
16:56:16 INFO  - Executed action GD.API.Controllers.Doctor.HospitalController.GetHospitalAllSelectAsync (API) in 134ms
16:56:16 INFO  - Executed action GD.API.Controllers.Doctor.DoctorController.GetDoctorPageAsync (API) in 102ms
16:56:19 INFO  - Executed action GD.API.Controllers.Doctor.DoctorController.GetDoctorJobTitlesAsync (API) in 2695ms
16:56:19 INFO  - Executed action GD.API.Controllers.Doctor.DoctorController.GetDoctorIntegralPageAsync (API) in 165ms
16:56:21 INFO  - Executed action GD.API.Controllers.Merchant.MerchantController.GetBusinessScopeListAsync (API) in 36ms
16:56:21 INFO  - Executed action GD.API.Controllers.System.DictionaryController.GetMerchantDictionaryAsync (API) in 97ms
16:56:21 INFO  - Executed action GD.API.Controllers.Merchant.MerchantController.GetHospitalSelectAsync (API) in 101ms
16:56:21 INFO  - Executed action GD.API.Controllers.Merchant.MerchantController.GetMerchantPageAsync (API) in 134ms
16:57:18 INFO  - Executed action GD.API.Controllers.Merchant.MerchantController.GetMerchantPageAsync (API) in 2621ms
16:57:33 INFO  - Executed action GD.API.Controllers.Merchant.MerchantController.GetMerchantInfoAsync (API) in 242ms
16:57:33 INFO  - Executed action GD.API.Controllers.Merchant.MerchantController.GetBusinessScopeLicenseListAsync (API) in 28ms
16:57:35 INFO  - Executed action GD.API.Controllers.Merchant.MerchantController.GetBusinessScopeListAsync (API) in 2821ms
16:58:19 INFO  - Executed action GD.API.Controllers.Merchant.MerchantController.GetMerchantPageAsync (API) in 6714ms
17:01:10 INFO  - Executed action GD.API.Controllers.Merchant.MerchantController.GetMerchantPageAsync (API) in 2020ms
17:01:20 INFO  - Executed action GD.API.Controllers.Merchant.MerchantController.GetMerchantInfoAsync (API) in 190ms
17:01:20 INFO  - Executed action GD.API.Controllers.Merchant.MerchantController.GetBusinessScopeLicenseListAsync (API) in 44ms
17:01:30 INFO  - Executed action GD.API.Controllers.Merchant.MerchantController.GetMerchantInfoAsync (API) in 50ms
17:01:30 INFO  - Executed action GD.API.Controllers.Merchant.MerchantController.GetBusinessScopeLicenseListAsync (API) in 28ms
17:07:08 INFO  - Executed action GD.API.Controllers.Utility.ArticleController.GetArticleTypeAsync (API) in 2422ms
17:07:09 INFO  - Executed action GD.API.Controllers.Utility.ArticleController.GetArticleListAsync (API) in 132ms
17:07:44 INFO  - Executed action GD.API.Controllers.Utility.ArticleController.GetArticleInfoAsync (API) in 115ms
17:20:15 INFO  - Executed action GD.API.Controllers.System.UserController.GetLoginUserInfoAsync (API) in 1240ms
17:21:18 INFO  - Executed action GD.API.Controllers.System.UserController.GetLoginUserInfoAsync (API) in 188ms
17:21:18 INFO  - Executed action GD.API.Controllers.System.HomeController.GetOrderQtyAsync (API) in 40ms
17:21:18 INFO  - Executed action GD.API.Controllers.System.HomeController.GetUserQtyAsync (API) in 93ms
17:21:18 INFO  - Executed action GD.API.Controllers.System.HomeController.GetDoctorsQtyAsync (API) in 94ms
17:21:18 INFO  - Executed action GD.API.Controllers.System.HomeController.GetMerchantQtyAsync (API) in 126ms
17:21:23 INFO  - Executed action GD.API.Controllers.Utility.ArticleController.GetArticleTypeAsync (API) in 2643ms
17:22:49 INFO  - Executed action GD.API.Controllers.System.UserController.GetLoginUserInfoAsync (API) in 194ms
17:22:50 INFO  - Executed action GD.API.Controllers.Utility.ArticleController.GetArticleTypeAsync (API) in 16ms
17:23:00 INFO  - Executed action GD.API.Controllers.System.UserController.GetLoginUserInfoAsync (API) in 188ms
17:23:00 INFO  - Executed action GD.API.Controllers.Utility.ArticleController.GetArticleTypeAsync (API) in 20ms
17:23:20 INFO  - Executed action GD.API.Controllers.System.UserController.GetLoginUserInfoAsync (API) in 193ms
17:23:20 INFO  - Executed action GD.API.Controllers.Utility.ArticleController.GetArticleTypeAsync (API) in 21ms
17:26:50 INFO  - Executed action GD.API.Controllers.Utility.ArticleController.GetArticleTypeAsync (API) in 66ms
17:26:56 INFO  - Executed action GD.API.Controllers.Utility.ArticleController.GetArticleListAsync (API) in 5523ms
17:27:20 INFO  - Executed action GD.API.Controllers.Utility.ArticleController.GetArticleTypeAsync (API) in 18ms
17:27:42 INFO  - Executed action GD.API.Controllers.Utility.ArticleController.GetArticleTypeAsync (API) in 17ms
17:37:56 INFO  - Executed action GD.API.Controllers.Utility.ArticleController.GetArticleListAsync (API) in 5433ms
17:38:02 INFO  - Executed action GD.API.Controllers.Utility.ArticleController.GetArticleTypeAsync (API) in 2467ms
17:39:41 INFO  - Executed action GD.API.Controllers.Utility.ArticleController.GetArticleListAsync (API) in 7841ms
17:41:11 INFO  - Executed action GD.API.Controllers.Utility.ArticleController.GetArticleTypeAsync (API) in 33ms
17:41:13 INFO  - Executed action GD.API.Controllers.System.UserController.GetLoginUserInfoAsync (API) in 726ms
17:41:14 INFO  - Executed action GD.API.Controllers.Utility.ArticleController.GetArticleTypeAsync (API) in 54ms
17:41:28 INFO  - Executed action GD.API.Controllers.Utility.ArticleController.GetArticleListAsync (API) in 10006ms
17:41:35 INFO  - Executed action GD.API.Controllers.Utility.ArticleController.GetArticleInfoAsync (API) in 142ms
17:42:16 INFO  - Executed action GD.API.Controllers.Utility.ArticleController.GetArticleTypeAsync (API) in 30ms
17:42:16 INFO  - Executed action GD.API.Controllers.Utility.ArticleController.GetArticleListAsync (API) in 120ms
17:42:22 INFO  - Executed action GD.API.Controllers.Utility.ArticleController.GetArticleTypeAsync (API) in 28ms
17:42:22 INFO  - Executed action GD.API.Controllers.Utility.ArticleController.GetArticleListAsync (API) in 142ms
17:42:57 INFO  - Executed action GD.API.Controllers.Utility.AccountController.LoginAdmin (API) in 45ms
17:42:57 INFO  - Executed action GD.API.Controllers.System.UserController.GetLoginUserInfoAsync (API) in 204ms
17:42:57 INFO  - Executed action GD.API.Controllers.Utility.ArticleController.GetArticleTypeAsync (API) in 28ms
17:42:57 INFO  - Executed action GD.API.Controllers.Utility.ArticleController.GetArticleListAsync (API) in 134ms
17:43:20 INFO  - Executed action GD.API.Controllers.Utility.ArticleController.GetArticleTypeAsync (API) in 36ms
17:43:20 INFO  - Executed action GD.API.Controllers.Utility.ArticleController.GetArticleListAsync (API) in 142ms
17:43:24 INFO  - Executed action GD.API.Controllers.Utility.ArticleController.GetArticleTypeAsync (API) in 48ms
17:43:24 INFO  - Executed action GD.API.Controllers.Utility.ArticleController.GetArticleListAsync (API) in 141ms
17:44:00 INFO  - Executed action GD.API.Controllers.System.UserController.GetLoginUserInfoAsync (API) in 465ms
17:44:00 INFO  - Executed action GD.API.Controllers.Utility.ArticleController.GetArticleTypeAsync (API) in 33ms
17:44:00 INFO  - Executed action GD.API.Controllers.Utility.ArticleController.GetArticleListAsync (API) in 132ms
17:44:02 INFO  - Executed action GD.API.Controllers.Utility.ArticleController.GetArticleInfoAsync (API) in 101ms
17:44:13 INFO  - Executed action GD.API.Controllers.Utility.ArticleController.GetArticleTypeAsync (API) in 32ms
17:44:13 INFO  - Executed action GD.API.Controllers.Utility.ArticleController.GetArticleListAsync (API) in 138ms
17:44:15 INFO  - Executed action GD.API.Controllers.Utility.ArticleController.GetArticleInfoAsync (API) in 121ms
17:44:43 INFO  - Executed action GD.API.Controllers.Utility.ArticleController.GetArticleTypeAsync (API) in 28ms
17:44:53 INFO  - Executed action GD.API.Controllers.Utility.ArticleController.GetArticleListAsync (API) in 140ms
17:44:54 INFO  - Executed action GD.API.Controllers.Utility.ArticleController.GetArticleTypeAsync (API) in 31ms
17:44:56 INFO  - Executed action GD.API.Controllers.Utility.ArticleController.GetArticleListAsync (API) in 132ms
17:44:58 INFO  - Executed action GD.API.Controllers.Utility.ArticleController.GetArticleInfoAsync (API) in 97ms
17:45:49 INFO  - Executed action GD.API.Controllers.Utility.ArticleController.UpdateArticleAsync (API) in 393ms
17:47:17 INFO  - Executed action GD.API.Controllers.Utility.ArticleController.UpdateArticleAsync (API) in 859ms
17:47:17 INFO  - Executed action GD.API.Controllers.Utility.ArticleController.GetArticleListAsync (API) in 117ms
17:47:21 INFO  - Executed action GD.API.Controllers.Utility.ArticleController.GetArticleInfoAsync (API) in 57ms
17:47:24 INFO  - Executed action GD.API.Controllers.Utility.ArticleController.GetArticleInfoAsync (API) in 53ms
17:49:25 INFO  - Executed action GD.API.Controllers.Utility.ArticleController.GetArticleInfoAsync (API) in 894ms
17:49:29 INFO  - Executed action GD.API.Controllers.Utility.ArticleController.GetArticleInfoAsync (API) in 88ms
17:50:16 INFO  - Executed action GD.API.Controllers.Utility.ArticleController.GetArticleListAsync (API) in 826ms
17:50:18 INFO  - Executed action GD.API.Controllers.Utility.ArticleController.GetArticleInfoAsync (API) in 310ms
17:50:37 INFO  - Executed action GD.API.Controllers.Utility.ArticleController.GetArticleListAsync (API) in 131ms
17:50:47 INFO  - Executed action GD.API.Controllers.Utility.ArticleController.GetArticleTypeAsync (API) in 2546ms
17:50:47 INFO  - Executed action GD.API.Controllers.Utility.ArticleController.GetArticleListAsync (API) in 124ms
17:50:50 INFO  - Executed action GD.API.Controllers.Utility.ArticleController.GetArticleInfoAsync (API) in 90ms
17:51:33 INFO  - Executed action GD.API.Controllers.Utility.ArticleController.GetArticleTypeAsync (API) in 28ms
17:51:33 INFO  - Executed action GD.API.Controllers.Utility.ArticleController.GetArticleListAsync (API) in 121ms
17:51:45 INFO  - Executed action GD.API.Controllers.Utility.ArticleController.GetArticleTypeAsync (API) in 26ms
17:51:45 INFO  - Executed action GD.API.Controllers.Utility.ArticleController.GetArticleListAsync (API) in 119ms
17:52:09 INFO  - Executed action GD.API.Controllers.Utility.ArticleController.GetArticleTypeAsync (API) in 26ms
17:52:09 INFO  - Executed action GD.API.Controllers.Utility.ArticleController.GetArticleListAsync (API) in 141ms
17:52:16 INFO  - Executed action GD.API.Controllers.Utility.ArticleController.GetArticleTypeAsync (API) in 26ms
17:52:16 INFO  - Executed action GD.API.Controllers.Utility.ArticleController.GetArticleListAsync (API) in 124ms
17:52:20 INFO  - Executed action GD.API.Controllers.Utility.ArticleController.GetArticleTypeAsync (API) in 26ms
17:52:21 INFO  - Executed action GD.API.Controllers.Utility.ArticleController.GetArticleListAsync (API) in 126ms
17:52:22 INFO  - Executed action GD.API.Controllers.Utility.ArticleController.GetArticleTypeAsync (API) in 26ms
17:52:22 INFO  - Executed action GD.API.Controllers.Utility.ArticleController.GetArticleListAsync (API) in 127ms
17:53:13 INFO  - Executed action GD.API.Controllers.Utility.ArticleController.GetArticleTypeAsync (API) in 28ms
17:53:13 INFO  - Executed action GD.API.Controllers.Utility.ArticleController.GetArticleListAsync (API) in 120ms
17:53:23 INFO  - Executed action GD.API.Controllers.Utility.ArticleController.GetArticleTypeAsync (API) in 26ms
17:53:23 INFO  - Executed action GD.API.Controllers.Utility.ArticleController.GetArticleListAsync (API) in 126ms
17:53:30 INFO  - Executed action GD.API.Controllers.Utility.ArticleController.GetArticleTypeAsync (API) in 37ms
17:53:30 INFO  - Executed action GD.API.Controllers.Utility.ArticleController.GetArticleListAsync (API) in 121ms
17:53:33 INFO  - Executed action GD.API.Controllers.Utility.ArticleController.GetArticleInfoAsync (API) in 99ms
17:53:48 INFO  - Executed action GD.API.Controllers.Utility.ArticleController.UpdateArticleAsync (API) in 190ms
17:53:48 INFO  - Executed action GD.API.Controllers.Utility.ArticleController.GetArticleListAsync (API) in 120ms
17:53:50 INFO  - Executed action GD.API.Controllers.Utility.ArticleController.GetArticleInfoAsync (API) in 98ms
17:54:08 INFO  - Executed action GD.API.Controllers.Utility.ArticleController.UpdateArticleAsync (API) in 117ms
17:54:08 INFO  - Executed action GD.API.Controllers.Utility.ArticleController.GetArticleListAsync (API) in 119ms
17:54:09 INFO  - Executed action GD.API.Controllers.Utility.ArticleController.GetArticleInfoAsync (API) in 81ms
17:54:19 INFO  - Executed action GD.API.Controllers.Utility.ArticleController.GetArticleInfoAsync (API) in 91ms
17:55:25 INFO  - Executed action GD.API.Controllers.Utility.ArticleController.GetArticleTypeAsync (API) in 49ms
17:55:27 INFO  - Executed action GD.API.Controllers.Utility.ArticleController.GetArticleListAsync (API) in 119ms
17:55:28 INFO  - Executed action GD.API.Controllers.Utility.ArticleController.GetArticleInfoAsync (API) in 84ms
17:55:33 INFO  - Executed action GD.API.Controllers.Utility.ArticleController.GetArticleInfoAsync (API) in 81ms
17:55:41 INFO  - Executed action GD.API.Controllers.Utility.ArticleController.UpdateArticleAsync (API) in 139ms
17:55:42 INFO  - Executed action GD.API.Controllers.Utility.ArticleController.GetArticleListAsync (API) in 128ms
17:55:44 INFO  - Executed action GD.API.Controllers.Utility.ArticleController.GetArticleInfoAsync (API) in 91ms
17:56:16 INFO  - Executed action GD.API.Controllers.Utility.ArticleController.GetArticleTypeAsync (API) in 27ms
17:56:16 INFO  - Executed action GD.API.Controllers.Utility.ArticleController.GetArticleListAsync (API) in 142ms
17:56:19 INFO  - Executed action GD.API.Controllers.Utility.ArticleController.DisableEnableArticleAsync (API) in 62ms
17:56:20 INFO  - Executed action GD.API.Controllers.Utility.ArticleController.GetArticleListAsync (API) in 126ms
17:56:21 INFO  - Executed action GD.API.Controllers.Utility.ArticleController.GetArticleInfoAsync (API) in 83ms
17:56:31 INFO  - Executed action GD.API.Controllers.Utility.ArticleController.UpdateArticleAsync (API) in 122ms
17:56:31 INFO  - Executed action GD.API.Controllers.Utility.ArticleController.GetArticleListAsync (API) in 116ms
17:56:35 INFO  - Executed action GD.API.Controllers.Utility.ArticleController.GetArticleInfoAsync (API) in 81ms
17:56:42 INFO  - Executed action GD.API.Controllers.Utility.ArticleController.UpdateArticleAsync (API) in 137ms
17:56:42 INFO  - Executed action GD.API.Controllers.Utility.ArticleController.GetArticleListAsync (API) in 136ms
17:56:43 INFO  - Executed action GD.API.Controllers.Utility.ArticleController.GetArticleInfoAsync (API) in 89ms
17:59:39 INFO  - Executed action GD.API.Controllers.Doctor.HospitalController.GetHospitalLevel (API) in 5ms
17:59:39 INFO  - Executed action GD.API.Controllers.Doctor.HospitalController.GetHospitalPageAsync (API) in 71ms
17:59:45 INFO  - Executed action GD.API.Controllers.Doctor.HospitalController.GetHospitalAllSelectAsync (API) in 92ms
17:59:45 INFO  - Executed action GD.API.Controllers.Doctor.DoctorController.GetDoctorJobTitlesAsync (API) in 98ms
17:59:45 INFO  - Executed action GD.API.Controllers.Doctor.DoctorController.GetDoctorPageAsync (API) in 126ms
17:59:48 INFO  - Executed action GD.API.Controllers.Merchant.MerchantController.GetHospitalSelectAsync (API) in 46ms
17:59:48 INFO  - Executed action GD.API.Controllers.Merchant.MerchantController.GetMerchantPageAsync (API) in 90ms
17:59:48 INFO  - Executed action GD.API.Controllers.Merchant.MerchantController.GetBusinessScopeListAsync (API) in 50ms
17:59:48 INFO  - Executed action GD.API.Controllers.System.DictionaryController.GetMerchantDictionaryAsync (API) in 74ms
18:00:13 INFO  - Executed action GD.API.Controllers.Merchant.MerchantController.GetBusinessScopeListAsync (API) in 31ms
18:00:13 INFO  - Executed action GD.API.Controllers.Merchant.MerchantController.GetMerchantPageAsync (API) in 84ms
18:00:13 INFO  - Executed action GD.API.Controllers.System.DictionaryController.GetMerchantDictionaryAsync (API) in 24ms
18:00:23 INFO  - Executed action GD.API.Controllers.Merchant.MerchantController.GetBusinessScopeListAsync (API) in 43ms
18:00:23 INFO  - Executed action GD.API.Controllers.Merchant.MerchantController.GetMerchantPageAsync (API) in 99ms
18:00:23 INFO  - Executed action GD.API.Controllers.System.DictionaryController.GetMerchantDictionaryAsync (API) in 25ms
18:00:36 INFO  - Executed action GD.API.Controllers.System.UserController.GetLoginUserInfoAsync (API) in 542ms
18:00:36 INFO  - Executed action GD.API.Controllers.Merchant.MerchantController.GetHospitalSelectAsync (API) in 42ms
18:00:36 INFO  - Executed action GD.API.Controllers.Merchant.MerchantController.GetMerchantPageAsync (API) in 86ms
18:00:36 INFO  - Executed action GD.API.Controllers.System.DictionaryController.GetMerchantDictionaryAsync (API) in 33ms
18:00:36 INFO  - Executed action GD.API.Controllers.Merchant.MerchantController.GetBusinessScopeListAsync (API) in 28ms
18:01:01 INFO  - Executed action GD.API.Controllers.Merchant.MerchantController.GetBusinessScopeListAsync (API) in 19ms
18:01:01 INFO  - Executed action GD.API.Controllers.Merchant.MerchantController.GetMerchantInfoAsync (API) in 59ms
18:01:01 INFO  - Executed action GD.API.Controllers.Merchant.MerchantController.GetBusinessScopeLicenseListAsync (API) in 27ms
18:01:15 INFO  - Executed action GD.API.Controllers.Merchant.MerchantController.UpdateMerchantAsync (API) in 2839ms
18:01:15 INFO  - Executed action GD.API.Controllers.Merchant.MerchantController.GetMerchantPageAsync (API) in 46ms
18:01:18 INFO  - Executed action GD.API.Controllers.Merchant.MerchantController.GetMerchantInfoAsync (API) in 49ms
18:01:18 INFO  - Executed action GD.API.Controllers.Merchant.MerchantController.GetBusinessScopeLicenseListAsync (API) in 15ms
18:01:21 INFO  - Executed action GD.API.Controllers.Merchant.MerchantController.GetMerchantInfoAsync (API) in 46ms
18:01:21 INFO  - Executed action GD.API.Controllers.Merchant.MerchantController.GetBusinessScopeLicenseListAsync (API) in 16ms
18:01:31 INFO  - Executed action GD.API.Controllers.Merchant.MerchantController.GetMerchantInfoAsync (API) in 40ms
18:01:31 INFO  - Executed action GD.API.Controllers.Merchant.MerchantController.GetBusinessScopeLicenseListAsync (API) in 17ms
18:01:42 INFO  - Executed action GD.API.Controllers.Merchant.MerchantController.UpdateMerchantAsync (API) in 89ms
18:01:42 INFO  - Executed action GD.API.Controllers.Merchant.MerchantController.GetMerchantPageAsync (API) in 53ms
18:01:46 INFO  - Executed action GD.API.Controllers.Merchant.MerchantController.GetMerchantInfoAsync (API) in 33ms
18:01:46 INFO  - Executed action GD.API.Controllers.Merchant.MerchantController.GetBusinessScopeLicenseListAsync (API) in 25ms
18:01:51 INFO  - Executed action GD.API.Controllers.Merchant.MerchantController.UpdateMerchantAsync (API) in 70ms
18:01:51 INFO  - Executed action GD.API.Controllers.Merchant.MerchantController.GetMerchantPageAsync (API) in 60ms
18:01:52 INFO  - Executed action GD.API.Controllers.Merchant.MerchantController.GetMerchantInfoAsync (API) in 44ms
18:01:52 INFO  - Executed action GD.API.Controllers.Merchant.MerchantController.GetBusinessScopeLicenseListAsync (API) in 27ms
18:02:37 INFO  - Executed action GD.API.Controllers.Merchant.MerchantController.UpdateMerchantAsync (API) in 118ms
18:02:37 INFO  - Executed action GD.API.Controllers.Merchant.MerchantController.GetMerchantPageAsync (API) in 52ms
18:02:44 INFO  - Executed action GD.API.Controllers.Merchant.MerchantController.GetMerchantInfoAsync (API) in 33ms
18:02:44 INFO  - Executed action GD.API.Controllers.Merchant.MerchantController.GetBusinessScopeLicenseListAsync (API) in 23ms
18:02:53 INFO  - Executed action GD.API.Controllers.Merchant.MerchantController.UpdateMerchantAsync (API) in 70ms
18:02:53 INFO  - Executed action GD.API.Controllers.Merchant.MerchantController.GetMerchantPageAsync (API) in 56ms
18:03:03 INFO  - Executed action GD.API.Controllers.Merchant.MerchantController.GetMerchantInfoAsync (API) in 39ms
18:03:04 INFO  - Executed action GD.API.Controllers.Merchant.MerchantController.GetBusinessScopeLicenseListAsync (API) in 18ms
18:03:11 INFO  - Executed action GD.API.Controllers.Merchant.MerchantController.UpdateMerchantAsync (API) in 90ms
18:03:11 INFO  - Executed action GD.API.Controllers.Merchant.MerchantController.GetMerchantPageAsync (API) in 43ms
18:03:14 INFO  - Executed action GD.API.Controllers.Merchant.MerchantController.GetMerchantInfoAsync (API) in 44ms
18:03:14 INFO  - Executed action GD.API.Controllers.Merchant.MerchantController.GetBusinessScopeLicenseListAsync (API) in 17ms
18:03:21 INFO  - Executed action GD.API.Controllers.Merchant.MerchantController.UpdateMerchantAsync (API) in 81ms
18:03:21 INFO  - Executed action GD.API.Controllers.Merchant.MerchantController.GetMerchantPageAsync (API) in 58ms
18:03:23 INFO  - Executed action GD.API.Controllers.Merchant.MerchantController.GetMerchantInfoAsync (API) in 33ms
18:03:23 INFO  - Executed action GD.API.Controllers.Merchant.MerchantController.GetBusinessScopeLicenseListAsync (API) in 28ms
18:03:27 INFO  - Executed action GD.API.Controllers.Merchant.MerchantController.UpdateMerchantAsync (API) in 63ms
18:03:27 INFO  - Executed action GD.API.Controllers.Merchant.MerchantController.GetMerchantPageAsync (API) in 79ms
18:03:33 INFO  - Executed action GD.API.Controllers.Merchant.MerchantController.GetMerchantInfoAsync (API) in 42ms
18:03:33 INFO  - Executed action GD.API.Controllers.Merchant.MerchantController.GetBusinessScopeLicenseListAsync (API) in 17ms
18:03:40 INFO  - Executed action GD.API.Controllers.Merchant.MerchantController.UpdateMerchantAsync (API) in 93ms
18:03:40 INFO  - Executed action GD.API.Controllers.Merchant.MerchantController.GetMerchantPageAsync (API) in 60ms
18:03:41 INFO  - Executed action GD.API.Controllers.Merchant.MerchantController.GetMerchantInfoAsync (API) in 48ms
18:03:41 INFO  - Executed action GD.API.Controllers.Merchant.MerchantController.GetBusinessScopeLicenseListAsync (API) in 28ms
18:03:50 INFO  - Executed action GD.API.Controllers.Merchant.MerchantController.GetMerchantInfoAsync (API) in 32ms
18:03:50 INFO  - Executed action GD.API.Controllers.Merchant.MerchantController.GetBusinessScopeLicenseListAsync (API) in 32ms
18:03:56 INFO  - Executed action GD.API.Controllers.Merchant.MerchantController.UpdateMerchantAsync (API) in 116ms
18:03:56 INFO  - Executed action GD.API.Controllers.Merchant.MerchantController.GetMerchantPageAsync (API) in 44ms
18:04:00 INFO  - Executed action GD.API.Controllers.Merchant.MerchantController.GetMerchantInfoAsync (API) in 45ms
18:04:00 INFO  - Executed action GD.API.Controllers.Merchant.MerchantController.GetBusinessScopeLicenseListAsync (API) in 18ms
18:04:04 INFO  - Executed action GD.API.Controllers.Merchant.MerchantController.UpdateMerchantAsync (API) in 97ms
18:04:04 INFO  - Executed action GD.API.Controllers.Merchant.MerchantController.GetMerchantPageAsync (API) in 54ms
18:04:08 INFO  - Executed action GD.API.Controllers.Merchant.MerchantController.GetMerchantInfoAsync (API) in 40ms
18:04:08 INFO  - Executed action GD.API.Controllers.Merchant.MerchantController.GetBusinessScopeLicenseListAsync (API) in 18ms
18:04:13 INFO  - Executed action GD.API.Controllers.Merchant.MerchantController.UpdateMerchantAsync (API) in 109ms
18:04:13 INFO  - Executed action GD.API.Controllers.Merchant.MerchantController.GetMerchantPageAsync (API) in 60ms
18:04:25 INFO  - Executed action GD.API.Controllers.Doctor.HospitalController.GetHospitalLevel (API) in 6ms
18:04:25 INFO  - Executed action GD.API.Controllers.Doctor.HospitalController.GetHospitalPageAsync (API) in 41ms
18:04:29 INFO  - Executed action GD.API.Controllers.Doctor.HospitalController.GetHospitalInfoAsync (API) in 71ms
18:04:40 INFO  - Executed action GD.API.Controllers.Doctor.HospitalController.UpdateHospitalAsync (API) in 84ms
18:04:40 INFO  - Executed action GD.API.Controllers.Doctor.HospitalController.GetHospitalPageAsync (API) in 47ms
18:04:44 INFO  - Executed action GD.API.Controllers.System.HomeController.GetOrderQtyAsync (API) in 84ms
18:04:44 INFO  - Executed action GD.API.Controllers.System.HomeController.GetDoctorsQtyAsync (API) in 66ms
18:04:44 INFO  - Executed action GD.API.Controllers.System.HomeController.GetUserQtyAsync (API) in 43ms
18:04:44 INFO  - Executed action GD.API.Controllers.System.HomeController.GetMerchantQtyAsync (API) in 45ms
18:04:46 INFO  - Executed action GD.API.Controllers.System.DictionaryController.GetMerchantDictionaryAsync (API) in 31ms
18:04:46 INFO  - Executed action GD.API.Controllers.Merchant.MerchantController.GetBusinessScopeListAsync (API) in 22ms
18:04:46 INFO  - Executed action GD.API.Controllers.Merchant.MerchantController.GetMerchantPageAsync (API) in 57ms
18:05:07 INFO  - Executed action GD.API.Controllers.Merchant.MerchantController.GetBusinessScopeListAsync (API) in 17ms
18:05:07 INFO  - Executed action GD.API.Controllers.Merchant.MerchantController.GetMerchantInfoAsync (API) in 46ms
18:05:08 INFO  - Executed action GD.API.Controllers.Merchant.MerchantController.GetBusinessScopeLicenseListAsync (API) in 18ms
18:05:11 INFO  - Executed action GD.API.Controllers.Merchant.MerchantController.GetMerchantInfoAsync (API) in 46ms
18:05:11 INFO  - Executed action GD.API.Controllers.Merchant.MerchantController.GetBusinessScopeLicenseListAsync (API) in 16ms
18:05:14 INFO  - Executed action GD.API.Controllers.Merchant.MerchantController.GetMerchantInfoAsync (API) in 39ms
18:05:14 INFO  - Executed action GD.API.Controllers.Merchant.MerchantController.GetBusinessScopeLicenseListAsync (API) in 15ms
18:05:17 INFO  - Executed action GD.API.Controllers.Merchant.MerchantController.GetMerchantInfoAsync (API) in 45ms
18:05:17 INFO  - Executed action GD.API.Controllers.Merchant.MerchantController.GetBusinessScopeLicenseListAsync (API) in 17ms
18:05:18 INFO  - Executed action GD.API.Controllers.Merchant.MerchantController.GetMerchantInfoAsync (API) in 45ms
18:05:19 INFO  - Executed action GD.API.Controllers.Merchant.MerchantController.GetBusinessScopeLicenseListAsync (API) in 17ms
18:05:21 INFO  - Executed action GD.API.Controllers.Merchant.MerchantController.GetMerchantInfoAsync (API) in 46ms
18:05:21 INFO  - Executed action GD.API.Controllers.Merchant.MerchantController.GetBusinessScopeLicenseListAsync (API) in 20ms
18:06:06 INFO  - Executed action GD.API.Controllers.Mall.MemberController.GetMemberPageAsync (API) in 75ms
18:06:14 INFO  - Executed action GD.API.Controllers.Mall.MemberController.GetMemberInfoAsync (API) in 313ms
18:06:14 INFO  - Executed action GD.API.Controllers.Mall.MemberController.GetMemberOrderPageAsync (API) in 55ms
18:06:18 INFO  - Executed action GD.API.Controllers.Mall.MemberController.GetOrderDetailPageAsync (API) in 71ms
18:06:20 INFO  - Executed action GD.API.Controllers.Mall.MemberController.GetOrderDetailPageAsync (API) in 45ms
18:06:30 INFO  - Executed action GD.API.Controllers.Doctor.DoctorController.GetDoctorIntegralPageAsync (API) in 150ms
18:06:37 INFO  - Executed action GD.API.Controllers.Doctor.HospitalController.GetHospitalAllSelectAsync (API) in 31ms
18:06:37 INFO  - Executed action GD.API.Controllers.Doctor.DoctorController.GetDoctorPageAsync (API) in 59ms
18:06:37 INFO  - Executed action GD.API.Controllers.Doctor.DoctorController.GetDoctorJobTitlesAsync (API) in 42ms
18:06:44 INFO  - Executed action GD.API.Controllers.Doctor.DoctorController.GetDoctorCertificateDetailAsync (API) in 3723ms
18:06:44 INFO  - Executed action GD.API.Controllers.Doctor.DoctorController.GetDoctorInfoAsync (API) in 3763ms
18:06:44 INFO  - Executed action GD.API.Controllers.Doctor.HospitalController.GetHospitalOfficeSelectAsync (API) in 32ms
18:07:38 INFO  - Executed action GD.API.Controllers.Doctor.DoctorController.GetDoctorTopicAsync (API) in 342ms
18:07:42 INFO  - Executed action GD.API.Controllers.Doctor.DoctorController.TopicMessageAsync (API) in 50ms
18:07:43 INFO  - Executed action GD.API.Controllers.Doctor.DoctorController.TopicMessageAsync (API) in 59ms
18:09:21 INFO  - Executed action GD.API.Controllers.Doctor.DoctorController.GetDoctorIntegralPageAsync (API) in 111ms
18:09:25 INFO  - Executed action GD.API.Controllers.System.DictionaryController.GetMerchantDictionaryAsync (API) in 24ms
18:09:25 INFO  - Executed action GD.API.Controllers.Merchant.MerchantController.GetBusinessScopeListAsync (API) in 22ms
18:09:25 INFO  - Executed action GD.API.Controllers.Merchant.MerchantController.GetMerchantPageAsync (API) in 85ms
18:09:27 INFO  - Executed action GD.API.Controllers.Doctor.DoctorController.GetDoctorPageAsync (API) in 74ms
18:09:32 INFO  - Executed action GD.API.Controllers.Doctor.DoctorController.GetDoctorPageAsync (API) in 61ms
18:09:32 INFO  - Executed action GD.API.Controllers.Doctor.DoctorController.GetDoctorJobTitlesAsync (API) in 42ms
18:11:29 INFO  - Executed action GD.API.Controllers.Doctor.DoctorController.GetDoctorCertificateDetailAsync (API) in 17ms
18:11:29 INFO  - Executed action GD.API.Controllers.Doctor.DoctorController.GetDoctorInfoAsync (API) in 61ms
18:11:33 INFO  - Executed action GD.API.Controllers.Doctor.DoctorController.GetDoctorTopicAsync (API) in 159ms
18:11:37 INFO  - Executed action GD.API.Controllers.Doctor.DoctorController.TopicMessageAsync (API) in 64ms
