10:20:29 INFO  - Executed action GD.API.Controllers.Utility.AccountController.LoginAdmin (API) in 115ms
10:20:29 INFO  - Executed action GD.API.Controllers.System.UserController.GetLoginUserInfoAsync (API) in 211ms
10:20:30 INFO  - Executed action GD.API.Controllers.System.HomeController.GetOrderQtyAsync (API) in 115ms
10:20:30 INFO  - Executed action GD.API.Controllers.System.HomeController.GetDoctorsQtyAsync (API) in 34ms
10:20:30 INFO  - Executed action GD.API.Controllers.System.HomeController.GetMerchantQtyAsync (API) in 153ms
10:20:30 INFO  - Executed action GD.API.Controllers.System.HomeController.GetUserQtyAsync (API) in 181ms
10:20:41 INFO  - Executed action GD.API.Controllers.Merchant.MerchantController.GetMerchantSelectAsync (API) in 17ms
10:20:41 INFO  - Executed action GD.API.Controllers.Mall.ProductController.ProductCenterAsync (API) in 76ms
10:22:54 INFO  - Executed action GD.API.Controllers.System.UserController.GetLoginUserInfoAsync (API) in 176ms
10:22:54 INFO  - Executed action GD.API.Controllers.Merchant.MerchantController.GetMerchantSelectAsync (API) in 87ms
10:22:54 INFO  - Executed action GD.API.Controllers.Mall.ProductController.ProductCenterAsync (API) in 116ms
10:23:28 INFO  - Executed action GD.API.Controllers.System.UserController.GetLoginUserInfoAsync (API) in 164ms
10:23:28 INFO  - Executed action GD.API.Controllers.Merchant.MerchantController.GetMerchantSelectAsync (API) in 17ms
10:23:28 INFO  - Executed action GD.API.Controllers.Mall.ProductController.ProductCenterAsync (API) in 69ms
11:09:07 INFO  - Executed action GD.API.Controllers.System.UserController.GetLoginUserInfoAsync (API) in 672ms
11:09:07 INFO  - Executed action GD.API.Controllers.System.UserController.GetLoginUserInfoAsync (API) in 456ms
11:09:07 INFO  - Executed action GD.API.Controllers.System.HomeController.GetDoctorsQtyAsync (API) in 75ms
11:09:07 INFO  - Executed action GD.API.Controllers.System.HomeController.GetUserQtyAsync (API) in 289ms
11:09:07 INFO  - Executed action GD.API.Controllers.System.HomeController.GetOrderQtyAsync (API) in 261ms
11:09:07 INFO  - Executed action GD.API.Controllers.System.HomeController.GetMerchantQtyAsync (API) in 297ms
11:09:07 INFO  - Executed action GD.API.Controllers.System.HomeController.GetMerchantQtyAsync (API) in 66ms
11:09:07 INFO  - Executed action GD.API.Controllers.System.HomeController.GetOrderQtyAsync (API) in 84ms
11:09:07 INFO  - Executed action GD.API.Controllers.System.HomeController.GetUserQtyAsync (API) in 84ms
11:09:07 INFO  - Executed action GD.API.Controllers.System.HomeController.GetDoctorsQtyAsync (API) in 83ms
11:09:12 INFO  - Executed action GD.API.Controllers.Merchant.MerchantController.GetMerchantSelectAsync (API) in 19ms
11:09:12 INFO  - Executed action GD.API.Controllers.Mall.ProductController.ProductCenterAsync (API) in 80ms
11:38:33 INFO  - Executed action GD.API.Controllers.System.UserController.GetLoginUserInfoAsync (API) in 182ms
11:38:34 INFO  - Executed action GD.API.Controllers.Merchant.MerchantController.GetMerchantSelectAsync (API) in 37ms
11:38:34 INFO  - Executed action GD.API.Controllers.Mall.ProductController.ProductCenterAsync (API) in 132ms
14:28:51 INFO  - Executed action GD.API.Controllers.Utility.AccountController.LoginAdmin (API) in 584ms
14:28:52 INFO  - Executed action GD.API.Controllers.System.UserController.GetLoginUserInfoAsync (API) in 577ms
14:28:52 INFO  - Executed action GD.API.Controllers.System.HomeController.GetUserQtyAsync (API) in 103ms
14:28:52 INFO  - Executed action GD.API.Controllers.System.HomeController.GetDoctorsQtyAsync (API) in 126ms
14:28:52 INFO  - Executed action GD.API.Controllers.System.HomeController.GetOrderQtyAsync (API) in 34ms
14:28:52 INFO  - Executed action GD.API.Controllers.System.HomeController.GetMerchantQtyAsync (API) in 145ms
14:28:59 INFO  - Executed action GD.API.Controllers.Faqs.FaqsController.SearchFaqsQuestionAsync (API) in 249ms
14:29:02 INFO  - Executed action GD.API.Controllers.System.DictionaryController.GetFaqsSettingTypeAsync (API) in 3645ms
14:29:04 INFO  - Executed action GD.API.Controllers.Questionnaire.QuestionnaireController.GetQuestionnairePageListAsync (API) in 73ms
14:30:11 INFO  - Executed action GD.API.Controllers.System.UserController.GetLoginUserInfoAsync (API) in 173ms
14:30:12 INFO  - Executed action GD.API.Controllers.Questionnaire.QuestionnaireController.GetQuestionnairePageListAsync (API) in 70ms
14:30:56 INFO  - Executed action GD.API.Controllers.System.UserController.GetLoginUserInfoAsync (API) in 226ms
14:30:56 INFO  - Executed action GD.API.Controllers.Questionnaire.QuestionnaireController.GetQuestionnairePageListAsync (API) in 78ms
14:31:24 INFO  - Executed action GD.API.Controllers.System.UserController.GetLoginUserInfoAsync (API) in 182ms
14:31:24 INFO  - Executed action GD.API.Controllers.Questionnaire.QuestionnaireController.GetQuestionnairePageListAsync (API) in 74ms
14:31:26 INFO  - Executed action GD.API.Controllers.Questionnaire.QuestionnaireController.InitQuestionnaireForCreateQuestionnaireAsync (API) in 63ms
14:31:58 INFO  - Executed action GD.API.Controllers.System.UserController.GetLoginUserInfoAsync (API) in 181ms
14:31:59 INFO  - Executed action GD.API.Controllers.Questionnaire.QuestionnaireController.GetQuestionnairePageListAsync (API) in 63ms
14:32:06 INFO  - Executed action GD.API.Controllers.Questionnaire.QuestionnaireController.InitQuestionnaireForCreateQuestionnaireAsync (API) in 32ms
14:32:32 INFO  - Executed action GD.API.Controllers.System.UserController.GetLoginUserInfoAsync (API) in 195ms
14:32:32 INFO  - Executed action GD.API.Controllers.Questionnaire.QuestionnaireController.GetQuestionnairePageListAsync (API) in 55ms
14:32:34 INFO  - Executed action GD.API.Controllers.Questionnaire.QuestionnaireController.InitQuestionnaireForCreateQuestionnaireAsync (API) in 38ms
14:33:17 INFO  - Executed action GD.API.Controllers.System.UserController.GetLoginUserInfoAsync (API) in 168ms
14:33:18 INFO  - Executed action GD.API.Controllers.Questionnaire.QuestionnaireController.GetQuestionnairePageListAsync (API) in 72ms
14:33:20 INFO  - Executed action GD.API.Controllers.Questionnaire.QuestionnaireController.InitQuestionnaireForCreateQuestionnaireAsync (API) in 31ms
14:51:34 INFO  - Executed action GD.API.Controllers.System.UserController.GetLoginUserInfoAsync (API) in 1070ms
14:51:34 INFO  - Executed action GD.API.Controllers.Questionnaire.QuestionnaireController.GetQuestionnairePageListAsync (API) in 79ms
14:51:35 INFO  - Executed action GD.API.Controllers.Questionnaire.QuestionnaireController.InitQuestionnaireForCreateQuestionnaireAsync (API) in 62ms
14:51:59 INFO  - Bad request GD.API.Controllers.Questionnaire.QuestionnaireController.CreateQuestionnaireQuestionAsync (API) with 问卷guid必填
14:53:42 INFO  - Executed action GD.API.Controllers.System.UserController.GetLoginUserInfoAsync (API) in 154ms
14:53:42 INFO  - Executed action GD.API.Controllers.Questionnaire.QuestionnaireController.GetQuestionnairePageListAsync (API) in 42ms
14:53:44 INFO  - Executed action GD.API.Controllers.Questionnaire.QuestionnaireController.InitQuestionnaireForCreateQuestionnaireAsync (API) in 23ms
14:54:40 INFO  - Executed action GD.API.Controllers.System.UserController.GetLoginUserInfoAsync (API) in 170ms
14:54:41 INFO  - Executed action GD.API.Controllers.Questionnaire.QuestionnaireController.GetQuestionnairePageListAsync (API) in 36ms
14:54:44 INFO  - Executed action GD.API.Controllers.Questionnaire.QuestionnaireController.InitQuestionnaireForCreateQuestionnaireAsync (API) in 25ms
14:55:05 INFO  - Executed action GD.API.Controllers.Questionnaire.QuestionnaireController.CreateQuestionnaireQuestionAsync (API) in 219ms
15:02:34 INFO  - Executed action GD.API.Controllers.Questionnaire.QuestionnaireController.CreateQuestionnaireQuestionAsync (API) in 435163ms
15:02:34 INFO  - Executed action GD.API.Controllers.System.UserController.GetLoginUserInfoAsync (API) in 274ms
15:02:35 INFO  - Executed action GD.API.Controllers.Questionnaire.QuestionnaireController.GetQuestionnairePageListAsync (API) in 77ms
15:02:38 INFO  - Executed action GD.API.Controllers.System.UserController.GetLoginUserInfoAsync (API) in 195ms
15:02:38 INFO  - Executed action GD.API.Controllers.Questionnaire.QuestionnaireController.GetQuestionnairePageListAsync (API) in 68ms
15:03:38 INFO  - Executed action GD.API.Controllers.Questionnaire.QuestionnaireController.GetQuestionnairePageListAsync (API) in 70ms
15:04:37 INFO  - Executed action GD.API.Controllers.Questionnaire.QuestionnaireController.GetQuestionnairePageListAsync (API) in 71ms
15:04:41 INFO  - Executed action GD.API.Controllers.Questionnaire.QuestionnaireController.InitQuestionnaireForCreateQuestionnaireAsync (API) in 35ms
15:04:46 INFO  - Executed action GD.API.Controllers.Questionnaire.QuestionnaireController.InitQuestionnaireForCreateQuestionnaireAsync (API) in 41ms
15:04:47 INFO  - Executed action GD.API.Controllers.Questionnaire.QuestionnaireController.GetQuestionnairePageListAsync (API) in 67ms
15:06:51 INFO  - Executed action GD.API.Controllers.Questionnaire.QuestionnaireController.GetQuestionnairePageListAsync (API) in 68ms
15:07:46 INFO  - Executed action GD.API.Controllers.Questionnaire.QuestionnaireController.GetQuestionnairePageListAsync (API) in 83ms
15:08:05 INFO  - Executed action GD.API.Controllers.Questionnaire.QuestionnaireController.GetQuestionnairePageListAsync (API) in 74ms
15:10:08 INFO  - Executed action GD.API.Controllers.System.UserController.GetLoginUserInfoAsync (API) in 197ms
15:10:09 INFO  - Executed action GD.API.Controllers.Questionnaire.QuestionnaireController.GetQuestionnairePageListAsync (API) in 78ms
15:10:10 INFO  - Executed action GD.API.Controllers.Questionnaire.QuestionnaireController.GetQuestionnaireInfoAsync (API) in 98ms
15:10:12 INFO  - Executed action GD.API.Controllers.Questionnaire.QuestionnaireController.GetQuestionnaireInfoAsync (API) in 77ms
15:10:15 INFO  - Executed action GD.API.Controllers.Questionnaire.QuestionnaireController.GetQuestionnaireInfoAsync (API) in 79ms
15:10:16 INFO  - Executed action GD.API.Controllers.Questionnaire.QuestionnaireController.GetQuestionnaireInfoAsync (API) in 82ms
15:10:17 INFO  - Executed action GD.API.Controllers.Questionnaire.QuestionnaireController.GetQuestionnaireInfoAsync (API) in 77ms
15:10:18 INFO  - Executed action GD.API.Controllers.Questionnaire.QuestionnaireController.GetQuestionnaireInfoAsync (API) in 76ms
15:10:19 INFO  - Executed action GD.API.Controllers.Questionnaire.QuestionnaireController.GetQuestionnaireInfoAsync (API) in 99ms
15:10:20 INFO  - Executed action GD.API.Controllers.Questionnaire.QuestionnaireController.GetQuestionnaireInfoAsync (API) in 80ms
15:10:21 INFO  - Executed action GD.API.Controllers.Questionnaire.QuestionnaireController.GetQuestionnaireInfoAsync (API) in 77ms
15:10:22 INFO  - Executed action GD.API.Controllers.Questionnaire.QuestionnaireController.GetQuestionnaireInfoAsync (API) in 87ms
15:10:24 INFO  - Executed action GD.API.Controllers.Questionnaire.QuestionnaireController.GetQuestionnaireInfoAsync (API) in 91ms
15:10:25 INFO  - Executed action GD.API.Controllers.Questionnaire.QuestionnaireController.GetQuestionnaireInfoAsync (API) in 76ms
15:10:26 INFO  - Executed action GD.API.Controllers.Questionnaire.QuestionnaireController.GetQuestionnaireInfoAsync (API) in 76ms
15:10:38 INFO  - Executed action GD.API.Controllers.Questionnaire.QuestionnaireController.GetQuestionnaireInfoAsync (API) in 89ms
15:10:40 INFO  - Executed action GD.API.Controllers.Questionnaire.QuestionnaireController.GetQuestionnaireInfoAsync (API) in 77ms
15:10:42 INFO  - Executed action GD.API.Controllers.Questionnaire.QuestionnaireController.GetQuestionnaireInfoAsync (API) in 76ms
15:10:45 INFO  - Executed action GD.API.Controllers.Questionnaire.QuestionnaireController.GetQuestionnaireInfoAsync (API) in 83ms
15:10:46 INFO  - Executed action GD.API.Controllers.Questionnaire.QuestionnaireController.GetQuestionnaireInfoAsync (API) in 75ms
15:10:47 INFO  - Executed action GD.API.Controllers.Questionnaire.QuestionnaireController.GetQuestionnaireInfoAsync (API) in 89ms
15:10:48 INFO  - Executed action GD.API.Controllers.Questionnaire.QuestionnaireController.GetQuestionnaireInfoAsync (API) in 80ms
15:10:49 INFO  - Executed action GD.API.Controllers.Questionnaire.QuestionnaireController.GetQuestionnaireInfoAsync (API) in 93ms
15:10:50 INFO  - Executed action GD.API.Controllers.Questionnaire.QuestionnaireController.GetQuestionnaireInfoAsync (API) in 78ms
15:10:52 INFO  - Executed action GD.API.Controllers.Questionnaire.QuestionnaireController.GetQuestionnaireInfoAsync (API) in 89ms
15:10:53 INFO  - Executed action GD.API.Controllers.Questionnaire.QuestionnaireController.GetQuestionnaireInfoAsync (API) in 88ms
15:10:54 INFO  - Executed action GD.API.Controllers.Questionnaire.QuestionnaireController.GetQuestionnaireInfoAsync (API) in 80ms
15:10:55 INFO  - Executed action GD.API.Controllers.Questionnaire.QuestionnaireController.GetQuestionnaireInfoAsync (API) in 82ms
15:10:56 INFO  - Executed action GD.API.Controllers.Questionnaire.QuestionnaireController.GetQuestionnaireInfoAsync (API) in 79ms
15:10:57 INFO  - Executed action GD.API.Controllers.Questionnaire.QuestionnaireController.GetQuestionnaireInfoAsync (API) in 78ms
15:10:58 INFO  - Executed action GD.API.Controllers.Questionnaire.QuestionnaireController.GetQuestionnaireInfoAsync (API) in 83ms
15:10:59 INFO  - Executed action GD.API.Controllers.Questionnaire.QuestionnaireController.GetQuestionnaireInfoAsync (API) in 76ms
15:11:00 INFO  - Executed action GD.API.Controllers.Questionnaire.QuestionnaireController.GetQuestionnaireInfoAsync (API) in 93ms
15:11:01 INFO  - Executed action GD.API.Controllers.Questionnaire.QuestionnaireController.GetQuestionnaireInfoAsync (API) in 76ms
15:13:16 INFO  - Executed action GD.API.Controllers.Questionnaire.QuestionnaireController.GetQuestionnaireInfoAsync (API) in 97ms
15:13:21 INFO  - Executed action GD.API.Controllers.Questionnaire.QuestionnaireController.GetQuestionnaireInfoAsync (API) in 84ms
15:13:27 INFO  - Executed action GD.API.Controllers.Questionnaire.QuestionnaireController.GetQuestionnaireInfoAsync (API) in 83ms
15:13:48 INFO  - Executed action GD.API.Controllers.Questionnaire.QuestionnaireController.GetQuestionnaireInfoAsync (API) in 75ms
15:13:50 INFO  - Executed action GD.API.Controllers.Questionnaire.QuestionnaireController.GetQuestionnaireInfoAsync (API) in 77ms
15:14:21 INFO  - Executed action GD.API.Controllers.Questionnaire.QuestionnaireController.CreateQuestionnaireQuestionAsync (API) in 3921ms
15:19:20 INFO  - Executed action GD.API.Controllers.Questionnaire.QuestionnaireController.CreateQuestionnaireQuestionAsync (API) in 2706ms
15:21:45 INFO  - Executed action GD.API.Controllers.Questionnaire.QuestionnaireController.CreateQuestionnaireQuestionAsync (API) in 1991ms
15:24:13 INFO  - Executed action GD.API.Controllers.System.UserController.GetLoginUserInfoAsync (API) in 502ms
15:24:13 INFO  - Executed action GD.API.Controllers.Questionnaire.QuestionnaireController.GetQuestionnairePageListAsync (API) in 57ms
15:24:17 INFO  - Executed action GD.API.Controllers.Questionnaire.QuestionnaireController.CreateQuestionnaireQuestionAsync (API) in 2164ms
15:25:47 INFO  - Executed action GD.API.Controllers.Questionnaire.QuestionnaireController.CreateQuestionnaireQuestionAsync (API) in 8557ms
15:31:51 INFO  - Executed action GD.API.Controllers.Questionnaire.QuestionnaireController.CreateQuestionnaireQuestionAsync (API) in 28828ms
15:33:02 INFO  - Executed action GD.API.Controllers.Questionnaire.QuestionnaireController.CreateQuestionnaireQuestionAsync (API) in 8127ms
15:35:55 INFO  - Executed action GD.API.Controllers.Questionnaire.QuestionnaireController.GetQuestionnaireInfoAsync (API) in 835ms
15:35:57 INFO  - Executed action GD.API.Controllers.Questionnaire.QuestionnaireController.GetQuestionnaireInfoAsync (API) in 80ms
15:36:04 INFO  - Executed action GD.API.Controllers.Questionnaire.QuestionnaireController.GetQuestionnaireInfoAsync (API) in 73ms
15:36:09 INFO  - Executed action GD.API.Controllers.Questionnaire.QuestionnaireController.GetQuestionnaireInfoAsync (API) in 72ms
15:36:16 INFO  - Executed action GD.API.Controllers.Questionnaire.QuestionnaireController.GetQuestionnaireInfoAsync (API) in 84ms
15:36:18 INFO  - Executed action GD.API.Controllers.Questionnaire.QuestionnaireController.GetQuestionnaireInfoAsync (API) in 72ms
15:45:53 INFO  - Executed action GD.API.Controllers.System.UserController.GetLoginUserInfoAsync (API) in 601ms
15:45:54 INFO  - Executed action GD.API.Controllers.Questionnaire.QuestionnaireController.GetQuestionnairePageListAsync (API) in 79ms
15:45:55 INFO  - Executed action GD.API.Controllers.Questionnaire.QuestionnaireController.GetQuestionnaireInfoAsync (API) in 74ms
15:46:01 INFO  - Executed action GD.API.Controllers.Questionnaire.QuestionnaireController.GetQuestionnaireInfoAsync (API) in 67ms
15:49:38 INFO  - Executed action GD.API.Controllers.System.UserController.GetLoginUserInfoAsync (API) in 186ms
15:49:38 INFO  - Executed action GD.API.Controllers.Questionnaire.QuestionnaireController.GetQuestionnairePageListAsync (API) in 177ms
15:49:39 INFO  - Executed action GD.API.Controllers.Questionnaire.QuestionnaireController.GetQuestionnaireInfoAsync (API) in 64ms
15:49:54 INFO  - Executed action GD.API.Controllers.System.UserController.GetLoginUserInfoAsync (API) in 155ms
15:49:55 INFO  - Executed action GD.API.Controllers.Questionnaire.QuestionnaireController.GetQuestionnairePageListAsync (API) in 56ms
15:51:28 INFO  - Executed action GD.API.Controllers.Questionnaire.QuestionnaireController.GetQuestionnairePageListAsync (API) in 56ms
15:51:30 INFO  - Executed action GD.API.Controllers.Questionnaire.QuestionnaireController.GetQuestionnaireInfoAsync (API) in 64ms
15:52:18 INFO  - Executed action GD.API.Controllers.System.UserController.GetLoginUserInfoAsync (API) in 184ms
15:52:18 INFO  - Executed action GD.API.Controllers.Questionnaire.QuestionnaireController.GetQuestionnairePageListAsync (API) in 58ms
15:52:20 INFO  - Executed action GD.API.Controllers.Questionnaire.QuestionnaireController.GetQuestionnaireInfoAsync (API) in 64ms
15:53:02 INFO  - Executed action GD.API.Controllers.Questionnaire.QuestionnaireController.GetQuestionnairePageListAsync (API) in 56ms
15:53:08 INFO  - Executed action GD.API.Controllers.System.UserController.GetLoginUserInfoAsync (API) in 186ms
15:53:10 INFO  - Executed action GD.API.Controllers.Questionnaire.QuestionnaireController.GetQuestionnairePageListAsync (API) in 61ms
15:53:11 INFO  - Executed action GD.API.Controllers.Questionnaire.QuestionnaireController.GetQuestionnaireInfoAsync (API) in 63ms
15:55:15 INFO  - Executed action GD.API.Controllers.System.UserController.GetLoginUserInfoAsync (API) in 232ms
15:55:15 INFO  - Executed action GD.API.Controllers.Questionnaire.QuestionnaireController.GetQuestionnairePageListAsync (API) in 57ms
15:55:16 INFO  - Executed action GD.API.Controllers.Questionnaire.QuestionnaireController.GetQuestionnaireInfoAsync (API) in 66ms
15:55:29 INFO  - Executed action GD.API.Controllers.System.UserController.GetLoginUserInfoAsync (API) in 185ms
15:55:30 INFO  - Executed action GD.API.Controllers.Questionnaire.QuestionnaireController.GetQuestionnairePageListAsync (API) in 267ms
15:55:30 INFO  - Executed action GD.API.Controllers.Questionnaire.QuestionnaireController.InitQuestionnaireForCreateQuestionnaireAsync (API) in 69ms
15:55:53 INFO  - Executed action GD.API.Controllers.System.UserController.GetLoginUserInfoAsync (API) in 177ms
15:55:54 INFO  - Executed action GD.API.Controllers.Questionnaire.QuestionnaireController.GetQuestionnairePageListAsync (API) in 91ms
15:55:54 INFO  - Executed action GD.API.Controllers.Questionnaire.QuestionnaireController.InitQuestionnaireForCreateQuestionnaireAsync (API) in 62ms
15:56:22 INFO  - Executed action GD.API.Controllers.System.UserController.GetLoginUserInfoAsync (API) in 160ms
15:56:23 INFO  - Executed action GD.API.Controllers.Questionnaire.QuestionnaireController.GetQuestionnairePageListAsync (API) in 57ms
15:56:25 INFO  - Executed action GD.API.Controllers.Questionnaire.QuestionnaireController.GetQuestionnaireInfoAsync (API) in 64ms
15:56:30 INFO  - Executed action GD.API.Controllers.Questionnaire.QuestionnaireController.GetQuestionnaireInfoAsync (API) in 64ms
15:57:14 INFO  - Executed action GD.API.Controllers.System.UserController.GetLoginUserInfoAsync (API) in 392ms
15:57:15 INFO  - Executed action GD.API.Controllers.Questionnaire.QuestionnaireController.GetQuestionnairePageListAsync (API) in 59ms
15:57:16 INFO  - Executed action GD.API.Controllers.Questionnaire.QuestionnaireController.GetQuestionnaireInfoAsync (API) in 68ms
15:57:26 INFO  - Executed action GD.API.Controllers.Questionnaire.QuestionnaireController.GetQuestionnaireInfoAsync (API) in 64ms
15:57:35 INFO  - Executed action GD.API.Controllers.System.UserController.GetLoginUserInfoAsync (API) in 184ms
15:57:36 INFO  - Executed action GD.API.Controllers.Questionnaire.QuestionnaireController.GetQuestionnairePageListAsync (API) in 185ms
15:57:37 INFO  - Executed action GD.API.Controllers.Questionnaire.QuestionnaireController.GetQuestionnaireInfoAsync (API) in 64ms
15:57:44 INFO  - Executed action GD.API.Controllers.Questionnaire.QuestionnaireController.GetQuestionnaireInfoAsync (API) in 64ms
15:57:47 INFO  - Executed action GD.API.Controllers.Questionnaire.QuestionnaireController.GetQuestionnaireInfoAsync (API) in 66ms
15:58:20 INFO  - Executed action GD.API.Controllers.Questionnaire.QuestionnaireController.GetQuestionnaireInfoAsync (API) in 63ms
15:58:24 INFO  - Executed action GD.API.Controllers.System.UserController.GetLoginUserInfoAsync (API) in 163ms
15:58:25 INFO  - Executed action GD.API.Controllers.Questionnaire.QuestionnaireController.GetQuestionnairePageListAsync (API) in 57ms
15:58:26 INFO  - Executed action GD.API.Controllers.Questionnaire.QuestionnaireController.InitQuestionnaireForCreateQuestionnaireAsync (API) in 30ms
15:58:37 INFO  - Executed action GD.API.Controllers.Questionnaire.QuestionnaireController.InitQuestionnaireForCreateQuestionnaireAsync (API) in 30ms
15:58:48 INFO  - Executed action GD.API.Controllers.Questionnaire.QuestionnaireController.GetQuestionnaireInfoAsync (API) in 67ms
15:59:05 INFO  - Executed action GD.API.Controllers.Questionnaire.QuestionnaireController.CreateQuestionnaireQuestionAsync (API) in 8980ms
15:59:31 INFO  - Executed action GD.API.Controllers.System.UserController.GetLoginUserInfoAsync (API) in 185ms
15:59:32 INFO  - Executed action GD.API.Controllers.Questionnaire.QuestionnaireController.GetQuestionnairePageListAsync (API) in 57ms
15:59:34 INFO  - Executed action GD.API.Controllers.Questionnaire.QuestionnaireController.GetQuestionnaireInfoAsync (API) in 68ms
15:59:36 INFO  - Executed action GD.API.Controllers.Questionnaire.QuestionnaireController.GetQuestionnaireInfoAsync (API) in 66ms
15:59:38 INFO  - Executed action GD.API.Controllers.Questionnaire.QuestionnaireController.GetQuestionnaireInfoAsync (API) in 68ms
16:02:03 INFO  - Executed action GD.API.Controllers.System.UserController.GetLoginUserInfoAsync (API) in 163ms
16:02:04 INFO  - Executed action GD.API.Controllers.Questionnaire.QuestionnaireController.GetQuestionnairePageListAsync (API) in 62ms
16:02:08 INFO  - Executed action GD.API.Controllers.Questionnaire.QuestionnaireController.GetQuestionnaireInfoAsync (API) in 67ms
16:02:11 INFO  - Executed action GD.API.Controllers.Questionnaire.QuestionnaireController.GetQuestionnaireInfoAsync (API) in 73ms
16:02:13 INFO  - Executed action GD.API.Controllers.Questionnaire.QuestionnaireController.GetQuestionnaireInfoAsync (API) in 65ms
17:11:06 INFO  - Executed action GD.API.Controllers.Questionnaire.QuestionnaireController.GetQuestionnaireInfoAsync (API) in 105ms
17:11:10 INFO  - Executed action GD.API.Controllers.Questionnaire.QuestionnaireController.GetQuestionnaireInfoAsync (API) in 49ms
17:21:57 INFO  - Executed action GD.API.Controllers.System.UserController.GetLoginUserInfoAsync (API) in 275ms
17:21:57 INFO  - Executed action GD.API.Controllers.Questionnaire.QuestionnaireController.GetQuestionnairePageListAsync (API) in 93ms
17:21:58 INFO  - Executed action GD.API.Controllers.Questionnaire.QuestionnaireController.InitQuestionnaireForCreateQuestionnaireAsync (API) in 64ms
17:22:01 INFO  - Executed action GD.API.Controllers.Questionnaire.QuestionnaireController.GetQuestionnaireInfoAsync (API) in 81ms
17:22:06 INFO  - Executed action GD.API.Controllers.Questionnaire.QuestionnaireController.GetQuestionnaireInfoAsync (API) in 69ms
17:22:08 INFO  - Executed action GD.API.Controllers.Questionnaire.QuestionnaireController.GetQuestionnaireInfoAsync (API) in 95ms
17:22:10 INFO  - Executed action GD.API.Controllers.Questionnaire.QuestionnaireController.GetQuestionnaireInfoAsync (API) in 72ms
17:22:13 INFO  - Executed action GD.API.Controllers.Questionnaire.QuestionnaireController.GetQuestionnaireInfoAsync (API) in 130ms
17:22:17 INFO  - Executed action GD.API.Controllers.Questionnaire.QuestionnaireController.GetQuestionnairePageListAsync (API) in 64ms
17:22:19 INFO  - Executed action GD.API.Controllers.Questionnaire.QuestionnaireController.GetQuestionnaireInfoAsync (API) in 76ms
17:35:37 INFO  - Executed action GD.API.Controllers.System.UserController.GetLoginUserInfoAsync (API) in 383ms
17:35:37 INFO  - Executed action GD.API.Controllers.Questionnaire.QuestionnaireController.GetQuestionnairePageListAsync (API) in 79ms
17:35:39 INFO  - Executed action GD.API.Controllers.Questionnaire.QuestionnaireController.InitQuestionnaireForCreateQuestionnaireAsync (API) in 35ms
17:35:42 INFO  - Executed action GD.API.Controllers.Questionnaire.QuestionnaireController.GetQuestionnaireInfoAsync (API) in 80ms
17:36:05 INFO  - Executed action GD.API.Controllers.System.UserController.GetLoginUserInfoAsync (API) in 183ms
17:36:05 INFO  - Executed action GD.API.Controllers.Questionnaire.QuestionnaireController.GetQuestionnairePageListAsync (API) in 72ms
17:36:07 INFO  - Executed action GD.API.Controllers.Questionnaire.QuestionnaireController.GetQuestionnaireInfoAsync (API) in 75ms
17:36:25 INFO  - Executed action GD.API.Controllers.Questionnaire.QuestionnaireController.CreateQuestionnaireQuestionAsync (API) in 257ms
17:41:25 INFO  - Executed action GD.API.Controllers.System.UserController.GetLoginUserInfoAsync (API) in 182ms
17:41:26 INFO  - Executed action GD.API.Controllers.Questionnaire.QuestionnaireController.GetQuestionnairePageListAsync (API) in 66ms
17:41:28 INFO  - Executed action GD.API.Controllers.Questionnaire.QuestionnaireController.GetQuestionnaireInfoAsync (API) in 82ms
17:43:50 INFO  - Executed action GD.API.Controllers.Questionnaire.QuestionnaireController.CreateQuestionnaireQuestionAsync (API) in 87ms
17:44:02 INFO  - Executed action GD.API.Controllers.Questionnaire.QuestionnaireController.CreateQuestionnaireQuestionAsync (API) in 219ms
17:48:18 INFO  - Executed action GD.API.Controllers.Questionnaire.QuestionnaireController.CreateQuestionnaireQuestionAsync (API) in 178495ms
17:48:18 INFO  - Executed action GD.API.Controllers.System.UserController.GetLoginUserInfoAsync (API) in 372ms
17:48:19 INFO  - Executed action GD.API.Controllers.Questionnaire.QuestionnaireController.GetQuestionnairePageListAsync (API) in 65ms
17:48:28 INFO  - Executed action GD.API.Controllers.Questionnaire.QuestionnaireController.GetQuestionnaireInfoAsync (API) in 115ms
17:48:37 INFO  - Bad request GD.API.Controllers.Questionnaire.QuestionnaireController.CreateQuestionnaireQuestionAsync (API) with 问卷guid必填
17:48:42 INFO  - Bad request GD.API.Controllers.Questionnaire.QuestionnaireController.CreateQuestionnaireQuestionAsync (API) with 问卷guid必填
17:50:04 INFO  - Executed action GD.API.Controllers.System.UserController.GetLoginUserInfoAsync (API) in 194ms
17:50:04 INFO  - Executed action GD.API.Controllers.Questionnaire.QuestionnaireController.GetQuestionnairePageListAsync (API) in 71ms
17:50:06 INFO  - Executed action GD.API.Controllers.Questionnaire.QuestionnaireController.GetQuestionnaireInfoAsync (API) in 112ms
17:50:16 INFO  - Executed action GD.API.Controllers.Questionnaire.QuestionnaireController.CreateQuestionnaireQuestionAsync (API) in 102ms
17:50:22 INFO  - Executed action GD.API.Controllers.Questionnaire.QuestionnaireController.CreateQuestionnaireQuestionAsync (API) in 98ms
17:50:28 INFO  - Executed action GD.API.Controllers.Questionnaire.QuestionnaireController.CreateQuestionnaireQuestionAsync (API) in 115ms
17:51:41 INFO  - Executed action GD.API.Controllers.System.UserController.GetLoginUserInfoAsync (API) in 235ms
17:51:42 INFO  - Executed action GD.API.Controllers.Questionnaire.QuestionnaireController.GetQuestionnairePageListAsync (API) in 84ms
17:51:44 INFO  - Executed action GD.API.Controllers.Questionnaire.QuestionnaireController.GetQuestionnaireInfoAsync (API) in 78ms
17:51:52 INFO  - Bad request GD.API.Controllers.Questionnaire.QuestionnaireController.CreateQuestionnaireQuestionAsync (API) with 问题名称必填
17:52:10 INFO  - Executed action GD.API.Controllers.Questionnaire.QuestionnaireController.CreateQuestionnaireQuestionAsync (API) in 75ms
17:52:21 INFO  - Executed action GD.API.Controllers.Questionnaire.QuestionnaireController.CreateQuestionnaireQuestionAsync (API) in 179ms
17:52:46 INFO  - Executed action GD.API.Controllers.Questionnaire.QuestionnaireController.CreateQuestionnaireQuestionAsync (API) in 70ms
18:06:16 INFO  - Executed action GD.API.Controllers.System.UserController.GetLoginUserInfoAsync (API) in 182ms
18:06:17 INFO  - Executed action GD.API.Controllers.Questionnaire.QuestionnaireController.GetQuestionnairePageListAsync (API) in 48ms
18:06:18 INFO  - Executed action GD.API.Controllers.Questionnaire.QuestionnaireController.InitQuestionnaireForCreateQuestionnaireAsync (API) in 41ms
18:06:19 INFO  - Executed action GD.API.Controllers.Questionnaire.QuestionnaireController.GetQuestionnaireInfoAsync (API) in 49ms
18:06:25 INFO  - Executed action GD.API.Controllers.Questionnaire.QuestionnaireController.GetQuestionnairePageListAsync (API) in 42ms
18:06:27 INFO  - Executed action GD.API.Controllers.Questionnaire.QuestionnaireController.GetQuestionnaireInfoAsync (API) in 48ms
18:07:42 INFO  - Executed action GD.API.Controllers.System.UserController.GetLoginUserInfoAsync (API) in 132ms
18:07:43 INFO  - Executed action GD.API.Controllers.Questionnaire.QuestionnaireController.GetQuestionnairePageListAsync (API) in 83ms
18:07:45 INFO  - Executed action GD.API.Controllers.Questionnaire.QuestionnaireController.GetQuestionnaireInfoAsync (API) in 51ms
18:09:20 INFO  - Executed action GD.API.Controllers.Questionnaire.QuestionnaireController.CreateQuestionnaireQuestionAsync (API) in 63ms
18:09:39 INFO  - Executed action GD.API.Controllers.Questionnaire.QuestionnaireController.CreateQuestionnaireQuestionAsync (API) in 75ms
18:09:44 INFO  - Executed action GD.API.Controllers.Questionnaire.QuestionnaireController.CreateQuestionnaireQuestionAsync (API) in 72ms
18:15:12 INFO  - Executed action GD.API.Controllers.System.UserController.GetLoginUserInfoAsync (API) in 406ms
18:15:12 INFO  - Executed action GD.API.Controllers.Questionnaire.QuestionnaireController.GetQuestionnairePageListAsync (API) in 77ms
18:15:27 INFO  - Executed action GD.API.Controllers.Questionnaire.QuestionnaireController.GetQuestionnaireInfoAsync (API) in 75ms
18:16:07 INFO  - Executed action GD.API.Controllers.Questionnaire.QuestionnaireController.GetQuestionnaireInfoAsync (API) in 80ms
18:16:47 INFO  - Executed action GD.API.Controllers.System.UserController.GetLoginUserInfoAsync (API) in 191ms
18:16:48 INFO  - Executed action GD.API.Controllers.Questionnaire.QuestionnaireController.GetQuestionnairePageListAsync (API) in 65ms
18:16:49 INFO  - Executed action GD.API.Controllers.Questionnaire.QuestionnaireController.GetQuestionnaireInfoAsync (API) in 85ms
18:16:54 INFO  - Executed action GD.API.Controllers.Questionnaire.QuestionnaireController.SaveQuestionnaireAsync (API) in 62ms
18:17:02 INFO  - Executed action GD.API.Controllers.Questionnaire.QuestionnaireController.SaveQuestionnaireAsync (API) in 56ms
18:17:34 INFO  - Executed action GD.API.Controllers.System.UserController.GetLoginUserInfoAsync (API) in 206ms
18:17:35 INFO  - Executed action GD.API.Controllers.Questionnaire.QuestionnaireController.GetQuestionnairePageListAsync (API) in 66ms
18:17:37 INFO  - Executed action GD.API.Controllers.Questionnaire.QuestionnaireController.GetQuestionnaireInfoAsync (API) in 76ms
18:17:44 INFO  - Executed action GD.API.Controllers.Questionnaire.QuestionnaireController.GetQuestionnaireInfoAsync (API) in 84ms
18:17:47 INFO  - Executed action GD.API.Controllers.Questionnaire.QuestionnaireController.GetQuestionnaireInfoAsync (API) in 74ms
18:17:49 INFO  - Executed action GD.API.Controllers.Questionnaire.QuestionnaireController.GetQuestionnaireInfoAsync (API) in 79ms
18:17:52 INFO  - Executed action GD.API.Controllers.Questionnaire.QuestionnaireController.GetQuestionnaireInfoAsync (API) in 232ms
18:17:57 INFO  - Executed action GD.API.Controllers.Questionnaire.QuestionnaireController.SaveQuestionnaireAsync (API) in 54ms
18:18:02 INFO  - Executed action GD.API.Controllers.Questionnaire.QuestionnaireController.GetQuestionnairePageListAsync (API) in 65ms
18:18:05 INFO  - Executed action GD.API.Controllers.Questionnaire.QuestionnaireController.GetQuestionnaireInfoAsync (API) in 75ms
18:18:13 INFO  - Executed action GD.API.Controllers.Questionnaire.QuestionnaireController.SaveQuestionnaireAsync (API) in 59ms
18:18:16 INFO  - Executed action GD.API.Controllers.Questionnaire.QuestionnaireController.GetQuestionnairePageListAsync (API) in 68ms
18:18:18 INFO  - Executed action GD.API.Controllers.Questionnaire.QuestionnaireController.GetQuestionnaireInfoAsync (API) in 82ms
18:19:32 INFO  - Executed action GD.API.Controllers.Questionnaire.QuestionnaireController.GetQuestionnairePageListAsync (API) in 71ms
18:19:48 INFO  - Executed action GD.API.Controllers.System.UserController.GetLoginUserInfoAsync (API) in 201ms
18:19:48 INFO  - Executed action GD.API.Controllers.Questionnaire.QuestionnaireController.GetQuestionnairePageListAsync (API) in 175ms
18:19:50 INFO  - Executed action GD.API.Controllers.Questionnaire.QuestionnaireController.GetQuestionnaireInfoAsync (API) in 73ms
18:20:14 INFO  - Executed action GD.API.Controllers.Questionnaire.QuestionnaireController.GetQuestionnairePageListAsync (API) in 65ms
18:20:19 INFO  - Executed action GD.API.Controllers.Questionnaire.QuestionnaireController.RemoveQuestionnaireQuestionAsync (API) in 31ms
18:22:39 INFO  - Executed action GD.API.Controllers.Questionnaire.QuestionnaireController.GetQuestionnairePageListAsync (API) in 68ms
18:22:46 INFO  - Executed action GD.API.Controllers.Questionnaire.QuestionnaireController.GetQuestionnairePageListAsync (API) in 66ms
18:22:49 INFO  - Executed action GD.API.Controllers.Questionnaire.QuestionnaireController.DeleteQuestionnaireAsync (API) in 99ms
18:24:05 INFO  - Executed action GD.API.Controllers.Questionnaire.QuestionnaireController.GetQuestionnairePageListAsync (API) in 72ms
18:24:10 INFO  - Executed action GD.API.Controllers.Questionnaire.QuestionnaireController.DeleteQuestionnaireAsync (API) in 96ms
18:24:10 INFO  - Executed action GD.API.Controllers.Questionnaire.QuestionnaireController.GetQuestionnairePageListAsync (API) in 67ms
18:24:22 INFO  - Executed action GD.API.Controllers.Questionnaire.QuestionnaireController.DeleteQuestionnaireAsync (API) in 97ms
18:24:22 INFO  - Executed action GD.API.Controllers.Questionnaire.QuestionnaireController.GetQuestionnairePageListAsync (API) in 65ms
18:24:24 INFO  - Executed action GD.API.Controllers.Questionnaire.QuestionnaireController.DeleteQuestionnaireAsync (API) in 93ms
18:24:24 INFO  - Executed action GD.API.Controllers.Questionnaire.QuestionnaireController.GetQuestionnairePageListAsync (API) in 68ms
18:24:27 INFO  - Executed action GD.API.Controllers.Questionnaire.QuestionnaireController.DeleteQuestionnaireAsync (API) in 94ms
18:24:27 INFO  - Executed action GD.API.Controllers.Questionnaire.QuestionnaireController.GetQuestionnairePageListAsync (API) in 65ms
18:25:10 INFO  - Executed action GD.API.Controllers.Questionnaire.QuestionnaireController.GetQuestionnairePageListAsync (API) in 74ms
18:25:13 INFO  - Executed action GD.API.Controllers.System.UserController.GetLoginUserInfoAsync (API) in 197ms
18:25:13 INFO  - Executed action GD.API.Controllers.Questionnaire.QuestionnaireController.GetQuestionnairePageListAsync (API) in 72ms
18:25:15 INFO  - Executed action GD.API.Controllers.Questionnaire.QuestionnaireController.GetQuestionnairePageListAsync (API) in 65ms
18:25:27 INFO  - Executed action GD.API.Controllers.System.UserController.GetLoginUserInfoAsync (API) in 202ms
18:25:28 INFO  - Executed action GD.API.Controllers.Questionnaire.QuestionnaireController.GetQuestionnairePageListAsync (API) in 76ms
18:25:31 INFO  - Executed action GD.API.Controllers.Questionnaire.QuestionnaireController.GetQuestionnairePageListAsync (API) in 65ms
18:25:32 INFO  - Executed action GD.API.Controllers.Questionnaire.QuestionnaireController.GetQuestionnairePageListAsync (API) in 66ms
18:25:33 INFO  - Executed action GD.API.Controllers.Questionnaire.QuestionnaireController.GetQuestionnairePageListAsync (API) in 66ms
18:25:33 INFO  - Executed action GD.API.Controllers.Questionnaire.QuestionnaireController.GetQuestionnairePageListAsync (API) in 67ms
18:25:38 INFO  - Executed action GD.API.Controllers.Questionnaire.QuestionnaireController.GetQuestionnairePageListAsync (API) in 74ms
18:25:41 INFO  - Executed action GD.API.Controllers.Questionnaire.QuestionnaireController.GetQuestionnaireInfoAsync (API) in 78ms
18:25:50 INFO  - Executed action GD.API.Controllers.Questionnaire.QuestionnaireController.SaveQuestionnaireAsync (API) in 58ms
18:25:50 INFO  - Executed action GD.API.Controllers.Questionnaire.QuestionnaireController.GetQuestionnairePageListAsync (API) in 73ms
18:27:21 INFO  - Executed action GD.API.Controllers.System.UserController.GetLoginUserInfoAsync (API) in 193ms
18:27:22 INFO  - Executed action GD.API.Controllers.Questionnaire.QuestionnaireController.GetQuestionnairePageListAsync (API) in 72ms
18:27:24 INFO  - Executed action GD.API.Controllers.Questionnaire.QuestionnaireController.GetQuestionnaireInfoAsync (API) in 84ms
18:27:27 INFO  - Executed action GD.API.Controllers.Questionnaire.QuestionnaireController.SaveQuestionnaireAsync (API) in 55ms
18:27:28 INFO  - Executed action GD.API.Controllers.Questionnaire.QuestionnaireController.GetQuestionnairePageListAsync (API) in 72ms
18:27:49 INFO  - Executed action GD.API.Controllers.System.UserController.GetLoginUserInfoAsync (API) in 235ms
18:27:50 INFO  - Executed action GD.API.Controllers.Questionnaire.QuestionnaireController.GetQuestionnairePageListAsync (API) in 67ms
18:27:51 INFO  - Executed action GD.API.Controllers.Questionnaire.QuestionnaireController.GetQuestionnaireInfoAsync (API) in 76ms
18:28:51 INFO  - Executed action GD.API.Controllers.Questionnaire.QuestionnaireController.GetQuestionnairePageListAsync (API) in 70ms
18:30:48 INFO  - Executed action GD.API.Controllers.Questionnaire.QuestionnaireController.GetQuestionnairePageListAsync (API) in 78ms
18:30:52 INFO  - Executed action GD.API.Controllers.System.UserController.GetLoginUserInfoAsync (API) in 186ms
18:30:52 INFO  - Executed action GD.API.Controllers.Questionnaire.QuestionnaireController.GetQuestionnairePageListAsync (API) in 72ms
18:31:08 INFO  - Executed action GD.API.Controllers.Questionnaire.QuestionnaireController.IssueQuestionnaireAsync (API) in 56ms
18:31:08 INFO  - Executed action GD.API.Controllers.Questionnaire.QuestionnaireController.GetQuestionnairePageListAsync (API) in 64ms
18:31:13 INFO  - Executed action GD.API.Controllers.Questionnaire.QuestionnaireController.GetQuestionnairePageListAsync (API) in 66ms
18:31:16 INFO  - Executed action GD.API.Controllers.Questionnaire.QuestionnaireController.GetQuestionnairePageListAsync (API) in 64ms
18:31:19 INFO  - Executed action GD.API.Controllers.Questionnaire.QuestionnaireController.GetQuestionnairePageListAsync (API) in 65ms
18:31:37 INFO  - Executed action GD.API.Controllers.Questionnaire.QuestionnaireController.GetQuestionnaireInfoAsync (API) in 76ms
18:31:38 INFO  - Executed action GD.API.Controllers.Questionnaire.QuestionnaireController.SaveQuestionnaireAsync (API) in 57ms
18:31:38 INFO  - Executed action GD.API.Controllers.Questionnaire.QuestionnaireController.GetQuestionnairePageListAsync (API) in 94ms
18:31:46 INFO  - Executed action GD.API.Controllers.Questionnaire.QuestionnaireController.GetQuestionnairePageListAsync (API) in 69ms
18:31:58 INFO  - Executed action GD.API.Controllers.Questionnaire.QuestionnaireController.GetQuestionnairePageListAsync (API) in 67ms
18:32:36 INFO  - Executed action GD.API.Controllers.System.UserController.GetLoginUserInfoAsync (API) in 193ms
18:32:36 INFO  - Executed action GD.API.Controllers.Questionnaire.QuestionnaireController.GetQuestionnairePageListAsync (API) in 79ms
18:32:41 INFO  - Executed action GD.API.Controllers.Questionnaire.QuestionnaireController.GetQuestionnairePageListAsync (API) in 70ms
18:33:18 INFO  - Executed action GD.API.Controllers.Questionnaire.QuestionnaireController.GetQuestionnairePageListAsync (API) in 82ms
18:36:21 INFO  - Executed action GD.API.Controllers.Questionnaire.QuestionnaireController.GetQuestionnairePageListAsync (API) in 68ms
18:36:32 INFO  - Executed action GD.API.Controllers.System.UserController.GetLoginUserInfoAsync (API) in 291ms
18:36:33 INFO  - Executed action GD.API.Controllers.Questionnaire.QuestionnaireController.GetQuestionnairePageListAsync (API) in 71ms
18:36:39 INFO  - Executed action GD.API.Controllers.Questionnaire.QuestionnaireController.GetQuestionnairePageListAsync (API) in 66ms
18:36:41 INFO  - Executed action GD.API.Controllers.Questionnaire.QuestionnaireController.GetQuestionnairePageListAsync (API) in 64ms
18:36:45 INFO  - Executed action GD.API.Controllers.Questionnaire.QuestionnaireController.GetQuestionnaireInfoAsync (API) in 78ms
18:36:53 INFO  - Executed action GD.API.Controllers.Questionnaire.QuestionnaireController.GetQuestionnaireInfoAsync (API) in 90ms
18:37:55 INFO  - Executed action GD.API.Controllers.Questionnaire.QuestionnaireController.CreateQuestionnaireQuestionAsync (API) in 33ms
18:38:09 INFO  - Executed action GD.API.Controllers.Questionnaire.QuestionnaireController.CreateQuestionnaireQuestionAsync (API) in 81ms
18:38:21 INFO  - Executed action GD.API.Controllers.Questionnaire.QuestionnaireController.SaveQuestionnaireAsync (API) in 59ms
18:38:22 INFO  - Executed action GD.API.Controllers.Questionnaire.QuestionnaireController.GetQuestionnairePageListAsync (API) in 70ms
18:38:24 INFO  - Executed action GD.API.Controllers.Questionnaire.QuestionnaireController.GetQuestionnaireInfoAsync (API) in 86ms
18:38:38 INFO  - Executed action GD.API.Controllers.Questionnaire.QuestionnaireController.GetQuestionnaireInfoAsync (API) in 75ms
18:39:04 INFO  - Executed action GD.API.Controllers.Questionnaire.QuestionnaireController.GetQuestionnaireInfoAsync (API) in 81ms
18:39:08 INFO  - Executed action GD.API.Controllers.Questionnaire.QuestionnaireController.GetQuestionnaireInfoAsync (API) in 78ms
18:39:15 INFO  - Executed action GD.API.Controllers.Questionnaire.QuestionnaireController.GetQuestionnaireInfoAsync (API) in 83ms
18:39:22 INFO  - Executed action GD.API.Controllers.Questionnaire.QuestionnaireController.CreateQuestionnaireQuestionAsync (API) in 75ms
18:39:28 INFO  - Executed action GD.API.Controllers.Questionnaire.QuestionnaireController.CreateQuestionnaireQuestionAsync (API) in 68ms
18:39:33 INFO  - Executed action GD.API.Controllers.Questionnaire.QuestionnaireController.CreateQuestionnaireQuestionAsync (API) in 96ms
18:39:41 INFO  - Executed action GD.API.Controllers.Questionnaire.QuestionnaireController.CreateQuestionnaireQuestionAsync (API) in 120ms
18:39:44 INFO  - Executed action GD.API.Controllers.Questionnaire.QuestionnaireController.CreateQuestionnaireQuestionAsync (API) in 95ms
18:40:25 INFO  - Executed action GD.API.Controllers.Questionnaire.QuestionnaireController.DeleteQuestionnaireAsync (API) in 93ms
18:40:25 INFO  - Executed action GD.API.Controllers.Questionnaire.QuestionnaireController.GetQuestionnairePageListAsync (API) in 69ms
18:40:28 INFO  - Executed action GD.API.Controllers.Questionnaire.QuestionnaireController.DeleteQuestionnaireAsync (API) in 95ms
18:40:28 INFO  - Executed action GD.API.Controllers.Questionnaire.QuestionnaireController.GetQuestionnairePageListAsync (API) in 67ms
18:40:30 INFO  - Executed action GD.API.Controllers.Questionnaire.QuestionnaireController.DeleteQuestionnaireAsync (API) in 93ms
18:40:30 INFO  - Executed action GD.API.Controllers.Questionnaire.QuestionnaireController.GetQuestionnairePageListAsync (API) in 69ms
18:40:31 INFO  - Executed action GD.API.Controllers.Questionnaire.QuestionnaireController.DeleteQuestionnaireAsync (API) in 94ms
18:40:32 INFO  - Executed action GD.API.Controllers.Questionnaire.QuestionnaireController.GetQuestionnairePageListAsync (API) in 68ms
18:40:33 INFO  - Executed action GD.API.Controllers.Questionnaire.QuestionnaireController.DeleteQuestionnaireAsync (API) in 97ms
18:40:33 INFO  - Executed action GD.API.Controllers.Questionnaire.QuestionnaireController.GetQuestionnairePageListAsync (API) in 65ms
18:40:35 INFO  - Executed action GD.API.Controllers.Questionnaire.QuestionnaireController.DeleteQuestionnaireAsync (API) in 99ms
18:40:35 INFO  - Executed action GD.API.Controllers.Questionnaire.QuestionnaireController.GetQuestionnairePageListAsync (API) in 66ms
18:40:37 INFO  - Executed action GD.API.Controllers.Questionnaire.QuestionnaireController.DeleteQuestionnaireAsync (API) in 93ms
18:40:38 INFO  - Executed action GD.API.Controllers.Questionnaire.QuestionnaireController.GetQuestionnairePageListAsync (API) in 65ms
18:40:42 INFO  - Executed action GD.API.Controllers.Questionnaire.QuestionnaireController.DeleteQuestionnaireAsync (API) in 94ms
18:40:42 INFO  - Executed action GD.API.Controllers.Questionnaire.QuestionnaireController.GetQuestionnairePageListAsync (API) in 65ms
18:40:51 INFO  - Executed action GD.API.Controllers.Questionnaire.QuestionnaireController.GetQuestionnaireInfoAsync (API) in 85ms
18:40:56 INFO  - Executed action GD.API.Controllers.Questionnaire.QuestionnaireController.GetQuestionnairePageListAsync (API) in 66ms
18:42:31 INFO  - Executed action GD.API.Controllers.Questionnaire.QuestionnaireController.GetQuestionnairePageListAsync (API) in 67ms
18:42:35 INFO  - Executed action GD.API.Controllers.System.UserController.GetLoginUserInfoAsync (API) in 192ms
18:42:36 INFO  - Executed action GD.API.Controllers.Questionnaire.QuestionnaireController.GetQuestionnairePageListAsync (API) in 68ms
18:42:37 INFO  - Executed action GD.API.Controllers.Questionnaire.QuestionnaireController.GetQuestionnairePageListAsync (API) in 65ms
18:42:38 INFO  - Executed action GD.API.Controllers.Questionnaire.QuestionnaireController.GetQuestionnairePageListAsync (API) in 65ms
18:42:44 INFO  - Executed action GD.API.Controllers.Questionnaire.QuestionnaireController.GetQuestionnaireInfoAsync (API) in 76ms
18:42:50 INFO  - Executed action GD.API.Controllers.Questionnaire.QuestionnaireController.GetQuestionnaireInfoAsync (API) in 76ms
18:42:53 INFO  - Executed action GD.API.Controllers.Questionnaire.QuestionnaireController.GetQuestionnaireInfoAsync (API) in 84ms
18:42:57 INFO  - Executed action GD.API.Controllers.Questionnaire.QuestionnaireController.GetQuestionnaireInfoAsync (API) in 80ms
18:44:46 INFO  - Executed action GD.API.Controllers.System.UserController.GetLoginUserInfoAsync (API) in 189ms
18:44:46 INFO  - Executed action GD.API.Controllers.Questionnaire.QuestionnaireController.GetQuestionnairePageListAsync (API) in 64ms
18:44:48 INFO  - Executed action GD.API.Controllers.Questionnaire.QuestionnaireController.GetQuestionnaireInfoAsync (API) in 82ms
18:45:20 INFO  - Executed action GD.API.Controllers.Questionnaire.QuestionnaireController.CreateQuestionnaireQuestionAsync (API) in 102ms
18:45:27 INFO  - Executed action GD.API.Controllers.Questionnaire.QuestionnaireController.CreateQuestionnaireQuestionAsync (API) in 112ms
18:46:09 INFO  - Executed action GD.API.Controllers.Questionnaire.QuestionnaireController.GetQuestionnaireInfoAsync (API) in 117ms
18:46:12 INFO  - Executed action GD.API.Controllers.Questionnaire.QuestionnaireController.GetQuestionnaireInfoAsync (API) in 75ms
18:46:18 INFO  - Executed action GD.API.Controllers.Doctor.DoctorController.GetDoctorCertificateDetailAsync (API) in 164ms
18:46:18 INFO  - Executed action GD.API.Controllers.Doctor.HospitalController.GetHospitalAllSelectAsync (API) in 194ms
18:46:18 INFO  - Executed action GD.API.Controllers.Doctor.DoctorController.GetDoctorPageAsync (API) in 562ms
18:46:21 INFO  - Executed action GD.API.Controllers.Doctor.DoctorController.GetDoctorJobTitlesAsync (API) in 3773ms
18:47:00 INFO  - Executed action GD.API.Controllers.Doctor.DoctorController.GetDoctorCertificateDetailAsync (API) in 17ms
18:47:00 INFO  - Executed action GD.API.Controllers.Doctor.DoctorController.GetDoctorJobTitlesAsync (API) in 61ms
18:47:00 INFO  - Executed action GD.API.Controllers.Doctor.DoctorController.GetDoctorPageAsync (API) in 95ms
18:47:14 INFO  - Executed action GD.API.Controllers.Doctor.DoctorController.GetDoctorCertificateDetailAsync (API) in 21ms
18:47:14 INFO  - Executed action GD.API.Controllers.Doctor.DoctorController.GetDoctorJobTitlesAsync (API) in 37ms
18:47:14 INFO  - Executed action GD.API.Controllers.Doctor.DoctorController.GetDoctorPageAsync (API) in 108ms
18:47:33 INFO  - Executed action GD.API.Controllers.Doctor.DoctorController.GetDoctorJobTitlesAsync (API) in 41ms
18:47:33 INFO  - Executed action GD.API.Controllers.Doctor.DoctorController.GetDoctorCertificateDetailAsync (API) in 26ms
18:47:33 INFO  - Executed action GD.API.Controllers.Doctor.DoctorController.GetDoctorPageAsync (API) in 103ms
18:48:03 INFO  - Executed action GD.API.Controllers.Doctor.DoctorController.GetDoctorCertificateDetailAsync (API) in 22ms
18:48:03 INFO  - Executed action GD.API.Controllers.Doctor.DoctorController.GetDoctorJobTitlesAsync (API) in 54ms
18:48:03 INFO  - Executed action GD.API.Controllers.Doctor.DoctorController.GetDoctorPageAsync (API) in 135ms
18:48:08 INFO  - Executed action GD.API.Controllers.System.UserController.GetLoginUserInfoAsync (API) in 157ms
18:48:08 INFO  - Executed action GD.API.Controllers.Doctor.DoctorController.GetDoctorCertificateDetailAsync (API) in 41ms
18:48:08 INFO  - Executed action GD.API.Controllers.Doctor.DoctorController.GetDoctorJobTitlesAsync (API) in 92ms
18:48:08 INFO  - Executed action GD.API.Controllers.Doctor.HospitalController.GetHospitalAllSelectAsync (API) in 29ms
18:48:08 INFO  - Executed action GD.API.Controllers.Doctor.DoctorController.GetDoctorPageAsync (API) in 105ms
18:48:11 INFO  - Executed action GD.API.Controllers.System.UserController.GetLoginUserInfoAsync (API) in 153ms
18:48:11 INFO  - Executed action GD.API.Controllers.Doctor.DoctorController.GetDoctorCertificateDetailAsync (API) in 25ms
18:48:11 INFO  - Executed action GD.API.Controllers.Doctor.HospitalController.GetHospitalAllSelectAsync (API) in 23ms
18:48:11 INFO  - Executed action GD.API.Controllers.Doctor.DoctorController.GetDoctorJobTitlesAsync (API) in 67ms
18:48:11 INFO  - Executed action GD.API.Controllers.Doctor.DoctorController.GetDoctorPageAsync (API) in 130ms
18:48:12 INFO  - Executed action GD.API.Controllers.Doctor.DoctorController.GetDoctorPageAsync (API) in 93ms
18:48:14 INFO  - Executed action GD.API.Controllers.Doctor.DoctorController.GetDoctorPageAsync (API) in 90ms
18:48:15 INFO  - Executed action GD.API.Controllers.Doctor.DoctorController.GetDoctorPageAsync (API) in 90ms
18:48:17 INFO  - Executed action GD.API.Controllers.Doctor.DoctorController.GetDoctorTopicAsync (API) in 348ms
18:48:20 INFO  - Executed action GD.API.Controllers.Doctor.DoctorController.GetDoctorInfoAsync (API) in 74ms
18:48:20 INFO  - Executed action GD.API.Controllers.Doctor.DoctorController.GetDoctorCertificateDetailAsync (API) in 22ms
18:48:20 INFO  - Executed action GD.API.Controllers.Doctor.HospitalController.GetHospitalOfficeSelectAsync (API) in 42ms
18:48:27 INFO  - Executed action GD.API.Controllers.Doctor.DoctorController.GetDoctorInfoAsync (API) in 60ms
18:48:27 INFO  - Executed action GD.API.Controllers.Doctor.DoctorController.GetDoctorCertificateDetailAsync (API) in 27ms
18:48:29 INFO  - Executed action GD.API.Controllers.Doctor.DoctorController.GetDoctorInfoAsync (API) in 56ms
18:48:29 INFO  - Executed action GD.API.Controllers.Doctor.DoctorController.GetDoctorCertificateDetailAsync (API) in 30ms
18:48:31 INFO  - Executed action GD.API.Controllers.Doctor.DoctorController.GetDoctorInfoAsync (API) in 51ms
18:48:32 INFO  - Executed action GD.API.Controllers.Doctor.DoctorController.GetDoctorCertificateDetailAsync (API) in 28ms
18:48:34 INFO  - Executed action GD.API.Controllers.Doctor.DoctorController.GetDoctorInfoAsync (API) in 56ms
18:48:34 INFO  - Executed action GD.API.Controllers.Doctor.DoctorController.GetDoctorCertificateDetailAsync (API) in 31ms
18:48:38 INFO  - Executed action GD.API.Controllers.Doctor.DoctorController.GetDoctorInfoAsync (API) in 51ms
18:48:38 INFO  - Executed action GD.API.Controllers.Doctor.DoctorController.GetDoctorCertificateDetailAsync (API) in 27ms
18:48:47 INFO  - Executed action GD.API.Controllers.Doctor.DoctorController.GetDoctorInfoAsync (API) in 56ms
18:48:48 INFO  - Executed action GD.API.Controllers.Doctor.DoctorController.GetDoctorCertificateDetailAsync (API) in 30ms
18:50:18 INFO  - Executed action GD.API.Controllers.Doctor.DoctorController.GetDoctorCertificateDetailAsync (API) in 31ms
18:50:18 INFO  - Executed action GD.API.Controllers.Doctor.DoctorController.GetDoctorJobTitlesAsync (API) in 45ms
18:50:54 INFO  - Executed action GD.API.Controllers.Doctor.DoctorController.TopicMessageAsync (API) in 66ms
18:50:59 INFO  - Executed action GD.API.Controllers.Doctor.DoctorController.GetDoctorPageAsync (API) in 101ms
18:51:00 INFO  - Executed action GD.API.Controllers.Doctor.DoctorController.GetDoctorPageAsync (API) in 92ms
18:51:06 INFO  - Executed action GD.API.Controllers.Doctor.DoctorController.GetDoctorPageAsync (API) in 94ms
18:51:21 INFO  - Executed action GD.API.Controllers.Doctor.DoctorController.GetIntegralInfoPageAsync (API) in 57ms
18:51:21 INFO  - Executed action GD.API.Controllers.Doctor.DoctorController.GetIntegralInfoPageAsync (API) in 75ms
18:51:23 INFO  - Executed action GD.API.Controllers.Doctor.DoctorController.GetIntegralInfoPageAsync (API) in 53ms
18:51:23 INFO  - Executed action GD.API.Controllers.Doctor.DoctorController.GetIntegralInfoPageAsync (API) in 63ms
18:51:25 INFO  - Executed action GD.API.Controllers.Doctor.DoctorController.GetIntegralInfoPageAsync (API) in 100ms
18:51:25 INFO  - Executed action GD.API.Controllers.Doctor.DoctorController.GetIntegralInfoPageAsync (API) in 104ms
18:51:27 INFO  - Executed action GD.API.Controllers.Doctor.DoctorController.GetIntegralInfoPageAsync (API) in 53ms
18:51:27 INFO  - Executed action GD.API.Controllers.Doctor.DoctorController.GetIntegralInfoPageAsync (API) in 71ms
18:51:29 INFO  - Executed action GD.API.Controllers.Doctor.DoctorController.GetIntegralInfoPageAsync (API) in 45ms
18:51:29 INFO  - Executed action GD.API.Controllers.Doctor.DoctorController.GetIntegralInfoPageAsync (API) in 59ms
18:51:59 INFO  - Executed action GD.API.Controllers.Doctor.DoctorController.GetDoctorPageAsync (API) in 98ms
18:52:01 INFO  - Executed action GD.API.Controllers.Doctor.DoctorController.GetDoctorPageAsync (API) in 94ms
18:52:03 INFO  - Executed action GD.API.Controllers.Doctor.DoctorController.GetIntegralInfoPageAsync (API) in 48ms
18:52:03 INFO  - Executed action GD.API.Controllers.Doctor.DoctorController.GetIntegralInfoPageAsync (API) in 66ms
18:52:05 INFO  - Executed action GD.API.Controllers.Doctor.DoctorController.GetIntegralInfoPageAsync (API) in 49ms
18:52:05 INFO  - Executed action GD.API.Controllers.Doctor.DoctorController.GetIntegralInfoPageAsync (API) in 61ms
18:52:06 INFO  - Executed action GD.API.Controllers.Doctor.DoctorController.GetIntegralInfoPageAsync (API) in 63ms
18:52:06 INFO  - Executed action GD.API.Controllers.Doctor.DoctorController.GetIntegralInfoPageAsync (API) in 71ms
18:52:08 INFO  - Executed action GD.API.Controllers.Doctor.DoctorController.GetIntegralInfoPageAsync (API) in 44ms
18:52:08 INFO  - Executed action GD.API.Controllers.Doctor.DoctorController.GetIntegralInfoPageAsync (API) in 58ms
18:53:44 INFO  - Executed action GD.API.Controllers.System.UserController.GetLoginUserInfoAsync (API) in 143ms
18:53:44 INFO  - Executed action GD.API.Controllers.Doctor.DoctorController.GetDoctorCertificateDetailAsync (API) in 47ms
18:53:45 INFO  - Executed action GD.API.Controllers.Doctor.HospitalController.GetHospitalAllSelectAsync (API) in 49ms
18:53:45 INFO  - Executed action GD.API.Controllers.Doctor.DoctorController.GetDoctorJobTitlesAsync (API) in 43ms
18:53:45 INFO  - Executed action GD.API.Controllers.Doctor.DoctorController.GetDoctorPageAsync (API) in 141ms
18:53:48 INFO  - Executed action GD.API.Controllers.Doctor.DoctorController.GetDoctorInfoAsync (API) in 58ms
18:53:48 INFO  - Executed action GD.API.Controllers.Doctor.DoctorController.GetDoctorCertificateDetailAsync (API) in 18ms
18:53:48 INFO  - Executed action GD.API.Controllers.Doctor.HospitalController.GetHospitalOfficeSelectAsync (API) in 19ms
18:53:51 INFO  - Executed action GD.API.Controllers.Doctor.DoctorController.GetIntegralInfoPageAsync (API) in 43ms
18:53:51 INFO  - Executed action GD.API.Controllers.Doctor.DoctorController.GetIntegralInfoPageAsync (API) in 53ms
18:53:53 INFO  - Executed action GD.API.Controllers.Doctor.DoctorController.GetIntegralInfoPageAsync (API) in 76ms
18:53:53 INFO  - Executed action GD.API.Controllers.Doctor.DoctorController.GetIntegralInfoPageAsync (API) in 77ms
18:53:55 INFO  - Executed action GD.API.Controllers.Doctor.DoctorController.GetIntegralInfoPageAsync (API) in 46ms
18:53:55 INFO  - Executed action GD.API.Controllers.Doctor.DoctorController.GetIntegralInfoPageAsync (API) in 55ms
18:53:57 INFO  - Executed action GD.API.Controllers.Doctor.DoctorController.GetIntegralInfoPageAsync (API) in 50ms
18:53:57 INFO  - Executed action GD.API.Controllers.Doctor.DoctorController.GetIntegralInfoPageAsync (API) in 58ms
18:53:59 INFO  - Executed action GD.API.Controllers.Doctor.DoctorController.GetIntegralInfoPageAsync (API) in 72ms
18:53:59 INFO  - Executed action GD.API.Controllers.Doctor.DoctorController.GetIntegralInfoPageAsync (API) in 87ms
18:54:01 INFO  - Executed action GD.API.Controllers.Doctor.DoctorController.GetIntegralInfoPageAsync (API) in 51ms
18:54:01 INFO  - Executed action GD.API.Controllers.Doctor.DoctorController.GetIntegralInfoPageAsync (API) in 59ms
18:54:13 INFO  - Executed action GD.API.Controllers.Doctor.DoctorController.GetIntegralInfoPageAsync (API) in 62ms
18:54:13 INFO  - Executed action GD.API.Controllers.Doctor.DoctorController.GetIntegralInfoPageAsync (API) in 64ms
18:54:18 INFO  - Executed action GD.API.Controllers.System.DictionaryController.GetMerchantDictionaryAsync (API) in 56ms
18:54:18 INFO  - Executed action GD.API.Controllers.Merchant.MerchantController.GetBusinessScopeListAsync (API) in 63ms
18:54:18 INFO  - Executed action GD.API.Controllers.Merchant.MerchantController.GetHospitalSelectAsync (API) in 25ms
18:54:18 INFO  - Executed action GD.API.Controllers.Merchant.MerchantController.GetMerchantPageAsync (API) in 67ms
18:54:21 INFO  - Executed action GD.API.Controllers.Mall.MemberController.GetMemberPageAsync (API) in 132ms
18:54:42 INFO  - Executed action GD.API.Controllers.Mall.MemberController.GetMemberInfoAsync (API) in 175ms
18:54:43 INFO  - Executed action GD.API.Controllers.Mall.MemberController.GetMemberOrderPageAsync (API) in 73ms
18:54:47 INFO  - Executed action GD.API.Controllers.Mall.MemberController.GetMemberInfoAsync (API) in 120ms
18:54:47 INFO  - Executed action GD.API.Controllers.Mall.MemberController.GetMemberOrderPageAsync (API) in 42ms
18:54:50 INFO  - Executed action GD.API.Controllers.Mall.MemberController.GetMemberInfoAsync (API) in 129ms
18:54:50 INFO  - Executed action GD.API.Controllers.Mall.MemberController.GetMemberOrderPageAsync (API) in 45ms
18:54:53 INFO  - Executed action GD.API.Controllers.Mall.MemberController.GetMemberInfoAsync (API) in 119ms
18:54:53 INFO  - Executed action GD.API.Controllers.Mall.MemberController.GetMemberOrderPageAsync (API) in 54ms
18:54:56 INFO  - Executed action GD.API.Controllers.Doctor.DoctorController.GetDoctorPageAsync (API) in 114ms
18:54:59 INFO  - Executed action GD.API.Controllers.Mall.MemberController.GetMemberPageAsync (API) in 61ms
18:55:01 INFO  - Executed action GD.API.Controllers.Doctor.DoctorController.GetReviewDoctorPageAsync (API) in 60ms
18:55:04 INFO  - Executed action GD.API.Controllers.Doctor.DoctorController.GetReviewDoctorPageAsync (API) in 55ms
18:55:07 INFO  - Executed action GD.API.Controllers.Merchant.MerchantController.GetReviewMerchantPageAsync (API) in 62ms
18:55:10 INFO  - Executed action GD.API.Controllers.Utility.ArticleController.GetArticleTypeAsync (API) in 24ms
18:55:10 INFO  - Executed action GD.API.Controllers.Utility.ArticleController.GetArticleListAsync (API) in 125ms
18:55:13 INFO  - Executed action GD.API.Controllers.Manager.RecommendController.GetRecommendPageAsync (API) in 64ms
18:55:15 INFO  - Executed action GD.API.Controllers.Utility.ArticleController.GetArticleTypeAsync (API) in 19ms
18:55:15 INFO  - Executed action GD.API.Controllers.Utility.ArticleController.GetArticleListAsync (API) in 125ms
18:55:16 INFO  - Executed action GD.API.Controllers.Utility.ArticleController.GetArticleListAsync (API) in 130ms
18:55:17 INFO  - Executed action GD.API.Controllers.Utility.ArticleController.GetArticleListAsync (API) in 115ms
18:55:18 INFO  - Executed action GD.API.Controllers.Utility.ArticleController.GetArticleListAsync (API) in 104ms
18:55:19 INFO  - Executed action GD.API.Controllers.Utility.ArticleController.GetArticleListAsync (API) in 128ms
18:55:38 INFO  - Executed action GD.API.Controllers.Utility.ArticleController.DisableEnableArticleAsync (API) in 52ms
18:55:38 INFO  - Executed action GD.API.Controllers.Utility.ArticleController.GetArticleListAsync (API) in 116ms
18:55:40 INFO  - Executed action GD.API.Controllers.Utility.ArticleController.DisableEnableArticleAsync (API) in 43ms
18:55:40 INFO  - Executed action GD.API.Controllers.Utility.ArticleController.GetArticleListAsync (API) in 115ms
18:55:43 INFO  - Executed action GD.API.Controllers.System.DictionaryController.GetFaqsSettingTypeAsync (API) in 20ms
18:55:43 INFO  - Executed action GD.API.Controllers.Faqs.FaqsController.SearchFaqsQuestionAsync (API) in 138ms
18:55:52 INFO  - Executed action GD.API.Controllers.Questionnaire.QuestionnaireController.GetQuestionnairePageListAsync (API) in 55ms
18:55:54 INFO  - Executed action GD.API.Controllers.Questionnaire.QuestionnaireController.GetQuestionnairePageListAsync (API) in 43ms
18:55:55 INFO  - Executed action GD.API.Controllers.Questionnaire.QuestionnaireController.GetQuestionnairePageListAsync (API) in 49ms
18:56:04 INFO  - Executed action GD.API.Controllers.Questionnaire.QuestionnaireController.InitQuestionnaireForCreateQuestionnaireAsync (API) in 28ms
18:56:09 INFO  - Executed action GD.API.Controllers.Questionnaire.QuestionnaireController.SaveQuestionnaireAsync (API) in 49ms
18:56:09 INFO  - Executed action GD.API.Controllers.Questionnaire.QuestionnaireController.GetQuestionnairePageListAsync (API) in 52ms
18:56:13 INFO  - Executed action GD.API.Controllers.Questionnaire.QuestionnaireController.GetQuestionnaireInfoAsync (API) in 57ms
18:56:20 INFO  - Executed action GD.API.Controllers.Questionnaire.QuestionnaireController.CreateQuestionnaireQuestionAsync (API) in 51ms
18:56:24 INFO  - Executed action GD.API.Controllers.Questionnaire.QuestionnaireController.CreateQuestionnaireQuestionAsync (API) in 89ms
18:56:36 INFO  - Executed action GD.API.Controllers.Questionnaire.QuestionnaireController.CreateQuestionnaireQuestionAsync (API) in 63ms
18:56:40 INFO  - Executed action GD.API.Controllers.Questionnaire.QuestionnaireController.CreateQuestionnaireQuestionAsync (API) in 89ms
18:56:52 INFO  - Executed action GD.API.Controllers.Questionnaire.QuestionnaireController.CreateQuestionnaireQuestionAsync (API) in 43ms
18:56:56 INFO  - Executed action GD.API.Controllers.Questionnaire.QuestionnaireController.CreateQuestionnaireQuestionAsync (API) in 72ms
18:57:03 INFO  - Executed action GD.API.Controllers.Questionnaire.QuestionnaireController.CreateQuestionnaireQuestionAsync (API) in 64ms
18:58:08 INFO  - Executed action GD.API.Controllers.System.UserController.GetLoginUserInfoAsync (API) in 161ms
18:58:08 INFO  - Executed action GD.API.Controllers.Questionnaire.QuestionnaireController.GetQuestionnairePageListAsync (API) in 52ms
18:58:14 INFO  - Executed action GD.API.Controllers.Questionnaire.QuestionnaireController.GetQuestionnaireInfoAsync (API) in 63ms
18:58:26 INFO  - Executed action GD.API.Controllers.Questionnaire.QuestionnaireController.CreateQuestionnaireQuestionAsync (API) in 47ms
18:58:31 INFO  - Executed action GD.API.Controllers.Questionnaire.QuestionnaireController.CreateQuestionnaireQuestionAsync (API) in 48ms
18:59:06 INFO  - Executed action GD.API.Controllers.Questionnaire.QuestionnaireController.CreateQuestionnaireQuestionAsync (API) in 102ms
18:59:17 INFO  - Executed action GD.API.Controllers.Questionnaire.QuestionnaireController.CreateQuestionnaireQuestionAsync (API) in 69ms
18:59:27 INFO  - Executed action GD.API.Controllers.Questionnaire.QuestionnaireController.SaveQuestionnaireAsync (API) in 49ms
18:59:27 INFO  - Executed action GD.API.Controllers.Questionnaire.QuestionnaireController.GetQuestionnairePageListAsync (API) in 39ms
18:59:31 INFO  - Executed action GD.API.Controllers.Questionnaire.QuestionnaireController.GetQuestionnaireInfoAsync (API) in 66ms
18:59:34 INFO  - Executed action GD.API.Controllers.Questionnaire.QuestionnaireController.IssueQuestionnaireAsync (API) in 40ms
18:59:34 INFO  - Executed action GD.API.Controllers.Questionnaire.QuestionnaireController.GetQuestionnairePageListAsync (API) in 49ms
18:59:37 INFO  - Executed action GD.API.Controllers.Questionnaire.QuestionnaireController.GetQuestionnaireInfoAsync (API) in 58ms
18:59:48 INFO  - Executed action GD.API.Controllers.Questionnaire.QuestionnaireController.SaveQuestionnaireAsync (API) in 40ms
18:59:48 INFO  - Executed action GD.API.Controllers.Questionnaire.QuestionnaireController.GetQuestionnairePageListAsync (API) in 62ms
