08:55:05 INFO  - 开始保存聊天消息数据
08:56:05 INFO  - 开始保存聊天消息数据
08:56:05 INFO  - 聊天消息数据保存完成，共处理条 0 数据。耗时：0时0分0秒12毫秒
08:57:05 INFO  - 开始保存聊天消息数据
08:57:05 INFO  - 聊天消息数据保存完成，共处理条 0 数据。耗时：0时0分0秒12毫秒
08:58:05 INFO  - 开始保存聊天消息数据
08:58:05 INFO  - 聊天消息数据保存完成，共处理条 0 数据。耗时：0时0分0秒20毫秒
08:59:05 INFO  - 开始保存聊天消息数据
08:59:05 INFO  - 聊天消息数据保存完成，共处理条 0 数据。耗时：0时0分0秒11毫秒
09:00:05 INFO  - 开始保存聊天消息数据
09:00:05 INFO  - 聊天消息数据保存完成，共处理条 0 数据。耗时：0时0分0秒13毫秒
09:01:05 INFO  - 开始保存聊天消息数据
09:01:05 INFO  - 聊天消息数据保存完成，共处理条 0 数据。耗时：0时0分0秒16毫秒
09:02:05 INFO  - 开始保存聊天消息数据
09:02:05 INFO  - 聊天消息数据保存完成，共处理条 0 数据。耗时：0时0分0秒11毫秒
09:03:05 INFO  - 开始保存聊天消息数据
09:03:05 INFO  - 聊天消息数据保存完成，共处理条 0 数据。耗时：0时0分0秒12毫秒
09:04:05 INFO  - 开始保存聊天消息数据
09:04:05 INFO  - 聊天消息数据保存完成，共处理条 0 数据。耗时：0时0分0秒12毫秒
09:05:05 INFO  - 开始保存聊天消息数据
09:05:05 INFO  - 聊天消息数据保存完成，共处理条 0 数据。耗时：0时0分0秒12毫秒
09:06:05 INFO  - 开始保存聊天消息数据
09:06:05 INFO  - 聊天消息数据保存完成，共处理条 0 数据。耗时：0时0分0秒12毫秒
09:07:05 INFO  - 开始保存聊天消息数据
09:07:05 INFO  - 聊天消息数据保存完成，共处理条 0 数据。耗时：0时0分0秒29毫秒
09:08:05 INFO  - 开始保存聊天消息数据
09:08:05 INFO  - 聊天消息数据保存完成，共处理条 0 数据。耗时：0时0分0秒113毫秒
09:09:05 INFO  - 开始保存聊天消息数据
09:09:05 INFO  - 聊天消息数据保存完成，共处理条 0 数据。耗时：0时0分0秒12毫秒
09:10:05 INFO  - 开始保存聊天消息数据
09:10:05 INFO  - 聊天消息数据保存完成，共处理条 0 数据。耗时：0时0分0秒12毫秒
09:11:05 INFO  - 开始保存聊天消息数据
09:11:05 INFO  - 聊天消息数据保存完成，共处理条 0 数据。耗时：0时0分0秒11毫秒
09:12:05 INFO  - 开始保存聊天消息数据
09:12:05 INFO  - 聊天消息数据保存完成，共处理条 0 数据。耗时：0时0分0秒12毫秒
09:13:05 INFO  - 开始保存聊天消息数据
09:13:05 INFO  - 聊天消息数据保存完成，共处理条 0 数据。耗时：0时0分0秒16毫秒
09:14:05 INFO  - 开始保存聊天消息数据
09:14:05 INFO  - 聊天消息数据保存完成，共处理条 0 数据。耗时：0时0分0秒12毫秒
09:15:05 INFO  - 开始保存聊天消息数据
09:15:05 INFO  - 聊天消息数据保存完成，共处理条 0 数据。耗时：0时0分0秒14毫秒
09:16:05 INFO  - 开始保存聊天消息数据
09:16:05 INFO  - 聊天消息数据保存完成，共处理条 0 数据。耗时：0时0分0秒12毫秒
09:17:05 INFO  - 开始保存聊天消息数据
09:17:05 INFO  - 聊天消息数据保存完成，共处理条 0 数据。耗时：0时0分0秒14毫秒
09:18:05 INFO  - 开始保存聊天消息数据
09:18:05 INFO  - 聊天消息数据保存完成，共处理条 0 数据。耗时：0时0分0秒12毫秒
09:19:05 INFO  - 开始保存聊天消息数据
09:19:05 INFO  - 聊天消息数据保存完成，共处理条 0 数据。耗时：0时0分0秒13毫秒
09:20:05 INFO  - 开始保存聊天消息数据
09:20:05 INFO  - 聊天消息数据保存完成，共处理条 0 数据。耗时：0时0分0秒8毫秒
09:21:05 INFO  - 开始保存聊天消息数据
09:21:05 INFO  - 聊天消息数据保存完成，共处理条 0 数据。耗时：0时0分0秒11毫秒
09:22:05 INFO  - 开始保存聊天消息数据
09:22:05 INFO  - 聊天消息数据保存完成，共处理条 0 数据。耗时：0时0分0秒15毫秒
09:23:05 INFO  - 开始保存聊天消息数据
09:23:05 INFO  - 聊天消息数据保存完成，共处理条 0 数据。耗时：0时0分0秒13毫秒
09:24:05 INFO  - 开始保存聊天消息数据
09:24:05 INFO  - 聊天消息数据保存完成，共处理条 0 数据。耗时：0时0分0秒13毫秒
09:25:05 INFO  - 开始保存聊天消息数据
09:25:05 INFO  - 聊天消息数据保存完成，共处理条 0 数据。耗时：0时0分0秒18毫秒
09:26:05 INFO  - 开始保存聊天消息数据
09:26:05 INFO  - 聊天消息数据保存完成，共处理条 0 数据。耗时：0时0分0秒12毫秒
09:27:05 INFO  - 开始保存聊天消息数据
09:27:05 INFO  - 聊天消息数据保存完成，共处理条 0 数据。耗时：0时0分0秒13毫秒
09:28:05 INFO  - 开始保存聊天消息数据
09:28:05 INFO  - 聊天消息数据保存完成，共处理条 0 数据。耗时：0时0分0秒12毫秒
09:29:05 INFO  - 开始保存聊天消息数据
09:29:05 INFO  - 聊天消息数据保存完成，共处理条 0 数据。耗时：0时0分0秒12毫秒
09:30:05 INFO  - 开始保存聊天消息数据
09:30:05 INFO  - 聊天消息数据保存完成，共处理条 0 数据。耗时：0时0分0秒21毫秒
09:31:05 INFO  - 开始保存聊天消息数据
09:31:05 INFO  - 聊天消息数据保存完成，共处理条 0 数据。耗时：0时0分0秒12毫秒
09:32:05 INFO  - 开始保存聊天消息数据
09:32:05 INFO  - 聊天消息数据保存完成，共处理条 0 数据。耗时：0时0分0秒11毫秒
09:33:05 INFO  - 开始保存聊天消息数据
09:33:05 INFO  - 聊天消息数据保存完成，共处理条 0 数据。耗时：0时0分0秒11毫秒
09:34:05 INFO  - 开始保存聊天消息数据
09:34:05 INFO  - 聊天消息数据保存完成，共处理条 0 数据。耗时：0时0分0秒12毫秒
09:35:05 INFO  - 开始保存聊天消息数据
09:35:05 INFO  - 聊天消息数据保存完成，共处理条 0 数据。耗时：0时0分0秒12毫秒
09:36:05 INFO  - 开始保存聊天消息数据
09:36:05 INFO  - 聊天消息数据保存完成，共处理条 0 数据。耗时：0时0分0秒12毫秒
09:37:05 INFO  - 开始保存聊天消息数据
09:37:05 INFO  - 聊天消息数据保存完成，共处理条 0 数据。耗时：0时0分0秒13毫秒
09:38:05 INFO  - 开始保存聊天消息数据
09:38:05 INFO  - 聊天消息数据保存完成，共处理条 0 数据。耗时：0时0分0秒12毫秒
09:39:05 INFO  - 开始保存聊天消息数据
09:39:05 INFO  - 聊天消息数据保存完成，共处理条 0 数据。耗时：0时0分0秒11毫秒
09:40:05 INFO  - 开始保存聊天消息数据
09:40:05 INFO  - 聊天消息数据保存完成，共处理条 0 数据。耗时：0时0分0秒12毫秒
09:41:05 INFO  - 开始保存聊天消息数据
09:41:05 INFO  - 聊天消息数据保存完成，共处理条 0 数据。耗时：0时0分0秒12毫秒
09:42:05 INFO  - 开始保存聊天消息数据
09:42:05 INFO  - 聊天消息数据保存完成，共处理条 0 数据。耗时：0时0分0秒11毫秒
09:43:05 INFO  - 开始保存聊天消息数据
09:43:05 INFO  - 聊天消息数据保存完成，共处理条 0 数据。耗时：0时0分0秒9毫秒
09:44:05 INFO  - 开始保存聊天消息数据
09:44:05 INFO  - 聊天消息数据保存完成，共处理条 0 数据。耗时：0时0分0秒13毫秒
09:45:05 INFO  - 开始保存聊天消息数据
09:45:05 INFO  - 聊天消息数据保存完成，共处理条 0 数据。耗时：0时0分0秒13毫秒
09:46:05 INFO  - 开始保存聊天消息数据
09:46:05 INFO  - 聊天消息数据保存完成，共处理条 0 数据。耗时：0时0分0秒12毫秒
09:47:05 INFO  - 开始保存聊天消息数据
09:47:05 INFO  - 聊天消息数据保存完成，共处理条 0 数据。耗时：0时0分0秒21毫秒
09:48:05 INFO  - 开始保存聊天消息数据
09:48:05 INFO  - 聊天消息数据保存完成，共处理条 0 数据。耗时：0时0分0秒12毫秒
09:49:05 INFO  - 开始保存聊天消息数据
09:49:05 INFO  - 聊天消息数据保存完成，共处理条 0 数据。耗时：0时0分0秒12毫秒
09:50:05 INFO  - 开始保存聊天消息数据
09:50:05 INFO  - 聊天消息数据保存完成，共处理条 0 数据。耗时：0时0分0秒14毫秒
09:51:05 INFO  - 开始保存聊天消息数据
09:51:05 INFO  - 聊天消息数据保存完成，共处理条 0 数据。耗时：0时0分0秒12毫秒
09:52:05 INFO  - 开始保存聊天消息数据
09:52:05 INFO  - 聊天消息数据保存完成，共处理条 0 数据。耗时：0时0分0秒12毫秒
09:53:05 INFO  - 开始保存聊天消息数据
09:53:05 INFO  - 聊天消息数据保存完成，共处理条 0 数据。耗时：0时0分0秒12毫秒
09:54:05 INFO  - 开始保存聊天消息数据
09:54:05 INFO  - 聊天消息数据保存完成，共处理条 0 数据。耗时：0时0分0秒24毫秒
09:55:05 INFO  - 开始保存聊天消息数据
09:55:05 INFO  - 聊天消息数据保存完成，共处理条 0 数据。耗时：0时0分0秒13毫秒
09:56:05 INFO  - 开始保存聊天消息数据
09:56:05 INFO  - 聊天消息数据保存完成，共处理条 0 数据。耗时：0时0分0秒12毫秒
09:57:05 INFO  - 开始保存聊天消息数据
09:57:05 INFO  - 聊天消息数据保存完成，共处理条 0 数据。耗时：0时0分0秒11毫秒
09:58:05 INFO  - 开始保存聊天消息数据
09:58:05 INFO  - 聊天消息数据保存完成，共处理条 0 数据。耗时：0时0分0秒12毫秒
09:59:05 INFO  - 开始保存聊天消息数据
09:59:05 INFO  - 聊天消息数据保存完成，共处理条 0 数据。耗时：0时0分0秒12毫秒
10:00:05 INFO  - 开始保存聊天消息数据
10:00:05 INFO  - 聊天消息数据保存完成，共处理条 0 数据。耗时：0时0分0秒10毫秒
10:01:05 INFO  - 开始保存聊天消息数据
10:01:05 INFO  - 聊天消息数据保存完成，共处理条 0 数据。耗时：0时0分0秒12毫秒
10:02:05 INFO  - 开始保存聊天消息数据
10:02:05 INFO  - 聊天消息数据保存完成，共处理条 0 数据。耗时：0时0分0秒13毫秒
10:03:05 INFO  - 开始保存聊天消息数据
10:03:05 INFO  - 聊天消息数据保存完成，共处理条 0 数据。耗时：0时0分0秒12毫秒
10:04:05 INFO  - 开始保存聊天消息数据
10:04:05 INFO  - 聊天消息数据保存完成，共处理条 0 数据。耗时：0时0分0秒12毫秒
10:05:05 INFO  - 开始保存聊天消息数据
10:05:05 INFO  - 聊天消息数据保存完成，共处理条 0 数据。耗时：0时0分0秒20毫秒
10:06:05 INFO  - 开始保存聊天消息数据
10:06:05 INFO  - 聊天消息数据保存完成，共处理条 0 数据。耗时：0时0分0秒14毫秒
10:07:05 INFO  - 开始保存聊天消息数据
10:07:05 INFO  - 聊天消息数据保存完成，共处理条 0 数据。耗时：0时0分0秒15毫秒
10:08:05 INFO  - 开始保存聊天消息数据
10:08:05 INFO  - 聊天消息数据保存完成，共处理条 0 数据。耗时：0时0分0秒12毫秒
10:09:05 INFO  - 开始保存聊天消息数据
10:09:05 INFO  - 聊天消息数据保存完成，共处理条 0 数据。耗时：0时0分0秒12毫秒
10:10:05 INFO  - 开始保存聊天消息数据
10:10:05 INFO  - 聊天消息数据保存完成，共处理条 0 数据。耗时：0时0分0秒8毫秒
10:11:05 INFO  - 开始保存聊天消息数据
10:11:05 INFO  - 聊天消息数据保存完成，共处理条 0 数据。耗时：0时0分0秒12毫秒
10:12:05 INFO  - 开始保存聊天消息数据
10:12:05 INFO  - 聊天消息数据保存完成，共处理条 0 数据。耗时：0时0分0秒14毫秒
10:13:05 INFO  - 开始保存聊天消息数据
10:13:05 INFO  - 聊天消息数据保存完成，共处理条 0 数据。耗时：0时0分0秒11毫秒
10:14:05 INFO  - 开始保存聊天消息数据
10:14:05 INFO  - 聊天消息数据保存完成，共处理条 0 数据。耗时：0时0分0秒12毫秒
10:15:05 INFO  - 开始保存聊天消息数据
10:15:05 INFO  - 聊天消息数据保存完成，共处理条 0 数据。耗时：0时0分0秒13毫秒
10:16:05 INFO  - 开始保存聊天消息数据
10:16:05 INFO  - 聊天消息数据保存完成，共处理条 0 数据。耗时：0时0分0秒11毫秒
10:17:05 INFO  - 开始保存聊天消息数据
10:17:05 INFO  - 聊天消息数据保存完成，共处理条 0 数据。耗时：0时0分0秒12毫秒
10:18:05 INFO  - 开始保存聊天消息数据
10:18:05 INFO  - 聊天消息数据保存完成，共处理条 0 数据。耗时：0时0分0秒35毫秒
10:19:05 INFO  - 开始保存聊天消息数据
10:19:05 INFO  - 聊天消息数据保存完成，共处理条 0 数据。耗时：0时0分0秒12毫秒
10:20:05 INFO  - 开始保存聊天消息数据
10:20:05 INFO  - 聊天消息数据保存完成，共处理条 0 数据。耗时：0时0分0秒20毫秒
10:21:05 INFO  - 开始保存聊天消息数据
10:21:05 INFO  - 聊天消息数据保存完成，共处理条 0 数据。耗时：0时0分0秒21毫秒
10:22:05 INFO  - 开始保存聊天消息数据
10:22:05 INFO  - 聊天消息数据保存完成，共处理条 0 数据。耗时：0时0分0秒13毫秒
10:23:05 INFO  - 开始保存聊天消息数据
10:23:05 INFO  - 聊天消息数据保存完成，共处理条 0 数据。耗时：0时0分0秒12毫秒
10:24:05 INFO  - 开始保存聊天消息数据
10:24:05 INFO  - 聊天消息数据保存完成，共处理条 0 数据。耗时：0时0分0秒11毫秒
10:25:05 INFO  - 开始保存聊天消息数据
10:25:05 INFO  - 聊天消息数据保存完成，共处理条 0 数据。耗时：0时0分0秒11毫秒
10:26:05 INFO  - 开始保存聊天消息数据
10:26:05 INFO  - 聊天消息数据保存完成，共处理条 0 数据。耗时：0时0分0秒12毫秒
10:27:05 INFO  - 开始保存聊天消息数据
10:27:05 INFO  - 聊天消息数据保存完成，共处理条 0 数据。耗时：0时0分0秒15毫秒
10:28:05 INFO  - 开始保存聊天消息数据
10:28:05 INFO  - 聊天消息数据保存完成，共处理条 0 数据。耗时：0时0分0秒14毫秒
10:29:05 INFO  - 开始保存聊天消息数据
10:29:05 INFO  - 聊天消息数据保存完成，共处理条 0 数据。耗时：0时0分0秒13毫秒
10:30:05 INFO  - 开始保存聊天消息数据
10:30:05 INFO  - 聊天消息数据保存完成，共处理条 0 数据。耗时：0时0分0秒12毫秒
10:31:05 INFO  - 开始保存聊天消息数据
10:31:05 INFO  - 聊天消息数据保存完成，共处理条 0 数据。耗时：0时0分0秒14毫秒
10:32:05 INFO  - 开始保存聊天消息数据
10:32:05 INFO  - 聊天消息数据保存完成，共处理条 0 数据。耗时：0时0分0秒12毫秒
10:33:05 INFO  - 开始保存聊天消息数据
10:33:05 INFO  - 聊天消息数据保存完成，共处理条 0 数据。耗时：0时0分0秒11毫秒
10:34:05 INFO  - 开始保存聊天消息数据
10:34:05 INFO  - 聊天消息数据保存完成，共处理条 0 数据。耗时：0时0分0秒17毫秒
10:35:05 INFO  - 开始保存聊天消息数据
10:35:05 INFO  - 聊天消息数据保存完成，共处理条 0 数据。耗时：0时0分0秒14毫秒
10:36:05 INFO  - 开始保存聊天消息数据
10:36:05 INFO  - 聊天消息数据保存完成，共处理条 0 数据。耗时：0时0分0秒59毫秒
10:37:05 INFO  - 开始保存聊天消息数据
10:37:05 INFO  - 聊天消息数据保存完成，共处理条 0 数据。耗时：0时0分0秒11毫秒
10:38:05 INFO  - 开始保存聊天消息数据
10:38:05 INFO  - 聊天消息数据保存完成，共处理条 0 数据。耗时：0时0分0秒16毫秒
10:39:05 INFO  - 开始保存聊天消息数据
10:39:05 INFO  - 聊天消息数据保存完成，共处理条 0 数据。耗时：0时0分0秒11毫秒
10:40:05 INFO  - 开始保存聊天消息数据
10:40:05 INFO  - 聊天消息数据保存完成，共处理条 0 数据。耗时：0时0分0秒12毫秒
10:41:05 INFO  - 开始保存聊天消息数据
10:41:05 INFO  - 聊天消息数据保存完成，共处理条 0 数据。耗时：0时0分0秒11毫秒
10:42:05 INFO  - 开始保存聊天消息数据
10:42:05 INFO  - 聊天消息数据保存完成，共处理条 0 数据。耗时：0时0分0秒15毫秒
10:43:05 INFO  - 开始保存聊天消息数据
10:43:05 INFO  - 聊天消息数据保存完成，共处理条 0 数据。耗时：0时0分0秒13毫秒
10:44:05 INFO  - 开始保存聊天消息数据
10:44:05 INFO  - 聊天消息数据保存完成，共处理条 0 数据。耗时：0时0分0秒13毫秒
10:45:05 INFO  - 开始保存聊天消息数据
10:45:05 INFO  - 聊天消息数据保存完成，共处理条 0 数据。耗时：0时0分0秒14毫秒
10:46:05 INFO  - 开始保存聊天消息数据
10:46:05 INFO  - 聊天消息数据保存完成，共处理条 0 数据。耗时：0时0分0秒14毫秒
10:47:05 INFO  - 开始保存聊天消息数据
10:47:05 INFO  - 聊天消息数据保存完成，共处理条 0 数据。耗时：0时0分0秒12毫秒
10:48:05 INFO  - 开始保存聊天消息数据
10:48:05 INFO  - 聊天消息数据保存完成，共处理条 0 数据。耗时：0时0分0秒14毫秒
10:49:05 INFO  - 开始保存聊天消息数据
10:49:05 INFO  - 聊天消息数据保存完成，共处理条 0 数据。耗时：0时0分0秒14毫秒
10:50:05 INFO  - 开始保存聊天消息数据
10:50:05 INFO  - 聊天消息数据保存完成，共处理条 0 数据。耗时：0时0分0秒12毫秒
10:51:05 INFO  - 开始保存聊天消息数据
10:51:05 INFO  - 聊天消息数据保存完成，共处理条 0 数据。耗时：0时0分0秒18毫秒
10:52:05 INFO  - 开始保存聊天消息数据
10:52:05 INFO  - 聊天消息数据保存完成，共处理条 0 数据。耗时：0时0分0秒12毫秒
10:53:05 INFO  - 开始保存聊天消息数据
10:53:05 INFO  - 聊天消息数据保存完成，共处理条 0 数据。耗时：0时0分0秒13毫秒
10:54:05 INFO  - 开始保存聊天消息数据
10:54:05 INFO  - 聊天消息数据保存完成，共处理条 0 数据。耗时：0时0分0秒12毫秒
10:55:05 INFO  - 开始保存聊天消息数据
10:55:05 INFO  - 聊天消息数据保存完成，共处理条 0 数据。耗时：0时0分0秒20毫秒
10:56:05 INFO  - 开始保存聊天消息数据
10:56:05 INFO  - 聊天消息数据保存完成，共处理条 0 数据。耗时：0时0分0秒12毫秒
10:57:05 INFO  - 开始保存聊天消息数据
10:57:05 INFO  - 聊天消息数据保存完成，共处理条 0 数据。耗时：0时0分0秒11毫秒
10:58:05 INFO  - 开始保存聊天消息数据
10:58:05 INFO  - 聊天消息数据保存完成，共处理条 0 数据。耗时：0时0分0秒12毫秒
10:59:05 INFO  - 开始保存聊天消息数据
10:59:05 INFO  - 聊天消息数据保存完成，共处理条 0 数据。耗时：0时0分0秒8毫秒
11:00:05 INFO  - 开始保存聊天消息数据
11:00:05 INFO  - 聊天消息数据保存完成，共处理条 0 数据。耗时：0时0分0秒11毫秒
11:01:05 INFO  - 开始保存聊天消息数据
11:01:05 INFO  - 聊天消息数据保存完成，共处理条 0 数据。耗时：0时0分0秒12毫秒
11:02:05 INFO  - 开始保存聊天消息数据
11:02:05 INFO  - 聊天消息数据保存完成，共处理条 0 数据。耗时：0时0分0秒11毫秒
11:03:05 INFO  - 开始保存聊天消息数据
11:03:05 INFO  - 聊天消息数据保存完成，共处理条 0 数据。耗时：0时0分0秒12毫秒
11:04:05 INFO  - 开始保存聊天消息数据
11:04:05 INFO  - 聊天消息数据保存完成，共处理条 0 数据。耗时：0时0分0秒12毫秒
11:05:05 INFO  - 开始保存聊天消息数据
11:05:05 INFO  - 聊天消息数据保存完成，共处理条 0 数据。耗时：0时0分0秒13毫秒
11:06:05 INFO  - 开始保存聊天消息数据
11:06:05 INFO  - 聊天消息数据保存完成，共处理条 0 数据。耗时：0时0分0秒14毫秒
11:07:05 INFO  - 开始保存聊天消息数据
11:07:05 INFO  - 聊天消息数据保存完成，共处理条 0 数据。耗时：0时0分0秒16毫秒
11:08:05 INFO  - 开始保存聊天消息数据
11:08:05 INFO  - 聊天消息数据保存完成，共处理条 0 数据。耗时：0时0分0秒12毫秒
11:09:05 INFO  - 开始保存聊天消息数据
11:09:05 INFO  - 聊天消息数据保存完成，共处理条 0 数据。耗时：0时0分0秒11毫秒
11:10:05 INFO  - 开始保存聊天消息数据
11:10:05 INFO  - 聊天消息数据保存完成，共处理条 0 数据。耗时：0时0分0秒12毫秒
11:11:05 INFO  - 开始保存聊天消息数据
11:11:05 INFO  - 聊天消息数据保存完成，共处理条 0 数据。耗时：0时0分0秒18毫秒
11:12:05 INFO  - 开始保存聊天消息数据
11:12:05 INFO  - 聊天消息数据保存完成，共处理条 0 数据。耗时：0时0分0秒11毫秒
11:13:05 INFO  - 开始保存聊天消息数据
11:13:05 INFO  - 聊天消息数据保存完成，共处理条 0 数据。耗时：0时0分0秒20毫秒
11:14:05 INFO  - 开始保存聊天消息数据
11:14:05 INFO  - 聊天消息数据保存完成，共处理条 0 数据。耗时：0时0分0秒8毫秒
11:15:05 INFO  - 开始保存聊天消息数据
11:15:05 INFO  - 聊天消息数据保存完成，共处理条 0 数据。耗时：0时0分0秒15毫秒
11:16:05 INFO  - 开始保存聊天消息数据
11:16:05 INFO  - 聊天消息数据保存完成，共处理条 0 数据。耗时：0时0分0秒17毫秒
11:17:05 INFO  - 开始保存聊天消息数据
11:17:05 INFO  - 聊天消息数据保存完成，共处理条 0 数据。耗时：0时0分0秒11毫秒
11:18:05 INFO  - 开始保存聊天消息数据
11:18:05 INFO  - 聊天消息数据保存完成，共处理条 0 数据。耗时：0时0分0秒13毫秒
11:19:05 INFO  - 开始保存聊天消息数据
11:19:05 INFO  - 聊天消息数据保存完成，共处理条 0 数据。耗时：0时0分0秒58毫秒
11:20:05 INFO  - 开始保存聊天消息数据
11:20:05 INFO  - 聊天消息数据保存完成，共处理条 0 数据。耗时：0时0分0秒17毫秒
11:21:05 INFO  - 开始保存聊天消息数据
11:21:05 INFO  - 聊天消息数据保存完成，共处理条 0 数据。耗时：0时0分0秒24毫秒
11:22:05 INFO  - 开始保存聊天消息数据
11:22:05 INFO  - 聊天消息数据保存完成，共处理条 0 数据。耗时：0时0分0秒13毫秒
11:23:05 INFO  - 开始保存聊天消息数据
11:23:05 INFO  - 聊天消息数据保存完成，共处理条 0 数据。耗时：0时0分0秒13毫秒
11:24:05 INFO  - 开始保存聊天消息数据
11:24:05 INFO  - 聊天消息数据保存完成，共处理条 0 数据。耗时：0时0分0秒12毫秒
11:25:05 INFO  - 开始保存聊天消息数据
11:25:05 INFO  - 聊天消息数据保存完成，共处理条 0 数据。耗时：0时0分0秒16毫秒
11:26:05 INFO  - 开始保存聊天消息数据
11:26:05 INFO  - 聊天消息数据保存完成，共处理条 0 数据。耗时：0时0分0秒12毫秒
11:27:05 INFO  - 开始保存聊天消息数据
11:27:05 INFO  - 聊天消息数据保存完成，共处理条 0 数据。耗时：0时0分0秒12毫秒
11:28:05 INFO  - 开始保存聊天消息数据
11:28:05 INFO  - 聊天消息数据保存完成，共处理条 0 数据。耗时：0时0分0秒14毫秒
11:29:05 INFO  - 开始保存聊天消息数据
11:29:05 INFO  - 聊天消息数据保存完成，共处理条 0 数据。耗时：0时0分0秒12毫秒
11:30:05 INFO  - 开始保存聊天消息数据
11:30:05 INFO  - 聊天消息数据保存完成，共处理条 0 数据。耗时：0时0分0秒11毫秒
11:31:05 INFO  - 开始保存聊天消息数据
11:32:05 INFO  - 开始保存聊天消息数据
11:32:05 INFO  - 聊天消息数据保存完成，共处理条 0 数据。耗时：0时0分0秒9毫秒
11:33:05 INFO  - 开始保存聊天消息数据
11:33:05 INFO  - 聊天消息数据保存完成，共处理条 0 数据。耗时：0时0分0秒9毫秒
11:34:05 INFO  - 开始保存聊天消息数据
11:34:05 INFO  - 聊天消息数据保存完成，共处理条 0 数据。耗时：0时0分0秒9毫秒
11:35:05 INFO  - 开始保存聊天消息数据
11:35:05 INFO  - 聊天消息数据保存完成，共处理条 0 数据。耗时：0时0分0秒11毫秒
11:36:05 INFO  - 开始保存聊天消息数据
11:36:05 INFO  - 聊天消息数据保存完成，共处理条 0 数据。耗时：0时0分0秒10毫秒
11:37:05 INFO  - 开始保存聊天消息数据
11:37:05 INFO  - 聊天消息数据保存完成，共处理条 0 数据。耗时：0时0分0秒8毫秒
11:38:05 INFO  - 开始保存聊天消息数据
11:38:05 INFO  - 聊天消息数据保存完成，共处理条 0 数据。耗时：0时0分0秒27毫秒
11:39:05 INFO  - 开始保存聊天消息数据
11:39:05 INFO  - 聊天消息数据保存完成，共处理条 0 数据。耗时：0时0分0秒14毫秒
11:40:05 INFO  - 开始保存聊天消息数据
11:40:05 INFO  - 聊天消息数据保存完成，共处理条 0 数据。耗时：0时0分0秒13毫秒
11:41:05 INFO  - 开始保存聊天消息数据
11:41:05 INFO  - 聊天消息数据保存完成，共处理条 0 数据。耗时：0时0分0秒18毫秒
11:42:05 INFO  - 开始保存聊天消息数据
11:42:05 INFO  - 聊天消息数据保存完成，共处理条 0 数据。耗时：0时0分0秒12毫秒
11:43:05 INFO  - 开始保存聊天消息数据
11:43:05 INFO  - 聊天消息数据保存完成，共处理条 0 数据。耗时：0时0分0秒18毫秒
11:44:05 INFO  - 开始保存聊天消息数据
11:44:05 INFO  - 聊天消息数据保存完成，共处理条 0 数据。耗时：0时0分0秒9毫秒
11:45:05 INFO  - 开始保存聊天消息数据
11:45:05 INFO  - 聊天消息数据保存完成，共处理条 0 数据。耗时：0时0分0秒11毫秒
11:46:05 INFO  - 开始保存聊天消息数据
11:46:05 INFO  - 聊天消息数据保存完成，共处理条 0 数据。耗时：0时0分0秒9毫秒
11:47:05 INFO  - 开始保存聊天消息数据
11:47:05 INFO  - 聊天消息数据保存完成，共处理条 0 数据。耗时：0时0分0秒9毫秒
11:48:05 INFO  - 开始保存聊天消息数据
11:48:05 INFO  - 聊天消息数据保存完成，共处理条 0 数据。耗时：0时0分0秒10毫秒
11:49:05 INFO  - 开始保存聊天消息数据
11:49:05 INFO  - 聊天消息数据保存完成，共处理条 0 数据。耗时：0时0分0秒37毫秒
11:50:05 INFO  - 开始保存聊天消息数据
11:50:05 INFO  - 聊天消息数据保存完成，共处理条 0 数据。耗时：0时0分0秒9毫秒
11:51:05 INFO  - 开始保存聊天消息数据
11:51:05 INFO  - 聊天消息数据保存完成，共处理条 0 数据。耗时：0时0分0秒12毫秒
11:52:05 INFO  - 开始保存聊天消息数据
11:52:05 INFO  - 聊天消息数据保存完成，共处理条 0 数据。耗时：0时0分0秒10毫秒
11:53:05 INFO  - 开始保存聊天消息数据
11:53:05 INFO  - 聊天消息数据保存完成，共处理条 0 数据。耗时：0时0分0秒9毫秒
11:54:05 INFO  - 开始保存聊天消息数据
11:54:05 INFO  - 聊天消息数据保存完成，共处理条 0 数据。耗时：0时0分0秒9毫秒
11:55:05 INFO  - 开始保存聊天消息数据
11:55:05 INFO  - 聊天消息数据保存完成，共处理条 0 数据。耗时：0时0分0秒10毫秒
11:56:05 INFO  - 开始保存聊天消息数据
11:56:05 INFO  - 聊天消息数据保存完成，共处理条 0 数据。耗时：0时0分0秒11毫秒
11:57:05 INFO  - 开始保存聊天消息数据
11:57:05 INFO  - 聊天消息数据保存完成，共处理条 0 数据。耗时：0时0分0秒10毫秒
11:58:05 INFO  - 开始保存聊天消息数据
11:58:05 INFO  - 聊天消息数据保存完成，共处理条 0 数据。耗时：0时0分0秒10毫秒
11:59:05 INFO  - 开始保存聊天消息数据
11:59:05 INFO  - 聊天消息数据保存完成，共处理条 0 数据。耗时：0时0分0秒9毫秒
12:00:05 INFO  - 开始保存聊天消息数据
12:00:05 INFO  - 聊天消息数据保存完成，共处理条 0 数据。耗时：0时0分0秒9毫秒
12:01:05 INFO  - 开始保存聊天消息数据
12:01:05 INFO  - 聊天消息数据保存完成，共处理条 0 数据。耗时：0时0分0秒9毫秒
12:02:05 INFO  - 开始保存聊天消息数据
12:02:05 INFO  - 聊天消息数据保存完成，共处理条 0 数据。耗时：0时0分0秒9毫秒
12:03:05 INFO  - 开始保存聊天消息数据
12:03:05 INFO  - 聊天消息数据保存完成，共处理条 0 数据。耗时：0时0分0秒9毫秒
12:04:05 INFO  - 开始保存聊天消息数据
12:04:05 INFO  - 聊天消息数据保存完成，共处理条 0 数据。耗时：0时0分0秒10毫秒
12:05:05 INFO  - 开始保存聊天消息数据
12:05:05 INFO  - 聊天消息数据保存完成，共处理条 0 数据。耗时：0时0分0秒9毫秒
12:06:05 INFO  - 开始保存聊天消息数据
12:06:05 INFO  - 聊天消息数据保存完成，共处理条 0 数据。耗时：0时0分0秒9毫秒
12:07:05 INFO  - 开始保存聊天消息数据
12:07:05 INFO  - 聊天消息数据保存完成，共处理条 0 数据。耗时：0时0分0秒10毫秒
12:08:05 INFO  - 开始保存聊天消息数据
12:08:05 INFO  - 聊天消息数据保存完成，共处理条 0 数据。耗时：0时0分0秒9毫秒
12:09:05 INFO  - 开始保存聊天消息数据
12:09:05 INFO  - 聊天消息数据保存完成，共处理条 0 数据。耗时：0时0分0秒9毫秒
12:10:05 INFO  - 开始保存聊天消息数据
12:10:05 INFO  - 聊天消息数据保存完成，共处理条 0 数据。耗时：0时0分0秒10毫秒
12:11:05 INFO  - 开始保存聊天消息数据
12:11:05 INFO  - 聊天消息数据保存完成，共处理条 0 数据。耗时：0时0分0秒13毫秒
12:12:05 INFO  - 开始保存聊天消息数据
12:12:05 INFO  - 聊天消息数据保存完成，共处理条 0 数据。耗时：0时0分0秒8毫秒
12:13:05 INFO  - 开始保存聊天消息数据
12:13:05 INFO  - 聊天消息数据保存完成，共处理条 0 数据。耗时：0时0分0秒9毫秒
12:14:05 INFO  - 开始保存聊天消息数据
12:14:05 INFO  - 聊天消息数据保存完成，共处理条 0 数据。耗时：0时0分0秒9毫秒
12:15:05 INFO  - 开始保存聊天消息数据
12:15:05 INFO  - 聊天消息数据保存完成，共处理条 0 数据。耗时：0时0分0秒9毫秒
12:16:05 INFO  - 开始保存聊天消息数据
12:16:05 INFO  - 聊天消息数据保存完成，共处理条 0 数据。耗时：0时0分0秒11毫秒
12:17:05 INFO  - 开始保存聊天消息数据
12:17:05 INFO  - 聊天消息数据保存完成，共处理条 0 数据。耗时：0时0分0秒9毫秒
12:18:05 INFO  - 开始保存聊天消息数据
12:18:05 INFO  - 聊天消息数据保存完成，共处理条 0 数据。耗时：0时0分0秒10毫秒
12:19:05 INFO  - 开始保存聊天消息数据
12:19:05 INFO  - 聊天消息数据保存完成，共处理条 0 数据。耗时：0时0分0秒9毫秒
12:20:05 INFO  - 开始保存聊天消息数据
12:20:05 INFO  - 聊天消息数据保存完成，共处理条 0 数据。耗时：0时0分0秒9毫秒
12:21:05 INFO  - 开始保存聊天消息数据
12:21:05 INFO  - 聊天消息数据保存完成，共处理条 0 数据。耗时：0时0分0秒9毫秒
12:22:05 INFO  - 开始保存聊天消息数据
12:22:05 INFO  - 聊天消息数据保存完成，共处理条 0 数据。耗时：0时0分0秒10毫秒
12:23:05 INFO  - 开始保存聊天消息数据
12:23:05 INFO  - 聊天消息数据保存完成，共处理条 0 数据。耗时：0时0分0秒10毫秒
12:24:05 INFO  - 开始保存聊天消息数据
12:24:05 INFO  - 聊天消息数据保存完成，共处理条 0 数据。耗时：0时0分0秒10毫秒
12:25:05 INFO  - 开始保存聊天消息数据
12:25:05 INFO  - 聊天消息数据保存完成，共处理条 0 数据。耗时：0时0分0秒9毫秒
12:26:05 INFO  - 开始保存聊天消息数据
12:26:05 INFO  - 聊天消息数据保存完成，共处理条 0 数据。耗时：0时0分0秒9毫秒
12:27:05 INFO  - 开始保存聊天消息数据
12:27:05 INFO  - 聊天消息数据保存完成，共处理条 0 数据。耗时：0时0分0秒9毫秒
12:28:05 INFO  - 开始保存聊天消息数据
12:28:05 INFO  - 聊天消息数据保存完成，共处理条 0 数据。耗时：0时0分0秒9毫秒
12:29:05 INFO  - 开始保存聊天消息数据
12:29:05 INFO  - 聊天消息数据保存完成，共处理条 0 数据。耗时：0时0分0秒9毫秒
12:30:05 INFO  - 开始保存聊天消息数据
12:30:05 INFO  - 聊天消息数据保存完成，共处理条 0 数据。耗时：0时0分0秒9毫秒
12:31:05 INFO  - 开始保存聊天消息数据
12:31:05 INFO  - 聊天消息数据保存完成，共处理条 0 数据。耗时：0时0分0秒9毫秒
12:32:05 INFO  - 开始保存聊天消息数据
12:32:05 INFO  - 聊天消息数据保存完成，共处理条 0 数据。耗时：0时0分0秒10毫秒
12:33:05 INFO  - 开始保存聊天消息数据
12:33:05 INFO  - 聊天消息数据保存完成，共处理条 0 数据。耗时：0时0分0秒8毫秒
12:34:05 INFO  - 开始保存聊天消息数据
12:34:05 INFO  - 聊天消息数据保存完成，共处理条 0 数据。耗时：0时0分0秒12毫秒
12:35:05 INFO  - 开始保存聊天消息数据
12:35:05 INFO  - 聊天消息数据保存完成，共处理条 0 数据。耗时：0时0分0秒9毫秒
12:36:05 INFO  - 开始保存聊天消息数据
12:36:05 INFO  - 聊天消息数据保存完成，共处理条 0 数据。耗时：0时0分0秒9毫秒
12:37:05 INFO  - 开始保存聊天消息数据
12:37:05 INFO  - 聊天消息数据保存完成，共处理条 0 数据。耗时：0时0分0秒9毫秒
12:38:05 INFO  - 开始保存聊天消息数据
12:38:05 INFO  - 聊天消息数据保存完成，共处理条 0 数据。耗时：0时0分0秒10毫秒
12:39:05 INFO  - 开始保存聊天消息数据
12:39:05 INFO  - 聊天消息数据保存完成，共处理条 0 数据。耗时：0时0分0秒10毫秒
12:40:05 INFO  - 开始保存聊天消息数据
12:40:05 INFO  - 聊天消息数据保存完成，共处理条 0 数据。耗时：0时0分0秒10毫秒
12:41:05 INFO  - 开始保存聊天消息数据
12:41:05 INFO  - 聊天消息数据保存完成，共处理条 0 数据。耗时：0时0分0秒10毫秒
12:42:05 INFO  - 开始保存聊天消息数据
12:42:05 INFO  - 聊天消息数据保存完成，共处理条 0 数据。耗时：0时0分0秒9毫秒
12:43:05 INFO  - 开始保存聊天消息数据
12:43:05 INFO  - 聊天消息数据保存完成，共处理条 0 数据。耗时：0时0分0秒8毫秒
12:44:05 INFO  - 开始保存聊天消息数据
12:44:05 INFO  - 聊天消息数据保存完成，共处理条 0 数据。耗时：0时0分0秒9毫秒
12:45:05 INFO  - 开始保存聊天消息数据
12:45:05 INFO  - 聊天消息数据保存完成，共处理条 0 数据。耗时：0时0分0秒9毫秒
12:46:05 INFO  - 开始保存聊天消息数据
12:46:05 INFO  - 聊天消息数据保存完成，共处理条 0 数据。耗时：0时0分0秒10毫秒
12:47:05 INFO  - 开始保存聊天消息数据
12:47:05 INFO  - 聊天消息数据保存完成，共处理条 0 数据。耗时：0时0分0秒10毫秒
12:48:05 INFO  - 开始保存聊天消息数据
12:48:05 INFO  - 聊天消息数据保存完成，共处理条 0 数据。耗时：0时0分0秒10毫秒
12:49:05 INFO  - 开始保存聊天消息数据
12:49:05 INFO  - 聊天消息数据保存完成，共处理条 0 数据。耗时：0时0分0秒11毫秒
12:50:05 INFO  - 开始保存聊天消息数据
12:50:05 INFO  - 聊天消息数据保存完成，共处理条 0 数据。耗时：0时0分0秒9毫秒
12:51:05 INFO  - 开始保存聊天消息数据
12:51:05 INFO  - 聊天消息数据保存完成，共处理条 0 数据。耗时：0时0分0秒8毫秒
12:52:05 INFO  - 开始保存聊天消息数据
12:52:05 INFO  - 聊天消息数据保存完成，共处理条 0 数据。耗时：0时0分0秒10毫秒
12:53:05 INFO  - 开始保存聊天消息数据
12:53:05 INFO  - 聊天消息数据保存完成，共处理条 0 数据。耗时：0时0分0秒9毫秒
12:54:05 INFO  - 开始保存聊天消息数据
12:54:05 INFO  - 聊天消息数据保存完成，共处理条 0 数据。耗时：0时0分0秒11毫秒
12:55:05 INFO  - 开始保存聊天消息数据
12:55:05 INFO  - 聊天消息数据保存完成，共处理条 0 数据。耗时：0时0分0秒16毫秒
12:56:05 INFO  - 开始保存聊天消息数据
12:56:05 INFO  - 聊天消息数据保存完成，共处理条 0 数据。耗时：0时0分0秒9毫秒
12:57:05 INFO  - 开始保存聊天消息数据
12:57:05 INFO  - 聊天消息数据保存完成，共处理条 0 数据。耗时：0时0分0秒9毫秒
12:58:05 INFO  - 开始保存聊天消息数据
12:58:05 INFO  - 聊天消息数据保存完成，共处理条 0 数据。耗时：0时0分0秒8毫秒
12:59:05 INFO  - 开始保存聊天消息数据
12:59:05 INFO  - 聊天消息数据保存完成，共处理条 0 数据。耗时：0时0分0秒10毫秒
13:00:05 INFO  - 开始保存聊天消息数据
13:00:05 INFO  - 聊天消息数据保存完成，共处理条 0 数据。耗时：0时0分0秒10毫秒
13:01:05 INFO  - 开始保存聊天消息数据
13:01:05 INFO  - 聊天消息数据保存完成，共处理条 0 数据。耗时：0时0分0秒9毫秒
13:02:05 INFO  - 开始保存聊天消息数据
13:02:05 INFO  - 聊天消息数据保存完成，共处理条 0 数据。耗时：0时0分0秒12毫秒
13:03:05 INFO  - 开始保存聊天消息数据
13:03:05 INFO  - 聊天消息数据保存完成，共处理条 0 数据。耗时：0时0分0秒9毫秒
13:04:05 INFO  - 开始保存聊天消息数据
13:04:05 INFO  - 聊天消息数据保存完成，共处理条 0 数据。耗时：0时0分0秒10毫秒
13:05:05 INFO  - 开始保存聊天消息数据
13:05:05 INFO  - 聊天消息数据保存完成，共处理条 0 数据。耗时：0时0分0秒9毫秒
13:06:05 INFO  - 开始保存聊天消息数据
13:06:05 INFO  - 聊天消息数据保存完成，共处理条 0 数据。耗时：0时0分0秒9毫秒
13:07:05 INFO  - 开始保存聊天消息数据
13:07:05 INFO  - 聊天消息数据保存完成，共处理条 0 数据。耗时：0时0分0秒10毫秒
13:08:05 INFO  - 开始保存聊天消息数据
13:08:05 INFO  - 聊天消息数据保存完成，共处理条 0 数据。耗时：0时0分0秒10毫秒
13:09:05 INFO  - 开始保存聊天消息数据
13:09:05 INFO  - 聊天消息数据保存完成，共处理条 0 数据。耗时：0时0分0秒10毫秒
13:10:05 INFO  - 开始保存聊天消息数据
13:10:05 INFO  - 聊天消息数据保存完成，共处理条 0 数据。耗时：0时0分0秒9毫秒
13:11:05 INFO  - 开始保存聊天消息数据
13:11:05 INFO  - 聊天消息数据保存完成，共处理条 0 数据。耗时：0时0分0秒10毫秒
13:12:05 INFO  - 开始保存聊天消息数据
13:12:05 INFO  - 聊天消息数据保存完成，共处理条 0 数据。耗时：0时0分0秒9毫秒
13:13:05 INFO  - 开始保存聊天消息数据
13:13:05 INFO  - 聊天消息数据保存完成，共处理条 0 数据。耗时：0时0分0秒10毫秒
13:14:05 INFO  - 开始保存聊天消息数据
13:14:05 INFO  - 聊天消息数据保存完成，共处理条 0 数据。耗时：0时0分0秒10毫秒
13:15:05 INFO  - 开始保存聊天消息数据
13:15:05 INFO  - 聊天消息数据保存完成，共处理条 0 数据。耗时：0时0分0秒9毫秒
13:16:05 INFO  - 开始保存聊天消息数据
13:16:05 INFO  - 聊天消息数据保存完成，共处理条 0 数据。耗时：0时0分0秒9毫秒
13:17:05 INFO  - 开始保存聊天消息数据
13:17:05 INFO  - 聊天消息数据保存完成，共处理条 0 数据。耗时：0时0分0秒10毫秒
13:18:05 INFO  - 开始保存聊天消息数据
13:18:05 INFO  - 聊天消息数据保存完成，共处理条 0 数据。耗时：0时0分0秒11毫秒
13:19:05 INFO  - 开始保存聊天消息数据
13:19:05 INFO  - 聊天消息数据保存完成，共处理条 0 数据。耗时：0时0分0秒9毫秒
13:20:05 INFO  - 开始保存聊天消息数据
13:20:05 INFO  - 聊天消息数据保存完成，共处理条 0 数据。耗时：0时0分0秒10毫秒
13:21:05 INFO  - 开始保存聊天消息数据
13:21:05 INFO  - 聊天消息数据保存完成，共处理条 0 数据。耗时：0时0分0秒12毫秒
13:22:05 INFO  - 开始保存聊天消息数据
13:22:05 INFO  - 聊天消息数据保存完成，共处理条 0 数据。耗时：0时0分0秒9毫秒
13:23:05 INFO  - 开始保存聊天消息数据
13:23:05 INFO  - 聊天消息数据保存完成，共处理条 0 数据。耗时：0时0分0秒10毫秒
13:24:05 INFO  - 开始保存聊天消息数据
13:24:05 INFO  - 聊天消息数据保存完成，共处理条 0 数据。耗时：0时0分0秒10毫秒
13:25:05 INFO  - 开始保存聊天消息数据
13:25:05 INFO  - 聊天消息数据保存完成，共处理条 0 数据。耗时：0时0分0秒9毫秒
13:26:05 INFO  - 开始保存聊天消息数据
13:26:05 INFO  - 聊天消息数据保存完成，共处理条 0 数据。耗时：0时0分0秒10毫秒
13:27:05 INFO  - 开始保存聊天消息数据
13:27:05 INFO  - 聊天消息数据保存完成，共处理条 0 数据。耗时：0时0分0秒9毫秒
13:28:05 INFO  - 开始保存聊天消息数据
13:28:05 INFO  - 聊天消息数据保存完成，共处理条 0 数据。耗时：0时0分0秒11毫秒
13:29:05 INFO  - 开始保存聊天消息数据
13:29:05 INFO  - 聊天消息数据保存完成，共处理条 0 数据。耗时：0时0分0秒16毫秒
13:30:05 INFO  - 开始保存聊天消息数据
13:30:05 INFO  - 聊天消息数据保存完成，共处理条 0 数据。耗时：0时0分0秒9毫秒
13:31:05 INFO  - 开始保存聊天消息数据
13:31:05 INFO  - 聊天消息数据保存完成，共处理条 0 数据。耗时：0时0分0秒9毫秒
13:32:05 INFO  - 开始保存聊天消息数据
13:32:05 INFO  - 聊天消息数据保存完成，共处理条 0 数据。耗时：0时0分0秒10毫秒
13:33:05 INFO  - 开始保存聊天消息数据
13:33:05 INFO  - 聊天消息数据保存完成，共处理条 0 数据。耗时：0时0分0秒10毫秒
13:34:05 INFO  - 开始保存聊天消息数据
13:34:05 INFO  - 聊天消息数据保存完成，共处理条 0 数据。耗时：0时0分0秒22毫秒
13:35:05 INFO  - 开始保存聊天消息数据
13:35:05 INFO  - 聊天消息数据保存完成，共处理条 0 数据。耗时：0时0分0秒10毫秒
13:36:05 INFO  - 开始保存聊天消息数据
13:36:05 INFO  - 聊天消息数据保存完成，共处理条 0 数据。耗时：0时0分0秒7毫秒
13:37:05 INFO  - 开始保存聊天消息数据
13:37:05 INFO  - 聊天消息数据保存完成，共处理条 0 数据。耗时：0时0分0秒9毫秒
13:38:05 INFO  - 开始保存聊天消息数据
13:38:05 INFO  - 聊天消息数据保存完成，共处理条 0 数据。耗时：0时0分0秒9毫秒
13:39:05 INFO  - 开始保存聊天消息数据
13:39:05 INFO  - 聊天消息数据保存完成，共处理条 0 数据。耗时：0时0分0秒9毫秒
13:40:05 INFO  - 开始保存聊天消息数据
13:40:05 INFO  - 聊天消息数据保存完成，共处理条 22 数据。耗时：0时0分0秒319毫秒
13:41:05 INFO  - 开始保存聊天消息数据
13:41:05 INFO  - 聊天消息数据保存完成，共处理条 0 数据。耗时：0时0分0秒9毫秒
13:42:05 INFO  - 开始保存聊天消息数据
13:42:05 INFO  - 聊天消息数据保存完成，共处理条 0 数据。耗时：0时0分0秒9毫秒
13:43:05 INFO  - 开始保存聊天消息数据
13:43:05 INFO  - 聊天消息数据保存完成，共处理条 0 数据。耗时：0时0分0秒8毫秒
13:44:05 INFO  - 开始保存聊天消息数据
13:44:05 INFO  - 聊天消息数据保存完成，共处理条 0 数据。耗时：0时0分0秒10毫秒
13:45:05 INFO  - 开始保存聊天消息数据
13:45:05 INFO  - 聊天消息数据保存完成，共处理条 0 数据。耗时：0时0分0秒10毫秒
13:46:05 INFO  - 开始保存聊天消息数据
13:46:05 INFO  - 聊天消息数据保存完成，共处理条 0 数据。耗时：0时0分0秒5毫秒
13:47:05 INFO  - 开始保存聊天消息数据
13:47:05 INFO  - 聊天消息数据保存完成，共处理条 0 数据。耗时：0时0分0秒9毫秒
13:48:05 INFO  - 开始保存聊天消息数据
13:48:05 INFO  - 聊天消息数据保存完成，共处理条 0 数据。耗时：0时0分0秒9毫秒
13:49:05 INFO  - 开始保存聊天消息数据
13:49:05 INFO  - 聊天消息数据保存完成，共处理条 0 数据。耗时：0时0分0秒9毫秒
13:50:05 INFO  - 开始保存聊天消息数据
13:50:05 INFO  - 聊天消息数据保存完成，共处理条 0 数据。耗时：0时0分0秒10毫秒
13:51:05 INFO  - 开始保存聊天消息数据
13:51:05 INFO  - 聊天消息数据保存完成，共处理条 0 数据。耗时：0时0分0秒9毫秒
13:52:05 INFO  - 开始保存聊天消息数据
13:52:05 INFO  - 聊天消息数据保存完成，共处理条 0 数据。耗时：0时0分0秒9毫秒
13:53:05 INFO  - 开始保存聊天消息数据
13:53:05 INFO  - 聊天消息数据保存完成，共处理条 0 数据。耗时：0时0分0秒16毫秒
13:54:05 INFO  - 开始保存聊天消息数据
13:54:05 INFO  - 聊天消息数据保存完成，共处理条 0 数据。耗时：0时0分0秒10毫秒
13:55:05 INFO  - 开始保存聊天消息数据
13:55:05 INFO  - 聊天消息数据保存完成，共处理条 0 数据。耗时：0时0分0秒10毫秒
13:56:05 INFO  - 开始保存聊天消息数据
13:56:05 INFO  - 聊天消息数据保存完成，共处理条 0 数据。耗时：0时0分0秒9毫秒
13:57:05 INFO  - 开始保存聊天消息数据
13:57:05 INFO  - 聊天消息数据保存完成，共处理条 0 数据。耗时：0时0分0秒10毫秒
13:58:05 INFO  - 开始保存聊天消息数据
13:58:05 INFO  - 聊天消息数据保存完成，共处理条 0 数据。耗时：0时0分0秒9毫秒
13:59:05 INFO  - 开始保存聊天消息数据
13:59:05 INFO  - 聊天消息数据保存完成，共处理条 0 数据。耗时：0时0分0秒9毫秒
14:00:05 INFO  - 开始保存聊天消息数据
14:00:05 INFO  - 聊天消息数据保存完成，共处理条 0 数据。耗时：0时0分0秒8毫秒
14:01:05 INFO  - 开始保存聊天消息数据
14:01:05 INFO  - 聊天消息数据保存完成，共处理条 0 数据。耗时：0时0分0秒9毫秒
14:02:05 INFO  - 开始保存聊天消息数据
14:02:05 INFO  - 聊天消息数据保存完成，共处理条 0 数据。耗时：0时0分0秒9毫秒
14:03:05 INFO  - 开始保存聊天消息数据
14:03:05 INFO  - 聊天消息数据保存完成，共处理条 0 数据。耗时：0时0分0秒10毫秒
14:04:05 INFO  - 开始保存聊天消息数据
14:04:05 INFO  - 聊天消息数据保存完成，共处理条 0 数据。耗时：0时0分0秒10毫秒
14:05:05 INFO  - 开始保存聊天消息数据
14:05:05 INFO  - 聊天消息数据保存完成，共处理条 0 数据。耗时：0时0分0秒11毫秒
14:06:05 INFO  - 开始保存聊天消息数据
14:06:05 INFO  - 聊天消息数据保存完成，共处理条 0 数据。耗时：0时0分0秒10毫秒
14:07:05 INFO  - 开始保存聊天消息数据
14:07:05 INFO  - 聊天消息数据保存完成，共处理条 0 数据。耗时：0时0分0秒10毫秒
14:08:05 INFO  - 开始保存聊天消息数据
14:08:05 INFO  - 聊天消息数据保存完成，共处理条 0 数据。耗时：0时0分0秒9毫秒
14:09:05 INFO  - 开始保存聊天消息数据
14:09:05 INFO  - 聊天消息数据保存完成，共处理条 1 数据。耗时：0时0分0秒132毫秒
14:10:05 INFO  - 开始保存聊天消息数据
14:10:05 INFO  - 聊天消息数据保存完成，共处理条 0 数据。耗时：0时0分0秒12毫秒
14:11:05 INFO  - 开始保存聊天消息数据
14:11:05 INFO  - 聊天消息数据保存完成，共处理条 1 数据。耗时：0时0分0秒70毫秒
14:12:05 INFO  - 开始保存聊天消息数据
14:12:05 INFO  - 聊天消息数据保存完成，共处理条 0 数据。耗时：0时0分0秒9毫秒
14:13:05 INFO  - 开始保存聊天消息数据
14:13:05 INFO  - 聊天消息数据保存完成，共处理条 0 数据。耗时：0时0分0秒9毫秒
14:14:05 INFO  - 开始保存聊天消息数据
14:14:05 INFO  - 聊天消息数据保存完成，共处理条 0 数据。耗时：0时0分0秒10毫秒
14:15:05 INFO  - 开始保存聊天消息数据
14:15:05 INFO  - 聊天消息数据保存完成，共处理条 0 数据。耗时：0时0分0秒9毫秒
14:16:05 INFO  - 开始保存聊天消息数据
14:16:05 INFO  - 聊天消息数据保存完成，共处理条 0 数据。耗时：0时0分0秒8毫秒
14:17:05 INFO  - 开始保存聊天消息数据
14:17:05 INFO  - 聊天消息数据保存完成，共处理条 0 数据。耗时：0时0分0秒9毫秒
14:18:05 INFO  - 开始保存聊天消息数据
14:18:05 INFO  - 聊天消息数据保存完成，共处理条 0 数据。耗时：0时0分0秒10毫秒
14:19:05 INFO  - 开始保存聊天消息数据
14:19:05 INFO  - 聊天消息数据保存完成，共处理条 0 数据。耗时：0时0分0秒9毫秒
14:20:05 INFO  - 开始保存聊天消息数据
14:20:05 INFO  - 聊天消息数据保存完成，共处理条 0 数据。耗时：0时0分0秒9毫秒
14:21:05 INFO  - 开始保存聊天消息数据
14:21:05 INFO  - 聊天消息数据保存完成，共处理条 0 数据。耗时：0时0分0秒13毫秒
14:22:05 INFO  - 开始保存聊天消息数据
14:22:05 INFO  - 聊天消息数据保存完成，共处理条 0 数据。耗时：0时0分0秒9毫秒
14:23:05 INFO  - 开始保存聊天消息数据
14:23:05 INFO  - 聊天消息数据保存完成，共处理条 0 数据。耗时：0时0分0秒8毫秒
14:24:05 INFO  - 开始保存聊天消息数据
14:24:05 INFO  - 聊天消息数据保存完成，共处理条 0 数据。耗时：0时0分0秒10毫秒
14:25:05 INFO  - 开始保存聊天消息数据
14:25:05 INFO  - 聊天消息数据保存完成，共处理条 0 数据。耗时：0时0分0秒10毫秒
14:26:05 INFO  - 开始保存聊天消息数据
14:26:05 INFO  - 聊天消息数据保存完成，共处理条 0 数据。耗时：0时0分0秒10毫秒
14:27:05 INFO  - 开始保存聊天消息数据
14:27:05 INFO  - 聊天消息数据保存完成，共处理条 0 数据。耗时：0时0分0秒9毫秒
14:28:05 INFO  - 开始保存聊天消息数据
14:28:05 INFO  - 聊天消息数据保存完成，共处理条 0 数据。耗时：0时0分0秒9毫秒
14:29:05 INFO  - 开始保存聊天消息数据
14:29:05 INFO  - 聊天消息数据保存完成，共处理条 0 数据。耗时：0时0分0秒11毫秒
14:30:05 INFO  - 开始保存聊天消息数据
14:30:05 INFO  - 聊天消息数据保存完成，共处理条 0 数据。耗时：0时0分0秒9毫秒
14:31:05 INFO  - 开始保存聊天消息数据
14:31:05 INFO  - 聊天消息数据保存完成，共处理条 0 数据。耗时：0时0分0秒19毫秒
14:32:05 INFO  - 开始保存聊天消息数据
14:32:05 INFO  - 聊天消息数据保存完成，共处理条 0 数据。耗时：0时0分0秒9毫秒
14:33:05 INFO  - 开始保存聊天消息数据
14:33:05 INFO  - 聊天消息数据保存完成，共处理条 0 数据。耗时：0时0分0秒11毫秒
14:34:05 INFO  - 开始保存聊天消息数据
14:34:05 INFO  - 聊天消息数据保存完成，共处理条 0 数据。耗时：0时0分0秒9毫秒
14:35:05 INFO  - 开始保存聊天消息数据
14:35:05 INFO  - 聊天消息数据保存完成，共处理条 0 数据。耗时：0时0分0秒9毫秒
14:36:05 INFO  - 开始保存聊天消息数据
14:36:05 INFO  - 聊天消息数据保存完成，共处理条 0 数据。耗时：0时0分0秒10毫秒
14:37:05 INFO  - 开始保存聊天消息数据
14:37:05 INFO  - 聊天消息数据保存完成，共处理条 0 数据。耗时：0时0分0秒11毫秒
14:38:05 INFO  - 开始保存聊天消息数据
14:38:05 INFO  - 聊天消息数据保存完成，共处理条 0 数据。耗时：0时0分0秒10毫秒
14:39:05 INFO  - 开始保存聊天消息数据
14:39:05 INFO  - 聊天消息数据保存完成，共处理条 0 数据。耗时：0时0分0秒9毫秒
14:40:05 INFO  - 开始保存聊天消息数据
14:40:05 INFO  - 聊天消息数据保存完成，共处理条 0 数据。耗时：0时0分0秒10毫秒
14:41:05 INFO  - 开始保存聊天消息数据
14:41:05 INFO  - 聊天消息数据保存完成，共处理条 0 数据。耗时：0时0分0秒9毫秒
15:18:08 INFO  - 开始保存聊天消息数据
15:18:09 INFO  - 聊天消息数据保存完成，共处理条 0 数据。耗时：0时0分0秒775毫秒
15:18:48 INFO  - 开始保存聊天消息数据
15:18:48 INFO  - 聊天消息数据保存完成，共处理条 0 数据。耗时：0时0分0秒727毫秒
15:19:01 INFO  - Executed action GD.Host.Controllers.AccountController.LoginAdmin (PAPI) in 1163ms
15:19:03 INFO  - Executed action GD.API.Controllers.System.UserController.GetLoginUserInfoAsync (API) in 1002ms
15:19:04 INFO  - Executed action GD.API.Controllers.System.HomeController.GetOrderQtyAsync (API) in 145ms
15:19:04 INFO  - Executed action GD.API.Controllers.System.HomeController.GetUserQtyAsync (API) in 207ms
15:19:04 INFO  - Executed action GD.API.Controllers.System.HomeController.GetDoctorsQtyAsync (API) in 64ms
15:19:04 INFO  - Executed action GD.API.Controllers.System.HomeController.GetMerchantQtyAsync (API) in 365ms
15:19:12 INFO  - Executed action GD.API.Controllers.System.UserController.GetLoginUserInfoAsync (API) in 154ms
15:19:12 INFO  - Executed action GD.API.Controllers.System.HomeController.GetUserQtyAsync (API) in 73ms
15:19:12 INFO  - Executed action GD.API.Controllers.System.HomeController.GetDoctorsQtyAsync (API) in 68ms
15:19:12 INFO  - Executed action GD.API.Controllers.System.HomeController.GetOrderQtyAsync (API) in 57ms
15:19:12 INFO  - Executed action GD.API.Controllers.System.HomeController.GetMerchantQtyAsync (API) in 260ms
15:19:18 INFO  - Executed action GD.API.Controllers.Doctor.DoctorController.GetDoctorIntegralPageAsync (API) in 275ms
15:19:20 INFO  - Executed action GD.API.Controllers.Doctor.HospitalController.GetHospitalAllSelectAsync (API) in 48ms
15:19:20 INFO  - Executed action GD.API.Controllers.Doctor.DoctorController.GetDoctorPageAsync (API) in 95ms
15:19:22 INFO  - Executed action GD.API.Controllers.System.UserController.GetLoginUserInfoAsync (API) in 175ms
15:19:22 INFO  - Executed action GD.API.Controllers.Doctor.DoctorController.GetDoctorJobTitlesAsync (API) in 2280ms
15:19:22 INFO  - Executed action GD.API.Controllers.Faqs.FaqsController.SearchFaqsQuestionAsync (API) in 199ms
15:19:44 INFO  - Executed action GD.API.Controllers.System.UserController.GetLoginUserInfoAsync (API) in 167ms
15:19:44 INFO  - Executed action GD.API.Controllers.System.UserController.GetLoginUserInfoAsync (API) in 197ms
15:19:44 INFO  - Executed action GD.API.Controllers.Faqs.FaqsController.SearchFaqsQuestionAsync (API) in 161ms
15:19:45 INFO  - Executed action GD.API.Controllers.Doctor.HospitalController.GetHospitalAllSelectAsync (API) in 22ms
15:19:45 INFO  - Executed action GD.API.Controllers.Doctor.DoctorController.GetDoctorJobTitlesAsync (API) in 76ms
15:19:45 INFO  - Executed action GD.API.Controllers.Doctor.DoctorController.GetDoctorPageAsync (API) in 97ms
15:19:47 INFO  - 开始保存聊天消息数据
15:19:47 INFO  - 聊天消息数据保存完成，共处理条 0 数据。耗时：0时0分0秒6毫秒
15:20:33 INFO  - Executed action GD.API.Controllers.System.UserController.GetLoginUserInfoAsync (API) in 200ms
15:20:33 INFO  - Executed action GD.API.Controllers.System.UserController.GetLoginUserInfoAsync (API) in 163ms
15:20:34 INFO  - Executed action GD.API.Controllers.Doctor.HospitalController.GetHospitalAllSelectAsync (API) in 37ms
15:20:34 INFO  - Executed action GD.API.Controllers.Doctor.DoctorController.GetDoctorJobTitlesAsync (API) in 47ms
15:20:34 INFO  - Executed action GD.API.Controllers.Doctor.DoctorController.GetDoctorPageAsync (API) in 77ms
15:20:34 INFO  - Executed action GD.API.Controllers.Faqs.FaqsController.SearchFaqsQuestionAsync (API) in 169ms
15:20:37 INFO  - Executed action GD.API.Controllers.Doctor.DoctorController.GetDoctorIntegralPageAsync (API) in 145ms
15:20:42 INFO  - Executed action GD.API.Controllers.System.UserController.GetLoginUserInfoAsync (API) in 187ms
15:20:43 INFO  - Executed action GD.API.Controllers.Doctor.HospitalController.GetHospitalAllSelectAsync (API) in 38ms
15:20:43 INFO  - Executed action GD.API.Controllers.Doctor.DoctorController.GetDoctorPageAsync (API) in 76ms
15:20:43 INFO  - Executed action GD.API.Controllers.Doctor.DoctorController.GetDoctorJobTitlesAsync (API) in 54ms
15:20:44 INFO  - Executed action GD.API.Controllers.System.UserController.GetLoginUserInfoAsync (API) in 213ms
15:20:47 INFO  - 开始保存聊天消息数据
15:20:47 INFO  - 聊天消息数据保存完成，共处理条 0 数据。耗时：0时0分0秒7毫秒
15:21:22 INFO  - Executed action GD.API.Controllers.System.UserController.GetLoginUserInfoAsync (API) in 171ms
15:21:47 INFO  - 开始保存聊天消息数据
15:21:47 INFO  - 聊天消息数据保存完成，共处理条 1 数据。耗时：0时0分0秒135毫秒
15:22:47 INFO  - 开始保存聊天消息数据
15:22:47 INFO  - 聊天消息数据保存完成，共处理条 0 数据。耗时：0时0分0秒10毫秒
15:23:47 INFO  - 开始保存聊天消息数据
15:23:47 INFO  - 聊天消息数据保存完成，共处理条 0 数据。耗时：0时0分0秒10毫秒
15:24:47 INFO  - 开始保存聊天消息数据
15:24:47 INFO  - 聊天消息数据保存完成，共处理条 0 数据。耗时：0时0分0秒11毫秒
15:25:47 INFO  - 开始保存聊天消息数据
15:25:47 INFO  - 聊天消息数据保存完成，共处理条 0 数据。耗时：0时0分0秒9毫秒
15:26:47 INFO  - 开始保存聊天消息数据
15:26:47 INFO  - 聊天消息数据保存完成，共处理条 0 数据。耗时：0时0分0秒9毫秒
15:27:47 INFO  - 开始保存聊天消息数据
15:27:47 INFO  - 聊天消息数据保存完成，共处理条 0 数据。耗时：0时0分0秒15毫秒
15:28:47 INFO  - 开始保存聊天消息数据
15:28:47 INFO  - 聊天消息数据保存完成，共处理条 0 数据。耗时：0时0分0秒9毫秒
15:29:47 INFO  - 开始保存聊天消息数据
15:29:47 INFO  - 聊天消息数据保存完成，共处理条 0 数据。耗时：0时0分0秒17毫秒
15:30:47 INFO  - 开始保存聊天消息数据
15:30:47 INFO  - 聊天消息数据保存完成，共处理条 0 数据。耗时：0时0分0秒10毫秒
15:31:47 INFO  - 开始保存聊天消息数据
15:31:47 INFO  - 聊天消息数据保存完成，共处理条 0 数据。耗时：0时0分0秒9毫秒
15:32:47 INFO  - 开始保存聊天消息数据
15:32:47 INFO  - 聊天消息数据保存完成，共处理条 0 数据。耗时：0时0分0秒21毫秒
15:33:47 INFO  - 开始保存聊天消息数据
15:33:47 INFO  - 聊天消息数据保存完成，共处理条 0 数据。耗时：0时0分0秒10毫秒
15:34:35 INFO  - Executed action GD.API.Controllers.System.UserController.GetLoginUserInfoAsync (API) in 267ms
15:34:47 INFO  - 开始保存聊天消息数据
15:34:47 INFO  - 聊天消息数据保存完成，共处理条 0 数据。耗时：0时0分0秒5毫秒
15:35:10 INFO  - Executed action GD.API.Controllers.System.UserController.GetLoginUserInfoAsync (API) in 197ms
15:35:18 INFO  - Executed action GD.API.Controllers.System.UserController.GetLoginUserInfoAsync (API) in 198ms
15:35:47 INFO  - 开始保存聊天消息数据
15:35:47 INFO  - 聊天消息数据保存完成，共处理条 0 数据。耗时：0时0分0秒9毫秒
15:36:47 INFO  - 开始保存聊天消息数据
15:36:47 INFO  - 聊天消息数据保存完成，共处理条 0 数据。耗时：0时0分0秒9毫秒
15:37:47 INFO  - 开始保存聊天消息数据
15:37:47 INFO  - 聊天消息数据保存完成，共处理条 0 数据。耗时：0时0分0秒9毫秒
15:38:47 INFO  - 开始保存聊天消息数据
15:38:47 INFO  - 聊天消息数据保存完成，共处理条 0 数据。耗时：0时0分0秒10毫秒
15:39:43 INFO  - Executed action GD.API.Controllers.System.UserController.GetLoginUserInfoAsync (API) in 203ms
15:39:47 INFO  - 开始保存聊天消息数据
15:39:47 INFO  - 聊天消息数据保存完成，共处理条 0 数据。耗时：0时0分0秒6毫秒
15:40:10 INFO  - Executed action GD.API.Controllers.System.UserController.GetLoginUserInfoAsync (API) in 202ms
15:40:47 INFO  - 开始保存聊天消息数据
15:40:47 INFO  - 聊天消息数据保存完成，共处理条 0 数据。耗时：0时0分0秒52毫秒
15:41:00 INFO  - Executed action GD.API.Controllers.System.UserController.GetLoginUserInfoAsync (API) in 185ms
15:41:00 INFO  - Executed action GD.API.Controllers.System.HomeController.GetUserQtyAsync (API) in 31ms
15:41:00 INFO  - Executed action GD.API.Controllers.System.HomeController.GetMerchantQtyAsync (API) in 35ms
15:41:00 INFO  - Executed action GD.API.Controllers.System.HomeController.GetDoctorsQtyAsync (API) in 78ms
15:41:00 INFO  - Executed action GD.API.Controllers.System.HomeController.GetOrderQtyAsync (API) in 87ms
15:41:13 INFO  - Executed action GD.API.Controllers.Doctor.HospitalController.GetHospitalAllSelectAsync (API) in 27ms
15:41:13 INFO  - Executed action GD.API.Controllers.Doctor.DoctorController.GetDoctorJobTitlesAsync (API) in 52ms
15:41:13 INFO  - Executed action GD.API.Controllers.Doctor.DoctorController.GetDoctorPageAsync (API) in 97ms
15:41:15 INFO  - Executed action GD.API.Controllers.System.UserController.GetLoginUserInfoAsync (API) in 166ms
15:41:47 INFO  - 开始保存聊天消息数据
15:41:47 INFO  - 聊天消息数据保存完成，共处理条 0 数据。耗时：0时0分0秒12毫秒
15:42:00 INFO  - Executed action GD.API.Controllers.System.UserController.GetLoginUserInfoAsync (API) in 179ms
15:42:13 INFO  - Executed action GD.API.Controllers.System.UserController.GetLoginUserInfoAsync (API) in 183ms
15:42:13 INFO  - Executed action GD.API.Controllers.System.HomeController.GetUserQtyAsync (API) in 28ms
15:42:13 INFO  - Executed action GD.API.Controllers.System.HomeController.GetOrderQtyAsync (API) in 30ms
15:42:13 INFO  - Executed action GD.API.Controllers.System.HomeController.GetMerchantQtyAsync (API) in 24ms
15:42:13 INFO  - Executed action GD.API.Controllers.System.HomeController.GetDoctorsQtyAsync (API) in 22ms
15:42:17 INFO  - Executed action GD.API.Controllers.System.UserController.GetLoginUserInfoAsync (API) in 170ms
15:42:47 INFO  - 开始保存聊天消息数据
15:42:47 INFO  - 聊天消息数据保存完成，共处理条 0 数据。耗时：0时0分0秒10毫秒
15:43:20 INFO  - Executed action GD.API.Controllers.System.UserController.GetLoginUserInfoAsync (API) in 158ms
15:43:47 INFO  - 开始保存聊天消息数据
15:43:47 INFO  - 聊天消息数据保存完成，共处理条 0 数据。耗时：0时0分0秒8毫秒
15:44:47 INFO  - 开始保存聊天消息数据
15:44:47 INFO  - 聊天消息数据保存完成，共处理条 0 数据。耗时：0时0分0秒16毫秒
15:45:36 INFO  - Executed action GD.Host.Controllers.AccountController.LoginAdmin (PAPI) in 24ms
15:45:37 INFO  - Executed action GD.API.Controllers.System.UserController.GetLoginUserInfoAsync (API) in 180ms
15:45:47 INFO  - 开始保存聊天消息数据
15:45:47 INFO  - 聊天消息数据保存完成，共处理条 0 数据。耗时：0时0分0秒5毫秒
15:46:47 INFO  - 开始保存聊天消息数据
15:46:47 INFO  - 聊天消息数据保存完成，共处理条 0 数据。耗时：0时0分0秒9毫秒
15:47:47 INFO  - 开始保存聊天消息数据
15:47:47 INFO  - 聊天消息数据保存完成，共处理条 0 数据。耗时：0时0分0秒8毫秒
15:48:47 INFO  - 开始保存聊天消息数据
15:48:47 INFO  - 聊天消息数据保存完成，共处理条 0 数据。耗时：0时0分0秒10毫秒
15:49:47 INFO  - 开始保存聊天消息数据
15:49:47 INFO  - 聊天消息数据保存完成，共处理条 0 数据。耗时：0时0分0秒10毫秒
15:50:47 INFO  - 开始保存聊天消息数据
15:50:47 INFO  - 聊天消息数据保存完成，共处理条 0 数据。耗时：0时0分0秒11毫秒
15:51:47 INFO  - 开始保存聊天消息数据
15:51:47 INFO  - 聊天消息数据保存完成，共处理条 0 数据。耗时：0时0分0秒15毫秒
15:52:47 INFO  - 开始保存聊天消息数据
15:52:47 INFO  - 聊天消息数据保存完成，共处理条 0 数据。耗时：0时0分0秒17毫秒
15:53:47 INFO  - 开始保存聊天消息数据
15:53:47 INFO  - 聊天消息数据保存完成，共处理条 0 数据。耗时：0时0分0秒11毫秒
15:54:47 INFO  - 开始保存聊天消息数据
15:54:47 INFO  - 聊天消息数据保存完成，共处理条 0 数据。耗时：0时0分0秒9毫秒
15:55:29 INFO  - Executed action GD.API.Controllers.System.UserController.GetLoginUserInfoAsync (API) in 271ms
15:55:47 INFO  - 开始保存聊天消息数据
15:55:47 INFO  - 聊天消息数据保存完成，共处理条 0 数据。耗时：0时0分0秒8毫秒
15:56:47 INFO  - 开始保存聊天消息数据
15:56:47 INFO  - 聊天消息数据保存完成，共处理条 0 数据。耗时：0时0分0秒8毫秒
15:57:47 INFO  - 开始保存聊天消息数据
15:57:47 INFO  - 聊天消息数据保存完成，共处理条 0 数据。耗时：0时0分0秒10毫秒
15:58:31 INFO  - Executed action GD.API.Controllers.System.UserController.GetLoginUserInfoAsync (API) in 211ms
15:58:47 INFO  - 开始保存聊天消息数据
15:58:47 INFO  - 聊天消息数据保存完成，共处理条 0 数据。耗时：0时0分0秒17毫秒
15:59:47 INFO  - 开始保存聊天消息数据
15:59:47 INFO  - 聊天消息数据保存完成，共处理条 0 数据。耗时：0时0分0秒10毫秒
16:00:47 INFO  - 开始保存聊天消息数据
16:00:47 INFO  - 聊天消息数据保存完成，共处理条 0 数据。耗时：0时0分0秒9毫秒
16:01:47 INFO  - 开始保存聊天消息数据
16:01:47 INFO  - 聊天消息数据保存完成，共处理条 0 数据。耗时：0时0分0秒42毫秒
16:01:50 INFO  - Executed action GD.API.Controllers.System.UserController.GetLoginUserInfoAsync (API) in 201ms
16:02:20 INFO  - Executed action GD.API.Controllers.System.UserController.GetLoginUserInfoAsync (API) in 196ms
16:02:47 INFO  - 开始保存聊天消息数据
16:02:47 INFO  - 聊天消息数据保存完成，共处理条 0 数据。耗时：0时0分0秒6毫秒
16:03:32 INFO  - Executed action GD.API.Controllers.System.UserController.GetLoginUserInfoAsync (API) in 228ms
16:03:47 INFO  - 开始保存聊天消息数据
16:03:47 INFO  - 聊天消息数据保存完成，共处理条 0 数据。耗时：0时0分0秒9毫秒
16:04:14 INFO  - Executed action GD.API.Controllers.System.UserController.GetLoginUserInfoAsync (API) in 195ms
16:04:47 INFO  - 开始保存聊天消息数据
16:04:47 INFO  - 聊天消息数据保存完成，共处理条 0 数据。耗时：0时0分0秒8毫秒
16:05:25 INFO  - Executed action GD.API.Controllers.System.UserController.GetLoginUserInfoAsync (API) in 1798ms
16:05:41 INFO  - Executed action GD.API.Controllers.System.UserController.GetLoginUserInfoAsync (API) in 200ms
16:05:47 INFO  - 开始保存聊天消息数据
16:05:47 INFO  - 聊天消息数据保存完成，共处理条 0 数据。耗时：0时0分0秒9毫秒
16:06:28 INFO  - Executed action GD.API.Controllers.System.UserController.GetLoginUserInfoAsync (API) in 195ms
16:06:47 INFO  - 开始保存聊天消息数据
16:06:47 INFO  - 聊天消息数据保存完成，共处理条 0 数据。耗时：0时0分0秒9毫秒
16:07:35 INFO  - Executed action GD.API.Controllers.System.UserController.GetLoginUserInfoAsync (API) in 199ms
16:07:47 INFO  - 开始保存聊天消息数据
16:07:47 INFO  - 聊天消息数据保存完成，共处理条 0 数据。耗时：0时0分0秒9毫秒
16:08:47 INFO  - 开始保存聊天消息数据
16:08:47 INFO  - 聊天消息数据保存完成，共处理条 0 数据。耗时：0时0分0秒10毫秒
16:09:47 INFO  - 开始保存聊天消息数据
16:09:47 INFO  - 聊天消息数据保存完成，共处理条 0 数据。耗时：0时0分0秒9毫秒
16:10:47 INFO  - 开始保存聊天消息数据
16:10:47 INFO  - 聊天消息数据保存完成，共处理条 0 数据。耗时：0时0分0秒13毫秒
16:11:47 INFO  - 开始保存聊天消息数据
16:11:47 INFO  - 聊天消息数据保存完成，共处理条 0 数据。耗时：0时0分0秒11毫秒
16:12:20 INFO  - Executed action GD.API.Controllers.System.UserController.GetLoginUserInfoAsync (API) in 203ms
16:12:47 INFO  - 开始保存聊天消息数据
16:12:47 INFO  - 聊天消息数据保存完成，共处理条 0 数据。耗时：0时0分0秒9毫秒
16:13:47 INFO  - 开始保存聊天消息数据
16:13:47 INFO  - 聊天消息数据保存完成，共处理条 0 数据。耗时：0时0分0秒6毫秒
16:14:47 INFO  - 开始保存聊天消息数据
16:14:47 INFO  - 聊天消息数据保存完成，共处理条 0 数据。耗时：0时0分0秒9毫秒
16:15:47 INFO  - 开始保存聊天消息数据
16:15:47 INFO  - 聊天消息数据保存完成，共处理条 0 数据。耗时：0时0分0秒10毫秒
16:16:47 INFO  - 开始保存聊天消息数据
16:16:47 INFO  - 聊天消息数据保存完成，共处理条 0 数据。耗时：0时0分0秒8毫秒
16:17:34 INFO  - Executed action GD.API.Controllers.System.UserController.GetLoginUserInfoAsync (API) in 221ms
16:17:47 INFO  - 开始保存聊天消息数据
16:17:47 INFO  - 聊天消息数据保存完成，共处理条 0 数据。耗时：0时0分0秒6毫秒
16:18:09 INFO  - Executed action GD.API.Controllers.System.UserController.GetLoginUserInfoAsync (API) in 158ms
16:18:27 INFO  - Executed action GD.API.Controllers.System.UserController.GetLoginUserInfoAsync (API) in 144ms
16:18:41 INFO  - Executed action GD.API.Controllers.System.UserController.GetLoginUserInfoAsync (API) in 202ms
16:18:47 INFO  - 开始保存聊天消息数据
16:18:47 INFO  - 聊天消息数据保存完成，共处理条 0 数据。耗时：0时0分0秒10毫秒
16:19:27 INFO  - Executed action GD.API.Controllers.System.UserController.GetLoginUserInfoAsync (API) in 151ms
16:19:43 INFO  - Executed action GD.API.Controllers.System.UserController.GetLoginUserInfoAsync (API) in 148ms
16:19:47 INFO  - 开始保存聊天消息数据
16:19:47 INFO  - 聊天消息数据保存完成，共处理条 0 数据。耗时：0时0分0秒6毫秒
16:20:19 INFO  - Executed action GD.API.Controllers.System.UserController.GetLoginUserInfoAsync (API) in 158ms
16:20:47 INFO  - 开始保存聊天消息数据
16:20:47 INFO  - 聊天消息数据保存完成，共处理条 0 数据。耗时：0时0分0秒9毫秒
16:21:47 INFO  - 开始保存聊天消息数据
16:21:47 INFO  - 聊天消息数据保存完成，共处理条 0 数据。耗时：0时0分0秒9毫秒
16:22:47 INFO  - 开始保存聊天消息数据
16:22:47 INFO  - 聊天消息数据保存完成，共处理条 0 数据。耗时：0时0分0秒18毫秒
16:23:47 INFO  - 开始保存聊天消息数据
16:23:47 INFO  - 聊天消息数据保存完成，共处理条 0 数据。耗时：0时0分0秒13毫秒
16:24:47 INFO  - 开始保存聊天消息数据
16:24:47 INFO  - 聊天消息数据保存完成，共处理条 0 数据。耗时：0时0分0秒10毫秒
16:25:47 INFO  - 开始保存聊天消息数据
16:25:47 INFO  - 聊天消息数据保存完成，共处理条 0 数据。耗时：0时0分0秒10毫秒
16:26:39 INFO  - Executed action GD.API.Controllers.System.UserController.GetLoginUserInfoAsync (API) in 282ms
16:26:47 INFO  - 开始保存聊天消息数据
16:26:47 INFO  - 聊天消息数据保存完成，共处理条 0 数据。耗时：0时0分0秒5毫秒
16:27:47 INFO  - 开始保存聊天消息数据
16:27:47 INFO  - 聊天消息数据保存完成，共处理条 0 数据。耗时：0时0分0秒11毫秒
16:28:41 INFO  - Executed action GD.API.Controllers.System.UserController.GetLoginUserInfoAsync (API) in 210ms
16:28:47 INFO  - 开始保存聊天消息数据
16:28:47 INFO  - 聊天消息数据保存完成，共处理条 0 数据。耗时：0时0分0秒5毫秒
16:29:47 INFO  - 开始保存聊天消息数据
16:29:47 INFO  - 聊天消息数据保存完成，共处理条 0 数据。耗时：0时0分0秒10毫秒
16:30:47 INFO  - 开始保存聊天消息数据
16:30:47 INFO  - 聊天消息数据保存完成，共处理条 0 数据。耗时：0时0分0秒9毫秒
16:31:47 INFO  - 开始保存聊天消息数据
16:31:47 INFO  - 聊天消息数据保存完成，共处理条 0 数据。耗时：0时0分0秒23毫秒
16:32:47 INFO  - 开始保存聊天消息数据
16:32:47 INFO  - 聊天消息数据保存完成，共处理条 0 数据。耗时：0时0分0秒20毫秒
16:33:47 INFO  - 开始保存聊天消息数据
16:33:47 INFO  - 聊天消息数据保存完成，共处理条 0 数据。耗时：0时0分0秒11毫秒
16:34:45 INFO  - Executed action GD.API.Controllers.System.UserController.GetLoginUserInfoAsync (API) in 202ms
16:34:47 INFO  - 开始保存聊天消息数据
16:34:47 INFO  - 聊天消息数据保存完成，共处理条 0 数据。耗时：0时0分0秒5毫秒
16:35:47 INFO  - 开始保存聊天消息数据
16:35:47 INFO  - 聊天消息数据保存完成，共处理条 0 数据。耗时：0时0分0秒10毫秒
16:36:47 INFO  - 开始保存聊天消息数据
16:36:47 INFO  - 聊天消息数据保存完成，共处理条 0 数据。耗时：0时0分0秒10毫秒
16:37:47 INFO  - 开始保存聊天消息数据
16:37:47 INFO  - 聊天消息数据保存完成，共处理条 0 数据。耗时：0时0分0秒13毫秒
16:38:47 INFO  - 开始保存聊天消息数据
16:38:47 INFO  - 聊天消息数据保存完成，共处理条 0 数据。耗时：0时0分0秒9毫秒
16:39:47 INFO  - 开始保存聊天消息数据
16:39:47 INFO  - 聊天消息数据保存完成，共处理条 0 数据。耗时：0时0分0秒10毫秒
16:40:47 INFO  - 开始保存聊天消息数据
16:40:47 INFO  - 聊天消息数据保存完成，共处理条 0 数据。耗时：0时0分0秒10毫秒
16:41:47 INFO  - 开始保存聊天消息数据
16:41:47 INFO  - 聊天消息数据保存完成，共处理条 0 数据。耗时：0时0分0秒33毫秒
16:42:47 INFO  - 开始保存聊天消息数据
16:42:47 INFO  - 聊天消息数据保存完成，共处理条 0 数据。耗时：0时0分0秒10毫秒
16:43:47 INFO  - 开始保存聊天消息数据
16:43:47 INFO  - 聊天消息数据保存完成，共处理条 0 数据。耗时：0时0分0秒8毫秒
16:44:47 INFO  - 开始保存聊天消息数据
16:44:47 INFO  - 聊天消息数据保存完成，共处理条 0 数据。耗时：0时0分0秒10毫秒
16:45:47 INFO  - 开始保存聊天消息数据
16:45:47 INFO  - 聊天消息数据保存完成，共处理条 0 数据。耗时：0时0分0秒9毫秒
16:46:47 INFO  - 开始保存聊天消息数据
16:46:47 INFO  - 聊天消息数据保存完成，共处理条 0 数据。耗时：0时0分0秒9毫秒
16:47:47 INFO  - 开始保存聊天消息数据
16:47:47 INFO  - 聊天消息数据保存完成，共处理条 0 数据。耗时：0时0分0秒9毫秒
16:48:47 INFO  - 开始保存聊天消息数据
16:48:47 INFO  - 聊天消息数据保存完成，共处理条 0 数据。耗时：0时0分0秒9毫秒
16:49:47 INFO  - 开始保存聊天消息数据
16:49:47 INFO  - 聊天消息数据保存完成，共处理条 0 数据。耗时：0时0分0秒9毫秒
16:50:29 INFO  - Executed action GD.API.Controllers.System.UserController.GetLoginUserInfoAsync (API) in 278ms
16:50:29 INFO  - Executed action GD.API.Controllers.System.HomeController.GetDoctorsQtyAsync (API) in 43ms
16:50:29 INFO  - Executed action GD.API.Controllers.System.HomeController.GetMerchantQtyAsync (API) in 34ms
16:50:29 INFO  - Executed action GD.API.Controllers.System.HomeController.GetOrderQtyAsync (API) in 75ms
16:50:29 INFO  - Executed action GD.API.Controllers.System.HomeController.GetUserQtyAsync (API) in 101ms
16:50:29 INFO  - Executed action GD.API.Controllers.System.UserController.GetLoginUserInfoAsync (API) in 195ms
16:50:30 INFO  - Executed action GD.API.Controllers.System.UserController.GetLoginUserInfoAsync (API) in 163ms
16:50:31 INFO  - Executed action GD.API.Controllers.Doctor.HospitalController.GetHospitalAllSelectAsync (API) in 34ms
16:50:31 INFO  - Executed action GD.API.Controllers.Doctor.DoctorController.GetDoctorPageAsync (API) in 87ms
16:50:31 INFO  - Executed action GD.API.Controllers.Doctor.DoctorController.GetDoctorPageAsync (API) in 79ms
16:50:31 INFO  - Executed action GD.API.Controllers.Doctor.DoctorController.GetDoctorJobTitlesAsync (API) in 109ms
16:50:31 INFO  - Executed action GD.API.Controllers.Doctor.HospitalController.GetHospitalAllSelectAsync (API) in 41ms
16:50:31 INFO  - Executed action GD.API.Controllers.Doctor.DoctorController.GetDoctorJobTitlesAsync (API) in 51ms
16:50:33 INFO  - Executed action GD.API.Controllers.System.UserController.GetLoginUserInfoAsync (API) in 183ms
16:50:47 INFO  - 开始保存聊天消息数据
16:50:47 INFO  - 聊天消息数据保存完成，共处理条 0 数据。耗时：0时0分0秒5毫秒
16:51:47 INFO  - 开始保存聊天消息数据
16:51:47 INFO  - 聊天消息数据保存完成，共处理条 0 数据。耗时：0时0分0秒9毫秒
16:52:47 INFO  - 开始保存聊天消息数据
16:52:47 INFO  - 聊天消息数据保存完成，共处理条 0 数据。耗时：0时0分0秒13毫秒
16:53:47 INFO  - 开始保存聊天消息数据
16:53:47 INFO  - 聊天消息数据保存完成，共处理条 0 数据。耗时：0时0分0秒10毫秒
16:54:47 INFO  - 开始保存聊天消息数据
16:54:47 INFO  - 聊天消息数据保存完成，共处理条 0 数据。耗时：0时0分0秒9毫秒
16:55:47 INFO  - 开始保存聊天消息数据
16:55:47 INFO  - 聊天消息数据保存完成，共处理条 0 数据。耗时：0时0分0秒9毫秒
16:56:47 INFO  - 开始保存聊天消息数据
16:56:47 INFO  - 聊天消息数据保存完成，共处理条 0 数据。耗时：0时0分0秒9毫秒
16:57:47 INFO  - 开始保存聊天消息数据
16:57:47 INFO  - 聊天消息数据保存完成，共处理条 0 数据。耗时：0时0分0秒10毫秒
16:58:47 INFO  - 开始保存聊天消息数据
16:58:47 INFO  - 聊天消息数据保存完成，共处理条 0 数据。耗时：0时0分0秒10毫秒
16:59:47 INFO  - 开始保存聊天消息数据
16:59:47 INFO  - 聊天消息数据保存完成，共处理条 0 数据。耗时：0时0分0秒9毫秒
17:00:47 INFO  - 开始保存聊天消息数据
17:00:47 INFO  - 聊天消息数据保存完成，共处理条 0 数据。耗时：0时0分0秒9毫秒
17:01:47 INFO  - 开始保存聊天消息数据
17:01:47 INFO  - 聊天消息数据保存完成，共处理条 0 数据。耗时：0时0分0秒22毫秒
17:02:47 INFO  - 开始保存聊天消息数据
17:02:47 INFO  - 聊天消息数据保存完成，共处理条 0 数据。耗时：0时0分0秒10毫秒
17:03:47 INFO  - 开始保存聊天消息数据
17:03:47 INFO  - 聊天消息数据保存完成，共处理条 0 数据。耗时：0时0分0秒10毫秒
17:04:47 INFO  - 开始保存聊天消息数据
17:04:47 INFO  - 聊天消息数据保存完成，共处理条 0 数据。耗时：0时0分0秒116毫秒
17:05:47 INFO  - 开始保存聊天消息数据
17:05:47 INFO  - 聊天消息数据保存完成，共处理条 0 数据。耗时：0时0分0秒12毫秒
17:06:47 INFO  - 开始保存聊天消息数据
17:06:47 INFO  - 聊天消息数据保存完成，共处理条 0 数据。耗时：0时0分0秒8毫秒
17:07:47 INFO  - 开始保存聊天消息数据
17:07:47 INFO  - 聊天消息数据保存完成，共处理条 0 数据。耗时：0时0分0秒12毫秒
17:08:47 INFO  - 开始保存聊天消息数据
17:08:47 INFO  - 聊天消息数据保存完成，共处理条 0 数据。耗时：0时0分0秒8毫秒
17:09:47 INFO  - 开始保存聊天消息数据
17:09:47 INFO  - 聊天消息数据保存完成，共处理条 0 数据。耗时：0时0分0秒12毫秒
17:10:47 INFO  - 开始保存聊天消息数据
17:10:47 INFO  - 聊天消息数据保存完成，共处理条 0 数据。耗时：0时0分0秒11毫秒
17:11:47 INFO  - 开始保存聊天消息数据
17:11:47 INFO  - 聊天消息数据保存完成，共处理条 0 数据。耗时：0时0分0秒10毫秒
17:12:41 INFO  - Executed action GD.API.Controllers.System.UserController.GetLoginUserInfoAsync (API) in 244ms
17:12:47 INFO  - 开始保存聊天消息数据
17:12:47 INFO  - 聊天消息数据保存完成，共处理条 0 数据。耗时：0时0分0秒7毫秒
17:13:47 INFO  - 开始保存聊天消息数据
17:13:47 INFO  - 聊天消息数据保存完成，共处理条 0 数据。耗时：0时0分0秒10毫秒
17:14:47 INFO  - 开始保存聊天消息数据
17:14:47 INFO  - 聊天消息数据保存完成，共处理条 0 数据。耗时：0时0分0秒9毫秒
17:15:21 INFO  - Executed action GD.API.Controllers.System.UserController.GetLoginUserInfoAsync (API) in 173ms
17:15:47 INFO  - 开始保存聊天消息数据
17:15:47 INFO  - 聊天消息数据保存完成，共处理条 0 数据。耗时：0时0分0秒12毫秒
17:16:47 INFO  - 开始保存聊天消息数据
17:16:47 INFO  - 聊天消息数据保存完成，共处理条 0 数据。耗时：0时0分0秒9毫秒
17:17:47 INFO  - 开始保存聊天消息数据
17:17:47 INFO  - 聊天消息数据保存完成，共处理条 0 数据。耗时：0时0分0秒9毫秒
17:18:47 INFO  - 开始保存聊天消息数据
17:18:47 INFO  - 聊天消息数据保存完成，共处理条 0 数据。耗时：0时0分0秒11毫秒
17:19:37 INFO  - Executed action GD.API.Controllers.System.UserController.GetLoginUserInfoAsync (API) in 288ms
17:19:47 INFO  - 开始保存聊天消息数据
17:19:47 INFO  - 聊天消息数据保存完成，共处理条 0 数据。耗时：0时0分0秒16毫秒
17:20:06 INFO  - Executed action GD.API.Controllers.System.UserController.GetLoginUserInfoAsync (API) in 203ms
17:20:33 INFO  - Executed action GD.API.Controllers.System.UserController.GetLoginUserInfoAsync (API) in 221ms
17:20:47 INFO  - 开始保存聊天消息数据
17:20:47 INFO  - 聊天消息数据保存完成，共处理条 0 数据。耗时：0时0分0秒7毫秒
17:21:15 INFO  - Executed action GD.API.Controllers.System.UserController.GetLoginUserInfoAsync (API) in 220ms
17:21:32 INFO  - Executed action GD.API.Controllers.System.UserController.GetLoginUserInfoAsync (API) in 185ms
17:21:47 INFO  - 开始保存聊天消息数据
17:21:47 INFO  - 聊天消息数据保存完成，共处理条 0 数据。耗时：0时0分0秒8毫秒
17:22:47 INFO  - 开始保存聊天消息数据
17:22:47 INFO  - 聊天消息数据保存完成，共处理条 0 数据。耗时：0时0分0秒22毫秒
17:23:47 INFO  - 开始保存聊天消息数据
17:23:47 INFO  - 聊天消息数据保存完成，共处理条 0 数据。耗时：0时0分0秒10毫秒
17:24:39 INFO  - Executed action GD.API.Controllers.System.UserController.GetLoginUserInfoAsync (API) in 206ms
17:24:39 INFO  - Executed action GD.API.Controllers.Doctor.DoctorController.GetDoctorPageAsync (API) in 87ms
17:24:39 INFO  - Executed action GD.API.Controllers.Doctor.HospitalController.GetHospitalAllSelectAsync (API) in 146ms
17:24:39 INFO  - Executed action GD.API.Controllers.Doctor.DoctorController.GetDoctorJobTitlesAsync (API) in 133ms
17:24:41 INFO  - Executed action GD.API.Controllers.System.UserController.GetLoginUserInfoAsync (API) in 191ms
17:24:47 INFO  - 开始保存聊天消息数据
17:24:47 INFO  - 聊天消息数据保存完成，共处理条 0 数据。耗时：0时0分0秒6毫秒
17:25:47 INFO  - 开始保存聊天消息数据
17:25:47 INFO  - 聊天消息数据保存完成，共处理条 0 数据。耗时：0时0分0秒9毫秒
17:26:14 INFO  - Executed action GD.API.Controllers.System.UserController.GetLoginUserInfoAsync (API) in 199ms
17:26:47 INFO  - 开始保存聊天消息数据
17:26:47 INFO  - 聊天消息数据保存完成，共处理条 0 数据。耗时：0时0分0秒9毫秒
17:27:08 INFO  - Executed action GD.API.Controllers.System.UserController.GetLoginUserInfoAsync (API) in 199ms
17:27:47 INFO  - 开始保存聊天消息数据
17:27:47 INFO  - 聊天消息数据保存完成，共处理条 0 数据。耗时：0时0分0秒10毫秒
17:28:47 INFO  - 开始保存聊天消息数据
17:28:47 INFO  - 聊天消息数据保存完成，共处理条 0 数据。耗时：0时0分0秒10毫秒
17:29:45 INFO  - Executed action GD.API.Controllers.System.UserController.GetLoginUserInfoAsync (API) in 195ms
17:29:46 INFO  - Executed action GD.API.Controllers.Doctor.DoctorController.GetDoctorJobTitlesAsync (API) in 52ms
17:29:46 INFO  - Executed action GD.API.Controllers.Doctor.HospitalController.GetHospitalAllSelectAsync (API) in 31ms
17:29:46 INFO  - Executed action GD.API.Controllers.Doctor.DoctorController.GetDoctorPageAsync (API) in 59ms
17:29:47 INFO  - 开始保存聊天消息数据
17:29:47 INFO  - 聊天消息数据保存完成，共处理条 0 数据。耗时：0时0分0秒6毫秒
17:29:50 INFO  - Executed action GD.API.Controllers.System.UserController.GetLoginUserInfoAsync (API) in 253ms
17:30:47 INFO  - 开始保存聊天消息数据
17:30:47 INFO  - 聊天消息数据保存完成，共处理条 0 数据。耗时：0时0分0秒10毫秒
17:31:00 INFO  - Executed action GD.API.Controllers.System.UserController.GetLoginUserInfoAsync (API) in 217ms
17:31:47 INFO  - 开始保存聊天消息数据
17:31:47 INFO  - 聊天消息数据保存完成，共处理条 0 数据。耗时：0时0分0秒25毫秒
17:31:50 INFO  - Executed action GD.API.Controllers.System.UserController.GetLoginUserInfoAsync (API) in 197ms
17:32:47 INFO  - 开始保存聊天消息数据
17:32:47 INFO  - 聊天消息数据保存完成，共处理条 0 数据。耗时：0时0分0秒9毫秒
17:33:47 INFO  - 开始保存聊天消息数据
17:33:47 INFO  - 聊天消息数据保存完成，共处理条 0 数据。耗时：0时0分0秒20毫秒
17:34:43 INFO  - Executed action GD.API.Controllers.System.UserController.GetLoginUserInfoAsync (API) in 197ms
17:34:43 INFO  - Executed action GD.API.Controllers.System.HomeController.GetOrderQtyAsync (API) in 35ms
17:34:43 INFO  - Executed action GD.API.Controllers.System.HomeController.GetDoctorsQtyAsync (API) in 45ms
17:34:43 INFO  - Executed action GD.API.Controllers.System.HomeController.GetMerchantQtyAsync (API) in 33ms
17:34:43 INFO  - Executed action GD.API.Controllers.System.HomeController.GetUserQtyAsync (API) in 26ms
17:34:47 INFO  - 开始保存聊天消息数据
17:34:47 INFO  - 聊天消息数据保存完成，共处理条 0 数据。耗时：0时0分0秒10毫秒
17:35:24 INFO  - Executed action GD.API.Controllers.System.UserController.GetLoginUserInfoAsync (API) in 229ms
17:35:25 INFO  - Executed action GD.API.Controllers.Doctor.HospitalController.GetHospitalAllSelectAsync (API) in 30ms
17:35:25 INFO  - Executed action GD.API.Controllers.Doctor.DoctorController.GetDoctorJobTitlesAsync (API) in 54ms
17:35:25 INFO  - Executed action GD.API.Controllers.Doctor.DoctorController.GetDoctorPageAsync (API) in 68ms
17:35:26 INFO  - Executed action GD.API.Controllers.System.UserController.GetLoginUserInfoAsync (API) in 186ms
17:35:26 INFO  - Executed action GD.API.Controllers.System.UserController.GetLoginUserInfoAsync (API) in 190ms
17:35:27 INFO  - Executed action GD.API.Controllers.Doctor.HospitalController.GetHospitalAllSelectAsync (API) in 30ms
17:35:27 INFO  - Executed action GD.API.Controllers.Doctor.DoctorController.GetDoctorPageAsync (API) in 63ms
17:35:27 INFO  - Executed action GD.API.Controllers.Doctor.DoctorController.GetDoctorJobTitlesAsync (API) in 60ms
17:35:47 INFO  - 开始保存聊天消息数据
17:35:47 INFO  - 聊天消息数据保存完成，共处理条 0 数据。耗时：0时0分0秒10毫秒
17:36:47 INFO  - 开始保存聊天消息数据
17:36:47 INFO  - 聊天消息数据保存完成，共处理条 0 数据。耗时：0时0分0秒9毫秒
17:37:47 INFO  - 开始保存聊天消息数据
17:37:47 INFO  - 聊天消息数据保存完成，共处理条 0 数据。耗时：0时0分0秒9毫秒
17:38:47 INFO  - 开始保存聊天消息数据
17:38:47 INFO  - 聊天消息数据保存完成，共处理条 0 数据。耗时：0时0分0秒9毫秒
17:39:34 INFO  - Executed action GD.API.Controllers.System.UserController.GetLoginUserInfoAsync (API) in 254ms
17:39:35 INFO  - Executed action GD.API.Controllers.System.HomeController.GetMerchantQtyAsync (API) in 25ms
17:39:35 INFO  - Executed action GD.API.Controllers.System.HomeController.GetDoctorsQtyAsync (API) in 32ms
17:39:35 INFO  - Executed action GD.API.Controllers.System.HomeController.GetOrderQtyAsync (API) in 30ms
17:39:35 INFO  - Executed action GD.API.Controllers.System.HomeController.GetUserQtyAsync (API) in 21ms
17:39:44 INFO  - Executed action GD.API.Controllers.System.UserController.GetLoginUserInfoAsync (API) in 332ms
17:39:44 INFO  - Executed action GD.API.Controllers.Doctor.HospitalController.GetHospitalAllSelectAsync (API) in 31ms
17:39:44 INFO  - Executed action GD.API.Controllers.Doctor.DoctorController.GetDoctorJobTitlesAsync (API) in 52ms
17:39:44 INFO  - Executed action GD.API.Controllers.Doctor.DoctorController.GetDoctorPageAsync (API) in 114ms
17:39:47 INFO  - 开始保存聊天消息数据
17:39:47 INFO  - 聊天消息数据保存完成，共处理条 0 数据。耗时：0时0分0秒6毫秒
17:40:06 INFO  - Executed action GD.API.Controllers.System.UserController.GetLoginUserInfoAsync (API) in 218ms
17:40:47 INFO  - 开始保存聊天消息数据
17:40:47 INFO  - 聊天消息数据保存完成，共处理条 0 数据。耗时：0时0分0秒9毫秒
17:41:46 INFO  - Executed action GD.API.Controllers.System.UserController.GetLoginUserInfoAsync (API) in 186ms
17:41:47 INFO  - 开始保存聊天消息数据
17:41:47 INFO  - 聊天消息数据保存完成，共处理条 0 数据。耗时：0时0分0秒5毫秒
17:42:47 INFO  - 开始保存聊天消息数据
17:42:47 INFO  - 聊天消息数据保存完成，共处理条 0 数据。耗时：0时0分0秒10毫秒
17:43:30 INFO  - Executed action GD.API.Controllers.System.UserController.GetLoginUserInfoAsync (API) in 178ms
17:43:47 INFO  - 开始保存聊天消息数据
17:43:47 INFO  - 聊天消息数据保存完成，共处理条 0 数据。耗时：0时0分0秒8毫秒
17:44:26 INFO  - Executed action GD.API.Controllers.System.UserController.GetLoginUserInfoAsync (API) in 345ms
17:44:27 INFO  - Executed action GD.API.Controllers.System.HomeController.GetMerchantQtyAsync (API) in 28ms
17:44:27 INFO  - Executed action GD.API.Controllers.System.HomeController.GetDoctorsQtyAsync (API) in 34ms
17:44:27 INFO  - Executed action GD.API.Controllers.System.HomeController.GetUserQtyAsync (API) in 108ms
17:44:27 INFO  - Executed action GD.API.Controllers.System.HomeController.GetOrderQtyAsync (API) in 89ms
17:44:32 INFO  - Executed action GD.API.Controllers.Doctor.HospitalController.GetHospitalAllSelectAsync (API) in 37ms
17:44:32 INFO  - Executed action GD.API.Controllers.Doctor.DoctorController.GetDoctorJobTitlesAsync (API) in 51ms
17:44:32 INFO  - Executed action GD.API.Controllers.Doctor.DoctorController.GetDoctorPageAsync (API) in 74ms
17:44:34 INFO  - Executed action GD.API.Controllers.System.UserController.GetLoginUserInfoAsync (API) in 192ms
17:44:47 INFO  - 开始保存聊天消息数据
17:44:47 INFO  - 聊天消息数据保存完成，共处理条 0 数据。耗时：0时0分0秒6毫秒
17:45:47 INFO  - 开始保存聊天消息数据
17:45:47 INFO  - 聊天消息数据保存完成，共处理条 0 数据。耗时：0时0分0秒8毫秒
17:46:47 INFO  - 开始保存聊天消息数据
17:46:47 INFO  - 聊天消息数据保存完成，共处理条 0 数据。耗时：0时0分0秒10毫秒
17:47:47 INFO  - 开始保存聊天消息数据
17:47:47 INFO  - 聊天消息数据保存完成，共处理条 0 数据。耗时：0时0分0秒9毫秒
17:48:47 INFO  - 开始保存聊天消息数据
17:48:47 INFO  - 聊天消息数据保存完成，共处理条 0 数据。耗时：0时0分0秒90毫秒
17:49:47 INFO  - 开始保存聊天消息数据
17:49:47 INFO  - 聊天消息数据保存完成，共处理条 0 数据。耗时：0时0分0秒10毫秒
17:50:47 INFO  - 开始保存聊天消息数据
17:50:47 INFO  - 聊天消息数据保存完成，共处理条 0 数据。耗时：0时0分0秒9毫秒
17:51:47 INFO  - 开始保存聊天消息数据
17:51:47 INFO  - 聊天消息数据保存完成，共处理条 0 数据。耗时：0时0分0秒10毫秒
17:52:29 INFO  - Executed action GD.API.Controllers.System.UserController.GetLoginUserInfoAsync (API) in 272ms
17:52:29 INFO  - Executed action GD.API.Controllers.Doctor.DoctorController.GetDoctorPageAsync (API) in 81ms
17:52:29 INFO  - Executed action GD.API.Controllers.Doctor.DoctorController.GetDoctorJobTitlesAsync (API) in 108ms
17:52:29 INFO  - Executed action GD.API.Controllers.Doctor.HospitalController.GetHospitalAllSelectAsync (API) in 103ms
17:52:32 INFO  - Executed action GD.API.Controllers.System.UserController.GetLoginUserInfoAsync (API) in 170ms
17:52:47 INFO  - 开始保存聊天消息数据
17:52:47 INFO  - 聊天消息数据保存完成，共处理条 0 数据。耗时：0时0分0秒9毫秒
17:53:21 INFO  - Executed action GD.API.Controllers.System.UserController.GetLoginUserInfoAsync (API) in 214ms
17:53:47 INFO  - 开始保存聊天消息数据
17:53:47 INFO  - 聊天消息数据保存完成，共处理条 0 数据。耗时：0时0分0秒8毫秒
17:54:47 INFO  - 开始保存聊天消息数据
17:54:47 INFO  - 聊天消息数据保存完成，共处理条 0 数据。耗时：0时0分0秒21毫秒
17:55:47 INFO  - 开始保存聊天消息数据
17:55:47 INFO  - 聊天消息数据保存完成，共处理条 0 数据。耗时：0时0分0秒9毫秒
17:56:47 INFO  - 开始保存聊天消息数据
17:56:47 INFO  - 聊天消息数据保存完成，共处理条 0 数据。耗时：0时0分0秒9毫秒
17:57:00 INFO  - Executed action GD.API.Controllers.System.UserController.GetLoginUserInfoAsync (API) in 203ms
17:57:47 INFO  - 开始保存聊天消息数据
17:57:47 INFO  - 聊天消息数据保存完成，共处理条 0 数据。耗时：0时0分0秒7毫秒
17:58:47 INFO  - 开始保存聊天消息数据
17:58:47 INFO  - 聊天消息数据保存完成，共处理条 0 数据。耗时：0时0分0秒10毫秒
17:59:47 INFO  - 开始保存聊天消息数据
17:59:47 INFO  - 聊天消息数据保存完成，共处理条 0 数据。耗时：0时0分0秒9毫秒
18:00:47 INFO  - 开始保存聊天消息数据
18:00:47 INFO  - 聊天消息数据保存完成，共处理条 0 数据。耗时：0时0分0秒10毫秒
18:01:47 INFO  - 开始保存聊天消息数据
18:01:47 INFO  - 聊天消息数据保存完成，共处理条 0 数据。耗时：0时0分0秒10毫秒
18:02:47 INFO  - 开始保存聊天消息数据
18:02:47 INFO  - 聊天消息数据保存完成，共处理条 0 数据。耗时：0时0分0秒10毫秒
18:03:47 INFO  - 开始保存聊天消息数据
18:03:47 INFO  - 聊天消息数据保存完成，共处理条 0 数据。耗时：0时0分0秒9毫秒
18:04:47 INFO  - 开始保存聊天消息数据
18:04:47 INFO  - 聊天消息数据保存完成，共处理条 0 数据。耗时：0时0分0秒13毫秒
18:05:47 INFO  - 开始保存聊天消息数据
18:05:47 INFO  - 聊天消息数据保存完成，共处理条 0 数据。耗时：0时0分0秒9毫秒
