09:26:31 INFO  - Executed action GD.API.Controllers.System.UserController.GetLoginUserInfoAsync (API) in 1808ms
09:26:31 INFO  - Executed action GD.API.Controllers.System.UserController.GetLoginUserInfoAsync (API) in 113ms
09:26:32 INFO  - Executed action GD.API.Controllers.System.HomeController.GetUserQtyAsync (API) in 80ms
09:26:32 INFO  - Executed action GD.API.Controllers.System.HomeController.GetOrderQtyAsync (API) in 41ms
09:26:32 INFO  - Executed action GD.API.Controllers.System.HomeController.GetDoctorsQtyAsync (API) in 192ms
09:26:32 INFO  - Executed action GD.API.Controllers.System.HomeController.GetUserQtyAsync (API) in 19ms
09:26:32 INFO  - Executed action GD.API.Controllers.System.HomeController.GetOrderQtyAsync (API) in 16ms
09:26:32 INFO  - Executed action GD.API.Controllers.System.HomeController.GetDoctorsQtyAsync (API) in 29ms
09:26:32 INFO  - Executed action GD.API.Controllers.System.HomeController.GetMerchantQtyAsync (API) in 365ms
09:26:32 INFO  - Executed action GD.API.Controllers.System.HomeController.GetMerchantQtyAsync (API) in 14ms
09:26:54 INFO  - Executed action GD.API.Controllers.Doctor.HospitalController.GetHospitalAllSelectAsync (API) in 71ms
09:26:54 INFO  - Executed action GD.API.Controllers.Doctor.DoctorController.GetDoctorCertificateDetailAsync (API) in 63ms
09:26:54 INFO  - Executed action GD.API.Controllers.Doctor.DoctorController.GetDoctorPageAsync (API) in 286ms
09:26:57 INFO  - Executed action GD.API.Controllers.Doctor.DoctorController.GetDoctorJobTitlesAsync (API) in 3371ms
09:26:58 INFO  - Executed action GD.API.Controllers.Merchant.MerchantController.GetHospitalSelectAsync (API) in 48ms
09:26:58 INFO  - Executed action GD.API.Controllers.Merchant.MerchantController.GetBusinessScopeListAsync (API) in 36ms
09:26:58 INFO  - Executed action GD.API.Controllers.Merchant.MerchantController.GetMerchantPageAsync (API) in 150ms
09:26:58 INFO  - Executed action GD.API.Controllers.System.DictionaryController.GetMerchantDictionaryAsync (API) in 132ms
09:27:02 INFO  - Executed action GD.API.Controllers.Doctor.DoctorController.GetDoctorCertificateDetailAsync (API) in 22ms
09:27:02 INFO  - Executed action GD.API.Controllers.Doctor.DoctorController.GetDoctorJobTitlesAsync (API) in 63ms
09:27:02 INFO  - Executed action GD.API.Controllers.Doctor.DoctorController.GetDoctorPageAsync (API) in 149ms
09:27:04 INFO  - Executed action GD.API.Controllers.Doctor.DoctorController.GetDoctorInfoAsync (API) in 74ms
09:27:04 INFO  - Executed action GD.API.Controllers.Doctor.DoctorController.GetDoctorCertificateDetailAsync (API) in 32ms
09:27:04 INFO  - Executed action GD.API.Controllers.Doctor.HospitalController.GetHospitalOfficeSelectAsync (API) in 49ms
09:27:09 INFO  - Executed action GD.API.Controllers.Doctor.DoctorController.GetDoctorInfoAsync (API) in 79ms
09:27:10 INFO  - Executed action GD.API.Controllers.Doctor.DoctorController.GetDoctorCertificateDetailAsync (API) in 19ms
09:27:13 INFO  - Executed action GD.API.Controllers.Doctor.DoctorController.GetDoctorInfoAsync (API) in 76ms
09:27:13 INFO  - Executed action GD.API.Controllers.Doctor.DoctorController.GetDoctorCertificateDetailAsync (API) in 21ms
09:27:17 INFO  - Executed action GD.API.Controllers.Doctor.DoctorController.GetDoctorInfoAsync (API) in 69ms
09:27:17 INFO  - Executed action GD.API.Controllers.Doctor.DoctorController.GetDoctorCertificateDetailAsync (API) in 18ms
09:27:20 INFO  - Executed action GD.API.Controllers.Doctor.DoctorController.GetDoctorInfoAsync (API) in 77ms
09:27:20 INFO  - Executed action GD.API.Controllers.Doctor.DoctorController.GetDoctorCertificateDetailAsync (API) in 28ms
09:27:23 INFO  - Executed action GD.API.Controllers.Doctor.DoctorController.GetDoctorInfoAsync (API) in 77ms
09:27:23 INFO  - Executed action GD.API.Controllers.Doctor.DoctorController.GetDoctorCertificateDetailAsync (API) in 19ms
09:29:22 INFO  - Executed action GD.API.Controllers.System.UserController.GetLoginUserInfoAsync (API) in 785ms
09:29:22 INFO  - Executed action GD.API.Controllers.System.UserController.GetLoginUserInfoAsync (API) in 182ms
09:29:22 INFO  - Executed action GD.API.Controllers.System.HomeController.GetUserQtyAsync (API) in 39ms
09:29:22 INFO  - Executed action GD.API.Controllers.System.HomeController.GetDoctorsQtyAsync (API) in 31ms
09:29:22 INFO  - Executed action GD.API.Controllers.System.HomeController.GetOrderQtyAsync (API) in 82ms
09:29:22 INFO  - Executed action GD.API.Controllers.System.HomeController.GetMerchantQtyAsync (API) in 146ms
09:29:23 INFO  - Executed action GD.API.Controllers.Doctor.DoctorController.GetDoctorCertificateDetailAsync (API) in 38ms
09:29:23 INFO  - Executed action GD.API.Controllers.Doctor.HospitalController.GetHospitalAllSelectAsync (API) in 60ms
09:29:23 INFO  - Executed action GD.API.Controllers.Doctor.DoctorController.GetDoctorJobTitlesAsync (API) in 64ms
09:29:23 INFO  - Executed action GD.API.Controllers.Doctor.DoctorController.GetDoctorPageAsync (API) in 689ms
09:29:26 INFO  - Executed action GD.API.Controllers.Doctor.DoctorController.GetDoctorInfoAsync (API) in 76ms
09:29:26 INFO  - Executed action GD.API.Controllers.Doctor.DoctorController.GetDoctorCertificateDetailAsync (API) in 33ms
09:29:26 INFO  - Executed action GD.API.Controllers.Doctor.HospitalController.GetHospitalOfficeSelectAsync (API) in 36ms
09:29:30 INFO  - Executed action GD.API.Controllers.Doctor.DoctorController.GetDoctorInfoAsync (API) in 80ms
09:29:30 INFO  - Executed action GD.API.Controllers.Doctor.DoctorController.GetDoctorCertificateDetailAsync (API) in 25ms
09:29:34 INFO  - Executed action GD.API.Controllers.Doctor.DoctorController.GetDoctorInfoAsync (API) in 85ms
09:29:34 INFO  - Executed action GD.API.Controllers.Doctor.DoctorController.GetDoctorCertificateDetailAsync (API) in 26ms
09:29:37 INFO  - Executed action GD.API.Controllers.Doctor.DoctorController.GetDoctorInfoAsync (API) in 88ms
09:29:37 INFO  - Executed action GD.API.Controllers.Doctor.DoctorController.GetDoctorCertificateDetailAsync (API) in 27ms
09:31:29 INFO  - Executed action GD.API.Controllers.Doctor.DoctorController.GetDoctorInfoAsync (API) in 100ms
09:31:29 INFO  - Executed action GD.API.Controllers.Doctor.DoctorController.GetDoctorCertificateDetailAsync (API) in 31ms
09:31:40 INFO  - Executed action GD.API.Controllers.Doctor.DoctorController.GetDoctorInfoAsync (API) in 93ms
09:31:41 INFO  - Executed action GD.API.Controllers.Doctor.DoctorController.GetDoctorCertificateDetailAsync (API) in 26ms
09:31:43 INFO  - Executed action GD.API.Controllers.Doctor.DoctorController.GetDoctorInfoAsync (API) in 80ms
09:31:44 INFO  - Executed action GD.API.Controllers.Doctor.DoctorController.GetDoctorCertificateDetailAsync (API) in 26ms
09:31:46 INFO  - Executed action GD.API.Controllers.Doctor.DoctorController.GetDoctorInfoAsync (API) in 82ms
09:31:46 INFO  - Executed action GD.API.Controllers.Doctor.DoctorController.GetDoctorCertificateDetailAsync (API) in 29ms
09:31:49 INFO  - Executed action GD.API.Controllers.Doctor.DoctorController.GetDoctorInfoAsync (API) in 83ms
09:31:49 INFO  - Executed action GD.API.Controllers.Doctor.DoctorController.GetDoctorCertificateDetailAsync (API) in 30ms
09:31:49 INFO  - Executed action GD.API.Controllers.Doctor.HospitalController.GetHospitalOfficeSelectAsync (API) in 53ms
09:32:08 INFO  - Executed action GD.API.Controllers.Doctor.DoctorController.GetDoctorInfoAsync (API) in 92ms
09:32:09 INFO  - Executed action GD.API.Controllers.Doctor.DoctorController.GetDoctorCertificateDetailAsync (API) in 70ms
09:32:17 INFO  - Executed action GD.API.Controllers.Doctor.DoctorController.UpdateDoctorInfoAsync (API) in 3538ms
09:32:18 INFO  - Executed action GD.API.Controllers.Doctor.DoctorController.GetDoctorPageAsync (API) in 134ms
09:32:24 INFO  - Executed action GD.API.Controllers.Doctor.DoctorController.GetDoctorInfoAsync (API) in 87ms
09:32:24 INFO  - Executed action GD.API.Controllers.Doctor.DoctorController.GetDoctorCertificateDetailAsync (API) in 27ms
09:32:29 INFO  - Executed action GD.API.Controllers.Doctor.DoctorController.UpdateDoctorInfoAsync (API) in 207ms
09:32:29 INFO  - Executed action GD.API.Controllers.Doctor.DoctorController.GetDoctorPageAsync (API) in 121ms
09:32:31 INFO  - Executed action GD.API.Controllers.Doctor.DoctorController.GetDoctorInfoAsync (API) in 77ms
09:32:31 INFO  - Executed action GD.API.Controllers.Doctor.DoctorController.GetDoctorCertificateDetailAsync (API) in 30ms
09:32:35 INFO  - Executed action GD.API.Controllers.Doctor.DoctorController.GetDoctorInfoAsync (API) in 95ms
09:32:35 INFO  - Executed action GD.API.Controllers.Doctor.DoctorController.GetDoctorCertificateDetailAsync (API) in 45ms
09:32:48 INFO  - Executed action GD.API.Controllers.Doctor.DoctorController.GetDoctorInfoAsync (API) in 83ms
09:32:48 INFO  - Executed action GD.API.Controllers.Doctor.DoctorController.GetDoctorCertificateDetailAsync (API) in 29ms
10:05:27 INFO  - Executed action GD.API.Controllers.Doctor.DoctorController.GetIntegralInfoPageAsync (API) in 130ms
10:05:27 INFO  - Executed action GD.API.Controllers.Doctor.DoctorController.GetIntegralInfoPageAsync (API) in 211ms
10:05:30 INFO  - Executed action GD.API.Controllers.Doctor.DoctorController.GetIntegralInfoPageAsync (API) in 111ms
10:05:30 INFO  - Executed action GD.API.Controllers.Doctor.DoctorController.GetIntegralInfoPageAsync (API) in 114ms
10:05:31 INFO  - Executed action GD.API.Controllers.Doctor.DoctorController.GetIntegralInfoPageAsync (API) in 48ms
10:05:32 INFO  - Executed action GD.API.Controllers.Doctor.DoctorController.GetIntegralInfoPageAsync (API) in 77ms
10:05:33 INFO  - Executed action GD.API.Controllers.Doctor.DoctorController.GetIntegralInfoPageAsync (API) in 45ms
10:05:33 INFO  - Executed action GD.API.Controllers.Doctor.DoctorController.GetIntegralInfoPageAsync (API) in 74ms
10:05:35 INFO  - Executed action GD.API.Controllers.Doctor.DoctorController.GetIntegralInfoPageAsync (API) in 66ms
10:05:35 INFO  - Executed action GD.API.Controllers.Doctor.DoctorController.GetIntegralInfoPageAsync (API) in 84ms
10:06:07 INFO  - Executed action GD.API.Controllers.System.UserController.GetLoginUserInfoAsync (API) in 155ms
10:06:08 INFO  - Executed action GD.API.Controllers.Doctor.HospitalController.GetHospitalAllSelectAsync (API) in 64ms
10:06:08 INFO  - Executed action GD.API.Controllers.Doctor.DoctorController.GetDoctorPageAsync (API) in 155ms
10:06:08 INFO  - Executed action GD.API.Controllers.Doctor.DoctorController.GetDoctorCertificateDetailAsync (API) in 25ms
10:06:08 INFO  - Executed action GD.API.Controllers.Doctor.DoctorController.GetDoctorJobTitlesAsync (API) in 64ms
10:06:09 INFO  - Executed action GD.API.Controllers.System.UserController.GetLoginUserInfoAsync (API) in 172ms
10:06:09 INFO  - Executed action GD.API.Controllers.System.HomeController.GetDoctorsQtyAsync (API) in 42ms
10:06:09 INFO  - Executed action GD.API.Controllers.System.HomeController.GetOrderQtyAsync (API) in 37ms
10:06:09 INFO  - Executed action GD.API.Controllers.System.HomeController.GetUserQtyAsync (API) in 29ms
10:06:09 INFO  - Executed action GD.API.Controllers.System.HomeController.GetMerchantQtyAsync (API) in 25ms
10:06:55 INFO  - Executed action GD.API.Controllers.System.UserController.GetLoginUserInfoAsync (API) in 153ms
10:06:56 INFO  - Executed action GD.API.Controllers.Doctor.DoctorController.GetDoctorJobTitlesAsync (API) in 86ms
10:06:56 INFO  - Executed action GD.API.Controllers.Doctor.HospitalController.GetHospitalAllSelectAsync (API) in 49ms
10:06:56 INFO  - Executed action GD.API.Controllers.Doctor.DoctorController.GetDoctorCertificateDetailAsync (API) in 33ms
10:06:56 INFO  - Executed action GD.API.Controllers.Doctor.DoctorController.GetDoctorPageAsync (API) in 115ms
10:06:56 INFO  - Executed action GD.API.Controllers.System.UserController.GetLoginUserInfoAsync (API) in 190ms
10:06:57 INFO  - Executed action GD.API.Controllers.System.HomeController.GetUserQtyAsync (API) in 24ms
10:06:57 INFO  - Executed action GD.API.Controllers.System.HomeController.GetOrderQtyAsync (API) in 32ms
10:06:57 INFO  - Executed action GD.API.Controllers.System.HomeController.GetDoctorsQtyAsync (API) in 19ms
10:06:57 INFO  - Executed action GD.API.Controllers.System.HomeController.GetMerchantQtyAsync (API) in 24ms
10:06:59 INFO  - Executed action GD.API.Controllers.Doctor.DoctorController.GetIntegralInfoPageAsync (API) in 54ms
10:06:59 INFO  - Executed action GD.API.Controllers.Doctor.DoctorController.GetIntegralInfoPageAsync (API) in 82ms
10:07:02 INFO  - Executed action GD.API.Controllers.Doctor.DoctorController.GetIntegralInfoPageAsync (API) in 46ms
10:07:02 INFO  - Executed action GD.API.Controllers.Doctor.DoctorController.GetIntegralInfoPageAsync (API) in 111ms
10:07:04 INFO  - Executed action GD.API.Controllers.Doctor.DoctorController.GetIntegralInfoPageAsync (API) in 44ms
10:07:04 INFO  - Executed action GD.API.Controllers.Doctor.DoctorController.GetIntegralInfoPageAsync (API) in 65ms
10:07:06 INFO  - Executed action GD.API.Controllers.Doctor.DoctorController.GetIntegralInfoPageAsync (API) in 62ms
10:07:06 INFO  - Executed action GD.API.Controllers.Doctor.DoctorController.GetIntegralInfoPageAsync (API) in 269ms
10:07:08 INFO  - Executed action GD.API.Controllers.Doctor.DoctorController.GetIntegralInfoPageAsync (API) in 56ms
10:07:08 INFO  - Executed action GD.API.Controllers.Doctor.DoctorController.GetIntegralInfoPageAsync (API) in 120ms
10:07:12 INFO  - Executed action GD.API.Controllers.Doctor.DoctorController.GetIntegralInfoPageAsync (API) in 45ms
10:07:12 INFO  - Executed action GD.API.Controllers.Doctor.DoctorController.GetIntegralInfoPageAsync (API) in 78ms
10:07:17 INFO  - Executed action GD.API.Controllers.Doctor.DoctorController.GetDoctorInfoAsync (API) in 62ms
10:07:18 INFO  - Executed action GD.API.Controllers.Doctor.DoctorController.GetDoctorCertificateDetailAsync (API) in 32ms
10:07:18 INFO  - Executed action GD.API.Controllers.Doctor.HospitalController.GetHospitalOfficeSelectAsync (API) in 30ms
10:07:22 INFO  - Executed action GD.API.Controllers.Doctor.DoctorController.GetDoctorInfoAsync (API) in 74ms
10:07:22 INFO  - Executed action GD.API.Controllers.Doctor.DoctorController.GetDoctorCertificateDetailAsync (API) in 19ms
10:07:25 INFO  - Executed action GD.API.Controllers.Doctor.DoctorController.GetDoctorInfoAsync (API) in 77ms
10:07:25 INFO  - Executed action GD.API.Controllers.Doctor.DoctorController.GetDoctorCertificateDetailAsync (API) in 18ms
10:07:29 INFO  - Executed action GD.API.Controllers.Doctor.DoctorController.GetDoctorInfoAsync (API) in 79ms
10:07:29 INFO  - Executed action GD.API.Controllers.Doctor.DoctorController.GetDoctorCertificateDetailAsync (API) in 23ms
10:07:33 INFO  - Executed action GD.API.Controllers.Doctor.DoctorController.GetDoctorInfoAsync (API) in 121ms
10:07:33 INFO  - Executed action GD.API.Controllers.Doctor.HospitalController.GetHospitalOfficeSelectAsync (API) in 23ms
10:07:33 INFO  - Executed action GD.API.Controllers.Doctor.DoctorController.GetDoctorCertificateDetailAsync (API) in 32ms
10:07:42 INFO  - Executed action GD.API.Controllers.Doctor.DoctorController.GetIntegralInfoPageAsync (API) in 44ms
10:07:42 INFO  - Executed action GD.API.Controllers.Doctor.DoctorController.GetIntegralInfoPageAsync (API) in 75ms
10:07:45 INFO  - Executed action GD.API.Controllers.Doctor.DoctorController.GetIntegralInfoPageAsync (API) in 90ms
10:07:45 INFO  - Executed action GD.API.Controllers.Doctor.DoctorController.GetIntegralInfoPageAsync (API) in 80ms
10:07:48 INFO  - Executed action GD.API.Controllers.Doctor.DoctorController.GetIntegralInfoPageAsync (API) in 44ms
10:07:48 INFO  - Executed action GD.API.Controllers.Doctor.DoctorController.GetIntegralInfoPageAsync (API) in 66ms
10:07:58 INFO  - Executed action GD.API.Controllers.System.UserController.GetLoginUserInfoAsync (API) in 222ms
10:07:59 INFO  - Executed action GD.API.Controllers.Doctor.DoctorController.GetDoctorCertificateDetailAsync (API) in 34ms
10:07:59 INFO  - Executed action GD.API.Controllers.Doctor.DoctorController.GetDoctorJobTitlesAsync (API) in 57ms
10:07:59 INFO  - Executed action GD.API.Controllers.Doctor.HospitalController.GetHospitalAllSelectAsync (API) in 31ms
10:07:59 INFO  - Executed action GD.API.Controllers.Doctor.DoctorController.GetDoctorPageAsync (API) in 235ms
10:08:00 INFO  - Executed action GD.API.Controllers.System.UserController.GetLoginUserInfoAsync (API) in 286ms
10:08:00 INFO  - Executed action GD.API.Controllers.System.HomeController.GetUserQtyAsync (API) in 35ms
10:08:00 INFO  - Executed action GD.API.Controllers.System.HomeController.GetDoctorsQtyAsync (API) in 53ms
10:08:00 INFO  - Executed action GD.API.Controllers.System.HomeController.GetOrderQtyAsync (API) in 18ms
10:08:01 INFO  - Executed action GD.API.Controllers.System.HomeController.GetMerchantQtyAsync (API) in 28ms
10:08:02 INFO  - Executed action GD.API.Controllers.Doctor.DoctorController.GetIntegralInfoPageAsync (API) in 48ms
10:08:02 INFO  - Executed action GD.API.Controllers.Doctor.DoctorController.GetIntegralInfoPageAsync (API) in 78ms
10:08:05 INFO  - Executed action GD.API.Controllers.Doctor.DoctorController.GetIntegralInfoPageAsync (API) in 53ms
10:08:05 INFO  - Executed action GD.API.Controllers.Doctor.DoctorController.GetIntegralInfoPageAsync (API) in 82ms
10:08:07 INFO  - Executed action GD.API.Controllers.Doctor.DoctorController.GetIntegralInfoPageAsync (API) in 57ms
10:08:07 INFO  - Executed action GD.API.Controllers.Doctor.DoctorController.GetIntegralInfoPageAsync (API) in 68ms
10:08:09 INFO  - Executed action GD.API.Controllers.Doctor.DoctorController.GetIntegralInfoPageAsync (API) in 53ms
10:08:09 INFO  - Executed action GD.API.Controllers.Doctor.DoctorController.GetIntegralInfoPageAsync (API) in 93ms
10:08:12 INFO  - Executed action GD.API.Controllers.Doctor.DoctorController.GetIntegralInfoPageAsync (API) in 45ms
10:08:12 INFO  - Executed action GD.API.Controllers.Doctor.DoctorController.GetIntegralInfoPageAsync (API) in 76ms
10:09:55 INFO  - Executed action GD.API.Controllers.System.UserController.GetLoginUserInfoAsync (API) in 186ms
10:09:56 INFO  - Executed action GD.API.Controllers.Doctor.DoctorController.GetDoctorJobTitlesAsync (API) in 100ms
10:09:56 INFO  - Executed action GD.API.Controllers.Doctor.DoctorController.GetDoctorPageAsync (API) in 106ms
10:09:56 INFO  - Executed action GD.API.Controllers.Doctor.DoctorController.GetDoctorCertificateDetailAsync (API) in 29ms
10:09:56 INFO  - Executed action GD.API.Controllers.Doctor.HospitalController.GetHospitalAllSelectAsync (API) in 53ms
10:09:56 INFO  - Executed action GD.API.Controllers.System.UserController.GetLoginUserInfoAsync (API) in 204ms
10:09:57 INFO  - Executed action GD.API.Controllers.System.HomeController.GetOrderQtyAsync (API) in 26ms
10:09:57 INFO  - Executed action GD.API.Controllers.System.HomeController.GetDoctorsQtyAsync (API) in 32ms
10:09:57 INFO  - Executed action GD.API.Controllers.System.HomeController.GetMerchantQtyAsync (API) in 63ms
10:09:57 INFO  - Executed action GD.API.Controllers.System.HomeController.GetUserQtyAsync (API) in 32ms
10:09:59 INFO  - Executed action GD.API.Controllers.Doctor.DoctorController.GetIntegralInfoPageAsync (API) in 50ms
10:09:59 INFO  - Executed action GD.API.Controllers.Doctor.DoctorController.GetIntegralInfoPageAsync (API) in 67ms
10:10:01 INFO  - Executed action GD.API.Controllers.Doctor.DoctorController.GetIntegralInfoPageAsync (API) in 44ms
10:10:01 INFO  - Executed action GD.API.Controllers.Doctor.DoctorController.GetIntegralInfoPageAsync (API) in 62ms
10:10:04 INFO  - Executed action GD.API.Controllers.Doctor.DoctorController.GetIntegralInfoPageAsync (API) in 46ms
10:10:04 INFO  - Executed action GD.API.Controllers.Doctor.DoctorController.GetIntegralInfoPageAsync (API) in 95ms
10:10:06 INFO  - Executed action GD.API.Controllers.Doctor.DoctorController.GetIntegralInfoPageAsync (API) in 48ms
10:10:06 INFO  - Executed action GD.API.Controllers.Doctor.DoctorController.GetIntegralInfoPageAsync (API) in 68ms
10:10:10 INFO  - Executed action GD.API.Controllers.Doctor.DoctorController.GetDoctorInfoAsync (API) in 105ms
10:10:10 INFO  - Executed action GD.API.Controllers.Doctor.DoctorController.GetDoctorCertificateDetailAsync (API) in 30ms
10:10:10 INFO  - Executed action GD.API.Controllers.Doctor.HospitalController.GetHospitalOfficeSelectAsync (API) in 49ms
10:10:13 INFO  - Executed action GD.API.Controllers.Doctor.DoctorController.GetDoctorInfoAsync (API) in 69ms
10:10:13 INFO  - Executed action GD.API.Controllers.Doctor.DoctorController.GetDoctorCertificateDetailAsync (API) in 28ms
10:10:16 INFO  - Executed action GD.API.Controllers.Doctor.DoctorController.GetDoctorInfoAsync (API) in 66ms
10:10:16 INFO  - Executed action GD.API.Controllers.Doctor.DoctorController.GetDoctorCertificateDetailAsync (API) in 36ms
10:10:19 INFO  - Executed action GD.API.Controllers.Doctor.DoctorController.GetDoctorInfoAsync (API) in 65ms
10:10:19 INFO  - Executed action GD.API.Controllers.Doctor.DoctorController.GetDoctorCertificateDetailAsync (API) in 85ms
10:10:22 INFO  - Executed action GD.API.Controllers.Doctor.DoctorController.GetDoctorInfoAsync (API) in 59ms
10:10:22 INFO  - Executed action GD.API.Controllers.Doctor.DoctorController.GetDoctorCertificateDetailAsync (API) in 25ms
10:20:21 INFO  - Executed action GD.API.Controllers.Doctor.DoctorController.GetDoctorInfoAsync (API) in 290ms
10:20:21 INFO  - Executed action GD.API.Controllers.Doctor.DoctorController.GetDoctorCertificateDetailAsync (API) in 45ms
10:20:26 INFO  - Executed action GD.API.Controllers.Doctor.DoctorController.GetDoctorInfoAsync (API) in 167ms
10:20:26 INFO  - Executed action GD.API.Controllers.Doctor.DoctorController.GetDoctorCertificateDetailAsync (API) in 59ms
10:20:31 INFO  - Executed action GD.API.Controllers.System.UserController.GetLoginUserInfoAsync (API) in 416ms
10:20:32 INFO  - Executed action GD.API.Controllers.Doctor.HospitalController.GetHospitalAllSelectAsync (API) in 247ms
10:20:32 INFO  - Executed action GD.API.Controllers.Doctor.DoctorController.GetDoctorCertificateDetailAsync (API) in 249ms
10:20:32 INFO  - Executed action GD.API.Controllers.Doctor.DoctorController.GetDoctorPageAsync (API) in 317ms
10:20:32 INFO  - Executed action GD.API.Controllers.Doctor.DoctorController.GetDoctorJobTitlesAsync (API) in 362ms
10:20:34 INFO  - Executed action GD.API.Controllers.Doctor.DoctorController.GetDoctorPageAsync (API) in 295ms
10:20:36 INFO  - Executed action GD.API.Controllers.Doctor.DoctorController.GetDoctorInfoAsync (API) in 176ms
10:20:37 INFO  - Executed action GD.API.Controllers.Doctor.DoctorController.GetDoctorCertificateDetailAsync (API) in 64ms
10:20:37 INFO  - Executed action GD.API.Controllers.Doctor.HospitalController.GetHospitalOfficeSelectAsync (API) in 71ms
10:21:03 INFO  - Executed action GD.API.Controllers.Doctor.DoctorController.GetDoctorCertificateDetailAsync (API) in 21ms
10:21:03 INFO  - Executed action GD.API.Controllers.Doctor.DoctorController.GetDoctorJobTitlesAsync (API) in 45ms
10:21:05 INFO  - Executed action GD.API.Controllers.System.UserController.GetLoginUserInfoAsync (API) in 157ms
10:21:05 INFO  - Executed action GD.API.Controllers.Doctor.DoctorController.GetDoctorCertificateDetailAsync (API) in 99ms
10:21:05 INFO  - Executed action GD.API.Controllers.Doctor.DoctorController.GetDoctorJobTitlesAsync (API) in 124ms
10:21:05 INFO  - Executed action GD.API.Controllers.Doctor.HospitalController.GetHospitalAllSelectAsync (API) in 36ms
10:21:06 INFO  - Executed action GD.API.Controllers.Doctor.DoctorController.GetDoctorPageAsync (API) in 101ms
10:21:07 INFO  - Executed action GD.API.Controllers.Doctor.DoctorController.GetDoctorInfoAsync (API) in 62ms
10:21:07 INFO  - Executed action GD.API.Controllers.Doctor.DoctorController.GetDoctorCertificateDetailAsync (API) in 20ms
10:21:07 INFO  - Executed action GD.API.Controllers.Doctor.HospitalController.GetHospitalOfficeSelectAsync (API) in 73ms
10:21:10 INFO  - Executed action GD.API.Controllers.Doctor.DoctorController.GetDoctorInfoAsync (API) in 50ms
10:21:10 INFO  - Executed action GD.API.Controllers.Doctor.DoctorController.GetDoctorCertificateDetailAsync (API) in 32ms
10:21:13 INFO  - Executed action GD.API.Controllers.Doctor.DoctorController.GetDoctorInfoAsync (API) in 54ms
10:21:13 INFO  - Executed action GD.API.Controllers.Doctor.DoctorController.GetDoctorCertificateDetailAsync (API) in 26ms
10:21:16 INFO  - Executed action GD.API.Controllers.Doctor.DoctorController.GetDoctorInfoAsync (API) in 154ms
10:21:16 INFO  - Executed action GD.API.Controllers.Doctor.DoctorController.GetDoctorCertificateDetailAsync (API) in 28ms
10:21:19 INFO  - Executed action GD.API.Controllers.Doctor.DoctorController.GetDoctorInfoAsync (API) in 56ms
10:21:19 INFO  - Executed action GD.API.Controllers.Doctor.DoctorController.GetDoctorCertificateDetailAsync (API) in 26ms
10:27:36 INFO  - Executed action GD.API.Controllers.Doctor.DoctorController.GetDoctorInfoAsync (API) in 175ms
10:27:36 INFO  - Executed action GD.API.Controllers.Doctor.DoctorController.GetDoctorCertificateDetailAsync (API) in 27ms
10:27:46 INFO  - Executed action GD.API.Controllers.System.UserController.GetLoginUserInfoAsync (API) in 193ms
10:27:46 INFO  - Executed action GD.API.Controllers.Doctor.DoctorController.GetDoctorPageAsync (API) in 233ms
10:27:47 INFO  - Executed action GD.API.Controllers.Doctor.DoctorController.GetDoctorJobTitlesAsync (API) in 186ms
10:27:47 INFO  - Executed action GD.API.Controllers.Doctor.DoctorController.GetDoctorCertificateDetailAsync (API) in 27ms
10:27:47 INFO  - Executed action GD.API.Controllers.Doctor.HospitalController.GetHospitalAllSelectAsync (API) in 28ms
10:27:49 INFO  - Executed action GD.API.Controllers.Doctor.DoctorController.GetDoctorInfoAsync (API) in 71ms
10:27:49 INFO  - Executed action GD.API.Controllers.Doctor.HospitalController.GetHospitalOfficeSelectAsync (API) in 21ms
10:27:49 INFO  - Executed action GD.API.Controllers.Doctor.DoctorController.GetDoctorCertificateDetailAsync (API) in 30ms
10:27:54 INFO  - Executed action GD.API.Controllers.Doctor.DoctorController.GetDoctorInfoAsync (API) in 74ms
10:27:54 INFO  - Executed action GD.API.Controllers.Doctor.DoctorController.GetDoctorCertificateDetailAsync (API) in 28ms
10:35:34 INFO  - Executed action GD.API.Controllers.Doctor.DoctorController.GetDoctorInfoAsync (API) in 126ms
10:35:34 INFO  - Executed action GD.API.Controllers.Doctor.DoctorController.GetDoctorCertificateDetailAsync (API) in 26ms
10:35:37 INFO  - Executed action GD.API.Controllers.Doctor.DoctorController.GetDoctorInfoAsync (API) in 62ms
10:35:37 INFO  - Executed action GD.API.Controllers.Doctor.DoctorController.GetDoctorCertificateDetailAsync (API) in 65ms
14:44:52 INFO  - Executed action GD.API.Controllers.System.UserController.GetLoginUserInfoAsync (API) in 350ms
14:44:53 INFO  - Executed action GD.API.Controllers.Doctor.HospitalController.GetHospitalAllSelectAsync (API) in 58ms
14:44:53 INFO  - Executed action GD.API.Controllers.Doctor.DoctorController.GetDoctorCertificateDetailAsync (API) in 43ms
14:44:53 INFO  - Executed action GD.API.Controllers.Doctor.DoctorController.GetDoctorJobTitlesAsync (API) in 186ms
14:44:53 INFO  - Executed action GD.API.Controllers.Doctor.DoctorController.GetDoctorPageAsync (API) in 252ms
14:47:24 INFO  - Executed action GD.API.Controllers.System.UserController.GetLoginUserInfoAsync (API) in 212ms
14:47:25 INFO  - Executed action GD.API.Controllers.Doctor.DoctorController.GetDoctorJobTitlesAsync (API) in 75ms
14:47:25 INFO  - Executed action GD.API.Controllers.Doctor.HospitalController.GetHospitalAllSelectAsync (API) in 35ms
14:47:25 INFO  - Executed action GD.API.Controllers.Doctor.DoctorController.GetDoctorCertificateDetailAsync (API) in 38ms
14:47:25 INFO  - Executed action GD.API.Controllers.Doctor.DoctorController.GetDoctorPageAsync (API) in 202ms
14:49:00 INFO  - Executed action GD.API.Controllers.Doctor.DoctorController.GetDoctorJobTitlesAsync (API) in 69ms
14:49:00 INFO  - Executed action GD.API.Controllers.Doctor.DoctorController.GetDoctorCertificateDetailAsync (API) in 38ms
14:49:00 INFO  - Executed action GD.API.Controllers.Doctor.DoctorController.GetDoctorPageAsync (API) in 151ms
14:49:02 INFO  - Executed action GD.API.Controllers.System.UserController.GetLoginUserInfoAsync (API) in 208ms
14:49:03 INFO  - Executed action GD.API.Controllers.Doctor.DoctorController.GetDoctorCertificateDetailAsync (API) in 61ms
14:49:03 INFO  - Executed action GD.API.Controllers.Doctor.DoctorController.GetDoctorPageAsync (API) in 207ms
14:49:03 INFO  - Executed action GD.API.Controllers.Doctor.DoctorController.GetDoctorJobTitlesAsync (API) in 96ms
14:49:03 INFO  - Executed action GD.API.Controllers.Doctor.HospitalController.GetHospitalAllSelectAsync (API) in 99ms
14:51:41 INFO  - Executed action GD.API.Controllers.System.UserController.GetLoginUserInfoAsync (API) in 205ms
14:51:41 INFO  - Executed action GD.API.Controllers.Doctor.HospitalController.GetHospitalAllSelectAsync (API) in 49ms
14:51:41 INFO  - Executed action GD.API.Controllers.Doctor.DoctorController.GetDoctorJobTitlesAsync (API) in 59ms
14:51:41 INFO  - Executed action GD.API.Controllers.Doctor.DoctorController.GetDoctorPageAsync (API) in 168ms
14:51:41 INFO  - Executed action GD.API.Controllers.Doctor.DoctorController.GetDoctorCertificateDetailAsync (API) in 48ms
14:52:06 INFO  - Executed action GD.API.Controllers.System.UserController.GetLoginUserInfoAsync (API) in 201ms
14:52:07 INFO  - Executed action GD.API.Controllers.Doctor.DoctorController.GetDoctorCertificateDetailAsync (API) in 67ms
14:52:07 INFO  - Executed action GD.API.Controllers.Doctor.HospitalController.GetHospitalAllSelectAsync (API) in 29ms
14:52:07 INFO  - Executed action GD.API.Controllers.Doctor.DoctorController.GetDoctorPageAsync (API) in 179ms
14:52:07 INFO  - Executed action GD.API.Controllers.Doctor.DoctorController.GetDoctorJobTitlesAsync (API) in 64ms
14:52:22 INFO  - Executed action GD.API.Controllers.Doctor.DoctorController.GetDoctorInfoAsync (API) in 104ms
14:52:23 INFO  - Executed action GD.API.Controllers.Doctor.HospitalController.GetHospitalOfficeSelectAsync (API) in 35ms
14:52:23 INFO  - Executed action GD.API.Controllers.Doctor.DoctorController.GetDoctorCertificateDetailAsync (API) in 35ms
14:53:01 INFO  - Executed action GD.API.Controllers.System.UserController.GetLoginUserInfoAsync (API) in 204ms
14:53:01 INFO  - Executed action GD.API.Controllers.Doctor.DoctorController.GetDoctorJobTitlesAsync (API) in 80ms
14:53:02 INFO  - Executed action GD.API.Controllers.Doctor.HospitalController.GetHospitalAllSelectAsync (API) in 52ms
14:53:02 INFO  - Executed action GD.API.Controllers.Doctor.DoctorController.GetDoctorCertificateDetailAsync (API) in 38ms
14:53:02 INFO  - Executed action GD.API.Controllers.Doctor.DoctorController.GetDoctorPageAsync (API) in 153ms
14:53:44 INFO  - Executed action GD.API.Controllers.System.UserController.GetLoginUserInfoAsync (API) in 208ms
14:53:45 INFO  - Executed action GD.API.Controllers.Doctor.DoctorController.GetDoctorCertificateDetailAsync (API) in 167ms
14:53:45 INFO  - Executed action GD.API.Controllers.Doctor.DoctorController.GetDoctorJobTitlesAsync (API) in 62ms
14:53:45 INFO  - Executed action GD.API.Controllers.Doctor.HospitalController.GetHospitalAllSelectAsync (API) in 33ms
14:53:45 INFO  - Executed action GD.API.Controllers.Doctor.DoctorController.GetDoctorPageAsync (API) in 136ms
14:54:11 INFO  - Executed action GD.API.Controllers.System.UserController.GetLoginUserInfoAsync (API) in 200ms
14:54:12 INFO  - Executed action GD.API.Controllers.Doctor.HospitalController.GetHospitalAllSelectAsync (API) in 37ms
14:54:12 INFO  - Executed action GD.API.Controllers.Doctor.DoctorController.GetDoctorCertificateDetailAsync (API) in 36ms
14:54:12 INFO  - Executed action GD.API.Controllers.Doctor.DoctorController.GetDoctorJobTitlesAsync (API) in 64ms
14:54:12 INFO  - Executed action GD.API.Controllers.Doctor.DoctorController.GetDoctorPageAsync (API) in 132ms
14:54:44 INFO  - Executed action GD.API.Controllers.System.UserController.GetLoginUserInfoAsync (API) in 209ms
14:54:45 INFO  - Executed action GD.API.Controllers.Doctor.DoctorController.GetDoctorCertificateDetailAsync (API) in 44ms
14:54:45 INFO  - Executed action GD.API.Controllers.Doctor.HospitalController.GetHospitalAllSelectAsync (API) in 72ms
14:54:45 INFO  - Executed action GD.API.Controllers.Doctor.DoctorController.GetDoctorPageAsync (API) in 182ms
14:54:45 INFO  - Executed action GD.API.Controllers.Doctor.DoctorController.GetDoctorJobTitlesAsync (API) in 67ms
14:56:19 INFO  - Executed action GD.API.Controllers.System.UserController.GetLoginUserInfoAsync (API) in 334ms
14:56:20 INFO  - Executed action GD.API.Controllers.Doctor.HospitalController.GetHospitalAllSelectAsync (API) in 69ms
14:56:20 INFO  - Executed action GD.API.Controllers.Doctor.DoctorController.GetDoctorCertificateDetailAsync (API) in 72ms
14:56:20 INFO  - Executed action GD.API.Controllers.Doctor.DoctorController.GetDoctorPageAsync (API) in 273ms
14:56:20 INFO  - Executed action GD.API.Controllers.Doctor.DoctorController.GetDoctorJobTitlesAsync (API) in 253ms
14:56:44 INFO  - Executed action GD.API.Controllers.System.UserController.GetLoginUserInfoAsync (API) in 196ms
14:56:44 INFO  - Executed action GD.API.Controllers.Doctor.HospitalController.GetHospitalAllSelectAsync (API) in 44ms
14:56:44 INFO  - Executed action GD.API.Controllers.Doctor.DoctorController.GetDoctorCertificateDetailAsync (API) in 27ms
14:56:44 INFO  - Executed action GD.API.Controllers.Doctor.DoctorController.GetDoctorJobTitlesAsync (API) in 71ms
14:56:44 INFO  - Executed action GD.API.Controllers.Doctor.DoctorController.GetDoctorPageAsync (API) in 134ms
14:57:04 INFO  - Executed action GD.API.Controllers.System.UserController.GetLoginUserInfoAsync (API) in 179ms
14:57:05 INFO  - Executed action GD.API.Controllers.Doctor.DoctorController.GetDoctorCertificateDetailAsync (API) in 39ms
14:57:05 INFO  - Executed action GD.API.Controllers.Doctor.HospitalController.GetHospitalAllSelectAsync (API) in 41ms
14:57:05 INFO  - Executed action GD.API.Controllers.Doctor.DoctorController.GetDoctorJobTitlesAsync (API) in 55ms
14:57:05 INFO  - Executed action GD.API.Controllers.Doctor.DoctorController.GetDoctorPageAsync (API) in 109ms
14:57:16 INFO  - Executed action GD.API.Controllers.Doctor.DoctorController.GetDoctorPageAsync (API) in 138ms
14:59:06 INFO  - Executed action GD.API.Controllers.System.UserController.GetLoginUserInfoAsync (API) in 177ms
14:59:06 INFO  - Executed action GD.API.Controllers.Doctor.HospitalController.GetHospitalAllSelectAsync (API) in 46ms
14:59:06 INFO  - Executed action GD.API.Controllers.Doctor.DoctorController.GetDoctorCertificateDetailAsync (API) in 21ms
14:59:06 INFO  - Executed action GD.API.Controllers.Doctor.DoctorController.GetDoctorJobTitlesAsync (API) in 90ms
14:59:07 INFO  - Executed action GD.API.Controllers.Doctor.DoctorController.GetDoctorPageAsync (API) in 133ms
14:59:10 INFO  - Executed action GD.API.Controllers.Doctor.DoctorController.GetDoctorPageAsync (API) in 118ms
14:59:11 INFO  - Executed action GD.API.Controllers.Doctor.DoctorController.GetDoctorPageAsync (API) in 122ms
14:59:11 INFO  - Executed action GD.API.Controllers.Doctor.DoctorController.GetDoctorPageAsync (API) in 125ms
14:59:13 INFO  - Executed action GD.API.Controllers.Doctor.DoctorController.GetDoctorPageAsync (API) in 132ms
14:59:17 INFO  - Executed action GD.API.Controllers.Doctor.DoctorController.GetDoctorPageAsync (API) in 122ms
15:00:14 INFO  - Executed action GD.API.Controllers.System.UserController.GetLoginUserInfoAsync (API) in 177ms
15:00:15 INFO  - Executed action GD.API.Controllers.Doctor.DoctorController.GetDoctorCertificateDetailAsync (API) in 40ms
15:00:15 INFO  - Executed action GD.API.Controllers.Doctor.DoctorController.GetDoctorJobTitlesAsync (API) in 63ms
15:00:15 INFO  - Executed action GD.API.Controllers.Doctor.DoctorController.GetDoctorPageAsync (API) in 157ms
15:00:15 INFO  - Executed action GD.API.Controllers.Doctor.HospitalController.GetHospitalAllSelectAsync (API) in 46ms
16:40:56 INFO  - Executed action GD.API.Controllers.Utility.AccountController.LoginAdmin (API) in 308ms
16:40:56 INFO  - Executed action GD.API.Controllers.System.UserController.GetLoginUserInfoAsync (API) in 140ms
16:40:56 INFO  - Executed action GD.API.Controllers.System.HomeController.GetUserQtyAsync (API) in 26ms
16:40:56 INFO  - Executed action GD.API.Controllers.System.HomeController.GetMerchantQtyAsync (API) in 20ms
16:40:56 INFO  - Executed action GD.API.Controllers.System.HomeController.GetOrderQtyAsync (API) in 100ms
16:40:57 INFO  - Executed action GD.API.Controllers.System.HomeController.GetDoctorsQtyAsync (API) in 19ms
16:41:01 INFO  - Executed action GD.API.Controllers.Doctor.DoctorController.GetDoctorCertificateDetailAsync (API) in 41ms
16:41:01 INFO  - Executed action GD.API.Controllers.Doctor.DoctorController.GetDoctorJobTitlesAsync (API) in 45ms
16:41:01 INFO  - Executed action GD.API.Controllers.Doctor.DoctorController.GetDoctorPageAsync (API) in 95ms
16:41:01 INFO  - Executed action GD.API.Controllers.Doctor.HospitalController.GetHospitalAllSelectAsync (API) in 126ms
16:41:45 INFO  - Executed action GD.API.Controllers.System.UserController.GetLoginUserInfoAsync (API) in 144ms
16:41:46 INFO  - Executed action GD.API.Controllers.Doctor.DoctorController.GetDoctorCertificateDetailAsync (API) in 46ms
16:41:46 INFO  - Executed action GD.API.Controllers.Doctor.HospitalController.GetHospitalAllSelectAsync (API) in 43ms
16:41:46 INFO  - Executed action GD.API.Controllers.Doctor.DoctorController.GetDoctorPageAsync (API) in 156ms
16:41:46 INFO  - Executed action GD.API.Controllers.Doctor.DoctorController.GetDoctorJobTitlesAsync (API) in 45ms
16:42:44 INFO  - Executed action GD.API.Controllers.System.UserController.GetLoginUserInfoAsync (API) in 167ms
16:42:44 INFO  - Executed action GD.API.Controllers.Doctor.DoctorController.GetDoctorJobTitlesAsync (API) in 49ms
16:42:44 INFO  - Executed action GD.API.Controllers.Doctor.HospitalController.GetHospitalAllSelectAsync (API) in 33ms
16:42:44 INFO  - Executed action GD.API.Controllers.Doctor.DoctorController.GetDoctorPageAsync (API) in 134ms
16:42:44 INFO  - Executed action GD.API.Controllers.Doctor.DoctorController.GetDoctorCertificateDetailAsync (API) in 43ms
16:47:40 INFO  - Executed action GD.API.Controllers.Doctor.DoctorController.GetIntegralInfoPageAsync (API) in 130ms
16:47:40 INFO  - Executed action GD.API.Controllers.Doctor.DoctorController.GetIntegralInfoPageAsync (API) in 148ms
16:47:42 INFO  - Executed action GD.API.Controllers.Doctor.DoctorController.GetIntegralInfoPageAsync (API) in 52ms
16:47:42 INFO  - Executed action GD.API.Controllers.Doctor.DoctorController.GetIntegralInfoPageAsync (API) in 63ms
16:47:44 INFO  - Executed action GD.API.Controllers.Doctor.DoctorController.GetIntegralInfoPageAsync (API) in 46ms
16:47:44 INFO  - Executed action GD.API.Controllers.Doctor.DoctorController.GetIntegralInfoPageAsync (API) in 78ms
16:47:46 INFO  - Executed action GD.API.Controllers.Doctor.DoctorController.GetIntegralInfoPageAsync (API) in 57ms
16:47:46 INFO  - Executed action GD.API.Controllers.Doctor.DoctorController.GetIntegralInfoPageAsync (API) in 64ms
16:47:48 INFO  - Executed action GD.API.Controllers.Doctor.DoctorController.GetIntegralInfoPageAsync (API) in 91ms
16:47:48 INFO  - Executed action GD.API.Controllers.Doctor.DoctorController.GetIntegralInfoPageAsync (API) in 126ms
16:47:50 INFO  - Executed action GD.API.Controllers.Doctor.DoctorController.GetIntegralInfoPageAsync (API) in 48ms
16:47:50 INFO  - Executed action GD.API.Controllers.Doctor.DoctorController.GetIntegralInfoPageAsync (API) in 59ms
16:47:54 INFO  - Executed action GD.API.Controllers.Doctor.DoctorController.GetIntegralInfoPageAsync (API) in 62ms
16:47:54 INFO  - Executed action GD.API.Controllers.Doctor.DoctorController.GetIntegralInfoPageAsync (API) in 75ms
16:48:00 INFO  - Executed action GD.API.Controllers.Doctor.DoctorController.GetIntegralInfoPageAsync (API) in 52ms
16:48:00 INFO  - Executed action GD.API.Controllers.Doctor.DoctorController.GetIntegralInfoPageAsync (API) in 59ms
16:48:22 INFO  - Executed action GD.API.Controllers.Doctor.DoctorController.GetDoctorInfoAsync (API) in 52ms
16:48:22 INFO  - Executed action GD.API.Controllers.Doctor.HospitalController.GetHospitalOfficeSelectAsync (API) in 39ms
16:48:22 INFO  - Executed action GD.API.Controllers.Doctor.DoctorController.GetDoctorCertificateDetailAsync (API) in 38ms
16:48:25 INFO  - Executed action GD.API.Controllers.Doctor.DoctorController.GetDoctorInfoAsync (API) in 155ms
16:48:26 INFO  - Executed action GD.API.Controllers.Doctor.DoctorController.GetDoctorCertificateDetailAsync (API) in 19ms
16:48:30 INFO  - Executed action GD.API.Controllers.Doctor.DoctorController.GetDoctorInfoAsync (API) in 64ms
16:48:30 INFO  - Executed action GD.API.Controllers.Doctor.DoctorController.GetDoctorCertificateDetailAsync (API) in 21ms
17:09:02 INFO  - Executed action GD.API.Controllers.Doctor.DoctorController.GetDoctorInfoAsync (API) in 163ms
17:09:02 INFO  - Executed action GD.API.Controllers.Doctor.DoctorController.GetDoctorCertificateDetailAsync (API) in 22ms
17:09:07 INFO  - Executed action GD.API.Controllers.Doctor.DoctorController.GetDoctorInfoAsync (API) in 73ms
17:09:07 INFO  - Executed action GD.API.Controllers.Doctor.DoctorController.GetDoctorCertificateDetailAsync (API) in 20ms
17:09:10 INFO  - Executed action GD.API.Controllers.Doctor.DoctorController.GetDoctorInfoAsync (API) in 308ms
17:09:10 INFO  - Executed action GD.API.Controllers.Doctor.DoctorController.GetDoctorCertificateDetailAsync (API) in 27ms
17:09:17 INFO  - Executed action GD.API.Controllers.Doctor.DoctorController.GetDoctorInfoAsync (API) in 62ms
17:09:17 INFO  - Executed action GD.API.Controllers.Doctor.DoctorController.GetDoctorCertificateDetailAsync (API) in 27ms
17:37:54 INFO  - Executed action GD.API.Controllers.Doctor.DoctorController.GetDoctorInfoAsync (API) in 156ms
17:37:54 INFO  - Executed action GD.API.Controllers.Doctor.DoctorController.GetDoctorCertificateDetailAsync (API) in 26ms
17:37:59 INFO  - Executed action GD.API.Controllers.Doctor.DoctorController.GetDoctorInfoAsync (API) in 93ms
17:37:59 INFO  - Executed action GD.API.Controllers.Doctor.DoctorController.GetDoctorCertificateDetailAsync (API) in 28ms
17:39:05 INFO  - Executed action GD.API.Controllers.System.UserController.GetLoginUserInfoAsync (API) in 233ms
17:39:06 INFO  - Executed action GD.API.Controllers.Doctor.DoctorController.GetDoctorPageAsync (API) in 167ms
17:39:06 INFO  - Executed action GD.API.Controllers.Doctor.DoctorController.GetDoctorCertificateDetailAsync (API) in 197ms
17:39:06 INFO  - Executed action GD.API.Controllers.Doctor.HospitalController.GetHospitalAllSelectAsync (API) in 195ms
17:39:06 INFO  - Executed action GD.API.Controllers.Doctor.DoctorController.GetDoctorJobTitlesAsync (API) in 224ms
17:39:10 INFO  - Executed action GD.API.Controllers.Doctor.DoctorController.GetDoctorTopicAsync (API) in 297ms
17:39:14 INFO  - Executed action GD.API.Controllers.Doctor.DoctorController.GetDoctorInfoAsync (API) in 72ms
17:39:14 INFO  - Executed action GD.API.Controllers.Doctor.HospitalController.GetHospitalOfficeSelectAsync (API) in 29ms
17:39:14 INFO  - Executed action GD.API.Controllers.Doctor.DoctorController.GetDoctorCertificateDetailAsync (API) in 33ms
17:39:18 INFO  - Executed action GD.API.Controllers.Doctor.DoctorController.GetDoctorInfoAsync (API) in 80ms
17:39:18 INFO  - Executed action GD.API.Controllers.Doctor.DoctorController.GetDoctorCertificateDetailAsync (API) in 28ms
17:39:21 INFO  - Executed action GD.API.Controllers.Doctor.DoctorController.GetDoctorInfoAsync (API) in 102ms
17:39:21 INFO  - Executed action GD.API.Controllers.Doctor.DoctorController.GetDoctorCertificateDetailAsync (API) in 41ms
17:39:37 INFO  - Executed action GD.API.Controllers.System.UserController.GetLoginUserInfoAsync (API) in 297ms
17:39:38 INFO  - Executed action GD.API.Controllers.Doctor.DoctorController.GetDoctorCertificateDetailAsync (API) in 101ms
17:39:38 INFO  - Executed action GD.API.Controllers.Doctor.HospitalController.GetHospitalAllSelectAsync (API) in 123ms
17:39:38 INFO  - Executed action GD.API.Controllers.Doctor.DoctorController.GetDoctorJobTitlesAsync (API) in 53ms
17:39:38 INFO  - Executed action GD.API.Controllers.Doctor.DoctorController.GetDoctorPageAsync (API) in 137ms
17:39:40 INFO  - Executed action GD.API.Controllers.Doctor.DoctorController.GetDoctorInfoAsync (API) in 83ms
17:39:40 INFO  - Executed action GD.API.Controllers.Doctor.HospitalController.GetHospitalOfficeSelectAsync (API) in 41ms
17:39:40 INFO  - Executed action GD.API.Controllers.Doctor.DoctorController.GetDoctorCertificateDetailAsync (API) in 45ms
17:39:44 INFO  - Executed action GD.API.Controllers.Doctor.DoctorController.GetDoctorInfoAsync (API) in 81ms
17:39:44 INFO  - Executed action GD.API.Controllers.Doctor.DoctorController.GetDoctorCertificateDetailAsync (API) in 27ms
17:39:46 INFO  - Executed action GD.API.Controllers.Doctor.DoctorController.GetDoctorInfoAsync (API) in 87ms
17:39:46 INFO  - Executed action GD.API.Controllers.Doctor.DoctorController.GetDoctorCertificateDetailAsync (API) in 27ms
17:39:49 INFO  - Executed action GD.API.Controllers.Doctor.DoctorController.GetDoctorInfoAsync (API) in 82ms
17:39:49 INFO  - Executed action GD.API.Controllers.Doctor.DoctorController.GetDoctorCertificateDetailAsync (API) in 32ms
