08:57:22 INFO  - 开始保存聊天消息数据
08:57:22 INFO  - 聊天消息数据保存完成，共处理条 0 数据。耗时：0时0分0秒10毫秒
08:58:22 INFO  - 开始保存聊天消息数据
08:58:22 INFO  - 聊天消息数据保存完成，共处理条 0 数据。耗时：0时0分0秒18毫秒
08:59:22 INFO  - 开始保存聊天消息数据
08:59:22 INFO  - 聊天消息数据保存完成，共处理条 0 数据。耗时：0时0分0秒13毫秒
09:00:22 INFO  - 开始保存聊天消息数据
09:00:22 INFO  - 聊天消息数据保存完成，共处理条 0 数据。耗时：0时0分0秒23毫秒
09:01:22 INFO  - 开始保存聊天消息数据
09:01:22 INFO  - 聊天消息数据保存完成，共处理条 0 数据。耗时：0时0分0秒30毫秒
09:02:22 INFO  - 开始保存聊天消息数据
09:02:22 INFO  - 聊天消息数据保存完成，共处理条 0 数据。耗时：0时0分0秒30毫秒
09:03:22 INFO  - 开始保存聊天消息数据
09:03:22 INFO  - 聊天消息数据保存完成，共处理条 0 数据。耗时：0时0分0秒47毫秒
09:04:22 INFO  - 开始保存聊天消息数据
09:04:22 INFO  - 聊天消息数据保存完成，共处理条 0 数据。耗时：0时0分0秒37毫秒
09:05:22 INFO  - 开始保存聊天消息数据
09:05:22 INFO  - 聊天消息数据保存完成，共处理条 0 数据。耗时：0时0分0秒36毫秒
09:06:22 INFO  - 开始保存聊天消息数据
09:06:22 INFO  - 聊天消息数据保存完成，共处理条 0 数据。耗时：0时0分0秒20毫秒
09:07:22 INFO  - 开始保存聊天消息数据
09:07:22 INFO  - 聊天消息数据保存完成，共处理条 0 数据。耗时：0时0分0秒27毫秒
09:08:22 INFO  - 开始保存聊天消息数据
09:08:22 INFO  - 聊天消息数据保存完成，共处理条 0 数据。耗时：0时0分0秒28毫秒
09:09:22 INFO  - 开始保存聊天消息数据
09:09:22 INFO  - 聊天消息数据保存完成，共处理条 0 数据。耗时：0时0分0秒29毫秒
09:10:22 INFO  - 开始保存聊天消息数据
09:10:22 INFO  - 聊天消息数据保存完成，共处理条 0 数据。耗时：0时0分0秒33毫秒
09:11:22 INFO  - 开始保存聊天消息数据
09:11:22 INFO  - 聊天消息数据保存完成，共处理条 0 数据。耗时：0时0分0秒26毫秒
09:12:22 INFO  - 开始保存聊天消息数据
09:12:22 INFO  - 聊天消息数据保存完成，共处理条 0 数据。耗时：0时0分0秒26毫秒
09:13:22 INFO  - 开始保存聊天消息数据
09:13:22 INFO  - 聊天消息数据保存完成，共处理条 0 数据。耗时：0时0分0秒22毫秒
09:14:22 INFO  - 开始保存聊天消息数据
09:14:22 INFO  - 聊天消息数据保存完成，共处理条 0 数据。耗时：0时0分0秒39毫秒
09:15:22 INFO  - 开始保存聊天消息数据
09:15:22 INFO  - 聊天消息数据保存完成，共处理条 0 数据。耗时：0时0分0秒35毫秒
09:16:22 INFO  - 开始保存聊天消息数据
09:16:22 INFO  - 聊天消息数据保存完成，共处理条 0 数据。耗时：0时0分0秒15毫秒
09:17:22 INFO  - 开始保存聊天消息数据
09:17:22 INFO  - 聊天消息数据保存完成，共处理条 0 数据。耗时：0时0分0秒36毫秒
09:18:22 INFO  - 开始保存聊天消息数据
09:18:22 INFO  - 聊天消息数据保存完成，共处理条 0 数据。耗时：0时0分0秒35毫秒
09:19:22 INFO  - 开始保存聊天消息数据
09:19:22 INFO  - 聊天消息数据保存完成，共处理条 0 数据。耗时：0时0分0秒28毫秒
09:20:22 INFO  - 开始保存聊天消息数据
09:20:22 INFO  - 聊天消息数据保存完成，共处理条 0 数据。耗时：0时0分0秒16毫秒
09:21:22 INFO  - 开始保存聊天消息数据
09:21:22 INFO  - 聊天消息数据保存完成，共处理条 0 数据。耗时：0时0分0秒13毫秒
09:22:22 INFO  - 开始保存聊天消息数据
09:22:22 INFO  - 聊天消息数据保存完成，共处理条 0 数据。耗时：0时0分0秒12毫秒
09:23:22 INFO  - 开始保存聊天消息数据
09:23:22 INFO  - 聊天消息数据保存完成，共处理条 0 数据。耗时：0时0分0秒17毫秒
09:24:22 INFO  - 开始保存聊天消息数据
09:24:22 INFO  - 聊天消息数据保存完成，共处理条 0 数据。耗时：0时0分0秒13毫秒
09:25:22 INFO  - 开始保存聊天消息数据
09:25:22 INFO  - 聊天消息数据保存完成，共处理条 0 数据。耗时：0时0分0秒12毫秒
09:26:22 INFO  - 开始保存聊天消息数据
09:26:22 INFO  - 聊天消息数据保存完成，共处理条 0 数据。耗时：0时0分0秒12毫秒
09:27:22 INFO  - 开始保存聊天消息数据
09:27:22 INFO  - 聊天消息数据保存完成，共处理条 0 数据。耗时：0时0分0秒13毫秒
09:28:22 INFO  - 开始保存聊天消息数据
09:28:22 INFO  - 聊天消息数据保存完成，共处理条 0 数据。耗时：0时0分0秒13毫秒
09:29:22 INFO  - 开始保存聊天消息数据
09:29:22 INFO  - 聊天消息数据保存完成，共处理条 0 数据。耗时：0时0分0秒13毫秒
09:30:22 INFO  - 开始保存聊天消息数据
09:30:22 INFO  - 聊天消息数据保存完成，共处理条 0 数据。耗时：0时0分0秒12毫秒
09:31:22 INFO  - 开始保存聊天消息数据
09:31:22 INFO  - 聊天消息数据保存完成，共处理条 0 数据。耗时：0时0分0秒11毫秒
09:32:22 INFO  - 开始保存聊天消息数据
09:32:22 INFO  - 聊天消息数据保存完成，共处理条 0 数据。耗时：0时0分0秒13毫秒
09:33:22 INFO  - 开始保存聊天消息数据
09:33:22 INFO  - 聊天消息数据保存完成，共处理条 0 数据。耗时：0时0分0秒12毫秒
09:34:22 INFO  - 开始保存聊天消息数据
09:34:22 INFO  - 聊天消息数据保存完成，共处理条 0 数据。耗时：0时0分0秒13毫秒
09:35:22 INFO  - 开始保存聊天消息数据
09:35:22 INFO  - 聊天消息数据保存完成，共处理条 0 数据。耗时：0时0分0秒13毫秒
09:36:22 INFO  - 开始保存聊天消息数据
09:36:22 INFO  - 聊天消息数据保存完成，共处理条 0 数据。耗时：0时0分0秒12毫秒
09:37:22 INFO  - 开始保存聊天消息数据
09:37:22 INFO  - 聊天消息数据保存完成，共处理条 0 数据。耗时：0时0分0秒13毫秒
09:38:22 INFO  - 开始保存聊天消息数据
09:38:22 INFO  - 聊天消息数据保存完成，共处理条 0 数据。耗时：0时0分0秒15毫秒
09:39:22 INFO  - 开始保存聊天消息数据
09:39:22 INFO  - 聊天消息数据保存完成，共处理条 0 数据。耗时：0时0分0秒15毫秒
09:40:22 INFO  - 开始保存聊天消息数据
09:40:22 INFO  - 聊天消息数据保存完成，共处理条 0 数据。耗时：0时0分0秒12毫秒
09:41:22 INFO  - 开始保存聊天消息数据
09:41:23 INFO  - 聊天消息数据保存完成，共处理条 0 数据。耗时：0时0分0秒30毫秒
09:42:22 INFO  - 开始保存聊天消息数据
09:42:23 INFO  - 聊天消息数据保存完成，共处理条 0 数据。耗时：0时0分0秒34毫秒
09:43:23 INFO  - 开始保存聊天消息数据
09:43:23 INFO  - 聊天消息数据保存完成，共处理条 0 数据。耗时：0时0分0秒29毫秒
09:44:23 INFO  - 开始保存聊天消息数据
09:44:23 INFO  - 聊天消息数据保存完成，共处理条 0 数据。耗时：0时0分0秒32毫秒
09:45:23 INFO  - 开始保存聊天消息数据
09:45:23 INFO  - 聊天消息数据保存完成，共处理条 0 数据。耗时：0时0分0秒35毫秒
09:46:23 INFO  - 开始保存聊天消息数据
09:46:23 INFO  - 聊天消息数据保存完成，共处理条 0 数据。耗时：0时0分0秒20毫秒
09:47:23 INFO  - 开始保存聊天消息数据
09:47:23 INFO  - 聊天消息数据保存完成，共处理条 0 数据。耗时：0时0分0秒20毫秒
09:48:23 INFO  - 开始保存聊天消息数据
09:48:23 INFO  - 聊天消息数据保存完成，共处理条 0 数据。耗时：0时0分0秒12毫秒
09:49:23 INFO  - 开始保存聊天消息数据
09:49:23 INFO  - 聊天消息数据保存完成，共处理条 0 数据。耗时：0时0分0秒12毫秒
09:50:23 INFO  - 开始保存聊天消息数据
09:50:23 INFO  - 聊天消息数据保存完成，共处理条 0 数据。耗时：0时0分0秒13毫秒
09:51:23 INFO  - 开始保存聊天消息数据
09:51:23 INFO  - 聊天消息数据保存完成，共处理条 0 数据。耗时：0时0分0秒53毫秒
09:52:23 INFO  - 开始保存聊天消息数据
09:52:23 INFO  - 聊天消息数据保存完成，共处理条 0 数据。耗时：0时0分0秒50毫秒
09:53:23 INFO  - 开始保存聊天消息数据
09:53:23 INFO  - 聊天消息数据保存完成，共处理条 0 数据。耗时：0时0分0秒45毫秒
09:54:23 INFO  - 开始保存聊天消息数据
09:54:23 INFO  - 聊天消息数据保存完成，共处理条 0 数据。耗时：0时0分0秒65毫秒
09:55:23 INFO  - 开始保存聊天消息数据
09:55:23 INFO  - 聊天消息数据保存完成，共处理条 0 数据。耗时：0时0分0秒12毫秒
09:56:23 INFO  - 开始保存聊天消息数据
09:56:23 INFO  - 聊天消息数据保存完成，共处理条 0 数据。耗时：0时0分0秒13毫秒
09:57:23 INFO  - 开始保存聊天消息数据
09:57:23 INFO  - 聊天消息数据保存完成，共处理条 0 数据。耗时：0时0分0秒11毫秒
09:58:23 INFO  - 开始保存聊天消息数据
09:58:23 INFO  - 聊天消息数据保存完成，共处理条 0 数据。耗时：0时0分0秒17毫秒
09:59:23 INFO  - 开始保存聊天消息数据
09:59:23 INFO  - 聊天消息数据保存完成，共处理条 0 数据。耗时：0时0分0秒11毫秒
10:00:23 INFO  - 开始保存聊天消息数据
10:00:23 INFO  - 聊天消息数据保存完成，共处理条 0 数据。耗时：0时0分0秒11毫秒
10:00:24 INFO  - Executed action GD.API.Controllers.Manager.RecommendController.GetHomeRecommendAsync (API) in 201ms
10:00:24 INFO  - Executed action GD.API.Controllers.Manager.BannerController.GetHomeBannerAsync (API) in 156ms
10:00:24 INFO  - Executed action GD.API.Controllers.FAQs.FAQsClientController.GetFAQsTrendsAsync (API) in 122ms
10:00:24 INFO  - Executed action GD.API.Controllers.Utility.ArticleController.GetHomeHeadlineAsync (API) in 65ms
10:00:24 INFO  - Executed action GD.API.Controllers.Doctor.HospitalController.GetHospitalPageListAsync (API) in 63ms
10:00:24 INFO  - Executed action GD.API.Controllers.Utility.ArticleController.GetClientRecommandArticleListAsync (API) in 65ms
10:00:24 INFO  - Executed action GD.API.Controllers.Consumer.ConsumerController.GetClientWechatJSSDKSignatureAsync (API) in 434ms
10:00:24 INFO  - Executed action GD.API.Controllers.Consumer.ConsumerController.GetClientWechatJSSDKSignatureAsync (API) in 283ms
10:01:23 INFO  - 开始保存聊天消息数据
10:01:23 INFO  - 聊天消息数据保存完成，共处理条 0 数据。耗时：0时0分0秒12毫秒
10:02:23 INFO  - 开始保存聊天消息数据
10:02:23 INFO  - 聊天消息数据保存完成，共处理条 0 数据。耗时：0时0分0秒28毫秒
10:03:08 INFO  - Executed action GD.API.Controllers.Mall.MallController.GetMyShoppingCarTotal (API) in 37ms
10:03:08 INFO  - Executed action GD.API.Controllers.Consumer.ConsumerController.GetClientWechatJSSDKSignatureAsync (API) in 339ms
10:03:23 INFO  - 开始保存聊天消息数据
10:03:23 INFO  - 聊天消息数据保存完成，共处理条 0 数据。耗时：0时0分0秒12毫秒
10:03:45 INFO  - Executed action GD.API.Controllers.Mall.MallController.GetMyShoppingCarTotal (API) in 26ms
10:03:59 INFO  - Executed action GD.API.Controllers.Mall.MallController.GetMyShoppingCarTotal (API) in 41ms
10:04:23 INFO  - 开始保存聊天消息数据
10:04:23 INFO  - 聊天消息数据保存完成，共处理条 0 数据。耗时：0时0分0秒12毫秒
10:04:42 INFO  - Executed action GD.API.Controllers.Mall.MallController.GetMyShoppingCarTotal (API) in 29ms
10:04:43 INFO  - Executed action GD.API.Controllers.Consumer.ConsumerController.GetClientWechatJSSDKSignatureAsync (API) in 297ms
10:04:56 INFO  - Executed action GD.API.Controllers.Mall.MallController.GetMyShoppingCarTotal (API) in 55ms
10:04:57 INFO  - Executed action GD.API.Controllers.Consumer.ConsumerController.GetClientWechatJSSDKSignatureAsync (API) in 291ms
10:05:10 INFO  - Executed action GD.API.Controllers.Mall.MallController.GetMyShoppingCarTotal (API) in 36ms
10:05:11 INFO  - Executed action GD.API.Controllers.Consumer.ConsumerController.GetClientWechatJSSDKSignatureAsync (API) in 343ms
10:05:23 INFO  - 开始保存聊天消息数据
10:05:23 INFO  - 聊天消息数据保存完成，共处理条 0 数据。耗时：0时0分0秒8毫秒
10:05:28 INFO  - Executed action GD.API.Controllers.Mall.MallController.GetMyShoppingCarTotal (API) in 29ms
10:05:29 INFO  - Executed action GD.API.Controllers.Consumer.ConsumerController.GetClientWechatJSSDKSignatureAsync (API) in 413ms
10:06:03 INFO  - Executed action GD.API.Controllers.Mall.MallController.GetMyShoppingCarTotal (API) in 88ms
10:06:04 INFO  - Executed action GD.API.Controllers.Consumer.ConsumerController.GetClientWechatJSSDKSignatureAsync (API) in 329ms
10:06:23 INFO  - 开始保存聊天消息数据
10:06:23 INFO  - 聊天消息数据保存完成，共处理条 0 数据。耗时：0时0分0秒13毫秒
10:06:27 INFO  - Executed action GD.API.Controllers.Mall.MallController.GetMyShoppingCarTotal (API) in 36ms
10:06:28 INFO  - Executed action GD.API.Controllers.Consumer.ConsumerController.GetClientWechatJSSDKSignatureAsync (API) in 327ms
10:07:23 INFO  - 开始保存聊天消息数据
10:07:23 INFO  - 聊天消息数据保存完成，共处理条 0 数据。耗时：0时0分0秒12毫秒
10:08:23 INFO  - 开始保存聊天消息数据
10:08:23 INFO  - 聊天消息数据保存完成，共处理条 0 数据。耗时：0时0分0秒12毫秒
10:09:23 INFO  - 开始保存聊天消息数据
10:09:23 INFO  - 聊天消息数据保存完成，共处理条 0 数据。耗时：0时0分0秒23毫秒
10:10:23 INFO  - 开始保存聊天消息数据
10:10:23 INFO  - 聊天消息数据保存完成，共处理条 0 数据。耗时：0时0分0秒13毫秒
10:11:23 INFO  - 开始保存聊天消息数据
10:11:23 INFO  - 聊天消息数据保存完成，共处理条 0 数据。耗时：0时0分0秒12毫秒
10:12:23 INFO  - 开始保存聊天消息数据
10:12:23 INFO  - 聊天消息数据保存完成，共处理条 0 数据。耗时：0时0分0秒15毫秒
10:13:23 INFO  - 开始保存聊天消息数据
10:13:23 INFO  - 聊天消息数据保存完成，共处理条 0 数据。耗时：0时0分0秒14毫秒
10:14:23 INFO  - 开始保存聊天消息数据
10:14:23 INFO  - 聊天消息数据保存完成，共处理条 0 数据。耗时：0时0分0秒13毫秒
10:15:23 INFO  - 开始保存聊天消息数据
10:15:23 INFO  - 聊天消息数据保存完成，共处理条 0 数据。耗时：0时0分0秒9毫秒
10:16:23 INFO  - 开始保存聊天消息数据
10:16:23 INFO  - 聊天消息数据保存完成，共处理条 0 数据。耗时：0时0分0秒12毫秒
10:17:23 INFO  - 开始保存聊天消息数据
10:17:23 INFO  - 聊天消息数据保存完成，共处理条 0 数据。耗时：0时0分0秒31毫秒
10:18:23 INFO  - 开始保存聊天消息数据
10:18:23 INFO  - 聊天消息数据保存完成，共处理条 0 数据。耗时：0时0分0秒13毫秒
10:19:07 INFO  - Executed action GD.API.Controllers.Mall.MallController.GetMyShoppingCarTotal (API) in 94ms
10:19:08 INFO  - Executed action GD.API.Controllers.Consumer.ConsumerController.GetClientWechatJSSDKSignatureAsync (API) in 349ms
10:19:23 INFO  - 开始保存聊天消息数据
10:19:23 INFO  - 聊天消息数据保存完成，共处理条 0 数据。耗时：0时0分0秒16毫秒
10:20:23 INFO  - 开始保存聊天消息数据
10:20:23 INFO  - 聊天消息数据保存完成，共处理条 0 数据。耗时：0时0分0秒12毫秒
10:21:23 INFO  - 开始保存聊天消息数据
10:21:23 INFO  - 聊天消息数据保存完成，共处理条 0 数据。耗时：0时0分0秒13毫秒
10:22:11 INFO  - Executed action GD.API.Controllers.Mall.MallController.GetMyShoppingCarTotal (API) in 31ms
10:22:12 INFO  - Executed action GD.API.Controllers.Consumer.ConsumerController.GetClientWechatJSSDKSignatureAsync (API) in 354ms
10:22:23 INFO  - 开始保存聊天消息数据
10:22:23 INFO  - 聊天消息数据保存完成，共处理条 0 数据。耗时：0时0分0秒8毫秒
10:23:23 INFO  - 开始保存聊天消息数据
10:23:23 INFO  - 聊天消息数据保存完成，共处理条 0 数据。耗时：0时0分0秒12毫秒
10:24:23 INFO  - 开始保存聊天消息数据
10:24:23 INFO  - 聊天消息数据保存完成，共处理条 0 数据。耗时：0时0分0秒15毫秒
10:25:23 INFO  - 开始保存聊天消息数据
10:25:23 INFO  - 聊天消息数据保存完成，共处理条 0 数据。耗时：0时0分0秒12毫秒
10:26:23 INFO  - 开始保存聊天消息数据
10:26:23 INFO  - 聊天消息数据保存完成，共处理条 0 数据。耗时：0时0分0秒13毫秒
10:27:23 INFO  - Executed action GD.API.Controllers.Mall.MallController.GetMyShoppingCarTotal (API) in 29ms
10:27:23 INFO  - 开始保存聊天消息数据
10:27:23 INFO  - 聊天消息数据保存完成，共处理条 0 数据。耗时：0时0分0秒12毫秒
10:27:24 INFO  - Executed action GD.API.Controllers.Consumer.ConsumerController.GetClientWechatJSSDKSignatureAsync (API) in 273ms
10:27:58 INFO  - Executed action GD.API.Controllers.Mall.MallController.GetMyShoppingCarTotal (API) in 29ms
10:28:23 INFO  - 开始保存聊天消息数据
10:28:23 INFO  - 聊天消息数据保存完成，共处理条 0 数据。耗时：0时0分0秒18毫秒
10:28:24 INFO  - Executed action GD.API.Controllers.Consumer.ConsumerController.GetClientWechatJSSDKSignatureAsync (API) in 366ms
10:29:23 INFO  - 开始保存聊天消息数据
10:29:23 INFO  - 聊天消息数据保存完成，共处理条 0 数据。耗时：0时0分0秒13毫秒
10:30:14 INFO  - Executed action GD.API.Controllers.Mall.MallController.GetMyShoppingCarTotal (API) in 31ms
10:30:23 INFO  - 开始保存聊天消息数据
10:30:23 INFO  - 聊天消息数据保存完成，共处理条 0 数据。耗时：0时0分0秒8毫秒
10:30:59 INFO  - Executed action GD.API.Controllers.Mall.MallController.GetMyShoppingCarTotal (API) in 29ms
10:31:23 INFO  - 开始保存聊天消息数据
10:31:23 INFO  - 聊天消息数据保存完成，共处理条 0 数据。耗时：0时0分0秒13毫秒
10:31:47 INFO  - Executed action GD.API.Controllers.Mall.MallController.GetMyShoppingCarTotal (API) in 38ms
10:31:47 INFO  - Executed action GD.API.Controllers.Consumer.ConsumerController.GetClientWechatJSSDKSignatureAsync (API) in 324ms
10:32:23 INFO  - 开始保存聊天消息数据
10:32:23 INFO  - 聊天消息数据保存完成，共处理条 0 数据。耗时：0时0分0秒14毫秒
10:32:35 INFO  - Executed action GD.API.Controllers.Mall.MallController.GetMyShoppingCarTotal (API) in 30ms
10:32:43 INFO  - Executed action GD.API.Controllers.Consumer.ConsumerController.GetClientWechatJSSDKSignatureAsync (API) in 335ms
10:33:23 INFO  - 开始保存聊天消息数据
10:33:23 INFO  - 聊天消息数据保存完成，共处理条 0 数据。耗时：0时0分0秒12毫秒
10:33:33 INFO  - Executed action GD.API.Controllers.Mall.MallController.GetMyShoppingCarTotal (API) in 77ms
10:33:33 INFO  - Executed action GD.API.Controllers.Consumer.ConsumerController.GetClientWechatJSSDKSignatureAsync (API) in 251ms
10:34:23 INFO  - 开始保存聊天消息数据
10:34:23 INFO  - 聊天消息数据保存完成，共处理条 0 数据。耗时：0时0分0秒12毫秒
10:35:12 INFO  - Executed action GD.API.Controllers.Manager.RecommendController.GetHomeRecommendAsync (API) in 24ms
10:35:12 INFO  - Executed action GD.API.Controllers.Utility.ArticleController.GetHomeHeadlineAsync (API) in 43ms
10:35:12 INFO  - Executed action GD.API.Controllers.FAQs.FAQsClientController.GetFAQsTrendsAsync (API) in 24ms
10:35:12 INFO  - Executed action GD.API.Controllers.Manager.BannerController.GetHomeBannerAsync (API) in 35ms
10:35:12 INFO  - Executed action GD.API.Controllers.Doctor.HospitalController.GetHospitalPageListAsync (API) in 67ms
10:35:12 INFO  - Executed action GD.API.Controllers.Utility.ArticleController.GetClientRecommandArticleListAsync (API) in 196ms
10:35:12 INFO  - Executed action GD.API.Controllers.Consumer.ConsumerController.GetClientWechatJSSDKSignatureAsync (API) in 285ms
10:35:23 INFO  - 开始保存聊天消息数据
10:35:23 INFO  - 聊天消息数据保存完成，共处理条 0 数据。耗时：0时0分0秒9毫秒
10:36:23 INFO  - 开始保存聊天消息数据
10:36:23 INFO  - 聊天消息数据保存完成，共处理条 0 数据。耗时：0时0分0秒31毫秒
10:36:49 INFO  - Executed action GD.API.Controllers.Mall.MallController.GetMyShoppingCarTotal (API) in 61ms
10:36:50 INFO  - Executed action GD.API.Controllers.Consumer.ConsumerController.GetClientWechatJSSDKSignatureAsync (API) in 310ms
10:37:23 INFO  - 开始保存聊天消息数据
10:37:23 INFO  - 聊天消息数据保存完成，共处理条 0 数据。耗时：0时0分0秒16毫秒
10:37:57 INFO  - Executed action GD.API.Controllers.Mall.MallController.GetMyShoppingCarTotal (API) in 83ms
10:37:58 INFO  - Executed action GD.API.Controllers.Consumer.ConsumerController.GetClientWechatJSSDKSignatureAsync (API) in 336ms
10:38:23 INFO  - 开始保存聊天消息数据
10:38:23 INFO  - 聊天消息数据保存完成，共处理条 0 数据。耗时：0时0分0秒12毫秒
10:39:23 INFO  - 开始保存聊天消息数据
10:39:23 INFO  - 聊天消息数据保存完成，共处理条 0 数据。耗时：0时0分0秒89毫秒
10:40:23 INFO  - 开始保存聊天消息数据
10:40:23 INFO  - 聊天消息数据保存完成，共处理条 0 数据。耗时：0时0分0秒9毫秒
10:40:23 INFO  - Executed action GD.API.Controllers.Mall.MallController.GetMyShoppingCarTotal (API) in 30ms
10:40:24 INFO  - Executed action GD.API.Controllers.Consumer.ConsumerController.GetClientWechatJSSDKSignatureAsync (API) in 388ms
10:40:56 INFO  - Executed action GD.API.Controllers.Mall.MallController.GetMyShoppingCarTotal (API) in 58ms
10:40:56 INFO  - Executed action GD.API.Controllers.Consumer.ConsumerController.GetClientWechatJSSDKSignatureAsync (API) in 367ms
10:41:23 INFO  - 开始保存聊天消息数据
10:41:23 INFO  - 聊天消息数据保存完成，共处理条 0 数据。耗时：0时0分0秒12毫秒
10:42:23 INFO  - 开始保存聊天消息数据
10:42:23 INFO  - 聊天消息数据保存完成，共处理条 0 数据。耗时：0时0分0秒18毫秒
10:43:23 INFO  - 开始保存聊天消息数据
10:43:23 INFO  - 聊天消息数据保存完成，共处理条 0 数据。耗时：0时0分0秒22毫秒
10:44:08 INFO  - Executed action GD.API.Controllers.Mall.MallController.GetMyShoppingCarTotal (API) in 59ms
10:44:08 INFO  - Executed action GD.API.Controllers.Consumer.ConsumerController.GetClientWechatJSSDKSignatureAsync (API) in 258ms
10:44:18 INFO  - Executed action GD.API.Controllers.Mall.MallController.GetMyShoppingCarTotal (API) in 73ms
10:44:23 INFO  - 开始保存聊天消息数据
10:44:23 INFO  - 聊天消息数据保存完成，共处理条 0 数据。耗时：0时0分0秒31毫秒
10:44:25 INFO  - Executed action GD.API.Controllers.Consumer.ConsumerController.GetClientWechatJSSDKSignatureAsync (API) in 359ms
10:45:23 INFO  - 开始保存聊天消息数据
10:45:23 INFO  - 聊天消息数据保存完成，共处理条 0 数据。耗时：0时0分0秒10毫秒
10:46:23 INFO  - 开始保存聊天消息数据
10:46:23 INFO  - 聊天消息数据保存完成，共处理条 0 数据。耗时：0时0分0秒15毫秒
10:47:23 INFO  - 开始保存聊天消息数据
10:47:23 INFO  - 聊天消息数据保存完成，共处理条 0 数据。耗时：0时0分0秒12毫秒
10:48:23 INFO  - 开始保存聊天消息数据
10:48:23 INFO  - 聊天消息数据保存完成，共处理条 0 数据。耗时：0时0分0秒19毫秒
10:49:23 INFO  - 开始保存聊天消息数据
10:49:23 INFO  - 聊天消息数据保存完成，共处理条 0 数据。耗时：0时0分0秒9毫秒
10:50:23 INFO  - 开始保存聊天消息数据
10:50:23 INFO  - 聊天消息数据保存完成，共处理条 0 数据。耗时：0时0分0秒8毫秒
10:51:23 INFO  - 开始保存聊天消息数据
10:51:23 INFO  - 聊天消息数据保存完成，共处理条 0 数据。耗时：0时0分0秒12毫秒
10:52:23 INFO  - 开始保存聊天消息数据
10:52:23 INFO  - 聊天消息数据保存完成，共处理条 0 数据。耗时：0时0分0秒12毫秒
10:52:47 INFO  - Executed action GD.API.Controllers.Mall.MallController.GetMyShoppingCarTotal (API) in 138ms
10:52:47 INFO  - Executed action GD.API.Controllers.Consumer.ConsumerController.GetClientWechatJSSDKSignatureAsync (API) in 356ms
10:53:23 INFO  - 开始保存聊天消息数据
10:53:23 INFO  - 聊天消息数据保存完成，共处理条 0 数据。耗时：0时0分0秒15毫秒
10:53:26 INFO  - Executed action GD.API.Controllers.Mall.MallController.GetMyShoppingCarTotal (API) in 42ms
10:53:29 INFO  - Executed action GD.API.Controllers.Mall.MallController.GetMyShoppingCarTotal (API) in 74ms
10:53:29 INFO  - Executed action GD.API.Controllers.Doctor.HospitalController.GetHospitalPageListAsync (API) in 70ms
10:53:29 INFO  - Executed action GD.API.Controllers.Manager.RecommendController.GetHomeRecommendAsync (API) in 139ms
10:53:29 INFO  - Executed action GD.API.Controllers.Manager.BannerController.GetHomeBannerAsync (API) in 62ms
10:53:29 INFO  - Executed action GD.API.Controllers.Utility.ArticleController.GetHomeHeadlineAsync (API) in 59ms
10:53:29 INFO  - Executed action GD.API.Controllers.FAQs.FAQsClientController.GetFAQsTrendsAsync (API) in 33ms
10:53:29 INFO  - Executed action GD.API.Controllers.Utility.ArticleController.GetClientRecommandArticleListAsync (API) in 137ms
10:53:30 INFO  - Executed action GD.API.Controllers.Consumer.ConsumerController.GetClientWechatJSSDKSignatureAsync (API) in 302ms
10:54:00 INFO  - Executed action GD.API.Controllers.Manager.RecommendController.GetHomeRecommendAsync (API) in 49ms
10:54:00 INFO  - Executed action GD.API.Controllers.Utility.ArticleController.GetClientRecommandArticleListAsync (API) in 105ms
10:54:00 INFO  - Executed action GD.API.Controllers.FAQs.FAQsClientController.GetFAQsTrendsAsync (API) in 41ms
10:54:01 INFO  - Executed action GD.API.Controllers.Manager.BannerController.GetHomeBannerAsync (API) in 35ms
10:54:01 INFO  - Executed action GD.API.Controllers.Doctor.HospitalController.GetHospitalPageListAsync (API) in 65ms
10:54:01 INFO  - Executed action GD.API.Controllers.Utility.ArticleController.GetHomeHeadlineAsync (API) in 32ms
10:54:01 INFO  - Executed action GD.API.Controllers.Consumer.ConsumerController.GetClientWechatJSSDKSignatureAsync (API) in 340ms
10:54:02 INFO  - Executed action GD.API.Controllers.Manager.RecommendController.GetHomeRecommendAsync (API) in 35ms
10:54:02 INFO  - Executed action GD.API.Controllers.Utility.ArticleController.GetHomeHeadlineAsync (API) in 116ms
10:54:02 INFO  - Executed action GD.API.Controllers.Doctor.HospitalController.GetHospitalPageListAsync (API) in 226ms
10:54:02 INFO  - Executed action GD.API.Controllers.Utility.ArticleController.GetClientRecommandArticleListAsync (API) in 220ms
10:54:02 INFO  - Executed action GD.API.Controllers.Consumer.ConsumerController.GetClientWechatJSSDKSignatureAsync (API) in 326ms
10:54:04 INFO  - Executed action GD.API.Controllers.Manager.RecommendController.GetHomeRecommendAsync (API) in 75ms
10:54:04 INFO  - Executed action GD.API.Controllers.Utility.ArticleController.GetHomeHeadlineAsync (API) in 68ms
10:54:04 INFO  - Executed action GD.API.Controllers.Doctor.HospitalController.GetHospitalPageListAsync (API) in 56ms
10:54:04 INFO  - Executed action GD.API.Controllers.Utility.ArticleController.GetClientRecommandArticleListAsync (API) in 76ms
10:54:04 INFO  - Executed action GD.API.Controllers.Consumer.ConsumerController.GetClientWechatJSSDKSignatureAsync (API) in 291ms
10:54:05 INFO  - Executed action GD.API.Controllers.Consumer.ConsumerController.GetClientWechatJSSDKSignatureAsync (API) in 298ms
10:54:05 INFO  - Executed action GD.API.Controllers.Manager.RecommendController.GetHomeRecommendAsync (API) in 32ms
10:54:05 INFO  - Executed action GD.API.Controllers.FAQs.FAQsClientController.GetFAQsTrendsAsync (API) in 29ms
10:54:05 INFO  - Executed action GD.API.Controllers.Utility.ArticleController.GetHomeHeadlineAsync (API) in 27ms
10:54:05 INFO  - Executed action GD.API.Controllers.Doctor.HospitalController.GetHospitalPageListAsync (API) in 58ms
10:54:05 INFO  - Executed action GD.API.Controllers.Manager.BannerController.GetHomeBannerAsync (API) in 31ms
10:54:05 INFO  - Executed action GD.API.Controllers.Utility.ArticleController.GetClientRecommandArticleListAsync (API) in 59ms
10:54:05 INFO  - Executed action GD.API.Controllers.Consumer.ConsumerController.GetClientWechatJSSDKSignatureAsync (API) in 237ms
10:54:06 INFO  - Executed action GD.API.Controllers.Manager.RecommendController.GetRecommendHospitalListAsync (API) in 57ms
10:54:06 INFO  - Executed action GD.API.Controllers.Consumer.ConsumerController.GetClientWechatJSSDKSignatureAsync (API) in 266ms
10:54:14 INFO  - Executed action GD.API.Controllers.Mall.MallController.GetMyShoppingCarTotal (API) in 48ms
10:54:19 INFO  - Executed action GD.API.Controllers.Consumer.ConsumerController.GetClientWechatJSSDKSignatureAsync (API) in 220ms
10:54:23 INFO  - 开始保存聊天消息数据
10:54:23 INFO  - 聊天消息数据保存完成，共处理条 0 数据。耗时：0时0分0秒10毫秒
10:54:39 INFO  - Executed action GD.API.Controllers.Mall.MallController.GetMyShoppingCarTotal (API) in 53ms
10:54:39 INFO  - Executed action GD.API.Controllers.Consumer.ConsumerController.GetClientWechatJSSDKSignatureAsync (API) in 309ms
10:55:23 INFO  - 开始保存聊天消息数据
10:55:23 INFO  - 聊天消息数据保存完成，共处理条 0 数据。耗时：0时0分0秒12毫秒
10:56:09 INFO  - Executed action GD.API.Controllers.Mall.MallController.GetMyShoppingCarTotal (API) in 46ms
10:56:10 INFO  - Executed action GD.API.Controllers.Consumer.ConsumerController.GetClientWechatJSSDKSignatureAsync (API) in 293ms
10:56:23 INFO  - 开始保存聊天消息数据
10:56:23 INFO  - 聊天消息数据保存完成，共处理条 0 数据。耗时：0时0分0秒7毫秒
10:57:23 INFO  - 开始保存聊天消息数据
10:57:23 INFO  - 聊天消息数据保存完成，共处理条 0 数据。耗时：0时0分0秒12毫秒
10:58:23 INFO  - 开始保存聊天消息数据
10:58:23 INFO  - 聊天消息数据保存完成，共处理条 0 数据。耗时：0时0分0秒12毫秒
10:59:23 INFO  - 开始保存聊天消息数据
10:59:23 INFO  - 聊天消息数据保存完成，共处理条 0 数据。耗时：0时0分0秒12毫秒
11:00:23 INFO  - 开始保存聊天消息数据
11:00:23 INFO  - 聊天消息数据保存完成，共处理条 0 数据。耗时：0时0分0秒12毫秒
11:00:30 INFO  - Executed action GD.API.Controllers.Mall.MallController.GetMyShoppingCarTotal (API) in 54ms
11:00:30 INFO  - Executed action GD.API.Controllers.Consumer.ConsumerController.GetClientWechatJSSDKSignatureAsync (API) in 307ms
11:01:23 INFO  - 开始保存聊天消息数据
11:01:23 INFO  - 聊天消息数据保存完成，共处理条 0 数据。耗时：0时0分0秒13毫秒
11:02:23 INFO  - 开始保存聊天消息数据
11:02:23 INFO  - 聊天消息数据保存完成，共处理条 0 数据。耗时：0时0分0秒13毫秒
11:03:23 INFO  - 开始保存聊天消息数据
11:03:23 INFO  - 聊天消息数据保存完成，共处理条 0 数据。耗时：0时0分0秒17毫秒
11:04:23 INFO  - 开始保存聊天消息数据
11:04:23 INFO  - 聊天消息数据保存完成，共处理条 0 数据。耗时：0时0分0秒13毫秒
11:05:23 INFO  - 开始保存聊天消息数据
11:05:23 INFO  - 聊天消息数据保存完成，共处理条 0 数据。耗时：0时0分0秒12毫秒
11:06:23 INFO  - 开始保存聊天消息数据
11:06:23 INFO  - 聊天消息数据保存完成，共处理条 0 数据。耗时：0时0分0秒12毫秒
11:07:23 INFO  - 开始保存聊天消息数据
11:07:23 INFO  - 聊天消息数据保存完成，共处理条 0 数据。耗时：0时0分0秒12毫秒
11:08:23 INFO  - 开始保存聊天消息数据
11:08:23 INFO  - 聊天消息数据保存完成，共处理条 0 数据。耗时：0时0分0秒88毫秒
11:09:23 INFO  - 开始保存聊天消息数据
11:09:23 INFO  - 聊天消息数据保存完成，共处理条 0 数据。耗时：0时0分0秒13毫秒
11:10:23 INFO  - 开始保存聊天消息数据
11:10:23 INFO  - 聊天消息数据保存完成，共处理条 0 数据。耗时：0时0分0秒15毫秒
11:11:23 INFO  - 开始保存聊天消息数据
11:11:23 INFO  - 聊天消息数据保存完成，共处理条 0 数据。耗时：0时0分0秒98毫秒
11:12:23 INFO  - 开始保存聊天消息数据
11:12:23 INFO  - 聊天消息数据保存完成，共处理条 0 数据。耗时：0时0分0秒12毫秒
11:13:23 INFO  - 开始保存聊天消息数据
11:13:23 INFO  - 聊天消息数据保存完成，共处理条 0 数据。耗时：0时0分0秒12毫秒
11:14:23 INFO  - 开始保存聊天消息数据
11:14:23 INFO  - 聊天消息数据保存完成，共处理条 0 数据。耗时：0时0分0秒14毫秒
11:15:23 INFO  - 开始保存聊天消息数据
11:15:23 INFO  - 聊天消息数据保存完成，共处理条 0 数据。耗时：0时0分0秒13毫秒
11:16:23 INFO  - 开始保存聊天消息数据
11:16:23 INFO  - 聊天消息数据保存完成，共处理条 0 数据。耗时：0时0分0秒13毫秒
11:17:23 INFO  - 开始保存聊天消息数据
11:17:23 INFO  - 聊天消息数据保存完成，共处理条 0 数据。耗时：0时0分0秒12毫秒
11:18:23 INFO  - 开始保存聊天消息数据
11:18:23 INFO  - 聊天消息数据保存完成，共处理条 0 数据。耗时：0时0分0秒17毫秒
11:19:23 INFO  - 开始保存聊天消息数据
11:19:23 INFO  - 聊天消息数据保存完成，共处理条 0 数据。耗时：0时0分0秒15毫秒
11:20:23 INFO  - 开始保存聊天消息数据
11:20:23 INFO  - 聊天消息数据保存完成，共处理条 0 数据。耗时：0时0分0秒13毫秒
11:21:23 INFO  - 开始保存聊天消息数据
11:21:23 INFO  - 聊天消息数据保存完成，共处理条 0 数据。耗时：0时0分0秒13毫秒
11:22:23 INFO  - 开始保存聊天消息数据
11:22:23 INFO  - 聊天消息数据保存完成，共处理条 0 数据。耗时：0时0分0秒11毫秒
11:23:23 INFO  - 开始保存聊天消息数据
11:23:23 INFO  - 聊天消息数据保存完成，共处理条 0 数据。耗时：0时0分0秒22毫秒
11:24:23 INFO  - 开始保存聊天消息数据
11:24:23 INFO  - 聊天消息数据保存完成，共处理条 0 数据。耗时：0时0分0秒13毫秒
11:25:23 INFO  - 开始保存聊天消息数据
11:25:23 INFO  - 聊天消息数据保存完成，共处理条 0 数据。耗时：0时0分0秒22毫秒
11:26:23 INFO  - 开始保存聊天消息数据
11:26:23 INFO  - 聊天消息数据保存完成，共处理条 0 数据。耗时：0时0分0秒12毫秒
11:27:23 INFO  - 开始保存聊天消息数据
11:27:23 INFO  - 聊天消息数据保存完成，共处理条 0 数据。耗时：0时0分0秒13毫秒
11:28:23 INFO  - 开始保存聊天消息数据
11:28:23 INFO  - 聊天消息数据保存完成，共处理条 0 数据。耗时：0时0分0秒13毫秒
11:29:23 INFO  - 开始保存聊天消息数据
11:29:23 INFO  - 聊天消息数据保存完成，共处理条 0 数据。耗时：0时0分0秒13毫秒
11:30:23 INFO  - 开始保存聊天消息数据
11:30:23 INFO  - 聊天消息数据保存完成，共处理条 0 数据。耗时：0时0分0秒106毫秒
11:31:23 INFO  - 开始保存聊天消息数据
11:31:23 INFO  - 聊天消息数据保存完成，共处理条 0 数据。耗时：0时0分0秒11毫秒
11:32:23 INFO  - 开始保存聊天消息数据
11:32:23 INFO  - 聊天消息数据保存完成，共处理条 0 数据。耗时：0时0分0秒12毫秒
11:33:23 INFO  - 开始保存聊天消息数据
11:33:23 INFO  - 聊天消息数据保存完成，共处理条 0 数据。耗时：0时0分0秒12毫秒
11:34:23 INFO  - 开始保存聊天消息数据
11:34:23 INFO  - 聊天消息数据保存完成，共处理条 0 数据。耗时：0时0分0秒12毫秒
11:35:23 INFO  - 开始保存聊天消息数据
11:35:23 INFO  - 聊天消息数据保存完成，共处理条 0 数据。耗时：0时0分0秒15毫秒
11:36:23 INFO  - 开始保存聊天消息数据
11:36:23 INFO  - 聊天消息数据保存完成，共处理条 0 数据。耗时：0时0分0秒8毫秒
11:37:23 INFO  - 开始保存聊天消息数据
11:37:23 INFO  - 聊天消息数据保存完成，共处理条 0 数据。耗时：0时0分0秒14毫秒
11:38:23 INFO  - 开始保存聊天消息数据
11:38:23 INFO  - 聊天消息数据保存完成，共处理条 0 数据。耗时：0时0分0秒13毫秒
11:39:23 INFO  - 开始保存聊天消息数据
11:39:23 INFO  - 聊天消息数据保存完成，共处理条 0 数据。耗时：0时0分0秒13毫秒
11:40:23 INFO  - 开始保存聊天消息数据
11:40:23 INFO  - 聊天消息数据保存完成，共处理条 0 数据。耗时：0时0分0秒15毫秒
11:41:23 INFO  - 开始保存聊天消息数据
11:41:23 INFO  - 聊天消息数据保存完成，共处理条 0 数据。耗时：0时0分0秒13毫秒
11:42:23 INFO  - 开始保存聊天消息数据
11:42:23 INFO  - 聊天消息数据保存完成，共处理条 0 数据。耗时：0时0分0秒8毫秒
11:43:23 INFO  - 开始保存聊天消息数据
11:43:23 INFO  - 聊天消息数据保存完成，共处理条 0 数据。耗时：0时0分0秒9毫秒
11:44:23 INFO  - 开始保存聊天消息数据
11:44:23 INFO  - 聊天消息数据保存完成，共处理条 0 数据。耗时：0时0分0秒17毫秒
11:45:23 INFO  - 开始保存聊天消息数据
11:45:23 INFO  - 聊天消息数据保存完成，共处理条 0 数据。耗时：0时0分0秒128毫秒
11:46:23 INFO  - 开始保存聊天消息数据
11:46:23 INFO  - 聊天消息数据保存完成，共处理条 0 数据。耗时：0时0分0秒14毫秒
11:47:23 INFO  - 开始保存聊天消息数据
11:47:23 INFO  - 聊天消息数据保存完成，共处理条 0 数据。耗时：0时0分0秒12毫秒
11:48:23 INFO  - 开始保存聊天消息数据
11:48:23 INFO  - 聊天消息数据保存完成，共处理条 0 数据。耗时：0时0分0秒21毫秒
11:49:23 INFO  - 开始保存聊天消息数据
11:49:23 INFO  - 聊天消息数据保存完成，共处理条 0 数据。耗时：0时0分0秒13毫秒
11:50:23 INFO  - 开始保存聊天消息数据
11:50:23 INFO  - 聊天消息数据保存完成，共处理条 0 数据。耗时：0时0分0秒12毫秒
11:51:23 INFO  - 开始保存聊天消息数据
11:51:23 INFO  - 聊天消息数据保存完成，共处理条 0 数据。耗时：0时0分0秒19毫秒
11:52:23 INFO  - 开始保存聊天消息数据
11:52:23 INFO  - 聊天消息数据保存完成，共处理条 0 数据。耗时：0时0分0秒11毫秒
11:53:23 INFO  - 开始保存聊天消息数据
11:53:23 INFO  - 聊天消息数据保存完成，共处理条 0 数据。耗时：0时0分0秒15毫秒
11:54:23 INFO  - 开始保存聊天消息数据
11:54:23 INFO  - 聊天消息数据保存完成，共处理条 0 数据。耗时：0时0分0秒16毫秒
11:55:23 INFO  - 开始保存聊天消息数据
11:55:23 INFO  - 聊天消息数据保存完成，共处理条 0 数据。耗时：0时0分0秒13毫秒
11:56:23 INFO  - 开始保存聊天消息数据
11:56:23 INFO  - 聊天消息数据保存完成，共处理条 0 数据。耗时：0时0分0秒13毫秒
11:57:23 INFO  - 开始保存聊天消息数据
11:57:23 INFO  - 聊天消息数据保存完成，共处理条 0 数据。耗时：0时0分0秒14毫秒
11:58:23 INFO  - 开始保存聊天消息数据
11:58:23 INFO  - 聊天消息数据保存完成，共处理条 0 数据。耗时：0时0分0秒13毫秒
11:59:23 INFO  - 开始保存聊天消息数据
11:59:23 INFO  - 聊天消息数据保存完成，共处理条 0 数据。耗时：0时0分0秒16毫秒
12:00:23 INFO  - 开始保存聊天消息数据
12:00:23 INFO  - 聊天消息数据保存完成，共处理条 0 数据。耗时：0时0分0秒12毫秒
12:01:23 INFO  - 开始保存聊天消息数据
12:01:23 INFO  - 聊天消息数据保存完成，共处理条 0 数据。耗时：0时0分0秒12毫秒
12:02:23 INFO  - 开始保存聊天消息数据
12:02:23 INFO  - 聊天消息数据保存完成，共处理条 0 数据。耗时：0时0分0秒14毫秒
12:03:23 INFO  - 开始保存聊天消息数据
12:03:23 INFO  - 聊天消息数据保存完成，共处理条 0 数据。耗时：0时0分0秒14毫秒
12:04:23 INFO  - 开始保存聊天消息数据
12:04:23 INFO  - 聊天消息数据保存完成，共处理条 0 数据。耗时：0时0分0秒12毫秒
12:05:23 INFO  - 开始保存聊天消息数据
12:05:23 INFO  - 聊天消息数据保存完成，共处理条 0 数据。耗时：0时0分0秒13毫秒
12:06:23 INFO  - 开始保存聊天消息数据
12:06:23 INFO  - 聊天消息数据保存完成，共处理条 0 数据。耗时：0时0分0秒11毫秒
12:07:23 INFO  - 开始保存聊天消息数据
12:07:23 INFO  - 聊天消息数据保存完成，共处理条 0 数据。耗时：0时0分0秒11毫秒
12:08:23 INFO  - 开始保存聊天消息数据
12:08:23 INFO  - 聊天消息数据保存完成，共处理条 0 数据。耗时：0时0分0秒14毫秒
12:09:23 INFO  - 开始保存聊天消息数据
12:09:23 INFO  - 聊天消息数据保存完成，共处理条 0 数据。耗时：0时0分0秒12毫秒
12:10:23 INFO  - 开始保存聊天消息数据
12:10:23 INFO  - 聊天消息数据保存完成，共处理条 0 数据。耗时：0时0分0秒12毫秒
12:11:23 INFO  - 开始保存聊天消息数据
12:11:23 INFO  - 聊天消息数据保存完成，共处理条 0 数据。耗时：0时0分0秒13毫秒
12:12:23 INFO  - 开始保存聊天消息数据
12:12:23 INFO  - 聊天消息数据保存完成，共处理条 0 数据。耗时：0时0分0秒12毫秒
12:13:23 INFO  - 开始保存聊天消息数据
12:13:23 INFO  - 聊天消息数据保存完成，共处理条 0 数据。耗时：0时0分0秒13毫秒
12:14:23 INFO  - 开始保存聊天消息数据
12:14:23 INFO  - 聊天消息数据保存完成，共处理条 0 数据。耗时：0时0分0秒13毫秒
12:15:23 INFO  - 开始保存聊天消息数据
12:15:23 INFO  - 聊天消息数据保存完成，共处理条 0 数据。耗时：0时0分0秒49毫秒
12:16:23 INFO  - 开始保存聊天消息数据
12:16:23 INFO  - 聊天消息数据保存完成，共处理条 0 数据。耗时：0时0分0秒12毫秒
12:17:23 INFO  - 开始保存聊天消息数据
12:17:23 INFO  - 聊天消息数据保存完成，共处理条 0 数据。耗时：0时0分0秒40毫秒
12:18:23 INFO  - 开始保存聊天消息数据
12:18:23 INFO  - 聊天消息数据保存完成，共处理条 0 数据。耗时：0时0分0秒32毫秒
12:19:23 INFO  - 开始保存聊天消息数据
12:19:23 INFO  - 聊天消息数据保存完成，共处理条 0 数据。耗时：0时0分0秒13毫秒
12:20:23 INFO  - 开始保存聊天消息数据
12:20:23 INFO  - 聊天消息数据保存完成，共处理条 0 数据。耗时：0时0分0秒12毫秒
12:21:23 INFO  - 开始保存聊天消息数据
12:21:23 INFO  - 聊天消息数据保存完成，共处理条 0 数据。耗时：0时0分0秒25毫秒
12:22:23 INFO  - 开始保存聊天消息数据
12:22:23 INFO  - 聊天消息数据保存完成，共处理条 0 数据。耗时：0时0分0秒15毫秒
12:23:23 INFO  - 开始保存聊天消息数据
12:23:23 INFO  - 聊天消息数据保存完成，共处理条 0 数据。耗时：0时0分0秒13毫秒
12:24:23 INFO  - 开始保存聊天消息数据
12:24:23 INFO  - 聊天消息数据保存完成，共处理条 0 数据。耗时：0时0分0秒12毫秒
12:25:23 INFO  - 开始保存聊天消息数据
12:25:23 INFO  - 聊天消息数据保存完成，共处理条 0 数据。耗时：0时0分0秒11毫秒
12:26:23 INFO  - 开始保存聊天消息数据
12:26:23 INFO  - 聊天消息数据保存完成，共处理条 0 数据。耗时：0时0分0秒16毫秒
12:27:23 INFO  - 开始保存聊天消息数据
12:27:23 INFO  - 聊天消息数据保存完成，共处理条 0 数据。耗时：0时0分0秒10毫秒
12:28:23 INFO  - 开始保存聊天消息数据
12:28:23 INFO  - 聊天消息数据保存完成，共处理条 0 数据。耗时：0时0分0秒23毫秒
12:29:23 INFO  - 开始保存聊天消息数据
12:29:23 INFO  - 聊天消息数据保存完成，共处理条 0 数据。耗时：0时0分0秒13毫秒
12:30:23 INFO  - 开始保存聊天消息数据
12:30:23 INFO  - 聊天消息数据保存完成，共处理条 0 数据。耗时：0时0分0秒15毫秒
12:31:23 INFO  - 开始保存聊天消息数据
12:31:23 INFO  - 聊天消息数据保存完成，共处理条 0 数据。耗时：0时0分0秒11毫秒
12:32:23 INFO  - 开始保存聊天消息数据
12:32:23 INFO  - 聊天消息数据保存完成，共处理条 0 数据。耗时：0时0分0秒13毫秒
12:33:23 INFO  - 开始保存聊天消息数据
12:33:23 INFO  - 聊天消息数据保存完成，共处理条 0 数据。耗时：0时0分0秒14毫秒
12:34:23 INFO  - 开始保存聊天消息数据
12:34:23 INFO  - 聊天消息数据保存完成，共处理条 0 数据。耗时：0时0分0秒13毫秒
12:35:23 INFO  - 开始保存聊天消息数据
12:35:23 INFO  - 聊天消息数据保存完成，共处理条 0 数据。耗时：0时0分0秒15毫秒
12:36:23 INFO  - 开始保存聊天消息数据
12:36:23 INFO  - 聊天消息数据保存完成，共处理条 0 数据。耗时：0时0分0秒12毫秒
12:37:23 INFO  - 开始保存聊天消息数据
12:37:23 INFO  - 聊天消息数据保存完成，共处理条 0 数据。耗时：0时0分0秒13毫秒
12:38:23 INFO  - 开始保存聊天消息数据
12:38:23 INFO  - 聊天消息数据保存完成，共处理条 0 数据。耗时：0时0分0秒13毫秒
12:39:23 INFO  - 开始保存聊天消息数据
12:39:23 INFO  - 聊天消息数据保存完成，共处理条 0 数据。耗时：0时0分0秒11毫秒
12:40:23 INFO  - 开始保存聊天消息数据
12:40:23 INFO  - 聊天消息数据保存完成，共处理条 0 数据。耗时：0时0分0秒15毫秒
12:41:23 INFO  - 开始保存聊天消息数据
12:41:23 INFO  - 聊天消息数据保存完成，共处理条 0 数据。耗时：0时0分0秒13毫秒
12:42:23 INFO  - 开始保存聊天消息数据
12:42:23 INFO  - 聊天消息数据保存完成，共处理条 0 数据。耗时：0时0分0秒13毫秒
12:43:23 INFO  - 开始保存聊天消息数据
12:43:23 INFO  - 聊天消息数据保存完成，共处理条 0 数据。耗时：0时0分0秒14毫秒
12:44:23 INFO  - 开始保存聊天消息数据
12:44:23 INFO  - 聊天消息数据保存完成，共处理条 0 数据。耗时：0时0分0秒12毫秒
12:45:23 INFO  - 开始保存聊天消息数据
12:45:23 INFO  - 聊天消息数据保存完成，共处理条 0 数据。耗时：0时0分0秒13毫秒
12:46:23 INFO  - 开始保存聊天消息数据
12:46:23 INFO  - 聊天消息数据保存完成，共处理条 0 数据。耗时：0时0分0秒24毫秒
12:47:23 INFO  - 开始保存聊天消息数据
12:47:23 INFO  - 聊天消息数据保存完成，共处理条 0 数据。耗时：0时0分0秒13毫秒
12:48:23 INFO  - 开始保存聊天消息数据
12:48:23 INFO  - 聊天消息数据保存完成，共处理条 0 数据。耗时：0时0分0秒12毫秒
12:49:23 INFO  - 开始保存聊天消息数据
12:49:23 INFO  - 聊天消息数据保存完成，共处理条 0 数据。耗时：0时0分0秒13毫秒
12:50:23 INFO  - 开始保存聊天消息数据
12:50:23 INFO  - 聊天消息数据保存完成，共处理条 0 数据。耗时：0时0分0秒11毫秒
12:51:23 INFO  - 开始保存聊天消息数据
12:51:23 INFO  - 聊天消息数据保存完成，共处理条 0 数据。耗时：0时0分0秒21毫秒
12:52:23 INFO  - 开始保存聊天消息数据
12:52:23 INFO  - 聊天消息数据保存完成，共处理条 0 数据。耗时：0时0分0秒13毫秒
12:53:23 INFO  - 开始保存聊天消息数据
12:53:23 INFO  - 聊天消息数据保存完成，共处理条 0 数据。耗时：0时0分0秒23毫秒
12:54:23 INFO  - 开始保存聊天消息数据
12:54:23 INFO  - 聊天消息数据保存完成，共处理条 0 数据。耗时：0时0分0秒13毫秒
12:55:23 INFO  - 开始保存聊天消息数据
12:55:23 INFO  - 聊天消息数据保存完成，共处理条 0 数据。耗时：0时0分0秒16毫秒
12:56:23 INFO  - 开始保存聊天消息数据
12:56:23 INFO  - 聊天消息数据保存完成，共处理条 0 数据。耗时：0时0分0秒13毫秒
12:57:23 INFO  - 开始保存聊天消息数据
12:57:23 INFO  - 聊天消息数据保存完成，共处理条 0 数据。耗时：0时0分0秒18毫秒
12:58:23 INFO  - 开始保存聊天消息数据
12:58:23 INFO  - 聊天消息数据保存完成，共处理条 0 数据。耗时：0时0分0秒12毫秒
12:59:23 INFO  - 开始保存聊天消息数据
12:59:23 INFO  - 聊天消息数据保存完成，共处理条 0 数据。耗时：0时0分0秒12毫秒
13:00:23 INFO  - 开始保存聊天消息数据
13:00:23 INFO  - 聊天消息数据保存完成，共处理条 0 数据。耗时：0时0分0秒16毫秒
13:01:23 INFO  - 开始保存聊天消息数据
13:01:23 INFO  - 聊天消息数据保存完成，共处理条 0 数据。耗时：0时0分0秒13毫秒
13:02:23 INFO  - 开始保存聊天消息数据
13:02:23 INFO  - 聊天消息数据保存完成，共处理条 0 数据。耗时：0时0分0秒12毫秒
13:03:23 INFO  - 开始保存聊天消息数据
13:03:23 INFO  - 聊天消息数据保存完成，共处理条 0 数据。耗时：0时0分0秒21毫秒
13:04:23 INFO  - 开始保存聊天消息数据
13:04:23 INFO  - 聊天消息数据保存完成，共处理条 0 数据。耗时：0时0分0秒13毫秒
13:05:23 INFO  - 开始保存聊天消息数据
13:05:23 INFO  - 聊天消息数据保存完成，共处理条 0 数据。耗时：0时0分0秒19毫秒
13:06:23 INFO  - 开始保存聊天消息数据
13:06:23 INFO  - 聊天消息数据保存完成，共处理条 0 数据。耗时：0时0分0秒17毫秒
13:07:23 INFO  - 开始保存聊天消息数据
13:07:23 INFO  - 聊天消息数据保存完成，共处理条 0 数据。耗时：0时0分0秒13毫秒
13:08:23 INFO  - 开始保存聊天消息数据
13:08:23 INFO  - 聊天消息数据保存完成，共处理条 0 数据。耗时：0时0分0秒13毫秒
13:09:23 INFO  - 开始保存聊天消息数据
13:09:23 INFO  - 聊天消息数据保存完成，共处理条 0 数据。耗时：0时0分0秒13毫秒
13:10:23 INFO  - 开始保存聊天消息数据
13:10:23 INFO  - 聊天消息数据保存完成，共处理条 0 数据。耗时：0时0分0秒12毫秒
13:11:23 INFO  - 开始保存聊天消息数据
13:11:23 INFO  - 聊天消息数据保存完成，共处理条 0 数据。耗时：0时0分0秒12毫秒
13:12:23 INFO  - 开始保存聊天消息数据
13:12:23 INFO  - 聊天消息数据保存完成，共处理条 0 数据。耗时：0时0分0秒13毫秒
13:13:23 INFO  - 开始保存聊天消息数据
13:13:23 INFO  - 聊天消息数据保存完成，共处理条 0 数据。耗时：0时0分0秒11毫秒
13:14:23 INFO  - 开始保存聊天消息数据
13:14:23 INFO  - 聊天消息数据保存完成，共处理条 0 数据。耗时：0时0分0秒13毫秒
13:15:23 INFO  - 开始保存聊天消息数据
13:15:23 INFO  - 聊天消息数据保存完成，共处理条 0 数据。耗时：0时0分0秒18毫秒
13:16:23 INFO  - 开始保存聊天消息数据
13:16:23 INFO  - 聊天消息数据保存完成，共处理条 0 数据。耗时：0时0分0秒12毫秒
13:17:23 INFO  - 开始保存聊天消息数据
13:17:23 INFO  - 聊天消息数据保存完成，共处理条 0 数据。耗时：0时0分0秒12毫秒
13:18:23 INFO  - 开始保存聊天消息数据
13:18:23 INFO  - 聊天消息数据保存完成，共处理条 0 数据。耗时：0时0分0秒12毫秒
13:19:23 INFO  - 开始保存聊天消息数据
13:19:23 INFO  - 聊天消息数据保存完成，共处理条 0 数据。耗时：0时0分0秒13毫秒
13:20:23 INFO  - 开始保存聊天消息数据
13:20:23 INFO  - 聊天消息数据保存完成，共处理条 0 数据。耗时：0时0分0秒17毫秒
13:21:23 INFO  - 开始保存聊天消息数据
13:21:23 INFO  - 聊天消息数据保存完成，共处理条 0 数据。耗时：0时0分0秒12毫秒
13:22:23 INFO  - 开始保存聊天消息数据
13:22:23 INFO  - 聊天消息数据保存完成，共处理条 0 数据。耗时：0时0分0秒15毫秒
13:23:23 INFO  - 开始保存聊天消息数据
13:23:23 INFO  - 聊天消息数据保存完成，共处理条 0 数据。耗时：0时0分0秒18毫秒
13:24:23 INFO  - 开始保存聊天消息数据
13:24:23 INFO  - 聊天消息数据保存完成，共处理条 0 数据。耗时：0时0分0秒12毫秒
13:25:23 INFO  - 开始保存聊天消息数据
13:25:23 INFO  - 聊天消息数据保存完成，共处理条 0 数据。耗时：0时0分0秒21毫秒
13:26:23 INFO  - 开始保存聊天消息数据
13:26:23 INFO  - 聊天消息数据保存完成，共处理条 0 数据。耗时：0时0分0秒13毫秒
13:27:23 INFO  - 开始保存聊天消息数据
13:27:23 INFO  - 聊天消息数据保存完成，共处理条 0 数据。耗时：0时0分0秒12毫秒
13:28:23 INFO  - 开始保存聊天消息数据
13:28:23 INFO  - 聊天消息数据保存完成，共处理条 0 数据。耗时：0时0分0秒14毫秒
13:29:23 INFO  - 开始保存聊天消息数据
13:29:23 INFO  - 聊天消息数据保存完成，共处理条 0 数据。耗时：0时0分0秒12毫秒
13:30:23 INFO  - 开始保存聊天消息数据
13:30:23 INFO  - 聊天消息数据保存完成，共处理条 0 数据。耗时：0时0分0秒21毫秒
13:31:23 INFO  - 开始保存聊天消息数据
13:31:23 INFO  - 聊天消息数据保存完成，共处理条 0 数据。耗时：0时0分0秒12毫秒
13:32:23 INFO  - 开始保存聊天消息数据
13:32:23 INFO  - 聊天消息数据保存完成，共处理条 0 数据。耗时：0时0分0秒17毫秒
13:33:23 INFO  - 开始保存聊天消息数据
13:33:23 INFO  - 聊天消息数据保存完成，共处理条 0 数据。耗时：0时0分0秒13毫秒
13:34:23 INFO  - 开始保存聊天消息数据
13:34:23 INFO  - 聊天消息数据保存完成，共处理条 0 数据。耗时：0时0分0秒13毫秒
13:35:23 INFO  - 开始保存聊天消息数据
13:35:23 INFO  - 聊天消息数据保存完成，共处理条 0 数据。耗时：0时0分0秒9毫秒
13:36:23 INFO  - 开始保存聊天消息数据
13:36:23 INFO  - 聊天消息数据保存完成，共处理条 0 数据。耗时：0时0分0秒12毫秒
13:37:23 INFO  - 开始保存聊天消息数据
13:37:23 INFO  - 聊天消息数据保存完成，共处理条 0 数据。耗时：0时0分0秒14毫秒
13:38:23 INFO  - 开始保存聊天消息数据
13:38:23 INFO  - 聊天消息数据保存完成，共处理条 0 数据。耗时：0时0分0秒11毫秒
13:39:23 INFO  - 开始保存聊天消息数据
13:39:23 INFO  - 聊天消息数据保存完成，共处理条 0 数据。耗时：0时0分0秒13毫秒
13:40:18 INFO  - 开始保存聊天消息数据
13:40:18 INFO  - hzl 成功登录Openfire
13:40:19 INFO  - 聊天消息数据保存完成，共处理条 0 数据。耗时：0时0分1秒31毫秒
13:41:18 INFO  - 开始保存聊天消息数据
13:41:18 INFO  - 聊天消息数据保存完成，共处理条 0 数据。耗时：0时0分0秒15毫秒
13:42:18 INFO  - 开始保存聊天消息数据
13:42:18 INFO  - 聊天消息数据保存完成，共处理条 0 数据。耗时：0时0分0秒9毫秒
13:43:18 INFO  - 开始保存聊天消息数据
13:43:18 INFO  - 聊天消息数据保存完成，共处理条 0 数据。耗时：0时0分0秒14毫秒
13:44:18 INFO  - 开始保存聊天消息数据
13:44:18 INFO  - 聊天消息数据保存完成，共处理条 0 数据。耗时：0时0分0秒13毫秒
13:45:18 INFO  - 开始保存聊天消息数据
13:45:18 INFO  - 聊天消息数据保存完成，共处理条 0 数据。耗时：0时0分0秒15毫秒
13:46:18 INFO  - 开始保存聊天消息数据
13:46:18 INFO  - 聊天消息数据保存完成，共处理条 0 数据。耗时：0时0分0秒10毫秒
13:47:18 INFO  - 开始保存聊天消息数据
13:47:18 INFO  - 聊天消息数据保存完成，共处理条 0 数据。耗时：0时0分0秒9毫秒
13:48:18 INFO  - 开始保存聊天消息数据
13:48:18 INFO  - 聊天消息数据保存完成，共处理条 0 数据。耗时：0时0分0秒10毫秒
13:49:18 INFO  - 开始保存聊天消息数据
13:49:18 INFO  - 聊天消息数据保存完成，共处理条 0 数据。耗时：0时0分0秒10毫秒
13:50:18 INFO  - 开始保存聊天消息数据
13:50:18 INFO  - 聊天消息数据保存完成，共处理条 0 数据。耗时：0时0分0秒11毫秒
13:51:18 INFO  - 开始保存聊天消息数据
13:51:18 INFO  - 聊天消息数据保存完成，共处理条 0 数据。耗时：0时0分0秒11毫秒
13:52:18 INFO  - 开始保存聊天消息数据
13:52:18 INFO  - 聊天消息数据保存完成，共处理条 0 数据。耗时：0时0分0秒9毫秒
13:53:18 INFO  - 开始保存聊天消息数据
13:53:18 INFO  - 聊天消息数据保存完成，共处理条 0 数据。耗时：0时0分0秒80毫秒
13:54:18 INFO  - 开始保存聊天消息数据
13:54:18 INFO  - 聊天消息数据保存完成，共处理条 0 数据。耗时：0时0分0秒11毫秒
13:55:18 INFO  - 开始保存聊天消息数据
13:55:18 INFO  - 聊天消息数据保存完成，共处理条 0 数据。耗时：0时0分0秒9毫秒
13:56:18 INFO  - 开始保存聊天消息数据
13:56:18 INFO  - 聊天消息数据保存完成，共处理条 0 数据。耗时：0时0分0秒10毫秒
13:57:18 INFO  - 开始保存聊天消息数据
13:57:18 INFO  - 聊天消息数据保存完成，共处理条 0 数据。耗时：0时0分0秒18毫秒
13:58:18 INFO  - 开始保存聊天消息数据
13:58:18 INFO  - 聊天消息数据保存完成，共处理条 0 数据。耗时：0时0分0秒9毫秒
13:59:18 INFO  - 开始保存聊天消息数据
13:59:18 INFO  - 聊天消息数据保存完成，共处理条 0 数据。耗时：0时0分0秒11毫秒
14:00:18 INFO  - 开始保存聊天消息数据
14:00:18 INFO  - 聊天消息数据保存完成，共处理条 0 数据。耗时：0时0分0秒21毫秒
14:01:18 INFO  - 开始保存聊天消息数据
14:01:18 INFO  - 聊天消息数据保存完成，共处理条 0 数据。耗时：0时0分0秒9毫秒
14:02:18 INFO  - 开始保存聊天消息数据
14:02:18 INFO  - 聊天消息数据保存完成，共处理条 0 数据。耗时：0时0分0秒10毫秒
14:03:18 INFO  - 开始保存聊天消息数据
14:03:18 INFO  - 聊天消息数据保存完成，共处理条 0 数据。耗时：0时0分0秒10毫秒
14:04:18 INFO  - 开始保存聊天消息数据
14:04:18 INFO  - 聊天消息数据保存完成，共处理条 0 数据。耗时：0时0分0秒10毫秒
14:05:18 INFO  - 开始保存聊天消息数据
14:05:18 INFO  - 聊天消息数据保存完成，共处理条 0 数据。耗时：0时0分0秒15毫秒
14:06:18 INFO  - 开始保存聊天消息数据
14:06:18 INFO  - 聊天消息数据保存完成，共处理条 0 数据。耗时：0时0分0秒10毫秒
14:07:18 INFO  - 开始保存聊天消息数据
14:07:18 INFO  - 聊天消息数据保存完成，共处理条 0 数据。耗时：0时0分0秒9毫秒
14:08:18 INFO  - 开始保存聊天消息数据
14:08:18 INFO  - 聊天消息数据保存完成，共处理条 0 数据。耗时：0时0分0秒9毫秒
14:09:18 INFO  - 开始保存聊天消息数据
14:09:18 INFO  - 聊天消息数据保存完成，共处理条 0 数据。耗时：0时0分0秒11毫秒
14:10:07 INFO  - Executed action GD.API.Controllers.Mall.MallController.GetMyShoppingCarTotal (API) in 212ms
14:10:08 INFO  - Executed action GD.API.Controllers.Consumer.ConsumerController.GetClientWechatJSSDKSignatureAsync (API) in 458ms
14:10:18 INFO  - 开始保存聊天消息数据
14:10:18 INFO  - 聊天消息数据保存完成，共处理条 0 数据。耗时：0时0分0秒5毫秒
14:11:18 INFO  - 开始保存聊天消息数据
14:11:18 INFO  - 聊天消息数据保存完成，共处理条 0 数据。耗时：0时0分0秒10毫秒
14:12:18 INFO  - 开始保存聊天消息数据
14:12:18 INFO  - 聊天消息数据保存完成，共处理条 0 数据。耗时：0时0分0秒10毫秒
14:13:18 INFO  - 开始保存聊天消息数据
14:13:18 INFO  - 聊天消息数据保存完成，共处理条 0 数据。耗时：0时0分0秒10毫秒
14:14:18 INFO  - 开始保存聊天消息数据
14:14:18 INFO  - 聊天消息数据保存完成，共处理条 0 数据。耗时：0时0分0秒9毫秒
14:15:18 INFO  - 开始保存聊天消息数据
14:15:18 INFO  - 聊天消息数据保存完成，共处理条 0 数据。耗时：0时0分0秒13毫秒
14:16:18 INFO  - 开始保存聊天消息数据
14:16:18 INFO  - 聊天消息数据保存完成，共处理条 0 数据。耗时：0时0分0秒9毫秒
14:17:18 INFO  - 开始保存聊天消息数据
14:17:18 INFO  - 聊天消息数据保存完成，共处理条 0 数据。耗时：0时0分0秒9毫秒
14:18:18 INFO  - 开始保存聊天消息数据
14:18:18 INFO  - 聊天消息数据保存完成，共处理条 0 数据。耗时：0时0分0秒11毫秒
14:19:18 INFO  - 开始保存聊天消息数据
14:19:18 INFO  - 聊天消息数据保存完成，共处理条 0 数据。耗时：0时0分0秒10毫秒
14:20:18 INFO  - 开始保存聊天消息数据
14:20:18 INFO  - 聊天消息数据保存完成，共处理条 0 数据。耗时：0时0分0秒18毫秒
14:21:18 INFO  - 开始保存聊天消息数据
14:21:18 INFO  - 聊天消息数据保存完成，共处理条 0 数据。耗时：0时0分0秒13毫秒
14:22:18 INFO  - 开始保存聊天消息数据
14:22:18 INFO  - 聊天消息数据保存完成，共处理条 0 数据。耗时：0时0分0秒10毫秒
14:23:18 INFO  - 开始保存聊天消息数据
14:23:18 INFO  - 聊天消息数据保存完成，共处理条 0 数据。耗时：0时0分0秒10毫秒
14:24:18 INFO  - 开始保存聊天消息数据
14:24:18 INFO  - 聊天消息数据保存完成，共处理条 0 数据。耗时：0时0分0秒7毫秒
14:25:18 INFO  - 开始保存聊天消息数据
14:25:18 INFO  - 聊天消息数据保存完成，共处理条 0 数据。耗时：0时0分0秒11毫秒
14:26:18 INFO  - 开始保存聊天消息数据
14:26:18 INFO  - 聊天消息数据保存完成，共处理条 0 数据。耗时：0时0分0秒10毫秒
14:27:18 INFO  - 开始保存聊天消息数据
14:27:18 INFO  - 聊天消息数据保存完成，共处理条 0 数据。耗时：0时0分0秒11毫秒
14:28:18 INFO  - 开始保存聊天消息数据
14:28:18 INFO  - 聊天消息数据保存完成，共处理条 0 数据。耗时：0时0分0秒29毫秒
14:28:52 INFO  - Executed action GD.API.Controllers.Mall.MallController.GetMyShoppingCarTotal (API) in 129ms
14:28:53 INFO  - Executed action GD.API.Controllers.Consumer.ConsumerController.GetClientWechatJSSDKSignatureAsync (API) in 245ms
14:29:08 INFO  - Executed action GD.API.Controllers.Utility.ArticleController.GetHomeHeadlineAsync (API) in 85ms
14:29:09 INFO  - Executed action GD.API.Controllers.Manager.RecommendController.GetHomeRecommendAsync (API) in 66ms
14:29:09 INFO  - Executed action GD.API.Controllers.FAQs.FAQsClientController.GetFAQsTrendsAsync (API) in 120ms
14:29:09 INFO  - Executed action GD.API.Controllers.Manager.BannerController.GetHomeBannerAsync (API) in 216ms
14:29:09 INFO  - Executed action GD.API.Controllers.Utility.ArticleController.GetClientRecommandArticleListAsync (API) in 243ms
14:29:09 INFO  - Executed action GD.API.Controllers.Doctor.HospitalController.GetHospitalPageListAsync (API) in 156ms
14:29:09 INFO  - Executed action GD.API.Controllers.Consumer.ConsumerController.GetClientWechatJSSDKSignatureAsync (API) in 323ms
14:29:14 INFO  - Executed action GD.API.Controllers.Mall.MallController.GetMyShoppingCarTotal (API) in 48ms
14:29:15 INFO  - Executed action GD.API.Controllers.Consumer.ConsumerController.GetClientWechatJSSDKSignatureAsync (API) in 320ms
14:29:18 INFO  - 开始保存聊天消息数据
14:29:18 INFO  - 聊天消息数据保存完成，共处理条 0 数据。耗时：0时0分0秒5毫秒
14:30:18 INFO  - 开始保存聊天消息数据
14:30:18 INFO  - 聊天消息数据保存完成，共处理条 0 数据。耗时：0时0分0秒10毫秒
14:31:14 INFO  - Executed action GD.API.Controllers.Mall.MallController.GetMyShoppingCarTotal (API) in 184ms
14:31:15 INFO  - Executed action GD.API.Controllers.Consumer.ConsumerController.GetClientWechatJSSDKSignatureAsync (API) in 313ms
14:31:18 INFO  - 开始保存聊天消息数据
14:31:18 INFO  - 聊天消息数据保存完成，共处理条 0 数据。耗时：0时0分0秒6毫秒
14:32:18 INFO  - 开始保存聊天消息数据
14:32:18 INFO  - 聊天消息数据保存完成，共处理条 0 数据。耗时：0时0分0秒10毫秒
14:33:18 INFO  - 开始保存聊天消息数据
14:33:18 INFO  - 聊天消息数据保存完成，共处理条 0 数据。耗时：0时0分0秒9毫秒
14:34:18 INFO  - 开始保存聊天消息数据
14:34:18 INFO  - 聊天消息数据保存完成，共处理条 0 数据。耗时：0时0分0秒9毫秒
14:34:27 INFO  - Executed action GD.API.Controllers.Mall.MallController.GetMyShoppingCarTotal (API) in 96ms
14:34:28 INFO  - Executed action GD.API.Controllers.Consumer.ConsumerController.GetClientWechatJSSDKSignatureAsync (API) in 374ms
14:34:35 INFO  - Executed action GD.API.Controllers.Manager.BannerController.GetHomeBannerAsync (API) in 40ms
14:34:35 INFO  - Executed action GD.API.Controllers.Doctor.HospitalController.GetHospitalPageListAsync (API) in 80ms
14:34:35 INFO  - Executed action GD.API.Controllers.Utility.ArticleController.GetHomeHeadlineAsync (API) in 43ms
14:34:35 INFO  - Executed action GD.API.Controllers.Utility.ArticleController.GetClientRecommandArticleListAsync (API) in 95ms
14:34:35 INFO  - Executed action GD.API.Controllers.Manager.RecommendController.GetHomeRecommendAsync (API) in 49ms
14:34:35 INFO  - Executed action GD.API.Controllers.FAQs.FAQsClientController.GetFAQsTrendsAsync (API) in 33ms
14:34:35 INFO  - Executed action GD.API.Controllers.Consumer.ConsumerController.GetClientWechatJSSDKSignatureAsync (API) in 438ms
14:34:41 INFO  - Executed action GD.API.Controllers.Mall.MallController.GetMyShoppingCarTotal (API) in 56ms
14:34:42 INFO  - Executed action GD.API.Controllers.Consumer.ConsumerController.GetClientWechatJSSDKSignatureAsync (API) in 324ms
14:35:18 INFO  - 开始保存聊天消息数据
14:35:18 INFO  - 聊天消息数据保存完成，共处理条 0 数据。耗时：0时0分0秒10毫秒
14:36:18 INFO  - 开始保存聊天消息数据
14:36:18 INFO  - 聊天消息数据保存完成，共处理条 0 数据。耗时：0时0分0秒10毫秒
14:37:01 INFO  - Executed action GD.API.Controllers.Mall.MallController.GetMyShoppingCarTotal (API) in 109ms
14:37:01 INFO  - Executed action GD.API.Controllers.Consumer.ConsumerController.GetClientWechatJSSDKSignatureAsync (API) in 417ms
14:37:18 INFO  - 开始保存聊天消息数据
14:37:18 INFO  - 聊天消息数据保存完成，共处理条 0 数据。耗时：0时0分0秒10毫秒
14:38:18 INFO  - 开始保存聊天消息数据
14:38:18 INFO  - 聊天消息数据保存完成，共处理条 0 数据。耗时：0时0分0秒52毫秒
14:39:18 INFO  - 开始保存聊天消息数据
14:39:18 INFO  - 聊天消息数据保存完成，共处理条 0 数据。耗时：0时0分0秒9毫秒
14:40:18 INFO  - 开始保存聊天消息数据
14:40:18 INFO  - 聊天消息数据保存完成，共处理条 0 数据。耗时：0时0分0秒15毫秒
14:41:18 INFO  - 开始保存聊天消息数据
14:41:18 INFO  - 聊天消息数据保存完成，共处理条 0 数据。耗时：0时0分0秒10毫秒
14:42:18 INFO  - 开始保存聊天消息数据
14:42:18 INFO  - 聊天消息数据保存完成，共处理条 0 数据。耗时：0时0分0秒8毫秒
14:43:18 INFO  - 开始保存聊天消息数据
14:43:18 INFO  - 聊天消息数据保存完成，共处理条 0 数据。耗时：0时0分0秒29毫秒
14:44:18 INFO  - 开始保存聊天消息数据
14:44:18 INFO  - 聊天消息数据保存完成，共处理条 0 数据。耗时：0时0分0秒11毫秒
14:45:18 INFO  - 开始保存聊天消息数据
14:45:18 INFO  - 聊天消息数据保存完成，共处理条 0 数据。耗时：0时0分0秒25毫秒
14:46:18 INFO  - 开始保存聊天消息数据
14:46:18 INFO  - 聊天消息数据保存完成，共处理条 0 数据。耗时：0时0分0秒11毫秒
14:47:18 INFO  - 开始保存聊天消息数据
14:47:18 INFO  - 聊天消息数据保存完成，共处理条 0 数据。耗时：0时0分0秒11毫秒
14:48:18 INFO  - 开始保存聊天消息数据
14:48:18 INFO  - 聊天消息数据保存完成，共处理条 0 数据。耗时：0时0分0秒9毫秒
14:49:18 INFO  - 开始保存聊天消息数据
14:49:18 INFO  - 聊天消息数据保存完成，共处理条 0 数据。耗时：0时0分0秒10毫秒
14:50:18 INFO  - 开始保存聊天消息数据
14:50:18 INFO  - 聊天消息数据保存完成，共处理条 0 数据。耗时：0时0分0秒11毫秒
14:51:18 INFO  - 开始保存聊天消息数据
14:51:18 INFO  - 聊天消息数据保存完成，共处理条 0 数据。耗时：0时0分0秒10毫秒
14:52:18 INFO  - 开始保存聊天消息数据
14:52:18 INFO  - 聊天消息数据保存完成，共处理条 0 数据。耗时：0时0分0秒10毫秒
14:53:18 INFO  - 开始保存聊天消息数据
14:53:18 INFO  - 聊天消息数据保存完成，共处理条 0 数据。耗时：0时0分0秒10毫秒
14:54:18 INFO  - 开始保存聊天消息数据
14:54:18 INFO  - 聊天消息数据保存完成，共处理条 0 数据。耗时：0时0分0秒19毫秒
14:55:18 INFO  - 开始保存聊天消息数据
14:55:18 INFO  - 聊天消息数据保存完成，共处理条 0 数据。耗时：0时0分0秒9毫秒
14:56:18 INFO  - 开始保存聊天消息数据
14:56:18 INFO  - 聊天消息数据保存完成，共处理条 0 数据。耗时：0时0分0秒13毫秒
14:57:18 INFO  - 开始保存聊天消息数据
14:57:18 INFO  - 聊天消息数据保存完成，共处理条 0 数据。耗时：0时0分0秒10毫秒
14:58:18 INFO  - 开始保存聊天消息数据
14:58:18 INFO  - 聊天消息数据保存完成，共处理条 0 数据。耗时：0时0分0秒8毫秒
14:59:18 INFO  - 开始保存聊天消息数据
14:59:18 INFO  - 聊天消息数据保存完成，共处理条 0 数据。耗时：0时0分0秒19毫秒
15:00:18 INFO  - 开始保存聊天消息数据
15:00:18 INFO  - 聊天消息数据保存完成，共处理条 0 数据。耗时：0时0分0秒10毫秒
15:01:18 INFO  - 开始保存聊天消息数据
15:01:18 INFO  - 聊天消息数据保存完成，共处理条 0 数据。耗时：0时0分0秒10毫秒
15:02:18 INFO  - 开始保存聊天消息数据
15:02:18 INFO  - 聊天消息数据保存完成，共处理条 0 数据。耗时：0时0分0秒10毫秒
15:03:18 INFO  - 开始保存聊天消息数据
15:03:18 INFO  - 聊天消息数据保存完成，共处理条 0 数据。耗时：0时0分0秒9毫秒
15:04:18 INFO  - 开始保存聊天消息数据
15:04:18 INFO  - 聊天消息数据保存完成，共处理条 0 数据。耗时：0时0分0秒34毫秒
15:05:18 INFO  - 开始保存聊天消息数据
15:05:18 INFO  - 聊天消息数据保存完成，共处理条 0 数据。耗时：0时0分0秒15毫秒
15:06:18 INFO  - 开始保存聊天消息数据
15:06:18 INFO  - 聊天消息数据保存完成，共处理条 0 数据。耗时：0时0分0秒11毫秒
15:07:18 INFO  - 开始保存聊天消息数据
15:07:18 INFO  - 聊天消息数据保存完成，共处理条 0 数据。耗时：0时0分0秒15毫秒
15:08:18 INFO  - 开始保存聊天消息数据
15:08:18 INFO  - 聊天消息数据保存完成，共处理条 0 数据。耗时：0时0分0秒11毫秒
15:09:18 INFO  - 开始保存聊天消息数据
15:09:18 INFO  - 聊天消息数据保存完成，共处理条 0 数据。耗时：0时0分0秒10毫秒
15:10:18 INFO  - 开始保存聊天消息数据
15:10:18 INFO  - 聊天消息数据保存完成，共处理条 0 数据。耗时：0时0分0秒13毫秒
15:11:18 INFO  - 开始保存聊天消息数据
15:11:18 INFO  - 聊天消息数据保存完成，共处理条 0 数据。耗时：0时0分0秒12毫秒
15:12:18 INFO  - 开始保存聊天消息数据
15:12:18 INFO  - 聊天消息数据保存完成，共处理条 0 数据。耗时：0时0分0秒9毫秒
15:13:18 INFO  - 开始保存聊天消息数据
15:13:18 INFO  - 聊天消息数据保存完成，共处理条 0 数据。耗时：0时0分0秒11毫秒
15:14:18 INFO  - 开始保存聊天消息数据
15:14:18 INFO  - 聊天消息数据保存完成，共处理条 0 数据。耗时：0时0分0秒10毫秒
15:15:18 INFO  - 开始保存聊天消息数据
15:15:18 INFO  - 聊天消息数据保存完成，共处理条 0 数据。耗时：0时0分0秒10毫秒
15:16:18 INFO  - 开始保存聊天消息数据
15:16:18 INFO  - 聊天消息数据保存完成，共处理条 0 数据。耗时：0时0分0秒16毫秒
15:17:18 INFO  - 开始保存聊天消息数据
15:17:18 INFO  - 聊天消息数据保存完成，共处理条 0 数据。耗时：0时0分0秒10毫秒
15:18:18 INFO  - 开始保存聊天消息数据
15:18:18 INFO  - 聊天消息数据保存完成，共处理条 0 数据。耗时：0时0分0秒17毫秒
15:19:18 INFO  - 开始保存聊天消息数据
15:19:18 INFO  - 聊天消息数据保存完成，共处理条 0 数据。耗时：0时0分0秒10毫秒
15:20:18 INFO  - 开始保存聊天消息数据
15:20:18 INFO  - 聊天消息数据保存完成，共处理条 0 数据。耗时：0时0分0秒11毫秒
15:21:18 INFO  - 开始保存聊天消息数据
15:21:18 INFO  - 聊天消息数据保存完成，共处理条 0 数据。耗时：0时0分0秒9毫秒
15:22:18 INFO  - 开始保存聊天消息数据
15:22:18 INFO  - 聊天消息数据保存完成，共处理条 0 数据。耗时：0时0分0秒22毫秒
15:23:18 INFO  - 开始保存聊天消息数据
15:23:18 INFO  - 聊天消息数据保存完成，共处理条 0 数据。耗时：0时0分0秒8毫秒
15:24:18 INFO  - 开始保存聊天消息数据
15:24:18 INFO  - 聊天消息数据保存完成，共处理条 0 数据。耗时：0时0分0秒10毫秒
15:25:18 INFO  - 开始保存聊天消息数据
15:25:18 INFO  - 聊天消息数据保存完成，共处理条 0 数据。耗时：0时0分0秒11毫秒
15:26:18 INFO  - 开始保存聊天消息数据
15:26:18 INFO  - 聊天消息数据保存完成，共处理条 0 数据。耗时：0时0分0秒10毫秒
15:27:18 INFO  - 开始保存聊天消息数据
15:27:18 INFO  - 聊天消息数据保存完成，共处理条 0 数据。耗时：0时0分0秒11毫秒
15:28:18 INFO  - 开始保存聊天消息数据
15:28:18 INFO  - 聊天消息数据保存完成，共处理条 0 数据。耗时：0时0分0秒11毫秒
15:29:18 INFO  - 开始保存聊天消息数据
15:29:18 INFO  - 聊天消息数据保存完成，共处理条 0 数据。耗时：0时0分0秒12毫秒
15:30:18 INFO  - 开始保存聊天消息数据
15:30:18 INFO  - 聊天消息数据保存完成，共处理条 0 数据。耗时：0时0分0秒10毫秒
15:31:18 INFO  - 开始保存聊天消息数据
15:31:18 INFO  - 聊天消息数据保存完成，共处理条 0 数据。耗时：0时0分0秒10毫秒
15:32:18 INFO  - 开始保存聊天消息数据
15:32:18 INFO  - 聊天消息数据保存完成，共处理条 0 数据。耗时：0时0分0秒13毫秒
15:33:18 INFO  - 开始保存聊天消息数据
15:33:18 INFO  - 聊天消息数据保存完成，共处理条 0 数据。耗时：0时0分0秒11毫秒
15:34:18 INFO  - 开始保存聊天消息数据
15:34:18 INFO  - 聊天消息数据保存完成，共处理条 0 数据。耗时：0时0分0秒12毫秒
15:35:18 INFO  - 开始保存聊天消息数据
15:35:18 INFO  - 聊天消息数据保存完成，共处理条 0 数据。耗时：0时0分0秒11毫秒
15:36:18 INFO  - 开始保存聊天消息数据
15:36:18 INFO  - 聊天消息数据保存完成，共处理条 0 数据。耗时：0时0分0秒10毫秒
15:37:18 INFO  - 开始保存聊天消息数据
15:37:18 INFO  - 聊天消息数据保存完成，共处理条 0 数据。耗时：0时0分0秒9毫秒
15:38:18 INFO  - 开始保存聊天消息数据
15:38:18 INFO  - 聊天消息数据保存完成，共处理条 0 数据。耗时：0时0分0秒10毫秒
15:39:18 INFO  - 开始保存聊天消息数据
15:39:18 INFO  - 聊天消息数据保存完成，共处理条 0 数据。耗时：0时0分0秒11毫秒
15:40:18 INFO  - 开始保存聊天消息数据
15:40:18 INFO  - 聊天消息数据保存完成，共处理条 0 数据。耗时：0时0分0秒15毫秒
15:41:18 INFO  - 开始保存聊天消息数据
15:41:18 INFO  - 聊天消息数据保存完成，共处理条 0 数据。耗时：0时0分0秒10毫秒
15:42:18 INFO  - 开始保存聊天消息数据
15:42:18 INFO  - 聊天消息数据保存完成，共处理条 0 数据。耗时：0时0分0秒10毫秒
15:43:18 INFO  - 开始保存聊天消息数据
15:43:18 INFO  - 聊天消息数据保存完成，共处理条 0 数据。耗时：0时0分0秒10毫秒
15:44:18 INFO  - 开始保存聊天消息数据
15:44:18 INFO  - 聊天消息数据保存完成，共处理条 0 数据。耗时：0时0分0秒11毫秒
15:45:18 INFO  - 开始保存聊天消息数据
15:45:18 INFO  - 聊天消息数据保存完成，共处理条 0 数据。耗时：0时0分0秒16毫秒
15:46:18 INFO  - 开始保存聊天消息数据
15:46:18 INFO  - 聊天消息数据保存完成，共处理条 0 数据。耗时：0时0分0秒11毫秒
15:47:18 INFO  - 开始保存聊天消息数据
15:47:18 INFO  - 聊天消息数据保存完成，共处理条 0 数据。耗时：0时0分0秒10毫秒
15:48:18 INFO  - 开始保存聊天消息数据
15:48:18 INFO  - 聊天消息数据保存完成，共处理条 0 数据。耗时：0时0分0秒11毫秒
15:49:18 INFO  - 开始保存聊天消息数据
15:49:18 INFO  - 聊天消息数据保存完成，共处理条 0 数据。耗时：0时0分0秒10毫秒
15:50:18 INFO  - 开始保存聊天消息数据
15:50:18 INFO  - 聊天消息数据保存完成，共处理条 0 数据。耗时：0时0分0秒11毫秒
15:51:18 INFO  - 开始保存聊天消息数据
15:51:18 INFO  - 聊天消息数据保存完成，共处理条 0 数据。耗时：0时0分0秒10毫秒
15:52:18 INFO  - 开始保存聊天消息数据
15:52:18 INFO  - 聊天消息数据保存完成，共处理条 0 数据。耗时：0时0分0秒12毫秒
15:53:18 INFO  - 开始保存聊天消息数据
15:53:18 INFO  - 聊天消息数据保存完成，共处理条 0 数据。耗时：0时0分0秒10毫秒
15:54:18 INFO  - 开始保存聊天消息数据
15:54:18 INFO  - 聊天消息数据保存完成，共处理条 0 数据。耗时：0时0分0秒10毫秒
15:55:18 INFO  - 开始保存聊天消息数据
15:55:18 INFO  - 聊天消息数据保存完成，共处理条 0 数据。耗时：0时0分0秒9毫秒
15:56:18 INFO  - 开始保存聊天消息数据
15:56:18 INFO  - 聊天消息数据保存完成，共处理条 0 数据。耗时：0时0分0秒9毫秒
15:57:18 INFO  - 开始保存聊天消息数据
15:57:18 INFO  - 聊天消息数据保存完成，共处理条 0 数据。耗时：0时0分0秒10毫秒
15:58:18 INFO  - 开始保存聊天消息数据
15:58:18 INFO  - 聊天消息数据保存完成，共处理条 0 数据。耗时：0时0分0秒10毫秒
15:59:18 INFO  - 开始保存聊天消息数据
15:59:18 INFO  - 聊天消息数据保存完成，共处理条 0 数据。耗时：0时0分0秒10毫秒
16:00:18 INFO  - 开始保存聊天消息数据
16:00:18 INFO  - 聊天消息数据保存完成，共处理条 0 数据。耗时：0时0分0秒10毫秒
16:01:18 INFO  - 开始保存聊天消息数据
16:01:18 INFO  - 聊天消息数据保存完成，共处理条 0 数据。耗时：0时0分0秒12毫秒
16:02:18 INFO  - 开始保存聊天消息数据
16:02:18 INFO  - 聊天消息数据保存完成，共处理条 0 数据。耗时：0时0分0秒29毫秒
16:03:18 INFO  - 开始保存聊天消息数据
16:03:18 INFO  - 聊天消息数据保存完成，共处理条 0 数据。耗时：0时0分0秒12毫秒
16:04:18 INFO  - 开始保存聊天消息数据
16:04:18 INFO  - 聊天消息数据保存完成，共处理条 0 数据。耗时：0时0分0秒10毫秒
16:05:18 INFO  - 开始保存聊天消息数据
16:05:18 INFO  - 聊天消息数据保存完成，共处理条 0 数据。耗时：0时0分0秒10毫秒
16:06:18 INFO  - 开始保存聊天消息数据
16:06:18 INFO  - 聊天消息数据保存完成，共处理条 0 数据。耗时：0时0分0秒11毫秒
16:07:18 INFO  - 开始保存聊天消息数据
16:07:18 INFO  - 聊天消息数据保存完成，共处理条 0 数据。耗时：0时0分0秒12毫秒
16:08:18 INFO  - 开始保存聊天消息数据
16:08:18 INFO  - 聊天消息数据保存完成，共处理条 0 数据。耗时：0时0分0秒10毫秒
16:09:18 INFO  - 开始保存聊天消息数据
16:09:18 INFO  - 聊天消息数据保存完成，共处理条 0 数据。耗时：0时0分0秒10毫秒
16:10:18 INFO  - 开始保存聊天消息数据
16:10:18 INFO  - 聊天消息数据保存完成，共处理条 0 数据。耗时：0时0分0秒12毫秒
16:11:18 INFO  - 开始保存聊天消息数据
16:11:18 INFO  - 聊天消息数据保存完成，共处理条 0 数据。耗时：0时0分0秒8毫秒
16:12:18 INFO  - 开始保存聊天消息数据
16:12:18 INFO  - 聊天消息数据保存完成，共处理条 0 数据。耗时：0时0分0秒11毫秒
16:13:18 INFO  - 开始保存聊天消息数据
16:13:18 INFO  - 聊天消息数据保存完成，共处理条 0 数据。耗时：0时0分0秒12毫秒
16:14:18 INFO  - 开始保存聊天消息数据
16:14:18 INFO  - 聊天消息数据保存完成，共处理条 0 数据。耗时：0时0分0秒7毫秒
16:15:18 INFO  - 开始保存聊天消息数据
16:15:18 INFO  - 聊天消息数据保存完成，共处理条 0 数据。耗时：0时0分0秒12毫秒
16:16:18 INFO  - 开始保存聊天消息数据
16:16:18 INFO  - 聊天消息数据保存完成，共处理条 0 数据。耗时：0时0分0秒12毫秒
16:17:18 INFO  - 开始保存聊天消息数据
16:17:18 INFO  - 聊天消息数据保存完成，共处理条 0 数据。耗时：0时0分0秒16毫秒
16:18:18 INFO  - 开始保存聊天消息数据
16:18:18 INFO  - 聊天消息数据保存完成，共处理条 0 数据。耗时：0时0分0秒12毫秒
16:19:18 INFO  - 开始保存聊天消息数据
16:19:18 INFO  - 聊天消息数据保存完成，共处理条 0 数据。耗时：0时0分0秒9毫秒
16:20:18 INFO  - 开始保存聊天消息数据
16:20:18 INFO  - 聊天消息数据保存完成，共处理条 0 数据。耗时：0时0分0秒10毫秒
16:21:18 INFO  - 开始保存聊天消息数据
16:21:18 INFO  - 聊天消息数据保存完成，共处理条 0 数据。耗时：0时0分0秒9毫秒
16:22:18 INFO  - 开始保存聊天消息数据
16:22:18 INFO  - 聊天消息数据保存完成，共处理条 0 数据。耗时：0时0分0秒11毫秒
16:23:18 INFO  - 开始保存聊天消息数据
16:23:18 INFO  - 聊天消息数据保存完成，共处理条 0 数据。耗时：0时0分0秒10毫秒
16:24:18 INFO  - 开始保存聊天消息数据
16:24:18 INFO  - 聊天消息数据保存完成，共处理条 0 数据。耗时：0时0分0秒11毫秒
16:25:18 INFO  - 开始保存聊天消息数据
16:25:18 INFO  - 聊天消息数据保存完成，共处理条 0 数据。耗时：0时0分0秒10毫秒
16:26:18 INFO  - 开始保存聊天消息数据
16:26:18 INFO  - 聊天消息数据保存完成，共处理条 0 数据。耗时：0时0分0秒11毫秒
16:27:18 INFO  - 开始保存聊天消息数据
16:27:18 INFO  - 聊天消息数据保存完成，共处理条 0 数据。耗时：0时0分0秒9毫秒
16:28:18 INFO  - 开始保存聊天消息数据
16:28:18 INFO  - 聊天消息数据保存完成，共处理条 0 数据。耗时：0时0分0秒11毫秒
16:29:18 INFO  - 开始保存聊天消息数据
16:29:18 INFO  - 聊天消息数据保存完成，共处理条 0 数据。耗时：0时0分0秒11毫秒
16:30:18 INFO  - 开始保存聊天消息数据
16:30:18 INFO  - 聊天消息数据保存完成，共处理条 0 数据。耗时：0时0分0秒10毫秒
16:31:18 INFO  - 开始保存聊天消息数据
16:31:18 INFO  - 聊天消息数据保存完成，共处理条 0 数据。耗时：0时0分0秒12毫秒
16:32:18 INFO  - 开始保存聊天消息数据
16:32:18 INFO  - 聊天消息数据保存完成，共处理条 0 数据。耗时：0时0分0秒11毫秒
16:33:18 INFO  - 开始保存聊天消息数据
16:33:18 INFO  - 聊天消息数据保存完成，共处理条 0 数据。耗时：0时0分0秒29毫秒
16:34:18 INFO  - 开始保存聊天消息数据
16:34:18 INFO  - 聊天消息数据保存完成，共处理条 0 数据。耗时：0时0分0秒11毫秒
16:35:18 INFO  - 开始保存聊天消息数据
16:35:18 INFO  - 聊天消息数据保存完成，共处理条 0 数据。耗时：0时0分0秒10毫秒
16:36:18 INFO  - 开始保存聊天消息数据
16:36:18 INFO  - 聊天消息数据保存完成，共处理条 0 数据。耗时：0时0分0秒10毫秒
16:37:18 INFO  - 开始保存聊天消息数据
16:37:18 INFO  - 聊天消息数据保存完成，共处理条 0 数据。耗时：0时0分0秒10毫秒
16:38:18 INFO  - 开始保存聊天消息数据
16:38:18 INFO  - 聊天消息数据保存完成，共处理条 0 数据。耗时：0时0分0秒9毫秒
16:39:18 INFO  - 开始保存聊天消息数据
16:39:18 INFO  - 聊天消息数据保存完成，共处理条 0 数据。耗时：0时0分0秒11毫秒
16:40:18 INFO  - 开始保存聊天消息数据
16:40:18 INFO  - 聊天消息数据保存完成，共处理条 0 数据。耗时：0时0分0秒14毫秒
16:41:18 INFO  - 开始保存聊天消息数据
16:41:18 INFO  - 聊天消息数据保存完成，共处理条 0 数据。耗时：0时0分0秒12毫秒
16:42:18 INFO  - 开始保存聊天消息数据
16:42:18 INFO  - 聊天消息数据保存完成，共处理条 0 数据。耗时：0时0分0秒10毫秒
16:43:18 INFO  - 开始保存聊天消息数据
16:43:18 INFO  - 聊天消息数据保存完成，共处理条 0 数据。耗时：0时0分0秒13毫秒
16:44:18 INFO  - 开始保存聊天消息数据
16:44:18 INFO  - 聊天消息数据保存完成，共处理条 0 数据。耗时：0时0分0秒11毫秒
16:45:18 INFO  - 开始保存聊天消息数据
16:45:18 INFO  - 聊天消息数据保存完成，共处理条 0 数据。耗时：0时0分0秒10毫秒
16:46:18 INFO  - 开始保存聊天消息数据
16:46:18 INFO  - 聊天消息数据保存完成，共处理条 0 数据。耗时：0时0分0秒23毫秒
16:47:18 INFO  - 开始保存聊天消息数据
16:47:18 INFO  - 聊天消息数据保存完成，共处理条 0 数据。耗时：0时0分0秒10毫秒
16:48:18 INFO  - 开始保存聊天消息数据
16:48:18 INFO  - 聊天消息数据保存完成，共处理条 0 数据。耗时：0时0分0秒11毫秒
16:49:18 INFO  - 开始保存聊天消息数据
16:49:18 INFO  - 聊天消息数据保存完成，共处理条 0 数据。耗时：0时0分0秒10毫秒
16:50:18 INFO  - 开始保存聊天消息数据
16:50:18 INFO  - 聊天消息数据保存完成，共处理条 0 数据。耗时：0时0分0秒12毫秒
16:51:18 INFO  - 开始保存聊天消息数据
16:51:18 INFO  - 聊天消息数据保存完成，共处理条 0 数据。耗时：0时0分0秒9毫秒
16:52:18 INFO  - 开始保存聊天消息数据
16:52:18 INFO  - 聊天消息数据保存完成，共处理条 0 数据。耗时：0时0分0秒15毫秒
16:53:18 INFO  - 开始保存聊天消息数据
16:53:18 INFO  - 聊天消息数据保存完成，共处理条 0 数据。耗时：0时0分0秒11毫秒
16:54:18 INFO  - 开始保存聊天消息数据
16:54:18 INFO  - 聊天消息数据保存完成，共处理条 0 数据。耗时：0时0分0秒11毫秒
16:55:18 INFO  - 开始保存聊天消息数据
16:55:18 INFO  - 聊天消息数据保存完成，共处理条 0 数据。耗时：0时0分0秒10毫秒
16:56:18 INFO  - 开始保存聊天消息数据
16:56:18 INFO  - 聊天消息数据保存完成，共处理条 0 数据。耗时：0时0分0秒11毫秒
16:57:18 INFO  - 开始保存聊天消息数据
16:57:18 INFO  - 聊天消息数据保存完成，共处理条 0 数据。耗时：0时0分0秒14毫秒
16:58:18 INFO  - 开始保存聊天消息数据
16:58:18 INFO  - 聊天消息数据保存完成，共处理条 0 数据。耗时：0时0分0秒9毫秒
16:59:18 INFO  - 开始保存聊天消息数据
16:59:18 INFO  - 聊天消息数据保存完成，共处理条 0 数据。耗时：0时0分0秒10毫秒
17:00:18 INFO  - 开始保存聊天消息数据
17:00:18 INFO  - 聊天消息数据保存完成，共处理条 0 数据。耗时：0时0分0秒16毫秒
17:01:18 INFO  - 开始保存聊天消息数据
17:01:18 INFO  - 聊天消息数据保存完成，共处理条 0 数据。耗时：0时0分0秒10毫秒
17:02:18 INFO  - 开始保存聊天消息数据
17:02:18 INFO  - 聊天消息数据保存完成，共处理条 0 数据。耗时：0时0分0秒10毫秒
17:03:18 INFO  - 开始保存聊天消息数据
17:03:18 INFO  - 聊天消息数据保存完成，共处理条 0 数据。耗时：0时0分0秒12毫秒
17:04:18 INFO  - 开始保存聊天消息数据
17:04:18 INFO  - 聊天消息数据保存完成，共处理条 0 数据。耗时：0时0分0秒11毫秒
17:05:18 INFO  - 开始保存聊天消息数据
17:05:18 INFO  - 聊天消息数据保存完成，共处理条 0 数据。耗时：0时0分0秒12毫秒
17:06:18 INFO  - 开始保存聊天消息数据
17:06:18 INFO  - 聊天消息数据保存完成，共处理条 0 数据。耗时：0时0分0秒9毫秒
17:07:18 INFO  - 开始保存聊天消息数据
17:32:23 INFO  - hzl 成功登录Openfire
17:33:20 INFO  - 开始保存聊天消息数据
17:33:20 INFO  - 聊天消息数据保存完成，共处理条 0 数据。耗时：0时0分0秒20毫秒
17:34:20 INFO  - 开始保存聊天消息数据
17:34:20 INFO  - 聊天消息数据保存完成，共处理条 0 数据。耗时：0时0分0秒13毫秒
17:35:20 INFO  - 开始保存聊天消息数据
17:35:20 INFO  - 聊天消息数据保存完成，共处理条 0 数据。耗时：0时0分0秒11毫秒
17:36:20 INFO  - 开始保存聊天消息数据
17:36:20 INFO  - 聊天消息数据保存完成，共处理条 0 数据。耗时：0时0分0秒10毫秒
17:37:20 INFO  - 开始保存聊天消息数据
17:37:20 INFO  - 聊天消息数据保存完成，共处理条 0 数据。耗时：0时0分0秒10毫秒
17:38:20 INFO  - 开始保存聊天消息数据
17:38:20 INFO  - 聊天消息数据保存完成，共处理条 0 数据。耗时：0时0分0秒15毫秒
17:39:20 INFO  - 开始保存聊天消息数据
17:39:20 INFO  - 聊天消息数据保存完成，共处理条 0 数据。耗时：0时0分0秒10毫秒
17:40:20 INFO  - 开始保存聊天消息数据
17:40:20 INFO  - 聊天消息数据保存完成，共处理条 0 数据。耗时：0时0分0秒15毫秒
17:41:20 INFO  - 开始保存聊天消息数据
17:41:20 INFO  - 聊天消息数据保存完成，共处理条 0 数据。耗时：0时0分0秒13毫秒
17:42:20 INFO  - 开始保存聊天消息数据
17:42:20 INFO  - 聊天消息数据保存完成，共处理条 0 数据。耗时：0时0分0秒14毫秒
17:43:20 INFO  - 开始保存聊天消息数据
17:43:20 INFO  - 聊天消息数据保存完成，共处理条 0 数据。耗时：0时0分0秒19毫秒
17:44:20 INFO  - 开始保存聊天消息数据
17:44:20 INFO  - 聊天消息数据保存完成，共处理条 0 数据。耗时：0时0分0秒12毫秒
17:45:20 INFO  - 开始保存聊天消息数据
17:45:20 INFO  - 聊天消息数据保存完成，共处理条 0 数据。耗时：0时0分0秒10毫秒
17:46:20 INFO  - 开始保存聊天消息数据
17:46:20 INFO  - 聊天消息数据保存完成，共处理条 0 数据。耗时：0时0分0秒10毫秒
17:47:20 INFO  - 开始保存聊天消息数据
17:47:20 INFO  - 聊天消息数据保存完成，共处理条 0 数据。耗时：0时0分0秒13毫秒
17:48:20 INFO  - 开始保存聊天消息数据
17:48:20 INFO  - 聊天消息数据保存完成，共处理条 0 数据。耗时：0时0分0秒10毫秒
17:49:20 INFO  - 开始保存聊天消息数据
17:49:20 INFO  - 聊天消息数据保存完成，共处理条 0 数据。耗时：0时0分0秒18毫秒
17:50:20 INFO  - 开始保存聊天消息数据
17:50:20 INFO  - 聊天消息数据保存完成，共处理条 0 数据。耗时：0时0分0秒16毫秒
17:51:20 INFO  - 开始保存聊天消息数据
17:51:20 INFO  - 聊天消息数据保存完成，共处理条 0 数据。耗时：0时0分0秒11毫秒
17:52:20 INFO  - 开始保存聊天消息数据
17:52:20 INFO  - 聊天消息数据保存完成，共处理条 0 数据。耗时：0时0分0秒11毫秒
17:53:20 INFO  - 开始保存聊天消息数据
17:53:20 INFO  - 聊天消息数据保存完成，共处理条 0 数据。耗时：0时0分0秒45毫秒
17:54:20 INFO  - 开始保存聊天消息数据
17:54:20 INFO  - 聊天消息数据保存完成，共处理条 0 数据。耗时：0时0分0秒17毫秒
17:55:20 INFO  - 开始保存聊天消息数据
17:55:20 INFO  - 聊天消息数据保存完成，共处理条 0 数据。耗时：0时0分0秒14毫秒
17:56:20 INFO  - 开始保存聊天消息数据
17:56:20 INFO  - 聊天消息数据保存完成，共处理条 0 数据。耗时：0时0分0秒14毫秒
17:57:20 INFO  - 开始保存聊天消息数据
17:57:20 INFO  - 聊天消息数据保存完成，共处理条 0 数据。耗时：0时0分0秒16毫秒
17:58:20 INFO  - 开始保存聊天消息数据
17:58:20 INFO  - 聊天消息数据保存完成，共处理条 0 数据。耗时：0时0分0秒29毫秒
17:59:20 INFO  - 开始保存聊天消息数据
17:59:20 INFO  - 聊天消息数据保存完成，共处理条 0 数据。耗时：0时0分0秒17毫秒
18:00:20 INFO  - 开始保存聊天消息数据
18:00:20 INFO  - 聊天消息数据保存完成，共处理条 0 数据。耗时：0时0分0秒10毫秒
18:01:20 INFO  - 开始保存聊天消息数据
18:01:20 INFO  - 聊天消息数据保存完成，共处理条 0 数据。耗时：0时0分0秒42毫秒
18:02:20 INFO  - 开始保存聊天消息数据
18:02:20 INFO  - 聊天消息数据保存完成，共处理条 0 数据。耗时：0时0分0秒15毫秒
18:03:20 INFO  - 开始保存聊天消息数据
18:03:20 INFO  - 聊天消息数据保存完成，共处理条 0 数据。耗时：0时0分0秒10毫秒
