10:54:25 INFO  - 开始保存聊天消息数据
10:54:25 INFO  - admin 成功登录Openfire
10:54:26 INFO  - 聊天消息数据保存完成，共处理条 0 数据。耗时：0时0分0秒981毫秒
10:54:28 INFO  - 问答自动分配悬赏金报错，Error：One or more errors occurred. (One or more errors occurred. (由于目标计算机积极拒绝，无法连接。)) 
10:55:25 INFO  - 开始保存聊天消息数据
10:55:25 INFO  - 聊天消息数据保存完成，共处理条 0 数据。耗时：0时0分0秒15毫秒
10:56:25 INFO  - 开始保存聊天消息数据
10:56:25 INFO  - 聊天消息数据保存完成，共处理条 0 数据。耗时：0时0分0秒15毫秒
10:57:25 INFO  - 开始保存聊天消息数据
10:57:25 INFO  - 聊天消息数据保存完成，共处理条 0 数据。耗时：0时0分0秒41毫秒
10:58:25 INFO  - 开始保存聊天消息数据
10:58:25 INFO  - 聊天消息数据保存完成，共处理条 0 数据。耗时：0时0分0秒17毫秒
10:59:25 INFO  - 开始保存聊天消息数据
10:59:25 INFO  - 聊天消息数据保存完成，共处理条 0 数据。耗时：0时0分0秒16毫秒
11:00:25 INFO  - 开始保存聊天消息数据
11:00:25 INFO  - 聊天消息数据保存完成，共处理条 0 数据。耗时：0时0分0秒17毫秒
11:01:25 INFO  - 开始保存聊天消息数据
11:01:25 INFO  - 聊天消息数据保存完成，共处理条 0 数据。耗时：0时0分0秒16毫秒
11:02:25 INFO  - 开始保存聊天消息数据
11:02:25 INFO  - 聊天消息数据保存完成，共处理条 0 数据。耗时：0时0分0秒15毫秒
11:03:25 INFO  - 开始保存聊天消息数据
11:03:25 INFO  - 聊天消息数据保存完成，共处理条 0 数据。耗时：0时0分0秒22毫秒
11:04:25 INFO  - 开始保存聊天消息数据
11:04:25 INFO  - 聊天消息数据保存完成，共处理条 0 数据。耗时：0时0分0秒17毫秒
11:05:25 INFO  - 开始保存聊天消息数据
11:05:25 INFO  - 聊天消息数据保存完成，共处理条 0 数据。耗时：0时0分0秒21毫秒
11:06:25 INFO  - 开始保存聊天消息数据
11:06:25 INFO  - 聊天消息数据保存完成，共处理条 0 数据。耗时：0时0分0秒17毫秒
11:07:25 INFO  - 开始保存聊天消息数据
11:07:25 INFO  - 聊天消息数据保存完成，共处理条 0 数据。耗时：0时0分0秒17毫秒
11:08:25 INFO  - 开始保存聊天消息数据
11:08:25 INFO  - 聊天消息数据保存完成，共处理条 0 数据。耗时：0时0分0秒14毫秒
11:09:25 INFO  - 开始保存聊天消息数据
11:09:25 INFO  - 聊天消息数据保存完成，共处理条 0 数据。耗时：0时0分0秒16毫秒
11:10:25 INFO  - 开始保存聊天消息数据
11:10:25 INFO  - 聊天消息数据保存完成，共处理条 0 数据。耗时：0时0分0秒16毫秒
11:11:25 INFO  - 开始保存聊天消息数据
11:11:25 INFO  - 聊天消息数据保存完成，共处理条 0 数据。耗时：0时0分0秒18毫秒
11:12:25 INFO  - 开始保存聊天消息数据
11:12:25 INFO  - 聊天消息数据保存完成，共处理条 0 数据。耗时：0时0分0秒15毫秒
11:13:25 INFO  - 开始保存聊天消息数据
11:13:25 INFO  - 聊天消息数据保存完成，共处理条 0 数据。耗时：0时0分0秒18毫秒
11:14:25 INFO  - 开始保存聊天消息数据
11:14:25 INFO  - 聊天消息数据保存完成，共处理条 0 数据。耗时：0时0分0秒15毫秒
11:15:25 INFO  - 开始保存聊天消息数据
11:15:25 INFO  - 聊天消息数据保存完成，共处理条 0 数据。耗时：0时0分0秒16毫秒
11:16:25 INFO  - 开始保存聊天消息数据
11:16:25 INFO  - 聊天消息数据保存完成，共处理条 0 数据。耗时：0时0分0秒16毫秒
11:17:25 INFO  - 开始保存聊天消息数据
11:17:25 INFO  - 聊天消息数据保存完成，共处理条 0 数据。耗时：0时0分0秒16毫秒
11:18:25 INFO  - 开始保存聊天消息数据
11:18:25 INFO  - 聊天消息数据保存完成，共处理条 0 数据。耗时：0时0分0秒15毫秒
11:19:25 INFO  - 开始保存聊天消息数据
11:19:25 INFO  - 聊天消息数据保存完成，共处理条 0 数据。耗时：0时0分0秒15毫秒
11:20:25 INFO  - 开始保存聊天消息数据
11:20:25 INFO  - 聊天消息数据保存完成，共处理条 0 数据。耗时：0时0分0秒15毫秒
11:21:25 INFO  - 开始保存聊天消息数据
11:21:25 INFO  - 聊天消息数据保存完成，共处理条 0 数据。耗时：0时0分0秒15毫秒
11:22:25 INFO  - 开始保存聊天消息数据
11:22:25 INFO  - 聊天消息数据保存完成，共处理条 0 数据。耗时：0时0分0秒16毫秒
11:23:25 INFO  - 开始保存聊天消息数据
11:23:25 INFO  - 聊天消息数据保存完成，共处理条 0 数据。耗时：0时0分0秒18毫秒
11:24:25 INFO  - 开始保存聊天消息数据
11:24:25 INFO  - 聊天消息数据保存完成，共处理条 0 数据。耗时：0时0分0秒14毫秒
11:25:25 INFO  - 开始保存聊天消息数据
11:25:25 INFO  - 聊天消息数据保存完成，共处理条 0 数据。耗时：0时0分0秒15毫秒
11:26:25 INFO  - 开始保存聊天消息数据
11:26:25 INFO  - 聊天消息数据保存完成，共处理条 0 数据。耗时：0时0分0秒13毫秒
11:27:25 INFO  - 开始保存聊天消息数据
11:27:25 INFO  - 聊天消息数据保存完成，共处理条 0 数据。耗时：0时0分0秒16毫秒
11:28:25 INFO  - 开始保存聊天消息数据
11:28:25 INFO  - 聊天消息数据保存完成，共处理条 0 数据。耗时：0时0分0秒16毫秒
11:29:25 INFO  - 开始保存聊天消息数据
11:29:25 INFO  - 聊天消息数据保存完成，共处理条 0 数据。耗时：0时0分0秒16毫秒
11:30:25 INFO  - 开始保存聊天消息数据
11:30:25 INFO  - 聊天消息数据保存完成，共处理条 0 数据。耗时：0时0分0秒17毫秒
11:31:25 INFO  - 开始保存聊天消息数据
11:31:25 INFO  - 聊天消息数据保存完成，共处理条 0 数据。耗时：0时0分0秒16毫秒
11:32:25 INFO  - 开始保存聊天消息数据
11:32:25 INFO  - 聊天消息数据保存完成，共处理条 0 数据。耗时：0时0分0秒28毫秒
11:33:25 INFO  - 开始保存聊天消息数据
11:33:25 INFO  - 聊天消息数据保存完成，共处理条 0 数据。耗时：0时0分0秒14毫秒
11:34:25 INFO  - 开始保存聊天消息数据
11:34:25 INFO  - 聊天消息数据保存完成，共处理条 0 数据。耗时：0时0分0秒14毫秒
11:35:25 INFO  - 开始保存聊天消息数据
11:35:25 INFO  - 聊天消息数据保存完成，共处理条 0 数据。耗时：0时0分0秒15毫秒
11:35:46 INFO  - Executed action GD.API.Controllers.Mall.MallController.GetMyShoppingCarTotal (API) in 162ms
11:35:46 INFO  - Executed action GD.API.Controllers.Doctor.HospitalController.GetHospitalOfficesAsync (API) in 162ms
11:35:48 INFO  - Executed action GD.API.Controllers.Mall.MallController.GetMyShoppingCarTotal (API) in 50ms
11:35:48 INFO  - Executed action GD.API.Controllers.Doctor.HospitalController.GetHospitalOfficesAsync (API) in 34ms
11:36:25 INFO  - 开始保存聊天消息数据
11:36:25 INFO  - 聊天消息数据保存完成，共处理条 0 数据。耗时：0时0分0秒16毫秒
11:37:25 INFO  - 开始保存聊天消息数据
11:37:25 INFO  - 聊天消息数据保存完成，共处理条 0 数据。耗时：0时0分0秒16毫秒
11:38:25 INFO  - 开始保存聊天消息数据
11:38:25 INFO  - 聊天消息数据保存完成，共处理条 0 数据。耗时：0时0分0秒14毫秒
11:39:25 INFO  - 开始保存聊天消息数据
11:39:25 INFO  - 聊天消息数据保存完成，共处理条 0 数据。耗时：0时0分0秒14毫秒
11:40:25 INFO  - 开始保存聊天消息数据
11:40:25 INFO  - 聊天消息数据保存完成，共处理条 0 数据。耗时：0时0分0秒16毫秒
11:41:25 INFO  - 开始保存聊天消息数据
11:41:25 INFO  - 聊天消息数据保存完成，共处理条 0 数据。耗时：0时0分0秒20毫秒
11:42:25 INFO  - 开始保存聊天消息数据
11:42:25 INFO  - 聊天消息数据保存完成，共处理条 0 数据。耗时：0时0分0秒17毫秒
11:43:25 INFO  - 开始保存聊天消息数据
11:43:25 INFO  - 聊天消息数据保存完成，共处理条 0 数据。耗时：0时0分0秒17毫秒
11:44:25 INFO  - 开始保存聊天消息数据
11:44:25 INFO  - 聊天消息数据保存完成，共处理条 0 数据。耗时：0时0分0秒15毫秒
11:45:25 INFO  - 开始保存聊天消息数据
11:45:25 INFO  - 聊天消息数据保存完成，共处理条 0 数据。耗时：0时0分0秒19毫秒
11:46:25 INFO  - 开始保存聊天消息数据
11:46:25 INFO  - 聊天消息数据保存完成，共处理条 0 数据。耗时：0时0分0秒15毫秒
11:47:25 INFO  - 开始保存聊天消息数据
11:47:25 INFO  - 聊天消息数据保存完成，共处理条 0 数据。耗时：0时0分0秒16毫秒
11:48:25 INFO  - 开始保存聊天消息数据
11:48:25 INFO  - 聊天消息数据保存完成，共处理条 0 数据。耗时：0时0分0秒28毫秒
11:49:25 INFO  - 开始保存聊天消息数据
11:49:25 INFO  - 聊天消息数据保存完成，共处理条 0 数据。耗时：0时0分0秒19毫秒
11:50:25 INFO  - 开始保存聊天消息数据
11:50:25 INFO  - 聊天消息数据保存完成，共处理条 0 数据。耗时：0时0分0秒15毫秒
11:51:25 INFO  - 开始保存聊天消息数据
11:51:25 INFO  - 聊天消息数据保存完成，共处理条 0 数据。耗时：0时0分0秒15毫秒
11:52:25 INFO  - 开始保存聊天消息数据
11:52:25 INFO  - 聊天消息数据保存完成，共处理条 0 数据。耗时：0时0分0秒23毫秒
11:53:25 INFO  - 开始保存聊天消息数据
11:53:25 INFO  - 聊天消息数据保存完成，共处理条 0 数据。耗时：0时0分0秒15毫秒
11:54:25 INFO  - 开始保存聊天消息数据
11:54:25 INFO  - 聊天消息数据保存完成，共处理条 0 数据。耗时：0时0分0秒18毫秒
11:55:25 INFO  - 开始保存聊天消息数据
11:55:25 INFO  - 聊天消息数据保存完成，共处理条 0 数据。耗时：0时0分0秒16毫秒
11:56:25 INFO  - 开始保存聊天消息数据
11:56:25 INFO  - 聊天消息数据保存完成，共处理条 0 数据。耗时：0时0分0秒15毫秒
11:57:25 INFO  - 开始保存聊天消息数据
11:57:25 INFO  - 聊天消息数据保存完成，共处理条 0 数据。耗时：0时0分0秒15毫秒
11:58:25 INFO  - 开始保存聊天消息数据
11:58:25 INFO  - 聊天消息数据保存完成，共处理条 0 数据。耗时：0时0分0秒30毫秒
11:59:25 INFO  - 开始保存聊天消息数据
11:59:25 INFO  - 聊天消息数据保存完成，共处理条 0 数据。耗时：0时0分0秒17毫秒
12:00:25 INFO  - 开始保存聊天消息数据
12:00:25 INFO  - 聊天消息数据保存完成，共处理条 0 数据。耗时：0时0分0秒16毫秒
12:01:25 INFO  - 开始保存聊天消息数据
12:01:25 INFO  - 聊天消息数据保存完成，共处理条 0 数据。耗时：0时0分0秒16毫秒
12:02:25 INFO  - 开始保存聊天消息数据
12:02:25 INFO  - 聊天消息数据保存完成，共处理条 0 数据。耗时：0时0分0秒16毫秒
12:03:25 INFO  - 开始保存聊天消息数据
12:03:25 INFO  - 聊天消息数据保存完成，共处理条 0 数据。耗时：0时0分0秒14毫秒
12:04:25 INFO  - 开始保存聊天消息数据
12:04:25 INFO  - 聊天消息数据保存完成，共处理条 0 数据。耗时：0时0分0秒16毫秒
12:05:25 INFO  - 开始保存聊天消息数据
12:05:25 INFO  - 聊天消息数据保存完成，共处理条 0 数据。耗时：0时0分0秒18毫秒
12:05:50 INFO  - Executed action GD.API.Controllers.Mall.MallController.GetMyShoppingCarTotal (API) in 168ms
12:05:52 INFO  - Executed action GD.API.Controllers.Doctor.HospitalController.GetHospitalOfficesAsync (API) in 41ms
12:06:25 INFO  - 开始保存聊天消息数据
12:06:25 INFO  - 聊天消息数据保存完成，共处理条 0 数据。耗时：0时0分0秒16毫秒
12:06:46 INFO  - Executed action GD.API.Controllers.Doctor.HospitalController.GetHospitalOfficesAsync (API) in 44ms
12:07:25 INFO  - 开始保存聊天消息数据
12:07:25 INFO  - 聊天消息数据保存完成，共处理条 0 数据。耗时：0时0分0秒23毫秒
12:08:25 INFO  - 开始保存聊天消息数据
12:08:25 INFO  - 聊天消息数据保存完成，共处理条 0 数据。耗时：0时0分0秒16毫秒
12:09:25 INFO  - 开始保存聊天消息数据
12:09:25 INFO  - 聊天消息数据保存完成，共处理条 0 数据。耗时：0时0分0秒15毫秒
12:10:25 INFO  - 开始保存聊天消息数据
12:10:25 INFO  - 聊天消息数据保存完成，共处理条 0 数据。耗时：0时0分0秒15毫秒
12:11:25 INFO  - 开始保存聊天消息数据
12:11:25 INFO  - 聊天消息数据保存完成，共处理条 0 数据。耗时：0时0分0秒16毫秒
12:12:25 INFO  - 开始保存聊天消息数据
12:12:25 INFO  - 聊天消息数据保存完成，共处理条 0 数据。耗时：0时0分0秒17毫秒
12:13:25 INFO  - 开始保存聊天消息数据
12:13:25 INFO  - 聊天消息数据保存完成，共处理条 0 数据。耗时：0时0分0秒15毫秒
12:14:25 INFO  - 开始保存聊天消息数据
12:14:25 INFO  - 聊天消息数据保存完成，共处理条 0 数据。耗时：0时0分0秒24毫秒
12:15:25 INFO  - 开始保存聊天消息数据
12:15:25 INFO  - 聊天消息数据保存完成，共处理条 0 数据。耗时：0时0分0秒28毫秒
12:16:25 INFO  - 开始保存聊天消息数据
12:16:25 INFO  - 聊天消息数据保存完成，共处理条 0 数据。耗时：0时0分0秒18毫秒
12:17:25 INFO  - 开始保存聊天消息数据
12:17:25 INFO  - 聊天消息数据保存完成，共处理条 0 数据。耗时：0时0分0秒16毫秒
12:18:25 INFO  - 开始保存聊天消息数据
12:18:25 INFO  - 聊天消息数据保存完成，共处理条 0 数据。耗时：0时0分0秒20毫秒
12:19:25 INFO  - 开始保存聊天消息数据
12:19:25 INFO  - 聊天消息数据保存完成，共处理条 0 数据。耗时：0时0分0秒21毫秒
12:20:25 INFO  - 开始保存聊天消息数据
12:20:25 INFO  - 聊天消息数据保存完成，共处理条 0 数据。耗时：0时0分0秒20毫秒
12:21:25 INFO  - 开始保存聊天消息数据
12:21:25 INFO  - 聊天消息数据保存完成，共处理条 0 数据。耗时：0时0分0秒15毫秒
12:22:25 INFO  - 开始保存聊天消息数据
12:22:25 INFO  - 聊天消息数据保存完成，共处理条 0 数据。耗时：0时0分0秒16毫秒
12:23:25 INFO  - 开始保存聊天消息数据
12:23:25 INFO  - 聊天消息数据保存完成，共处理条 0 数据。耗时：0时0分0秒15毫秒
12:24:25 INFO  - 开始保存聊天消息数据
12:24:25 INFO  - 聊天消息数据保存完成，共处理条 0 数据。耗时：0时0分0秒17毫秒
12:25:25 INFO  - 开始保存聊天消息数据
12:25:25 INFO  - 聊天消息数据保存完成，共处理条 0 数据。耗时：0时0分0秒18毫秒
12:26:25 INFO  - 开始保存聊天消息数据
12:26:25 INFO  - 聊天消息数据保存完成，共处理条 0 数据。耗时：0时0分0秒16毫秒
12:27:25 INFO  - 开始保存聊天消息数据
12:27:25 INFO  - 聊天消息数据保存完成，共处理条 0 数据。耗时：0时0分0秒16毫秒
12:28:25 INFO  - 开始保存聊天消息数据
12:28:25 INFO  - 聊天消息数据保存完成，共处理条 0 数据。耗时：0时0分0秒17毫秒
12:29:25 INFO  - 开始保存聊天消息数据
12:29:25 INFO  - 聊天消息数据保存完成，共处理条 0 数据。耗时：0时0分0秒15毫秒
12:30:25 INFO  - 开始保存聊天消息数据
12:30:25 INFO  - 聊天消息数据保存完成，共处理条 0 数据。耗时：0时0分0秒16毫秒
12:31:25 INFO  - 开始保存聊天消息数据
12:31:25 INFO  - 聊天消息数据保存完成，共处理条 0 数据。耗时：0时0分0秒17毫秒
12:32:25 INFO  - 开始保存聊天消息数据
12:32:25 INFO  - 聊天消息数据保存完成，共处理条 0 数据。耗时：0时0分0秒16毫秒
12:33:25 INFO  - 开始保存聊天消息数据
12:33:25 INFO  - 聊天消息数据保存完成，共处理条 0 数据。耗时：0时0分0秒14毫秒
12:34:25 INFO  - 开始保存聊天消息数据
12:34:25 INFO  - 聊天消息数据保存完成，共处理条 0 数据。耗时：0时0分0秒15毫秒
12:35:25 INFO  - 开始保存聊天消息数据
12:35:25 INFO  - 聊天消息数据保存完成，共处理条 0 数据。耗时：0时0分0秒17毫秒
12:36:25 INFO  - 开始保存聊天消息数据
12:36:25 INFO  - 聊天消息数据保存完成，共处理条 0 数据。耗时：0时0分0秒17毫秒
12:37:25 INFO  - 开始保存聊天消息数据
12:37:25 INFO  - 聊天消息数据保存完成，共处理条 0 数据。耗时：0时0分0秒17毫秒
12:38:25 INFO  - 开始保存聊天消息数据
12:38:25 INFO  - 聊天消息数据保存完成，共处理条 0 数据。耗时：0时0分0秒15毫秒
12:39:25 INFO  - 开始保存聊天消息数据
12:39:25 INFO  - 聊天消息数据保存完成，共处理条 0 数据。耗时：0时0分0秒16毫秒
12:40:25 INFO  - 开始保存聊天消息数据
12:40:25 INFO  - 聊天消息数据保存完成，共处理条 0 数据。耗时：0时0分0秒15毫秒
12:41:25 INFO  - 开始保存聊天消息数据
12:41:25 INFO  - 聊天消息数据保存完成，共处理条 0 数据。耗时：0时0分0秒16毫秒
12:42:25 INFO  - 开始保存聊天消息数据
12:42:25 INFO  - 聊天消息数据保存完成，共处理条 0 数据。耗时：0时0分0秒24毫秒
12:43:25 INFO  - 开始保存聊天消息数据
12:43:25 INFO  - 聊天消息数据保存完成，共处理条 0 数据。耗时：0时0分0秒16毫秒
12:44:25 INFO  - 开始保存聊天消息数据
12:44:25 INFO  - 聊天消息数据保存完成，共处理条 0 数据。耗时：0时0分0秒19毫秒
12:45:25 INFO  - 开始保存聊天消息数据
12:45:25 INFO  - 聊天消息数据保存完成，共处理条 0 数据。耗时：0时0分0秒16毫秒
12:46:25 INFO  - 开始保存聊天消息数据
12:46:25 INFO  - 聊天消息数据保存完成，共处理条 0 数据。耗时：0时0分0秒17毫秒
12:47:25 INFO  - 开始保存聊天消息数据
12:47:25 INFO  - 聊天消息数据保存完成，共处理条 0 数据。耗时：0时0分0秒16毫秒
12:48:25 INFO  - 开始保存聊天消息数据
12:48:25 INFO  - 聊天消息数据保存完成，共处理条 0 数据。耗时：0时0分0秒17毫秒
12:49:25 INFO  - 开始保存聊天消息数据
12:49:25 INFO  - 聊天消息数据保存完成，共处理条 0 数据。耗时：0时0分0秒24毫秒
12:50:25 INFO  - 开始保存聊天消息数据
12:50:25 INFO  - 聊天消息数据保存完成，共处理条 0 数据。耗时：0时0分0秒16毫秒
12:51:25 INFO  - 开始保存聊天消息数据
12:51:25 INFO  - 聊天消息数据保存完成，共处理条 0 数据。耗时：0时0分0秒17毫秒
12:52:25 INFO  - 开始保存聊天消息数据
12:52:25 INFO  - 聊天消息数据保存完成，共处理条 0 数据。耗时：0时0分0秒27毫秒
12:53:25 INFO  - 开始保存聊天消息数据
12:53:25 INFO  - 聊天消息数据保存完成，共处理条 0 数据。耗时：0时0分0秒18毫秒
12:54:25 INFO  - 开始保存聊天消息数据
12:54:25 INFO  - 聊天消息数据保存完成，共处理条 0 数据。耗时：0时0分0秒17毫秒
12:55:25 INFO  - 开始保存聊天消息数据
12:55:25 INFO  - 聊天消息数据保存完成，共处理条 0 数据。耗时：0时0分0秒16毫秒
12:56:25 INFO  - 开始保存聊天消息数据
12:56:25 INFO  - 聊天消息数据保存完成，共处理条 0 数据。耗时：0时0分0秒16毫秒
12:57:25 INFO  - 开始保存聊天消息数据
12:57:25 INFO  - 聊天消息数据保存完成，共处理条 0 数据。耗时：0时0分0秒16毫秒
12:58:25 INFO  - 开始保存聊天消息数据
12:58:25 INFO  - 聊天消息数据保存完成，共处理条 0 数据。耗时：0时0分0秒16毫秒
12:59:25 INFO  - 开始保存聊天消息数据
12:59:25 INFO  - 聊天消息数据保存完成，共处理条 0 数据。耗时：0时0分0秒16毫秒
13:00:25 INFO  - 开始保存聊天消息数据
13:00:25 INFO  - 聊天消息数据保存完成，共处理条 0 数据。耗时：0时0分0秒15毫秒
13:01:25 INFO  - 开始保存聊天消息数据
13:01:25 INFO  - 聊天消息数据保存完成，共处理条 0 数据。耗时：0时0分0秒22毫秒
13:02:25 INFO  - 开始保存聊天消息数据
13:02:25 INFO  - 聊天消息数据保存完成，共处理条 0 数据。耗时：0时0分0秒17毫秒
13:03:25 INFO  - 开始保存聊天消息数据
13:03:25 INFO  - 聊天消息数据保存完成，共处理条 0 数据。耗时：0时0分0秒16毫秒
13:04:25 INFO  - 开始保存聊天消息数据
13:04:25 INFO  - 聊天消息数据保存完成，共处理条 0 数据。耗时：0时0分0秒16毫秒
13:05:25 INFO  - 开始保存聊天消息数据
13:05:25 INFO  - 聊天消息数据保存完成，共处理条 0 数据。耗时：0时0分0秒16毫秒
13:06:25 INFO  - 开始保存聊天消息数据
13:06:25 INFO  - 聊天消息数据保存完成，共处理条 0 数据。耗时：0时0分0秒15毫秒
13:07:25 INFO  - 开始保存聊天消息数据
13:07:25 INFO  - 聊天消息数据保存完成，共处理条 0 数据。耗时：0时0分0秒17毫秒
13:08:25 INFO  - 开始保存聊天消息数据
13:08:25 INFO  - 聊天消息数据保存完成，共处理条 0 数据。耗时：0时0分0秒18毫秒
13:09:25 INFO  - 开始保存聊天消息数据
13:09:25 INFO  - 聊天消息数据保存完成，共处理条 0 数据。耗时：0时0分0秒22毫秒
13:10:25 INFO  - 开始保存聊天消息数据
13:10:26 INFO  - 聊天消息数据保存完成，共处理条 0 数据。耗时：0时0分0秒20毫秒
13:11:25 INFO  - 开始保存聊天消息数据
13:11:26 INFO  - 聊天消息数据保存完成，共处理条 0 数据。耗时：0时0分0秒20毫秒
13:12:25 INFO  - 开始保存聊天消息数据
13:12:26 INFO  - 聊天消息数据保存完成，共处理条 0 数据。耗时：0时0分0秒16毫秒
13:13:25 INFO  - 开始保存聊天消息数据
13:13:26 INFO  - 聊天消息数据保存完成，共处理条 0 数据。耗时：0时0分0秒18毫秒
13:14:25 INFO  - 开始保存聊天消息数据
13:14:26 INFO  - 聊天消息数据保存完成，共处理条 0 数据。耗时：0时0分0秒15毫秒
13:15:26 INFO  - 开始保存聊天消息数据
13:15:26 INFO  - 聊天消息数据保存完成，共处理条 0 数据。耗时：0时0分0秒18毫秒
13:16:26 INFO  - 开始保存聊天消息数据
13:16:26 INFO  - 聊天消息数据保存完成，共处理条 0 数据。耗时：0时0分0秒18毫秒
13:17:26 INFO  - 开始保存聊天消息数据
13:17:26 INFO  - 聊天消息数据保存完成，共处理条 0 数据。耗时：0时0分0秒16毫秒
13:18:26 INFO  - 开始保存聊天消息数据
13:18:26 INFO  - 聊天消息数据保存完成，共处理条 0 数据。耗时：0时0分0秒17毫秒
13:19:26 INFO  - 开始保存聊天消息数据
13:19:26 INFO  - 聊天消息数据保存完成，共处理条 0 数据。耗时：0时0分0秒15毫秒
13:20:26 INFO  - 开始保存聊天消息数据
13:20:26 INFO  - 聊天消息数据保存完成，共处理条 0 数据。耗时：0时0分0秒16毫秒
13:21:26 INFO  - 开始保存聊天消息数据
13:21:26 INFO  - 聊天消息数据保存完成，共处理条 0 数据。耗时：0时0分0秒16毫秒
13:22:26 INFO  - 开始保存聊天消息数据
13:22:26 INFO  - 聊天消息数据保存完成，共处理条 0 数据。耗时：0时0分0秒15毫秒
13:23:26 INFO  - 开始保存聊天消息数据
13:23:26 INFO  - 聊天消息数据保存完成，共处理条 0 数据。耗时：0时0分0秒16毫秒
13:24:26 INFO  - 开始保存聊天消息数据
13:24:26 INFO  - 聊天消息数据保存完成，共处理条 0 数据。耗时：0时0分0秒16毫秒
13:25:26 INFO  - 开始保存聊天消息数据
13:25:26 INFO  - 聊天消息数据保存完成，共处理条 0 数据。耗时：0时0分0秒15毫秒
13:26:26 INFO  - 开始保存聊天消息数据
13:26:26 INFO  - 聊天消息数据保存完成，共处理条 0 数据。耗时：0时0分0秒20毫秒
13:27:26 INFO  - 开始保存聊天消息数据
13:27:26 INFO  - 聊天消息数据保存完成，共处理条 0 数据。耗时：0时0分0秒18毫秒
13:28:26 INFO  - 开始保存聊天消息数据
13:28:26 INFO  - 聊天消息数据保存完成，共处理条 0 数据。耗时：0时0分0秒16毫秒
13:29:26 INFO  - 开始保存聊天消息数据
13:29:26 INFO  - 聊天消息数据保存完成，共处理条 0 数据。耗时：0时0分0秒20毫秒
13:30:26 INFO  - 开始保存聊天消息数据
13:30:26 INFO  - 聊天消息数据保存完成，共处理条 0 数据。耗时：0时0分0秒26毫秒
13:31:26 INFO  - 开始保存聊天消息数据
13:31:26 INFO  - 聊天消息数据保存完成，共处理条 0 数据。耗时：0时0分0秒24毫秒
13:32:26 INFO  - 开始保存聊天消息数据
13:32:26 INFO  - 聊天消息数据保存完成，共处理条 0 数据。耗时：0时0分0秒16毫秒
13:33:26 INFO  - 开始保存聊天消息数据
13:33:26 INFO  - 聊天消息数据保存完成，共处理条 0 数据。耗时：0时0分0秒14毫秒
13:34:26 INFO  - 开始保存聊天消息数据
13:34:26 INFO  - 聊天消息数据保存完成，共处理条 0 数据。耗时：0时0分0秒29毫秒
13:35:26 INFO  - 开始保存聊天消息数据
13:35:26 INFO  - 聊天消息数据保存完成，共处理条 0 数据。耗时：0时0分0秒17毫秒
13:36:26 INFO  - 开始保存聊天消息数据
13:36:26 INFO  - 聊天消息数据保存完成，共处理条 0 数据。耗时：0时0分0秒16毫秒
13:37:26 INFO  - 开始保存聊天消息数据
13:37:26 INFO  - 聊天消息数据保存完成，共处理条 0 数据。耗时：0时0分0秒16毫秒
13:38:26 INFO  - 开始保存聊天消息数据
13:38:26 INFO  - 聊天消息数据保存完成，共处理条 0 数据。耗时：0时0分0秒16毫秒
13:39:26 INFO  - 开始保存聊天消息数据
13:39:26 INFO  - 聊天消息数据保存完成，共处理条 0 数据。耗时：0时0分0秒15毫秒
13:40:26 INFO  - 开始保存聊天消息数据
13:40:26 INFO  - 聊天消息数据保存完成，共处理条 0 数据。耗时：0时0分0秒16毫秒
13:41:26 INFO  - 开始保存聊天消息数据
13:41:26 INFO  - 聊天消息数据保存完成，共处理条 0 数据。耗时：0时0分0秒17毫秒
13:42:26 INFO  - 开始保存聊天消息数据
13:42:26 INFO  - 聊天消息数据保存完成，共处理条 0 数据。耗时：0时0分0秒16毫秒
13:43:26 INFO  - 开始保存聊天消息数据
13:43:26 INFO  - 聊天消息数据保存完成，共处理条 0 数据。耗时：0时0分0秒21毫秒
13:44:26 INFO  - 开始保存聊天消息数据
13:44:26 INFO  - 聊天消息数据保存完成，共处理条 0 数据。耗时：0时0分0秒18毫秒
13:45:26 INFO  - 开始保存聊天消息数据
13:45:26 INFO  - 聊天消息数据保存完成，共处理条 0 数据。耗时：0时0分0秒17毫秒
13:46:26 INFO  - 开始保存聊天消息数据
13:46:26 INFO  - 聊天消息数据保存完成，共处理条 0 数据。耗时：0时0分0秒17毫秒
13:47:26 INFO  - 开始保存聊天消息数据
13:47:26 INFO  - 聊天消息数据保存完成，共处理条 0 数据。耗时：0时0分0秒16毫秒
13:48:26 INFO  - 开始保存聊天消息数据
13:48:26 INFO  - 聊天消息数据保存完成，共处理条 0 数据。耗时：0时0分0秒17毫秒
13:49:26 INFO  - 开始保存聊天消息数据
13:49:26 INFO  - 聊天消息数据保存完成，共处理条 0 数据。耗时：0时0分0秒18毫秒
13:50:26 INFO  - 开始保存聊天消息数据
13:50:26 INFO  - 聊天消息数据保存完成，共处理条 0 数据。耗时：0时0分0秒17毫秒
13:51:26 INFO  - 开始保存聊天消息数据
13:51:26 INFO  - 聊天消息数据保存完成，共处理条 0 数据。耗时：0时0分0秒16毫秒
13:52:26 INFO  - 开始保存聊天消息数据
13:52:26 INFO  - 聊天消息数据保存完成，共处理条 0 数据。耗时：0时0分0秒22毫秒
13:53:26 INFO  - 开始保存聊天消息数据
13:53:26 INFO  - 聊天消息数据保存完成，共处理条 0 数据。耗时：0时0分0秒17毫秒
13:54:26 INFO  - 开始保存聊天消息数据
13:54:26 INFO  - 聊天消息数据保存完成，共处理条 0 数据。耗时：0时0分0秒15毫秒
13:55:26 INFO  - 开始保存聊天消息数据
13:55:26 INFO  - 聊天消息数据保存完成，共处理条 0 数据。耗时：0时0分0秒17毫秒
13:56:26 INFO  - 开始保存聊天消息数据
13:56:26 INFO  - 聊天消息数据保存完成，共处理条 0 数据。耗时：0时0分0秒17毫秒
13:57:26 INFO  - 开始保存聊天消息数据
13:57:26 INFO  - 聊天消息数据保存完成，共处理条 0 数据。耗时：0时0分0秒24毫秒
13:58:26 INFO  - 开始保存聊天消息数据
13:58:26 INFO  - 聊天消息数据保存完成，共处理条 0 数据。耗时：0时0分0秒16毫秒
13:59:26 INFO  - 开始保存聊天消息数据
13:59:26 INFO  - 聊天消息数据保存完成，共处理条 0 数据。耗时：0时0分0秒15毫秒
14:00:26 INFO  - 开始保存聊天消息数据
14:00:26 INFO  - 聊天消息数据保存完成，共处理条 0 数据。耗时：0时0分0秒16毫秒
14:01:26 INFO  - 开始保存聊天消息数据
14:01:26 INFO  - 聊天消息数据保存完成，共处理条 0 数据。耗时：0时0分0秒16毫秒
14:02:26 INFO  - 开始保存聊天消息数据
14:02:26 INFO  - 聊天消息数据保存完成，共处理条 0 数据。耗时：0时0分0秒16毫秒
14:03:26 INFO  - 开始保存聊天消息数据
14:03:26 INFO  - 聊天消息数据保存完成，共处理条 0 数据。耗时：0时0分0秒27毫秒
14:04:26 INFO  - 开始保存聊天消息数据
14:04:26 INFO  - 聊天消息数据保存完成，共处理条 0 数据。耗时：0时0分0秒16毫秒
14:05:26 INFO  - 开始保存聊天消息数据
14:05:26 INFO  - 聊天消息数据保存完成，共处理条 0 数据。耗时：0时0分0秒19毫秒
14:06:26 INFO  - 开始保存聊天消息数据
14:06:26 INFO  - 聊天消息数据保存完成，共处理条 0 数据。耗时：0时0分0秒20毫秒
14:07:26 INFO  - 开始保存聊天消息数据
14:07:26 INFO  - 聊天消息数据保存完成，共处理条 0 数据。耗时：0时0分0秒16毫秒
14:08:26 INFO  - 开始保存聊天消息数据
14:08:26 INFO  - 聊天消息数据保存完成，共处理条 0 数据。耗时：0时0分0秒16毫秒
14:09:26 INFO  - 开始保存聊天消息数据
14:09:26 INFO  - 聊天消息数据保存完成，共处理条 0 数据。耗时：0时0分0秒18毫秒
14:10:26 INFO  - 开始保存聊天消息数据
14:10:26 INFO  - 聊天消息数据保存完成，共处理条 0 数据。耗时：0时0分0秒16毫秒
14:11:26 INFO  - 开始保存聊天消息数据
14:11:26 INFO  - 聊天消息数据保存完成，共处理条 0 数据。耗时：0时0分0秒19毫秒
14:12:26 INFO  - 开始保存聊天消息数据
14:12:26 INFO  - 聊天消息数据保存完成，共处理条 0 数据。耗时：0时0分0秒15毫秒
14:13:26 INFO  - 开始保存聊天消息数据
14:13:26 INFO  - 聊天消息数据保存完成，共处理条 0 数据。耗时：0时0分0秒18毫秒
14:14:26 INFO  - 开始保存聊天消息数据
14:14:26 INFO  - 聊天消息数据保存完成，共处理条 0 数据。耗时：0时0分0秒15毫秒
14:15:26 INFO  - 开始保存聊天消息数据
14:15:26 INFO  - 聊天消息数据保存完成，共处理条 0 数据。耗时：0时0分0秒15毫秒
14:16:26 INFO  - 开始保存聊天消息数据
14:16:26 INFO  - 聊天消息数据保存完成，共处理条 0 数据。耗时：0时0分0秒20毫秒
14:17:26 INFO  - 开始保存聊天消息数据
14:17:26 INFO  - 聊天消息数据保存完成，共处理条 0 数据。耗时：0时0分0秒15毫秒
14:18:26 INFO  - 开始保存聊天消息数据
14:18:26 INFO  - 聊天消息数据保存完成，共处理条 0 数据。耗时：0时0分0秒16毫秒
14:19:26 INFO  - 开始保存聊天消息数据
14:19:26 INFO  - 聊天消息数据保存完成，共处理条 0 数据。耗时：0时0分0秒18毫秒
14:20:26 INFO  - 开始保存聊天消息数据
14:20:26 INFO  - 聊天消息数据保存完成，共处理条 0 数据。耗时：0时0分0秒15毫秒
14:21:26 INFO  - 开始保存聊天消息数据
14:21:26 INFO  - 聊天消息数据保存完成，共处理条 0 数据。耗时：0时0分0秒21毫秒
14:22:26 INFO  - 开始保存聊天消息数据
14:22:26 INFO  - 聊天消息数据保存完成，共处理条 0 数据。耗时：0时0分0秒14毫秒
14:22:43 INFO  - Executed action GD.API.Controllers.Doctor.HospitalController.GetHospitalOfficesAsync (API) in 132ms
14:22:43 INFO  - Executed action GD.API.Controllers.Doctor.HospitalController.GetHospitalOfficesAsync (API) in 36ms
14:23:26 INFO  - 开始保存聊天消息数据
14:23:26 INFO  - 聊天消息数据保存完成，共处理条 0 数据。耗时：0时0分0秒17毫秒
14:24:26 INFO  - 开始保存聊天消息数据
14:24:26 INFO  - 聊天消息数据保存完成，共处理条 0 数据。耗时：0时0分0秒15毫秒
14:25:26 INFO  - 开始保存聊天消息数据
14:25:26 INFO  - 聊天消息数据保存完成，共处理条 0 数据。耗时：0时0分0秒17毫秒
14:26:26 INFO  - 开始保存聊天消息数据
14:26:26 INFO  - 聊天消息数据保存完成，共处理条 0 数据。耗时：0时0分0秒17毫秒
14:27:26 INFO  - 开始保存聊天消息数据
14:27:26 INFO  - 聊天消息数据保存完成，共处理条 0 数据。耗时：0时0分0秒13毫秒
14:28:26 INFO  - 开始保存聊天消息数据
14:28:26 INFO  - 聊天消息数据保存完成，共处理条 0 数据。耗时：0时0分0秒15毫秒
14:29:26 INFO  - 开始保存聊天消息数据
14:29:26 INFO  - 聊天消息数据保存完成，共处理条 0 数据。耗时：0时0分0秒16毫秒
14:30:26 INFO  - 开始保存聊天消息数据
14:30:26 INFO  - 聊天消息数据保存完成，共处理条 0 数据。耗时：0时0分0秒23毫秒
14:31:26 INFO  - 开始保存聊天消息数据
14:31:26 INFO  - 聊天消息数据保存完成，共处理条 0 数据。耗时：0时0分0秒17毫秒
14:32:26 INFO  - 开始保存聊天消息数据
14:32:26 INFO  - 聊天消息数据保存完成，共处理条 0 数据。耗时：0时0分0秒16毫秒
14:33:26 INFO  - 开始保存聊天消息数据
14:33:26 INFO  - 聊天消息数据保存完成，共处理条 0 数据。耗时：0时0分0秒16毫秒
14:34:26 INFO  - 开始保存聊天消息数据
14:34:26 INFO  - 聊天消息数据保存完成，共处理条 0 数据。耗时：0时0分0秒18毫秒
14:35:26 INFO  - 开始保存聊天消息数据
14:35:26 INFO  - 聊天消息数据保存完成，共处理条 0 数据。耗时：0时0分0秒18毫秒
14:36:26 INFO  - 开始保存聊天消息数据
14:36:26 INFO  - 聊天消息数据保存完成，共处理条 0 数据。耗时：0时0分0秒17毫秒
14:37:26 INFO  - 开始保存聊天消息数据
14:37:26 INFO  - 聊天消息数据保存完成，共处理条 0 数据。耗时：0时0分0秒15毫秒
14:38:26 INFO  - 开始保存聊天消息数据
14:38:26 INFO  - 聊天消息数据保存完成，共处理条 0 数据。耗时：0时0分0秒17毫秒
14:39:26 INFO  - 开始保存聊天消息数据
14:39:26 INFO  - 聊天消息数据保存完成，共处理条 0 数据。耗时：0时0分0秒21毫秒
14:40:26 INFO  - 开始保存聊天消息数据
14:40:26 INFO  - 聊天消息数据保存完成，共处理条 0 数据。耗时：0时0分0秒16毫秒
14:41:26 INFO  - 开始保存聊天消息数据
14:41:26 INFO  - 聊天消息数据保存完成，共处理条 0 数据。耗时：0时0分0秒18毫秒
14:42:26 INFO  - 开始保存聊天消息数据
14:42:26 INFO  - 聊天消息数据保存完成，共处理条 0 数据。耗时：0时0分0秒20毫秒
14:43:26 INFO  - 开始保存聊天消息数据
14:43:26 INFO  - 聊天消息数据保存完成，共处理条 0 数据。耗时：0时0分0秒16毫秒
14:44:26 INFO  - 开始保存聊天消息数据
14:44:26 INFO  - 聊天消息数据保存完成，共处理条 0 数据。耗时：0时0分0秒15毫秒
14:45:26 INFO  - 开始保存聊天消息数据
14:45:26 INFO  - 聊天消息数据保存完成，共处理条 0 数据。耗时：0时0分0秒16毫秒
14:46:26 INFO  - 开始保存聊天消息数据
14:46:26 INFO  - 聊天消息数据保存完成，共处理条 0 数据。耗时：0时0分0秒18毫秒
14:47:26 INFO  - 开始保存聊天消息数据
14:47:26 INFO  - 聊天消息数据保存完成，共处理条 0 数据。耗时：0时0分0秒16毫秒
14:48:26 INFO  - 开始保存聊天消息数据
14:48:26 INFO  - 聊天消息数据保存完成，共处理条 0 数据。耗时：0时0分0秒17毫秒
14:49:26 INFO  - 开始保存聊天消息数据
14:49:26 INFO  - 聊天消息数据保存完成，共处理条 0 数据。耗时：0时0分0秒30毫秒
14:50:26 INFO  - 开始保存聊天消息数据
14:50:26 INFO  - 聊天消息数据保存完成，共处理条 0 数据。耗时：0时0分0秒17毫秒
14:51:26 INFO  - 开始保存聊天消息数据
14:51:26 INFO  - 聊天消息数据保存完成，共处理条 0 数据。耗时：0时0分0秒16毫秒
14:52:26 INFO  - 开始保存聊天消息数据
14:52:26 INFO  - 聊天消息数据保存完成，共处理条 0 数据。耗时：0时0分0秒21毫秒
14:53:26 INFO  - 开始保存聊天消息数据
14:53:26 INFO  - 聊天消息数据保存完成，共处理条 0 数据。耗时：0时0分0秒76毫秒
14:54:26 INFO  - 开始保存聊天消息数据
14:54:26 INFO  - 聊天消息数据保存完成，共处理条 0 数据。耗时：0时0分0秒16毫秒
14:55:13 INFO  - Executed action GD.API.Controllers.Doctor.HospitalController.GetHospitalOfficesAsync (API) in 52ms
14:55:26 INFO  - 开始保存聊天消息数据
14:55:26 INFO  - 聊天消息数据保存完成，共处理条 0 数据。耗时：0时0分0秒12毫秒
14:56:03 INFO  - Executed action GD.API.Controllers.Doctor.HospitalController.GetHospitalOfficesAsync (API) in 37ms
14:56:26 INFO  - 开始保存聊天消息数据
14:56:26 INFO  - 聊天消息数据保存完成，共处理条 0 数据。耗时：0时0分0秒14毫秒
14:57:26 INFO  - 开始保存聊天消息数据
14:57:26 INFO  - 聊天消息数据保存完成，共处理条 0 数据。耗时：0时0分0秒15毫秒
14:58:26 INFO  - 开始保存聊天消息数据
14:58:26 INFO  - 聊天消息数据保存完成，共处理条 0 数据。耗时：0时0分0秒15毫秒
14:58:48 INFO  - Executed action GD.API.Controllers.Doctor.HospitalController.GetHospitalOfficesAsync (API) in 40ms
14:59:26 INFO  - 开始保存聊天消息数据
14:59:26 INFO  - 聊天消息数据保存完成，共处理条 0 数据。耗时：0时0分0秒13毫秒
15:00:22 INFO  - Executed action GD.API.Controllers.Doctor.HospitalController.GetHospitalOfficesAsync (API) in 37ms
15:00:26 INFO  - 开始保存聊天消息数据
15:00:26 INFO  - 聊天消息数据保存完成，共处理条 0 数据。耗时：0时0分0秒13毫秒
15:00:26 INFO  - Executed action GD.API.Controllers.Doctor.HospitalController.GetHospitalOfficesAsync (API) in 39ms
15:00:30 INFO  - Executed action GD.API.Controllers.Mall.MallController.GetMyShoppingCarTotal (API) in 60ms
15:00:30 INFO  - Executed action GD.API.Controllers.Doctor.HospitalController.GetHospitalOfficesAsync (API) in 143ms
15:01:26 INFO  - 开始保存聊天消息数据
15:01:26 INFO  - 聊天消息数据保存完成，共处理条 0 数据。耗时：0时0分0秒19毫秒
15:01:36 INFO  - Executed action GD.API.Controllers.Doctor.HospitalController.GetHospitalOfficesAsync (API) in 37ms
15:02:26 INFO  - 开始保存聊天消息数据
15:02:26 INFO  - 聊天消息数据保存完成，共处理条 0 数据。耗时：0时0分0秒16毫秒
15:02:47 INFO  - Executed action GD.API.Controllers.Mall.MallController.GetMyShoppingCarTotal (API) in 59ms
15:02:47 INFO  - Executed action GD.API.Controllers.Doctor.HospitalController.GetHospitalOfficesAsync (API) in 38ms
15:03:26 INFO  - 开始保存聊天消息数据
15:03:26 INFO  - 聊天消息数据保存完成，共处理条 0 数据。耗时：0时0分0秒17毫秒
15:04:26 INFO  - 开始保存聊天消息数据
15:04:26 INFO  - 聊天消息数据保存完成，共处理条 0 数据。耗时：0时0分0秒16毫秒
15:04:40 INFO  - Executed action GD.API.Controllers.Doctor.HospitalController.GetHospitalOfficesAsync (API) in 44ms
15:05:26 INFO  - 开始保存聊天消息数据
15:05:26 INFO  - 聊天消息数据保存完成，共处理条 0 数据。耗时：0时0分0秒16毫秒
15:06:26 INFO  - 开始保存聊天消息数据
15:06:26 INFO  - 聊天消息数据保存完成，共处理条 0 数据。耗时：0时0分0秒19毫秒
15:07:26 INFO  - 开始保存聊天消息数据
15:07:26 INFO  - 聊天消息数据保存完成，共处理条 0 数据。耗时：0时0分0秒19毫秒
15:08:26 INFO  - 开始保存聊天消息数据
15:08:26 INFO  - 聊天消息数据保存完成，共处理条 0 数据。耗时：0时0分0秒11毫秒
15:09:26 INFO  - 开始保存聊天消息数据
15:09:26 INFO  - 聊天消息数据保存完成，共处理条 0 数据。耗时：0时0分0秒16毫秒
15:10:26 INFO  - 开始保存聊天消息数据
15:10:26 INFO  - 聊天消息数据保存完成，共处理条 0 数据。耗时：0时0分0秒15毫秒
15:10:35 INFO  - Executed action GD.API.Controllers.Doctor.HospitalController.GetHospitalOfficesAsync (API) in 126ms
15:11:26 INFO  - 开始保存聊天消息数据
15:11:26 INFO  - 聊天消息数据保存完成，共处理条 0 数据。耗时：0时0分0秒15毫秒
15:12:26 INFO  - 开始保存聊天消息数据
15:12:26 INFO  - 聊天消息数据保存完成，共处理条 0 数据。耗时：0时0分0秒16毫秒
15:13:26 INFO  - 开始保存聊天消息数据
15:13:26 INFO  - 聊天消息数据保存完成，共处理条 0 数据。耗时：0时0分0秒17毫秒
15:14:26 INFO  - 开始保存聊天消息数据
15:14:26 INFO  - 聊天消息数据保存完成，共处理条 0 数据。耗时：0时0分0秒15毫秒
15:15:26 INFO  - 开始保存聊天消息数据
15:15:26 INFO  - 聊天消息数据保存完成，共处理条 0 数据。耗时：0时0分0秒16毫秒
15:16:26 INFO  - 开始保存聊天消息数据
15:16:26 INFO  - 聊天消息数据保存完成，共处理条 0 数据。耗时：0时0分0秒15毫秒
15:17:26 INFO  - 开始保存聊天消息数据
15:17:26 INFO  - 聊天消息数据保存完成，共处理条 0 数据。耗时：0时0分0秒11毫秒
15:18:26 INFO  - 开始保存聊天消息数据
15:18:26 INFO  - 聊天消息数据保存完成，共处理条 0 数据。耗时：0时0分0秒267毫秒
15:19:26 INFO  - 开始保存聊天消息数据
15:19:26 INFO  - 聊天消息数据保存完成，共处理条 0 数据。耗时：0时0分0秒271毫秒
15:20:26 INFO  - 开始保存聊天消息数据
15:20:26 INFO  - 聊天消息数据保存完成，共处理条 0 数据。耗时：0时0分0秒17毫秒
15:21:26 INFO  - 开始保存聊天消息数据
15:21:26 INFO  - 聊天消息数据保存完成，共处理条 0 数据。耗时：0时0分0秒16毫秒
15:22:26 INFO  - 开始保存聊天消息数据
15:22:26 INFO  - 聊天消息数据保存完成，共处理条 0 数据。耗时：0时0分0秒15毫秒
15:23:26 INFO  - 开始保存聊天消息数据
15:23:26 INFO  - 聊天消息数据保存完成，共处理条 0 数据。耗时：0时0分0秒17毫秒
15:24:26 INFO  - 开始保存聊天消息数据
15:24:26 INFO  - 聊天消息数据保存完成，共处理条 0 数据。耗时：0时0分0秒14毫秒
15:24:34 INFO  - Executed action GD.API.Controllers.Mall.MallController.GetMyShoppingCarTotal (API) in 226ms
15:24:34 INFO  - Executed action GD.API.Controllers.Doctor.HospitalController.GetHospitalOfficesAsync (API) in 153ms
15:25:21 INFO  - Executed action GD.API.Controllers.Mall.MallController.GetMyShoppingCarTotal (API) in 110ms
15:25:21 INFO  - Executed action GD.API.Controllers.Doctor.HospitalController.GetHospitalOfficesAsync (API) in 68ms
15:25:26 INFO  - 开始保存聊天消息数据
15:25:26 INFO  - 聊天消息数据保存完成，共处理条 0 数据。耗时：0时0分0秒18毫秒
15:25:30 INFO  - Executed action GD.API.Controllers.Doctor.HospitalController.GetHospitalOfficesAsync (API) in 63ms
15:26:26 INFO  - 开始保存聊天消息数据
15:26:26 INFO  - 聊天消息数据保存完成，共处理条 0 数据。耗时：0时0分0秒29毫秒
15:27:26 INFO  - 开始保存聊天消息数据
15:27:26 INFO  - 聊天消息数据保存完成，共处理条 0 数据。耗时：0时0分0秒16毫秒
15:28:26 INFO  - 开始保存聊天消息数据
15:28:26 INFO  - 聊天消息数据保存完成，共处理条 0 数据。耗时：0时0分0秒26毫秒
15:29:26 INFO  - 开始保存聊天消息数据
15:29:26 INFO  - 聊天消息数据保存完成，共处理条 0 数据。耗时：0时0分0秒19毫秒
15:30:02 INFO  - Executed action GD.API.Controllers.Mall.MallController.GetMyShoppingCarTotal (API) in 76ms
15:30:02 INFO  - Executed action GD.API.Controllers.Doctor.HospitalController.GetHospitalOfficesAsync (API) in 36ms
15:30:26 INFO  - 开始保存聊天消息数据
15:30:26 INFO  - 聊天消息数据保存完成，共处理条 0 数据。耗时：0时0分0秒12毫秒
15:31:26 INFO  - 开始保存聊天消息数据
15:31:26 INFO  - 聊天消息数据保存完成，共处理条 0 数据。耗时：0时0分0秒15毫秒
15:31:53 INFO  - Executed action GD.API.Controllers.Mall.MallController.GetMyShoppingCarTotal (API) in 71ms
15:31:53 INFO  - Executed action GD.API.Controllers.Doctor.HospitalController.GetHospitalOfficesAsync (API) in 35ms
15:32:26 INFO  - 开始保存聊天消息数据
15:32:26 INFO  - 聊天消息数据保存完成，共处理条 0 数据。耗时：0时0分0秒15毫秒
15:32:27 INFO  - Executed action GD.API.Controllers.Mall.MallController.GetMyShoppingCarTotal (API) in 73ms
15:32:27 INFO  - Executed action GD.API.Controllers.Doctor.HospitalController.GetHospitalOfficesAsync (API) in 47ms
15:33:23 INFO  - Executed action GD.API.Controllers.Doctor.HospitalController.GetHospitalOfficesAsync (API) in 33ms
15:33:26 INFO  - 开始保存聊天消息数据
15:33:26 INFO  - 聊天消息数据保存完成，共处理条 0 数据。耗时：0时0分0秒12毫秒
15:33:41 INFO  - Executed action GD.API.Controllers.Mall.MallController.GetMyShoppingCarTotal (API) in 146ms
15:33:41 INFO  - Executed action GD.API.Controllers.Doctor.HospitalController.GetHospitalOfficesAsync (API) in 33ms
15:34:19 INFO  - Executed action GD.API.Controllers.Mall.MallController.GetMyShoppingCarTotal (API) in 80ms
15:34:19 INFO  - Executed action GD.API.Controllers.Doctor.HospitalController.GetHospitalOfficesAsync (API) in 59ms
15:34:26 INFO  - 开始保存聊天消息数据
15:34:26 INFO  - 聊天消息数据保存完成，共处理条 0 数据。耗时：0时0分0秒18毫秒
15:34:51 INFO  - Executed action GD.API.Controllers.Mall.MallController.GetMyShoppingCarTotal (API) in 54ms
15:34:51 INFO  - Executed action GD.API.Controllers.Doctor.HospitalController.GetHospitalOfficesAsync (API) in 36ms
15:35:26 INFO  - 开始保存聊天消息数据
15:35:26 INFO  - 聊天消息数据保存完成，共处理条 0 数据。耗时：0时0分0秒20毫秒
15:35:30 INFO  - Executed action GD.API.Controllers.Mall.MallController.GetMyShoppingCarTotal (API) in 55ms
15:35:30 INFO  - Executed action GD.API.Controllers.Doctor.HospitalController.GetHospitalOfficesAsync (API) in 60ms
15:36:12 INFO  - Executed action GD.API.Controllers.Mall.MallController.GetMyShoppingCarTotal (API) in 104ms
15:36:12 INFO  - Executed action GD.API.Controllers.Doctor.HospitalController.GetHospitalOfficesAsync (API) in 43ms
15:36:26 INFO  - 开始保存聊天消息数据
15:36:26 INFO  - 聊天消息数据保存完成，共处理条 0 数据。耗时：0时0分0秒13毫秒
15:37:26 INFO  - 开始保存聊天消息数据
15:37:26 INFO  - 聊天消息数据保存完成，共处理条 0 数据。耗时：0时0分0秒16毫秒
15:38:26 INFO  - 开始保存聊天消息数据
15:38:26 INFO  - 聊天消息数据保存完成，共处理条 0 数据。耗时：0时0分0秒14毫秒
15:38:45 INFO  - Executed action GD.API.Controllers.Mall.MallController.GetMyShoppingCarTotal (API) in 104ms
15:38:45 INFO  - Executed action GD.API.Controllers.Doctor.HospitalController.GetHospitalOfficesAsync (API) in 79ms
15:39:26 INFO  - 开始保存聊天消息数据
15:39:26 INFO  - 聊天消息数据保存完成，共处理条 0 数据。耗时：0时0分0秒13毫秒
15:40:26 INFO  - 开始保存聊天消息数据
15:40:26 INFO  - 聊天消息数据保存完成，共处理条 0 数据。耗时：0时0分0秒16毫秒
15:41:26 INFO  - 开始保存聊天消息数据
15:41:26 INFO  - 聊天消息数据保存完成，共处理条 0 数据。耗时：0时0分0秒20毫秒
15:42:26 INFO  - 开始保存聊天消息数据
15:42:26 INFO  - 聊天消息数据保存完成，共处理条 0 数据。耗时：0时0分0秒17毫秒
15:43:26 INFO  - 开始保存聊天消息数据
15:43:26 INFO  - 聊天消息数据保存完成，共处理条 0 数据。耗时：0时0分0秒17毫秒
15:44:26 INFO  - 开始保存聊天消息数据
15:44:26 INFO  - 聊天消息数据保存完成，共处理条 0 数据。耗时：0时0分0秒16毫秒
15:45:26 INFO  - 开始保存聊天消息数据
15:45:26 INFO  - 聊天消息数据保存完成，共处理条 0 数据。耗时：0时0分0秒16毫秒
15:46:26 INFO  - 开始保存聊天消息数据
15:46:26 INFO  - 聊天消息数据保存完成，共处理条 0 数据。耗时：0时0分0秒17毫秒
15:47:26 INFO  - 开始保存聊天消息数据
15:47:26 INFO  - 聊天消息数据保存完成，共处理条 0 数据。耗时：0时0分0秒15毫秒
15:48:26 INFO  - 开始保存聊天消息数据
15:48:26 INFO  - 聊天消息数据保存完成，共处理条 0 数据。耗时：0时0分0秒15毫秒
15:49:26 INFO  - 开始保存聊天消息数据
15:49:26 INFO  - 聊天消息数据保存完成，共处理条 0 数据。耗时：0时0分0秒18毫秒
15:50:26 INFO  - 开始保存聊天消息数据
15:50:26 INFO  - 聊天消息数据保存完成，共处理条 0 数据。耗时：0时0分0秒15毫秒
15:51:26 INFO  - 开始保存聊天消息数据
15:51:26 INFO  - 聊天消息数据保存完成，共处理条 0 数据。耗时：0时0分0秒27毫秒
15:52:26 INFO  - 开始保存聊天消息数据
15:52:26 INFO  - 聊天消息数据保存完成，共处理条 0 数据。耗时：0时0分0秒538毫秒
15:53:26 INFO  - 开始保存聊天消息数据
15:53:26 INFO  - 聊天消息数据保存完成，共处理条 0 数据。耗时：0时0分0秒281毫秒
15:54:26 INFO  - 开始保存聊天消息数据
15:54:26 INFO  - 聊天消息数据保存完成，共处理条 0 数据。耗时：0时0分0秒33毫秒
15:55:26 INFO  - 开始保存聊天消息数据
15:55:26 INFO  - 聊天消息数据保存完成，共处理条 0 数据。耗时：0时0分0秒16毫秒
15:56:26 INFO  - 开始保存聊天消息数据
15:56:26 INFO  - 聊天消息数据保存完成，共处理条 0 数据。耗时：0时0分0秒16毫秒
15:57:26 INFO  - 开始保存聊天消息数据
15:57:26 INFO  - 聊天消息数据保存完成，共处理条 0 数据。耗时：0时0分0秒16毫秒
15:58:26 INFO  - 开始保存聊天消息数据
15:58:26 INFO  - 聊天消息数据保存完成，共处理条 0 数据。耗时：0时0分0秒15毫秒
15:58:32 INFO  - Executed action GD.API.Controllers.Doctor.HospitalController.GetHospitalOfficesAsync (API) in 44ms
15:58:42 INFO  - Executed action GD.API.Controllers.Mall.MallController.GetMyShoppingCarTotal (API) in 84ms
15:58:42 INFO  - Executed action GD.API.Controllers.Doctor.HospitalController.GetHospitalOfficesAsync (API) in 60ms
15:59:02 INFO  - Executed action GD.API.Controllers.Mall.MallController.GetMyShoppingCarTotal (API) in 121ms
15:59:02 INFO  - Executed action GD.API.Controllers.Doctor.HospitalController.GetHospitalOfficesAsync (API) in 45ms
15:59:26 INFO  - 开始保存聊天消息数据
15:59:26 INFO  - 聊天消息数据保存完成，共处理条 0 数据。耗时：0时0分0秒16毫秒
16:00:26 INFO  - 开始保存聊天消息数据
16:00:26 INFO  - 聊天消息数据保存完成，共处理条 0 数据。耗时：0时0分0秒14毫秒
16:01:26 INFO  - 开始保存聊天消息数据
16:01:26 INFO  - 聊天消息数据保存完成，共处理条 0 数据。耗时：0时0分0秒18毫秒
16:02:26 INFO  - 开始保存聊天消息数据
16:02:26 INFO  - 聊天消息数据保存完成，共处理条 0 数据。耗时：0时0分0秒22毫秒
16:03:26 INFO  - 开始保存聊天消息数据
16:03:26 INFO  - 聊天消息数据保存完成，共处理条 0 数据。耗时：0时0分0秒21毫秒
16:04:26 INFO  - 开始保存聊天消息数据
16:04:26 INFO  - 聊天消息数据保存完成，共处理条 0 数据。耗时：0时0分0秒16毫秒
16:05:26 INFO  - 开始保存聊天消息数据
16:05:26 INFO  - 聊天消息数据保存完成，共处理条 0 数据。耗时：0时0分0秒14毫秒
16:06:26 INFO  - 开始保存聊天消息数据
16:06:26 INFO  - 聊天消息数据保存完成，共处理条 0 数据。耗时：0时0分0秒17毫秒
16:07:26 INFO  - 开始保存聊天消息数据
16:07:26 INFO  - 聊天消息数据保存完成，共处理条 0 数据。耗时：0时0分0秒16毫秒
16:08:26 INFO  - 开始保存聊天消息数据
16:08:26 INFO  - 聊天消息数据保存完成，共处理条 0 数据。耗时：0时0分0秒16毫秒
16:09:26 INFO  - 开始保存聊天消息数据
16:09:26 INFO  - 聊天消息数据保存完成，共处理条 0 数据。耗时：0时0分0秒20毫秒
16:10:26 INFO  - 开始保存聊天消息数据
16:10:26 INFO  - 聊天消息数据保存完成，共处理条 0 数据。耗时：0时0分0秒15毫秒
16:11:26 INFO  - 开始保存聊天消息数据
16:11:26 INFO  - 聊天消息数据保存完成，共处理条 0 数据。耗时：0时0分0秒18毫秒
16:12:26 INFO  - 开始保存聊天消息数据
16:12:26 INFO  - 聊天消息数据保存完成，共处理条 0 数据。耗时：0时0分0秒16毫秒
16:13:26 INFO  - 开始保存聊天消息数据
16:13:26 INFO  - 聊天消息数据保存完成，共处理条 0 数据。耗时：0时0分0秒31毫秒
16:14:26 INFO  - 开始保存聊天消息数据
16:14:26 INFO  - 聊天消息数据保存完成，共处理条 0 数据。耗时：0时0分0秒17毫秒
16:15:26 INFO  - 开始保存聊天消息数据
16:15:26 INFO  - 聊天消息数据保存完成，共处理条 0 数据。耗时：0时0分0秒15毫秒
16:16:26 INFO  - 开始保存聊天消息数据
16:16:26 INFO  - 聊天消息数据保存完成，共处理条 0 数据。耗时：0时0分0秒18毫秒
16:17:26 INFO  - 开始保存聊天消息数据
16:17:26 INFO  - 聊天消息数据保存完成，共处理条 0 数据。耗时：0时0分0秒16毫秒
16:18:26 INFO  - 开始保存聊天消息数据
16:18:26 INFO  - 聊天消息数据保存完成，共处理条 0 数据。耗时：0时0分0秒24毫秒
16:19:26 INFO  - 开始保存聊天消息数据
16:19:26 INFO  - 聊天消息数据保存完成，共处理条 0 数据。耗时：0时0分0秒10毫秒
16:20:26 INFO  - 开始保存聊天消息数据
16:20:26 INFO  - 聊天消息数据保存完成，共处理条 0 数据。耗时：0时0分0秒16毫秒
16:21:26 INFO  - 开始保存聊天消息数据
16:21:26 INFO  - 聊天消息数据保存完成，共处理条 0 数据。耗时：0时0分0秒33毫秒
16:22:26 INFO  - 开始保存聊天消息数据
16:22:26 INFO  - 聊天消息数据保存完成，共处理条 0 数据。耗时：0时0分0秒15毫秒
16:23:26 INFO  - 开始保存聊天消息数据
16:23:26 INFO  - 聊天消息数据保存完成，共处理条 0 数据。耗时：0时0分0秒14毫秒
16:24:26 INFO  - 开始保存聊天消息数据
16:24:26 INFO  - 聊天消息数据保存完成，共处理条 0 数据。耗时：0时0分0秒14毫秒
16:25:26 INFO  - 开始保存聊天消息数据
16:25:26 INFO  - 聊天消息数据保存完成，共处理条 0 数据。耗时：0时0分0秒16毫秒
16:26:26 INFO  - 开始保存聊天消息数据
16:26:26 INFO  - 聊天消息数据保存完成，共处理条 0 数据。耗时：0时0分0秒17毫秒
16:27:26 INFO  - 开始保存聊天消息数据
16:27:26 INFO  - 聊天消息数据保存完成，共处理条 0 数据。耗时：0时0分0秒16毫秒
16:28:26 INFO  - 开始保存聊天消息数据
16:28:26 INFO  - 聊天消息数据保存完成，共处理条 0 数据。耗时：0时0分0秒14毫秒
16:29:26 INFO  - 开始保存聊天消息数据
16:29:26 INFO  - 聊天消息数据保存完成，共处理条 0 数据。耗时：0时0分0秒17毫秒
16:30:26 INFO  - 开始保存聊天消息数据
16:30:26 INFO  - 聊天消息数据保存完成，共处理条 0 数据。耗时：0时0分0秒15毫秒
16:31:26 INFO  - 开始保存聊天消息数据
16:31:26 INFO  - 聊天消息数据保存完成，共处理条 0 数据。耗时：0时0分0秒16毫秒
16:32:06 INFO  - Executed action GD.API.Controllers.Doctor.HospitalController.GetHospitalOfficesAsync (API) in 142ms
16:32:26 INFO  - 开始保存聊天消息数据
16:32:26 INFO  - 聊天消息数据保存完成，共处理条 0 数据。耗时：0时0分0秒16毫秒
16:33:26 INFO  - 开始保存聊天消息数据
16:33:26 INFO  - 聊天消息数据保存完成，共处理条 0 数据。耗时：0时0分0秒18毫秒
16:34:26 INFO  - 开始保存聊天消息数据
16:34:26 INFO  - 聊天消息数据保存完成，共处理条 0 数据。耗时：0时0分0秒14毫秒
16:35:26 INFO  - 开始保存聊天消息数据
16:35:26 INFO  - 聊天消息数据保存完成，共处理条 0 数据。耗时：0时0分0秒18毫秒
16:36:26 INFO  - 开始保存聊天消息数据
16:36:26 INFO  - 聊天消息数据保存完成，共处理条 0 数据。耗时：0时0分0秒14毫秒
16:37:26 INFO  - 开始保存聊天消息数据
16:37:26 INFO  - 聊天消息数据保存完成，共处理条 0 数据。耗时：0时0分0秒19毫秒
16:38:26 INFO  - 开始保存聊天消息数据
16:38:26 INFO  - 聊天消息数据保存完成，共处理条 0 数据。耗时：0时0分0秒23毫秒
16:39:26 INFO  - 开始保存聊天消息数据
16:39:26 INFO  - 聊天消息数据保存完成，共处理条 0 数据。耗时：0时0分0秒17毫秒
16:40:26 INFO  - 开始保存聊天消息数据
16:40:26 INFO  - 聊天消息数据保存完成，共处理条 0 数据。耗时：0时0分0秒272毫秒
16:41:26 INFO  - 开始保存聊天消息数据
16:41:26 INFO  - 聊天消息数据保存完成，共处理条 0 数据。耗时：0时0分0秒19毫秒
16:42:26 INFO  - 开始保存聊天消息数据
16:42:26 INFO  - 聊天消息数据保存完成，共处理条 0 数据。耗时：0时0分0秒21毫秒
16:43:26 INFO  - 开始保存聊天消息数据
16:43:26 INFO  - 聊天消息数据保存完成，共处理条 0 数据。耗时：0时0分0秒270毫秒
16:44:26 INFO  - 开始保存聊天消息数据
16:44:26 INFO  - 聊天消息数据保存完成，共处理条 0 数据。耗时：0时0分0秒26毫秒
16:45:26 INFO  - 开始保存聊天消息数据
16:45:26 INFO  - 聊天消息数据保存完成，共处理条 0 数据。耗时：0时0分0秒18毫秒
16:46:26 INFO  - 开始保存聊天消息数据
16:46:26 INFO  - 聊天消息数据保存完成，共处理条 0 数据。耗时：0时0分0秒14毫秒
16:47:26 INFO  - 开始保存聊天消息数据
16:47:26 INFO  - 聊天消息数据保存完成，共处理条 0 数据。耗时：0时0分0秒18毫秒
16:48:26 INFO  - 开始保存聊天消息数据
16:48:26 INFO  - 聊天消息数据保存完成，共处理条 0 数据。耗时：0时0分0秒16毫秒
16:49:26 INFO  - 开始保存聊天消息数据
16:49:26 INFO  - 聊天消息数据保存完成，共处理条 0 数据。耗时：0时0分0秒32毫秒
16:50:26 INFO  - 开始保存聊天消息数据
16:50:26 INFO  - 聊天消息数据保存完成，共处理条 0 数据。耗时：0时0分0秒15毫秒
16:51:26 INFO  - 开始保存聊天消息数据
16:51:26 INFO  - 聊天消息数据保存完成，共处理条 0 数据。耗时：0时0分0秒20毫秒
16:52:26 INFO  - 开始保存聊天消息数据
16:52:26 INFO  - 聊天消息数据保存完成，共处理条 0 数据。耗时：0时0分0秒20毫秒
16:53:26 INFO  - 开始保存聊天消息数据
16:53:26 INFO  - 聊天消息数据保存完成，共处理条 0 数据。耗时：0时0分0秒18毫秒
16:54:26 INFO  - 开始保存聊天消息数据
16:54:26 INFO  - 聊天消息数据保存完成，共处理条 0 数据。耗时：0时0分0秒15毫秒
16:55:26 INFO  - 开始保存聊天消息数据
16:55:26 INFO  - 聊天消息数据保存完成，共处理条 0 数据。耗时：0时0分0秒14毫秒
16:56:26 INFO  - 开始保存聊天消息数据
16:56:26 INFO  - 聊天消息数据保存完成，共处理条 0 数据。耗时：0时0分0秒17毫秒
16:57:26 INFO  - 开始保存聊天消息数据
16:57:26 INFO  - 聊天消息数据保存完成，共处理条 0 数据。耗时：0时0分0秒16毫秒
16:58:26 INFO  - 开始保存聊天消息数据
16:58:26 INFO  - 聊天消息数据保存完成，共处理条 0 数据。耗时：0时0分0秒16毫秒
16:59:26 INFO  - 开始保存聊天消息数据
16:59:26 INFO  - 聊天消息数据保存完成，共处理条 0 数据。耗时：0时0分0秒16毫秒
17:00:26 INFO  - 开始保存聊天消息数据
17:00:26 INFO  - 聊天消息数据保存完成，共处理条 0 数据。耗时：0时0分0秒15毫秒
17:01:26 INFO  - 开始保存聊天消息数据
17:01:26 INFO  - 聊天消息数据保存完成，共处理条 0 数据。耗时：0时0分0秒15毫秒
17:02:26 INFO  - 开始保存聊天消息数据
17:02:26 INFO  - 聊天消息数据保存完成，共处理条 0 数据。耗时：0时0分0秒15毫秒
17:03:26 INFO  - 开始保存聊天消息数据
17:03:26 INFO  - 聊天消息数据保存完成，共处理条 0 数据。耗时：0时0分0秒15毫秒
17:04:26 INFO  - 开始保存聊天消息数据
17:04:26 INFO  - 聊天消息数据保存完成，共处理条 0 数据。耗时：0时0分0秒20毫秒
17:05:26 INFO  - 开始保存聊天消息数据
17:05:26 INFO  - 聊天消息数据保存完成，共处理条 0 数据。耗时：0时0分0秒30毫秒
17:06:26 INFO  - 开始保存聊天消息数据
17:06:26 INFO  - 聊天消息数据保存完成，共处理条 0 数据。耗时：0时0分0秒24毫秒
17:07:26 INFO  - 开始保存聊天消息数据
17:07:26 INFO  - 聊天消息数据保存完成，共处理条 0 数据。耗时：0时0分0秒15毫秒
17:08:26 INFO  - 开始保存聊天消息数据
17:08:26 INFO  - 聊天消息数据保存完成，共处理条 0 数据。耗时：0时0分0秒19毫秒
17:09:26 INFO  - 开始保存聊天消息数据
17:09:26 INFO  - 聊天消息数据保存完成，共处理条 0 数据。耗时：0时0分0秒16毫秒
17:10:26 INFO  - 开始保存聊天消息数据
17:10:26 INFO  - 聊天消息数据保存完成，共处理条 0 数据。耗时：0时0分0秒20毫秒
17:11:26 INFO  - 开始保存聊天消息数据
17:11:26 INFO  - 聊天消息数据保存完成，共处理条 0 数据。耗时：0时0分0秒14毫秒
17:12:26 INFO  - 开始保存聊天消息数据
17:12:26 INFO  - 聊天消息数据保存完成，共处理条 0 数据。耗时：0时0分0秒24毫秒
17:13:26 INFO  - 开始保存聊天消息数据
17:13:26 INFO  - 聊天消息数据保存完成，共处理条 0 数据。耗时：0时0分0秒15毫秒
17:14:26 INFO  - 开始保存聊天消息数据
17:14:26 INFO  - 聊天消息数据保存完成，共处理条 0 数据。耗时：0时0分0秒12毫秒
17:15:26 INFO  - 开始保存聊天消息数据
17:15:26 INFO  - 聊天消息数据保存完成，共处理条 0 数据。耗时：0时0分0秒24毫秒
17:16:26 INFO  - 开始保存聊天消息数据
17:16:26 INFO  - 聊天消息数据保存完成，共处理条 0 数据。耗时：0时0分0秒15毫秒
17:17:26 INFO  - 开始保存聊天消息数据
17:17:26 INFO  - 聊天消息数据保存完成，共处理条 0 数据。耗时：0时0分0秒27毫秒
17:18:26 INFO  - 开始保存聊天消息数据
17:18:26 INFO  - 聊天消息数据保存完成，共处理条 0 数据。耗时：0时0分0秒16毫秒
17:19:26 INFO  - 开始保存聊天消息数据
17:19:26 INFO  - 聊天消息数据保存完成，共处理条 0 数据。耗时：0时0分0秒19毫秒
17:20:26 INFO  - 开始保存聊天消息数据
17:20:26 INFO  - 聊天消息数据保存完成，共处理条 0 数据。耗时：0时0分0秒19毫秒
17:21:26 INFO  - 开始保存聊天消息数据
17:21:26 INFO  - 聊天消息数据保存完成，共处理条 0 数据。耗时：0时0分0秒19毫秒
17:22:26 INFO  - 开始保存聊天消息数据
17:22:26 INFO  - 聊天消息数据保存完成，共处理条 0 数据。耗时：0时0分0秒19毫秒
17:23:26 INFO  - 开始保存聊天消息数据
17:23:26 INFO  - 聊天消息数据保存完成，共处理条 0 数据。耗时：0时0分0秒25毫秒
17:24:26 INFO  - 开始保存聊天消息数据
17:24:26 INFO  - 聊天消息数据保存完成，共处理条 0 数据。耗时：0时0分0秒16毫秒
17:25:26 INFO  - 开始保存聊天消息数据
17:25:26 INFO  - 聊天消息数据保存完成，共处理条 0 数据。耗时：0时0分0秒15毫秒
17:26:26 INFO  - 开始保存聊天消息数据
17:26:26 INFO  - 聊天消息数据保存完成，共处理条 0 数据。耗时：0时0分0秒17毫秒
17:27:26 INFO  - 开始保存聊天消息数据
17:27:26 INFO  - 聊天消息数据保存完成，共处理条 0 数据。耗时：0时0分0秒23毫秒
17:28:26 INFO  - 开始保存聊天消息数据
17:28:26 INFO  - 聊天消息数据保存完成，共处理条 0 数据。耗时：0时0分0秒16毫秒
17:29:26 INFO  - 开始保存聊天消息数据
17:29:26 INFO  - 聊天消息数据保存完成，共处理条 0 数据。耗时：0时0分0秒17毫秒
17:30:26 INFO  - 开始保存聊天消息数据
17:30:26 INFO  - 聊天消息数据保存完成，共处理条 0 数据。耗时：0时0分0秒16毫秒
17:31:26 INFO  - 开始保存聊天消息数据
17:31:26 INFO  - 聊天消息数据保存完成，共处理条 0 数据。耗时：0时0分0秒17毫秒
17:32:26 INFO  - 开始保存聊天消息数据
17:32:26 INFO  - 聊天消息数据保存完成，共处理条 0 数据。耗时：0时0分0秒15毫秒
17:33:26 INFO  - 开始保存聊天消息数据
17:33:26 INFO  - 聊天消息数据保存完成，共处理条 0 数据。耗时：0时0分0秒17毫秒
17:34:26 INFO  - 开始保存聊天消息数据
17:34:26 INFO  - 聊天消息数据保存完成，共处理条 0 数据。耗时：0时0分0秒20毫秒
17:35:26 INFO  - 开始保存聊天消息数据
17:35:26 INFO  - 聊天消息数据保存完成，共处理条 0 数据。耗时：0时0分0秒15毫秒
17:36:26 INFO  - 开始保存聊天消息数据
17:36:26 INFO  - 聊天消息数据保存完成，共处理条 0 数据。耗时：0时0分0秒16毫秒
17:37:26 INFO  - 开始保存聊天消息数据
17:37:26 INFO  - 聊天消息数据保存完成，共处理条 0 数据。耗时：0时0分0秒17毫秒
17:38:26 INFO  - 开始保存聊天消息数据
17:38:26 INFO  - 聊天消息数据保存完成，共处理条 0 数据。耗时：0时0分0秒19毫秒
17:39:26 INFO  - 开始保存聊天消息数据
17:39:26 INFO  - 聊天消息数据保存完成，共处理条 0 数据。耗时：0时0分0秒17毫秒
17:40:26 INFO  - 开始保存聊天消息数据
17:40:26 INFO  - 聊天消息数据保存完成，共处理条 0 数据。耗时：0时0分0秒14毫秒
17:41:26 INFO  - 开始保存聊天消息数据
17:41:26 INFO  - 聊天消息数据保存完成，共处理条 0 数据。耗时：0时0分0秒18毫秒
17:42:26 INFO  - 开始保存聊天消息数据
17:42:26 INFO  - 聊天消息数据保存完成，共处理条 0 数据。耗时：0时0分0秒13毫秒
17:43:26 INFO  - 开始保存聊天消息数据
17:43:26 INFO  - 聊天消息数据保存完成，共处理条 0 数据。耗时：0时0分0秒18毫秒
17:44:26 INFO  - 开始保存聊天消息数据
17:44:26 INFO  - 聊天消息数据保存完成，共处理条 0 数据。耗时：0时0分0秒16毫秒
17:45:26 INFO  - 开始保存聊天消息数据
17:45:26 INFO  - 聊天消息数据保存完成，共处理条 0 数据。耗时：0时0分0秒15毫秒
17:46:26 INFO  - 开始保存聊天消息数据
17:46:26 INFO  - 聊天消息数据保存完成，共处理条 0 数据。耗时：0时0分0秒14毫秒
17:47:26 INFO  - 开始保存聊天消息数据
17:47:26 INFO  - 聊天消息数据保存完成，共处理条 0 数据。耗时：0时0分0秒17毫秒
17:48:26 INFO  - 开始保存聊天消息数据
17:48:26 INFO  - 聊天消息数据保存完成，共处理条 0 数据。耗时：0时0分0秒18毫秒
17:49:26 INFO  - 开始保存聊天消息数据
17:49:26 INFO  - 聊天消息数据保存完成，共处理条 0 数据。耗时：0时0分0秒16毫秒
17:50:26 INFO  - 开始保存聊天消息数据
17:50:26 INFO  - 聊天消息数据保存完成，共处理条 0 数据。耗时：0时0分0秒15毫秒
17:51:26 INFO  - 开始保存聊天消息数据
17:51:26 INFO  - 聊天消息数据保存完成，共处理条 0 数据。耗时：0时0分0秒15毫秒
17:52:26 INFO  - 开始保存聊天消息数据
17:52:26 INFO  - 聊天消息数据保存完成，共处理条 0 数据。耗时：0时0分0秒12毫秒
17:53:26 INFO  - 开始保存聊天消息数据
17:53:26 INFO  - 聊天消息数据保存完成，共处理条 0 数据。耗时：0时0分0秒18毫秒
17:54:26 INFO  - 开始保存聊天消息数据
17:54:26 INFO  - 聊天消息数据保存完成，共处理条 0 数据。耗时：0时0分0秒16毫秒
17:55:26 INFO  - 开始保存聊天消息数据
17:55:26 INFO  - 聊天消息数据保存完成，共处理条 0 数据。耗时：0时0分0秒18毫秒
17:56:26 INFO  - 开始保存聊天消息数据
17:56:26 INFO  - 聊天消息数据保存完成，共处理条 0 数据。耗时：0时0分0秒19毫秒
17:57:26 INFO  - 开始保存聊天消息数据
17:57:26 INFO  - 聊天消息数据保存完成，共处理条 0 数据。耗时：0时0分0秒15毫秒
17:58:26 INFO  - 开始保存聊天消息数据
17:58:26 INFO  - 聊天消息数据保存完成，共处理条 0 数据。耗时：0时0分0秒15毫秒
17:59:26 INFO  - 开始保存聊天消息数据
17:59:26 INFO  - 聊天消息数据保存完成，共处理条 0 数据。耗时：0时0分0秒15毫秒
18:00:26 INFO  - 开始保存聊天消息数据
18:00:26 INFO  - 聊天消息数据保存完成，共处理条 0 数据。耗时：0时0分0秒18毫秒
18:01:26 INFO  - 开始保存聊天消息数据
18:01:26 INFO  - 聊天消息数据保存完成，共处理条 0 数据。耗时：0时0分0秒19毫秒
18:02:02 INFO  - Executed action GD.API.Controllers.Doctor.HospitalController.GetHospitalOfficesAsync (API) in 154ms
18:02:26 INFO  - 开始保存聊天消息数据
18:02:26 INFO  - 聊天消息数据保存完成，共处理条 0 数据。耗时：0时0分0秒14毫秒
18:03:14 INFO  - Executed action GD.API.Controllers.Doctor.HospitalController.GetHospitalOfficesAsync (API) in 39ms
18:03:26 INFO  - 开始保存聊天消息数据
18:03:26 INFO  - 聊天消息数据保存完成，共处理条 0 数据。耗时：0时0分0秒20毫秒
18:04:26 INFO  - 开始保存聊天消息数据
18:04:26 INFO  - 聊天消息数据保存完成，共处理条 0 数据。耗时：0时0分0秒16毫秒
18:05:26 INFO  - 开始保存聊天消息数据
18:05:26 INFO  - 聊天消息数据保存完成，共处理条 0 数据。耗时：0时0分0秒22毫秒
18:06:26 INFO  - 开始保存聊天消息数据
18:06:26 INFO  - 聊天消息数据保存完成，共处理条 0 数据。耗时：0时0分0秒16毫秒
18:07:26 INFO  - 开始保存聊天消息数据
18:07:26 INFO  - 聊天消息数据保存完成，共处理条 0 数据。耗时：0时0分0秒15毫秒
18:08:06 INFO  - Executed action GD.API.Controllers.Mall.MallController.GetMyShoppingCarTotal (API) in 157ms
18:08:06 INFO  - Executed action GD.API.Controllers.Doctor.HospitalController.GetHospitalOfficesAsync (API) in 130ms
18:08:26 INFO  - 开始保存聊天消息数据
18:08:26 INFO  - 聊天消息数据保存完成，共处理条 0 数据。耗时：0时0分0秒21毫秒
18:08:38 INFO  - Executed action GD.API.Controllers.Mall.MallController.GetMyShoppingCarTotal (API) in 83ms
18:08:38 INFO  - Executed action GD.API.Controllers.Doctor.HospitalController.GetHospitalOfficesAsync (API) in 52ms
18:09:12 INFO  - Executed action GD.API.Controllers.Doctor.HospitalController.GetHospitalOfficesAsync (API) in 43ms
18:09:14 INFO  - Executed action GD.API.Controllers.Mall.MallController.GetMyShoppingCarTotal (API) in 121ms
18:09:14 INFO  - Executed action GD.API.Controllers.Doctor.HospitalController.GetHospitalOfficesAsync (API) in 46ms
18:09:26 INFO  - 开始保存聊天消息数据
18:09:26 INFO  - 聊天消息数据保存完成，共处理条 0 数据。耗时：0时0分0秒12毫秒
18:10:26 INFO  - 开始保存聊天消息数据
18:10:26 INFO  - 聊天消息数据保存完成，共处理条 0 数据。耗时：0时0分0秒15毫秒
18:11:26 INFO  - 开始保存聊天消息数据
18:11:26 INFO  - 聊天消息数据保存完成，共处理条 0 数据。耗时：0时0分0秒24毫秒
18:12:26 INFO  - 开始保存聊天消息数据
18:12:26 INFO  - 聊天消息数据保存完成，共处理条 0 数据。耗时：0时0分0秒15毫秒
18:12:39 INFO  - Executed action GD.API.Controllers.Doctor.HospitalController.GetHospitalOfficesAsync (API) in 120ms
18:12:46 INFO  - Executed action GD.API.Controllers.Doctor.HospitalController.GetHospitalOfficesAsync (API) in 34ms
18:12:58 INFO  - Executed action GD.API.Controllers.Mall.MallController.GetMyShoppingCarTotal (API) in 80ms
18:12:59 INFO  - Executed action GD.API.Controllers.Doctor.HospitalController.GetHospitalOfficesAsync (API) in 44ms
18:13:26 INFO  - 开始保存聊天消息数据
18:13:26 INFO  - 聊天消息数据保存完成，共处理条 0 数据。耗时：0时0分0秒18毫秒
18:13:44 INFO  - Executed action GD.API.Controllers.Doctor.HospitalController.GetHospitalOfficesAsync (API) in 36ms
18:14:13 INFO  - Executed action GD.API.Controllers.Doctor.HospitalController.GetHospitalOfficesAsync (API) in 37ms
18:14:17 INFO  - Executed action GD.API.Controllers.Mall.MallController.GetMyShoppingCarTotal (API) in 61ms
18:14:17 INFO  - Executed action GD.API.Controllers.Doctor.HospitalController.GetHospitalOfficesAsync (API) in 129ms
18:14:26 INFO  - 开始保存聊天消息数据
18:14:26 INFO  - 聊天消息数据保存完成，共处理条 0 数据。耗时：0时0分0秒11毫秒
18:14:43 INFO  - Executed action GD.API.Controllers.Doctor.HospitalController.GetHospitalOfficesAsync (API) in 35ms
18:15:17 INFO  - Executed action GD.API.Controllers.Doctor.HospitalController.GetHospitalOfficesAsync (API) in 35ms
18:15:26 INFO  - Executed action GD.API.Controllers.Mall.MallController.GetMyShoppingCarTotal (API) in 76ms
18:15:26 INFO  - Executed action GD.API.Controllers.Doctor.HospitalController.GetHospitalOfficesAsync (API) in 44ms
18:15:26 INFO  - 开始保存聊天消息数据
18:15:26 INFO  - 聊天消息数据保存完成，共处理条 0 数据。耗时：0时0分0秒17毫秒
18:16:02 INFO  - Executed action GD.API.Controllers.Doctor.HospitalController.GetHospitalOfficesAsync (API) in 35ms
18:16:04 INFO  - Executed action GD.API.Controllers.Mall.MallController.GetMyShoppingCarTotal (API) in 76ms
18:16:04 INFO  - Executed action GD.API.Controllers.Doctor.HospitalController.GetHospitalOfficesAsync (API) in 36ms
18:16:26 INFO  - 开始保存聊天消息数据
18:16:26 INFO  - 聊天消息数据保存完成，共处理条 0 数据。耗时：0时0分0秒14毫秒
18:16:29 INFO  - Executed action GD.API.Controllers.Doctor.HospitalController.GetHospitalOfficesAsync (API) in 44ms
18:17:26 INFO  - 开始保存聊天消息数据
18:17:26 INFO  - 聊天消息数据保存完成，共处理条 0 数据。耗时：0时0分0秒27毫秒
18:18:26 INFO  - 开始保存聊天消息数据
18:18:26 INFO  - 聊天消息数据保存完成，共处理条 0 数据。耗时：0时0分0秒34毫秒
18:19:26 INFO  - 开始保存聊天消息数据
18:19:26 INFO  - 聊天消息数据保存完成，共处理条 0 数据。耗时：0时0分0秒19毫秒
18:20:26 INFO  - 开始保存聊天消息数据
18:20:26 INFO  - 聊天消息数据保存完成，共处理条 0 数据。耗时：0时0分0秒17毫秒
18:21:26 INFO  - 开始保存聊天消息数据
18:21:26 INFO  - 聊天消息数据保存完成，共处理条 0 数据。耗时：0时0分0秒12毫秒
18:22:26 INFO  - 开始保存聊天消息数据
18:22:26 INFO  - 聊天消息数据保存完成，共处理条 0 数据。耗时：0时0分0秒15毫秒
18:23:26 INFO  - 开始保存聊天消息数据
18:23:26 INFO  - 聊天消息数据保存完成，共处理条 0 数据。耗时：0时0分0秒21毫秒
18:24:26 INFO  - 开始保存聊天消息数据
18:24:26 INFO  - 聊天消息数据保存完成，共处理条 0 数据。耗时：0时0分0秒16毫秒
18:25:26 INFO  - 开始保存聊天消息数据
18:25:26 INFO  - 聊天消息数据保存完成，共处理条 0 数据。耗时：0时0分0秒16毫秒
18:26:26 INFO  - 开始保存聊天消息数据
18:26:26 INFO  - 聊天消息数据保存完成，共处理条 0 数据。耗时：0时0分0秒15毫秒
18:26:39 INFO  - Executed action GD.API.Controllers.Doctor.HospitalController.GetHospitalOfficesAsync (API) in 131ms
18:26:43 INFO  - Executed action GD.API.Controllers.Mall.MallController.GetMyShoppingCarTotal (API) in 85ms
18:26:43 INFO  - Executed action GD.API.Controllers.Doctor.HospitalController.GetHospitalOfficesAsync (API) in 57ms
18:27:26 INFO  - 开始保存聊天消息数据
18:27:26 INFO  - 聊天消息数据保存完成，共处理条 0 数据。耗时：0时0分0秒16毫秒
18:28:23 INFO  - Executed action GD.API.Controllers.Doctor.HospitalController.GetHospitalOfficesAsync (API) in 39ms
18:28:26 INFO  - 开始保存聊天消息数据
18:28:26 INFO  - 聊天消息数据保存完成，共处理条 0 数据。耗时：0时0分0秒14毫秒
18:28:55 INFO  - Executed action GD.API.Controllers.Doctor.HospitalController.GetHospitalOfficesAsync (API) in 37ms
18:29:26 INFO  - 开始保存聊天消息数据
18:29:26 INFO  - 聊天消息数据保存完成，共处理条 0 数据。耗时：0时0分0秒22毫秒
18:30:26 INFO  - 开始保存聊天消息数据
18:30:26 INFO  - 聊天消息数据保存完成，共处理条 0 数据。耗时：0时0分0秒19毫秒
18:31:23 INFO  - Executed action GD.API.Controllers.Mall.MallController.GetMyShoppingCarTotal (API) in 63ms
18:31:23 INFO  - Executed action GD.API.Controllers.Doctor.HospitalController.GetHospitalOfficesAsync (API) in 41ms
18:31:26 INFO  - 开始保存聊天消息数据
18:31:26 INFO  - 聊天消息数据保存完成，共处理条 0 数据。耗时：0时0分0秒13毫秒
18:31:52 INFO  - Executed action GD.API.Controllers.Doctor.HospitalController.GetHospitalOfficesAsync (API) in 40ms
18:32:26 INFO  - 开始保存聊天消息数据
18:32:26 INFO  - 聊天消息数据保存完成，共处理条 0 数据。耗时：0时0分0秒14毫秒
18:32:30 INFO  - Executed action GD.API.Controllers.Doctor.HospitalController.GetHospitalOfficesAsync (API) in 39ms
18:32:42 INFO  - Executed action GD.API.Controllers.Doctor.HospitalController.GetHospitalOfficesAsync (API) in 40ms
18:32:54 INFO  - Executed action GD.API.Controllers.Doctor.HospitalController.GetHospitalOfficesAsync (API) in 37ms
18:33:00 INFO  - Executed action GD.API.Controllers.Doctor.HospitalController.GetHospitalOfficesAsync (API) in 37ms
18:33:26 INFO  - 开始保存聊天消息数据
18:33:26 INFO  - 聊天消息数据保存完成，共处理条 0 数据。耗时：0时0分0秒15毫秒
18:34:26 INFO  - 开始保存聊天消息数据
18:34:26 INFO  - 聊天消息数据保存完成，共处理条 0 数据。耗时：0时0分0秒16毫秒
18:35:26 INFO  - 开始保存聊天消息数据
18:35:26 INFO  - 聊天消息数据保存完成，共处理条 0 数据。耗时：0时0分0秒14毫秒
18:36:26 INFO  - 开始保存聊天消息数据
18:36:26 INFO  - 聊天消息数据保存完成，共处理条 0 数据。耗时：0时0分0秒15毫秒
18:37:26 INFO  - 开始保存聊天消息数据
18:37:26 INFO  - 聊天消息数据保存完成，共处理条 0 数据。耗时：0时0分0秒15毫秒
18:38:26 INFO  - 开始保存聊天消息数据
18:38:26 INFO  - 聊天消息数据保存完成，共处理条 0 数据。耗时：0时0分0秒15毫秒
18:39:26 INFO  - 开始保存聊天消息数据
18:39:26 INFO  - 聊天消息数据保存完成，共处理条 0 数据。耗时：0时0分0秒15毫秒
18:40:26 INFO  - 开始保存聊天消息数据
18:40:26 INFO  - 聊天消息数据保存完成，共处理条 0 数据。耗时：0时0分0秒25毫秒
18:40:33 INFO  - Executed action GD.API.Controllers.Mall.MallController.GetMyShoppingCarTotal (API) in 144ms
18:41:26 INFO  - 开始保存聊天消息数据
18:41:26 INFO  - 聊天消息数据保存完成，共处理条 0 数据。耗时：0时0分0秒14毫秒
18:42:26 INFO  - 开始保存聊天消息数据
18:42:26 INFO  - 聊天消息数据保存完成，共处理条 0 数据。耗时：0时0分0秒18毫秒
18:43:26 INFO  - 开始保存聊天消息数据
18:43:26 INFO  - 聊天消息数据保存完成，共处理条 0 数据。耗时：0时0分0秒15毫秒
18:44:26 INFO  - 开始保存聊天消息数据
18:44:26 INFO  - 聊天消息数据保存完成，共处理条 0 数据。耗时：0时0分0秒21毫秒
18:45:26 INFO  - 开始保存聊天消息数据
18:45:26 INFO  - 聊天消息数据保存完成，共处理条 0 数据。耗时：0时0分0秒24毫秒
18:46:13 INFO  - Executed action GD.API.Controllers.Mall.MallController.GetMyShoppingCarTotal (API) in 146ms
18:46:22 INFO  - Executed action GD.API.Controllers.Mall.MallController.GetMyShoppingCarTotal (API) in 61ms
18:46:22 INFO  - Executed action GD.API.Controllers.Doctor.HospitalController.GetHospitalOfficesAsync (API) in 154ms
18:46:26 INFO  - 开始保存聊天消息数据
18:46:26 INFO  - 聊天消息数据保存完成，共处理条 0 数据。耗时：0时0分0秒11毫秒
18:46:33 INFO  - Executed action GD.API.Controllers.Mall.MallController.GetMyShoppingCarTotal (API) in 79ms
18:46:33 INFO  - Executed action GD.API.Controllers.Doctor.HospitalController.GetHospitalOfficesAsync (API) in 61ms
18:47:26 INFO  - 开始保存聊天消息数据
18:47:26 INFO  - 聊天消息数据保存完成，共处理条 0 数据。耗时：0时0分0秒15毫秒
18:47:37 INFO  - Executed action GD.API.Controllers.Mall.MallController.GetMyShoppingCarTotal (API) in 75ms
18:47:59 INFO  - Executed action GD.API.Controllers.Doctor.HospitalController.GetHospitalOfficesAsync (API) in 41ms
18:48:26 INFO  - 开始保存聊天消息数据
18:48:26 INFO  - 聊天消息数据保存完成，共处理条 0 数据。耗时：0时0分0秒15毫秒
18:49:09 INFO  - Executed action GD.API.Controllers.Mall.MallController.GetMyShoppingCarTotal (API) in 73ms
18:49:15 INFO  - Executed action GD.API.Controllers.Doctor.HospitalController.GetHospitalOfficesAsync (API) in 43ms
18:49:26 INFO  - 开始保存聊天消息数据
18:49:26 INFO  - 聊天消息数据保存完成，共处理条 0 数据。耗时：0时0分0秒18毫秒
18:50:08 INFO  - Executed action GD.API.Controllers.Mall.MallController.GetMyShoppingCarTotal (API) in 65ms
18:50:08 INFO  - Executed action GD.API.Controllers.Doctor.HospitalController.GetHospitalOfficesAsync (API) in 55ms
18:50:26 INFO  - 开始保存聊天消息数据
18:50:26 INFO  - 聊天消息数据保存完成，共处理条 0 数据。耗时：0时0分0秒17毫秒
18:50:27 INFO  - Executed action GD.API.Controllers.Mall.MallController.GetMyShoppingCarTotal (API) in 55ms
18:50:47 INFO  - Executed action GD.API.Controllers.Doctor.HospitalController.GetHospitalOfficesAsync (API) in 37ms
18:51:26 INFO  - 开始保存聊天消息数据
18:51:26 INFO  - 聊天消息数据保存完成，共处理条 0 数据。耗时：0时0分0秒16毫秒
18:52:26 INFO  - 开始保存聊天消息数据
18:52:26 INFO  - 聊天消息数据保存完成，共处理条 0 数据。耗时：0时0分0秒16毫秒
18:53:26 INFO  - 开始保存聊天消息数据
18:53:26 INFO  - 聊天消息数据保存完成，共处理条 0 数据。耗时：0时0分0秒14毫秒
18:54:26 INFO  - 开始保存聊天消息数据
18:54:26 INFO  - 聊天消息数据保存完成，共处理条 0 数据。耗时：0时0分0秒16毫秒
18:55:26 INFO  - 开始保存聊天消息数据
18:55:26 INFO  - 聊天消息数据保存完成，共处理条 0 数据。耗时：0时0分0秒15毫秒
18:56:26 INFO  - 开始保存聊天消息数据
18:56:26 INFO  - 聊天消息数据保存完成，共处理条 0 数据。耗时：0时0分0秒16毫秒
18:57:26 INFO  - 开始保存聊天消息数据
18:57:26 INFO  - 聊天消息数据保存完成，共处理条 0 数据。耗时：0时0分0秒20毫秒
18:58:26 INFO  - 开始保存聊天消息数据
18:58:26 INFO  - 聊天消息数据保存完成，共处理条 0 数据。耗时：0时0分0秒21毫秒
18:59:26 INFO  - 开始保存聊天消息数据
18:59:26 INFO  - 聊天消息数据保存完成，共处理条 0 数据。耗时：0时0分0秒16毫秒
18:59:51 INFO  - Executed action GD.API.Controllers.Mall.MallController.GetMyShoppingCarTotal (API) in 61ms
18:59:57 INFO  - Executed action GD.API.Controllers.Doctor.HospitalController.GetHospitalOfficesAsync (API) in 43ms
19:00:26 INFO  - 开始保存聊天消息数据
19:00:26 INFO  - 聊天消息数据保存完成，共处理条 0 数据。耗时：0时0分0秒20毫秒
19:01:15 INFO  - Executed action GD.API.Controllers.Mall.MallController.GetMyShoppingCarTotal (API) in 62ms
19:01:26 INFO  - 开始保存聊天消息数据
19:01:26 INFO  - 聊天消息数据保存完成，共处理条 0 数据。耗时：0时0分0秒16毫秒
19:01:31 INFO  - Executed action GD.API.Controllers.Mall.MallController.GetMyShoppingCarTotal (API) in 88ms
19:01:31 INFO  - Executed action GD.API.Controllers.Doctor.HospitalController.GetHospitalOfficesAsync (API) in 124ms
19:01:41 INFO  - Executed action GD.API.Controllers.Mall.MallController.GetMyShoppingCarTotal (API) in 62ms
19:01:47 INFO  - Executed action GD.API.Controllers.Doctor.HospitalController.GetHospitalOfficesAsync (API) in 46ms
19:01:49 INFO  - Executed action GD.API.Controllers.Mall.MallController.GetMyShoppingCarTotal (API) in 66ms
19:01:49 INFO  - Executed action GD.API.Controllers.Doctor.HospitalController.GetHospitalOfficesAsync (API) in 46ms
19:02:26 INFO  - 开始保存聊天消息数据
19:02:26 INFO  - 聊天消息数据保存完成，共处理条 0 数据。耗时：0时0分0秒15毫秒
19:03:26 INFO  - 开始保存聊天消息数据
19:03:26 INFO  - 聊天消息数据保存完成，共处理条 0 数据。耗时：0时0分0秒17毫秒
19:04:26 INFO  - 开始保存聊天消息数据
19:06:26 INFO  - 开始保存聊天消息数据
19:06:26 INFO  - 聊天消息数据保存完成，共处理条 0 数据。耗时：0时0分0秒12毫秒
19:06:27 INFO  - admin 成功登录Openfire
19:07:26 INFO  - 开始保存聊天消息数据
19:07:26 INFO  - 聊天消息数据保存完成，共处理条 0 数据。耗时：0时0分0秒11毫秒
19:08:26 INFO  - 开始保存聊天消息数据
19:08:26 INFO  - 聊天消息数据保存完成，共处理条 0 数据。耗时：0时0分0秒16毫秒
19:09:19 INFO  - Executed action GD.API.Controllers.Doctor.HospitalController.GetHospitalOfficesAsync (API) in 177ms
19:09:26 INFO  - 开始保存聊天消息数据
19:09:26 INFO  - 聊天消息数据保存完成，共处理条 0 数据。耗时：0时0分0秒11毫秒
19:10:26 INFO  - 开始保存聊天消息数据
19:10:26 INFO  - 聊天消息数据保存完成，共处理条 0 数据。耗时：0时0分0秒21毫秒
19:11:26 INFO  - 开始保存聊天消息数据
19:11:26 INFO  - 聊天消息数据保存完成，共处理条 0 数据。耗时：0时0分0秒21毫秒
19:12:26 INFO  - 开始保存聊天消息数据
19:12:26 INFO  - 聊天消息数据保存完成，共处理条 0 数据。耗时：0时0分0秒17毫秒
19:13:26 INFO  - 开始保存聊天消息数据
19:13:26 INFO  - 聊天消息数据保存完成，共处理条 0 数据。耗时：0时0分0秒16毫秒
19:14:00 INFO  - Executed action GD.API.Controllers.Doctor.HospitalController.GetHospitalOfficesAsync (API) in 132ms
19:14:09 INFO  - Executed action GD.API.Controllers.Doctor.HospitalController.GetHospitalOfficesAsync (API) in 40ms
19:14:26 INFO  - 开始保存聊天消息数据
19:14:26 INFO  - 聊天消息数据保存完成，共处理条 0 数据。耗时：0时0分0秒23毫秒
19:15:07 INFO  - Executed action GD.API.Controllers.Doctor.HospitalController.GetHospitalOfficesAsync (API) in 42ms
19:15:12 INFO  - Executed action GD.API.Controllers.Mall.MallController.GetMyShoppingCarTotal (API) in 57ms
19:15:12 INFO  - Executed action GD.API.Controllers.Doctor.HospitalController.GetHospitalOfficesAsync (API) in 136ms
19:15:26 INFO  - 开始保存聊天消息数据
19:15:26 INFO  - 聊天消息数据保存完成，共处理条 0 数据。耗时：0时0分0秒12毫秒
19:15:49 INFO  - Executed action GD.API.Controllers.Doctor.HospitalController.GetHospitalOfficesAsync (API) in 42ms
19:15:58 INFO  - Executed action GD.API.Controllers.Mall.MallController.GetMyShoppingCarTotal (API) in 107ms
19:15:58 INFO  - Executed action GD.API.Controllers.Doctor.HospitalController.GetHospitalOfficesAsync (API) in 98ms
19:16:26 INFO  - 开始保存聊天消息数据
19:16:26 INFO  - 聊天消息数据保存完成，共处理条 0 数据。耗时：0时0分0秒14毫秒
19:16:39 INFO  - Executed action GD.API.Controllers.Doctor.HospitalController.GetHospitalOfficesAsync (API) in 89ms
19:16:55 INFO  - Executed action GD.API.Controllers.Mall.MallController.GetMyShoppingCarTotal (API) in 75ms
19:16:55 INFO  - Executed action GD.API.Controllers.Doctor.HospitalController.GetHospitalOfficesAsync (API) in 44ms
19:17:26 INFO  - 开始保存聊天消息数据
19:17:26 INFO  - 聊天消息数据保存完成，共处理条 0 数据。耗时：0时0分0秒17毫秒
19:17:35 INFO  - Executed action GD.API.Controllers.Mall.MallController.GetMyShoppingCarTotal (API) in 150ms
19:17:35 INFO  - Executed action GD.API.Controllers.Doctor.HospitalController.GetHospitalOfficesAsync (API) in 47ms
19:17:56 INFO  - Executed action GD.API.Controllers.Mall.MallController.GetMyShoppingCarTotal (API) in 60ms
19:17:56 INFO  - Executed action GD.API.Controllers.Doctor.HospitalController.GetHospitalOfficesAsync (API) in 56ms
19:18:26 INFO  - 开始保存聊天消息数据
19:18:26 INFO  - 聊天消息数据保存完成，共处理条 0 数据。耗时：0时0分0秒13毫秒
19:19:26 INFO  - 开始保存聊天消息数据
19:19:26 INFO  - 聊天消息数据保存完成，共处理条 0 数据。耗时：0时0分0秒14毫秒
19:20:26 INFO  - 开始保存聊天消息数据
19:20:26 INFO  - 聊天消息数据保存完成，共处理条 0 数据。耗时：0时0分0秒15毫秒
19:21:26 INFO  - 开始保存聊天消息数据
19:21:26 INFO  - 聊天消息数据保存完成，共处理条 0 数据。耗时：0时0分0秒19毫秒
19:21:54 INFO  - Executed action GD.API.Controllers.Doctor.HospitalController.GetHospitalOfficesAsync (API) in 123ms
19:22:00 INFO  - Executed action GD.API.Controllers.Mall.MallController.GetMyShoppingCarTotal (API) in 81ms
19:22:00 INFO  - Executed action GD.API.Controllers.Doctor.HospitalController.GetHospitalOfficesAsync (API) in 43ms
19:22:21 INFO  - admin 成功登录Openfire
19:22:21 INFO  - Executed action GD.API.Controllers.Utility.AccountController.Login (API) in 350ms
19:22:21 INFO  - Executed action GD.API.Controllers.Consumer.ConsumerController.GetClientAppId (API) in 23ms
19:22:22 INFO  - Executed action GD.API.Controllers.Utility.UtilityController.WriteSystemVisitLogAsync (API) in 332ms
19:22:26 INFO  - 开始保存聊天消息数据
19:22:26 INFO  - 聊天消息数据保存完成，共处理条 0 数据。耗时：0时0分0秒12毫秒
19:22:38 INFO  - Executed action GD.API.Controllers.Consumer.ConsumerController.GetClientAppId (API) in 9ms
19:22:39 INFO  - Executed action GD.API.Controllers.Doctor.HospitalController.GetHospitalOfficesAsync (API) in 47ms
19:22:41 INFO  - Executed action GD.API.Controllers.Utility.UtilityController.WriteSystemVisitLogAsync (API) in 37ms
19:22:41 INFO  - Executed action GD.API.Controllers.Mall.MallController.GetMyShoppingCarTotal (API) in 198ms
19:23:26 INFO  - 开始保存聊天消息数据
19:23:26 INFO  - 聊天消息数据保存完成，共处理条 0 数据。耗时：0时0分0秒24毫秒
19:24:26 INFO  - 开始保存聊天消息数据
19:24:26 INFO  - 聊天消息数据保存完成，共处理条 0 数据。耗时：0时0分0秒17毫秒
19:24:33 INFO  - Executed action GD.API.Controllers.Utility.UtilityController.WriteSystemVisitLogAsync (API) in 49ms
19:24:33 INFO  - Executed action GD.API.Controllers.Mall.MallController.GetMyShoppingCarTotal (API) in 107ms
19:24:33 INFO  - Executed action GD.API.Controllers.Doctor.HospitalController.GetHospitalOfficesAsync (API) in 37ms
19:24:43 INFO  - Bad request GD.API.Controllers.Doctor.HospitalController.EvaluvationAsync (API) with 评价标签必填; 科室必填; 医生必填; 评论参数必填; 病情信息必填
19:25:17 INFO  - Executed action GD.API.Controllers.Utility.UtilityController.WriteSystemVisitLogAsync (API) in 252ms
19:25:17 INFO  - Executed action GD.API.Controllers.Mall.MallController.GetMyShoppingCarTotal (API) in 70ms
19:25:17 INFO  - Executed action GD.API.Controllers.Doctor.HospitalController.GetHospitalPageListAsync (API) in 362ms
19:25:17 INFO  - Executed action GD.API.Controllers.Utility.ArticleController.GetClientRecommandArticleListAsync (API) in 349ms
19:25:17 INFO  - Executed action GD.API.Controllers.Consumer.ConsumerController.GetMyGoodsListNearExpirationAsync (API) in 108ms
19:25:17 INFO  - Executed action GD.API.Controllers.Consumer.ConsumerController.GetMyUnusedGoodsItemListAsync (API) in 85ms
19:25:17 INFO  - Executed action GD.API.Controllers.Doctor.DoctorController.GetFamousRecommendDoctorListAsync (API) in 134ms
19:25:17 INFO  - Executed action GD.API.Controllers.Manager.RecommendController.GetHomeRecommendAsync (API) in 124ms
19:25:18 INFO  - Executed action GD.API.Controllers.Manager.BannerController.GetHomeBannerAsync (API) in 198ms
19:25:18 INFO  - Executed action GD.API.Controllers.Utility.ArticleController.GetHomeHeadlineAsync (API) in 94ms
19:25:18 INFO  - Executed action GD.API.Controllers.FAQs.FAQsClientController.GetFAQsTrendsAsync (API) in 57ms
19:25:20 INFO  - Executed action GD.API.Controllers.Consumer.HospitalAppointmentController.GetWaitingAsync (API) in 68ms
19:25:20 INFO  - Executed action GD.API.Controllers.Utility.UtilityController.LoadHomePage (API) in 129ms
19:25:26 INFO  - 开始保存聊天消息数据
19:25:26 INFO  - 聊天消息数据保存完成，共处理条 0 数据。耗时：0时0分0秒12毫秒
19:25:39 INFO  - Executed action GD.API.Controllers.Utility.UtilityController.GetUserInfo (API) in 119ms
19:25:45 INFO  - Executed action GD.API.Controllers.Manager.BannerController.GetHomeBannerAsync (API) in 52ms
19:25:46 INFO  - Executed action GD.API.Controllers.Utility.ArticleController.GetClientRecommandArticleListAsync (API) in 107ms
19:25:46 INFO  - Executed action GD.API.Controllers.Utility.ArticleController.GetHomeHeadlineAsync (API) in 52ms
19:25:46 INFO  - Executed action GD.API.Controllers.Doctor.DoctorController.GetFamousRecommendDoctorListAsync (API) in 110ms
19:25:46 INFO  - Executed action GD.API.Controllers.Manager.RecommendController.GetHomeRecommendAsync (API) in 56ms
19:25:46 INFO  - Executed action GD.API.Controllers.FAQs.FAQsClientController.GetFAQsTrendsAsync (API) in 71ms
19:25:46 INFO  - Executed action GD.API.Controllers.Doctor.HospitalController.GetHospitalPageListAsync (API) in 94ms
19:25:53 INFO  - Executed action GD.API.Controllers.Mall.MallController.GetMyShoppingCarTotal (API) in 126ms
19:25:53 INFO  - Executed action GD.API.Controllers.Doctor.HospitalController.GetHospitalOfficesAsync (API) in 40ms
19:26:26 INFO  - 开始保存聊天消息数据
19:26:26 INFO  - 聊天消息数据保存完成，共处理条 0 数据。耗时：0时0分0秒17毫秒
19:26:54 INFO  - Executed action GD.API.Controllers.Mall.MallController.GetMyShoppingCarTotal (API) in 296ms
19:26:54 INFO  - Executed action GD.API.Controllers.Doctor.HospitalController.GetHospitalOfficesAsync (API) in 46ms
19:27:18 INFO  - Executed action GD.API.Controllers.Utility.AccountController.Login (API) in 38ms
19:27:24 INFO  - Executed action GD.API.Controllers.Utility.AccountController.Login (API) in 41ms
19:27:26 INFO  - 开始保存聊天消息数据
19:27:26 INFO  - 聊天消息数据保存完成，共处理条 0 数据。耗时：0时0分0秒11毫秒
19:27:26 INFO  - Executed action GD.API.Controllers.Utility.AccountController.Login (API) in 37ms
19:27:28 INFO  - Executed action GD.API.Controllers.Utility.AccountController.Login (API) in 38ms
19:27:34 INFO  - Executed action GD.API.Controllers.Utility.AccountController.Login (API) in 172ms
19:27:34 INFO  - Executed action GD.API.Controllers.Consumer.ConsumerController.GetClientAppId (API) in 14ms
19:27:34 INFO  - Executed action GD.API.Controllers.Utility.UtilityController.WriteSystemVisitLogAsync (API) in 45ms
19:27:40 INFO  - Executed action GD.API.Controllers.Consumer.HospitalAppointmentController.GetWaitingAsync (API) in 318ms
19:27:40 INFO  - Executed action GD.API.Controllers.Utility.ArticleController.GetClientRecommandArticleListAsync (API) in 228ms
19:27:41 INFO  - Executed action GD.API.Controllers.Manager.BannerController.GetHomeBannerAsync (API) in 85ms
19:27:41 INFO  - Executed action GD.API.Controllers.Mall.MallController.GetMyShoppingCarTotal (API) in 1270ms
19:27:41 INFO  - Executed action GD.API.Controllers.Consumer.ConsumerController.GetMyGoodsListNearExpirationAsync (API) in 83ms
19:27:41 INFO  - Executed action GD.API.Controllers.FAQs.FAQsClientController.GetFAQsTrendsAsync (API) in 129ms
19:27:41 INFO  - Executed action GD.API.Controllers.Doctor.DoctorController.GetFamousRecommendDoctorListAsync (API) in 104ms
19:27:41 INFO  - Executed action GD.API.Controllers.Consumer.ConsumerController.GetMyUnusedGoodsItemListAsync (API) in 51ms
19:27:41 INFO  - Executed action GD.API.Controllers.Doctor.HospitalController.GetHospitalPageListAsync (API) in 112ms
19:27:41 INFO  - Executed action GD.API.Controllers.Utility.ArticleController.GetHomeHeadlineAsync (API) in 52ms
19:27:41 INFO  - Executed action GD.API.Controllers.Manager.RecommendController.GetHomeRecommendAsync (API) in 55ms
19:27:41 INFO  - Executed action GD.API.Controllers.Utility.UtilityController.LoadHomePage (API) in 158ms
19:27:41 INFO  - Executed action GD.API.Controllers.Utility.UtilityController.WriteSystemVisitLogAsync (API) in 50ms
19:27:41 INFO  - Executed action GD.API.Controllers.Consumer.ConsumerController.GetConsumerOpenId (API) in 979ms
19:27:46 INFO  - Executed action GD.API.Controllers.Utility.UtilityController.WriteSystemVisitLogAsync (API) in 150ms
19:27:46 INFO  - Executed action GD.API.Controllers.Mall.MallController.GetMyShoppingCarTotal (API) in 61ms
19:27:46 INFO  - Executed action GD.API.Controllers.Doctor.HospitalController.GetHospitalOfficesAsync (API) in 45ms
19:28:26 INFO  - 开始保存聊天消息数据
19:28:26 INFO  - 聊天消息数据保存完成，共处理条 0 数据。耗时：0时0分0秒26毫秒
19:29:26 INFO  - 开始保存聊天消息数据
19:29:26 INFO  - 聊天消息数据保存完成，共处理条 0 数据。耗时：0时0分0秒20毫秒
19:29:30 INFO  - Bad request GD.API.Controllers.Doctor.HospitalController.EvaluvationAsync (API) with 评价标签必填; 科室必填; 医生必填; 评论参数必填; 病情信息必填
19:29:57 INFO  - Executed action GD.API.Controllers.Doctor.HospitalController.GetHospitalOfficesAsync (API) in 37ms
19:29:58 INFO  - Executed action GD.API.Controllers.Doctor.HospitalController.GetHospitalOfficesAsync (API) in 55ms
19:29:58 INFO  - Executed action GD.API.Controllers.Utility.UtilityController.WriteSystemVisitLogAsync (API) in 126ms
19:29:58 INFO  - Executed action GD.API.Controllers.Mall.MallController.GetMyShoppingCarTotal (API) in 156ms
19:30:26 INFO  - 开始保存聊天消息数据
19:30:26 INFO  - 聊天消息数据保存完成，共处理条 0 数据。耗时：0时0分0秒25毫秒
19:31:26 INFO  - 开始保存聊天消息数据
19:31:26 INFO  - 聊天消息数据保存完成，共处理条 0 数据。耗时：0时0分0秒18毫秒
19:32:26 INFO  - 开始保存聊天消息数据
19:32:26 INFO  - 聊天消息数据保存完成，共处理条 0 数据。耗时：0时0分0秒16毫秒
19:33:26 INFO  - 开始保存聊天消息数据
19:33:26 INFO  - 聊天消息数据保存完成，共处理条 0 数据。耗时：0时0分0秒14毫秒
19:34:26 INFO  - 开始保存聊天消息数据
19:34:26 INFO  - 聊天消息数据保存完成，共处理条 0 数据。耗时：0时0分0秒25毫秒
19:35:26 INFO  - 开始保存聊天消息数据
19:35:26 INFO  - 聊天消息数据保存完成，共处理条 0 数据。耗时：0时0分0秒11毫秒
19:36:26 INFO  - 开始保存聊天消息数据
19:36:26 INFO  - 聊天消息数据保存完成，共处理条 0 数据。耗时：0时0分0秒14毫秒
19:37:26 INFO  - 开始保存聊天消息数据
19:37:26 INFO  - 聊天消息数据保存完成，共处理条 0 数据。耗时：0时0分0秒15毫秒
19:37:37 INFO  - Executed action GD.API.Controllers.Doctor.HospitalController.EvaluvationAsync (API) in 240ms
19:37:41 INFO  - Executed action GD.API.Controllers.Doctor.HospitalController.EvaluvationAsync (API) in 102ms
19:37:43 INFO  - Executed action GD.API.Controllers.Doctor.HospitalController.EvaluvationAsync (API) in 96ms
19:37:45 INFO  - Executed action GD.API.Controllers.Doctor.HospitalController.EvaluvationAsync (API) in 100ms
19:37:48 INFO  - Executed action GD.API.Controllers.Doctor.HospitalController.EvaluvationAsync (API) in 103ms
19:37:50 INFO  - Executed action GD.API.Controllers.Doctor.HospitalController.EvaluvationAsync (API) in 100ms
19:38:26 INFO  - 开始保存聊天消息数据
19:38:26 INFO  - 聊天消息数据保存完成，共处理条 0 数据。耗时：0时0分0秒19毫秒
19:39:26 INFO  - 开始保存聊天消息数据
19:39:26 INFO  - 聊天消息数据保存完成，共处理条 0 数据。耗时：0时0分0秒21毫秒
19:40:26 INFO  - 开始保存聊天消息数据
19:40:26 INFO  - 聊天消息数据保存完成，共处理条 0 数据。耗时：0时0分0秒17毫秒
19:41:26 INFO  - 开始保存聊天消息数据
19:41:26 INFO  - 聊天消息数据保存完成，共处理条 0 数据。耗时：0时0分0秒17毫秒
19:42:26 INFO  - 开始保存聊天消息数据
19:42:26 INFO  - 聊天消息数据保存完成，共处理条 0 数据。耗时：0时0分0秒15毫秒
19:43:26 INFO  - 开始保存聊天消息数据
19:43:26 INFO  - 聊天消息数据保存完成，共处理条 0 数据。耗时：0时0分0秒11毫秒
19:44:26 INFO  - 开始保存聊天消息数据
19:44:26 INFO  - 聊天消息数据保存完成，共处理条 0 数据。耗时：0时0分0秒22毫秒
19:45:26 INFO  - 开始保存聊天消息数据
19:45:26 INFO  - 聊天消息数据保存完成，共处理条 0 数据。耗时：0时0分0秒17毫秒
19:46:26 INFO  - 开始保存聊天消息数据
19:46:26 INFO  - 聊天消息数据保存完成，共处理条 0 数据。耗时：0时0分0秒19毫秒
19:47:26 INFO  - 开始保存聊天消息数据
19:47:26 INFO  - 聊天消息数据保存完成，共处理条 0 数据。耗时：0时0分0秒17毫秒
19:48:26 INFO  - 开始保存聊天消息数据
19:48:26 INFO  - 聊天消息数据保存完成，共处理条 0 数据。耗时：0时0分0秒25毫秒
19:49:26 INFO  - 开始保存聊天消息数据
19:49:26 INFO  - 聊天消息数据保存完成，共处理条 0 数据。耗时：0时0分0秒21毫秒
19:50:26 INFO  - 开始保存聊天消息数据
19:50:26 INFO  - 聊天消息数据保存完成，共处理条 0 数据。耗时：0时0分0秒15毫秒
19:51:26 INFO  - 开始保存聊天消息数据
19:51:26 INFO  - 聊天消息数据保存完成，共处理条 0 数据。耗时：0时0分0秒15毫秒
19:52:26 INFO  - 开始保存聊天消息数据
19:52:26 INFO  - 聊天消息数据保存完成，共处理条 0 数据。耗时：0时0分0秒21毫秒
19:53:26 INFO  - 开始保存聊天消息数据
19:53:26 INFO  - 聊天消息数据保存完成，共处理条 0 数据。耗时：0时0分0秒15毫秒
19:54:26 INFO  - 开始保存聊天消息数据
19:54:26 INFO  - 聊天消息数据保存完成，共处理条 0 数据。耗时：0时0分0秒11毫秒
19:55:26 INFO  - 开始保存聊天消息数据
19:55:26 INFO  - 聊天消息数据保存完成，共处理条 0 数据。耗时：0时0分0秒14毫秒
19:55:26 INFO  - Executed action GD.API.Controllers.Mall.MallController.GetMyShoppingCarTotal (API) in 71ms
19:55:26 INFO  - Executed action GD.API.Controllers.Utility.UtilityController.WriteSystemVisitLogAsync (API) in 151ms
19:56:26 INFO  - 开始保存聊天消息数据
19:56:26 INFO  - 聊天消息数据保存完成，共处理条 0 数据。耗时：0时0分0秒22毫秒
19:57:26 INFO  - 开始保存聊天消息数据
19:57:26 INFO  - 聊天消息数据保存完成，共处理条 0 数据。耗时：0时0分0秒20毫秒
19:58:26 INFO  - 开始保存聊天消息数据
19:58:26 INFO  - 聊天消息数据保存完成，共处理条 0 数据。耗时：0时0分0秒30毫秒
19:59:26 INFO  - 开始保存聊天消息数据
19:59:26 INFO  - 聊天消息数据保存完成，共处理条 0 数据。耗时：0时0分0秒14毫秒
20:00:26 INFO  - 开始保存聊天消息数据
20:00:26 INFO  - 聊天消息数据保存完成，共处理条 0 数据。耗时：0时0分0秒15毫秒
20:01:26 INFO  - 开始保存聊天消息数据
20:01:26 INFO  - 聊天消息数据保存完成，共处理条 0 数据。耗时：0时0分0秒15毫秒
20:02:26 INFO  - 开始保存聊天消息数据
20:02:26 INFO  - 聊天消息数据保存完成，共处理条 0 数据。耗时：0时0分0秒20毫秒
20:03:26 INFO  - 开始保存聊天消息数据
20:03:26 INFO  - 聊天消息数据保存完成，共处理条 0 数据。耗时：0时0分0秒15毫秒
20:04:26 INFO  - 开始保存聊天消息数据
20:04:26 INFO  - 聊天消息数据保存完成，共处理条 0 数据。耗时：0时0分0秒15毫秒
20:05:26 INFO  - 开始保存聊天消息数据
20:05:26 INFO  - 聊天消息数据保存完成，共处理条 0 数据。耗时：0时0分0秒16毫秒
20:06:26 INFO  - 开始保存聊天消息数据
20:06:26 INFO  - 聊天消息数据保存完成，共处理条 0 数据。耗时：0时0分0秒15毫秒
20:07:26 INFO  - 开始保存聊天消息数据
20:07:26 INFO  - 聊天消息数据保存完成，共处理条 0 数据。耗时：0时0分0秒15毫秒
20:08:26 INFO  - 开始保存聊天消息数据
20:08:26 INFO  - 聊天消息数据保存完成，共处理条 0 数据。耗时：0时0分0秒20毫秒
20:09:26 INFO  - 开始保存聊天消息数据
20:09:26 INFO  - 聊天消息数据保存完成，共处理条 0 数据。耗时：0时0分0秒18毫秒
20:10:26 INFO  - 开始保存聊天消息数据
20:10:26 INFO  - 聊天消息数据保存完成，共处理条 0 数据。耗时：0时0分0秒26毫秒
20:11:26 INFO  - 开始保存聊天消息数据
20:11:26 INFO  - 聊天消息数据保存完成，共处理条 0 数据。耗时：0时0分0秒18毫秒
20:12:26 INFO  - 开始保存聊天消息数据
20:12:26 INFO  - 聊天消息数据保存完成，共处理条 0 数据。耗时：0时0分0秒20毫秒
20:13:26 INFO  - 开始保存聊天消息数据
20:13:26 INFO  - 聊天消息数据保存完成，共处理条 0 数据。耗时：0时0分0秒11毫秒
20:14:26 INFO  - 开始保存聊天消息数据
20:14:26 INFO  - 聊天消息数据保存完成，共处理条 0 数据。耗时：0时0分0秒16毫秒
20:15:26 INFO  - 开始保存聊天消息数据
20:15:26 INFO  - 聊天消息数据保存完成，共处理条 0 数据。耗时：0时0分0秒17毫秒
20:16:26 INFO  - 开始保存聊天消息数据
20:16:26 INFO  - 聊天消息数据保存完成，共处理条 0 数据。耗时：0时0分0秒15毫秒
20:17:26 INFO  - 开始保存聊天消息数据
20:17:26 INFO  - 聊天消息数据保存完成，共处理条 0 数据。耗时：0时0分0秒23毫秒
20:18:26 INFO  - 开始保存聊天消息数据
20:18:26 INFO  - 聊天消息数据保存完成，共处理条 0 数据。耗时：0时0分0秒23毫秒
20:19:26 INFO  - 开始保存聊天消息数据
20:19:26 INFO  - 聊天消息数据保存完成，共处理条 0 数据。耗时：0时0分0秒24毫秒
20:20:26 INFO  - 开始保存聊天消息数据
20:20:26 INFO  - 聊天消息数据保存完成，共处理条 0 数据。耗时：0时0分0秒19毫秒
20:21:26 INFO  - 开始保存聊天消息数据
20:21:26 INFO  - 聊天消息数据保存完成，共处理条 0 数据。耗时：0时0分0秒16毫秒
20:22:26 INFO  - 开始保存聊天消息数据
20:22:26 INFO  - 聊天消息数据保存完成，共处理条 0 数据。耗时：0时0分0秒16毫秒
20:23:26 INFO  - 开始保存聊天消息数据
20:23:26 INFO  - 聊天消息数据保存完成，共处理条 0 数据。耗时：0时0分0秒17毫秒
20:24:26 INFO  - 开始保存聊天消息数据
20:24:26 INFO  - 聊天消息数据保存完成，共处理条 0 数据。耗时：0时0分0秒11毫秒
20:25:26 INFO  - 开始保存聊天消息数据
20:25:26 INFO  - 聊天消息数据保存完成，共处理条 0 数据。耗时：0时0分0秒11毫秒
20:26:26 INFO  - 开始保存聊天消息数据
20:26:26 INFO  - 聊天消息数据保存完成，共处理条 0 数据。耗时：0时0分0秒14毫秒
20:27:26 INFO  - 开始保存聊天消息数据
20:27:26 INFO  - 聊天消息数据保存完成，共处理条 0 数据。耗时：0时0分0秒11毫秒
20:28:26 INFO  - 开始保存聊天消息数据
20:28:26 INFO  - 聊天消息数据保存完成，共处理条 0 数据。耗时：0时0分0秒19毫秒
20:29:26 INFO  - 开始保存聊天消息数据
20:29:26 INFO  - 聊天消息数据保存完成，共处理条 0 数据。耗时：0时0分0秒18毫秒
20:30:26 INFO  - 开始保存聊天消息数据
20:30:26 INFO  - 聊天消息数据保存完成，共处理条 0 数据。耗时：0时0分0秒21毫秒
20:31:26 INFO  - 开始保存聊天消息数据
20:31:26 INFO  - 聊天消息数据保存完成，共处理条 0 数据。耗时：0时0分0秒15毫秒
20:32:26 INFO  - 开始保存聊天消息数据
20:32:26 INFO  - 聊天消息数据保存完成，共处理条 0 数据。耗时：0时0分0秒19毫秒
20:33:26 INFO  - 开始保存聊天消息数据
20:33:26 INFO  - 聊天消息数据保存完成，共处理条 0 数据。耗时：0时0分0秒17毫秒
20:34:26 INFO  - 开始保存聊天消息数据
20:34:26 INFO  - 聊天消息数据保存完成，共处理条 0 数据。耗时：0时0分0秒18毫秒
20:35:14 INFO  - Executed action GD.API.Controllers.Utility.UtilityController.WriteSystemVisitLogAsync (API) in 145ms
20:35:14 INFO  - Executed action GD.API.Controllers.Mall.MallController.GetMyShoppingCarTotal (API) in 161ms
20:35:26 INFO  - 开始保存聊天消息数据
20:35:26 INFO  - 聊天消息数据保存完成，共处理条 0 数据。耗时：0时0分0秒13毫秒
20:36:26 INFO  - 开始保存聊天消息数据
20:36:26 INFO  - 聊天消息数据保存完成，共处理条 0 数据。耗时：0时0分0秒16毫秒
20:37:26 INFO  - 开始保存聊天消息数据
20:37:26 INFO  - 聊天消息数据保存完成，共处理条 0 数据。耗时：0时0分0秒19毫秒
20:37:33 INFO  - Executed action GD.API.Controllers.Mall.MallController.GetMyShoppingCarTotal (API) in 110ms
20:37:33 INFO  - Executed action GD.API.Controllers.Utility.UtilityController.WriteSystemVisitLogAsync (API) in 122ms
20:37:45 INFO  - Executed action GD.API.Controllers.Utility.UtilityController.WriteSystemVisitLogAsync (API) in 47ms
20:37:45 INFO  - Executed action GD.API.Controllers.Mall.MallController.GetMyShoppingCarTotal (API) in 68ms
20:37:45 INFO  - Executed action GD.API.Controllers.Manager.RecommendController.GetHomeRecommendAsync (API) in 50ms
20:37:45 INFO  - Executed action GD.API.Controllers.Doctor.HospitalController.GetHospitalPageListAsync (API) in 96ms
20:37:45 INFO  - Executed action GD.API.Controllers.Manager.BannerController.GetHomeBannerAsync (API) in 47ms
20:37:45 INFO  - Executed action GD.API.Controllers.FAQs.FAQsClientController.GetFAQsTrendsAsync (API) in 233ms
20:37:45 INFO  - Executed action GD.API.Controllers.Consumer.ConsumerController.GetMyGoodsListNearExpirationAsync (API) in 50ms
20:37:45 INFO  - Executed action GD.API.Controllers.Consumer.ConsumerController.GetMyUnusedGoodsItemListAsync (API) in 122ms
20:37:45 INFO  - Executed action GD.API.Controllers.Doctor.DoctorController.GetFamousRecommendDoctorListAsync (API) in 178ms
20:37:45 INFO  - Executed action GD.API.Controllers.Utility.ArticleController.GetHomeHeadlineAsync (API) in 52ms
20:37:46 INFO  - Executed action GD.API.Controllers.Utility.ArticleController.GetClientRecommandArticleListAsync (API) in 106ms
20:38:19 INFO  - Executed action GD.API.Controllers.Mall.MallController.GetMyShoppingCarTotal (API) in 66ms
20:38:19 INFO  - Executed action GD.API.Controllers.Utility.UtilityController.WriteSystemVisitLogAsync (API) in 61ms
20:38:26 INFO  - 开始保存聊天消息数据
20:38:26 INFO  - 聊天消息数据保存完成，共处理条 0 数据。耗时：0时0分0秒11毫秒
20:38:51 INFO  - Executed action GD.API.Controllers.Utility.UtilityController.WriteSystemVisitLogAsync (API) in 42ms
20:38:51 INFO  - Executed action GD.API.Controllers.Mall.MallController.GetMyShoppingCarTotal (API) in 75ms
20:39:26 INFO  - 开始保存聊天消息数据
20:39:26 INFO  - 聊天消息数据保存完成，共处理条 0 数据。耗时：0时0分0秒18毫秒
20:40:26 INFO  - 开始保存聊天消息数据
20:40:26 INFO  - 聊天消息数据保存完成，共处理条 0 数据。耗时：0时0分0秒22毫秒
20:40:43 INFO  - Executed action GD.API.Controllers.Utility.UtilityController.WriteSystemVisitLogAsync (API) in 46ms
20:40:43 INFO  - Executed action GD.API.Controllers.Mall.MallController.GetMyShoppingCarTotal (API) in 58ms
20:41:26 INFO  - 开始保存聊天消息数据
20:41:26 INFO  - 聊天消息数据保存完成，共处理条 0 数据。耗时：0时0分0秒15毫秒
20:42:26 INFO  - 开始保存聊天消息数据
20:42:26 INFO  - 聊天消息数据保存完成，共处理条 0 数据。耗时：0时0分0秒16毫秒
20:42:37 INFO  - Executed action GD.API.Controllers.Utility.UtilityController.WriteSystemVisitLogAsync (API) in 45ms
20:42:37 INFO  - Executed action GD.API.Controllers.Mall.MallController.GetMyShoppingCarTotal (API) in 62ms
20:43:00 INFO  - Executed action GD.API.Controllers.Utility.UtilityController.WriteSystemVisitLogAsync (API) in 44ms
20:43:00 INFO  - Executed action GD.API.Controllers.Mall.MallController.GetMyShoppingCarTotal (API) in 54ms
20:43:26 INFO  - 开始保存聊天消息数据
20:43:26 INFO  - 聊天消息数据保存完成，共处理条 0 数据。耗时：0时0分0秒12毫秒
20:44:26 INFO  - 开始保存聊天消息数据
20:44:26 INFO  - 聊天消息数据保存完成，共处理条 0 数据。耗时：0时0分0秒17毫秒
20:44:47 INFO  - Executed action GD.API.Controllers.Utility.UtilityController.WriteSystemVisitLogAsync (API) in 50ms
20:44:47 INFO  - Executed action GD.API.Controllers.Mall.MallController.GetMyShoppingCarTotal (API) in 62ms
20:45:08 INFO  - Executed action GD.API.Controllers.Utility.UtilityController.WriteSystemVisitLogAsync (API) in 39ms
20:45:08 INFO  - Executed action GD.API.Controllers.Mall.MallController.GetMyShoppingCarTotal (API) in 73ms
20:45:26 INFO  - 开始保存聊天消息数据
20:45:26 INFO  - 聊天消息数据保存完成，共处理条 0 数据。耗时：0时0分0秒15毫秒
20:46:26 INFO  - 开始保存聊天消息数据
20:46:26 INFO  - 聊天消息数据保存完成，共处理条 0 数据。耗时：0时0分0秒15毫秒
20:47:26 INFO  - 开始保存聊天消息数据
20:47:26 INFO  - 聊天消息数据保存完成，共处理条 0 数据。耗时：0时0分0秒21毫秒
20:47:58 INFO  - Executed action GD.API.Controllers.Mall.MallController.GetMyShoppingCarTotal (API) in 59ms
20:47:58 INFO  - Executed action GD.API.Controllers.Utility.UtilityController.WriteSystemVisitLogAsync (API) in 66ms
20:48:26 INFO  - 开始保存聊天消息数据
20:48:26 INFO  - 聊天消息数据保存完成，共处理条 0 数据。耗时：0时0分0秒21毫秒
20:49:26 INFO  - 开始保存聊天消息数据
20:49:26 INFO  - 聊天消息数据保存完成，共处理条 0 数据。耗时：0时0分0秒11毫秒
20:49:40 INFO  - Executed action GD.API.Controllers.Utility.UtilityController.WriteSystemVisitLogAsync (API) in 62ms
20:49:40 INFO  - Executed action GD.API.Controllers.Mall.MallController.GetMyShoppingCarTotal (API) in 134ms
20:49:40 INFO  - Executed action GD.API.Controllers.Consumer.ConsumerController.GetMyGoodsListNearExpirationAsync (API) in 59ms
20:49:40 INFO  - Executed action GD.API.Controllers.Utility.ArticleController.GetClientRecommandArticleListAsync (API) in 127ms
20:49:40 INFO  - Executed action GD.API.Controllers.Doctor.HospitalController.GetHospitalPageListAsync (API) in 121ms
20:49:40 INFO  - Executed action GD.API.Controllers.FAQs.FAQsClientController.GetFAQsTrendsAsync (API) in 54ms
20:49:40 INFO  - Executed action GD.API.Controllers.Consumer.ConsumerController.GetMyUnusedGoodsItemListAsync (API) in 60ms
20:49:40 INFO  - Executed action GD.API.Controllers.Doctor.DoctorController.GetFamousRecommendDoctorListAsync (API) in 130ms
20:49:40 INFO  - Executed action GD.API.Controllers.Manager.BannerController.GetHomeBannerAsync (API) in 68ms
20:49:41 INFO  - Executed action GD.API.Controllers.Utility.ArticleController.GetHomeHeadlineAsync (API) in 189ms
20:49:41 INFO  - Executed action GD.API.Controllers.Manager.RecommendController.GetHomeRecommendAsync (API) in 64ms
20:50:26 INFO  - 开始保存聊天消息数据
20:50:26 INFO  - 聊天消息数据保存完成，共处理条 0 数据。耗时：0时0分0秒18毫秒
20:51:26 INFO  - 开始保存聊天消息数据
20:51:26 INFO  - 聊天消息数据保存完成，共处理条 0 数据。耗时：0时0分0秒17毫秒
20:52:26 INFO  - 开始保存聊天消息数据
20:52:26 INFO  - 聊天消息数据保存完成，共处理条 0 数据。耗时：0时0分0秒12毫秒
20:53:26 INFO  - 开始保存聊天消息数据
20:53:26 INFO  - 聊天消息数据保存完成，共处理条 0 数据。耗时：0时0分0秒16毫秒
20:54:26 INFO  - 开始保存聊天消息数据
20:54:26 INFO  - 聊天消息数据保存完成，共处理条 0 数据。耗时：0时0分0秒16毫秒
20:55:26 INFO  - 开始保存聊天消息数据
20:55:26 INFO  - 聊天消息数据保存完成，共处理条 0 数据。耗时：0时0分0秒20毫秒
20:56:26 INFO  - 开始保存聊天消息数据
20:56:26 INFO  - 聊天消息数据保存完成，共处理条 0 数据。耗时：0时0分0秒20毫秒
20:57:26 INFO  - 开始保存聊天消息数据
20:57:26 INFO  - 聊天消息数据保存完成，共处理条 0 数据。耗时：0时0分0秒19毫秒
20:58:26 INFO  - 开始保存聊天消息数据
20:58:26 INFO  - 聊天消息数据保存完成，共处理条 0 数据。耗时：0时0分0秒15毫秒
20:59:26 INFO  - 开始保存聊天消息数据
20:59:26 INFO  - 聊天消息数据保存完成，共处理条 0 数据。耗时：0时0分0秒16毫秒
21:00:26 INFO  - 开始保存聊天消息数据
21:00:26 INFO  - 聊天消息数据保存完成，共处理条 0 数据。耗时：0时0分0秒19毫秒
21:01:26 INFO  - 开始保存聊天消息数据
21:01:26 INFO  - 聊天消息数据保存完成，共处理条 0 数据。耗时：0时0分0秒17毫秒
21:02:26 INFO  - 开始保存聊天消息数据
21:02:26 INFO  - 聊天消息数据保存完成，共处理条 0 数据。耗时：0时0分0秒16毫秒
21:03:26 INFO  - 开始保存聊天消息数据
21:03:26 INFO  - 聊天消息数据保存完成，共处理条 0 数据。耗时：0时0分0秒25毫秒
21:04:26 INFO  - 开始保存聊天消息数据
21:04:26 INFO  - 聊天消息数据保存完成，共处理条 0 数据。耗时：0时0分0秒16毫秒
21:05:26 INFO  - 开始保存聊天消息数据
21:05:26 INFO  - 聊天消息数据保存完成，共处理条 0 数据。耗时：0时0分0秒22毫秒
21:06:26 INFO  - 开始保存聊天消息数据
21:06:26 INFO  - 聊天消息数据保存完成，共处理条 0 数据。耗时：0时0分0秒12毫秒
21:07:26 INFO  - 开始保存聊天消息数据
21:07:26 INFO  - 聊天消息数据保存完成，共处理条 0 数据。耗时：0时0分0秒18毫秒
21:08:26 INFO  - 开始保存聊天消息数据
21:08:26 INFO  - 聊天消息数据保存完成，共处理条 0 数据。耗时：0时0分0秒15毫秒
21:09:26 INFO  - 开始保存聊天消息数据
21:09:26 INFO  - 聊天消息数据保存完成，共处理条 0 数据。耗时：0时0分0秒15毫秒
21:10:26 INFO  - 开始保存聊天消息数据
21:10:26 INFO  - 聊天消息数据保存完成，共处理条 0 数据。耗时：0时0分0秒18毫秒
21:11:26 INFO  - 开始保存聊天消息数据
21:11:26 INFO  - 聊天消息数据保存完成，共处理条 0 数据。耗时：0时0分0秒16毫秒
21:12:26 INFO  - 开始保存聊天消息数据
21:12:26 INFO  - 聊天消息数据保存完成，共处理条 0 数据。耗时：0时0分0秒15毫秒
21:13:26 INFO  - 开始保存聊天消息数据
21:13:26 INFO  - 聊天消息数据保存完成，共处理条 0 数据。耗时：0时0分0秒15毫秒
21:14:26 INFO  - 开始保存聊天消息数据
21:14:26 INFO  - 聊天消息数据保存完成，共处理条 0 数据。耗时：0时0分0秒11毫秒
21:15:26 INFO  - 开始保存聊天消息数据
21:15:26 INFO  - 聊天消息数据保存完成，共处理条 0 数据。耗时：0时0分0秒21毫秒
21:16:26 INFO  - 开始保存聊天消息数据
21:16:26 INFO  - 聊天消息数据保存完成，共处理条 0 数据。耗时：0时0分0秒12毫秒
21:17:26 INFO  - 开始保存聊天消息数据
21:17:26 INFO  - 聊天消息数据保存完成，共处理条 0 数据。耗时：0时0分0秒15毫秒
21:18:26 INFO  - 开始保存聊天消息数据
21:18:26 INFO  - 聊天消息数据保存完成，共处理条 0 数据。耗时：0时0分0秒14毫秒
21:19:26 INFO  - 开始保存聊天消息数据
21:19:26 INFO  - 聊天消息数据保存完成，共处理条 0 数据。耗时：0时0分0秒15毫秒
21:20:26 INFO  - 开始保存聊天消息数据
21:20:26 INFO  - 聊天消息数据保存完成，共处理条 0 数据。耗时：0时0分0秒15毫秒
21:21:26 INFO  - 开始保存聊天消息数据
21:21:26 INFO  - 聊天消息数据保存完成，共处理条 0 数据。耗时：0时0分0秒15毫秒
21:22:26 INFO  - 开始保存聊天消息数据
21:22:26 INFO  - 聊天消息数据保存完成，共处理条 0 数据。耗时：0时0分0秒15毫秒
21:23:26 INFO  - 开始保存聊天消息数据
21:23:26 INFO  - 聊天消息数据保存完成，共处理条 0 数据。耗时：0时0分0秒11毫秒
21:24:26 INFO  - 开始保存聊天消息数据
21:24:26 INFO  - 聊天消息数据保存完成，共处理条 0 数据。耗时：0时0分0秒15毫秒
21:25:26 INFO  - 开始保存聊天消息数据
21:25:26 INFO  - 聊天消息数据保存完成，共处理条 0 数据。耗时：0时0分0秒17毫秒
21:26:26 INFO  - 开始保存聊天消息数据
21:26:26 INFO  - 聊天消息数据保存完成，共处理条 0 数据。耗时：0时0分0秒17毫秒
21:27:26 INFO  - 开始保存聊天消息数据
21:27:26 INFO  - 聊天消息数据保存完成，共处理条 0 数据。耗时：0时0分0秒16毫秒
21:28:26 INFO  - 开始保存聊天消息数据
21:28:26 INFO  - 聊天消息数据保存完成，共处理条 0 数据。耗时：0时0分0秒22毫秒
21:29:26 INFO  - 开始保存聊天消息数据
21:29:26 INFO  - 聊天消息数据保存完成，共处理条 0 数据。耗时：0时0分0秒19毫秒
21:30:26 INFO  - 开始保存聊天消息数据
21:30:26 INFO  - 聊天消息数据保存完成，共处理条 0 数据。耗时：0时0分0秒14毫秒
21:31:26 INFO  - 开始保存聊天消息数据
21:31:26 INFO  - 聊天消息数据保存完成，共处理条 0 数据。耗时：0时0分0秒21毫秒
21:32:26 INFO  - 开始保存聊天消息数据
21:32:26 INFO  - 聊天消息数据保存完成，共处理条 0 数据。耗时：0时0分0秒20毫秒
21:33:26 INFO  - 开始保存聊天消息数据
21:33:26 INFO  - 聊天消息数据保存完成，共处理条 0 数据。耗时：0时0分0秒18毫秒
21:34:26 INFO  - 开始保存聊天消息数据
21:34:26 INFO  - 聊天消息数据保存完成，共处理条 0 数据。耗时：0时0分0秒24毫秒
21:35:26 INFO  - 开始保存聊天消息数据
21:35:26 INFO  - 聊天消息数据保存完成，共处理条 0 数据。耗时：0时0分0秒16毫秒
21:36:26 INFO  - 开始保存聊天消息数据
21:36:26 INFO  - 聊天消息数据保存完成，共处理条 0 数据。耗时：0时0分0秒13毫秒
21:37:26 INFO  - 开始保存聊天消息数据
21:37:26 INFO  - 聊天消息数据保存完成，共处理条 0 数据。耗时：0时0分0秒16毫秒
21:38:26 INFO  - 开始保存聊天消息数据
21:38:26 INFO  - 聊天消息数据保存完成，共处理条 0 数据。耗时：0时0分0秒15毫秒
21:39:26 INFO  - 开始保存聊天消息数据
21:39:26 INFO  - 聊天消息数据保存完成，共处理条 0 数据。耗时：0时0分0秒24毫秒
21:40:26 INFO  - 开始保存聊天消息数据
21:40:26 INFO  - 聊天消息数据保存完成，共处理条 0 数据。耗时：0时0分0秒15毫秒
21:41:26 INFO  - 开始保存聊天消息数据
21:41:26 INFO  - 聊天消息数据保存完成，共处理条 0 数据。耗时：0时0分0秒15毫秒
21:42:26 INFO  - 开始保存聊天消息数据
21:42:26 INFO  - 聊天消息数据保存完成，共处理条 0 数据。耗时：0时0分0秒15毫秒
21:43:26 INFO  - 开始保存聊天消息数据
21:43:26 INFO  - 聊天消息数据保存完成，共处理条 0 数据。耗时：0时0分0秒15毫秒
21:44:26 INFO  - 开始保存聊天消息数据
21:44:26 INFO  - 聊天消息数据保存完成，共处理条 0 数据。耗时：0时0分0秒14毫秒
21:45:26 INFO  - 开始保存聊天消息数据
21:45:26 INFO  - 聊天消息数据保存完成，共处理条 0 数据。耗时：0时0分0秒16毫秒
21:46:26 INFO  - 开始保存聊天消息数据
21:46:26 INFO  - 聊天消息数据保存完成，共处理条 0 数据。耗时：0时0分0秒17毫秒
21:47:26 INFO  - 开始保存聊天消息数据
21:47:26 INFO  - 聊天消息数据保存完成，共处理条 0 数据。耗时：0时0分0秒16毫秒
21:48:26 INFO  - 开始保存聊天消息数据
21:48:26 INFO  - 聊天消息数据保存完成，共处理条 0 数据。耗时：0时0分0秒14毫秒
21:49:26 INFO  - 开始保存聊天消息数据
21:49:26 INFO  - 聊天消息数据保存完成，共处理条 0 数据。耗时：0时0分0秒16毫秒
21:50:26 INFO  - 开始保存聊天消息数据
21:50:26 INFO  - 聊天消息数据保存完成，共处理条 0 数据。耗时：0时0分0秒17毫秒
21:51:26 INFO  - 开始保存聊天消息数据
21:51:26 INFO  - 聊天消息数据保存完成，共处理条 0 数据。耗时：0时0分0秒12毫秒
21:52:26 INFO  - 开始保存聊天消息数据
21:52:26 INFO  - 聊天消息数据保存完成，共处理条 0 数据。耗时：0时0分0秒12毫秒
21:53:26 INFO  - 开始保存聊天消息数据
21:53:26 INFO  - 聊天消息数据保存完成，共处理条 0 数据。耗时：0时0分0秒13毫秒
21:54:26 INFO  - 开始保存聊天消息数据
21:54:26 INFO  - 聊天消息数据保存完成，共处理条 0 数据。耗时：0时0分0秒14毫秒
21:55:26 INFO  - 开始保存聊天消息数据
21:55:26 INFO  - 聊天消息数据保存完成，共处理条 0 数据。耗时：0时0分0秒15毫秒
21:56:26 INFO  - 开始保存聊天消息数据
21:56:26 INFO  - 聊天消息数据保存完成，共处理条 0 数据。耗时：0时0分0秒12毫秒
21:57:26 INFO  - 开始保存聊天消息数据
21:57:26 INFO  - 聊天消息数据保存完成，共处理条 0 数据。耗时：0时0分0秒19毫秒
21:58:26 INFO  - 开始保存聊天消息数据
21:58:26 INFO  - 聊天消息数据保存完成，共处理条 0 数据。耗时：0时0分0秒16毫秒
21:59:26 INFO  - 开始保存聊天消息数据
21:59:26 INFO  - 聊天消息数据保存完成，共处理条 0 数据。耗时：0时0分0秒16毫秒
22:00:26 INFO  - 开始保存聊天消息数据
22:00:26 INFO  - 聊天消息数据保存完成，共处理条 0 数据。耗时：0时0分0秒15毫秒
22:01:26 INFO  - 开始保存聊天消息数据
22:01:26 INFO  - 聊天消息数据保存完成，共处理条 0 数据。耗时：0时0分0秒21毫秒
22:02:26 INFO  - 开始保存聊天消息数据
22:02:26 INFO  - 聊天消息数据保存完成，共处理条 0 数据。耗时：0时0分0秒25毫秒
22:03:26 INFO  - 开始保存聊天消息数据
22:03:26 INFO  - 聊天消息数据保存完成，共处理条 0 数据。耗时：0时0分0秒16毫秒
22:04:26 INFO  - 开始保存聊天消息数据
22:04:26 INFO  - 聊天消息数据保存完成，共处理条 0 数据。耗时：0时0分0秒14毫秒
22:05:26 INFO  - 开始保存聊天消息数据
22:05:26 INFO  - 聊天消息数据保存完成，共处理条 0 数据。耗时：0时0分0秒20毫秒
22:06:26 INFO  - 开始保存聊天消息数据
22:06:26 INFO  - 聊天消息数据保存完成，共处理条 0 数据。耗时：0时0分0秒11毫秒
22:07:26 INFO  - 开始保存聊天消息数据
22:07:26 INFO  - 聊天消息数据保存完成，共处理条 0 数据。耗时：0时0分0秒17毫秒
22:08:26 INFO  - 开始保存聊天消息数据
22:08:26 INFO  - 聊天消息数据保存完成，共处理条 0 数据。耗时：0时0分0秒16毫秒
22:09:26 INFO  - 开始保存聊天消息数据
22:09:26 INFO  - 聊天消息数据保存完成，共处理条 0 数据。耗时：0时0分0秒21毫秒
22:10:26 INFO  - 开始保存聊天消息数据
22:10:26 INFO  - 聊天消息数据保存完成，共处理条 0 数据。耗时：0时0分0秒12毫秒
22:11:26 INFO  - 开始保存聊天消息数据
22:11:26 INFO  - 聊天消息数据保存完成，共处理条 0 数据。耗时：0时0分0秒16毫秒
22:12:26 INFO  - 开始保存聊天消息数据
22:12:26 INFO  - 聊天消息数据保存完成，共处理条 0 数据。耗时：0时0分0秒21毫秒
22:13:26 INFO  - 开始保存聊天消息数据
22:13:26 INFO  - 聊天消息数据保存完成，共处理条 0 数据。耗时：0时0分0秒12毫秒
22:14:26 INFO  - 开始保存聊天消息数据
22:14:26 INFO  - 聊天消息数据保存完成，共处理条 0 数据。耗时：0时0分0秒21毫秒
22:15:26 INFO  - 开始保存聊天消息数据
22:15:26 INFO  - 聊天消息数据保存完成，共处理条 0 数据。耗时：0时0分0秒15毫秒
22:16:26 INFO  - 开始保存聊天消息数据
22:16:26 INFO  - 聊天消息数据保存完成，共处理条 0 数据。耗时：0时0分0秒15毫秒
22:17:26 INFO  - 开始保存聊天消息数据
22:17:26 INFO  - 聊天消息数据保存完成，共处理条 0 数据。耗时：0时0分0秒18毫秒
22:18:26 INFO  - 开始保存聊天消息数据
22:18:26 INFO  - 聊天消息数据保存完成，共处理条 0 数据。耗时：0时0分0秒17毫秒
22:19:26 INFO  - 开始保存聊天消息数据
22:19:26 INFO  - 聊天消息数据保存完成，共处理条 0 数据。耗时：0时0分0秒16毫秒
22:20:26 INFO  - 开始保存聊天消息数据
22:20:26 INFO  - 聊天消息数据保存完成，共处理条 0 数据。耗时：0时0分0秒15毫秒
22:21:26 INFO  - 开始保存聊天消息数据
22:21:26 INFO  - 聊天消息数据保存完成，共处理条 0 数据。耗时：0时0分0秒16毫秒
22:22:26 INFO  - 开始保存聊天消息数据
22:22:26 INFO  - 聊天消息数据保存完成，共处理条 0 数据。耗时：0时0分0秒15毫秒
22:23:26 INFO  - 开始保存聊天消息数据
22:23:26 INFO  - 聊天消息数据保存完成，共处理条 0 数据。耗时：0时0分0秒20毫秒
22:24:26 INFO  - 开始保存聊天消息数据
22:24:26 INFO  - 聊天消息数据保存完成，共处理条 0 数据。耗时：0时0分0秒15毫秒
22:25:26 INFO  - 开始保存聊天消息数据
22:25:26 INFO  - 聊天消息数据保存完成，共处理条 0 数据。耗时：0时0分0秒16毫秒
22:26:26 INFO  - 开始保存聊天消息数据
22:26:26 INFO  - 聊天消息数据保存完成，共处理条 0 数据。耗时：0时0分0秒16毫秒
22:27:26 INFO  - 开始保存聊天消息数据
22:27:26 INFO  - 聊天消息数据保存完成，共处理条 0 数据。耗时：0时0分0秒17毫秒
22:28:26 INFO  - 开始保存聊天消息数据
22:28:26 INFO  - 聊天消息数据保存完成，共处理条 0 数据。耗时：0时0分0秒19毫秒
22:29:26 INFO  - 开始保存聊天消息数据
22:29:26 INFO  - 聊天消息数据保存完成，共处理条 0 数据。耗时：0时0分0秒13毫秒
22:30:26 INFO  - 开始保存聊天消息数据
22:30:26 INFO  - 聊天消息数据保存完成，共处理条 0 数据。耗时：0时0分0秒17毫秒
22:31:26 INFO  - 开始保存聊天消息数据
22:31:26 INFO  - 聊天消息数据保存完成，共处理条 0 数据。耗时：0时0分0秒17毫秒
22:32:26 INFO  - 开始保存聊天消息数据
22:32:26 INFO  - 聊天消息数据保存完成，共处理条 0 数据。耗时：0时0分0秒26毫秒
22:33:26 INFO  - 开始保存聊天消息数据
22:33:26 INFO  - 聊天消息数据保存完成，共处理条 0 数据。耗时：0时0分0秒16毫秒
22:34:26 INFO  - 开始保存聊天消息数据
22:34:26 INFO  - 聊天消息数据保存完成，共处理条 0 数据。耗时：0时0分0秒16毫秒
22:35:26 INFO  - 开始保存聊天消息数据
22:35:26 INFO  - 聊天消息数据保存完成，共处理条 0 数据。耗时：0时0分0秒16毫秒
22:36:26 INFO  - 开始保存聊天消息数据
22:36:26 INFO  - 聊天消息数据保存完成，共处理条 0 数据。耗时：0时0分0秒26毫秒
22:37:26 INFO  - 开始保存聊天消息数据
22:37:26 INFO  - 聊天消息数据保存完成，共处理条 0 数据。耗时：0时0分0秒10毫秒
22:38:26 INFO  - 开始保存聊天消息数据
22:38:26 INFO  - 聊天消息数据保存完成，共处理条 0 数据。耗时：0时0分0秒15毫秒
22:39:26 INFO  - 开始保存聊天消息数据
22:39:26 INFO  - 聊天消息数据保存完成，共处理条 0 数据。耗时：0时0分0秒16毫秒
22:40:26 INFO  - 开始保存聊天消息数据
22:40:26 INFO  - 聊天消息数据保存完成，共处理条 0 数据。耗时：0时0分0秒15毫秒
22:41:26 INFO  - 开始保存聊天消息数据
22:41:26 INFO  - 聊天消息数据保存完成，共处理条 0 数据。耗时：0时0分0秒16毫秒
22:42:26 INFO  - 开始保存聊天消息数据
22:42:26 INFO  - 聊天消息数据保存完成，共处理条 0 数据。耗时：0时0分0秒20毫秒
22:43:26 INFO  - 开始保存聊天消息数据
22:43:26 INFO  - 聊天消息数据保存完成，共处理条 0 数据。耗时：0时0分0秒11毫秒
22:44:26 INFO  - 开始保存聊天消息数据
22:44:26 INFO  - 聊天消息数据保存完成，共处理条 0 数据。耗时：0时0分0秒12毫秒
22:45:26 INFO  - 开始保存聊天消息数据
22:45:26 INFO  - 聊天消息数据保存完成，共处理条 0 数据。耗时：0时0分0秒15毫秒
22:46:26 INFO  - 开始保存聊天消息数据
22:46:26 INFO  - 聊天消息数据保存完成，共处理条 0 数据。耗时：0时0分0秒15毫秒
22:47:26 INFO  - 开始保存聊天消息数据
22:47:26 INFO  - 聊天消息数据保存完成，共处理条 0 数据。耗时：0时0分0秒15毫秒
22:48:26 INFO  - 开始保存聊天消息数据
22:48:26 INFO  - 聊天消息数据保存完成，共处理条 0 数据。耗时：0时0分0秒12毫秒
22:49:26 INFO  - 开始保存聊天消息数据
22:49:26 INFO  - 聊天消息数据保存完成，共处理条 0 数据。耗时：0时0分0秒12毫秒
22:50:26 INFO  - 开始保存聊天消息数据
22:50:26 INFO  - 聊天消息数据保存完成，共处理条 0 数据。耗时：0时0分0秒17毫秒
22:51:26 INFO  - 开始保存聊天消息数据
22:51:26 INFO  - 聊天消息数据保存完成，共处理条 0 数据。耗时：0时0分0秒25毫秒
22:52:26 INFO  - 开始保存聊天消息数据
22:52:26 INFO  - 聊天消息数据保存完成，共处理条 0 数据。耗时：0时0分0秒16毫秒
22:53:26 INFO  - 开始保存聊天消息数据
22:53:26 INFO  - 聊天消息数据保存完成，共处理条 0 数据。耗时：0时0分0秒16毫秒
22:54:26 INFO  - 开始保存聊天消息数据
22:54:26 INFO  - 聊天消息数据保存完成，共处理条 0 数据。耗时：0时0分0秒16毫秒
22:55:26 INFO  - 开始保存聊天消息数据
22:55:26 INFO  - 聊天消息数据保存完成，共处理条 0 数据。耗时：0时0分0秒16毫秒
22:56:26 INFO  - 开始保存聊天消息数据
22:56:26 INFO  - 聊天消息数据保存完成，共处理条 0 数据。耗时：0时0分0秒16毫秒
22:57:26 INFO  - 开始保存聊天消息数据
22:57:26 INFO  - 聊天消息数据保存完成，共处理条 0 数据。耗时：0时0分0秒16毫秒
22:58:26 INFO  - 开始保存聊天消息数据
22:58:26 INFO  - 聊天消息数据保存完成，共处理条 0 数据。耗时：0时0分0秒13毫秒
22:59:26 INFO  - 开始保存聊天消息数据
22:59:26 INFO  - 聊天消息数据保存完成，共处理条 0 数据。耗时：0时0分0秒21毫秒
23:00:26 INFO  - 开始保存聊天消息数据
23:00:26 INFO  - 聊天消息数据保存完成，共处理条 0 数据。耗时：0时0分0秒17毫秒
23:01:26 INFO  - 开始保存聊天消息数据
23:01:26 INFO  - 聊天消息数据保存完成，共处理条 0 数据。耗时：0时0分0秒17毫秒
23:02:26 INFO  - 开始保存聊天消息数据
23:02:26 INFO  - 聊天消息数据保存完成，共处理条 0 数据。耗时：0时0分0秒13毫秒
23:03:26 INFO  - 开始保存聊天消息数据
23:03:26 INFO  - 聊天消息数据保存完成，共处理条 0 数据。耗时：0时0分0秒12毫秒
23:04:26 INFO  - 开始保存聊天消息数据
23:04:26 INFO  - 聊天消息数据保存完成，共处理条 0 数据。耗时：0时0分0秒17毫秒
23:05:26 INFO  - 开始保存聊天消息数据
23:05:26 INFO  - 聊天消息数据保存完成，共处理条 0 数据。耗时：0时0分0秒16毫秒
23:06:26 INFO  - 开始保存聊天消息数据
23:06:26 INFO  - 聊天消息数据保存完成，共处理条 0 数据。耗时：0时0分0秒16毫秒
23:07:26 INFO  - 开始保存聊天消息数据
23:07:26 INFO  - 聊天消息数据保存完成，共处理条 0 数据。耗时：0时0分0秒19毫秒
23:08:26 INFO  - 开始保存聊天消息数据
23:08:26 INFO  - 聊天消息数据保存完成，共处理条 0 数据。耗时：0时0分0秒11毫秒
23:09:26 INFO  - 开始保存聊天消息数据
23:09:26 INFO  - 聊天消息数据保存完成，共处理条 0 数据。耗时：0时0分0秒17毫秒
23:10:26 INFO  - 开始保存聊天消息数据
23:10:26 INFO  - 聊天消息数据保存完成，共处理条 0 数据。耗时：0时0分0秒12毫秒
23:11:26 INFO  - 开始保存聊天消息数据
23:11:26 INFO  - 聊天消息数据保存完成，共处理条 0 数据。耗时：0时0分0秒16毫秒
23:12:26 INFO  - 开始保存聊天消息数据
23:12:26 INFO  - 聊天消息数据保存完成，共处理条 0 数据。耗时：0时0分0秒15毫秒
23:13:26 INFO  - 开始保存聊天消息数据
23:13:26 INFO  - 聊天消息数据保存完成，共处理条 0 数据。耗时：0时0分0秒17毫秒
23:14:26 INFO  - 开始保存聊天消息数据
23:14:26 INFO  - 聊天消息数据保存完成，共处理条 0 数据。耗时：0时0分0秒19毫秒
23:15:26 INFO  - 开始保存聊天消息数据
23:15:26 INFO  - 聊天消息数据保存完成，共处理条 0 数据。耗时：0时0分0秒21毫秒
23:16:26 INFO  - 开始保存聊天消息数据
23:16:26 INFO  - 聊天消息数据保存完成，共处理条 0 数据。耗时：0时0分0秒16毫秒
23:17:26 INFO  - 开始保存聊天消息数据
23:17:26 INFO  - 聊天消息数据保存完成，共处理条 0 数据。耗时：0时0分0秒19毫秒
23:18:26 INFO  - 开始保存聊天消息数据
23:18:26 INFO  - 聊天消息数据保存完成，共处理条 0 数据。耗时：0时0分0秒14毫秒
23:19:26 INFO  - 开始保存聊天消息数据
23:19:26 INFO  - 聊天消息数据保存完成，共处理条 0 数据。耗时：0时0分0秒25毫秒
23:20:26 INFO  - 开始保存聊天消息数据
23:20:26 INFO  - 聊天消息数据保存完成，共处理条 0 数据。耗时：0时0分0秒20毫秒
23:21:26 INFO  - 开始保存聊天消息数据
23:21:26 INFO  - 聊天消息数据保存完成，共处理条 0 数据。耗时：0时0分0秒20毫秒
23:22:26 INFO  - 开始保存聊天消息数据
23:22:26 INFO  - 聊天消息数据保存完成，共处理条 0 数据。耗时：0时0分0秒22毫秒
23:23:26 INFO  - 开始保存聊天消息数据
23:23:26 INFO  - 聊天消息数据保存完成，共处理条 0 数据。耗时：0时0分0秒17毫秒
23:24:26 INFO  - 开始保存聊天消息数据
23:24:26 INFO  - 聊天消息数据保存完成，共处理条 0 数据。耗时：0时0分0秒24毫秒
23:25:26 INFO  - 开始保存聊天消息数据
23:25:26 INFO  - 聊天消息数据保存完成，共处理条 0 数据。耗时：0时0分0秒16毫秒
23:26:26 INFO  - 开始保存聊天消息数据
23:26:26 INFO  - 聊天消息数据保存完成，共处理条 0 数据。耗时：0时0分0秒17毫秒
23:27:26 INFO  - 开始保存聊天消息数据
23:27:26 INFO  - 聊天消息数据保存完成，共处理条 0 数据。耗时：0时0分0秒16毫秒
23:28:26 INFO  - 开始保存聊天消息数据
23:28:26 INFO  - 聊天消息数据保存完成，共处理条 0 数据。耗时：0时0分0秒17毫秒
23:29:26 INFO  - 开始保存聊天消息数据
23:29:26 INFO  - 聊天消息数据保存完成，共处理条 0 数据。耗时：0时0分0秒20毫秒
23:30:26 INFO  - 开始保存聊天消息数据
23:30:26 INFO  - 聊天消息数据保存完成，共处理条 0 数据。耗时：0时0分0秒16毫秒
23:31:26 INFO  - 开始保存聊天消息数据
23:31:26 INFO  - 聊天消息数据保存完成，共处理条 0 数据。耗时：0时0分0秒22毫秒
23:32:26 INFO  - 开始保存聊天消息数据
23:32:26 INFO  - 聊天消息数据保存完成，共处理条 0 数据。耗时：0时0分0秒17毫秒
23:33:26 INFO  - 开始保存聊天消息数据
23:33:26 INFO  - 聊天消息数据保存完成，共处理条 0 数据。耗时：0时0分0秒16毫秒
23:34:26 INFO  - 开始保存聊天消息数据
23:34:26 INFO  - 聊天消息数据保存完成，共处理条 0 数据。耗时：0时0分0秒18毫秒
23:35:26 INFO  - 开始保存聊天消息数据
23:35:26 INFO  - 聊天消息数据保存完成，共处理条 0 数据。耗时：0时0分0秒17毫秒
23:36:26 INFO  - 开始保存聊天消息数据
23:36:26 INFO  - 聊天消息数据保存完成，共处理条 0 数据。耗时：0时0分0秒21毫秒
23:37:26 INFO  - 开始保存聊天消息数据
23:37:26 INFO  - 聊天消息数据保存完成，共处理条 0 数据。耗时：0时0分0秒20毫秒
23:38:26 INFO  - 开始保存聊天消息数据
23:38:26 INFO  - 聊天消息数据保存完成，共处理条 0 数据。耗时：0时0分0秒21毫秒
23:39:26 INFO  - 开始保存聊天消息数据
23:39:26 INFO  - 聊天消息数据保存完成，共处理条 0 数据。耗时：0时0分0秒16毫秒
23:40:26 INFO  - 开始保存聊天消息数据
23:40:26 INFO  - 聊天消息数据保存完成，共处理条 0 数据。耗时：0时0分0秒19毫秒
23:41:26 INFO  - 开始保存聊天消息数据
23:41:26 INFO  - 聊天消息数据保存完成，共处理条 0 数据。耗时：0时0分0秒17毫秒
23:42:26 INFO  - 开始保存聊天消息数据
23:42:26 INFO  - 聊天消息数据保存完成，共处理条 0 数据。耗时：0时0分0秒17毫秒
23:43:26 INFO  - 开始保存聊天消息数据
23:43:26 INFO  - 聊天消息数据保存完成，共处理条 0 数据。耗时：0时0分0秒22毫秒
23:44:26 INFO  - 开始保存聊天消息数据
23:44:26 INFO  - 聊天消息数据保存完成，共处理条 0 数据。耗时：0时0分0秒16毫秒
23:45:26 INFO  - 开始保存聊天消息数据
23:45:26 INFO  - 聊天消息数据保存完成，共处理条 0 数据。耗时：0时0分0秒18毫秒
23:46:26 INFO  - 开始保存聊天消息数据
23:46:26 INFO  - 聊天消息数据保存完成，共处理条 0 数据。耗时：0时0分0秒17毫秒
23:47:26 INFO  - 开始保存聊天消息数据
23:47:26 INFO  - 聊天消息数据保存完成，共处理条 0 数据。耗时：0时0分0秒23毫秒
23:48:26 INFO  - 开始保存聊天消息数据
23:48:26 INFO  - 聊天消息数据保存完成，共处理条 0 数据。耗时：0时0分0秒16毫秒
23:49:26 INFO  - 开始保存聊天消息数据
23:49:26 INFO  - 聊天消息数据保存完成，共处理条 0 数据。耗时：0时0分0秒19毫秒
23:50:26 INFO  - 开始保存聊天消息数据
23:50:26 INFO  - 聊天消息数据保存完成，共处理条 0 数据。耗时：0时0分0秒16毫秒
23:51:26 INFO  - 开始保存聊天消息数据
23:51:26 INFO  - 聊天消息数据保存完成，共处理条 0 数据。耗时：0时0分0秒16毫秒
23:52:26 INFO  - 开始保存聊天消息数据
23:52:26 INFO  - 聊天消息数据保存完成，共处理条 0 数据。耗时：0时0分0秒16毫秒
23:53:26 INFO  - 开始保存聊天消息数据
23:53:26 INFO  - 聊天消息数据保存完成，共处理条 0 数据。耗时：0时0分0秒17毫秒
23:54:26 INFO  - 开始保存聊天消息数据
23:54:26 INFO  - 聊天消息数据保存完成，共处理条 0 数据。耗时：0时0分0秒17毫秒
23:55:26 INFO  - 开始保存聊天消息数据
23:55:26 INFO  - 聊天消息数据保存完成，共处理条 0 数据。耗时：0时0分0秒15毫秒
23:56:26 INFO  - 开始保存聊天消息数据
23:56:26 INFO  - 聊天消息数据保存完成，共处理条 0 数据。耗时：0时0分0秒20毫秒
23:57:26 INFO  - 开始保存聊天消息数据
23:57:26 INFO  - 聊天消息数据保存完成，共处理条 0 数据。耗时：0时0分0秒16毫秒
23:58:26 INFO  - 开始保存聊天消息数据
23:58:26 INFO  - 聊天消息数据保存完成，共处理条 0 数据。耗时：0时0分0秒17毫秒
23:59:26 INFO  - 开始保存聊天消息数据
23:59:26 INFO  - 聊天消息数据保存完成，共处理条 0 数据。耗时：0时0分0秒24毫秒
