09:54:31 INFO  - 开始保存聊天消息数据
09:54:31 INFO  - admin 成功登录Openfire
09:54:32 INFO  - 聊天消息数据保存完成，共处理条 0 数据。耗时：0时0分1秒546毫秒
09:54:33 INFO  - 问答分配悬赏金完成，共处理条 6 数据。耗时：2秒
09:55:25 INFO  - admin 成功登录Openfire
09:55:25 INFO  - Executed action GD.API.Controllers.Utility.AccountController.Login (API) in 523ms
09:55:25 INFO  - Executed action GD.API.Controllers.Utility.UtilityController.GetUserInfo (API) in 97ms
09:55:26 INFO  - Executed action GD.API.Controllers.Doctor.DoctorController.GetDoctorNameAndNameAsync (API) in 155ms
09:55:26 INFO  - Executed action GD.API.Controllers.Doctor.DoctorController.CheckIsDoctorUserAsync (API) in 53ms
09:55:26 INFO  - Executed action GD.API.Controllers.Doctor.DoctorController.GetDoctorCertificateDetailAsync (API) in 47ms
09:55:26 INFO  - Executed action GD.API.Controllers.Utility.UserController.GetUsersInfoAsync (API) in 47ms
09:55:31 INFO  - 开始保存聊天消息数据
09:55:31 INFO  - 聊天消息数据保存完成，共处理条 0 数据。耗时：0时0分0秒6毫秒
09:55:31 INFO  - Executed action GD.API.Controllers.Doctor.HospitalManagerController.GetOfficeSelectListWithDoctorOfHospitalAsync (API) in 49ms
09:55:31 INFO  - Executed action GD.API.Controllers.Doctor.HospitalManagerController.GetAppointmentPageListTodayAsync (API) in 106ms
09:56:31 INFO  - 开始保存聊天消息数据
09:56:31 INFO  - 聊天消息数据保存完成，共处理条 0 数据。耗时：0时0分0秒22毫秒
09:57:31 INFO  - 开始保存聊天消息数据
09:57:31 INFO  - 聊天消息数据保存完成，共处理条 0 数据。耗时：0时0分0秒19毫秒
09:58:31 INFO  - 开始保存聊天消息数据
09:58:31 INFO  - 聊天消息数据保存完成，共处理条 0 数据。耗时：0时0分0秒11毫秒
09:59:31 INFO  - 开始保存聊天消息数据
09:59:31 INFO  - 聊天消息数据保存完成，共处理条 0 数据。耗时：0时0分0秒9毫秒
10:00:31 INFO  - 开始保存聊天消息数据
10:00:31 INFO  - 聊天消息数据保存完成，共处理条 0 数据。耗时：0时0分0秒10毫秒
10:01:31 INFO  - 开始保存聊天消息数据
10:01:31 INFO  - 聊天消息数据保存完成，共处理条 0 数据。耗时：0时0分0秒11毫秒
10:02:31 INFO  - 开始保存聊天消息数据
10:02:31 INFO  - 聊天消息数据保存完成，共处理条 0 数据。耗时：0时0分0秒10毫秒
10:03:31 INFO  - 开始保存聊天消息数据
10:03:31 INFO  - 聊天消息数据保存完成，共处理条 0 数据。耗时：0时0分0秒16毫秒
10:04:31 INFO  - 开始保存聊天消息数据
10:04:31 INFO  - 聊天消息数据保存完成，共处理条 0 数据。耗时：0时0分0秒10毫秒
10:05:31 INFO  - 开始保存聊天消息数据
10:05:31 INFO  - 聊天消息数据保存完成，共处理条 0 数据。耗时：0时0分0秒12毫秒
10:06:31 INFO  - 开始保存聊天消息数据
10:06:31 INFO  - 聊天消息数据保存完成，共处理条 0 数据。耗时：0时0分0秒21毫秒
10:07:31 INFO  - 开始保存聊天消息数据
10:07:31 INFO  - 聊天消息数据保存完成，共处理条 0 数据。耗时：0时0分0秒29毫秒
10:08:31 INFO  - 开始保存聊天消息数据
10:08:31 INFO  - 聊天消息数据保存完成，共处理条 0 数据。耗时：0时0分0秒11毫秒
10:09:31 INFO  - 开始保存聊天消息数据
10:09:31 INFO  - 聊天消息数据保存完成，共处理条 0 数据。耗时：0时0分0秒10毫秒
10:10:31 INFO  - 开始保存聊天消息数据
10:10:31 INFO  - 聊天消息数据保存完成，共处理条 0 数据。耗时：0时0分0秒12毫秒
10:11:31 INFO  - 开始保存聊天消息数据
10:11:31 INFO  - 聊天消息数据保存完成，共处理条 0 数据。耗时：0时0分0秒12毫秒
10:12:31 INFO  - 开始保存聊天消息数据
10:12:31 INFO  - 聊天消息数据保存完成，共处理条 0 数据。耗时：0时0分0秒10毫秒
10:13:31 INFO  - 开始保存聊天消息数据
10:13:31 INFO  - 聊天消息数据保存完成，共处理条 0 数据。耗时：0时0分0秒14毫秒
10:14:31 INFO  - 开始保存聊天消息数据
10:14:31 INFO  - 聊天消息数据保存完成，共处理条 0 数据。耗时：0时0分0秒12毫秒
10:15:31 INFO  - 开始保存聊天消息数据
10:15:31 INFO  - 聊天消息数据保存完成，共处理条 0 数据。耗时：0时0分0秒20毫秒
10:16:31 INFO  - 开始保存聊天消息数据
10:16:31 INFO  - 聊天消息数据保存完成，共处理条 0 数据。耗时：0时0分0秒10毫秒
10:17:31 INFO  - 开始保存聊天消息数据
10:17:31 INFO  - 聊天消息数据保存完成，共处理条 0 数据。耗时：0时0分0秒10毫秒
10:18:31 INFO  - 开始保存聊天消息数据
10:18:31 INFO  - 聊天消息数据保存完成，共处理条 0 数据。耗时：0时0分0秒10毫秒
10:19:31 INFO  - 开始保存聊天消息数据
10:19:31 INFO  - 聊天消息数据保存完成，共处理条 0 数据。耗时：0时0分0秒10毫秒
10:20:31 INFO  - 开始保存聊天消息数据
10:20:31 INFO  - 聊天消息数据保存完成，共处理条 0 数据。耗时：0时0分0秒10毫秒
10:21:31 INFO  - 开始保存聊天消息数据
10:21:31 INFO  - 聊天消息数据保存完成，共处理条 0 数据。耗时：0时0分0秒10毫秒
10:22:31 INFO  - 开始保存聊天消息数据
10:22:31 INFO  - 聊天消息数据保存完成，共处理条 0 数据。耗时：0时0分0秒10毫秒
10:23:31 INFO  - 开始保存聊天消息数据
10:23:31 INFO  - 聊天消息数据保存完成，共处理条 0 数据。耗时：0时0分0秒11毫秒
10:24:31 INFO  - 开始保存聊天消息数据
10:24:31 INFO  - 聊天消息数据保存完成，共处理条 0 数据。耗时：0时0分0秒16毫秒
10:25:31 INFO  - 开始保存聊天消息数据
10:25:31 INFO  - 聊天消息数据保存完成，共处理条 0 数据。耗时：0时0分0秒12毫秒
10:26:31 INFO  - 开始保存聊天消息数据
10:26:31 INFO  - 聊天消息数据保存完成，共处理条 0 数据。耗时：0时0分0秒11毫秒
10:27:31 INFO  - 开始保存聊天消息数据
10:27:31 INFO  - 聊天消息数据保存完成，共处理条 0 数据。耗时：0时0分0秒31毫秒
10:28:31 INFO  - 开始保存聊天消息数据
10:28:31 INFO  - 聊天消息数据保存完成，共处理条 0 数据。耗时：0时0分0秒11毫秒
10:29:31 INFO  - 开始保存聊天消息数据
10:29:31 INFO  - 聊天消息数据保存完成，共处理条 0 数据。耗时：0时0分0秒18毫秒
10:30:31 INFO  - 开始保存聊天消息数据
10:30:31 INFO  - 聊天消息数据保存完成，共处理条 0 数据。耗时：0时0分0秒14毫秒
10:31:31 INFO  - 开始保存聊天消息数据
10:31:31 INFO  - 聊天消息数据保存完成，共处理条 0 数据。耗时：0时0分0秒14毫秒
10:32:31 INFO  - 开始保存聊天消息数据
10:32:31 INFO  - 聊天消息数据保存完成，共处理条 0 数据。耗时：0时0分0秒11毫秒
10:33:31 INFO  - 开始保存聊天消息数据
10:33:31 INFO  - 聊天消息数据保存完成，共处理条 0 数据。耗时：0时0分0秒28毫秒
10:34:31 INFO  - 开始保存聊天消息数据
10:34:31 INFO  - 聊天消息数据保存完成，共处理条 0 数据。耗时：0时0分0秒25毫秒
10:35:31 INFO  - 开始保存聊天消息数据
10:35:31 INFO  - 聊天消息数据保存完成，共处理条 0 数据。耗时：0时0分0秒14毫秒
10:36:31 INFO  - 开始保存聊天消息数据
10:36:31 INFO  - 聊天消息数据保存完成，共处理条 0 数据。耗时：0时0分0秒11毫秒
10:37:31 INFO  - 开始保存聊天消息数据
10:37:31 INFO  - 聊天消息数据保存完成，共处理条 0 数据。耗时：0时0分0秒24毫秒
10:38:31 INFO  - 开始保存聊天消息数据
10:38:31 INFO  - 聊天消息数据保存完成，共处理条 0 数据。耗时：0时0分0秒10毫秒
10:39:31 INFO  - 开始保存聊天消息数据
10:39:31 INFO  - 聊天消息数据保存完成，共处理条 0 数据。耗时：0时0分0秒16毫秒
10:40:31 INFO  - 开始保存聊天消息数据
10:40:31 INFO  - 聊天消息数据保存完成，共处理条 0 数据。耗时：0时0分0秒10毫秒
10:41:31 INFO  - 开始保存聊天消息数据
10:41:31 INFO  - 聊天消息数据保存完成，共处理条 0 数据。耗时：0时0分0秒10毫秒
10:41:36 INFO  - Executed action GD.API.Controllers.Doctor.HospitalManagerController.GetOfficeSelectListWithDoctorOfHospitalAsync (API) in 102ms
10:41:36 INFO  - Executed action GD.API.Controllers.Doctor.HospitalManagerController.GetAppointmentPageListTodayAsync (API) in 115ms
10:41:36 INFO  - Executed action GD.API.Controllers.Doctor.DoctorController.GetDoctorCertificateDetailAsync (API) in 126ms
10:42:09 INFO  - Executed action GD.API.Controllers.Doctor.HospitalManagerController.GetOfficeSelectListWithDoctorOfHospitalAsync (API) in 29ms
10:42:10 INFO  - Executed action GD.API.Controllers.Doctor.HospitalManagerController.GetAppointmentPageListTodayAsync (API) in 65ms
10:42:15 INFO  - Executed action GD.API.Controllers.Doctor.HospitalManagerController.GetAppointmentPageListTodayAsync (API) in 60ms
10:42:17 INFO  - Executed action GD.API.Controllers.Doctor.HospitalManagerController.GetAppointmentPageListTodayAsync (API) in 53ms
10:42:17 INFO  - Executed action GD.API.Controllers.Doctor.HospitalManagerController.GetAppointmentPageListTodayAsync (API) in 64ms
10:42:18 INFO  - Executed action GD.API.Controllers.Doctor.HospitalManagerController.GetAppointmentPageListTodayAsync (API) in 64ms
10:42:19 INFO  - Executed action GD.API.Controllers.Doctor.HospitalManagerController.GetAppointmentPageListTodayAsync (API) in 58ms
10:42:19 INFO  - Executed action GD.API.Controllers.Doctor.HospitalManagerController.GetAppointmentPageListTodayAsync (API) in 64ms
10:42:20 INFO  - Executed action GD.API.Controllers.Doctor.HospitalManagerController.GetAppointmentPageListTodayAsync (API) in 60ms
10:42:22 INFO  - Executed action GD.API.Controllers.Doctor.HospitalManagerController.GetAppointmentPageListTodayAsync (API) in 55ms
10:42:23 INFO  - Executed action GD.API.Controllers.Doctor.HospitalManagerController.GetAppointmentPageListTodayAsync (API) in 102ms
10:42:25 INFO  - Executed action GD.API.Controllers.Doctor.HospitalManagerController.GetAppointmentPageListTodayAsync (API) in 59ms
10:42:26 INFO  - Executed action GD.API.Controllers.Doctor.HospitalManagerController.GetAppointmentPageListTodayAsync (API) in 55ms
10:42:27 INFO  - Executed action GD.API.Controllers.Doctor.HospitalManagerController.GetAppointmentPageListTodayAsync (API) in 65ms
10:42:31 INFO  - 开始保存聊天消息数据
10:42:31 INFO  - 聊天消息数据保存完成，共处理条 0 数据。耗时：0时0分0秒5毫秒
10:42:47 INFO  - Executed action GD.API.Controllers.Utility.UserController.GetUsersInfoAsync (API) in 20ms
10:42:49 INFO  - Executed action GD.API.Controllers.Doctor.HospitalManagerController.GetOfficeSelectListWithDoctorOfHospitalAsync (API) in 27ms
10:42:49 INFO  - Executed action GD.API.Controllers.Doctor.HospitalManagerController.GetAppointmentPageListTodayAsync (API) in 61ms
10:42:50 INFO  - Executed action GD.API.Controllers.Doctor.DoctorController.GetDoctorFansListAsync (API) in 33ms
10:42:50 INFO  - Executed action GD.API.Controllers.Consumer.CollectionController.GetTheUserListOfCollectionTargetAsync (API) in 40ms
10:42:52 INFO  - Executed action GD.API.Controllers.Utility.ArticleController.GetArticleListAsync (API) in 84ms
10:42:53 INFO  - Executed action GD.API.Controllers.Doctor.HospitalManagerController.GetOfficeSelectListWithDoctorOfHospitalAsync (API) in 30ms
10:42:53 INFO  - Executed action GD.API.Controllers.Doctor.HospitalManagerController.GetAppointmentPageListAsync (API) in 62ms
10:42:59 INFO  - Executed action GD.API.Controllers.Doctor.DoctorController.GetDoctorFansListAsync (API) in 27ms
10:42:59 INFO  - Executed action GD.API.Controllers.Consumer.CollectionController.GetTheUserListOfCollectionTargetAsync (API) in 23ms
10:43:31 INFO  - 开始保存聊天消息数据
10:43:31 INFO  - 聊天消息数据保存完成，共处理条 0 数据。耗时：0时0分0秒11毫秒
10:44:31 INFO  - 开始保存聊天消息数据
10:44:31 INFO  - 聊天消息数据保存完成，共处理条 0 数据。耗时：0时0分0秒11毫秒
10:45:31 INFO  - 开始保存聊天消息数据
10:45:31 INFO  - 聊天消息数据保存完成，共处理条 0 数据。耗时：0时0分0秒10毫秒
10:46:31 INFO  - 开始保存聊天消息数据
10:46:31 INFO  - 聊天消息数据保存完成，共处理条 0 数据。耗时：0时0分0秒10毫秒
10:47:31 INFO  - 开始保存聊天消息数据
10:47:31 INFO  - 聊天消息数据保存完成，共处理条 0 数据。耗时：0时0分0秒10毫秒
10:48:31 INFO  - 开始保存聊天消息数据
10:48:31 INFO  - 聊天消息数据保存完成，共处理条 0 数据。耗时：0时0分0秒16毫秒
10:49:31 INFO  - 开始保存聊天消息数据
10:49:31 INFO  - 聊天消息数据保存完成，共处理条 0 数据。耗时：0时0分0秒11毫秒
10:50:31 INFO  - 开始保存聊天消息数据
10:50:31 INFO  - 聊天消息数据保存完成，共处理条 0 数据。耗时：0时0分0秒12毫秒
10:51:31 INFO  - 开始保存聊天消息数据
10:51:31 INFO  - 聊天消息数据保存完成，共处理条 0 数据。耗时：0时0分0秒20毫秒
10:52:31 INFO  - 开始保存聊天消息数据
10:52:31 INFO  - 聊天消息数据保存完成，共处理条 0 数据。耗时：0时0分0秒15毫秒
10:53:24 INFO  - Executed action GD.API.Controllers.Doctor.HospitalManagerController.GetOfficeSelectListWithDoctorOfHospitalAsync (API) in 135ms
10:53:24 INFO  - Executed action GD.API.Controllers.Doctor.HospitalManagerController.GetAppointmentPageListTodayAsync (API) in 181ms
10:53:31 INFO  - 开始保存聊天消息数据
10:53:31 INFO  - 聊天消息数据保存完成，共处理条 0 数据。耗时：0时0分0秒13毫秒
10:53:32 INFO  - Executed action GD.API.Controllers.Doctor.DoctorController.GetDoctorCertificateDetailAsync (API) in 32ms
10:53:32 INFO  - Executed action GD.API.Controllers.Doctor.HospitalManagerController.GetOfficeSelectListWithDoctorOfHospitalAsync (API) in 30ms
10:53:32 INFO  - Executed action GD.API.Controllers.Doctor.HospitalManagerController.GetAppointmentPageListTodayAsync (API) in 65ms
10:53:39 INFO  - Executed action GD.API.Controllers.Doctor.HospitalManagerController.GetAppointmentPageListTodayAsync (API) in 65ms
10:53:40 INFO  - Executed action GD.API.Controllers.Doctor.HospitalManagerController.GetAppointmentPageListTodayAsync (API) in 101ms
10:53:41 INFO  - Executed action GD.API.Controllers.Doctor.HospitalManagerController.GetAppointmentPageListTodayAsync (API) in 66ms
10:53:42 INFO  - Executed action GD.API.Controllers.Doctor.HospitalManagerController.GetAppointmentPageListTodayAsync (API) in 65ms
10:54:31 INFO  - 开始保存聊天消息数据
10:54:31 INFO  - 聊天消息数据保存完成，共处理条 0 数据。耗时：0时0分0秒10毫秒
10:55:31 INFO  - 开始保存聊天消息数据
10:55:31 INFO  - 聊天消息数据保存完成，共处理条 0 数据。耗时：0时0分0秒11毫秒
10:55:52 INFO  - Executed action GD.API.Controllers.Doctor.HospitalManagerController.GetAppointmentPageListTodayAsync (API) in 66ms
10:55:53 INFO  - Executed action GD.API.Controllers.Doctor.HospitalManagerController.GetAppointmentPageListTodayAsync (API) in 72ms
10:55:54 INFO  - Executed action GD.API.Controllers.Doctor.HospitalManagerController.GetAppointmentPageListTodayAsync (API) in 65ms
10:55:55 INFO  - Executed action GD.API.Controllers.Doctor.HospitalManagerController.GetAppointmentPageListTodayAsync (API) in 65ms
10:56:31 INFO  - 开始保存聊天消息数据
10:56:31 INFO  - 聊天消息数据保存完成，共处理条 0 数据。耗时：0时0分0秒11毫秒
10:57:31 INFO  - 开始保存聊天消息数据
10:57:31 INFO  - 聊天消息数据保存完成，共处理条 0 数据。耗时：0时0分0秒9毫秒
10:58:31 INFO  - 开始保存聊天消息数据
10:58:31 INFO  - 聊天消息数据保存完成，共处理条 0 数据。耗时：0时0分0秒11毫秒
10:59:31 INFO  - 开始保存聊天消息数据
10:59:31 INFO  - 聊天消息数据保存完成，共处理条 0 数据。耗时：0时0分0秒14毫秒
11:00:31 INFO  - 开始保存聊天消息数据
11:00:31 INFO  - 聊天消息数据保存完成，共处理条 0 数据。耗时：0时0分0秒17毫秒
11:01:31 INFO  - 开始保存聊天消息数据
11:01:31 INFO  - 聊天消息数据保存完成，共处理条 0 数据。耗时：0时0分0秒15毫秒
11:02:31 INFO  - 开始保存聊天消息数据
11:02:31 INFO  - 聊天消息数据保存完成，共处理条 0 数据。耗时：0时0分0秒11毫秒
11:03:31 INFO  - 开始保存聊天消息数据
11:03:31 INFO  - 聊天消息数据保存完成，共处理条 0 数据。耗时：0时0分0秒24毫秒
11:04:31 INFO  - 开始保存聊天消息数据
11:04:31 INFO  - 聊天消息数据保存完成，共处理条 0 数据。耗时：0时0分0秒10毫秒
11:05:31 INFO  - 开始保存聊天消息数据
11:05:31 INFO  - 聊天消息数据保存完成，共处理条 0 数据。耗时：0时0分0秒10毫秒
11:06:31 INFO  - 开始保存聊天消息数据
11:06:31 INFO  - 聊天消息数据保存完成，共处理条 0 数据。耗时：0时0分0秒10毫秒
11:07:31 INFO  - 开始保存聊天消息数据
11:07:31 INFO  - 聊天消息数据保存完成，共处理条 0 数据。耗时：0时0分0秒10毫秒
11:08:31 INFO  - 开始保存聊天消息数据
11:08:31 INFO  - 聊天消息数据保存完成，共处理条 0 数据。耗时：0时0分0秒13毫秒
11:09:31 INFO  - 开始保存聊天消息数据
11:09:31 INFO  - 聊天消息数据保存完成，共处理条 0 数据。耗时：0时0分0秒9毫秒
11:10:33 INFO  - admin 成功登录Openfire
11:10:33 INFO  - 开始保存聊天消息数据
11:10:34 INFO  - 聊天消息数据保存完成，共处理条 0 数据。耗时：0时0分0秒903毫秒
11:10:36 INFO  - 问答分配悬赏金完成，共处理条 6 数据。耗时：2秒
11:11:33 INFO  - 开始保存聊天消息数据
11:11:33 INFO  - 聊天消息数据保存完成，共处理条 0 数据。耗时：0时0分0秒8毫秒
11:12:33 INFO  - 开始保存聊天消息数据
11:12:33 INFO  - 聊天消息数据保存完成，共处理条 0 数据。耗时：0时0分0秒20毫秒
11:13:33 INFO  - 开始保存聊天消息数据
11:13:33 INFO  - 聊天消息数据保存完成，共处理条 0 数据。耗时：0时0分0秒13毫秒
11:14:33 INFO  - 开始保存聊天消息数据
11:14:33 INFO  - 聊天消息数据保存完成，共处理条 0 数据。耗时：0时0分0秒15毫秒
11:15:33 INFO  - 开始保存聊天消息数据
11:15:33 INFO  - 聊天消息数据保存完成，共处理条 0 数据。耗时：0时0分0秒12毫秒
11:16:33 INFO  - 开始保存聊天消息数据
11:16:33 INFO  - 聊天消息数据保存完成，共处理条 0 数据。耗时：0时0分0秒8毫秒
11:17:33 INFO  - 开始保存聊天消息数据
11:17:33 INFO  - 聊天消息数据保存完成，共处理条 0 数据。耗时：0时0分0秒12毫秒
11:18:33 INFO  - 开始保存聊天消息数据
11:18:33 INFO  - 聊天消息数据保存完成，共处理条 0 数据。耗时：0时0分0秒14毫秒
11:19:33 INFO  - 开始保存聊天消息数据
11:19:33 INFO  - 聊天消息数据保存完成，共处理条 0 数据。耗时：0时0分0秒12毫秒
11:20:33 INFO  - 开始保存聊天消息数据
11:20:33 INFO  - 聊天消息数据保存完成，共处理条 0 数据。耗时：0时0分0秒12毫秒
11:21:33 INFO  - 开始保存聊天消息数据
11:21:33 INFO  - 聊天消息数据保存完成，共处理条 0 数据。耗时：0时0分0秒14毫秒
11:22:33 INFO  - 开始保存聊天消息数据
11:22:33 INFO  - 聊天消息数据保存完成，共处理条 0 数据。耗时：0时0分0秒12毫秒
11:23:33 INFO  - 开始保存聊天消息数据
11:23:33 INFO  - 聊天消息数据保存完成，共处理条 0 数据。耗时：0时0分0秒12毫秒
11:24:33 INFO  - 开始保存聊天消息数据
11:24:33 INFO  - 聊天消息数据保存完成，共处理条 0 数据。耗时：0时0分0秒12毫秒
11:25:33 INFO  - 开始保存聊天消息数据
11:25:33 INFO  - 聊天消息数据保存完成，共处理条 0 数据。耗时：0时0分0秒12毫秒
11:26:33 INFO  - 开始保存聊天消息数据
11:26:33 INFO  - 聊天消息数据保存完成，共处理条 0 数据。耗时：0时0分0秒11毫秒
11:27:33 INFO  - 开始保存聊天消息数据
11:27:33 INFO  - 聊天消息数据保存完成，共处理条 0 数据。耗时：0时0分0秒13毫秒
11:27:54 INFO  - Executed action GD.API.Controllers.Doctor.DoctorController.GetDoctorCertificateDetailAsync (API) in 153ms
11:27:54 INFO  - Executed action GD.API.Controllers.Doctor.HospitalManagerController.GetOfficeSelectListWithDoctorOfHospitalAsync (API) in 126ms
11:27:54 INFO  - Executed action GD.API.Controllers.Doctor.HospitalManagerController.GetAppointmentPageListTodayAsync (API) in 160ms
11:28:10 INFO  - Executed action GD.API.Controllers.Doctor.HospitalManagerController.GetAppointmentPageListTodayAsync (API) in 61ms
11:28:12 INFO  - Executed action GD.API.Controllers.Doctor.HospitalManagerController.GetAppointmentPageListTodayAsync (API) in 71ms
11:28:12 INFO  - Executed action GD.API.Controllers.Doctor.HospitalManagerController.GetAppointmentPageListTodayAsync (API) in 66ms
11:28:15 INFO  - Executed action GD.API.Controllers.Utility.UserController.GetUsersInfoAsync (API) in 51ms
11:28:16 INFO  - Executed action GD.API.Controllers.Doctor.HospitalManagerController.GetOfficeSelectListWithDoctorOfHospitalAsync (API) in 29ms
11:28:16 INFO  - Executed action GD.API.Controllers.Doctor.HospitalManagerController.GetAppointmentPageListTodayAsync (API) in 65ms
11:28:31 INFO  - Executed action GD.API.Controllers.Doctor.PrescriptionController.GetPrescriptionRecordPageListAsync (API) in 93ms
11:28:33 INFO  - 开始保存聊天消息数据
11:28:33 INFO  - 聊天消息数据保存完成，共处理条 0 数据。耗时：0时0分0秒36毫秒
11:28:33 INFO  - Executed action GD.API.Controllers.Utility.ArticleController.GetArticleListAsync (API) in 161ms
11:28:36 INFO  - Executed action GD.API.Controllers.Utility.UserController.GetUsersInfoAsync (API) in 31ms
11:28:38 INFO  - Executed action GD.API.Controllers.Doctor.HospitalManagerController.GetOfficeSelectListWithDoctorOfHospitalAsync (API) in 21ms
11:28:38 INFO  - Executed action GD.API.Controllers.Doctor.HospitalManagerController.GetAppointmentPageListTodayAsync (API) in 80ms
11:29:33 INFO  - 开始保存聊天消息数据
11:29:33 INFO  - 聊天消息数据保存完成，共处理条 0 数据。耗时：0时0分0秒15毫秒
11:30:33 INFO  - 开始保存聊天消息数据
11:30:33 INFO  - 聊天消息数据保存完成，共处理条 0 数据。耗时：0时0分0秒13毫秒
11:31:33 INFO  - 开始保存聊天消息数据
11:31:33 INFO  - 聊天消息数据保存完成，共处理条 0 数据。耗时：0时0分0秒14毫秒
11:32:33 INFO  - 开始保存聊天消息数据
11:32:33 INFO  - 聊天消息数据保存完成，共处理条 0 数据。耗时：0时0分0秒14毫秒
11:33:33 INFO  - 开始保存聊天消息数据
11:33:33 INFO  - 聊天消息数据保存完成，共处理条 0 数据。耗时：0时0分0秒13毫秒
11:34:33 INFO  - 开始保存聊天消息数据
11:34:33 INFO  - 聊天消息数据保存完成，共处理条 0 数据。耗时：0时0分0秒9毫秒
11:34:54 INFO  - Executed action GD.API.Controllers.Doctor.HospitalManagerController.GetAppointmentPageListTodayAsync (API) in 150ms
11:34:55 INFO  - Executed action GD.API.Controllers.Doctor.HospitalManagerController.GetAppointmentPageListTodayAsync (API) in 76ms
11:34:55 INFO  - Executed action GD.API.Controllers.Doctor.HospitalManagerController.GetAppointmentPageListTodayAsync (API) in 75ms
11:34:56 INFO  - Executed action GD.API.Controllers.Doctor.HospitalManagerController.GetAppointmentPageListTodayAsync (API) in 74ms
11:34:57 INFO  - Executed action GD.API.Controllers.Doctor.HospitalManagerController.GetAppointmentPageListTodayAsync (API) in 72ms
11:34:57 INFO  - Executed action GD.API.Controllers.Doctor.HospitalManagerController.GetAppointmentPageListTodayAsync (API) in 71ms
11:35:33 INFO  - 开始保存聊天消息数据
11:35:33 INFO  - 聊天消息数据保存完成，共处理条 0 数据。耗时：0时0分0秒12毫秒
11:36:33 INFO  - 开始保存聊天消息数据
11:36:33 INFO  - 聊天消息数据保存完成，共处理条 0 数据。耗时：0时0分0秒23毫秒
11:37:33 INFO  - 开始保存聊天消息数据
11:37:33 INFO  - 聊天消息数据保存完成，共处理条 0 数据。耗时：0时0分0秒27毫秒
11:38:33 INFO  - 开始保存聊天消息数据
11:38:33 INFO  - 聊天消息数据保存完成，共处理条 0 数据。耗时：0时0分0秒14毫秒
11:39:33 INFO  - 开始保存聊天消息数据
11:39:33 INFO  - 聊天消息数据保存完成，共处理条 0 数据。耗时：0时0分0秒13毫秒
11:40:33 INFO  - 开始保存聊天消息数据
11:40:33 INFO  - 聊天消息数据保存完成，共处理条 0 数据。耗时：0时0分0秒13毫秒
11:41:33 INFO  - 开始保存聊天消息数据
11:41:33 INFO  - 聊天消息数据保存完成，共处理条 0 数据。耗时：0时0分0秒12毫秒
11:42:33 INFO  - 开始保存聊天消息数据
11:42:33 INFO  - 聊天消息数据保存完成，共处理条 0 数据。耗时：0时0分0秒13毫秒
11:43:33 INFO  - 开始保存聊天消息数据
11:43:33 INFO  - 聊天消息数据保存完成，共处理条 0 数据。耗时：0时0分0秒14毫秒
11:44:33 INFO  - 开始保存聊天消息数据
11:44:33 INFO  - 聊天消息数据保存完成，共处理条 0 数据。耗时：0时0分0秒15毫秒
11:45:33 INFO  - 开始保存聊天消息数据
11:45:33 INFO  - 聊天消息数据保存完成，共处理条 0 数据。耗时：0时0分0秒13毫秒
11:46:33 INFO  - 开始保存聊天消息数据
11:46:33 INFO  - 聊天消息数据保存完成，共处理条 0 数据。耗时：0时0分0秒12毫秒
11:47:33 INFO  - 开始保存聊天消息数据
11:47:33 INFO  - 聊天消息数据保存完成，共处理条 0 数据。耗时：0时0分0秒14毫秒
11:48:33 INFO  - 开始保存聊天消息数据
11:48:33 INFO  - 聊天消息数据保存完成，共处理条 0 数据。耗时：0时0分0秒15毫秒
11:49:33 INFO  - 开始保存聊天消息数据
11:49:33 INFO  - 聊天消息数据保存完成，共处理条 0 数据。耗时：0时0分0秒12毫秒
11:50:33 INFO  - 开始保存聊天消息数据
11:50:33 INFO  - 聊天消息数据保存完成，共处理条 0 数据。耗时：0时0分0秒13毫秒
11:51:33 INFO  - 开始保存聊天消息数据
11:51:33 INFO  - 聊天消息数据保存完成，共处理条 0 数据。耗时：0时0分0秒13毫秒
11:52:33 INFO  - 开始保存聊天消息数据
11:52:33 INFO  - 聊天消息数据保存完成，共处理条 0 数据。耗时：0时0分0秒12毫秒
11:53:33 INFO  - 开始保存聊天消息数据
11:53:33 INFO  - 聊天消息数据保存完成，共处理条 0 数据。耗时：0时0分0秒13毫秒
11:54:33 INFO  - 开始保存聊天消息数据
11:54:33 INFO  - 聊天消息数据保存完成，共处理条 0 数据。耗时：0时0分0秒11毫秒
11:55:33 INFO  - 开始保存聊天消息数据
11:55:33 INFO  - 聊天消息数据保存完成，共处理条 0 数据。耗时：0时0分0秒12毫秒
11:56:33 INFO  - 开始保存聊天消息数据
11:56:33 INFO  - 聊天消息数据保存完成，共处理条 0 数据。耗时：0时0分0秒15毫秒
11:57:33 INFO  - 开始保存聊天消息数据
11:57:33 INFO  - 聊天消息数据保存完成，共处理条 0 数据。耗时：0时0分0秒12毫秒
11:58:33 INFO  - 开始保存聊天消息数据
11:58:33 INFO  - 聊天消息数据保存完成，共处理条 0 数据。耗时：0时0分0秒13毫秒
11:59:33 INFO  - 开始保存聊天消息数据
11:59:33 INFO  - 聊天消息数据保存完成，共处理条 0 数据。耗时：0时0分0秒12毫秒
12:00:33 INFO  - 开始保存聊天消息数据
12:00:33 INFO  - 聊天消息数据保存完成，共处理条 0 数据。耗时：0时0分0秒18毫秒
12:01:33 INFO  - 开始保存聊天消息数据
12:01:33 INFO  - 聊天消息数据保存完成，共处理条 0 数据。耗时：0时0分0秒12毫秒
12:02:33 INFO  - 开始保存聊天消息数据
12:02:33 INFO  - 聊天消息数据保存完成，共处理条 0 数据。耗时：0时0分0秒12毫秒
12:03:33 INFO  - 开始保存聊天消息数据
12:03:33 INFO  - 聊天消息数据保存完成，共处理条 0 数据。耗时：0时0分0秒12毫秒
12:04:33 INFO  - 开始保存聊天消息数据
12:04:33 INFO  - 聊天消息数据保存完成，共处理条 0 数据。耗时：0时0分0秒11毫秒
12:05:33 INFO  - 开始保存聊天消息数据
12:05:33 INFO  - 聊天消息数据保存完成，共处理条 0 数据。耗时：0时0分0秒12毫秒
12:06:33 INFO  - 开始保存聊天消息数据
12:06:33 INFO  - 聊天消息数据保存完成，共处理条 0 数据。耗时：0时0分0秒11毫秒
12:07:33 INFO  - 开始保存聊天消息数据
12:07:33 INFO  - 聊天消息数据保存完成，共处理条 0 数据。耗时：0时0分0秒17毫秒
12:08:33 INFO  - 开始保存聊天消息数据
12:08:33 INFO  - 聊天消息数据保存完成，共处理条 0 数据。耗时：0时0分0秒13毫秒
12:09:33 INFO  - 开始保存聊天消息数据
12:09:33 INFO  - 聊天消息数据保存完成，共处理条 0 数据。耗时：0时0分0秒11毫秒
12:10:33 INFO  - 开始保存聊天消息数据
12:10:33 INFO  - 聊天消息数据保存完成，共处理条 0 数据。耗时：0时0分0秒15毫秒
12:11:33 INFO  - 开始保存聊天消息数据
12:11:33 INFO  - 聊天消息数据保存完成，共处理条 0 数据。耗时：0时0分0秒13毫秒
12:12:33 INFO  - 开始保存聊天消息数据
12:12:33 INFO  - 聊天消息数据保存完成，共处理条 0 数据。耗时：0时0分0秒13毫秒
12:13:33 INFO  - 开始保存聊天消息数据
12:13:33 INFO  - 聊天消息数据保存完成，共处理条 0 数据。耗时：0时0分0秒12毫秒
12:14:33 INFO  - 开始保存聊天消息数据
12:14:33 INFO  - 聊天消息数据保存完成，共处理条 0 数据。耗时：0时0分0秒12毫秒
12:15:33 INFO  - 开始保存聊天消息数据
12:15:33 INFO  - 聊天消息数据保存完成，共处理条 0 数据。耗时：0时0分0秒12毫秒
12:16:33 INFO  - 开始保存聊天消息数据
12:16:33 INFO  - 聊天消息数据保存完成，共处理条 0 数据。耗时：0时0分0秒12毫秒
12:17:33 INFO  - 开始保存聊天消息数据
12:17:33 INFO  - 聊天消息数据保存完成，共处理条 0 数据。耗时：0时0分0秒14毫秒
12:18:33 INFO  - 开始保存聊天消息数据
12:18:33 INFO  - 聊天消息数据保存完成，共处理条 0 数据。耗时：0时0分0秒17毫秒
12:19:33 INFO  - 开始保存聊天消息数据
12:19:33 INFO  - 聊天消息数据保存完成，共处理条 0 数据。耗时：0时0分0秒12毫秒
12:20:33 INFO  - 开始保存聊天消息数据
12:20:33 INFO  - 聊天消息数据保存完成，共处理条 0 数据。耗时：0时0分0秒13毫秒
12:21:33 INFO  - 开始保存聊天消息数据
12:21:33 INFO  - 聊天消息数据保存完成，共处理条 0 数据。耗时：0时0分0秒13毫秒
12:22:33 INFO  - 开始保存聊天消息数据
12:22:33 INFO  - 聊天消息数据保存完成，共处理条 0 数据。耗时：0时0分0秒13毫秒
12:23:33 INFO  - 开始保存聊天消息数据
12:23:33 INFO  - 聊天消息数据保存完成，共处理条 0 数据。耗时：0时0分0秒12毫秒
12:24:33 INFO  - 开始保存聊天消息数据
12:24:33 INFO  - 聊天消息数据保存完成，共处理条 0 数据。耗时：0时0分0秒13毫秒
12:25:33 INFO  - 开始保存聊天消息数据
12:25:33 INFO  - 聊天消息数据保存完成，共处理条 0 数据。耗时：0时0分0秒12毫秒
12:26:33 INFO  - 开始保存聊天消息数据
12:26:33 INFO  - 聊天消息数据保存完成，共处理条 0 数据。耗时：0时0分0秒22毫秒
12:27:33 INFO  - 开始保存聊天消息数据
12:27:33 INFO  - 聊天消息数据保存完成，共处理条 0 数据。耗时：0时0分0秒14毫秒
12:28:33 INFO  - 开始保存聊天消息数据
12:28:33 INFO  - 聊天消息数据保存完成，共处理条 0 数据。耗时：0时0分0秒14毫秒
12:29:33 INFO  - 开始保存聊天消息数据
12:29:33 INFO  - 聊天消息数据保存完成，共处理条 0 数据。耗时：0时0分0秒14毫秒
12:30:33 INFO  - 开始保存聊天消息数据
12:30:33 INFO  - 聊天消息数据保存完成，共处理条 0 数据。耗时：0时0分0秒15毫秒
12:31:33 INFO  - 开始保存聊天消息数据
12:31:33 INFO  - 聊天消息数据保存完成，共处理条 0 数据。耗时：0时0分0秒12毫秒
12:32:33 INFO  - 开始保存聊天消息数据
12:32:33 INFO  - 聊天消息数据保存完成，共处理条 0 数据。耗时：0时0分0秒12毫秒
12:33:33 INFO  - 开始保存聊天消息数据
12:33:33 INFO  - 聊天消息数据保存完成，共处理条 0 数据。耗时：0时0分0秒17毫秒
12:34:33 INFO  - 开始保存聊天消息数据
12:34:33 INFO  - 聊天消息数据保存完成，共处理条 0 数据。耗时：0时0分0秒13毫秒
12:35:33 INFO  - 开始保存聊天消息数据
12:35:33 INFO  - 聊天消息数据保存完成，共处理条 0 数据。耗时：0时0分0秒12毫秒
12:36:33 INFO  - 开始保存聊天消息数据
12:36:33 INFO  - 聊天消息数据保存完成，共处理条 0 数据。耗时：0时0分0秒13毫秒
12:37:33 INFO  - 开始保存聊天消息数据
12:37:33 INFO  - 聊天消息数据保存完成，共处理条 0 数据。耗时：0时0分0秒14毫秒
12:38:33 INFO  - 开始保存聊天消息数据
12:38:33 INFO  - 聊天消息数据保存完成，共处理条 0 数据。耗时：0时0分0秒12毫秒
12:39:33 INFO  - 开始保存聊天消息数据
12:39:33 INFO  - 聊天消息数据保存完成，共处理条 0 数据。耗时：0时0分0秒13毫秒
12:40:33 INFO  - 开始保存聊天消息数据
12:40:33 INFO  - 聊天消息数据保存完成，共处理条 0 数据。耗时：0时0分0秒12毫秒
12:41:33 INFO  - 开始保存聊天消息数据
12:41:33 INFO  - 聊天消息数据保存完成，共处理条 0 数据。耗时：0时0分0秒12毫秒
12:42:33 INFO  - 开始保存聊天消息数据
12:42:33 INFO  - 聊天消息数据保存完成，共处理条 0 数据。耗时：0时0分0秒12毫秒
12:43:33 INFO  - 开始保存聊天消息数据
12:43:33 INFO  - 聊天消息数据保存完成，共处理条 0 数据。耗时：0时0分0秒12毫秒
12:44:33 INFO  - 开始保存聊天消息数据
12:44:33 INFO  - 聊天消息数据保存完成，共处理条 0 数据。耗时：0时0分0秒20毫秒
12:45:33 INFO  - 开始保存聊天消息数据
12:45:33 INFO  - 聊天消息数据保存完成，共处理条 0 数据。耗时：0时0分0秒13毫秒
12:46:33 INFO  - 开始保存聊天消息数据
12:46:33 INFO  - 聊天消息数据保存完成，共处理条 0 数据。耗时：0时0分0秒13毫秒
12:47:33 INFO  - 开始保存聊天消息数据
12:47:33 INFO  - 聊天消息数据保存完成，共处理条 0 数据。耗时：0时0分0秒12毫秒
12:48:33 INFO  - 开始保存聊天消息数据
12:48:33 INFO  - 聊天消息数据保存完成，共处理条 0 数据。耗时：0时0分0秒13毫秒
12:49:33 INFO  - 开始保存聊天消息数据
12:49:33 INFO  - 聊天消息数据保存完成，共处理条 0 数据。耗时：0时0分0秒12毫秒
12:50:33 INFO  - 开始保存聊天消息数据
12:50:33 INFO  - 聊天消息数据保存完成，共处理条 0 数据。耗时：0时0分0秒12毫秒
12:51:33 INFO  - 开始保存聊天消息数据
12:51:33 INFO  - 聊天消息数据保存完成，共处理条 0 数据。耗时：0时0分0秒15毫秒
12:52:33 INFO  - 开始保存聊天消息数据
12:52:33 INFO  - 聊天消息数据保存完成，共处理条 0 数据。耗时：0时0分0秒12毫秒
12:53:33 INFO  - 开始保存聊天消息数据
12:53:33 INFO  - 聊天消息数据保存完成，共处理条 0 数据。耗时：0时0分0秒12毫秒
12:54:33 INFO  - 开始保存聊天消息数据
12:54:33 INFO  - 聊天消息数据保存完成，共处理条 0 数据。耗时：0时0分0秒22毫秒
12:55:33 INFO  - 开始保存聊天消息数据
12:55:33 INFO  - 聊天消息数据保存完成，共处理条 0 数据。耗时：0时0分0秒12毫秒
12:56:33 INFO  - 开始保存聊天消息数据
12:56:33 INFO  - 聊天消息数据保存完成，共处理条 0 数据。耗时：0时0分0秒17毫秒
12:57:33 INFO  - 开始保存聊天消息数据
12:57:33 INFO  - 聊天消息数据保存完成，共处理条 0 数据。耗时：0时0分0秒12毫秒
12:58:33 INFO  - 开始保存聊天消息数据
12:58:33 INFO  - 聊天消息数据保存完成，共处理条 0 数据。耗时：0时0分0秒13毫秒
12:59:33 INFO  - 开始保存聊天消息数据
12:59:33 INFO  - 聊天消息数据保存完成，共处理条 0 数据。耗时：0时0分0秒12毫秒
13:00:33 INFO  - 开始保存聊天消息数据
13:00:33 INFO  - 聊天消息数据保存完成，共处理条 0 数据。耗时：0时0分0秒12毫秒
13:01:33 INFO  - 开始保存聊天消息数据
13:01:33 INFO  - 聊天消息数据保存完成，共处理条 0 数据。耗时：0时0分0秒14毫秒
13:02:33 INFO  - 开始保存聊天消息数据
13:02:33 INFO  - 聊天消息数据保存完成，共处理条 0 数据。耗时：0时0分0秒14毫秒
13:03:33 INFO  - 开始保存聊天消息数据
13:03:33 INFO  - 聊天消息数据保存完成，共处理条 0 数据。耗时：0时0分0秒13毫秒
13:04:33 INFO  - 开始保存聊天消息数据
13:04:33 INFO  - 聊天消息数据保存完成，共处理条 0 数据。耗时：0时0分0秒12毫秒
13:05:33 INFO  - 开始保存聊天消息数据
13:05:33 INFO  - 聊天消息数据保存完成，共处理条 0 数据。耗时：0时0分0秒13毫秒
13:06:33 INFO  - 开始保存聊天消息数据
13:06:33 INFO  - 聊天消息数据保存完成，共处理条 0 数据。耗时：0时0分0秒12毫秒
13:07:33 INFO  - 开始保存聊天消息数据
13:07:33 INFO  - 聊天消息数据保存完成，共处理条 0 数据。耗时：0时0分0秒12毫秒
13:08:33 INFO  - 开始保存聊天消息数据
13:08:33 INFO  - 聊天消息数据保存完成，共处理条 0 数据。耗时：0时0分0秒13毫秒
13:09:33 INFO  - 开始保存聊天消息数据
13:09:33 INFO  - 聊天消息数据保存完成，共处理条 0 数据。耗时：0时0分0秒13毫秒
13:10:33 INFO  - 开始保存聊天消息数据
13:10:33 INFO  - 聊天消息数据保存完成，共处理条 0 数据。耗时：0时0分0秒16毫秒
13:11:33 INFO  - 开始保存聊天消息数据
13:11:33 INFO  - 聊天消息数据保存完成，共处理条 0 数据。耗时：0时0分0秒14毫秒
13:12:33 INFO  - 开始保存聊天消息数据
13:12:33 INFO  - 聊天消息数据保存完成，共处理条 0 数据。耗时：0时0分0秒13毫秒
13:13:33 INFO  - 开始保存聊天消息数据
13:13:33 INFO  - 聊天消息数据保存完成，共处理条 0 数据。耗时：0时0分0秒13毫秒
13:14:33 INFO  - 开始保存聊天消息数据
13:14:33 INFO  - 聊天消息数据保存完成，共处理条 0 数据。耗时：0时0分0秒12毫秒
13:15:33 INFO  - 开始保存聊天消息数据
13:15:33 INFO  - 聊天消息数据保存完成，共处理条 0 数据。耗时：0时0分0秒12毫秒
13:16:33 INFO  - 开始保存聊天消息数据
13:16:33 INFO  - 聊天消息数据保存完成，共处理条 0 数据。耗时：0时0分0秒13毫秒
13:17:33 INFO  - 开始保存聊天消息数据
13:17:33 INFO  - 聊天消息数据保存完成，共处理条 0 数据。耗时：0时0分0秒12毫秒
13:18:33 INFO  - 开始保存聊天消息数据
13:18:33 INFO  - 聊天消息数据保存完成，共处理条 0 数据。耗时：0时0分0秒20毫秒
13:19:33 INFO  - 开始保存聊天消息数据
13:19:33 INFO  - 聊天消息数据保存完成，共处理条 0 数据。耗时：0时0分0秒13毫秒
13:20:33 INFO  - 开始保存聊天消息数据
13:20:33 INFO  - 聊天消息数据保存完成，共处理条 0 数据。耗时：0时0分0秒13毫秒
13:21:33 INFO  - 开始保存聊天消息数据
13:21:33 INFO  - 聊天消息数据保存完成，共处理条 0 数据。耗时：0时0分0秒13毫秒
13:22:33 INFO  - 开始保存聊天消息数据
13:22:33 INFO  - 聊天消息数据保存完成，共处理条 0 数据。耗时：0时0分0秒13毫秒
13:23:33 INFO  - 开始保存聊天消息数据
13:23:33 INFO  - 聊天消息数据保存完成，共处理条 0 数据。耗时：0时0分0秒12毫秒
13:24:33 INFO  - 开始保存聊天消息数据
13:24:33 INFO  - 聊天消息数据保存完成，共处理条 0 数据。耗时：0时0分0秒13毫秒
13:25:33 INFO  - 开始保存聊天消息数据
13:25:33 INFO  - 聊天消息数据保存完成，共处理条 0 数据。耗时：0时0分0秒13毫秒
13:26:33 INFO  - 开始保存聊天消息数据
13:26:33 INFO  - 聊天消息数据保存完成，共处理条 0 数据。耗时：0时0分0秒15毫秒
13:27:33 INFO  - 开始保存聊天消息数据
13:27:33 INFO  - 聊天消息数据保存完成，共处理条 0 数据。耗时：0时0分0秒13毫秒
13:28:33 INFO  - 开始保存聊天消息数据
13:28:33 INFO  - 聊天消息数据保存完成，共处理条 0 数据。耗时：0时0分0秒12毫秒
13:29:33 INFO  - 开始保存聊天消息数据
13:29:33 INFO  - 聊天消息数据保存完成，共处理条 0 数据。耗时：0时0分0秒12毫秒
13:30:33 INFO  - 开始保存聊天消息数据
13:30:33 INFO  - 聊天消息数据保存完成，共处理条 0 数据。耗时：0时0分0秒12毫秒
13:31:33 INFO  - 开始保存聊天消息数据
13:31:33 INFO  - 聊天消息数据保存完成，共处理条 0 数据。耗时：0时0分0秒21毫秒
13:32:33 INFO  - 开始保存聊天消息数据
13:32:33 INFO  - 聊天消息数据保存完成，共处理条 0 数据。耗时：0时0分0秒14毫秒
13:33:33 INFO  - 开始保存聊天消息数据
13:33:33 INFO  - 聊天消息数据保存完成，共处理条 0 数据。耗时：0时0分0秒26毫秒
13:34:33 INFO  - 开始保存聊天消息数据
13:34:33 INFO  - 聊天消息数据保存完成，共处理条 0 数据。耗时：0时0分0秒20毫秒
13:35:33 INFO  - 开始保存聊天消息数据
13:35:33 INFO  - 聊天消息数据保存完成，共处理条 0 数据。耗时：0时0分0秒13毫秒
13:36:33 INFO  - 开始保存聊天消息数据
13:36:33 INFO  - 聊天消息数据保存完成，共处理条 0 数据。耗时：0时0分0秒16毫秒
13:37:33 INFO  - 开始保存聊天消息数据
13:37:33 INFO  - 聊天消息数据保存完成，共处理条 0 数据。耗时：0时0分0秒14毫秒
13:38:33 INFO  - 开始保存聊天消息数据
13:38:33 INFO  - 聊天消息数据保存完成，共处理条 0 数据。耗时：0时0分0秒13毫秒
13:39:33 INFO  - 开始保存聊天消息数据
13:39:33 INFO  - 聊天消息数据保存完成，共处理条 0 数据。耗时：0时0分0秒13毫秒
13:40:33 INFO  - 开始保存聊天消息数据
13:40:33 INFO  - 聊天消息数据保存完成，共处理条 0 数据。耗时：0时0分0秒13毫秒
13:41:33 INFO  - 开始保存聊天消息数据
13:41:33 INFO  - 聊天消息数据保存完成，共处理条 0 数据。耗时：0时0分0秒13毫秒
13:42:33 INFO  - 开始保存聊天消息数据
13:42:33 INFO  - 聊天消息数据保存完成，共处理条 0 数据。耗时：0时0分0秒42毫秒
13:43:33 INFO  - 开始保存聊天消息数据
13:43:33 INFO  - 聊天消息数据保存完成，共处理条 0 数据。耗时：0时0分0秒18毫秒
13:44:33 INFO  - 开始保存聊天消息数据
13:44:33 INFO  - 聊天消息数据保存完成，共处理条 0 数据。耗时：0时0分0秒12毫秒
13:45:33 INFO  - 开始保存聊天消息数据
13:45:33 INFO  - 聊天消息数据保存完成，共处理条 0 数据。耗时：0时0分0秒12毫秒
13:46:33 INFO  - 开始保存聊天消息数据
13:46:33 INFO  - 聊天消息数据保存完成，共处理条 0 数据。耗时：0时0分0秒12毫秒
13:47:33 INFO  - 开始保存聊天消息数据
13:47:33 INFO  - 聊天消息数据保存完成，共处理条 0 数据。耗时：0时0分0秒13毫秒
13:48:33 INFO  - 开始保存聊天消息数据
13:48:33 INFO  - 聊天消息数据保存完成，共处理条 0 数据。耗时：0时0分0秒10毫秒
13:49:33 INFO  - 开始保存聊天消息数据
13:49:33 INFO  - 聊天消息数据保存完成，共处理条 0 数据。耗时：0时0分0秒14毫秒
13:50:33 INFO  - 开始保存聊天消息数据
13:50:33 INFO  - 聊天消息数据保存完成，共处理条 0 数据。耗时：0时0分0秒13毫秒
13:51:33 INFO  - 开始保存聊天消息数据
13:51:33 INFO  - 聊天消息数据保存完成，共处理条 0 数据。耗时：0时0分0秒13毫秒
13:52:33 INFO  - 开始保存聊天消息数据
13:52:33 INFO  - 聊天消息数据保存完成，共处理条 0 数据。耗时：0时0分0秒14毫秒
13:53:33 INFO  - 开始保存聊天消息数据
13:53:33 INFO  - 聊天消息数据保存完成，共处理条 0 数据。耗时：0时0分0秒14毫秒
13:54:33 INFO  - 开始保存聊天消息数据
13:54:33 INFO  - 聊天消息数据保存完成，共处理条 0 数据。耗时：0时0分0秒12毫秒
13:55:33 INFO  - 开始保存聊天消息数据
13:55:33 INFO  - 聊天消息数据保存完成，共处理条 0 数据。耗时：0时0分0秒12毫秒
13:56:33 INFO  - 开始保存聊天消息数据
13:56:33 INFO  - 聊天消息数据保存完成，共处理条 0 数据。耗时：0时0分0秒17毫秒
13:57:33 INFO  - 开始保存聊天消息数据
13:57:33 INFO  - 聊天消息数据保存完成，共处理条 0 数据。耗时：0时0分0秒13毫秒
13:58:33 INFO  - 开始保存聊天消息数据
13:58:33 INFO  - 聊天消息数据保存完成，共处理条 0 数据。耗时：0时0分0秒12毫秒
13:59:33 INFO  - 开始保存聊天消息数据
13:59:33 INFO  - 聊天消息数据保存完成，共处理条 0 数据。耗时：0时0分0秒13毫秒
14:00:33 INFO  - 开始保存聊天消息数据
14:00:33 INFO  - 聊天消息数据保存完成，共处理条 0 数据。耗时：0时0分0秒13毫秒
14:01:33 INFO  - 开始保存聊天消息数据
14:01:33 INFO  - 聊天消息数据保存完成，共处理条 0 数据。耗时：0时0分0秒17毫秒
14:02:33 INFO  - 开始保存聊天消息数据
14:02:33 INFO  - 聊天消息数据保存完成，共处理条 0 数据。耗时：0时0分0秒13毫秒
14:03:33 INFO  - 开始保存聊天消息数据
14:03:33 INFO  - 聊天消息数据保存完成，共处理条 0 数据。耗时：0时0分0秒13毫秒
14:04:33 INFO  - 开始保存聊天消息数据
14:04:33 INFO  - 聊天消息数据保存完成，共处理条 0 数据。耗时：0时0分0秒13毫秒
14:05:33 INFO  - 开始保存聊天消息数据
14:05:33 INFO  - 聊天消息数据保存完成，共处理条 0 数据。耗时：0时0分0秒13毫秒
14:06:33 INFO  - 开始保存聊天消息数据
14:06:33 INFO  - 聊天消息数据保存完成，共处理条 0 数据。耗时：0时0分0秒12毫秒
14:07:33 INFO  - 开始保存聊天消息数据
14:07:33 INFO  - 聊天消息数据保存完成，共处理条 0 数据。耗时：0时0分0秒14毫秒
14:08:33 INFO  - 开始保存聊天消息数据
14:08:33 INFO  - 聊天消息数据保存完成，共处理条 0 数据。耗时：0时0分0秒12毫秒
14:09:33 INFO  - 开始保存聊天消息数据
14:09:33 INFO  - 聊天消息数据保存完成，共处理条 0 数据。耗时：0时0分0秒13毫秒
14:10:33 INFO  - 开始保存聊天消息数据
14:10:33 INFO  - 聊天消息数据保存完成，共处理条 0 数据。耗时：0时0分0秒15毫秒
14:11:33 INFO  - 开始保存聊天消息数据
14:11:33 INFO  - 聊天消息数据保存完成，共处理条 0 数据。耗时：0时0分0秒13毫秒
14:12:33 INFO  - 开始保存聊天消息数据
14:12:33 INFO  - 聊天消息数据保存完成，共处理条 0 数据。耗时：0时0分0秒14毫秒
14:13:33 INFO  - 开始保存聊天消息数据
14:13:33 INFO  - 聊天消息数据保存完成，共处理条 0 数据。耗时：0时0分0秒13毫秒
14:14:33 INFO  - 开始保存聊天消息数据
14:14:33 INFO  - 聊天消息数据保存完成，共处理条 0 数据。耗时：0时0分0秒14毫秒
14:15:33 INFO  - 开始保存聊天消息数据
14:15:33 INFO  - 聊天消息数据保存完成，共处理条 0 数据。耗时：0时0分0秒12毫秒
14:16:33 INFO  - 开始保存聊天消息数据
14:16:33 INFO  - 聊天消息数据保存完成，共处理条 0 数据。耗时：0时0分0秒12毫秒
14:17:33 INFO  - 开始保存聊天消息数据
14:17:33 INFO  - 聊天消息数据保存完成，共处理条 0 数据。耗时：0时0分0秒12毫秒
14:18:33 INFO  - 开始保存聊天消息数据
14:18:33 INFO  - 聊天消息数据保存完成，共处理条 0 数据。耗时：0时0分0秒12毫秒
14:19:33 INFO  - 开始保存聊天消息数据
14:19:33 INFO  - 聊天消息数据保存完成，共处理条 0 数据。耗时：0时0分0秒12毫秒
14:20:33 INFO  - 开始保存聊天消息数据
14:20:33 INFO  - 聊天消息数据保存完成，共处理条 0 数据。耗时：0时0分0秒14毫秒
14:20:40 INFO  - Executed action GD.API.Controllers.Doctor.DoctorController.GetDoctorCertificateDetailAsync (API) in 73ms
14:20:40 INFO  - Executed action GD.API.Controllers.Doctor.HospitalManagerController.GetOfficeSelectListWithDoctorOfHospitalAsync (API) in 80ms
14:20:40 INFO  - Executed action GD.API.Controllers.Doctor.HospitalManagerController.GetAppointmentPageListTodayAsync (API) in 135ms
14:21:33 INFO  - 开始保存聊天消息数据
14:21:33 INFO  - 聊天消息数据保存完成，共处理条 0 数据。耗时：0时0分0秒21毫秒
14:22:33 INFO  - 开始保存聊天消息数据
14:22:33 INFO  - 聊天消息数据保存完成，共处理条 0 数据。耗时：0时0分0秒14毫秒
14:22:38 INFO  - Executed action GD.API.Controllers.Doctor.DoctorController.GetDoctorCertificateDetailAsync (API) in 31ms
14:22:38 INFO  - Executed action GD.API.Controllers.Doctor.HospitalManagerController.GetOfficeSelectListWithDoctorOfHospitalAsync (API) in 39ms
14:22:38 INFO  - Executed action GD.API.Controllers.Doctor.HospitalManagerController.GetAppointmentPageListTodayAsync (API) in 48ms
14:22:54 INFO  - Executed action GD.API.Controllers.Doctor.PrescriptionController.GetPrescriptionRecordPageListAsync (API) in 59ms
14:23:33 INFO  - 开始保存聊天消息数据
14:23:33 INFO  - 聊天消息数据保存完成，共处理条 0 数据。耗时：0时0分0秒9毫秒
14:24:33 INFO  - 开始保存聊天消息数据
14:24:33 INFO  - 聊天消息数据保存完成，共处理条 0 数据。耗时：0时0分0秒14毫秒
14:25:33 INFO  - 开始保存聊天消息数据
14:25:33 INFO  - 聊天消息数据保存完成，共处理条 0 数据。耗时：0时0分0秒12毫秒
14:26:33 INFO  - 开始保存聊天消息数据
14:26:33 INFO  - 聊天消息数据保存完成，共处理条 0 数据。耗时：0时0分0秒12毫秒
14:27:33 INFO  - 开始保存聊天消息数据
14:27:33 INFO  - 聊天消息数据保存完成，共处理条 0 数据。耗时：0时0分0秒12毫秒
14:27:39 INFO  - Executed action GD.API.Controllers.Doctor.PrescriptionController.GetPrescriptionRecordPageListAsync (API) in 52ms
14:28:19 INFO  - Executed action GD.API.Controllers.Doctor.DoctorController.GetDoctorCertificateDetailAsync (API) in 64ms
14:28:19 INFO  - Executed action GD.API.Controllers.Doctor.HospitalManagerController.GetOfficeSelectListWithDoctorOfHospitalAsync (API) in 51ms
14:28:19 INFO  - Executed action GD.API.Controllers.Doctor.HospitalManagerController.GetAppointmentPageListTodayAsync (API) in 104ms
14:28:33 INFO  - 开始保存聊天消息数据
14:28:33 INFO  - 聊天消息数据保存完成，共处理条 0 数据。耗时：0时0分0秒8毫秒
14:29:33 INFO  - 开始保存聊天消息数据
14:29:33 INFO  - 聊天消息数据保存完成，共处理条 0 数据。耗时：0时0分0秒15毫秒
14:29:39 INFO  - Executed action GD.API.Controllers.Doctor.PrescriptionController.GetPrescriptionRecordPageListAsync (API) in 75ms
14:29:41 INFO  - Executed action GD.API.Controllers.Doctor.PrescriptionController.GetPrescriptionRecordPageListAsync (API) in 59ms
14:30:33 INFO  - 开始保存聊天消息数据
14:30:33 INFO  - 聊天消息数据保存完成，共处理条 0 数据。耗时：0时0分0秒13毫秒
14:31:26 INFO  - Executed action GD.API.Controllers.Doctor.DoctorController.GetDoctorCertificateDetailAsync (API) in 22ms
14:31:26 INFO  - Executed action GD.API.Controllers.Doctor.HospitalManagerController.GetOfficeSelectListWithDoctorOfHospitalAsync (API) in 37ms
14:31:26 INFO  - Executed action GD.API.Controllers.Doctor.HospitalManagerController.GetAppointmentPageListTodayAsync (API) in 72ms
14:31:33 INFO  - 开始保存聊天消息数据
14:31:33 INFO  - 聊天消息数据保存完成，共处理条 0 数据。耗时：0时0分0秒8毫秒
14:31:43 INFO  - Executed action GD.API.Controllers.Doctor.PrescriptionController.GetPrescriptionRecordPageListAsync (API) in 97ms
14:32:17 INFO  - admin 成功登录Openfire
14:32:33 INFO  - 开始保存聊天消息数据
14:32:33 INFO  - 聊天消息数据保存完成，共处理条 0 数据。耗时：0时0分0秒13毫秒
14:33:05 INFO  - Executed action GD.API.Controllers.Utility.AccountController.Login (API) in 28ms
14:33:16 INFO  - Executed action GD.API.Controllers.Utility.AccountController.Login (API) in 19ms
14:33:33 INFO  - 开始保存聊天消息数据
14:33:33 INFO  - 聊天消息数据保存完成，共处理条 0 数据。耗时：0时0分0秒13毫秒
14:35:05 INFO  - 开始保存聊天消息数据
14:35:05 INFO  - Executed action GD.API.Controllers.Utility.AccountController.Login (API) in 168012ms
14:35:06 INFO  - Executed action GD.API.Controllers.Utility.AccountController.Login (API) in 160975ms
14:35:06 INFO  - 聊天消息数据保存完成，共处理条 0 数据。耗时：0时0分0秒954毫秒
14:35:07 INFO  - Executed action GD.API.Controllers.Utility.AccountController.Login (API) in 149243ms
14:36:29 INFO  - admin 成功登录Openfire
14:36:29 INFO  - 开始保存聊天消息数据
14:36:30 INFO  - 聊天消息数据保存完成，共处理条 0 数据。耗时：0时0分0秒829毫秒
14:36:31 INFO  - 问答分配悬赏金完成，共处理条 6 数据。耗时：2秒
14:36:45 INFO  - admin 成功登录Openfire
14:36:45 INFO  - Executed action GD.API.Controllers.Utility.AccountController.Login (API) in 384ms
14:36:46 INFO  - Executed action GD.API.Controllers.Doctor.DoctorController.GetDoctorNameAndNameAsync (API) in 67ms
14:36:46 INFO  - Executed action GD.API.Controllers.Utility.UtilityController.GetUserInfo (API) in 130ms
14:36:46 INFO  - Executed action GD.API.Controllers.Doctor.DoctorController.CheckIsDoctorUserAsync (API) in 34ms
14:36:46 INFO  - Executed action GD.API.Controllers.Doctor.HospitalManagerController.GetOfficeSelectListWithDoctorOfHospitalAsync (API) in 31ms
14:36:46 INFO  - Executed action GD.API.Controllers.Doctor.DoctorController.GetDoctorCertificateDetailAsync (API) in 80ms
14:36:47 INFO  - Executed action GD.API.Controllers.Doctor.HospitalManagerController.GetAppointmentPageListTodayAsync (API) in 135ms
14:37:28 INFO  - Executed action GD.API.Controllers.Doctor.PrescriptionController.GetPrescriptionRecordPageListAsync (API) in 143ms
14:37:29 INFO  - 开始保存聊天消息数据
14:37:29 INFO  - 聊天消息数据保存完成，共处理条 0 数据。耗时：0时0分0秒9毫秒
14:37:31 INFO  - Executed action GD.API.Controllers.Utility.ArticleController.GetArticleListAsync (API) in 72ms
14:37:32 INFO  - Executed action GD.API.Controllers.Utility.UserController.GetUsersInfoAsync (API) in 24ms
14:37:33 INFO  - Executed action GD.API.Controllers.Consumer.CollectionController.GetTheUserListOfCollectionTargetAsync (API) in 29ms
14:37:33 INFO  - Executed action GD.API.Controllers.Doctor.DoctorController.GetDoctorFansListAsync (API) in 43ms
14:37:35 INFO  - Executed action GD.API.Controllers.Doctor.HospitalManagerController.GetOfficeSelectListWithDoctorOfHospitalAsync (API) in 18ms
14:37:35 INFO  - Executed action GD.API.Controllers.Doctor.HospitalManagerController.GetAppointmentPageListTodayAsync (API) in 74ms
14:37:47 INFO  - Executed action GD.API.Controllers.Doctor.PrescriptionController.GetPrescriptionRecordPageListAsync (API) in 81ms
14:37:58 INFO  - Executed action GD.API.Controllers.Doctor.PrescriptionController.GetPrescriptionRecordPageListAsync (API) in 75ms
14:37:59 INFO  - Executed action GD.API.Controllers.Doctor.PrescriptionController.GetPrescriptionRecordPageListAsync (API) in 77ms
14:38:00 INFO  - Executed action GD.API.Controllers.Doctor.PrescriptionController.GetPrescriptionRecordPageListAsync (API) in 78ms
14:38:02 INFO  - Executed action GD.API.Controllers.Doctor.PrescriptionController.GetPrescriptionRecordPageListAsync (API) in 74ms
14:38:03 INFO  - Executed action GD.API.Controllers.Doctor.PrescriptionController.GetPrescriptionRecordPageListAsync (API) in 86ms
14:38:04 INFO  - Executed action GD.API.Controllers.Doctor.PrescriptionController.GetPrescriptionRecordPageListAsync (API) in 75ms
14:38:05 INFO  - Executed action GD.API.Controllers.Doctor.PrescriptionController.GetPrescriptionRecordPageListAsync (API) in 77ms
14:38:06 INFO  - Executed action GD.API.Controllers.Doctor.PrescriptionController.GetPrescriptionRecordPageListAsync (API) in 78ms
14:38:07 INFO  - Executed action GD.API.Controllers.Doctor.PrescriptionController.GetPrescriptionRecordPageListAsync (API) in 81ms
14:38:08 INFO  - Executed action GD.API.Controllers.Doctor.PrescriptionController.GetPrescriptionRecordPageListAsync (API) in 75ms
14:38:10 INFO  - Executed action GD.API.Controllers.Doctor.PrescriptionController.GetPrescriptionRecordPageListAsync (API) in 86ms
14:38:29 INFO  - 开始保存聊天消息数据
14:38:29 INFO  - 聊天消息数据保存完成，共处理条 0 数据。耗时：0时0分0秒15毫秒
14:39:29 INFO  - 开始保存聊天消息数据
14:39:29 INFO  - 聊天消息数据保存完成，共处理条 0 数据。耗时：0时0分0秒14毫秒
14:40:29 INFO  - 开始保存聊天消息数据
14:40:29 INFO  - 聊天消息数据保存完成，共处理条 0 数据。耗时：0时0分0秒21毫秒
14:41:13 INFO  - Executed action GD.API.Controllers.Doctor.PrescriptionController.GetPrescriptionRecordPageListAsync (API) in 80ms
14:41:20 INFO  - Executed action GD.API.Controllers.Doctor.DoctorController.GetDoctorFansListAsync (API) in 18ms
14:41:20 INFO  - Executed action GD.API.Controllers.Consumer.CollectionController.GetTheUserListOfCollectionTargetAsync (API) in 21ms
14:41:21 INFO  - Executed action GD.API.Controllers.Doctor.HospitalManagerController.GetOfficeSelectListWithDoctorOfHospitalAsync (API) in 19ms
14:41:21 INFO  - Executed action GD.API.Controllers.Doctor.HospitalManagerController.GetAppointmentPageListTodayAsync (API) in 63ms
14:41:29 INFO  - 开始保存聊天消息数据
14:41:29 INFO  - 聊天消息数据保存完成，共处理条 0 数据。耗时：0时0分0秒12毫秒
14:42:29 INFO  - 开始保存聊天消息数据
14:42:29 INFO  - 聊天消息数据保存完成，共处理条 0 数据。耗时：0时0分0秒13毫秒
14:43:29 INFO  - 开始保存聊天消息数据
14:43:29 INFO  - 聊天消息数据保存完成，共处理条 0 数据。耗时：0时0分0秒13毫秒
14:44:29 INFO  - 开始保存聊天消息数据
14:44:29 INFO  - 聊天消息数据保存完成，共处理条 0 数据。耗时：0时0分0秒13毫秒
14:45:29 INFO  - 开始保存聊天消息数据
14:45:29 INFO  - 聊天消息数据保存完成，共处理条 0 数据。耗时：0时0分0秒13毫秒
14:46:29 INFO  - 开始保存聊天消息数据
14:46:29 INFO  - 聊天消息数据保存完成，共处理条 0 数据。耗时：0时0分0秒10毫秒
14:47:29 INFO  - 开始保存聊天消息数据
14:47:29 INFO  - 聊天消息数据保存完成，共处理条 0 数据。耗时：0时0分0秒14毫秒
14:48:29 INFO  - 开始保存聊天消息数据
14:48:29 INFO  - 聊天消息数据保存完成，共处理条 0 数据。耗时：0时0分0秒15毫秒
14:49:29 INFO  - 开始保存聊天消息数据
14:49:29 INFO  - 聊天消息数据保存完成，共处理条 0 数据。耗时：0时0分0秒17毫秒
14:50:29 INFO  - 开始保存聊天消息数据
14:50:29 INFO  - 聊天消息数据保存完成，共处理条 0 数据。耗时：0时0分0秒13毫秒
14:51:29 INFO  - 开始保存聊天消息数据
14:51:29 INFO  - 聊天消息数据保存完成，共处理条 0 数据。耗时：0时0分0秒16毫秒
14:52:29 INFO  - 开始保存聊天消息数据
14:52:29 INFO  - 聊天消息数据保存完成，共处理条 0 数据。耗时：0时0分0秒16毫秒
14:53:29 INFO  - 开始保存聊天消息数据
14:53:29 INFO  - 聊天消息数据保存完成，共处理条 0 数据。耗时：0时0分0秒13毫秒
14:54:29 INFO  - 开始保存聊天消息数据
14:54:29 INFO  - 聊天消息数据保存完成，共处理条 0 数据。耗时：0时0分0秒14毫秒
14:55:29 INFO  - 开始保存聊天消息数据
14:55:29 INFO  - 聊天消息数据保存完成，共处理条 0 数据。耗时：0时0分0秒15毫秒
14:56:29 INFO  - 开始保存聊天消息数据
14:56:29 INFO  - 聊天消息数据保存完成，共处理条 0 数据。耗时：0时0分0秒13毫秒
14:57:29 INFO  - 开始保存聊天消息数据
14:57:29 INFO  - 聊天消息数据保存完成，共处理条 0 数据。耗时：0时0分0秒12毫秒
14:58:29 INFO  - 开始保存聊天消息数据
14:58:29 INFO  - 聊天消息数据保存完成，共处理条 0 数据。耗时：0时0分0秒15毫秒
14:59:29 INFO  - 开始保存聊天消息数据
14:59:29 INFO  - 聊天消息数据保存完成，共处理条 0 数据。耗时：0时0分0秒14毫秒
15:00:29 INFO  - 开始保存聊天消息数据
15:00:29 INFO  - 聊天消息数据保存完成，共处理条 0 数据。耗时：0时0分0秒15毫秒
15:01:29 INFO  - 开始保存聊天消息数据
15:01:29 INFO  - 聊天消息数据保存完成，共处理条 0 数据。耗时：0时0分0秒17毫秒
15:02:29 INFO  - 开始保存聊天消息数据
15:02:29 INFO  - 聊天消息数据保存完成，共处理条 0 数据。耗时：0时0分0秒15毫秒
15:03:29 INFO  - 开始保存聊天消息数据
15:03:29 INFO  - 聊天消息数据保存完成，共处理条 0 数据。耗时：0时0分0秒13毫秒
15:04:29 INFO  - 开始保存聊天消息数据
15:04:29 INFO  - 聊天消息数据保存完成，共处理条 0 数据。耗时：0时0分0秒12毫秒
15:05:29 INFO  - 开始保存聊天消息数据
15:05:29 INFO  - 聊天消息数据保存完成，共处理条 0 数据。耗时：0时0分0秒13毫秒
15:06:29 INFO  - 开始保存聊天消息数据
15:06:29 INFO  - 聊天消息数据保存完成，共处理条 0 数据。耗时：0时0分0秒13毫秒
15:07:29 INFO  - 开始保存聊天消息数据
15:07:29 INFO  - 聊天消息数据保存完成，共处理条 0 数据。耗时：0时0分0秒14毫秒
15:08:29 INFO  - 开始保存聊天消息数据
15:08:29 INFO  - 聊天消息数据保存完成，共处理条 0 数据。耗时：0时0分0秒13毫秒
15:09:29 INFO  - 开始保存聊天消息数据
15:09:29 INFO  - 聊天消息数据保存完成，共处理条 0 数据。耗时：0时0分0秒13毫秒
15:10:29 INFO  - 开始保存聊天消息数据
15:10:29 INFO  - 聊天消息数据保存完成，共处理条 0 数据。耗时：0时0分0秒13毫秒
15:11:29 INFO  - 开始保存聊天消息数据
15:11:29 INFO  - 聊天消息数据保存完成，共处理条 0 数据。耗时：0时0分0秒14毫秒
15:12:29 INFO  - 开始保存聊天消息数据
15:12:29 INFO  - 聊天消息数据保存完成，共处理条 0 数据。耗时：0时0分0秒13毫秒
15:13:29 INFO  - 开始保存聊天消息数据
15:13:29 INFO  - 聊天消息数据保存完成，共处理条 0 数据。耗时：0时0分0秒13毫秒
15:14:29 INFO  - 开始保存聊天消息数据
15:14:29 INFO  - 聊天消息数据保存完成，共处理条 0 数据。耗时：0时0分0秒13毫秒
15:15:29 INFO  - 开始保存聊天消息数据
15:15:29 INFO  - 聊天消息数据保存完成，共处理条 0 数据。耗时：0时0分0秒13毫秒
15:16:29 INFO  - 开始保存聊天消息数据
15:16:29 INFO  - 聊天消息数据保存完成，共处理条 0 数据。耗时：0时0分0秒13毫秒
15:17:29 INFO  - 开始保存聊天消息数据
15:17:29 INFO  - 聊天消息数据保存完成，共处理条 0 数据。耗时：0时0分0秒16毫秒
15:18:29 INFO  - 开始保存聊天消息数据
15:18:29 INFO  - 聊天消息数据保存完成，共处理条 0 数据。耗时：0时0分0秒16毫秒
15:19:29 INFO  - 开始保存聊天消息数据
15:19:29 INFO  - 聊天消息数据保存完成，共处理条 0 数据。耗时：0时0分0秒16毫秒
15:20:29 INFO  - 开始保存聊天消息数据
15:20:29 INFO  - 聊天消息数据保存完成，共处理条 0 数据。耗时：0时0分0秒16毫秒
15:21:29 INFO  - 开始保存聊天消息数据
15:21:29 INFO  - 聊天消息数据保存完成，共处理条 0 数据。耗时：0时0分0秒13毫秒
15:22:29 INFO  - 开始保存聊天消息数据
15:22:29 INFO  - 聊天消息数据保存完成，共处理条 0 数据。耗时：0时0分0秒15毫秒
15:23:29 INFO  - 开始保存聊天消息数据
15:23:29 INFO  - 聊天消息数据保存完成，共处理条 0 数据。耗时：0时0分0秒13毫秒
15:24:29 INFO  - 开始保存聊天消息数据
15:24:29 INFO  - 聊天消息数据保存完成，共处理条 0 数据。耗时：0时0分0秒16毫秒
15:25:29 INFO  - 开始保存聊天消息数据
15:25:29 INFO  - 聊天消息数据保存完成，共处理条 0 数据。耗时：0时0分0秒12毫秒
15:26:29 INFO  - 开始保存聊天消息数据
15:26:29 INFO  - 聊天消息数据保存完成，共处理条 0 数据。耗时：0时0分0秒14毫秒
15:27:29 INFO  - 开始保存聊天消息数据
15:27:29 INFO  - 聊天消息数据保存完成，共处理条 0 数据。耗时：0时0分0秒13毫秒
15:28:29 INFO  - 开始保存聊天消息数据
15:28:29 INFO  - 聊天消息数据保存完成，共处理条 0 数据。耗时：0时0分0秒17毫秒
15:29:29 INFO  - 开始保存聊天消息数据
15:29:29 INFO  - 聊天消息数据保存完成，共处理条 0 数据。耗时：0时0分0秒18毫秒
15:30:29 INFO  - 开始保存聊天消息数据
15:30:29 INFO  - 聊天消息数据保存完成，共处理条 0 数据。耗时：0时0分0秒16毫秒
15:31:29 INFO  - 开始保存聊天消息数据
15:31:29 INFO  - 聊天消息数据保存完成，共处理条 0 数据。耗时：0时0分0秒13毫秒
15:32:29 INFO  - 开始保存聊天消息数据
15:32:29 INFO  - 聊天消息数据保存完成，共处理条 0 数据。耗时：0时0分0秒13毫秒
15:33:29 INFO  - 开始保存聊天消息数据
15:33:29 INFO  - 聊天消息数据保存完成，共处理条 0 数据。耗时：0时0分0秒13毫秒
15:34:29 INFO  - 开始保存聊天消息数据
15:34:29 INFO  - 聊天消息数据保存完成，共处理条 0 数据。耗时：0时0分0秒17毫秒
15:35:29 INFO  - 开始保存聊天消息数据
15:35:29 INFO  - 聊天消息数据保存完成，共处理条 0 数据。耗时：0时0分0秒13毫秒
15:36:29 INFO  - 开始保存聊天消息数据
15:36:29 INFO  - 聊天消息数据保存完成，共处理条 0 数据。耗时：0时0分0秒14毫秒
15:37:29 INFO  - 开始保存聊天消息数据
15:37:29 INFO  - 聊天消息数据保存完成，共处理条 0 数据。耗时：0时0分0秒13毫秒
15:38:29 INFO  - 开始保存聊天消息数据
15:38:29 INFO  - 聊天消息数据保存完成，共处理条 0 数据。耗时：0时0分0秒14毫秒
15:39:29 INFO  - 开始保存聊天消息数据
15:39:29 INFO  - 聊天消息数据保存完成，共处理条 0 数据。耗时：0时0分0秒17毫秒
15:40:29 INFO  - 开始保存聊天消息数据
15:40:29 INFO  - 聊天消息数据保存完成，共处理条 0 数据。耗时：0时0分0秒16毫秒
15:41:29 INFO  - 开始保存聊天消息数据
15:41:29 INFO  - 聊天消息数据保存完成，共处理条 0 数据。耗时：0时0分0秒14毫秒
15:42:29 INFO  - 开始保存聊天消息数据
15:42:29 INFO  - 聊天消息数据保存完成，共处理条 0 数据。耗时：0时0分0秒13毫秒
15:43:29 INFO  - 开始保存聊天消息数据
15:43:29 INFO  - 聊天消息数据保存完成，共处理条 0 数据。耗时：0时0分0秒13毫秒
15:44:29 INFO  - 开始保存聊天消息数据
15:44:29 INFO  - 聊天消息数据保存完成，共处理条 0 数据。耗时：0时0分0秒14毫秒
15:45:29 INFO  - 开始保存聊天消息数据
15:45:29 INFO  - 聊天消息数据保存完成，共处理条 0 数据。耗时：0时0分0秒14毫秒
15:46:29 INFO  - 开始保存聊天消息数据
15:46:29 INFO  - 聊天消息数据保存完成，共处理条 0 数据。耗时：0时0分0秒14毫秒
15:47:29 INFO  - 开始保存聊天消息数据
15:47:29 INFO  - 聊天消息数据保存完成，共处理条 0 数据。耗时：0时0分0秒13毫秒
15:48:29 INFO  - 开始保存聊天消息数据
15:48:29 INFO  - 聊天消息数据保存完成，共处理条 0 数据。耗时：0时0分0秒19毫秒
15:49:29 INFO  - 开始保存聊天消息数据
15:49:29 INFO  - 聊天消息数据保存完成，共处理条 0 数据。耗时：0时0分0秒21毫秒
15:50:29 INFO  - 开始保存聊天消息数据
15:50:29 INFO  - 聊天消息数据保存完成，共处理条 0 数据。耗时：0时0分0秒14毫秒
15:51:29 INFO  - 开始保存聊天消息数据
15:51:29 INFO  - 聊天消息数据保存完成，共处理条 0 数据。耗时：0时0分0秒13毫秒
15:52:29 INFO  - 开始保存聊天消息数据
15:52:29 INFO  - 聊天消息数据保存完成，共处理条 0 数据。耗时：0时0分0秒27毫秒
15:53:29 INFO  - 开始保存聊天消息数据
15:53:29 INFO  - 聊天消息数据保存完成，共处理条 0 数据。耗时：0时0分0秒15毫秒
15:54:29 INFO  - 开始保存聊天消息数据
15:54:29 INFO  - 聊天消息数据保存完成，共处理条 0 数据。耗时：0时0分0秒14毫秒
15:55:29 INFO  - 开始保存聊天消息数据
15:55:29 INFO  - 聊天消息数据保存完成，共处理条 0 数据。耗时：0时0分0秒13毫秒
15:56:29 INFO  - 开始保存聊天消息数据
15:56:29 INFO  - 聊天消息数据保存完成，共处理条 0 数据。耗时：0时0分0秒19毫秒
15:57:29 INFO  - 开始保存聊天消息数据
15:57:29 INFO  - 聊天消息数据保存完成，共处理条 0 数据。耗时：0时0分0秒13毫秒
15:58:29 INFO  - 开始保存聊天消息数据
15:58:29 INFO  - 聊天消息数据保存完成，共处理条 0 数据。耗时：0时0分0秒13毫秒
15:59:29 INFO  - 开始保存聊天消息数据
15:59:29 INFO  - 聊天消息数据保存完成，共处理条 0 数据。耗时：0时0分0秒13毫秒
16:00:29 INFO  - 开始保存聊天消息数据
16:00:29 INFO  - 聊天消息数据保存完成，共处理条 0 数据。耗时：0时0分0秒15毫秒
16:01:29 INFO  - 开始保存聊天消息数据
16:01:29 INFO  - 聊天消息数据保存完成，共处理条 0 数据。耗时：0时0分0秒14毫秒
16:02:29 INFO  - 开始保存聊天消息数据
16:02:29 INFO  - 聊天消息数据保存完成，共处理条 0 数据。耗时：0时0分0秒15毫秒
16:03:29 INFO  - 开始保存聊天消息数据
16:03:29 INFO  - 聊天消息数据保存完成，共处理条 0 数据。耗时：0时0分0秒17毫秒
16:04:29 INFO  - 开始保存聊天消息数据
16:04:29 INFO  - 聊天消息数据保存完成，共处理条 0 数据。耗时：0时0分0秒17毫秒
16:05:29 INFO  - 开始保存聊天消息数据
16:05:29 INFO  - 聊天消息数据保存完成，共处理条 0 数据。耗时：0时0分0秒14毫秒
16:06:29 INFO  - 开始保存聊天消息数据
16:06:29 INFO  - 聊天消息数据保存完成，共处理条 0 数据。耗时：0时0分0秒13毫秒
16:07:29 INFO  - 开始保存聊天消息数据
16:07:29 INFO  - 聊天消息数据保存完成，共处理条 0 数据。耗时：0时0分0秒13毫秒
16:08:29 INFO  - 开始保存聊天消息数据
16:08:29 INFO  - 聊天消息数据保存完成，共处理条 0 数据。耗时：0时0分0秒14毫秒
16:09:29 INFO  - 开始保存聊天消息数据
16:09:29 INFO  - 聊天消息数据保存完成，共处理条 0 数据。耗时：0时0分0秒38毫秒
16:10:29 INFO  - 开始保存聊天消息数据
16:10:29 INFO  - 聊天消息数据保存完成，共处理条 0 数据。耗时：0时0分0秒13毫秒
16:11:29 INFO  - 开始保存聊天消息数据
16:11:29 INFO  - 聊天消息数据保存完成，共处理条 0 数据。耗时：0时0分0秒13毫秒
16:12:29 INFO  - 开始保存聊天消息数据
16:12:29 INFO  - 聊天消息数据保存完成，共处理条 0 数据。耗时：0时0分0秒14毫秒
16:13:29 INFO  - 开始保存聊天消息数据
16:13:29 INFO  - 聊天消息数据保存完成，共处理条 0 数据。耗时：0时0分0秒13毫秒
16:14:29 INFO  - 开始保存聊天消息数据
16:14:29 INFO  - 聊天消息数据保存完成，共处理条 0 数据。耗时：0时0分0秒16毫秒
16:15:29 INFO  - 开始保存聊天消息数据
16:15:29 INFO  - 聊天消息数据保存完成，共处理条 0 数据。耗时：0时0分0秒12毫秒
16:16:29 INFO  - 开始保存聊天消息数据
16:16:29 INFO  - 聊天消息数据保存完成，共处理条 0 数据。耗时：0时0分0秒13毫秒
16:17:29 INFO  - 开始保存聊天消息数据
16:17:29 INFO  - 聊天消息数据保存完成，共处理条 0 数据。耗时：0时0分0秒12毫秒
16:18:29 INFO  - 开始保存聊天消息数据
16:18:29 INFO  - 聊天消息数据保存完成，共处理条 0 数据。耗时：0时0分0秒13毫秒
16:19:29 INFO  - 开始保存聊天消息数据
16:19:29 INFO  - 聊天消息数据保存完成，共处理条 0 数据。耗时：0时0分0秒13毫秒
16:20:29 INFO  - 开始保存聊天消息数据
16:20:29 INFO  - 聊天消息数据保存完成，共处理条 0 数据。耗时：0时0分0秒13毫秒
16:21:29 INFO  - 开始保存聊天消息数据
16:21:29 INFO  - 聊天消息数据保存完成，共处理条 0 数据。耗时：0时0分0秒13毫秒
16:22:29 INFO  - 开始保存聊天消息数据
16:22:29 INFO  - 聊天消息数据保存完成，共处理条 0 数据。耗时：0时0分0秒13毫秒
16:23:29 INFO  - 开始保存聊天消息数据
16:23:29 INFO  - 聊天消息数据保存完成，共处理条 0 数据。耗时：0时0分0秒13毫秒
16:24:29 INFO  - 开始保存聊天消息数据
16:24:29 INFO  - 聊天消息数据保存完成，共处理条 0 数据。耗时：0时0分0秒13毫秒
16:25:29 INFO  - 开始保存聊天消息数据
16:25:29 INFO  - 聊天消息数据保存完成，共处理条 0 数据。耗时：0时0分0秒14毫秒
16:26:29 INFO  - 开始保存聊天消息数据
16:26:29 INFO  - 聊天消息数据保存完成，共处理条 0 数据。耗时：0时0分0秒13毫秒
16:27:29 INFO  - 开始保存聊天消息数据
16:27:29 INFO  - 聊天消息数据保存完成，共处理条 0 数据。耗时：0时0分0秒13毫秒
16:28:29 INFO  - 开始保存聊天消息数据
16:28:29 INFO  - 聊天消息数据保存完成，共处理条 0 数据。耗时：0时0分0秒13毫秒
16:29:29 INFO  - 开始保存聊天消息数据
16:29:29 INFO  - 聊天消息数据保存完成，共处理条 0 数据。耗时：0时0分0秒12毫秒
16:30:29 INFO  - 开始保存聊天消息数据
16:30:29 INFO  - 聊天消息数据保存完成，共处理条 0 数据。耗时：0时0分0秒13毫秒
16:31:29 INFO  - 开始保存聊天消息数据
16:31:29 INFO  - 聊天消息数据保存完成，共处理条 0 数据。耗时：0时0分0秒14毫秒
16:32:29 INFO  - 开始保存聊天消息数据
16:32:29 INFO  - 聊天消息数据保存完成，共处理条 0 数据。耗时：0时0分0秒14毫秒
16:33:29 INFO  - 开始保存聊天消息数据
16:33:29 INFO  - 聊天消息数据保存完成，共处理条 0 数据。耗时：0时0分0秒13毫秒
16:34:29 INFO  - 开始保存聊天消息数据
16:34:29 INFO  - 聊天消息数据保存完成，共处理条 0 数据。耗时：0时0分0秒13毫秒
16:35:29 INFO  - 开始保存聊天消息数据
16:35:29 INFO  - 聊天消息数据保存完成，共处理条 0 数据。耗时：0时0分0秒13毫秒
16:36:29 INFO  - 开始保存聊天消息数据
16:36:29 INFO  - 聊天消息数据保存完成，共处理条 0 数据。耗时：0时0分0秒12毫秒
16:37:29 INFO  - 开始保存聊天消息数据
16:37:29 INFO  - 聊天消息数据保存完成，共处理条 0 数据。耗时：0时0分0秒16毫秒
16:38:29 INFO  - 开始保存聊天消息数据
16:38:29 INFO  - 聊天消息数据保存完成，共处理条 0 数据。耗时：0时0分0秒12毫秒
16:39:29 INFO  - 开始保存聊天消息数据
16:39:29 INFO  - 聊天消息数据保存完成，共处理条 0 数据。耗时：0时0分0秒14毫秒
16:40:29 INFO  - 开始保存聊天消息数据
16:40:29 INFO  - 聊天消息数据保存完成，共处理条 0 数据。耗时：0时0分0秒13毫秒
16:41:29 INFO  - 开始保存聊天消息数据
16:41:29 INFO  - 聊天消息数据保存完成，共处理条 0 数据。耗时：0时0分0秒13毫秒
16:42:29 INFO  - 开始保存聊天消息数据
16:42:29 INFO  - 聊天消息数据保存完成，共处理条 0 数据。耗时：0时0分0秒18毫秒
16:43:29 INFO  - 开始保存聊天消息数据
16:43:29 INFO  - 聊天消息数据保存完成，共处理条 0 数据。耗时：0时0分0秒13毫秒
16:44:29 INFO  - 开始保存聊天消息数据
16:44:29 INFO  - 聊天消息数据保存完成，共处理条 0 数据。耗时：0时0分0秒13毫秒
16:45:29 INFO  - 开始保存聊天消息数据
16:45:29 INFO  - 聊天消息数据保存完成，共处理条 0 数据。耗时：0时0分0秒15毫秒
16:46:29 INFO  - 开始保存聊天消息数据
16:46:29 INFO  - 聊天消息数据保存完成，共处理条 0 数据。耗时：0时0分0秒12毫秒
16:47:29 INFO  - 开始保存聊天消息数据
16:47:29 INFO  - 聊天消息数据保存完成，共处理条 0 数据。耗时：0时0分0秒15毫秒
16:48:29 INFO  - 开始保存聊天消息数据
16:48:29 INFO  - 聊天消息数据保存完成，共处理条 0 数据。耗时：0时0分0秒13毫秒
16:49:29 INFO  - 开始保存聊天消息数据
16:49:29 INFO  - 聊天消息数据保存完成，共处理条 0 数据。耗时：0时0分0秒14毫秒
16:50:29 INFO  - 开始保存聊天消息数据
16:50:29 INFO  - 聊天消息数据保存完成，共处理条 0 数据。耗时：0时0分0秒13毫秒
16:51:29 INFO  - 开始保存聊天消息数据
16:51:29 INFO  - 聊天消息数据保存完成，共处理条 0 数据。耗时：0时0分0秒26毫秒
16:52:29 INFO  - 开始保存聊天消息数据
16:52:29 INFO  - 聊天消息数据保存完成，共处理条 0 数据。耗时：0时0分0秒13毫秒
16:53:29 INFO  - 开始保存聊天消息数据
16:53:29 INFO  - 聊天消息数据保存完成，共处理条 0 数据。耗时：0时0分0秒24毫秒
16:54:29 INFO  - 开始保存聊天消息数据
16:54:29 INFO  - 聊天消息数据保存完成，共处理条 0 数据。耗时：0时0分0秒23毫秒
16:55:29 INFO  - 开始保存聊天消息数据
16:55:29 INFO  - 聊天消息数据保存完成，共处理条 0 数据。耗时：0时0分0秒13毫秒
16:56:29 INFO  - 开始保存聊天消息数据
16:56:29 INFO  - 聊天消息数据保存完成，共处理条 0 数据。耗时：0时0分0秒12毫秒
16:57:29 INFO  - 开始保存聊天消息数据
16:57:29 INFO  - 聊天消息数据保存完成，共处理条 0 数据。耗时：0时0分0秒14毫秒
16:58:29 INFO  - 开始保存聊天消息数据
16:58:29 INFO  - 聊天消息数据保存完成，共处理条 0 数据。耗时：0时0分0秒13毫秒
16:59:29 INFO  - 开始保存聊天消息数据
16:59:29 INFO  - 聊天消息数据保存完成，共处理条 0 数据。耗时：0时0分0秒13毫秒
17:00:29 INFO  - 开始保存聊天消息数据
17:00:29 INFO  - 聊天消息数据保存完成，共处理条 0 数据。耗时：0时0分0秒14毫秒
17:01:29 INFO  - 开始保存聊天消息数据
17:01:29 INFO  - 聊天消息数据保存完成，共处理条 0 数据。耗时：0时0分0秒13毫秒
17:02:29 INFO  - 开始保存聊天消息数据
17:02:29 INFO  - 聊天消息数据保存完成，共处理条 0 数据。耗时：0时0分0秒13毫秒
17:03:29 INFO  - 开始保存聊天消息数据
17:03:29 INFO  - 聊天消息数据保存完成，共处理条 0 数据。耗时：0时0分0秒14毫秒
17:04:29 INFO  - 开始保存聊天消息数据
17:04:29 INFO  - 聊天消息数据保存完成，共处理条 0 数据。耗时：0时0分0秒14毫秒
17:05:29 INFO  - 开始保存聊天消息数据
17:05:29 INFO  - 聊天消息数据保存完成，共处理条 0 数据。耗时：0时0分0秒13毫秒
17:06:29 INFO  - 开始保存聊天消息数据
17:06:29 INFO  - 聊天消息数据保存完成，共处理条 0 数据。耗时：0时0分0秒13毫秒
17:07:29 INFO  - 开始保存聊天消息数据
17:07:29 INFO  - 聊天消息数据保存完成，共处理条 0 数据。耗时：0时0分0秒13毫秒
17:08:29 INFO  - 开始保存聊天消息数据
17:08:29 INFO  - 聊天消息数据保存完成，共处理条 0 数据。耗时：0时0分0秒15毫秒
17:09:29 INFO  - 开始保存聊天消息数据
17:09:29 INFO  - 聊天消息数据保存完成，共处理条 0 数据。耗时：0时0分0秒13毫秒
17:10:29 INFO  - 开始保存聊天消息数据
17:10:29 INFO  - 聊天消息数据保存完成，共处理条 0 数据。耗时：0时0分0秒14毫秒
17:11:29 INFO  - 开始保存聊天消息数据
17:11:29 INFO  - 聊天消息数据保存完成，共处理条 0 数据。耗时：0时0分0秒15毫秒
17:12:29 INFO  - 开始保存聊天消息数据
17:12:29 INFO  - 聊天消息数据保存完成，共处理条 0 数据。耗时：0时0分0秒12毫秒
17:13:29 INFO  - 开始保存聊天消息数据
17:13:29 INFO  - 聊天消息数据保存完成，共处理条 0 数据。耗时：0时0分0秒14毫秒
17:14:29 INFO  - 开始保存聊天消息数据
17:14:29 INFO  - 聊天消息数据保存完成，共处理条 0 数据。耗时：0时0分0秒13毫秒
17:15:29 INFO  - 开始保存聊天消息数据
17:15:29 INFO  - 聊天消息数据保存完成，共处理条 0 数据。耗时：0时0分0秒13毫秒
17:16:29 INFO  - 开始保存聊天消息数据
17:16:29 INFO  - 聊天消息数据保存完成，共处理条 0 数据。耗时：0时0分0秒14毫秒
17:17:29 INFO  - 开始保存聊天消息数据
17:17:29 INFO  - 聊天消息数据保存完成，共处理条 0 数据。耗时：0时0分0秒14毫秒
17:18:29 INFO  - 开始保存聊天消息数据
17:18:29 INFO  - 聊天消息数据保存完成，共处理条 0 数据。耗时：0时0分0秒13毫秒
17:19:29 INFO  - 开始保存聊天消息数据
17:19:29 INFO  - 聊天消息数据保存完成，共处理条 0 数据。耗时：0时0分0秒19毫秒
17:20:29 INFO  - 开始保存聊天消息数据
17:20:29 INFO  - 聊天消息数据保存完成，共处理条 0 数据。耗时：0时0分0秒13毫秒
17:21:29 INFO  - 开始保存聊天消息数据
17:21:29 INFO  - 聊天消息数据保存完成，共处理条 0 数据。耗时：0时0分0秒17毫秒
17:22:29 INFO  - 开始保存聊天消息数据
17:22:29 INFO  - 聊天消息数据保存完成，共处理条 0 数据。耗时：0时0分0秒13毫秒
17:23:29 INFO  - 开始保存聊天消息数据
17:23:29 INFO  - 聊天消息数据保存完成，共处理条 0 数据。耗时：0时0分0秒14毫秒
17:24:29 INFO  - 开始保存聊天消息数据
17:24:29 INFO  - 聊天消息数据保存完成，共处理条 0 数据。耗时：0时0分0秒16毫秒
17:25:29 INFO  - 开始保存聊天消息数据
17:25:29 INFO  - 聊天消息数据保存完成，共处理条 0 数据。耗时：0时0分0秒13毫秒
17:26:29 INFO  - 开始保存聊天消息数据
17:26:29 INFO  - 聊天消息数据保存完成，共处理条 0 数据。耗时：0时0分0秒14毫秒
17:27:29 INFO  - 开始保存聊天消息数据
17:27:29 INFO  - 聊天消息数据保存完成，共处理条 0 数据。耗时：0时0分0秒13毫秒
17:28:29 INFO  - 开始保存聊天消息数据
17:28:29 INFO  - 聊天消息数据保存完成，共处理条 0 数据。耗时：0时0分0秒13毫秒
17:29:29 INFO  - 开始保存聊天消息数据
17:29:29 INFO  - 聊天消息数据保存完成，共处理条 0 数据。耗时：0时0分0秒15毫秒
17:30:29 INFO  - 开始保存聊天消息数据
17:30:29 INFO  - 聊天消息数据保存完成，共处理条 0 数据。耗时：0时0分0秒14毫秒
17:31:29 INFO  - 开始保存聊天消息数据
17:31:29 INFO  - 聊天消息数据保存完成，共处理条 0 数据。耗时：0时0分0秒14毫秒
17:32:29 INFO  - 开始保存聊天消息数据
17:32:29 INFO  - 聊天消息数据保存完成，共处理条 0 数据。耗时：0时0分0秒13毫秒
17:33:29 INFO  - 开始保存聊天消息数据
17:33:29 INFO  - 聊天消息数据保存完成，共处理条 0 数据。耗时：0时0分0秒18毫秒
17:34:29 INFO  - 开始保存聊天消息数据
17:34:29 INFO  - 聊天消息数据保存完成，共处理条 0 数据。耗时：0时0分0秒25毫秒
17:35:29 INFO  - 开始保存聊天消息数据
17:35:29 INFO  - 聊天消息数据保存完成，共处理条 0 数据。耗时：0时0分0秒15毫秒
17:36:29 INFO  - 开始保存聊天消息数据
17:36:29 INFO  - 聊天消息数据保存完成，共处理条 0 数据。耗时：0时0分0秒13毫秒
17:37:29 INFO  - 开始保存聊天消息数据
17:37:29 INFO  - 聊天消息数据保存完成，共处理条 0 数据。耗时：0时0分0秒16毫秒
17:38:29 INFO  - 开始保存聊天消息数据
17:38:29 INFO  - 聊天消息数据保存完成，共处理条 0 数据。耗时：0时0分0秒13毫秒
17:39:29 INFO  - 开始保存聊天消息数据
17:39:29 INFO  - 聊天消息数据保存完成，共处理条 0 数据。耗时：0时0分0秒13毫秒
17:40:29 INFO  - 开始保存聊天消息数据
17:40:29 INFO  - 聊天消息数据保存完成，共处理条 0 数据。耗时：0时0分0秒12毫秒
17:41:29 INFO  - 开始保存聊天消息数据
17:41:29 INFO  - 聊天消息数据保存完成，共处理条 0 数据。耗时：0时0分0秒15毫秒
17:42:29 INFO  - 开始保存聊天消息数据
17:42:29 INFO  - 聊天消息数据保存完成，共处理条 0 数据。耗时：0时0分0秒13毫秒
17:43:29 INFO  - 开始保存聊天消息数据
17:43:29 INFO  - 聊天消息数据保存完成，共处理条 0 数据。耗时：0时0分0秒14毫秒
17:44:29 INFO  - 开始保存聊天消息数据
17:44:29 INFO  - 聊天消息数据保存完成，共处理条 0 数据。耗时：0时0分0秒13毫秒
17:45:29 INFO  - 开始保存聊天消息数据
17:45:29 INFO  - 聊天消息数据保存完成，共处理条 0 数据。耗时：0时0分0秒14毫秒
17:46:29 INFO  - 开始保存聊天消息数据
17:46:29 INFO  - 聊天消息数据保存完成，共处理条 0 数据。耗时：0时0分0秒13毫秒
17:47:29 INFO  - 开始保存聊天消息数据
17:47:29 INFO  - 聊天消息数据保存完成，共处理条 0 数据。耗时：0时0分0秒13毫秒
17:48:29 INFO  - 开始保存聊天消息数据
17:48:29 INFO  - 聊天消息数据保存完成，共处理条 0 数据。耗时：0时0分0秒13毫秒
17:49:29 INFO  - 开始保存聊天消息数据
17:49:29 INFO  - 聊天消息数据保存完成，共处理条 0 数据。耗时：0时0分0秒13毫秒
17:50:29 INFO  - 开始保存聊天消息数据
17:50:29 INFO  - 聊天消息数据保存完成，共处理条 0 数据。耗时：0时0分0秒19毫秒
17:51:29 INFO  - 开始保存聊天消息数据
17:51:29 INFO  - 聊天消息数据保存完成，共处理条 0 数据。耗时：0时0分0秒13毫秒
17:52:29 INFO  - 开始保存聊天消息数据
17:52:29 INFO  - 聊天消息数据保存完成，共处理条 0 数据。耗时：0时0分0秒13毫秒
17:53:29 INFO  - 开始保存聊天消息数据
17:53:29 INFO  - 聊天消息数据保存完成，共处理条 0 数据。耗时：0时0分0秒14毫秒
17:54:29 INFO  - 开始保存聊天消息数据
17:54:29 INFO  - 聊天消息数据保存完成，共处理条 0 数据。耗时：0时0分0秒13毫秒
17:55:29 INFO  - 开始保存聊天消息数据
17:55:29 INFO  - 聊天消息数据保存完成，共处理条 0 数据。耗时：0时0分0秒13毫秒
17:56:29 INFO  - 开始保存聊天消息数据
17:56:29 INFO  - 聊天消息数据保存完成，共处理条 0 数据。耗时：0时0分0秒15毫秒
17:57:29 INFO  - 开始保存聊天消息数据
17:57:29 INFO  - 聊天消息数据保存完成，共处理条 0 数据。耗时：0时0分0秒17毫秒
17:58:29 INFO  - 开始保存聊天消息数据
17:58:29 INFO  - 聊天消息数据保存完成，共处理条 0 数据。耗时：0时0分0秒13毫秒
17:59:29 INFO  - 开始保存聊天消息数据
17:59:29 INFO  - 聊天消息数据保存完成，共处理条 0 数据。耗时：0时0分0秒15毫秒
18:00:29 INFO  - 开始保存聊天消息数据
18:00:29 INFO  - 聊天消息数据保存完成，共处理条 0 数据。耗时：0时0分0秒24毫秒
18:01:29 INFO  - 开始保存聊天消息数据
18:01:29 INFO  - 聊天消息数据保存完成，共处理条 0 数据。耗时：0时0分0秒15毫秒
18:02:29 INFO  - 开始保存聊天消息数据
18:02:29 INFO  - 聊天消息数据保存完成，共处理条 0 数据。耗时：0时0分0秒13毫秒
18:03:29 INFO  - 开始保存聊天消息数据
18:03:29 INFO  - 聊天消息数据保存完成，共处理条 0 数据。耗时：0时0分0秒15毫秒
18:04:29 INFO  - 开始保存聊天消息数据
18:04:29 INFO  - 聊天消息数据保存完成，共处理条 0 数据。耗时：0时0分0秒17毫秒
18:05:29 INFO  - 开始保存聊天消息数据
18:05:29 INFO  - 聊天消息数据保存完成，共处理条 0 数据。耗时：0时0分0秒16毫秒
