12:10:57 INFO  - 开始保存聊天消息数据
12:10:57 INFO  - admin 成功登录Openfire
12:10:57 INFO  - 聊天消息数据保存完成，共处理条 0 数据。耗时：0时0分0秒864毫秒
12:10:59 INFO  - 问答自动分配悬赏金报错，Error：One or more errors occurred. (One or more errors occurred. (由于目标计算机积极拒绝，无法连接。)) 
12:11:56 INFO  - 开始保存聊天消息数据
12:11:56 INFO  - 聊天消息数据保存完成，共处理条 0 数据。耗时：0时0分0秒6毫秒
12:12:56 INFO  - 开始保存聊天消息数据
12:12:56 INFO  - 聊天消息数据保存完成，共处理条 0 数据。耗时：0时0分0秒5毫秒
12:13:56 INFO  - 开始保存聊天消息数据
12:13:56 INFO  - 聊天消息数据保存完成，共处理条 0 数据。耗时：0时0分0秒22毫秒
12:14:56 INFO  - 开始保存聊天消息数据
12:14:56 INFO  - 聊天消息数据保存完成，共处理条 0 数据。耗时：0时0分0秒6毫秒
12:15:56 INFO  - 开始保存聊天消息数据
12:15:56 INFO  - 聊天消息数据保存完成，共处理条 0 数据。耗时：0时0分0秒5毫秒
12:16:56 INFO  - 开始保存聊天消息数据
12:16:56 INFO  - 聊天消息数据保存完成，共处理条 0 数据。耗时：0时0分0秒1毫秒
12:17:56 INFO  - 开始保存聊天消息数据
12:17:56 INFO  - 聊天消息数据保存完成，共处理条 0 数据。耗时：0时0分0秒6毫秒
12:18:56 INFO  - 开始保存聊天消息数据
12:18:56 INFO  - 聊天消息数据保存完成，共处理条 0 数据。耗时：0时0分0秒15毫秒
12:19:56 INFO  - 开始保存聊天消息数据
12:19:56 INFO  - 聊天消息数据保存完成，共处理条 0 数据。耗时：0时0分0秒6毫秒
12:20:56 INFO  - 开始保存聊天消息数据
12:20:56 INFO  - 聊天消息数据保存完成，共处理条 0 数据。耗时：0时0分0秒11毫秒
12:21:56 INFO  - 开始保存聊天消息数据
12:21:56 INFO  - 聊天消息数据保存完成，共处理条 0 数据。耗时：0时0分0秒5毫秒
12:22:56 INFO  - 开始保存聊天消息数据
12:22:56 INFO  - 聊天消息数据保存完成，共处理条 0 数据。耗时：0时0分0秒5毫秒
12:23:56 INFO  - 开始保存聊天消息数据
12:23:56 INFO  - 聊天消息数据保存完成，共处理条 0 数据。耗时：0时0分0秒6毫秒
12:24:56 INFO  - 开始保存聊天消息数据
12:24:56 INFO  - 聊天消息数据保存完成，共处理条 0 数据。耗时：0时0分0秒2毫秒
12:25:56 INFO  - 开始保存聊天消息数据
12:25:56 INFO  - 聊天消息数据保存完成，共处理条 0 数据。耗时：0时0分0秒1毫秒
12:26:56 INFO  - 开始保存聊天消息数据
12:26:56 INFO  - 聊天消息数据保存完成，共处理条 0 数据。耗时：0时0分0秒3毫秒
12:27:56 INFO  - 开始保存聊天消息数据
12:27:56 INFO  - 聊天消息数据保存完成，共处理条 0 数据。耗时：0时0分0秒8毫秒
12:28:56 INFO  - 开始保存聊天消息数据
12:28:56 INFO  - 聊天消息数据保存完成，共处理条 0 数据。耗时：0时0分0秒5毫秒
12:29:56 INFO  - 开始保存聊天消息数据
12:29:56 INFO  - 聊天消息数据保存完成，共处理条 0 数据。耗时：0时0分0秒2毫秒
12:30:56 INFO  - 开始保存聊天消息数据
12:30:56 INFO  - 聊天消息数据保存完成，共处理条 0 数据。耗时：0时0分0秒4毫秒
12:31:56 INFO  - 开始保存聊天消息数据
12:31:56 INFO  - 聊天消息数据保存完成，共处理条 0 数据。耗时：0时0分0秒2毫秒
12:32:56 INFO  - 开始保存聊天消息数据
12:32:56 INFO  - 聊天消息数据保存完成，共处理条 0 数据。耗时：0时0分0秒2毫秒
12:33:56 INFO  - 开始保存聊天消息数据
12:33:56 INFO  - 聊天消息数据保存完成，共处理条 0 数据。耗时：0时0分0秒2毫秒
12:34:56 INFO  - 开始保存聊天消息数据
12:34:56 INFO  - 聊天消息数据保存完成，共处理条 0 数据。耗时：0时0分0秒10毫秒
12:35:56 INFO  - 开始保存聊天消息数据
12:35:56 INFO  - 聊天消息数据保存完成，共处理条 0 数据。耗时：0时0分0秒3毫秒
12:36:56 INFO  - 开始保存聊天消息数据
12:36:56 INFO  - 聊天消息数据保存完成，共处理条 0 数据。耗时：0时0分0秒2毫秒
12:37:56 INFO  - 开始保存聊天消息数据
12:37:56 INFO  - 聊天消息数据保存完成，共处理条 0 数据。耗时：0时0分0秒2毫秒
12:38:56 INFO  - 开始保存聊天消息数据
12:38:56 INFO  - 聊天消息数据保存完成，共处理条 0 数据。耗时：0时0分0秒2毫秒
12:39:56 INFO  - 开始保存聊天消息数据
12:39:56 INFO  - 聊天消息数据保存完成，共处理条 0 数据。耗时：0时0分0秒6毫秒
12:40:56 INFO  - 开始保存聊天消息数据
12:40:56 INFO  - 聊天消息数据保存完成，共处理条 0 数据。耗时：0时0分0秒6毫秒
12:41:56 INFO  - 开始保存聊天消息数据
12:41:56 INFO  - 聊天消息数据保存完成，共处理条 0 数据。耗时：0时0分0秒2毫秒
12:42:56 INFO  - 开始保存聊天消息数据
12:42:56 INFO  - 聊天消息数据保存完成，共处理条 0 数据。耗时：0时0分0秒4毫秒
12:43:56 INFO  - 开始保存聊天消息数据
12:43:56 INFO  - 聊天消息数据保存完成，共处理条 0 数据。耗时：0时0分0秒10毫秒
12:44:56 INFO  - 开始保存聊天消息数据
12:44:56 INFO  - 聊天消息数据保存完成，共处理条 0 数据。耗时：0时0分0秒6毫秒
12:45:56 INFO  - 开始保存聊天消息数据
12:45:56 INFO  - 聊天消息数据保存完成，共处理条 0 数据。耗时：0时0分0秒7毫秒
12:46:58 INFO  - 开始保存聊天消息数据
12:46:58 INFO  - 聊天消息数据保存完成，共处理条 0 数据。耗时：0时0分0秒7毫秒
12:47:58 INFO  - 开始保存聊天消息数据
12:47:58 INFO  - 聊天消息数据保存完成，共处理条 0 数据。耗时：0时0分0秒6毫秒
12:48:58 INFO  - 开始保存聊天消息数据
12:48:58 INFO  - 聊天消息数据保存完成，共处理条 0 数据。耗时：0时0分0秒2毫秒
12:49:58 INFO  - 开始保存聊天消息数据
12:49:58 INFO  - 聊天消息数据保存完成，共处理条 0 数据。耗时：0时0分0秒6毫秒
12:50:58 INFO  - 开始保存聊天消息数据
12:50:58 INFO  - 聊天消息数据保存完成，共处理条 0 数据。耗时：0时0分0秒6毫秒
12:51:58 INFO  - 开始保存聊天消息数据
12:51:58 INFO  - 聊天消息数据保存完成，共处理条 0 数据。耗时：0时0分0秒6毫秒
12:52:58 INFO  - 开始保存聊天消息数据
12:52:58 INFO  - 聊天消息数据保存完成，共处理条 0 数据。耗时：0时0分0秒5毫秒
12:53:58 INFO  - 开始保存聊天消息数据
12:53:58 INFO  - 聊天消息数据保存完成，共处理条 0 数据。耗时：0时0分0秒6毫秒
12:54:58 INFO  - 开始保存聊天消息数据
12:54:58 INFO  - 聊天消息数据保存完成，共处理条 0 数据。耗时：0时0分0秒6毫秒
12:55:58 INFO  - 开始保存聊天消息数据
12:55:58 INFO  - 聊天消息数据保存完成，共处理条 0 数据。耗时：0时0分0秒7毫秒
12:56:58 INFO  - 开始保存聊天消息数据
12:56:58 INFO  - 聊天消息数据保存完成，共处理条 0 数据。耗时：0时0分0秒9毫秒
12:57:58 INFO  - 开始保存聊天消息数据
12:57:58 INFO  - 聊天消息数据保存完成，共处理条 0 数据。耗时：0时0分0秒5毫秒
12:58:58 INFO  - 开始保存聊天消息数据
12:58:58 INFO  - 聊天消息数据保存完成，共处理条 0 数据。耗时：0时0分0秒5毫秒
12:59:58 INFO  - 开始保存聊天消息数据
12:59:58 INFO  - 聊天消息数据保存完成，共处理条 0 数据。耗时：0时0分0秒5毫秒
13:00:58 INFO  - 开始保存聊天消息数据
13:00:58 INFO  - 聊天消息数据保存完成，共处理条 0 数据。耗时：0时0分0秒9毫秒
13:01:58 INFO  - 开始保存聊天消息数据
13:01:58 INFO  - 聊天消息数据保存完成，共处理条 0 数据。耗时：0时0分0秒6毫秒
13:02:58 INFO  - 开始保存聊天消息数据
13:02:58 INFO  - 聊天消息数据保存完成，共处理条 0 数据。耗时：0时0分0秒5毫秒
13:03:58 INFO  - 开始保存聊天消息数据
13:03:58 INFO  - 聊天消息数据保存完成，共处理条 0 数据。耗时：0时0分0秒8毫秒
13:04:58 INFO  - 开始保存聊天消息数据
13:04:58 INFO  - 聊天消息数据保存完成，共处理条 0 数据。耗时：0时0分0秒6毫秒
13:05:58 INFO  - 开始保存聊天消息数据
13:05:58 INFO  - 聊天消息数据保存完成，共处理条 0 数据。耗时：0时0分0秒6毫秒
13:06:58 INFO  - 开始保存聊天消息数据
13:06:58 INFO  - 聊天消息数据保存完成，共处理条 0 数据。耗时：0时0分0秒11毫秒
13:07:58 INFO  - 开始保存聊天消息数据
13:07:58 INFO  - 聊天消息数据保存完成，共处理条 0 数据。耗时：0时0分0秒6毫秒
13:08:58 INFO  - 开始保存聊天消息数据
13:08:58 INFO  - 聊天消息数据保存完成，共处理条 0 数据。耗时：0时0分0秒5毫秒
13:09:58 INFO  - 开始保存聊天消息数据
13:09:58 INFO  - 聊天消息数据保存完成，共处理条 0 数据。耗时：0时0分0秒12毫秒
13:10:58 INFO  - 开始保存聊天消息数据
13:10:58 INFO  - 聊天消息数据保存完成，共处理条 0 数据。耗时：0时0分0秒7毫秒
13:11:58 INFO  - 开始保存聊天消息数据
13:11:58 INFO  - 聊天消息数据保存完成，共处理条 0 数据。耗时：0时0分0秒7毫秒
13:12:58 INFO  - 开始保存聊天消息数据
13:12:58 INFO  - 聊天消息数据保存完成，共处理条 0 数据。耗时：0时0分0秒6毫秒
13:13:58 INFO  - 开始保存聊天消息数据
13:13:58 INFO  - 聊天消息数据保存完成，共处理条 0 数据。耗时：0时0分0秒4毫秒
13:14:58 INFO  - 开始保存聊天消息数据
13:14:58 INFO  - 聊天消息数据保存完成，共处理条 0 数据。耗时：0时0分0秒6毫秒
13:15:58 INFO  - 开始保存聊天消息数据
13:15:58 INFO  - 聊天消息数据保存完成，共处理条 0 数据。耗时：0时0分0秒6毫秒
13:16:58 INFO  - 开始保存聊天消息数据
13:16:58 INFO  - 聊天消息数据保存完成，共处理条 0 数据。耗时：0时0分0秒7毫秒
13:17:58 INFO  - 开始保存聊天消息数据
13:17:58 INFO  - 聊天消息数据保存完成，共处理条 0 数据。耗时：0时0分0秒3毫秒
13:18:58 INFO  - 开始保存聊天消息数据
13:18:58 INFO  - 聊天消息数据保存完成，共处理条 0 数据。耗时：0时0分0秒5毫秒
13:19:58 INFO  - 开始保存聊天消息数据
13:19:58 INFO  - 聊天消息数据保存完成，共处理条 0 数据。耗时：0时0分0秒12毫秒
13:20:58 INFO  - 开始保存聊天消息数据
13:20:58 INFO  - 聊天消息数据保存完成，共处理条 0 数据。耗时：0时0分0秒9毫秒
13:21:58 INFO  - 开始保存聊天消息数据
13:21:58 INFO  - 聊天消息数据保存完成，共处理条 0 数据。耗时：0时0分0秒7毫秒
13:22:58 INFO  - 开始保存聊天消息数据
13:22:58 INFO  - 聊天消息数据保存完成，共处理条 0 数据。耗时：0时0分0秒6毫秒
13:23:58 INFO  - 开始保存聊天消息数据
13:23:58 INFO  - 聊天消息数据保存完成，共处理条 0 数据。耗时：0时0分0秒6毫秒
13:24:58 INFO  - 开始保存聊天消息数据
13:24:58 INFO  - 聊天消息数据保存完成，共处理条 0 数据。耗时：0时0分0秒5毫秒
13:25:58 INFO  - 开始保存聊天消息数据
13:25:58 INFO  - 聊天消息数据保存完成，共处理条 0 数据。耗时：0时0分0秒5毫秒
13:26:58 INFO  - 开始保存聊天消息数据
13:26:58 INFO  - 聊天消息数据保存完成，共处理条 0 数据。耗时：0时0分0秒7毫秒
13:27:58 INFO  - 开始保存聊天消息数据
13:27:58 INFO  - 聊天消息数据保存完成，共处理条 0 数据。耗时：0时0分0秒5毫秒
13:28:58 INFO  - 开始保存聊天消息数据
13:28:58 INFO  - 聊天消息数据保存完成，共处理条 0 数据。耗时：0时0分0秒6毫秒
13:29:58 INFO  - 开始保存聊天消息数据
13:29:58 INFO  - 聊天消息数据保存完成，共处理条 0 数据。耗时：0时0分0秒6毫秒
13:30:58 INFO  - 开始保存聊天消息数据
13:30:58 INFO  - 聊天消息数据保存完成，共处理条 0 数据。耗时：0时0分0秒6毫秒
13:31:58 INFO  - 开始保存聊天消息数据
13:31:58 INFO  - 聊天消息数据保存完成，共处理条 0 数据。耗时：0时0分0秒14毫秒
13:32:58 INFO  - 开始保存聊天消息数据
13:32:58 INFO  - 聊天消息数据保存完成，共处理条 0 数据。耗时：0时0分0秒6毫秒
13:33:58 INFO  - 开始保存聊天消息数据
13:33:58 INFO  - 聊天消息数据保存完成，共处理条 0 数据。耗时：0时0分0秒6毫秒
13:34:58 INFO  - 开始保存聊天消息数据
13:34:58 INFO  - 聊天消息数据保存完成，共处理条 0 数据。耗时：0时0分0秒7毫秒
13:35:58 INFO  - 开始保存聊天消息数据
13:35:58 INFO  - 聊天消息数据保存完成，共处理条 0 数据。耗时：0时0分0秒5毫秒
13:36:58 INFO  - 开始保存聊天消息数据
13:36:58 INFO  - 聊天消息数据保存完成，共处理条 0 数据。耗时：0时0分0秒6毫秒
13:37:58 INFO  - 开始保存聊天消息数据
13:37:58 INFO  - 聊天消息数据保存完成，共处理条 0 数据。耗时：0时0分0秒6毫秒
13:38:58 INFO  - 开始保存聊天消息数据
13:38:58 INFO  - 聊天消息数据保存完成，共处理条 0 数据。耗时：0时0分0秒6毫秒
13:39:58 INFO  - 开始保存聊天消息数据
13:39:58 INFO  - 聊天消息数据保存完成，共处理条 0 数据。耗时：0时0分0秒6毫秒
13:40:58 INFO  - 开始保存聊天消息数据
13:40:58 INFO  - 聊天消息数据保存完成，共处理条 0 数据。耗时：0时0分0秒9毫秒
13:41:58 INFO  - 开始保存聊天消息数据
13:41:58 INFO  - 聊天消息数据保存完成，共处理条 0 数据。耗时：0时0分0秒6毫秒
13:42:58 INFO  - 开始保存聊天消息数据
13:42:58 INFO  - 聊天消息数据保存完成，共处理条 0 数据。耗时：0时0分0秒6毫秒
13:43:58 INFO  - 开始保存聊天消息数据
13:43:58 INFO  - 聊天消息数据保存完成，共处理条 0 数据。耗时：0时0分0秒6毫秒
13:44:58 INFO  - 开始保存聊天消息数据
13:44:58 INFO  - 聊天消息数据保存完成，共处理条 0 数据。耗时：0时0分0秒6毫秒
13:45:58 INFO  - 开始保存聊天消息数据
13:45:58 INFO  - 聊天消息数据保存完成，共处理条 0 数据。耗时：0时0分0秒6毫秒
13:46:58 INFO  - 开始保存聊天消息数据
13:46:58 INFO  - 聊天消息数据保存完成，共处理条 0 数据。耗时：0时0分0秒6毫秒
13:47:58 INFO  - 开始保存聊天消息数据
13:47:58 INFO  - 聊天消息数据保存完成，共处理条 0 数据。耗时：0时0分0秒7毫秒
13:48:58 INFO  - 开始保存聊天消息数据
13:48:58 INFO  - 聊天消息数据保存完成，共处理条 0 数据。耗时：0时0分0秒5毫秒
13:49:58 INFO  - 开始保存聊天消息数据
13:49:58 INFO  - 聊天消息数据保存完成，共处理条 0 数据。耗时：0时0分0秒6毫秒
13:50:58 INFO  - 开始保存聊天消息数据
13:50:58 INFO  - 聊天消息数据保存完成，共处理条 0 数据。耗时：0时0分0秒5毫秒
13:51:58 INFO  - 开始保存聊天消息数据
13:51:58 INFO  - 聊天消息数据保存完成，共处理条 0 数据。耗时：0时0分0秒7毫秒
13:52:58 INFO  - 开始保存聊天消息数据
13:52:58 INFO  - 聊天消息数据保存完成，共处理条 0 数据。耗时：0时0分0秒11毫秒
13:53:58 INFO  - 开始保存聊天消息数据
13:53:58 INFO  - 聊天消息数据保存完成，共处理条 0 数据。耗时：0时0分0秒6毫秒
13:54:58 INFO  - 开始保存聊天消息数据
13:54:58 INFO  - 聊天消息数据保存完成，共处理条 0 数据。耗时：0时0分0秒6毫秒
13:55:58 INFO  - 开始保存聊天消息数据
13:55:58 INFO  - 聊天消息数据保存完成，共处理条 0 数据。耗时：0时0分0秒7毫秒
13:56:58 INFO  - 开始保存聊天消息数据
13:56:58 INFO  - 聊天消息数据保存完成，共处理条 0 数据。耗时：0时0分0秒10毫秒
13:57:58 INFO  - 开始保存聊天消息数据
13:57:58 INFO  - 聊天消息数据保存完成，共处理条 0 数据。耗时：0时0分0秒6毫秒
13:58:58 INFO  - 开始保存聊天消息数据
13:58:58 INFO  - 聊天消息数据保存完成，共处理条 0 数据。耗时：0时0分0秒8毫秒
13:59:58 INFO  - 开始保存聊天消息数据
13:59:58 INFO  - 聊天消息数据保存完成，共处理条 0 数据。耗时：0时0分0秒14毫秒
14:00:58 INFO  - 开始保存聊天消息数据
14:00:58 INFO  - 聊天消息数据保存完成，共处理条 0 数据。耗时：0时0分0秒6毫秒
14:01:58 INFO  - 开始保存聊天消息数据
14:01:58 INFO  - 聊天消息数据保存完成，共处理条 0 数据。耗时：0时0分0秒11毫秒
14:02:58 INFO  - 开始保存聊天消息数据
14:02:58 INFO  - 聊天消息数据保存完成，共处理条 0 数据。耗时：0时0分0秒11毫秒
14:03:58 INFO  - 开始保存聊天消息数据
14:03:58 INFO  - 聊天消息数据保存完成，共处理条 0 数据。耗时：0时0分0秒6毫秒
14:04:58 INFO  - 开始保存聊天消息数据
14:04:58 INFO  - 聊天消息数据保存完成，共处理条 0 数据。耗时：0时0分0秒8毫秒
14:05:58 INFO  - 开始保存聊天消息数据
14:05:58 INFO  - 聊天消息数据保存完成，共处理条 0 数据。耗时：0时0分0秒6毫秒
14:06:58 INFO  - 开始保存聊天消息数据
14:06:58 INFO  - 聊天消息数据保存完成，共处理条 0 数据。耗时：0时0分0秒6毫秒
14:07:58 INFO  - 开始保存聊天消息数据
14:07:58 INFO  - 聊天消息数据保存完成，共处理条 0 数据。耗时：0时0分0秒6毫秒
14:08:58 INFO  - 开始保存聊天消息数据
14:08:58 INFO  - 聊天消息数据保存完成，共处理条 0 数据。耗时：0时0分0秒8毫秒
14:09:58 INFO  - 开始保存聊天消息数据
14:09:58 INFO  - 聊天消息数据保存完成，共处理条 0 数据。耗时：0时0分0秒6毫秒
14:10:58 INFO  - 开始保存聊天消息数据
14:10:58 INFO  - 聊天消息数据保存完成，共处理条 0 数据。耗时：0时0分0秒7毫秒
14:11:58 INFO  - 开始保存聊天消息数据
14:11:58 INFO  - 聊天消息数据保存完成，共处理条 0 数据。耗时：0时0分0秒8毫秒
14:12:58 INFO  - 开始保存聊天消息数据
14:12:58 INFO  - 聊天消息数据保存完成，共处理条 0 数据。耗时：0时0分0秒5毫秒
14:13:58 INFO  - 开始保存聊天消息数据
14:13:58 INFO  - 聊天消息数据保存完成，共处理条 0 数据。耗时：0时0分0秒6毫秒
14:14:58 INFO  - 开始保存聊天消息数据
14:14:58 INFO  - 聊天消息数据保存完成，共处理条 0 数据。耗时：0时0分0秒6毫秒
14:15:58 INFO  - 开始保存聊天消息数据
14:15:58 INFO  - 聊天消息数据保存完成，共处理条 0 数据。耗时：0时0分0秒5毫秒
14:16:58 INFO  - 开始保存聊天消息数据
14:16:58 INFO  - 聊天消息数据保存完成，共处理条 0 数据。耗时：0时0分0秒15毫秒
14:17:58 INFO  - 开始保存聊天消息数据
14:17:58 INFO  - 聊天消息数据保存完成，共处理条 0 数据。耗时：0时0分0秒6毫秒
14:18:58 INFO  - 开始保存聊天消息数据
14:18:58 INFO  - 聊天消息数据保存完成，共处理条 0 数据。耗时：0时0分0秒5毫秒
14:19:58 INFO  - 开始保存聊天消息数据
14:19:58 INFO  - 聊天消息数据保存完成，共处理条 0 数据。耗时：0时0分0秒6毫秒
14:20:58 INFO  - 开始保存聊天消息数据
14:20:58 INFO  - 聊天消息数据保存完成，共处理条 0 数据。耗时：0时0分0秒5毫秒
14:21:58 INFO  - 开始保存聊天消息数据
14:21:58 INFO  - 聊天消息数据保存完成，共处理条 0 数据。耗时：0时0分0秒5毫秒
14:22:58 INFO  - 开始保存聊天消息数据
14:22:58 INFO  - 聊天消息数据保存完成，共处理条 0 数据。耗时：0时0分0秒5毫秒
14:23:58 INFO  - 开始保存聊天消息数据
14:23:58 INFO  - 聊天消息数据保存完成，共处理条 0 数据。耗时：0时0分0秒5毫秒
14:24:58 INFO  - 开始保存聊天消息数据
14:24:58 INFO  - 聊天消息数据保存完成，共处理条 0 数据。耗时：0时0分0秒6毫秒
14:25:58 INFO  - 开始保存聊天消息数据
14:25:58 INFO  - 聊天消息数据保存完成，共处理条 0 数据。耗时：0时0分0秒9毫秒
14:26:58 INFO  - 开始保存聊天消息数据
14:26:58 INFO  - 聊天消息数据保存完成，共处理条 0 数据。耗时：0时0分0秒11毫秒
14:27:58 INFO  - 开始保存聊天消息数据
14:27:58 INFO  - 聊天消息数据保存完成，共处理条 0 数据。耗时：0时0分0秒6毫秒
14:28:58 INFO  - 开始保存聊天消息数据
14:28:58 INFO  - 聊天消息数据保存完成，共处理条 0 数据。耗时：0时0分0秒6毫秒
14:29:58 INFO  - 开始保存聊天消息数据
14:29:58 INFO  - 聊天消息数据保存完成，共处理条 0 数据。耗时：0时0分0秒6毫秒
14:30:58 INFO  - 开始保存聊天消息数据
14:30:58 INFO  - 聊天消息数据保存完成，共处理条 0 数据。耗时：0时0分0秒5毫秒
14:31:58 INFO  - 开始保存聊天消息数据
14:31:58 INFO  - 聊天消息数据保存完成，共处理条 0 数据。耗时：0时0分0秒11毫秒
14:32:58 INFO  - 开始保存聊天消息数据
14:32:58 INFO  - 聊天消息数据保存完成，共处理条 0 数据。耗时：0时0分0秒5毫秒
14:33:58 INFO  - 开始保存聊天消息数据
14:33:58 INFO  - 聊天消息数据保存完成，共处理条 0 数据。耗时：0时0分0秒5毫秒
14:34:58 INFO  - 开始保存聊天消息数据
14:34:58 INFO  - 聊天消息数据保存完成，共处理条 0 数据。耗时：0时0分0秒6毫秒
14:35:58 INFO  - 开始保存聊天消息数据
14:35:58 INFO  - 聊天消息数据保存完成，共处理条 0 数据。耗时：0时0分0秒6毫秒
14:36:58 INFO  - 开始保存聊天消息数据
14:36:58 INFO  - 聊天消息数据保存完成，共处理条 0 数据。耗时：0时0分0秒6毫秒
14:37:58 INFO  - 开始保存聊天消息数据
14:37:58 INFO  - 聊天消息数据保存完成，共处理条 0 数据。耗时：0时0分0秒5毫秒
14:38:58 INFO  - 开始保存聊天消息数据
14:38:58 INFO  - 聊天消息数据保存完成，共处理条 0 数据。耗时：0时0分0秒5毫秒
14:39:58 INFO  - 开始保存聊天消息数据
14:39:58 INFO  - 聊天消息数据保存完成，共处理条 0 数据。耗时：0时0分0秒4毫秒
14:40:58 INFO  - 开始保存聊天消息数据
14:40:58 INFO  - 聊天消息数据保存完成，共处理条 0 数据。耗时：0时0分0秒8毫秒
14:41:58 INFO  - 开始保存聊天消息数据
14:41:58 INFO  - 聊天消息数据保存完成，共处理条 0 数据。耗时：0时0分0秒6毫秒
14:42:58 INFO  - 开始保存聊天消息数据
14:42:58 INFO  - 聊天消息数据保存完成，共处理条 0 数据。耗时：0时0分0秒8毫秒
14:43:58 INFO  - 开始保存聊天消息数据
14:43:58 INFO  - 聊天消息数据保存完成，共处理条 0 数据。耗时：0时0分0秒10毫秒
14:44:58 INFO  - 开始保存聊天消息数据
14:44:58 INFO  - 聊天消息数据保存完成，共处理条 0 数据。耗时：0时0分0秒12毫秒
14:45:58 INFO  - 开始保存聊天消息数据
14:45:58 INFO  - 聊天消息数据保存完成，共处理条 0 数据。耗时：0时0分0秒6毫秒
14:46:58 INFO  - 开始保存聊天消息数据
14:46:58 INFO  - 聊天消息数据保存完成，共处理条 0 数据。耗时：0时0分0秒6毫秒
14:47:58 INFO  - 开始保存聊天消息数据
14:47:58 INFO  - 聊天消息数据保存完成，共处理条 0 数据。耗时：0时0分0秒11毫秒
14:48:58 INFO  - 开始保存聊天消息数据
14:48:58 INFO  - 聊天消息数据保存完成，共处理条 0 数据。耗时：0时0分0秒2毫秒
14:49:58 INFO  - 开始保存聊天消息数据
14:49:58 INFO  - 聊天消息数据保存完成，共处理条 0 数据。耗时：0时0分0秒6毫秒
14:50:58 INFO  - 开始保存聊天消息数据
14:50:58 INFO  - 聊天消息数据保存完成，共处理条 0 数据。耗时：0时0分0秒5毫秒
14:51:58 INFO  - 开始保存聊天消息数据
14:51:58 INFO  - 聊天消息数据保存完成，共处理条 0 数据。耗时：0时0分0秒4毫秒
14:52:58 INFO  - 开始保存聊天消息数据
14:52:58 INFO  - 聊天消息数据保存完成，共处理条 0 数据。耗时：0时0分0秒7毫秒
14:53:58 INFO  - 开始保存聊天消息数据
14:53:58 INFO  - 聊天消息数据保存完成，共处理条 0 数据。耗时：0时0分0秒6毫秒
14:54:58 INFO  - 开始保存聊天消息数据
14:54:58 INFO  - 聊天消息数据保存完成，共处理条 0 数据。耗时：0时0分0秒11毫秒
14:55:58 INFO  - 开始保存聊天消息数据
14:55:58 INFO  - 聊天消息数据保存完成，共处理条 0 数据。耗时：0时0分0秒7毫秒
14:56:58 INFO  - 开始保存聊天消息数据
14:56:58 INFO  - 聊天消息数据保存完成，共处理条 0 数据。耗时：0时0分0秒6毫秒
14:57:58 INFO  - 开始保存聊天消息数据
14:57:58 INFO  - 聊天消息数据保存完成，共处理条 0 数据。耗时：0时0分0秒5毫秒
14:58:58 INFO  - 开始保存聊天消息数据
14:58:58 INFO  - 聊天消息数据保存完成，共处理条 0 数据。耗时：0时0分0秒8毫秒
14:59:58 INFO  - 开始保存聊天消息数据
14:59:58 INFO  - 聊天消息数据保存完成，共处理条 0 数据。耗时：0时0分0秒5毫秒
15:00:58 INFO  - 开始保存聊天消息数据
15:00:58 INFO  - 聊天消息数据保存完成，共处理条 0 数据。耗时：0时0分0秒6毫秒
15:01:58 INFO  - 开始保存聊天消息数据
15:01:58 INFO  - 聊天消息数据保存完成，共处理条 0 数据。耗时：0时0分0秒7毫秒
15:02:58 INFO  - 开始保存聊天消息数据
15:02:58 INFO  - 聊天消息数据保存完成，共处理条 0 数据。耗时：0时0分0秒5毫秒
15:03:58 INFO  - 开始保存聊天消息数据
15:03:58 INFO  - 聊天消息数据保存完成，共处理条 0 数据。耗时：0时0分0秒13毫秒
15:04:58 INFO  - 开始保存聊天消息数据
15:04:58 INFO  - 聊天消息数据保存完成，共处理条 0 数据。耗时：0时0分0秒6毫秒
15:05:58 INFO  - 开始保存聊天消息数据
15:05:58 INFO  - 聊天消息数据保存完成，共处理条 0 数据。耗时：0时0分0秒7毫秒
15:06:58 INFO  - 开始保存聊天消息数据
15:06:58 INFO  - 聊天消息数据保存完成，共处理条 0 数据。耗时：0时0分0秒12毫秒
15:07:58 INFO  - 开始保存聊天消息数据
15:07:58 INFO  - 聊天消息数据保存完成，共处理条 0 数据。耗时：0时0分0秒6毫秒
15:08:58 INFO  - 开始保存聊天消息数据
15:08:58 INFO  - 聊天消息数据保存完成，共处理条 0 数据。耗时：0时0分0秒14毫秒
15:09:58 INFO  - 开始保存聊天消息数据
15:09:58 INFO  - 聊天消息数据保存完成，共处理条 0 数据。耗时：0时0分0秒6毫秒
15:10:58 INFO  - 开始保存聊天消息数据
15:10:58 INFO  - 聊天消息数据保存完成，共处理条 0 数据。耗时：0时0分0秒6毫秒
15:11:58 INFO  - 开始保存聊天消息数据
15:11:58 INFO  - 聊天消息数据保存完成，共处理条 0 数据。耗时：0时0分0秒8毫秒
15:12:58 INFO  - 开始保存聊天消息数据
15:12:58 INFO  - 聊天消息数据保存完成，共处理条 0 数据。耗时：0时0分0秒5毫秒
15:13:58 INFO  - 开始保存聊天消息数据
15:13:58 INFO  - 聊天消息数据保存完成，共处理条 0 数据。耗时：0时0分0秒5毫秒
15:14:58 INFO  - 开始保存聊天消息数据
15:14:58 INFO  - 聊天消息数据保存完成，共处理条 0 数据。耗时：0时0分0秒8毫秒
15:15:58 INFO  - 开始保存聊天消息数据
15:15:58 INFO  - 聊天消息数据保存完成，共处理条 0 数据。耗时：0时0分0秒6毫秒
15:16:58 INFO  - 开始保存聊天消息数据
15:16:58 INFO  - 聊天消息数据保存完成，共处理条 0 数据。耗时：0时0分0秒5毫秒
15:17:58 INFO  - 开始保存聊天消息数据
15:17:58 INFO  - 聊天消息数据保存完成，共处理条 0 数据。耗时：0时0分0秒6毫秒
15:18:58 INFO  - 开始保存聊天消息数据
15:18:58 INFO  - 聊天消息数据保存完成，共处理条 0 数据。耗时：0时0分0秒11毫秒
15:19:58 INFO  - 开始保存聊天消息数据
15:19:58 INFO  - 聊天消息数据保存完成，共处理条 0 数据。耗时：0时0分0秒26毫秒
15:20:58 INFO  - 开始保存聊天消息数据
15:20:58 INFO  - 聊天消息数据保存完成，共处理条 0 数据。耗时：0时0分0秒8毫秒
15:21:58 INFO  - 开始保存聊天消息数据
15:21:58 INFO  - 聊天消息数据保存完成，共处理条 0 数据。耗时：0时0分0秒6毫秒
15:22:58 INFO  - 开始保存聊天消息数据
15:22:58 INFO  - 聊天消息数据保存完成，共处理条 0 数据。耗时：0时0分0秒7毫秒
15:23:58 INFO  - 开始保存聊天消息数据
15:23:58 INFO  - 聊天消息数据保存完成，共处理条 0 数据。耗时：0时0分0秒6毫秒
15:24:58 INFO  - 开始保存聊天消息数据
15:24:58 INFO  - 聊天消息数据保存完成，共处理条 0 数据。耗时：0时0分0秒6毫秒
15:25:58 INFO  - 开始保存聊天消息数据
15:25:58 INFO  - 聊天消息数据保存完成，共处理条 0 数据。耗时：0时0分0秒6毫秒
15:26:58 INFO  - 开始保存聊天消息数据
15:26:58 INFO  - 聊天消息数据保存完成，共处理条 0 数据。耗时：0时0分0秒15毫秒
15:27:58 INFO  - 开始保存聊天消息数据
15:27:58 INFO  - 聊天消息数据保存完成，共处理条 0 数据。耗时：0时0分0秒7毫秒
15:28:58 INFO  - 开始保存聊天消息数据
15:28:58 INFO  - 聊天消息数据保存完成，共处理条 0 数据。耗时：0时0分0秒10毫秒
15:29:58 INFO  - 开始保存聊天消息数据
15:29:58 INFO  - 聊天消息数据保存完成，共处理条 0 数据。耗时：0时0分0秒7毫秒
15:30:58 INFO  - 开始保存聊天消息数据
15:30:58 INFO  - 聊天消息数据保存完成，共处理条 0 数据。耗时：0时0分0秒6毫秒
15:31:58 INFO  - 开始保存聊天消息数据
15:31:58 INFO  - 聊天消息数据保存完成，共处理条 0 数据。耗时：0时0分0秒16毫秒
15:32:58 INFO  - 开始保存聊天消息数据
15:32:58 INFO  - 聊天消息数据保存完成，共处理条 0 数据。耗时：0时0分0秒6毫秒
15:33:58 INFO  - 开始保存聊天消息数据
15:33:58 INFO  - 聊天消息数据保存完成，共处理条 0 数据。耗时：0时0分0秒5毫秒
15:34:58 INFO  - 开始保存聊天消息数据
15:34:58 INFO  - 聊天消息数据保存完成，共处理条 0 数据。耗时：0时0分0秒6毫秒
15:35:58 INFO  - 开始保存聊天消息数据
15:35:58 INFO  - 聊天消息数据保存完成，共处理条 0 数据。耗时：0时0分0秒12毫秒
15:36:58 INFO  - 开始保存聊天消息数据
15:36:58 INFO  - 聊天消息数据保存完成，共处理条 0 数据。耗时：0时0分0秒13毫秒
15:37:58 INFO  - 开始保存聊天消息数据
15:37:58 INFO  - 聊天消息数据保存完成，共处理条 0 数据。耗时：0时0分0秒6毫秒
15:38:58 INFO  - 开始保存聊天消息数据
15:38:58 INFO  - 聊天消息数据保存完成，共处理条 0 数据。耗时：0时0分0秒8毫秒
15:39:58 INFO  - 开始保存聊天消息数据
15:39:58 INFO  - 聊天消息数据保存完成，共处理条 0 数据。耗时：0时0分0秒5毫秒
15:40:58 INFO  - 开始保存聊天消息数据
15:40:58 INFO  - 聊天消息数据保存完成，共处理条 0 数据。耗时：0时0分0秒5毫秒
15:41:58 INFO  - 开始保存聊天消息数据
15:41:58 INFO  - 聊天消息数据保存完成，共处理条 0 数据。耗时：0时0分0秒6毫秒
15:42:58 INFO  - 开始保存聊天消息数据
15:42:58 INFO  - 聊天消息数据保存完成，共处理条 0 数据。耗时：0时0分0秒7毫秒
15:43:58 INFO  - 开始保存聊天消息数据
15:43:58 INFO  - 聊天消息数据保存完成，共处理条 0 数据。耗时：0时0分0秒6毫秒
15:44:58 INFO  - 开始保存聊天消息数据
15:44:58 INFO  - 聊天消息数据保存完成，共处理条 0 数据。耗时：0时0分0秒6毫秒
15:45:58 INFO  - 开始保存聊天消息数据
15:45:58 INFO  - 聊天消息数据保存完成，共处理条 0 数据。耗时：0时0分0秒6毫秒
15:46:58 INFO  - 开始保存聊天消息数据
15:46:58 INFO  - 聊天消息数据保存完成，共处理条 0 数据。耗时：0时0分0秒11毫秒
15:47:58 INFO  - 开始保存聊天消息数据
15:47:58 INFO  - 聊天消息数据保存完成，共处理条 0 数据。耗时：0时0分0秒6毫秒
15:48:58 INFO  - 开始保存聊天消息数据
15:48:58 INFO  - 聊天消息数据保存完成，共处理条 0 数据。耗时：0时0分0秒5毫秒
15:49:58 INFO  - 开始保存聊天消息数据
15:49:58 INFO  - 聊天消息数据保存完成，共处理条 0 数据。耗时：0时0分0秒6毫秒
15:50:58 INFO  - 开始保存聊天消息数据
15:50:58 INFO  - 聊天消息数据保存完成，共处理条 0 数据。耗时：0时0分0秒2毫秒
15:51:58 INFO  - 开始保存聊天消息数据
15:51:58 INFO  - 聊天消息数据保存完成，共处理条 0 数据。耗时：0时0分0秒6毫秒
15:52:58 INFO  - 开始保存聊天消息数据
15:52:58 INFO  - 聊天消息数据保存完成，共处理条 0 数据。耗时：0时0分0秒4毫秒
15:53:58 INFO  - 开始保存聊天消息数据
15:53:58 INFO  - 聊天消息数据保存完成，共处理条 0 数据。耗时：0时0分0秒6毫秒
15:54:58 INFO  - 开始保存聊天消息数据
15:54:58 INFO  - 聊天消息数据保存完成，共处理条 0 数据。耗时：0时0分0秒6毫秒
15:55:58 INFO  - 开始保存聊天消息数据
15:55:58 INFO  - 聊天消息数据保存完成，共处理条 0 数据。耗时：0时0分0秒6毫秒
15:56:58 INFO  - 开始保存聊天消息数据
15:56:58 INFO  - 聊天消息数据保存完成，共处理条 0 数据。耗时：0时0分0秒12毫秒
15:57:58 INFO  - 开始保存聊天消息数据
15:57:58 INFO  - 聊天消息数据保存完成，共处理条 0 数据。耗时：0时0分0秒6毫秒
15:58:58 INFO  - 开始保存聊天消息数据
15:58:58 INFO  - 聊天消息数据保存完成，共处理条 0 数据。耗时：0时0分0秒8毫秒
15:59:58 INFO  - 开始保存聊天消息数据
15:59:58 INFO  - 聊天消息数据保存完成，共处理条 0 数据。耗时：0时0分0秒6毫秒
16:00:58 INFO  - 开始保存聊天消息数据
16:00:58 INFO  - 聊天消息数据保存完成，共处理条 0 数据。耗时：0时0分0秒5毫秒
16:01:58 INFO  - 开始保存聊天消息数据
16:01:58 INFO  - 聊天消息数据保存完成，共处理条 0 数据。耗时：0时0分0秒8毫秒
16:02:58 INFO  - 开始保存聊天消息数据
16:02:58 INFO  - 聊天消息数据保存完成，共处理条 0 数据。耗时：0时0分0秒96毫秒
16:03:58 INFO  - 开始保存聊天消息数据
16:03:58 INFO  - 聊天消息数据保存完成，共处理条 0 数据。耗时：0时0分0秒10毫秒
16:04:58 INFO  - 开始保存聊天消息数据
16:04:58 INFO  - 聊天消息数据保存完成，共处理条 0 数据。耗时：0时0分0秒6毫秒
16:05:58 INFO  - 开始保存聊天消息数据
16:05:58 INFO  - 聊天消息数据保存完成，共处理条 0 数据。耗时：0时0分0秒6毫秒
16:06:58 INFO  - 开始保存聊天消息数据
16:06:58 INFO  - 聊天消息数据保存完成，共处理条 0 数据。耗时：0时0分0秒6毫秒
16:07:58 INFO  - 开始保存聊天消息数据
16:07:58 INFO  - 聊天消息数据保存完成，共处理条 0 数据。耗时：0时0分0秒8毫秒
16:08:58 INFO  - 开始保存聊天消息数据
16:08:58 INFO  - 聊天消息数据保存完成，共处理条 0 数据。耗时：0时0分0秒10毫秒
16:09:58 INFO  - 开始保存聊天消息数据
16:09:58 INFO  - 聊天消息数据保存完成，共处理条 0 数据。耗时：0时0分0秒6毫秒
16:10:58 INFO  - 开始保存聊天消息数据
16:10:58 INFO  - 聊天消息数据保存完成，共处理条 0 数据。耗时：0时0分0秒15毫秒
16:11:58 INFO  - 开始保存聊天消息数据
16:11:58 INFO  - 聊天消息数据保存完成，共处理条 0 数据。耗时：0时0分0秒5毫秒
16:12:58 INFO  - 开始保存聊天消息数据
16:12:58 INFO  - 聊天消息数据保存完成，共处理条 0 数据。耗时：0时0分0秒6毫秒
16:13:58 INFO  - 开始保存聊天消息数据
16:13:58 INFO  - 聊天消息数据保存完成，共处理条 0 数据。耗时：0时0分0秒6毫秒
16:14:58 INFO  - 开始保存聊天消息数据
16:14:58 INFO  - 聊天消息数据保存完成，共处理条 0 数据。耗时：0时0分0秒6毫秒
16:15:58 INFO  - 开始保存聊天消息数据
16:15:58 INFO  - 聊天消息数据保存完成，共处理条 0 数据。耗时：0时0分0秒5毫秒
16:16:58 INFO  - 开始保存聊天消息数据
16:16:58 INFO  - 聊天消息数据保存完成，共处理条 0 数据。耗时：0时0分0秒10毫秒
16:17:58 INFO  - 开始保存聊天消息数据
16:17:58 INFO  - 聊天消息数据保存完成，共处理条 0 数据。耗时：0时0分0秒6毫秒
16:18:58 INFO  - 开始保存聊天消息数据
16:18:58 INFO  - 聊天消息数据保存完成，共处理条 0 数据。耗时：0时0分0秒6毫秒
16:19:58 INFO  - 开始保存聊天消息数据
16:19:58 INFO  - 聊天消息数据保存完成，共处理条 0 数据。耗时：0时0分0秒9毫秒
16:20:58 INFO  - 开始保存聊天消息数据
16:20:58 INFO  - 聊天消息数据保存完成，共处理条 0 数据。耗时：0时0分0秒6毫秒
16:21:58 INFO  - 开始保存聊天消息数据
16:21:58 INFO  - 聊天消息数据保存完成，共处理条 0 数据。耗时：0时0分0秒6毫秒
16:22:58 INFO  - 开始保存聊天消息数据
16:22:58 INFO  - 聊天消息数据保存完成，共处理条 0 数据。耗时：0时0分0秒6毫秒
16:23:58 INFO  - 开始保存聊天消息数据
16:23:58 INFO  - 聊天消息数据保存完成，共处理条 0 数据。耗时：0时0分0秒5毫秒
16:24:58 INFO  - 开始保存聊天消息数据
16:24:58 INFO  - 聊天消息数据保存完成，共处理条 0 数据。耗时：0时0分0秒7毫秒
16:25:58 INFO  - 开始保存聊天消息数据
16:25:58 INFO  - 聊天消息数据保存完成，共处理条 0 数据。耗时：0时0分0秒5毫秒
16:26:58 INFO  - 开始保存聊天消息数据
16:26:58 INFO  - 聊天消息数据保存完成，共处理条 0 数据。耗时：0时0分0秒7毫秒
16:27:58 INFO  - 开始保存聊天消息数据
16:27:58 INFO  - 聊天消息数据保存完成，共处理条 0 数据。耗时：0时0分0秒5毫秒
16:28:58 INFO  - 开始保存聊天消息数据
16:28:58 INFO  - 聊天消息数据保存完成，共处理条 0 数据。耗时：0时0分0秒6毫秒
16:29:58 INFO  - 开始保存聊天消息数据
16:29:58 INFO  - 聊天消息数据保存完成，共处理条 0 数据。耗时：0时0分0秒6毫秒
16:30:58 INFO  - 开始保存聊天消息数据
16:30:58 INFO  - 聊天消息数据保存完成，共处理条 0 数据。耗时：0时0分0秒6毫秒
16:31:58 INFO  - 开始保存聊天消息数据
16:31:58 INFO  - 聊天消息数据保存完成，共处理条 0 数据。耗时：0时0分0秒9毫秒
16:32:58 INFO  - 开始保存聊天消息数据
16:32:58 INFO  - 聊天消息数据保存完成，共处理条 0 数据。耗时：0时0分0秒6毫秒
16:33:58 INFO  - 开始保存聊天消息数据
16:33:58 INFO  - 聊天消息数据保存完成，共处理条 0 数据。耗时：0时0分0秒3毫秒
16:34:58 INFO  - 开始保存聊天消息数据
16:34:58 INFO  - 聊天消息数据保存完成，共处理条 0 数据。耗时：0时0分0秒5毫秒
16:35:58 INFO  - 开始保存聊天消息数据
16:35:58 INFO  - 聊天消息数据保存完成，共处理条 0 数据。耗时：0时0分0秒8毫秒
16:36:58 INFO  - 开始保存聊天消息数据
16:36:58 INFO  - 聊天消息数据保存完成，共处理条 0 数据。耗时：0时0分0秒6毫秒
16:37:58 INFO  - 开始保存聊天消息数据
16:37:58 INFO  - 聊天消息数据保存完成，共处理条 0 数据。耗时：0时0分0秒6毫秒
16:38:58 INFO  - 开始保存聊天消息数据
16:38:58 INFO  - 聊天消息数据保存完成，共处理条 0 数据。耗时：0时0分0秒10毫秒
16:39:58 INFO  - 开始保存聊天消息数据
16:39:58 INFO  - 聊天消息数据保存完成，共处理条 0 数据。耗时：0时0分0秒6毫秒
16:40:58 INFO  - 开始保存聊天消息数据
16:40:58 INFO  - 聊天消息数据保存完成，共处理条 0 数据。耗时：0时0分0秒9毫秒
16:41:58 INFO  - 开始保存聊天消息数据
16:41:58 INFO  - 聊天消息数据保存完成，共处理条 0 数据。耗时：0时0分0秒6毫秒
16:42:58 INFO  - 开始保存聊天消息数据
16:42:58 INFO  - 聊天消息数据保存完成，共处理条 0 数据。耗时：0时0分0秒6毫秒
16:43:58 INFO  - 开始保存聊天消息数据
16:43:58 INFO  - 聊天消息数据保存完成，共处理条 0 数据。耗时：0时0分0秒8毫秒
16:44:58 INFO  - 开始保存聊天消息数据
16:44:58 INFO  - 聊天消息数据保存完成，共处理条 0 数据。耗时：0时0分0秒6毫秒
16:45:58 INFO  - 开始保存聊天消息数据
16:45:58 INFO  - 聊天消息数据保存完成，共处理条 0 数据。耗时：0时0分0秒6毫秒
16:46:58 INFO  - 开始保存聊天消息数据
16:46:58 INFO  - 聊天消息数据保存完成，共处理条 0 数据。耗时：0时0分0秒9毫秒
16:47:58 INFO  - 开始保存聊天消息数据
16:47:58 INFO  - 聊天消息数据保存完成，共处理条 0 数据。耗时：0时0分0秒7毫秒
16:48:58 INFO  - 开始保存聊天消息数据
16:48:58 INFO  - 聊天消息数据保存完成，共处理条 0 数据。耗时：0时0分0秒6毫秒
16:49:58 INFO  - 开始保存聊天消息数据
16:49:58 INFO  - 聊天消息数据保存完成，共处理条 0 数据。耗时：0时0分0秒6毫秒
16:50:58 INFO  - 开始保存聊天消息数据
16:50:58 INFO  - 聊天消息数据保存完成，共处理条 0 数据。耗时：0时0分0秒7毫秒
16:51:58 INFO  - 开始保存聊天消息数据
16:51:58 INFO  - 聊天消息数据保存完成，共处理条 0 数据。耗时：0时0分0秒5毫秒
16:52:58 INFO  - 开始保存聊天消息数据
16:52:58 INFO  - 聊天消息数据保存完成，共处理条 0 数据。耗时：0时0分0秒6毫秒
16:53:58 INFO  - 开始保存聊天消息数据
16:53:58 INFO  - 聊天消息数据保存完成，共处理条 0 数据。耗时：0时0分0秒5毫秒
16:54:58 INFO  - 开始保存聊天消息数据
16:54:58 INFO  - 聊天消息数据保存完成，共处理条 0 数据。耗时：0时0分0秒6毫秒
16:55:58 INFO  - 开始保存聊天消息数据
16:55:58 INFO  - 聊天消息数据保存完成，共处理条 0 数据。耗时：0时0分0秒16毫秒
16:56:58 INFO  - 开始保存聊天消息数据
16:56:58 INFO  - 聊天消息数据保存完成，共处理条 0 数据。耗时：0时0分0秒9毫秒
16:57:58 INFO  - 开始保存聊天消息数据
16:57:58 INFO  - 聊天消息数据保存完成，共处理条 0 数据。耗时：0时0分0秒8毫秒
16:58:58 INFO  - 开始保存聊天消息数据
16:58:58 INFO  - 聊天消息数据保存完成，共处理条 0 数据。耗时：0时0分0秒5毫秒
16:59:58 INFO  - 开始保存聊天消息数据
16:59:58 INFO  - 聊天消息数据保存完成，共处理条 0 数据。耗时：0时0分0秒6毫秒
17:00:58 INFO  - 开始保存聊天消息数据
17:00:58 INFO  - 聊天消息数据保存完成，共处理条 0 数据。耗时：0时0分0秒7毫秒
17:01:58 INFO  - 开始保存聊天消息数据
17:01:58 INFO  - 聊天消息数据保存完成，共处理条 0 数据。耗时：0时0分0秒13毫秒
17:02:58 INFO  - 开始保存聊天消息数据
17:02:58 INFO  - 聊天消息数据保存完成，共处理条 0 数据。耗时：0时0分0秒7毫秒
17:03:58 INFO  - 开始保存聊天消息数据
17:03:58 INFO  - 聊天消息数据保存完成，共处理条 0 数据。耗时：0时0分0秒5毫秒
17:04:58 INFO  - 开始保存聊天消息数据
17:04:58 INFO  - 聊天消息数据保存完成，共处理条 0 数据。耗时：0时0分0秒6毫秒
17:05:58 INFO  - 开始保存聊天消息数据
17:05:58 INFO  - 聊天消息数据保存完成，共处理条 0 数据。耗时：0时0分0秒5毫秒
17:06:58 INFO  - 开始保存聊天消息数据
17:06:58 INFO  - 聊天消息数据保存完成，共处理条 0 数据。耗时：0时0分0秒10毫秒
17:07:58 INFO  - 开始保存聊天消息数据
17:07:58 INFO  - 聊天消息数据保存完成，共处理条 0 数据。耗时：0时0分0秒7毫秒
17:08:58 INFO  - 开始保存聊天消息数据
17:08:58 INFO  - 聊天消息数据保存完成，共处理条 0 数据。耗时：0时0分0秒10毫秒
17:09:58 INFO  - 开始保存聊天消息数据
17:09:58 INFO  - 聊天消息数据保存完成，共处理条 0 数据。耗时：0时0分0秒8毫秒
17:10:58 INFO  - 开始保存聊天消息数据
17:10:58 INFO  - 聊天消息数据保存完成，共处理条 0 数据。耗时：0时0分0秒4毫秒
17:11:58 INFO  - 开始保存聊天消息数据
17:11:58 INFO  - 聊天消息数据保存完成，共处理条 0 数据。耗时：0时0分0秒13毫秒
17:12:58 INFO  - 开始保存聊天消息数据
17:12:58 INFO  - 聊天消息数据保存完成，共处理条 0 数据。耗时：0时0分0秒8毫秒
17:13:58 INFO  - 开始保存聊天消息数据
17:13:58 INFO  - 聊天消息数据保存完成，共处理条 0 数据。耗时：0时0分0秒10毫秒
17:14:58 INFO  - 开始保存聊天消息数据
17:14:58 INFO  - 聊天消息数据保存完成，共处理条 0 数据。耗时：0时0分0秒7毫秒
17:15:58 INFO  - 开始保存聊天消息数据
17:15:58 INFO  - 聊天消息数据保存完成，共处理条 0 数据。耗时：0时0分0秒8毫秒
17:16:58 INFO  - 开始保存聊天消息数据
17:16:58 INFO  - 聊天消息数据保存完成，共处理条 0 数据。耗时：0时0分0秒6毫秒
17:17:58 INFO  - 开始保存聊天消息数据
17:17:58 INFO  - 聊天消息数据保存完成，共处理条 0 数据。耗时：0时0分0秒5毫秒
17:18:58 INFO  - 开始保存聊天消息数据
17:18:58 INFO  - 聊天消息数据保存完成，共处理条 0 数据。耗时：0时0分0秒10毫秒
17:19:58 INFO  - 开始保存聊天消息数据
17:19:58 INFO  - 聊天消息数据保存完成，共处理条 0 数据。耗时：0时0分0秒13毫秒
17:20:58 INFO  - 开始保存聊天消息数据
17:20:58 INFO  - 聊天消息数据保存完成，共处理条 0 数据。耗时：0时0分0秒5毫秒
17:21:58 INFO  - 开始保存聊天消息数据
17:21:58 INFO  - 聊天消息数据保存完成，共处理条 0 数据。耗时：0时0分0秒5毫秒
17:22:58 INFO  - 开始保存聊天消息数据
17:22:58 INFO  - 聊天消息数据保存完成，共处理条 0 数据。耗时：0时0分0秒9毫秒
17:23:58 INFO  - 开始保存聊天消息数据
17:23:58 INFO  - 聊天消息数据保存完成，共处理条 0 数据。耗时：0时0分0秒15毫秒
17:24:58 INFO  - 开始保存聊天消息数据
17:24:58 INFO  - 聊天消息数据保存完成，共处理条 0 数据。耗时：0时0分0秒13毫秒
17:25:58 INFO  - 开始保存聊天消息数据
17:25:58 INFO  - 聊天消息数据保存完成，共处理条 0 数据。耗时：0时0分0秒5毫秒
17:26:58 INFO  - 开始保存聊天消息数据
17:26:58 INFO  - 聊天消息数据保存完成，共处理条 0 数据。耗时：0时0分0秒10毫秒
17:27:58 INFO  - 开始保存聊天消息数据
17:27:58 INFO  - 聊天消息数据保存完成，共处理条 0 数据。耗时：0时0分0秒6毫秒
17:28:58 INFO  - 开始保存聊天消息数据
17:28:58 INFO  - 聊天消息数据保存完成，共处理条 0 数据。耗时：0时0分0秒7毫秒
17:29:58 INFO  - 开始保存聊天消息数据
17:29:58 INFO  - 聊天消息数据保存完成，共处理条 0 数据。耗时：0时0分0秒5毫秒
17:30:58 INFO  - 开始保存聊天消息数据
17:30:58 INFO  - 聊天消息数据保存完成，共处理条 0 数据。耗时：0时0分0秒9毫秒
17:31:58 INFO  - 开始保存聊天消息数据
17:31:58 INFO  - 聊天消息数据保存完成，共处理条 0 数据。耗时：0时0分0秒2毫秒
17:32:58 INFO  - 开始保存聊天消息数据
17:32:58 INFO  - 聊天消息数据保存完成，共处理条 0 数据。耗时：0时0分0秒8毫秒
17:33:58 INFO  - 开始保存聊天消息数据
17:33:58 INFO  - 聊天消息数据保存完成，共处理条 0 数据。耗时：0时0分0秒7毫秒
17:34:58 INFO  - 开始保存聊天消息数据
17:34:58 INFO  - 聊天消息数据保存完成，共处理条 0 数据。耗时：0时0分0秒7毫秒
17:35:58 INFO  - 开始保存聊天消息数据
17:35:58 INFO  - 聊天消息数据保存完成，共处理条 0 数据。耗时：0时0分0秒9毫秒
17:36:58 INFO  - 开始保存聊天消息数据
17:36:58 INFO  - 聊天消息数据保存完成，共处理条 0 数据。耗时：0时0分0秒12毫秒
17:37:58 INFO  - 开始保存聊天消息数据
17:37:58 INFO  - 聊天消息数据保存完成，共处理条 0 数据。耗时：0时0分0秒6毫秒
17:38:58 INFO  - 开始保存聊天消息数据
17:38:58 INFO  - 聊天消息数据保存完成，共处理条 0 数据。耗时：0时0分0秒12毫秒
17:39:58 INFO  - 开始保存聊天消息数据
17:39:58 INFO  - 聊天消息数据保存完成，共处理条 0 数据。耗时：0时0分0秒6毫秒
17:40:58 INFO  - 开始保存聊天消息数据
17:40:58 INFO  - 聊天消息数据保存完成，共处理条 0 数据。耗时：0时0分0秒6毫秒
17:41:58 INFO  - 开始保存聊天消息数据
17:41:58 INFO  - 聊天消息数据保存完成，共处理条 0 数据。耗时：0时0分0秒6毫秒
17:42:58 INFO  - 开始保存聊天消息数据
17:42:58 INFO  - 聊天消息数据保存完成，共处理条 0 数据。耗时：0时0分0秒7毫秒
17:43:58 INFO  - 开始保存聊天消息数据
17:43:58 INFO  - 聊天消息数据保存完成，共处理条 0 数据。耗时：0时0分0秒8毫秒
17:44:58 INFO  - 开始保存聊天消息数据
17:44:58 INFO  - 聊天消息数据保存完成，共处理条 0 数据。耗时：0时0分0秒8毫秒
17:45:58 INFO  - 开始保存聊天消息数据
17:45:58 INFO  - 聊天消息数据保存完成，共处理条 0 数据。耗时：0时0分0秒13毫秒
17:46:58 INFO  - 开始保存聊天消息数据
17:46:58 INFO  - 聊天消息数据保存完成，共处理条 0 数据。耗时：0时0分0秒11毫秒
17:47:58 INFO  - 开始保存聊天消息数据
17:47:58 INFO  - 聊天消息数据保存完成，共处理条 0 数据。耗时：0时0分0秒6毫秒
17:48:58 INFO  - 开始保存聊天消息数据
17:48:58 INFO  - 聊天消息数据保存完成，共处理条 0 数据。耗时：0时0分0秒11毫秒
17:49:58 INFO  - 开始保存聊天消息数据
17:49:58 INFO  - 聊天消息数据保存完成，共处理条 0 数据。耗时：0时0分0秒7毫秒
17:50:58 INFO  - 开始保存聊天消息数据
17:50:58 INFO  - 聊天消息数据保存完成，共处理条 0 数据。耗时：0时0分0秒7毫秒
17:51:58 INFO  - 开始保存聊天消息数据
17:51:58 INFO  - 聊天消息数据保存完成，共处理条 0 数据。耗时：0时0分0秒11毫秒
17:52:58 INFO  - 开始保存聊天消息数据
17:52:58 INFO  - 聊天消息数据保存完成，共处理条 0 数据。耗时：0时0分0秒7毫秒
17:53:58 INFO  - 开始保存聊天消息数据
17:53:58 INFO  - 聊天消息数据保存完成，共处理条 0 数据。耗时：0时0分0秒6毫秒
17:54:58 INFO  - 开始保存聊天消息数据
17:54:58 INFO  - 聊天消息数据保存完成，共处理条 0 数据。耗时：0时0分0秒6毫秒
17:55:58 INFO  - 开始保存聊天消息数据
17:55:58 INFO  - 聊天消息数据保存完成，共处理条 0 数据。耗时：0时0分0秒6毫秒
17:56:58 INFO  - 开始保存聊天消息数据
17:56:58 INFO  - 聊天消息数据保存完成，共处理条 0 数据。耗时：0时0分0秒6毫秒
17:57:58 INFO  - 开始保存聊天消息数据
17:57:58 INFO  - 聊天消息数据保存完成，共处理条 0 数据。耗时：0时0分0秒5毫秒
17:58:58 INFO  - 开始保存聊天消息数据
17:58:58 INFO  - 聊天消息数据保存完成，共处理条 0 数据。耗时：0时0分0秒5毫秒
17:59:58 INFO  - 开始保存聊天消息数据
17:59:58 INFO  - 聊天消息数据保存完成，共处理条 0 数据。耗时：0时0分0秒6毫秒
18:00:58 INFO  - 开始保存聊天消息数据
18:00:58 INFO  - 聊天消息数据保存完成，共处理条 0 数据。耗时：0时0分0秒7毫秒
18:01:58 INFO  - 开始保存聊天消息数据
18:01:58 INFO  - 聊天消息数据保存完成，共处理条 0 数据。耗时：0时0分0秒10毫秒
18:02:58 INFO  - 开始保存聊天消息数据
18:02:58 INFO  - 聊天消息数据保存完成，共处理条 0 数据。耗时：0时0分0秒9毫秒
18:03:58 INFO  - 开始保存聊天消息数据
18:03:58 INFO  - 聊天消息数据保存完成，共处理条 0 数据。耗时：0时0分0秒3毫秒
18:04:58 INFO  - 开始保存聊天消息数据
18:04:58 INFO  - 聊天消息数据保存完成，共处理条 0 数据。耗时：0时0分0秒6毫秒
18:05:58 INFO  - 开始保存聊天消息数据
18:05:58 INFO  - 聊天消息数据保存完成，共处理条 0 数据。耗时：0时0分0秒6毫秒
18:06:58 INFO  - 开始保存聊天消息数据
18:06:58 INFO  - 聊天消息数据保存完成，共处理条 0 数据。耗时：0时0分0秒8毫秒
18:07:58 INFO  - 开始保存聊天消息数据
18:07:58 INFO  - 聊天消息数据保存完成，共处理条 0 数据。耗时：0时0分0秒6毫秒
18:08:58 INFO  - 开始保存聊天消息数据
18:08:58 INFO  - 聊天消息数据保存完成，共处理条 0 数据。耗时：0时0分0秒4毫秒
18:09:58 INFO  - 开始保存聊天消息数据
18:09:58 INFO  - 聊天消息数据保存完成，共处理条 0 数据。耗时：0时0分0秒7毫秒
18:10:58 INFO  - 开始保存聊天消息数据
18:10:58 INFO  - 聊天消息数据保存完成，共处理条 0 数据。耗时：0时0分0秒11毫秒
18:11:58 INFO  - 开始保存聊天消息数据
18:11:58 INFO  - 聊天消息数据保存完成，共处理条 0 数据。耗时：0时0分0秒15毫秒
18:12:58 INFO  - 开始保存聊天消息数据
18:12:58 INFO  - 聊天消息数据保存完成，共处理条 0 数据。耗时：0时0分0秒10毫秒
18:13:58 INFO  - 开始保存聊天消息数据
18:13:58 INFO  - 聊天消息数据保存完成，共处理条 0 数据。耗时：0时0分0秒12毫秒
18:14:58 INFO  - 开始保存聊天消息数据
18:14:58 INFO  - 聊天消息数据保存完成，共处理条 0 数据。耗时：0时0分0秒5毫秒
18:15:58 INFO  - 开始保存聊天消息数据
18:15:58 INFO  - 聊天消息数据保存完成，共处理条 0 数据。耗时：0时0分0秒6毫秒
18:16:58 INFO  - 开始保存聊天消息数据
18:16:58 INFO  - 聊天消息数据保存完成，共处理条 0 数据。耗时：0时0分0秒8毫秒
18:17:58 INFO  - 开始保存聊天消息数据
18:17:58 INFO  - 聊天消息数据保存完成，共处理条 0 数据。耗时：0时0分0秒8毫秒
18:18:58 INFO  - 开始保存聊天消息数据
18:18:58 INFO  - 聊天消息数据保存完成，共处理条 0 数据。耗时：0时0分0秒11毫秒
18:19:58 INFO  - 开始保存聊天消息数据
18:19:58 INFO  - 聊天消息数据保存完成，共处理条 0 数据。耗时：0时0分0秒9毫秒
18:20:58 INFO  - 开始保存聊天消息数据
18:20:58 INFO  - 聊天消息数据保存完成，共处理条 0 数据。耗时：0时0分0秒9毫秒
18:21:58 INFO  - 开始保存聊天消息数据
18:21:58 INFO  - 聊天消息数据保存完成，共处理条 0 数据。耗时：0时0分0秒11毫秒
18:22:58 INFO  - 开始保存聊天消息数据
18:22:58 INFO  - 聊天消息数据保存完成，共处理条 0 数据。耗时：0时0分0秒6毫秒
18:23:58 INFO  - 开始保存聊天消息数据
18:23:58 INFO  - 聊天消息数据保存完成，共处理条 0 数据。耗时：0时0分0秒7毫秒
18:24:58 INFO  - 开始保存聊天消息数据
18:24:58 INFO  - 聊天消息数据保存完成，共处理条 0 数据。耗时：0时0分0秒7毫秒
18:25:58 INFO  - 开始保存聊天消息数据
18:25:58 INFO  - 聊天消息数据保存完成，共处理条 0 数据。耗时：0时0分0秒9毫秒
18:26:58 INFO  - 开始保存聊天消息数据
18:26:58 INFO  - 聊天消息数据保存完成，共处理条 0 数据。耗时：0时0分0秒13毫秒
18:27:58 INFO  - 开始保存聊天消息数据
18:27:58 INFO  - 聊天消息数据保存完成，共处理条 0 数据。耗时：0时0分0秒10毫秒
18:28:58 INFO  - 开始保存聊天消息数据
18:28:58 INFO  - 聊天消息数据保存完成，共处理条 0 数据。耗时：0时0分0秒7毫秒
18:29:58 INFO  - 开始保存聊天消息数据
18:29:58 INFO  - 聊天消息数据保存完成，共处理条 0 数据。耗时：0时0分0秒6毫秒
18:30:58 INFO  - 开始保存聊天消息数据
18:30:58 INFO  - 聊天消息数据保存完成，共处理条 0 数据。耗时：0时0分0秒9毫秒
18:31:58 INFO  - 开始保存聊天消息数据
18:31:58 INFO  - 聊天消息数据保存完成，共处理条 0 数据。耗时：0时0分0秒13毫秒
18:32:58 INFO  - 开始保存聊天消息数据
18:32:58 INFO  - 聊天消息数据保存完成，共处理条 0 数据。耗时：0时0分0秒4毫秒
18:33:58 INFO  - 开始保存聊天消息数据
18:33:58 INFO  - 聊天消息数据保存完成，共处理条 0 数据。耗时：0时0分0秒9毫秒
18:34:58 INFO  - 开始保存聊天消息数据
18:34:58 INFO  - 聊天消息数据保存完成，共处理条 0 数据。耗时：0时0分0秒9毫秒
18:35:58 INFO  - 开始保存聊天消息数据
18:35:58 INFO  - 聊天消息数据保存完成，共处理条 0 数据。耗时：0时0分0秒5毫秒
18:36:58 INFO  - 开始保存聊天消息数据
18:36:58 INFO  - 聊天消息数据保存完成，共处理条 0 数据。耗时：0时0分0秒6毫秒
18:37:58 INFO  - 开始保存聊天消息数据
18:37:58 INFO  - 聊天消息数据保存完成，共处理条 0 数据。耗时：0时0分0秒11毫秒
18:38:58 INFO  - 开始保存聊天消息数据
18:38:58 INFO  - 聊天消息数据保存完成，共处理条 0 数据。耗时：0时0分0秒6毫秒
18:39:58 INFO  - 开始保存聊天消息数据
18:39:58 INFO  - 聊天消息数据保存完成，共处理条 0 数据。耗时：0时0分0秒10毫秒
18:40:58 INFO  - 开始保存聊天消息数据
18:40:58 INFO  - 聊天消息数据保存完成，共处理条 0 数据。耗时：0时0分0秒6毫秒
18:41:58 INFO  - 开始保存聊天消息数据
18:41:58 INFO  - 聊天消息数据保存完成，共处理条 0 数据。耗时：0时0分0秒10毫秒
18:42:58 INFO  - 开始保存聊天消息数据
18:42:58 INFO  - 聊天消息数据保存完成，共处理条 0 数据。耗时：0时0分0秒14毫秒
18:43:58 INFO  - 开始保存聊天消息数据
18:43:58 INFO  - 聊天消息数据保存完成，共处理条 0 数据。耗时：0时0分0秒8毫秒
18:44:58 INFO  - 开始保存聊天消息数据
18:44:58 INFO  - 聊天消息数据保存完成，共处理条 0 数据。耗时：0时0分0秒6毫秒
18:45:58 INFO  - 开始保存聊天消息数据
18:45:58 INFO  - 聊天消息数据保存完成，共处理条 0 数据。耗时：0时0分0秒8毫秒
18:46:58 INFO  - 开始保存聊天消息数据
18:46:58 INFO  - 聊天消息数据保存完成，共处理条 0 数据。耗时：0时0分0秒14毫秒
18:47:58 INFO  - 开始保存聊天消息数据
18:47:58 INFO  - 聊天消息数据保存完成，共处理条 0 数据。耗时：0时0分0秒6毫秒
18:48:58 INFO  - 开始保存聊天消息数据
18:48:58 INFO  - 聊天消息数据保存完成，共处理条 0 数据。耗时：0时0分0秒6毫秒
18:49:58 INFO  - 开始保存聊天消息数据
18:49:58 INFO  - 聊天消息数据保存完成，共处理条 0 数据。耗时：0时0分0秒6毫秒
18:50:58 INFO  - 开始保存聊天消息数据
18:50:58 INFO  - 聊天消息数据保存完成，共处理条 0 数据。耗时：0时0分0秒6毫秒
18:51:58 INFO  - 开始保存聊天消息数据
18:51:58 INFO  - 聊天消息数据保存完成，共处理条 0 数据。耗时：0时0分0秒7毫秒
18:52:58 INFO  - 开始保存聊天消息数据
18:52:58 INFO  - 聊天消息数据保存完成，共处理条 0 数据。耗时：0时0分0秒8毫秒
18:53:58 INFO  - 开始保存聊天消息数据
18:53:58 INFO  - 聊天消息数据保存完成，共处理条 0 数据。耗时：0时0分0秒14毫秒
18:54:58 INFO  - 开始保存聊天消息数据
18:54:58 INFO  - 聊天消息数据保存完成，共处理条 0 数据。耗时：0时0分0秒9毫秒
18:55:58 INFO  - 开始保存聊天消息数据
18:55:58 INFO  - 聊天消息数据保存完成，共处理条 0 数据。耗时：0时0分0秒6毫秒
18:56:58 INFO  - 开始保存聊天消息数据
18:56:58 INFO  - 聊天消息数据保存完成，共处理条 0 数据。耗时：0时0分0秒14毫秒
18:57:58 INFO  - 开始保存聊天消息数据
18:57:58 INFO  - 聊天消息数据保存完成，共处理条 0 数据。耗时：0时0分0秒15毫秒
18:58:58 INFO  - 开始保存聊天消息数据
18:58:58 INFO  - 聊天消息数据保存完成，共处理条 0 数据。耗时：0时0分0秒7毫秒
18:59:58 INFO  - 开始保存聊天消息数据
18:59:58 INFO  - 聊天消息数据保存完成，共处理条 0 数据。耗时：0时0分0秒7毫秒
19:00:58 INFO  - 开始保存聊天消息数据
19:00:58 INFO  - 聊天消息数据保存完成，共处理条 0 数据。耗时：0时0分0秒14毫秒
19:01:58 INFO  - 开始保存聊天消息数据
19:01:58 INFO  - 聊天消息数据保存完成，共处理条 0 数据。耗时：0时0分0秒6毫秒
19:02:58 INFO  - 开始保存聊天消息数据
19:02:58 INFO  - 聊天消息数据保存完成，共处理条 0 数据。耗时：0时0分0秒11毫秒
19:03:58 INFO  - 开始保存聊天消息数据
19:03:58 INFO  - 聊天消息数据保存完成，共处理条 0 数据。耗时：0时0分0秒6毫秒
19:04:58 INFO  - 开始保存聊天消息数据
19:04:58 INFO  - 聊天消息数据保存完成，共处理条 0 数据。耗时：0时0分0秒9毫秒
19:05:58 INFO  - 开始保存聊天消息数据
19:05:58 INFO  - 聊天消息数据保存完成，共处理条 0 数据。耗时：0时0分0秒6毫秒
19:06:58 INFO  - 开始保存聊天消息数据
19:06:58 INFO  - 聊天消息数据保存完成，共处理条 0 数据。耗时：0时0分0秒6毫秒
19:07:58 INFO  - 开始保存聊天消息数据
19:07:58 INFO  - 聊天消息数据保存完成，共处理条 0 数据。耗时：0时0分0秒11毫秒
19:08:58 INFO  - 开始保存聊天消息数据
19:08:58 INFO  - 聊天消息数据保存完成，共处理条 0 数据。耗时：0时0分0秒8毫秒
19:09:58 INFO  - 开始保存聊天消息数据
19:09:58 INFO  - 聊天消息数据保存完成，共处理条 0 数据。耗时：0时0分0秒11毫秒
19:10:58 INFO  - 开始保存聊天消息数据
19:10:58 INFO  - 聊天消息数据保存完成，共处理条 0 数据。耗时：0时0分0秒5毫秒
19:11:58 INFO  - 开始保存聊天消息数据
19:11:58 INFO  - 聊天消息数据保存完成，共处理条 0 数据。耗时：0时0分0秒5毫秒
19:12:58 INFO  - 开始保存聊天消息数据
19:12:58 INFO  - 聊天消息数据保存完成，共处理条 0 数据。耗时：0时0分0秒12毫秒
19:13:58 INFO  - 开始保存聊天消息数据
19:13:58 INFO  - 聊天消息数据保存完成，共处理条 0 数据。耗时：0时0分0秒6毫秒
19:14:58 INFO  - 开始保存聊天消息数据
19:14:58 INFO  - 聊天消息数据保存完成，共处理条 0 数据。耗时：0时0分0秒11毫秒
19:15:58 INFO  - 开始保存聊天消息数据
19:15:58 INFO  - 聊天消息数据保存完成，共处理条 0 数据。耗时：0时0分0秒6毫秒
19:16:58 INFO  - 开始保存聊天消息数据
19:16:58 INFO  - 聊天消息数据保存完成，共处理条 0 数据。耗时：0时0分0秒8毫秒
19:17:58 INFO  - 开始保存聊天消息数据
19:17:58 INFO  - 聊天消息数据保存完成，共处理条 0 数据。耗时：0时0分0秒9毫秒
19:18:58 INFO  - 开始保存聊天消息数据
19:18:58 INFO  - 聊天消息数据保存完成，共处理条 0 数据。耗时：0时0分0秒9毫秒
19:19:58 INFO  - 开始保存聊天消息数据
19:19:58 INFO  - 聊天消息数据保存完成，共处理条 0 数据。耗时：0时0分0秒13毫秒
19:20:58 INFO  - 开始保存聊天消息数据
19:20:58 INFO  - 聊天消息数据保存完成，共处理条 0 数据。耗时：0时0分0秒6毫秒
19:21:58 INFO  - 开始保存聊天消息数据
19:21:58 INFO  - 聊天消息数据保存完成，共处理条 0 数据。耗时：0时0分0秒11毫秒
19:22:58 INFO  - 开始保存聊天消息数据
19:22:58 INFO  - 聊天消息数据保存完成，共处理条 0 数据。耗时：0时0分0秒11毫秒
19:23:58 INFO  - 开始保存聊天消息数据
19:23:58 INFO  - 聊天消息数据保存完成，共处理条 0 数据。耗时：0时0分0秒6毫秒
19:24:58 INFO  - 开始保存聊天消息数据
19:24:58 INFO  - 聊天消息数据保存完成，共处理条 0 数据。耗时：0时0分0秒8毫秒
19:25:58 INFO  - 开始保存聊天消息数据
19:25:58 INFO  - 聊天消息数据保存完成，共处理条 0 数据。耗时：0时0分0秒7毫秒
19:26:58 INFO  - 开始保存聊天消息数据
19:26:58 INFO  - 聊天消息数据保存完成，共处理条 0 数据。耗时：0时0分0秒9毫秒
19:27:58 INFO  - 开始保存聊天消息数据
19:27:58 INFO  - 聊天消息数据保存完成，共处理条 0 数据。耗时：0时0分0秒6毫秒
19:28:58 INFO  - 开始保存聊天消息数据
19:28:58 INFO  - 聊天消息数据保存完成，共处理条 0 数据。耗时：0时0分0秒7毫秒
19:29:58 INFO  - 开始保存聊天消息数据
19:29:58 INFO  - 聊天消息数据保存完成，共处理条 0 数据。耗时：0时0分0秒13毫秒
19:30:58 INFO  - 开始保存聊天消息数据
19:30:58 INFO  - 聊天消息数据保存完成，共处理条 0 数据。耗时：0时0分0秒8毫秒
19:31:58 INFO  - 开始保存聊天消息数据
19:31:58 INFO  - 聊天消息数据保存完成，共处理条 0 数据。耗时：0时0分0秒6毫秒
19:32:58 INFO  - 开始保存聊天消息数据
19:32:58 INFO  - 聊天消息数据保存完成，共处理条 0 数据。耗时：0时0分0秒5毫秒
19:33:58 INFO  - 开始保存聊天消息数据
19:33:58 INFO  - 聊天消息数据保存完成，共处理条 0 数据。耗时：0时0分0秒6毫秒
19:34:58 INFO  - 开始保存聊天消息数据
19:34:58 INFO  - 聊天消息数据保存完成，共处理条 0 数据。耗时：0时0分0秒6毫秒
19:35:58 INFO  - 开始保存聊天消息数据
19:35:58 INFO  - 聊天消息数据保存完成，共处理条 0 数据。耗时：0时0分0秒6毫秒
19:36:58 INFO  - 开始保存聊天消息数据
19:36:58 INFO  - 聊天消息数据保存完成，共处理条 0 数据。耗时：0时0分0秒5毫秒
19:37:58 INFO  - 开始保存聊天消息数据
19:37:58 INFO  - 聊天消息数据保存完成，共处理条 0 数据。耗时：0时0分0秒7毫秒
19:38:58 INFO  - 开始保存聊天消息数据
19:38:58 INFO  - 聊天消息数据保存完成，共处理条 0 数据。耗时：0时0分0秒11毫秒
19:39:58 INFO  - 开始保存聊天消息数据
19:39:58 INFO  - 聊天消息数据保存完成，共处理条 0 数据。耗时：0时0分0秒8毫秒
19:40:58 INFO  - 开始保存聊天消息数据
19:40:58 INFO  - 聊天消息数据保存完成，共处理条 0 数据。耗时：0时0分0秒12毫秒
19:41:58 INFO  - 开始保存聊天消息数据
19:41:58 INFO  - 聊天消息数据保存完成，共处理条 0 数据。耗时：0时0分0秒3毫秒
19:42:58 INFO  - 开始保存聊天消息数据
19:42:58 INFO  - 聊天消息数据保存完成，共处理条 0 数据。耗时：0时0分0秒15毫秒
19:43:58 INFO  - 开始保存聊天消息数据
19:43:58 INFO  - 聊天消息数据保存完成，共处理条 0 数据。耗时：0时0分0秒7毫秒
19:44:58 INFO  - 开始保存聊天消息数据
19:44:58 INFO  - 聊天消息数据保存完成，共处理条 0 数据。耗时：0时0分0秒9毫秒
19:45:58 INFO  - 开始保存聊天消息数据
19:45:58 INFO  - 聊天消息数据保存完成，共处理条 0 数据。耗时：0时0分0秒9毫秒
19:46:58 INFO  - 开始保存聊天消息数据
19:46:58 INFO  - 聊天消息数据保存完成，共处理条 0 数据。耗时：0时0分0秒10毫秒
19:47:58 INFO  - 开始保存聊天消息数据
19:47:58 INFO  - 聊天消息数据保存完成，共处理条 0 数据。耗时：0时0分0秒6毫秒
19:48:58 INFO  - 开始保存聊天消息数据
19:48:58 INFO  - 聊天消息数据保存完成，共处理条 0 数据。耗时：0时0分0秒6毫秒
19:49:58 INFO  - 开始保存聊天消息数据
19:49:58 INFO  - 聊天消息数据保存完成，共处理条 0 数据。耗时：0时0分0秒11毫秒
19:50:58 INFO  - 开始保存聊天消息数据
19:50:58 INFO  - 聊天消息数据保存完成，共处理条 0 数据。耗时：0时0分0秒6毫秒
19:51:58 INFO  - 开始保存聊天消息数据
19:51:58 INFO  - 聊天消息数据保存完成，共处理条 0 数据。耗时：0时0分0秒6毫秒
19:52:58 INFO  - 开始保存聊天消息数据
19:52:58 INFO  - 聊天消息数据保存完成，共处理条 0 数据。耗时：0时0分0秒7毫秒
19:53:58 INFO  - 开始保存聊天消息数据
19:53:58 INFO  - 聊天消息数据保存完成，共处理条 0 数据。耗时：0时0分0秒11毫秒
19:54:58 INFO  - 开始保存聊天消息数据
19:54:58 INFO  - 聊天消息数据保存完成，共处理条 0 数据。耗时：0时0分0秒3毫秒
19:55:58 INFO  - 开始保存聊天消息数据
19:55:58 INFO  - 聊天消息数据保存完成，共处理条 0 数据。耗时：0时0分0秒7毫秒
19:56:58 INFO  - 开始保存聊天消息数据
19:56:58 INFO  - 聊天消息数据保存完成，共处理条 0 数据。耗时：0时0分0秒6毫秒
19:57:58 INFO  - 开始保存聊天消息数据
19:57:58 INFO  - 聊天消息数据保存完成，共处理条 0 数据。耗时：0时0分0秒9毫秒
19:58:58 INFO  - 开始保存聊天消息数据
19:58:58 INFO  - 聊天消息数据保存完成，共处理条 0 数据。耗时：0时0分0秒10毫秒
19:59:58 INFO  - 开始保存聊天消息数据
19:59:58 INFO  - 聊天消息数据保存完成，共处理条 0 数据。耗时：0时0分0秒9毫秒
20:00:58 INFO  - 开始保存聊天消息数据
20:00:58 INFO  - 聊天消息数据保存完成，共处理条 0 数据。耗时：0时0分0秒5毫秒
20:01:58 INFO  - 开始保存聊天消息数据
20:01:58 INFO  - 聊天消息数据保存完成，共处理条 0 数据。耗时：0时0分0秒5毫秒
20:02:58 INFO  - 开始保存聊天消息数据
20:02:58 INFO  - 聊天消息数据保存完成，共处理条 0 数据。耗时：0时0分0秒8毫秒
20:03:58 INFO  - 开始保存聊天消息数据
20:03:58 INFO  - 聊天消息数据保存完成，共处理条 0 数据。耗时：0时0分0秒9毫秒
20:04:58 INFO  - 开始保存聊天消息数据
20:04:58 INFO  - 聊天消息数据保存完成，共处理条 0 数据。耗时：0时0分0秒5毫秒
20:05:58 INFO  - 开始保存聊天消息数据
20:05:58 INFO  - 聊天消息数据保存完成，共处理条 0 数据。耗时：0时0分0秒6毫秒
20:06:58 INFO  - 开始保存聊天消息数据
20:06:58 INFO  - 聊天消息数据保存完成，共处理条 0 数据。耗时：0时0分0秒6毫秒
20:07:58 INFO  - 开始保存聊天消息数据
20:07:58 INFO  - 聊天消息数据保存完成，共处理条 0 数据。耗时：0时0分0秒15毫秒
20:08:58 INFO  - 开始保存聊天消息数据
20:08:58 INFO  - 聊天消息数据保存完成，共处理条 0 数据。耗时：0时0分0秒5毫秒
20:09:58 INFO  - 开始保存聊天消息数据
20:09:58 INFO  - 聊天消息数据保存完成，共处理条 0 数据。耗时：0时0分0秒6毫秒
20:10:58 INFO  - 开始保存聊天消息数据
20:10:58 INFO  - 聊天消息数据保存完成，共处理条 0 数据。耗时：0时0分0秒7毫秒
20:11:58 INFO  - 开始保存聊天消息数据
20:11:58 INFO  - 聊天消息数据保存完成，共处理条 0 数据。耗时：0时0分0秒7毫秒
20:12:58 INFO  - 开始保存聊天消息数据
20:12:58 INFO  - 聊天消息数据保存完成，共处理条 0 数据。耗时：0时0分0秒8毫秒
20:13:58 INFO  - 开始保存聊天消息数据
20:13:58 INFO  - 聊天消息数据保存完成，共处理条 0 数据。耗时：0时0分0秒10毫秒
20:14:58 INFO  - 开始保存聊天消息数据
20:14:58 INFO  - 聊天消息数据保存完成，共处理条 0 数据。耗时：0时0分0秒8毫秒
20:15:58 INFO  - 开始保存聊天消息数据
20:15:58 INFO  - 聊天消息数据保存完成，共处理条 0 数据。耗时：0时0分0秒6毫秒
20:16:58 INFO  - 开始保存聊天消息数据
20:16:58 INFO  - 聊天消息数据保存完成，共处理条 0 数据。耗时：0时0分0秒5毫秒
20:17:58 INFO  - 开始保存聊天消息数据
20:17:58 INFO  - 聊天消息数据保存完成，共处理条 0 数据。耗时：0时0分0秒11毫秒
20:18:58 INFO  - 开始保存聊天消息数据
20:18:58 INFO  - 聊天消息数据保存完成，共处理条 0 数据。耗时：0时0分0秒6毫秒
20:19:58 INFO  - 开始保存聊天消息数据
20:19:58 INFO  - 聊天消息数据保存完成，共处理条 0 数据。耗时：0时0分0秒5毫秒
20:20:58 INFO  - 开始保存聊天消息数据
20:20:58 INFO  - 聊天消息数据保存完成，共处理条 0 数据。耗时：0时0分0秒6毫秒
20:21:58 INFO  - 开始保存聊天消息数据
20:21:58 INFO  - 聊天消息数据保存完成，共处理条 0 数据。耗时：0时0分0秒6毫秒
20:22:58 INFO  - 开始保存聊天消息数据
20:22:58 INFO  - 聊天消息数据保存完成，共处理条 0 数据。耗时：0时0分0秒6毫秒
20:23:58 INFO  - 开始保存聊天消息数据
20:23:58 INFO  - 聊天消息数据保存完成，共处理条 0 数据。耗时：0时0分0秒7毫秒
20:24:58 INFO  - 开始保存聊天消息数据
20:24:58 INFO  - 聊天消息数据保存完成，共处理条 0 数据。耗时：0时0分0秒7毫秒
20:25:58 INFO  - 开始保存聊天消息数据
20:25:58 INFO  - 聊天消息数据保存完成，共处理条 0 数据。耗时：0时0分0秒3毫秒
20:26:58 INFO  - 开始保存聊天消息数据
20:26:58 INFO  - 聊天消息数据保存完成，共处理条 0 数据。耗时：0时0分0秒5毫秒
20:27:58 INFO  - 开始保存聊天消息数据
20:27:58 INFO  - 聊天消息数据保存完成，共处理条 0 数据。耗时：0时0分0秒13毫秒
20:28:58 INFO  - 开始保存聊天消息数据
20:28:58 INFO  - 聊天消息数据保存完成，共处理条 0 数据。耗时：0时0分0秒12毫秒
20:29:58 INFO  - 开始保存聊天消息数据
20:29:58 INFO  - 聊天消息数据保存完成，共处理条 0 数据。耗时：0时0分0秒6毫秒
20:30:58 INFO  - 开始保存聊天消息数据
20:30:58 INFO  - 聊天消息数据保存完成，共处理条 0 数据。耗时：0时0分0秒12毫秒
20:31:58 INFO  - 开始保存聊天消息数据
20:31:58 INFO  - 聊天消息数据保存完成，共处理条 0 数据。耗时：0时0分0秒5毫秒
20:32:58 INFO  - 开始保存聊天消息数据
20:32:58 INFO  - 聊天消息数据保存完成，共处理条 0 数据。耗时：0时0分0秒10毫秒
20:33:58 INFO  - 开始保存聊天消息数据
20:33:58 INFO  - 聊天消息数据保存完成，共处理条 0 数据。耗时：0时0分0秒5毫秒
20:34:58 INFO  - 开始保存聊天消息数据
20:34:58 INFO  - 聊天消息数据保存完成，共处理条 0 数据。耗时：0时0分0秒8毫秒
20:35:58 INFO  - 开始保存聊天消息数据
20:35:58 INFO  - 聊天消息数据保存完成，共处理条 0 数据。耗时：0时0分0秒7毫秒
20:36:58 INFO  - 开始保存聊天消息数据
20:36:58 INFO  - 聊天消息数据保存完成，共处理条 0 数据。耗时：0时0分0秒6毫秒
20:37:58 INFO  - 开始保存聊天消息数据
20:37:58 INFO  - 聊天消息数据保存完成，共处理条 0 数据。耗时：0时0分0秒5毫秒
20:38:58 INFO  - 开始保存聊天消息数据
20:38:58 INFO  - 聊天消息数据保存完成，共处理条 0 数据。耗时：0时0分0秒9毫秒
20:39:58 INFO  - 开始保存聊天消息数据
20:39:58 INFO  - 聊天消息数据保存完成，共处理条 0 数据。耗时：0时0分0秒15毫秒
20:40:58 INFO  - 开始保存聊天消息数据
20:40:58 INFO  - 聊天消息数据保存完成，共处理条 0 数据。耗时：0时0分0秒6毫秒
20:41:58 INFO  - 开始保存聊天消息数据
20:41:58 INFO  - 聊天消息数据保存完成，共处理条 0 数据。耗时：0时0分0秒4毫秒
20:42:58 INFO  - 开始保存聊天消息数据
20:42:58 INFO  - 聊天消息数据保存完成，共处理条 0 数据。耗时：0时0分0秒7毫秒
20:43:58 INFO  - 开始保存聊天消息数据
20:43:58 INFO  - 聊天消息数据保存完成，共处理条 0 数据。耗时：0时0分0秒7毫秒
20:44:58 INFO  - 开始保存聊天消息数据
20:44:58 INFO  - 聊天消息数据保存完成，共处理条 0 数据。耗时：0时0分0秒10毫秒
20:45:58 INFO  - 开始保存聊天消息数据
20:45:58 INFO  - 聊天消息数据保存完成，共处理条 0 数据。耗时：0时0分0秒6毫秒
20:46:58 INFO  - 开始保存聊天消息数据
20:46:58 INFO  - 聊天消息数据保存完成，共处理条 0 数据。耗时：0时0分0秒4毫秒
20:47:58 INFO  - 开始保存聊天消息数据
20:47:58 INFO  - 聊天消息数据保存完成，共处理条 0 数据。耗时：0时0分0秒8毫秒
20:48:58 INFO  - 开始保存聊天消息数据
20:48:58 INFO  - 聊天消息数据保存完成，共处理条 0 数据。耗时：0时0分0秒14毫秒
20:49:58 INFO  - 开始保存聊天消息数据
20:49:58 INFO  - 聊天消息数据保存完成，共处理条 0 数据。耗时：0时0分0秒10毫秒
20:50:58 INFO  - 开始保存聊天消息数据
20:50:58 INFO  - 聊天消息数据保存完成，共处理条 0 数据。耗时：0时0分0秒9毫秒
20:51:58 INFO  - 开始保存聊天消息数据
20:51:58 INFO  - 聊天消息数据保存完成，共处理条 0 数据。耗时：0时0分0秒6毫秒
20:52:58 INFO  - 开始保存聊天消息数据
20:52:58 INFO  - 聊天消息数据保存完成，共处理条 0 数据。耗时：0时0分0秒11毫秒
20:53:58 INFO  - 开始保存聊天消息数据
20:53:58 INFO  - 聊天消息数据保存完成，共处理条 0 数据。耗时：0时0分0秒5毫秒
20:54:58 INFO  - 开始保存聊天消息数据
20:54:58 INFO  - 聊天消息数据保存完成，共处理条 0 数据。耗时：0时0分0秒12毫秒
20:55:58 INFO  - 开始保存聊天消息数据
20:55:58 INFO  - 聊天消息数据保存完成，共处理条 0 数据。耗时：0时0分0秒4毫秒
20:56:58 INFO  - 开始保存聊天消息数据
20:56:58 INFO  - 聊天消息数据保存完成，共处理条 0 数据。耗时：0时0分0秒14毫秒
20:57:58 INFO  - 开始保存聊天消息数据
20:57:58 INFO  - 聊天消息数据保存完成，共处理条 0 数据。耗时：0时0分0秒8毫秒
20:58:58 INFO  - 开始保存聊天消息数据
20:58:58 INFO  - 聊天消息数据保存完成，共处理条 0 数据。耗时：0时0分0秒7毫秒
20:59:58 INFO  - 开始保存聊天消息数据
20:59:58 INFO  - 聊天消息数据保存完成，共处理条 0 数据。耗时：0时0分0秒15毫秒
21:00:58 INFO  - 开始保存聊天消息数据
21:00:58 INFO  - 聊天消息数据保存完成，共处理条 0 数据。耗时：0时0分0秒15毫秒
21:01:58 INFO  - 开始保存聊天消息数据
21:01:58 INFO  - 聊天消息数据保存完成，共处理条 0 数据。耗时：0时0分0秒9毫秒
21:02:58 INFO  - 开始保存聊天消息数据
21:02:58 INFO  - 聊天消息数据保存完成，共处理条 0 数据。耗时：0时0分0秒8毫秒
21:03:58 INFO  - 开始保存聊天消息数据
21:03:58 INFO  - 聊天消息数据保存完成，共处理条 0 数据。耗时：0时0分0秒6毫秒
21:04:58 INFO  - 开始保存聊天消息数据
21:04:58 INFO  - 聊天消息数据保存完成，共处理条 0 数据。耗时：0时0分0秒9毫秒
21:05:58 INFO  - 开始保存聊天消息数据
21:05:58 INFO  - 聊天消息数据保存完成，共处理条 0 数据。耗时：0时0分0秒7毫秒
21:06:58 INFO  - 开始保存聊天消息数据
21:06:58 INFO  - 聊天消息数据保存完成，共处理条 0 数据。耗时：0时0分0秒6毫秒
21:07:58 INFO  - 开始保存聊天消息数据
21:07:58 INFO  - 聊天消息数据保存完成，共处理条 0 数据。耗时：0时0分0秒14毫秒
21:08:58 INFO  - 开始保存聊天消息数据
21:08:58 INFO  - 聊天消息数据保存完成，共处理条 0 数据。耗时：0时0分0秒9毫秒
21:09:58 INFO  - 开始保存聊天消息数据
21:09:58 INFO  - 聊天消息数据保存完成，共处理条 0 数据。耗时：0时0分0秒11毫秒
21:10:58 INFO  - 开始保存聊天消息数据
21:10:58 INFO  - 聊天消息数据保存完成，共处理条 0 数据。耗时：0时0分0秒20毫秒
21:11:58 INFO  - 开始保存聊天消息数据
21:11:58 INFO  - 聊天消息数据保存完成，共处理条 0 数据。耗时：0时0分0秒15毫秒
21:12:58 INFO  - 开始保存聊天消息数据
21:12:58 INFO  - 聊天消息数据保存完成，共处理条 0 数据。耗时：0时0分0秒6毫秒
21:13:58 INFO  - 开始保存聊天消息数据
21:13:58 INFO  - 聊天消息数据保存完成，共处理条 0 数据。耗时：0时0分0秒7毫秒
21:14:58 INFO  - 开始保存聊天消息数据
21:14:58 INFO  - 聊天消息数据保存完成，共处理条 0 数据。耗时：0时0分0秒6毫秒
21:15:58 INFO  - 开始保存聊天消息数据
21:15:58 INFO  - 聊天消息数据保存完成，共处理条 0 数据。耗时：0时0分0秒12毫秒
21:16:58 INFO  - 开始保存聊天消息数据
21:16:58 INFO  - 聊天消息数据保存完成，共处理条 0 数据。耗时：0时0分0秒12毫秒
21:17:58 INFO  - 开始保存聊天消息数据
21:17:58 INFO  - 聊天消息数据保存完成，共处理条 0 数据。耗时：0时0分0秒6毫秒
21:18:58 INFO  - 开始保存聊天消息数据
21:18:58 INFO  - 聊天消息数据保存完成，共处理条 0 数据。耗时：0时0分0秒11毫秒
21:19:58 INFO  - 开始保存聊天消息数据
21:19:58 INFO  - 聊天消息数据保存完成，共处理条 0 数据。耗时：0时0分0秒9毫秒
21:20:58 INFO  - 开始保存聊天消息数据
21:20:58 INFO  - 聊天消息数据保存完成，共处理条 0 数据。耗时：0时0分0秒6毫秒
21:21:58 INFO  - 开始保存聊天消息数据
21:21:58 INFO  - 聊天消息数据保存完成，共处理条 0 数据。耗时：0时0分0秒8毫秒
21:22:58 INFO  - 开始保存聊天消息数据
21:22:58 INFO  - 聊天消息数据保存完成，共处理条 0 数据。耗时：0时0分0秒6毫秒
21:23:58 INFO  - 开始保存聊天消息数据
21:23:58 INFO  - 聊天消息数据保存完成，共处理条 0 数据。耗时：0时0分0秒10毫秒
21:24:58 INFO  - 开始保存聊天消息数据
21:24:58 INFO  - 聊天消息数据保存完成，共处理条 0 数据。耗时：0时0分0秒12毫秒
21:25:58 INFO  - 开始保存聊天消息数据
21:25:58 INFO  - 聊天消息数据保存完成，共处理条 0 数据。耗时：0时0分0秒10毫秒
21:26:58 INFO  - 开始保存聊天消息数据
21:26:58 INFO  - 聊天消息数据保存完成，共处理条 0 数据。耗时：0时0分0秒6毫秒
21:27:58 INFO  - 开始保存聊天消息数据
21:27:58 INFO  - 聊天消息数据保存完成，共处理条 0 数据。耗时：0时0分0秒6毫秒
21:28:58 INFO  - 开始保存聊天消息数据
21:28:58 INFO  - 聊天消息数据保存完成，共处理条 0 数据。耗时：0时0分0秒7毫秒
21:29:58 INFO  - 开始保存聊天消息数据
21:29:58 INFO  - 聊天消息数据保存完成，共处理条 0 数据。耗时：0时0分0秒5毫秒
21:30:58 INFO  - 开始保存聊天消息数据
21:30:58 INFO  - 聊天消息数据保存完成，共处理条 0 数据。耗时：0时0分0秒6毫秒
21:31:58 INFO  - 开始保存聊天消息数据
21:31:58 INFO  - 聊天消息数据保存完成，共处理条 0 数据。耗时：0时0分0秒6毫秒
21:32:58 INFO  - 开始保存聊天消息数据
21:32:58 INFO  - 聊天消息数据保存完成，共处理条 0 数据。耗时：0时0分0秒6毫秒
21:33:58 INFO  - 开始保存聊天消息数据
21:33:58 INFO  - 聊天消息数据保存完成，共处理条 0 数据。耗时：0时0分0秒11毫秒
21:34:58 INFO  - 开始保存聊天消息数据
21:34:58 INFO  - 聊天消息数据保存完成，共处理条 0 数据。耗时：0时0分0秒6毫秒
21:35:58 INFO  - 开始保存聊天消息数据
21:35:58 INFO  - 聊天消息数据保存完成，共处理条 0 数据。耗时：0时0分0秒3毫秒
21:36:58 INFO  - 开始保存聊天消息数据
21:36:58 INFO  - 聊天消息数据保存完成，共处理条 0 数据。耗时：0时0分0秒8毫秒
21:37:58 INFO  - 开始保存聊天消息数据
21:37:58 INFO  - 聊天消息数据保存完成，共处理条 0 数据。耗时：0时0分0秒7毫秒
21:38:58 INFO  - 开始保存聊天消息数据
21:38:58 INFO  - 聊天消息数据保存完成，共处理条 0 数据。耗时：0时0分0秒8毫秒
21:39:58 INFO  - 开始保存聊天消息数据
21:39:58 INFO  - 聊天消息数据保存完成，共处理条 0 数据。耗时：0时0分0秒5毫秒
21:40:58 INFO  - 开始保存聊天消息数据
21:40:58 INFO  - 聊天消息数据保存完成，共处理条 0 数据。耗时：0时0分0秒6毫秒
21:41:58 INFO  - 开始保存聊天消息数据
21:41:58 INFO  - 聊天消息数据保存完成，共处理条 0 数据。耗时：0时0分0秒9毫秒
21:42:58 INFO  - 开始保存聊天消息数据
21:42:58 INFO  - 聊天消息数据保存完成，共处理条 0 数据。耗时：0时0分0秒6毫秒
21:43:58 INFO  - 开始保存聊天消息数据
21:43:58 INFO  - 聊天消息数据保存完成，共处理条 0 数据。耗时：0时0分0秒13毫秒
21:44:58 INFO  - 开始保存聊天消息数据
21:44:58 INFO  - 聊天消息数据保存完成，共处理条 0 数据。耗时：0时0分0秒12毫秒
21:45:58 INFO  - 开始保存聊天消息数据
21:45:58 INFO  - 聊天消息数据保存完成，共处理条 0 数据。耗时：0时0分0秒10毫秒
21:46:58 INFO  - 开始保存聊天消息数据
21:46:58 INFO  - 聊天消息数据保存完成，共处理条 0 数据。耗时：0时0分0秒11毫秒
21:47:58 INFO  - 开始保存聊天消息数据
21:47:58 INFO  - 聊天消息数据保存完成，共处理条 0 数据。耗时：0时0分0秒4毫秒
21:48:58 INFO  - 开始保存聊天消息数据
21:48:58 INFO  - 聊天消息数据保存完成，共处理条 0 数据。耗时：0时0分0秒11毫秒
21:49:58 INFO  - 开始保存聊天消息数据
21:49:58 INFO  - 聊天消息数据保存完成，共处理条 0 数据。耗时：0时0分0秒5毫秒
21:50:58 INFO  - 开始保存聊天消息数据
21:50:58 INFO  - 聊天消息数据保存完成，共处理条 0 数据。耗时：0时0分0秒12毫秒
21:51:58 INFO  - 开始保存聊天消息数据
21:51:58 INFO  - 聊天消息数据保存完成，共处理条 0 数据。耗时：0时0分0秒8毫秒
21:52:58 INFO  - 开始保存聊天消息数据
21:52:58 INFO  - 聊天消息数据保存完成，共处理条 0 数据。耗时：0时0分0秒12毫秒
21:53:58 INFO  - 开始保存聊天消息数据
21:53:58 INFO  - 聊天消息数据保存完成，共处理条 0 数据。耗时：0时0分0秒6毫秒
21:54:58 INFO  - 开始保存聊天消息数据
21:54:58 INFO  - 聊天消息数据保存完成，共处理条 0 数据。耗时：0时0分0秒6毫秒
21:55:58 INFO  - 开始保存聊天消息数据
21:55:58 INFO  - 聊天消息数据保存完成，共处理条 0 数据。耗时：0时0分0秒13毫秒
21:56:58 INFO  - 开始保存聊天消息数据
21:56:58 INFO  - 聊天消息数据保存完成，共处理条 0 数据。耗时：0时0分0秒6毫秒
21:57:58 INFO  - 开始保存聊天消息数据
21:57:58 INFO  - 聊天消息数据保存完成，共处理条 0 数据。耗时：0时0分0秒7毫秒
21:58:58 INFO  - 开始保存聊天消息数据
21:58:58 INFO  - 聊天消息数据保存完成，共处理条 0 数据。耗时：0时0分0秒6毫秒
21:59:58 INFO  - 开始保存聊天消息数据
21:59:58 INFO  - 聊天消息数据保存完成，共处理条 0 数据。耗时：0时0分0秒3毫秒
22:00:58 INFO  - 开始保存聊天消息数据
22:00:58 INFO  - 聊天消息数据保存完成，共处理条 0 数据。耗时：0时0分0秒7毫秒
22:01:58 INFO  - 开始保存聊天消息数据
22:01:58 INFO  - 聊天消息数据保存完成，共处理条 0 数据。耗时：0时0分0秒4毫秒
22:02:58 INFO  - 开始保存聊天消息数据
22:02:58 INFO  - 聊天消息数据保存完成，共处理条 0 数据。耗时：0时0分0秒6毫秒
22:03:58 INFO  - 开始保存聊天消息数据
22:03:58 INFO  - 聊天消息数据保存完成，共处理条 0 数据。耗时：0时0分0秒5毫秒
22:04:58 INFO  - 开始保存聊天消息数据
22:04:58 INFO  - 聊天消息数据保存完成，共处理条 0 数据。耗时：0时0分0秒7毫秒
22:05:58 INFO  - 开始保存聊天消息数据
22:05:58 INFO  - 聊天消息数据保存完成，共处理条 0 数据。耗时：0时0分0秒12毫秒
22:06:58 INFO  - 开始保存聊天消息数据
22:06:58 INFO  - 聊天消息数据保存完成，共处理条 0 数据。耗时：0时0分0秒6毫秒
22:07:58 INFO  - 开始保存聊天消息数据
22:07:58 INFO  - 聊天消息数据保存完成，共处理条 0 数据。耗时：0时0分0秒7毫秒
22:08:58 INFO  - 开始保存聊天消息数据
22:08:58 INFO  - 聊天消息数据保存完成，共处理条 0 数据。耗时：0时0分0秒6毫秒
22:09:58 INFO  - 开始保存聊天消息数据
22:09:58 INFO  - 聊天消息数据保存完成，共处理条 0 数据。耗时：0时0分0秒7毫秒
22:10:58 INFO  - 开始保存聊天消息数据
22:10:58 INFO  - 聊天消息数据保存完成，共处理条 0 数据。耗时：0时0分0秒5毫秒
22:11:58 INFO  - 开始保存聊天消息数据
22:11:58 INFO  - 聊天消息数据保存完成，共处理条 0 数据。耗时：0时0分0秒8毫秒
22:12:58 INFO  - 开始保存聊天消息数据
22:12:58 INFO  - 聊天消息数据保存完成，共处理条 0 数据。耗时：0时0分0秒13毫秒
22:13:58 INFO  - 开始保存聊天消息数据
22:13:58 INFO  - 聊天消息数据保存完成，共处理条 0 数据。耗时：0时0分0秒6毫秒
22:14:58 INFO  - 开始保存聊天消息数据
22:14:58 INFO  - 聊天消息数据保存完成，共处理条 0 数据。耗时：0时0分0秒6毫秒
22:15:58 INFO  - 开始保存聊天消息数据
22:15:58 INFO  - 聊天消息数据保存完成，共处理条 0 数据。耗时：0时0分0秒10毫秒
22:16:58 INFO  - 开始保存聊天消息数据
22:16:58 INFO  - 聊天消息数据保存完成，共处理条 0 数据。耗时：0时0分0秒11毫秒
22:17:58 INFO  - 开始保存聊天消息数据
22:17:58 INFO  - 聊天消息数据保存完成，共处理条 0 数据。耗时：0时0分0秒6毫秒
22:18:58 INFO  - 开始保存聊天消息数据
22:18:58 INFO  - 聊天消息数据保存完成，共处理条 0 数据。耗时：0时0分0秒10毫秒
22:19:58 INFO  - 开始保存聊天消息数据
22:19:58 INFO  - 聊天消息数据保存完成，共处理条 0 数据。耗时：0时0分0秒6毫秒
22:20:58 INFO  - 开始保存聊天消息数据
22:20:58 INFO  - 聊天消息数据保存完成，共处理条 0 数据。耗时：0时0分0秒7毫秒
22:21:58 INFO  - 开始保存聊天消息数据
22:21:58 INFO  - 聊天消息数据保存完成，共处理条 0 数据。耗时：0时0分0秒8毫秒
22:22:58 INFO  - 开始保存聊天消息数据
22:22:58 INFO  - 聊天消息数据保存完成，共处理条 0 数据。耗时：0时0分0秒7毫秒
22:23:58 INFO  - 开始保存聊天消息数据
22:23:58 INFO  - 聊天消息数据保存完成，共处理条 0 数据。耗时：0时0分0秒6毫秒
22:24:58 INFO  - 开始保存聊天消息数据
22:24:58 INFO  - 聊天消息数据保存完成，共处理条 0 数据。耗时：0时0分0秒7毫秒
22:25:58 INFO  - 开始保存聊天消息数据
22:25:58 INFO  - 聊天消息数据保存完成，共处理条 0 数据。耗时：0时0分0秒6毫秒
22:26:58 INFO  - 开始保存聊天消息数据
22:26:58 INFO  - 聊天消息数据保存完成，共处理条 0 数据。耗时：0时0分0秒13毫秒
22:27:58 INFO  - 开始保存聊天消息数据
22:27:58 INFO  - 聊天消息数据保存完成，共处理条 0 数据。耗时：0时0分0秒7毫秒
22:28:58 INFO  - 开始保存聊天消息数据
22:28:58 INFO  - 聊天消息数据保存完成，共处理条 0 数据。耗时：0时0分0秒15毫秒
22:29:58 INFO  - 开始保存聊天消息数据
22:29:58 INFO  - 聊天消息数据保存完成，共处理条 0 数据。耗时：0时0分0秒8毫秒
22:30:58 INFO  - 开始保存聊天消息数据
22:30:58 INFO  - 聊天消息数据保存完成，共处理条 0 数据。耗时：0时0分0秒10毫秒
22:31:58 INFO  - 开始保存聊天消息数据
22:31:58 INFO  - 聊天消息数据保存完成，共处理条 0 数据。耗时：0时0分0秒6毫秒
22:32:58 INFO  - 开始保存聊天消息数据
22:32:58 INFO  - 聊天消息数据保存完成，共处理条 0 数据。耗时：0时0分0秒9毫秒
22:33:58 INFO  - 开始保存聊天消息数据
22:33:58 INFO  - 聊天消息数据保存完成，共处理条 0 数据。耗时：0时0分0秒9毫秒
22:34:58 INFO  - 开始保存聊天消息数据
22:34:58 INFO  - 聊天消息数据保存完成，共处理条 0 数据。耗时：0时0分0秒7毫秒
22:35:58 INFO  - 开始保存聊天消息数据
22:35:58 INFO  - 聊天消息数据保存完成，共处理条 0 数据。耗时：0时0分0秒10毫秒
22:36:58 INFO  - 开始保存聊天消息数据
22:36:58 INFO  - 聊天消息数据保存完成，共处理条 0 数据。耗时：0时0分0秒6毫秒
22:37:58 INFO  - 开始保存聊天消息数据
22:37:58 INFO  - 聊天消息数据保存完成，共处理条 0 数据。耗时：0时0分0秒4毫秒
22:38:58 INFO  - 开始保存聊天消息数据
22:38:58 INFO  - 聊天消息数据保存完成，共处理条 0 数据。耗时：0时0分0秒8毫秒
22:39:58 INFO  - 开始保存聊天消息数据
22:39:58 INFO  - 聊天消息数据保存完成，共处理条 0 数据。耗时：0时0分0秒8毫秒
22:40:58 INFO  - 开始保存聊天消息数据
22:40:58 INFO  - 聊天消息数据保存完成，共处理条 0 数据。耗时：0时0分0秒9毫秒
22:41:58 INFO  - 开始保存聊天消息数据
22:41:58 INFO  - 聊天消息数据保存完成，共处理条 0 数据。耗时：0时0分0秒5毫秒
22:42:58 INFO  - 开始保存聊天消息数据
22:42:58 INFO  - 聊天消息数据保存完成，共处理条 0 数据。耗时：0时0分0秒9毫秒
22:43:58 INFO  - 开始保存聊天消息数据
22:43:58 INFO  - 聊天消息数据保存完成，共处理条 0 数据。耗时：0时0分0秒10毫秒
22:44:58 INFO  - 开始保存聊天消息数据
22:44:58 INFO  - 聊天消息数据保存完成，共处理条 0 数据。耗时：0时0分0秒6毫秒
22:45:58 INFO  - 开始保存聊天消息数据
22:45:58 INFO  - 聊天消息数据保存完成，共处理条 0 数据。耗时：0时0分0秒13毫秒
22:46:58 INFO  - 开始保存聊天消息数据
22:46:58 INFO  - 聊天消息数据保存完成，共处理条 0 数据。耗时：0时0分0秒10毫秒
22:47:58 INFO  - 开始保存聊天消息数据
22:47:58 INFO  - 聊天消息数据保存完成，共处理条 0 数据。耗时：0时0分0秒8毫秒
22:48:58 INFO  - 开始保存聊天消息数据
22:48:58 INFO  - 聊天消息数据保存完成，共处理条 0 数据。耗时：0时0分0秒10毫秒
22:49:58 INFO  - 开始保存聊天消息数据
22:49:58 INFO  - 聊天消息数据保存完成，共处理条 0 数据。耗时：0时0分0秒5毫秒
22:50:58 INFO  - 开始保存聊天消息数据
22:50:58 INFO  - 聊天消息数据保存完成，共处理条 0 数据。耗时：0时0分0秒9毫秒
22:51:58 INFO  - 开始保存聊天消息数据
22:51:58 INFO  - 聊天消息数据保存完成，共处理条 0 数据。耗时：0时0分0秒7毫秒
22:52:58 INFO  - 开始保存聊天消息数据
22:52:58 INFO  - 聊天消息数据保存完成，共处理条 0 数据。耗时：0时0分0秒7毫秒
22:53:58 INFO  - 开始保存聊天消息数据
22:53:58 INFO  - 聊天消息数据保存完成，共处理条 0 数据。耗时：0时0分0秒6毫秒
22:54:58 INFO  - 开始保存聊天消息数据
22:54:58 INFO  - 聊天消息数据保存完成，共处理条 0 数据。耗时：0时0分0秒5毫秒
22:55:58 INFO  - 开始保存聊天消息数据
22:55:58 INFO  - 聊天消息数据保存完成，共处理条 0 数据。耗时：0时0分0秒5毫秒
22:56:58 INFO  - 开始保存聊天消息数据
22:56:58 INFO  - 聊天消息数据保存完成，共处理条 0 数据。耗时：0时0分0秒7毫秒
22:57:58 INFO  - 开始保存聊天消息数据
22:57:58 INFO  - 聊天消息数据保存完成，共处理条 0 数据。耗时：0时0分0秒8毫秒
22:58:58 INFO  - 开始保存聊天消息数据
22:58:58 INFO  - 聊天消息数据保存完成，共处理条 0 数据。耗时：0时0分0秒7毫秒
22:59:58 INFO  - 开始保存聊天消息数据
22:59:58 INFO  - 聊天消息数据保存完成，共处理条 0 数据。耗时：0时0分0秒6毫秒
23:00:58 INFO  - 开始保存聊天消息数据
23:00:58 INFO  - 聊天消息数据保存完成，共处理条 0 数据。耗时：0时0分0秒8毫秒
23:01:58 INFO  - 开始保存聊天消息数据
23:01:58 INFO  - 聊天消息数据保存完成，共处理条 0 数据。耗时：0时0分0秒13毫秒
23:02:58 INFO  - 开始保存聊天消息数据
23:02:58 INFO  - 聊天消息数据保存完成，共处理条 0 数据。耗时：0时0分0秒8毫秒
23:03:58 INFO  - 开始保存聊天消息数据
23:03:58 INFO  - 聊天消息数据保存完成，共处理条 0 数据。耗时：0时0分0秒7毫秒
23:04:58 INFO  - 开始保存聊天消息数据
23:04:58 INFO  - 聊天消息数据保存完成，共处理条 0 数据。耗时：0时0分0秒5毫秒
23:05:58 INFO  - 开始保存聊天消息数据
23:05:58 INFO  - 聊天消息数据保存完成，共处理条 0 数据。耗时：0时0分0秒10毫秒
23:06:58 INFO  - 开始保存聊天消息数据
23:06:58 INFO  - 聊天消息数据保存完成，共处理条 0 数据。耗时：0时0分0秒6毫秒
23:07:58 INFO  - 开始保存聊天消息数据
23:07:58 INFO  - 聊天消息数据保存完成，共处理条 0 数据。耗时：0时0分0秒5毫秒
23:08:58 INFO  - 开始保存聊天消息数据
23:08:58 INFO  - 聊天消息数据保存完成，共处理条 0 数据。耗时：0时0分0秒5毫秒
23:09:58 INFO  - 开始保存聊天消息数据
23:09:58 INFO  - 聊天消息数据保存完成，共处理条 0 数据。耗时：0时0分0秒5毫秒
23:10:58 INFO  - 开始保存聊天消息数据
23:10:58 INFO  - 聊天消息数据保存完成，共处理条 0 数据。耗时：0时0分0秒5毫秒
23:11:58 INFO  - 开始保存聊天消息数据
23:11:58 INFO  - 聊天消息数据保存完成，共处理条 0 数据。耗时：0时0分0秒8毫秒
23:12:58 INFO  - 开始保存聊天消息数据
23:12:58 INFO  - 聊天消息数据保存完成，共处理条 0 数据。耗时：0时0分0秒5毫秒
23:13:58 INFO  - 开始保存聊天消息数据
23:13:58 INFO  - 聊天消息数据保存完成，共处理条 0 数据。耗时：0时0分0秒5毫秒
23:14:58 INFO  - 开始保存聊天消息数据
23:14:58 INFO  - 聊天消息数据保存完成，共处理条 0 数据。耗时：0时0分0秒6毫秒
23:15:58 INFO  - 开始保存聊天消息数据
23:15:58 INFO  - 聊天消息数据保存完成，共处理条 0 数据。耗时：0时0分0秒6毫秒
23:16:58 INFO  - 开始保存聊天消息数据
23:16:58 INFO  - 聊天消息数据保存完成，共处理条 0 数据。耗时：0时0分0秒8毫秒
23:17:58 INFO  - 开始保存聊天消息数据
23:17:58 INFO  - 聊天消息数据保存完成，共处理条 0 数据。耗时：0时0分0秒6毫秒
23:18:58 INFO  - 开始保存聊天消息数据
23:18:58 INFO  - 聊天消息数据保存完成，共处理条 0 数据。耗时：0时0分0秒6毫秒
23:19:58 INFO  - 开始保存聊天消息数据
23:19:58 INFO  - 聊天消息数据保存完成，共处理条 0 数据。耗时：0时0分0秒12毫秒
23:20:58 INFO  - 开始保存聊天消息数据
23:20:58 INFO  - 聊天消息数据保存完成，共处理条 0 数据。耗时：0时0分0秒6毫秒
23:21:58 INFO  - 开始保存聊天消息数据
23:21:58 INFO  - 聊天消息数据保存完成，共处理条 0 数据。耗时：0时0分0秒6毫秒
23:22:58 INFO  - 开始保存聊天消息数据
23:22:58 INFO  - 聊天消息数据保存完成，共处理条 0 数据。耗时：0时0分0秒11毫秒
23:23:58 INFO  - 开始保存聊天消息数据
23:23:58 INFO  - 聊天消息数据保存完成，共处理条 0 数据。耗时：0时0分0秒6毫秒
23:24:58 INFO  - 开始保存聊天消息数据
23:24:58 INFO  - 聊天消息数据保存完成，共处理条 0 数据。耗时：0时0分0秒14毫秒
23:25:58 INFO  - 开始保存聊天消息数据
23:25:58 INFO  - 聊天消息数据保存完成，共处理条 0 数据。耗时：0时0分0秒14毫秒
23:26:58 INFO  - 开始保存聊天消息数据
23:26:58 INFO  - 聊天消息数据保存完成，共处理条 0 数据。耗时：0时0分0秒8毫秒
23:27:58 INFO  - 开始保存聊天消息数据
23:27:58 INFO  - 聊天消息数据保存完成，共处理条 0 数据。耗时：0时0分0秒11毫秒
23:28:58 INFO  - 开始保存聊天消息数据
23:28:58 INFO  - 聊天消息数据保存完成，共处理条 0 数据。耗时：0时0分0秒4毫秒
23:29:58 INFO  - 开始保存聊天消息数据
23:29:58 INFO  - 聊天消息数据保存完成，共处理条 0 数据。耗时：0时0分0秒6毫秒
23:30:58 INFO  - 开始保存聊天消息数据
23:30:58 INFO  - 聊天消息数据保存完成，共处理条 0 数据。耗时：0时0分0秒6毫秒
23:31:58 INFO  - 开始保存聊天消息数据
23:31:58 INFO  - 聊天消息数据保存完成，共处理条 0 数据。耗时：0时0分0秒11毫秒
23:32:58 INFO  - 开始保存聊天消息数据
23:32:58 INFO  - 聊天消息数据保存完成，共处理条 0 数据。耗时：0时0分0秒7毫秒
23:33:58 INFO  - 开始保存聊天消息数据
23:33:58 INFO  - 聊天消息数据保存完成，共处理条 0 数据。耗时：0时0分0秒10毫秒
23:34:58 INFO  - 开始保存聊天消息数据
23:34:58 INFO  - 聊天消息数据保存完成，共处理条 0 数据。耗时：0时0分0秒9毫秒
23:35:58 INFO  - 开始保存聊天消息数据
23:35:58 INFO  - 聊天消息数据保存完成，共处理条 0 数据。耗时：0时0分0秒10毫秒
23:36:58 INFO  - 开始保存聊天消息数据
23:36:58 INFO  - 聊天消息数据保存完成，共处理条 0 数据。耗时：0时0分0秒9毫秒
23:37:58 INFO  - 开始保存聊天消息数据
23:37:58 INFO  - 聊天消息数据保存完成，共处理条 0 数据。耗时：0时0分0秒6毫秒
23:38:58 INFO  - 开始保存聊天消息数据
23:38:58 INFO  - 聊天消息数据保存完成，共处理条 0 数据。耗时：0时0分0秒8毫秒
23:39:58 INFO  - 开始保存聊天消息数据
23:39:58 INFO  - 聊天消息数据保存完成，共处理条 0 数据。耗时：0时0分0秒7毫秒
23:40:58 INFO  - 开始保存聊天消息数据
23:40:58 INFO  - 聊天消息数据保存完成，共处理条 0 数据。耗时：0时0分0秒9毫秒
23:41:58 INFO  - 开始保存聊天消息数据
23:41:58 INFO  - 聊天消息数据保存完成，共处理条 0 数据。耗时：0时0分0秒6毫秒
23:42:58 INFO  - 开始保存聊天消息数据
23:42:58 INFO  - 聊天消息数据保存完成，共处理条 0 数据。耗时：0时0分0秒12毫秒
23:43:58 INFO  - 开始保存聊天消息数据
23:43:58 INFO  - 聊天消息数据保存完成，共处理条 0 数据。耗时：0时0分0秒12毫秒
23:44:58 INFO  - 开始保存聊天消息数据
23:44:58 INFO  - 聊天消息数据保存完成，共处理条 0 数据。耗时：0时0分0秒7毫秒
23:45:58 INFO  - 开始保存聊天消息数据
23:45:58 INFO  - 聊天消息数据保存完成，共处理条 0 数据。耗时：0时0分0秒10毫秒
23:46:58 INFO  - 开始保存聊天消息数据
23:46:58 INFO  - 聊天消息数据保存完成，共处理条 0 数据。耗时：0时0分0秒5毫秒
23:47:58 INFO  - 开始保存聊天消息数据
23:47:58 INFO  - 聊天消息数据保存完成，共处理条 0 数据。耗时：0时0分0秒9毫秒
23:48:58 INFO  - 开始保存聊天消息数据
23:48:58 INFO  - 聊天消息数据保存完成，共处理条 0 数据。耗时：0时0分0秒14毫秒
23:49:58 INFO  - 开始保存聊天消息数据
23:49:58 INFO  - 聊天消息数据保存完成，共处理条 0 数据。耗时：0时0分0秒5毫秒
23:50:58 INFO  - 开始保存聊天消息数据
23:50:58 INFO  - 聊天消息数据保存完成，共处理条 0 数据。耗时：0时0分0秒15毫秒
23:51:58 INFO  - 开始保存聊天消息数据
23:51:58 INFO  - 聊天消息数据保存完成，共处理条 0 数据。耗时：0时0分0秒4毫秒
23:52:58 INFO  - 开始保存聊天消息数据
23:52:58 INFO  - 聊天消息数据保存完成，共处理条 0 数据。耗时：0时0分0秒5毫秒
23:53:58 INFO  - 开始保存聊天消息数据
23:53:58 INFO  - 聊天消息数据保存完成，共处理条 0 数据。耗时：0时0分0秒6毫秒
23:54:58 INFO  - 开始保存聊天消息数据
23:54:58 INFO  - 聊天消息数据保存完成，共处理条 0 数据。耗时：0时0分0秒9毫秒
23:55:58 INFO  - 开始保存聊天消息数据
23:55:58 INFO  - 聊天消息数据保存完成，共处理条 0 数据。耗时：0时0分0秒6毫秒
23:56:58 INFO  - 开始保存聊天消息数据
23:56:58 INFO  - 聊天消息数据保存完成，共处理条 0 数据。耗时：0时0分0秒8毫秒
23:57:58 INFO  - 开始保存聊天消息数据
23:57:58 INFO  - 聊天消息数据保存完成，共处理条 0 数据。耗时：0时0分0秒6毫秒
23:58:58 INFO  - 开始保存聊天消息数据
23:58:58 INFO  - 聊天消息数据保存完成，共处理条 0 数据。耗时：0时0分0秒9毫秒
23:59:58 INFO  - 开始保存聊天消息数据
23:59:58 INFO  - 聊天消息数据保存完成，共处理条 0 数据。耗时：0时0分0秒12毫秒
