10:44:21 INFO  - 开始保存聊天消息数据
10:44:21 INFO  - 聊天消息数据保存完成，共处理条 0 数据。耗时：0时0分0秒773毫秒
10:44:23 INFO  - admin 成功登录Openfire
10:44:23 INFO  - 问答分配悬赏金完成，共处理条 6 数据。耗时：1秒
10:45:21 INFO  - 开始保存聊天消息数据
10:45:21 INFO  - 聊天消息数据保存完成，共处理条 0 数据。耗时：0时0分0秒18毫秒
10:46:21 INFO  - 开始保存聊天消息数据
10:46:21 INFO  - 聊天消息数据保存完成，共处理条 0 数据。耗时：0时0分0秒18毫秒
10:47:30 INFO  - admin 成功登录Openfire
10:47:30 INFO  - 开始保存聊天消息数据
10:47:32 INFO  - 聊天消息数据保存完成，共处理条 0 数据。耗时：0时0分1秒576毫秒
10:47:32 INFO  - 问答分配悬赏金完成，共处理条 6 数据。耗时：2秒
10:48:30 INFO  - 开始保存聊天消息数据
10:48:30 INFO  - 聊天消息数据保存完成，共处理条 0 数据。耗时：0时0分0秒13毫秒
10:49:30 INFO  - 开始保存聊天消息数据
10:49:30 INFO  - 聊天消息数据保存完成，共处理条 0 数据。耗时：0时0分0秒16毫秒
10:50:30 INFO  - 开始保存聊天消息数据
10:50:30 INFO  - 聊天消息数据保存完成，共处理条 0 数据。耗时：0时0分0秒13毫秒
10:51:30 INFO  - 开始保存聊天消息数据
10:51:30 INFO  - 聊天消息数据保存完成，共处理条 0 数据。耗时：0时0分0秒19毫秒
10:52:30 INFO  - 开始保存聊天消息数据
10:52:30 INFO  - 聊天消息数据保存完成，共处理条 0 数据。耗时：0时0分0秒13毫秒
10:53:30 INFO  - 开始保存聊天消息数据
10:53:30 INFO  - 聊天消息数据保存完成，共处理条 0 数据。耗时：0时0分0秒13毫秒
10:54:30 INFO  - 开始保存聊天消息数据
10:54:30 INFO  - 聊天消息数据保存完成，共处理条 0 数据。耗时：0时0分0秒12毫秒
10:55:30 INFO  - 开始保存聊天消息数据
10:55:30 INFO  - 聊天消息数据保存完成，共处理条 0 数据。耗时：0时0分0秒12毫秒
10:56:30 INFO  - 开始保存聊天消息数据
10:56:30 INFO  - 聊天消息数据保存完成，共处理条 0 数据。耗时：0时0分0秒13毫秒
10:57:30 INFO  - 开始保存聊天消息数据
10:57:30 INFO  - 聊天消息数据保存完成，共处理条 0 数据。耗时：0时0分0秒14毫秒
10:58:30 INFO  - 开始保存聊天消息数据
10:58:30 INFO  - 聊天消息数据保存完成，共处理条 0 数据。耗时：0时0分0秒20毫秒
10:59:30 INFO  - 开始保存聊天消息数据
10:59:30 INFO  - 聊天消息数据保存完成，共处理条 0 数据。耗时：0时0分0秒13毫秒
11:00:30 INFO  - 开始保存聊天消息数据
11:00:30 INFO  - 聊天消息数据保存完成，共处理条 0 数据。耗时：0时0分0秒9毫秒
11:01:30 INFO  - 开始保存聊天消息数据
11:01:30 INFO  - 聊天消息数据保存完成，共处理条 0 数据。耗时：0时0分0秒13毫秒
11:02:30 INFO  - 开始保存聊天消息数据
11:02:30 INFO  - 聊天消息数据保存完成，共处理条 0 数据。耗时：0时0分0秒10毫秒
11:03:30 INFO  - 开始保存聊天消息数据
11:03:30 INFO  - 聊天消息数据保存完成，共处理条 0 数据。耗时：0时0分0秒12毫秒
11:04:30 INFO  - 开始保存聊天消息数据
11:04:30 INFO  - 聊天消息数据保存完成，共处理条 0 数据。耗时：0时0分0秒12毫秒
11:05:30 INFO  - 开始保存聊天消息数据
11:05:30 INFO  - 聊天消息数据保存完成，共处理条 0 数据。耗时：0时0分0秒10毫秒
11:06:30 INFO  - 开始保存聊天消息数据
11:06:30 INFO  - 聊天消息数据保存完成，共处理条 0 数据。耗时：0时0分0秒13毫秒
11:07:30 INFO  - 开始保存聊天消息数据
11:07:30 INFO  - 聊天消息数据保存完成，共处理条 0 数据。耗时：0时0分0秒12毫秒
11:08:30 INFO  - 开始保存聊天消息数据
11:08:30 INFO  - 聊天消息数据保存完成，共处理条 0 数据。耗时：0时0分0秒9毫秒
11:09:30 INFO  - 开始保存聊天消息数据
11:09:30 INFO  - 聊天消息数据保存完成，共处理条 0 数据。耗时：0时0分0秒12毫秒
11:10:30 INFO  - 开始保存聊天消息数据
11:10:30 INFO  - 聊天消息数据保存完成，共处理条 0 数据。耗时：0时0分0秒14毫秒
11:11:30 INFO  - 开始保存聊天消息数据
11:11:30 INFO  - 聊天消息数据保存完成，共处理条 0 数据。耗时：0时0分0秒14毫秒
11:12:30 INFO  - 开始保存聊天消息数据
11:12:30 INFO  - 聊天消息数据保存完成，共处理条 0 数据。耗时：0时0分0秒8毫秒
11:13:30 INFO  - 开始保存聊天消息数据
11:13:30 INFO  - 聊天消息数据保存完成，共处理条 0 数据。耗时：0时0分0秒15毫秒
11:14:30 INFO  - 开始保存聊天消息数据
11:14:30 INFO  - 聊天消息数据保存完成，共处理条 0 数据。耗时：0时0分0秒27毫秒
11:15:30 INFO  - 开始保存聊天消息数据
11:15:30 INFO  - 聊天消息数据保存完成，共处理条 0 数据。耗时：0时0分0秒13毫秒
11:16:30 INFO  - 开始保存聊天消息数据
11:16:30 INFO  - 聊天消息数据保存完成，共处理条 0 数据。耗时：0时0分0秒13毫秒
11:17:30 INFO  - 开始保存聊天消息数据
11:17:30 INFO  - 聊天消息数据保存完成，共处理条 0 数据。耗时：0时0分0秒17毫秒
11:18:30 INFO  - 开始保存聊天消息数据
11:18:30 INFO  - 聊天消息数据保存完成，共处理条 0 数据。耗时：0时0分0秒15毫秒
11:19:30 INFO  - 开始保存聊天消息数据
11:19:30 INFO  - 聊天消息数据保存完成，共处理条 0 数据。耗时：0时0分0秒14毫秒
11:20:30 INFO  - 开始保存聊天消息数据
11:20:30 INFO  - 聊天消息数据保存完成，共处理条 0 数据。耗时：0时0分0秒12毫秒
11:21:30 INFO  - 开始保存聊天消息数据
11:21:30 INFO  - 聊天消息数据保存完成，共处理条 0 数据。耗时：0时0分0秒12毫秒
11:22:30 INFO  - 开始保存聊天消息数据
11:22:30 INFO  - 聊天消息数据保存完成，共处理条 0 数据。耗时：0时0分0秒14毫秒
11:23:30 INFO  - 开始保存聊天消息数据
11:23:30 INFO  - 聊天消息数据保存完成，共处理条 0 数据。耗时：0时0分0秒13毫秒
11:24:30 INFO  - 开始保存聊天消息数据
11:24:30 INFO  - 聊天消息数据保存完成，共处理条 0 数据。耗时：0时0分0秒13毫秒
11:25:30 INFO  - 开始保存聊天消息数据
11:25:30 INFO  - 聊天消息数据保存完成，共处理条 0 数据。耗时：0时0分0秒24毫秒
11:26:30 INFO  - 开始保存聊天消息数据
11:26:30 INFO  - 聊天消息数据保存完成，共处理条 0 数据。耗时：0时0分0秒13毫秒
11:27:30 INFO  - 开始保存聊天消息数据
11:27:30 INFO  - 聊天消息数据保存完成，共处理条 0 数据。耗时：0时0分0秒12毫秒
11:28:30 INFO  - 开始保存聊天消息数据
11:28:30 INFO  - 聊天消息数据保存完成，共处理条 0 数据。耗时：0时0分0秒13毫秒
11:29:30 INFO  - 开始保存聊天消息数据
11:29:30 INFO  - 聊天消息数据保存完成，共处理条 0 数据。耗时：0时0分0秒13毫秒
11:30:30 INFO  - 开始保存聊天消息数据
11:30:30 INFO  - 聊天消息数据保存完成，共处理条 0 数据。耗时：0时0分0秒21毫秒
11:31:30 INFO  - 开始保存聊天消息数据
11:31:30 INFO  - 聊天消息数据保存完成，共处理条 0 数据。耗时：0时0分0秒14毫秒
11:32:30 INFO  - 开始保存聊天消息数据
11:32:30 INFO  - 聊天消息数据保存完成，共处理条 0 数据。耗时：0时0分0秒13毫秒
11:33:30 INFO  - 开始保存聊天消息数据
11:33:30 INFO  - 聊天消息数据保存完成，共处理条 0 数据。耗时：0时0分0秒15毫秒
11:34:30 INFO  - 开始保存聊天消息数据
11:34:30 INFO  - 聊天消息数据保存完成，共处理条 0 数据。耗时：0时0分0秒20毫秒
11:35:30 INFO  - 开始保存聊天消息数据
11:35:30 INFO  - 聊天消息数据保存完成，共处理条 0 数据。耗时：0时0分0秒13毫秒
11:36:30 INFO  - 开始保存聊天消息数据
11:36:30 INFO  - 聊天消息数据保存完成，共处理条 0 数据。耗时：0时0分0秒21毫秒
11:37:30 INFO  - 开始保存聊天消息数据
11:37:30 INFO  - 聊天消息数据保存完成，共处理条 0 数据。耗时：0时0分0秒12毫秒
11:38:30 INFO  - 开始保存聊天消息数据
11:38:30 INFO  - 聊天消息数据保存完成，共处理条 0 数据。耗时：0时0分0秒13毫秒
11:39:30 INFO  - 开始保存聊天消息数据
11:39:30 INFO  - 聊天消息数据保存完成，共处理条 0 数据。耗时：0时0分0秒19毫秒
11:40:30 INFO  - 开始保存聊天消息数据
11:40:30 INFO  - 聊天消息数据保存完成，共处理条 0 数据。耗时：0时0分0秒12毫秒
11:41:30 INFO  - 开始保存聊天消息数据
11:41:30 INFO  - 聊天消息数据保存完成，共处理条 0 数据。耗时：0时0分0秒15毫秒
11:42:30 INFO  - 开始保存聊天消息数据
11:42:30 INFO  - 聊天消息数据保存完成，共处理条 0 数据。耗时：0时0分0秒13毫秒
11:43:30 INFO  - 开始保存聊天消息数据
11:43:30 INFO  - 聊天消息数据保存完成，共处理条 0 数据。耗时：0时0分0秒25毫秒
11:44:30 INFO  - 开始保存聊天消息数据
11:44:30 INFO  - 聊天消息数据保存完成，共处理条 0 数据。耗时：0时0分0秒13毫秒
11:45:30 INFO  - 开始保存聊天消息数据
11:45:30 INFO  - 聊天消息数据保存完成，共处理条 0 数据。耗时：0时0分0秒13毫秒
11:46:30 INFO  - 开始保存聊天消息数据
11:46:30 INFO  - 聊天消息数据保存完成，共处理条 0 数据。耗时：0时0分0秒13毫秒
11:47:30 INFO  - 开始保存聊天消息数据
11:47:30 INFO  - 聊天消息数据保存完成，共处理条 0 数据。耗时：0时0分0秒12毫秒
11:48:30 INFO  - 开始保存聊天消息数据
11:48:30 INFO  - 聊天消息数据保存完成，共处理条 0 数据。耗时：0时0分0秒13毫秒
11:49:30 INFO  - 开始保存聊天消息数据
11:49:30 INFO  - 聊天消息数据保存完成，共处理条 0 数据。耗时：0时0分0秒14毫秒
11:50:30 INFO  - 开始保存聊天消息数据
11:50:30 INFO  - 聊天消息数据保存完成，共处理条 0 数据。耗时：0时0分0秒14毫秒
11:51:30 INFO  - 开始保存聊天消息数据
11:51:30 INFO  - 聊天消息数据保存完成，共处理条 0 数据。耗时：0时0分0秒13毫秒
11:52:30 INFO  - 开始保存聊天消息数据
11:52:30 INFO  - 聊天消息数据保存完成，共处理条 0 数据。耗时：0时0分0秒13毫秒
11:53:30 INFO  - 开始保存聊天消息数据
11:53:30 INFO  - 聊天消息数据保存完成，共处理条 0 数据。耗时：0时0分0秒12毫秒
11:54:30 INFO  - 开始保存聊天消息数据
11:54:30 INFO  - 聊天消息数据保存完成，共处理条 0 数据。耗时：0时0分0秒12毫秒
11:55:30 INFO  - 开始保存聊天消息数据
11:55:30 INFO  - 聊天消息数据保存完成，共处理条 0 数据。耗时：0时0分0秒13毫秒
11:56:30 INFO  - 开始保存聊天消息数据
11:56:30 INFO  - 聊天消息数据保存完成，共处理条 0 数据。耗时：0时0分0秒22毫秒
11:57:30 INFO  - 开始保存聊天消息数据
11:57:30 INFO  - 聊天消息数据保存完成，共处理条 0 数据。耗时：0时0分0秒12毫秒
11:58:30 INFO  - 开始保存聊天消息数据
11:58:30 INFO  - 聊天消息数据保存完成，共处理条 0 数据。耗时：0时0分0秒12毫秒
11:59:30 INFO  - 开始保存聊天消息数据
11:59:30 INFO  - 聊天消息数据保存完成，共处理条 0 数据。耗时：0时0分0秒13毫秒
12:00:30 INFO  - 开始保存聊天消息数据
12:00:30 INFO  - 聊天消息数据保存完成，共处理条 0 数据。耗时：0时0分0秒15毫秒
12:01:30 INFO  - 开始保存聊天消息数据
12:01:30 INFO  - 聊天消息数据保存完成，共处理条 0 数据。耗时：0时0分0秒18毫秒
12:02:30 INFO  - 开始保存聊天消息数据
12:02:30 INFO  - 聊天消息数据保存完成，共处理条 0 数据。耗时：0时0分0秒15毫秒
12:03:30 INFO  - 开始保存聊天消息数据
12:03:30 INFO  - 聊天消息数据保存完成，共处理条 0 数据。耗时：0时0分0秒12毫秒
12:04:30 INFO  - 开始保存聊天消息数据
12:04:30 INFO  - 聊天消息数据保存完成，共处理条 0 数据。耗时：0时0分0秒14毫秒
12:05:30 INFO  - 开始保存聊天消息数据
12:05:30 INFO  - 聊天消息数据保存完成，共处理条 0 数据。耗时：0时0分0秒12毫秒
12:06:30 INFO  - 开始保存聊天消息数据
12:06:30 INFO  - 聊天消息数据保存完成，共处理条 0 数据。耗时：0时0分0秒13毫秒
12:07:30 INFO  - 开始保存聊天消息数据
12:07:30 INFO  - 聊天消息数据保存完成，共处理条 0 数据。耗时：0时0分0秒13毫秒
12:08:30 INFO  - 开始保存聊天消息数据
12:08:30 INFO  - 聊天消息数据保存完成，共处理条 0 数据。耗时：0时0分0秒13毫秒
12:09:30 INFO  - 开始保存聊天消息数据
12:09:30 INFO  - 聊天消息数据保存完成，共处理条 0 数据。耗时：0时0分0秒12毫秒
12:10:30 INFO  - 开始保存聊天消息数据
12:10:30 INFO  - 聊天消息数据保存完成，共处理条 0 数据。耗时：0时0分0秒11毫秒
12:11:30 INFO  - 开始保存聊天消息数据
12:11:30 INFO  - 聊天消息数据保存完成，共处理条 0 数据。耗时：0时0分0秒12毫秒
12:12:30 INFO  - 开始保存聊天消息数据
12:12:30 INFO  - 聊天消息数据保存完成，共处理条 0 数据。耗时：0时0分0秒12毫秒
12:13:30 INFO  - 开始保存聊天消息数据
12:13:30 INFO  - 聊天消息数据保存完成，共处理条 0 数据。耗时：0时0分0秒12毫秒
12:14:30 INFO  - 开始保存聊天消息数据
12:14:30 INFO  - 聊天消息数据保存完成，共处理条 0 数据。耗时：0时0分0秒12毫秒
12:15:30 INFO  - 开始保存聊天消息数据
12:15:30 INFO  - 聊天消息数据保存完成，共处理条 0 数据。耗时：0时0分0秒13毫秒
12:16:30 INFO  - 开始保存聊天消息数据
12:16:30 INFO  - 聊天消息数据保存完成，共处理条 0 数据。耗时：0时0分0秒13毫秒
12:17:30 INFO  - 开始保存聊天消息数据
12:17:30 INFO  - 聊天消息数据保存完成，共处理条 0 数据。耗时：0时0分0秒13毫秒
12:18:30 INFO  - 开始保存聊天消息数据
12:18:30 INFO  - 聊天消息数据保存完成，共处理条 0 数据。耗时：0时0分0秒13毫秒
12:19:30 INFO  - 开始保存聊天消息数据
12:19:30 INFO  - 聊天消息数据保存完成，共处理条 0 数据。耗时：0时0分0秒12毫秒
12:20:30 INFO  - 开始保存聊天消息数据
12:20:30 INFO  - 聊天消息数据保存完成，共处理条 0 数据。耗时：0时0分0秒11毫秒
12:21:30 INFO  - 开始保存聊天消息数据
12:21:30 INFO  - 聊天消息数据保存完成，共处理条 0 数据。耗时：0时0分0秒13毫秒
12:22:30 INFO  - 开始保存聊天消息数据
12:22:30 INFO  - 聊天消息数据保存完成，共处理条 0 数据。耗时：0时0分0秒13毫秒
12:23:30 INFO  - 开始保存聊天消息数据
12:23:30 INFO  - 聊天消息数据保存完成，共处理条 0 数据。耗时：0时0分0秒13毫秒
12:24:30 INFO  - 开始保存聊天消息数据
12:24:30 INFO  - 聊天消息数据保存完成，共处理条 0 数据。耗时：0时0分0秒12毫秒
12:25:30 INFO  - 开始保存聊天消息数据
12:25:30 INFO  - 聊天消息数据保存完成，共处理条 0 数据。耗时：0时0分0秒13毫秒
12:26:30 INFO  - 开始保存聊天消息数据
12:26:30 INFO  - 聊天消息数据保存完成，共处理条 0 数据。耗时：0时0分0秒13毫秒
12:27:30 INFO  - 开始保存聊天消息数据
12:27:30 INFO  - 聊天消息数据保存完成，共处理条 0 数据。耗时：0时0分0秒13毫秒
12:28:30 INFO  - 开始保存聊天消息数据
12:28:30 INFO  - 聊天消息数据保存完成，共处理条 0 数据。耗时：0时0分0秒12毫秒
12:29:30 INFO  - 开始保存聊天消息数据
12:29:30 INFO  - 聊天消息数据保存完成，共处理条 0 数据。耗时：0时0分0秒12毫秒
12:30:30 INFO  - 开始保存聊天消息数据
12:30:30 INFO  - 聊天消息数据保存完成，共处理条 0 数据。耗时：0时0分0秒13毫秒
12:31:30 INFO  - 开始保存聊天消息数据
12:31:30 INFO  - 聊天消息数据保存完成，共处理条 0 数据。耗时：0时0分0秒13毫秒
12:32:30 INFO  - 开始保存聊天消息数据
12:32:30 INFO  - 聊天消息数据保存完成，共处理条 0 数据。耗时：0时0分0秒14毫秒
12:33:30 INFO  - 开始保存聊天消息数据
12:33:30 INFO  - 聊天消息数据保存完成，共处理条 0 数据。耗时：0时0分0秒12毫秒
12:34:30 INFO  - 开始保存聊天消息数据
12:34:30 INFO  - 聊天消息数据保存完成，共处理条 0 数据。耗时：0时0分0秒13毫秒
12:35:30 INFO  - 开始保存聊天消息数据
12:35:30 INFO  - 聊天消息数据保存完成，共处理条 0 数据。耗时：0时0分0秒12毫秒
12:36:30 INFO  - 开始保存聊天消息数据
12:36:30 INFO  - 聊天消息数据保存完成，共处理条 0 数据。耗时：0时0分0秒12毫秒
12:37:30 INFO  - 开始保存聊天消息数据
12:37:30 INFO  - 聊天消息数据保存完成，共处理条 0 数据。耗时：0时0分0秒13毫秒
12:38:30 INFO  - 开始保存聊天消息数据
12:38:30 INFO  - 聊天消息数据保存完成，共处理条 0 数据。耗时：0时0分0秒12毫秒
12:39:30 INFO  - 开始保存聊天消息数据
12:39:30 INFO  - 聊天消息数据保存完成，共处理条 0 数据。耗时：0时0分0秒13毫秒
12:40:30 INFO  - 开始保存聊天消息数据
12:40:30 INFO  - 聊天消息数据保存完成，共处理条 0 数据。耗时：0时0分0秒13毫秒
12:41:30 INFO  - 开始保存聊天消息数据
12:41:30 INFO  - 聊天消息数据保存完成，共处理条 0 数据。耗时：0时0分0秒13毫秒
12:42:30 INFO  - 开始保存聊天消息数据
12:42:30 INFO  - 聊天消息数据保存完成，共处理条 0 数据。耗时：0时0分0秒13毫秒
12:43:30 INFO  - 开始保存聊天消息数据
12:43:30 INFO  - 聊天消息数据保存完成，共处理条 0 数据。耗时：0时0分0秒13毫秒
12:44:30 INFO  - 开始保存聊天消息数据
12:44:30 INFO  - 聊天消息数据保存完成，共处理条 0 数据。耗时：0时0分0秒16毫秒
12:45:30 INFO  - 开始保存聊天消息数据
12:45:30 INFO  - 聊天消息数据保存完成，共处理条 0 数据。耗时：0时0分0秒13毫秒
12:46:30 INFO  - 开始保存聊天消息数据
12:46:30 INFO  - 聊天消息数据保存完成，共处理条 0 数据。耗时：0时0分0秒13毫秒
12:47:30 INFO  - 开始保存聊天消息数据
12:47:30 INFO  - 聊天消息数据保存完成，共处理条 0 数据。耗时：0时0分0秒11毫秒
12:48:30 INFO  - 开始保存聊天消息数据
12:48:30 INFO  - 聊天消息数据保存完成，共处理条 0 数据。耗时：0时0分0秒13毫秒
12:49:30 INFO  - 开始保存聊天消息数据
12:49:30 INFO  - 聊天消息数据保存完成，共处理条 0 数据。耗时：0时0分0秒18毫秒
12:50:30 INFO  - 开始保存聊天消息数据
12:50:30 INFO  - 聊天消息数据保存完成，共处理条 0 数据。耗时：0时0分0秒13毫秒
12:51:30 INFO  - 开始保存聊天消息数据
12:51:30 INFO  - 聊天消息数据保存完成，共处理条 0 数据。耗时：0时0分0秒19毫秒
12:52:30 INFO  - 开始保存聊天消息数据
12:52:30 INFO  - 聊天消息数据保存完成，共处理条 0 数据。耗时：0时0分0秒13毫秒
12:53:30 INFO  - 开始保存聊天消息数据
12:53:30 INFO  - 聊天消息数据保存完成，共处理条 0 数据。耗时：0时0分0秒14毫秒
12:54:30 INFO  - 开始保存聊天消息数据
12:54:30 INFO  - 聊天消息数据保存完成，共处理条 0 数据。耗时：0时0分0秒14毫秒
12:55:30 INFO  - 开始保存聊天消息数据
12:55:30 INFO  - 聊天消息数据保存完成，共处理条 0 数据。耗时：0时0分0秒20毫秒
12:56:30 INFO  - 开始保存聊天消息数据
12:56:30 INFO  - 聊天消息数据保存完成，共处理条 0 数据。耗时：0时0分0秒14毫秒
12:57:30 INFO  - 开始保存聊天消息数据
12:57:30 INFO  - 聊天消息数据保存完成，共处理条 0 数据。耗时：0时0分0秒13毫秒
12:58:30 INFO  - 开始保存聊天消息数据
12:58:30 INFO  - 聊天消息数据保存完成，共处理条 0 数据。耗时：0时0分0秒12毫秒
12:59:30 INFO  - 开始保存聊天消息数据
12:59:30 INFO  - 聊天消息数据保存完成，共处理条 0 数据。耗时：0时0分0秒12毫秒
13:00:30 INFO  - 开始保存聊天消息数据
13:00:30 INFO  - 聊天消息数据保存完成，共处理条 0 数据。耗时：0时0分0秒12毫秒
13:01:30 INFO  - 开始保存聊天消息数据
13:01:30 INFO  - 聊天消息数据保存完成，共处理条 0 数据。耗时：0时0分0秒17毫秒
13:02:30 INFO  - 开始保存聊天消息数据
13:02:30 INFO  - 聊天消息数据保存完成，共处理条 0 数据。耗时：0时0分0秒13毫秒
13:03:30 INFO  - 开始保存聊天消息数据
13:03:30 INFO  - 聊天消息数据保存完成，共处理条 0 数据。耗时：0时0分0秒13毫秒
13:04:30 INFO  - 开始保存聊天消息数据
13:04:30 INFO  - 聊天消息数据保存完成，共处理条 0 数据。耗时：0时0分0秒13毫秒
13:05:30 INFO  - 开始保存聊天消息数据
13:05:30 INFO  - 聊天消息数据保存完成，共处理条 0 数据。耗时：0时0分0秒13毫秒
13:06:30 INFO  - 开始保存聊天消息数据
13:06:30 INFO  - 聊天消息数据保存完成，共处理条 0 数据。耗时：0时0分0秒12毫秒
13:07:30 INFO  - 开始保存聊天消息数据
13:07:30 INFO  - 聊天消息数据保存完成，共处理条 0 数据。耗时：0时0分0秒16毫秒
13:08:30 INFO  - 开始保存聊天消息数据
13:08:30 INFO  - 聊天消息数据保存完成，共处理条 0 数据。耗时：0时0分0秒12毫秒
13:09:30 INFO  - 开始保存聊天消息数据
13:09:30 INFO  - 聊天消息数据保存完成，共处理条 0 数据。耗时：0时0分0秒12毫秒
13:10:30 INFO  - 开始保存聊天消息数据
13:10:30 INFO  - 聊天消息数据保存完成，共处理条 0 数据。耗时：0时0分0秒13毫秒
13:11:30 INFO  - 开始保存聊天消息数据
13:11:30 INFO  - 聊天消息数据保存完成，共处理条 0 数据。耗时：0时0分0秒12毫秒
13:12:30 INFO  - 开始保存聊天消息数据
13:12:30 INFO  - 聊天消息数据保存完成，共处理条 0 数据。耗时：0时0分0秒13毫秒
13:13:30 INFO  - 开始保存聊天消息数据
13:13:30 INFO  - 聊天消息数据保存完成，共处理条 0 数据。耗时：0时0分0秒13毫秒
13:14:30 INFO  - 开始保存聊天消息数据
13:14:30 INFO  - 聊天消息数据保存完成，共处理条 0 数据。耗时：0时0分0秒12毫秒
13:15:30 INFO  - 开始保存聊天消息数据
13:15:30 INFO  - 聊天消息数据保存完成，共处理条 0 数据。耗时：0时0分0秒17毫秒
13:16:30 INFO  - 开始保存聊天消息数据
13:16:30 INFO  - 聊天消息数据保存完成，共处理条 0 数据。耗时：0时0分0秒15毫秒
13:17:30 INFO  - 开始保存聊天消息数据
13:17:30 INFO  - 聊天消息数据保存完成，共处理条 0 数据。耗时：0时0分0秒12毫秒
13:18:30 INFO  - 开始保存聊天消息数据
13:18:30 INFO  - 聊天消息数据保存完成，共处理条 0 数据。耗时：0时0分0秒12毫秒
13:19:30 INFO  - 开始保存聊天消息数据
13:19:30 INFO  - 聊天消息数据保存完成，共处理条 0 数据。耗时：0时0分0秒17毫秒
13:20:30 INFO  - 开始保存聊天消息数据
13:20:30 INFO  - 聊天消息数据保存完成，共处理条 0 数据。耗时：0时0分0秒12毫秒
13:21:30 INFO  - 开始保存聊天消息数据
13:21:30 INFO  - 聊天消息数据保存完成，共处理条 0 数据。耗时：0时0分0秒12毫秒
13:22:30 INFO  - 开始保存聊天消息数据
13:22:30 INFO  - 聊天消息数据保存完成，共处理条 0 数据。耗时：0时0分0秒15毫秒
13:23:30 INFO  - 开始保存聊天消息数据
13:23:30 INFO  - 聊天消息数据保存完成，共处理条 0 数据。耗时：0时0分0秒12毫秒
13:24:30 INFO  - 开始保存聊天消息数据
13:24:30 INFO  - 聊天消息数据保存完成，共处理条 0 数据。耗时：0时0分0秒12毫秒
13:25:30 INFO  - 开始保存聊天消息数据
13:25:30 INFO  - 聊天消息数据保存完成，共处理条 0 数据。耗时：0时0分0秒12毫秒
13:26:30 INFO  - 开始保存聊天消息数据
13:26:30 INFO  - 聊天消息数据保存完成，共处理条 0 数据。耗时：0时0分0秒14毫秒
13:27:30 INFO  - 开始保存聊天消息数据
13:27:30 INFO  - 聊天消息数据保存完成，共处理条 0 数据。耗时：0时0分0秒16毫秒
13:28:30 INFO  - 开始保存聊天消息数据
13:28:30 INFO  - 聊天消息数据保存完成，共处理条 0 数据。耗时：0时0分0秒12毫秒
13:29:30 INFO  - 开始保存聊天消息数据
13:29:30 INFO  - 聊天消息数据保存完成，共处理条 0 数据。耗时：0时0分0秒12毫秒
13:30:30 INFO  - 开始保存聊天消息数据
13:30:30 INFO  - 聊天消息数据保存完成，共处理条 0 数据。耗时：0时0分0秒16毫秒
13:31:30 INFO  - 开始保存聊天消息数据
13:31:30 INFO  - 聊天消息数据保存完成，共处理条 0 数据。耗时：0时0分0秒9毫秒
13:32:30 INFO  - 开始保存聊天消息数据
13:32:30 INFO  - 聊天消息数据保存完成，共处理条 0 数据。耗时：0时0分0秒9毫秒
13:33:30 INFO  - 开始保存聊天消息数据
13:33:30 INFO  - 聊天消息数据保存完成，共处理条 0 数据。耗时：0时0分0秒13毫秒
13:34:30 INFO  - 开始保存聊天消息数据
13:34:30 INFO  - 聊天消息数据保存完成，共处理条 0 数据。耗时：0时0分0秒9毫秒
13:35:30 INFO  - 开始保存聊天消息数据
13:35:30 INFO  - 聊天消息数据保存完成，共处理条 0 数据。耗时：0时0分0秒12毫秒
13:36:30 INFO  - 开始保存聊天消息数据
13:36:30 INFO  - 聊天消息数据保存完成，共处理条 0 数据。耗时：0时0分0秒8毫秒
13:37:30 INFO  - 开始保存聊天消息数据
13:37:30 INFO  - 聊天消息数据保存完成，共处理条 0 数据。耗时：0时0分0秒12毫秒
13:38:30 INFO  - 开始保存聊天消息数据
13:38:30 INFO  - 聊天消息数据保存完成，共处理条 0 数据。耗时：0时0分0秒12毫秒
13:39:30 INFO  - 开始保存聊天消息数据
13:39:30 INFO  - 聊天消息数据保存完成，共处理条 0 数据。耗时：0时0分0秒14毫秒
13:40:30 INFO  - 开始保存聊天消息数据
13:40:30 INFO  - 聊天消息数据保存完成，共处理条 0 数据。耗时：0时0分0秒12毫秒
13:41:30 INFO  - 开始保存聊天消息数据
13:41:30 INFO  - 聊天消息数据保存完成，共处理条 0 数据。耗时：0时0分0秒13毫秒
13:42:30 INFO  - 开始保存聊天消息数据
13:42:30 INFO  - 聊天消息数据保存完成，共处理条 0 数据。耗时：0时0分0秒9毫秒
13:43:30 INFO  - 开始保存聊天消息数据
13:43:30 INFO  - 聊天消息数据保存完成，共处理条 0 数据。耗时：0时0分0秒9毫秒
13:44:30 INFO  - 开始保存聊天消息数据
13:44:30 INFO  - 聊天消息数据保存完成，共处理条 0 数据。耗时：0时0分0秒13毫秒
13:45:30 INFO  - 开始保存聊天消息数据
13:45:30 INFO  - 聊天消息数据保存完成，共处理条 0 数据。耗时：0时0分0秒11毫秒
13:46:30 INFO  - 开始保存聊天消息数据
13:46:30 INFO  - 聊天消息数据保存完成，共处理条 0 数据。耗时：0时0分0秒13毫秒
13:47:30 INFO  - 开始保存聊天消息数据
13:47:30 INFO  - 聊天消息数据保存完成，共处理条 0 数据。耗时：0时0分0秒11毫秒
13:48:30 INFO  - 开始保存聊天消息数据
13:48:30 INFO  - 聊天消息数据保存完成，共处理条 0 数据。耗时：0时0分0秒13毫秒
13:49:30 INFO  - 开始保存聊天消息数据
13:49:30 INFO  - 聊天消息数据保存完成，共处理条 0 数据。耗时：0时0分0秒19毫秒
13:50:30 INFO  - 开始保存聊天消息数据
13:50:30 INFO  - 聊天消息数据保存完成，共处理条 0 数据。耗时：0时0分0秒11毫秒
13:51:30 INFO  - 开始保存聊天消息数据
13:51:30 INFO  - 聊天消息数据保存完成，共处理条 0 数据。耗时：0时0分0秒11毫秒
13:52:30 INFO  - 开始保存聊天消息数据
13:52:30 INFO  - 聊天消息数据保存完成，共处理条 0 数据。耗时：0时0分0秒8毫秒
13:53:30 INFO  - 开始保存聊天消息数据
13:53:30 INFO  - 聊天消息数据保存完成，共处理条 0 数据。耗时：0时0分0秒20毫秒
13:54:30 INFO  - 开始保存聊天消息数据
13:54:30 INFO  - 聊天消息数据保存完成，共处理条 0 数据。耗时：0时0分0秒13毫秒
13:55:30 INFO  - 开始保存聊天消息数据
13:55:30 INFO  - 聊天消息数据保存完成，共处理条 0 数据。耗时：0时0分0秒12毫秒
13:56:30 INFO  - 开始保存聊天消息数据
13:56:30 INFO  - 聊天消息数据保存完成，共处理条 0 数据。耗时：0时0分0秒12毫秒
13:57:30 INFO  - 开始保存聊天消息数据
13:57:30 INFO  - 聊天消息数据保存完成，共处理条 0 数据。耗时：0时0分0秒18毫秒
13:58:30 INFO  - 开始保存聊天消息数据
13:58:30 INFO  - 聊天消息数据保存完成，共处理条 0 数据。耗时：0时0分0秒9毫秒
13:59:30 INFO  - 开始保存聊天消息数据
13:59:30 INFO  - 聊天消息数据保存完成，共处理条 0 数据。耗时：0时0分0秒9毫秒
14:00:30 INFO  - 开始保存聊天消息数据
14:00:30 INFO  - 聊天消息数据保存完成，共处理条 0 数据。耗时：0时0分0秒13毫秒
14:01:30 INFO  - 开始保存聊天消息数据
14:01:30 INFO  - 聊天消息数据保存完成，共处理条 0 数据。耗时：0时0分0秒13毫秒
14:02:30 INFO  - 开始保存聊天消息数据
14:02:30 INFO  - 聊天消息数据保存完成，共处理条 0 数据。耗时：0时0分0秒9毫秒
14:03:30 INFO  - 开始保存聊天消息数据
14:03:30 INFO  - 聊天消息数据保存完成，共处理条 0 数据。耗时：0时0分0秒12毫秒
14:04:30 INFO  - 开始保存聊天消息数据
14:04:30 INFO  - 聊天消息数据保存完成，共处理条 0 数据。耗时：0时0分0秒12毫秒
14:05:30 INFO  - 开始保存聊天消息数据
14:05:30 INFO  - 聊天消息数据保存完成，共处理条 0 数据。耗时：0时0分0秒9毫秒
14:06:30 INFO  - 开始保存聊天消息数据
14:06:30 INFO  - 聊天消息数据保存完成，共处理条 0 数据。耗时：0时0分0秒17毫秒
14:07:30 INFO  - 开始保存聊天消息数据
14:07:30 INFO  - 聊天消息数据保存完成，共处理条 0 数据。耗时：0时0分0秒11毫秒
14:08:30 INFO  - 开始保存聊天消息数据
14:08:30 INFO  - 聊天消息数据保存完成，共处理条 0 数据。耗时：0时0分0秒41毫秒
14:09:30 INFO  - 开始保存聊天消息数据
14:09:30 INFO  - 聊天消息数据保存完成，共处理条 0 数据。耗时：0时0分0秒13毫秒
14:10:30 INFO  - 开始保存聊天消息数据
14:10:30 INFO  - 聊天消息数据保存完成，共处理条 0 数据。耗时：0时0分0秒9毫秒
14:11:30 INFO  - 开始保存聊天消息数据
14:11:30 INFO  - 聊天消息数据保存完成，共处理条 0 数据。耗时：0时0分0秒13毫秒
14:12:30 INFO  - 开始保存聊天消息数据
14:12:30 INFO  - 聊天消息数据保存完成，共处理条 0 数据。耗时：0时0分0秒16毫秒
14:13:30 INFO  - 开始保存聊天消息数据
14:13:30 INFO  - 聊天消息数据保存完成，共处理条 0 数据。耗时：0时0分0秒13毫秒
14:14:30 INFO  - 开始保存聊天消息数据
14:14:30 INFO  - 聊天消息数据保存完成，共处理条 0 数据。耗时：0时0分0秒13毫秒
14:15:30 INFO  - 开始保存聊天消息数据
14:15:30 INFO  - 聊天消息数据保存完成，共处理条 0 数据。耗时：0时0分0秒12毫秒
14:16:30 INFO  - 开始保存聊天消息数据
14:16:30 INFO  - 聊天消息数据保存完成，共处理条 0 数据。耗时：0时0分0秒16毫秒
14:17:30 INFO  - 开始保存聊天消息数据
14:17:30 INFO  - 聊天消息数据保存完成，共处理条 0 数据。耗时：0时0分0秒14毫秒
14:18:30 INFO  - 开始保存聊天消息数据
14:18:30 INFO  - 聊天消息数据保存完成，共处理条 0 数据。耗时：0时0分0秒12毫秒
14:19:30 INFO  - 开始保存聊天消息数据
14:19:30 INFO  - 聊天消息数据保存完成，共处理条 0 数据。耗时：0时0分0秒20毫秒
14:20:30 INFO  - 开始保存聊天消息数据
14:20:30 INFO  - 聊天消息数据保存完成，共处理条 0 数据。耗时：0时0分0秒13毫秒
14:21:30 INFO  - 开始保存聊天消息数据
14:21:30 INFO  - 聊天消息数据保存完成，共处理条 0 数据。耗时：0时0分0秒13毫秒
14:22:30 INFO  - 开始保存聊天消息数据
14:22:30 INFO  - 聊天消息数据保存完成，共处理条 0 数据。耗时：0时0分0秒20毫秒
14:23:30 INFO  - 开始保存聊天消息数据
14:23:30 INFO  - 聊天消息数据保存完成，共处理条 0 数据。耗时：0时0分0秒29毫秒
14:24:30 INFO  - 开始保存聊天消息数据
14:24:30 INFO  - 聊天消息数据保存完成，共处理条 0 数据。耗时：0时0分0秒12毫秒
14:25:30 INFO  - 开始保存聊天消息数据
14:25:30 INFO  - 聊天消息数据保存完成，共处理条 0 数据。耗时：0时0分0秒13毫秒
14:26:30 INFO  - 开始保存聊天消息数据
14:26:30 INFO  - 聊天消息数据保存完成，共处理条 0 数据。耗时：0时0分0秒30毫秒
14:27:30 INFO  - 开始保存聊天消息数据
14:27:30 INFO  - 聊天消息数据保存完成，共处理条 0 数据。耗时：0时0分0秒22毫秒
14:28:30 INFO  - 开始保存聊天消息数据
14:28:30 INFO  - 聊天消息数据保存完成，共处理条 0 数据。耗时：0时0分0秒13毫秒
14:29:30 INFO  - 开始保存聊天消息数据
14:29:30 INFO  - 聊天消息数据保存完成，共处理条 0 数据。耗时：0时0分0秒15毫秒
14:30:30 INFO  - 开始保存聊天消息数据
14:30:30 INFO  - 聊天消息数据保存完成，共处理条 0 数据。耗时：0时0分0秒12毫秒
14:31:30 INFO  - 开始保存聊天消息数据
14:31:30 INFO  - 聊天消息数据保存完成，共处理条 0 数据。耗时：0时0分0秒14毫秒
14:32:30 INFO  - 开始保存聊天消息数据
14:32:30 INFO  - 聊天消息数据保存完成，共处理条 0 数据。耗时：0时0分0秒14毫秒
14:33:30 INFO  - 开始保存聊天消息数据
14:33:30 INFO  - 聊天消息数据保存完成，共处理条 0 数据。耗时：0时0分0秒12毫秒
14:34:30 INFO  - 开始保存聊天消息数据
14:34:30 INFO  - 聊天消息数据保存完成，共处理条 0 数据。耗时：0时0分0秒11毫秒
14:35:30 INFO  - 开始保存聊天消息数据
14:35:30 INFO  - 聊天消息数据保存完成，共处理条 0 数据。耗时：0时0分0秒13毫秒
14:36:30 INFO  - 开始保存聊天消息数据
14:36:30 INFO  - 聊天消息数据保存完成，共处理条 0 数据。耗时：0时0分0秒12毫秒
14:37:30 INFO  - 开始保存聊天消息数据
14:37:30 INFO  - 聊天消息数据保存完成，共处理条 0 数据。耗时：0时0分0秒14毫秒
14:38:30 INFO  - 开始保存聊天消息数据
14:38:30 INFO  - 聊天消息数据保存完成，共处理条 0 数据。耗时：0时0分0秒13毫秒
14:39:30 INFO  - 开始保存聊天消息数据
14:39:30 INFO  - 聊天消息数据保存完成，共处理条 0 数据。耗时：0时0分0秒14毫秒
14:40:30 INFO  - 开始保存聊天消息数据
14:40:30 INFO  - 聊天消息数据保存完成，共处理条 0 数据。耗时：0时0分0秒11毫秒
14:41:30 INFO  - 开始保存聊天消息数据
14:41:30 INFO  - 聊天消息数据保存完成，共处理条 0 数据。耗时：0时0分0秒13毫秒
14:42:30 INFO  - 开始保存聊天消息数据
14:42:30 INFO  - 聊天消息数据保存完成，共处理条 0 数据。耗时：0时0分0秒12毫秒
14:43:30 INFO  - 开始保存聊天消息数据
14:43:30 INFO  - 聊天消息数据保存完成，共处理条 0 数据。耗时：0时0分0秒36毫秒
14:44:30 INFO  - 开始保存聊天消息数据
14:44:30 INFO  - 聊天消息数据保存完成，共处理条 0 数据。耗时：0时0分0秒12毫秒
14:45:30 INFO  - 开始保存聊天消息数据
14:45:30 INFO  - 聊天消息数据保存完成，共处理条 0 数据。耗时：0时0分0秒11毫秒
14:46:30 INFO  - 开始保存聊天消息数据
14:46:30 INFO  - 聊天消息数据保存完成，共处理条 0 数据。耗时：0时0分0秒8毫秒
14:47:30 INFO  - 开始保存聊天消息数据
14:47:30 INFO  - 聊天消息数据保存完成，共处理条 0 数据。耗时：0时0分0秒9毫秒
14:48:30 INFO  - 开始保存聊天消息数据
14:48:30 INFO  - 聊天消息数据保存完成，共处理条 0 数据。耗时：0时0分0秒14毫秒
14:49:30 INFO  - 开始保存聊天消息数据
14:49:30 INFO  - 聊天消息数据保存完成，共处理条 0 数据。耗时：0时0分0秒9毫秒
14:50:30 INFO  - 开始保存聊天消息数据
14:50:30 INFO  - 聊天消息数据保存完成，共处理条 0 数据。耗时：0时0分0秒12毫秒
14:51:30 INFO  - 开始保存聊天消息数据
14:51:30 INFO  - 聊天消息数据保存完成，共处理条 0 数据。耗时：0时0分0秒12毫秒
14:52:30 INFO  - 开始保存聊天消息数据
14:52:30 INFO  - 聊天消息数据保存完成，共处理条 0 数据。耗时：0时0分0秒26毫秒
14:53:30 INFO  - 开始保存聊天消息数据
14:53:30 INFO  - 聊天消息数据保存完成，共处理条 0 数据。耗时：0时0分0秒25毫秒
14:54:30 INFO  - 开始保存聊天消息数据
14:54:30 INFO  - 聊天消息数据保存完成，共处理条 0 数据。耗时：0时0分0秒15毫秒
14:55:30 INFO  - 开始保存聊天消息数据
14:55:30 INFO  - 聊天消息数据保存完成，共处理条 0 数据。耗时：0时0分0秒14毫秒
14:56:30 INFO  - 开始保存聊天消息数据
14:56:30 INFO  - 聊天消息数据保存完成，共处理条 0 数据。耗时：0时0分0秒16毫秒
14:57:30 INFO  - 开始保存聊天消息数据
14:57:30 INFO  - 聊天消息数据保存完成，共处理条 0 数据。耗时：0时0分0秒13毫秒
14:58:30 INFO  - 开始保存聊天消息数据
14:58:30 INFO  - 聊天消息数据保存完成，共处理条 0 数据。耗时：0时0分0秒12毫秒
14:59:30 INFO  - 开始保存聊天消息数据
14:59:30 INFO  - 聊天消息数据保存完成，共处理条 0 数据。耗时：0时0分0秒8毫秒
15:00:30 INFO  - 开始保存聊天消息数据
15:00:30 INFO  - 聊天消息数据保存完成，共处理条 0 数据。耗时：0时0分0秒12毫秒
15:01:30 INFO  - 开始保存聊天消息数据
15:01:30 INFO  - 聊天消息数据保存完成，共处理条 0 数据。耗时：0时0分0秒12毫秒
15:02:30 INFO  - 开始保存聊天消息数据
15:02:30 INFO  - 聊天消息数据保存完成，共处理条 0 数据。耗时：0时0分0秒12毫秒
15:03:30 INFO  - 开始保存聊天消息数据
15:03:30 INFO  - 聊天消息数据保存完成，共处理条 0 数据。耗时：0时0分0秒9毫秒
15:04:30 INFO  - 开始保存聊天消息数据
15:04:30 INFO  - 聊天消息数据保存完成，共处理条 0 数据。耗时：0时0分0秒13毫秒
15:05:30 INFO  - 开始保存聊天消息数据
15:05:30 INFO  - 聊天消息数据保存完成，共处理条 0 数据。耗时：0时0分0秒12毫秒
15:06:30 INFO  - 开始保存聊天消息数据
15:06:30 INFO  - 聊天消息数据保存完成，共处理条 0 数据。耗时：0时0分0秒14毫秒
15:07:30 INFO  - 开始保存聊天消息数据
15:07:30 INFO  - 聊天消息数据保存完成，共处理条 0 数据。耗时：0时0分0秒11毫秒
15:08:30 INFO  - 开始保存聊天消息数据
15:08:30 INFO  - 聊天消息数据保存完成，共处理条 0 数据。耗时：0时0分0秒13毫秒
15:09:30 INFO  - 开始保存聊天消息数据
15:09:30 INFO  - 聊天消息数据保存完成，共处理条 0 数据。耗时：0时0分0秒31毫秒
15:10:30 INFO  - 开始保存聊天消息数据
15:10:30 INFO  - 聊天消息数据保存完成，共处理条 0 数据。耗时：0时0分0秒13毫秒
15:11:30 INFO  - 开始保存聊天消息数据
15:11:30 INFO  - 聊天消息数据保存完成，共处理条 0 数据。耗时：0时0分0秒13毫秒
15:12:30 INFO  - 开始保存聊天消息数据
15:12:30 INFO  - 聊天消息数据保存完成，共处理条 0 数据。耗时：0时0分0秒13毫秒
15:13:30 INFO  - 开始保存聊天消息数据
15:13:30 INFO  - 聊天消息数据保存完成，共处理条 0 数据。耗时：0时0分0秒13毫秒
15:14:30 INFO  - 开始保存聊天消息数据
15:14:30 INFO  - 聊天消息数据保存完成，共处理条 0 数据。耗时：0时0分0秒9毫秒
15:15:30 INFO  - 开始保存聊天消息数据
15:15:30 INFO  - 聊天消息数据保存完成，共处理条 0 数据。耗时：0时0分0秒9毫秒
15:16:30 INFO  - 开始保存聊天消息数据
15:16:30 INFO  - 聊天消息数据保存完成，共处理条 0 数据。耗时：0时0分0秒9毫秒
15:17:30 INFO  - 开始保存聊天消息数据
15:17:30 INFO  - 聊天消息数据保存完成，共处理条 0 数据。耗时：0时0分0秒13毫秒
15:18:30 INFO  - 开始保存聊天消息数据
15:18:30 INFO  - 聊天消息数据保存完成，共处理条 0 数据。耗时：0时0分0秒14毫秒
15:19:30 INFO  - 开始保存聊天消息数据
15:19:30 INFO  - 聊天消息数据保存完成，共处理条 0 数据。耗时：0时0分0秒11毫秒
15:20:30 INFO  - 开始保存聊天消息数据
15:20:30 INFO  - 聊天消息数据保存完成，共处理条 0 数据。耗时：0时0分0秒12毫秒
15:21:30 INFO  - 开始保存聊天消息数据
15:21:30 INFO  - 聊天消息数据保存完成，共处理条 0 数据。耗时：0时0分0秒13毫秒
15:22:30 INFO  - 开始保存聊天消息数据
15:22:30 INFO  - 聊天消息数据保存完成，共处理条 0 数据。耗时：0时0分0秒13毫秒
15:23:30 INFO  - 开始保存聊天消息数据
15:23:30 INFO  - 聊天消息数据保存完成，共处理条 0 数据。耗时：0时0分0秒28毫秒
15:24:30 INFO  - 开始保存聊天消息数据
15:24:30 INFO  - 聊天消息数据保存完成，共处理条 0 数据。耗时：0时0分0秒8毫秒
15:25:30 INFO  - 开始保存聊天消息数据
15:25:30 INFO  - 聊天消息数据保存完成，共处理条 0 数据。耗时：0时0分0秒12毫秒
15:26:30 INFO  - 开始保存聊天消息数据
15:26:30 INFO  - 聊天消息数据保存完成，共处理条 0 数据。耗时：0时0分0秒15毫秒
15:27:30 INFO  - 开始保存聊天消息数据
15:27:30 INFO  - 聊天消息数据保存完成，共处理条 0 数据。耗时：0时0分0秒9毫秒
15:28:30 INFO  - 开始保存聊天消息数据
15:28:30 INFO  - 聊天消息数据保存完成，共处理条 0 数据。耗时：0时0分0秒15毫秒
15:29:30 INFO  - 开始保存聊天消息数据
15:29:30 INFO  - 聊天消息数据保存完成，共处理条 0 数据。耗时：0时0分0秒9毫秒
15:30:30 INFO  - 开始保存聊天消息数据
15:30:30 INFO  - 聊天消息数据保存完成，共处理条 0 数据。耗时：0时0分0秒12毫秒
15:31:30 INFO  - 开始保存聊天消息数据
15:31:30 INFO  - 聊天消息数据保存完成，共处理条 0 数据。耗时：0时0分0秒15毫秒
15:32:30 INFO  - 开始保存聊天消息数据
15:32:30 INFO  - 聊天消息数据保存完成，共处理条 0 数据。耗时：0时0分0秒12毫秒
15:33:30 INFO  - 开始保存聊天消息数据
15:33:30 INFO  - 聊天消息数据保存完成，共处理条 0 数据。耗时：0时0分0秒25毫秒
15:34:30 INFO  - 开始保存聊天消息数据
15:34:30 INFO  - 聊天消息数据保存完成，共处理条 0 数据。耗时：0时0分0秒8毫秒
15:35:30 INFO  - 开始保存聊天消息数据
15:35:30 INFO  - 聊天消息数据保存完成，共处理条 0 数据。耗时：0时0分0秒14毫秒
15:36:30 INFO  - 开始保存聊天消息数据
15:36:30 INFO  - 聊天消息数据保存完成，共处理条 0 数据。耗时：0时0分0秒12毫秒
15:37:30 INFO  - 开始保存聊天消息数据
15:37:30 INFO  - 聊天消息数据保存完成，共处理条 0 数据。耗时：0时0分0秒13毫秒
15:38:30 INFO  - 开始保存聊天消息数据
15:38:30 INFO  - 聊天消息数据保存完成，共处理条 0 数据。耗时：0时0分0秒14毫秒
15:39:30 INFO  - 开始保存聊天消息数据
15:39:30 INFO  - 聊天消息数据保存完成，共处理条 0 数据。耗时：0时0分0秒9毫秒
15:40:30 INFO  - 开始保存聊天消息数据
15:40:30 INFO  - 聊天消息数据保存完成，共处理条 0 数据。耗时：0时0分0秒11毫秒
15:41:30 INFO  - 开始保存聊天消息数据
15:41:30 INFO  - 聊天消息数据保存完成，共处理条 0 数据。耗时：0时0分0秒12毫秒
15:42:30 INFO  - 开始保存聊天消息数据
15:42:30 INFO  - 聊天消息数据保存完成，共处理条 0 数据。耗时：0时0分0秒13毫秒
15:43:30 INFO  - 开始保存聊天消息数据
15:43:30 INFO  - 聊天消息数据保存完成，共处理条 0 数据。耗时：0时0分0秒16毫秒
15:44:30 INFO  - 开始保存聊天消息数据
15:44:30 INFO  - 聊天消息数据保存完成，共处理条 0 数据。耗时：0时0分0秒20毫秒
15:45:30 INFO  - 开始保存聊天消息数据
15:45:30 INFO  - 聊天消息数据保存完成，共处理条 0 数据。耗时：0时0分0秒12毫秒
15:46:30 INFO  - 开始保存聊天消息数据
15:46:30 INFO  - 聊天消息数据保存完成，共处理条 0 数据。耗时：0时0分0秒13毫秒
15:47:30 INFO  - 开始保存聊天消息数据
15:47:30 INFO  - 聊天消息数据保存完成，共处理条 0 数据。耗时：0时0分0秒14毫秒
15:48:30 INFO  - 开始保存聊天消息数据
15:48:30 INFO  - 聊天消息数据保存完成，共处理条 0 数据。耗时：0时0分0秒9毫秒
15:49:30 INFO  - 开始保存聊天消息数据
15:49:30 INFO  - 聊天消息数据保存完成，共处理条 0 数据。耗时：0时0分0秒13毫秒
15:50:30 INFO  - 开始保存聊天消息数据
15:50:30 INFO  - 聊天消息数据保存完成，共处理条 0 数据。耗时：0时0分0秒12毫秒
15:51:30 INFO  - 开始保存聊天消息数据
15:51:30 INFO  - 聊天消息数据保存完成，共处理条 0 数据。耗时：0时0分0秒13毫秒
15:52:30 INFO  - 开始保存聊天消息数据
15:52:30 INFO  - 聊天消息数据保存完成，共处理条 0 数据。耗时：0时0分0秒17毫秒
15:53:30 INFO  - 开始保存聊天消息数据
15:53:30 INFO  - 聊天消息数据保存完成，共处理条 0 数据。耗时：0时0分0秒21毫秒
15:54:30 INFO  - 开始保存聊天消息数据
15:54:30 INFO  - 聊天消息数据保存完成，共处理条 0 数据。耗时：0时0分0秒14毫秒
15:55:30 INFO  - 开始保存聊天消息数据
15:55:30 INFO  - 聊天消息数据保存完成，共处理条 0 数据。耗时：0时0分0秒12毫秒
15:56:30 INFO  - 开始保存聊天消息数据
15:56:30 INFO  - 聊天消息数据保存完成，共处理条 0 数据。耗时：0时0分0秒8毫秒
15:57:30 INFO  - 开始保存聊天消息数据
15:57:30 INFO  - 聊天消息数据保存完成，共处理条 0 数据。耗时：0时0分0秒12毫秒
15:58:30 INFO  - 开始保存聊天消息数据
15:58:30 INFO  - 聊天消息数据保存完成，共处理条 0 数据。耗时：0时0分0秒12毫秒
15:59:30 INFO  - 开始保存聊天消息数据
15:59:30 INFO  - 聊天消息数据保存完成，共处理条 0 数据。耗时：0时0分0秒13毫秒
16:00:30 INFO  - 开始保存聊天消息数据
16:00:30 INFO  - 聊天消息数据保存完成，共处理条 0 数据。耗时：0时0分0秒20毫秒
16:01:30 INFO  - 开始保存聊天消息数据
16:01:30 INFO  - 聊天消息数据保存完成，共处理条 0 数据。耗时：0时0分0秒9毫秒
16:02:30 INFO  - 开始保存聊天消息数据
16:02:30 INFO  - 聊天消息数据保存完成，共处理条 0 数据。耗时：0时0分0秒15毫秒
16:03:30 INFO  - 开始保存聊天消息数据
16:03:30 INFO  - 聊天消息数据保存完成，共处理条 0 数据。耗时：0时0分0秒13毫秒
16:04:30 INFO  - 开始保存聊天消息数据
16:04:30 INFO  - 聊天消息数据保存完成，共处理条 0 数据。耗时：0时0分0秒12毫秒
16:05:30 INFO  - 开始保存聊天消息数据
16:05:30 INFO  - 聊天消息数据保存完成，共处理条 0 数据。耗时：0时0分0秒13毫秒
16:06:30 INFO  - 开始保存聊天消息数据
16:06:30 INFO  - 聊天消息数据保存完成，共处理条 0 数据。耗时：0时0分0秒13毫秒
16:07:30 INFO  - 开始保存聊天消息数据
16:07:30 INFO  - 聊天消息数据保存完成，共处理条 0 数据。耗时：0时0分0秒13毫秒
16:08:30 INFO  - 开始保存聊天消息数据
16:08:30 INFO  - 聊天消息数据保存完成，共处理条 0 数据。耗时：0时0分0秒11毫秒
16:09:30 INFO  - 开始保存聊天消息数据
16:09:30 INFO  - 聊天消息数据保存完成，共处理条 0 数据。耗时：0时0分0秒13毫秒
16:10:30 INFO  - 开始保存聊天消息数据
16:10:30 INFO  - 聊天消息数据保存完成，共处理条 0 数据。耗时：0时0分0秒12毫秒
16:11:30 INFO  - 开始保存聊天消息数据
16:11:30 INFO  - 聊天消息数据保存完成，共处理条 0 数据。耗时：0时0分0秒11毫秒
16:12:30 INFO  - 开始保存聊天消息数据
16:12:30 INFO  - 聊天消息数据保存完成，共处理条 0 数据。耗时：0时0分0秒12毫秒
16:13:30 INFO  - 开始保存聊天消息数据
16:13:30 INFO  - 聊天消息数据保存完成，共处理条 0 数据。耗时：0时0分0秒13毫秒
16:14:30 INFO  - 开始保存聊天消息数据
16:14:30 INFO  - 聊天消息数据保存完成，共处理条 0 数据。耗时：0时0分0秒12毫秒
16:15:30 INFO  - 开始保存聊天消息数据
16:15:30 INFO  - 聊天消息数据保存完成，共处理条 0 数据。耗时：0时0分0秒12毫秒
16:16:30 INFO  - 开始保存聊天消息数据
16:16:30 INFO  - 聊天消息数据保存完成，共处理条 0 数据。耗时：0时0分0秒14毫秒
16:17:30 INFO  - 开始保存聊天消息数据
16:17:30 INFO  - 聊天消息数据保存完成，共处理条 0 数据。耗时：0时0分0秒12毫秒
16:18:30 INFO  - 开始保存聊天消息数据
16:18:30 INFO  - 聊天消息数据保存完成，共处理条 0 数据。耗时：0时0分0秒13毫秒
16:19:30 INFO  - 开始保存聊天消息数据
16:19:30 INFO  - 聊天消息数据保存完成，共处理条 0 数据。耗时：0时0分0秒13毫秒
16:20:30 INFO  - 开始保存聊天消息数据
16:20:30 INFO  - 聊天消息数据保存完成，共处理条 0 数据。耗时：0时0分0秒45毫秒
16:21:30 INFO  - 开始保存聊天消息数据
16:21:30 INFO  - 聊天消息数据保存完成，共处理条 0 数据。耗时：0时0分0秒13毫秒
16:22:30 INFO  - 开始保存聊天消息数据
16:22:30 INFO  - 聊天消息数据保存完成，共处理条 0 数据。耗时：0时0分0秒8毫秒
16:23:30 INFO  - 开始保存聊天消息数据
16:23:30 INFO  - 聊天消息数据保存完成，共处理条 0 数据。耗时：0时0分0秒12毫秒
16:24:30 INFO  - 开始保存聊天消息数据
16:24:30 INFO  - 聊天消息数据保存完成，共处理条 0 数据。耗时：0时0分0秒21毫秒
16:25:30 INFO  - 开始保存聊天消息数据
16:25:30 INFO  - 聊天消息数据保存完成，共处理条 0 数据。耗时：0时0分0秒13毫秒
16:26:30 INFO  - 开始保存聊天消息数据
16:26:30 INFO  - 聊天消息数据保存完成，共处理条 0 数据。耗时：0时0分0秒12毫秒
16:27:30 INFO  - 开始保存聊天消息数据
16:27:30 INFO  - 聊天消息数据保存完成，共处理条 0 数据。耗时：0时0分0秒11毫秒
16:28:30 INFO  - 开始保存聊天消息数据
16:28:30 INFO  - 聊天消息数据保存完成，共处理条 0 数据。耗时：0时0分0秒13毫秒
16:29:30 INFO  - 开始保存聊天消息数据
16:29:30 INFO  - 聊天消息数据保存完成，共处理条 0 数据。耗时：0时0分0秒13毫秒
16:30:30 INFO  - 开始保存聊天消息数据
16:30:30 INFO  - 聊天消息数据保存完成，共处理条 0 数据。耗时：0时0分0秒13毫秒
16:31:30 INFO  - 开始保存聊天消息数据
16:31:30 INFO  - 聊天消息数据保存完成，共处理条 0 数据。耗时：0时0分0秒18毫秒
16:32:30 INFO  - 开始保存聊天消息数据
16:32:30 INFO  - 聊天消息数据保存完成，共处理条 0 数据。耗时：0时0分0秒29毫秒
16:33:30 INFO  - 开始保存聊天消息数据
16:33:30 INFO  - 聊天消息数据保存完成，共处理条 0 数据。耗时：0时0分0秒11毫秒
16:34:30 INFO  - 开始保存聊天消息数据
16:34:30 INFO  - 聊天消息数据保存完成，共处理条 0 数据。耗时：0时0分0秒14毫秒
16:35:30 INFO  - 开始保存聊天消息数据
16:35:30 INFO  - 聊天消息数据保存完成，共处理条 0 数据。耗时：0时0分0秒12毫秒
16:36:30 INFO  - 开始保存聊天消息数据
16:36:30 INFO  - 聊天消息数据保存完成，共处理条 0 数据。耗时：0时0分0秒14毫秒
16:37:30 INFO  - 开始保存聊天消息数据
16:37:30 INFO  - 聊天消息数据保存完成，共处理条 0 数据。耗时：0时0分0秒12毫秒
16:38:30 INFO  - 开始保存聊天消息数据
16:38:30 INFO  - 聊天消息数据保存完成，共处理条 0 数据。耗时：0时0分0秒12毫秒
16:39:30 INFO  - 开始保存聊天消息数据
16:39:30 INFO  - 聊天消息数据保存完成，共处理条 0 数据。耗时：0时0分0秒12毫秒
16:40:30 INFO  - 开始保存聊天消息数据
16:40:30 INFO  - 聊天消息数据保存完成，共处理条 0 数据。耗时：0时0分0秒11毫秒
16:41:30 INFO  - 开始保存聊天消息数据
16:41:30 INFO  - 聊天消息数据保存完成，共处理条 0 数据。耗时：0时0分0秒12毫秒
16:42:30 INFO  - 开始保存聊天消息数据
16:42:30 INFO  - 聊天消息数据保存完成，共处理条 0 数据。耗时：0时0分0秒12毫秒
16:43:30 INFO  - 开始保存聊天消息数据
16:43:30 INFO  - 聊天消息数据保存完成，共处理条 0 数据。耗时：0时0分0秒16毫秒
16:44:30 INFO  - 开始保存聊天消息数据
16:44:30 INFO  - 聊天消息数据保存完成，共处理条 0 数据。耗时：0时0分0秒12毫秒
16:45:30 INFO  - 开始保存聊天消息数据
16:45:30 INFO  - 聊天消息数据保存完成，共处理条 0 数据。耗时：0时0分0秒12毫秒
16:46:30 INFO  - 开始保存聊天消息数据
16:46:30 INFO  - 聊天消息数据保存完成，共处理条 0 数据。耗时：0时0分0秒13毫秒
16:47:30 INFO  - 开始保存聊天消息数据
16:47:30 INFO  - 聊天消息数据保存完成，共处理条 0 数据。耗时：0时0分0秒12毫秒
16:48:30 INFO  - 开始保存聊天消息数据
16:48:30 INFO  - 聊天消息数据保存完成，共处理条 0 数据。耗时：0时0分0秒14毫秒
16:49:30 INFO  - 开始保存聊天消息数据
16:49:30 INFO  - 聊天消息数据保存完成，共处理条 0 数据。耗时：0时0分0秒13毫秒
16:50:30 INFO  - 开始保存聊天消息数据
16:50:30 INFO  - 聊天消息数据保存完成，共处理条 0 数据。耗时：0时0分0秒11毫秒
16:51:30 INFO  - 开始保存聊天消息数据
16:51:30 INFO  - 聊天消息数据保存完成，共处理条 0 数据。耗时：0时0分0秒13毫秒
16:52:30 INFO  - 开始保存聊天消息数据
16:52:30 INFO  - 聊天消息数据保存完成，共处理条 0 数据。耗时：0时0分0秒12毫秒
16:53:30 INFO  - 开始保存聊天消息数据
16:53:30 INFO  - 聊天消息数据保存完成，共处理条 0 数据。耗时：0时0分0秒19毫秒
16:54:30 INFO  - 开始保存聊天消息数据
16:54:30 INFO  - 聊天消息数据保存完成，共处理条 0 数据。耗时：0时0分0秒14毫秒
16:55:30 INFO  - 开始保存聊天消息数据
16:55:30 INFO  - 聊天消息数据保存完成，共处理条 0 数据。耗时：0时0分0秒14毫秒
16:56:30 INFO  - 开始保存聊天消息数据
16:56:30 INFO  - 聊天消息数据保存完成，共处理条 0 数据。耗时：0时0分0秒12毫秒
16:57:30 INFO  - 开始保存聊天消息数据
16:57:30 INFO  - 聊天消息数据保存完成，共处理条 0 数据。耗时：0时0分0秒9毫秒
16:58:30 INFO  - 开始保存聊天消息数据
16:58:30 INFO  - 聊天消息数据保存完成，共处理条 0 数据。耗时：0时0分0秒13毫秒
16:59:30 INFO  - 开始保存聊天消息数据
16:59:30 INFO  - 聊天消息数据保存完成，共处理条 0 数据。耗时：0时0分0秒13毫秒
17:00:30 INFO  - 开始保存聊天消息数据
17:00:30 INFO  - 聊天消息数据保存完成，共处理条 0 数据。耗时：0时0分0秒13毫秒
17:01:30 INFO  - 开始保存聊天消息数据
17:01:30 INFO  - 聊天消息数据保存完成，共处理条 0 数据。耗时：0时0分0秒11毫秒
17:02:30 INFO  - 开始保存聊天消息数据
17:02:30 INFO  - 聊天消息数据保存完成，共处理条 0 数据。耗时：0时0分0秒13毫秒
17:03:30 INFO  - 开始保存聊天消息数据
17:03:30 INFO  - 聊天消息数据保存完成，共处理条 0 数据。耗时：0时0分0秒14毫秒
17:04:30 INFO  - 开始保存聊天消息数据
17:04:30 INFO  - 聊天消息数据保存完成，共处理条 0 数据。耗时：0时0分0秒12毫秒
17:05:30 INFO  - 开始保存聊天消息数据
17:05:30 INFO  - 聊天消息数据保存完成，共处理条 0 数据。耗时：0时0分0秒13毫秒
17:06:30 INFO  - 开始保存聊天消息数据
17:06:30 INFO  - 聊天消息数据保存完成，共处理条 0 数据。耗时：0时0分0秒12毫秒
17:07:30 INFO  - 开始保存聊天消息数据
17:07:30 INFO  - 聊天消息数据保存完成，共处理条 0 数据。耗时：0时0分0秒19毫秒
17:08:30 INFO  - 开始保存聊天消息数据
17:08:30 INFO  - 聊天消息数据保存完成，共处理条 0 数据。耗时：0时0分0秒12毫秒
17:09:30 INFO  - 开始保存聊天消息数据
17:09:30 INFO  - 聊天消息数据保存完成，共处理条 0 数据。耗时：0时0分0秒14毫秒
17:10:30 INFO  - 开始保存聊天消息数据
17:10:30 INFO  - 聊天消息数据保存完成，共处理条 0 数据。耗时：0时0分0秒13毫秒
17:11:30 INFO  - 开始保存聊天消息数据
17:11:30 INFO  - 聊天消息数据保存完成，共处理条 0 数据。耗时：0时0分0秒12毫秒
17:12:30 INFO  - 开始保存聊天消息数据
17:12:30 INFO  - 聊天消息数据保存完成，共处理条 0 数据。耗时：0时0分0秒12毫秒
17:13:30 INFO  - 开始保存聊天消息数据
17:13:30 INFO  - 聊天消息数据保存完成，共处理条 0 数据。耗时：0时0分0秒12毫秒
17:14:30 INFO  - 开始保存聊天消息数据
17:14:30 INFO  - 聊天消息数据保存完成，共处理条 0 数据。耗时：0时0分0秒12毫秒
17:15:30 INFO  - 开始保存聊天消息数据
17:15:30 INFO  - 聊天消息数据保存完成，共处理条 0 数据。耗时：0时0分0秒18毫秒
17:16:30 INFO  - 开始保存聊天消息数据
17:16:30 INFO  - 聊天消息数据保存完成，共处理条 0 数据。耗时：0时0分0秒14毫秒
17:17:30 INFO  - 开始保存聊天消息数据
17:17:30 INFO  - 聊天消息数据保存完成，共处理条 0 数据。耗时：0时0分0秒11毫秒
17:18:30 INFO  - 开始保存聊天消息数据
17:18:30 INFO  - 聊天消息数据保存完成，共处理条 0 数据。耗时：0时0分0秒11毫秒
17:19:30 INFO  - 开始保存聊天消息数据
17:19:30 INFO  - 聊天消息数据保存完成，共处理条 0 数据。耗时：0时0分0秒15毫秒
17:20:30 INFO  - 开始保存聊天消息数据
17:20:30 INFO  - 聊天消息数据保存完成，共处理条 0 数据。耗时：0时0分0秒12毫秒
17:21:30 INFO  - 开始保存聊天消息数据
17:21:30 INFO  - 聊天消息数据保存完成，共处理条 0 数据。耗时：0时0分0秒12毫秒
17:22:30 INFO  - 开始保存聊天消息数据
17:22:30 INFO  - 聊天消息数据保存完成，共处理条 0 数据。耗时：0时0分0秒15毫秒
17:23:30 INFO  - 开始保存聊天消息数据
17:23:30 INFO  - 聊天消息数据保存完成，共处理条 0 数据。耗时：0时0分0秒13毫秒
17:24:30 INFO  - 开始保存聊天消息数据
17:24:30 INFO  - 聊天消息数据保存完成，共处理条 0 数据。耗时：0时0分0秒13毫秒
17:25:30 INFO  - 开始保存聊天消息数据
17:25:30 INFO  - 聊天消息数据保存完成，共处理条 0 数据。耗时：0时0分0秒15毫秒
17:26:30 INFO  - 开始保存聊天消息数据
17:26:30 INFO  - 聊天消息数据保存完成，共处理条 0 数据。耗时：0时0分0秒18毫秒
17:27:30 INFO  - 开始保存聊天消息数据
17:27:30 INFO  - 聊天消息数据保存完成，共处理条 0 数据。耗时：0时0分0秒16毫秒
17:28:30 INFO  - 开始保存聊天消息数据
17:28:30 INFO  - 聊天消息数据保存完成，共处理条 0 数据。耗时：0时0分0秒24毫秒
17:29:30 INFO  - 开始保存聊天消息数据
17:29:30 INFO  - 聊天消息数据保存完成，共处理条 0 数据。耗时：0时0分0秒28毫秒
17:30:30 INFO  - 开始保存聊天消息数据
17:30:30 INFO  - 聊天消息数据保存完成，共处理条 0 数据。耗时：0时0分0秒28毫秒
17:31:30 INFO  - 开始保存聊天消息数据
17:31:30 INFO  - 聊天消息数据保存完成，共处理条 0 数据。耗时：0时0分0秒19毫秒
17:32:30 INFO  - 开始保存聊天消息数据
17:32:30 INFO  - 聊天消息数据保存完成，共处理条 0 数据。耗时：0时0分0秒22毫秒
17:33:30 INFO  - 开始保存聊天消息数据
17:33:30 INFO  - 聊天消息数据保存完成，共处理条 0 数据。耗时：0时0分0秒28毫秒
17:34:30 INFO  - 开始保存聊天消息数据
17:34:30 INFO  - 聊天消息数据保存完成，共处理条 0 数据。耗时：0时0分0秒16毫秒
17:35:30 INFO  - 开始保存聊天消息数据
17:35:30 INFO  - 聊天消息数据保存完成，共处理条 0 数据。耗时：0时0分0秒22毫秒
17:36:30 INFO  - 开始保存聊天消息数据
17:36:30 INFO  - 聊天消息数据保存完成，共处理条 0 数据。耗时：0时0分0秒24毫秒
17:37:30 INFO  - 开始保存聊天消息数据
17:37:30 INFO  - 聊天消息数据保存完成，共处理条 0 数据。耗时：0时0分0秒14毫秒
17:38:30 INFO  - 开始保存聊天消息数据
17:38:30 INFO  - 聊天消息数据保存完成，共处理条 0 数据。耗时：0时0分0秒13毫秒
17:39:30 INFO  - 开始保存聊天消息数据
17:39:30 INFO  - 聊天消息数据保存完成，共处理条 0 数据。耗时：0时0分0秒17毫秒
17:40:30 INFO  - 开始保存聊天消息数据
17:40:30 INFO  - 聊天消息数据保存完成，共处理条 0 数据。耗时：0时0分0秒23毫秒
17:41:30 INFO  - 开始保存聊天消息数据
17:41:30 INFO  - 聊天消息数据保存完成，共处理条 0 数据。耗时：0时0分0秒28毫秒
17:42:30 INFO  - 开始保存聊天消息数据
17:42:30 INFO  - 聊天消息数据保存完成，共处理条 0 数据。耗时：0时0分0秒14毫秒
17:43:30 INFO  - 开始保存聊天消息数据
17:43:30 INFO  - 聊天消息数据保存完成，共处理条 0 数据。耗时：0时0分0秒29毫秒
17:44:30 INFO  - 开始保存聊天消息数据
17:44:30 INFO  - 聊天消息数据保存完成，共处理条 0 数据。耗时：0时0分0秒20毫秒
17:45:30 INFO  - 开始保存聊天消息数据
17:45:30 INFO  - 聊天消息数据保存完成，共处理条 0 数据。耗时：0时0分0秒16毫秒
17:46:30 INFO  - 开始保存聊天消息数据
17:46:30 INFO  - 聊天消息数据保存完成，共处理条 0 数据。耗时：0时0分0秒13毫秒
17:47:30 INFO  - 开始保存聊天消息数据
17:47:30 INFO  - 聊天消息数据保存完成，共处理条 0 数据。耗时：0时0分0秒34毫秒
17:48:30 INFO  - 开始保存聊天消息数据
17:48:30 INFO  - 聊天消息数据保存完成，共处理条 0 数据。耗时：0时0分0秒14毫秒
17:49:30 INFO  - 开始保存聊天消息数据
17:49:30 INFO  - 聊天消息数据保存完成，共处理条 0 数据。耗时：0时0分0秒13毫秒
17:50:30 INFO  - 开始保存聊天消息数据
17:50:30 INFO  - 聊天消息数据保存完成，共处理条 0 数据。耗时：0时0分0秒22毫秒
17:51:30 INFO  - 开始保存聊天消息数据
17:51:30 INFO  - 聊天消息数据保存完成，共处理条 0 数据。耗时：0时0分0秒16毫秒
17:52:30 INFO  - 开始保存聊天消息数据
17:52:30 INFO  - 聊天消息数据保存完成，共处理条 0 数据。耗时：0时0分0秒15毫秒
17:53:30 INFO  - 开始保存聊天消息数据
17:53:30 INFO  - 聊天消息数据保存完成，共处理条 0 数据。耗时：0时0分0秒16毫秒
17:54:30 INFO  - 开始保存聊天消息数据
17:54:30 INFO  - 聊天消息数据保存完成，共处理条 0 数据。耗时：0时0分0秒14毫秒
17:55:30 INFO  - 开始保存聊天消息数据
17:55:30 INFO  - 聊天消息数据保存完成，共处理条 0 数据。耗时：0时0分0秒36毫秒
17:56:30 INFO  - 开始保存聊天消息数据
17:56:30 INFO  - 聊天消息数据保存完成，共处理条 0 数据。耗时：0时0分0秒16毫秒
17:57:30 INFO  - 开始保存聊天消息数据
17:57:30 INFO  - 聊天消息数据保存完成，共处理条 0 数据。耗时：0时0分0秒11毫秒
17:58:30 INFO  - 开始保存聊天消息数据
17:58:30 INFO  - 聊天消息数据保存完成，共处理条 0 数据。耗时：0时0分0秒38毫秒
17:59:30 INFO  - 开始保存聊天消息数据
17:59:30 INFO  - 聊天消息数据保存完成，共处理条 0 数据。耗时：0时0分0秒28毫秒
18:00:30 INFO  - 开始保存聊天消息数据
18:00:30 INFO  - 聊天消息数据保存完成，共处理条 0 数据。耗时：0时0分0秒25毫秒
18:01:30 INFO  - 开始保存聊天消息数据
18:01:30 INFO  - 聊天消息数据保存完成，共处理条 0 数据。耗时：0时0分0秒26毫秒
18:02:30 INFO  - 开始保存聊天消息数据
18:02:30 INFO  - 聊天消息数据保存完成，共处理条 0 数据。耗时：0时0分0秒13毫秒
18:03:30 INFO  - 开始保存聊天消息数据
18:03:30 INFO  - 聊天消息数据保存完成，共处理条 0 数据。耗时：0时0分0秒13毫秒
18:04:30 INFO  - 开始保存聊天消息数据
18:04:30 INFO  - 聊天消息数据保存完成，共处理条 0 数据。耗时：0时0分0秒16毫秒
18:05:30 INFO  - 开始保存聊天消息数据
18:05:30 INFO  - 聊天消息数据保存完成，共处理条 0 数据。耗时：0时0分0秒24毫秒
18:06:30 INFO  - 开始保存聊天消息数据
18:06:30 INFO  - 聊天消息数据保存完成，共处理条 0 数据。耗时：0时0分0秒23毫秒
18:07:30 INFO  - 开始保存聊天消息数据
18:07:30 INFO  - 聊天消息数据保存完成，共处理条 0 数据。耗时：0时0分0秒31毫秒
18:08:30 INFO  - 开始保存聊天消息数据
18:08:30 INFO  - 聊天消息数据保存完成，共处理条 0 数据。耗时：0时0分0秒17毫秒
18:09:30 INFO  - 开始保存聊天消息数据
18:09:30 INFO  - 聊天消息数据保存完成，共处理条 0 数据。耗时：0时0分0秒9毫秒
18:10:30 INFO  - 开始保存聊天消息数据
18:10:30 INFO  - 聊天消息数据保存完成，共处理条 0 数据。耗时：0时0分0秒13毫秒
18:11:30 INFO  - 开始保存聊天消息数据
18:11:30 INFO  - 聊天消息数据保存完成，共处理条 0 数据。耗时：0时0分0秒12毫秒
18:12:30 INFO  - 开始保存聊天消息数据
18:12:30 INFO  - 聊天消息数据保存完成，共处理条 0 数据。耗时：0时0分0秒14毫秒
18:13:30 INFO  - 开始保存聊天消息数据
18:13:30 INFO  - 聊天消息数据保存完成，共处理条 0 数据。耗时：0时0分0秒12毫秒
18:14:30 INFO  - 开始保存聊天消息数据
18:14:30 INFO  - 聊天消息数据保存完成，共处理条 0 数据。耗时：0时0分0秒13毫秒
18:15:30 INFO  - 开始保存聊天消息数据
18:15:30 INFO  - 聊天消息数据保存完成，共处理条 0 数据。耗时：0时0分0秒12毫秒
18:16:30 INFO  - 开始保存聊天消息数据
18:16:30 INFO  - 聊天消息数据保存完成，共处理条 0 数据。耗时：0时0分0秒13毫秒
18:17:30 INFO  - 开始保存聊天消息数据
18:17:30 INFO  - 聊天消息数据保存完成，共处理条 0 数据。耗时：0时0分0秒16毫秒
18:18:30 INFO  - 开始保存聊天消息数据
18:18:30 INFO  - 聊天消息数据保存完成，共处理条 0 数据。耗时：0时0分0秒13毫秒
18:19:30 INFO  - 开始保存聊天消息数据
18:19:30 INFO  - 聊天消息数据保存完成，共处理条 0 数据。耗时：0时0分0秒18毫秒
18:20:30 INFO  - 开始保存聊天消息数据
18:20:30 INFO  - 聊天消息数据保存完成，共处理条 0 数据。耗时：0时0分0秒8毫秒
18:21:30 INFO  - 开始保存聊天消息数据
18:21:30 INFO  - 聊天消息数据保存完成，共处理条 0 数据。耗时：0时0分0秒23毫秒
18:22:30 INFO  - 开始保存聊天消息数据
18:22:30 INFO  - 聊天消息数据保存完成，共处理条 0 数据。耗时：0时0分0秒30毫秒
18:23:30 INFO  - 开始保存聊天消息数据
18:23:30 INFO  - 聊天消息数据保存完成，共处理条 0 数据。耗时：0时0分0秒18毫秒
18:24:30 INFO  - 开始保存聊天消息数据
18:24:30 INFO  - 聊天消息数据保存完成，共处理条 0 数据。耗时：0时0分0秒9毫秒
18:25:30 INFO  - 开始保存聊天消息数据
18:25:30 INFO  - 聊天消息数据保存完成，共处理条 0 数据。耗时：0时0分0秒23毫秒
18:26:30 INFO  - 开始保存聊天消息数据
18:26:30 INFO  - 聊天消息数据保存完成，共处理条 0 数据。耗时：0时0分0秒27毫秒
18:27:30 INFO  - 开始保存聊天消息数据
18:27:30 INFO  - 聊天消息数据保存完成，共处理条 0 数据。耗时：0时0分0秒19毫秒
18:28:30 INFO  - 开始保存聊天消息数据
18:28:30 INFO  - 聊天消息数据保存完成，共处理条 0 数据。耗时：0时0分0秒13毫秒
18:29:30 INFO  - 开始保存聊天消息数据
18:29:30 INFO  - 聊天消息数据保存完成，共处理条 0 数据。耗时：0时0分0秒13毫秒
18:30:30 INFO  - 开始保存聊天消息数据
18:30:30 INFO  - 聊天消息数据保存完成，共处理条 0 数据。耗时：0时0分0秒12毫秒
18:31:30 INFO  - 开始保存聊天消息数据
18:31:30 INFO  - 聊天消息数据保存完成，共处理条 0 数据。耗时：0时0分0秒12毫秒
18:32:30 INFO  - 开始保存聊天消息数据
18:32:30 INFO  - 聊天消息数据保存完成，共处理条 0 数据。耗时：0时0分0秒13毫秒
18:33:30 INFO  - 开始保存聊天消息数据
18:33:30 INFO  - 聊天消息数据保存完成，共处理条 0 数据。耗时：0时0分0秒13毫秒
18:34:30 INFO  - 开始保存聊天消息数据
18:34:30 INFO  - 聊天消息数据保存完成，共处理条 0 数据。耗时：0时0分0秒9毫秒
18:35:30 INFO  - 开始保存聊天消息数据
18:35:30 INFO  - 聊天消息数据保存完成，共处理条 0 数据。耗时：0时0分0秒25毫秒
18:36:30 INFO  - 开始保存聊天消息数据
18:36:30 INFO  - 聊天消息数据保存完成，共处理条 0 数据。耗时：0时0分0秒17毫秒
18:37:30 INFO  - 开始保存聊天消息数据
18:37:30 INFO  - 聊天消息数据保存完成，共处理条 0 数据。耗时：0时0分0秒11毫秒
18:38:30 INFO  - 开始保存聊天消息数据
18:38:30 INFO  - 聊天消息数据保存完成，共处理条 0 数据。耗时：0时0分0秒12毫秒
18:39:30 INFO  - 开始保存聊天消息数据
18:39:30 INFO  - 聊天消息数据保存完成，共处理条 0 数据。耗时：0时0分0秒13毫秒
18:40:30 INFO  - 开始保存聊天消息数据
18:40:30 INFO  - 聊天消息数据保存完成，共处理条 0 数据。耗时：0时0分0秒31毫秒
18:41:30 INFO  - 开始保存聊天消息数据
18:41:30 INFO  - 聊天消息数据保存完成，共处理条 0 数据。耗时：0时0分0秒13毫秒
18:42:30 INFO  - 开始保存聊天消息数据
18:42:30 INFO  - 聊天消息数据保存完成，共处理条 0 数据。耗时：0时0分0秒26毫秒
18:43:30 INFO  - 开始保存聊天消息数据
18:43:30 INFO  - 聊天消息数据保存完成，共处理条 0 数据。耗时：0时0分0秒28毫秒
18:44:30 INFO  - 开始保存聊天消息数据
18:44:30 INFO  - 聊天消息数据保存完成，共处理条 0 数据。耗时：0时0分0秒25毫秒
18:45:30 INFO  - 开始保存聊天消息数据
18:45:30 INFO  - 聊天消息数据保存完成，共处理条 0 数据。耗时：0时0分0秒15毫秒
18:46:30 INFO  - 开始保存聊天消息数据
18:46:30 INFO  - 聊天消息数据保存完成，共处理条 0 数据。耗时：0时0分0秒13毫秒
18:47:30 INFO  - 开始保存聊天消息数据
18:47:30 INFO  - 聊天消息数据保存完成，共处理条 0 数据。耗时：0时0分0秒34毫秒
18:48:30 INFO  - 开始保存聊天消息数据
18:48:30 INFO  - 聊天消息数据保存完成，共处理条 0 数据。耗时：0时0分0秒17毫秒
18:49:30 INFO  - 开始保存聊天消息数据
18:49:30 INFO  - 聊天消息数据保存完成，共处理条 0 数据。耗时：0时0分0秒12毫秒
18:50:30 INFO  - 开始保存聊天消息数据
18:50:30 INFO  - 聊天消息数据保存完成，共处理条 0 数据。耗时：0时0分0秒15毫秒
18:51:30 INFO  - 开始保存聊天消息数据
18:51:30 INFO  - 聊天消息数据保存完成，共处理条 0 数据。耗时：0时0分0秒18毫秒
18:52:30 INFO  - 开始保存聊天消息数据
18:52:30 INFO  - 聊天消息数据保存完成，共处理条 0 数据。耗时：0时0分0秒16毫秒
18:53:30 INFO  - 开始保存聊天消息数据
18:53:30 INFO  - 聊天消息数据保存完成，共处理条 0 数据。耗时：0时0分0秒13毫秒
18:54:30 INFO  - 开始保存聊天消息数据
18:54:30 INFO  - 聊天消息数据保存完成，共处理条 0 数据。耗时：0时0分0秒55毫秒
18:55:30 INFO  - 开始保存聊天消息数据
18:55:30 INFO  - 聊天消息数据保存完成，共处理条 0 数据。耗时：0时0分0秒13毫秒
18:56:30 INFO  - 开始保存聊天消息数据
18:56:30 INFO  - 聊天消息数据保存完成，共处理条 0 数据。耗时：0时0分0秒34毫秒
18:57:30 INFO  - 开始保存聊天消息数据
18:57:30 INFO  - 聊天消息数据保存完成，共处理条 0 数据。耗时：0时0分0秒26毫秒
18:58:30 INFO  - 开始保存聊天消息数据
18:58:30 INFO  - 聊天消息数据保存完成，共处理条 0 数据。耗时：0时0分0秒27毫秒
18:59:30 INFO  - 开始保存聊天消息数据
18:59:30 INFO  - 聊天消息数据保存完成，共处理条 0 数据。耗时：0时0分0秒29毫秒
19:00:30 INFO  - 开始保存聊天消息数据
19:00:30 INFO  - 聊天消息数据保存完成，共处理条 0 数据。耗时：0时0分0秒20毫秒
19:01:30 INFO  - 开始保存聊天消息数据
19:01:30 INFO  - 聊天消息数据保存完成，共处理条 0 数据。耗时：0时0分0秒16毫秒
19:02:30 INFO  - 开始保存聊天消息数据
19:02:30 INFO  - 聊天消息数据保存完成，共处理条 0 数据。耗时：0时0分0秒34毫秒
19:03:30 INFO  - 开始保存聊天消息数据
19:03:30 INFO  - 聊天消息数据保存完成，共处理条 0 数据。耗时：0时0分0秒13毫秒
19:04:30 INFO  - 开始保存聊天消息数据
19:04:30 INFO  - 聊天消息数据保存完成，共处理条 0 数据。耗时：0时0分0秒15毫秒
19:05:30 INFO  - 开始保存聊天消息数据
19:05:30 INFO  - 聊天消息数据保存完成，共处理条 0 数据。耗时：0时0分0秒15毫秒
19:06:30 INFO  - 开始保存聊天消息数据
19:06:30 INFO  - 聊天消息数据保存完成，共处理条 0 数据。耗时：0时0分0秒10毫秒
19:07:30 INFO  - 开始保存聊天消息数据
19:07:30 INFO  - 聊天消息数据保存完成，共处理条 0 数据。耗时：0时0分0秒12毫秒
19:08:30 INFO  - 开始保存聊天消息数据
19:08:30 INFO  - 聊天消息数据保存完成，共处理条 0 数据。耗时：0时0分0秒13毫秒
19:09:30 INFO  - 开始保存聊天消息数据
19:09:30 INFO  - 聊天消息数据保存完成，共处理条 0 数据。耗时：0时0分0秒20毫秒
19:10:30 INFO  - 开始保存聊天消息数据
19:10:30 INFO  - 聊天消息数据保存完成，共处理条 0 数据。耗时：0时0分0秒20毫秒
19:11:30 INFO  - 开始保存聊天消息数据
19:11:30 INFO  - 聊天消息数据保存完成，共处理条 0 数据。耗时：0时0分0秒13毫秒
19:12:30 INFO  - 开始保存聊天消息数据
19:12:30 INFO  - 聊天消息数据保存完成，共处理条 0 数据。耗时：0时0分0秒13毫秒
19:13:30 INFO  - 开始保存聊天消息数据
19:13:30 INFO  - 聊天消息数据保存完成，共处理条 0 数据。耗时：0时0分0秒12毫秒
19:14:30 INFO  - 开始保存聊天消息数据
19:14:30 INFO  - 聊天消息数据保存完成，共处理条 0 数据。耗时：0时0分0秒13毫秒
19:15:30 INFO  - 开始保存聊天消息数据
19:15:30 INFO  - 聊天消息数据保存完成，共处理条 0 数据。耗时：0时0分0秒14毫秒
19:16:30 INFO  - 开始保存聊天消息数据
19:16:30 INFO  - 聊天消息数据保存完成，共处理条 0 数据。耗时：0时0分0秒14毫秒
19:17:30 INFO  - 开始保存聊天消息数据
19:17:30 INFO  - 聊天消息数据保存完成，共处理条 0 数据。耗时：0时0分0秒19毫秒
19:18:30 INFO  - 开始保存聊天消息数据
19:18:30 INFO  - 聊天消息数据保存完成，共处理条 0 数据。耗时：0时0分0秒12毫秒
19:19:30 INFO  - 开始保存聊天消息数据
19:19:30 INFO  - 聊天消息数据保存完成，共处理条 0 数据。耗时：0时0分0秒12毫秒
19:20:30 INFO  - 开始保存聊天消息数据
19:20:30 INFO  - 聊天消息数据保存完成，共处理条 0 数据。耗时：0时0分0秒13毫秒
19:21:30 INFO  - 开始保存聊天消息数据
19:21:30 INFO  - 聊天消息数据保存完成，共处理条 0 数据。耗时：0时0分0秒23毫秒
19:22:30 INFO  - 开始保存聊天消息数据
19:22:30 INFO  - 聊天消息数据保存完成，共处理条 0 数据。耗时：0时0分0秒19毫秒
19:23:30 INFO  - 开始保存聊天消息数据
19:23:30 INFO  - 聊天消息数据保存完成，共处理条 0 数据。耗时：0时0分0秒27毫秒
19:24:30 INFO  - 开始保存聊天消息数据
19:24:30 INFO  - 聊天消息数据保存完成，共处理条 0 数据。耗时：0时0分0秒13毫秒
19:25:30 INFO  - 开始保存聊天消息数据
19:25:30 INFO  - 聊天消息数据保存完成，共处理条 0 数据。耗时：0时0分0秒14毫秒
19:26:30 INFO  - 开始保存聊天消息数据
19:26:30 INFO  - 聊天消息数据保存完成，共处理条 0 数据。耗时：0时0分0秒12毫秒
19:27:30 INFO  - 开始保存聊天消息数据
19:27:30 INFO  - 聊天消息数据保存完成，共处理条 0 数据。耗时：0时0分0秒19毫秒
19:28:30 INFO  - 开始保存聊天消息数据
19:28:30 INFO  - 聊天消息数据保存完成，共处理条 0 数据。耗时：0时0分0秒13毫秒
19:29:30 INFO  - 开始保存聊天消息数据
19:29:30 INFO  - 聊天消息数据保存完成，共处理条 0 数据。耗时：0时0分0秒13毫秒
19:30:30 INFO  - 开始保存聊天消息数据
19:30:30 INFO  - 聊天消息数据保存完成，共处理条 0 数据。耗时：0时0分0秒17毫秒
19:31:30 INFO  - 开始保存聊天消息数据
19:31:30 INFO  - 聊天消息数据保存完成，共处理条 0 数据。耗时：0时0分0秒12毫秒
19:32:30 INFO  - 开始保存聊天消息数据
19:32:30 INFO  - 聊天消息数据保存完成，共处理条 0 数据。耗时：0时0分0秒22毫秒
19:33:30 INFO  - 开始保存聊天消息数据
19:33:30 INFO  - 聊天消息数据保存完成，共处理条 0 数据。耗时：0时0分0秒15毫秒
19:34:30 INFO  - 开始保存聊天消息数据
19:34:30 INFO  - 聊天消息数据保存完成，共处理条 0 数据。耗时：0时0分0秒14毫秒
19:35:30 INFO  - 开始保存聊天消息数据
19:35:30 INFO  - 聊天消息数据保存完成，共处理条 0 数据。耗时：0时0分0秒15毫秒
19:36:30 INFO  - 开始保存聊天消息数据
19:36:30 INFO  - 聊天消息数据保存完成，共处理条 0 数据。耗时：0时0分0秒44毫秒
19:37:30 INFO  - 开始保存聊天消息数据
19:37:30 INFO  - 聊天消息数据保存完成，共处理条 0 数据。耗时：0时0分0秒25毫秒
19:38:30 INFO  - 开始保存聊天消息数据
19:38:30 INFO  - 聊天消息数据保存完成，共处理条 0 数据。耗时：0时0分0秒29毫秒
19:39:42 INFO  - admin 成功登录Openfire
19:39:42 INFO  - 开始保存聊天消息数据
19:39:43 INFO  - 聊天消息数据保存完成，共处理条 0 数据。耗时：0时0分1秒493毫秒
19:39:45 INFO  - 问答分配悬赏金完成，共处理条 6 数据。耗时：3秒
19:40:42 INFO  - 开始保存聊天消息数据
19:40:42 INFO  - 聊天消息数据保存完成，共处理条 0 数据。耗时：0时0分0秒21毫秒
19:41:42 INFO  - 开始保存聊天消息数据
19:41:42 INFO  - 聊天消息数据保存完成，共处理条 0 数据。耗时：0时0分0秒149毫秒
19:42:42 INFO  - 开始保存聊天消息数据
19:42:42 INFO  - 聊天消息数据保存完成，共处理条 0 数据。耗时：0时0分0秒13毫秒
19:43:42 INFO  - 开始保存聊天消息数据
19:43:42 INFO  - 聊天消息数据保存完成，共处理条 0 数据。耗时：0时0分0秒34毫秒
19:44:42 INFO  - 开始保存聊天消息数据
19:44:42 INFO  - 聊天消息数据保存完成，共处理条 0 数据。耗时：0时0分0秒13毫秒
19:45:42 INFO  - 开始保存聊天消息数据
19:45:42 INFO  - 聊天消息数据保存完成，共处理条 0 数据。耗时：0时0分0秒26毫秒
19:46:42 INFO  - 开始保存聊天消息数据
19:46:42 INFO  - 聊天消息数据保存完成，共处理条 0 数据。耗时：0时0分0秒25毫秒
19:47:42 INFO  - 开始保存聊天消息数据
19:47:42 INFO  - 聊天消息数据保存完成，共处理条 0 数据。耗时：0时0分0秒11毫秒
19:48:42 INFO  - 开始保存聊天消息数据
19:48:42 INFO  - 聊天消息数据保存完成，共处理条 0 数据。耗时：0时0分0秒16毫秒
19:49:42 INFO  - 开始保存聊天消息数据
19:49:42 INFO  - 聊天消息数据保存完成，共处理条 0 数据。耗时：0时0分0秒19毫秒
19:50:42 INFO  - 开始保存聊天消息数据
19:50:42 INFO  - 聊天消息数据保存完成，共处理条 0 数据。耗时：0时0分0秒12毫秒
19:51:42 INFO  - 开始保存聊天消息数据
19:51:42 INFO  - 聊天消息数据保存完成，共处理条 0 数据。耗时：0时0分0秒15毫秒
19:52:42 INFO  - 开始保存聊天消息数据
19:52:42 INFO  - 聊天消息数据保存完成，共处理条 0 数据。耗时：0时0分0秒13毫秒
19:53:42 INFO  - 开始保存聊天消息数据
19:53:42 INFO  - 聊天消息数据保存完成，共处理条 0 数据。耗时：0时0分0秒13毫秒
19:54:42 INFO  - 开始保存聊天消息数据
19:54:42 INFO  - 聊天消息数据保存完成，共处理条 0 数据。耗时：0时0分0秒12毫秒
19:55:42 INFO  - 开始保存聊天消息数据
19:55:42 INFO  - 聊天消息数据保存完成，共处理条 0 数据。耗时：0时0分0秒13毫秒
19:56:42 INFO  - 开始保存聊天消息数据
19:56:42 INFO  - 聊天消息数据保存完成，共处理条 0 数据。耗时：0时0分0秒17毫秒
19:57:42 INFO  - 开始保存聊天消息数据
19:57:42 INFO  - 聊天消息数据保存完成，共处理条 0 数据。耗时：0时0分0秒27毫秒
19:58:42 INFO  - 开始保存聊天消息数据
19:58:42 INFO  - 聊天消息数据保存完成，共处理条 0 数据。耗时：0时0分0秒18毫秒
19:59:42 INFO  - 开始保存聊天消息数据
19:59:42 INFO  - 聊天消息数据保存完成，共处理条 0 数据。耗时：0时0分0秒12毫秒
20:00:42 INFO  - 开始保存聊天消息数据
20:00:42 INFO  - 聊天消息数据保存完成，共处理条 0 数据。耗时：0时0分0秒25毫秒
20:01:42 INFO  - 开始保存聊天消息数据
20:01:42 INFO  - 聊天消息数据保存完成，共处理条 0 数据。耗时：0时0分0秒14毫秒
20:02:42 INFO  - 开始保存聊天消息数据
20:02:42 INFO  - 聊天消息数据保存完成，共处理条 0 数据。耗时：0时0分0秒22毫秒
20:03:42 INFO  - 开始保存聊天消息数据
20:03:42 INFO  - 聊天消息数据保存完成，共处理条 0 数据。耗时：0时0分0秒14毫秒
20:04:42 INFO  - 开始保存聊天消息数据
20:04:42 INFO  - 聊天消息数据保存完成，共处理条 0 数据。耗时：0时0分0秒12毫秒
20:05:42 INFO  - 开始保存聊天消息数据
20:05:42 INFO  - 聊天消息数据保存完成，共处理条 0 数据。耗时：0时0分0秒13毫秒
20:06:42 INFO  - 开始保存聊天消息数据
20:06:42 INFO  - 聊天消息数据保存完成，共处理条 0 数据。耗时：0时0分0秒14毫秒
20:07:42 INFO  - 开始保存聊天消息数据
20:07:42 INFO  - 聊天消息数据保存完成，共处理条 0 数据。耗时：0时0分0秒29毫秒
20:08:42 INFO  - 开始保存聊天消息数据
20:08:42 INFO  - 聊天消息数据保存完成，共处理条 0 数据。耗时：0时0分0秒22毫秒
20:09:42 INFO  - 开始保存聊天消息数据
20:09:42 INFO  - 聊天消息数据保存完成，共处理条 0 数据。耗时：0时0分0秒29毫秒
20:10:42 INFO  - 开始保存聊天消息数据
20:10:42 INFO  - 聊天消息数据保存完成，共处理条 0 数据。耗时：0时0分0秒11毫秒
20:11:42 INFO  - 开始保存聊天消息数据
20:11:42 INFO  - 聊天消息数据保存完成，共处理条 0 数据。耗时：0时0分0秒15毫秒
20:12:42 INFO  - 开始保存聊天消息数据
20:12:42 INFO  - 聊天消息数据保存完成，共处理条 0 数据。耗时：0时0分0秒12毫秒
20:13:42 INFO  - 开始保存聊天消息数据
20:13:42 INFO  - 聊天消息数据保存完成，共处理条 0 数据。耗时：0时0分0秒17毫秒
20:14:42 INFO  - 开始保存聊天消息数据
20:14:42 INFO  - 聊天消息数据保存完成，共处理条 0 数据。耗时：0时0分0秒34毫秒
20:15:42 INFO  - 开始保存聊天消息数据
20:15:42 INFO  - 聊天消息数据保存完成，共处理条 0 数据。耗时：0时0分0秒16毫秒
20:16:42 INFO  - 开始保存聊天消息数据
20:16:42 INFO  - 聊天消息数据保存完成，共处理条 0 数据。耗时：0时0分0秒21毫秒
20:17:42 INFO  - 开始保存聊天消息数据
20:17:42 INFO  - 聊天消息数据保存完成，共处理条 0 数据。耗时：0时0分0秒13毫秒
20:18:42 INFO  - 开始保存聊天消息数据
20:18:42 INFO  - 聊天消息数据保存完成，共处理条 0 数据。耗时：0时0分0秒18毫秒
20:19:42 INFO  - 开始保存聊天消息数据
20:19:42 INFO  - 聊天消息数据保存完成，共处理条 0 数据。耗时：0时0分0秒12毫秒
20:20:42 INFO  - 开始保存聊天消息数据
20:20:42 INFO  - 聊天消息数据保存完成，共处理条 0 数据。耗时：0时0分0秒13毫秒
20:21:42 INFO  - 开始保存聊天消息数据
20:21:42 INFO  - 聊天消息数据保存完成，共处理条 0 数据。耗时：0时0分0秒23毫秒
20:22:42 INFO  - 开始保存聊天消息数据
20:22:42 INFO  - 聊天消息数据保存完成，共处理条 0 数据。耗时：0时0分0秒24毫秒
20:23:42 INFO  - 开始保存聊天消息数据
20:23:42 INFO  - 聊天消息数据保存完成，共处理条 0 数据。耗时：0时0分0秒22毫秒
20:24:42 INFO  - 开始保存聊天消息数据
20:24:42 INFO  - 聊天消息数据保存完成，共处理条 0 数据。耗时：0时0分0秒31毫秒
20:25:42 INFO  - 开始保存聊天消息数据
20:25:42 INFO  - 聊天消息数据保存完成，共处理条 0 数据。耗时：0时0分0秒11毫秒
20:26:42 INFO  - 开始保存聊天消息数据
20:26:42 INFO  - 聊天消息数据保存完成，共处理条 0 数据。耗时：0时0分0秒19毫秒
20:27:42 INFO  - 开始保存聊天消息数据
20:27:42 INFO  - 聊天消息数据保存完成，共处理条 0 数据。耗时：0时0分0秒20毫秒
20:28:42 INFO  - 开始保存聊天消息数据
20:28:42 INFO  - 聊天消息数据保存完成，共处理条 0 数据。耗时：0时0分0秒23毫秒
20:29:42 INFO  - 开始保存聊天消息数据
20:29:42 INFO  - 聊天消息数据保存完成，共处理条 0 数据。耗时：0时0分0秒12毫秒
20:30:42 INFO  - 开始保存聊天消息数据
20:30:42 INFO  - 聊天消息数据保存完成，共处理条 0 数据。耗时：0时0分0秒14毫秒
20:31:42 INFO  - 开始保存聊天消息数据
20:31:42 INFO  - 聊天消息数据保存完成，共处理条 0 数据。耗时：0时0分0秒12毫秒
20:32:42 INFO  - 开始保存聊天消息数据
20:32:42 INFO  - 聊天消息数据保存完成，共处理条 0 数据。耗时：0时0分0秒13毫秒
20:33:42 INFO  - 开始保存聊天消息数据
20:33:42 INFO  - 聊天消息数据保存完成，共处理条 0 数据。耗时：0时0分0秒15毫秒
20:34:42 INFO  - 开始保存聊天消息数据
20:34:42 INFO  - 聊天消息数据保存完成，共处理条 0 数据。耗时：0时0分0秒36毫秒
20:35:42 INFO  - 开始保存聊天消息数据
20:35:42 INFO  - 聊天消息数据保存完成，共处理条 0 数据。耗时：0时0分0秒12毫秒
20:36:42 INFO  - 开始保存聊天消息数据
20:36:42 INFO  - 聊天消息数据保存完成，共处理条 0 数据。耗时：0时0分0秒18毫秒
20:37:42 INFO  - 开始保存聊天消息数据
20:37:42 INFO  - 聊天消息数据保存完成，共处理条 0 数据。耗时：0时0分0秒12毫秒
20:38:42 INFO  - 开始保存聊天消息数据
20:38:42 INFO  - 聊天消息数据保存完成，共处理条 0 数据。耗时：0时0分0秒12毫秒
20:39:42 INFO  - 开始保存聊天消息数据
20:39:42 INFO  - 聊天消息数据保存完成，共处理条 0 数据。耗时：0时0分0秒14毫秒
20:40:42 INFO  - 开始保存聊天消息数据
20:40:42 INFO  - 聊天消息数据保存完成，共处理条 0 数据。耗时：0时0分0秒18毫秒
20:41:42 INFO  - 开始保存聊天消息数据
20:41:42 INFO  - 聊天消息数据保存完成，共处理条 0 数据。耗时：0时0分0秒12毫秒
20:42:42 INFO  - 开始保存聊天消息数据
20:42:42 INFO  - 聊天消息数据保存完成，共处理条 0 数据。耗时：0时0分0秒14毫秒
20:43:42 INFO  - 开始保存聊天消息数据
20:43:42 INFO  - 聊天消息数据保存完成，共处理条 0 数据。耗时：0时0分0秒11毫秒
20:44:42 INFO  - 开始保存聊天消息数据
20:44:42 INFO  - 聊天消息数据保存完成，共处理条 0 数据。耗时：0时0分0秒13毫秒
20:45:42 INFO  - 开始保存聊天消息数据
20:45:42 INFO  - 聊天消息数据保存完成，共处理条 0 数据。耗时：0时0分0秒14毫秒
20:46:42 INFO  - 开始保存聊天消息数据
20:46:42 INFO  - 聊天消息数据保存完成，共处理条 0 数据。耗时：0时0分0秒14毫秒
20:47:42 INFO  - 开始保存聊天消息数据
20:47:42 INFO  - 聊天消息数据保存完成，共处理条 0 数据。耗时：0时0分0秒21毫秒
20:48:42 INFO  - 开始保存聊天消息数据
20:48:42 INFO  - 聊天消息数据保存完成，共处理条 0 数据。耗时：0时0分0秒14毫秒
20:49:42 INFO  - 开始保存聊天消息数据
20:49:42 INFO  - 聊天消息数据保存完成，共处理条 0 数据。耗时：0时0分0秒14毫秒
20:50:42 INFO  - 开始保存聊天消息数据
20:50:42 INFO  - 聊天消息数据保存完成，共处理条 0 数据。耗时：0时0分0秒14毫秒
20:51:42 INFO  - 开始保存聊天消息数据
20:51:42 INFO  - 聊天消息数据保存完成，共处理条 0 数据。耗时：0时0分0秒17毫秒
20:52:42 INFO  - 开始保存聊天消息数据
20:52:42 INFO  - 聊天消息数据保存完成，共处理条 0 数据。耗时：0时0分0秒13毫秒
20:53:42 INFO  - 开始保存聊天消息数据
20:53:42 INFO  - 聊天消息数据保存完成，共处理条 0 数据。耗时：0时0分0秒18毫秒
20:54:42 INFO  - 开始保存聊天消息数据
20:54:42 INFO  - 聊天消息数据保存完成，共处理条 0 数据。耗时：0时0分0秒18毫秒
20:55:42 INFO  - 开始保存聊天消息数据
20:55:42 INFO  - 聊天消息数据保存完成，共处理条 0 数据。耗时：0时0分0秒20毫秒
20:56:42 INFO  - 开始保存聊天消息数据
20:56:42 INFO  - 聊天消息数据保存完成，共处理条 0 数据。耗时：0时0分0秒13毫秒
20:57:42 INFO  - 开始保存聊天消息数据
20:57:42 INFO  - 聊天消息数据保存完成，共处理条 0 数据。耗时：0时0分0秒11毫秒
20:58:42 INFO  - 开始保存聊天消息数据
20:58:42 INFO  - 聊天消息数据保存完成，共处理条 0 数据。耗时：0时0分0秒13毫秒
20:59:42 INFO  - 开始保存聊天消息数据
20:59:42 INFO  - 聊天消息数据保存完成，共处理条 0 数据。耗时：0时0分0秒13毫秒
21:00:42 INFO  - 开始保存聊天消息数据
21:00:42 INFO  - 聊天消息数据保存完成，共处理条 0 数据。耗时：0时0分0秒79毫秒
21:01:42 INFO  - 开始保存聊天消息数据
21:01:42 INFO  - 聊天消息数据保存完成，共处理条 0 数据。耗时：0时0分0秒17毫秒
21:02:42 INFO  - 开始保存聊天消息数据
21:02:42 INFO  - 聊天消息数据保存完成，共处理条 0 数据。耗时：0时0分0秒13毫秒
21:03:42 INFO  - 开始保存聊天消息数据
21:03:42 INFO  - 聊天消息数据保存完成，共处理条 0 数据。耗时：0时0分0秒18毫秒
21:04:42 INFO  - 开始保存聊天消息数据
21:04:42 INFO  - 聊天消息数据保存完成，共处理条 0 数据。耗时：0时0分0秒15毫秒
21:05:42 INFO  - 开始保存聊天消息数据
21:05:42 INFO  - 聊天消息数据保存完成，共处理条 0 数据。耗时：0时0分0秒12毫秒
21:06:42 INFO  - 开始保存聊天消息数据
21:06:42 INFO  - 聊天消息数据保存完成，共处理条 0 数据。耗时：0时0分0秒13毫秒
21:07:42 INFO  - 开始保存聊天消息数据
21:07:42 INFO  - 聊天消息数据保存完成，共处理条 0 数据。耗时：0时0分0秒12毫秒
21:08:42 INFO  - 开始保存聊天消息数据
21:08:42 INFO  - 聊天消息数据保存完成，共处理条 0 数据。耗时：0时0分0秒13毫秒
21:09:42 INFO  - 开始保存聊天消息数据
21:09:42 INFO  - 聊天消息数据保存完成，共处理条 0 数据。耗时：0时0分0秒14毫秒
21:10:42 INFO  - 开始保存聊天消息数据
21:10:42 INFO  - 聊天消息数据保存完成，共处理条 0 数据。耗时：0时0分0秒22毫秒
21:11:42 INFO  - 开始保存聊天消息数据
21:11:42 INFO  - 聊天消息数据保存完成，共处理条 0 数据。耗时：0时0分0秒11毫秒
21:12:42 INFO  - 开始保存聊天消息数据
21:12:42 INFO  - 聊天消息数据保存完成，共处理条 0 数据。耗时：0时0分0秒152毫秒
21:13:42 INFO  - 开始保存聊天消息数据
21:13:42 INFO  - 聊天消息数据保存完成，共处理条 0 数据。耗时：0时0分0秒14毫秒
21:14:42 INFO  - 开始保存聊天消息数据
21:14:42 INFO  - 聊天消息数据保存完成，共处理条 0 数据。耗时：0时0分0秒14毫秒
21:15:42 INFO  - 开始保存聊天消息数据
21:15:42 INFO  - 聊天消息数据保存完成，共处理条 0 数据。耗时：0时0分0秒13毫秒
21:16:42 INFO  - 开始保存聊天消息数据
21:16:42 INFO  - 聊天消息数据保存完成，共处理条 0 数据。耗时：0时0分0秒17毫秒
21:17:42 INFO  - 开始保存聊天消息数据
21:17:42 INFO  - 聊天消息数据保存完成，共处理条 0 数据。耗时：0时0分0秒12毫秒
21:18:42 INFO  - 开始保存聊天消息数据
21:18:42 INFO  - 聊天消息数据保存完成，共处理条 0 数据。耗时：0时0分0秒12毫秒
21:19:42 INFO  - 开始保存聊天消息数据
21:19:42 INFO  - 聊天消息数据保存完成，共处理条 0 数据。耗时：0时0分0秒13毫秒
21:20:42 INFO  - 开始保存聊天消息数据
21:20:42 INFO  - 聊天消息数据保存完成，共处理条 0 数据。耗时：0时0分0秒12毫秒
21:21:42 INFO  - 开始保存聊天消息数据
21:21:42 INFO  - 聊天消息数据保存完成，共处理条 0 数据。耗时：0时0分0秒53毫秒
21:22:42 INFO  - 开始保存聊天消息数据
21:22:42 INFO  - 聊天消息数据保存完成，共处理条 0 数据。耗时：0时0分0秒13毫秒
21:23:42 INFO  - 开始保存聊天消息数据
21:23:42 INFO  - 聊天消息数据保存完成，共处理条 0 数据。耗时：0时0分0秒15毫秒
21:24:42 INFO  - 开始保存聊天消息数据
21:24:42 INFO  - 聊天消息数据保存完成，共处理条 0 数据。耗时：0时0分0秒12毫秒
21:25:42 INFO  - 开始保存聊天消息数据
21:25:42 INFO  - 聊天消息数据保存完成，共处理条 0 数据。耗时：0时0分0秒12毫秒
21:26:42 INFO  - 开始保存聊天消息数据
21:26:42 INFO  - 聊天消息数据保存完成，共处理条 0 数据。耗时：0时0分0秒13毫秒
21:27:42 INFO  - 开始保存聊天消息数据
21:27:42 INFO  - 聊天消息数据保存完成，共处理条 0 数据。耗时：0时0分0秒13毫秒
21:28:42 INFO  - 开始保存聊天消息数据
21:28:42 INFO  - 聊天消息数据保存完成，共处理条 0 数据。耗时：0时0分0秒14毫秒
21:29:42 INFO  - 开始保存聊天消息数据
21:29:42 INFO  - 聊天消息数据保存完成，共处理条 0 数据。耗时：0时0分0秒13毫秒
21:30:42 INFO  - 开始保存聊天消息数据
21:30:42 INFO  - 聊天消息数据保存完成，共处理条 0 数据。耗时：0时0分0秒16毫秒
21:31:42 INFO  - 开始保存聊天消息数据
21:31:42 INFO  - 聊天消息数据保存完成，共处理条 0 数据。耗时：0时0分0秒12毫秒
21:32:42 INFO  - 开始保存聊天消息数据
21:32:42 INFO  - 聊天消息数据保存完成，共处理条 0 数据。耗时：0时0分0秒12毫秒
21:33:42 INFO  - 开始保存聊天消息数据
21:33:42 INFO  - 聊天消息数据保存完成，共处理条 0 数据。耗时：0时0分0秒12毫秒
21:34:42 INFO  - 开始保存聊天消息数据
21:34:42 INFO  - 聊天消息数据保存完成，共处理条 0 数据。耗时：0时0分0秒12毫秒
21:35:42 INFO  - 开始保存聊天消息数据
21:35:42 INFO  - 聊天消息数据保存完成，共处理条 0 数据。耗时：0时0分0秒12毫秒
21:36:42 INFO  - 开始保存聊天消息数据
21:36:42 INFO  - 聊天消息数据保存完成，共处理条 0 数据。耗时：0时0分0秒12毫秒
21:37:42 INFO  - 开始保存聊天消息数据
21:37:42 INFO  - 聊天消息数据保存完成，共处理条 0 数据。耗时：0时0分0秒12毫秒
21:38:42 INFO  - 开始保存聊天消息数据
21:38:42 INFO  - 聊天消息数据保存完成，共处理条 0 数据。耗时：0时0分0秒13毫秒
21:39:42 INFO  - 开始保存聊天消息数据
21:39:42 INFO  - 聊天消息数据保存完成，共处理条 0 数据。耗时：0时0分0秒12毫秒
21:40:42 INFO  - 开始保存聊天消息数据
21:40:42 INFO  - 聊天消息数据保存完成，共处理条 0 数据。耗时：0时0分0秒13毫秒
21:41:42 INFO  - 开始保存聊天消息数据
21:41:42 INFO  - 聊天消息数据保存完成，共处理条 0 数据。耗时：0时0分0秒18毫秒
21:42:42 INFO  - 开始保存聊天消息数据
21:42:42 INFO  - 聊天消息数据保存完成，共处理条 0 数据。耗时：0时0分0秒12毫秒
21:43:42 INFO  - 开始保存聊天消息数据
21:43:42 INFO  - 聊天消息数据保存完成，共处理条 0 数据。耗时：0时0分0秒34毫秒
21:44:42 INFO  - 开始保存聊天消息数据
21:44:42 INFO  - 聊天消息数据保存完成，共处理条 0 数据。耗时：0时0分0秒13毫秒
21:45:42 INFO  - 开始保存聊天消息数据
21:45:42 INFO  - 聊天消息数据保存完成，共处理条 0 数据。耗时：0时0分0秒13毫秒
21:46:42 INFO  - 开始保存聊天消息数据
21:46:42 INFO  - 聊天消息数据保存完成，共处理条 0 数据。耗时：0时0分0秒15毫秒
21:47:42 INFO  - 开始保存聊天消息数据
21:47:42 INFO  - 聊天消息数据保存完成，共处理条 0 数据。耗时：0时0分0秒12毫秒
21:48:42 INFO  - 开始保存聊天消息数据
21:48:42 INFO  - 聊天消息数据保存完成，共处理条 0 数据。耗时：0时0分0秒13毫秒
21:49:42 INFO  - 开始保存聊天消息数据
21:49:42 INFO  - 聊天消息数据保存完成，共处理条 0 数据。耗时：0时0分0秒11毫秒
21:50:42 INFO  - 开始保存聊天消息数据
21:50:42 INFO  - 聊天消息数据保存完成，共处理条 0 数据。耗时：0时0分0秒12毫秒
21:51:42 INFO  - 开始保存聊天消息数据
21:51:42 INFO  - 聊天消息数据保存完成，共处理条 0 数据。耗时：0时0分0秒11毫秒
21:52:42 INFO  - 开始保存聊天消息数据
21:52:42 INFO  - 聊天消息数据保存完成，共处理条 0 数据。耗时：0时0分0秒13毫秒
21:53:42 INFO  - 开始保存聊天消息数据
21:53:42 INFO  - 聊天消息数据保存完成，共处理条 0 数据。耗时：0时0分0秒12毫秒
21:54:42 INFO  - 开始保存聊天消息数据
21:54:42 INFO  - 聊天消息数据保存完成，共处理条 0 数据。耗时：0时0分0秒13毫秒
21:55:42 INFO  - 开始保存聊天消息数据
21:55:42 INFO  - 聊天消息数据保存完成，共处理条 0 数据。耗时：0时0分0秒13毫秒
21:56:42 INFO  - 开始保存聊天消息数据
21:56:42 INFO  - 聊天消息数据保存完成，共处理条 0 数据。耗时：0时0分0秒18毫秒
21:57:42 INFO  - 开始保存聊天消息数据
21:57:42 INFO  - 聊天消息数据保存完成，共处理条 0 数据。耗时：0时0分0秒12毫秒
21:58:42 INFO  - 开始保存聊天消息数据
21:58:42 INFO  - 聊天消息数据保存完成，共处理条 0 数据。耗时：0时0分0秒12毫秒
21:59:42 INFO  - 开始保存聊天消息数据
21:59:42 INFO  - 聊天消息数据保存完成，共处理条 0 数据。耗时：0时0分0秒12毫秒
22:00:42 INFO  - 开始保存聊天消息数据
22:00:42 INFO  - 聊天消息数据保存完成，共处理条 0 数据。耗时：0时0分0秒13毫秒
22:01:42 INFO  - 开始保存聊天消息数据
22:01:42 INFO  - 聊天消息数据保存完成，共处理条 0 数据。耗时：0时0分0秒12毫秒
22:02:42 INFO  - 开始保存聊天消息数据
22:02:42 INFO  - 聊天消息数据保存完成，共处理条 0 数据。耗时：0时0分0秒13毫秒
22:03:42 INFO  - 开始保存聊天消息数据
22:03:42 INFO  - 聊天消息数据保存完成，共处理条 0 数据。耗时：0时0分0秒19毫秒
22:04:42 INFO  - 开始保存聊天消息数据
22:04:42 INFO  - 聊天消息数据保存完成，共处理条 0 数据。耗时：0时0分0秒14毫秒
22:05:42 INFO  - 开始保存聊天消息数据
22:05:42 INFO  - 聊天消息数据保存完成，共处理条 0 数据。耗时：0时0分0秒11毫秒
22:06:42 INFO  - 开始保存聊天消息数据
22:06:42 INFO  - 聊天消息数据保存完成，共处理条 0 数据。耗时：0时0分0秒17毫秒
22:07:42 INFO  - 开始保存聊天消息数据
22:07:42 INFO  - 聊天消息数据保存完成，共处理条 0 数据。耗时：0时0分0秒14毫秒
22:08:42 INFO  - 开始保存聊天消息数据
22:08:42 INFO  - 聊天消息数据保存完成，共处理条 0 数据。耗时：0时0分0秒12毫秒
22:09:42 INFO  - 开始保存聊天消息数据
22:09:42 INFO  - 聊天消息数据保存完成，共处理条 0 数据。耗时：0时0分0秒13毫秒
22:10:42 INFO  - 开始保存聊天消息数据
22:10:42 INFO  - 聊天消息数据保存完成，共处理条 0 数据。耗时：0时0分0秒12毫秒
22:11:42 INFO  - 开始保存聊天消息数据
22:11:42 INFO  - 聊天消息数据保存完成，共处理条 0 数据。耗时：0时0分0秒13毫秒
22:12:42 INFO  - 开始保存聊天消息数据
22:12:42 INFO  - 聊天消息数据保存完成，共处理条 0 数据。耗时：0时0分0秒17毫秒
22:13:42 INFO  - 开始保存聊天消息数据
22:13:42 INFO  - 聊天消息数据保存完成，共处理条 0 数据。耗时：0时0分0秒13毫秒
22:14:42 INFO  - 开始保存聊天消息数据
22:14:42 INFO  - 聊天消息数据保存完成，共处理条 0 数据。耗时：0时0分0秒13毫秒
22:15:42 INFO  - 开始保存聊天消息数据
22:15:42 INFO  - 聊天消息数据保存完成，共处理条 0 数据。耗时：0时0分0秒17毫秒
22:16:42 INFO  - 开始保存聊天消息数据
22:16:42 INFO  - 聊天消息数据保存完成，共处理条 0 数据。耗时：0时0分0秒12毫秒
22:17:42 INFO  - 开始保存聊天消息数据
22:17:42 INFO  - 聊天消息数据保存完成，共处理条 0 数据。耗时：0时0分0秒14毫秒
22:18:42 INFO  - 开始保存聊天消息数据
22:18:42 INFO  - 聊天消息数据保存完成，共处理条 0 数据。耗时：0时0分0秒24毫秒
22:19:42 INFO  - 开始保存聊天消息数据
22:19:42 INFO  - 聊天消息数据保存完成，共处理条 0 数据。耗时：0时0分0秒13毫秒
22:20:42 INFO  - 开始保存聊天消息数据
22:20:42 INFO  - 聊天消息数据保存完成，共处理条 0 数据。耗时：0时0分0秒15毫秒
22:21:42 INFO  - 开始保存聊天消息数据
22:21:42 INFO  - 聊天消息数据保存完成，共处理条 0 数据。耗时：0时0分0秒12毫秒
22:22:42 INFO  - 开始保存聊天消息数据
22:22:42 INFO  - 聊天消息数据保存完成，共处理条 0 数据。耗时：0时0分0秒13毫秒
22:23:42 INFO  - 开始保存聊天消息数据
22:23:42 INFO  - 聊天消息数据保存完成，共处理条 0 数据。耗时：0时0分0秒15毫秒
22:24:42 INFO  - 开始保存聊天消息数据
22:24:42 INFO  - 聊天消息数据保存完成，共处理条 0 数据。耗时：0时0分0秒13毫秒
22:25:42 INFO  - 开始保存聊天消息数据
22:25:42 INFO  - 聊天消息数据保存完成，共处理条 0 数据。耗时：0时0分0秒12毫秒
22:26:42 INFO  - 开始保存聊天消息数据
22:26:42 INFO  - 聊天消息数据保存完成，共处理条 0 数据。耗时：0时0分0秒9毫秒
22:27:42 INFO  - 开始保存聊天消息数据
22:27:42 INFO  - 聊天消息数据保存完成，共处理条 0 数据。耗时：0时0分0秒12毫秒
22:28:42 INFO  - 开始保存聊天消息数据
22:28:42 INFO  - 聊天消息数据保存完成，共处理条 0 数据。耗时：0时0分0秒11毫秒
22:29:42 INFO  - 开始保存聊天消息数据
22:29:42 INFO  - 聊天消息数据保存完成，共处理条 0 数据。耗时：0时0分0秒12毫秒
22:30:42 INFO  - 开始保存聊天消息数据
22:30:42 INFO  - 聊天消息数据保存完成，共处理条 0 数据。耗时：0时0分0秒12毫秒
22:31:42 INFO  - 开始保存聊天消息数据
22:31:42 INFO  - 聊天消息数据保存完成，共处理条 0 数据。耗时：0时0分0秒12毫秒
22:32:42 INFO  - 开始保存聊天消息数据
22:32:42 INFO  - 聊天消息数据保存完成，共处理条 0 数据。耗时：0时0分0秒13毫秒
22:33:42 INFO  - 开始保存聊天消息数据
22:33:42 INFO  - 聊天消息数据保存完成，共处理条 0 数据。耗时：0时0分0秒14毫秒
22:34:42 INFO  - 开始保存聊天消息数据
22:34:42 INFO  - 聊天消息数据保存完成，共处理条 0 数据。耗时：0时0分0秒12毫秒
22:35:42 INFO  - 开始保存聊天消息数据
22:35:42 INFO  - 聊天消息数据保存完成，共处理条 0 数据。耗时：0时0分0秒12毫秒
22:36:42 INFO  - 开始保存聊天消息数据
22:36:42 INFO  - 聊天消息数据保存完成，共处理条 0 数据。耗时：0时0分0秒8毫秒
22:37:42 INFO  - 开始保存聊天消息数据
22:37:42 INFO  - 聊天消息数据保存完成，共处理条 0 数据。耗时：0时0分0秒63毫秒
22:38:42 INFO  - 开始保存聊天消息数据
22:38:42 INFO  - 聊天消息数据保存完成，共处理条 0 数据。耗时：0时0分0秒13毫秒
22:39:42 INFO  - 开始保存聊天消息数据
22:39:42 INFO  - 聊天消息数据保存完成，共处理条 0 数据。耗时：0时0分0秒14毫秒
22:40:42 INFO  - 开始保存聊天消息数据
22:40:42 INFO  - 聊天消息数据保存完成，共处理条 0 数据。耗时：0时0分0秒12毫秒
22:41:42 INFO  - 开始保存聊天消息数据
22:41:42 INFO  - 聊天消息数据保存完成，共处理条 0 数据。耗时：0时0分0秒13毫秒
22:42:42 INFO  - 开始保存聊天消息数据
22:42:42 INFO  - 聊天消息数据保存完成，共处理条 0 数据。耗时：0时0分0秒20毫秒
22:43:42 INFO  - 开始保存聊天消息数据
22:43:42 INFO  - 聊天消息数据保存完成，共处理条 0 数据。耗时：0时0分0秒11毫秒
22:44:42 INFO  - 开始保存聊天消息数据
22:44:42 INFO  - 聊天消息数据保存完成，共处理条 0 数据。耗时：0时0分0秒12毫秒
22:45:42 INFO  - 开始保存聊天消息数据
22:45:42 INFO  - 聊天消息数据保存完成，共处理条 0 数据。耗时：0时0分0秒12毫秒
22:46:42 INFO  - 开始保存聊天消息数据
22:46:42 INFO  - 聊天消息数据保存完成，共处理条 0 数据。耗时：0时0分0秒11毫秒
22:47:42 INFO  - 开始保存聊天消息数据
22:47:42 INFO  - 聊天消息数据保存完成，共处理条 0 数据。耗时：0时0分0秒21毫秒
22:48:42 INFO  - 开始保存聊天消息数据
22:48:42 INFO  - 聊天消息数据保存完成，共处理条 0 数据。耗时：0时0分0秒13毫秒
22:49:42 INFO  - 开始保存聊天消息数据
22:49:42 INFO  - 聊天消息数据保存完成，共处理条 0 数据。耗时：0时0分0秒8毫秒
22:50:42 INFO  - 开始保存聊天消息数据
22:50:42 INFO  - 聊天消息数据保存完成，共处理条 0 数据。耗时：0时0分0秒12毫秒
22:51:42 INFO  - 开始保存聊天消息数据
22:51:42 INFO  - 聊天消息数据保存完成，共处理条 0 数据。耗时：0时0分0秒12毫秒
22:52:42 INFO  - 开始保存聊天消息数据
22:52:42 INFO  - 聊天消息数据保存完成，共处理条 0 数据。耗时：0时0分0秒13毫秒
22:53:42 INFO  - 开始保存聊天消息数据
22:53:42 INFO  - 聊天消息数据保存完成，共处理条 0 数据。耗时：0时0分0秒12毫秒
22:54:42 INFO  - 开始保存聊天消息数据
22:54:42 INFO  - 聊天消息数据保存完成，共处理条 0 数据。耗时：0时0分0秒45毫秒
22:55:42 INFO  - 开始保存聊天消息数据
22:55:42 INFO  - 聊天消息数据保存完成，共处理条 0 数据。耗时：0时0分0秒12毫秒
22:56:42 INFO  - 开始保存聊天消息数据
22:56:42 INFO  - 聊天消息数据保存完成，共处理条 0 数据。耗时：0时0分0秒14毫秒
22:57:42 INFO  - 开始保存聊天消息数据
22:57:42 INFO  - 聊天消息数据保存完成，共处理条 0 数据。耗时：0时0分0秒12毫秒
22:58:42 INFO  - 开始保存聊天消息数据
22:58:42 INFO  - 聊天消息数据保存完成，共处理条 0 数据。耗时：0时0分0秒13毫秒
22:59:42 INFO  - 开始保存聊天消息数据
22:59:42 INFO  - 聊天消息数据保存完成，共处理条 0 数据。耗时：0时0分0秒12毫秒
23:00:42 INFO  - 开始保存聊天消息数据
23:00:42 INFO  - 聊天消息数据保存完成，共处理条 0 数据。耗时：0时0分0秒12毫秒
23:01:42 INFO  - 开始保存聊天消息数据
23:01:42 INFO  - 聊天消息数据保存完成，共处理条 0 数据。耗时：0时0分0秒16毫秒
23:02:42 INFO  - 开始保存聊天消息数据
23:02:42 INFO  - 聊天消息数据保存完成，共处理条 0 数据。耗时：0时0分0秒11毫秒
23:03:42 INFO  - 开始保存聊天消息数据
23:03:42 INFO  - 聊天消息数据保存完成，共处理条 0 数据。耗时：0时0分0秒12毫秒
23:04:42 INFO  - 开始保存聊天消息数据
23:04:42 INFO  - 聊天消息数据保存完成，共处理条 0 数据。耗时：0时0分0秒18毫秒
23:05:42 INFO  - 开始保存聊天消息数据
23:05:42 INFO  - 聊天消息数据保存完成，共处理条 0 数据。耗时：0时0分0秒12毫秒
23:06:42 INFO  - 开始保存聊天消息数据
23:06:42 INFO  - 聊天消息数据保存完成，共处理条 0 数据。耗时：0时0分0秒13毫秒
23:07:42 INFO  - 开始保存聊天消息数据
23:07:42 INFO  - 聊天消息数据保存完成，共处理条 0 数据。耗时：0时0分0秒16毫秒
23:08:42 INFO  - 开始保存聊天消息数据
23:08:42 INFO  - 聊天消息数据保存完成，共处理条 0 数据。耗时：0时0分0秒12毫秒
23:09:42 INFO  - 开始保存聊天消息数据
23:09:42 INFO  - 聊天消息数据保存完成，共处理条 0 数据。耗时：0时0分0秒11毫秒
23:10:42 INFO  - 开始保存聊天消息数据
23:10:42 INFO  - 聊天消息数据保存完成，共处理条 0 数据。耗时：0时0分0秒21毫秒
23:11:42 INFO  - 开始保存聊天消息数据
23:11:42 INFO  - 聊天消息数据保存完成，共处理条 0 数据。耗时：0时0分0秒11毫秒
23:12:42 INFO  - 开始保存聊天消息数据
23:12:42 INFO  - 聊天消息数据保存完成，共处理条 0 数据。耗时：0时0分0秒17毫秒
23:13:42 INFO  - 开始保存聊天消息数据
23:13:42 INFO  - 聊天消息数据保存完成，共处理条 0 数据。耗时：0时0分0秒12毫秒
23:14:42 INFO  - 开始保存聊天消息数据
23:14:42 INFO  - 聊天消息数据保存完成，共处理条 0 数据。耗时：0时0分0秒12毫秒
23:15:42 INFO  - 开始保存聊天消息数据
23:15:42 INFO  - 聊天消息数据保存完成，共处理条 0 数据。耗时：0时0分0秒11毫秒
23:16:42 INFO  - 开始保存聊天消息数据
23:16:42 INFO  - 聊天消息数据保存完成，共处理条 0 数据。耗时：0时0分0秒13毫秒
23:17:42 INFO  - 开始保存聊天消息数据
23:17:42 INFO  - 聊天消息数据保存完成，共处理条 0 数据。耗时：0时0分0秒12毫秒
23:18:42 INFO  - 开始保存聊天消息数据
23:18:42 INFO  - 聊天消息数据保存完成，共处理条 0 数据。耗时：0时0分0秒34毫秒
23:19:42 INFO  - 开始保存聊天消息数据
23:19:42 INFO  - 聊天消息数据保存完成，共处理条 0 数据。耗时：0时0分0秒12毫秒
23:20:42 INFO  - 开始保存聊天消息数据
23:20:42 INFO  - 聊天消息数据保存完成，共处理条 0 数据。耗时：0时0分0秒17毫秒
23:21:42 INFO  - 开始保存聊天消息数据
23:21:42 INFO  - 聊天消息数据保存完成，共处理条 0 数据。耗时：0时0分0秒11毫秒
23:22:42 INFO  - 开始保存聊天消息数据
23:22:42 INFO  - 聊天消息数据保存完成，共处理条 0 数据。耗时：0时0分0秒12毫秒
23:23:42 INFO  - 开始保存聊天消息数据
23:23:42 INFO  - 聊天消息数据保存完成，共处理条 0 数据。耗时：0时0分0秒14毫秒
23:24:42 INFO  - 开始保存聊天消息数据
23:24:42 INFO  - 聊天消息数据保存完成，共处理条 0 数据。耗时：0时0分0秒12毫秒
23:25:42 INFO  - 开始保存聊天消息数据
23:25:42 INFO  - 聊天消息数据保存完成，共处理条 0 数据。耗时：0时0分0秒12毫秒
23:26:42 INFO  - 开始保存聊天消息数据
23:26:42 INFO  - 聊天消息数据保存完成，共处理条 0 数据。耗时：0时0分0秒14毫秒
23:27:42 INFO  - 开始保存聊天消息数据
23:27:42 INFO  - 聊天消息数据保存完成，共处理条 0 数据。耗时：0时0分0秒14毫秒
23:28:42 INFO  - 开始保存聊天消息数据
23:28:42 INFO  - 聊天消息数据保存完成，共处理条 0 数据。耗时：0时0分0秒15毫秒
23:29:42 INFO  - 开始保存聊天消息数据
23:29:42 INFO  - 聊天消息数据保存完成，共处理条 0 数据。耗时：0时0分0秒11毫秒
23:30:42 INFO  - 开始保存聊天消息数据
23:30:42 INFO  - 聊天消息数据保存完成，共处理条 0 数据。耗时：0时0分0秒14毫秒
23:31:42 INFO  - 开始保存聊天消息数据
23:31:42 INFO  - 聊天消息数据保存完成，共处理条 0 数据。耗时：0时0分0秒13毫秒
23:32:42 INFO  - 开始保存聊天消息数据
23:32:42 INFO  - 聊天消息数据保存完成，共处理条 0 数据。耗时：0时0分0秒12毫秒
23:33:42 INFO  - 开始保存聊天消息数据
23:33:42 INFO  - 聊天消息数据保存完成，共处理条 0 数据。耗时：0时0分0秒12毫秒
23:34:42 INFO  - 开始保存聊天消息数据
23:34:42 INFO  - 聊天消息数据保存完成，共处理条 0 数据。耗时：0时0分0秒12毫秒
23:35:42 INFO  - 开始保存聊天消息数据
23:35:42 INFO  - 聊天消息数据保存完成，共处理条 0 数据。耗时：0时0分0秒12毫秒
23:36:42 INFO  - 开始保存聊天消息数据
23:36:42 INFO  - 聊天消息数据保存完成，共处理条 0 数据。耗时：0时0分0秒20毫秒
23:37:42 INFO  - 开始保存聊天消息数据
23:37:42 INFO  - 聊天消息数据保存完成，共处理条 0 数据。耗时：0时0分0秒8毫秒
23:38:42 INFO  - 开始保存聊天消息数据
23:38:42 INFO  - 聊天消息数据保存完成，共处理条 0 数据。耗时：0时0分0秒14毫秒
23:39:42 INFO  - 开始保存聊天消息数据
23:39:42 INFO  - 聊天消息数据保存完成，共处理条 0 数据。耗时：0时0分0秒11毫秒
23:40:42 INFO  - 开始保存聊天消息数据
23:40:42 INFO  - 聊天消息数据保存完成，共处理条 0 数据。耗时：0时0分0秒13毫秒
23:41:42 INFO  - 开始保存聊天消息数据
23:41:42 INFO  - 聊天消息数据保存完成，共处理条 0 数据。耗时：0时0分0秒12毫秒
23:42:42 INFO  - 开始保存聊天消息数据
23:42:42 INFO  - 聊天消息数据保存完成，共处理条 0 数据。耗时：0时0分0秒14毫秒
23:43:42 INFO  - 开始保存聊天消息数据
23:43:42 INFO  - 聊天消息数据保存完成，共处理条 0 数据。耗时：0时0分0秒12毫秒
23:44:42 INFO  - 开始保存聊天消息数据
23:44:42 INFO  - 聊天消息数据保存完成，共处理条 0 数据。耗时：0时0分0秒11毫秒
23:45:42 INFO  - 开始保存聊天消息数据
23:45:42 INFO  - 聊天消息数据保存完成，共处理条 0 数据。耗时：0时0分0秒14毫秒
23:46:42 INFO  - 开始保存聊天消息数据
23:46:42 INFO  - 聊天消息数据保存完成，共处理条 0 数据。耗时：0时0分0秒12毫秒
23:47:42 INFO  - 开始保存聊天消息数据
23:47:42 INFO  - 聊天消息数据保存完成，共处理条 0 数据。耗时：0时0分0秒12毫秒
23:48:42 INFO  - 开始保存聊天消息数据
23:48:42 INFO  - 聊天消息数据保存完成，共处理条 0 数据。耗时：0时0分0秒11毫秒
23:49:42 INFO  - 开始保存聊天消息数据
23:49:42 INFO  - 聊天消息数据保存完成，共处理条 0 数据。耗时：0时0分0秒11毫秒
23:50:42 INFO  - 开始保存聊天消息数据
23:50:42 INFO  - 聊天消息数据保存完成，共处理条 0 数据。耗时：0时0分0秒13毫秒
23:51:42 INFO  - 开始保存聊天消息数据
23:51:42 INFO  - 聊天消息数据保存完成，共处理条 0 数据。耗时：0时0分0秒12毫秒
23:52:42 INFO  - 开始保存聊天消息数据
23:52:42 INFO  - 聊天消息数据保存完成，共处理条 0 数据。耗时：0时0分0秒12毫秒
23:53:42 INFO  - 开始保存聊天消息数据
23:53:42 INFO  - 聊天消息数据保存完成，共处理条 0 数据。耗时：0时0分0秒12毫秒
23:54:42 INFO  - 开始保存聊天消息数据
23:54:42 INFO  - 聊天消息数据保存完成，共处理条 0 数据。耗时：0时0分0秒11毫秒
23:55:42 INFO  - 开始保存聊天消息数据
23:55:42 INFO  - 聊天消息数据保存完成，共处理条 0 数据。耗时：0时0分0秒12毫秒
23:56:42 INFO  - 开始保存聊天消息数据
23:56:42 INFO  - 聊天消息数据保存完成，共处理条 0 数据。耗时：0时0分0秒13毫秒
23:57:42 INFO  - 开始保存聊天消息数据
23:57:42 INFO  - 聊天消息数据保存完成，共处理条 0 数据。耗时：0时0分0秒13毫秒
23:58:42 INFO  - 开始保存聊天消息数据
23:58:42 INFO  - 聊天消息数据保存完成，共处理条 0 数据。耗时：0时0分0秒16毫秒
23:59:42 INFO  - 开始保存聊天消息数据
23:59:42 INFO  - 聊天消息数据保存完成，共处理条 0 数据。耗时：0时0分0秒12毫秒
