10:32:27 INFO  - 开始保存聊天消息数据
10:32:27 INFO  - Executed action GD.API.Controllers.Meal.MealAdminController.RechargeAccountRechargeOrDeduction (API) in 61023772ms
10:33:27 INFO  - 开始保存聊天消息数据
10:34:27 INFO  - 开始保存聊天消息数据
10:35:27 INFO  - 开始保存聊天消息数据
10:36:27 INFO  - 开始保存聊天消息数据
10:37:27 INFO  - 开始保存聊天消息数据
10:38:27 INFO  - 开始保存聊天消息数据
10:39:27 INFO  - 开始保存聊天消息数据
10:40:27 INFO  - 开始保存聊天消息数据
10:41:27 INFO  - 开始保存聊天消息数据
10:42:27 INFO  - 开始保存聊天消息数据
10:43:27 INFO  - 开始保存聊天消息数据
10:44:27 INFO  - 开始保存聊天消息数据
10:45:27 INFO  - 开始保存聊天消息数据
10:46:27 INFO  - 开始保存聊天消息数据
10:47:27 INFO  - 开始保存聊天消息数据
10:48:27 INFO  - 开始保存聊天消息数据
10:49:27 INFO  - 开始保存聊天消息数据
10:50:27 INFO  - 开始保存聊天消息数据
10:51:27 INFO  - 开始保存聊天消息数据
10:52:27 INFO  - 开始保存聊天消息数据
10:53:27 INFO  - 开始保存聊天消息数据
10:54:27 INFO  - 开始保存聊天消息数据
10:55:27 INFO  - 开始保存聊天消息数据
10:56:27 INFO  - 开始保存聊天消息数据
10:57:27 INFO  - 开始保存聊天消息数据
10:58:27 INFO  - 开始保存聊天消息数据
10:59:27 INFO  - 开始保存聊天消息数据
11:00:27 INFO  - 开始保存聊天消息数据
11:01:27 INFO  - 开始保存聊天消息数据
11:02:27 INFO  - 开始保存聊天消息数据
11:03:27 INFO  - 开始保存聊天消息数据
11:04:27 INFO  - 开始保存聊天消息数据
11:05:27 INFO  - 开始保存聊天消息数据
11:06:27 INFO  - 开始保存聊天消息数据
11:07:27 INFO  - 开始保存聊天消息数据
11:08:27 INFO  - 开始保存聊天消息数据
11:09:27 INFO  - 开始保存聊天消息数据
11:10:27 INFO  - 开始保存聊天消息数据
11:11:27 INFO  - 开始保存聊天消息数据
11:12:27 INFO  - 开始保存聊天消息数据
11:13:27 INFO  - 开始保存聊天消息数据
11:14:27 INFO  - 开始保存聊天消息数据
11:15:27 INFO  - 开始保存聊天消息数据
11:16:27 INFO  - 开始保存聊天消息数据
11:17:27 INFO  - 开始保存聊天消息数据
11:18:27 INFO  - 开始保存聊天消息数据
11:19:27 INFO  - 开始保存聊天消息数据
11:20:27 INFO  - 开始保存聊天消息数据
11:21:27 INFO  - 开始保存聊天消息数据
11:22:27 INFO  - 开始保存聊天消息数据
11:23:27 INFO  - 开始保存聊天消息数据
11:24:27 INFO  - 开始保存聊天消息数据
11:25:27 INFO  - 开始保存聊天消息数据
11:26:27 INFO  - 开始保存聊天消息数据
11:27:27 INFO  - 开始保存聊天消息数据
11:28:27 INFO  - 开始保存聊天消息数据
11:29:27 INFO  - 开始保存聊天消息数据
11:30:27 INFO  - 开始保存聊天消息数据
11:31:27 INFO  - 开始保存聊天消息数据
11:32:27 INFO  - 开始保存聊天消息数据
11:33:27 INFO  - 开始保存聊天消息数据
11:34:27 INFO  - 开始保存聊天消息数据
11:35:27 INFO  - 开始保存聊天消息数据
11:36:27 INFO  - 开始保存聊天消息数据
11:37:27 INFO  - 开始保存聊天消息数据
11:38:27 INFO  - 开始保存聊天消息数据
11:39:27 INFO  - 开始保存聊天消息数据
11:40:27 INFO  - 开始保存聊天消息数据
11:41:27 INFO  - 开始保存聊天消息数据
11:42:27 INFO  - 开始保存聊天消息数据
11:43:27 INFO  - 开始保存聊天消息数据
11:44:27 INFO  - 开始保存聊天消息数据
11:45:27 INFO  - 开始保存聊天消息数据
11:46:27 INFO  - 开始保存聊天消息数据
11:47:27 INFO  - 开始保存聊天消息数据
11:48:27 INFO  - 开始保存聊天消息数据
11:49:27 INFO  - 开始保存聊天消息数据
11:50:27 INFO  - 开始保存聊天消息数据
11:51:27 INFO  - 开始保存聊天消息数据
11:52:27 INFO  - 开始保存聊天消息数据
11:53:27 INFO  - 开始保存聊天消息数据
11:54:27 INFO  - 开始保存聊天消息数据
11:55:27 INFO  - 开始保存聊天消息数据
11:56:27 INFO  - 开始保存聊天消息数据
11:57:27 INFO  - 开始保存聊天消息数据
11:58:27 INFO  - 开始保存聊天消息数据
11:59:27 INFO  - 开始保存聊天消息数据
12:00:27 INFO  - 开始保存聊天消息数据
12:01:27 INFO  - 开始保存聊天消息数据
12:02:27 INFO  - 开始保存聊天消息数据
12:03:27 INFO  - 开始保存聊天消息数据
12:04:27 INFO  - 开始保存聊天消息数据
12:05:27 INFO  - 开始保存聊天消息数据
12:06:27 INFO  - 开始保存聊天消息数据
12:07:27 INFO  - 开始保存聊天消息数据
12:08:27 INFO  - 开始保存聊天消息数据
12:09:27 INFO  - 开始保存聊天消息数据
12:10:27 INFO  - 开始保存聊天消息数据
12:11:27 INFO  - 开始保存聊天消息数据
12:12:27 INFO  - 开始保存聊天消息数据
12:13:27 INFO  - 开始保存聊天消息数据
12:14:27 INFO  - 开始保存聊天消息数据
12:15:27 INFO  - 开始保存聊天消息数据
12:16:27 INFO  - 开始保存聊天消息数据
12:17:27 INFO  - 开始保存聊天消息数据
12:18:27 INFO  - 开始保存聊天消息数据
12:19:27 INFO  - 开始保存聊天消息数据
12:20:27 INFO  - 开始保存聊天消息数据
12:21:27 INFO  - 开始保存聊天消息数据
12:22:27 INFO  - 开始保存聊天消息数据
12:23:27 INFO  - 开始保存聊天消息数据
12:24:27 INFO  - 开始保存聊天消息数据
12:25:27 INFO  - 开始保存聊天消息数据
12:26:27 INFO  - 开始保存聊天消息数据
12:27:27 INFO  - 开始保存聊天消息数据
12:28:27 INFO  - 开始保存聊天消息数据
12:29:27 INFO  - 开始保存聊天消息数据
12:30:27 INFO  - 开始保存聊天消息数据
12:31:27 INFO  - 开始保存聊天消息数据
12:32:27 INFO  - 开始保存聊天消息数据
12:33:27 INFO  - 开始保存聊天消息数据
12:34:27 INFO  - 开始保存聊天消息数据
12:35:27 INFO  - 开始保存聊天消息数据
12:36:27 INFO  - 开始保存聊天消息数据
12:37:27 INFO  - 开始保存聊天消息数据
12:38:27 INFO  - 开始保存聊天消息数据
12:39:27 INFO  - 开始保存聊天消息数据
12:40:27 INFO  - 开始保存聊天消息数据
12:41:27 INFO  - 开始保存聊天消息数据
12:42:27 INFO  - 开始保存聊天消息数据
12:43:27 INFO  - 开始保存聊天消息数据
12:44:27 INFO  - 开始保存聊天消息数据
12:45:27 INFO  - 开始保存聊天消息数据
12:46:27 INFO  - 开始保存聊天消息数据
12:47:27 INFO  - 开始保存聊天消息数据
12:48:27 INFO  - 开始保存聊天消息数据
12:49:27 INFO  - 开始保存聊天消息数据
12:50:27 INFO  - 开始保存聊天消息数据
12:51:27 INFO  - 开始保存聊天消息数据
12:52:27 INFO  - 开始保存聊天消息数据
12:53:27 INFO  - 开始保存聊天消息数据
12:54:27 INFO  - 开始保存聊天消息数据
12:55:27 INFO  - 开始保存聊天消息数据
12:56:27 INFO  - 开始保存聊天消息数据
12:57:27 INFO  - 开始保存聊天消息数据
12:58:27 INFO  - 开始保存聊天消息数据
12:59:27 INFO  - 开始保存聊天消息数据
13:00:27 INFO  - 开始保存聊天消息数据
13:01:27 INFO  - 开始保存聊天消息数据
13:02:27 INFO  - 开始保存聊天消息数据
13:03:27 INFO  - 开始保存聊天消息数据
13:04:27 INFO  - 开始保存聊天消息数据
13:05:27 INFO  - 开始保存聊天消息数据
13:06:27 INFO  - 开始保存聊天消息数据
13:07:27 INFO  - 开始保存聊天消息数据
13:08:27 INFO  - 开始保存聊天消息数据
13:09:27 INFO  - 开始保存聊天消息数据
13:10:27 INFO  - 开始保存聊天消息数据
13:11:27 INFO  - 开始保存聊天消息数据
13:12:27 INFO  - 开始保存聊天消息数据
13:13:27 INFO  - 开始保存聊天消息数据
13:14:27 INFO  - 开始保存聊天消息数据
13:15:27 INFO  - 开始保存聊天消息数据
13:16:27 INFO  - 开始保存聊天消息数据
13:17:27 INFO  - 开始保存聊天消息数据
13:18:27 INFO  - 开始保存聊天消息数据
13:19:27 INFO  - 开始保存聊天消息数据
13:20:27 INFO  - 开始保存聊天消息数据
13:21:27 INFO  - 开始保存聊天消息数据
13:22:27 INFO  - 开始保存聊天消息数据
13:23:27 INFO  - 开始保存聊天消息数据
13:24:27 INFO  - 开始保存聊天消息数据
13:25:27 INFO  - 开始保存聊天消息数据
13:26:27 INFO  - 开始保存聊天消息数据
13:27:27 INFO  - 开始保存聊天消息数据
13:28:27 INFO  - 开始保存聊天消息数据
13:29:27 INFO  - 开始保存聊天消息数据
13:30:27 INFO  - 开始保存聊天消息数据
13:31:27 INFO  - 开始保存聊天消息数据
13:32:27 INFO  - 开始保存聊天消息数据
13:33:27 INFO  - 开始保存聊天消息数据
13:34:27 INFO  - 开始保存聊天消息数据
13:35:27 INFO  - 开始保存聊天消息数据
13:36:27 INFO  - 开始保存聊天消息数据
13:37:27 INFO  - 开始保存聊天消息数据
13:38:27 INFO  - 开始保存聊天消息数据
13:39:27 INFO  - 开始保存聊天消息数据
13:40:27 INFO  - 开始保存聊天消息数据
13:41:27 INFO  - 开始保存聊天消息数据
13:42:27 INFO  - 开始保存聊天消息数据
13:43:27 INFO  - 开始保存聊天消息数据
13:44:27 INFO  - 开始保存聊天消息数据
13:45:27 INFO  - 开始保存聊天消息数据
13:46:27 INFO  - 开始保存聊天消息数据
13:47:27 INFO  - 开始保存聊天消息数据
13:48:27 INFO  - 开始保存聊天消息数据
13:49:27 INFO  - 开始保存聊天消息数据
13:50:27 INFO  - 开始保存聊天消息数据
13:51:27 INFO  - 开始保存聊天消息数据
13:52:27 INFO  - 开始保存聊天消息数据
13:53:27 INFO  - 开始保存聊天消息数据
13:54:27 INFO  - 开始保存聊天消息数据
13:55:27 INFO  - 开始保存聊天消息数据
13:56:27 INFO  - 开始保存聊天消息数据
13:57:27 INFO  - 开始保存聊天消息数据
13:58:27 INFO  - 开始保存聊天消息数据
13:59:27 INFO  - 开始保存聊天消息数据
14:00:27 INFO  - 开始保存聊天消息数据
14:01:27 INFO  - 开始保存聊天消息数据
14:02:27 INFO  - 开始保存聊天消息数据
14:03:27 INFO  - 开始保存聊天消息数据
14:04:27 INFO  - 开始保存聊天消息数据
14:05:27 INFO  - 开始保存聊天消息数据
14:06:27 INFO  - 开始保存聊天消息数据
14:07:27 INFO  - 开始保存聊天消息数据
14:08:27 INFO  - 开始保存聊天消息数据
14:09:27 INFO  - 开始保存聊天消息数据
14:10:27 INFO  - 开始保存聊天消息数据
14:11:27 INFO  - 开始保存聊天消息数据
14:12:27 INFO  - 开始保存聊天消息数据
14:13:27 INFO  - 开始保存聊天消息数据
14:14:27 INFO  - 开始保存聊天消息数据
14:15:27 INFO  - 开始保存聊天消息数据
14:16:27 INFO  - 开始保存聊天消息数据
14:17:27 INFO  - 开始保存聊天消息数据
14:18:27 INFO  - 开始保存聊天消息数据
14:19:27 INFO  - 开始保存聊天消息数据
14:20:27 INFO  - 开始保存聊天消息数据
14:21:27 INFO  - 开始保存聊天消息数据
14:22:27 INFO  - 开始保存聊天消息数据
14:23:27 INFO  - 开始保存聊天消息数据
14:24:27 INFO  - 开始保存聊天消息数据
14:25:27 INFO  - 开始保存聊天消息数据
14:26:27 INFO  - 开始保存聊天消息数据
14:27:27 INFO  - 开始保存聊天消息数据
14:28:27 INFO  - 开始保存聊天消息数据
14:29:27 INFO  - 开始保存聊天消息数据
14:30:27 INFO  - 开始保存聊天消息数据
14:31:27 INFO  - 开始保存聊天消息数据
14:32:27 INFO  - 开始保存聊天消息数据
14:33:27 INFO  - 开始保存聊天消息数据
14:34:27 INFO  - 开始保存聊天消息数据
14:35:27 INFO  - 开始保存聊天消息数据
14:36:27 INFO  - 开始保存聊天消息数据
14:37:27 INFO  - 开始保存聊天消息数据
14:38:27 INFO  - 开始保存聊天消息数据
14:39:27 INFO  - 开始保存聊天消息数据
14:40:27 INFO  - 开始保存聊天消息数据
14:41:27 INFO  - 开始保存聊天消息数据
15:02:52 INFO  - 开始保存聊天消息数据
15:02:53 INFO  - 聊天消息数据保存完成，共处理条 0 数据。耗时：0时0分0秒642毫秒
15:03:52 INFO  - 开始保存聊天消息数据
15:03:52 INFO  - 聊天消息数据保存完成，共处理条 0 数据。耗时：0时0分0秒23毫秒
15:04:52 INFO  - 开始保存聊天消息数据
15:04:52 INFO  - 聊天消息数据保存完成，共处理条 0 数据。耗时：0时0分0秒12毫秒
15:06:34 INFO  - 开始保存聊天消息数据
15:06:35 INFO  - 聊天消息数据保存完成，共处理条 0 数据。耗时：0时0分0秒814毫秒
15:10:15 INFO  - 开始保存聊天消息数据
15:10:15 INFO  - 聊天消息数据保存完成，共处理条 0 数据。耗时：0时0分0秒704毫秒
15:11:22 INFO  - 开始保存聊天消息数据
15:11:23 INFO  - 聊天消息数据保存完成，共处理条 0 数据。耗时：0时0分0秒705毫秒
15:12:09 INFO  - 开始保存聊天消息数据
15:12:10 INFO  - 聊天消息数据保存完成，共处理条 0 数据。耗时：0时0分0秒748毫秒
15:13:09 INFO  - 开始保存聊天消息数据
15:13:09 INFO  - 聊天消息数据保存完成，共处理条 0 数据。耗时：0时0分0秒10毫秒
15:14:09 INFO  - 开始保存聊天消息数据
15:14:09 INFO  - 聊天消息数据保存完成，共处理条 0 数据。耗时：0时0分0秒19毫秒
15:14:40 INFO  - 开始保存聊天消息数据
15:14:40 INFO  - 聊天消息数据保存完成，共处理条 0 数据。耗时：0时0分0秒961毫秒
15:14:42 INFO  - Executed action GD.Host.Controllers.AccountController.LoginAdmin (PAPI) in 691ms
15:14:49 INFO  - Executed action GD.Host.Controllers.AccountController.LoginAdmin (PAPI) in 32ms
15:14:50 INFO  - Executed action GD.Host.Controllers.AccountController.LoginAdmin (PAPI) in 29ms
15:15:07 INFO  - Executed action GD.Host.Controllers.AccountController.LoginAdmin (PAPI) in 30ms
15:15:21 INFO  - Executed action GD.Host.Controllers.AccountController.LoginAdmin (PAPI) in 29ms
15:15:39 INFO  - 开始保存聊天消息数据
15:15:39 INFO  - 聊天消息数据保存完成，共处理条 0 数据。耗时：0时0分0秒12毫秒
15:16:16 INFO  - 开始保存聊天消息数据
15:16:17 INFO  - 聊天消息数据保存完成，共处理条 0 数据。耗时：0时0分0秒804毫秒
15:17:11 INFO  - Executed action GD.Host.Controllers.AccountController.Test (PAPI) in 17ms
15:17:16 INFO  - 开始保存聊天消息数据
15:17:16 INFO  - 聊天消息数据保存完成，共处理条 0 数据。耗时：0时0分0秒8毫秒
15:17:27 INFO  - Executed action GD.Host.Controllers.AccountController.LoginAdmin (PAPI) in 570ms
15:18:16 INFO  - 开始保存聊天消息数据
15:18:16 INFO  - 聊天消息数据保存完成，共处理条 0 数据。耗时：0时0分0秒11毫秒
15:18:16 INFO  - Executed action GD.Host.Controllers.AccountController.LoginAdmin (PAPI) in 22ms
15:18:18 INFO  - Executed action GD.Host.Controllers.AccountController.LoginAdmin (PAPI) in 21ms
15:18:19 INFO  - Executed action GD.Host.Controllers.AccountController.LoginAdmin (PAPI) in 23ms
15:18:20 INFO  - Executed action GD.Host.Controllers.AccountController.LoginAdmin (PAPI) in 22ms
15:18:21 INFO  - Executed action GD.Host.Controllers.AccountController.LoginAdmin (PAPI) in 21ms
15:18:59 INFO  - 开始保存聊天消息数据
15:19:00 INFO  - 聊天消息数据保存完成，共处理条 0 数据。耗时：0时0分1秒182毫秒
15:19:58 INFO  - 开始保存聊天消息数据
15:19:58 INFO  - 聊天消息数据保存完成，共处理条 0 数据。耗时：0时0分0秒8毫秒
15:20:58 INFO  - 开始保存聊天消息数据
15:20:58 INFO  - 聊天消息数据保存完成，共处理条 0 数据。耗时：0时0分0秒11毫秒
15:21:58 INFO  - 开始保存聊天消息数据
15:21:58 INFO  - 聊天消息数据保存完成，共处理条 0 数据。耗时：0时0分0秒8毫秒
15:22:58 INFO  - 开始保存聊天消息数据
15:22:59 INFO  - 聊天消息数据保存完成，共处理条 1 数据。耗时：0时0分0秒652毫秒
15:23:58 INFO  - 开始保存聊天消息数据
15:23:58 INFO  - 聊天消息数据保存完成，共处理条 0 数据。耗时：0时0分0秒9毫秒
15:24:58 INFO  - 开始保存聊天消息数据
15:24:58 INFO  - 聊天消息数据保存完成，共处理条 0 数据。耗时：0时0分0秒8毫秒
15:25:58 INFO  - 开始保存聊天消息数据
15:25:58 INFO  - 聊天消息数据保存完成，共处理条 0 数据。耗时：0时0分0秒27毫秒
15:26:58 INFO  - 开始保存聊天消息数据
15:26:58 INFO  - 聊天消息数据保存完成，共处理条 0 数据。耗时：0时0分0秒14毫秒
15:27:58 INFO  - 开始保存聊天消息数据
15:27:58 INFO  - 聊天消息数据保存完成，共处理条 0 数据。耗时：0时0分0秒26毫秒
15:28:58 INFO  - 开始保存聊天消息数据
15:28:58 INFO  - 聊天消息数据保存完成，共处理条 0 数据。耗时：0时0分0秒36毫秒
15:29:58 INFO  - 开始保存聊天消息数据
15:29:58 INFO  - 聊天消息数据保存完成，共处理条 0 数据。耗时：0时0分0秒10毫秒
15:30:58 INFO  - 开始保存聊天消息数据
15:30:58 INFO  - 聊天消息数据保存完成，共处理条 0 数据。耗时：0时0分0秒8毫秒
15:31:58 INFO  - 开始保存聊天消息数据
15:31:58 INFO  - 聊天消息数据保存完成，共处理条 0 数据。耗时：0时0分0秒13毫秒
15:32:58 INFO  - 开始保存聊天消息数据
15:32:58 INFO  - 聊天消息数据保存完成，共处理条 0 数据。耗时：0时0分0秒11毫秒
15:33:58 INFO  - 开始保存聊天消息数据
15:33:58 INFO  - 聊天消息数据保存完成，共处理条 0 数据。耗时：0时0分0秒11毫秒
15:34:58 INFO  - 开始保存聊天消息数据
15:34:58 INFO  - 聊天消息数据保存完成，共处理条 0 数据。耗时：0时0分0秒8毫秒
15:35:58 INFO  - 开始保存聊天消息数据
15:35:58 INFO  - 聊天消息数据保存完成，共处理条 0 数据。耗时：0时0分0秒8毫秒
15:36:58 INFO  - 开始保存聊天消息数据
15:36:58 INFO  - 聊天消息数据保存完成，共处理条 0 数据。耗时：0时0分0秒8毫秒
15:37:58 INFO  - 开始保存聊天消息数据
15:37:58 INFO  - 聊天消息数据保存完成，共处理条 0 数据。耗时：0时0分0秒13毫秒
15:38:58 INFO  - 开始保存聊天消息数据
15:38:58 INFO  - 聊天消息数据保存完成，共处理条 0 数据。耗时：0时0分0秒8毫秒
15:39:58 INFO  - 开始保存聊天消息数据
15:39:58 INFO  - 聊天消息数据保存完成，共处理条 0 数据。耗时：0时0分0秒8毫秒
15:40:58 INFO  - 开始保存聊天消息数据
15:40:58 INFO  - 聊天消息数据保存完成，共处理条 0 数据。耗时：0时0分0秒5毫秒
15:41:58 INFO  - 开始保存聊天消息数据
15:41:58 INFO  - 聊天消息数据保存完成，共处理条 0 数据。耗时：0时0分0秒13毫秒
15:42:58 INFO  - 开始保存聊天消息数据
15:42:58 INFO  - 聊天消息数据保存完成，共处理条 0 数据。耗时：0时0分0秒7毫秒
15:43:58 INFO  - 开始保存聊天消息数据
15:43:58 INFO  - 聊天消息数据保存完成，共处理条 0 数据。耗时：0时0分0秒8毫秒
15:44:58 INFO  - 开始保存聊天消息数据
15:44:58 INFO  - 聊天消息数据保存完成，共处理条 0 数据。耗时：0时0分0秒12毫秒
15:45:58 INFO  - 开始保存聊天消息数据
15:45:58 INFO  - 聊天消息数据保存完成，共处理条 0 数据。耗时：0时0分0秒8毫秒
15:46:58 INFO  - 开始保存聊天消息数据
15:46:58 INFO  - 聊天消息数据保存完成，共处理条 0 数据。耗时：0时0分0秒10毫秒
15:47:58 INFO  - 开始保存聊天消息数据
15:47:58 INFO  - 聊天消息数据保存完成，共处理条 0 数据。耗时：0时0分0秒9毫秒
15:48:58 INFO  - 开始保存聊天消息数据
15:48:58 INFO  - 聊天消息数据保存完成，共处理条 0 数据。耗时：0时0分0秒21毫秒
15:49:58 INFO  - 开始保存聊天消息数据
15:49:58 INFO  - 聊天消息数据保存完成，共处理条 0 数据。耗时：0时0分0秒10毫秒
15:50:58 INFO  - 开始保存聊天消息数据
15:50:58 INFO  - 聊天消息数据保存完成，共处理条 0 数据。耗时：0时0分0秒9毫秒
15:51:58 INFO  - 开始保存聊天消息数据
15:51:58 INFO  - 聊天消息数据保存完成，共处理条 0 数据。耗时：0时0分0秒10毫秒
15:52:58 INFO  - 开始保存聊天消息数据
15:52:58 INFO  - 聊天消息数据保存完成，共处理条 0 数据。耗时：0时0分0秒10毫秒
15:53:58 INFO  - 开始保存聊天消息数据
15:53:58 INFO  - 聊天消息数据保存完成，共处理条 0 数据。耗时：0时0分0秒17毫秒
15:54:58 INFO  - 开始保存聊天消息数据
15:54:58 INFO  - 聊天消息数据保存完成，共处理条 0 数据。耗时：0时0分0秒9毫秒
15:55:58 INFO  - 开始保存聊天消息数据
15:55:58 INFO  - 聊天消息数据保存完成，共处理条 0 数据。耗时：0时0分0秒22毫秒
15:56:58 INFO  - 开始保存聊天消息数据
15:56:58 INFO  - 聊天消息数据保存完成，共处理条 0 数据。耗时：0时0分0秒15毫秒
15:57:58 INFO  - 开始保存聊天消息数据
15:57:58 INFO  - 聊天消息数据保存完成，共处理条 0 数据。耗时：0时0分0秒11毫秒
15:58:58 INFO  - 开始保存聊天消息数据
15:58:58 INFO  - 聊天消息数据保存完成，共处理条 0 数据。耗时：0时0分0秒9毫秒
15:59:58 INFO  - 开始保存聊天消息数据
15:59:58 INFO  - 聊天消息数据保存完成，共处理条 0 数据。耗时：0时0分0秒8毫秒
16:00:58 INFO  - 开始保存聊天消息数据
16:00:58 INFO  - 聊天消息数据保存完成，共处理条 0 数据。耗时：0时0分0秒9毫秒
16:01:58 INFO  - 开始保存聊天消息数据
16:01:58 INFO  - 聊天消息数据保存完成，共处理条 0 数据。耗时：0时0分0秒12毫秒
16:02:58 INFO  - 开始保存聊天消息数据
16:02:58 INFO  - 聊天消息数据保存完成，共处理条 0 数据。耗时：0时0分0秒7毫秒
16:03:58 INFO  - 开始保存聊天消息数据
16:03:58 INFO  - 聊天消息数据保存完成，共处理条 0 数据。耗时：0时0分0秒9毫秒
16:04:58 INFO  - 开始保存聊天消息数据
16:04:58 INFO  - 聊天消息数据保存完成，共处理条 0 数据。耗时：0时0分0秒9毫秒
16:05:58 INFO  - 开始保存聊天消息数据
16:05:58 INFO  - 聊天消息数据保存完成，共处理条 0 数据。耗时：0时0分0秒12毫秒
16:06:58 INFO  - 开始保存聊天消息数据
16:06:58 INFO  - 聊天消息数据保存完成，共处理条 0 数据。耗时：0时0分0秒8毫秒
16:07:58 INFO  - 开始保存聊天消息数据
16:07:58 INFO  - 聊天消息数据保存完成，共处理条 0 数据。耗时：0时0分0秒5毫秒
16:08:58 INFO  - 开始保存聊天消息数据
16:08:58 INFO  - 聊天消息数据保存完成，共处理条 0 数据。耗时：0时0分0秒10毫秒
16:09:58 INFO  - 开始保存聊天消息数据
16:09:58 INFO  - 聊天消息数据保存完成，共处理条 0 数据。耗时：0时0分0秒9毫秒
16:10:58 INFO  - 开始保存聊天消息数据
16:10:58 INFO  - 聊天消息数据保存完成，共处理条 0 数据。耗时：0时0分0秒8毫秒
16:11:58 INFO  - 开始保存聊天消息数据
16:11:58 INFO  - 聊天消息数据保存完成，共处理条 0 数据。耗时：0时0分0秒9毫秒
16:12:58 INFO  - 开始保存聊天消息数据
16:12:58 INFO  - 聊天消息数据保存完成，共处理条 0 数据。耗时：0时0分0秒10毫秒
16:13:58 INFO  - 开始保存聊天消息数据
16:13:58 INFO  - 聊天消息数据保存完成，共处理条 0 数据。耗时：0时0分0秒7毫秒
16:14:58 INFO  - 开始保存聊天消息数据
16:14:58 INFO  - 聊天消息数据保存完成，共处理条 0 数据。耗时：0时0分0秒11毫秒
16:15:58 INFO  - 开始保存聊天消息数据
16:15:58 INFO  - 聊天消息数据保存完成，共处理条 0 数据。耗时：0时0分0秒12毫秒
16:16:58 INFO  - 开始保存聊天消息数据
16:16:58 INFO  - 聊天消息数据保存完成，共处理条 0 数据。耗时：0时0分0秒10毫秒
16:17:58 INFO  - 开始保存聊天消息数据
16:17:58 INFO  - 聊天消息数据保存完成，共处理条 0 数据。耗时：0时0分0秒29毫秒
16:18:58 INFO  - 开始保存聊天消息数据
16:18:58 INFO  - 聊天消息数据保存完成，共处理条 0 数据。耗时：0时0分0秒11毫秒
16:19:58 INFO  - 开始保存聊天消息数据
16:19:58 INFO  - 聊天消息数据保存完成，共处理条 0 数据。耗时：0时0分0秒11毫秒
16:20:58 INFO  - 开始保存聊天消息数据
16:20:58 INFO  - 聊天消息数据保存完成，共处理条 0 数据。耗时：0时0分0秒10毫秒
16:21:58 INFO  - 开始保存聊天消息数据
16:21:58 INFO  - 聊天消息数据保存完成，共处理条 0 数据。耗时：0时0分0秒15毫秒
16:22:58 INFO  - 开始保存聊天消息数据
16:22:58 INFO  - 聊天消息数据保存完成，共处理条 0 数据。耗时：0时0分0秒10毫秒
16:23:58 INFO  - 开始保存聊天消息数据
16:23:58 INFO  - 聊天消息数据保存完成，共处理条 0 数据。耗时：0时0分0秒9毫秒
16:24:58 INFO  - 开始保存聊天消息数据
16:24:58 INFO  - 聊天消息数据保存完成，共处理条 0 数据。耗时：0时0分0秒8毫秒
16:25:58 INFO  - 开始保存聊天消息数据
16:25:58 INFO  - 聊天消息数据保存完成，共处理条 0 数据。耗时：0时0分0秒9毫秒
16:26:58 INFO  - 开始保存聊天消息数据
16:26:58 INFO  - 聊天消息数据保存完成，共处理条 0 数据。耗时：0时0分0秒18毫秒
16:27:58 INFO  - 开始保存聊天消息数据
16:27:58 INFO  - 聊天消息数据保存完成，共处理条 0 数据。耗时：0时0分0秒9毫秒
16:28:58 INFO  - 开始保存聊天消息数据
16:28:58 INFO  - 聊天消息数据保存完成，共处理条 0 数据。耗时：0时0分0秒9毫秒
16:29:58 INFO  - 开始保存聊天消息数据
16:29:58 INFO  - 聊天消息数据保存完成，共处理条 0 数据。耗时：0时0分0秒7毫秒
16:30:58 INFO  - 开始保存聊天消息数据
16:30:58 INFO  - 聊天消息数据保存完成，共处理条 0 数据。耗时：0时0分0秒12毫秒
16:31:58 INFO  - 开始保存聊天消息数据
16:31:58 INFO  - 聊天消息数据保存完成，共处理条 0 数据。耗时：0时0分0秒33毫秒
16:32:58 INFO  - 开始保存聊天消息数据
16:32:58 INFO  - 聊天消息数据保存完成，共处理条 0 数据。耗时：0时0分0秒8毫秒
16:33:58 INFO  - 开始保存聊天消息数据
16:33:58 INFO  - 聊天消息数据保存完成，共处理条 0 数据。耗时：0时0分0秒8毫秒
16:34:58 INFO  - 开始保存聊天消息数据
16:34:58 INFO  - 聊天消息数据保存完成，共处理条 0 数据。耗时：0时0分0秒8毫秒
16:35:58 INFO  - 开始保存聊天消息数据
16:35:58 INFO  - 聊天消息数据保存完成，共处理条 0 数据。耗时：0时0分0秒23毫秒
16:36:58 INFO  - 开始保存聊天消息数据
16:36:58 INFO  - 聊天消息数据保存完成，共处理条 0 数据。耗时：0时0分0秒9毫秒
16:37:58 INFO  - 开始保存聊天消息数据
16:37:58 INFO  - 聊天消息数据保存完成，共处理条 0 数据。耗时：0时0分0秒11毫秒
16:38:58 INFO  - 开始保存聊天消息数据
16:38:58 INFO  - 聊天消息数据保存完成，共处理条 0 数据。耗时：0时0分0秒9毫秒
16:39:58 INFO  - 开始保存聊天消息数据
16:39:58 INFO  - 聊天消息数据保存完成，共处理条 0 数据。耗时：0时0分0秒8毫秒
16:40:58 INFO  - 开始保存聊天消息数据
16:40:58 INFO  - 聊天消息数据保存完成，共处理条 0 数据。耗时：0时0分0秒9毫秒
16:41:58 INFO  - 开始保存聊天消息数据
16:41:58 INFO  - 聊天消息数据保存完成，共处理条 0 数据。耗时：0时0分0秒5毫秒
16:42:58 INFO  - 开始保存聊天消息数据
16:42:58 INFO  - 聊天消息数据保存完成，共处理条 0 数据。耗时：0时0分0秒8毫秒
16:43:58 INFO  - 开始保存聊天消息数据
16:43:58 INFO  - 聊天消息数据保存完成，共处理条 0 数据。耗时：0时0分0秒20毫秒
16:44:58 INFO  - 开始保存聊天消息数据
16:44:58 INFO  - 聊天消息数据保存完成，共处理条 0 数据。耗时：0时0分0秒10毫秒
16:45:58 INFO  - 开始保存聊天消息数据
16:45:58 INFO  - 聊天消息数据保存完成，共处理条 0 数据。耗时：0时0分0秒13毫秒
16:46:58 INFO  - 开始保存聊天消息数据
16:46:58 INFO  - 聊天消息数据保存完成，共处理条 0 数据。耗时：0时0分0秒10毫秒
16:47:58 INFO  - 开始保存聊天消息数据
16:47:58 INFO  - 聊天消息数据保存完成，共处理条 0 数据。耗时：0时0分0秒10毫秒
16:48:58 INFO  - 开始保存聊天消息数据
16:48:58 INFO  - 聊天消息数据保存完成，共处理条 0 数据。耗时：0时0分0秒9毫秒
16:49:58 INFO  - 开始保存聊天消息数据
16:49:58 INFO  - 聊天消息数据保存完成，共处理条 0 数据。耗时：0时0分0秒9毫秒
16:50:58 INFO  - 开始保存聊天消息数据
16:50:58 INFO  - 聊天消息数据保存完成，共处理条 0 数据。耗时：0时0分0秒9毫秒
16:51:58 INFO  - 开始保存聊天消息数据
16:51:58 INFO  - 聊天消息数据保存完成，共处理条 0 数据。耗时：0时0分0秒8毫秒
16:52:58 INFO  - 开始保存聊天消息数据
16:52:58 INFO  - 聊天消息数据保存完成，共处理条 0 数据。耗时：0时0分0秒9毫秒
16:53:58 INFO  - 开始保存聊天消息数据
16:53:58 INFO  - 聊天消息数据保存完成，共处理条 0 数据。耗时：0时0分0秒14毫秒
16:54:58 INFO  - 开始保存聊天消息数据
16:54:58 INFO  - 聊天消息数据保存完成，共处理条 0 数据。耗时：0时0分0秒8毫秒
16:55:58 INFO  - 开始保存聊天消息数据
16:55:58 INFO  - 聊天消息数据保存完成，共处理条 0 数据。耗时：0时0分0秒9毫秒
16:56:58 INFO  - 开始保存聊天消息数据
16:56:58 INFO  - 聊天消息数据保存完成，共处理条 0 数据。耗时：0时0分0秒10毫秒
16:57:58 INFO  - 开始保存聊天消息数据
16:57:58 INFO  - 聊天消息数据保存完成，共处理条 0 数据。耗时：0时0分0秒8毫秒
16:58:58 INFO  - 开始保存聊天消息数据
16:58:58 INFO  - 聊天消息数据保存完成，共处理条 0 数据。耗时：0时0分0秒8毫秒
16:59:58 INFO  - 开始保存聊天消息数据
16:59:58 INFO  - 聊天消息数据保存完成，共处理条 0 数据。耗时：0时0分0秒8毫秒
17:00:58 INFO  - 开始保存聊天消息数据
17:00:58 INFO  - 聊天消息数据保存完成，共处理条 0 数据。耗时：0时0分0秒9毫秒
17:01:58 INFO  - 开始保存聊天消息数据
17:01:58 INFO  - 聊天消息数据保存完成，共处理条 0 数据。耗时：0时0分0秒30毫秒
17:02:58 INFO  - 开始保存聊天消息数据
17:02:58 INFO  - 聊天消息数据保存完成，共处理条 0 数据。耗时：0时0分0秒9毫秒
17:03:58 INFO  - 开始保存聊天消息数据
17:03:58 INFO  - 聊天消息数据保存完成，共处理条 0 数据。耗时：0时0分0秒9毫秒
17:04:58 INFO  - 开始保存聊天消息数据
17:04:58 INFO  - 聊天消息数据保存完成，共处理条 0 数据。耗时：0时0分0秒10毫秒
17:05:58 INFO  - 开始保存聊天消息数据
17:05:58 INFO  - 聊天消息数据保存完成，共处理条 0 数据。耗时：0时0分0秒10毫秒
17:06:58 INFO  - 开始保存聊天消息数据
17:06:58 INFO  - 聊天消息数据保存完成，共处理条 0 数据。耗时：0时0分0秒8毫秒
17:07:58 INFO  - 开始保存聊天消息数据
17:07:58 INFO  - 聊天消息数据保存完成，共处理条 0 数据。耗时：0时0分0秒11毫秒
17:08:58 INFO  - 开始保存聊天消息数据
17:08:58 INFO  - 聊天消息数据保存完成，共处理条 0 数据。耗时：0时0分0秒19毫秒
17:09:58 INFO  - 开始保存聊天消息数据
17:09:58 INFO  - 聊天消息数据保存完成，共处理条 0 数据。耗时：0时0分0秒8毫秒
17:10:58 INFO  - 开始保存聊天消息数据
17:10:58 INFO  - 聊天消息数据保存完成，共处理条 0 数据。耗时：0时0分0秒9毫秒
17:11:58 INFO  - 开始保存聊天消息数据
17:11:58 INFO  - 聊天消息数据保存完成，共处理条 0 数据。耗时：0时0分0秒10毫秒
17:12:58 INFO  - 开始保存聊天消息数据
17:12:58 INFO  - 聊天消息数据保存完成，共处理条 0 数据。耗时：0时0分0秒24毫秒
17:13:58 INFO  - 开始保存聊天消息数据
17:13:58 INFO  - 聊天消息数据保存完成，共处理条 0 数据。耗时：0时0分0秒10毫秒
17:14:58 INFO  - 开始保存聊天消息数据
17:14:58 INFO  - 聊天消息数据保存完成，共处理条 0 数据。耗时：0时0分0秒9毫秒
17:15:58 INFO  - 开始保存聊天消息数据
17:15:58 INFO  - 聊天消息数据保存完成，共处理条 0 数据。耗时：0时0分0秒8毫秒
17:16:58 INFO  - 开始保存聊天消息数据
17:16:58 INFO  - 聊天消息数据保存完成，共处理条 0 数据。耗时：0时0分0秒10毫秒
17:17:58 INFO  - 开始保存聊天消息数据
17:17:58 INFO  - 聊天消息数据保存完成，共处理条 0 数据。耗时：0时0分0秒9毫秒
17:18:58 INFO  - 开始保存聊天消息数据
17:18:58 INFO  - 聊天消息数据保存完成，共处理条 0 数据。耗时：0时0分0秒9毫秒
17:19:58 INFO  - 开始保存聊天消息数据
17:19:58 INFO  - 聊天消息数据保存完成，共处理条 0 数据。耗时：0时0分0秒8毫秒
17:20:58 INFO  - 开始保存聊天消息数据
17:20:58 INFO  - 聊天消息数据保存完成，共处理条 0 数据。耗时：0时0分0秒7毫秒
17:21:58 INFO  - 开始保存聊天消息数据
17:21:58 INFO  - 聊天消息数据保存完成，共处理条 0 数据。耗时：0时0分0秒8毫秒
17:22:58 INFO  - 开始保存聊天消息数据
17:22:58 INFO  - 聊天消息数据保存完成，共处理条 0 数据。耗时：0时0分0秒8毫秒
17:23:58 INFO  - 开始保存聊天消息数据
17:23:58 INFO  - 聊天消息数据保存完成，共处理条 0 数据。耗时：0时0分0秒20毫秒
17:24:58 INFO  - 开始保存聊天消息数据
17:24:58 INFO  - 聊天消息数据保存完成，共处理条 0 数据。耗时：0时0分0秒11毫秒
17:25:58 INFO  - 开始保存聊天消息数据
17:25:58 INFO  - 聊天消息数据保存完成，共处理条 0 数据。耗时：0时0分0秒9毫秒
17:26:58 INFO  - 开始保存聊天消息数据
17:26:58 INFO  - 聊天消息数据保存完成，共处理条 0 数据。耗时：0时0分0秒9毫秒
17:27:58 INFO  - 开始保存聊天消息数据
17:27:58 INFO  - 聊天消息数据保存完成，共处理条 0 数据。耗时：0时0分0秒12毫秒
17:28:58 INFO  - 开始保存聊天消息数据
17:28:58 INFO  - 聊天消息数据保存完成，共处理条 0 数据。耗时：0时0分0秒17毫秒
17:29:58 INFO  - 开始保存聊天消息数据
17:29:58 INFO  - 聊天消息数据保存完成，共处理条 0 数据。耗时：0时0分0秒12毫秒
17:30:58 INFO  - 开始保存聊天消息数据
17:30:58 INFO  - 聊天消息数据保存完成，共处理条 0 数据。耗时：0时0分0秒9毫秒
17:31:58 INFO  - 开始保存聊天消息数据
17:31:58 INFO  - 聊天消息数据保存完成，共处理条 0 数据。耗时：0时0分0秒15毫秒
17:32:58 INFO  - 开始保存聊天消息数据
17:32:58 INFO  - 聊天消息数据保存完成，共处理条 0 数据。耗时：0时0分0秒9毫秒
17:33:58 INFO  - 开始保存聊天消息数据
17:33:58 INFO  - 聊天消息数据保存完成，共处理条 0 数据。耗时：0时0分0秒8毫秒
17:34:58 INFO  - 开始保存聊天消息数据
17:34:58 INFO  - 聊天消息数据保存完成，共处理条 0 数据。耗时：0时0分0秒7毫秒
17:35:58 INFO  - 开始保存聊天消息数据
17:35:58 INFO  - 聊天消息数据保存完成，共处理条 0 数据。耗时：0时0分0秒9毫秒
17:36:58 INFO  - 开始保存聊天消息数据
17:36:58 INFO  - 聊天消息数据保存完成，共处理条 0 数据。耗时：0时0分0秒9毫秒
17:37:58 INFO  - 开始保存聊天消息数据
17:37:58 INFO  - 聊天消息数据保存完成，共处理条 0 数据。耗时：0时0分0秒8毫秒
17:38:58 INFO  - 开始保存聊天消息数据
17:38:58 INFO  - 聊天消息数据保存完成，共处理条 0 数据。耗时：0时0分0秒9毫秒
17:39:58 INFO  - 开始保存聊天消息数据
17:39:58 INFO  - 聊天消息数据保存完成，共处理条 0 数据。耗时：0时0分0秒9毫秒
17:40:58 INFO  - 开始保存聊天消息数据
17:40:58 INFO  - 聊天消息数据保存完成，共处理条 0 数据。耗时：0时0分0秒9毫秒
17:41:58 INFO  - 开始保存聊天消息数据
17:41:58 INFO  - 聊天消息数据保存完成，共处理条 0 数据。耗时：0时0分0秒8毫秒
17:42:58 INFO  - 开始保存聊天消息数据
17:42:58 INFO  - 聊天消息数据保存完成，共处理条 0 数据。耗时：0时0分0秒8毫秒
17:43:58 INFO  - 开始保存聊天消息数据
17:43:58 INFO  - 聊天消息数据保存完成，共处理条 0 数据。耗时：0时0分0秒8毫秒
17:44:58 INFO  - 开始保存聊天消息数据
17:44:58 INFO  - 聊天消息数据保存完成，共处理条 0 数据。耗时：0时0分0秒9毫秒
17:45:58 INFO  - 开始保存聊天消息数据
17:45:58 INFO  - 聊天消息数据保存完成，共处理条 0 数据。耗时：0时0分0秒8毫秒
17:46:58 INFO  - 开始保存聊天消息数据
17:46:58 INFO  - 聊天消息数据保存完成，共处理条 0 数据。耗时：0时0分0秒16毫秒
17:47:58 INFO  - 开始保存聊天消息数据
17:47:58 INFO  - 聊天消息数据保存完成，共处理条 0 数据。耗时：0时0分0秒11毫秒
17:48:58 INFO  - 开始保存聊天消息数据
17:48:58 INFO  - 聊天消息数据保存完成，共处理条 0 数据。耗时：0时0分0秒11毫秒
17:49:58 INFO  - 开始保存聊天消息数据
17:49:58 INFO  - 聊天消息数据保存完成，共处理条 0 数据。耗时：0时0分0秒9毫秒
17:50:58 INFO  - 开始保存聊天消息数据
17:50:58 INFO  - 聊天消息数据保存完成，共处理条 0 数据。耗时：0时0分0秒10毫秒
17:51:58 INFO  - 开始保存聊天消息数据
17:51:58 INFO  - 聊天消息数据保存完成，共处理条 0 数据。耗时：0时0分0秒9毫秒
17:52:58 INFO  - 开始保存聊天消息数据
17:52:58 INFO  - 聊天消息数据保存完成，共处理条 0 数据。耗时：0时0分0秒10毫秒
17:53:58 INFO  - 开始保存聊天消息数据
17:53:58 INFO  - 聊天消息数据保存完成，共处理条 0 数据。耗时：0时0分0秒8毫秒
17:54:58 INFO  - 开始保存聊天消息数据
17:54:58 INFO  - 聊天消息数据保存完成，共处理条 0 数据。耗时：0时0分0秒9毫秒
17:55:58 INFO  - 开始保存聊天消息数据
17:55:58 INFO  - 聊天消息数据保存完成，共处理条 0 数据。耗时：0时0分0秒8毫秒
17:56:58 INFO  - 开始保存聊天消息数据
17:56:58 INFO  - 聊天消息数据保存完成，共处理条 0 数据。耗时：0时0分0秒9毫秒
17:57:58 INFO  - 开始保存聊天消息数据
17:57:58 INFO  - 聊天消息数据保存完成，共处理条 0 数据。耗时：0时0分0秒9毫秒
17:58:58 INFO  - 开始保存聊天消息数据
17:58:58 INFO  - 聊天消息数据保存完成，共处理条 0 数据。耗时：0时0分0秒10毫秒
17:59:58 INFO  - 开始保存聊天消息数据
17:59:58 INFO  - 聊天消息数据保存完成，共处理条 0 数据。耗时：0时0分0秒9毫秒
18:00:58 INFO  - 开始保存聊天消息数据
18:00:58 INFO  - 聊天消息数据保存完成，共处理条 0 数据。耗时：0时0分0秒24毫秒
18:01:58 INFO  - 开始保存聊天消息数据
18:01:58 INFO  - 聊天消息数据保存完成，共处理条 0 数据。耗时：0时0分0秒12毫秒
18:02:58 INFO  - 开始保存聊天消息数据
18:02:58 INFO  - 聊天消息数据保存完成，共处理条 0 数据。耗时：0时0分0秒9毫秒
18:03:58 INFO  - 开始保存聊天消息数据
18:03:58 INFO  - 聊天消息数据保存完成，共处理条 0 数据。耗时：0时0分0秒9毫秒
18:04:58 INFO  - 开始保存聊天消息数据
18:04:58 INFO  - 聊天消息数据保存完成，共处理条 0 数据。耗时：0时0分0秒9毫秒
18:05:58 INFO  - 开始保存聊天消息数据
18:05:58 INFO  - 聊天消息数据保存完成，共处理条 0 数据。耗时：0时0分0秒11毫秒
