10:12:51 INFO  - 开始保存聊天消息数据
10:12:51 INFO  - 聊天消息数据保存完成，共处理条 0 数据。耗时：0时0分1秒132毫秒
10:12:52 INFO  - admin 成功登录Openfire
10:14:08 INFO  - Executed action GD.API.Controllers.Consumer.StoreManageAppointmentController.GetOppointmentStatusEnum (API) in 40ms
10:14:09 INFO  - Executed action GD.API.Controllers.Consumer.StoreManageAppointmentController.GetAppointmentList (API) in 641ms
10:14:09 INFO  - Executed action GD.API.Controllers.Merchant.MerchantController.GetClassifys (API) in 765ms
10:14:10 INFO  - Executed action GD.API.Controllers.Merchant.MerchantController.GetClassifys (API) in 17ms
10:14:28 INFO  - Executed action GD.API.Controllers.Consumer.ServiceMemberController.GetUserServiceMembersAsync (API) in 12163ms
10:14:28 INFO  - Executed action GD.API.Controllers.Merchant.MerchantController.GetClassifys (API) in 20ms
10:14:28 INFO  - Executed action GD.API.Controllers.Consumer.StoreManageAppointmentController.GetOppointmentStatusEnum (API) in 7ms
10:14:28 INFO  - Executed action GD.API.Controllers.Consumer.StoreManageAppointmentController.GetAppointmentList (API) in 55ms
10:15:11 INFO  - Executed action GD.API.Controllers.Merchant.MerchantController.GetClassifys (API) in 28ms
10:15:13 INFO  - Executed action GD.API.Controllers.Consumer.ServiceMemberController.GetUserServiceMembersAsync (API) in 19ms
10:15:15 INFO  - Executed action GD.API.Controllers.Consumer.ServiceMemberController.GetUserServiceMembersAsync (API) in 26ms
10:15:16 INFO  - Executed action GD.API.Controllers.Merchant.TherapistController.GetMerchantClassifyProjects (API) in 123ms
10:15:17 INFO  - Executed action GD.API.Controllers.Merchant.TherapistController.GetTherapistsScheduleByProjectIdOneDayAsync (API) in 169ms
10:15:19 INFO  - Executed action GD.API.Controllers.Consumer.ServiceMemberController.GetUserServiceMembersAsync (API) in 26ms
10:15:21 INFO  - Executed action GD.API.Controllers.Consumer.ServiceMemberController.GetUserServiceMembersAsync (API) in 17ms
10:15:21 INFO  - Executed action GD.API.Controllers.Consumer.ServiceMemberController.GetUserServiceMembersAsync (API) in 51ms
10:15:28 INFO  - Executed action GD.API.Controllers.Consumer.ServiceMemberController.GetUserServiceMembersAsync (API) in 922ms
10:15:28 INFO  - Executed action GD.API.Controllers.Consumer.ServiceMemberController.GetUserServiceMembersAsync (API) in 17ms
10:15:54 INFO  - Executed action GD.API.Controllers.Consumer.StoreManageAppointmentController.AddAppointment (API) in 32998ms
10:16:03 INFO  - Executed action GD.API.Controllers.Merchant.MerchantController.GetClassifys (API) in 1395ms
10:16:04 INFO  - Executed action GD.API.Controllers.Consumer.StoreManageAppointmentController.GetOppointmentStatusEnum (API) in 453ms
10:16:04 INFO  - Executed action GD.API.Controllers.Consumer.StoreManageAppointmentController.AddAppointment (API) in 26297ms
10:16:04 INFO  - Executed action GD.API.Controllers.Consumer.StoreManageAppointmentController.GetAppointmentList (API) in 96ms
10:16:07 INFO  - Executed action GD.API.Controllers.Merchant.MerchantController.GetClassifys (API) in 36ms
10:16:50 INFO  - Executed action GD.API.Controllers.Consumer.ServiceMemberController.GetUserServiceMembersAsync (API) in 27ms
10:16:51 INFO  - Executed action GD.API.Controllers.Consumer.ServiceMemberController.GetUserServiceMembersAsync (API) in 17ms
10:16:57 INFO  - Executed action GD.API.Controllers.Merchant.TherapistController.GetMerchantClassifyProjects (API) in 41ms
10:16:59 INFO  - Executed action GD.API.Controllers.Merchant.TherapistController.GetTherapistsScheduleByProjectIdOneDayAsync (API) in 125ms
10:17:04 INFO  - Executed action GD.API.Controllers.Consumer.ServiceMemberController.GetUserServiceMembersAsync (API) in 24ms
10:17:28 INFO  - Executed action GD.API.Controllers.Consumer.StoreManageAppointmentController.GetOppointmentStatusEnum (API) in 11ms
10:17:28 INFO  - Executed action GD.API.Controllers.Merchant.MerchantController.GetClassifys (API) in 17ms
10:17:28 INFO  - Executed action GD.API.Controllers.Consumer.StoreManageAppointmentController.GetAppointmentList (API) in 71ms
10:17:29 INFO  - Executed action GD.API.Controllers.Merchant.MerchantController.GetClassifys (API) in 18ms
10:17:34 INFO  - Executed action GD.API.Controllers.Consumer.ServiceMemberController.GetUserServiceMembersAsync (API) in 27ms
10:17:35 INFO  - Executed action GD.API.Controllers.Consumer.ServiceMemberController.GetUserServiceMembersAsync (API) in 20ms
10:17:38 INFO  - Executed action GD.API.Controllers.Merchant.TherapistController.GetMerchantClassifyProjects (API) in 39ms
10:17:39 INFO  - Executed action GD.API.Controllers.Merchant.TherapistController.GetTherapistsScheduleByProjectIdOneDayAsync (API) in 128ms
10:17:42 INFO  - Executed action GD.API.Controllers.Consumer.ServiceMemberController.GetUserServiceMembersAsync (API) in 18ms
10:17:55 INFO  - Executed action GD.API.Controllers.Merchant.TherapistController.GetTherapistsScheduleByProjectIdOneDayAsync (API) in 124ms
10:18:01 INFO  - Executed action GD.API.Controllers.Merchant.MerchantController.GetClassifys (API) in 22ms
10:18:01 INFO  - Executed action GD.API.Controllers.Consumer.StoreManageAppointmentController.GetOppointmentStatusEnum (API) in 3ms
10:18:01 INFO  - Executed action GD.API.Controllers.Consumer.StoreManageAppointmentController.GetAppointmentList (API) in 85ms
10:18:02 INFO  - Executed action GD.API.Controllers.Merchant.MerchantController.GetClassifys (API) in 28ms
10:18:03 INFO  - Executed action GD.API.Controllers.Consumer.ServiceMemberController.GetUserServiceMembersAsync (API) in 18ms
10:18:04 INFO  - Executed action GD.API.Controllers.Consumer.ServiceMemberController.GetUserServiceMembersAsync (API) in 29ms
10:18:07 INFO  - Executed action GD.API.Controllers.Merchant.TherapistController.GetMerchantClassifyProjects (API) in 42ms
10:18:09 INFO  - Executed action GD.API.Controllers.Merchant.TherapistController.GetTherapistsScheduleByProjectIdOneDayAsync (API) in 103ms
