09:07:37 INFO  - hzl 成功登录Openfire
09:07:41 INFO  - 开始保存聊天消息数据
09:07:41 INFO  - 聊天消息数据保存完成，共处理条 0 数据。耗时：0时0分0秒11毫秒
09:08:41 INFO  - 开始保存聊天消息数据
09:08:41 INFO  - 聊天消息数据保存完成，共处理条 0 数据。耗时：0时0分0秒13毫秒
09:09:41 INFO  - 开始保存聊天消息数据
09:09:41 INFO  - 聊天消息数据保存完成，共处理条 0 数据。耗时：0时0分0秒25毫秒
09:10:41 INFO  - 开始保存聊天消息数据
09:10:41 INFO  - 聊天消息数据保存完成，共处理条 0 数据。耗时：0时0分0秒12毫秒
09:11:41 INFO  - 开始保存聊天消息数据
09:11:41 INFO  - 聊天消息数据保存完成，共处理条 0 数据。耗时：0时0分0秒19毫秒
09:12:41 INFO  - 开始保存聊天消息数据
09:12:41 INFO  - 聊天消息数据保存完成，共处理条 0 数据。耗时：0时0分0秒16毫秒
09:13:41 INFO  - 开始保存聊天消息数据
09:13:41 INFO  - 聊天消息数据保存完成，共处理条 0 数据。耗时：0时0分0秒12毫秒
09:14:41 INFO  - 开始保存聊天消息数据
09:14:41 INFO  - 聊天消息数据保存完成，共处理条 0 数据。耗时：0时0分0秒17毫秒
09:15:41 INFO  - 开始保存聊天消息数据
09:15:41 INFO  - 聊天消息数据保存完成，共处理条 0 数据。耗时：0时0分0秒14毫秒
09:16:41 INFO  - 开始保存聊天消息数据
09:16:41 INFO  - 聊天消息数据保存完成，共处理条 0 数据。耗时：0时0分0秒23毫秒
09:17:41 INFO  - 开始保存聊天消息数据
09:17:41 INFO  - 聊天消息数据保存完成，共处理条 0 数据。耗时：0时0分0秒15毫秒
09:18:41 INFO  - 开始保存聊天消息数据
09:18:41 INFO  - 聊天消息数据保存完成，共处理条 0 数据。耗时：0时0分0秒14毫秒
09:19:41 INFO  - 开始保存聊天消息数据
09:19:41 INFO  - 聊天消息数据保存完成，共处理条 1 数据。耗时：0时0分0秒107毫秒
09:20:41 INFO  - 开始保存聊天消息数据
09:20:41 INFO  - 聊天消息数据保存完成，共处理条 0 数据。耗时：0时0分0秒13毫秒
09:21:41 INFO  - 开始保存聊天消息数据
09:21:41 INFO  - 聊天消息数据保存完成，共处理条 0 数据。耗时：0时0分0秒16毫秒
09:22:41 INFO  - 开始保存聊天消息数据
09:22:41 INFO  - 聊天消息数据保存完成，共处理条 0 数据。耗时：0时0分0秒15毫秒
09:23:41 INFO  - 开始保存聊天消息数据
09:23:41 INFO  - 聊天消息数据保存完成，共处理条 0 数据。耗时：0时0分0秒17毫秒
09:24:41 INFO  - 开始保存聊天消息数据
09:24:41 INFO  - 聊天消息数据保存完成，共处理条 0 数据。耗时：0时0分0秒13毫秒
09:25:41 INFO  - 开始保存聊天消息数据
09:25:41 INFO  - 聊天消息数据保存完成，共处理条 0 数据。耗时：0时0分0秒16毫秒
09:26:41 INFO  - 开始保存聊天消息数据
09:26:41 INFO  - 聊天消息数据保存完成，共处理条 0 数据。耗时：0时0分0秒13毫秒
09:27:41 INFO  - 开始保存聊天消息数据
09:27:41 INFO  - 聊天消息数据保存完成，共处理条 0 数据。耗时：0时0分0秒14毫秒
09:28:41 INFO  - 开始保存聊天消息数据
09:28:41 INFO  - 聊天消息数据保存完成，共处理条 0 数据。耗时：0时0分0秒14毫秒
09:29:41 INFO  - 开始保存聊天消息数据
09:29:41 INFO  - 聊天消息数据保存完成，共处理条 0 数据。耗时：0时0分0秒13毫秒
09:30:41 INFO  - 开始保存聊天消息数据
09:30:41 INFO  - 聊天消息数据保存完成，共处理条 0 数据。耗时：0时0分0秒12毫秒
09:31:41 INFO  - 开始保存聊天消息数据
09:31:41 INFO  - 聊天消息数据保存完成，共处理条 0 数据。耗时：0时0分0秒13毫秒
09:32:41 INFO  - 开始保存聊天消息数据
09:32:41 INFO  - 聊天消息数据保存完成，共处理条 0 数据。耗时：0时0分0秒15毫秒
09:33:41 INFO  - 开始保存聊天消息数据
09:33:41 INFO  - 聊天消息数据保存完成，共处理条 0 数据。耗时：0时0分0秒15毫秒
09:34:41 INFO  - 开始保存聊天消息数据
09:34:41 INFO  - 聊天消息数据保存完成，共处理条 1 数据。耗时：0时0分0秒98毫秒
09:35:41 INFO  - 开始保存聊天消息数据
09:35:41 INFO  - 聊天消息数据保存完成，共处理条 0 数据。耗时：0时0分0秒13毫秒
09:36:41 INFO  - 开始保存聊天消息数据
09:36:41 INFO  - 聊天消息数据保存完成，共处理条 0 数据。耗时：0时0分0秒9毫秒
09:37:41 INFO  - 开始保存聊天消息数据
09:37:41 INFO  - 聊天消息数据保存完成，共处理条 0 数据。耗时：0时0分0秒12毫秒
09:38:41 INFO  - 开始保存聊天消息数据
09:38:41 INFO  - 聊天消息数据保存完成，共处理条 0 数据。耗时：0时0分0秒14毫秒
09:39:41 INFO  - 开始保存聊天消息数据
09:39:41 INFO  - 聊天消息数据保存完成，共处理条 0 数据。耗时：0时0分0秒14毫秒
09:40:41 INFO  - 开始保存聊天消息数据
09:40:41 INFO  - 聊天消息数据保存完成，共处理条 0 数据。耗时：0时0分0秒13毫秒
09:41:41 INFO  - 开始保存聊天消息数据
09:41:41 INFO  - 聊天消息数据保存完成，共处理条 0 数据。耗时：0时0分0秒21毫秒
09:42:41 INFO  - 开始保存聊天消息数据
09:42:41 INFO  - 聊天消息数据保存完成，共处理条 0 数据。耗时：0时0分0秒14毫秒
09:43:41 INFO  - 开始保存聊天消息数据
09:43:41 INFO  - 聊天消息数据保存完成，共处理条 0 数据。耗时：0时0分0秒15毫秒
09:44:41 INFO  - 开始保存聊天消息数据
09:44:41 INFO  - 聊天消息数据保存完成，共处理条 0 数据。耗时：0时0分0秒17毫秒
09:45:41 INFO  - 开始保存聊天消息数据
09:45:41 INFO  - 聊天消息数据保存完成，共处理条 0 数据。耗时：0时0分0秒32毫秒
09:46:41 INFO  - 开始保存聊天消息数据
09:46:41 INFO  - 聊天消息数据保存完成，共处理条 0 数据。耗时：0时0分0秒12毫秒
09:47:41 INFO  - 开始保存聊天消息数据
09:47:41 INFO  - 聊天消息数据保存完成，共处理条 0 数据。耗时：0时0分0秒24毫秒
09:48:41 INFO  - 开始保存聊天消息数据
09:48:41 INFO  - 聊天消息数据保存完成，共处理条 0 数据。耗时：0时0分0秒34毫秒
09:49:41 INFO  - 开始保存聊天消息数据
09:49:41 INFO  - 聊天消息数据保存完成，共处理条 0 数据。耗时：0时0分0秒18毫秒
09:50:41 INFO  - 开始保存聊天消息数据
09:50:41 INFO  - 聊天消息数据保存完成，共处理条 0 数据。耗时：0时0分0秒13毫秒
09:51:41 INFO  - 开始保存聊天消息数据
09:51:41 INFO  - 聊天消息数据保存完成，共处理条 0 数据。耗时：0时0分0秒16毫秒
09:52:41 INFO  - 开始保存聊天消息数据
09:52:41 INFO  - 聊天消息数据保存完成，共处理条 0 数据。耗时：0时0分0秒14毫秒
09:53:41 INFO  - 开始保存聊天消息数据
09:53:41 INFO  - 聊天消息数据保存完成，共处理条 0 数据。耗时：0时0分0秒24毫秒
09:54:41 INFO  - 开始保存聊天消息数据
09:54:41 INFO  - 聊天消息数据保存完成，共处理条 0 数据。耗时：0时0分0秒17毫秒
09:55:41 INFO  - 开始保存聊天消息数据
09:55:41 INFO  - 聊天消息数据保存完成，共处理条 0 数据。耗时：0时0分0秒16毫秒
09:56:41 INFO  - 开始保存聊天消息数据
09:56:41 INFO  - 聊天消息数据保存完成，共处理条 0 数据。耗时：0时0分0秒13毫秒
09:57:41 INFO  - 开始保存聊天消息数据
09:57:41 INFO  - 聊天消息数据保存完成，共处理条 0 数据。耗时：0时0分0秒12毫秒
09:58:41 INFO  - 开始保存聊天消息数据
09:58:41 INFO  - 聊天消息数据保存完成，共处理条 0 数据。耗时：0时0分0秒15毫秒
09:59:41 INFO  - 开始保存聊天消息数据
09:59:41 INFO  - 聊天消息数据保存完成，共处理条 0 数据。耗时：0时0分0秒9毫秒
10:00:41 INFO  - 开始保存聊天消息数据
10:00:41 INFO  - 聊天消息数据保存完成，共处理条 0 数据。耗时：0时0分0秒18毫秒
10:01:41 INFO  - 开始保存聊天消息数据
10:01:41 INFO  - 聊天消息数据保存完成，共处理条 0 数据。耗时：0时0分0秒13毫秒
10:02:41 INFO  - 开始保存聊天消息数据
10:02:41 INFO  - 聊天消息数据保存完成，共处理条 0 数据。耗时：0时0分0秒22毫秒
10:03:41 INFO  - 开始保存聊天消息数据
10:03:41 INFO  - 聊天消息数据保存完成，共处理条 0 数据。耗时：0时0分0秒14毫秒
10:04:41 INFO  - 开始保存聊天消息数据
10:04:41 INFO  - 聊天消息数据保存完成，共处理条 0 数据。耗时：0时0分0秒13毫秒
10:05:41 INFO  - 开始保存聊天消息数据
10:05:41 INFO  - 聊天消息数据保存完成，共处理条 0 数据。耗时：0时0分0秒15毫秒
10:06:41 INFO  - 开始保存聊天消息数据
10:06:41 INFO  - 聊天消息数据保存完成，共处理条 0 数据。耗时：0时0分0秒15毫秒
10:07:41 INFO  - 开始保存聊天消息数据
10:07:41 INFO  - 聊天消息数据保存完成，共处理条 0 数据。耗时：0时0分0秒16毫秒
10:08:41 INFO  - 开始保存聊天消息数据
10:08:41 INFO  - 聊天消息数据保存完成，共处理条 0 数据。耗时：0时0分0秒15毫秒
10:09:41 INFO  - 开始保存聊天消息数据
10:09:41 INFO  - 聊天消息数据保存完成，共处理条 0 数据。耗时：0时0分0秒17毫秒
10:10:41 INFO  - 开始保存聊天消息数据
10:10:41 INFO  - 聊天消息数据保存完成，共处理条 0 数据。耗时：0时0分0秒18毫秒
10:11:41 INFO  - 开始保存聊天消息数据
10:11:41 INFO  - 聊天消息数据保存完成，共处理条 0 数据。耗时：0时0分0秒25毫秒
10:12:41 INFO  - 开始保存聊天消息数据
10:12:41 INFO  - 聊天消息数据保存完成，共处理条 0 数据。耗时：0时0分0秒12毫秒
10:13:41 INFO  - 开始保存聊天消息数据
10:13:41 INFO  - 聊天消息数据保存完成，共处理条 0 数据。耗时：0时0分0秒16毫秒
10:14:41 INFO  - 开始保存聊天消息数据
10:14:41 INFO  - 聊天消息数据保存完成，共处理条 0 数据。耗时：0时0分0秒17毫秒
10:15:41 INFO  - 开始保存聊天消息数据
10:15:41 INFO  - 聊天消息数据保存完成，共处理条 0 数据。耗时：0时0分0秒16毫秒
10:16:41 INFO  - 开始保存聊天消息数据
10:16:41 INFO  - 聊天消息数据保存完成，共处理条 0 数据。耗时：0时0分0秒16毫秒
10:17:41 INFO  - 开始保存聊天消息数据
10:17:41 INFO  - 聊天消息数据保存完成，共处理条 0 数据。耗时：0时0分0秒149毫秒
10:18:41 INFO  - 开始保存聊天消息数据
10:18:41 INFO  - 聊天消息数据保存完成，共处理条 0 数据。耗时：0时0分0秒17毫秒
10:19:41 INFO  - 开始保存聊天消息数据
10:19:41 INFO  - 聊天消息数据保存完成，共处理条 0 数据。耗时：0时0分0秒13毫秒
10:20:41 INFO  - 开始保存聊天消息数据
10:20:41 INFO  - 聊天消息数据保存完成，共处理条 0 数据。耗时：0时0分0秒16毫秒
10:21:41 INFO  - 开始保存聊天消息数据
10:21:41 INFO  - 聊天消息数据保存完成，共处理条 0 数据。耗时：0时0分0秒13毫秒
10:22:41 INFO  - 开始保存聊天消息数据
10:22:41 INFO  - 聊天消息数据保存完成，共处理条 0 数据。耗时：0时0分0秒17毫秒
10:23:41 INFO  - 开始保存聊天消息数据
10:23:41 INFO  - 聊天消息数据保存完成，共处理条 0 数据。耗时：0时0分0秒16毫秒
10:24:41 INFO  - 开始保存聊天消息数据
10:24:41 INFO  - 聊天消息数据保存完成，共处理条 0 数据。耗时：0时0分0秒18毫秒
10:25:41 INFO  - 开始保存聊天消息数据
10:25:41 INFO  - 聊天消息数据保存完成，共处理条 0 数据。耗时：0时0分0秒16毫秒
10:26:41 INFO  - 开始保存聊天消息数据
10:26:41 INFO  - 聊天消息数据保存完成，共处理条 0 数据。耗时：0时0分0秒16毫秒
10:27:41 INFO  - 开始保存聊天消息数据
10:27:41 INFO  - 聊天消息数据保存完成，共处理条 0 数据。耗时：0时0分0秒13毫秒
10:28:41 INFO  - 开始保存聊天消息数据
10:28:41 INFO  - 聊天消息数据保存完成，共处理条 0 数据。耗时：0时0分0秒14毫秒
10:29:41 INFO  - 开始保存聊天消息数据
10:29:41 INFO  - 聊天消息数据保存完成，共处理条 0 数据。耗时：0时0分0秒16毫秒
10:30:41 INFO  - 开始保存聊天消息数据
10:30:41 INFO  - 聊天消息数据保存完成，共处理条 0 数据。耗时：0时0分0秒16毫秒
10:31:41 INFO  - 开始保存聊天消息数据
10:31:41 INFO  - 聊天消息数据保存完成，共处理条 0 数据。耗时：0时0分0秒13毫秒
10:32:41 INFO  - 开始保存聊天消息数据
10:32:41 INFO  - 聊天消息数据保存完成，共处理条 0 数据。耗时：0时0分0秒18毫秒
10:33:41 INFO  - 开始保存聊天消息数据
10:33:41 INFO  - 聊天消息数据保存完成，共处理条 0 数据。耗时：0时0分0秒13毫秒
10:34:41 INFO  - 开始保存聊天消息数据
10:34:41 INFO  - 聊天消息数据保存完成，共处理条 0 数据。耗时：0时0分0秒12毫秒
10:35:41 INFO  - 开始保存聊天消息数据
10:35:41 INFO  - 聊天消息数据保存完成，共处理条 0 数据。耗时：0时0分0秒13毫秒
10:36:41 INFO  - 开始保存聊天消息数据
10:36:41 INFO  - 聊天消息数据保存完成，共处理条 0 数据。耗时：0时0分0秒12毫秒
10:37:41 INFO  - 开始保存聊天消息数据
10:37:41 INFO  - 聊天消息数据保存完成，共处理条 0 数据。耗时：0时0分0秒19毫秒
10:38:41 INFO  - 开始保存聊天消息数据
10:38:41 INFO  - 聊天消息数据保存完成，共处理条 0 数据。耗时：0时0分0秒12毫秒
14:01:07 INFO  - hzl 成功登录Openfire
14:01:07 INFO  - 开始保存聊天消息数据
14:01:08 INFO  - 聊天消息数据保存完成，共处理条 0 数据。耗时：0时0分0秒832毫秒
14:01:39 INFO  - Executed action GD.API.Controllers.Mall.MallController.GetMyShoppingCarTotal (API) in 226ms
14:01:39 INFO  - Executed action GD.API.Controllers.Utility.ArticleController.GetHomeHeadlineAsync (API) in 181ms
14:01:40 INFO  - Executed action GD.API.Controllers.Manager.RecommendController.GetHomeRecommendAsync (API) in 318ms
14:01:40 INFO  - Executed action GD.API.Controllers.Manager.BannerController.GetHomeBannerAsync (API) in 85ms
14:01:40 INFO  - Executed action GD.API.Controllers.Doctor.HospitalController.GetHospitalPageListAsync (API) in 437ms
14:01:40 INFO  - Executed action GD.API.Controllers.FAQs.FAQsClientController.GetFAQsTrendsAsync (API) in 127ms
14:01:40 INFO  - Executed action GD.API.Controllers.Utility.ArticleController.GetClientRecommandArticleListAsync (API) in 533ms
14:01:40 INFO  - Executed action GD.API.Controllers.Consumer.ConsumerController.GetClientWechatJSSDKSignatureAsync (API) in 622ms
14:01:48 INFO  - Executed action GD.API.Controllers.Manager.BannerController.GetHomeBannerAsync (API) in 33ms
14:01:48 INFO  - Executed action GD.API.Controllers.Mall.MallController.GetMyShoppingCarTotal (API) in 45ms
14:01:48 INFO  - Executed action GD.API.Controllers.Utility.ArticleController.GetHomeHeadlineAsync (API) in 97ms
14:01:48 INFO  - Executed action GD.API.Controllers.Doctor.HospitalController.GetHospitalPageListAsync (API) in 97ms
14:01:48 INFO  - Executed action GD.API.Controllers.FAQs.FAQsClientController.GetFAQsTrendsAsync (API) in 39ms
14:01:48 INFO  - Executed action GD.API.Controllers.Utility.ArticleController.GetClientRecommandArticleListAsync (API) in 92ms
14:01:48 INFO  - Executed action GD.API.Controllers.Manager.RecommendController.GetHomeRecommendAsync (API) in 96ms
14:01:49 INFO  - Executed action GD.API.Controllers.Consumer.ConsumerController.GetClientWechatJSSDKSignatureAsync (API) in 287ms
14:02:07 INFO  - 开始保存聊天消息数据
14:02:07 INFO  - 聊天消息数据保存完成，共处理条 0 数据。耗时：0时0分0秒10毫秒
14:03:07 INFO  - 开始保存聊天消息数据
14:03:07 INFO  - 聊天消息数据保存完成，共处理条 0 数据。耗时：0时0分0秒10毫秒
14:04:07 INFO  - 开始保存聊天消息数据
14:04:07 INFO  - 聊天消息数据保存完成，共处理条 0 数据。耗时：0时0分0秒16毫秒
14:05:07 INFO  - 开始保存聊天消息数据
14:05:07 INFO  - 聊天消息数据保存完成，共处理条 0 数据。耗时：0时0分0秒10毫秒
14:06:07 INFO  - 开始保存聊天消息数据
14:06:07 INFO  - 聊天消息数据保存完成，共处理条 0 数据。耗时：0时0分0秒10毫秒
14:07:07 INFO  - 开始保存聊天消息数据
14:07:07 INFO  - 聊天消息数据保存完成，共处理条 0 数据。耗时：0时0分0秒10毫秒
14:08:07 INFO  - 开始保存聊天消息数据
14:08:07 INFO  - 聊天消息数据保存完成，共处理条 0 数据。耗时：0时0分0秒11毫秒
14:09:07 INFO  - 开始保存聊天消息数据
14:09:07 INFO  - 聊天消息数据保存完成，共处理条 0 数据。耗时：0时0分0秒10毫秒
14:10:07 INFO  - 开始保存聊天消息数据
14:10:07 INFO  - 聊天消息数据保存完成，共处理条 0 数据。耗时：0时0分0秒10毫秒
14:11:07 INFO  - 开始保存聊天消息数据
14:11:07 INFO  - 聊天消息数据保存完成，共处理条 0 数据。耗时：0时0分0秒11毫秒
14:12:07 INFO  - 开始保存聊天消息数据
14:12:07 INFO  - 聊天消息数据保存完成，共处理条 0 数据。耗时：0时0分0秒14毫秒
14:13:07 INFO  - 开始保存聊天消息数据
14:13:07 INFO  - 聊天消息数据保存完成，共处理条 0 数据。耗时：0时0分0秒11毫秒
14:14:07 INFO  - 开始保存聊天消息数据
14:14:07 INFO  - 聊天消息数据保存完成，共处理条 0 数据。耗时：0时0分0秒14毫秒
14:15:07 INFO  - 开始保存聊天消息数据
14:15:07 INFO  - 聊天消息数据保存完成，共处理条 0 数据。耗时：0时0分0秒12毫秒
14:16:07 INFO  - 开始保存聊天消息数据
14:16:07 INFO  - 聊天消息数据保存完成，共处理条 0 数据。耗时：0时0分0秒9毫秒
14:17:07 INFO  - 开始保存聊天消息数据
14:17:07 INFO  - 聊天消息数据保存完成，共处理条 0 数据。耗时：0时0分0秒14毫秒
14:18:07 INFO  - 开始保存聊天消息数据
14:18:07 INFO  - 聊天消息数据保存完成，共处理条 0 数据。耗时：0时0分0秒15毫秒
14:19:07 INFO  - 开始保存聊天消息数据
14:19:07 INFO  - 聊天消息数据保存完成，共处理条 0 数据。耗时：0时0分0秒6毫秒
14:20:07 INFO  - 开始保存聊天消息数据
14:20:07 INFO  - 聊天消息数据保存完成，共处理条 0 数据。耗时：0时0分0秒10毫秒
14:21:07 INFO  - 开始保存聊天消息数据
14:21:07 INFO  - 聊天消息数据保存完成，共处理条 0 数据。耗时：0时0分0秒10毫秒
14:22:07 INFO  - 开始保存聊天消息数据
14:22:07 INFO  - 聊天消息数据保存完成，共处理条 1 数据。耗时：0时0分0秒171毫秒
14:23:07 INFO  - 开始保存聊天消息数据
14:23:07 INFO  - 聊天消息数据保存完成，共处理条 0 数据。耗时：0时0分0秒14毫秒
14:24:07 INFO  - 开始保存聊天消息数据
14:24:07 INFO  - 聊天消息数据保存完成，共处理条 0 数据。耗时：0时0分0秒14毫秒
14:25:07 INFO  - 开始保存聊天消息数据
14:25:07 INFO  - 聊天消息数据保存完成，共处理条 0 数据。耗时：0时0分0秒12毫秒
14:26:07 INFO  - 开始保存聊天消息数据
14:26:07 INFO  - 聊天消息数据保存完成，共处理条 0 数据。耗时：0时0分0秒15毫秒
14:27:07 INFO  - 开始保存聊天消息数据
14:27:07 INFO  - 聊天消息数据保存完成，共处理条 0 数据。耗时：0时0分0秒25毫秒
14:28:07 INFO  - 开始保存聊天消息数据
14:28:07 INFO  - 聊天消息数据保存完成，共处理条 0 数据。耗时：0时0分0秒10毫秒
14:29:07 INFO  - 开始保存聊天消息数据
14:29:07 INFO  - 聊天消息数据保存完成，共处理条 1 数据。耗时：0时0分0秒104毫秒
14:30:07 INFO  - 开始保存聊天消息数据
14:30:07 INFO  - 聊天消息数据保存完成，共处理条 0 数据。耗时：0时0分0秒14毫秒
14:31:07 INFO  - 开始保存聊天消息数据
14:31:07 INFO  - 聊天消息数据保存完成，共处理条 0 数据。耗时：0时0分0秒10毫秒
14:32:07 INFO  - 开始保存聊天消息数据
14:32:07 INFO  - 聊天消息数据保存完成，共处理条 0 数据。耗时：0时0分0秒11毫秒
14:33:07 INFO  - 开始保存聊天消息数据
14:33:07 INFO  - 聊天消息数据保存完成，共处理条 0 数据。耗时：0时0分0秒11毫秒
14:34:07 INFO  - 开始保存聊天消息数据
14:34:07 INFO  - 聊天消息数据保存完成，共处理条 0 数据。耗时：0时0分0秒11毫秒
14:35:07 INFO  - 开始保存聊天消息数据
14:35:07 INFO  - 聊天消息数据保存完成，共处理条 0 数据。耗时：0时0分0秒12毫秒
