14:55:05 ERROR - ::1
14:55:05 ERROR - MySql.Data.MySqlClient.MySqlException (0x80004005): Column 'dimension_guid' cannot be null
   at GD.DataAccess.MySqlHelper.TransactionAsync(Func`3 func)
   at GD.Manager.Questionnaire.QuestionnaireQuestionBiz.CreateQuestionnaireQuestionAsync(QuestionnaireQuestionModel question, List`1 answers, Boolean isCreate) in D:\WorkProjects\MultiServices\trunk\BackEnd\Medical\MedicalManager\Manager\Questionnaire\QuestionnaireQuestionBiz.cs:line 43
   at GD.API.Controllers.Questionnaire.QuestionnaireController.CreateQuestionnaireQuestionAsync(CreateQuestionnaireQuestionRequestDto requestDto) in D:\WorkProjects\MultiServices\trunk\BackEnd\Medical\MedicalManager\API\Controllers\Questionnaire\QuestionnaireController.cs:line 301
   at Microsoft.AspNetCore.Mvc.Internal.ActionMethodExecutor.TaskOfIActionResultExecutor.Execute(IActionResultTypeMapper mapper, ObjectMethodExecutor executor, Object controller, Object[] arguments)
   at Microsoft.AspNetCore.Mvc.Internal.ControllerActionInvoker.InvokeActionMethodAsync()
   at Microsoft.AspNetCore.Mvc.Internal.ControllerActionInvoker.InvokeNextActionFilterAsync()
   at Microsoft.AspNetCore.Mvc.Internal.ControllerActionInvoker.Rethrow(ActionExecutedContext context)
   at Microsoft.AspNetCore.Mvc.Internal.ControllerActionInvoker.Next(State& next, Scope& scope, Object& state, Boolean& isCompleted)
   at Microsoft.AspNetCore.Mvc.Internal.ControllerActionInvoker.InvokeInnerFilterAsync()
   at Microsoft.AspNetCore.Mvc.Internal.ResourceInvoker.InvokeNextExceptionFilterAsync()
15:02:34 ERROR - ::1
15:02:34 ERROR - MySql.Data.MySqlClient.MySqlException (0x80004005): Column 'dimension_guid' cannot be null
   at GD.DataAccess.MySqlHelper.TransactionAsync(Func`3 func)
   at GD.Manager.Questionnaire.QuestionnaireQuestionBiz.CreateQuestionnaireQuestionAsync(QuestionnaireQuestionModel question, List`1 answers, Boolean isCreate) in D:\WorkProjects\MultiServices\trunk\BackEnd\Medical\MedicalManager\Manager\Questionnaire\QuestionnaireQuestionBiz.cs:line 43
   at GD.API.Controllers.Questionnaire.QuestionnaireController.CreateQuestionnaireQuestionAsync(CreateQuestionnaireQuestionRequestDto requestDto) in D:\WorkProjects\MultiServices\trunk\BackEnd\Medical\MedicalManager\API\Controllers\Questionnaire\QuestionnaireController.cs:line 301
   at Microsoft.AspNetCore.Mvc.Internal.ActionMethodExecutor.TaskOfIActionResultExecutor.Execute(IActionResultTypeMapper mapper, ObjectMethodExecutor executor, Object controller, Object[] arguments)
   at Microsoft.AspNetCore.Mvc.Internal.ControllerActionInvoker.InvokeActionMethodAsync()
   at Microsoft.AspNetCore.Mvc.Internal.ControllerActionInvoker.InvokeNextActionFilterAsync()
   at Microsoft.AspNetCore.Mvc.Internal.ControllerActionInvoker.Rethrow(ActionExecutedContext context)
   at Microsoft.AspNetCore.Mvc.Internal.ControllerActionInvoker.Next(State& next, Scope& scope, Object& state, Boolean& isCompleted)
   at Microsoft.AspNetCore.Mvc.Internal.ControllerActionInvoker.InvokeInnerFilterAsync()
   at Microsoft.AspNetCore.Mvc.Internal.ResourceInvoker.InvokeNextExceptionFilterAsync()
15:14:21 ERROR - ::1
15:14:21 ERROR - MySql.Data.MySqlClient.MySqlException (0x80004005): Column 'dimension_guid' cannot be null
   at GD.DataAccess.MySqlHelper.TransactionAsync(Func`3 func)
   at GD.Manager.Questionnaire.QuestionnaireQuestionBiz.CreateQuestionnaireQuestionAsync(QuestionnaireQuestionModel question, List`1 answers, Boolean isCreate) in D:\WorkProjects\MultiServices\trunk\BackEnd\Medical\MedicalManager\Manager\Questionnaire\QuestionnaireQuestionBiz.cs:line 43
   at GD.API.Controllers.Questionnaire.QuestionnaireController.CreateQuestionnaireQuestionAsync(CreateQuestionnaireQuestionRequestDto requestDto) in D:\WorkProjects\MultiServices\trunk\BackEnd\Medical\MedicalManager\API\Controllers\Questionnaire\QuestionnaireController.cs:line 301
   at Microsoft.AspNetCore.Mvc.Internal.ActionMethodExecutor.TaskOfIActionResultExecutor.Execute(IActionResultTypeMapper mapper, ObjectMethodExecutor executor, Object controller, Object[] arguments)
   at Microsoft.AspNetCore.Mvc.Internal.ControllerActionInvoker.InvokeActionMethodAsync()
   at Microsoft.AspNetCore.Mvc.Internal.ControllerActionInvoker.InvokeNextActionFilterAsync()
   at Microsoft.AspNetCore.Mvc.Internal.ControllerActionInvoker.Rethrow(ActionExecutedContext context)
   at Microsoft.AspNetCore.Mvc.Internal.ControllerActionInvoker.Next(State& next, Scope& scope, Object& state, Boolean& isCompleted)
   at Microsoft.AspNetCore.Mvc.Internal.ControllerActionInvoker.InvokeInnerFilterAsync()
   at Microsoft.AspNetCore.Mvc.Internal.ResourceInvoker.InvokeNextExceptionFilterAsync()
15:19:20 ERROR - ::1
15:19:20 ERROR - MySql.Data.MySqlClient.MySqlException (0x80004005): Column 'dimension_guid' cannot be null
   at GD.DataAccess.MySqlHelper.TransactionAsync(Func`3 func)
   at GD.Manager.Questionnaire.QuestionnaireQuestionBiz.CreateQuestionnaireQuestionAsync(QuestionnaireQuestionModel question, List`1 answers, Boolean isCreate) in D:\WorkProjects\MultiServices\trunk\BackEnd\Medical\MedicalManager\Manager\Questionnaire\QuestionnaireQuestionBiz.cs:line 43
   at GD.API.Controllers.Questionnaire.QuestionnaireController.CreateQuestionnaireQuestionAsync(CreateQuestionnaireQuestionRequestDto requestDto) in D:\WorkProjects\MultiServices\trunk\BackEnd\Medical\MedicalManager\API\Controllers\Questionnaire\QuestionnaireController.cs:line 301
   at Microsoft.AspNetCore.Mvc.Internal.ActionMethodExecutor.TaskOfIActionResultExecutor.Execute(IActionResultTypeMapper mapper, ObjectMethodExecutor executor, Object controller, Object[] arguments)
   at Microsoft.AspNetCore.Mvc.Internal.ControllerActionInvoker.InvokeActionMethodAsync()
   at Microsoft.AspNetCore.Mvc.Internal.ControllerActionInvoker.InvokeNextActionFilterAsync()
   at Microsoft.AspNetCore.Mvc.Internal.ControllerActionInvoker.Rethrow(ActionExecutedContext context)
   at Microsoft.AspNetCore.Mvc.Internal.ControllerActionInvoker.Next(State& next, Scope& scope, Object& state, Boolean& isCompleted)
   at Microsoft.AspNetCore.Mvc.Internal.ControllerActionInvoker.InvokeInnerFilterAsync()
   at Microsoft.AspNetCore.Mvc.Internal.ResourceInvoker.InvokeNextExceptionFilterAsync()
15:21:45 ERROR - ::1
15:21:45 ERROR - MySql.Data.MySqlClient.MySqlException (0x80004005): Unknown column 'QuestionGuid' in 'where clause'
   at GD.DataAccess.MySqlHelper.TransactionAsync(Func`3 func)
   at GD.Manager.Questionnaire.QuestionnaireQuestionBiz.CreateQuestionnaireQuestionAsync(QuestionnaireQuestionModel question, List`1 answers, Boolean isCreate) in D:\WorkProjects\MultiServices\trunk\BackEnd\Medical\MedicalManager\Manager\Questionnaire\QuestionnaireQuestionBiz.cs:line 43
   at GD.API.Controllers.Questionnaire.QuestionnaireController.CreateQuestionnaireQuestionAsync(CreateQuestionnaireQuestionRequestDto requestDto) in D:\WorkProjects\MultiServices\trunk\BackEnd\Medical\MedicalManager\API\Controllers\Questionnaire\QuestionnaireController.cs:line 301
   at Microsoft.AspNetCore.Mvc.Internal.ActionMethodExecutor.TaskOfIActionResultExecutor.Execute(IActionResultTypeMapper mapper, ObjectMethodExecutor executor, Object controller, Object[] arguments)
   at Microsoft.AspNetCore.Mvc.Internal.ControllerActionInvoker.InvokeActionMethodAsync()
   at Microsoft.AspNetCore.Mvc.Internal.ControllerActionInvoker.InvokeNextActionFilterAsync()
   at Microsoft.AspNetCore.Mvc.Internal.ControllerActionInvoker.Rethrow(ActionExecutedContext context)
   at Microsoft.AspNetCore.Mvc.Internal.ControllerActionInvoker.Next(State& next, Scope& scope, Object& state, Boolean& isCompleted)
   at Microsoft.AspNetCore.Mvc.Internal.ControllerActionInvoker.InvokeInnerFilterAsync()
   at Microsoft.AspNetCore.Mvc.Internal.ResourceInvoker.InvokeNextExceptionFilterAsync()
15:24:17 ERROR - ::1
15:24:17 ERROR - MySql.Data.MySqlClient.MySqlException (0x80004005): Unknown column 'QuestionGuid' in 'where clause'
   at GD.DataAccess.MySqlHelper.TransactionAsync(Func`3 func)
   at GD.Manager.Questionnaire.QuestionnaireQuestionBiz.CreateQuestionnaireQuestionAsync(QuestionnaireQuestionModel question, List`1 answers, Boolean isCreate) in D:\WorkProjects\MultiServices\trunk\BackEnd\Medical\MedicalManager\Manager\Questionnaire\QuestionnaireQuestionBiz.cs:line 43
   at GD.API.Controllers.Questionnaire.QuestionnaireController.CreateQuestionnaireQuestionAsync(CreateQuestionnaireQuestionRequestDto requestDto) in D:\WorkProjects\MultiServices\trunk\BackEnd\Medical\MedicalManager\API\Controllers\Questionnaire\QuestionnaireController.cs:line 301
   at Microsoft.AspNetCore.Mvc.Internal.ActionMethodExecutor.TaskOfIActionResultExecutor.Execute(IActionResultTypeMapper mapper, ObjectMethodExecutor executor, Object controller, Object[] arguments)
   at Microsoft.AspNetCore.Mvc.Internal.ControllerActionInvoker.InvokeActionMethodAsync()
   at Microsoft.AspNetCore.Mvc.Internal.ControllerActionInvoker.InvokeNextActionFilterAsync()
   at Microsoft.AspNetCore.Mvc.Internal.ControllerActionInvoker.Rethrow(ActionExecutedContext context)
   at Microsoft.AspNetCore.Mvc.Internal.ControllerActionInvoker.Next(State& next, Scope& scope, Object& state, Boolean& isCompleted)
   at Microsoft.AspNetCore.Mvc.Internal.ControllerActionInvoker.InvokeInnerFilterAsync()
   at Microsoft.AspNetCore.Mvc.Internal.ResourceInvoker.InvokeNextExceptionFilterAsync()
15:25:47 ERROR - ::1
15:25:47 ERROR - MySql.Data.MySqlClient.MySqlException (0x80004005): Data truncated for column 'question_guid' at row 1
   at GD.DataAccess.MySqlHelper.TransactionAsync(Func`3 func)
   at GD.Manager.Questionnaire.QuestionnaireQuestionBiz.CreateQuestionnaireQuestionAsync(QuestionnaireQuestionModel question, List`1 answers, Boolean isCreate) in D:\WorkProjects\MultiServices\trunk\BackEnd\Medical\MedicalManager\Manager\Questionnaire\QuestionnaireQuestionBiz.cs:line 43
   at GD.API.Controllers.Questionnaire.QuestionnaireController.CreateQuestionnaireQuestionAsync(CreateQuestionnaireQuestionRequestDto requestDto) in D:\WorkProjects\MultiServices\trunk\BackEnd\Medical\MedicalManager\API\Controllers\Questionnaire\QuestionnaireController.cs:line 301
   at Microsoft.AspNetCore.Mvc.Internal.ActionMethodExecutor.TaskOfIActionResultExecutor.Execute(IActionResultTypeMapper mapper, ObjectMethodExecutor executor, Object controller, Object[] arguments)
   at Microsoft.AspNetCore.Mvc.Internal.ControllerActionInvoker.InvokeActionMethodAsync()
   at Microsoft.AspNetCore.Mvc.Internal.ControllerActionInvoker.InvokeNextActionFilterAsync()
   at Microsoft.AspNetCore.Mvc.Internal.ControllerActionInvoker.Rethrow(ActionExecutedContext context)
   at Microsoft.AspNetCore.Mvc.Internal.ControllerActionInvoker.Next(State& next, Scope& scope, Object& state, Boolean& isCompleted)
   at Microsoft.AspNetCore.Mvc.Internal.ControllerActionInvoker.InvokeInnerFilterAsync()
   at Microsoft.AspNetCore.Mvc.Internal.ResourceInvoker.InvokeNextExceptionFilterAsync()
15:31:51 ERROR - ::1
15:31:51 ERROR - MySql.Data.MySqlClient.MySqlException (0x80004005): Incorrect integer value: 'af37ba8c4fee4b74908cf08873291fa3' for column 'question_guid' at row 1
   at GD.DataAccess.MySqlHelper.TransactionAsync(Func`3 func)
   at GD.Manager.Questionnaire.QuestionnaireQuestionBiz.CreateQuestionnaireQuestionAsync(QuestionnaireQuestionModel question, List`1 answers, Boolean isCreate) in D:\WorkProjects\MultiServices\trunk\BackEnd\Medical\MedicalManager\Manager\Questionnaire\QuestionnaireQuestionBiz.cs:line 40
   at GD.API.Controllers.Questionnaire.QuestionnaireController.CreateQuestionnaireQuestionAsync(CreateQuestionnaireQuestionRequestDto requestDto) in D:\WorkProjects\MultiServices\trunk\BackEnd\Medical\MedicalManager\API\Controllers\Questionnaire\QuestionnaireController.cs:line 301
   at Microsoft.AspNetCore.Mvc.Internal.ActionMethodExecutor.TaskOfIActionResultExecutor.Execute(IActionResultTypeMapper mapper, ObjectMethodExecutor executor, Object controller, Object[] arguments)
   at Microsoft.AspNetCore.Mvc.Internal.ControllerActionInvoker.InvokeActionMethodAsync()
   at Microsoft.AspNetCore.Mvc.Internal.ControllerActionInvoker.InvokeNextActionFilterAsync()
   at Microsoft.AspNetCore.Mvc.Internal.ControllerActionInvoker.Rethrow(ActionExecutedContext context)
   at Microsoft.AspNetCore.Mvc.Internal.ControllerActionInvoker.Next(State& next, Scope& scope, Object& state, Boolean& isCompleted)
   at Microsoft.AspNetCore.Mvc.Internal.ControllerActionInvoker.InvokeInnerFilterAsync()
   at Microsoft.AspNetCore.Mvc.Internal.ResourceInvoker.InvokeNextExceptionFilterAsync()
17:36:25 ERROR - ::1
17:36:25 ERROR - MySql.Data.MySqlClient.MySqlException (0x80004005): Column 'answer_label' cannot be null
   at GD.DataAccess.MySqlHelper.TransactionAsync(Func`3 func)
   at GD.Manager.Questionnaire.QuestionnaireQuestionBiz.CreateQuestionnaireQuestionAsync(QuestionnaireQuestionModel question, List`1 answers, Boolean isCreate) in D:\WorkProjects\MultiServices\trunk\BackEnd\Medical\MedicalManager\Manager\Questionnaire\QuestionnaireQuestionBiz.cs:line 40
   at GD.API.Controllers.Questionnaire.QuestionnaireController.CreateQuestionnaireQuestionAsync(CreateQuestionnaireQuestionRequestDto requestDto) in D:\WorkProjects\MultiServices\trunk\BackEnd\Medical\MedicalManager\API\Controllers\Questionnaire\QuestionnaireController.cs:line 326
   at Microsoft.AspNetCore.Mvc.Internal.ActionMethodExecutor.TaskOfIActionResultExecutor.Execute(IActionResultTypeMapper mapper, ObjectMethodExecutor executor, Object controller, Object[] arguments)
   at Microsoft.AspNetCore.Mvc.Internal.ControllerActionInvoker.InvokeActionMethodAsync()
   at Microsoft.AspNetCore.Mvc.Internal.ControllerActionInvoker.InvokeNextActionFilterAsync()
   at Microsoft.AspNetCore.Mvc.Internal.ControllerActionInvoker.Rethrow(ActionExecutedContext context)
   at Microsoft.AspNetCore.Mvc.Internal.ControllerActionInvoker.Next(State& next, Scope& scope, Object& state, Boolean& isCompleted)
   at Microsoft.AspNetCore.Mvc.Internal.ControllerActionInvoker.InvokeInnerFilterAsync()
   at Microsoft.AspNetCore.Mvc.Internal.ResourceInvoker.InvokeNextExceptionFilterAsync()
17:44:02 ERROR - ::1
17:44:02 ERROR - MySql.Data.MySqlClient.MySqlException (0x80004005): Column 'answer_label' cannot be null
   at GD.DataAccess.MySqlHelper.TransactionAsync(Func`3 func)
   at GD.Manager.Questionnaire.QuestionnaireQuestionBiz.CreateQuestionnaireQuestionAsync(QuestionnaireQuestionModel question, List`1 answers, Boolean isCreate) in D:\WorkProjects\MultiServices\trunk\BackEnd\Medical\MedicalManager\Manager\Questionnaire\QuestionnaireQuestionBiz.cs:line 40
   at GD.API.Controllers.Questionnaire.QuestionnaireController.CreateQuestionnaireQuestionAsync(CreateQuestionnaireQuestionRequestDto requestDto) in D:\WorkProjects\MultiServices\trunk\BackEnd\Medical\MedicalManager\API\Controllers\Questionnaire\QuestionnaireController.cs:line 326
   at Microsoft.AspNetCore.Mvc.Internal.ActionMethodExecutor.TaskOfIActionResultExecutor.Execute(IActionResultTypeMapper mapper, ObjectMethodExecutor executor, Object controller, Object[] arguments)
   at Microsoft.AspNetCore.Mvc.Internal.ControllerActionInvoker.InvokeActionMethodAsync()
   at Microsoft.AspNetCore.Mvc.Internal.ControllerActionInvoker.InvokeNextActionFilterAsync()
   at Microsoft.AspNetCore.Mvc.Internal.ControllerActionInvoker.Rethrow(ActionExecutedContext context)
   at Microsoft.AspNetCore.Mvc.Internal.ControllerActionInvoker.Next(State& next, Scope& scope, Object& state, Boolean& isCompleted)
   at Microsoft.AspNetCore.Mvc.Internal.ControllerActionInvoker.InvokeInnerFilterAsync()
   at Microsoft.AspNetCore.Mvc.Internal.ResourceInvoker.InvokeNextExceptionFilterAsync()
17:48:18 ERROR - ::1
17:48:18 ERROR - MySql.Data.MySqlClient.MySqlException (0x80004005): Column 'answer_label' cannot be null
   at GD.DataAccess.MySqlHelper.TransactionAsync(Func`3 func)
   at GD.Manager.Questionnaire.QuestionnaireQuestionBiz.CreateQuestionnaireQuestionAsync(QuestionnaireQuestionModel question, List`1 answers, Boolean isCreate) in D:\WorkProjects\MultiServices\trunk\BackEnd\Medical\MedicalManager\Manager\Questionnaire\QuestionnaireQuestionBiz.cs:line 40
   at GD.API.Controllers.Questionnaire.QuestionnaireController.CreateQuestionnaireQuestionAsync(CreateQuestionnaireQuestionRequestDto requestDto) in D:\WorkProjects\MultiServices\trunk\BackEnd\Medical\MedicalManager\API\Controllers\Questionnaire\QuestionnaireController.cs:line 326
   at Microsoft.AspNetCore.Mvc.Internal.ActionMethodExecutor.TaskOfIActionResultExecutor.Execute(IActionResultTypeMapper mapper, ObjectMethodExecutor executor, Object controller, Object[] arguments)
   at Microsoft.AspNetCore.Mvc.Internal.ControllerActionInvoker.InvokeActionMethodAsync()
   at Microsoft.AspNetCore.Mvc.Internal.ControllerActionInvoker.InvokeNextActionFilterAsync()
   at Microsoft.AspNetCore.Mvc.Internal.ControllerActionInvoker.Rethrow(ActionExecutedContext context)
   at Microsoft.AspNetCore.Mvc.Internal.ControllerActionInvoker.Next(State& next, Scope& scope, Object& state, Boolean& isCompleted)
   at Microsoft.AspNetCore.Mvc.Internal.ControllerActionInvoker.InvokeInnerFilterAsync()
   at Microsoft.AspNetCore.Mvc.Internal.ResourceInvoker.InvokeNextExceptionFilterAsync()
17:52:21 ERROR - ::1
17:52:21 ERROR - MySql.Data.MySqlClient.MySqlException (0x80004005): Column 'answer_label' cannot be null
   at GD.DataAccess.MySqlHelper.TransactionAsync(Func`3 func)
   at GD.Manager.Questionnaire.QuestionnaireQuestionBiz.CreateQuestionnaireQuestionAsync(QuestionnaireQuestionModel question, List`1 answers, Boolean isCreate) in D:\WorkProjects\MultiServices\trunk\BackEnd\Medical\MedicalManager\Manager\Questionnaire\QuestionnaireQuestionBiz.cs:line 40
   at GD.API.Controllers.Questionnaire.QuestionnaireController.CreateQuestionnaireQuestionAsync(CreateQuestionnaireQuestionRequestDto requestDto) in D:\WorkProjects\MultiServices\trunk\BackEnd\Medical\MedicalManager\API\Controllers\Questionnaire\QuestionnaireController.cs:line 326
   at Microsoft.AspNetCore.Mvc.Internal.ActionMethodExecutor.TaskOfIActionResultExecutor.Execute(IActionResultTypeMapper mapper, ObjectMethodExecutor executor, Object controller, Object[] arguments)
   at Microsoft.AspNetCore.Mvc.Internal.ControllerActionInvoker.InvokeActionMethodAsync()
   at Microsoft.AspNetCore.Mvc.Internal.ControllerActionInvoker.InvokeNextActionFilterAsync()
   at Microsoft.AspNetCore.Mvc.Internal.ControllerActionInvoker.Rethrow(ActionExecutedContext context)
   at Microsoft.AspNetCore.Mvc.Internal.ControllerActionInvoker.Next(State& next, Scope& scope, Object& state, Boolean& isCompleted)
   at Microsoft.AspNetCore.Mvc.Internal.ControllerActionInvoker.InvokeInnerFilterAsync()
   at Microsoft.AspNetCore.Mvc.Internal.ResourceInvoker.InvokeNextExceptionFilterAsync()
