17:49:05 ERROR - ::1
17:49:05 ERROR - MySql.Data.MySqlClient.MySqlException (0x80004005): Column 'nick_name' cannot be null
   at GD.DataAccess.MySqlHelper.TransactionAsync(Func`3 func)
   at GD.Manager.Consumer.ConsumerBiz.CreateConsumerHealthInfo(UserModel user, List`1 infosModel) in D:\WorkProjects\MultiServices\trunk\BackEnd\Medical\MedicalManager\Manager\Consumer\ConsumerBiz.cs:line 20
   at GD.API.Controllers.Health.HealthController.CreateConsumerHealthInfo(CreateConsumerRequestDto request) in D:\WorkProjects\MultiServices\trunk\BackEnd\Medical\MedicalManager\API\Controllers\Health\HealthController.cs:line 76
   at Microsoft.AspNetCore.Mvc.Internal.ActionMethodExecutor.TaskOfIActionResultExecutor.Execute(IActionResultTypeMapper mapper, ObjectMethodExecutor executor, Object controller, Object[] arguments)
   at Microsoft.AspNetCore.Mvc.Internal.ControllerActionInvoker.InvokeActionMethodAsync()
   at Microsoft.AspNetCore.Mvc.Internal.ControllerActionInvoker.InvokeNextActionFilterAsync()
   at Microsoft.AspNetCore.Mvc.Internal.ControllerActionInvoker.Rethrow(ActionExecutedContext context)
   at Microsoft.AspNetCore.Mvc.Internal.ControllerActionInvoker.Next(State& next, Scope& scope, Object& state, Boolean& isCompleted)
   at Microsoft.AspNetCore.Mvc.Internal.ControllerActionInvoker.InvokeInnerFilterAsync()
   at Microsoft.AspNetCore.Mvc.Internal.ResourceInvoker.InvokeNextExceptionFilterAsync()
17:49:51 ERROR - ::1
17:49:51 ERROR - MySql.Data.MySqlClient.MySqlException (0x80004005): Column 'nick_name' cannot be null
   at GD.DataAccess.MySqlHelper.TransactionAsync(Func`3 func)
   at GD.Manager.Consumer.ConsumerBiz.CreateConsumerHealthInfo(UserModel user, List`1 infosModel) in D:\WorkProjects\MultiServices\trunk\BackEnd\Medical\MedicalManager\Manager\Consumer\ConsumerBiz.cs:line 20
   at GD.API.Controllers.Health.HealthController.CreateConsumerHealthInfo(CreateConsumerRequestDto request) in D:\WorkProjects\MultiServices\trunk\BackEnd\Medical\MedicalManager\API\Controllers\Health\HealthController.cs:line 76
   at Microsoft.AspNetCore.Mvc.Internal.ActionMethodExecutor.TaskOfIActionResultExecutor.Execute(IActionResultTypeMapper mapper, ObjectMethodExecutor executor, Object controller, Object[] arguments)
   at Microsoft.AspNetCore.Mvc.Internal.ControllerActionInvoker.InvokeActionMethodAsync()
   at Microsoft.AspNetCore.Mvc.Internal.ControllerActionInvoker.InvokeNextActionFilterAsync()
   at Microsoft.AspNetCore.Mvc.Internal.ControllerActionInvoker.Rethrow(ActionExecutedContext context)
   at Microsoft.AspNetCore.Mvc.Internal.ControllerActionInvoker.Next(State& next, Scope& scope, Object& state, Boolean& isCompleted)
   at Microsoft.AspNetCore.Mvc.Internal.ControllerActionInvoker.InvokeInnerFilterAsync()
   at Microsoft.AspNetCore.Mvc.Internal.ResourceInvoker.InvokeNextExceptionFilterAsync()
