14:45:21 ERROR - ::1
14:45:21 ERROR - System.NullReferenceException: Object reference not set to an instance of an object.
   at GD.API.Controllers.Questionnaire.QuestionnaireController.GetQuestionnaireInfoAsync(String questionnaireGuid) in D:\WorkProjects\MultiServices\trunk\BackEnd\Medical\MedicalManager\API\Controllers\Questionnaire\QuestionnaireController.cs:line 49
   at Microsoft.AspNetCore.Mvc.Internal.ActionMethodExecutor.TaskOfIActionResultExecutor.Execute(IActionResultTypeMapper mapper, ObjectMethodExecutor executor, Object controller, Object[] arguments)
   at Microsoft.AspNetCore.Mvc.Internal.ControllerActionInvoker.InvokeActionMethodAsync()
   at Microsoft.AspNetCore.Mvc.Internal.ControllerActionInvoker.InvokeNextActionFilterAsync()
   at Microsoft.AspNetCore.Mvc.Internal.ControllerActionInvoker.Rethrow(ActionExecutedContext context)
   at Microsoft.AspNetCore.Mvc.Internal.ControllerActionInvoker.Next(State& next, Scope& scope, Object& state, Boolean& isCompleted)
   at Microsoft.AspNetCore.Mvc.Internal.ControllerActionInvoker.InvokeInnerFilterAsync()
   at Microsoft.AspNetCore.Mvc.Internal.ResourceInvoker.InvokeNextExceptionFilterAsync()
14:50:22 ERROR - ::1
14:50:22 ERROR - System.NullReferenceException: Object reference not set to an instance of an object.
   at GD.API.Controllers.Questionnaire.QuestionnaireController.GetQuestionnaireInfoAsync(String questionnaireGuid) in D:\WorkProjects\MultiServices\trunk\BackEnd\Medical\MedicalManager\API\Controllers\Questionnaire\QuestionnaireController.cs:line 49
   at Microsoft.AspNetCore.Mvc.Internal.ActionMethodExecutor.TaskOfIActionResultExecutor.Execute(IActionResultTypeMapper mapper, ObjectMethodExecutor executor, Object controller, Object[] arguments)
   at Microsoft.AspNetCore.Mvc.Internal.ControllerActionInvoker.InvokeActionMethodAsync()
   at Microsoft.AspNetCore.Mvc.Internal.ControllerActionInvoker.InvokeNextActionFilterAsync()
   at Microsoft.AspNetCore.Mvc.Internal.ControllerActionInvoker.Rethrow(ActionExecutedContext context)
   at Microsoft.AspNetCore.Mvc.Internal.ControllerActionInvoker.Next(State& next, Scope& scope, Object& state, Boolean& isCompleted)
   at Microsoft.AspNetCore.Mvc.Internal.ControllerActionInvoker.InvokeInnerFilterAsync()
   at Microsoft.AspNetCore.Mvc.Internal.ResourceInvoker.InvokeNextExceptionFilterAsync()
16:51:33 ERROR - ::1
16:51:33 ERROR - System.NullReferenceException: Object reference not set to an instance of an object.
   at GD.API.Controllers.Questionnaire.QuestionnaireController.GetQuestionnaireInfoAsync(String questionnaireGuid) in D:\WorkProjects\MultiServices\trunk\BackEnd\Medical\MedicalManager\API\Controllers\Questionnaire\QuestionnaireController.cs:line 49
   at Microsoft.AspNetCore.Mvc.Internal.ActionMethodExecutor.TaskOfIActionResultExecutor.Execute(IActionResultTypeMapper mapper, ObjectMethodExecutor executor, Object controller, Object[] arguments)
   at Microsoft.AspNetCore.Mvc.Internal.ControllerActionInvoker.InvokeActionMethodAsync()
   at Microsoft.AspNetCore.Mvc.Internal.ControllerActionInvoker.InvokeNextActionFilterAsync()
   at Microsoft.AspNetCore.Mvc.Internal.ControllerActionInvoker.Rethrow(ActionExecutedContext context)
   at Microsoft.AspNetCore.Mvc.Internal.ControllerActionInvoker.Next(State& next, Scope& scope, Object& state, Boolean& isCompleted)
   at Microsoft.AspNetCore.Mvc.Internal.ControllerActionInvoker.InvokeInnerFilterAsync()
   at Microsoft.AspNetCore.Mvc.Internal.ResourceInvoker.InvokeNextExceptionFilterAsync()
16:52:30 ERROR - ::1
16:52:30 ERROR - System.NullReferenceException: Object reference not set to an instance of an object.
   at GD.API.Controllers.Questionnaire.QuestionnaireController.GetQuestionnaireInfoAsync(String questionnaireGuid) in D:\WorkProjects\MultiServices\trunk\BackEnd\Medical\MedicalManager\API\Controllers\Questionnaire\QuestionnaireController.cs:line 49
   at Microsoft.AspNetCore.Mvc.Internal.ActionMethodExecutor.TaskOfIActionResultExecutor.Execute(IActionResultTypeMapper mapper, ObjectMethodExecutor executor, Object controller, Object[] arguments)
   at Microsoft.AspNetCore.Mvc.Internal.ControllerActionInvoker.InvokeActionMethodAsync()
   at Microsoft.AspNetCore.Mvc.Internal.ControllerActionInvoker.InvokeNextActionFilterAsync()
   at Microsoft.AspNetCore.Mvc.Internal.ControllerActionInvoker.Rethrow(ActionExecutedContext context)
   at Microsoft.AspNetCore.Mvc.Internal.ControllerActionInvoker.Next(State& next, Scope& scope, Object& state, Boolean& isCompleted)
   at Microsoft.AspNetCore.Mvc.Internal.ControllerActionInvoker.InvokeInnerFilterAsync()
   at Microsoft.AspNetCore.Mvc.Internal.ResourceInvoker.InvokeNextExceptionFilterAsync()
16:52:36 ERROR - ::1
16:52:36 ERROR - System.NullReferenceException: Object reference not set to an instance of an object.
   at GD.API.Controllers.Questionnaire.QuestionnaireController.GetQuestionnaireInfoAsync(String questionnaireGuid) in D:\WorkProjects\MultiServices\trunk\BackEnd\Medical\MedicalManager\API\Controllers\Questionnaire\QuestionnaireController.cs:line 49
   at Microsoft.AspNetCore.Mvc.Internal.ActionMethodExecutor.TaskOfIActionResultExecutor.Execute(IActionResultTypeMapper mapper, ObjectMethodExecutor executor, Object controller, Object[] arguments)
   at Microsoft.AspNetCore.Mvc.Internal.ControllerActionInvoker.InvokeActionMethodAsync()
   at Microsoft.AspNetCore.Mvc.Internal.ControllerActionInvoker.InvokeNextActionFilterAsync()
   at Microsoft.AspNetCore.Mvc.Internal.ControllerActionInvoker.Rethrow(ActionExecutedContext context)
   at Microsoft.AspNetCore.Mvc.Internal.ControllerActionInvoker.Next(State& next, Scope& scope, Object& state, Boolean& isCompleted)
   at Microsoft.AspNetCore.Mvc.Internal.ControllerActionInvoker.InvokeInnerFilterAsync()
   at Microsoft.AspNetCore.Mvc.Internal.ResourceInvoker.InvokeNextExceptionFilterAsync()
16:52:44 ERROR - ::1
16:52:44 ERROR - System.NullReferenceException: Object reference not set to an instance of an object.
   at GD.API.Controllers.Questionnaire.QuestionnaireController.GetQuestionnaireInfoAsync(String questionnaireGuid) in D:\WorkProjects\MultiServices\trunk\BackEnd\Medical\MedicalManager\API\Controllers\Questionnaire\QuestionnaireController.cs:line 49
   at Microsoft.AspNetCore.Mvc.Internal.ActionMethodExecutor.TaskOfIActionResultExecutor.Execute(IActionResultTypeMapper mapper, ObjectMethodExecutor executor, Object controller, Object[] arguments)
   at Microsoft.AspNetCore.Mvc.Internal.ControllerActionInvoker.InvokeActionMethodAsync()
   at Microsoft.AspNetCore.Mvc.Internal.ControllerActionInvoker.InvokeNextActionFilterAsync()
   at Microsoft.AspNetCore.Mvc.Internal.ControllerActionInvoker.Rethrow(ActionExecutedContext context)
   at Microsoft.AspNetCore.Mvc.Internal.ControllerActionInvoker.Next(State& next, Scope& scope, Object& state, Boolean& isCompleted)
   at Microsoft.AspNetCore.Mvc.Internal.ControllerActionInvoker.InvokeInnerFilterAsync()
   at Microsoft.AspNetCore.Mvc.Internal.ResourceInvoker.InvokeNextExceptionFilterAsync()
16:52:55 ERROR - ::1
16:52:55 ERROR - System.NullReferenceException: Object reference not set to an instance of an object.
   at GD.API.Controllers.Questionnaire.QuestionnaireController.GetQuestionnaireInfoAsync(String questionnaireGuid) in D:\WorkProjects\MultiServices\trunk\BackEnd\Medical\MedicalManager\API\Controllers\Questionnaire\QuestionnaireController.cs:line 49
   at Microsoft.AspNetCore.Mvc.Internal.ActionMethodExecutor.TaskOfIActionResultExecutor.Execute(IActionResultTypeMapper mapper, ObjectMethodExecutor executor, Object controller, Object[] arguments)
   at Microsoft.AspNetCore.Mvc.Internal.ControllerActionInvoker.InvokeActionMethodAsync()
   at Microsoft.AspNetCore.Mvc.Internal.ControllerActionInvoker.InvokeNextActionFilterAsync()
   at Microsoft.AspNetCore.Mvc.Internal.ControllerActionInvoker.Rethrow(ActionExecutedContext context)
   at Microsoft.AspNetCore.Mvc.Internal.ControllerActionInvoker.Next(State& next, Scope& scope, Object& state, Boolean& isCompleted)
   at Microsoft.AspNetCore.Mvc.Internal.ControllerActionInvoker.InvokeInnerFilterAsync()
   at Microsoft.AspNetCore.Mvc.Internal.ResourceInvoker.InvokeNextExceptionFilterAsync()
16:53:04 ERROR - ::1
16:53:04 ERROR - System.NullReferenceException: Object reference not set to an instance of an object.
   at GD.API.Controllers.Questionnaire.QuestionnaireController.GetQuestionnaireInfoAsync(String questionnaireGuid) in D:\WorkProjects\MultiServices\trunk\BackEnd\Medical\MedicalManager\API\Controllers\Questionnaire\QuestionnaireController.cs:line 49
   at Microsoft.AspNetCore.Mvc.Internal.ActionMethodExecutor.TaskOfIActionResultExecutor.Execute(IActionResultTypeMapper mapper, ObjectMethodExecutor executor, Object controller, Object[] arguments)
   at Microsoft.AspNetCore.Mvc.Internal.ControllerActionInvoker.InvokeActionMethodAsync()
   at Microsoft.AspNetCore.Mvc.Internal.ControllerActionInvoker.InvokeNextActionFilterAsync()
   at Microsoft.AspNetCore.Mvc.Internal.ControllerActionInvoker.Rethrow(ActionExecutedContext context)
   at Microsoft.AspNetCore.Mvc.Internal.ControllerActionInvoker.Next(State& next, Scope& scope, Object& state, Boolean& isCompleted)
   at Microsoft.AspNetCore.Mvc.Internal.ControllerActionInvoker.InvokeInnerFilterAsync()
   at Microsoft.AspNetCore.Mvc.Internal.ResourceInvoker.InvokeNextExceptionFilterAsync()
16:54:47 ERROR - ::1
16:54:47 ERROR - System.NullReferenceException: Object reference not set to an instance of an object.
   at GD.API.Controllers.Questionnaire.QuestionnaireController.GetQuestionnaireInfoAsync(String questionnaireGuid) in D:\WorkProjects\MultiServices\trunk\BackEnd\Medical\MedicalManager\API\Controllers\Questionnaire\QuestionnaireController.cs:line 49
   at Microsoft.AspNetCore.Mvc.Internal.ActionMethodExecutor.TaskOfIActionResultExecutor.Execute(IActionResultTypeMapper mapper, ObjectMethodExecutor executor, Object controller, Object[] arguments)
   at Microsoft.AspNetCore.Mvc.Internal.ControllerActionInvoker.InvokeActionMethodAsync()
   at Microsoft.AspNetCore.Mvc.Internal.ControllerActionInvoker.InvokeNextActionFilterAsync()
   at Microsoft.AspNetCore.Mvc.Internal.ControllerActionInvoker.Rethrow(ActionExecutedContext context)
   at Microsoft.AspNetCore.Mvc.Internal.ControllerActionInvoker.Next(State& next, Scope& scope, Object& state, Boolean& isCompleted)
   at Microsoft.AspNetCore.Mvc.Internal.ControllerActionInvoker.InvokeInnerFilterAsync()
   at Microsoft.AspNetCore.Mvc.Internal.ResourceInvoker.InvokeNextExceptionFilterAsync()
16:55:39 ERROR - ::1
16:55:39 ERROR - System.NullReferenceException: Object reference not set to an instance of an object.
   at GD.API.Controllers.Questionnaire.QuestionnaireController.GetQuestionnaireInfoAsync(String questionnaireGuid) in D:\WorkProjects\MultiServices\trunk\BackEnd\Medical\MedicalManager\API\Controllers\Questionnaire\QuestionnaireController.cs:line 49
   at Microsoft.AspNetCore.Mvc.Internal.ActionMethodExecutor.TaskOfIActionResultExecutor.Execute(IActionResultTypeMapper mapper, ObjectMethodExecutor executor, Object controller, Object[] arguments)
   at Microsoft.AspNetCore.Mvc.Internal.ControllerActionInvoker.InvokeActionMethodAsync()
   at Microsoft.AspNetCore.Mvc.Internal.ControllerActionInvoker.InvokeNextActionFilterAsync()
   at Microsoft.AspNetCore.Mvc.Internal.ControllerActionInvoker.Rethrow(ActionExecutedContext context)
   at Microsoft.AspNetCore.Mvc.Internal.ControllerActionInvoker.Next(State& next, Scope& scope, Object& state, Boolean& isCompleted)
   at Microsoft.AspNetCore.Mvc.Internal.ControllerActionInvoker.InvokeInnerFilterAsync()
   at Microsoft.AspNetCore.Mvc.Internal.ResourceInvoker.InvokeNextExceptionFilterAsync()
16:55:59 ERROR - ::1
16:55:59 ERROR - System.NullReferenceException: Object reference not set to an instance of an object.
   at GD.API.Controllers.Questionnaire.QuestionnaireController.GetQuestionnaireInfoAsync(String questionnaireGuid) in D:\WorkProjects\MultiServices\trunk\BackEnd\Medical\MedicalManager\API\Controllers\Questionnaire\QuestionnaireController.cs:line 49
   at Microsoft.AspNetCore.Mvc.Internal.ActionMethodExecutor.TaskOfIActionResultExecutor.Execute(IActionResultTypeMapper mapper, ObjectMethodExecutor executor, Object controller, Object[] arguments)
   at Microsoft.AspNetCore.Mvc.Internal.ControllerActionInvoker.InvokeActionMethodAsync()
   at Microsoft.AspNetCore.Mvc.Internal.ControllerActionInvoker.InvokeNextActionFilterAsync()
   at Microsoft.AspNetCore.Mvc.Internal.ControllerActionInvoker.Rethrow(ActionExecutedContext context)
   at Microsoft.AspNetCore.Mvc.Internal.ControllerActionInvoker.Next(State& next, Scope& scope, Object& state, Boolean& isCompleted)
   at Microsoft.AspNetCore.Mvc.Internal.ControllerActionInvoker.InvokeInnerFilterAsync()
   at Microsoft.AspNetCore.Mvc.Internal.ResourceInvoker.InvokeNextExceptionFilterAsync()
17:28:07 ERROR - ::1
17:28:07 ERROR - System.ArgumentNullException: Value cannot be null.
Parameter name: source
   at System.Linq.Enumerable.ToList[TSource](IEnumerable`1 source)
   at GD.Manager.Health.HealthIndicatorBiz.GetHealthIndicators() in D:\WorkProjects\MultiServices\trunk\BackEnd\Medical\MedicalManager\Manager\Health\HealthIndicatorBiz.cs:line 367
   at GD.API.Controllers.Health.HealthIndicatorController.GetHealthIndicators() in D:\WorkProjects\MultiServices\trunk\BackEnd\Medical\MedicalManager\API\Controllers\Health\HealthIndicatorController.cs:line 262
   at Microsoft.AspNetCore.Mvc.Internal.ActionMethodExecutor.TaskOfIActionResultExecutor.Execute(IActionResultTypeMapper mapper, ObjectMethodExecutor executor, Object controller, Object[] arguments)
   at Microsoft.AspNetCore.Mvc.Internal.ControllerActionInvoker.InvokeActionMethodAsync()
   at Microsoft.AspNetCore.Mvc.Internal.ControllerActionInvoker.InvokeNextActionFilterAsync()
   at Microsoft.AspNetCore.Mvc.Internal.ControllerActionInvoker.Rethrow(ActionExecutedContext context)
   at Microsoft.AspNetCore.Mvc.Internal.ControllerActionInvoker.Next(State& next, Scope& scope, Object& state, Boolean& isCompleted)
   at Microsoft.AspNetCore.Mvc.Internal.ControllerActionInvoker.InvokeInnerFilterAsync()
   at Microsoft.AspNetCore.Mvc.Internal.ResourceInvoker.InvokeNextExceptionFilterAsync()
17:31:53 ERROR - ::1
17:31:53 ERROR - System.NullReferenceException: Object reference not set to an instance of an object.
   at GD.API.Controllers.Questionnaire.QuestionnaireController.GetQuestionnaireInfoAsync(String questionnaireGuid) in D:\WorkProjects\MultiServices\trunk\BackEnd\Medical\MedicalManager\API\Controllers\Questionnaire\QuestionnaireController.cs:line 49
   at Microsoft.AspNetCore.Mvc.Internal.ActionMethodExecutor.TaskOfIActionResultExecutor.Execute(IActionResultTypeMapper mapper, ObjectMethodExecutor executor, Object controller, Object[] arguments)
   at Microsoft.AspNetCore.Mvc.Internal.ControllerActionInvoker.InvokeActionMethodAsync()
   at Microsoft.AspNetCore.Mvc.Internal.ControllerActionInvoker.InvokeNextActionFilterAsync()
   at Microsoft.AspNetCore.Mvc.Internal.ControllerActionInvoker.Rethrow(ActionExecutedContext context)
   at Microsoft.AspNetCore.Mvc.Internal.ControllerActionInvoker.Next(State& next, Scope& scope, Object& state, Boolean& isCompleted)
   at Microsoft.AspNetCore.Mvc.Internal.ControllerActionInvoker.InvokeInnerFilterAsync()
   at Microsoft.AspNetCore.Mvc.Internal.ResourceInvoker.InvokeNextExceptionFilterAsync()
17:33:36 ERROR - ::1
17:33:36 ERROR - System.InvalidOperationException: Failed to compare two elements in the array. ---> System.ArgumentException: At least one object must implement IComparable.
   at System.Collections.Comparer.Compare(Object a, Object b)
   at System.Linq.EnumerableSorter`2.CompareAnyKeys(Int32 index1, Int32 index2)
   at System.Collections.Generic.ArraySortHelper`1.SwapIfGreater(T[] keys, Comparison`1 comparer, Int32 a, Int32 b)
   at System.Collections.Generic.ArraySortHelper`1.IntroSort(T[] keys, Int32 lo, Int32 hi, Int32 depthLimit, Comparison`1 comparer)
   at System.Collections.Generic.GenericArraySortHelper`1.Sort(T[] keys, Int32 index, Int32 length, IComparer`1 comparer)
   --- End of inner exception stack trace ---
   at System.Collections.Generic.GenericArraySortHelper`1.Sort(T[] keys, Int32 index, Int32 length, IComparer`1 comparer)
   at System.Array.Sort[T](T[] array, Int32 index, Int32 length, IComparer`1 comparer)
   at System.Linq.EnumerableSorter`2.QuickSort(Int32[] keys, Int32 lo, Int32 hi)
   at System.Linq.EnumerableSorter`1.Sort(TElement[] elements, Int32 count)
   at System.Linq.OrderedEnumerable`1.ToList()
   at System.Linq.Enumerable.ToList[TSource](IEnumerable`1 source)
   at GD.API.Controllers.Questionnaire.QuestionnaireController.<>c__DisplayClass3_0.<GetConumserQuestionnaireResultAsync>b__2(QuestionnaireResultDetailModel d, QuestionnaireQuestionModel q) in D:\WorkProjects\MultiServices\trunk\BackEnd\Medical\MedicalManager\API\Controllers\Questionnaire\QuestionnaireController.cs:line 113
   at System.Linq.Enumerable.JoinIterator[TOuter,TInner,TKey,TResult](IEnumerable`1 outer, IEnumerable`1 inner, Func`2 outerKeySelector, Func`2 innerKeySelector, Func`3 resultSelector, IEqualityComparer`1 comparer)+MoveNext()
   at System.Collections.Generic.EnumerableHelpers.ToArray[T](IEnumerable`1 source, Int32& length)
   at System.Linq.Buffer`1..ctor(IEnumerable`1 source)
   at System.Linq.OrderedEnumerable`1.ToList()
   at System.Linq.Enumerable.ToList[TSource](IEnumerable`1 source)
   at GD.API.Controllers.Questionnaire.QuestionnaireController.GetConumserQuestionnaireResultAsync(String resultGuid) in D:\WorkProjects\MultiServices\trunk\BackEnd\Medical\MedicalManager\API\Controllers\Questionnaire\QuestionnaireController.cs:line 108
   at Microsoft.AspNetCore.Mvc.Internal.ActionMethodExecutor.TaskOfIActionResultExecutor.Execute(IActionResultTypeMapper mapper, ObjectMethodExecutor executor, Object controller, Object[] arguments)
   at Microsoft.AspNetCore.Mvc.Internal.ControllerActionInvoker.InvokeActionMethodAsync()
   at Microsoft.AspNetCore.Mvc.Internal.ControllerActionInvoker.InvokeNextActionFilterAsync()
   at Microsoft.AspNetCore.Mvc.Internal.ControllerActionInvoker.Rethrow(ActionExecutedContext context)
   at Microsoft.AspNetCore.Mvc.Internal.ControllerActionInvoker.Next(State& next, Scope& scope, Object& state, Boolean& isCompleted)
   at Microsoft.AspNetCore.Mvc.Internal.ControllerActionInvoker.InvokeInnerFilterAsync()
   at Microsoft.AspNetCore.Mvc.Internal.ResourceInvoker.InvokeNextExceptionFilterAsync()
17:34:53 ERROR - ::1
17:34:53 ERROR - System.InvalidOperationException: Failed to compare two elements in the array. ---> System.ArgumentException: At least one object must implement IComparable.
   at System.Collections.Comparer.Compare(Object a, Object b)
   at System.Linq.EnumerableSorter`2.CompareAnyKeys(Int32 index1, Int32 index2)
   at System.Collections.Generic.ArraySortHelper`1.SwapIfGreater(T[] keys, Comparison`1 comparer, Int32 a, Int32 b)
   at System.Collections.Generic.ArraySortHelper`1.IntroSort(T[] keys, Int32 lo, Int32 hi, Int32 depthLimit, Comparison`1 comparer)
   at System.Collections.Generic.GenericArraySortHelper`1.Sort(T[] keys, Int32 index, Int32 length, IComparer`1 comparer)
   --- End of inner exception stack trace ---
   at System.Collections.Generic.GenericArraySortHelper`1.Sort(T[] keys, Int32 index, Int32 length, IComparer`1 comparer)
   at System.Array.Sort[T](T[] array, Int32 index, Int32 length, IComparer`1 comparer)
   at System.Linq.EnumerableSorter`2.QuickSort(Int32[] keys, Int32 lo, Int32 hi)
   at System.Linq.EnumerableSorter`1.Sort(TElement[] elements, Int32 count)
   at System.Linq.OrderedEnumerable`1.ToList()
   at System.Linq.Enumerable.ToList[TSource](IEnumerable`1 source)
   at GD.API.Controllers.Questionnaire.QuestionnaireController.<>c__DisplayClass3_0.<GetConumserQuestionnaireResultAsync>b__2(QuestionnaireResultDetailModel d, QuestionnaireQuestionModel q) in D:\WorkProjects\MultiServices\trunk\BackEnd\Medical\MedicalManager\API\Controllers\Questionnaire\QuestionnaireController.cs:line 113
   at System.Linq.Enumerable.JoinIterator[TOuter,TInner,TKey,TResult](IEnumerable`1 outer, IEnumerable`1 inner, Func`2 outerKeySelector, Func`2 innerKeySelector, Func`3 resultSelector, IEqualityComparer`1 comparer)+MoveNext()
   at System.Collections.Generic.EnumerableHelpers.ToArray[T](IEnumerable`1 source, Int32& length)
   at System.Linq.Buffer`1..ctor(IEnumerable`1 source)
   at System.Linq.OrderedEnumerable`1.ToList()
   at System.Linq.Enumerable.ToList[TSource](IEnumerable`1 source)
   at GD.API.Controllers.Questionnaire.QuestionnaireController.GetConumserQuestionnaireResultAsync(String resultGuid) in D:\WorkProjects\MultiServices\trunk\BackEnd\Medical\MedicalManager\API\Controllers\Questionnaire\QuestionnaireController.cs:line 108
   at Microsoft.AspNetCore.Mvc.Internal.ActionMethodExecutor.TaskOfIActionResultExecutor.Execute(IActionResultTypeMapper mapper, ObjectMethodExecutor executor, Object controller, Object[] arguments)
   at Microsoft.AspNetCore.Mvc.Internal.ControllerActionInvoker.InvokeActionMethodAsync()
   at Microsoft.AspNetCore.Mvc.Internal.ControllerActionInvoker.InvokeNextActionFilterAsync()
   at Microsoft.AspNetCore.Mvc.Internal.ControllerActionInvoker.Rethrow(ActionExecutedContext context)
   at Microsoft.AspNetCore.Mvc.Internal.ControllerActionInvoker.Next(State& next, Scope& scope, Object& state, Boolean& isCompleted)
   at Microsoft.AspNetCore.Mvc.Internal.ControllerActionInvoker.InvokeInnerFilterAsync()
   at Microsoft.AspNetCore.Mvc.Internal.ResourceInvoker.InvokeNextExceptionFilterAsync()
