11:53:38 ERROR - ::1
11:53:38 ERROR - System.TypeInitializationException: The type initializer for 'GD.Manager.Manager.DictionaryBiz' threw an exception. ---> System.TypeInitializationException: The type initializer for 'GD.DataAccess.RedisHelper' threw an exception. ---> StackExchange.Redis.RedisConnectionException: It was not possible to connect to the redis server(s). MISCONF Redis is configured to save RDB snapshots, but it is currently not able to persist on disk. Commands that may modify the data set are disabled, because this instance is configured to report errors during writes if RDB snapshotting fails (stop-writes-on-bgsave-error option). Please check the Redis logs for details about the RDB error.
   at StackExchange.Redis.ConnectionMultiplexer.ConnectImpl(Object configuration, TextWriter log) in C:\projects\stackexchange-redis\src\StackExchange.Redis\ConnectionMultiplexer.cs:line 955
   at GD.DataAccess.RedisHelper..cctor()
   --- End of inner exception stack trace ---
   at GD.DataAccess.RedisHelper.get_Database()
   at GD.Manager.Manager.DictionaryBiz.SetRedis(DictionaryModel model) in D:\WorkProjects\MultiServices\trunk\BackEnd\Medical\MedicalManager\Manager\Manager\DictionaryBiz.cs:line 39
   at GD.Manager.Manager.DictionaryBiz..cctor() in D:\WorkProjects\MultiServices\trunk\BackEnd\Medical\MedicalManager\Manager\Manager\DictionaryBiz.cs:line 28
   --- End of inner exception stack trace ---
   at GD.Manager.Manager.DictionaryBiz..ctor()
   at GD.API.Controllers.Doctor.DoctorController.GetDoctorJobTitlesAsync() in D:\WorkProjects\MultiServices\trunk\BackEnd\Medical\MedicalManager\API\Controllers\Doctor\DoctorController.cs:line 519
   at Microsoft.AspNetCore.Mvc.Internal.ActionMethodExecutor.TaskOfIActionResultExecutor.Execute(IActionResultTypeMapper mapper, ObjectMethodExecutor executor, Object controller, Object[] arguments)
   at Microsoft.AspNetCore.Mvc.Internal.ControllerActionInvoker.InvokeActionMethodAsync()
   at Microsoft.AspNetCore.Mvc.Internal.ControllerActionInvoker.InvokeNextActionFilterAsync()
   at Microsoft.AspNetCore.Mvc.Internal.ControllerActionInvoker.Rethrow(ActionExecutedContext context)
   at Microsoft.AspNetCore.Mvc.Internal.ControllerActionInvoker.Next(State& next, Scope& scope, Object& state, Boolean& isCompleted)
   at Microsoft.AspNetCore.Mvc.Internal.ControllerActionInvoker.InvokeInnerFilterAsync()
   at Microsoft.AspNetCore.Mvc.Internal.ResourceInvoker.InvokeNextExceptionFilterAsync()
11:53:42 ERROR - ::1
11:53:42 ERROR - System.TypeInitializationException: The type initializer for 'GD.Manager.Manager.DictionaryBiz' threw an exception. ---> System.TypeInitializationException: The type initializer for 'GD.DataAccess.RedisHelper' threw an exception. ---> StackExchange.Redis.RedisConnectionException: It was not possible to connect to the redis server(s). MISCONF Redis is configured to save RDB snapshots, but it is currently not able to persist on disk. Commands that may modify the data set are disabled, because this instance is configured to report errors during writes if RDB snapshotting fails (stop-writes-on-bgsave-error option). Please check the Redis logs for details about the RDB error.
   at StackExchange.Redis.ConnectionMultiplexer.ConnectImpl(Object configuration, TextWriter log) in C:\projects\stackexchange-redis\src\StackExchange.Redis\ConnectionMultiplexer.cs:line 955
   at GD.DataAccess.RedisHelper..cctor()
   --- End of inner exception stack trace ---
   at GD.DataAccess.RedisHelper.get_Database()
   at GD.Manager.Manager.DictionaryBiz.SetRedis(DictionaryModel model) in D:\WorkProjects\MultiServices\trunk\BackEnd\Medical\MedicalManager\Manager\Manager\DictionaryBiz.cs:line 39
   at GD.Manager.Manager.DictionaryBiz..cctor() in D:\WorkProjects\MultiServices\trunk\BackEnd\Medical\MedicalManager\Manager\Manager\DictionaryBiz.cs:line 28
   --- End of inner exception stack trace ---
   at GD.Manager.Manager.DictionaryBiz..ctor()
   at GD.API.Controllers.System.DictionaryController.GetMerchantDictionaryAsync() in D:\WorkProjects\MultiServices\trunk\BackEnd\Medical\MedicalManager\API\Controllers\System\DictionaryController.cs:line 107
   at Microsoft.AspNetCore.Mvc.Internal.ActionMethodExecutor.TaskOfIActionResultExecutor.Execute(IActionResultTypeMapper mapper, ObjectMethodExecutor executor, Object controller, Object[] arguments)
   at Microsoft.AspNetCore.Mvc.Internal.ControllerActionInvoker.InvokeActionMethodAsync()
   at Microsoft.AspNetCore.Mvc.Internal.ControllerActionInvoker.InvokeNextActionFilterAsync()
   at Microsoft.AspNetCore.Mvc.Internal.ControllerActionInvoker.Rethrow(ActionExecutedContext context)
   at Microsoft.AspNetCore.Mvc.Internal.ControllerActionInvoker.Next(State& next, Scope& scope, Object& state, Boolean& isCompleted)
   at Microsoft.AspNetCore.Mvc.Internal.ControllerActionInvoker.InvokeInnerFilterAsync()
   at Microsoft.AspNetCore.Mvc.Internal.ResourceInvoker.InvokeNextExceptionFilterAsync()
11:53:42 ERROR - ::1
11:53:42 ERROR - System.TypeInitializationException: The type initializer for 'GD.Manager.Manager.DictionaryBiz' threw an exception. ---> System.TypeInitializationException: The type initializer for 'GD.DataAccess.RedisHelper' threw an exception. ---> StackExchange.Redis.RedisConnectionException: It was not possible to connect to the redis server(s). MISCONF Redis is configured to save RDB snapshots, but it is currently not able to persist on disk. Commands that may modify the data set are disabled, because this instance is configured to report errors during writes if RDB snapshotting fails (stop-writes-on-bgsave-error option). Please check the Redis logs for details about the RDB error.
   at StackExchange.Redis.ConnectionMultiplexer.ConnectImpl(Object configuration, TextWriter log) in C:\projects\stackexchange-redis\src\StackExchange.Redis\ConnectionMultiplexer.cs:line 955
   at GD.DataAccess.RedisHelper..cctor()
   --- End of inner exception stack trace ---
   at GD.DataAccess.RedisHelper.get_Database()
   at GD.Manager.Manager.DictionaryBiz.SetRedis(DictionaryModel model) in D:\WorkProjects\MultiServices\trunk\BackEnd\Medical\MedicalManager\Manager\Manager\DictionaryBiz.cs:line 39
   at GD.Manager.Manager.DictionaryBiz..cctor() in D:\WorkProjects\MultiServices\trunk\BackEnd\Medical\MedicalManager\Manager\Manager\DictionaryBiz.cs:line 28
   --- End of inner exception stack trace ---
   at GD.Manager.Manager.DictionaryBiz..ctor()
   at GD.API.Controllers.Merchant.MerchantController.GetBusinessScopeListAsync() in D:\WorkProjects\MultiServices\trunk\BackEnd\Medical\MedicalManager\API\Controllers\Merchant\MerchantController.cs:line 175
   at Microsoft.AspNetCore.Mvc.Internal.ActionMethodExecutor.TaskOfIActionResultExecutor.Execute(IActionResultTypeMapper mapper, ObjectMethodExecutor executor, Object controller, Object[] arguments)
   at Microsoft.AspNetCore.Mvc.Internal.ControllerActionInvoker.InvokeActionMethodAsync()
   at Microsoft.AspNetCore.Mvc.Internal.ControllerActionInvoker.InvokeNextActionFilterAsync()
   at Microsoft.AspNetCore.Mvc.Internal.ControllerActionInvoker.Rethrow(ActionExecutedContext context)
   at Microsoft.AspNetCore.Mvc.Internal.ControllerActionInvoker.Next(State& next, Scope& scope, Object& state, Boolean& isCompleted)
   at Microsoft.AspNetCore.Mvc.Internal.ControllerActionInvoker.InvokeInnerFilterAsync()
   at Microsoft.AspNetCore.Mvc.Internal.ResourceInvoker.InvokeNextExceptionFilterAsync()
13:56:56 ERROR - ::1
13:56:56 ERROR - System.TypeInitializationException: The type initializer for 'GD.Manager.Manager.DictionaryBiz' threw an exception. ---> System.TypeInitializationException: The type initializer for 'GD.DataAccess.RedisHelper' threw an exception. ---> StackExchange.Redis.RedisConnectionException: It was not possible to connect to the redis server(s). MISCONF Redis is configured to save RDB snapshots, but it is currently not able to persist on disk. Commands that may modify the data set are disabled, because this instance is configured to report errors during writes if RDB snapshotting fails (stop-writes-on-bgsave-error option). Please check the Redis logs for details about the RDB error.
   at StackExchange.Redis.ConnectionMultiplexer.ConnectImpl(Object configuration, TextWriter log) in C:\projects\stackexchange-redis\src\StackExchange.Redis\ConnectionMultiplexer.cs:line 955
   at GD.DataAccess.RedisHelper..cctor()
   --- End of inner exception stack trace ---
   at GD.DataAccess.RedisHelper.get_Database()
   at GD.Manager.Manager.DictionaryBiz.SetRedis(DictionaryModel model) in D:\WorkProjects\MultiServices\trunk\BackEnd\Medical\MedicalManager\Manager\Manager\DictionaryBiz.cs:line 39
   at GD.Manager.Manager.DictionaryBiz..cctor() in D:\WorkProjects\MultiServices\trunk\BackEnd\Medical\MedicalManager\Manager\Manager\DictionaryBiz.cs:line 28
   --- End of inner exception stack trace ---
   at GD.Manager.Manager.DictionaryBiz..ctor()
   at GD.API.Controllers.Utility.ArticleController.GetArticleTypeAsync() in D:\WorkProjects\MultiServices\trunk\BackEnd\Medical\MedicalManager\API\Controllers\Utility\ArticleController.cs:line 40
   at Microsoft.AspNetCore.Mvc.Internal.ActionMethodExecutor.TaskOfIActionResultExecutor.Execute(IActionResultTypeMapper mapper, ObjectMethodExecutor executor, Object controller, Object[] arguments)
   at Microsoft.AspNetCore.Mvc.Internal.ControllerActionInvoker.InvokeActionMethodAsync()
   at Microsoft.AspNetCore.Mvc.Internal.ControllerActionInvoker.InvokeNextActionFilterAsync()
   at Microsoft.AspNetCore.Mvc.Internal.ControllerActionInvoker.Rethrow(ActionExecutedContext context)
   at Microsoft.AspNetCore.Mvc.Internal.ControllerActionInvoker.Next(State& next, Scope& scope, Object& state, Boolean& isCompleted)
   at Microsoft.AspNetCore.Mvc.Internal.ControllerActionInvoker.InvokeInnerFilterAsync()
   at Microsoft.AspNetCore.Mvc.Internal.ResourceInvoker.InvokeNextExceptionFilterAsync()
13:57:00 ERROR - ::1
13:57:00 ERROR - System.TypeInitializationException: The type initializer for 'GD.Manager.Manager.DictionaryBiz' threw an exception. ---> System.TypeInitializationException: The type initializer for 'GD.DataAccess.RedisHelper' threw an exception. ---> StackExchange.Redis.RedisConnectionException: It was not possible to connect to the redis server(s). MISCONF Redis is configured to save RDB snapshots, but it is currently not able to persist on disk. Commands that may modify the data set are disabled, because this instance is configured to report errors during writes if RDB snapshotting fails (stop-writes-on-bgsave-error option). Please check the Redis logs for details about the RDB error.
   at StackExchange.Redis.ConnectionMultiplexer.ConnectImpl(Object configuration, TextWriter log) in C:\projects\stackexchange-redis\src\StackExchange.Redis\ConnectionMultiplexer.cs:line 955
   at GD.DataAccess.RedisHelper..cctor()
   --- End of inner exception stack trace ---
   at GD.DataAccess.RedisHelper.get_Database()
   at GD.Manager.Manager.DictionaryBiz.SetRedis(DictionaryModel model) in D:\WorkProjects\MultiServices\trunk\BackEnd\Medical\MedicalManager\Manager\Manager\DictionaryBiz.cs:line 39
   at GD.Manager.Manager.DictionaryBiz..cctor() in D:\WorkProjects\MultiServices\trunk\BackEnd\Medical\MedicalManager\Manager\Manager\DictionaryBiz.cs:line 28
   --- End of inner exception stack trace ---
   at GD.Manager.Manager.DictionaryBiz..ctor()
   at GD.API.Controllers.Utility.ArticleController.GetArticleTypeAsync() in D:\WorkProjects\MultiServices\trunk\BackEnd\Medical\MedicalManager\API\Controllers\Utility\ArticleController.cs:line 40
   at Microsoft.AspNetCore.Mvc.Internal.ActionMethodExecutor.TaskOfIActionResultExecutor.Execute(IActionResultTypeMapper mapper, ObjectMethodExecutor executor, Object controller, Object[] arguments)
   at Microsoft.AspNetCore.Mvc.Internal.ControllerActionInvoker.InvokeActionMethodAsync()
   at Microsoft.AspNetCore.Mvc.Internal.ControllerActionInvoker.InvokeNextActionFilterAsync()
   at Microsoft.AspNetCore.Mvc.Internal.ControllerActionInvoker.Rethrow(ActionExecutedContext context)
   at Microsoft.AspNetCore.Mvc.Internal.ControllerActionInvoker.Next(State& next, Scope& scope, Object& state, Boolean& isCompleted)
   at Microsoft.AspNetCore.Mvc.Internal.ControllerActionInvoker.InvokeInnerFilterAsync()
   at Microsoft.AspNetCore.Mvc.Internal.ResourceInvoker.InvokeNextExceptionFilterAsync()
13:57:05 ERROR - ::1
13:57:05 ERROR - System.TypeInitializationException: The type initializer for 'GD.Manager.Manager.DictionaryBiz' threw an exception. ---> System.TypeInitializationException: The type initializer for 'GD.DataAccess.RedisHelper' threw an exception. ---> StackExchange.Redis.RedisConnectionException: It was not possible to connect to the redis server(s). MISCONF Redis is configured to save RDB snapshots, but it is currently not able to persist on disk. Commands that may modify the data set are disabled, because this instance is configured to report errors during writes if RDB snapshotting fails (stop-writes-on-bgsave-error option). Please check the Redis logs for details about the RDB error.
   at StackExchange.Redis.ConnectionMultiplexer.ConnectImpl(Object configuration, TextWriter log) in C:\projects\stackexchange-redis\src\StackExchange.Redis\ConnectionMultiplexer.cs:line 955
   at GD.DataAccess.RedisHelper..cctor()
   --- End of inner exception stack trace ---
   at GD.DataAccess.RedisHelper.get_Database()
   at GD.Manager.Manager.DictionaryBiz.SetRedis(DictionaryModel model) in D:\WorkProjects\MultiServices\trunk\BackEnd\Medical\MedicalManager\Manager\Manager\DictionaryBiz.cs:line 39
   at GD.Manager.Manager.DictionaryBiz..cctor() in D:\WorkProjects\MultiServices\trunk\BackEnd\Medical\MedicalManager\Manager\Manager\DictionaryBiz.cs:line 28
   --- End of inner exception stack trace ---
   at GD.Manager.Manager.DictionaryBiz..ctor()
   at GD.API.Controllers.Utility.ArticleController.GetArticleTypeAsync() in D:\WorkProjects\MultiServices\trunk\BackEnd\Medical\MedicalManager\API\Controllers\Utility\ArticleController.cs:line 40
   at Microsoft.AspNetCore.Mvc.Internal.ActionMethodExecutor.TaskOfIActionResultExecutor.Execute(IActionResultTypeMapper mapper, ObjectMethodExecutor executor, Object controller, Object[] arguments)
   at Microsoft.AspNetCore.Mvc.Internal.ControllerActionInvoker.InvokeActionMethodAsync()
   at Microsoft.AspNetCore.Mvc.Internal.ControllerActionInvoker.InvokeNextActionFilterAsync()
   at Microsoft.AspNetCore.Mvc.Internal.ControllerActionInvoker.Rethrow(ActionExecutedContext context)
   at Microsoft.AspNetCore.Mvc.Internal.ControllerActionInvoker.Next(State& next, Scope& scope, Object& state, Boolean& isCompleted)
   at Microsoft.AspNetCore.Mvc.Internal.ControllerActionInvoker.InvokeInnerFilterAsync()
   at Microsoft.AspNetCore.Mvc.Internal.ResourceInvoker.InvokeNextExceptionFilterAsync()
13:57:22 ERROR - ::1
13:57:22 ERROR - System.TypeInitializationException: The type initializer for 'GD.Manager.Manager.DictionaryBiz' threw an exception. ---> System.TypeInitializationException: The type initializer for 'GD.DataAccess.RedisHelper' threw an exception. ---> StackExchange.Redis.RedisConnectionException: It was not possible to connect to the redis server(s). MISCONF Redis is configured to save RDB snapshots, but it is currently not able to persist on disk. Commands that may modify the data set are disabled, because this instance is configured to report errors during writes if RDB snapshotting fails (stop-writes-on-bgsave-error option). Please check the Redis logs for details about the RDB error.
   at StackExchange.Redis.ConnectionMultiplexer.ConnectImpl(Object configuration, TextWriter log) in C:\projects\stackexchange-redis\src\StackExchange.Redis\ConnectionMultiplexer.cs:line 955
   at GD.DataAccess.RedisHelper..cctor()
   --- End of inner exception stack trace ---
   at GD.DataAccess.RedisHelper.get_Database()
   at GD.Manager.Manager.DictionaryBiz.SetRedis(DictionaryModel model) in D:\WorkProjects\MultiServices\trunk\BackEnd\Medical\MedicalManager\Manager\Manager\DictionaryBiz.cs:line 39
   at GD.Manager.Manager.DictionaryBiz..cctor() in D:\WorkProjects\MultiServices\trunk\BackEnd\Medical\MedicalManager\Manager\Manager\DictionaryBiz.cs:line 28
   --- End of inner exception stack trace ---
   at GD.Manager.Manager.DictionaryBiz..ctor()
   at GD.API.Controllers.Utility.ArticleController.GetArticleTypeAsync() in D:\WorkProjects\MultiServices\trunk\BackEnd\Medical\MedicalManager\API\Controllers\Utility\ArticleController.cs:line 40
   at Microsoft.AspNetCore.Mvc.Internal.ActionMethodExecutor.TaskOfIActionResultExecutor.Execute(IActionResultTypeMapper mapper, ObjectMethodExecutor executor, Object controller, Object[] arguments)
   at Microsoft.AspNetCore.Mvc.Internal.ControllerActionInvoker.InvokeActionMethodAsync()
   at Microsoft.AspNetCore.Mvc.Internal.ControllerActionInvoker.InvokeNextActionFilterAsync()
   at Microsoft.AspNetCore.Mvc.Internal.ControllerActionInvoker.Rethrow(ActionExecutedContext context)
   at Microsoft.AspNetCore.Mvc.Internal.ControllerActionInvoker.Next(State& next, Scope& scope, Object& state, Boolean& isCompleted)
   at Microsoft.AspNetCore.Mvc.Internal.ControllerActionInvoker.InvokeInnerFilterAsync()
   at Microsoft.AspNetCore.Mvc.Internal.ResourceInvoker.InvokeNextExceptionFilterAsync()
13:57:46 ERROR - ::1
13:57:46 ERROR - System.TypeInitializationException: The type initializer for 'GD.Manager.Manager.DictionaryBiz' threw an exception. ---> System.TypeInitializationException: The type initializer for 'GD.DataAccess.RedisHelper' threw an exception. ---> StackExchange.Redis.RedisConnectionException: It was not possible to connect to the redis server(s). MISCONF Redis is configured to save RDB snapshots, but it is currently not able to persist on disk. Commands that may modify the data set are disabled, because this instance is configured to report errors during writes if RDB snapshotting fails (stop-writes-on-bgsave-error option). Please check the Redis logs for details about the RDB error.
   at StackExchange.Redis.ConnectionMultiplexer.ConnectImpl(Object configuration, TextWriter log) in C:\projects\stackexchange-redis\src\StackExchange.Redis\ConnectionMultiplexer.cs:line 955
   at GD.DataAccess.RedisHelper..cctor()
   --- End of inner exception stack trace ---
   at GD.DataAccess.RedisHelper.get_Database()
   at GD.Manager.Manager.DictionaryBiz.SetRedis(DictionaryModel model) in D:\WorkProjects\MultiServices\trunk\BackEnd\Medical\MedicalManager\Manager\Manager\DictionaryBiz.cs:line 39
   at GD.Manager.Manager.DictionaryBiz..cctor() in D:\WorkProjects\MultiServices\trunk\BackEnd\Medical\MedicalManager\Manager\Manager\DictionaryBiz.cs:line 28
   --- End of inner exception stack trace ---
   at GD.Manager.Manager.DictionaryBiz..ctor()
   at GD.API.Controllers.Utility.ArticleController.GetArticleTypeAsync() in D:\WorkProjects\MultiServices\trunk\BackEnd\Medical\MedicalManager\API\Controllers\Utility\ArticleController.cs:line 40
   at Microsoft.AspNetCore.Mvc.Internal.ActionMethodExecutor.TaskOfIActionResultExecutor.Execute(IActionResultTypeMapper mapper, ObjectMethodExecutor executor, Object controller, Object[] arguments)
   at Microsoft.AspNetCore.Mvc.Internal.ControllerActionInvoker.InvokeActionMethodAsync()
   at Microsoft.AspNetCore.Mvc.Internal.ControllerActionInvoker.InvokeNextActionFilterAsync()
   at Microsoft.AspNetCore.Mvc.Internal.ControllerActionInvoker.Rethrow(ActionExecutedContext context)
   at Microsoft.AspNetCore.Mvc.Internal.ControllerActionInvoker.Next(State& next, Scope& scope, Object& state, Boolean& isCompleted)
   at Microsoft.AspNetCore.Mvc.Internal.ControllerActionInvoker.InvokeInnerFilterAsync()
   at Microsoft.AspNetCore.Mvc.Internal.ResourceInvoker.InvokeNextExceptionFilterAsync()
13:58:50 ERROR - ::1
13:58:50 ERROR - System.TypeInitializationException: The type initializer for 'GD.Manager.Manager.DictionaryBiz' threw an exception. ---> System.TypeInitializationException: The type initializer for 'GD.DataAccess.RedisHelper' threw an exception. ---> StackExchange.Redis.RedisConnectionException: It was not possible to connect to the redis server(s). MISCONF Redis is configured to save RDB snapshots, but it is currently not able to persist on disk. Commands that may modify the data set are disabled, because this instance is configured to report errors during writes if RDB snapshotting fails (stop-writes-on-bgsave-error option). Please check the Redis logs for details about the RDB error.
   at StackExchange.Redis.ConnectionMultiplexer.ConnectImpl(Object configuration, TextWriter log) in C:\projects\stackexchange-redis\src\StackExchange.Redis\ConnectionMultiplexer.cs:line 955
   at GD.DataAccess.RedisHelper..cctor()
   --- End of inner exception stack trace ---
   at GD.DataAccess.RedisHelper.get_Database()
   at GD.Manager.Manager.DictionaryBiz.SetRedis(DictionaryModel model) in D:\WorkProjects\MultiServices\trunk\BackEnd\Medical\MedicalManager\Manager\Manager\DictionaryBiz.cs:line 39
   at GD.Manager.Manager.DictionaryBiz..cctor() in D:\WorkProjects\MultiServices\trunk\BackEnd\Medical\MedicalManager\Manager\Manager\DictionaryBiz.cs:line 28
   --- End of inner exception stack trace ---
   at GD.Manager.Manager.DictionaryBiz..ctor()
   at GD.API.Controllers.Utility.ArticleController.GetArticleTypeAsync() in D:\WorkProjects\MultiServices\trunk\BackEnd\Medical\MedicalManager\API\Controllers\Utility\ArticleController.cs:line 40
   at Microsoft.AspNetCore.Mvc.Internal.ActionMethodExecutor.TaskOfIActionResultExecutor.Execute(IActionResultTypeMapper mapper, ObjectMethodExecutor executor, Object controller, Object[] arguments)
   at Microsoft.AspNetCore.Mvc.Internal.ControllerActionInvoker.InvokeActionMethodAsync()
   at Microsoft.AspNetCore.Mvc.Internal.ControllerActionInvoker.InvokeNextActionFilterAsync()
   at Microsoft.AspNetCore.Mvc.Internal.ControllerActionInvoker.Rethrow(ActionExecutedContext context)
   at Microsoft.AspNetCore.Mvc.Internal.ControllerActionInvoker.Next(State& next, Scope& scope, Object& state, Boolean& isCompleted)
   at Microsoft.AspNetCore.Mvc.Internal.ControllerActionInvoker.InvokeInnerFilterAsync()
   at Microsoft.AspNetCore.Mvc.Internal.ResourceInvoker.InvokeNextExceptionFilterAsync()
