11:27:58 ERROR - ::1
11:27:58 ERROR - System.InvalidOperationException: Misused header name. Make sure request headers are used with HttpRequestMessage, response headers with HttpResponseMessage, and content headers with HttpContent objects.
   at System.Net.Http.Headers.HttpHeaders.GetHeaderDescriptor(String name)
   at System.Net.Http.Headers.HttpHeaders.Add(String name, String value)
   at GD.API.Controllers.System.DictionaryController.SaveFaqsSetting2Async() in D:\WorkProjects\MultiServices\trunk\BackEnd\Medical\MedicalManager\API\Controllers\System\DictionaryController.cs:line 431
   at Microsoft.AspNetCore.Mvc.Internal.ActionMethodExecutor.TaskOfIActionResultExecutor.Execute(IActionResultTypeMapper mapper, ObjectMethodExecutor executor, Object controller, Object[] arguments)
   at Microsoft.AspNetCore.Mvc.Internal.ControllerActionInvoker.InvokeActionMethodAsync()
   at Microsoft.AspNetCore.Mvc.Internal.ControllerActionInvoker.InvokeNextActionFilterAsync()
   at Microsoft.AspNetCore.Mvc.Internal.ControllerActionInvoker.Rethrow(ActionExecutedContext context)
   at Microsoft.AspNetCore.Mvc.Internal.ControllerActionInvoker.Next(State& next, Scope& scope, Object& state, Boolean& isCompleted)
   at Microsoft.AspNetCore.Mvc.Internal.ControllerActionInvoker.InvokeInnerFilterAsync()
   at Microsoft.AspNetCore.Mvc.Internal.ResourceInvoker.InvokeNextExceptionFilterAsync()
11:28:12 ERROR - ::1
11:28:12 ERROR - System.InvalidOperationException: Misused header name. Make sure request headers are used with HttpRequestMessage, response headers with HttpResponseMessage, and content headers with HttpContent objects.
   at System.Net.Http.Headers.HttpHeaders.GetHeaderDescriptor(String name)
   at System.Net.Http.Headers.HttpHeaders.Add(String name, String value)
   at GD.API.Controllers.System.DictionaryController.SaveFaqsSetting2Async() in D:\WorkProjects\MultiServices\trunk\BackEnd\Medical\MedicalManager\API\Controllers\System\DictionaryController.cs:line 431
   at Microsoft.AspNetCore.Mvc.Internal.ActionMethodExecutor.TaskOfIActionResultExecutor.Execute(IActionResultTypeMapper mapper, ObjectMethodExecutor executor, Object controller, Object[] arguments)
   at Microsoft.AspNetCore.Mvc.Internal.ControllerActionInvoker.InvokeActionMethodAsync()
   at Microsoft.AspNetCore.Mvc.Internal.ControllerActionInvoker.InvokeNextActionFilterAsync()
   at Microsoft.AspNetCore.Mvc.Internal.ControllerActionInvoker.Rethrow(ActionExecutedContext context)
   at Microsoft.AspNetCore.Mvc.Internal.ControllerActionInvoker.Next(State& next, Scope& scope, Object& state, Boolean& isCompleted)
   at Microsoft.AspNetCore.Mvc.Internal.ControllerActionInvoker.InvokeInnerFilterAsync()
   at Microsoft.AspNetCore.Mvc.Internal.ResourceInvoker.InvokeNextExceptionFilterAsync()
11:28:28 ERROR - ::1
11:28:28 ERROR - System.InvalidOperationException: Misused header name. Make sure request headers are used with HttpRequestMessage, response headers with HttpResponseMessage, and content headers with HttpContent objects.
   at System.Net.Http.Headers.HttpHeaders.GetHeaderDescriptor(String name)
   at System.Net.Http.Headers.HttpHeaders.Add(String name, String value)
   at GD.API.Controllers.System.DictionaryController.SaveFaqsSetting2Async() in D:\WorkProjects\MultiServices\trunk\BackEnd\Medical\MedicalManager\API\Controllers\System\DictionaryController.cs:line 431
   at Microsoft.AspNetCore.Mvc.Internal.ActionMethodExecutor.TaskOfIActionResultExecutor.Execute(IActionResultTypeMapper mapper, ObjectMethodExecutor executor, Object controller, Object[] arguments)
   at Microsoft.AspNetCore.Mvc.Internal.ControllerActionInvoker.InvokeActionMethodAsync()
   at Microsoft.AspNetCore.Mvc.Internal.ControllerActionInvoker.InvokeNextActionFilterAsync()
   at Microsoft.AspNetCore.Mvc.Internal.ControllerActionInvoker.Rethrow(ActionExecutedContext context)
   at Microsoft.AspNetCore.Mvc.Internal.ControllerActionInvoker.Next(State& next, Scope& scope, Object& state, Boolean& isCompleted)
   at Microsoft.AspNetCore.Mvc.Internal.ControllerActionInvoker.InvokeInnerFilterAsync()
   at Microsoft.AspNetCore.Mvc.Internal.ResourceInvoker.InvokeNextExceptionFilterAsync()
11:29:19 ERROR - ::1
11:29:19 ERROR - System.InvalidOperationException: Misused header name. Make sure request headers are used with HttpRequestMessage, response headers with HttpResponseMessage, and content headers with HttpContent objects.
   at System.Net.Http.Headers.HttpHeaders.GetHeaderDescriptor(String name)
   at System.Net.Http.Headers.HttpHeaders.Add(String name, String value)
   at GD.API.Controllers.System.DictionaryController.SaveFaqsSetting2Async() in D:\WorkProjects\MultiServices\trunk\BackEnd\Medical\MedicalManager\API\Controllers\System\DictionaryController.cs:line 431
   at Microsoft.AspNetCore.Mvc.Internal.ActionMethodExecutor.TaskOfIActionResultExecutor.Execute(IActionResultTypeMapper mapper, ObjectMethodExecutor executor, Object controller, Object[] arguments)
   at Microsoft.AspNetCore.Mvc.Internal.ControllerActionInvoker.InvokeActionMethodAsync()
   at Microsoft.AspNetCore.Mvc.Internal.ControllerActionInvoker.InvokeNextActionFilterAsync()
   at Microsoft.AspNetCore.Mvc.Internal.ControllerActionInvoker.Rethrow(ActionExecutedContext context)
   at Microsoft.AspNetCore.Mvc.Internal.ControllerActionInvoker.Next(State& next, Scope& scope, Object& state, Boolean& isCompleted)
   at Microsoft.AspNetCore.Mvc.Internal.ControllerActionInvoker.InvokeInnerFilterAsync()
   at Microsoft.AspNetCore.Mvc.Internal.ResourceInvoker.InvokeNextExceptionFilterAsync()
